2022-07-23 19:00:15,930 INFO: Create train dataset successfully!
2022-07-23 19:00:15,931 INFO: Training: [1000] iterations for each epoch
2022-07-23 19:00:15,931 INFO: Create val dataset successfully!
2022-07-23 19:00:15,931 INFO: Validating: [100] iterations for each epoch
2022-07-23 19:00:15,931 INFO: Preparing for experiment: [trial15_qat]
2022-07-23 19:00:15,931 INFO: Loading pretrained model ...
2022-07-23 19:00:16,791 INFO: Start copying weights and annotate Lambda layer...
2022-07-23 19:00:16,846 INFO: Start annotating other parts of model...
2022-07-23 19:00:16,871 INFO: Creating quantize-aware model...
2022-07-23 19:00:17,983 INFO: Create model successfully! Params: [34.79]K
2022-07-23 19:00:17,983 INFO: Model: "model"
2022-07-23 19:00:17,983 INFO: _________________________________________________________________
2022-07-23 19:00:17,983 INFO: Layer (type)                 Output Shape              Param #   
2022-07-23 19:00:17,983 INFO: =================================================================
2022-07-23 19:00:17,983 INFO: input_1 (InputLayer)         [(None, None, None, 3)]   0         
2022-07-23 19:00:17,983 INFO: _________________________________________________________________
2022-07-23 19:00:17,983 INFO: quantize_layer (QuantizeLaye (None, None, None, 3)     3         
2022-07-23 19:00:17,983 INFO: _________________________________________________________________
2022-07-23 19:00:17,983 INFO: quant_conv2d (QuantizeWrappe (None, None, None, 31)    933       
2022-07-23 19:00:17,983 INFO: _________________________________________________________________
2022-07-23 19:00:17,983 INFO: quant_conv2d_1 (QuantizeWrap (None, None, None, 31)    8745      
2022-07-23 19:00:17,984 INFO: _________________________________________________________________
2022-07-23 19:00:17,984 INFO: quant_conv2d_2 (QuantizeWrap (None, None, None, 31)    8745      
2022-07-23 19:00:17,984 INFO: _________________________________________________________________
2022-07-23 19:00:17,984 INFO: quant_conv2d_3 (QuantizeWrap (None, None, None, 31)    8745      
2022-07-23 19:00:17,984 INFO: _________________________________________________________________
2022-07-23 19:00:17,984 INFO: quant_conv2d_4 (QuantizeWrap (None, None, None, 27)    7617      
2022-07-23 19:00:17,984 INFO: _________________________________________________________________
2022-07-23 19:00:17,984 INFO: quant_lambda (QuantizeWrappe (None, None, None, 3)     1         
2022-07-23 19:00:17,984 INFO: =================================================================
2022-07-23 19:00:17,984 INFO: Total params: 34,789
2022-07-23 19:00:17,985 INFO: Trainable params: 34,468
2022-07-23 19:00:17,985 INFO: Non-trainable params: 321
2022-07-23 19:00:17,985 INFO: _________________________________________________________________
2022-07-23 19:00:17,986 INFO: Start training...
2022-07-23 19:01:12,072 INFO: Epoch: 1 | PSNR: 13.2745 | Loss: 81.9176 | lr: 1.00e-04 | Best_PSNR: 13.2745 | max_value: 89.53482818603516 in Epoch [1]
2022-07-23 19:02:00,153 INFO: Epoch: 2 | PSNR: 27.1096 | Loss: 19.6082 | lr: 1.00e-04 | Best_PSNR: 27.1096 | max_value: 212.8112030029297 in Epoch [2]
2022-07-23 19:02:46,019 INFO: Epoch: 3 | PSNR: 28.4177 | Loss: 6.2405 | lr: 1.00e-04 | Best_PSNR: 28.4177 | max_value: 255.0 in Epoch [3]
2022-07-23 19:03:32,013 INFO: Epoch: 4 | PSNR: 29.0283 | Loss: 5.9074 | lr: 1.00e-04 | Best_PSNR: 29.0283 | max_value: 255.0 in Epoch [4]
2022-07-23 19:04:15,814 INFO: Epoch: 5 | PSNR: 29.3279 | Loss: 5.8595 | lr: 1.00e-04 | Best_PSNR: 29.3279 | max_value: 255.0 in Epoch [5]
2022-07-23 19:04:59,938 INFO: Epoch: 6 | PSNR: 29.8007 | Loss: 5.7842 | lr: 1.00e-04 | Best_PSNR: 29.8007 | max_value: 255.0 in Epoch [6]
2022-07-23 19:05:49,176 INFO: Epoch: 7 | PSNR: 29.6467 | Loss: 5.8886 | lr: 1.00e-04 | Best_PSNR: 29.8007 | max_value: 255.0 in Epoch [6]
2022-07-23 19:06:35,828 INFO: Epoch: 8 | PSNR: 29.7702 | Loss: 5.9147 | lr: 1.00e-04 | Best_PSNR: 29.8007 | max_value: 255.0 in Epoch [6]
2022-07-23 19:07:18,760 INFO: Epoch: 9 | PSNR: 29.4970 | Loss: 5.8539 | lr: 1.00e-04 | Best_PSNR: 29.8007 | max_value: 255.0 in Epoch [6]
2022-07-23 19:08:00,495 INFO: Epoch: 10 | PSNR: 29.5081 | Loss: 5.9545 | lr: 1.00e-04 | Best_PSNR: 29.8007 | max_value: 255.0 in Epoch [6]
2022-07-23 19:08:42,830 INFO: Epoch: 11 | PSNR: 29.4288 | Loss: 5.9756 | lr: 1.00e-04 | Best_PSNR: 29.8007 | max_value: 255.0 in Epoch [6]
2022-07-23 19:09:24,159 INFO: Epoch: 12 | PSNR: 29.5818 | Loss: 5.9191 | lr: 1.00e-04 | Best_PSNR: 29.8007 | max_value: 255.0 in Epoch [6]
2022-07-23 19:10:05,629 INFO: Epoch: 13 | PSNR: 29.5999 | Loss: 5.9416 | lr: 1.00e-04 | Best_PSNR: 29.8007 | max_value: 255.0 in Epoch [6]
2022-07-23 19:10:47,928 INFO: Epoch: 14 | PSNR: 29.6566 | Loss: 5.9174 | lr: 1.00e-04 | Best_PSNR: 29.8007 | max_value: 255.0 in Epoch [6]
2022-07-23 19:11:30,332 INFO: Epoch: 15 | PSNR: 29.6669 | Loss: 5.8586 | lr: 1.00e-04 | Best_PSNR: 29.8007 | max_value: 255.0 in Epoch [6]
2022-07-23 19:12:13,057 INFO: Epoch: 16 | PSNR: 29.6271 | Loss: 5.8997 | lr: 1.00e-04 | Best_PSNR: 29.8007 | max_value: 255.0 in Epoch [6]
2022-07-23 19:12:55,158 INFO: Epoch: 17 | PSNR: 29.6672 | Loss: 5.8456 | lr: 1.00e-04 | Best_PSNR: 29.8007 | max_value: 255.0 in Epoch [6]
2022-07-23 19:13:37,438 INFO: Epoch: 18 | PSNR: 29.7275 | Loss: 5.8087 | lr: 1.00e-04 | Best_PSNR: 29.8007 | max_value: 255.0 in Epoch [6]
2022-07-23 19:14:19,931 INFO: Epoch: 19 | PSNR: 29.6128 | Loss: 5.8132 | lr: 1.00e-04 | Best_PSNR: 29.8007 | max_value: 255.0 in Epoch [6]
2022-07-23 19:15:02,502 INFO: Epoch: 20 | PSNR: 29.7192 | Loss: 5.8379 | lr: 1.00e-04 | Best_PSNR: 29.8007 | max_value: 255.0 in Epoch [6]
2022-07-23 19:15:44,861 INFO: Epoch: 21 | PSNR: 29.3810 | Loss: 5.9146 | lr: 1.00e-04 | Best_PSNR: 29.8007 | max_value: 255.0 in Epoch [6]
2022-07-23 19:16:27,649 INFO: Epoch: 22 | PSNR: 29.5357 | Loss: 5.8123 | lr: 1.00e-04 | Best_PSNR: 29.8007 | max_value: 255.0 in Epoch [6]
2022-07-23 19:17:09,891 INFO: Epoch: 23 | PSNR: 29.7126 | Loss: 5.8896 | lr: 1.00e-04 | Best_PSNR: 29.8007 | max_value: 255.0 in Epoch [6]
2022-07-23 19:17:51,792 INFO: Epoch: 24 | PSNR: 29.7795 | Loss: 5.8355 | lr: 1.00e-04 | Best_PSNR: 29.8007 | max_value: 255.0 in Epoch [6]
2022-07-23 19:18:33,713 INFO: Epoch: 25 | PSNR: 29.3928 | Loss: 5.9258 | lr: 1.00e-04 | Best_PSNR: 29.8007 | max_value: 255.0 in Epoch [6]
2022-07-23 19:19:16,448 INFO: Epoch: 26 | PSNR: 29.4786 | Loss: 6.0202 | lr: 1.00e-04 | Best_PSNR: 29.8007 | max_value: 255.0 in Epoch [6]
2022-07-23 19:19:57,642 INFO: Epoch: 27 | PSNR: 29.6524 | Loss: 5.9169 | lr: 1.00e-04 | Best_PSNR: 29.8007 | max_value: 255.0 in Epoch [6]
2022-07-23 19:20:39,270 INFO: Epoch: 28 | PSNR: 29.2016 | Loss: 5.9693 | lr: 1.00e-04 | Best_PSNR: 29.8007 | max_value: 255.0 in Epoch [6]
2022-07-23 19:21:21,430 INFO: Epoch: 29 | PSNR: 29.3133 | Loss: 5.7865 | lr: 1.00e-04 | Best_PSNR: 29.8007 | max_value: 255.0 in Epoch [6]
2022-07-23 19:22:03,668 INFO: Epoch: 30 | PSNR: 29.1841 | Loss: 5.9012 | lr: 1.00e-04 | Best_PSNR: 29.8007 | max_value: 255.0 in Epoch [6]
2022-07-23 19:22:44,692 INFO: Epoch: 31 | PSNR: 29.7314 | Loss: 5.9562 | lr: 1.00e-04 | Best_PSNR: 29.8007 | max_value: 255.0 in Epoch [6]
2022-07-23 19:23:27,140 INFO: Epoch: 32 | PSNR: 29.7274 | Loss: 5.9217 | lr: 1.00e-04 | Best_PSNR: 29.8007 | max_value: 255.0 in Epoch [6]
2022-07-23 19:24:08,172 INFO: Epoch: 33 | PSNR: 29.6489 | Loss: 6.0369 | lr: 1.00e-04 | Best_PSNR: 29.8007 | max_value: 255.0 in Epoch [6]
2022-07-23 19:24:50,626 INFO: Epoch: 34 | PSNR: 29.1280 | Loss: 5.8328 | lr: 1.00e-04 | Best_PSNR: 29.8007 | max_value: 255.0 in Epoch [6]
2022-07-23 19:25:33,538 INFO: Epoch: 35 | PSNR: 29.7402 | Loss: 5.9312 | lr: 1.00e-04 | Best_PSNR: 29.8007 | max_value: 255.0 in Epoch [6]
2022-07-23 19:26:15,754 INFO: Epoch: 36 | PSNR: 29.5960 | Loss: 5.9770 | lr: 1.00e-04 | Best_PSNR: 29.8007 | max_value: 255.0 in Epoch [6]
2022-07-23 19:26:58,222 INFO: Epoch: 37 | PSNR: 29.6428 | Loss: 5.9974 | lr: 1.00e-04 | Best_PSNR: 29.8007 | max_value: 255.0 in Epoch [6]
2022-07-23 19:27:40,124 INFO: Epoch: 38 | PSNR: 29.7052 | Loss: 5.9459 | lr: 1.00e-04 | Best_PSNR: 29.8007 | max_value: 255.0 in Epoch [6]
2022-07-23 19:28:22,505 INFO: Epoch: 39 | PSNR: 29.7778 | Loss: 5.9873 | lr: 1.00e-04 | Best_PSNR: 29.8007 | max_value: 255.0 in Epoch [6]
2022-07-23 19:29:04,823 INFO: Epoch: 40 | PSNR: 29.7144 | Loss: 5.9667 | lr: 1.00e-04 | Best_PSNR: 29.8007 | max_value: 255.0 in Epoch [6]
2022-07-23 19:29:45,306 INFO: Epoch: 41 | PSNR: 29.7532 | Loss: 5.9756 | lr: 1.00e-04 | Best_PSNR: 29.8007 | max_value: 255.0 in Epoch [6]
2022-07-23 19:30:28,075 INFO: Epoch: 42 | PSNR: 29.7530 | Loss: 5.8905 | lr: 1.00e-04 | Best_PSNR: 29.8007 | max_value: 255.0 in Epoch [6]
2022-07-23 19:31:11,060 INFO: Epoch: 43 | PSNR: 29.6853 | Loss: 5.8498 | lr: 1.00e-04 | Best_PSNR: 29.8007 | max_value: 255.0 in Epoch [6]
2022-07-23 19:31:53,653 INFO: Epoch: 44 | PSNR: 29.6494 | Loss: 5.9525 | lr: 1.00e-04 | Best_PSNR: 29.8007 | max_value: 255.0 in Epoch [6]
2022-07-23 19:32:35,961 INFO: Epoch: 45 | PSNR: 29.6168 | Loss: 5.9268 | lr: 1.00e-04 | Best_PSNR: 29.8007 | max_value: 255.0 in Epoch [6]
2022-07-23 19:33:18,432 INFO: Epoch: 46 | PSNR: 29.6600 | Loss: 5.7976 | lr: 1.00e-04 | Best_PSNR: 29.8007 | max_value: 255.0 in Epoch [6]
2022-07-23 19:34:00,975 INFO: Epoch: 47 | PSNR: 29.4596 | Loss: 5.9731 | lr: 1.00e-04 | Best_PSNR: 29.8007 | max_value: 255.0 in Epoch [6]
2022-07-23 19:34:43,494 INFO: Epoch: 48 | PSNR: 29.4709 | Loss: 6.0766 | lr: 1.00e-04 | Best_PSNR: 29.8007 | max_value: 255.0 in Epoch [6]
2022-07-23 19:35:25,143 INFO: Epoch: 49 | PSNR: 29.2381 | Loss: 5.9830 | lr: 1.00e-04 | Best_PSNR: 29.8007 | max_value: 255.0 in Epoch [6]
2022-07-23 19:36:06,848 INFO: Epoch: 50 | PSNR: 29.5433 | Loss: 5.9051 | lr: 1.00e-04 | Best_PSNR: 29.8007 | max_value: 255.0 in Epoch [6]
2022-07-23 19:36:49,152 INFO: Epoch: 51 | PSNR: 29.8422 | Loss: 5.8475 | lr: 5.00e-05 | Best_PSNR: 29.8422 | max_value: 255.0 in Epoch [51]
2022-07-23 19:37:31,904 INFO: Epoch: 52 | PSNR: 29.6293 | Loss: 5.8452 | lr: 5.00e-05 | Best_PSNR: 29.8422 | max_value: 255.0 in Epoch [51]
2022-07-23 19:38:14,140 INFO: Epoch: 53 | PSNR: 29.6435 | Loss: 5.8977 | lr: 5.00e-05 | Best_PSNR: 29.8422 | max_value: 255.0 in Epoch [51]
2022-07-23 19:38:56,777 INFO: Epoch: 54 | PSNR: 29.8258 | Loss: 5.8450 | lr: 5.00e-05 | Best_PSNR: 29.8422 | max_value: 255.0 in Epoch [51]
2022-07-23 19:39:40,479 INFO: Epoch: 55 | PSNR: 29.8007 | Loss: 5.8404 | lr: 5.00e-05 | Best_PSNR: 29.8422 | max_value: 255.0 in Epoch [51]
2022-07-23 19:40:22,412 INFO: Epoch: 56 | PSNR: 29.8305 | Loss: 5.7634 | lr: 5.00e-05 | Best_PSNR: 29.8422 | max_value: 255.0 in Epoch [51]
2022-07-23 19:41:05,632 INFO: Epoch: 57 | PSNR: 29.7731 | Loss: 5.7561 | lr: 5.00e-05 | Best_PSNR: 29.8422 | max_value: 255.0 in Epoch [51]
2022-07-23 19:41:47,877 INFO: Epoch: 58 | PSNR: 29.8318 | Loss: 5.8103 | lr: 5.00e-05 | Best_PSNR: 29.8422 | max_value: 255.0 in Epoch [51]
2022-07-23 19:42:29,898 INFO: Epoch: 59 | PSNR: 29.6974 | Loss: 5.7978 | lr: 5.00e-05 | Best_PSNR: 29.8422 | max_value: 255.0 in Epoch [51]
2022-07-23 19:43:12,050 INFO: Epoch: 60 | PSNR: 29.6837 | Loss: 5.8006 | lr: 5.00e-05 | Best_PSNR: 29.8422 | max_value: 255.0 in Epoch [51]
2022-07-23 19:43:55,254 INFO: Epoch: 61 | PSNR: 29.8612 | Loss: 5.7960 | lr: 5.00e-05 | Best_PSNR: 29.8612 | max_value: 255.0 in Epoch [61]
2022-07-23 19:44:38,877 INFO: Epoch: 62 | PSNR: 29.8981 | Loss: 5.8488 | lr: 5.00e-05 | Best_PSNR: 29.8981 | max_value: 255.0 in Epoch [62]
2022-07-23 19:45:20,764 INFO: Epoch: 63 | PSNR: 29.8523 | Loss: 5.8359 | lr: 5.00e-05 | Best_PSNR: 29.8981 | max_value: 255.0 in Epoch [62]
2022-07-23 19:46:03,528 INFO: Epoch: 64 | PSNR: 29.8351 | Loss: 5.8995 | lr: 5.00e-05 | Best_PSNR: 29.8981 | max_value: 255.0 in Epoch [62]
2022-07-23 19:46:44,823 INFO: Epoch: 65 | PSNR: 29.8365 | Loss: 5.8535 | lr: 5.00e-05 | Best_PSNR: 29.8981 | max_value: 255.0 in Epoch [62]
2022-07-23 19:47:27,785 INFO: Epoch: 66 | PSNR: 29.7551 | Loss: 5.7999 | lr: 5.00e-05 | Best_PSNR: 29.8981 | max_value: 255.0 in Epoch [62]
2022-07-23 19:48:09,832 INFO: Epoch: 67 | PSNR: 29.7943 | Loss: 5.8445 | lr: 5.00e-05 | Best_PSNR: 29.8981 | max_value: 255.0 in Epoch [62]
2022-07-23 19:48:51,482 INFO: Epoch: 68 | PSNR: 29.8547 | Loss: 5.8440 | lr: 5.00e-05 | Best_PSNR: 29.8981 | max_value: 255.0 in Epoch [62]
2022-07-23 19:49:33,696 INFO: Epoch: 69 | PSNR: 29.8218 | Loss: 5.8565 | lr: 5.00e-05 | Best_PSNR: 29.8981 | max_value: 255.0 in Epoch [62]
2022-07-23 19:50:15,540 INFO: Epoch: 70 | PSNR: 29.8853 | Loss: 5.9216 | lr: 5.00e-05 | Best_PSNR: 29.8981 | max_value: 255.0 in Epoch [62]
2022-07-23 19:50:56,887 INFO: Epoch: 71 | PSNR: 29.8319 | Loss: 5.9718 | lr: 5.00e-05 | Best_PSNR: 29.8981 | max_value: 255.0 in Epoch [62]
2022-07-23 19:51:39,118 INFO: Epoch: 72 | PSNR: 29.8413 | Loss: 5.8258 | lr: 5.00e-05 | Best_PSNR: 29.8981 | max_value: 255.0 in Epoch [62]
2022-07-23 19:52:21,059 INFO: Epoch: 73 | PSNR: 29.8410 | Loss: 5.8494 | lr: 5.00e-05 | Best_PSNR: 29.8981 | max_value: 255.0 in Epoch [62]
2022-07-23 19:53:04,349 INFO: Epoch: 74 | PSNR: 29.8849 | Loss: 5.8701 | lr: 5.00e-05 | Best_PSNR: 29.8981 | max_value: 255.0 in Epoch [62]
2022-07-23 19:53:46,401 INFO: Epoch: 75 | PSNR: 29.8712 | Loss: 5.8778 | lr: 5.00e-05 | Best_PSNR: 29.8981 | max_value: 255.0 in Epoch [62]
2022-07-23 19:54:28,131 INFO: Epoch: 76 | PSNR: 29.8081 | Loss: 5.8348 | lr: 5.00e-05 | Best_PSNR: 29.8981 | max_value: 255.0 in Epoch [62]
2022-07-23 19:55:09,881 INFO: Epoch: 77 | PSNR: 29.7800 | Loss: 5.8118 | lr: 5.00e-05 | Best_PSNR: 29.8981 | max_value: 255.0 in Epoch [62]
2022-07-23 19:55:51,632 INFO: Epoch: 78 | PSNR: 29.8286 | Loss: 5.9104 | lr: 5.00e-05 | Best_PSNR: 29.8981 | max_value: 255.0 in Epoch [62]
2022-07-23 19:56:33,379 INFO: Epoch: 79 | PSNR: 29.8866 | Loss: 5.8297 | lr: 5.00e-05 | Best_PSNR: 29.8981 | max_value: 255.0 in Epoch [62]
2022-07-23 19:57:14,972 INFO: Epoch: 80 | PSNR: 29.8870 | Loss: 5.7854 | lr: 5.00e-05 | Best_PSNR: 29.8981 | max_value: 255.0 in Epoch [62]
2022-07-23 19:57:57,432 INFO: Epoch: 81 | PSNR: 29.9040 | Loss: 5.7406 | lr: 5.00e-05 | Best_PSNR: 29.9040 | max_value: 255.0 in Epoch [81]
2022-07-23 19:58:38,813 INFO: Epoch: 82 | PSNR: 29.7693 | Loss: 5.8248 | lr: 5.00e-05 | Best_PSNR: 29.9040 | max_value: 255.0 in Epoch [81]
2022-07-23 19:59:20,432 INFO: Epoch: 83 | PSNR: 29.7774 | Loss: 5.7856 | lr: 5.00e-05 | Best_PSNR: 29.9040 | max_value: 255.0 in Epoch [81]
2022-07-23 20:00:01,469 INFO: Epoch: 84 | PSNR: 29.7863 | Loss: 5.8190 | lr: 5.00e-05 | Best_PSNR: 29.9040 | max_value: 255.0 in Epoch [81]
2022-07-23 20:00:43,365 INFO: Epoch: 85 | PSNR: 29.8645 | Loss: 5.8436 | lr: 5.00e-05 | Best_PSNR: 29.9040 | max_value: 255.0 in Epoch [81]
2022-07-23 20:01:24,856 INFO: Epoch: 86 | PSNR: 29.7265 | Loss: 5.8497 | lr: 5.00e-05 | Best_PSNR: 29.9040 | max_value: 255.0 in Epoch [81]
2022-07-23 20:02:06,680 INFO: Epoch: 87 | PSNR: 29.8807 | Loss: 5.8608 | lr: 5.00e-05 | Best_PSNR: 29.9040 | max_value: 255.0 in Epoch [81]
2022-07-23 20:02:47,935 INFO: Epoch: 88 | PSNR: 29.8438 | Loss: 5.8301 | lr: 5.00e-05 | Best_PSNR: 29.9040 | max_value: 255.0 in Epoch [81]
2022-07-23 20:03:30,742 INFO: Epoch: 89 | PSNR: 29.7958 | Loss: 5.8345 | lr: 5.00e-05 | Best_PSNR: 29.9040 | max_value: 255.0 in Epoch [81]
2022-07-23 20:04:13,751 INFO: Epoch: 90 | PSNR: 29.6246 | Loss: 5.8097 | lr: 5.00e-05 | Best_PSNR: 29.9040 | max_value: 255.0 in Epoch [81]
2022-07-23 20:04:55,446 INFO: Epoch: 91 | PSNR: 29.8329 | Loss: 5.7520 | lr: 5.00e-05 | Best_PSNR: 29.9040 | max_value: 255.0 in Epoch [81]
2022-07-23 20:05:36,091 INFO: Epoch: 92 | PSNR: 29.7271 | Loss: 5.7828 | lr: 5.00e-05 | Best_PSNR: 29.9040 | max_value: 255.0 in Epoch [81]
2022-07-23 20:06:17,517 INFO: Epoch: 93 | PSNR: 29.8297 | Loss: 5.8149 | lr: 5.00e-05 | Best_PSNR: 29.9040 | max_value: 255.0 in Epoch [81]
2022-07-23 20:06:59,547 INFO: Epoch: 94 | PSNR: 29.8696 | Loss: 5.7806 | lr: 5.00e-05 | Best_PSNR: 29.9040 | max_value: 255.0 in Epoch [81]
2022-07-23 20:07:40,775 INFO: Epoch: 95 | PSNR: 29.8632 | Loss: 5.8003 | lr: 5.00e-05 | Best_PSNR: 29.9040 | max_value: 255.0 in Epoch [81]
2022-07-23 20:08:22,682 INFO: Epoch: 96 | PSNR: 29.7868 | Loss: 5.8025 | lr: 5.00e-05 | Best_PSNR: 29.9040 | max_value: 255.0 in Epoch [81]
2022-07-23 20:09:04,452 INFO: Epoch: 97 | PSNR: 29.8529 | Loss: 5.8156 | lr: 5.00e-05 | Best_PSNR: 29.9040 | max_value: 255.0 in Epoch [81]
2022-07-23 20:09:45,995 INFO: Epoch: 98 | PSNR: 29.8482 | Loss: 5.7650 | lr: 5.00e-05 | Best_PSNR: 29.9040 | max_value: 255.0 in Epoch [81]
2022-07-23 20:10:27,476 INFO: Epoch: 99 | PSNR: 29.7675 | Loss: 5.8239 | lr: 5.00e-05 | Best_PSNR: 29.9040 | max_value: 255.0 in Epoch [81]
2022-07-23 20:11:09,001 INFO: Epoch: 100 | PSNR: 29.7670 | Loss: 5.8744 | lr: 5.00e-05 | Best_PSNR: 29.9040 | max_value: 255.0 in Epoch [81]
2022-07-23 20:11:50,486 INFO: Epoch: 101 | PSNR: 29.7495 | Loss: 5.7945 | lr: 2.50e-05 | Best_PSNR: 29.9040 | max_value: 255.0 in Epoch [81]
2022-07-23 20:12:31,033 INFO: Epoch: 102 | PSNR: 29.8406 | Loss: 5.9165 | lr: 2.50e-05 | Best_PSNR: 29.9040 | max_value: 255.0 in Epoch [81]
2022-07-23 20:13:12,595 INFO: Epoch: 103 | PSNR: 29.8525 | Loss: 5.8897 | lr: 2.50e-05 | Best_PSNR: 29.9040 | max_value: 255.0 in Epoch [81]
2022-07-23 20:13:54,612 INFO: Epoch: 104 | PSNR: 29.8201 | Loss: 5.8232 | lr: 2.50e-05 | Best_PSNR: 29.9040 | max_value: 255.0 in Epoch [81]
2022-07-23 20:14:35,566 INFO: Epoch: 105 | PSNR: 29.8674 | Loss: 5.8144 | lr: 2.50e-05 | Best_PSNR: 29.9040 | max_value: 255.0 in Epoch [81]
2022-07-23 20:15:17,181 INFO: Epoch: 106 | PSNR: 29.8750 | Loss: 5.9036 | lr: 2.50e-05 | Best_PSNR: 29.9040 | max_value: 255.0 in Epoch [81]
2022-07-23 20:15:58,130 INFO: Epoch: 107 | PSNR: 29.7331 | Loss: 5.8527 | lr: 2.50e-05 | Best_PSNR: 29.9040 | max_value: 255.0 in Epoch [81]
2022-07-23 20:16:39,912 INFO: Epoch: 108 | PSNR: 29.7310 | Loss: 5.7980 | lr: 2.50e-05 | Best_PSNR: 29.9040 | max_value: 255.0 in Epoch [81]
2022-07-23 20:17:20,337 INFO: Epoch: 109 | PSNR: 29.8961 | Loss: 5.7630 | lr: 2.50e-05 | Best_PSNR: 29.9040 | max_value: 255.0 in Epoch [81]
2022-07-23 20:18:01,928 INFO: Epoch: 110 | PSNR: 29.8958 | Loss: 5.7850 | lr: 2.50e-05 | Best_PSNR: 29.9040 | max_value: 255.0 in Epoch [81]
2022-07-23 20:18:42,773 INFO: Epoch: 111 | PSNR: 29.9034 | Loss: 5.8041 | lr: 2.50e-05 | Best_PSNR: 29.9040 | max_value: 255.0 in Epoch [81]
2022-07-23 20:19:24,674 INFO: Epoch: 112 | PSNR: 29.7176 | Loss: 5.8167 | lr: 2.50e-05 | Best_PSNR: 29.9040 | max_value: 255.0 in Epoch [81]
2022-07-23 20:20:06,243 INFO: Epoch: 113 | PSNR: 29.8113 | Loss: 5.8245 | lr: 2.50e-05 | Best_PSNR: 29.9040 | max_value: 255.0 in Epoch [81]
2022-07-23 20:20:47,911 INFO: Epoch: 114 | PSNR: 29.8865 | Loss: 5.8550 | lr: 2.50e-05 | Best_PSNR: 29.9040 | max_value: 255.0 in Epoch [81]
2022-07-23 20:21:29,203 INFO: Epoch: 115 | PSNR: 29.8765 | Loss: 5.8309 | lr: 2.50e-05 | Best_PSNR: 29.9040 | max_value: 255.0 in Epoch [81]
2022-07-23 20:22:11,051 INFO: Epoch: 116 | PSNR: 29.8615 | Loss: 5.8194 | lr: 2.50e-05 | Best_PSNR: 29.9040 | max_value: 255.0 in Epoch [81]
2022-07-23 20:22:52,508 INFO: Epoch: 117 | PSNR: 29.7372 | Loss: 5.7653 | lr: 2.50e-05 | Best_PSNR: 29.9040 | max_value: 255.0 in Epoch [81]
2022-07-23 20:23:32,584 INFO: Epoch: 118 | PSNR: 29.8470 | Loss: 5.7940 | lr: 2.50e-05 | Best_PSNR: 29.9040 | max_value: 255.0 in Epoch [81]
2022-07-23 20:24:14,131 INFO: Epoch: 119 | PSNR: 29.8414 | Loss: 5.8288 | lr: 2.50e-05 | Best_PSNR: 29.9040 | max_value: 255.0 in Epoch [81]
2022-07-23 20:24:55,652 INFO: Epoch: 120 | PSNR: 29.8222 | Loss: 5.7369 | lr: 2.50e-05 | Best_PSNR: 29.9040 | max_value: 255.0 in Epoch [81]
2022-07-23 20:25:37,119 INFO: Epoch: 121 | PSNR: 29.8550 | Loss: 5.8082 | lr: 2.50e-05 | Best_PSNR: 29.9040 | max_value: 255.0 in Epoch [81]
2022-07-23 20:26:18,572 INFO: Epoch: 122 | PSNR: 29.8263 | Loss: 5.8415 | lr: 2.50e-05 | Best_PSNR: 29.9040 | max_value: 255.0 in Epoch [81]
2022-07-23 20:26:59,549 INFO: Epoch: 123 | PSNR: 29.8350 | Loss: 5.7998 | lr: 2.50e-05 | Best_PSNR: 29.9040 | max_value: 255.0 in Epoch [81]
2022-07-23 20:27:41,477 INFO: Epoch: 124 | PSNR: 29.9100 | Loss: 5.7718 | lr: 2.50e-05 | Best_PSNR: 29.9100 | max_value: 255.0 in Epoch [124]
2022-07-23 20:28:24,504 INFO: Epoch: 125 | PSNR: 29.8987 | Loss: 5.7269 | lr: 2.50e-05 | Best_PSNR: 29.9100 | max_value: 255.0 in Epoch [124]
2022-07-23 20:29:07,929 INFO: Epoch: 126 | PSNR: 29.8639 | Loss: 5.7670 | lr: 2.50e-05 | Best_PSNR: 29.9100 | max_value: 255.0 in Epoch [124]
2022-07-23 20:29:50,315 INFO: Epoch: 127 | PSNR: 29.8011 | Loss: 5.7784 | lr: 2.50e-05 | Best_PSNR: 29.9100 | max_value: 255.0 in Epoch [124]
2022-07-23 20:30:31,481 INFO: Epoch: 128 | PSNR: 29.7785 | Loss: 5.8004 | lr: 2.50e-05 | Best_PSNR: 29.9100 | max_value: 255.0 in Epoch [124]
2022-07-23 20:31:12,975 INFO: Epoch: 129 | PSNR: 29.7780 | Loss: 5.7684 | lr: 2.50e-05 | Best_PSNR: 29.9100 | max_value: 255.0 in Epoch [124]
2022-07-23 20:31:54,889 INFO: Epoch: 130 | PSNR: 29.8863 | Loss: 5.7504 | lr: 2.50e-05 | Best_PSNR: 29.9100 | max_value: 255.0 in Epoch [124]
2022-07-23 20:32:36,120 INFO: Epoch: 131 | PSNR: 29.7311 | Loss: 5.7643 | lr: 2.50e-05 | Best_PSNR: 29.9100 | max_value: 255.0 in Epoch [124]
2022-07-23 20:33:18,344 INFO: Epoch: 132 | PSNR: 29.7067 | Loss: 5.8209 | lr: 2.50e-05 | Best_PSNR: 29.9100 | max_value: 255.0 in Epoch [124]
2022-07-23 20:34:00,545 INFO: Epoch: 133 | PSNR: 29.6912 | Loss: 5.8042 | lr: 2.50e-05 | Best_PSNR: 29.9100 | max_value: 255.0 in Epoch [124]
2022-07-23 20:34:42,379 INFO: Epoch: 134 | PSNR: 29.8117 | Loss: 5.8123 | lr: 2.50e-05 | Best_PSNR: 29.9100 | max_value: 255.0 in Epoch [124]
2022-07-23 20:35:24,220 INFO: Epoch: 135 | PSNR: 29.8278 | Loss: 5.8569 | lr: 2.50e-05 | Best_PSNR: 29.9100 | max_value: 255.0 in Epoch [124]
2022-07-23 20:36:06,466 INFO: Epoch: 136 | PSNR: 29.8969 | Loss: 5.7803 | lr: 2.50e-05 | Best_PSNR: 29.9100 | max_value: 255.0 in Epoch [124]
2022-07-23 20:36:48,137 INFO: Epoch: 137 | PSNR: 29.7892 | Loss: 5.8000 | lr: 2.50e-05 | Best_PSNR: 29.9100 | max_value: 255.0 in Epoch [124]
2022-07-23 20:37:30,296 INFO: Epoch: 138 | PSNR: 29.8769 | Loss: 5.7234 | lr: 2.50e-05 | Best_PSNR: 29.9100 | max_value: 255.0 in Epoch [124]
2022-07-23 20:38:12,508 INFO: Epoch: 139 | PSNR: 29.7253 | Loss: 5.7710 | lr: 2.50e-05 | Best_PSNR: 29.9100 | max_value: 255.0 in Epoch [124]
2022-07-23 20:38:54,684 INFO: Epoch: 140 | PSNR: 29.7185 | Loss: 5.7632 | lr: 2.50e-05 | Best_PSNR: 29.9100 | max_value: 255.0 in Epoch [124]
2022-07-23 20:39:36,638 INFO: Epoch: 141 | PSNR: 29.9015 | Loss: 5.7762 | lr: 2.50e-05 | Best_PSNR: 29.9100 | max_value: 255.0 in Epoch [124]
2022-07-23 20:40:19,010 INFO: Epoch: 142 | PSNR: 29.8877 | Loss: 5.7912 | lr: 2.50e-05 | Best_PSNR: 29.9100 | max_value: 255.0 in Epoch [124]
2022-07-23 20:41:00,534 INFO: Epoch: 143 | PSNR: 29.8378 | Loss: 5.7856 | lr: 2.50e-05 | Best_PSNR: 29.9100 | max_value: 255.0 in Epoch [124]
2022-07-23 20:41:41,849 INFO: Epoch: 144 | PSNR: 29.8478 | Loss: 5.8272 | lr: 2.50e-05 | Best_PSNR: 29.9100 | max_value: 255.0 in Epoch [124]
2022-07-23 20:42:22,715 INFO: Epoch: 145 | PSNR: 29.7721 | Loss: 5.8442 | lr: 2.50e-05 | Best_PSNR: 29.9100 | max_value: 255.0 in Epoch [124]
2022-07-23 20:43:04,486 INFO: Epoch: 146 | PSNR: 29.8454 | Loss: 5.7950 | lr: 2.50e-05 | Best_PSNR: 29.9100 | max_value: 255.0 in Epoch [124]
2022-07-23 20:43:46,072 INFO: Epoch: 147 | PSNR: 29.8823 | Loss: 5.8206 | lr: 2.50e-05 | Best_PSNR: 29.9100 | max_value: 255.0 in Epoch [124]
2022-07-23 20:44:27,547 INFO: Epoch: 148 | PSNR: 29.8607 | Loss: 5.8006 | lr: 2.50e-05 | Best_PSNR: 29.9100 | max_value: 255.0 in Epoch [124]
2022-07-23 20:45:10,157 INFO: Epoch: 149 | PSNR: 29.8362 | Loss: 5.8085 | lr: 2.50e-05 | Best_PSNR: 29.9100 | max_value: 255.0 in Epoch [124]
2022-07-23 20:45:51,648 INFO: Epoch: 150 | PSNR: 29.9011 | Loss: 5.7345 | lr: 2.50e-05 | Best_PSNR: 29.9100 | max_value: 255.0 in Epoch [124]
2022-07-23 20:46:33,524 INFO: Epoch: 151 | PSNR: 29.9066 | Loss: 5.7710 | lr: 1.25e-05 | Best_PSNR: 29.9100 | max_value: 255.0 in Epoch [124]
2022-07-23 20:47:15,328 INFO: Epoch: 152 | PSNR: 29.8979 | Loss: 5.7541 | lr: 1.25e-05 | Best_PSNR: 29.9100 | max_value: 255.0 in Epoch [124]
2022-07-23 20:47:56,538 INFO: Epoch: 153 | PSNR: 29.8701 | Loss: 5.7355 | lr: 1.25e-05 | Best_PSNR: 29.9100 | max_value: 255.0 in Epoch [124]
2022-07-23 20:48:37,796 INFO: Epoch: 154 | PSNR: 29.8841 | Loss: 5.7084 | lr: 1.25e-05 | Best_PSNR: 29.9100 | max_value: 255.0 in Epoch [124]
2022-07-23 20:49:19,395 INFO: Epoch: 155 | PSNR: 29.8794 | Loss: 5.7212 | lr: 1.25e-05 | Best_PSNR: 29.9100 | max_value: 255.0 in Epoch [124]
2022-07-23 20:50:00,838 INFO: Epoch: 156 | PSNR: 29.8606 | Loss: 5.7649 | lr: 1.25e-05 | Best_PSNR: 29.9100 | max_value: 255.0 in Epoch [124]
2022-07-23 20:50:42,396 INFO: Epoch: 157 | PSNR: 29.8852 | Loss: 5.7529 | lr: 1.25e-05 | Best_PSNR: 29.9100 | max_value: 255.0 in Epoch [124]
2022-07-23 20:51:23,901 INFO: Epoch: 158 | PSNR: 29.8814 | Loss: 5.7272 | lr: 1.25e-05 | Best_PSNR: 29.9100 | max_value: 255.0 in Epoch [124]
2022-07-23 20:52:05,900 INFO: Epoch: 159 | PSNR: 29.8834 | Loss: 5.6940 | lr: 1.25e-05 | Best_PSNR: 29.9100 | max_value: 255.0 in Epoch [124]
2022-07-23 20:52:48,259 INFO: Epoch: 160 | PSNR: 29.7934 | Loss: 5.8098 | lr: 1.25e-05 | Best_PSNR: 29.9100 | max_value: 255.0 in Epoch [124]
2022-07-23 20:53:31,254 INFO: Epoch: 161 | PSNR: 29.7716 | Loss: 5.7838 | lr: 1.25e-05 | Best_PSNR: 29.9100 | max_value: 255.0 in Epoch [124]
2022-07-23 20:54:13,314 INFO: Epoch: 162 | PSNR: 29.7392 | Loss: 5.8236 | lr: 1.25e-05 | Best_PSNR: 29.9100 | max_value: 255.0 in Epoch [124]
2022-07-23 20:54:54,712 INFO: Epoch: 163 | PSNR: 29.8521 | Loss: 5.7712 | lr: 1.25e-05 | Best_PSNR: 29.9100 | max_value: 255.0 in Epoch [124]
2022-07-23 20:55:36,989 INFO: Epoch: 164 | PSNR: 29.8448 | Loss: 5.7730 | lr: 1.25e-05 | Best_PSNR: 29.9100 | max_value: 255.0 in Epoch [124]
2022-07-23 20:56:18,488 INFO: Epoch: 165 | PSNR: 29.8376 | Loss: 5.7483 | lr: 1.25e-05 | Best_PSNR: 29.9100 | max_value: 255.0 in Epoch [124]
2022-07-23 20:57:00,195 INFO: Epoch: 166 | PSNR: 29.8400 | Loss: 5.7946 | lr: 1.25e-05 | Best_PSNR: 29.9100 | max_value: 255.0 in Epoch [124]
2022-07-23 20:57:41,418 INFO: Epoch: 167 | PSNR: 29.8682 | Loss: 5.7572 | lr: 1.25e-05 | Best_PSNR: 29.9100 | max_value: 255.0 in Epoch [124]
2022-07-23 20:58:23,162 INFO: Epoch: 168 | PSNR: 29.9129 | Loss: 5.7762 | lr: 1.25e-05 | Best_PSNR: 29.9129 | max_value: 255.0 in Epoch [168]
2022-07-23 20:59:04,810 INFO: Epoch: 169 | PSNR: 29.8060 | Loss: 5.7478 | lr: 1.25e-05 | Best_PSNR: 29.9129 | max_value: 255.0 in Epoch [168]
2022-07-23 20:59:46,656 INFO: Epoch: 170 | PSNR: 29.8196 | Loss: 5.7615 | lr: 1.25e-05 | Best_PSNR: 29.9129 | max_value: 255.0 in Epoch [168]
2022-07-23 21:00:28,936 INFO: Epoch: 171 | PSNR: 29.9020 | Loss: 5.7597 | lr: 1.25e-05 | Best_PSNR: 29.9129 | max_value: 255.0 in Epoch [168]
2022-07-23 21:01:09,532 INFO: Epoch: 172 | PSNR: 29.7573 | Loss: 5.7641 | lr: 1.25e-05 | Best_PSNR: 29.9129 | max_value: 255.0 in Epoch [168]
2022-07-23 21:01:49,630 INFO: Epoch: 173 | PSNR: 29.6992 | Loss: 5.7703 | lr: 1.25e-05 | Best_PSNR: 29.9129 | max_value: 255.0 in Epoch [168]
2022-07-23 21:02:30,098 INFO: Epoch: 174 | PSNR: 29.7856 | Loss: 5.8264 | lr: 1.25e-05 | Best_PSNR: 29.9129 | max_value: 255.0 in Epoch [168]
2022-07-23 21:03:10,185 INFO: Epoch: 175 | PSNR: 29.7423 | Loss: 5.7462 | lr: 1.25e-05 | Best_PSNR: 29.9129 | max_value: 255.0 in Epoch [168]
2022-07-23 21:03:51,329 INFO: Epoch: 176 | PSNR: 29.9011 | Loss: 5.7357 | lr: 1.25e-05 | Best_PSNR: 29.9129 | max_value: 255.0 in Epoch [168]
2022-07-23 21:04:31,816 INFO: Epoch: 177 | PSNR: 29.7829 | Loss: 5.7560 | lr: 1.25e-05 | Best_PSNR: 29.9129 | max_value: 255.0 in Epoch [168]
2022-07-23 21:05:12,662 INFO: Epoch: 178 | PSNR: 29.7939 | Loss: 5.7306 | lr: 1.25e-05 | Best_PSNR: 29.9129 | max_value: 255.0 in Epoch [168]
2022-07-23 21:05:54,069 INFO: Epoch: 179 | PSNR: 29.8106 | Loss: 5.7850 | lr: 1.25e-05 | Best_PSNR: 29.9129 | max_value: 255.0 in Epoch [168]
2022-07-23 21:06:35,288 INFO: Epoch: 180 | PSNR: 29.7944 | Loss: 5.7810 | lr: 1.25e-05 | Best_PSNR: 29.9129 | max_value: 255.0 in Epoch [168]
2022-07-23 21:07:17,108 INFO: Epoch: 181 | PSNR: 29.8067 | Loss: 5.7824 | lr: 1.25e-05 | Best_PSNR: 29.9129 | max_value: 255.0 in Epoch [168]
2022-07-23 21:07:58,550 INFO: Epoch: 182 | PSNR: 29.8196 | Loss: 5.7431 | lr: 1.25e-05 | Best_PSNR: 29.9129 | max_value: 255.0 in Epoch [168]
2022-07-23 21:08:39,388 INFO: Epoch: 183 | PSNR: 29.7993 | Loss: 5.8220 | lr: 1.25e-05 | Best_PSNR: 29.9129 | max_value: 255.0 in Epoch [168]
2022-07-23 21:09:20,088 INFO: Epoch: 184 | PSNR: 29.7862 | Loss: 5.7959 | lr: 1.25e-05 | Best_PSNR: 29.9129 | max_value: 255.0 in Epoch [168]
2022-07-23 21:09:59,861 INFO: Epoch: 185 | PSNR: 29.7476 | Loss: 5.7669 | lr: 1.25e-05 | Best_PSNR: 29.9129 | max_value: 255.0 in Epoch [168]
2022-07-23 21:10:39,792 INFO: Epoch: 186 | PSNR: 29.8937 | Loss: 5.7832 | lr: 1.25e-05 | Best_PSNR: 29.9129 | max_value: 255.0 in Epoch [168]
2022-07-23 21:11:18,737 INFO: Epoch: 187 | PSNR: 29.8854 | Loss: 5.7766 | lr: 1.25e-05 | Best_PSNR: 29.9129 | max_value: 255.0 in Epoch [168]
2022-07-23 21:11:59,079 INFO: Epoch: 188 | PSNR: 29.8389 | Loss: 5.7683 | lr: 1.25e-05 | Best_PSNR: 29.9129 | max_value: 255.0 in Epoch [168]
2022-07-23 21:12:38,558 INFO: Epoch: 189 | PSNR: 29.8857 | Loss: 5.7527 | lr: 1.25e-05 | Best_PSNR: 29.9129 | max_value: 255.0 in Epoch [168]
2022-07-23 21:13:17,454 INFO: Epoch: 190 | PSNR: 29.8823 | Loss: 5.7395 | lr: 1.25e-05 | Best_PSNR: 29.9129 | max_value: 255.0 in Epoch [168]
2022-07-23 21:13:56,414 INFO: Epoch: 191 | PSNR: 29.7652 | Loss: 5.7780 | lr: 1.25e-05 | Best_PSNR: 29.9129 | max_value: 255.0 in Epoch [168]
2022-07-23 21:14:35,793 INFO: Epoch: 192 | PSNR: 29.7877 | Loss: 5.7922 | lr: 1.25e-05 | Best_PSNR: 29.9129 | max_value: 255.0 in Epoch [168]
2022-07-23 21:15:16,523 INFO: Epoch: 193 | PSNR: 29.8306 | Loss: 5.7715 | lr: 1.25e-05 | Best_PSNR: 29.9129 | max_value: 255.0 in Epoch [168]
2022-07-23 21:15:57,551 INFO: Epoch: 194 | PSNR: 29.7865 | Loss: 5.7806 | lr: 1.25e-05 | Best_PSNR: 29.9129 | max_value: 255.0 in Epoch [168]
2022-07-23 21:16:37,297 INFO: Epoch: 195 | PSNR: 29.8105 | Loss: 5.8007 | lr: 1.25e-05 | Best_PSNR: 29.9129 | max_value: 255.0 in Epoch [168]
2022-07-23 21:17:17,658 INFO: Epoch: 196 | PSNR: 29.7930 | Loss: 5.7880 | lr: 1.25e-05 | Best_PSNR: 29.9129 | max_value: 255.0 in Epoch [168]
2022-07-23 21:17:58,123 INFO: Epoch: 197 | PSNR: 29.7860 | Loss: 5.7942 | lr: 1.25e-05 | Best_PSNR: 29.9129 | max_value: 255.0 in Epoch [168]
2022-07-23 21:18:38,674 INFO: Epoch: 198 | PSNR: 29.9047 | Loss: 5.7194 | lr: 1.25e-05 | Best_PSNR: 29.9129 | max_value: 255.0 in Epoch [168]
2022-07-23 21:19:18,658 INFO: Epoch: 199 | PSNR: 29.6609 | Loss: 5.7390 | lr: 1.25e-05 | Best_PSNR: 29.9129 | max_value: 255.0 in Epoch [168]
2022-07-23 21:19:58,445 INFO: Epoch: 200 | PSNR: 29.7686 | Loss: 5.7241 | lr: 1.25e-05 | Best_PSNR: 29.9129 | max_value: 255.0 in Epoch [168]
2022-07-23 21:20:38,645 INFO: Epoch: 201 | PSNR: 29.7487 | Loss: 5.7410 | lr: 6.25e-06 | Best_PSNR: 29.9129 | max_value: 255.0 in Epoch [168]
2022-07-23 21:21:17,655 INFO: Epoch: 202 | PSNR: 29.8971 | Loss: 5.7124 | lr: 6.25e-06 | Best_PSNR: 29.9129 | max_value: 255.0 in Epoch [168]
2022-07-23 21:21:56,955 INFO: Epoch: 203 | PSNR: 29.8382 | Loss: 5.7577 | lr: 6.25e-06 | Best_PSNR: 29.9129 | max_value: 255.0 in Epoch [168]
2022-07-23 21:22:35,464 INFO: Epoch: 204 | PSNR: 29.8667 | Loss: 5.7354 | lr: 6.25e-06 | Best_PSNR: 29.9129 | max_value: 255.0 in Epoch [168]
2022-07-23 21:23:14,376 INFO: Epoch: 205 | PSNR: 29.8444 | Loss: 5.7468 | lr: 6.25e-06 | Best_PSNR: 29.9129 | max_value: 255.0 in Epoch [168]
2022-07-23 21:23:53,943 INFO: Epoch: 206 | PSNR: 29.8749 | Loss: 5.8065 | lr: 6.25e-06 | Best_PSNR: 29.9129 | max_value: 255.0 in Epoch [168]
2022-07-23 21:24:33,162 INFO: Epoch: 207 | PSNR: 29.8920 | Loss: 5.7782 | lr: 6.25e-06 | Best_PSNR: 29.9129 | max_value: 255.0 in Epoch [168]
2022-07-23 21:25:12,075 INFO: Epoch: 208 | PSNR: 29.8218 | Loss: 5.7655 | lr: 6.25e-06 | Best_PSNR: 29.9129 | max_value: 255.0 in Epoch [168]
2022-07-23 21:25:53,388 INFO: Epoch: 209 | PSNR: 29.8922 | Loss: 5.7294 | lr: 6.25e-06 | Best_PSNR: 29.9129 | max_value: 255.0 in Epoch [168]
2022-07-23 21:26:32,617 INFO: Epoch: 210 | PSNR: 29.7955 | Loss: 5.7835 | lr: 6.25e-06 | Best_PSNR: 29.9129 | max_value: 255.0 in Epoch [168]
2022-07-23 21:27:12,810 INFO: Epoch: 211 | PSNR: 29.9145 | Loss: 5.7821 | lr: 6.25e-06 | Best_PSNR: 29.9145 | max_value: 255.0 in Epoch [211]
2022-07-23 21:27:52,303 INFO: Epoch: 212 | PSNR: 29.8541 | Loss: 5.7621 | lr: 6.25e-06 | Best_PSNR: 29.9145 | max_value: 255.0 in Epoch [211]
2022-07-23 21:28:31,555 INFO: Epoch: 213 | PSNR: 29.8799 | Loss: 5.7811 | lr: 6.25e-06 | Best_PSNR: 29.9145 | max_value: 255.0 in Epoch [211]
2022-07-23 21:29:12,596 INFO: Epoch: 214 | PSNR: 29.7360 | Loss: 5.7604 | lr: 6.25e-06 | Best_PSNR: 29.9145 | max_value: 255.0 in Epoch [211]
2022-07-23 21:29:52,537 INFO: Epoch: 215 | PSNR: 29.7857 | Loss: 5.7514 | lr: 6.25e-06 | Best_PSNR: 29.9145 | max_value: 255.0 in Epoch [211]
2022-07-23 21:30:33,444 INFO: Epoch: 216 | PSNR: 29.8650 | Loss: 5.7927 | lr: 6.25e-06 | Best_PSNR: 29.9145 | max_value: 255.0 in Epoch [211]
2022-07-23 21:31:13,012 INFO: Epoch: 217 | PSNR: 29.8420 | Loss: 5.8105 | lr: 6.25e-06 | Best_PSNR: 29.9145 | max_value: 255.0 in Epoch [211]
2022-07-23 21:31:54,149 INFO: Epoch: 218 | PSNR: 29.7967 | Loss: 5.7851 | lr: 6.25e-06 | Best_PSNR: 29.9145 | max_value: 255.0 in Epoch [211]
2022-07-23 21:32:33,914 INFO: Epoch: 219 | PSNR: 29.9029 | Loss: 5.7390 | lr: 6.25e-06 | Best_PSNR: 29.9145 | max_value: 255.0 in Epoch [211]
2022-07-23 21:33:15,045 INFO: Epoch: 220 | PSNR: 29.8989 | Loss: 5.7562 | lr: 6.25e-06 | Best_PSNR: 29.9145 | max_value: 255.0 in Epoch [211]
