2022-07-16 00:08:28,133 INFO: Create train dataset successfully!
2022-07-16 00:08:28,133 INFO: Training: [1000] iterations for each epoch
2022-07-16 00:08:28,133 INFO: Create val dataset successfully!
2022-07-16 00:08:28,133 INFO: Validating: [100] iterations for each epoch
2022-07-16 00:08:28,133 INFO: Preparing for experiment: [trial8_qat]
2022-07-16 00:08:28,133 INFO: Loading pretrained model ...
2022-07-16 00:08:36,575 INFO: Start copying weights and annotate Lambda layer...
2022-07-16 00:08:36,633 INFO: Start annotating other parts of model...
2022-07-16 00:08:36,663 INFO: Creating quantize-aware model...
2022-07-16 00:08:38,082 INFO: Create model successfully! Params: [26.34]K
2022-07-16 00:08:38,082 INFO: Model: "model"
2022-07-16 00:08:38,082 INFO: __________________________________________________________________________________________________
2022-07-16 00:08:38,082 INFO: Layer (type)                    Output Shape         Param #     Connected to                     
2022-07-16 00:08:38,082 INFO: ==================================================================================================
2022-07-16 00:08:38,082 INFO: input_1 (InputLayer)            [(None, None, None,  0                                            
2022-07-16 00:08:38,082 INFO: __________________________________________________________________________________________________
2022-07-16 00:08:38,082 INFO: quantize_layer (QuantizeLayer)  (None, None, None, 3 3           input_1[0][0]                    
2022-07-16 00:08:38,082 INFO: __________________________________________________________________________________________________
2022-07-16 00:08:38,082 INFO: quant_conv2d (QuantizeWrapperV2 (None, None, None, 3 963         quantize_layer[1][0]             
2022-07-16 00:08:38,082 INFO: __________________________________________________________________________________________________
2022-07-16 00:08:38,083 INFO: quant_zero_padding2d (QuantizeW (None, None, None, 3 1           quant_conv2d[0][0]               
2022-07-16 00:08:38,083 INFO: __________________________________________________________________________________________________
2022-07-16 00:08:38,083 INFO: quant_conv2d_1 (QuantizeWrapper (None, None, None, 3 4195        quant_zero_padding2d[0][0]       
2022-07-16 00:08:38,083 INFO: __________________________________________________________________________________________________
2022-07-16 00:08:38,083 INFO: quant_conv2d_2 (QuantizeWrapper (None, None, None, 3 4195        quant_conv2d_1[0][0]             
2022-07-16 00:08:38,083 INFO: __________________________________________________________________________________________________
2022-07-16 00:08:38,083 INFO: quant_conv2d_3 (QuantizeWrapper (None, None, None, 3 4195        quant_conv2d_2[0][0]             
2022-07-16 00:08:38,083 INFO: __________________________________________________________________________________________________
2022-07-16 00:08:38,083 INFO: quant_conv2d_4 (QuantizeWrapper (None, None, None, 3 4195        quant_conv2d_3[0][0]             
2022-07-16 00:08:38,083 INFO: __________________________________________________________________________________________________
2022-07-16 00:08:38,083 INFO: quant_concatenate (QuantizeWrap (None, None, None, 3 3           quant_conv2d_4[0][0]             
2022-07-16 00:08:38,083 INFO:                                                                  quantize_layer[1][0]             
2022-07-16 00:08:38,083 INFO: __________________________________________________________________________________________________
2022-07-16 00:08:38,084 INFO: quant_simulation_residual (Quan (None, None, None, 2 8589        quant_concatenate[0][0]          
2022-07-16 00:08:38,084 INFO: __________________________________________________________________________________________________
2022-07-16 00:08:38,084 INFO: quant_lambda (QuantizeWrapperV2 (None, None, None, 3 1           quant_simulation_residual[0][0]  
2022-07-16 00:08:38,084 INFO: ==================================================================================================
2022-07-16 00:08:38,084 INFO: Total params: 26,340
2022-07-16 00:08:38,084 INFO: Trainable params: 25,940
2022-07-16 00:08:38,084 INFO: Non-trainable params: 400
2022-07-16 00:08:38,084 INFO: __________________________________________________________________________________________________
2022-07-16 00:08:38,086 INFO: Start training...
2022-07-16 00:09:37,566 INFO: Epoch: 1 | PSNR: 14.8297 | Loss: 75.7719 | lr: 1.00e-03 | Best_PSNR: 14.8297 in Epoch [1]
2022-07-16 00:10:33,160 INFO: Epoch: 2 | PSNR: 28.1174 | Loss: 15.0905 | lr: 1.00e-03 | Best_PSNR: 28.1174 in Epoch [2]
2022-07-16 00:11:23,555 INFO: Epoch: 3 | PSNR: 29.6655 | Loss: 6.1575 | lr: 1.00e-03 | Best_PSNR: 29.6655 in Epoch [3]
2022-07-16 00:12:12,721 INFO: Epoch: 4 | PSNR: 29.8924 | Loss: 5.7514 | lr: 1.00e-03 | Best_PSNR: 29.8924 in Epoch [4]
2022-07-16 00:13:01,752 INFO: Epoch: 5 | PSNR: 29.9438 | Loss: 5.6959 | lr: 1.00e-03 | Best_PSNR: 29.9438 in Epoch [5]
2022-07-16 00:13:52,391 INFO: Epoch: 6 | PSNR: 29.9487 | Loss: 5.7214 | lr: 1.00e-03 | Best_PSNR: 29.9487 in Epoch [6]
2022-07-16 00:14:41,745 INFO: Epoch: 7 | PSNR: 29.9679 | Loss: 5.6103 | lr: 1.00e-03 | Best_PSNR: 29.9679 in Epoch [7]
2022-07-16 00:15:31,238 INFO: Epoch: 8 | PSNR: 29.9711 | Loss: 5.6506 | lr: 1.00e-03 | Best_PSNR: 29.9711 in Epoch [8]
2022-07-16 00:16:22,183 INFO: Epoch: 9 | PSNR: 29.9789 | Loss: 5.6530 | lr: 1.00e-03 | Best_PSNR: 29.9789 in Epoch [9]
2022-07-16 00:17:13,568 INFO: Epoch: 10 | PSNR: 29.9811 | Loss: 5.6737 | lr: 1.00e-03 | Best_PSNR: 29.9811 in Epoch [10]
2022-07-16 00:18:04,935 INFO: Epoch: 11 | PSNR: 29.9810 | Loss: 5.6389 | lr: 1.00e-03 | Best_PSNR: 29.9811 in Epoch [10]
2022-07-16 00:18:57,102 INFO: Epoch: 12 | PSNR: 29.9830 | Loss: 5.6819 | lr: 1.00e-03 | Best_PSNR: 29.9830 in Epoch [12]
2022-07-16 00:19:48,997 INFO: Epoch: 13 | PSNR: 29.9865 | Loss: 5.6610 | lr: 1.00e-03 | Best_PSNR: 29.9865 in Epoch [13]
2022-07-16 00:20:39,176 INFO: Epoch: 14 | PSNR: 29.9825 | Loss: 5.6263 | lr: 1.00e-03 | Best_PSNR: 29.9865 in Epoch [13]
2022-07-16 00:21:28,376 INFO: Epoch: 15 | PSNR: 29.9815 | Loss: 5.6624 | lr: 1.00e-03 | Best_PSNR: 29.9865 in Epoch [13]
2022-07-16 00:22:17,609 INFO: Epoch: 16 | PSNR: 29.9830 | Loss: 5.6240 | lr: 1.00e-03 | Best_PSNR: 29.9865 in Epoch [13]
2022-07-16 00:23:06,553 INFO: Epoch: 17 | PSNR: 29.9858 | Loss: 5.6161 | lr: 1.00e-03 | Best_PSNR: 29.9865 in Epoch [13]
2022-07-16 00:23:56,636 INFO: Epoch: 18 | PSNR: 29.9839 | Loss: 5.7000 | lr: 1.00e-03 | Best_PSNR: 29.9865 in Epoch [13]
2022-07-16 00:24:45,396 INFO: Epoch: 19 | PSNR: 29.9836 | Loss: 5.6807 | lr: 1.00e-03 | Best_PSNR: 29.9865 in Epoch [13]
2022-07-16 00:25:35,375 INFO: Epoch: 20 | PSNR: 29.9861 | Loss: 5.6303 | lr: 1.00e-03 | Best_PSNR: 29.9865 in Epoch [13]
2022-07-16 00:26:25,139 INFO: Epoch: 21 | PSNR: 29.9864 | Loss: 5.6430 | lr: 1.00e-03 | Best_PSNR: 29.9865 in Epoch [13]
2022-07-16 00:27:16,150 INFO: Epoch: 22 | PSNR: 29.9821 | Loss: 5.6185 | lr: 1.00e-03 | Best_PSNR: 29.9865 in Epoch [13]
2022-07-16 00:28:05,315 INFO: Epoch: 23 | PSNR: 29.9870 | Loss: 5.6577 | lr: 1.00e-03 | Best_PSNR: 29.9870 in Epoch [23]
2022-07-16 00:28:55,052 INFO: Epoch: 24 | PSNR: 29.9803 | Loss: 5.6868 | lr: 1.00e-03 | Best_PSNR: 29.9870 in Epoch [23]
2022-07-16 00:29:44,724 INFO: Epoch: 25 | PSNR: 29.9865 | Loss: 5.6210 | lr: 1.00e-03 | Best_PSNR: 29.9870 in Epoch [23]
2022-07-16 00:30:34,456 INFO: Epoch: 26 | PSNR: 29.9861 | Loss: 5.6298 | lr: 1.00e-03 | Best_PSNR: 29.9870 in Epoch [23]
2022-07-16 00:31:22,583 INFO: Epoch: 27 | PSNR: 29.9823 | Loss: 5.6344 | lr: 1.00e-03 | Best_PSNR: 29.9870 in Epoch [23]
2022-07-16 00:32:10,879 INFO: Epoch: 28 | PSNR: 29.9862 | Loss: 5.6645 | lr: 1.00e-03 | Best_PSNR: 29.9870 in Epoch [23]
2022-07-16 00:32:59,081 INFO: Epoch: 29 | PSNR: 29.9868 | Loss: 5.6583 | lr: 1.00e-03 | Best_PSNR: 29.9870 in Epoch [23]
2022-07-16 00:33:47,685 INFO: Epoch: 30 | PSNR: 29.9839 | Loss: 5.6493 | lr: 1.00e-03 | Best_PSNR: 29.9870 in Epoch [23]
2022-07-16 00:34:36,571 INFO: Epoch: 31 | PSNR: 29.9856 | Loss: 5.6413 | lr: 1.00e-03 | Best_PSNR: 29.9870 in Epoch [23]
2022-07-16 00:35:26,008 INFO: Epoch: 32 | PSNR: 29.9897 | Loss: 5.6378 | lr: 1.00e-03 | Best_PSNR: 29.9897 in Epoch [32]
2022-07-16 00:36:14,260 INFO: Epoch: 33 | PSNR: 29.9864 | Loss: 5.6763 | lr: 1.00e-03 | Best_PSNR: 29.9897 in Epoch [32]
2022-07-16 00:37:03,726 INFO: Epoch: 34 | PSNR: 29.9884 | Loss: 5.6173 | lr: 1.00e-03 | Best_PSNR: 29.9897 in Epoch [32]
2022-07-16 00:37:52,774 INFO: Epoch: 35 | PSNR: 29.9861 | Loss: 5.6341 | lr: 1.00e-03 | Best_PSNR: 29.9897 in Epoch [32]
2022-07-16 00:38:43,640 INFO: Epoch: 36 | PSNR: 29.9898 | Loss: 5.6669 | lr: 1.00e-03 | Best_PSNR: 29.9898 in Epoch [36]
2022-07-16 00:39:33,836 INFO: Epoch: 37 | PSNR: 29.9913 | Loss: 5.6606 | lr: 1.00e-03 | Best_PSNR: 29.9913 in Epoch [37]
2022-07-16 00:40:22,020 INFO: Epoch: 38 | PSNR: 29.9874 | Loss: 5.6337 | lr: 1.00e-03 | Best_PSNR: 29.9913 in Epoch [37]
2022-07-16 00:41:09,584 INFO: Epoch: 39 | PSNR: 29.9882 | Loss: 5.6004 | lr: 1.00e-03 | Best_PSNR: 29.9913 in Epoch [37]
2022-07-16 00:41:58,514 INFO: Epoch: 40 | PSNR: 29.9870 | Loss: 5.6034 | lr: 1.00e-03 | Best_PSNR: 29.9913 in Epoch [37]
2022-07-16 00:42:46,384 INFO: Epoch: 41 | PSNR: 29.9869 | Loss: 5.6418 | lr: 1.00e-03 | Best_PSNR: 29.9913 in Epoch [37]
2022-07-16 00:43:36,112 INFO: Epoch: 42 | PSNR: 29.9889 | Loss: 5.6686 | lr: 1.00e-03 | Best_PSNR: 29.9913 in Epoch [37]
2022-07-16 00:44:25,269 INFO: Epoch: 43 | PSNR: 29.9914 | Loss: 5.6375 | lr: 1.00e-03 | Best_PSNR: 29.9914 in Epoch [43]
2022-07-16 00:45:12,861 INFO: Epoch: 44 | PSNR: 29.9875 | Loss: 5.6381 | lr: 1.00e-03 | Best_PSNR: 29.9914 in Epoch [43]
2022-07-16 00:46:01,698 INFO: Epoch: 45 | PSNR: 29.9865 | Loss: 5.6587 | lr: 1.00e-03 | Best_PSNR: 29.9914 in Epoch [43]
2022-07-16 00:46:48,866 INFO: Epoch: 46 | PSNR: 29.9873 | Loss: 5.6326 | lr: 1.00e-03 | Best_PSNR: 29.9914 in Epoch [43]
2022-07-16 00:47:36,961 INFO: Epoch: 47 | PSNR: 29.9893 | Loss: 5.6732 | lr: 1.00e-03 | Best_PSNR: 29.9914 in Epoch [43]
2022-07-16 00:48:25,105 INFO: Epoch: 48 | PSNR: 29.9911 | Loss: 5.6827 | lr: 1.00e-03 | Best_PSNR: 29.9914 in Epoch [43]
2022-07-16 00:49:14,543 INFO: Epoch: 49 | PSNR: 29.9918 | Loss: 5.6055 | lr: 1.00e-03 | Best_PSNR: 29.9918 in Epoch [49]
2022-07-16 00:50:03,375 INFO: Epoch: 50 | PSNR: 29.9859 | Loss: 5.6403 | lr: 1.00e-03 | Best_PSNR: 29.9918 in Epoch [49]
2022-07-16 00:50:51,862 INFO: Epoch: 51 | PSNR: 29.9961 | Loss: 5.6276 | lr: 5.00e-04 | Best_PSNR: 29.9961 in Epoch [51]
2022-07-16 00:51:40,067 INFO: Epoch: 52 | PSNR: 30.0064 | Loss: 5.6368 | lr: 5.00e-04 | Best_PSNR: 30.0064 in Epoch [52]
2022-07-16 00:52:28,105 INFO: Epoch: 53 | PSNR: 30.0028 | Loss: 5.6615 | lr: 5.00e-04 | Best_PSNR: 30.0064 in Epoch [52]
2022-07-16 00:53:15,747 INFO: Epoch: 54 | PSNR: 30.0016 | Loss: 5.6221 | lr: 5.00e-04 | Best_PSNR: 30.0064 in Epoch [52]
2022-07-16 00:54:04,679 INFO: Epoch: 55 | PSNR: 30.0075 | Loss: 5.6210 | lr: 5.00e-04 | Best_PSNR: 30.0075 in Epoch [55]
2022-07-16 00:54:50,629 INFO: Epoch: 56 | PSNR: 30.0042 | Loss: 5.6198 | lr: 5.00e-04 | Best_PSNR: 30.0075 in Epoch [55]
2022-07-16 00:55:39,865 INFO: Epoch: 57 | PSNR: 30.0086 | Loss: 5.6171 | lr: 5.00e-04 | Best_PSNR: 30.0086 in Epoch [57]
2022-07-16 00:56:27,086 INFO: Epoch: 58 | PSNR: 30.0085 | Loss: 5.6142 | lr: 5.00e-04 | Best_PSNR: 30.0086 in Epoch [57]
2022-07-16 00:57:14,064 INFO: Epoch: 59 | PSNR: 30.0076 | Loss: 5.5906 | lr: 5.00e-04 | Best_PSNR: 30.0086 in Epoch [57]
2022-07-16 00:58:02,780 INFO: Epoch: 60 | PSNR: 30.0157 | Loss: 5.6079 | lr: 5.00e-04 | Best_PSNR: 30.0157 in Epoch [60]
2022-07-16 00:58:49,919 INFO: Epoch: 61 | PSNR: 30.0060 | Loss: 5.6311 | lr: 5.00e-04 | Best_PSNR: 30.0157 in Epoch [60]
2022-07-16 00:59:37,279 INFO: Epoch: 62 | PSNR: 30.0071 | Loss: 5.6047 | lr: 5.00e-04 | Best_PSNR: 30.0157 in Epoch [60]
2022-07-16 01:00:25,004 INFO: Epoch: 63 | PSNR: 30.0065 | Loss: 5.6431 | lr: 5.00e-04 | Best_PSNR: 30.0157 in Epoch [60]
2022-07-16 01:01:11,705 INFO: Epoch: 64 | PSNR: 30.0084 | Loss: 5.6768 | lr: 5.00e-04 | Best_PSNR: 30.0157 in Epoch [60]
2022-07-16 01:01:59,039 INFO: Epoch: 65 | PSNR: 30.0009 | Loss: 5.6341 | lr: 5.00e-04 | Best_PSNR: 30.0157 in Epoch [60]
2022-07-16 01:02:45,305 INFO: Epoch: 66 | PSNR: 30.0073 | Loss: 5.6175 | lr: 5.00e-04 | Best_PSNR: 30.0157 in Epoch [60]
2022-07-16 01:03:31,567 INFO: Epoch: 67 | PSNR: 30.0140 | Loss: 5.5801 | lr: 5.00e-04 | Best_PSNR: 30.0157 in Epoch [60]
2022-07-16 01:04:18,869 INFO: Epoch: 68 | PSNR: 30.0059 | Loss: 5.6172 | lr: 5.00e-04 | Best_PSNR: 30.0157 in Epoch [60]
2022-07-16 01:05:07,831 INFO: Epoch: 69 | PSNR: 30.0050 | Loss: 5.6245 | lr: 5.00e-04 | Best_PSNR: 30.0157 in Epoch [60]
2022-07-16 01:05:54,758 INFO: Epoch: 70 | PSNR: 30.0099 | Loss: 5.5511 | lr: 5.00e-04 | Best_PSNR: 30.0157 in Epoch [60]
2022-07-16 01:06:43,137 INFO: Epoch: 71 | PSNR: 30.0087 | Loss: 5.6632 | lr: 5.00e-04 | Best_PSNR: 30.0157 in Epoch [60]
2022-07-16 01:07:30,240 INFO: Epoch: 72 | PSNR: 30.0065 | Loss: 5.6337 | lr: 5.00e-04 | Best_PSNR: 30.0157 in Epoch [60]
2022-07-16 01:08:16,819 INFO: Epoch: 73 | PSNR: 30.0099 | Loss: 5.5973 | lr: 5.00e-04 | Best_PSNR: 30.0157 in Epoch [60]
2022-07-16 01:09:04,878 INFO: Epoch: 74 | PSNR: 30.0141 | Loss: 5.5977 | lr: 5.00e-04 | Best_PSNR: 30.0157 in Epoch [60]
2022-07-16 01:09:52,595 INFO: Epoch: 75 | PSNR: 30.0084 | Loss: 5.6072 | lr: 5.00e-04 | Best_PSNR: 30.0157 in Epoch [60]
2022-07-16 01:10:39,638 INFO: Epoch: 76 | PSNR: 30.0124 | Loss: 5.6591 | lr: 5.00e-04 | Best_PSNR: 30.0157 in Epoch [60]
2022-07-16 01:12:03,190 INFO: Epoch: 77 | PSNR: 30.0110 | Loss: 5.6361 | lr: 5.00e-04 | Best_PSNR: 30.0157 in Epoch [60]
2022-07-16 01:12:51,224 INFO: Epoch: 78 | PSNR: 30.0124 | Loss: 5.6247 | lr: 5.00e-04 | Best_PSNR: 30.0157 in Epoch [60]
2022-07-16 01:13:40,033 INFO: Epoch: 79 | PSNR: 30.0122 | Loss: 5.5857 | lr: 5.00e-04 | Best_PSNR: 30.0157 in Epoch [60]
2022-07-16 01:14:27,744 INFO: Epoch: 80 | PSNR: 30.0064 | Loss: 5.6729 | lr: 5.00e-04 | Best_PSNR: 30.0157 in Epoch [60]
2022-07-16 01:15:16,023 INFO: Epoch: 81 | PSNR: 30.0098 | Loss: 5.6446 | lr: 5.00e-04 | Best_PSNR: 30.0157 in Epoch [60]
2022-07-16 01:16:04,641 INFO: Epoch: 82 | PSNR: 30.0031 | Loss: 5.6465 | lr: 5.00e-04 | Best_PSNR: 30.0157 in Epoch [60]
2022-07-16 01:16:53,206 INFO: Epoch: 83 | PSNR: 30.0120 | Loss: 5.6213 | lr: 5.00e-04 | Best_PSNR: 30.0157 in Epoch [60]
2022-07-16 01:17:41,458 INFO: Epoch: 84 | PSNR: 29.9983 | Loss: 5.5830 | lr: 5.00e-04 | Best_PSNR: 30.0157 in Epoch [60]
2022-07-16 01:18:29,092 INFO: Epoch: 85 | PSNR: 30.0128 | Loss: 5.6091 | lr: 5.00e-04 | Best_PSNR: 30.0157 in Epoch [60]
2022-07-16 01:19:15,855 INFO: Epoch: 86 | PSNR: 30.0137 | Loss: 5.6817 | lr: 5.00e-04 | Best_PSNR: 30.0157 in Epoch [60]
2022-07-16 01:20:03,796 INFO: Epoch: 87 | PSNR: 30.0104 | Loss: 5.6292 | lr: 5.00e-04 | Best_PSNR: 30.0157 in Epoch [60]
2022-07-16 01:20:51,754 INFO: Epoch: 88 | PSNR: 30.0144 | Loss: 5.6508 | lr: 5.00e-04 | Best_PSNR: 30.0157 in Epoch [60]
2022-07-16 01:21:43,776 INFO: Epoch: 89 | PSNR: 30.0177 | Loss: 5.6245 | lr: 5.00e-04 | Best_PSNR: 30.0177 in Epoch [89]
2022-07-16 01:22:32,413 INFO: Epoch: 90 | PSNR: 30.0096 | Loss: 5.6299 | lr: 5.00e-04 | Best_PSNR: 30.0177 in Epoch [89]
2022-07-16 01:23:20,482 INFO: Epoch: 91 | PSNR: 30.0069 | Loss: 5.6234 | lr: 5.00e-04 | Best_PSNR: 30.0177 in Epoch [89]
2022-07-16 01:24:07,888 INFO: Epoch: 92 | PSNR: 30.0098 | Loss: 5.5844 | lr: 5.00e-04 | Best_PSNR: 30.0177 in Epoch [89]
2022-07-16 01:24:55,616 INFO: Epoch: 93 | PSNR: 30.0105 | Loss: 5.6215 | lr: 5.00e-04 | Best_PSNR: 30.0177 in Epoch [89]
2022-07-16 01:25:42,841 INFO: Epoch: 94 | PSNR: 30.0104 | Loss: 5.6299 | lr: 5.00e-04 | Best_PSNR: 30.0177 in Epoch [89]
2022-07-16 01:26:31,929 INFO: Epoch: 95 | PSNR: 30.0141 | Loss: 5.6436 | lr: 5.00e-04 | Best_PSNR: 30.0177 in Epoch [89]
2022-07-16 01:27:18,851 INFO: Epoch: 96 | PSNR: 30.0110 | Loss: 5.6334 | lr: 5.00e-04 | Best_PSNR: 30.0177 in Epoch [89]
2022-07-16 01:28:05,901 INFO: Epoch: 97 | PSNR: 30.0105 | Loss: 5.6314 | lr: 5.00e-04 | Best_PSNR: 30.0177 in Epoch [89]
2022-07-16 01:28:54,163 INFO: Epoch: 98 | PSNR: 30.0164 | Loss: 5.6577 | lr: 5.00e-04 | Best_PSNR: 30.0177 in Epoch [89]
2022-07-16 01:29:42,713 INFO: Epoch: 99 | PSNR: 30.0099 | Loss: 5.5816 | lr: 5.00e-04 | Best_PSNR: 30.0177 in Epoch [89]
2022-07-16 01:30:30,361 INFO: Epoch: 100 | PSNR: 30.0100 | Loss: 5.6594 | lr: 5.00e-04 | Best_PSNR: 30.0177 in Epoch [89]
2022-07-16 01:31:18,291 INFO: Epoch: 101 | PSNR: 30.0171 | Loss: 5.5841 | lr: 2.50e-04 | Best_PSNR: 30.0177 in Epoch [89]
2022-07-16 01:32:06,119 INFO: Epoch: 102 | PSNR: 30.0168 | Loss: 5.6163 | lr: 2.50e-04 | Best_PSNR: 30.0177 in Epoch [89]
2022-07-16 01:32:54,646 INFO: Epoch: 103 | PSNR: 30.0202 | Loss: 5.6710 | lr: 2.50e-04 | Best_PSNR: 30.0202 in Epoch [103]
2022-07-16 01:33:45,688 INFO: Epoch: 104 | PSNR: 30.0182 | Loss: 5.6230 | lr: 2.50e-04 | Best_PSNR: 30.0202 in Epoch [103]
2022-07-16 01:34:34,120 INFO: Epoch: 105 | PSNR: 30.0173 | Loss: 5.6053 | lr: 2.50e-04 | Best_PSNR: 30.0202 in Epoch [103]
2022-07-16 01:35:22,713 INFO: Epoch: 106 | PSNR: 30.0202 | Loss: 5.5984 | lr: 2.50e-04 | Best_PSNR: 30.0202 in Epoch [106]
2022-07-16 01:36:10,994 INFO: Epoch: 107 | PSNR: 30.0180 | Loss: 5.6142 | lr: 2.50e-04 | Best_PSNR: 30.0202 in Epoch [106]
2022-07-16 01:37:01,069 INFO: Epoch: 108 | PSNR: 30.0179 | Loss: 5.6428 | lr: 2.50e-04 | Best_PSNR: 30.0202 in Epoch [106]
2022-07-16 01:37:49,598 INFO: Epoch: 109 | PSNR: 30.0171 | Loss: 5.6100 | lr: 2.50e-04 | Best_PSNR: 30.0202 in Epoch [106]
2022-07-16 01:38:38,106 INFO: Epoch: 110 | PSNR: 30.0192 | Loss: 5.6162 | lr: 2.50e-04 | Best_PSNR: 30.0202 in Epoch [106]
2022-07-16 01:39:25,990 INFO: Epoch: 111 | PSNR: 30.0211 | Loss: 5.6487 | lr: 2.50e-04 | Best_PSNR: 30.0211 in Epoch [111]
2022-07-16 01:40:14,484 INFO: Epoch: 112 | PSNR: 30.0195 | Loss: 5.5862 | lr: 2.50e-04 | Best_PSNR: 30.0211 in Epoch [111]
2022-07-16 01:41:03,159 INFO: Epoch: 113 | PSNR: 30.0199 | Loss: 5.6268 | lr: 2.50e-04 | Best_PSNR: 30.0211 in Epoch [111]
2022-07-16 01:41:51,025 INFO: Epoch: 114 | PSNR: 30.0133 | Loss: 5.5720 | lr: 2.50e-04 | Best_PSNR: 30.0211 in Epoch [111]
2022-07-16 01:42:38,932 INFO: Epoch: 115 | PSNR: 30.0210 | Loss: 5.5960 | lr: 2.50e-04 | Best_PSNR: 30.0211 in Epoch [111]
2022-07-16 01:43:27,504 INFO: Epoch: 116 | PSNR: 30.0209 | Loss: 5.5952 | lr: 2.50e-04 | Best_PSNR: 30.0211 in Epoch [111]
2022-07-16 01:44:16,431 INFO: Epoch: 117 | PSNR: 30.0172 | Loss: 5.5620 | lr: 2.50e-04 | Best_PSNR: 30.0211 in Epoch [111]
2022-07-16 01:45:04,045 INFO: Epoch: 118 | PSNR: 30.0209 | Loss: 5.5562 | lr: 2.50e-04 | Best_PSNR: 30.0211 in Epoch [111]
2022-07-16 01:45:53,852 INFO: Epoch: 119 | PSNR: 30.0225 | Loss: 5.6442 | lr: 2.50e-04 | Best_PSNR: 30.0225 in Epoch [119]
2022-07-16 01:46:42,872 INFO: Epoch: 120 | PSNR: 30.0225 | Loss: 5.5702 | lr: 2.50e-04 | Best_PSNR: 30.0225 in Epoch [119]
2022-07-16 01:47:32,568 INFO: Epoch: 121 | PSNR: 30.0252 | Loss: 5.6257 | lr: 2.50e-04 | Best_PSNR: 30.0252 in Epoch [121]
2022-07-16 01:48:21,773 INFO: Epoch: 122 | PSNR: 30.0259 | Loss: 5.5979 | lr: 2.50e-04 | Best_PSNR: 30.0259 in Epoch [122]
2022-07-16 01:49:08,424 INFO: Epoch: 123 | PSNR: 30.0255 | Loss: 5.6036 | lr: 2.50e-04 | Best_PSNR: 30.0259 in Epoch [122]
2022-07-16 01:49:55,900 INFO: Epoch: 124 | PSNR: 30.0219 | Loss: 5.5845 | lr: 2.50e-04 | Best_PSNR: 30.0259 in Epoch [122]
2022-07-16 01:50:44,514 INFO: Epoch: 125 | PSNR: 30.0219 | Loss: 5.6120 | lr: 2.50e-04 | Best_PSNR: 30.0259 in Epoch [122]
2022-07-16 01:51:32,975 INFO: Epoch: 126 | PSNR: 30.0238 | Loss: 5.5685 | lr: 2.50e-04 | Best_PSNR: 30.0259 in Epoch [122]
2022-07-16 01:52:20,854 INFO: Epoch: 127 | PSNR: 30.0209 | Loss: 5.6318 | lr: 2.50e-04 | Best_PSNR: 30.0259 in Epoch [122]
2022-07-16 01:53:09,599 INFO: Epoch: 128 | PSNR: 30.0226 | Loss: 5.6317 | lr: 2.50e-04 | Best_PSNR: 30.0259 in Epoch [122]
2022-07-16 01:53:57,339 INFO: Epoch: 129 | PSNR: 30.0203 | Loss: 5.6069 | lr: 2.50e-04 | Best_PSNR: 30.0259 in Epoch [122]
2022-07-16 01:54:48,917 INFO: Epoch: 130 | PSNR: 30.0236 | Loss: 5.5869 | lr: 2.50e-04 | Best_PSNR: 30.0259 in Epoch [122]
2022-07-16 01:55:36,497 INFO: Epoch: 131 | PSNR: 30.0204 | Loss: 5.6351 | lr: 2.50e-04 | Best_PSNR: 30.0259 in Epoch [122]
2022-07-16 01:56:25,042 INFO: Epoch: 132 | PSNR: 30.0228 | Loss: 5.6203 | lr: 2.50e-04 | Best_PSNR: 30.0259 in Epoch [122]
2022-07-16 01:57:14,165 INFO: Epoch: 133 | PSNR: 30.0200 | Loss: 5.6135 | lr: 2.50e-04 | Best_PSNR: 30.0259 in Epoch [122]
2022-07-16 01:58:02,222 INFO: Epoch: 134 | PSNR: 30.0218 | Loss: 5.6343 | lr: 2.50e-04 | Best_PSNR: 30.0259 in Epoch [122]
2022-07-16 01:58:50,700 INFO: Epoch: 135 | PSNR: 30.0188 | Loss: 5.6362 | lr: 2.50e-04 | Best_PSNR: 30.0259 in Epoch [122]
2022-07-16 01:59:38,939 INFO: Epoch: 136 | PSNR: 30.0205 | Loss: 5.5955 | lr: 2.50e-04 | Best_PSNR: 30.0259 in Epoch [122]
2022-07-16 02:00:27,184 INFO: Epoch: 137 | PSNR: 30.0203 | Loss: 5.6098 | lr: 2.50e-04 | Best_PSNR: 30.0259 in Epoch [122]
2022-07-16 02:01:16,587 INFO: Epoch: 138 | PSNR: 30.0271 | Loss: 5.6073 | lr: 2.50e-04 | Best_PSNR: 30.0271 in Epoch [138]
2022-07-16 02:02:04,491 INFO: Epoch: 139 | PSNR: 30.0220 | Loss: 5.6079 | lr: 2.50e-04 | Best_PSNR: 30.0271 in Epoch [138]
2022-07-16 02:02:52,656 INFO: Epoch: 140 | PSNR: 30.0181 | Loss: 5.6869 | lr: 2.50e-04 | Best_PSNR: 30.0271 in Epoch [138]
2022-07-16 02:03:41,385 INFO: Epoch: 141 | PSNR: 30.0201 | Loss: 5.6420 | lr: 2.50e-04 | Best_PSNR: 30.0271 in Epoch [138]
2022-07-16 02:04:29,448 INFO: Epoch: 142 | PSNR: 30.0213 | Loss: 5.5962 | lr: 2.50e-04 | Best_PSNR: 30.0271 in Epoch [138]
2022-07-16 02:05:18,984 INFO: Epoch: 143 | PSNR: 30.0177 | Loss: 5.6276 | lr: 2.50e-04 | Best_PSNR: 30.0271 in Epoch [138]
2022-07-16 02:06:08,091 INFO: Epoch: 144 | PSNR: 30.0236 | Loss: 5.6283 | lr: 2.50e-04 | Best_PSNR: 30.0271 in Epoch [138]
2022-07-16 02:06:58,342 INFO: Epoch: 145 | PSNR: 30.0295 | Loss: 5.6189 | lr: 2.50e-04 | Best_PSNR: 30.0295 in Epoch [145]
2022-07-16 02:07:48,684 INFO: Epoch: 146 | PSNR: 30.0241 | Loss: 5.5667 | lr: 2.50e-04 | Best_PSNR: 30.0295 in Epoch [145]
2022-07-16 02:08:38,527 INFO: Epoch: 147 | PSNR: 30.0243 | Loss: 5.6479 | lr: 2.50e-04 | Best_PSNR: 30.0295 in Epoch [145]
2022-07-16 02:09:29,601 INFO: Epoch: 148 | PSNR: 30.0202 | Loss: 5.6004 | lr: 2.50e-04 | Best_PSNR: 30.0295 in Epoch [145]
2022-07-16 02:10:18,288 INFO: Epoch: 149 | PSNR: 30.0211 | Loss: 5.5712 | lr: 2.50e-04 | Best_PSNR: 30.0295 in Epoch [145]
2022-07-16 02:11:05,696 INFO: Epoch: 150 | PSNR: 30.0157 | Loss: 5.6153 | lr: 2.50e-04 | Best_PSNR: 30.0295 in Epoch [145]
2022-07-16 02:11:53,230 INFO: Epoch: 151 | PSNR: 30.0290 | Loss: 5.6814 | lr: 1.25e-04 | Best_PSNR: 30.0295 in Epoch [145]
2022-07-16 02:12:40,224 INFO: Epoch: 152 | PSNR: 30.0258 | Loss: 5.5637 | lr: 1.25e-04 | Best_PSNR: 30.0295 in Epoch [145]
2022-07-16 02:13:27,844 INFO: Epoch: 153 | PSNR: 30.0235 | Loss: 5.5818 | lr: 1.25e-04 | Best_PSNR: 30.0295 in Epoch [145]
2022-07-16 02:14:15,778 INFO: Epoch: 154 | PSNR: 30.0211 | Loss: 5.5901 | lr: 1.25e-04 | Best_PSNR: 30.0295 in Epoch [145]
2022-07-16 02:15:04,017 INFO: Epoch: 155 | PSNR: 30.0200 | Loss: 5.6707 | lr: 1.25e-04 | Best_PSNR: 30.0295 in Epoch [145]
2022-07-16 02:15:54,680 INFO: Epoch: 156 | PSNR: 30.0252 | Loss: 5.6294 | lr: 1.25e-04 | Best_PSNR: 30.0295 in Epoch [145]
2022-07-16 02:16:45,261 INFO: Epoch: 157 | PSNR: 30.0274 | Loss: 5.6125 | lr: 1.25e-04 | Best_PSNR: 30.0295 in Epoch [145]
2022-07-16 02:17:35,796 INFO: Epoch: 158 | PSNR: 30.0303 | Loss: 5.6284 | lr: 1.25e-04 | Best_PSNR: 30.0303 in Epoch [158]
2022-07-16 02:18:25,741 INFO: Epoch: 159 | PSNR: 30.0251 | Loss: 5.5532 | lr: 1.25e-04 | Best_PSNR: 30.0303 in Epoch [158]
2022-07-16 02:19:16,196 INFO: Epoch: 160 | PSNR: 30.0277 | Loss: 5.6208 | lr: 1.25e-04 | Best_PSNR: 30.0303 in Epoch [158]
2022-07-16 02:20:05,859 INFO: Epoch: 161 | PSNR: 30.0281 | Loss: 5.5977 | lr: 1.25e-04 | Best_PSNR: 30.0303 in Epoch [158]
2022-07-16 02:20:54,358 INFO: Epoch: 162 | PSNR: 30.0261 | Loss: 5.5892 | lr: 1.25e-04 | Best_PSNR: 30.0303 in Epoch [158]
2022-07-16 02:21:43,241 INFO: Epoch: 163 | PSNR: 30.0256 | Loss: 5.6053 | lr: 1.25e-04 | Best_PSNR: 30.0303 in Epoch [158]
2022-07-16 02:22:32,875 INFO: Epoch: 164 | PSNR: 30.0281 | Loss: 5.5936 | lr: 1.25e-04 | Best_PSNR: 30.0303 in Epoch [158]
2022-07-16 02:23:22,198 INFO: Epoch: 165 | PSNR: 30.0267 | Loss: 5.6265 | lr: 1.25e-04 | Best_PSNR: 30.0303 in Epoch [158]
2022-07-16 02:24:10,959 INFO: Epoch: 166 | PSNR: 30.0263 | Loss: 5.6507 | lr: 1.25e-04 | Best_PSNR: 30.0303 in Epoch [158]
2022-07-16 02:25:00,210 INFO: Epoch: 167 | PSNR: 30.0302 | Loss: 5.6038 | lr: 1.25e-04 | Best_PSNR: 30.0303 in Epoch [158]
2022-07-16 02:25:48,015 INFO: Epoch: 168 | PSNR: 30.0276 | Loss: 5.6293 | lr: 1.25e-04 | Best_PSNR: 30.0303 in Epoch [158]
2022-07-16 02:26:36,353 INFO: Epoch: 169 | PSNR: 30.0276 | Loss: 5.6676 | lr: 1.25e-04 | Best_PSNR: 30.0303 in Epoch [158]
2022-07-16 02:27:26,352 INFO: Epoch: 170 | PSNR: 30.0275 | Loss: 5.6172 | lr: 1.25e-04 | Best_PSNR: 30.0303 in Epoch [158]
2022-07-16 02:28:14,894 INFO: Epoch: 171 | PSNR: 30.0244 | Loss: 5.6377 | lr: 1.25e-04 | Best_PSNR: 30.0303 in Epoch [158]
2022-07-16 02:29:03,149 INFO: Epoch: 172 | PSNR: 30.0250 | Loss: 5.5869 | lr: 1.25e-04 | Best_PSNR: 30.0303 in Epoch [158]
2022-07-16 02:29:52,815 INFO: Epoch: 173 | PSNR: 30.0277 | Loss: 5.5961 | lr: 1.25e-04 | Best_PSNR: 30.0303 in Epoch [158]
2022-07-16 02:30:40,995 INFO: Epoch: 174 | PSNR: 30.0235 | Loss: 5.6071 | lr: 1.25e-04 | Best_PSNR: 30.0303 in Epoch [158]
2022-07-16 02:31:28,498 INFO: Epoch: 175 | PSNR: 30.0235 | Loss: 5.6278 | lr: 1.25e-04 | Best_PSNR: 30.0303 in Epoch [158]
2022-07-16 02:32:16,887 INFO: Epoch: 176 | PSNR: 30.0249 | Loss: 5.5945 | lr: 1.25e-04 | Best_PSNR: 30.0303 in Epoch [158]
2022-07-16 02:33:05,580 INFO: Epoch: 177 | PSNR: 30.0278 | Loss: 5.6377 | lr: 1.25e-04 | Best_PSNR: 30.0303 in Epoch [158]
2022-07-16 02:33:53,915 INFO: Epoch: 178 | PSNR: 30.0264 | Loss: 5.5847 | lr: 1.25e-04 | Best_PSNR: 30.0303 in Epoch [158]
2022-07-16 02:34:50,466 INFO: Epoch: 179 | PSNR: 30.0247 | Loss: 5.5714 | lr: 1.25e-04 | Best_PSNR: 30.0303 in Epoch [158]
2022-07-16 02:35:40,703 INFO: Epoch: 180 | PSNR: 30.0250 | Loss: 5.5715 | lr: 1.25e-04 | Best_PSNR: 30.0303 in Epoch [158]
2022-07-16 02:36:31,707 INFO: Epoch: 181 | PSNR: 30.0219 | Loss: 5.5304 | lr: 1.25e-04 | Best_PSNR: 30.0303 in Epoch [158]
2022-07-16 02:37:21,512 INFO: Epoch: 182 | PSNR: 30.0264 | Loss: 5.5923 | lr: 1.25e-04 | Best_PSNR: 30.0303 in Epoch [158]
2022-07-16 02:38:09,797 INFO: Epoch: 183 | PSNR: 30.0290 | Loss: 5.5897 | lr: 1.25e-04 | Best_PSNR: 30.0303 in Epoch [158]
2022-07-16 02:38:57,560 INFO: Epoch: 184 | PSNR: 30.0249 | Loss: 5.6052 | lr: 1.25e-04 | Best_PSNR: 30.0303 in Epoch [158]
2022-07-16 02:39:45,711 INFO: Epoch: 185 | PSNR: 30.0276 | Loss: 5.6105 | lr: 1.25e-04 | Best_PSNR: 30.0303 in Epoch [158]
2022-07-16 02:40:33,788 INFO: Epoch: 186 | PSNR: 30.0243 | Loss: 5.6404 | lr: 1.25e-04 | Best_PSNR: 30.0303 in Epoch [158]
2022-07-16 02:41:24,656 INFO: Epoch: 187 | PSNR: 30.0323 | Loss: 5.6125 | lr: 1.25e-04 | Best_PSNR: 30.0323 in Epoch [187]
2022-07-16 02:42:13,197 INFO: Epoch: 188 | PSNR: 30.0276 | Loss: 5.6056 | lr: 1.25e-04 | Best_PSNR: 30.0323 in Epoch [187]
2022-07-16 02:43:03,087 INFO: Epoch: 189 | PSNR: 30.0298 | Loss: 5.6643 | lr: 1.25e-04 | Best_PSNR: 30.0323 in Epoch [187]
2022-07-16 02:43:56,493 INFO: Epoch: 190 | PSNR: 30.0294 | Loss: 5.6039 | lr: 1.25e-04 | Best_PSNR: 30.0323 in Epoch [187]
2022-07-16 02:44:50,778 INFO: Epoch: 191 | PSNR: 30.0248 | Loss: 5.5840 | lr: 1.25e-04 | Best_PSNR: 30.0323 in Epoch [187]
2022-07-16 02:45:41,785 INFO: Epoch: 192 | PSNR: 30.0250 | Loss: 5.6630 | lr: 1.25e-04 | Best_PSNR: 30.0323 in Epoch [187]
2022-07-16 02:46:30,635 INFO: Epoch: 193 | PSNR: 30.0225 | Loss: 5.6241 | lr: 1.25e-04 | Best_PSNR: 30.0323 in Epoch [187]
2022-07-16 02:47:19,216 INFO: Epoch: 194 | PSNR: 30.0250 | Loss: 5.6113 | lr: 1.25e-04 | Best_PSNR: 30.0323 in Epoch [187]
2022-07-16 02:48:08,202 INFO: Epoch: 195 | PSNR: 30.0291 | Loss: 5.6360 | lr: 1.25e-04 | Best_PSNR: 30.0323 in Epoch [187]
2022-07-16 02:48:56,432 INFO: Epoch: 196 | PSNR: 30.0260 | Loss: 5.6041 | lr: 1.25e-04 | Best_PSNR: 30.0323 in Epoch [187]
2022-07-16 02:49:45,433 INFO: Epoch: 197 | PSNR: 30.0263 | Loss: 5.5858 | lr: 1.25e-04 | Best_PSNR: 30.0323 in Epoch [187]
2022-07-16 02:50:32,684 INFO: Epoch: 198 | PSNR: 30.0215 | Loss: 5.5865 | lr: 1.25e-04 | Best_PSNR: 30.0323 in Epoch [187]
2022-07-16 02:51:20,267 INFO: Epoch: 199 | PSNR: 30.0259 | Loss: 5.6209 | lr: 1.25e-04 | Best_PSNR: 30.0323 in Epoch [187]
2022-07-16 02:52:08,279 INFO: Epoch: 200 | PSNR: 30.0299 | Loss: 5.5936 | lr: 1.25e-04 | Best_PSNR: 30.0323 in Epoch [187]
2022-07-16 02:52:55,913 INFO: Epoch: 201 | PSNR: 30.0249 | Loss: 5.6179 | lr: 6.25e-05 | Best_PSNR: 30.0323 in Epoch [187]
2022-07-16 02:53:43,566 INFO: Epoch: 202 | PSNR: 30.0276 | Loss: 5.6346 | lr: 6.25e-05 | Best_PSNR: 30.0323 in Epoch [187]
2022-07-16 02:54:31,664 INFO: Epoch: 203 | PSNR: 30.0269 | Loss: 5.5553 | lr: 6.25e-05 | Best_PSNR: 30.0323 in Epoch [187]
2022-07-16 02:55:21,504 INFO: Epoch: 204 | PSNR: 30.0290 | Loss: 5.5949 | lr: 6.25e-05 | Best_PSNR: 30.0323 in Epoch [187]
2022-07-16 02:56:11,279 INFO: Epoch: 205 | PSNR: 30.0284 | Loss: 5.6038 | lr: 6.25e-05 | Best_PSNR: 30.0323 in Epoch [187]
2022-07-16 02:57:02,411 INFO: Epoch: 206 | PSNR: 30.0257 | Loss: 5.5826 | lr: 6.25e-05 | Best_PSNR: 30.0323 in Epoch [187]
2022-07-16 02:57:51,832 INFO: Epoch: 207 | PSNR: 30.0292 | Loss: 5.6185 | lr: 6.25e-05 | Best_PSNR: 30.0323 in Epoch [187]
2022-07-16 02:58:39,508 INFO: Epoch: 208 | PSNR: 30.0279 | Loss: 5.6458 | lr: 6.25e-05 | Best_PSNR: 30.0323 in Epoch [187]
2022-07-16 02:59:27,703 INFO: Epoch: 209 | PSNR: 30.0322 | Loss: 5.6209 | lr: 6.25e-05 | Best_PSNR: 30.0323 in Epoch [187]
2022-07-16 03:00:19,185 INFO: Epoch: 210 | PSNR: 30.0283 | Loss: 5.6268 | lr: 6.25e-05 | Best_PSNR: 30.0323 in Epoch [187]
2022-07-16 03:01:08,137 INFO: Epoch: 211 | PSNR: 30.0322 | Loss: 5.6086 | lr: 6.25e-05 | Best_PSNR: 30.0323 in Epoch [187]
2022-07-16 03:01:57,982 INFO: Epoch: 212 | PSNR: 30.0293 | Loss: 5.6533 | lr: 6.25e-05 | Best_PSNR: 30.0323 in Epoch [187]
2022-07-16 03:02:45,735 INFO: Epoch: 213 | PSNR: 30.0261 | Loss: 5.5853 | lr: 6.25e-05 | Best_PSNR: 30.0323 in Epoch [187]
2022-07-16 03:03:33,744 INFO: Epoch: 214 | PSNR: 30.0297 | Loss: 5.6162 | lr: 6.25e-05 | Best_PSNR: 30.0323 in Epoch [187]
2022-07-16 03:04:22,713 INFO: Epoch: 215 | PSNR: 30.0278 | Loss: 5.5982 | lr: 6.25e-05 | Best_PSNR: 30.0323 in Epoch [187]
2022-07-16 03:05:09,864 INFO: Epoch: 216 | PSNR: 30.0299 | Loss: 5.6339 | lr: 6.25e-05 | Best_PSNR: 30.0323 in Epoch [187]
2022-07-16 03:05:56,766 INFO: Epoch: 217 | PSNR: 30.0297 | Loss: 5.5855 | lr: 6.25e-05 | Best_PSNR: 30.0323 in Epoch [187]
2022-07-16 03:06:43,199 INFO: Epoch: 218 | PSNR: 30.0283 | Loss: 5.6259 | lr: 6.25e-05 | Best_PSNR: 30.0323 in Epoch [187]
2022-07-16 03:07:30,782 INFO: Epoch: 219 | PSNR: 30.0257 | Loss: 5.5722 | lr: 6.25e-05 | Best_PSNR: 30.0323 in Epoch [187]
2022-07-16 03:08:20,075 INFO: Epoch: 220 | PSNR: 30.0262 | Loss: 5.5942 | lr: 6.25e-05 | Best_PSNR: 30.0323 in Epoch [187]
2022-07-16 03:09:09,923 INFO: Epoch: 221 | PSNR: 30.0235 | Loss: 5.6308 | lr: 6.25e-05 | Best_PSNR: 30.0323 in Epoch [187]
2022-07-16 03:09:58,669 INFO: Epoch: 222 | PSNR: 30.0256 | Loss: 5.6234 | lr: 6.25e-05 | Best_PSNR: 30.0323 in Epoch [187]
2022-07-16 03:10:50,082 INFO: Epoch: 223 | PSNR: 30.0246 | Loss: 5.6300 | lr: 6.25e-05 | Best_PSNR: 30.0323 in Epoch [187]
2022-07-16 03:11:48,467 INFO: Epoch: 224 | PSNR: 30.0269 | Loss: 5.5772 | lr: 6.25e-05 | Best_PSNR: 30.0323 in Epoch [187]
2022-07-16 03:12:38,558 INFO: Epoch: 225 | PSNR: 30.0259 | Loss: 5.5733 | lr: 6.25e-05 | Best_PSNR: 30.0323 in Epoch [187]
2022-07-16 03:13:28,542 INFO: Epoch: 226 | PSNR: 30.0249 | Loss: 5.6116 | lr: 6.25e-05 | Best_PSNR: 30.0323 in Epoch [187]
2022-07-16 03:14:18,795 INFO: Epoch: 227 | PSNR: 30.0230 | Loss: 5.5985 | lr: 6.25e-05 | Best_PSNR: 30.0323 in Epoch [187]
2022-07-16 03:15:08,284 INFO: Epoch: 228 | PSNR: 30.0290 | Loss: 5.5964 | lr: 6.25e-05 | Best_PSNR: 30.0323 in Epoch [187]
2022-07-16 03:15:56,396 INFO: Epoch: 229 | PSNR: 30.0218 | Loss: 5.6339 | lr: 6.25e-05 | Best_PSNR: 30.0323 in Epoch [187]
2022-07-16 03:16:45,490 INFO: Epoch: 230 | PSNR: 30.0238 | Loss: 5.6413 | lr: 6.25e-05 | Best_PSNR: 30.0323 in Epoch [187]
2022-07-16 03:17:32,963 INFO: Epoch: 231 | PSNR: 30.0283 | Loss: 5.5813 | lr: 6.25e-05 | Best_PSNR: 30.0323 in Epoch [187]
2022-07-16 03:18:20,838 INFO: Epoch: 232 | PSNR: 30.0295 | Loss: 5.6233 | lr: 6.25e-05 | Best_PSNR: 30.0323 in Epoch [187]
2022-07-16 03:19:08,994 INFO: Epoch: 233 | PSNR: 30.0301 | Loss: 5.5836 | lr: 6.25e-05 | Best_PSNR: 30.0323 in Epoch [187]
2022-07-16 03:19:58,256 INFO: Epoch: 234 | PSNR: 30.0336 | Loss: 5.5995 | lr: 6.25e-05 | Best_PSNR: 30.0336 in Epoch [234]
2022-07-16 03:20:46,774 INFO: Epoch: 235 | PSNR: 30.0296 | Loss: 5.6214 | lr: 6.25e-05 | Best_PSNR: 30.0336 in Epoch [234]
2022-07-16 03:21:36,932 INFO: Epoch: 236 | PSNR: 30.0325 | Loss: 5.5652 | lr: 6.25e-05 | Best_PSNR: 30.0336 in Epoch [234]
2022-07-16 03:22:28,009 INFO: Epoch: 237 | PSNR: 30.0292 | Loss: 5.5828 | lr: 6.25e-05 | Best_PSNR: 30.0336 in Epoch [234]
2022-07-16 03:23:16,531 INFO: Epoch: 238 | PSNR: 30.0276 | Loss: 5.5666 | lr: 6.25e-05 | Best_PSNR: 30.0336 in Epoch [234]
2022-07-16 03:24:04,594 INFO: Epoch: 239 | PSNR: 30.0287 | Loss: 5.6001 | lr: 6.25e-05 | Best_PSNR: 30.0336 in Epoch [234]
2022-07-16 03:24:52,758 INFO: Epoch: 240 | PSNR: 30.0269 | Loss: 5.6060 | lr: 6.25e-05 | Best_PSNR: 30.0336 in Epoch [234]
2022-07-16 03:25:40,784 INFO: Epoch: 241 | PSNR: 30.0237 | Loss: 5.6157 | lr: 6.25e-05 | Best_PSNR: 30.0336 in Epoch [234]
2022-07-16 03:26:28,579 INFO: Epoch: 242 | PSNR: 30.0300 | Loss: 5.6518 | lr: 6.25e-05 | Best_PSNR: 30.0336 in Epoch [234]
2022-07-16 03:27:15,745 INFO: Epoch: 243 | PSNR: 30.0269 | Loss: 5.5713 | lr: 6.25e-05 | Best_PSNR: 30.0336 in Epoch [234]
2022-07-16 03:28:02,841 INFO: Epoch: 244 | PSNR: 30.0260 | Loss: 5.6571 | lr: 6.25e-05 | Best_PSNR: 30.0336 in Epoch [234]
2022-07-16 03:28:51,754 INFO: Epoch: 245 | PSNR: 30.0313 | Loss: 5.5839 | lr: 6.25e-05 | Best_PSNR: 30.0336 in Epoch [234]
2022-07-16 03:29:40,098 INFO: Epoch: 246 | PSNR: 30.0296 | Loss: 5.6132 | lr: 6.25e-05 | Best_PSNR: 30.0336 in Epoch [234]
2022-07-16 03:30:28,009 INFO: Epoch: 247 | PSNR: 30.0309 | Loss: 5.5651 | lr: 6.25e-05 | Best_PSNR: 30.0336 in Epoch [234]
2022-07-16 03:31:15,739 INFO: Epoch: 248 | PSNR: 30.0333 | Loss: 5.5958 | lr: 6.25e-05 | Best_PSNR: 30.0336 in Epoch [234]
2022-07-16 03:32:04,457 INFO: Epoch: 249 | PSNR: 30.0337 | Loss: 5.6068 | lr: 6.25e-05 | Best_PSNR: 30.0337 in Epoch [249]
2022-07-16 03:32:52,259 INFO: Epoch: 250 | PSNR: 30.0278 | Loss: 5.5761 | lr: 6.25e-05 | Best_PSNR: 30.0337 in Epoch [249]
2022-07-16 03:33:41,743 INFO: Epoch: 251 | PSNR: 30.0289 | Loss: 5.5527 | lr: 3.13e-05 | Best_PSNR: 30.0337 in Epoch [249]
2022-07-16 03:34:31,498 INFO: Epoch: 252 | PSNR: 30.0320 | Loss: 5.5946 | lr: 3.13e-05 | Best_PSNR: 30.0337 in Epoch [249]
2022-07-16 03:35:21,000 INFO: Epoch: 253 | PSNR: 30.0312 | Loss: 5.5774 | lr: 3.13e-05 | Best_PSNR: 30.0337 in Epoch [249]
2022-07-16 03:36:09,735 INFO: Epoch: 254 | PSNR: 30.0288 | Loss: 5.5800 | lr: 3.13e-05 | Best_PSNR: 30.0337 in Epoch [249]
2022-07-16 03:36:58,439 INFO: Epoch: 255 | PSNR: 30.0252 | Loss: 5.6146 | lr: 3.13e-05 | Best_PSNR: 30.0337 in Epoch [249]
2022-07-16 03:37:46,545 INFO: Epoch: 256 | PSNR: 30.0315 | Loss: 5.5966 | lr: 3.13e-05 | Best_PSNR: 30.0337 in Epoch [249]
2022-07-16 03:38:34,006 INFO: Epoch: 257 | PSNR: 30.0231 | Loss: 5.5847 | lr: 3.13e-05 | Best_PSNR: 30.0337 in Epoch [249]
2022-07-16 03:39:22,082 INFO: Epoch: 258 | PSNR: 30.0329 | Loss: 5.6262 | lr: 3.13e-05 | Best_PSNR: 30.0337 in Epoch [249]
2022-07-16 03:40:12,152 INFO: Epoch: 259 | PSNR: 30.0251 | Loss: 5.5854 | lr: 3.13e-05 | Best_PSNR: 30.0337 in Epoch [249]
2022-07-16 03:41:02,534 INFO: Epoch: 260 | PSNR: 30.0294 | Loss: 5.6026 | lr: 3.13e-05 | Best_PSNR: 30.0337 in Epoch [249]
2022-07-16 03:41:49,512 INFO: Epoch: 261 | PSNR: 30.0313 | Loss: 5.5646 | lr: 3.13e-05 | Best_PSNR: 30.0337 in Epoch [249]
2022-07-16 03:42:36,424 INFO: Epoch: 262 | PSNR: 30.0284 | Loss: 5.6095 | lr: 3.13e-05 | Best_PSNR: 30.0337 in Epoch [249]
2022-07-16 03:43:23,981 INFO: Epoch: 263 | PSNR: 30.0265 | Loss: 5.5369 | lr: 3.13e-05 | Best_PSNR: 30.0337 in Epoch [249]
2022-07-16 03:44:13,672 INFO: Epoch: 264 | PSNR: 30.0349 | Loss: 5.5641 | lr: 3.13e-05 | Best_PSNR: 30.0349 in Epoch [264]
2022-07-16 03:45:01,392 INFO: Epoch: 265 | PSNR: 30.0327 | Loss: 5.6295 | lr: 3.13e-05 | Best_PSNR: 30.0349 in Epoch [264]
2022-07-16 03:45:50,142 INFO: Epoch: 266 | PSNR: 30.0290 | Loss: 5.6224 | lr: 3.13e-05 | Best_PSNR: 30.0349 in Epoch [264]
2022-07-16 03:46:39,065 INFO: Epoch: 267 | PSNR: 30.0263 | Loss: 5.6322 | lr: 3.13e-05 | Best_PSNR: 30.0349 in Epoch [264]
2022-07-16 03:47:28,349 INFO: Epoch: 268 | PSNR: 30.0330 | Loss: 5.5641 | lr: 3.13e-05 | Best_PSNR: 30.0349 in Epoch [264]
2022-07-16 03:48:15,400 INFO: Epoch: 269 | PSNR: 30.0323 | Loss: 5.6170 | lr: 3.13e-05 | Best_PSNR: 30.0349 in Epoch [264]
2022-07-16 03:49:03,261 INFO: Epoch: 270 | PSNR: 30.0305 | Loss: 5.6338 | lr: 3.13e-05 | Best_PSNR: 30.0349 in Epoch [264]
2022-07-16 03:49:51,412 INFO: Epoch: 271 | PSNR: 30.0329 | Loss: 5.5982 | lr: 3.13e-05 | Best_PSNR: 30.0349 in Epoch [264]
2022-07-16 03:50:39,050 INFO: Epoch: 272 | PSNR: 30.0340 | Loss: 5.5990 | lr: 3.13e-05 | Best_PSNR: 30.0349 in Epoch [264]
2022-07-16 03:51:26,690 INFO: Epoch: 273 | PSNR: 30.0308 | Loss: 5.6035 | lr: 3.13e-05 | Best_PSNR: 30.0349 in Epoch [264]
2022-07-16 03:52:15,620 INFO: Epoch: 274 | PSNR: 30.0312 | Loss: 5.5809 | lr: 3.13e-05 | Best_PSNR: 30.0349 in Epoch [264]
2022-07-16 03:53:06,738 INFO: Epoch: 275 | PSNR: 30.0330 | Loss: 5.6078 | lr: 3.13e-05 | Best_PSNR: 30.0349 in Epoch [264]
2022-07-16 03:53:56,405 INFO: Epoch: 276 | PSNR: 30.0323 | Loss: 5.5825 | lr: 3.13e-05 | Best_PSNR: 30.0349 in Epoch [264]
2022-07-16 03:54:45,157 INFO: Epoch: 277 | PSNR: 30.0340 | Loss: 5.5839 | lr: 3.13e-05 | Best_PSNR: 30.0349 in Epoch [264]
2022-07-16 03:55:33,255 INFO: Epoch: 278 | PSNR: 30.0297 | Loss: 5.5492 | lr: 3.13e-05 | Best_PSNR: 30.0349 in Epoch [264]
2022-07-16 03:56:23,615 INFO: Epoch: 279 | PSNR: 30.0277 | Loss: 5.6195 | lr: 3.13e-05 | Best_PSNR: 30.0349 in Epoch [264]
2022-07-16 03:57:12,404 INFO: Epoch: 280 | PSNR: 30.0341 | Loss: 5.5498 | lr: 3.13e-05 | Best_PSNR: 30.0349 in Epoch [264]
2022-07-16 03:58:00,507 INFO: Epoch: 281 | PSNR: 30.0313 | Loss: 5.5790 | lr: 3.13e-05 | Best_PSNR: 30.0349 in Epoch [264]
2022-07-16 03:58:49,555 INFO: Epoch: 282 | PSNR: 30.0332 | Loss: 5.5613 | lr: 3.13e-05 | Best_PSNR: 30.0349 in Epoch [264]
2022-07-16 03:59:40,125 INFO: Epoch: 283 | PSNR: 30.0283 | Loss: 5.5728 | lr: 3.13e-05 | Best_PSNR: 30.0349 in Epoch [264]
2022-07-16 04:00:28,374 INFO: Epoch: 284 | PSNR: 30.0297 | Loss: 5.5861 | lr: 3.13e-05 | Best_PSNR: 30.0349 in Epoch [264]
2022-07-16 04:01:16,320 INFO: Epoch: 285 | PSNR: 30.0303 | Loss: 5.5348 | lr: 3.13e-05 | Best_PSNR: 30.0349 in Epoch [264]
2022-07-16 04:02:06,736 INFO: Epoch: 286 | PSNR: 30.0320 | Loss: 5.5960 | lr: 3.13e-05 | Best_PSNR: 30.0349 in Epoch [264]
2022-07-16 04:02:56,903 INFO: Epoch: 287 | PSNR: 30.0360 | Loss: 5.6041 | lr: 3.13e-05 | Best_PSNR: 30.0360 in Epoch [287]
2022-07-16 04:03:45,506 INFO: Epoch: 288 | PSNR: 30.0302 | Loss: 5.5953 | lr: 3.13e-05 | Best_PSNR: 30.0360 in Epoch [287]
2022-07-16 04:04:36,436 INFO: Epoch: 289 | PSNR: 30.0304 | Loss: 5.5936 | lr: 3.13e-05 | Best_PSNR: 30.0360 in Epoch [287]
2022-07-16 04:05:25,930 INFO: Epoch: 290 | PSNR: 30.0325 | Loss: 5.6266 | lr: 3.13e-05 | Best_PSNR: 30.0360 in Epoch [287]
2022-07-16 04:06:14,395 INFO: Epoch: 291 | PSNR: 30.0346 | Loss: 5.5879 | lr: 3.13e-05 | Best_PSNR: 30.0360 in Epoch [287]
2022-07-16 04:07:01,618 INFO: Epoch: 292 | PSNR: 30.0344 | Loss: 5.5689 | lr: 3.13e-05 | Best_PSNR: 30.0360 in Epoch [287]
2022-07-16 04:07:50,370 INFO: Epoch: 293 | PSNR: 30.0347 | Loss: 5.6238 | lr: 3.13e-05 | Best_PSNR: 30.0360 in Epoch [287]
2022-07-16 04:08:40,113 INFO: Epoch: 294 | PSNR: 30.0325 | Loss: 5.6382 | lr: 3.13e-05 | Best_PSNR: 30.0360 in Epoch [287]
2022-07-16 04:09:30,203 INFO: Epoch: 295 | PSNR: 30.0327 | Loss: 5.6173 | lr: 3.13e-05 | Best_PSNR: 30.0360 in Epoch [287]
2022-07-16 04:10:19,537 INFO: Epoch: 296 | PSNR: 30.0277 | Loss: 5.5534 | lr: 3.13e-05 | Best_PSNR: 30.0360 in Epoch [287]
2022-07-16 04:11:07,622 INFO: Epoch: 297 | PSNR: 30.0348 | Loss: 5.5942 | lr: 3.13e-05 | Best_PSNR: 30.0360 in Epoch [287]
2022-07-16 04:11:57,240 INFO: Epoch: 298 | PSNR: 30.0337 | Loss: 5.5626 | lr: 3.13e-05 | Best_PSNR: 30.0360 in Epoch [287]
2022-07-16 04:12:44,529 INFO: Epoch: 299 | PSNR: 30.0340 | Loss: 5.6218 | lr: 3.13e-05 | Best_PSNR: 30.0360 in Epoch [287]
2022-07-16 04:13:34,368 INFO: Epoch: 300 | PSNR: 30.0370 | Loss: 5.5964 | lr: 3.13e-05 | Best_PSNR: 30.0370 in Epoch [300]
2022-07-16 04:14:23,012 INFO: Epoch: 301 | PSNR: 30.0391 | Loss: 5.5974 | lr: 1.56e-05 | Best_PSNR: 30.0391 in Epoch [301]
2022-07-16 04:15:11,882 INFO: Epoch: 302 | PSNR: 30.0336 | Loss: 5.6514 | lr: 1.56e-05 | Best_PSNR: 30.0391 in Epoch [301]
2022-07-16 04:16:00,398 INFO: Epoch: 303 | PSNR: 30.0388 | Loss: 5.6005 | lr: 1.56e-05 | Best_PSNR: 30.0391 in Epoch [301]
2022-07-16 04:16:49,916 INFO: Epoch: 304 | PSNR: 30.0346 | Loss: 5.6192 | lr: 1.56e-05 | Best_PSNR: 30.0391 in Epoch [301]
2022-07-16 04:17:37,391 INFO: Epoch: 305 | PSNR: 30.0353 | Loss: 5.5666 | lr: 1.56e-05 | Best_PSNR: 30.0391 in Epoch [301]
2022-07-16 04:18:25,819 INFO: Epoch: 306 | PSNR: 30.0364 | Loss: 5.5836 | lr: 1.56e-05 | Best_PSNR: 30.0391 in Epoch [301]
2022-07-16 04:19:17,152 INFO: Epoch: 307 | PSNR: 30.0338 | Loss: 5.6453 | lr: 1.56e-05 | Best_PSNR: 30.0391 in Epoch [301]
2022-07-16 04:20:06,404 INFO: Epoch: 308 | PSNR: 30.0319 | Loss: 5.6044 | lr: 1.56e-05 | Best_PSNR: 30.0391 in Epoch [301]
2022-07-16 04:20:55,725 INFO: Epoch: 309 | PSNR: 30.0321 | Loss: 5.6083 | lr: 1.56e-05 | Best_PSNR: 30.0391 in Epoch [301]
2022-07-16 04:21:45,678 INFO: Epoch: 310 | PSNR: 30.0356 | Loss: 5.6088 | lr: 1.56e-05 | Best_PSNR: 30.0391 in Epoch [301]
2022-07-16 04:22:37,208 INFO: Epoch: 311 | PSNR: 30.0356 | Loss: 5.6286 | lr: 1.56e-05 | Best_PSNR: 30.0391 in Epoch [301]
2022-07-16 04:23:26,998 INFO: Epoch: 312 | PSNR: 30.0341 | Loss: 5.6274 | lr: 1.56e-05 | Best_PSNR: 30.0391 in Epoch [301]
2022-07-16 04:24:17,125 INFO: Epoch: 313 | PSNR: 30.0317 | Loss: 5.5821 | lr: 1.56e-05 | Best_PSNR: 30.0391 in Epoch [301]
2022-07-16 04:25:04,736 INFO: Epoch: 314 | PSNR: 30.0316 | Loss: 5.5880 | lr: 1.56e-05 | Best_PSNR: 30.0391 in Epoch [301]
2022-07-16 04:25:53,144 INFO: Epoch: 315 | PSNR: 30.0341 | Loss: 5.6157 | lr: 1.56e-05 | Best_PSNR: 30.0391 in Epoch [301]
2022-07-16 04:26:41,939 INFO: Epoch: 316 | PSNR: 30.0297 | Loss: 5.6097 | lr: 1.56e-05 | Best_PSNR: 30.0391 in Epoch [301]
2022-07-16 04:27:29,526 INFO: Epoch: 317 | PSNR: 30.0371 | Loss: 5.5650 | lr: 1.56e-05 | Best_PSNR: 30.0391 in Epoch [301]
2022-07-16 04:28:17,192 INFO: Epoch: 318 | PSNR: 30.0368 | Loss: 5.6077 | lr: 1.56e-05 | Best_PSNR: 30.0391 in Epoch [301]
2022-07-16 04:29:06,077 INFO: Epoch: 319 | PSNR: 30.0356 | Loss: 5.5725 | lr: 1.56e-05 | Best_PSNR: 30.0391 in Epoch [301]
2022-07-16 04:29:54,295 INFO: Epoch: 320 | PSNR: 30.0341 | Loss: 5.6275 | lr: 1.56e-05 | Best_PSNR: 30.0391 in Epoch [301]
