2022-07-26 11:06:40,312 INFO: Create train dataset successfully!
2022-07-26 11:06:40,312 INFO: Training: [1000] iterations for each epoch
2022-07-26 11:06:40,312 INFO: Create val dataset successfully!
2022-07-26 11:06:40,312 INFO: Validating: [100] iterations for each epoch
2022-07-26 11:06:40,312 INFO: Preparing for experiment: [trial23]
2022-07-26 11:06:40,312 INFO: Load from checkpoint: [experiments/trial23/best_status]
2022-07-26 11:06:42,241 INFO: Load checkpoint state successfully!
2022-07-26 11:06:42,242 INFO: Create model successfully! Params: [58.61]K
2022-07-26 11:06:42,242 INFO: Model: "model"
2022-07-26 11:06:42,242 INFO: __________________________________________________________________________________________________
2022-07-26 11:06:42,242 INFO: Layer (type)                    Output Shape         Param #     Connected to                     
2022-07-26 11:06:42,242 INFO: ==================================================================================================
2022-07-26 11:06:42,242 INFO: input_1 (InputLayer)            [(None, None, None,  0                                            
2022-07-26 11:06:42,242 INFO: __________________________________________________________________________________________________
2022-07-26 11:06:42,242 INFO: conv2d (Conv2D)                 (None, None, None, 2 812         input_1[0][0]                    
2022-07-26 11:06:42,242 INFO: __________________________________________________________________________________________________
2022-07-26 11:06:42,243 INFO: conv2d_1_1 (Conv2D)             (None, None, None, 5 15196       conv2d[0][0]                     
2022-07-26 11:06:42,243 INFO: __________________________________________________________________________________________________
2022-07-26 11:06:42,243 INFO: conv2d_1_2 (Conv2D)             (None, None, None, 2 1711        conv2d_1_1[0][0]                 
2022-07-26 11:06:42,243 INFO: __________________________________________________________________________________________________
2022-07-26 11:06:42,243 INFO: conv2d_2_1 (Conv2D)             (None, None, None, 5 15196       conv2d_1_2[0][0]                 
2022-07-26 11:06:42,243 INFO: __________________________________________________________________________________________________
2022-07-26 11:06:42,243 INFO: conv2d_2_2 (Conv2D)             (None, None, None, 2 1711        conv2d_2_1[0][0]                 
2022-07-26 11:06:42,243 INFO: __________________________________________________________________________________________________
2022-07-26 11:06:42,243 INFO: conv2d_3_1 (Conv2D)             (None, None, None, 5 15196       conv2d_2_2[0][0]                 
2022-07-26 11:06:42,243 INFO: __________________________________________________________________________________________________
2022-07-26 11:06:42,243 INFO: conv2d_3_2 (Conv2D)             (None, None, None, 2 1711        conv2d_3_1[0][0]                 
2022-07-26 11:06:42,243 INFO: __________________________________________________________________________________________________
2022-07-26 11:06:42,243 INFO: lambda (Lambda)                 (None, None, None, 2 0           input_1[0][0]                    
2022-07-26 11:06:42,243 INFO:                                                                  input_1[0][0]                    
2022-07-26 11:06:42,243 INFO:                                                                  input_1[0][0]                    
2022-07-26 11:06:42,243 INFO:                                                                  input_1[0][0]                    
2022-07-26 11:06:42,243 INFO:                                                                  input_1[0][0]                    
2022-07-26 11:06:42,243 INFO:                                                                  input_1[0][0]                    
2022-07-26 11:06:42,244 INFO:                                                                  input_1[0][0]                    
2022-07-26 11:06:42,244 INFO:                                                                  input_1[0][0]                    
2022-07-26 11:06:42,244 INFO:                                                                  input_1[0][0]                    
2022-07-26 11:06:42,244 INFO: __________________________________________________________________________________________________
2022-07-26 11:06:42,244 INFO: conv2d_4 (Conv2D)               (None, None, None, 2 7074        conv2d_3_2[0][0]                 
2022-07-26 11:06:42,244 INFO: __________________________________________________________________________________________________
2022-07-26 11:06:42,244 INFO: add (Add)                       (None, None, None, 2 0           lambda[0][0]                     
2022-07-26 11:06:42,244 INFO:                                                                  conv2d_4[0][0]                   
2022-07-26 11:06:42,244 INFO: __________________________________________________________________________________________________
2022-07-26 11:06:42,244 INFO: lambda_1 (Lambda)               (None, None, None, 3 0           add[0][0]                        
2022-07-26 11:06:42,244 INFO: ==================================================================================================
2022-07-26 11:06:42,244 INFO: Total params: 58,607
2022-07-26 11:06:42,244 INFO: Trainable params: 58,607
2022-07-26 11:06:42,244 INFO: Non-trainable params: 0
2022-07-26 11:06:42,244 INFO: __________________________________________________________________________________________________
2022-07-26 11:06:42,246 INFO: Start training...
2022-07-26 11:07:47,388 INFO: Epoch: 565 | PSNR: 30.1066 | Loss: 5.5731 | lr: 6.25e-05 | Best_PSNR: 30.1070 | max_value: 255.0 in Epoch [564]
2022-07-26 11:08:50,558 INFO: Epoch: 566 | PSNR: 30.1065 | Loss: 5.5078 | lr: 6.25e-05 | Best_PSNR: 30.1070 | max_value: 255.0 in Epoch [564]
2022-07-26 11:09:49,136 INFO: Epoch: 567 | PSNR: 30.1066 | Loss: 5.4820 | lr: 6.25e-05 | Best_PSNR: 30.1070 | max_value: 255.0 in Epoch [564]
2022-07-26 11:10:42,435 INFO: Epoch: 568 | PSNR: 30.1066 | Loss: 5.5612 | lr: 6.25e-05 | Best_PSNR: 30.1070 | max_value: 255.0 in Epoch [564]
2022-07-26 11:11:36,080 INFO: Epoch: 569 | PSNR: 30.1063 | Loss: 5.5023 | lr: 6.25e-05 | Best_PSNR: 30.1070 | max_value: 255.0 in Epoch [564]
2022-07-26 11:12:33,314 INFO: Epoch: 570 | PSNR: 30.1056 | Loss: 5.4965 | lr: 6.25e-05 | Best_PSNR: 30.1070 | max_value: 255.0 in Epoch [564]
2022-07-26 11:13:31,949 INFO: Epoch: 571 | PSNR: 30.1052 | Loss: 5.5121 | lr: 6.25e-05 | Best_PSNR: 30.1070 | max_value: 255.0 in Epoch [564]
2022-07-26 11:14:47,355 INFO: Epoch: 572 | PSNR: 30.1057 | Loss: 5.5495 | lr: 6.25e-05 | Best_PSNR: 30.1070 | max_value: 255.0 in Epoch [564]
2022-07-26 11:15:37,427 INFO: Epoch: 573 | PSNR: 30.1060 | Loss: 5.5166 | lr: 6.25e-05 | Best_PSNR: 30.1070 | max_value: 255.0 in Epoch [564]
