2022-07-08 21:36:43,168 INFO: Create train dataset successfully!
2022-07-08 21:36:43,168 INFO: Training: [1000] iterations for each epoch
2022-07-08 21:36:43,168 INFO: Create val dataset successfully!
2022-07-08 21:36:43,168 INFO: Validating: [100] iterations for each epoch
2022-07-08 21:36:43,168 INFO: Preparing for experiment: [trial3]
2022-07-08 21:36:44,191 INFO: Create model successfully! Params: [29.31]K
2022-07-08 21:36:44,191 INFO: Start training...
2022-07-08 21:37:26,287 INFO: Epoch: 1 | PSNR: 29.0446 | Loss: 6.5677 | lr: 1.00e-03 | Best_PSNR: 29.0446 in Epoch [1]
2022-07-08 21:37:55,212 INFO: Epoch: 2 | PSNR: 29.2335 | Loss: 6.0729 | lr: 1.00e-03 | Best_PSNR: 29.2335 in Epoch [2]
2022-07-08 21:38:18,349 INFO: Epoch: 3 | PSNR: 29.3280 | Loss: 6.0424 | lr: 1.00e-03 | Best_PSNR: 29.3280 in Epoch [3]
2022-07-08 21:38:41,728 INFO: Epoch: 4 | PSNR: 29.4419 | Loss: 5.9087 | lr: 1.00e-03 | Best_PSNR: 29.4419 in Epoch [4]
2022-07-08 21:39:05,302 INFO: Epoch: 5 | PSNR: 29.5721 | Loss: 5.8751 | lr: 1.00e-03 | Best_PSNR: 29.5721 in Epoch [5]
2022-07-08 21:39:29,143 INFO: Epoch: 6 | PSNR: 29.6001 | Loss: 5.8658 | lr: 1.00e-03 | Best_PSNR: 29.6001 in Epoch [6]
2022-07-08 21:39:53,294 INFO: Epoch: 7 | PSNR: 29.6513 | Loss: 5.8253 | lr: 1.00e-03 | Best_PSNR: 29.6513 in Epoch [7]
2022-07-08 21:40:17,228 INFO: Epoch: 8 | PSNR: 29.6798 | Loss: 5.7577 | lr: 1.00e-03 | Best_PSNR: 29.6798 in Epoch [8]
2022-07-08 21:40:41,050 INFO: Epoch: 9 | PSNR: 29.7009 | Loss: 5.7835 | lr: 1.00e-03 | Best_PSNR: 29.7009 in Epoch [9]
2022-07-08 21:41:05,091 INFO: Epoch: 10 | PSNR: 29.7036 | Loss: 5.7741 | lr: 1.00e-03 | Best_PSNR: 29.7036 in Epoch [10]
2022-07-08 21:41:28,610 INFO: Epoch: 11 | PSNR: 29.6940 | Loss: 5.7784 | lr: 1.00e-03 | Best_PSNR: 29.7036 in Epoch [10]
2022-07-08 21:41:52,140 INFO: Epoch: 12 | PSNR: 29.6932 | Loss: 5.7218 | lr: 1.00e-03 | Best_PSNR: 29.7036 in Epoch [10]
2022-07-08 21:42:16,476 INFO: Epoch: 13 | PSNR: 29.7380 | Loss: 5.7162 | lr: 1.00e-03 | Best_PSNR: 29.7380 in Epoch [13]
2022-07-08 21:42:40,388 INFO: Epoch: 14 | PSNR: 29.7382 | Loss: 5.7792 | lr: 1.00e-03 | Best_PSNR: 29.7382 in Epoch [14]
2022-07-08 21:43:04,457 INFO: Epoch: 15 | PSNR: 29.7488 | Loss: 5.7040 | lr: 1.00e-03 | Best_PSNR: 29.7488 in Epoch [15]
2022-07-08 21:43:28,727 INFO: Epoch: 16 | PSNR: 29.7616 | Loss: 5.7251 | lr: 1.00e-03 | Best_PSNR: 29.7616 in Epoch [16]
2022-07-08 21:43:52,450 INFO: Epoch: 17 | PSNR: 29.7754 | Loss: 5.7256 | lr: 1.00e-03 | Best_PSNR: 29.7754 in Epoch [17]
2022-07-08 21:44:17,109 INFO: Epoch: 18 | PSNR: 29.7754 | Loss: 5.7469 | lr: 1.00e-03 | Best_PSNR: 29.7754 in Epoch [17]
2022-07-08 21:44:40,816 INFO: Epoch: 19 | PSNR: 29.7657 | Loss: 5.7451 | lr: 1.00e-03 | Best_PSNR: 29.7754 in Epoch [17]
2022-07-08 21:45:05,301 INFO: Epoch: 20 | PSNR: 29.8045 | Loss: 5.7533 | lr: 1.00e-03 | Best_PSNR: 29.8045 in Epoch [20]
2022-07-08 21:45:29,276 INFO: Epoch: 21 | PSNR: 29.8034 | Loss: 5.6948 | lr: 1.00e-03 | Best_PSNR: 29.8045 in Epoch [20]
2022-07-08 21:45:54,431 INFO: Epoch: 22 | PSNR: 29.8299 | Loss: 5.7053 | lr: 1.00e-03 | Best_PSNR: 29.8299 in Epoch [22]
2022-07-08 21:46:19,184 INFO: Epoch: 23 | PSNR: 29.8457 | Loss: 5.7126 | lr: 1.00e-03 | Best_PSNR: 29.8457 in Epoch [23]
2022-07-08 21:46:43,246 INFO: Epoch: 24 | PSNR: 29.8266 | Loss: 5.7064 | lr: 1.00e-03 | Best_PSNR: 29.8457 in Epoch [23]
2022-07-08 21:47:07,578 INFO: Epoch: 25 | PSNR: 29.8420 | Loss: 5.6565 | lr: 1.00e-03 | Best_PSNR: 29.8457 in Epoch [23]
2022-07-08 21:47:31,987 INFO: Epoch: 26 | PSNR: 29.8554 | Loss: 5.6173 | lr: 1.00e-03 | Best_PSNR: 29.8554 in Epoch [26]
2022-07-08 21:47:56,096 INFO: Epoch: 27 | PSNR: 29.8314 | Loss: 5.6490 | lr: 1.00e-03 | Best_PSNR: 29.8554 in Epoch [26]
2022-07-08 21:48:20,470 INFO: Epoch: 28 | PSNR: 29.8573 | Loss: 5.6497 | lr: 1.00e-03 | Best_PSNR: 29.8573 in Epoch [28]
2022-07-08 21:48:44,784 INFO: Epoch: 29 | PSNR: 29.8753 | Loss: 5.6573 | lr: 1.00e-03 | Best_PSNR: 29.8753 in Epoch [29]
2022-07-08 21:49:09,579 INFO: Epoch: 30 | PSNR: 29.8787 | Loss: 5.6945 | lr: 1.00e-03 | Best_PSNR: 29.8787 in Epoch [30]
2022-07-08 21:49:33,447 INFO: Epoch: 31 | PSNR: 29.8140 | Loss: 5.6844 | lr: 1.00e-03 | Best_PSNR: 29.8787 in Epoch [30]
2022-07-08 21:49:58,027 INFO: Epoch: 32 | PSNR: 29.8915 | Loss: 5.6579 | lr: 1.00e-03 | Best_PSNR: 29.8915 in Epoch [32]
2022-07-08 21:50:21,120 INFO: Epoch: 33 | PSNR: 29.8431 | Loss: 5.6373 | lr: 1.00e-03 | Best_PSNR: 29.8915 in Epoch [32]
2022-07-08 21:50:44,152 INFO: Epoch: 34 | PSNR: 29.8638 | Loss: 5.6456 | lr: 1.00e-03 | Best_PSNR: 29.8915 in Epoch [32]
2022-07-08 21:51:07,110 INFO: Epoch: 35 | PSNR: 29.8830 | Loss: 5.6062 | lr: 1.00e-03 | Best_PSNR: 29.8915 in Epoch [32]
2022-07-08 21:51:30,533 INFO: Epoch: 36 | PSNR: 29.8971 | Loss: 5.6285 | lr: 1.00e-03 | Best_PSNR: 29.8971 in Epoch [36]
2022-07-08 21:51:53,832 INFO: Epoch: 37 | PSNR: 29.9048 | Loss: 5.5936 | lr: 1.00e-03 | Best_PSNR: 29.9048 in Epoch [37]
2022-07-08 21:52:16,744 INFO: Epoch: 38 | PSNR: 29.8960 | Loss: 5.6825 | lr: 1.00e-03 | Best_PSNR: 29.9048 in Epoch [37]
2022-07-08 21:52:39,777 INFO: Epoch: 39 | PSNR: 29.9017 | Loss: 5.6479 | lr: 1.00e-03 | Best_PSNR: 29.9048 in Epoch [37]
2022-07-08 21:53:02,989 INFO: Epoch: 40 | PSNR: 29.8968 | Loss: 5.6630 | lr: 1.00e-03 | Best_PSNR: 29.9048 in Epoch [37]
2022-07-08 21:53:26,701 INFO: Epoch: 41 | PSNR: 29.9171 | Loss: 5.6766 | lr: 1.00e-03 | Best_PSNR: 29.9171 in Epoch [41]
2022-07-08 21:53:49,825 INFO: Epoch: 42 | PSNR: 29.9219 | Loss: 5.7030 | lr: 1.00e-03 | Best_PSNR: 29.9219 in Epoch [42]
2022-07-08 21:54:12,645 INFO: Epoch: 43 | PSNR: 29.8924 | Loss: 5.6782 | lr: 1.00e-03 | Best_PSNR: 29.9219 in Epoch [42]
2022-07-08 21:54:35,533 INFO: Epoch: 44 | PSNR: 29.9154 | Loss: 5.6251 | lr: 1.00e-03 | Best_PSNR: 29.9219 in Epoch [42]
2022-07-08 21:54:58,651 INFO: Epoch: 45 | PSNR: 29.8853 | Loss: 5.6398 | lr: 1.00e-03 | Best_PSNR: 29.9219 in Epoch [42]
2022-07-08 21:55:21,673 INFO: Epoch: 46 | PSNR: 29.9017 | Loss: 5.6947 | lr: 1.00e-03 | Best_PSNR: 29.9219 in Epoch [42]
2022-07-08 21:55:44,769 INFO: Epoch: 47 | PSNR: 29.9294 | Loss: 5.6291 | lr: 1.00e-03 | Best_PSNR: 29.9294 in Epoch [47]
2022-07-08 21:56:07,609 INFO: Epoch: 48 | PSNR: 29.9229 | Loss: 5.6496 | lr: 1.00e-03 | Best_PSNR: 29.9294 in Epoch [47]
2022-07-08 21:56:30,470 INFO: Epoch: 49 | PSNR: 29.9148 | Loss: 5.6250 | lr: 1.00e-03 | Best_PSNR: 29.9294 in Epoch [47]
2022-07-08 21:56:53,981 INFO: Epoch: 50 | PSNR: 29.9438 | Loss: 5.6219 | lr: 1.00e-03 | Best_PSNR: 29.9438 in Epoch [50]
2022-07-08 21:57:17,357 INFO: Epoch: 51 | PSNR: 29.9241 | Loss: 5.6393 | lr: 1.00e-03 | Best_PSNR: 29.9438 in Epoch [50]
2022-07-08 21:57:40,199 INFO: Epoch: 52 | PSNR: 29.9031 | Loss: 5.6470 | lr: 1.00e-03 | Best_PSNR: 29.9438 in Epoch [50]
2022-07-08 21:58:03,195 INFO: Epoch: 53 | PSNR: 29.9036 | Loss: 5.6160 | lr: 1.00e-03 | Best_PSNR: 29.9438 in Epoch [50]
2022-07-08 21:58:26,358 INFO: Epoch: 54 | PSNR: 29.9138 | Loss: 5.6647 | lr: 1.00e-03 | Best_PSNR: 29.9438 in Epoch [50]
2022-07-08 21:58:49,177 INFO: Epoch: 55 | PSNR: 29.9161 | Loss: 5.6477 | lr: 1.00e-03 | Best_PSNR: 29.9438 in Epoch [50]
2022-07-08 21:59:12,401 INFO: Epoch: 56 | PSNR: 29.9399 | Loss: 5.6333 | lr: 1.00e-03 | Best_PSNR: 29.9438 in Epoch [50]
2022-07-08 21:59:35,616 INFO: Epoch: 57 | PSNR: 29.9406 | Loss: 5.6265 | lr: 1.00e-03 | Best_PSNR: 29.9438 in Epoch [50]
2022-07-08 21:59:59,384 INFO: Epoch: 58 | PSNR: 29.9469 | Loss: 5.6310 | lr: 1.00e-03 | Best_PSNR: 29.9469 in Epoch [58]
2022-07-08 22:00:22,344 INFO: Epoch: 59 | PSNR: 29.9389 | Loss: 5.6018 | lr: 1.00e-03 | Best_PSNR: 29.9469 in Epoch [58]
2022-07-08 22:00:45,736 INFO: Epoch: 60 | PSNR: 29.9284 | Loss: 5.6101 | lr: 1.00e-03 | Best_PSNR: 29.9469 in Epoch [58]
2022-07-08 22:01:09,421 INFO: Epoch: 61 | PSNR: 29.9484 | Loss: 5.6231 | lr: 1.00e-03 | Best_PSNR: 29.9484 in Epoch [61]
2022-07-08 22:01:33,250 INFO: Epoch: 62 | PSNR: 29.9628 | Loss: 5.5597 | lr: 1.00e-03 | Best_PSNR: 29.9628 in Epoch [62]
2022-07-08 22:01:56,240 INFO: Epoch: 63 | PSNR: 29.9594 | Loss: 5.6456 | lr: 1.00e-03 | Best_PSNR: 29.9628 in Epoch [62]
2022-07-08 22:02:19,806 INFO: Epoch: 64 | PSNR: 29.9536 | Loss: 5.5588 | lr: 1.00e-03 | Best_PSNR: 29.9628 in Epoch [62]
2022-07-08 22:02:43,062 INFO: Epoch: 65 | PSNR: 29.9055 | Loss: 5.5691 | lr: 1.00e-03 | Best_PSNR: 29.9628 in Epoch [62]
2022-07-08 22:03:06,216 INFO: Epoch: 66 | PSNR: 29.9381 | Loss: 5.6088 | lr: 1.00e-03 | Best_PSNR: 29.9628 in Epoch [62]
2022-07-08 22:03:29,213 INFO: Epoch: 67 | PSNR: 29.9328 | Loss: 5.6393 | lr: 1.00e-03 | Best_PSNR: 29.9628 in Epoch [62]
2022-07-08 22:03:52,080 INFO: Epoch: 68 | PSNR: 29.9219 | Loss: 5.6371 | lr: 1.00e-03 | Best_PSNR: 29.9628 in Epoch [62]
2022-07-08 22:04:15,142 INFO: Epoch: 69 | PSNR: 29.9486 | Loss: 5.6524 | lr: 1.00e-03 | Best_PSNR: 29.9628 in Epoch [62]
2022-07-08 22:04:38,724 INFO: Epoch: 70 | PSNR: 29.9671 | Loss: 5.6578 | lr: 1.00e-03 | Best_PSNR: 29.9671 in Epoch [70]
2022-07-08 22:05:01,720 INFO: Epoch: 71 | PSNR: 29.9273 | Loss: 5.6136 | lr: 1.00e-03 | Best_PSNR: 29.9671 in Epoch [70]
2022-07-08 22:05:24,898 INFO: Epoch: 72 | PSNR: 29.9560 | Loss: 5.5878 | lr: 1.00e-03 | Best_PSNR: 29.9671 in Epoch [70]
2022-07-08 22:05:48,840 INFO: Epoch: 73 | PSNR: 29.9799 | Loss: 5.6430 | lr: 1.00e-03 | Best_PSNR: 29.9799 in Epoch [73]
2022-07-08 22:06:12,289 INFO: Epoch: 74 | PSNR: 29.9448 | Loss: 5.6235 | lr: 1.00e-03 | Best_PSNR: 29.9799 in Epoch [73]
2022-07-08 22:06:35,532 INFO: Epoch: 75 | PSNR: 29.9593 | Loss: 5.5898 | lr: 1.00e-03 | Best_PSNR: 29.9799 in Epoch [73]
2022-07-08 22:06:58,640 INFO: Epoch: 76 | PSNR: 29.9646 | Loss: 5.6040 | lr: 1.00e-03 | Best_PSNR: 29.9799 in Epoch [73]
2022-07-08 22:07:21,808 INFO: Epoch: 77 | PSNR: 29.9578 | Loss: 5.6242 | lr: 1.00e-03 | Best_PSNR: 29.9799 in Epoch [73]
2022-07-08 22:07:44,802 INFO: Epoch: 78 | PSNR: 29.9478 | Loss: 5.6013 | lr: 1.00e-03 | Best_PSNR: 29.9799 in Epoch [73]
2022-07-08 22:08:07,638 INFO: Epoch: 79 | PSNR: 29.9187 | Loss: 5.5984 | lr: 1.00e-03 | Best_PSNR: 29.9799 in Epoch [73]
2022-07-08 22:08:30,541 INFO: Epoch: 80 | PSNR: 29.9658 | Loss: 5.6475 | lr: 1.00e-03 | Best_PSNR: 29.9799 in Epoch [73]
2022-07-08 22:08:53,556 INFO: Epoch: 81 | PSNR: 29.9420 | Loss: 5.6201 | lr: 1.00e-03 | Best_PSNR: 29.9799 in Epoch [73]
2022-07-08 22:09:17,177 INFO: Epoch: 82 | PSNR: 29.9742 | Loss: 5.6319 | lr: 1.00e-03 | Best_PSNR: 29.9799 in Epoch [73]
2022-07-08 22:09:40,368 INFO: Epoch: 83 | PSNR: 29.9599 | Loss: 5.6198 | lr: 1.00e-03 | Best_PSNR: 29.9799 in Epoch [73]
2022-07-08 22:10:03,273 INFO: Epoch: 84 | PSNR: 29.9740 | Loss: 5.6351 | lr: 1.00e-03 | Best_PSNR: 29.9799 in Epoch [73]
2022-07-08 22:10:26,171 INFO: Epoch: 85 | PSNR: 29.8820 | Loss: 5.6143 | lr: 1.00e-03 | Best_PSNR: 29.9799 in Epoch [73]
2022-07-08 22:10:49,270 INFO: Epoch: 86 | PSNR: 29.9488 | Loss: 5.6154 | lr: 1.00e-03 | Best_PSNR: 29.9799 in Epoch [73]
2022-07-08 22:11:12,513 INFO: Epoch: 87 | PSNR: 29.9671 | Loss: 5.6133 | lr: 1.00e-03 | Best_PSNR: 29.9799 in Epoch [73]
2022-07-08 22:11:35,604 INFO: Epoch: 88 | PSNR: 29.9701 | Loss: 5.5867 | lr: 1.00e-03 | Best_PSNR: 29.9799 in Epoch [73]
2022-07-08 22:11:58,661 INFO: Epoch: 89 | PSNR: 29.9323 | Loss: 5.5778 | lr: 1.00e-03 | Best_PSNR: 29.9799 in Epoch [73]
2022-07-08 22:12:21,960 INFO: Epoch: 90 | PSNR: 29.9646 | Loss: 5.6353 | lr: 1.00e-03 | Best_PSNR: 29.9799 in Epoch [73]
2022-07-08 22:12:45,238 INFO: Epoch: 91 | PSNR: 29.9712 | Loss: 5.5944 | lr: 1.00e-03 | Best_PSNR: 29.9799 in Epoch [73]
2022-07-08 22:13:08,578 INFO: Epoch: 92 | PSNR: 29.9723 | Loss: 5.6108 | lr: 1.00e-03 | Best_PSNR: 29.9799 in Epoch [73]
2022-07-08 22:13:32,384 INFO: Epoch: 93 | PSNR: 29.9801 | Loss: 5.6039 | lr: 1.00e-03 | Best_PSNR: 29.9801 in Epoch [93]
2022-07-08 22:13:55,396 INFO: Epoch: 94 | PSNR: 29.9689 | Loss: 5.6421 | lr: 1.00e-03 | Best_PSNR: 29.9801 in Epoch [93]
2022-07-08 22:14:18,269 INFO: Epoch: 95 | PSNR: 29.9465 | Loss: 5.5697 | lr: 1.00e-03 | Best_PSNR: 29.9801 in Epoch [93]
2022-07-08 22:14:40,980 INFO: Epoch: 96 | PSNR: 29.9649 | Loss: 5.6534 | lr: 1.00e-03 | Best_PSNR: 29.9801 in Epoch [93]
2022-07-08 22:15:03,787 INFO: Epoch: 97 | PSNR: 29.9788 | Loss: 5.6580 | lr: 1.00e-03 | Best_PSNR: 29.9801 in Epoch [93]
2022-07-08 22:15:26,827 INFO: Epoch: 98 | PSNR: 29.9761 | Loss: 5.5777 | lr: 1.00e-03 | Best_PSNR: 29.9801 in Epoch [93]
2022-07-08 22:15:49,949 INFO: Epoch: 99 | PSNR: 29.9779 | Loss: 5.5764 | lr: 1.00e-03 | Best_PSNR: 29.9801 in Epoch [93]
2022-07-08 22:16:12,849 INFO: Epoch: 100 | PSNR: 29.9438 | Loss: 5.6049 | lr: 1.00e-03 | Best_PSNR: 29.9801 in Epoch [93]
2022-07-08 22:16:35,940 INFO: Epoch: 101 | PSNR: 29.9415 | Loss: 5.5918 | lr: 1.00e-03 | Best_PSNR: 29.9801 in Epoch [93]
2022-07-08 22:16:58,797 INFO: Epoch: 102 | PSNR: 29.9770 | Loss: 5.6212 | lr: 1.00e-03 | Best_PSNR: 29.9801 in Epoch [93]
2022-07-08 22:17:22,636 INFO: Epoch: 103 | PSNR: 29.9931 | Loss: 5.5993 | lr: 1.00e-03 | Best_PSNR: 29.9931 in Epoch [103]
2022-07-08 22:17:45,771 INFO: Epoch: 104 | PSNR: 29.9601 | Loss: 5.5643 | lr: 1.00e-03 | Best_PSNR: 29.9931 in Epoch [103]
2022-07-08 22:18:09,080 INFO: Epoch: 105 | PSNR: 29.9792 | Loss: 5.6002 | lr: 1.00e-03 | Best_PSNR: 29.9931 in Epoch [103]
2022-07-08 22:18:31,987 INFO: Epoch: 106 | PSNR: 29.9341 | Loss: 5.6060 | lr: 1.00e-03 | Best_PSNR: 29.9931 in Epoch [103]
2022-07-08 22:18:55,586 INFO: Epoch: 107 | PSNR: 29.9650 | Loss: 5.6265 | lr: 1.00e-03 | Best_PSNR: 29.9931 in Epoch [103]
2022-07-08 22:19:18,708 INFO: Epoch: 108 | PSNR: 29.9704 | Loss: 5.5897 | lr: 1.00e-03 | Best_PSNR: 29.9931 in Epoch [103]
2022-07-08 22:19:41,783 INFO: Epoch: 109 | PSNR: 29.9743 | Loss: 5.5954 | lr: 1.00e-03 | Best_PSNR: 29.9931 in Epoch [103]
2022-07-08 22:20:04,996 INFO: Epoch: 110 | PSNR: 29.9767 | Loss: 5.5825 | lr: 1.00e-03 | Best_PSNR: 29.9931 in Epoch [103]
2022-07-08 22:20:28,350 INFO: Epoch: 111 | PSNR: 29.9826 | Loss: 5.5887 | lr: 1.00e-03 | Best_PSNR: 29.9931 in Epoch [103]
2022-07-08 22:20:51,536 INFO: Epoch: 112 | PSNR: 29.9718 | Loss: 5.6040 | lr: 1.00e-03 | Best_PSNR: 29.9931 in Epoch [103]
2022-07-08 22:21:14,706 INFO: Epoch: 113 | PSNR: 29.9866 | Loss: 5.6179 | lr: 1.00e-03 | Best_PSNR: 29.9931 in Epoch [103]
2022-07-08 22:21:38,013 INFO: Epoch: 114 | PSNR: 29.9872 | Loss: 5.6049 | lr: 1.00e-03 | Best_PSNR: 29.9931 in Epoch [103]
2022-07-08 22:22:01,423 INFO: Epoch: 115 | PSNR: 29.9917 | Loss: 5.6369 | lr: 1.00e-03 | Best_PSNR: 29.9931 in Epoch [103]
2022-07-08 22:22:25,484 INFO: Epoch: 116 | PSNR: 30.0010 | Loss: 5.6251 | lr: 1.00e-03 | Best_PSNR: 30.0010 in Epoch [116]
2022-07-08 22:22:49,232 INFO: Epoch: 117 | PSNR: 29.9510 | Loss: 5.5652 | lr: 1.00e-03 | Best_PSNR: 30.0010 in Epoch [116]
2022-07-08 22:23:13,094 INFO: Epoch: 118 | PSNR: 29.9828 | Loss: 5.5841 | lr: 1.00e-03 | Best_PSNR: 30.0010 in Epoch [116]
2022-07-08 22:23:36,675 INFO: Epoch: 119 | PSNR: 29.9731 | Loss: 5.6268 | lr: 1.00e-03 | Best_PSNR: 30.0010 in Epoch [116]
2022-07-08 22:23:59,820 INFO: Epoch: 120 | PSNR: 29.9915 | Loss: 5.6161 | lr: 1.00e-03 | Best_PSNR: 30.0010 in Epoch [116]
2022-07-08 22:24:23,323 INFO: Epoch: 121 | PSNR: 30.0093 | Loss: 5.5928 | lr: 5.00e-04 | Best_PSNR: 30.0093 in Epoch [121]
2022-07-08 22:24:46,044 INFO: Epoch: 122 | PSNR: 29.9966 | Loss: 5.5828 | lr: 5.00e-04 | Best_PSNR: 30.0093 in Epoch [121]
2022-07-08 22:25:08,908 INFO: Epoch: 123 | PSNR: 30.0088 | Loss: 5.6009 | lr: 5.00e-04 | Best_PSNR: 30.0093 in Epoch [121]
2022-07-08 22:25:32,531 INFO: Epoch: 124 | PSNR: 29.9903 | Loss: 5.6230 | lr: 5.00e-04 | Best_PSNR: 30.0093 in Epoch [121]
2022-07-08 22:25:55,815 INFO: Epoch: 125 | PSNR: 30.0075 | Loss: 5.5971 | lr: 5.00e-04 | Best_PSNR: 30.0093 in Epoch [121]
2022-07-08 22:26:19,652 INFO: Epoch: 126 | PSNR: 30.0098 | Loss: 5.5862 | lr: 5.00e-04 | Best_PSNR: 30.0098 in Epoch [126]
2022-07-08 22:26:43,618 INFO: Epoch: 127 | PSNR: 30.0165 | Loss: 5.6386 | lr: 5.00e-04 | Best_PSNR: 30.0165 in Epoch [127]
2022-07-08 22:27:07,154 INFO: Epoch: 128 | PSNR: 30.0124 | Loss: 5.6400 | lr: 5.00e-04 | Best_PSNR: 30.0165 in Epoch [127]
2022-07-08 22:27:30,709 INFO: Epoch: 129 | PSNR: 30.0084 | Loss: 5.5738 | lr: 5.00e-04 | Best_PSNR: 30.0165 in Epoch [127]
2022-07-08 22:27:54,331 INFO: Epoch: 130 | PSNR: 30.0031 | Loss: 5.5992 | lr: 5.00e-04 | Best_PSNR: 30.0165 in Epoch [127]
2022-07-08 22:28:17,793 INFO: Epoch: 131 | PSNR: 30.0145 | Loss: 5.5694 | lr: 5.00e-04 | Best_PSNR: 30.0165 in Epoch [127]
2022-07-08 22:28:41,319 INFO: Epoch: 132 | PSNR: 30.0109 | Loss: 5.5522 | lr: 5.00e-04 | Best_PSNR: 30.0165 in Epoch [127]
2022-07-08 22:29:04,652 INFO: Epoch: 133 | PSNR: 30.0117 | Loss: 5.5585 | lr: 5.00e-04 | Best_PSNR: 30.0165 in Epoch [127]
2022-07-08 22:29:28,325 INFO: Epoch: 134 | PSNR: 30.0134 | Loss: 5.5864 | lr: 5.00e-04 | Best_PSNR: 30.0165 in Epoch [127]
2022-07-08 22:29:52,298 INFO: Epoch: 135 | PSNR: 30.0184 | Loss: 5.6057 | lr: 5.00e-04 | Best_PSNR: 30.0184 in Epoch [135]
2022-07-08 22:30:15,615 INFO: Epoch: 136 | PSNR: 30.0033 | Loss: 5.6372 | lr: 5.00e-04 | Best_PSNR: 30.0184 in Epoch [135]
2022-07-08 22:30:38,541 INFO: Epoch: 137 | PSNR: 30.0126 | Loss: 5.5835 | lr: 5.00e-04 | Best_PSNR: 30.0184 in Epoch [135]
2022-07-08 22:31:01,457 INFO: Epoch: 138 | PSNR: 30.0058 | Loss: 5.5743 | lr: 5.00e-04 | Best_PSNR: 30.0184 in Epoch [135]
2022-07-08 22:31:24,618 INFO: Epoch: 139 | PSNR: 30.0140 | Loss: 5.5502 | lr: 5.00e-04 | Best_PSNR: 30.0184 in Epoch [135]
2022-07-08 22:31:47,591 INFO: Epoch: 140 | PSNR: 30.0063 | Loss: 5.5662 | lr: 5.00e-04 | Best_PSNR: 30.0184 in Epoch [135]
2022-07-08 22:32:11,235 INFO: Epoch: 141 | PSNR: 30.0184 | Loss: 5.6284 | lr: 5.00e-04 | Best_PSNR: 30.0184 in Epoch [135]
2022-07-08 22:32:34,705 INFO: Epoch: 142 | PSNR: 29.9496 | Loss: 5.5730 | lr: 5.00e-04 | Best_PSNR: 30.0184 in Epoch [135]
2022-07-08 22:32:58,473 INFO: Epoch: 143 | PSNR: 30.0149 | Loss: 5.5875 | lr: 5.00e-04 | Best_PSNR: 30.0184 in Epoch [135]
2022-07-08 22:33:22,777 INFO: Epoch: 144 | PSNR: 30.0207 | Loss: 5.6016 | lr: 5.00e-04 | Best_PSNR: 30.0207 in Epoch [144]
2022-07-08 22:33:46,503 INFO: Epoch: 145 | PSNR: 30.0091 | Loss: 5.5611 | lr: 5.00e-04 | Best_PSNR: 30.0207 in Epoch [144]
2022-07-08 22:34:10,163 INFO: Epoch: 146 | PSNR: 29.9967 | Loss: 5.5805 | lr: 5.00e-04 | Best_PSNR: 30.0207 in Epoch [144]
2022-07-08 22:34:33,659 INFO: Epoch: 147 | PSNR: 30.0170 | Loss: 5.5522 | lr: 5.00e-04 | Best_PSNR: 30.0207 in Epoch [144]
2022-07-08 22:34:57,213 INFO: Epoch: 148 | PSNR: 29.9963 | Loss: 5.5860 | lr: 5.00e-04 | Best_PSNR: 30.0207 in Epoch [144]
2022-07-08 22:35:20,181 INFO: Epoch: 149 | PSNR: 30.0038 | Loss: 5.6168 | lr: 5.00e-04 | Best_PSNR: 30.0207 in Epoch [144]
2022-07-08 22:35:43,089 INFO: Epoch: 150 | PSNR: 30.0152 | Loss: 5.5473 | lr: 5.00e-04 | Best_PSNR: 30.0207 in Epoch [144]
2022-07-08 22:36:06,072 INFO: Epoch: 151 | PSNR: 30.0198 | Loss: 5.5693 | lr: 5.00e-04 | Best_PSNR: 30.0207 in Epoch [144]
2022-07-08 22:36:29,427 INFO: Epoch: 152 | PSNR: 30.0238 | Loss: 5.5605 | lr: 5.00e-04 | Best_PSNR: 30.0238 in Epoch [152]
2022-07-08 22:36:52,286 INFO: Epoch: 153 | PSNR: 30.0166 | Loss: 5.5743 | lr: 5.00e-04 | Best_PSNR: 30.0238 in Epoch [152]
2022-07-08 22:37:15,229 INFO: Epoch: 154 | PSNR: 29.9905 | Loss: 5.5375 | lr: 5.00e-04 | Best_PSNR: 30.0238 in Epoch [152]
2022-07-08 22:37:38,355 INFO: Epoch: 155 | PSNR: 29.9928 | Loss: 5.6055 | lr: 5.00e-04 | Best_PSNR: 30.0238 in Epoch [152]
2022-07-08 22:38:01,345 INFO: Epoch: 156 | PSNR: 30.0120 | Loss: 5.5474 | lr: 5.00e-04 | Best_PSNR: 30.0238 in Epoch [152]
2022-07-08 22:38:24,325 INFO: Epoch: 157 | PSNR: 30.0116 | Loss: 5.5744 | lr: 5.00e-04 | Best_PSNR: 30.0238 in Epoch [152]
2022-07-08 22:38:47,472 INFO: Epoch: 158 | PSNR: 30.0164 | Loss: 5.5905 | lr: 5.00e-04 | Best_PSNR: 30.0238 in Epoch [152]
2022-07-08 22:39:17,332 INFO: Epoch: 159 | PSNR: 30.0222 | Loss: 5.6177 | lr: 5.00e-04 | Best_PSNR: 30.0238 in Epoch [152]
2022-07-08 22:39:40,442 INFO: Epoch: 160 | PSNR: 29.9893 | Loss: 5.5639 | lr: 5.00e-04 | Best_PSNR: 30.0238 in Epoch [152]
2022-07-08 22:40:03,297 INFO: Epoch: 161 | PSNR: 29.9880 | Loss: 5.5629 | lr: 5.00e-04 | Best_PSNR: 30.0238 in Epoch [152]
2022-07-08 22:40:26,150 INFO: Epoch: 162 | PSNR: 30.0142 | Loss: 5.5816 | lr: 5.00e-04 | Best_PSNR: 30.0238 in Epoch [152]
2022-07-08 22:40:48,933 INFO: Epoch: 163 | PSNR: 30.0120 | Loss: 5.5618 | lr: 5.00e-04 | Best_PSNR: 30.0238 in Epoch [152]
2022-07-08 22:41:12,268 INFO: Epoch: 164 | PSNR: 30.0304 | Loss: 5.5278 | lr: 5.00e-04 | Best_PSNR: 30.0304 in Epoch [164]
2022-07-08 22:41:35,426 INFO: Epoch: 165 | PSNR: 30.0076 | Loss: 5.5584 | lr: 5.00e-04 | Best_PSNR: 30.0304 in Epoch [164]
2022-07-08 22:41:58,029 INFO: Epoch: 166 | PSNR: 30.0006 | Loss: 5.5784 | lr: 5.00e-04 | Best_PSNR: 30.0304 in Epoch [164]
2022-07-08 22:42:20,918 INFO: Epoch: 167 | PSNR: 30.0255 | Loss: 5.5463 | lr: 5.00e-04 | Best_PSNR: 30.0304 in Epoch [164]
2022-07-08 22:42:43,939 INFO: Epoch: 168 | PSNR: 30.0203 | Loss: 5.6165 | lr: 5.00e-04 | Best_PSNR: 30.0304 in Epoch [164]
2022-07-08 22:43:06,859 INFO: Epoch: 169 | PSNR: 30.0159 | Loss: 5.6108 | lr: 5.00e-04 | Best_PSNR: 30.0304 in Epoch [164]
2022-07-08 22:43:30,013 INFO: Epoch: 170 | PSNR: 30.0138 | Loss: 5.5674 | lr: 5.00e-04 | Best_PSNR: 30.0304 in Epoch [164]
2022-07-08 22:43:52,784 INFO: Epoch: 171 | PSNR: 30.0210 | Loss: 5.5717 | lr: 5.00e-04 | Best_PSNR: 30.0304 in Epoch [164]
2022-07-08 22:44:15,683 INFO: Epoch: 172 | PSNR: 30.0194 | Loss: 5.5827 | lr: 5.00e-04 | Best_PSNR: 30.0304 in Epoch [164]
2022-07-08 22:44:39,241 INFO: Epoch: 173 | PSNR: 30.0264 | Loss: 5.5753 | lr: 5.00e-04 | Best_PSNR: 30.0304 in Epoch [164]
2022-07-08 22:45:02,740 INFO: Epoch: 174 | PSNR: 30.0157 | Loss: 5.5785 | lr: 5.00e-04 | Best_PSNR: 30.0304 in Epoch [164]
2022-07-08 22:45:26,553 INFO: Epoch: 175 | PSNR: 30.0161 | Loss: 5.5757 | lr: 5.00e-04 | Best_PSNR: 30.0304 in Epoch [164]
2022-07-08 22:45:49,991 INFO: Epoch: 176 | PSNR: 30.0235 | Loss: 5.5571 | lr: 5.00e-04 | Best_PSNR: 30.0304 in Epoch [164]
2022-07-08 22:46:13,252 INFO: Epoch: 177 | PSNR: 30.0033 | Loss: 5.5778 | lr: 5.00e-04 | Best_PSNR: 30.0304 in Epoch [164]
2022-07-08 22:46:36,669 INFO: Epoch: 178 | PSNR: 29.9765 | Loss: 5.5641 | lr: 5.00e-04 | Best_PSNR: 30.0304 in Epoch [164]
2022-07-08 22:46:59,667 INFO: Epoch: 179 | PSNR: 30.0116 | Loss: 5.5402 | lr: 5.00e-04 | Best_PSNR: 30.0304 in Epoch [164]
2022-07-08 22:47:22,699 INFO: Epoch: 180 | PSNR: 29.9901 | Loss: 5.6462 | lr: 5.00e-04 | Best_PSNR: 30.0304 in Epoch [164]
2022-07-08 22:47:46,498 INFO: Epoch: 181 | PSNR: 30.0125 | Loss: 5.5930 | lr: 5.00e-04 | Best_PSNR: 30.0304 in Epoch [164]
2022-07-08 22:48:10,236 INFO: Epoch: 182 | PSNR: 30.0200 | Loss: 5.5757 | lr: 5.00e-04 | Best_PSNR: 30.0304 in Epoch [164]
2022-07-08 22:48:33,787 INFO: Epoch: 183 | PSNR: 30.0304 | Loss: 5.5513 | lr: 5.00e-04 | Best_PSNR: 30.0304 in Epoch [164]
2022-07-08 22:48:57,565 INFO: Epoch: 184 | PSNR: 30.0094 | Loss: 5.5465 | lr: 5.00e-04 | Best_PSNR: 30.0304 in Epoch [164]
2022-07-08 22:49:21,356 INFO: Epoch: 185 | PSNR: 30.0163 | Loss: 5.5740 | lr: 5.00e-04 | Best_PSNR: 30.0304 in Epoch [164]
2022-07-08 22:49:44,964 INFO: Epoch: 186 | PSNR: 29.9764 | Loss: 5.5358 | lr: 5.00e-04 | Best_PSNR: 30.0304 in Epoch [164]
2022-07-08 22:50:08,526 INFO: Epoch: 187 | PSNR: 30.0152 | Loss: 5.6094 | lr: 5.00e-04 | Best_PSNR: 30.0304 in Epoch [164]
2022-07-08 22:50:32,156 INFO: Epoch: 188 | PSNR: 30.0263 | Loss: 5.5795 | lr: 5.00e-04 | Best_PSNR: 30.0304 in Epoch [164]
2022-07-08 22:50:56,057 INFO: Epoch: 189 | PSNR: 30.0115 | Loss: 5.6006 | lr: 5.00e-04 | Best_PSNR: 30.0304 in Epoch [164]
2022-07-08 22:51:19,786 INFO: Epoch: 190 | PSNR: 30.0017 | Loss: 5.5282 | lr: 5.00e-04 | Best_PSNR: 30.0304 in Epoch [164]
2022-07-08 22:51:43,827 INFO: Epoch: 191 | PSNR: 30.0079 | Loss: 5.5889 | lr: 5.00e-04 | Best_PSNR: 30.0304 in Epoch [164]
2022-07-08 22:52:07,515 INFO: Epoch: 192 | PSNR: 29.9954 | Loss: 5.5359 | lr: 5.00e-04 | Best_PSNR: 30.0304 in Epoch [164]
2022-07-08 22:52:30,989 INFO: Epoch: 193 | PSNR: 30.0214 | Loss: 5.5958 | lr: 5.00e-04 | Best_PSNR: 30.0304 in Epoch [164]
2022-07-08 22:52:55,068 INFO: Epoch: 194 | PSNR: 30.0339 | Loss: 5.5716 | lr: 5.00e-04 | Best_PSNR: 30.0339 in Epoch [194]
2022-07-08 22:53:19,211 INFO: Epoch: 195 | PSNR: 30.0190 | Loss: 5.5352 | lr: 5.00e-04 | Best_PSNR: 30.0339 in Epoch [194]
2022-07-08 22:53:43,080 INFO: Epoch: 196 | PSNR: 30.0095 | Loss: 5.5729 | lr: 5.00e-04 | Best_PSNR: 30.0339 in Epoch [194]
2022-07-08 22:54:06,751 INFO: Epoch: 197 | PSNR: 30.0080 | Loss: 5.5467 | lr: 5.00e-04 | Best_PSNR: 30.0339 in Epoch [194]
2022-07-08 22:54:30,488 INFO: Epoch: 198 | PSNR: 30.0017 | Loss: 5.6473 | lr: 5.00e-04 | Best_PSNR: 30.0339 in Epoch [194]
2022-07-08 22:54:54,173 INFO: Epoch: 199 | PSNR: 30.0084 | Loss: 5.6144 | lr: 5.00e-04 | Best_PSNR: 30.0339 in Epoch [194]
2022-07-08 22:55:17,698 INFO: Epoch: 200 | PSNR: 30.0192 | Loss: 5.5939 | lr: 5.00e-04 | Best_PSNR: 30.0339 in Epoch [194]
2022-07-08 22:55:41,348 INFO: Epoch: 201 | PSNR: 30.0116 | Loss: 5.5457 | lr: 5.00e-04 | Best_PSNR: 30.0339 in Epoch [194]
2022-07-08 22:56:05,011 INFO: Epoch: 202 | PSNR: 30.0150 | Loss: 5.5597 | lr: 5.00e-04 | Best_PSNR: 30.0339 in Epoch [194]
2022-07-08 22:56:28,746 INFO: Epoch: 203 | PSNR: 29.9960 | Loss: 5.6217 | lr: 5.00e-04 | Best_PSNR: 30.0339 in Epoch [194]
2022-07-08 22:56:52,345 INFO: Epoch: 204 | PSNR: 30.0244 | Loss: 5.5931 | lr: 5.00e-04 | Best_PSNR: 30.0339 in Epoch [194]
2022-07-08 22:57:16,075 INFO: Epoch: 205 | PSNR: 30.0313 | Loss: 5.5406 | lr: 5.00e-04 | Best_PSNR: 30.0339 in Epoch [194]
2022-07-08 22:57:40,011 INFO: Epoch: 206 | PSNR: 30.0314 | Loss: 5.5579 | lr: 5.00e-04 | Best_PSNR: 30.0339 in Epoch [194]
2022-07-08 22:58:04,562 INFO: Epoch: 207 | PSNR: 30.0366 | Loss: 5.5696 | lr: 5.00e-04 | Best_PSNR: 30.0366 in Epoch [207]
2022-07-08 22:58:27,277 INFO: Epoch: 208 | PSNR: 30.0340 | Loss: 5.5684 | lr: 5.00e-04 | Best_PSNR: 30.0366 in Epoch [207]
2022-07-08 22:58:50,098 INFO: Epoch: 209 | PSNR: 30.0288 | Loss: 5.5296 | lr: 5.00e-04 | Best_PSNR: 30.0366 in Epoch [207]
2022-07-08 22:59:13,624 INFO: Epoch: 210 | PSNR: 30.0370 | Loss: 5.5651 | lr: 5.00e-04 | Best_PSNR: 30.0370 in Epoch [210]
2022-07-08 22:59:36,587 INFO: Epoch: 211 | PSNR: 30.0309 | Loss: 5.5320 | lr: 5.00e-04 | Best_PSNR: 30.0370 in Epoch [210]
2022-07-08 22:59:59,690 INFO: Epoch: 212 | PSNR: 30.0212 | Loss: 5.5427 | lr: 5.00e-04 | Best_PSNR: 30.0370 in Epoch [210]
2022-07-08 23:00:22,710 INFO: Epoch: 213 | PSNR: 30.0297 | Loss: 5.5615 | lr: 5.00e-04 | Best_PSNR: 30.0370 in Epoch [210]
2022-07-08 23:00:46,005 INFO: Epoch: 214 | PSNR: 30.0262 | Loss: 5.5590 | lr: 5.00e-04 | Best_PSNR: 30.0370 in Epoch [210]
2022-07-08 23:01:08,863 INFO: Epoch: 215 | PSNR: 30.0329 | Loss: 5.4920 | lr: 5.00e-04 | Best_PSNR: 30.0370 in Epoch [210]
2022-07-08 23:01:32,133 INFO: Epoch: 216 | PSNR: 30.0186 | Loss: 5.5416 | lr: 5.00e-04 | Best_PSNR: 30.0370 in Epoch [210]
2022-07-08 23:01:55,457 INFO: Epoch: 217 | PSNR: 30.0316 | Loss: 5.5816 | lr: 5.00e-04 | Best_PSNR: 30.0370 in Epoch [210]
2022-07-08 23:02:21,138 INFO: Epoch: 218 | PSNR: 30.0276 | Loss: 5.5184 | lr: 5.00e-04 | Best_PSNR: 30.0370 in Epoch [210]
2022-07-08 23:02:47,184 INFO: Epoch: 219 | PSNR: 30.0381 | Loss: 5.5567 | lr: 5.00e-04 | Best_PSNR: 30.0381 in Epoch [219]
2022-07-08 23:03:12,781 INFO: Epoch: 220 | PSNR: 30.0224 | Loss: 5.5129 | lr: 5.00e-04 | Best_PSNR: 30.0381 in Epoch [219]
2022-07-08 23:03:38,304 INFO: Epoch: 221 | PSNR: 30.0276 | Loss: 5.5958 | lr: 5.00e-04 | Best_PSNR: 30.0381 in Epoch [219]
2022-07-08 23:04:03,930 INFO: Epoch: 222 | PSNR: 30.0325 | Loss: 5.5948 | lr: 5.00e-04 | Best_PSNR: 30.0381 in Epoch [219]
2022-07-08 23:04:29,821 INFO: Epoch: 223 | PSNR: 30.0136 | Loss: 5.5698 | lr: 5.00e-04 | Best_PSNR: 30.0381 in Epoch [219]
2022-07-08 23:04:55,620 INFO: Epoch: 224 | PSNR: 30.0267 | Loss: 5.5647 | lr: 5.00e-04 | Best_PSNR: 30.0381 in Epoch [219]
2022-07-08 23:05:21,559 INFO: Epoch: 225 | PSNR: 30.0224 | Loss: 5.5672 | lr: 5.00e-04 | Best_PSNR: 30.0381 in Epoch [219]
2022-07-08 23:05:47,525 INFO: Epoch: 226 | PSNR: 30.0323 | Loss: 5.6002 | lr: 5.00e-04 | Best_PSNR: 30.0381 in Epoch [219]
2022-07-08 23:06:13,211 INFO: Epoch: 227 | PSNR: 30.0259 | Loss: 5.6249 | lr: 5.00e-04 | Best_PSNR: 30.0381 in Epoch [219]
2022-07-08 23:06:38,972 INFO: Epoch: 228 | PSNR: 30.0338 | Loss: 5.5492 | lr: 5.00e-04 | Best_PSNR: 30.0381 in Epoch [219]
2022-07-08 23:07:04,773 INFO: Epoch: 229 | PSNR: 30.0224 | Loss: 5.5845 | lr: 5.00e-04 | Best_PSNR: 30.0381 in Epoch [219]
2022-07-08 23:07:30,603 INFO: Epoch: 230 | PSNR: 30.0104 | Loss: 5.5747 | lr: 5.00e-04 | Best_PSNR: 30.0381 in Epoch [219]
2022-07-08 23:07:56,284 INFO: Epoch: 231 | PSNR: 30.0165 | Loss: 5.5815 | lr: 5.00e-04 | Best_PSNR: 30.0381 in Epoch [219]
2022-07-08 23:08:22,120 INFO: Epoch: 232 | PSNR: 30.0377 | Loss: 5.5647 | lr: 5.00e-04 | Best_PSNR: 30.0381 in Epoch [219]
2022-07-08 23:08:47,920 INFO: Epoch: 233 | PSNR: 30.0254 | Loss: 5.6074 | lr: 5.00e-04 | Best_PSNR: 30.0381 in Epoch [219]
2022-07-08 23:09:13,785 INFO: Epoch: 234 | PSNR: 30.0342 | Loss: 5.5546 | lr: 5.00e-04 | Best_PSNR: 30.0381 in Epoch [219]
2022-07-08 23:09:39,906 INFO: Epoch: 235 | PSNR: 30.0305 | Loss: 5.6166 | lr: 5.00e-04 | Best_PSNR: 30.0381 in Epoch [219]
2022-07-08 23:10:05,681 INFO: Epoch: 236 | PSNR: 30.0119 | Loss: 5.5589 | lr: 5.00e-04 | Best_PSNR: 30.0381 in Epoch [219]
2022-07-08 23:10:31,475 INFO: Epoch: 237 | PSNR: 30.0019 | Loss: 5.6020 | lr: 5.00e-04 | Best_PSNR: 30.0381 in Epoch [219]
2022-07-08 23:10:57,241 INFO: Epoch: 238 | PSNR: 30.0354 | Loss: 5.5690 | lr: 5.00e-04 | Best_PSNR: 30.0381 in Epoch [219]
2022-07-08 23:11:23,023 INFO: Epoch: 239 | PSNR: 30.0304 | Loss: 5.5433 | lr: 5.00e-04 | Best_PSNR: 30.0381 in Epoch [219]
2022-07-08 23:11:49,104 INFO: Epoch: 240 | PSNR: 30.0313 | Loss: 5.5961 | lr: 5.00e-04 | Best_PSNR: 30.0381 in Epoch [219]
2022-07-08 23:12:14,980 INFO: Epoch: 241 | PSNR: 30.0304 | Loss: 5.5536 | lr: 2.50e-04 | Best_PSNR: 30.0381 in Epoch [219]
2022-07-08 23:12:41,417 INFO: Epoch: 242 | PSNR: 30.0414 | Loss: 5.5386 | lr: 2.50e-04 | Best_PSNR: 30.0414 in Epoch [242]
2022-07-08 23:13:07,236 INFO: Epoch: 243 | PSNR: 30.0350 | Loss: 5.5640 | lr: 2.50e-04 | Best_PSNR: 30.0414 in Epoch [242]
2022-07-08 23:13:33,781 INFO: Epoch: 244 | PSNR: 30.0485 | Loss: 5.5409 | lr: 2.50e-04 | Best_PSNR: 30.0485 in Epoch [244]
2022-07-08 23:13:59,502 INFO: Epoch: 245 | PSNR: 30.0332 | Loss: 5.5725 | lr: 2.50e-04 | Best_PSNR: 30.0485 in Epoch [244]
2022-07-08 23:14:25,439 INFO: Epoch: 246 | PSNR: 30.0450 | Loss: 5.5385 | lr: 2.50e-04 | Best_PSNR: 30.0485 in Epoch [244]
2022-07-08 23:14:51,310 INFO: Epoch: 247 | PSNR: 30.0435 | Loss: 5.5322 | lr: 2.50e-04 | Best_PSNR: 30.0485 in Epoch [244]
2022-07-08 23:15:17,164 INFO: Epoch: 248 | PSNR: 30.0454 | Loss: 5.5168 | lr: 2.50e-04 | Best_PSNR: 30.0485 in Epoch [244]
2022-07-08 23:15:43,291 INFO: Epoch: 249 | PSNR: 30.0459 | Loss: 5.5223 | lr: 2.50e-04 | Best_PSNR: 30.0485 in Epoch [244]
2022-07-08 23:16:09,216 INFO: Epoch: 250 | PSNR: 30.0404 | Loss: 5.5335 | lr: 2.50e-04 | Best_PSNR: 30.0485 in Epoch [244]
2022-07-08 23:16:35,202 INFO: Epoch: 251 | PSNR: 30.0407 | Loss: 5.5412 | lr: 2.50e-04 | Best_PSNR: 30.0485 in Epoch [244]
2022-07-08 23:17:01,051 INFO: Epoch: 252 | PSNR: 30.0422 | Loss: 5.5548 | lr: 2.50e-04 | Best_PSNR: 30.0485 in Epoch [244]
2022-07-08 23:17:27,100 INFO: Epoch: 253 | PSNR: 30.0106 | Loss: 5.6070 | lr: 2.50e-04 | Best_PSNR: 30.0485 in Epoch [244]
2022-07-08 23:17:53,153 INFO: Epoch: 254 | PSNR: 30.0435 | Loss: 5.5760 | lr: 2.50e-04 | Best_PSNR: 30.0485 in Epoch [244]
2022-07-08 23:18:18,975 INFO: Epoch: 255 | PSNR: 30.0455 | Loss: 5.5293 | lr: 2.50e-04 | Best_PSNR: 30.0485 in Epoch [244]
2022-07-08 23:18:45,046 INFO: Epoch: 256 | PSNR: 30.0264 | Loss: 5.5296 | lr: 2.50e-04 | Best_PSNR: 30.0485 in Epoch [244]
2022-07-08 23:19:11,036 INFO: Epoch: 257 | PSNR: 30.0337 | Loss: 5.5422 | lr: 2.50e-04 | Best_PSNR: 30.0485 in Epoch [244]
2022-07-08 23:19:37,200 INFO: Epoch: 258 | PSNR: 30.0447 | Loss: 5.5633 | lr: 2.50e-04 | Best_PSNR: 30.0485 in Epoch [244]
2022-07-08 23:20:02,969 INFO: Epoch: 259 | PSNR: 30.0481 | Loss: 5.5429 | lr: 2.50e-04 | Best_PSNR: 30.0485 in Epoch [244]
2022-07-08 23:20:28,820 INFO: Epoch: 260 | PSNR: 30.0465 | Loss: 5.5325 | lr: 2.50e-04 | Best_PSNR: 30.0485 in Epoch [244]
2022-07-08 23:20:55,009 INFO: Epoch: 261 | PSNR: 30.0495 | Loss: 5.5152 | lr: 2.50e-04 | Best_PSNR: 30.0495 in Epoch [261]
2022-07-08 23:21:21,134 INFO: Epoch: 262 | PSNR: 30.0455 | Loss: 5.5999 | lr: 2.50e-04 | Best_PSNR: 30.0495 in Epoch [261]
2022-07-08 23:21:46,723 INFO: Epoch: 263 | PSNR: 30.0447 | Loss: 5.5838 | lr: 2.50e-04 | Best_PSNR: 30.0495 in Epoch [261]
2022-07-08 23:22:12,055 INFO: Epoch: 264 | PSNR: 30.0303 | Loss: 5.5624 | lr: 2.50e-04 | Best_PSNR: 30.0495 in Epoch [261]
2022-07-08 23:22:37,445 INFO: Epoch: 265 | PSNR: 30.0334 | Loss: 5.5296 | lr: 2.50e-04 | Best_PSNR: 30.0495 in Epoch [261]
2022-07-08 23:23:01,742 INFO: Epoch: 266 | PSNR: 30.0473 | Loss: 5.5639 | lr: 2.50e-04 | Best_PSNR: 30.0495 in Epoch [261]
2022-07-08 23:23:27,208 INFO: Epoch: 267 | PSNR: 30.0446 | Loss: 5.6377 | lr: 2.50e-04 | Best_PSNR: 30.0495 in Epoch [261]
2022-07-08 23:23:52,816 INFO: Epoch: 268 | PSNR: 30.0265 | Loss: 5.5844 | lr: 2.50e-04 | Best_PSNR: 30.0495 in Epoch [261]
2022-07-08 23:24:18,700 INFO: Epoch: 269 | PSNR: 30.0349 | Loss: 5.5476 | lr: 2.50e-04 | Best_PSNR: 30.0495 in Epoch [261]
2022-07-08 23:24:44,438 INFO: Epoch: 270 | PSNR: 30.0449 | Loss: 5.5529 | lr: 2.50e-04 | Best_PSNR: 30.0495 in Epoch [261]
2022-07-08 23:25:10,170 INFO: Epoch: 271 | PSNR: 30.0468 | Loss: 5.5728 | lr: 2.50e-04 | Best_PSNR: 30.0495 in Epoch [261]
2022-07-08 23:25:36,574 INFO: Epoch: 272 | PSNR: 30.0502 | Loss: 5.5880 | lr: 2.50e-04 | Best_PSNR: 30.0502 in Epoch [272]
2022-07-08 23:26:02,345 INFO: Epoch: 273 | PSNR: 30.0441 | Loss: 5.5220 | lr: 2.50e-04 | Best_PSNR: 30.0502 in Epoch [272]
2022-07-08 23:26:28,208 INFO: Epoch: 274 | PSNR: 30.0484 | Loss: 5.5534 | lr: 2.50e-04 | Best_PSNR: 30.0502 in Epoch [272]
2022-07-08 23:26:53,993 INFO: Epoch: 275 | PSNR: 30.0498 | Loss: 5.5136 | lr: 2.50e-04 | Best_PSNR: 30.0502 in Epoch [272]
2022-07-08 23:27:19,484 INFO: Epoch: 276 | PSNR: 30.0474 | Loss: 5.5043 | lr: 2.50e-04 | Best_PSNR: 30.0502 in Epoch [272]
2022-07-08 23:27:45,507 INFO: Epoch: 277 | PSNR: 30.0492 | Loss: 5.5619 | lr: 2.50e-04 | Best_PSNR: 30.0502 in Epoch [272]
2022-07-08 23:28:11,243 INFO: Epoch: 278 | PSNR: 30.0472 | Loss: 5.5654 | lr: 2.50e-04 | Best_PSNR: 30.0502 in Epoch [272]
2022-07-08 23:28:37,008 INFO: Epoch: 279 | PSNR: 30.0400 | Loss: 5.5627 | lr: 2.50e-04 | Best_PSNR: 30.0502 in Epoch [272]
2022-07-08 23:29:02,865 INFO: Epoch: 280 | PSNR: 30.0383 | Loss: 5.5557 | lr: 2.50e-04 | Best_PSNR: 30.0502 in Epoch [272]
2022-07-08 23:29:28,666 INFO: Epoch: 281 | PSNR: 30.0348 | Loss: 5.5466 | lr: 2.50e-04 | Best_PSNR: 30.0502 in Epoch [272]
2022-07-08 23:29:54,656 INFO: Epoch: 282 | PSNR: 30.0486 | Loss: 5.5684 | lr: 2.50e-04 | Best_PSNR: 30.0502 in Epoch [272]
2022-07-08 23:30:20,373 INFO: Epoch: 283 | PSNR: 30.0433 | Loss: 5.5260 | lr: 2.50e-04 | Best_PSNR: 30.0502 in Epoch [272]
2022-07-08 23:30:46,636 INFO: Epoch: 284 | PSNR: 30.0519 | Loss: 5.5619 | lr: 2.50e-04 | Best_PSNR: 30.0519 in Epoch [284]
2022-07-08 23:31:12,665 INFO: Epoch: 285 | PSNR: 30.0401 | Loss: 5.5187 | lr: 2.50e-04 | Best_PSNR: 30.0519 in Epoch [284]
2022-07-08 23:31:37,981 INFO: Epoch: 286 | PSNR: 30.0413 | Loss: 5.5436 | lr: 2.50e-04 | Best_PSNR: 30.0519 in Epoch [284]
2022-07-08 23:32:03,756 INFO: Epoch: 287 | PSNR: 30.0330 | Loss: 5.5618 | lr: 2.50e-04 | Best_PSNR: 30.0519 in Epoch [284]
2022-07-08 23:32:28,904 INFO: Epoch: 288 | PSNR: 30.0450 | Loss: 5.5641 | lr: 2.50e-04 | Best_PSNR: 30.0519 in Epoch [284]
2022-07-08 23:32:54,692 INFO: Epoch: 289 | PSNR: 30.0499 | Loss: 5.5757 | lr: 2.50e-04 | Best_PSNR: 30.0519 in Epoch [284]
2022-07-08 23:33:20,667 INFO: Epoch: 290 | PSNR: 30.0463 | Loss: 5.5217 | lr: 2.50e-04 | Best_PSNR: 30.0519 in Epoch [284]
2022-07-08 23:33:46,452 INFO: Epoch: 291 | PSNR: 30.0456 | Loss: 5.5678 | lr: 2.50e-04 | Best_PSNR: 30.0519 in Epoch [284]
2022-07-08 23:34:12,259 INFO: Epoch: 292 | PSNR: 30.0335 | Loss: 5.5658 | lr: 2.50e-04 | Best_PSNR: 30.0519 in Epoch [284]
2022-07-08 23:34:37,703 INFO: Epoch: 293 | PSNR: 30.0425 | Loss: 5.5662 | lr: 2.50e-04 | Best_PSNR: 30.0519 in Epoch [284]
2022-07-08 23:35:03,642 INFO: Epoch: 294 | PSNR: 30.0417 | Loss: 5.4617 | lr: 2.50e-04 | Best_PSNR: 30.0519 in Epoch [284]
2022-07-08 23:35:29,636 INFO: Epoch: 295 | PSNR: 30.0492 | Loss: 5.5712 | lr: 2.50e-04 | Best_PSNR: 30.0519 in Epoch [284]
2022-07-08 23:35:55,746 INFO: Epoch: 296 | PSNR: 30.0471 | Loss: 5.5176 | lr: 2.50e-04 | Best_PSNR: 30.0519 in Epoch [284]
2022-07-08 23:36:21,629 INFO: Epoch: 297 | PSNR: 30.0513 | Loss: 5.5490 | lr: 2.50e-04 | Best_PSNR: 30.0519 in Epoch [284]
2022-07-08 23:36:47,280 INFO: Epoch: 298 | PSNR: 30.0322 | Loss: 5.5302 | lr: 2.50e-04 | Best_PSNR: 30.0519 in Epoch [284]
2022-07-08 23:37:12,798 INFO: Epoch: 299 | PSNR: 30.0397 | Loss: 5.5438 | lr: 2.50e-04 | Best_PSNR: 30.0519 in Epoch [284]
2022-07-08 23:37:38,584 INFO: Epoch: 300 | PSNR: 30.0534 | Loss: 5.5204 | lr: 2.50e-04 | Best_PSNR: 30.0534 in Epoch [300]
2022-07-08 23:38:04,535 INFO: Epoch: 301 | PSNR: 30.0462 | Loss: 5.5760 | lr: 2.50e-04 | Best_PSNR: 30.0534 in Epoch [300]
2022-07-08 23:38:30,443 INFO: Epoch: 302 | PSNR: 30.0476 | Loss: 5.5303 | lr: 2.50e-04 | Best_PSNR: 30.0534 in Epoch [300]
2022-07-08 23:38:56,291 INFO: Epoch: 303 | PSNR: 30.0496 | Loss: 5.5539 | lr: 2.50e-04 | Best_PSNR: 30.0534 in Epoch [300]
2022-07-08 23:39:22,183 INFO: Epoch: 304 | PSNR: 30.0342 | Loss: 5.5055 | lr: 2.50e-04 | Best_PSNR: 30.0534 in Epoch [300]
2022-07-08 23:39:48,236 INFO: Epoch: 305 | PSNR: 30.0389 | Loss: 5.5056 | lr: 2.50e-04 | Best_PSNR: 30.0534 in Epoch [300]
2022-07-08 23:40:13,981 INFO: Epoch: 306 | PSNR: 30.0438 | Loss: 5.5500 | lr: 2.50e-04 | Best_PSNR: 30.0534 in Epoch [300]
2022-07-08 23:40:39,862 INFO: Epoch: 307 | PSNR: 30.0495 | Loss: 5.5966 | lr: 2.50e-04 | Best_PSNR: 30.0534 in Epoch [300]
2022-07-08 23:41:05,521 INFO: Epoch: 308 | PSNR: 30.0459 | Loss: 5.5431 | lr: 2.50e-04 | Best_PSNR: 30.0534 in Epoch [300]
2022-07-08 23:41:31,323 INFO: Epoch: 309 | PSNR: 30.0476 | Loss: 5.5774 | lr: 2.50e-04 | Best_PSNR: 30.0534 in Epoch [300]
2022-07-08 23:41:57,271 INFO: Epoch: 310 | PSNR: 30.0471 | Loss: 5.5833 | lr: 2.50e-04 | Best_PSNR: 30.0534 in Epoch [300]
2022-07-08 23:42:23,068 INFO: Epoch: 311 | PSNR: 30.0522 | Loss: 5.5694 | lr: 2.50e-04 | Best_PSNR: 30.0534 in Epoch [300]
2022-07-08 23:42:48,260 INFO: Epoch: 312 | PSNR: 30.0359 | Loss: 5.5270 | lr: 2.50e-04 | Best_PSNR: 30.0534 in Epoch [300]
2022-07-08 23:43:13,542 INFO: Epoch: 313 | PSNR: 30.0494 | Loss: 5.5821 | lr: 2.50e-04 | Best_PSNR: 30.0534 in Epoch [300]
2022-07-08 23:43:38,689 INFO: Epoch: 314 | PSNR: 30.0434 | Loss: 5.5352 | lr: 2.50e-04 | Best_PSNR: 30.0534 in Epoch [300]
2022-07-08 23:44:04,187 INFO: Epoch: 315 | PSNR: 30.0323 | Loss: 5.5168 | lr: 2.50e-04 | Best_PSNR: 30.0534 in Epoch [300]
2022-07-08 23:44:30,052 INFO: Epoch: 316 | PSNR: 30.0458 | Loss: 5.4905 | lr: 2.50e-04 | Best_PSNR: 30.0534 in Epoch [300]
2022-07-08 23:44:55,963 INFO: Epoch: 317 | PSNR: 30.0436 | Loss: 5.5021 | lr: 2.50e-04 | Best_PSNR: 30.0534 in Epoch [300]
2022-07-08 23:45:21,797 INFO: Epoch: 318 | PSNR: 30.0529 | Loss: 5.5546 | lr: 2.50e-04 | Best_PSNR: 30.0534 in Epoch [300]
2022-07-08 23:45:47,792 INFO: Epoch: 319 | PSNR: 30.0514 | Loss: 5.5461 | lr: 2.50e-04 | Best_PSNR: 30.0534 in Epoch [300]
2022-07-08 23:46:13,556 INFO: Epoch: 320 | PSNR: 30.0430 | Loss: 5.5626 | lr: 2.50e-04 | Best_PSNR: 30.0534 in Epoch [300]
2022-07-08 23:46:39,259 INFO: Epoch: 321 | PSNR: 30.0468 | Loss: 5.4972 | lr: 2.50e-04 | Best_PSNR: 30.0534 in Epoch [300]
2022-07-08 23:47:05,198 INFO: Epoch: 322 | PSNR: 30.0470 | Loss: 5.5922 | lr: 2.50e-04 | Best_PSNR: 30.0534 in Epoch [300]
2022-07-08 23:47:30,966 INFO: Epoch: 323 | PSNR: 30.0420 | Loss: 5.5712 | lr: 2.50e-04 | Best_PSNR: 30.0534 in Epoch [300]
2022-07-08 23:47:56,860 INFO: Epoch: 324 | PSNR: 30.0515 | Loss: 5.5989 | lr: 2.50e-04 | Best_PSNR: 30.0534 in Epoch [300]
2022-07-08 23:48:22,501 INFO: Epoch: 325 | PSNR: 30.0498 | Loss: 5.5648 | lr: 2.50e-04 | Best_PSNR: 30.0534 in Epoch [300]
2022-07-08 23:48:47,661 INFO: Epoch: 326 | PSNR: 30.0488 | Loss: 5.5257 | lr: 2.50e-04 | Best_PSNR: 30.0534 in Epoch [300]
2022-07-08 23:49:12,922 INFO: Epoch: 327 | PSNR: 30.0479 | Loss: 5.5750 | lr: 2.50e-04 | Best_PSNR: 30.0534 in Epoch [300]
2022-07-08 23:49:38,773 INFO: Epoch: 328 | PSNR: 30.0485 | Loss: 5.5613 | lr: 2.50e-04 | Best_PSNR: 30.0534 in Epoch [300]
2022-07-08 23:50:04,784 INFO: Epoch: 329 | PSNR: 30.0533 | Loss: 5.5591 | lr: 2.50e-04 | Best_PSNR: 30.0534 in Epoch [300]
2022-07-08 23:50:30,650 INFO: Epoch: 330 | PSNR: 30.0475 | Loss: 5.5595 | lr: 2.50e-04 | Best_PSNR: 30.0534 in Epoch [300]
2022-07-08 23:50:57,181 INFO: Epoch: 331 | PSNR: 30.0574 | Loss: 5.5167 | lr: 2.50e-04 | Best_PSNR: 30.0574 in Epoch [331]
2022-07-08 23:51:22,844 INFO: Epoch: 332 | PSNR: 30.0541 | Loss: 5.5317 | lr: 2.50e-04 | Best_PSNR: 30.0574 in Epoch [331]
2022-07-08 23:51:48,653 INFO: Epoch: 333 | PSNR: 30.0455 | Loss: 5.5201 | lr: 2.50e-04 | Best_PSNR: 30.0574 in Epoch [331]
2022-07-08 23:52:14,491 INFO: Epoch: 334 | PSNR: 30.0515 | Loss: 5.5756 | lr: 2.50e-04 | Best_PSNR: 30.0574 in Epoch [331]
2022-07-08 23:52:40,276 INFO: Epoch: 335 | PSNR: 30.0131 | Loss: 5.5462 | lr: 2.50e-04 | Best_PSNR: 30.0574 in Epoch [331]
2022-07-08 23:53:06,471 INFO: Epoch: 336 | PSNR: 30.0582 | Loss: 5.5657 | lr: 2.50e-04 | Best_PSNR: 30.0582 in Epoch [336]
2022-07-08 23:53:32,300 INFO: Epoch: 337 | PSNR: 30.0513 | Loss: 5.5422 | lr: 2.50e-04 | Best_PSNR: 30.0582 in Epoch [336]
2022-07-08 23:53:57,524 INFO: Epoch: 338 | PSNR: 30.0481 | Loss: 5.5650 | lr: 2.50e-04 | Best_PSNR: 30.0582 in Epoch [336]
2022-07-08 23:54:23,298 INFO: Epoch: 339 | PSNR: 30.0545 | Loss: 5.5564 | lr: 2.50e-04 | Best_PSNR: 30.0582 in Epoch [336]
2022-07-08 23:54:49,097 INFO: Epoch: 340 | PSNR: 30.0497 | Loss: 5.5473 | lr: 2.50e-04 | Best_PSNR: 30.0582 in Epoch [336]
2022-07-08 23:55:15,479 INFO: Epoch: 341 | PSNR: 30.0617 | Loss: 5.5454 | lr: 2.50e-04 | Best_PSNR: 30.0617 in Epoch [341]
2022-07-08 23:55:41,268 INFO: Epoch: 342 | PSNR: 30.0521 | Loss: 5.5684 | lr: 2.50e-04 | Best_PSNR: 30.0617 in Epoch [341]
2022-07-08 23:56:07,162 INFO: Epoch: 343 | PSNR: 30.0529 | Loss: 5.5164 | lr: 2.50e-04 | Best_PSNR: 30.0617 in Epoch [341]
2022-07-08 23:56:32,847 INFO: Epoch: 344 | PSNR: 30.0437 | Loss: 5.5270 | lr: 2.50e-04 | Best_PSNR: 30.0617 in Epoch [341]
2022-07-08 23:56:58,640 INFO: Epoch: 345 | PSNR: 30.0529 | Loss: 5.5109 | lr: 2.50e-04 | Best_PSNR: 30.0617 in Epoch [341]
2022-07-08 23:57:24,352 INFO: Epoch: 346 | PSNR: 30.0287 | Loss: 5.5374 | lr: 2.50e-04 | Best_PSNR: 30.0617 in Epoch [341]
2022-07-08 23:57:49,926 INFO: Epoch: 347 | PSNR: 30.0471 | Loss: 5.5662 | lr: 2.50e-04 | Best_PSNR: 30.0617 in Epoch [341]
2022-07-08 23:58:15,550 INFO: Epoch: 348 | PSNR: 30.0399 | Loss: 5.5082 | lr: 2.50e-04 | Best_PSNR: 30.0617 in Epoch [341]
2022-07-08 23:58:40,659 INFO: Epoch: 349 | PSNR: 30.0402 | Loss: 5.5650 | lr: 2.50e-04 | Best_PSNR: 30.0617 in Epoch [341]
2022-07-08 23:59:06,002 INFO: Epoch: 350 | PSNR: 30.0536 | Loss: 5.5455 | lr: 2.50e-04 | Best_PSNR: 30.0617 in Epoch [341]
2022-07-08 23:59:31,721 INFO: Epoch: 351 | PSNR: 30.0568 | Loss: 5.4733 | lr: 2.50e-04 | Best_PSNR: 30.0617 in Epoch [341]
2022-07-08 23:59:57,672 INFO: Epoch: 352 | PSNR: 30.0454 | Loss: 5.6082 | lr: 2.50e-04 | Best_PSNR: 30.0617 in Epoch [341]
2022-07-09 00:00:23,589 INFO: Epoch: 353 | PSNR: 30.0493 | Loss: 5.5935 | lr: 2.50e-04 | Best_PSNR: 30.0617 in Epoch [341]
2022-07-09 00:00:49,394 INFO: Epoch: 354 | PSNR: 30.0597 | Loss: 5.5652 | lr: 2.50e-04 | Best_PSNR: 30.0617 in Epoch [341]
2022-07-09 00:01:15,174 INFO: Epoch: 355 | PSNR: 30.0529 | Loss: 5.5530 | lr: 2.50e-04 | Best_PSNR: 30.0617 in Epoch [341]
2022-07-09 00:01:41,025 INFO: Epoch: 356 | PSNR: 30.0397 | Loss: 5.5469 | lr: 2.50e-04 | Best_PSNR: 30.0617 in Epoch [341]
2022-07-09 00:02:07,101 INFO: Epoch: 357 | PSNR: 30.0564 | Loss: 5.6045 | lr: 2.50e-04 | Best_PSNR: 30.0617 in Epoch [341]
2022-07-09 00:02:33,037 INFO: Epoch: 358 | PSNR: 30.0519 | Loss: 5.5876 | lr: 2.50e-04 | Best_PSNR: 30.0617 in Epoch [341]
2022-07-09 00:02:58,800 INFO: Epoch: 359 | PSNR: 30.0510 | Loss: 5.5518 | lr: 2.50e-04 | Best_PSNR: 30.0617 in Epoch [341]
2022-07-09 00:03:24,213 INFO: Epoch: 360 | PSNR: 30.0597 | Loss: 5.5589 | lr: 2.50e-04 | Best_PSNR: 30.0617 in Epoch [341]
2022-07-09 00:03:49,421 INFO: Epoch: 361 | PSNR: 30.0612 | Loss: 5.5821 | lr: 1.25e-04 | Best_PSNR: 30.0617 in Epoch [341]
2022-07-09 00:04:15,504 INFO: Epoch: 362 | PSNR: 30.0567 | Loss: 5.5821 | lr: 1.25e-04 | Best_PSNR: 30.0617 in Epoch [341]
2022-07-09 00:04:40,911 INFO: Epoch: 363 | PSNR: 30.0612 | Loss: 5.5583 | lr: 1.25e-04 | Best_PSNR: 30.0617 in Epoch [341]
2022-07-09 00:05:06,495 INFO: Epoch: 364 | PSNR: 30.0604 | Loss: 5.5972 | lr: 1.25e-04 | Best_PSNR: 30.0617 in Epoch [341]
2022-07-09 00:05:32,342 INFO: Epoch: 365 | PSNR: 30.0580 | Loss: 5.5596 | lr: 1.25e-04 | Best_PSNR: 30.0617 in Epoch [341]
2022-07-09 00:05:59,263 INFO: Epoch: 366 | PSNR: 30.0628 | Loss: 5.5361 | lr: 1.25e-04 | Best_PSNR: 30.0628 in Epoch [366]
2022-07-09 00:06:26,304 INFO: Epoch: 367 | PSNR: 30.0633 | Loss: 5.5385 | lr: 1.25e-04 | Best_PSNR: 30.0633 in Epoch [367]
2022-07-09 00:06:52,659 INFO: Epoch: 368 | PSNR: 30.0599 | Loss: 5.5301 | lr: 1.25e-04 | Best_PSNR: 30.0633 in Epoch [367]
2022-07-09 00:07:18,343 INFO: Epoch: 369 | PSNR: 30.0614 | Loss: 5.5751 | lr: 1.25e-04 | Best_PSNR: 30.0633 in Epoch [367]
2022-07-09 00:07:44,619 INFO: Epoch: 370 | PSNR: 30.0556 | Loss: 5.5883 | lr: 1.25e-04 | Best_PSNR: 30.0633 in Epoch [367]
2022-07-09 00:08:10,670 INFO: Epoch: 371 | PSNR: 30.0597 | Loss: 5.5008 | lr: 1.25e-04 | Best_PSNR: 30.0633 in Epoch [367]
2022-07-09 00:08:36,827 INFO: Epoch: 372 | PSNR: 30.0504 | Loss: 5.5022 | lr: 1.25e-04 | Best_PSNR: 30.0633 in Epoch [367]
2022-07-09 00:09:02,605 INFO: Epoch: 373 | PSNR: 30.0606 | Loss: 5.5098 | lr: 1.25e-04 | Best_PSNR: 30.0633 in Epoch [367]
2022-07-09 00:09:28,837 INFO: Epoch: 374 | PSNR: 30.0623 | Loss: 5.5337 | lr: 1.25e-04 | Best_PSNR: 30.0633 in Epoch [367]
2022-07-09 00:09:54,678 INFO: Epoch: 375 | PSNR: 30.0630 | Loss: 5.5821 | lr: 1.25e-04 | Best_PSNR: 30.0633 in Epoch [367]
2022-07-09 00:10:20,934 INFO: Epoch: 376 | PSNR: 30.0576 | Loss: 5.5702 | lr: 1.25e-04 | Best_PSNR: 30.0633 in Epoch [367]
2022-07-09 00:10:46,622 INFO: Epoch: 377 | PSNR: 30.0603 | Loss: 5.5352 | lr: 1.25e-04 | Best_PSNR: 30.0633 in Epoch [367]
2022-07-09 00:11:12,578 INFO: Epoch: 378 | PSNR: 30.0548 | Loss: 5.5493 | lr: 1.25e-04 | Best_PSNR: 30.0633 in Epoch [367]
2022-07-09 00:11:38,331 INFO: Epoch: 379 | PSNR: 30.0609 | Loss: 5.5378 | lr: 1.25e-04 | Best_PSNR: 30.0633 in Epoch [367]
2022-07-09 00:12:04,810 INFO: Epoch: 380 | PSNR: 30.0586 | Loss: 5.5621 | lr: 1.25e-04 | Best_PSNR: 30.0633 in Epoch [367]
2022-07-09 00:12:30,674 INFO: Epoch: 381 | PSNR: 30.0597 | Loss: 5.5410 | lr: 1.25e-04 | Best_PSNR: 30.0633 in Epoch [367]
2022-07-09 00:12:56,981 INFO: Epoch: 382 | PSNR: 30.0622 | Loss: 5.5736 | lr: 1.25e-04 | Best_PSNR: 30.0633 in Epoch [367]
2022-07-09 00:13:23,526 INFO: Epoch: 383 | PSNR: 30.0650 | Loss: 5.5365 | lr: 1.25e-04 | Best_PSNR: 30.0650 in Epoch [383]
2022-07-09 00:13:49,419 INFO: Epoch: 384 | PSNR: 30.0627 | Loss: 5.5772 | lr: 1.25e-04 | Best_PSNR: 30.0650 in Epoch [383]
2022-07-09 00:14:15,476 INFO: Epoch: 385 | PSNR: 30.0558 | Loss: 5.5577 | lr: 1.25e-04 | Best_PSNR: 30.0650 in Epoch [383]
2022-07-09 00:14:41,613 INFO: Epoch: 386 | PSNR: 30.0667 | Loss: 5.5253 | lr: 1.25e-04 | Best_PSNR: 30.0667 in Epoch [386]
2022-07-09 00:15:08,982 INFO: Epoch: 387 | PSNR: 30.0610 | Loss: 5.5244 | lr: 1.25e-04 | Best_PSNR: 30.0667 in Epoch [386]
2022-07-09 00:15:34,479 INFO: Epoch: 388 | PSNR: 30.0611 | Loss: 5.5184 | lr: 1.25e-04 | Best_PSNR: 30.0667 in Epoch [386]
2022-07-09 00:15:59,998 INFO: Epoch: 389 | PSNR: 30.0591 | Loss: 5.4932 | lr: 1.25e-04 | Best_PSNR: 30.0667 in Epoch [386]
2022-07-09 00:16:25,236 INFO: Epoch: 390 | PSNR: 30.0564 | Loss: 5.5508 | lr: 1.25e-04 | Best_PSNR: 30.0667 in Epoch [386]
2022-07-09 00:16:50,856 INFO: Epoch: 391 | PSNR: 30.0506 | Loss: 5.5851 | lr: 1.25e-04 | Best_PSNR: 30.0667 in Epoch [386]
2022-07-09 00:17:16,024 INFO: Epoch: 392 | PSNR: 30.0602 | Loss: 5.5285 | lr: 1.25e-04 | Best_PSNR: 30.0667 in Epoch [386]
2022-07-09 00:17:41,281 INFO: Epoch: 393 | PSNR: 30.0612 | Loss: 5.5263 | lr: 1.25e-04 | Best_PSNR: 30.0667 in Epoch [386]
2022-07-09 00:18:06,600 INFO: Epoch: 394 | PSNR: 30.0562 | Loss: 5.5347 | lr: 1.25e-04 | Best_PSNR: 30.0667 in Epoch [386]
2022-07-09 00:18:32,621 INFO: Epoch: 395 | PSNR: 30.0339 | Loss: 5.5237 | lr: 1.25e-04 | Best_PSNR: 30.0667 in Epoch [386]
2022-07-09 00:18:57,718 INFO: Epoch: 396 | PSNR: 30.0606 | Loss: 5.5066 | lr: 1.25e-04 | Best_PSNR: 30.0667 in Epoch [386]
2022-07-09 00:19:24,174 INFO: Epoch: 397 | PSNR: 30.0601 | Loss: 5.5072 | lr: 1.25e-04 | Best_PSNR: 30.0667 in Epoch [386]
2022-07-09 00:19:50,267 INFO: Epoch: 398 | PSNR: 30.0553 | Loss: 5.5361 | lr: 1.25e-04 | Best_PSNR: 30.0667 in Epoch [386]
2022-07-09 00:20:20,184 INFO: Epoch: 399 | PSNR: 30.0664 | Loss: 5.5128 | lr: 1.25e-04 | Best_PSNR: 30.0667 in Epoch [386]
2022-07-09 00:20:46,466 INFO: Epoch: 400 | PSNR: 30.0631 | Loss: 5.5023 | lr: 1.25e-04 | Best_PSNR: 30.0667 in Epoch [386]
2022-07-09 00:21:14,719 INFO: Epoch: 401 | PSNR: 30.0578 | Loss: 5.6101 | lr: 1.25e-04 | Best_PSNR: 30.0667 in Epoch [386]
2022-07-09 00:21:40,550 INFO: Epoch: 402 | PSNR: 30.0647 | Loss: 5.5620 | lr: 1.25e-04 | Best_PSNR: 30.0667 in Epoch [386]
2022-07-09 00:22:06,661 INFO: Epoch: 403 | PSNR: 30.0612 | Loss: 5.5225 | lr: 1.25e-04 | Best_PSNR: 30.0667 in Epoch [386]
2022-07-09 00:22:31,776 INFO: Epoch: 404 | PSNR: 30.0577 | Loss: 5.5795 | lr: 1.25e-04 | Best_PSNR: 30.0667 in Epoch [386]
2022-07-09 00:22:57,080 INFO: Epoch: 405 | PSNR: 30.0597 | Loss: 5.5602 | lr: 1.25e-04 | Best_PSNR: 30.0667 in Epoch [386]
2022-07-09 00:23:22,373 INFO: Epoch: 406 | PSNR: 30.0579 | Loss: 5.5424 | lr: 1.25e-04 | Best_PSNR: 30.0667 in Epoch [386]
2022-07-09 00:23:47,943 INFO: Epoch: 407 | PSNR: 30.0617 | Loss: 5.5338 | lr: 1.25e-04 | Best_PSNR: 30.0667 in Epoch [386]
2022-07-09 00:24:13,447 INFO: Epoch: 408 | PSNR: 30.0606 | Loss: 5.5775 | lr: 1.25e-04 | Best_PSNR: 30.0667 in Epoch [386]
2022-07-09 00:24:40,082 INFO: Epoch: 409 | PSNR: 30.0606 | Loss: 5.5582 | lr: 1.25e-04 | Best_PSNR: 30.0667 in Epoch [386]
2022-07-09 00:25:05,162 INFO: Epoch: 410 | PSNR: 30.0592 | Loss: 5.5757 | lr: 1.25e-04 | Best_PSNR: 30.0667 in Epoch [386]
2022-07-09 00:25:31,065 INFO: Epoch: 411 | PSNR: 30.0577 | Loss: 5.5579 | lr: 1.25e-04 | Best_PSNR: 30.0667 in Epoch [386]
2022-07-09 00:25:56,160 INFO: Epoch: 412 | PSNR: 30.0490 | Loss: 5.5491 | lr: 1.25e-04 | Best_PSNR: 30.0667 in Epoch [386]
2022-07-09 00:26:21,683 INFO: Epoch: 413 | PSNR: 30.0611 | Loss: 5.5290 | lr: 1.25e-04 | Best_PSNR: 30.0667 in Epoch [386]
2022-07-09 00:26:45,103 INFO: Epoch: 414 | PSNR: 30.0515 | Loss: 5.4893 | lr: 1.25e-04 | Best_PSNR: 30.0667 in Epoch [386]
2022-07-09 00:27:08,705 INFO: Epoch: 415 | PSNR: 30.0552 | Loss: 5.5552 | lr: 1.25e-04 | Best_PSNR: 30.0667 in Epoch [386]
2022-07-09 00:27:32,040 INFO: Epoch: 416 | PSNR: 30.0610 | Loss: 5.5301 | lr: 1.25e-04 | Best_PSNR: 30.0667 in Epoch [386]
2022-07-09 00:27:55,698 INFO: Epoch: 417 | PSNR: 30.0610 | Loss: 5.5289 | lr: 1.25e-04 | Best_PSNR: 30.0667 in Epoch [386]
2022-07-09 00:28:19,296 INFO: Epoch: 418 | PSNR: 30.0650 | Loss: 5.5672 | lr: 1.25e-04 | Best_PSNR: 30.0667 in Epoch [386]
2022-07-09 00:28:42,710 INFO: Epoch: 419 | PSNR: 30.0513 | Loss: 5.5283 | lr: 1.25e-04 | Best_PSNR: 30.0667 in Epoch [386]
2022-07-09 00:29:06,129 INFO: Epoch: 420 | PSNR: 30.0646 | Loss: 5.5157 | lr: 1.25e-04 | Best_PSNR: 30.0667 in Epoch [386]
2022-07-09 00:29:29,512 INFO: Epoch: 421 | PSNR: 30.0623 | Loss: 5.5362 | lr: 1.25e-04 | Best_PSNR: 30.0667 in Epoch [386]
2022-07-09 00:29:52,978 INFO: Epoch: 422 | PSNR: 30.0607 | Loss: 5.5417 | lr: 1.25e-04 | Best_PSNR: 30.0667 in Epoch [386]
2022-07-09 00:30:16,802 INFO: Epoch: 423 | PSNR: 30.0611 | Loss: 5.5791 | lr: 1.25e-04 | Best_PSNR: 30.0667 in Epoch [386]
2022-07-09 00:30:40,428 INFO: Epoch: 424 | PSNR: 30.0612 | Loss: 5.5502 | lr: 1.25e-04 | Best_PSNR: 30.0667 in Epoch [386]
2022-07-09 00:31:03,766 INFO: Epoch: 425 | PSNR: 30.0534 | Loss: 5.5656 | lr: 1.25e-04 | Best_PSNR: 30.0667 in Epoch [386]
2022-07-09 00:31:27,440 INFO: Epoch: 426 | PSNR: 30.0644 | Loss: 5.5806 | lr: 1.25e-04 | Best_PSNR: 30.0667 in Epoch [386]
2022-07-09 00:31:50,799 INFO: Epoch: 427 | PSNR: 30.0610 | Loss: 5.5585 | lr: 1.25e-04 | Best_PSNR: 30.0667 in Epoch [386]
2022-07-09 00:32:14,451 INFO: Epoch: 428 | PSNR: 30.0620 | Loss: 5.5746 | lr: 1.25e-04 | Best_PSNR: 30.0667 in Epoch [386]
2022-07-09 00:32:37,922 INFO: Epoch: 429 | PSNR: 30.0622 | Loss: 5.5389 | lr: 1.25e-04 | Best_PSNR: 30.0667 in Epoch [386]
2022-07-09 00:33:01,387 INFO: Epoch: 430 | PSNR: 30.0605 | Loss: 5.5480 | lr: 1.25e-04 | Best_PSNR: 30.0667 in Epoch [386]
2022-07-09 00:33:24,614 INFO: Epoch: 431 | PSNR: 30.0635 | Loss: 5.5535 | lr: 1.25e-04 | Best_PSNR: 30.0667 in Epoch [386]
2022-07-09 00:33:47,976 INFO: Epoch: 432 | PSNR: 30.0600 | Loss: 5.5357 | lr: 1.25e-04 | Best_PSNR: 30.0667 in Epoch [386]
2022-07-09 00:34:11,368 INFO: Epoch: 433 | PSNR: 30.0621 | Loss: 5.5995 | lr: 1.25e-04 | Best_PSNR: 30.0667 in Epoch [386]
2022-07-09 00:34:34,282 INFO: Epoch: 434 | PSNR: 30.0564 | Loss: 5.5611 | lr: 1.25e-04 | Best_PSNR: 30.0667 in Epoch [386]
2022-07-09 00:34:57,387 INFO: Epoch: 435 | PSNR: 30.0597 | Loss: 5.5575 | lr: 1.25e-04 | Best_PSNR: 30.0667 in Epoch [386]
2022-07-09 00:35:19,974 INFO: Epoch: 436 | PSNR: 30.0631 | Loss: 5.5584 | lr: 1.25e-04 | Best_PSNR: 30.0667 in Epoch [386]
2022-07-09 00:35:42,671 INFO: Epoch: 437 | PSNR: 30.0605 | Loss: 5.5459 | lr: 1.25e-04 | Best_PSNR: 30.0667 in Epoch [386]
2022-07-09 00:36:05,373 INFO: Epoch: 438 | PSNR: 30.0629 | Loss: 5.5446 | lr: 1.25e-04 | Best_PSNR: 30.0667 in Epoch [386]
2022-07-09 00:36:28,183 INFO: Epoch: 439 | PSNR: 30.0611 | Loss: 5.5042 | lr: 1.25e-04 | Best_PSNR: 30.0667 in Epoch [386]
2022-07-09 00:36:50,906 INFO: Epoch: 440 | PSNR: 30.0603 | Loss: 5.5228 | lr: 1.25e-04 | Best_PSNR: 30.0667 in Epoch [386]
2022-07-09 00:37:13,457 INFO: Epoch: 441 | PSNR: 30.0570 | Loss: 5.5582 | lr: 1.25e-04 | Best_PSNR: 30.0667 in Epoch [386]
2022-07-09 00:37:36,017 INFO: Epoch: 442 | PSNR: 30.0562 | Loss: 5.5595 | lr: 1.25e-04 | Best_PSNR: 30.0667 in Epoch [386]
2022-07-09 00:37:58,832 INFO: Epoch: 443 | PSNR: 30.0591 | Loss: 5.5041 | lr: 1.25e-04 | Best_PSNR: 30.0667 in Epoch [386]
2022-07-09 00:38:21,652 INFO: Epoch: 444 | PSNR: 30.0612 | Loss: 5.5087 | lr: 1.25e-04 | Best_PSNR: 30.0667 in Epoch [386]
2022-07-09 00:38:44,350 INFO: Epoch: 445 | PSNR: 30.0596 | Loss: 5.5246 | lr: 1.25e-04 | Best_PSNR: 30.0667 in Epoch [386]
2022-07-09 00:39:07,025 INFO: Epoch: 446 | PSNR: 30.0636 | Loss: 5.5309 | lr: 1.25e-04 | Best_PSNR: 30.0667 in Epoch [386]
2022-07-09 00:39:29,816 INFO: Epoch: 447 | PSNR: 30.0605 | Loss: 5.5599 | lr: 1.25e-04 | Best_PSNR: 30.0667 in Epoch [386]
2022-07-09 00:39:52,676 INFO: Epoch: 448 | PSNR: 30.0565 | Loss: 5.5217 | lr: 1.25e-04 | Best_PSNR: 30.0667 in Epoch [386]
2022-07-09 00:40:15,717 INFO: Epoch: 449 | PSNR: 30.0619 | Loss: 5.5903 | lr: 1.25e-04 | Best_PSNR: 30.0667 in Epoch [386]
2022-07-09 00:40:38,953 INFO: Epoch: 450 | PSNR: 30.0673 | Loss: 5.5116 | lr: 1.25e-04 | Best_PSNR: 30.0673 in Epoch [450]
2022-07-09 00:41:01,681 INFO: Epoch: 451 | PSNR: 30.0512 | Loss: 5.5498 | lr: 1.25e-04 | Best_PSNR: 30.0673 in Epoch [450]
2022-07-09 00:41:24,678 INFO: Epoch: 452 | PSNR: 30.0663 | Loss: 5.5718 | lr: 1.25e-04 | Best_PSNR: 30.0673 in Epoch [450]
2022-07-09 00:41:47,675 INFO: Epoch: 453 | PSNR: 30.0593 | Loss: 5.5557 | lr: 1.25e-04 | Best_PSNR: 30.0673 in Epoch [450]
2022-07-09 00:42:10,689 INFO: Epoch: 454 | PSNR: 30.0585 | Loss: 5.5137 | lr: 1.25e-04 | Best_PSNR: 30.0673 in Epoch [450]
2022-07-09 00:42:33,463 INFO: Epoch: 455 | PSNR: 30.0622 | Loss: 5.5415 | lr: 1.25e-04 | Best_PSNR: 30.0673 in Epoch [450]
2022-07-09 00:42:56,038 INFO: Epoch: 456 | PSNR: 30.0614 | Loss: 5.5426 | lr: 1.25e-04 | Best_PSNR: 30.0673 in Epoch [450]
2022-07-09 00:43:18,658 INFO: Epoch: 457 | PSNR: 30.0663 | Loss: 5.5321 | lr: 1.25e-04 | Best_PSNR: 30.0673 in Epoch [450]
2022-07-09 00:43:41,461 INFO: Epoch: 458 | PSNR: 30.0608 | Loss: 5.5529 | lr: 1.25e-04 | Best_PSNR: 30.0673 in Epoch [450]
2022-07-09 00:44:04,166 INFO: Epoch: 459 | PSNR: 30.0562 | Loss: 5.5050 | lr: 1.25e-04 | Best_PSNR: 30.0673 in Epoch [450]
2022-07-09 00:44:27,079 INFO: Epoch: 460 | PSNR: 30.0627 | Loss: 5.5749 | lr: 1.25e-04 | Best_PSNR: 30.0673 in Epoch [450]
2022-07-09 00:44:49,807 INFO: Epoch: 461 | PSNR: 30.0615 | Loss: 5.5148 | lr: 1.25e-04 | Best_PSNR: 30.0673 in Epoch [450]
2022-07-09 00:45:12,480 INFO: Epoch: 462 | PSNR: 30.0659 | Loss: 5.5505 | lr: 1.25e-04 | Best_PSNR: 30.0673 in Epoch [450]
2022-07-09 00:45:35,107 INFO: Epoch: 463 | PSNR: 30.0623 | Loss: 5.5328 | lr: 1.25e-04 | Best_PSNR: 30.0673 in Epoch [450]
2022-07-09 00:45:57,727 INFO: Epoch: 464 | PSNR: 30.0637 | Loss: 5.6190 | lr: 1.25e-04 | Best_PSNR: 30.0673 in Epoch [450]
2022-07-09 00:46:20,640 INFO: Epoch: 465 | PSNR: 30.0588 | Loss: 5.5646 | lr: 1.25e-04 | Best_PSNR: 30.0673 in Epoch [450]
2022-07-09 00:46:43,178 INFO: Epoch: 466 | PSNR: 30.0530 | Loss: 5.5221 | lr: 1.25e-04 | Best_PSNR: 30.0673 in Epoch [450]
2022-07-09 00:47:05,876 INFO: Epoch: 467 | PSNR: 30.0649 | Loss: 5.5229 | lr: 1.25e-04 | Best_PSNR: 30.0673 in Epoch [450]
2022-07-09 00:47:28,754 INFO: Epoch: 468 | PSNR: 30.0604 | Loss: 5.5498 | lr: 1.25e-04 | Best_PSNR: 30.0673 in Epoch [450]
2022-07-09 00:47:51,423 INFO: Epoch: 469 | PSNR: 30.0621 | Loss: 5.5208 | lr: 1.25e-04 | Best_PSNR: 30.0673 in Epoch [450]
2022-07-09 00:48:14,394 INFO: Epoch: 470 | PSNR: 30.0659 | Loss: 5.5610 | lr: 1.25e-04 | Best_PSNR: 30.0673 in Epoch [450]
2022-07-09 00:48:37,274 INFO: Epoch: 471 | PSNR: 30.0641 | Loss: 5.5707 | lr: 1.25e-04 | Best_PSNR: 30.0673 in Epoch [450]
2022-07-09 00:48:59,881 INFO: Epoch: 472 | PSNR: 30.0653 | Loss: 5.5254 | lr: 1.25e-04 | Best_PSNR: 30.0673 in Epoch [450]
2022-07-09 00:49:22,620 INFO: Epoch: 473 | PSNR: 30.0652 | Loss: 5.5228 | lr: 1.25e-04 | Best_PSNR: 30.0673 in Epoch [450]
2022-07-09 00:49:45,308 INFO: Epoch: 474 | PSNR: 30.0657 | Loss: 5.5254 | lr: 1.25e-04 | Best_PSNR: 30.0673 in Epoch [450]
2022-07-09 00:50:08,018 INFO: Epoch: 475 | PSNR: 30.0643 | Loss: 5.5422 | lr: 1.25e-04 | Best_PSNR: 30.0673 in Epoch [450]
2022-07-09 00:50:30,985 INFO: Epoch: 476 | PSNR: 30.0479 | Loss: 5.5431 | lr: 1.25e-04 | Best_PSNR: 30.0673 in Epoch [450]
2022-07-09 00:50:53,915 INFO: Epoch: 477 | PSNR: 30.0609 | Loss: 5.5384 | lr: 1.25e-04 | Best_PSNR: 30.0673 in Epoch [450]
2022-07-09 00:51:16,683 INFO: Epoch: 478 | PSNR: 30.0626 | Loss: 5.5555 | lr: 1.25e-04 | Best_PSNR: 30.0673 in Epoch [450]
2022-07-09 00:51:39,379 INFO: Epoch: 479 | PSNR: 30.0639 | Loss: 5.5408 | lr: 1.25e-04 | Best_PSNR: 30.0673 in Epoch [450]
2022-07-09 00:52:02,241 INFO: Epoch: 480 | PSNR: 30.0644 | Loss: 5.5194 | lr: 1.25e-04 | Best_PSNR: 30.0673 in Epoch [450]
2022-07-09 00:52:25,125 INFO: Epoch: 481 | PSNR: 30.0639 | Loss: 5.5413 | lr: 6.25e-05 | Best_PSNR: 30.0673 in Epoch [450]
2022-07-09 00:52:48,613 INFO: Epoch: 482 | PSNR: 30.0686 | Loss: 5.5387 | lr: 6.25e-05 | Best_PSNR: 30.0686 in Epoch [482]
2022-07-09 00:53:11,550 INFO: Epoch: 483 | PSNR: 30.0556 | Loss: 5.5385 | lr: 6.25e-05 | Best_PSNR: 30.0686 in Epoch [482]
2022-07-09 00:53:34,426 INFO: Epoch: 484 | PSNR: 30.0675 | Loss: 5.5450 | lr: 6.25e-05 | Best_PSNR: 30.0686 in Epoch [482]
2022-07-09 00:53:56,685 INFO: Epoch: 485 | PSNR: 30.0660 | Loss: 5.5247 | lr: 6.25e-05 | Best_PSNR: 30.0686 in Epoch [482]
2022-07-09 00:54:19,913 INFO: Epoch: 486 | PSNR: 30.0654 | Loss: 5.5356 | lr: 6.25e-05 | Best_PSNR: 30.0686 in Epoch [482]
2022-07-09 00:54:42,020 INFO: Epoch: 487 | PSNR: 30.0635 | Loss: 5.5411 | lr: 6.25e-05 | Best_PSNR: 30.0686 in Epoch [482]
2022-07-09 00:55:05,090 INFO: Epoch: 488 | PSNR: 30.0657 | Loss: 5.5432 | lr: 6.25e-05 | Best_PSNR: 30.0686 in Epoch [482]
2022-07-09 00:55:27,214 INFO: Epoch: 489 | PSNR: 30.0643 | Loss: 5.5625 | lr: 6.25e-05 | Best_PSNR: 30.0686 in Epoch [482]
2022-07-09 00:55:50,858 INFO: Epoch: 490 | PSNR: 30.0693 | Loss: 5.5239 | lr: 6.25e-05 | Best_PSNR: 30.0693 in Epoch [490]
2022-07-09 00:56:15,296 INFO: Epoch: 491 | PSNR: 30.0580 | Loss: 5.5315 | lr: 6.25e-05 | Best_PSNR: 30.0693 in Epoch [490]
2022-07-09 00:56:36,857 INFO: Epoch: 492 | PSNR: 30.0682 | Loss: 5.5157 | lr: 6.25e-05 | Best_PSNR: 30.0693 in Epoch [490]
2022-07-09 00:56:59,619 INFO: Epoch: 493 | PSNR: 30.0628 | Loss: 5.5379 | lr: 6.25e-05 | Best_PSNR: 30.0693 in Epoch [490]
2022-07-09 00:57:21,895 INFO: Epoch: 494 | PSNR: 30.0678 | Loss: 5.5848 | lr: 6.25e-05 | Best_PSNR: 30.0693 in Epoch [490]
2022-07-09 00:57:45,547 INFO: Epoch: 495 | PSNR: 30.0670 | Loss: 5.5490 | lr: 6.25e-05 | Best_PSNR: 30.0693 in Epoch [490]
2022-07-09 00:58:07,037 INFO: Epoch: 496 | PSNR: 30.0580 | Loss: 5.5623 | lr: 6.25e-05 | Best_PSNR: 30.0693 in Epoch [490]
2022-07-09 00:58:28,943 INFO: Epoch: 497 | PSNR: 30.0604 | Loss: 5.5200 | lr: 6.25e-05 | Best_PSNR: 30.0693 in Epoch [490]
2022-07-09 00:58:50,511 INFO: Epoch: 498 | PSNR: 30.0606 | Loss: 5.5301 | lr: 6.25e-05 | Best_PSNR: 30.0693 in Epoch [490]
2022-07-09 00:59:13,536 INFO: Epoch: 499 | PSNR: 30.0686 | Loss: 5.5133 | lr: 6.25e-05 | Best_PSNR: 30.0693 in Epoch [490]
2022-07-09 00:59:35,739 INFO: Epoch: 500 | PSNR: 30.0653 | Loss: 5.5577 | lr: 6.25e-05 | Best_PSNR: 30.0693 in Epoch [490]
2022-07-09 00:59:59,342 INFO: Epoch: 501 | PSNR: 30.0681 | Loss: 5.5700 | lr: 6.25e-05 | Best_PSNR: 30.0693 in Epoch [490]
2022-07-09 01:00:22,379 INFO: Epoch: 502 | PSNR: 30.0698 | Loss: 5.5662 | lr: 6.25e-05 | Best_PSNR: 30.0698 in Epoch [502]
2022-07-09 01:00:44,681 INFO: Epoch: 503 | PSNR: 30.0639 | Loss: 5.5168 | lr: 6.25e-05 | Best_PSNR: 30.0698 in Epoch [502]
2022-07-09 01:01:06,984 INFO: Epoch: 504 | PSNR: 30.0689 | Loss: 5.5391 | lr: 6.25e-05 | Best_PSNR: 30.0698 in Epoch [502]
2022-07-09 01:01:30,484 INFO: Epoch: 505 | PSNR: 30.0682 | Loss: 5.5331 | lr: 6.25e-05 | Best_PSNR: 30.0698 in Epoch [502]
2022-07-09 01:01:52,087 INFO: Epoch: 506 | PSNR: 30.0655 | Loss: 5.5721 | lr: 6.25e-05 | Best_PSNR: 30.0698 in Epoch [502]
2022-07-09 01:02:14,106 INFO: Epoch: 507 | PSNR: 30.0653 | Loss: 5.5263 | lr: 6.25e-05 | Best_PSNR: 30.0698 in Epoch [502]
2022-07-09 01:02:35,853 INFO: Epoch: 508 | PSNR: 30.0671 | Loss: 5.5264 | lr: 6.25e-05 | Best_PSNR: 30.0698 in Epoch [502]
2022-07-09 01:02:57,396 INFO: Epoch: 509 | PSNR: 30.0652 | Loss: 5.5575 | lr: 6.25e-05 | Best_PSNR: 30.0698 in Epoch [502]
2022-07-09 01:03:19,475 INFO: Epoch: 510 | PSNR: 30.0666 | Loss: 5.5769 | lr: 6.25e-05 | Best_PSNR: 30.0698 in Epoch [502]
2022-07-09 01:03:41,393 INFO: Epoch: 511 | PSNR: 30.0654 | Loss: 5.4740 | lr: 6.25e-05 | Best_PSNR: 30.0698 in Epoch [502]
2022-07-09 01:04:02,967 INFO: Epoch: 512 | PSNR: 30.0654 | Loss: 5.5503 | lr: 6.25e-05 | Best_PSNR: 30.0698 in Epoch [502]
2022-07-09 01:04:25,398 INFO: Epoch: 513 | PSNR: 30.0678 | Loss: 5.5804 | lr: 6.25e-05 | Best_PSNR: 30.0698 in Epoch [502]
2022-07-09 01:04:47,486 INFO: Epoch: 514 | PSNR: 30.0642 | Loss: 5.5955 | lr: 6.25e-05 | Best_PSNR: 30.0698 in Epoch [502]
2022-07-09 01:05:09,633 INFO: Epoch: 515 | PSNR: 30.0674 | Loss: 5.5555 | lr: 6.25e-05 | Best_PSNR: 30.0698 in Epoch [502]
2022-07-09 01:05:31,096 INFO: Epoch: 516 | PSNR: 30.0681 | Loss: 5.5509 | lr: 6.25e-05 | Best_PSNR: 30.0698 in Epoch [502]
2022-07-09 01:05:53,567 INFO: Epoch: 517 | PSNR: 30.0714 | Loss: 5.5405 | lr: 6.25e-05 | Best_PSNR: 30.0714 in Epoch [517]
2022-07-09 01:06:15,169 INFO: Epoch: 518 | PSNR: 30.0640 | Loss: 5.5037 | lr: 6.25e-05 | Best_PSNR: 30.0714 in Epoch [517]
2022-07-09 01:06:36,920 INFO: Epoch: 519 | PSNR: 30.0637 | Loss: 5.5572 | lr: 6.25e-05 | Best_PSNR: 30.0714 in Epoch [517]
2022-07-09 01:06:58,518 INFO: Epoch: 520 | PSNR: 30.0622 | Loss: 5.5469 | lr: 6.25e-05 | Best_PSNR: 30.0714 in Epoch [517]
2022-07-09 01:07:20,104 INFO: Epoch: 521 | PSNR: 30.0672 | Loss: 5.5699 | lr: 6.25e-05 | Best_PSNR: 30.0714 in Epoch [517]
2022-07-09 01:07:41,837 INFO: Epoch: 522 | PSNR: 30.0688 | Loss: 5.5590 | lr: 6.25e-05 | Best_PSNR: 30.0714 in Epoch [517]
2022-07-09 01:08:03,308 INFO: Epoch: 523 | PSNR: 30.0702 | Loss: 5.5862 | lr: 6.25e-05 | Best_PSNR: 30.0714 in Epoch [517]
2022-07-09 01:08:25,314 INFO: Epoch: 524 | PSNR: 30.0684 | Loss: 5.5678 | lr: 6.25e-05 | Best_PSNR: 30.0714 in Epoch [517]
2022-07-09 01:08:46,736 INFO: Epoch: 525 | PSNR: 30.0624 | Loss: 5.5176 | lr: 6.25e-05 | Best_PSNR: 30.0714 in Epoch [517]
2022-07-09 01:09:08,286 INFO: Epoch: 526 | PSNR: 30.0679 | Loss: 5.5688 | lr: 6.25e-05 | Best_PSNR: 30.0714 in Epoch [517]
2022-07-09 01:09:29,974 INFO: Epoch: 527 | PSNR: 30.0691 | Loss: 5.5083 | lr: 6.25e-05 | Best_PSNR: 30.0714 in Epoch [517]
2022-07-09 01:09:51,861 INFO: Epoch: 528 | PSNR: 30.0706 | Loss: 5.5212 | lr: 6.25e-05 | Best_PSNR: 30.0714 in Epoch [517]
2022-07-09 01:10:13,488 INFO: Epoch: 529 | PSNR: 30.0671 | Loss: 5.5803 | lr: 6.25e-05 | Best_PSNR: 30.0714 in Epoch [517]
2022-07-09 01:10:35,459 INFO: Epoch: 530 | PSNR: 30.0694 | Loss: 5.5812 | lr: 6.25e-05 | Best_PSNR: 30.0714 in Epoch [517]
2022-07-09 01:10:56,954 INFO: Epoch: 531 | PSNR: 30.0694 | Loss: 5.5581 | lr: 6.25e-05 | Best_PSNR: 30.0714 in Epoch [517]
2022-07-09 01:11:18,462 INFO: Epoch: 532 | PSNR: 30.0582 | Loss: 5.5469 | lr: 6.25e-05 | Best_PSNR: 30.0714 in Epoch [517]
2022-07-09 01:11:39,779 INFO: Epoch: 533 | PSNR: 30.0648 | Loss: 5.5587 | lr: 6.25e-05 | Best_PSNR: 30.0714 in Epoch [517]
2022-07-09 01:12:01,377 INFO: Epoch: 534 | PSNR: 30.0625 | Loss: 5.5414 | lr: 6.25e-05 | Best_PSNR: 30.0714 in Epoch [517]
2022-07-09 01:12:22,958 INFO: Epoch: 535 | PSNR: 30.0659 | Loss: 5.5305 | lr: 6.25e-05 | Best_PSNR: 30.0714 in Epoch [517]
2022-07-09 01:12:44,630 INFO: Epoch: 536 | PSNR: 30.0678 | Loss: 5.5070 | lr: 6.25e-05 | Best_PSNR: 30.0714 in Epoch [517]
2022-07-09 01:13:05,955 INFO: Epoch: 537 | PSNR: 30.0641 | Loss: 5.5660 | lr: 6.25e-05 | Best_PSNR: 30.0714 in Epoch [517]
2022-07-09 01:13:27,598 INFO: Epoch: 538 | PSNR: 30.0708 | Loss: 5.5398 | lr: 6.25e-05 | Best_PSNR: 30.0714 in Epoch [517]
2022-07-09 01:13:48,896 INFO: Epoch: 539 | PSNR: 30.0681 | Loss: 5.5145 | lr: 6.25e-05 | Best_PSNR: 30.0714 in Epoch [517]
2022-07-09 01:14:10,258 INFO: Epoch: 540 | PSNR: 30.0593 | Loss: 5.5280 | lr: 6.25e-05 | Best_PSNR: 30.0714 in Epoch [517]
2022-07-09 01:14:31,998 INFO: Epoch: 541 | PSNR: 30.0581 | Loss: 5.5217 | lr: 6.25e-05 | Best_PSNR: 30.0714 in Epoch [517]
2022-07-09 01:14:53,651 INFO: Epoch: 542 | PSNR: 30.0651 | Loss: 5.5738 | lr: 6.25e-05 | Best_PSNR: 30.0714 in Epoch [517]
2022-07-09 01:15:15,208 INFO: Epoch: 543 | PSNR: 30.0636 | Loss: 5.5436 | lr: 6.25e-05 | Best_PSNR: 30.0714 in Epoch [517]
2022-07-09 01:15:36,918 INFO: Epoch: 544 | PSNR: 30.0670 | Loss: 5.4775 | lr: 6.25e-05 | Best_PSNR: 30.0714 in Epoch [517]
2022-07-09 01:15:58,389 INFO: Epoch: 545 | PSNR: 30.0676 | Loss: 5.5223 | lr: 6.25e-05 | Best_PSNR: 30.0714 in Epoch [517]
2022-07-09 01:16:20,162 INFO: Epoch: 546 | PSNR: 30.0656 | Loss: 5.5742 | lr: 6.25e-05 | Best_PSNR: 30.0714 in Epoch [517]
2022-07-09 01:16:41,961 INFO: Epoch: 547 | PSNR: 30.0646 | Loss: 5.5782 | lr: 6.25e-05 | Best_PSNR: 30.0714 in Epoch [517]
2022-07-09 01:17:03,658 INFO: Epoch: 548 | PSNR: 30.0702 | Loss: 5.5827 | lr: 6.25e-05 | Best_PSNR: 30.0714 in Epoch [517]
2022-07-09 01:17:25,025 INFO: Epoch: 549 | PSNR: 30.0606 | Loss: 5.5186 | lr: 6.25e-05 | Best_PSNR: 30.0714 in Epoch [517]
2022-07-09 01:17:46,843 INFO: Epoch: 550 | PSNR: 30.0703 | Loss: 5.5346 | lr: 6.25e-05 | Best_PSNR: 30.0714 in Epoch [517]
2022-07-09 01:18:08,412 INFO: Epoch: 551 | PSNR: 30.0604 | Loss: 5.5204 | lr: 6.25e-05 | Best_PSNR: 30.0714 in Epoch [517]
2022-07-09 01:18:30,069 INFO: Epoch: 552 | PSNR: 30.0677 | Loss: 5.5404 | lr: 6.25e-05 | Best_PSNR: 30.0714 in Epoch [517]
2022-07-09 01:18:51,451 INFO: Epoch: 553 | PSNR: 30.0676 | Loss: 5.5583 | lr: 6.25e-05 | Best_PSNR: 30.0714 in Epoch [517]
2022-07-09 01:19:13,366 INFO: Epoch: 554 | PSNR: 30.0692 | Loss: 5.5503 | lr: 6.25e-05 | Best_PSNR: 30.0714 in Epoch [517]
2022-07-09 01:19:34,817 INFO: Epoch: 555 | PSNR: 30.0660 | Loss: 5.5100 | lr: 6.25e-05 | Best_PSNR: 30.0714 in Epoch [517]
2022-07-09 01:19:56,582 INFO: Epoch: 556 | PSNR: 30.0638 | Loss: 5.5085 | lr: 6.25e-05 | Best_PSNR: 30.0714 in Epoch [517]
2022-07-09 01:20:18,140 INFO: Epoch: 557 | PSNR: 30.0669 | Loss: 5.4883 | lr: 6.25e-05 | Best_PSNR: 30.0714 in Epoch [517]
2022-07-09 01:20:39,828 INFO: Epoch: 558 | PSNR: 30.0707 | Loss: 5.5170 | lr: 6.25e-05 | Best_PSNR: 30.0714 in Epoch [517]
2022-07-09 01:21:01,252 INFO: Epoch: 559 | PSNR: 30.0647 | Loss: 5.5527 | lr: 6.25e-05 | Best_PSNR: 30.0714 in Epoch [517]
2022-07-09 01:21:22,853 INFO: Epoch: 560 | PSNR: 30.0667 | Loss: 5.5010 | lr: 6.25e-05 | Best_PSNR: 30.0714 in Epoch [517]
2022-07-09 01:21:44,360 INFO: Epoch: 561 | PSNR: 30.0641 | Loss: 5.5796 | lr: 6.25e-05 | Best_PSNR: 30.0714 in Epoch [517]
2022-07-09 01:22:05,975 INFO: Epoch: 562 | PSNR: 30.0691 | Loss: 5.5097 | lr: 6.25e-05 | Best_PSNR: 30.0714 in Epoch [517]
2022-07-09 01:22:27,648 INFO: Epoch: 563 | PSNR: 30.0685 | Loss: 5.5217 | lr: 6.25e-05 | Best_PSNR: 30.0714 in Epoch [517]
2022-07-09 01:22:49,565 INFO: Epoch: 564 | PSNR: 30.0669 | Loss: 5.5657 | lr: 6.25e-05 | Best_PSNR: 30.0714 in Epoch [517]
2022-07-09 01:23:11,113 INFO: Epoch: 565 | PSNR: 30.0693 | Loss: 5.5040 | lr: 6.25e-05 | Best_PSNR: 30.0714 in Epoch [517]
2022-07-09 01:23:33,002 INFO: Epoch: 566 | PSNR: 30.0647 | Loss: 5.5537 | lr: 6.25e-05 | Best_PSNR: 30.0714 in Epoch [517]
2022-07-09 01:23:54,510 INFO: Epoch: 567 | PSNR: 30.0637 | Loss: 5.5692 | lr: 6.25e-05 | Best_PSNR: 30.0714 in Epoch [517]
2022-07-09 01:24:16,067 INFO: Epoch: 568 | PSNR: 30.0641 | Loss: 5.5177 | lr: 6.25e-05 | Best_PSNR: 30.0714 in Epoch [517]
2022-07-09 01:24:37,730 INFO: Epoch: 569 | PSNR: 30.0638 | Loss: 5.5351 | lr: 6.25e-05 | Best_PSNR: 30.0714 in Epoch [517]
2022-07-09 01:24:59,207 INFO: Epoch: 570 | PSNR: 30.0548 | Loss: 5.5211 | lr: 6.25e-05 | Best_PSNR: 30.0714 in Epoch [517]
2022-07-09 01:25:20,683 INFO: Epoch: 571 | PSNR: 30.0649 | Loss: 5.5225 | lr: 6.25e-05 | Best_PSNR: 30.0714 in Epoch [517]
2022-07-09 01:25:42,161 INFO: Epoch: 572 | PSNR: 30.0667 | Loss: 5.5260 | lr: 6.25e-05 | Best_PSNR: 30.0714 in Epoch [517]
2022-07-09 01:26:03,679 INFO: Epoch: 573 | PSNR: 30.0605 | Loss: 5.5777 | lr: 6.25e-05 | Best_PSNR: 30.0714 in Epoch [517]
2022-07-09 01:26:25,709 INFO: Epoch: 574 | PSNR: 30.0658 | Loss: 5.5276 | lr: 6.25e-05 | Best_PSNR: 30.0714 in Epoch [517]
2022-07-09 01:26:47,243 INFO: Epoch: 575 | PSNR: 30.0686 | Loss: 5.5280 | lr: 6.25e-05 | Best_PSNR: 30.0714 in Epoch [517]
2022-07-09 01:27:08,926 INFO: Epoch: 576 | PSNR: 30.0675 | Loss: 5.5341 | lr: 6.25e-05 | Best_PSNR: 30.0714 in Epoch [517]
2022-07-09 01:27:30,454 INFO: Epoch: 577 | PSNR: 30.0689 | Loss: 5.4826 | lr: 6.25e-05 | Best_PSNR: 30.0714 in Epoch [517]
2022-07-09 01:27:52,149 INFO: Epoch: 578 | PSNR: 30.0675 | Loss: 5.4984 | lr: 6.25e-05 | Best_PSNR: 30.0714 in Epoch [517]
2022-07-09 01:28:13,610 INFO: Epoch: 579 | PSNR: 30.0690 | Loss: 5.4838 | lr: 6.25e-05 | Best_PSNR: 30.0714 in Epoch [517]
2022-07-09 01:28:36,044 INFO: Epoch: 580 | PSNR: 30.0650 | Loss: 5.5551 | lr: 6.25e-05 | Best_PSNR: 30.0714 in Epoch [517]
2022-07-09 01:28:57,532 INFO: Epoch: 581 | PSNR: 30.0697 | Loss: 5.5200 | lr: 6.25e-05 | Best_PSNR: 30.0714 in Epoch [517]
2022-07-09 01:29:19,466 INFO: Epoch: 582 | PSNR: 30.0628 | Loss: 5.5284 | lr: 6.25e-05 | Best_PSNR: 30.0714 in Epoch [517]
2022-07-09 01:29:41,162 INFO: Epoch: 583 | PSNR: 30.0616 | Loss: 5.5489 | lr: 6.25e-05 | Best_PSNR: 30.0714 in Epoch [517]
2022-07-09 01:30:03,339 INFO: Epoch: 584 | PSNR: 30.0666 | Loss: 5.5766 | lr: 6.25e-05 | Best_PSNR: 30.0714 in Epoch [517]
2022-07-09 01:30:24,946 INFO: Epoch: 585 | PSNR: 30.0689 | Loss: 5.5483 | lr: 6.25e-05 | Best_PSNR: 30.0714 in Epoch [517]
2022-07-09 01:30:46,495 INFO: Epoch: 586 | PSNR: 30.0644 | Loss: 5.5441 | lr: 6.25e-05 | Best_PSNR: 30.0714 in Epoch [517]
2022-07-09 01:31:08,060 INFO: Epoch: 587 | PSNR: 30.0683 | Loss: 5.5350 | lr: 6.25e-05 | Best_PSNR: 30.0714 in Epoch [517]
2022-07-09 01:31:30,242 INFO: Epoch: 588 | PSNR: 30.0643 | Loss: 5.5335 | lr: 6.25e-05 | Best_PSNR: 30.0714 in Epoch [517]
2022-07-09 01:31:51,793 INFO: Epoch: 589 | PSNR: 30.0662 | Loss: 5.5314 | lr: 6.25e-05 | Best_PSNR: 30.0714 in Epoch [517]
2022-07-09 01:32:14,090 INFO: Epoch: 590 | PSNR: 30.0664 | Loss: 5.5238 | lr: 6.25e-05 | Best_PSNR: 30.0714 in Epoch [517]
2022-07-09 01:32:35,855 INFO: Epoch: 591 | PSNR: 30.0673 | Loss: 5.5369 | lr: 6.25e-05 | Best_PSNR: 30.0714 in Epoch [517]
2022-07-09 01:32:58,714 INFO: Epoch: 592 | PSNR: 30.0700 | Loss: 5.5472 | lr: 6.25e-05 | Best_PSNR: 30.0714 in Epoch [517]
2022-07-09 01:33:20,202 INFO: Epoch: 593 | PSNR: 30.0700 | Loss: 5.5691 | lr: 6.25e-05 | Best_PSNR: 30.0714 in Epoch [517]
2022-07-09 01:33:41,794 INFO: Epoch: 594 | PSNR: 30.0677 | Loss: 5.5300 | lr: 6.25e-05 | Best_PSNR: 30.0714 in Epoch [517]
2022-07-09 01:34:03,387 INFO: Epoch: 595 | PSNR: 30.0676 | Loss: 5.5734 | lr: 6.25e-05 | Best_PSNR: 30.0714 in Epoch [517]
2022-07-09 01:34:24,964 INFO: Epoch: 596 | PSNR: 30.0672 | Loss: 5.5505 | lr: 6.25e-05 | Best_PSNR: 30.0714 in Epoch [517]
2022-07-09 01:34:46,799 INFO: Epoch: 597 | PSNR: 30.0712 | Loss: 5.5872 | lr: 6.25e-05 | Best_PSNR: 30.0714 in Epoch [517]
2022-07-09 01:35:08,648 INFO: Epoch: 598 | PSNR: 30.0640 | Loss: 5.5148 | lr: 6.25e-05 | Best_PSNR: 30.0714 in Epoch [517]
2022-07-09 01:35:30,160 INFO: Epoch: 599 | PSNR: 30.0701 | Loss: 5.5618 | lr: 6.25e-05 | Best_PSNR: 30.0714 in Epoch [517]
2022-07-09 01:35:51,962 INFO: Epoch: 600 | PSNR: 30.0691 | Loss: 5.5609 | lr: 6.25e-05 | Best_PSNR: 30.0714 in Epoch [517]
