2022-07-07 16:35:53,233 INFO: Create train dataset successfully!
2022-07-07 16:35:53,233 INFO: Training: [1000] iterations for each epoch
2022-07-07 16:35:53,233 INFO: Create val dataset successfully!
2022-07-07 16:35:53,233 INFO: Validating: [100] iterations for each epoch
2022-07-07 16:35:53,234 INFO: Preparing for experiment: [trial1_qat]
2022-07-07 16:35:53,234 INFO: Loading pretrained model ...
2022-07-07 16:35:59,001 INFO: Start copying weights and annotate Lambda layer...
2022-07-07 16:35:59,046 INFO: Start annotating other parts of model...
2022-07-07 16:35:59,068 INFO: Creating quantize-aware model...
2022-07-07 16:36:00,157 INFO: Create model successfully! Params: [30.43]K
2022-07-07 16:36:00,158 INFO: Start training...
2022-07-07 16:37:10,835 INFO: Epoch: 1 | PSNR: 14.1073 | Loss: 76.7540 | lr: 1.00e-03 | Best_PSNR: 14.1073 in Epoch [1]
2022-07-07 16:38:07,287 INFO: Epoch: 2 | PSNR: 27.9094 | Loss: 17.3914 | lr: 1.00e-03 | Best_PSNR: 27.9094 in Epoch [2]
2022-07-07 16:39:00,435 INFO: Epoch: 3 | PSNR: 29.7756 | Loss: 6.1594 | lr: 1.00e-03 | Best_PSNR: 29.7756 in Epoch [3]
2022-07-07 16:39:55,790 INFO: Epoch: 4 | PSNR: 29.8727 | Loss: 5.7343 | lr: 1.00e-03 | Best_PSNR: 29.8727 in Epoch [4]
2022-07-07 16:40:51,082 INFO: Epoch: 5 | PSNR: 29.9180 | Loss: 5.7114 | lr: 1.00e-03 | Best_PSNR: 29.9180 in Epoch [5]
2022-07-07 16:41:46,364 INFO: Epoch: 6 | PSNR: 29.9556 | Loss: 5.6173 | lr: 1.00e-03 | Best_PSNR: 29.9556 in Epoch [6]
2022-07-07 16:42:41,664 INFO: Epoch: 7 | PSNR: 29.9619 | Loss: 5.6363 | lr: 1.00e-03 | Best_PSNR: 29.9619 in Epoch [7]
2022-07-07 16:43:32,652 INFO: Epoch: 8 | PSNR: 29.9456 | Loss: 5.6586 | lr: 1.00e-03 | Best_PSNR: 29.9619 in Epoch [7]
2022-07-07 16:44:12,509 INFO: Epoch: 9 | PSNR: 29.8867 | Loss: 5.6497 | lr: 1.00e-03 | Best_PSNR: 29.9619 in Epoch [7]
2022-07-07 16:44:34,757 INFO: Epoch: 10 | PSNR: 29.8880 | Loss: 5.6302 | lr: 1.00e-03 | Best_PSNR: 29.9619 in Epoch [7]
2022-07-07 16:44:57,025 INFO: Epoch: 11 | PSNR: 29.9259 | Loss: 5.6558 | lr: 1.00e-03 | Best_PSNR: 29.9619 in Epoch [7]
2022-07-07 16:45:19,346 INFO: Epoch: 12 | PSNR: 29.9599 | Loss: 5.6816 | lr: 1.00e-03 | Best_PSNR: 29.9619 in Epoch [7]
2022-07-07 16:45:42,044 INFO: Epoch: 13 | PSNR: 29.8779 | Loss: 5.6054 | lr: 1.00e-03 | Best_PSNR: 29.9619 in Epoch [7]
2022-07-07 16:46:04,689 INFO: Epoch: 14 | PSNR: 29.9581 | Loss: 5.6659 | lr: 1.00e-03 | Best_PSNR: 29.9619 in Epoch [7]
2022-07-07 16:46:27,393 INFO: Epoch: 15 | PSNR: 29.9340 | Loss: 5.6067 | lr: 1.00e-03 | Best_PSNR: 29.9619 in Epoch [7]
2022-07-07 16:46:51,156 INFO: Epoch: 16 | PSNR: 29.9761 | Loss: 5.6435 | lr: 1.00e-03 | Best_PSNR: 29.9761 in Epoch [16]
2022-07-07 16:47:13,592 INFO: Epoch: 17 | PSNR: 29.9597 | Loss: 5.6621 | lr: 1.00e-03 | Best_PSNR: 29.9761 in Epoch [16]
2022-07-07 16:47:35,688 INFO: Epoch: 18 | PSNR: 29.9555 | Loss: 5.6293 | lr: 1.00e-03 | Best_PSNR: 29.9761 in Epoch [16]
2022-07-07 16:47:58,147 INFO: Epoch: 19 | PSNR: 29.9547 | Loss: 5.6296 | lr: 1.00e-03 | Best_PSNR: 29.9761 in Epoch [16]
2022-07-07 16:48:20,165 INFO: Epoch: 20 | PSNR: 29.9522 | Loss: 5.6341 | lr: 1.00e-03 | Best_PSNR: 29.9761 in Epoch [16]
2022-07-07 16:48:42,587 INFO: Epoch: 21 | PSNR: 29.9636 | Loss: 5.6449 | lr: 1.00e-03 | Best_PSNR: 29.9761 in Epoch [16]
2022-07-07 16:49:05,016 INFO: Epoch: 22 | PSNR: 29.9045 | Loss: 5.7019 | lr: 1.00e-03 | Best_PSNR: 29.9761 in Epoch [16]
2022-07-07 16:49:28,170 INFO: Epoch: 23 | PSNR: 29.9577 | Loss: 5.6717 | lr: 1.00e-03 | Best_PSNR: 29.9761 in Epoch [16]
2022-07-07 16:49:50,332 INFO: Epoch: 24 | PSNR: 29.9376 | Loss: 5.6248 | lr: 1.00e-03 | Best_PSNR: 29.9761 in Epoch [16]
2022-07-07 16:50:15,110 INFO: Epoch: 25 | PSNR: 29.9772 | Loss: 5.6876 | lr: 1.00e-03 | Best_PSNR: 29.9772 in Epoch [25]
2022-07-07 16:50:37,161 INFO: Epoch: 26 | PSNR: 29.9484 | Loss: 5.6148 | lr: 1.00e-03 | Best_PSNR: 29.9772 in Epoch [25]
2022-07-07 16:50:59,350 INFO: Epoch: 27 | PSNR: 29.8651 | Loss: 5.6723 | lr: 1.00e-03 | Best_PSNR: 29.9772 in Epoch [25]
2022-07-07 16:51:21,556 INFO: Epoch: 28 | PSNR: 29.9145 | Loss: 5.6191 | lr: 1.00e-03 | Best_PSNR: 29.9772 in Epoch [25]
2022-07-07 16:51:56,681 INFO: Epoch: 29 | PSNR: 29.9470 | Loss: 5.6125 | lr: 1.00e-03 | Best_PSNR: 29.9772 in Epoch [25]
2022-07-07 16:52:43,477 INFO: Epoch: 30 | PSNR: 29.9664 | Loss: 5.6693 | lr: 1.00e-03 | Best_PSNR: 29.9772 in Epoch [25]
2022-07-07 16:53:33,382 INFO: Epoch: 31 | PSNR: 29.9455 | Loss: 5.6529 | lr: 1.00e-03 | Best_PSNR: 29.9772 in Epoch [25]
2022-07-07 16:54:23,398 INFO: Epoch: 32 | PSNR: 29.9378 | Loss: 5.6526 | lr: 1.00e-03 | Best_PSNR: 29.9772 in Epoch [25]
2022-07-07 16:55:13,544 INFO: Epoch: 33 | PSNR: 29.9534 | Loss: 5.6571 | lr: 1.00e-03 | Best_PSNR: 29.9772 in Epoch [25]
2022-07-07 16:56:03,600 INFO: Epoch: 34 | PSNR: 29.9579 | Loss: 5.5982 | lr: 1.00e-03 | Best_PSNR: 29.9772 in Epoch [25]
2022-07-07 16:56:54,038 INFO: Epoch: 35 | PSNR: 29.9583 | Loss: 5.6446 | lr: 1.00e-03 | Best_PSNR: 29.9772 in Epoch [25]
2022-07-07 16:57:44,713 INFO: Epoch: 36 | PSNR: 29.9423 | Loss: 5.5826 | lr: 1.00e-03 | Best_PSNR: 29.9772 in Epoch [25]
2022-07-07 16:58:34,719 INFO: Epoch: 37 | PSNR: 29.9428 | Loss: 5.6348 | lr: 1.00e-03 | Best_PSNR: 29.9772 in Epoch [25]
2022-07-07 16:59:24,662 INFO: Epoch: 38 | PSNR: 29.9478 | Loss: 5.6288 | lr: 1.00e-03 | Best_PSNR: 29.9772 in Epoch [25]
2022-07-07 17:00:15,019 INFO: Epoch: 39 | PSNR: 29.9527 | Loss: 5.6536 | lr: 1.00e-03 | Best_PSNR: 29.9772 in Epoch [25]
2022-07-07 17:01:04,996 INFO: Epoch: 40 | PSNR: 29.9339 | Loss: 5.6954 | lr: 1.00e-03 | Best_PSNR: 29.9772 in Epoch [25]
2022-07-07 17:01:55,145 INFO: Epoch: 41 | PSNR: 29.9644 | Loss: 5.6557 | lr: 1.00e-03 | Best_PSNR: 29.9772 in Epoch [25]
2022-07-07 17:02:45,100 INFO: Epoch: 42 | PSNR: 29.9349 | Loss: 5.6035 | lr: 1.00e-03 | Best_PSNR: 29.9772 in Epoch [25]
2022-07-07 17:03:35,162 INFO: Epoch: 43 | PSNR: 29.9656 | Loss: 5.6493 | lr: 1.00e-03 | Best_PSNR: 29.9772 in Epoch [25]
2022-07-07 17:04:25,393 INFO: Epoch: 44 | PSNR: 29.9107 | Loss: 5.6339 | lr: 1.00e-03 | Best_PSNR: 29.9772 in Epoch [25]
2022-07-07 17:05:15,688 INFO: Epoch: 45 | PSNR: 29.9613 | Loss: 5.5872 | lr: 1.00e-03 | Best_PSNR: 29.9772 in Epoch [25]
2022-07-07 17:06:06,124 INFO: Epoch: 46 | PSNR: 29.8706 | Loss: 5.6724 | lr: 1.00e-03 | Best_PSNR: 29.9772 in Epoch [25]
2022-07-07 17:06:56,255 INFO: Epoch: 47 | PSNR: 29.9496 | Loss: 5.6201 | lr: 1.00e-03 | Best_PSNR: 29.9772 in Epoch [25]
2022-07-07 17:07:46,472 INFO: Epoch: 48 | PSNR: 29.9682 | Loss: 5.6463 | lr: 1.00e-03 | Best_PSNR: 29.9772 in Epoch [25]
2022-07-07 17:08:36,292 INFO: Epoch: 49 | PSNR: 29.9664 | Loss: 5.6249 | lr: 1.00e-03 | Best_PSNR: 29.9772 in Epoch [25]
2022-07-07 17:09:27,418 INFO: Epoch: 50 | PSNR: 29.9853 | Loss: 5.6668 | lr: 1.00e-03 | Best_PSNR: 29.9853 in Epoch [50]
2022-07-07 17:10:19,035 INFO: Epoch: 51 | PSNR: 29.9997 | Loss: 5.5788 | lr: 5.00e-04 | Best_PSNR: 29.9997 in Epoch [51]
2022-07-07 17:11:09,367 INFO: Epoch: 52 | PSNR: 29.9990 | Loss: 5.6070 | lr: 5.00e-04 | Best_PSNR: 29.9997 in Epoch [51]
2022-07-07 17:11:59,769 INFO: Epoch: 53 | PSNR: 29.9951 | Loss: 5.6021 | lr: 5.00e-04 | Best_PSNR: 29.9997 in Epoch [51]
2022-07-07 17:12:49,930 INFO: Epoch: 54 | PSNR: 29.9848 | Loss: 5.6144 | lr: 5.00e-04 | Best_PSNR: 29.9997 in Epoch [51]
2022-07-07 17:13:40,230 INFO: Epoch: 55 | PSNR: 29.9908 | Loss: 5.6587 | lr: 5.00e-04 | Best_PSNR: 29.9997 in Epoch [51]
2022-07-07 17:14:31,740 INFO: Epoch: 56 | PSNR: 30.0087 | Loss: 5.6290 | lr: 5.00e-04 | Best_PSNR: 30.0087 in Epoch [56]
2022-07-07 17:15:21,600 INFO: Epoch: 57 | PSNR: 29.9992 | Loss: 5.5954 | lr: 5.00e-04 | Best_PSNR: 30.0087 in Epoch [56]
2022-07-07 17:16:11,890 INFO: Epoch: 58 | PSNR: 29.9880 | Loss: 5.6820 | lr: 5.00e-04 | Best_PSNR: 30.0087 in Epoch [56]
2022-07-07 17:17:01,745 INFO: Epoch: 59 | PSNR: 29.9904 | Loss: 5.5898 | lr: 5.00e-04 | Best_PSNR: 30.0087 in Epoch [56]
2022-07-07 17:17:52,064 INFO: Epoch: 60 | PSNR: 29.9859 | Loss: 5.6155 | lr: 5.00e-04 | Best_PSNR: 30.0087 in Epoch [56]
2022-07-07 17:18:42,233 INFO: Epoch: 61 | PSNR: 29.9803 | Loss: 5.5889 | lr: 5.00e-04 | Best_PSNR: 30.0087 in Epoch [56]
2022-07-07 17:19:32,513 INFO: Epoch: 62 | PSNR: 29.9873 | Loss: 5.6456 | lr: 5.00e-04 | Best_PSNR: 30.0087 in Epoch [56]
2022-07-07 17:20:22,931 INFO: Epoch: 63 | PSNR: 29.9809 | Loss: 5.6243 | lr: 5.00e-04 | Best_PSNR: 30.0087 in Epoch [56]
2022-07-07 17:21:13,204 INFO: Epoch: 64 | PSNR: 29.9871 | Loss: 5.5851 | lr: 5.00e-04 | Best_PSNR: 30.0087 in Epoch [56]
2022-07-07 17:22:03,502 INFO: Epoch: 65 | PSNR: 29.9923 | Loss: 5.6575 | lr: 5.00e-04 | Best_PSNR: 30.0087 in Epoch [56]
2022-07-07 17:22:53,519 INFO: Epoch: 66 | PSNR: 29.9836 | Loss: 5.5933 | lr: 5.00e-04 | Best_PSNR: 30.0087 in Epoch [56]
2022-07-07 17:23:43,918 INFO: Epoch: 67 | PSNR: 29.9756 | Loss: 5.6143 | lr: 5.00e-04 | Best_PSNR: 30.0087 in Epoch [56]
2022-07-07 17:24:34,247 INFO: Epoch: 68 | PSNR: 29.9813 | Loss: 5.6379 | lr: 5.00e-04 | Best_PSNR: 30.0087 in Epoch [56]
2022-07-07 17:25:24,199 INFO: Epoch: 69 | PSNR: 29.9823 | Loss: 5.6182 | lr: 5.00e-04 | Best_PSNR: 30.0087 in Epoch [56]
2022-07-07 17:26:14,514 INFO: Epoch: 70 | PSNR: 29.9729 | Loss: 5.6243 | lr: 5.00e-04 | Best_PSNR: 30.0087 in Epoch [56]
2022-07-07 17:27:04,259 INFO: Epoch: 71 | PSNR: 29.9234 | Loss: 5.6203 | lr: 5.00e-04 | Best_PSNR: 30.0087 in Epoch [56]
2022-07-07 17:27:54,737 INFO: Epoch: 72 | PSNR: 29.9889 | Loss: 5.5916 | lr: 5.00e-04 | Best_PSNR: 30.0087 in Epoch [56]
2022-07-07 17:28:40,635 INFO: Epoch: 73 | PSNR: 29.9829 | Loss: 5.6270 | lr: 5.00e-04 | Best_PSNR: 30.0087 in Epoch [56]
2022-07-07 17:29:31,050 INFO: Epoch: 74 | PSNR: 29.9964 | Loss: 5.5360 | lr: 5.00e-04 | Best_PSNR: 30.0087 in Epoch [56]
2022-07-07 17:30:21,383 INFO: Epoch: 75 | PSNR: 29.9816 | Loss: 5.6308 | lr: 5.00e-04 | Best_PSNR: 30.0087 in Epoch [56]
2022-07-07 17:31:11,489 INFO: Epoch: 76 | PSNR: 29.9691 | Loss: 5.6498 | lr: 5.00e-04 | Best_PSNR: 30.0087 in Epoch [56]
2022-07-07 17:32:03,032 INFO: Epoch: 77 | PSNR: 29.9729 | Loss: 5.6177 | lr: 5.00e-04 | Best_PSNR: 30.0087 in Epoch [56]
2022-07-07 17:32:56,424 INFO: Epoch: 78 | PSNR: 29.9946 | Loss: 5.6338 | lr: 5.00e-04 | Best_PSNR: 30.0087 in Epoch [56]
2022-07-07 17:33:51,719 INFO: Epoch: 79 | PSNR: 29.9982 | Loss: 5.6692 | lr: 5.00e-04 | Best_PSNR: 30.0087 in Epoch [56]
2022-07-07 17:34:46,566 INFO: Epoch: 80 | PSNR: 29.9506 | Loss: 5.5754 | lr: 5.00e-04 | Best_PSNR: 30.0087 in Epoch [56]
2022-07-07 17:35:41,138 INFO: Epoch: 81 | PSNR: 29.9773 | Loss: 5.6031 | lr: 5.00e-04 | Best_PSNR: 30.0087 in Epoch [56]
2022-07-07 17:36:33,247 INFO: Epoch: 82 | PSNR: 29.9750 | Loss: 5.6241 | lr: 5.00e-04 | Best_PSNR: 30.0087 in Epoch [56]
2022-07-07 17:37:23,356 INFO: Epoch: 83 | PSNR: 29.9991 | Loss: 5.5963 | lr: 5.00e-04 | Best_PSNR: 30.0087 in Epoch [56]
2022-07-07 17:38:13,658 INFO: Epoch: 84 | PSNR: 29.9880 | Loss: 5.6604 | lr: 5.00e-04 | Best_PSNR: 30.0087 in Epoch [56]
2022-07-07 17:39:03,681 INFO: Epoch: 85 | PSNR: 29.9653 | Loss: 5.5718 | lr: 5.00e-04 | Best_PSNR: 30.0087 in Epoch [56]
2022-07-07 17:39:54,169 INFO: Epoch: 86 | PSNR: 29.9900 | Loss: 5.6370 | lr: 5.00e-04 | Best_PSNR: 30.0087 in Epoch [56]
2022-07-07 17:40:44,363 INFO: Epoch: 87 | PSNR: 29.9820 | Loss: 5.6259 | lr: 5.00e-04 | Best_PSNR: 30.0087 in Epoch [56]
2022-07-07 17:41:34,422 INFO: Epoch: 88 | PSNR: 29.9766 | Loss: 5.5743 | lr: 5.00e-04 | Best_PSNR: 30.0087 in Epoch [56]
2022-07-07 17:42:24,888 INFO: Epoch: 89 | PSNR: 29.9854 | Loss: 5.6686 | lr: 5.00e-04 | Best_PSNR: 30.0087 in Epoch [56]
2022-07-07 17:43:15,139 INFO: Epoch: 90 | PSNR: 29.9966 | Loss: 5.6067 | lr: 5.00e-04 | Best_PSNR: 30.0087 in Epoch [56]
2022-07-07 17:44:05,430 INFO: Epoch: 91 | PSNR: 29.9975 | Loss: 5.6414 | lr: 5.00e-04 | Best_PSNR: 30.0087 in Epoch [56]
2022-07-07 17:44:55,441 INFO: Epoch: 92 | PSNR: 29.9942 | Loss: 5.6703 | lr: 5.00e-04 | Best_PSNR: 30.0087 in Epoch [56]
2022-07-07 17:45:45,543 INFO: Epoch: 93 | PSNR: 29.9891 | Loss: 5.6275 | lr: 5.00e-04 | Best_PSNR: 30.0087 in Epoch [56]
2022-07-07 17:46:35,681 INFO: Epoch: 94 | PSNR: 29.9875 | Loss: 5.6208 | lr: 5.00e-04 | Best_PSNR: 30.0087 in Epoch [56]
2022-07-07 17:47:25,750 INFO: Epoch: 95 | PSNR: 29.9718 | Loss: 5.6326 | lr: 5.00e-04 | Best_PSNR: 30.0087 in Epoch [56]
2022-07-07 17:48:15,953 INFO: Epoch: 96 | PSNR: 29.9921 | Loss: 5.6102 | lr: 5.00e-04 | Best_PSNR: 30.0087 in Epoch [56]
2022-07-07 17:49:06,379 INFO: Epoch: 97 | PSNR: 30.0059 | Loss: 5.5848 | lr: 5.00e-04 | Best_PSNR: 30.0087 in Epoch [56]
2022-07-07 17:49:56,511 INFO: Epoch: 98 | PSNR: 29.9446 | Loss: 5.6295 | lr: 5.00e-04 | Best_PSNR: 30.0087 in Epoch [56]
2022-07-07 17:50:46,577 INFO: Epoch: 99 | PSNR: 30.0013 | Loss: 5.6515 | lr: 5.00e-04 | Best_PSNR: 30.0087 in Epoch [56]
2022-07-07 17:51:36,571 INFO: Epoch: 100 | PSNR: 29.9936 | Loss: 5.6693 | lr: 5.00e-04 | Best_PSNR: 30.0087 in Epoch [56]
2022-07-07 17:52:27,061 INFO: Epoch: 101 | PSNR: 29.9940 | Loss: 5.6484 | lr: 2.50e-04 | Best_PSNR: 30.0087 in Epoch [56]
2022-07-07 17:53:17,310 INFO: Epoch: 102 | PSNR: 30.0023 | Loss: 5.5482 | lr: 2.50e-04 | Best_PSNR: 30.0087 in Epoch [56]
2022-07-07 17:54:07,636 INFO: Epoch: 103 | PSNR: 29.9857 | Loss: 5.5902 | lr: 2.50e-04 | Best_PSNR: 30.0087 in Epoch [56]
2022-07-07 17:54:57,764 INFO: Epoch: 104 | PSNR: 29.9874 | Loss: 5.6004 | lr: 2.50e-04 | Best_PSNR: 30.0087 in Epoch [56]
2022-07-07 17:55:47,714 INFO: Epoch: 105 | PSNR: 30.0070 | Loss: 5.5986 | lr: 2.50e-04 | Best_PSNR: 30.0087 in Epoch [56]
2022-07-07 17:56:38,185 INFO: Epoch: 106 | PSNR: 29.9971 | Loss: 5.5940 | lr: 2.50e-04 | Best_PSNR: 30.0087 in Epoch [56]
2022-07-07 17:57:28,171 INFO: Epoch: 107 | PSNR: 29.9822 | Loss: 5.6516 | lr: 2.50e-04 | Best_PSNR: 30.0087 in Epoch [56]
2022-07-07 17:58:18,404 INFO: Epoch: 108 | PSNR: 29.9955 | Loss: 5.5774 | lr: 2.50e-04 | Best_PSNR: 30.0087 in Epoch [56]
2022-07-07 17:59:08,395 INFO: Epoch: 109 | PSNR: 30.0081 | Loss: 5.6293 | lr: 2.50e-04 | Best_PSNR: 30.0087 in Epoch [56]
2022-07-07 17:59:58,611 INFO: Epoch: 110 | PSNR: 29.9916 | Loss: 5.6038 | lr: 2.50e-04 | Best_PSNR: 30.0087 in Epoch [56]
2022-07-07 18:00:48,756 INFO: Epoch: 111 | PSNR: 30.0069 | Loss: 5.6486 | lr: 2.50e-04 | Best_PSNR: 30.0087 in Epoch [56]
2022-07-07 18:01:38,866 INFO: Epoch: 112 | PSNR: 30.0032 | Loss: 5.6120 | lr: 2.50e-04 | Best_PSNR: 30.0087 in Epoch [56]
2022-07-07 18:02:28,903 INFO: Epoch: 113 | PSNR: 30.0033 | Loss: 5.5938 | lr: 2.50e-04 | Best_PSNR: 30.0087 in Epoch [56]
2022-07-07 18:03:19,232 INFO: Epoch: 114 | PSNR: 30.0082 | Loss: 5.6311 | lr: 2.50e-04 | Best_PSNR: 30.0087 in Epoch [56]
2022-07-07 18:04:09,410 INFO: Epoch: 115 | PSNR: 30.0055 | Loss: 5.6080 | lr: 2.50e-04 | Best_PSNR: 30.0087 in Epoch [56]
2022-07-07 18:04:59,459 INFO: Epoch: 116 | PSNR: 30.0077 | Loss: 5.6037 | lr: 2.50e-04 | Best_PSNR: 30.0087 in Epoch [56]
2022-07-07 18:05:42,962 INFO: Epoch: 117 | PSNR: 30.0149 | Loss: 5.6079 | lr: 2.50e-04 | Best_PSNR: 30.0149 in Epoch [117]
2022-07-07 18:06:32,798 INFO: Epoch: 118 | PSNR: 30.0014 | Loss: 5.6010 | lr: 2.50e-04 | Best_PSNR: 30.0149 in Epoch [117]
2022-07-07 18:07:22,745 INFO: Epoch: 119 | PSNR: 30.0029 | Loss: 5.5970 | lr: 2.50e-04 | Best_PSNR: 30.0149 in Epoch [117]
2022-07-07 18:08:12,768 INFO: Epoch: 120 | PSNR: 29.9953 | Loss: 5.6201 | lr: 2.50e-04 | Best_PSNR: 30.0149 in Epoch [117]
2022-07-07 18:09:02,555 INFO: Epoch: 121 | PSNR: 30.0013 | Loss: 5.5889 | lr: 2.50e-04 | Best_PSNR: 30.0149 in Epoch [117]
2022-07-07 18:09:52,451 INFO: Epoch: 122 | PSNR: 29.9629 | Loss: 5.5871 | lr: 2.50e-04 | Best_PSNR: 30.0149 in Epoch [117]
2022-07-07 18:10:42,410 INFO: Epoch: 123 | PSNR: 29.9776 | Loss: 5.6491 | lr: 2.50e-04 | Best_PSNR: 30.0149 in Epoch [117]
2022-07-07 18:11:32,155 INFO: Epoch: 124 | PSNR: 29.9958 | Loss: 5.6244 | lr: 2.50e-04 | Best_PSNR: 30.0149 in Epoch [117]
2022-07-07 18:12:22,248 INFO: Epoch: 125 | PSNR: 30.0051 | Loss: 5.5977 | lr: 2.50e-04 | Best_PSNR: 30.0149 in Epoch [117]
2022-07-07 18:13:12,138 INFO: Epoch: 126 | PSNR: 29.9910 | Loss: 5.6047 | lr: 2.50e-04 | Best_PSNR: 30.0149 in Epoch [117]
2022-07-07 18:14:02,056 INFO: Epoch: 127 | PSNR: 30.0047 | Loss: 5.6082 | lr: 2.50e-04 | Best_PSNR: 30.0149 in Epoch [117]
2022-07-07 18:14:52,274 INFO: Epoch: 128 | PSNR: 29.9938 | Loss: 5.6514 | lr: 2.50e-04 | Best_PSNR: 30.0149 in Epoch [117]
2022-07-07 18:15:42,237 INFO: Epoch: 129 | PSNR: 29.9976 | Loss: 5.6156 | lr: 2.50e-04 | Best_PSNR: 30.0149 in Epoch [117]
2022-07-07 18:16:32,273 INFO: Epoch: 130 | PSNR: 29.9967 | Loss: 5.6148 | lr: 2.50e-04 | Best_PSNR: 30.0149 in Epoch [117]
2022-07-07 18:17:22,378 INFO: Epoch: 131 | PSNR: 29.9989 | Loss: 5.6098 | lr: 2.50e-04 | Best_PSNR: 30.0149 in Epoch [117]
2022-07-07 18:18:12,692 INFO: Epoch: 132 | PSNR: 30.0044 | Loss: 5.6344 | lr: 2.50e-04 | Best_PSNR: 30.0149 in Epoch [117]
2022-07-07 18:19:02,314 INFO: Epoch: 133 | PSNR: 29.9829 | Loss: 5.5850 | lr: 2.50e-04 | Best_PSNR: 30.0149 in Epoch [117]
2022-07-07 18:19:52,135 INFO: Epoch: 134 | PSNR: 30.0026 | Loss: 5.5792 | lr: 2.50e-04 | Best_PSNR: 30.0149 in Epoch [117]
2022-07-07 18:20:42,006 INFO: Epoch: 135 | PSNR: 30.0002 | Loss: 5.6080 | lr: 2.50e-04 | Best_PSNR: 30.0149 in Epoch [117]
2022-07-07 18:21:31,943 INFO: Epoch: 136 | PSNR: 29.9953 | Loss: 5.5952 | lr: 2.50e-04 | Best_PSNR: 30.0149 in Epoch [117]
2022-07-07 18:22:22,183 INFO: Epoch: 137 | PSNR: 30.0000 | Loss: 5.5541 | lr: 2.50e-04 | Best_PSNR: 30.0149 in Epoch [117]
2022-07-07 18:23:12,291 INFO: Epoch: 138 | PSNR: 29.9849 | Loss: 5.5677 | lr: 2.50e-04 | Best_PSNR: 30.0149 in Epoch [117]
2022-07-07 18:24:02,192 INFO: Epoch: 139 | PSNR: 29.9989 | Loss: 5.5796 | lr: 2.50e-04 | Best_PSNR: 30.0149 in Epoch [117]
2022-07-07 18:24:52,375 INFO: Epoch: 140 | PSNR: 29.9975 | Loss: 5.6449 | lr: 2.50e-04 | Best_PSNR: 30.0149 in Epoch [117]
2022-07-07 18:25:42,384 INFO: Epoch: 141 | PSNR: 29.9882 | Loss: 5.5491 | lr: 2.50e-04 | Best_PSNR: 30.0149 in Epoch [117]
2022-07-07 18:26:32,541 INFO: Epoch: 142 | PSNR: 30.0054 | Loss: 5.6068 | lr: 2.50e-04 | Best_PSNR: 30.0149 in Epoch [117]
2022-07-07 18:27:22,470 INFO: Epoch: 143 | PSNR: 30.0009 | Loss: 5.6298 | lr: 2.50e-04 | Best_PSNR: 30.0149 in Epoch [117]
2022-07-07 18:28:12,698 INFO: Epoch: 144 | PSNR: 30.0065 | Loss: 5.5863 | lr: 2.50e-04 | Best_PSNR: 30.0149 in Epoch [117]
2022-07-07 18:29:02,659 INFO: Epoch: 145 | PSNR: 29.9965 | Loss: 5.6245 | lr: 2.50e-04 | Best_PSNR: 30.0149 in Epoch [117]
2022-07-07 18:29:52,396 INFO: Epoch: 146 | PSNR: 29.9893 | Loss: 5.5960 | lr: 2.50e-04 | Best_PSNR: 30.0149 in Epoch [117]
2022-07-07 18:30:42,472 INFO: Epoch: 147 | PSNR: 29.9967 | Loss: 5.6104 | lr: 2.50e-04 | Best_PSNR: 30.0149 in Epoch [117]
2022-07-07 18:31:32,533 INFO: Epoch: 148 | PSNR: 30.0021 | Loss: 5.5602 | lr: 2.50e-04 | Best_PSNR: 30.0149 in Epoch [117]
2022-07-07 18:32:22,643 INFO: Epoch: 149 | PSNR: 29.9951 | Loss: 5.5970 | lr: 2.50e-04 | Best_PSNR: 30.0149 in Epoch [117]
2022-07-07 18:33:12,657 INFO: Epoch: 150 | PSNR: 30.0093 | Loss: 5.6417 | lr: 2.50e-04 | Best_PSNR: 30.0149 in Epoch [117]
2022-07-07 18:34:02,649 INFO: Epoch: 151 | PSNR: 30.0110 | Loss: 5.6655 | lr: 1.25e-04 | Best_PSNR: 30.0149 in Epoch [117]
2022-07-07 18:34:52,832 INFO: Epoch: 152 | PSNR: 30.0016 | Loss: 5.5592 | lr: 1.25e-04 | Best_PSNR: 30.0149 in Epoch [117]
2022-07-07 18:35:42,846 INFO: Epoch: 153 | PSNR: 29.9611 | Loss: 5.5991 | lr: 1.25e-04 | Best_PSNR: 30.0149 in Epoch [117]
2022-07-07 18:36:34,530 INFO: Epoch: 154 | PSNR: 30.0231 | Loss: 5.6204 | lr: 1.25e-04 | Best_PSNR: 30.0231 in Epoch [154]
2022-07-07 18:37:24,411 INFO: Epoch: 155 | PSNR: 29.9999 | Loss: 5.6187 | lr: 1.25e-04 | Best_PSNR: 30.0231 in Epoch [154]
2022-07-07 18:38:14,412 INFO: Epoch: 156 | PSNR: 30.0095 | Loss: 5.6031 | lr: 1.25e-04 | Best_PSNR: 30.0231 in Epoch [154]
2022-07-07 18:39:04,377 INFO: Epoch: 157 | PSNR: 30.0063 | Loss: 5.6745 | lr: 1.25e-04 | Best_PSNR: 30.0231 in Epoch [154]
2022-07-07 18:39:54,255 INFO: Epoch: 158 | PSNR: 29.9984 | Loss: 5.6212 | lr: 1.25e-04 | Best_PSNR: 30.0231 in Epoch [154]
2022-07-07 18:40:44,350 INFO: Epoch: 159 | PSNR: 30.0000 | Loss: 5.5773 | lr: 1.25e-04 | Best_PSNR: 30.0231 in Epoch [154]
2022-07-07 18:41:33,955 INFO: Epoch: 160 | PSNR: 30.0010 | Loss: 5.6005 | lr: 1.25e-04 | Best_PSNR: 30.0231 in Epoch [154]
2022-07-07 18:42:23,616 INFO: Epoch: 161 | PSNR: 29.9973 | Loss: 5.5933 | lr: 1.25e-04 | Best_PSNR: 30.0231 in Epoch [154]
2022-07-07 18:43:11,257 INFO: Epoch: 162 | PSNR: 30.0168 | Loss: 5.5892 | lr: 1.25e-04 | Best_PSNR: 30.0231 in Epoch [154]
2022-07-07 18:44:01,459 INFO: Epoch: 163 | PSNR: 30.0170 | Loss: 5.5683 | lr: 1.25e-04 | Best_PSNR: 30.0231 in Epoch [154]
2022-07-07 18:44:51,467 INFO: Epoch: 164 | PSNR: 30.0008 | Loss: 5.6074 | lr: 1.25e-04 | Best_PSNR: 30.0231 in Epoch [154]
2022-07-07 18:45:41,428 INFO: Epoch: 165 | PSNR: 29.9992 | Loss: 5.5946 | lr: 1.25e-04 | Best_PSNR: 30.0231 in Epoch [154]
2022-07-07 18:46:31,606 INFO: Epoch: 166 | PSNR: 30.0120 | Loss: 5.6154 | lr: 1.25e-04 | Best_PSNR: 30.0231 in Epoch [154]
2022-07-07 18:47:21,475 INFO: Epoch: 167 | PSNR: 30.0082 | Loss: 5.5957 | lr: 1.25e-04 | Best_PSNR: 30.0231 in Epoch [154]
2022-07-07 18:48:11,354 INFO: Epoch: 168 | PSNR: 30.0152 | Loss: 5.5893 | lr: 1.25e-04 | Best_PSNR: 30.0231 in Epoch [154]
2022-07-07 18:49:01,292 INFO: Epoch: 169 | PSNR: 30.0068 | Loss: 5.5857 | lr: 1.25e-04 | Best_PSNR: 30.0231 in Epoch [154]
2022-07-07 18:49:51,238 INFO: Epoch: 170 | PSNR: 30.0021 | Loss: 5.6483 | lr: 1.25e-04 | Best_PSNR: 30.0231 in Epoch [154]
2022-07-07 18:50:41,174 INFO: Epoch: 171 | PSNR: 29.9892 | Loss: 5.6117 | lr: 1.25e-04 | Best_PSNR: 30.0231 in Epoch [154]
2022-07-07 18:51:31,167 INFO: Epoch: 172 | PSNR: 30.0022 | Loss: 5.5690 | lr: 1.25e-04 | Best_PSNR: 30.0231 in Epoch [154]
2022-07-07 18:52:21,443 INFO: Epoch: 173 | PSNR: 30.0114 | Loss: 5.5915 | lr: 1.25e-04 | Best_PSNR: 30.0231 in Epoch [154]
2022-07-07 18:53:11,213 INFO: Epoch: 174 | PSNR: 30.0077 | Loss: 5.6209 | lr: 1.25e-04 | Best_PSNR: 30.0231 in Epoch [154]
2022-07-07 18:54:01,089 INFO: Epoch: 175 | PSNR: 30.0080 | Loss: 5.5989 | lr: 1.25e-04 | Best_PSNR: 30.0231 in Epoch [154]
2022-07-07 18:54:51,201 INFO: Epoch: 176 | PSNR: 30.0085 | Loss: 5.6187 | lr: 1.25e-04 | Best_PSNR: 30.0231 in Epoch [154]
2022-07-07 18:55:41,018 INFO: Epoch: 177 | PSNR: 29.9964 | Loss: 5.6019 | lr: 1.25e-04 | Best_PSNR: 30.0231 in Epoch [154]
2022-07-07 18:56:31,054 INFO: Epoch: 178 | PSNR: 29.9842 | Loss: 5.5977 | lr: 1.25e-04 | Best_PSNR: 30.0231 in Epoch [154]
2022-07-07 18:57:21,282 INFO: Epoch: 179 | PSNR: 30.0176 | Loss: 5.5497 | lr: 1.25e-04 | Best_PSNR: 30.0231 in Epoch [154]
2022-07-07 18:58:11,308 INFO: Epoch: 180 | PSNR: 29.9997 | Loss: 5.6012 | lr: 1.25e-04 | Best_PSNR: 30.0231 in Epoch [154]
2022-07-07 18:59:01,564 INFO: Epoch: 181 | PSNR: 29.9969 | Loss: 5.5966 | lr: 1.25e-04 | Best_PSNR: 30.0231 in Epoch [154]
2022-07-07 18:59:51,507 INFO: Epoch: 182 | PSNR: 30.0125 | Loss: 5.5858 | lr: 1.25e-04 | Best_PSNR: 30.0231 in Epoch [154]
2022-07-07 19:00:41,413 INFO: Epoch: 183 | PSNR: 30.0110 | Loss: 5.5767 | lr: 1.25e-04 | Best_PSNR: 30.0231 in Epoch [154]
2022-07-07 19:01:31,281 INFO: Epoch: 184 | PSNR: 29.9758 | Loss: 5.6346 | lr: 1.25e-04 | Best_PSNR: 30.0231 in Epoch [154]
2022-07-07 19:02:21,261 INFO: Epoch: 185 | PSNR: 30.0125 | Loss: 5.5802 | lr: 1.25e-04 | Best_PSNR: 30.0231 in Epoch [154]
2022-07-07 19:03:11,351 INFO: Epoch: 186 | PSNR: 29.9933 | Loss: 5.6557 | lr: 1.25e-04 | Best_PSNR: 30.0231 in Epoch [154]
2022-07-07 19:04:01,204 INFO: Epoch: 187 | PSNR: 30.0174 | Loss: 5.6017 | lr: 1.25e-04 | Best_PSNR: 30.0231 in Epoch [154]
2022-07-07 19:04:51,646 INFO: Epoch: 188 | PSNR: 29.9989 | Loss: 5.6296 | lr: 1.25e-04 | Best_PSNR: 30.0231 in Epoch [154]
2022-07-07 19:05:41,844 INFO: Epoch: 189 | PSNR: 30.0083 | Loss: 5.6072 | lr: 1.25e-04 | Best_PSNR: 30.0231 in Epoch [154]
2022-07-07 19:06:32,095 INFO: Epoch: 190 | PSNR: 30.0153 | Loss: 5.5782 | lr: 1.25e-04 | Best_PSNR: 30.0231 in Epoch [154]
2022-07-07 19:07:22,229 INFO: Epoch: 191 | PSNR: 30.0113 | Loss: 5.5961 | lr: 1.25e-04 | Best_PSNR: 30.0231 in Epoch [154]
2022-07-07 19:08:12,361 INFO: Epoch: 192 | PSNR: 30.0166 | Loss: 5.5997 | lr: 1.25e-04 | Best_PSNR: 30.0231 in Epoch [154]
2022-07-07 19:09:02,394 INFO: Epoch: 193 | PSNR: 30.0048 | Loss: 5.6738 | lr: 1.25e-04 | Best_PSNR: 30.0231 in Epoch [154]
2022-07-07 19:09:52,756 INFO: Epoch: 194 | PSNR: 29.9880 | Loss: 5.5736 | lr: 1.25e-04 | Best_PSNR: 30.0231 in Epoch [154]
2022-07-07 19:10:43,157 INFO: Epoch: 195 | PSNR: 30.0174 | Loss: 5.6196 | lr: 1.25e-04 | Best_PSNR: 30.0231 in Epoch [154]
2022-07-07 19:11:33,153 INFO: Epoch: 196 | PSNR: 30.0160 | Loss: 5.5678 | lr: 1.25e-04 | Best_PSNR: 30.0231 in Epoch [154]
2022-07-07 19:12:23,375 INFO: Epoch: 197 | PSNR: 30.0104 | Loss: 5.6239 | lr: 1.25e-04 | Best_PSNR: 30.0231 in Epoch [154]
2022-07-07 19:13:13,729 INFO: Epoch: 198 | PSNR: 30.0077 | Loss: 5.6021 | lr: 1.25e-04 | Best_PSNR: 30.0231 in Epoch [154]
2022-07-07 19:14:04,262 INFO: Epoch: 199 | PSNR: 30.0031 | Loss: 5.6037 | lr: 1.25e-04 | Best_PSNR: 30.0231 in Epoch [154]
2022-07-07 19:14:54,548 INFO: Epoch: 200 | PSNR: 30.0016 | Loss: 5.5798 | lr: 1.25e-04 | Best_PSNR: 30.0231 in Epoch [154]
2022-07-07 19:15:44,852 INFO: Epoch: 201 | PSNR: 30.0101 | Loss: 5.5754 | lr: 6.25e-05 | Best_PSNR: 30.0231 in Epoch [154]
2022-07-07 19:16:35,014 INFO: Epoch: 202 | PSNR: 30.0097 | Loss: 5.6373 | lr: 6.25e-05 | Best_PSNR: 30.0231 in Epoch [154]
2022-07-07 19:17:25,041 INFO: Epoch: 203 | PSNR: 30.0214 | Loss: 5.5822 | lr: 6.25e-05 | Best_PSNR: 30.0231 in Epoch [154]
2022-07-07 19:18:16,202 INFO: Epoch: 204 | PSNR: 30.0246 | Loss: 5.6228 | lr: 6.25e-05 | Best_PSNR: 30.0246 in Epoch [204]
2022-07-07 19:19:06,177 INFO: Epoch: 205 | PSNR: 30.0076 | Loss: 5.5624 | lr: 6.25e-05 | Best_PSNR: 30.0246 in Epoch [204]
2022-07-07 19:19:52,251 INFO: Epoch: 206 | PSNR: 30.0204 | Loss: 5.5811 | lr: 6.25e-05 | Best_PSNR: 30.0246 in Epoch [204]
2022-07-07 19:20:42,150 INFO: Epoch: 207 | PSNR: 30.0065 | Loss: 5.6446 | lr: 6.25e-05 | Best_PSNR: 30.0246 in Epoch [204]
2022-07-07 19:21:32,283 INFO: Epoch: 208 | PSNR: 30.0118 | Loss: 5.6136 | lr: 6.25e-05 | Best_PSNR: 30.0246 in Epoch [204]
2022-07-07 19:22:22,090 INFO: Epoch: 209 | PSNR: 30.0224 | Loss: 5.6119 | lr: 6.25e-05 | Best_PSNR: 30.0246 in Epoch [204]
2022-07-07 19:23:12,230 INFO: Epoch: 210 | PSNR: 30.0074 | Loss: 5.5780 | lr: 6.25e-05 | Best_PSNR: 30.0246 in Epoch [204]
2022-07-07 19:24:02,282 INFO: Epoch: 211 | PSNR: 30.0002 | Loss: 5.5689 | lr: 6.25e-05 | Best_PSNR: 30.0246 in Epoch [204]
2022-07-07 19:24:52,603 INFO: Epoch: 212 | PSNR: 30.0078 | Loss: 5.5759 | lr: 6.25e-05 | Best_PSNR: 30.0246 in Epoch [204]
2022-07-07 19:25:42,511 INFO: Epoch: 213 | PSNR: 30.0166 | Loss: 5.6267 | lr: 6.25e-05 | Best_PSNR: 30.0246 in Epoch [204]
2022-07-07 19:26:32,458 INFO: Epoch: 214 | PSNR: 30.0075 | Loss: 5.6055 | lr: 6.25e-05 | Best_PSNR: 30.0246 in Epoch [204]
2022-07-07 19:27:23,818 INFO: Epoch: 215 | PSNR: 30.0253 | Loss: 5.5341 | lr: 6.25e-05 | Best_PSNR: 30.0253 in Epoch [215]
2022-07-07 19:28:13,476 INFO: Epoch: 216 | PSNR: 30.0140 | Loss: 5.6336 | lr: 6.25e-05 | Best_PSNR: 30.0253 in Epoch [215]
2022-07-07 19:29:03,574 INFO: Epoch: 217 | PSNR: 30.0066 | Loss: 5.5804 | lr: 6.25e-05 | Best_PSNR: 30.0253 in Epoch [215]
2022-07-07 19:29:53,464 INFO: Epoch: 218 | PSNR: 29.9999 | Loss: 5.6030 | lr: 6.25e-05 | Best_PSNR: 30.0253 in Epoch [215]
2022-07-07 19:30:43,985 INFO: Epoch: 219 | PSNR: 30.0208 | Loss: 5.5623 | lr: 6.25e-05 | Best_PSNR: 30.0253 in Epoch [215]
2022-07-07 19:31:34,618 INFO: Epoch: 220 | PSNR: 30.0199 | Loss: 5.6159 | lr: 6.25e-05 | Best_PSNR: 30.0253 in Epoch [215]
