2022-07-24 15:15:43,978 INFO: Create train dataset successfully!
2022-07-24 15:15:43,978 INFO: Training: [1000] iterations for each epoch
2022-07-24 15:15:43,978 INFO: Create val dataset successfully!
2022-07-24 15:15:43,978 INFO: Validating: [100] iterations for each epoch
2022-07-24 15:15:43,978 INFO: Preparing for experiment: [trial14_clip]
2022-07-24 15:15:49,177 INFO: Model: "model"
2022-07-24 15:15:49,177 INFO: _________________________________________________________________
2022-07-24 15:15:49,177 INFO: Layer (type)                 Output Shape              Param #   
2022-07-24 15:15:49,177 INFO: =================================================================
2022-07-24 15:15:49,178 INFO: input_1 (InputLayer)         [(None, None, None, 3)]   0         
2022-07-24 15:15:49,178 INFO: _________________________________________________________________
2022-07-24 15:15:49,178 INFO: quantize_layer (QuantizeLaye (None, None, None, 3)     3         
2022-07-24 15:15:49,178 INFO: _________________________________________________________________
2022-07-24 15:15:49,178 INFO: quant_conv2d (QuantizeWrappe (None, None, None, 35)    1053      
2022-07-24 15:15:49,178 INFO: _________________________________________________________________
2022-07-24 15:15:49,179 INFO: quant_conv2d_1 (QuantizeWrap (None, None, None, 35)    11133     
2022-07-24 15:15:49,179 INFO: _________________________________________________________________
2022-07-24 15:15:49,179 INFO: quant_conv2d_2 (QuantizeWrap (None, None, None, 35)    11133     
2022-07-24 15:15:49,179 INFO: _________________________________________________________________
2022-07-24 15:15:49,179 INFO: quant_conv2d_3 (QuantizeWrap (None, None, None, 27)    8589      
2022-07-24 15:15:49,179 INFO: _________________________________________________________________
2022-07-24 15:15:49,179 INFO: quant_conv2d_4 (QuantizeWrap (None, None, None, 27)    813       
2022-07-24 15:15:49,179 INFO: _________________________________________________________________
2022-07-24 15:15:49,179 INFO: quant_lambda (QuantizeWrappe (None, None, None, 3)     1         
2022-07-24 15:15:49,179 INFO: =================================================================
2022-07-24 15:15:49,180 INFO: Total params: 32,725
2022-07-24 15:15:49,180 INFO: Trainable params: 32,388
2022-07-24 15:15:49,180 INFO: Non-trainable params: 337
2022-07-24 15:15:49,180 INFO: _________________________________________________________________
2022-07-24 15:15:49,182 INFO: Start training...
2022-07-24 15:16:47,602 INFO: Epoch: 1 | PSNR: 29.8964 | Loss: 5.6766 | lr: 0.00e+00 | Best_PSNR: 29.8964 | max_value: 255.0 in Epoch [1]
2022-07-24 15:17:38,810 INFO: Epoch: 2 | PSNR: 29.8974 | Loss: 5.6673 | lr: 0.00e+00 | Best_PSNR: 29.8974 | max_value: 255.0 in Epoch [2]
2022-07-24 15:18:25,657 INFO: Epoch: 3 | PSNR: 29.8857 | Loss: 5.6881 | lr: 0.00e+00 | Best_PSNR: 29.8974 | max_value: 255.0 in Epoch [2]
2022-07-24 15:19:10,565 INFO: Epoch: 4 | PSNR: 29.8909 | Loss: 5.7000 | lr: 0.00e+00 | Best_PSNR: 29.8974 | max_value: 255.0 in Epoch [2]
2022-07-24 15:19:56,434 INFO: Epoch: 5 | PSNR: 29.8797 | Loss: 5.7298 | lr: 0.00e+00 | Best_PSNR: 29.8974 | max_value: 255.0 in Epoch [2]
2022-07-24 15:20:40,210 INFO: Epoch: 6 | PSNR: 29.8866 | Loss: 5.7273 | lr: 0.00e+00 | Best_PSNR: 29.8974 | max_value: 255.0 in Epoch [2]
2022-07-24 15:21:23,164 INFO: Epoch: 7 | PSNR: 29.8849 | Loss: 5.6739 | lr: 0.00e+00 | Best_PSNR: 29.8974 | max_value: 255.0 in Epoch [2]
2022-07-24 15:22:06,129 INFO: Epoch: 8 | PSNR: 29.8957 | Loss: 5.6414 | lr: 0.00e+00 | Best_PSNR: 29.8974 | max_value: 255.0 in Epoch [2]
2022-07-24 15:22:51,389 INFO: Epoch: 9 | PSNR: 29.8901 | Loss: 5.6604 | lr: 0.00e+00 | Best_PSNR: 29.8974 | max_value: 255.0 in Epoch [2]
2022-07-24 15:23:35,077 INFO: Epoch: 10 | PSNR: 29.8873 | Loss: 5.6971 | lr: 0.00e+00 | Best_PSNR: 29.8974 | max_value: 255.0 in Epoch [2]
2022-07-24 15:24:17,089 INFO: Epoch: 11 | PSNR: 29.8945 | Loss: 5.7188 | lr: 0.00e+00 | Best_PSNR: 29.8974 | max_value: 255.0 in Epoch [2]
2022-07-24 15:24:59,242 INFO: Epoch: 12 | PSNR: 29.8930 | Loss: 5.7036 | lr: 0.00e+00 | Best_PSNR: 29.8974 | max_value: 255.0 in Epoch [2]
2022-07-24 15:25:40,928 INFO: Epoch: 13 | PSNR: 29.8902 | Loss: 5.7104 | lr: 0.00e+00 | Best_PSNR: 29.8974 | max_value: 254.99777221679688 in Epoch [2]
2022-07-24 15:26:27,920 INFO: Epoch: 14 | PSNR: 29.9000 | Loss: 5.7182 | lr: 0.00e+00 | Best_PSNR: 29.9000 | max_value: 254.99777221679688 in Epoch [14]
2022-07-24 15:27:10,511 INFO: Epoch: 15 | PSNR: 29.8925 | Loss: 5.6647 | lr: 0.00e+00 | Best_PSNR: 29.9000 | max_value: 254.99777221679688 in Epoch [14]
2022-07-24 15:27:56,728 INFO: Epoch: 16 | PSNR: 29.8901 | Loss: 5.6842 | lr: 0.00e+00 | Best_PSNR: 29.9000 | max_value: 254.99777221679688 in Epoch [14]
2022-07-24 15:28:42,431 INFO: Epoch: 17 | PSNR: 29.8914 | Loss: 5.6345 | lr: 0.00e+00 | Best_PSNR: 29.9000 | max_value: 254.99777221679688 in Epoch [14]
2022-07-24 15:29:29,117 INFO: Epoch: 18 | PSNR: 29.8888 | Loss: 5.6869 | lr: 0.00e+00 | Best_PSNR: 29.9000 | max_value: 254.99777221679688 in Epoch [14]
2022-07-24 15:30:17,598 INFO: Epoch: 19 | PSNR: 29.8858 | Loss: 5.6970 | lr: 0.00e+00 | Best_PSNR: 29.9000 | max_value: 254.99777221679688 in Epoch [14]
2022-07-24 15:31:04,831 INFO: Epoch: 20 | PSNR: 29.8937 | Loss: 5.6993 | lr: 0.00e+00 | Best_PSNR: 29.9000 | max_value: 254.99777221679688 in Epoch [14]
