2022-07-24 12:28:05,423 INFO: Create train dataset successfully!
2022-07-24 12:28:05,423 INFO: Training: [1000] iterations for each epoch
2022-07-24 12:28:05,423 INFO: Create val dataset successfully!
2022-07-24 12:28:05,423 INFO: Validating: [100] iterations for each epoch
2022-07-24 12:28:05,423 INFO: Preparing for experiment: [trial19_qat]
2022-07-24 12:28:05,423 INFO: Loading pretrained model ...
2022-07-24 12:28:08,887 INFO: Start copying weights and annotate Lambda layer...
2022-07-24 12:28:08,948 INFO: Start annotating other parts of model...
2022-07-24 12:28:08,974 INFO: Creating quantize-aware model...
2022-07-24 12:28:10,154 INFO: Create model successfully! Params: [128.74]K
2022-07-24 12:28:10,154 INFO: Model: "model"
2022-07-24 12:28:10,154 INFO: _________________________________________________________________
2022-07-24 12:28:10,155 INFO: Layer (type)                 Output Shape              Param #   
2022-07-24 12:28:10,155 INFO: =================================================================
2022-07-24 12:28:10,155 INFO: input_1 (InputLayer)         [(None, None, None, 3)]   0         
2022-07-24 12:28:10,155 INFO: _________________________________________________________________
2022-07-24 12:28:10,155 INFO: quantize_layer (QuantizeLaye (None, None, None, 3)     3         
2022-07-24 12:28:10,155 INFO: _________________________________________________________________
2022-07-24 12:28:10,155 INFO: quant_conv2d (QuantizeWrappe (None, None, None, 64)    1923      
2022-07-24 12:28:10,155 INFO: _________________________________________________________________
2022-07-24 12:28:10,155 INFO: quant_conv2d_1 (QuantizeWrap (None, None, None, 64)    37059     
2022-07-24 12:28:10,155 INFO: _________________________________________________________________
2022-07-24 12:28:10,155 INFO: quant_conv2d_2 (QuantizeWrap (None, None, None, 64)    37059     
2022-07-24 12:28:10,155 INFO: _________________________________________________________________
2022-07-24 12:28:10,155 INFO: quant_conv2d_3 (QuantizeWrap (None, None, None, 64)    37059     
2022-07-24 12:28:10,155 INFO: _________________________________________________________________
2022-07-24 12:28:10,156 INFO: quant_conv2d_4 (QuantizeWrap (None, None, None, 27)    15636     
2022-07-24 12:28:10,156 INFO: _________________________________________________________________
2022-07-24 12:28:10,156 INFO: quant_lambda (QuantizeWrappe (None, None, None, 3)     1         
2022-07-24 12:28:10,156 INFO: =================================================================
2022-07-24 12:28:10,156 INFO: Total params: 128,740
2022-07-24 12:28:10,156 INFO: Trainable params: 128,155
2022-07-24 12:28:10,156 INFO: Non-trainable params: 585
2022-07-24 12:28:10,156 INFO: _________________________________________________________________
2022-07-24 12:28:10,157 INFO: Start training...
2022-07-24 12:29:24,964 INFO: Epoch: 1 | PSNR: 12.9407 | Loss: 83.8737 | lr: 1.00e-04 | Best_PSNR: 12.9407 | max_value: 85.85118103027344 in Epoch [1]
2022-07-24 12:30:32,225 INFO: Epoch: 2 | PSNR: 26.8242 | Loss: 20.7900 | lr: 1.00e-04 | Best_PSNR: 26.8242 | max_value: 205.85459899902344 in Epoch [2]
2022-07-24 12:31:37,822 INFO: Epoch: 3 | PSNR: 29.8360 | Loss: 6.3438 | lr: 1.00e-04 | Best_PSNR: 29.8360 | max_value: 255.0 in Epoch [3]
2022-07-24 12:32:40,024 INFO: Epoch: 4 | PSNR: 30.1744 | Loss: 5.6590 | lr: 1.00e-04 | Best_PSNR: 30.1744 | max_value: 255.0 in Epoch [4]
2022-07-24 12:33:38,603 INFO: Epoch: 5 | PSNR: 30.1665 | Loss: 5.5624 | lr: 1.00e-04 | Best_PSNR: 30.1744 | max_value: 255.0 in Epoch [4]
2022-07-24 12:34:40,446 INFO: Epoch: 6 | PSNR: 30.1879 | Loss: 5.5274 | lr: 1.00e-04 | Best_PSNR: 30.1879 | max_value: 255.0 in Epoch [6]
2022-07-24 12:35:41,896 INFO: Epoch: 7 | PSNR: 30.2081 | Loss: 5.5733 | lr: 1.00e-04 | Best_PSNR: 30.2081 | max_value: 255.0 in Epoch [7]
2022-07-24 12:36:41,407 INFO: Epoch: 8 | PSNR: 30.1983 | Loss: 5.5244 | lr: 1.00e-04 | Best_PSNR: 30.2081 | max_value: 255.0 in Epoch [7]
2022-07-24 12:37:40,477 INFO: Epoch: 9 | PSNR: 30.2152 | Loss: 5.5395 | lr: 1.00e-04 | Best_PSNR: 30.2152 | max_value: 255.0 in Epoch [9]
2022-07-24 12:38:36,622 INFO: Epoch: 10 | PSNR: 30.2170 | Loss: 5.5173 | lr: 1.00e-04 | Best_PSNR: 30.2170 | max_value: 255.0 in Epoch [10]
2022-07-24 12:39:33,982 INFO: Epoch: 11 | PSNR: 30.2046 | Loss: 5.5236 | lr: 1.00e-04 | Best_PSNR: 30.2170 | max_value: 255.0 in Epoch [10]
2022-07-24 12:40:34,007 INFO: Epoch: 12 | PSNR: 30.2198 | Loss: 5.5104 | lr: 1.00e-04 | Best_PSNR: 30.2198 | max_value: 255.0 in Epoch [12]
2022-07-24 12:41:34,302 INFO: Epoch: 13 | PSNR: 30.2083 | Loss: 5.5840 | lr: 1.00e-04 | Best_PSNR: 30.2198 | max_value: 255.0 in Epoch [12]
2022-07-24 12:42:32,296 INFO: Epoch: 14 | PSNR: 30.2067 | Loss: 5.5653 | lr: 1.00e-04 | Best_PSNR: 30.2198 | max_value: 255.0 in Epoch [12]
2022-07-24 12:43:29,899 INFO: Epoch: 15 | PSNR: 30.2090 | Loss: 5.5219 | lr: 1.00e-04 | Best_PSNR: 30.2198 | max_value: 255.0 in Epoch [12]
2022-07-24 12:44:29,180 INFO: Epoch: 16 | PSNR: 30.2167 | Loss: 5.5610 | lr: 1.00e-04 | Best_PSNR: 30.2198 | max_value: 255.0 in Epoch [12]
2022-07-24 12:45:27,167 INFO: Epoch: 17 | PSNR: 30.2146 | Loss: 5.5487 | lr: 1.00e-04 | Best_PSNR: 30.2198 | max_value: 255.0 in Epoch [12]
2022-07-24 12:46:25,846 INFO: Epoch: 18 | PSNR: 30.2128 | Loss: 5.5283 | lr: 1.00e-04 | Best_PSNR: 30.2198 | max_value: 255.0 in Epoch [12]
2022-07-24 12:47:24,301 INFO: Epoch: 19 | PSNR: 30.1997 | Loss: 5.5154 | lr: 1.00e-04 | Best_PSNR: 30.2198 | max_value: 255.0 in Epoch [12]
2022-07-24 12:48:22,961 INFO: Epoch: 20 | PSNR: 30.1996 | Loss: 5.5318 | lr: 1.00e-04 | Best_PSNR: 30.2198 | max_value: 255.0 in Epoch [12]
2022-07-24 12:49:23,151 INFO: Epoch: 21 | PSNR: 30.2019 | Loss: 5.5218 | lr: 1.00e-04 | Best_PSNR: 30.2198 | max_value: 255.0 in Epoch [12]
2022-07-24 12:50:23,002 INFO: Epoch: 22 | PSNR: 30.2202 | Loss: 5.5415 | lr: 1.00e-04 | Best_PSNR: 30.2202 | max_value: 255.0 in Epoch [22]
2022-07-24 12:51:21,079 INFO: Epoch: 23 | PSNR: 30.2155 | Loss: 5.5489 | lr: 1.00e-04 | Best_PSNR: 30.2202 | max_value: 255.0 in Epoch [22]
2022-07-24 12:52:19,738 INFO: Epoch: 24 | PSNR: 30.2174 | Loss: 5.5213 | lr: 1.00e-04 | Best_PSNR: 30.2202 | max_value: 255.0 in Epoch [22]
2022-07-24 12:53:18,298 INFO: Epoch: 25 | PSNR: 30.2092 | Loss: 5.5558 | lr: 1.00e-04 | Best_PSNR: 30.2202 | max_value: 255.0 in Epoch [22]
2022-07-24 12:54:17,679 INFO: Epoch: 26 | PSNR: 30.2165 | Loss: 5.5194 | lr: 1.00e-04 | Best_PSNR: 30.2202 | max_value: 255.0 in Epoch [22]
2022-07-24 12:55:19,301 INFO: Epoch: 27 | PSNR: 30.2022 | Loss: 5.5638 | lr: 1.00e-04 | Best_PSNR: 30.2202 | max_value: 255.0 in Epoch [22]
2022-07-24 12:56:19,487 INFO: Epoch: 28 | PSNR: 30.2075 | Loss: 5.5167 | lr: 1.00e-04 | Best_PSNR: 30.2202 | max_value: 255.0 in Epoch [22]
2022-07-24 12:57:18,327 INFO: Epoch: 29 | PSNR: 30.2157 | Loss: 5.5160 | lr: 1.00e-04 | Best_PSNR: 30.2202 | max_value: 255.0 in Epoch [22]
2022-07-24 12:58:18,148 INFO: Epoch: 30 | PSNR: 30.2157 | Loss: 5.4895 | lr: 1.00e-04 | Best_PSNR: 30.2202 | max_value: 255.0 in Epoch [22]
2022-07-24 12:59:20,368 INFO: Epoch: 31 | PSNR: 30.2099 | Loss: 5.5367 | lr: 1.00e-04 | Best_PSNR: 30.2202 | max_value: 255.0 in Epoch [22]
2022-07-24 13:00:41,438 INFO: Epoch: 32 | PSNR: 30.2073 | Loss: 5.5316 | lr: 1.00e-04 | Best_PSNR: 30.2202 | max_value: 255.0 in Epoch [22]
2022-07-24 13:01:43,267 INFO: Epoch: 33 | PSNR: 30.2087 | Loss: 5.5410 | lr: 1.00e-04 | Best_PSNR: 30.2202 | max_value: 255.0 in Epoch [22]
2022-07-24 13:02:42,637 INFO: Epoch: 34 | PSNR: 30.2032 | Loss: 5.4750 | lr: 1.00e-04 | Best_PSNR: 30.2202 | max_value: 255.0 in Epoch [22]
2022-07-24 13:03:47,383 INFO: Epoch: 35 | PSNR: 30.2134 | Loss: 5.5764 | lr: 1.00e-04 | Best_PSNR: 30.2202 | max_value: 255.0 in Epoch [22]
2022-07-24 13:04:47,340 INFO: Epoch: 36 | PSNR: 30.1941 | Loss: 5.5386 | lr: 1.00e-04 | Best_PSNR: 30.2202 | max_value: 255.0 in Epoch [22]
2022-07-24 13:05:48,943 INFO: Epoch: 37 | PSNR: 30.2117 | Loss: 5.5040 | lr: 1.00e-04 | Best_PSNR: 30.2202 | max_value: 255.0 in Epoch [22]
2022-07-24 13:06:48,655 INFO: Epoch: 38 | PSNR: 30.2055 | Loss: 5.5342 | lr: 1.00e-04 | Best_PSNR: 30.2202 | max_value: 255.0 in Epoch [22]
2022-07-24 13:07:47,897 INFO: Epoch: 39 | PSNR: 30.2150 | Loss: 5.5241 | lr: 1.00e-04 | Best_PSNR: 30.2202 | max_value: 255.0 in Epoch [22]
2022-07-24 13:08:47,149 INFO: Epoch: 40 | PSNR: 30.2151 | Loss: 5.5082 | lr: 1.00e-04 | Best_PSNR: 30.2202 | max_value: 255.0 in Epoch [22]
2022-07-24 13:09:46,761 INFO: Epoch: 41 | PSNR: 30.2130 | Loss: 5.5287 | lr: 1.00e-04 | Best_PSNR: 30.2202 | max_value: 255.0 in Epoch [22]
2022-07-24 13:10:45,262 INFO: Epoch: 42 | PSNR: 30.2096 | Loss: 5.5252 | lr: 1.00e-04 | Best_PSNR: 30.2202 | max_value: 255.0 in Epoch [22]
2022-07-24 13:11:42,366 INFO: Epoch: 43 | PSNR: 30.2148 | Loss: 5.5295 | lr: 1.00e-04 | Best_PSNR: 30.2202 | max_value: 255.0 in Epoch [22]
2022-07-24 13:12:39,457 INFO: Epoch: 44 | PSNR: 30.2074 | Loss: 5.5339 | lr: 1.00e-04 | Best_PSNR: 30.2202 | max_value: 255.0 in Epoch [22]
2022-07-24 13:13:37,545 INFO: Epoch: 45 | PSNR: 30.2089 | Loss: 5.5292 | lr: 1.00e-04 | Best_PSNR: 30.2202 | max_value: 255.0 in Epoch [22]
2022-07-24 13:14:37,632 INFO: Epoch: 46 | PSNR: 30.2139 | Loss: 5.5405 | lr: 1.00e-04 | Best_PSNR: 30.2202 | max_value: 255.0 in Epoch [22]
2022-07-24 13:15:37,236 INFO: Epoch: 47 | PSNR: 30.2063 | Loss: 5.5483 | lr: 1.00e-04 | Best_PSNR: 30.2202 | max_value: 255.0 in Epoch [22]
2022-07-24 13:16:36,115 INFO: Epoch: 48 | PSNR: 30.2109 | Loss: 5.5216 | lr: 1.00e-04 | Best_PSNR: 30.2202 | max_value: 255.0 in Epoch [22]
2022-07-24 13:17:37,347 INFO: Epoch: 49 | PSNR: 30.2070 | Loss: 5.5765 | lr: 1.00e-04 | Best_PSNR: 30.2202 | max_value: 255.0 in Epoch [22]
2022-07-24 13:18:38,152 INFO: Epoch: 50 | PSNR: 30.2099 | Loss: 5.5570 | lr: 1.00e-04 | Best_PSNR: 30.2202 | max_value: 255.0 in Epoch [22]
2022-07-24 13:19:37,761 INFO: Epoch: 51 | PSNR: 30.2078 | Loss: 5.5246 | lr: 5.00e-05 | Best_PSNR: 30.2202 | max_value: 255.0 in Epoch [22]
2022-07-24 13:20:36,088 INFO: Epoch: 52 | PSNR: 30.1903 | Loss: 5.5277 | lr: 5.00e-05 | Best_PSNR: 30.2202 | max_value: 255.0 in Epoch [22]
2022-07-24 13:21:34,051 INFO: Epoch: 53 | PSNR: 30.2106 | Loss: 5.5724 | lr: 5.00e-05 | Best_PSNR: 30.2202 | max_value: 255.0 in Epoch [22]
2022-07-24 13:22:31,529 INFO: Epoch: 54 | PSNR: 30.2141 | Loss: 5.5690 | lr: 5.00e-05 | Best_PSNR: 30.2202 | max_value: 255.0 in Epoch [22]
2022-07-24 13:23:28,924 INFO: Epoch: 55 | PSNR: 30.2134 | Loss: 5.5496 | lr: 5.00e-05 | Best_PSNR: 30.2202 | max_value: 255.0 in Epoch [22]
2022-07-24 13:24:26,757 INFO: Epoch: 56 | PSNR: 30.2145 | Loss: 5.5392 | lr: 5.00e-05 | Best_PSNR: 30.2202 | max_value: 255.0 in Epoch [22]
2022-07-24 13:25:25,386 INFO: Epoch: 57 | PSNR: 30.2105 | Loss: 5.5089 | lr: 5.00e-05 | Best_PSNR: 30.2202 | max_value: 255.0 in Epoch [22]
2022-07-24 13:26:23,213 INFO: Epoch: 58 | PSNR: 30.2140 | Loss: 5.5330 | lr: 5.00e-05 | Best_PSNR: 30.2202 | max_value: 255.0 in Epoch [22]
2022-07-24 13:27:22,293 INFO: Epoch: 59 | PSNR: 30.2079 | Loss: 5.5334 | lr: 5.00e-05 | Best_PSNR: 30.2202 | max_value: 255.0 in Epoch [22]
2022-07-24 13:28:21,203 INFO: Epoch: 60 | PSNR: 30.1999 | Loss: 5.5282 | lr: 5.00e-05 | Best_PSNR: 30.2202 | max_value: 255.0 in Epoch [22]
2022-07-24 13:29:25,364 INFO: Epoch: 61 | PSNR: 30.2175 | Loss: 5.5293 | lr: 5.00e-05 | Best_PSNR: 30.2202 | max_value: 255.0 in Epoch [22]
2022-07-24 13:30:26,847 INFO: Epoch: 62 | PSNR: 30.2074 | Loss: 5.5319 | lr: 5.00e-05 | Best_PSNR: 30.2202 | max_value: 255.0 in Epoch [22]
2022-07-24 13:31:25,607 INFO: Epoch: 63 | PSNR: 30.2152 | Loss: 5.5333 | lr: 5.00e-05 | Best_PSNR: 30.2202 | max_value: 255.0 in Epoch [22]
2022-07-24 13:32:25,692 INFO: Epoch: 64 | PSNR: 30.2099 | Loss: 5.5489 | lr: 5.00e-05 | Best_PSNR: 30.2202 | max_value: 255.0 in Epoch [22]
2022-07-24 13:33:23,741 INFO: Epoch: 65 | PSNR: 30.2232 | Loss: 5.5627 | lr: 5.00e-05 | Best_PSNR: 30.2232 | max_value: 255.0 in Epoch [65]
2022-07-24 13:34:27,717 INFO: Epoch: 66 | PSNR: 30.2082 | Loss: 5.5532 | lr: 5.00e-05 | Best_PSNR: 30.2232 | max_value: 255.0 in Epoch [65]
2022-07-24 13:35:31,338 INFO: Epoch: 67 | PSNR: 30.2110 | Loss: 5.5329 | lr: 5.00e-05 | Best_PSNR: 30.2232 | max_value: 255.0 in Epoch [65]
2022-07-24 13:36:32,243 INFO: Epoch: 68 | PSNR: 30.2101 | Loss: 5.5351 | lr: 5.00e-05 | Best_PSNR: 30.2232 | max_value: 255.0 in Epoch [65]
2022-07-24 13:37:31,670 INFO: Epoch: 69 | PSNR: 30.2035 | Loss: 5.5721 | lr: 5.00e-05 | Best_PSNR: 30.2232 | max_value: 255.0 in Epoch [65]
2022-07-24 13:38:32,349 INFO: Epoch: 70 | PSNR: 30.2142 | Loss: 5.5321 | lr: 5.00e-05 | Best_PSNR: 30.2232 | max_value: 255.0 in Epoch [65]
2022-07-24 13:39:33,906 INFO: Epoch: 71 | PSNR: 30.2172 | Loss: 5.5465 | lr: 5.00e-05 | Best_PSNR: 30.2232 | max_value: 255.0 in Epoch [65]
2022-07-24 13:40:32,822 INFO: Epoch: 72 | PSNR: 30.2125 | Loss: 5.5725 | lr: 5.00e-05 | Best_PSNR: 30.2232 | max_value: 255.0 in Epoch [65]
2022-07-24 13:41:31,081 INFO: Epoch: 73 | PSNR: 30.2109 | Loss: 5.5322 | lr: 5.00e-05 | Best_PSNR: 30.2232 | max_value: 255.0 in Epoch [65]
2022-07-24 13:42:30,561 INFO: Epoch: 74 | PSNR: 30.2074 | Loss: 5.5790 | lr: 5.00e-05 | Best_PSNR: 30.2232 | max_value: 255.0 in Epoch [65]
2022-07-24 13:43:29,543 INFO: Epoch: 75 | PSNR: 30.2095 | Loss: 5.5339 | lr: 5.00e-05 | Best_PSNR: 30.2232 | max_value: 255.0 in Epoch [65]
2022-07-24 13:44:28,936 INFO: Epoch: 76 | PSNR: 30.2002 | Loss: 5.4852 | lr: 5.00e-05 | Best_PSNR: 30.2232 | max_value: 255.0 in Epoch [65]
2022-07-24 13:45:30,271 INFO: Epoch: 77 | PSNR: 30.2098 | Loss: 5.5072 | lr: 5.00e-05 | Best_PSNR: 30.2232 | max_value: 255.0 in Epoch [65]
2022-07-24 13:46:29,395 INFO: Epoch: 78 | PSNR: 30.2159 | Loss: 5.5060 | lr: 5.00e-05 | Best_PSNR: 30.2232 | max_value: 255.0 in Epoch [65]
2022-07-24 13:47:27,771 INFO: Epoch: 79 | PSNR: 30.2186 | Loss: 5.5628 | lr: 5.00e-05 | Best_PSNR: 30.2232 | max_value: 255.0 in Epoch [65]
2022-07-24 13:48:27,247 INFO: Epoch: 80 | PSNR: 30.2124 | Loss: 5.5537 | lr: 5.00e-05 | Best_PSNR: 30.2232 | max_value: 255.0 in Epoch [65]
2022-07-24 13:49:27,737 INFO: Epoch: 81 | PSNR: 30.2154 | Loss: 5.5301 | lr: 5.00e-05 | Best_PSNR: 30.2232 | max_value: 255.0 in Epoch [65]
2022-07-24 13:50:26,729 INFO: Epoch: 82 | PSNR: 30.2103 | Loss: 5.5379 | lr: 5.00e-05 | Best_PSNR: 30.2232 | max_value: 255.0 in Epoch [65]
2022-07-24 13:51:26,226 INFO: Epoch: 83 | PSNR: 30.2146 | Loss: 5.5497 | lr: 5.00e-05 | Best_PSNR: 30.2232 | max_value: 255.0 in Epoch [65]
2022-07-24 13:52:26,122 INFO: Epoch: 84 | PSNR: 30.2082 | Loss: 5.5820 | lr: 5.00e-05 | Best_PSNR: 30.2232 | max_value: 255.0 in Epoch [65]
2022-07-24 13:53:29,900 INFO: Epoch: 85 | PSNR: 30.2072 | Loss: 5.5517 | lr: 5.00e-05 | Best_PSNR: 30.2232 | max_value: 255.0 in Epoch [65]
2022-07-24 13:54:31,485 INFO: Epoch: 86 | PSNR: 30.2117 | Loss: 5.5572 | lr: 5.00e-05 | Best_PSNR: 30.2232 | max_value: 255.0 in Epoch [65]
2022-07-24 13:55:30,967 INFO: Epoch: 87 | PSNR: 30.2064 | Loss: 5.5740 | lr: 5.00e-05 | Best_PSNR: 30.2232 | max_value: 255.0 in Epoch [65]
2022-07-24 13:56:33,980 INFO: Epoch: 88 | PSNR: 30.2170 | Loss: 5.5326 | lr: 5.00e-05 | Best_PSNR: 30.2232 | max_value: 255.0 in Epoch [65]
2022-07-24 13:57:36,471 INFO: Epoch: 89 | PSNR: 30.2127 | Loss: 5.5473 | lr: 5.00e-05 | Best_PSNR: 30.2232 | max_value: 255.0 in Epoch [65]
2022-07-24 13:58:37,840 INFO: Epoch: 90 | PSNR: 30.2127 | Loss: 5.5545 | lr: 5.00e-05 | Best_PSNR: 30.2232 | max_value: 255.0 in Epoch [65]
2022-07-24 13:59:39,212 INFO: Epoch: 91 | PSNR: 30.2112 | Loss: 5.5450 | lr: 5.00e-05 | Best_PSNR: 30.2232 | max_value: 255.0 in Epoch [65]
2022-07-24 14:00:39,465 INFO: Epoch: 92 | PSNR: 30.2048 | Loss: 5.5251 | lr: 5.00e-05 | Best_PSNR: 30.2232 | max_value: 255.0 in Epoch [65]
2022-07-24 14:01:40,929 INFO: Epoch: 93 | PSNR: 30.2074 | Loss: 5.5614 | lr: 5.00e-05 | Best_PSNR: 30.2232 | max_value: 255.0 in Epoch [65]
2022-07-24 14:02:41,154 INFO: Epoch: 94 | PSNR: 30.1925 | Loss: 5.5341 | lr: 5.00e-05 | Best_PSNR: 30.2232 | max_value: 255.0 in Epoch [65]
2022-07-24 14:03:39,026 INFO: Epoch: 95 | PSNR: 30.2033 | Loss: 5.5010 | lr: 5.00e-05 | Best_PSNR: 30.2232 | max_value: 255.0 in Epoch [65]
2022-07-24 14:04:36,859 INFO: Epoch: 96 | PSNR: 30.2052 | Loss: 5.5653 | lr: 5.00e-05 | Best_PSNR: 30.2232 | max_value: 255.0 in Epoch [65]
2022-07-24 14:05:37,821 INFO: Epoch: 97 | PSNR: 30.2032 | Loss: 5.5500 | lr: 5.00e-05 | Best_PSNR: 30.2232 | max_value: 255.0 in Epoch [65]
2022-07-24 14:06:37,526 INFO: Epoch: 98 | PSNR: 30.2091 | Loss: 5.5460 | lr: 5.00e-05 | Best_PSNR: 30.2232 | max_value: 255.0 in Epoch [65]
2022-07-24 14:07:36,980 INFO: Epoch: 99 | PSNR: 30.1951 | Loss: 5.5619 | lr: 5.00e-05 | Best_PSNR: 30.2232 | max_value: 255.0 in Epoch [65]
2022-07-24 14:08:36,080 INFO: Epoch: 100 | PSNR: 30.1850 | Loss: 5.5627 | lr: 5.00e-05 | Best_PSNR: 30.2232 | max_value: 255.0 in Epoch [65]
2022-07-24 14:09:31,808 INFO: Epoch: 101 | PSNR: 30.2070 | Loss: 5.4994 | lr: 2.50e-05 | Best_PSNR: 30.2232 | max_value: 255.0 in Epoch [65]
2022-07-24 14:10:31,358 INFO: Epoch: 102 | PSNR: 30.2018 | Loss: 5.4966 | lr: 2.50e-05 | Best_PSNR: 30.2232 | max_value: 255.0 in Epoch [65]
2022-07-24 14:11:25,210 INFO: Epoch: 103 | PSNR: 30.2123 | Loss: 5.4967 | lr: 2.50e-05 | Best_PSNR: 30.2232 | max_value: 255.0 in Epoch [65]
2022-07-24 14:12:22,077 INFO: Epoch: 104 | PSNR: 30.2089 | Loss: 5.5302 | lr: 2.50e-05 | Best_PSNR: 30.2232 | max_value: 255.0 in Epoch [65]
2022-07-24 14:13:18,490 INFO: Epoch: 105 | PSNR: 30.1948 | Loss: 5.4988 | lr: 2.50e-05 | Best_PSNR: 30.2232 | max_value: 255.0 in Epoch [65]
2022-07-24 14:14:17,253 INFO: Epoch: 106 | PSNR: 30.2011 | Loss: 5.5243 | lr: 2.50e-05 | Best_PSNR: 30.2232 | max_value: 255.0 in Epoch [65]
2022-07-24 14:15:16,940 INFO: Epoch: 107 | PSNR: 30.2069 | Loss: 5.5473 | lr: 2.50e-05 | Best_PSNR: 30.2232 | max_value: 255.0 in Epoch [65]
2022-07-24 14:16:16,121 INFO: Epoch: 108 | PSNR: 30.1939 | Loss: 5.5315 | lr: 2.50e-05 | Best_PSNR: 30.2232 | max_value: 255.0 in Epoch [65]
2022-07-24 14:17:17,048 INFO: Epoch: 109 | PSNR: 30.1907 | Loss: 5.5536 | lr: 2.50e-05 | Best_PSNR: 30.2232 | max_value: 255.0 in Epoch [65]
2022-07-24 14:18:22,146 INFO: Epoch: 110 | PSNR: 30.1975 | Loss: 5.5661 | lr: 2.50e-05 | Best_PSNR: 30.2232 | max_value: 255.0 in Epoch [65]
2022-07-24 14:19:23,068 INFO: Epoch: 111 | PSNR: 30.2124 | Loss: 5.5361 | lr: 2.50e-05 | Best_PSNR: 30.2232 | max_value: 255.0 in Epoch [65]
2022-07-24 14:20:23,324 INFO: Epoch: 112 | PSNR: 30.2070 | Loss: 5.5858 | lr: 2.50e-05 | Best_PSNR: 30.2232 | max_value: 255.0 in Epoch [65]
2022-07-24 14:21:37,034 INFO: Epoch: 113 | PSNR: 30.1975 | Loss: 5.5428 | lr: 2.50e-05 | Best_PSNR: 30.2232 | max_value: 255.0 in Epoch [65]
2022-07-24 14:22:38,794 INFO: Epoch: 114 | PSNR: 30.2124 | Loss: 5.5160 | lr: 2.50e-05 | Best_PSNR: 30.2232 | max_value: 255.0 in Epoch [65]
2022-07-24 14:23:40,011 INFO: Epoch: 115 | PSNR: 30.2011 | Loss: 5.5488 | lr: 2.50e-05 | Best_PSNR: 30.2232 | max_value: 255.0 in Epoch [65]
2022-07-24 14:24:40,282 INFO: Epoch: 116 | PSNR: 30.1956 | Loss: 5.5406 | lr: 2.50e-05 | Best_PSNR: 30.2232 | max_value: 255.0 in Epoch [65]
2022-07-24 14:25:46,611 INFO: Epoch: 117 | PSNR: 30.2093 | Loss: 5.5778 | lr: 2.50e-05 | Best_PSNR: 30.2232 | max_value: 255.0 in Epoch [65]
2022-07-24 14:26:47,839 INFO: Epoch: 118 | PSNR: 30.2093 | Loss: 5.4938 | lr: 2.50e-05 | Best_PSNR: 30.2232 | max_value: 255.0 in Epoch [65]
2022-07-24 14:28:02,733 INFO: Epoch: 119 | PSNR: 30.2132 | Loss: 5.5492 | lr: 2.50e-05 | Best_PSNR: 30.2232 | max_value: 255.0 in Epoch [65]
2022-07-24 14:29:02,067 INFO: Epoch: 120 | PSNR: 30.2164 | Loss: 5.5554 | lr: 2.50e-05 | Best_PSNR: 30.2232 | max_value: 255.0 in Epoch [65]
2022-07-24 14:30:02,455 INFO: Epoch: 121 | PSNR: 30.2018 | Loss: 5.5464 | lr: 2.50e-05 | Best_PSNR: 30.2232 | max_value: 255.0 in Epoch [65]
2022-07-24 14:31:12,823 INFO: Epoch: 122 | PSNR: 30.2063 | Loss: 5.5093 | lr: 2.50e-05 | Best_PSNR: 30.2232 | max_value: 255.0 in Epoch [65]
2022-07-24 14:32:12,222 INFO: Epoch: 123 | PSNR: 30.2101 | Loss: 5.5398 | lr: 2.50e-05 | Best_PSNR: 30.2232 | max_value: 255.0 in Epoch [65]
2022-07-24 14:33:18,473 INFO: Epoch: 124 | PSNR: 30.1887 | Loss: 5.5626 | lr: 2.50e-05 | Best_PSNR: 30.2232 | max_value: 255.0 in Epoch [65]
2022-07-24 14:34:22,461 INFO: Epoch: 125 | PSNR: 30.2143 | Loss: 5.5561 | lr: 2.50e-05 | Best_PSNR: 30.2232 | max_value: 255.0 in Epoch [65]
2022-07-24 14:35:23,183 INFO: Epoch: 126 | PSNR: 30.2091 | Loss: 5.4477 | lr: 2.50e-05 | Best_PSNR: 30.2232 | max_value: 255.0 in Epoch [65]
2022-07-24 14:36:22,082 INFO: Epoch: 127 | PSNR: 30.2020 | Loss: 5.5440 | lr: 2.50e-05 | Best_PSNR: 30.2232 | max_value: 255.0 in Epoch [65]
2022-07-24 14:37:15,149 INFO: Epoch: 128 | PSNR: 30.2056 | Loss: 5.5162 | lr: 2.50e-05 | Best_PSNR: 30.2232 | max_value: 255.0 in Epoch [65]
2022-07-24 14:38:07,784 INFO: Epoch: 129 | PSNR: 30.2103 | Loss: 5.5001 | lr: 2.50e-05 | Best_PSNR: 30.2232 | max_value: 255.0 in Epoch [65]
2022-07-24 14:39:00,222 INFO: Epoch: 130 | PSNR: 30.2098 | Loss: 5.5493 | lr: 2.50e-05 | Best_PSNR: 30.2232 | max_value: 255.0 in Epoch [65]
2022-07-24 14:39:52,249 INFO: Epoch: 131 | PSNR: 30.2069 | Loss: 5.5106 | lr: 2.50e-05 | Best_PSNR: 30.2232 | max_value: 255.0 in Epoch [65]
2022-07-24 14:40:44,646 INFO: Epoch: 132 | PSNR: 30.2052 | Loss: 5.5430 | lr: 2.50e-05 | Best_PSNR: 30.2232 | max_value: 255.0 in Epoch [65]
2022-07-24 14:41:35,826 INFO: Epoch: 133 | PSNR: 30.1793 | Loss: 5.5985 | lr: 2.50e-05 | Best_PSNR: 30.2232 | max_value: 255.0 in Epoch [65]
2022-07-24 14:42:27,831 INFO: Epoch: 134 | PSNR: 30.2061 | Loss: 5.5665 | lr: 2.50e-05 | Best_PSNR: 30.2232 | max_value: 255.0 in Epoch [65]
2022-07-24 14:43:19,972 INFO: Epoch: 135 | PSNR: 30.2087 | Loss: 5.5041 | lr: 2.50e-05 | Best_PSNR: 30.2232 | max_value: 255.0 in Epoch [65]
2022-07-24 14:44:11,635 INFO: Epoch: 136 | PSNR: 30.2051 | Loss: 5.5525 | lr: 2.50e-05 | Best_PSNR: 30.2232 | max_value: 255.0 in Epoch [65]
2022-07-24 14:45:03,395 INFO: Epoch: 137 | PSNR: 30.2046 | Loss: 5.5258 | lr: 2.50e-05 | Best_PSNR: 30.2232 | max_value: 255.0 in Epoch [65]
2022-07-24 14:45:55,886 INFO: Epoch: 138 | PSNR: 30.2103 | Loss: 5.6010 | lr: 2.50e-05 | Best_PSNR: 30.2232 | max_value: 255.0 in Epoch [65]
2022-07-24 14:46:47,273 INFO: Epoch: 139 | PSNR: 30.2122 | Loss: 5.5005 | lr: 2.50e-05 | Best_PSNR: 30.2232 | max_value: 255.0 in Epoch [65]
2022-07-24 14:47:38,468 INFO: Epoch: 140 | PSNR: 30.1964 | Loss: 5.5186 | lr: 2.50e-05 | Best_PSNR: 30.2232 | max_value: 255.0 in Epoch [65]
2022-07-24 14:48:29,555 INFO: Epoch: 141 | PSNR: 30.2127 | Loss: 5.5330 | lr: 2.50e-05 | Best_PSNR: 30.2232 | max_value: 255.0 in Epoch [65]
2022-07-24 14:49:20,182 INFO: Epoch: 142 | PSNR: 30.2116 | Loss: 5.5493 | lr: 2.50e-05 | Best_PSNR: 30.2232 | max_value: 255.0 in Epoch [65]
2022-07-24 14:50:11,189 INFO: Epoch: 143 | PSNR: 30.2097 | Loss: 5.5232 | lr: 2.50e-05 | Best_PSNR: 30.2232 | max_value: 255.0 in Epoch [65]
2022-07-24 14:51:02,232 INFO: Epoch: 144 | PSNR: 30.2082 | Loss: 5.4815 | lr: 2.50e-05 | Best_PSNR: 30.2232 | max_value: 255.0 in Epoch [65]
2022-07-24 14:51:53,524 INFO: Epoch: 145 | PSNR: 30.2091 | Loss: 5.4956 | lr: 2.50e-05 | Best_PSNR: 30.2232 | max_value: 255.0 in Epoch [65]
2022-07-24 14:52:44,739 INFO: Epoch: 146 | PSNR: 30.1877 | Loss: 5.5512 | lr: 2.50e-05 | Best_PSNR: 30.2232 | max_value: 255.0 in Epoch [65]
2022-07-24 14:53:35,490 INFO: Epoch: 147 | PSNR: 30.2037 | Loss: 5.4901 | lr: 2.50e-05 | Best_PSNR: 30.2232 | max_value: 255.0 in Epoch [65]
2022-07-24 14:54:27,834 INFO: Epoch: 148 | PSNR: 30.2075 | Loss: 5.5270 | lr: 2.50e-05 | Best_PSNR: 30.2232 | max_value: 255.0 in Epoch [65]
2022-07-24 14:55:19,771 INFO: Epoch: 149 | PSNR: 30.2165 | Loss: 5.5173 | lr: 2.50e-05 | Best_PSNR: 30.2232 | max_value: 255.0 in Epoch [65]
2022-07-24 14:56:11,733 INFO: Epoch: 150 | PSNR: 30.2151 | Loss: 5.5072 | lr: 2.50e-05 | Best_PSNR: 30.2232 | max_value: 255.0 in Epoch [65]
2022-07-24 14:57:02,887 INFO: Epoch: 151 | PSNR: 30.2086 | Loss: 5.5462 | lr: 1.25e-05 | Best_PSNR: 30.2232 | max_value: 255.0 in Epoch [65]
2022-07-24 14:57:53,833 INFO: Epoch: 152 | PSNR: 30.2015 | Loss: 5.5348 | lr: 1.25e-05 | Best_PSNR: 30.2232 | max_value: 255.0 in Epoch [65]
2022-07-24 14:58:44,715 INFO: Epoch: 153 | PSNR: 30.2058 | Loss: 5.5403 | lr: 1.25e-05 | Best_PSNR: 30.2232 | max_value: 255.0 in Epoch [65]
2022-07-24 14:59:36,025 INFO: Epoch: 154 | PSNR: 30.2108 | Loss: 5.5307 | lr: 1.25e-05 | Best_PSNR: 30.2232 | max_value: 255.0 in Epoch [65]
2022-07-24 15:00:27,746 INFO: Epoch: 155 | PSNR: 30.2047 | Loss: 5.5037 | lr: 1.25e-05 | Best_PSNR: 30.2232 | max_value: 255.0 in Epoch [65]
2022-07-24 15:01:19,482 INFO: Epoch: 156 | PSNR: 30.2122 | Loss: 5.5374 | lr: 1.25e-05 | Best_PSNR: 30.2232 | max_value: 255.0 in Epoch [65]
2022-07-24 15:02:09,716 INFO: Epoch: 157 | PSNR: 30.2112 | Loss: 5.5947 | lr: 1.25e-05 | Best_PSNR: 30.2232 | max_value: 255.0 in Epoch [65]
2022-07-24 15:03:00,858 INFO: Epoch: 158 | PSNR: 30.2100 | Loss: 5.5871 | lr: 1.25e-05 | Best_PSNR: 30.2232 | max_value: 255.0 in Epoch [65]
2022-07-24 15:03:51,901 INFO: Epoch: 159 | PSNR: 30.2212 | Loss: 5.5328 | lr: 1.25e-05 | Best_PSNR: 30.2232 | max_value: 255.0 in Epoch [65]
2022-07-24 15:04:44,343 INFO: Epoch: 160 | PSNR: 30.2193 | Loss: 5.5352 | lr: 1.25e-05 | Best_PSNR: 30.2232 | max_value: 255.0 in Epoch [65]
2022-07-24 15:05:35,825 INFO: Epoch: 161 | PSNR: 30.2189 | Loss: 5.5516 | lr: 1.25e-05 | Best_PSNR: 30.2232 | max_value: 255.0 in Epoch [65]
2022-07-24 15:06:27,315 INFO: Epoch: 162 | PSNR: 30.2140 | Loss: 5.5069 | lr: 1.25e-05 | Best_PSNR: 30.2232 | max_value: 255.0 in Epoch [65]
2022-07-24 15:07:18,857 INFO: Epoch: 163 | PSNR: 30.2003 | Loss: 5.5725 | lr: 1.25e-05 | Best_PSNR: 30.2232 | max_value: 255.0 in Epoch [65]
2022-07-24 15:08:09,614 INFO: Epoch: 164 | PSNR: 30.2053 | Loss: 5.5768 | lr: 1.25e-05 | Best_PSNR: 30.2232 | max_value: 255.0 in Epoch [65]
2022-07-24 15:09:00,628 INFO: Epoch: 165 | PSNR: 30.2149 | Loss: 5.5259 | lr: 1.25e-05 | Best_PSNR: 30.2232 | max_value: 255.0 in Epoch [65]
2022-07-24 15:09:52,617 INFO: Epoch: 166 | PSNR: 30.2133 | Loss: 5.5300 | lr: 1.25e-05 | Best_PSNR: 30.2232 | max_value: 255.0 in Epoch [65]
2022-07-24 15:10:46,952 INFO: Epoch: 167 | PSNR: 30.2210 | Loss: 5.5451 | lr: 1.25e-05 | Best_PSNR: 30.2232 | max_value: 255.0 in Epoch [65]
2022-07-24 15:11:42,394 INFO: Epoch: 168 | PSNR: 30.2196 | Loss: 5.5683 | lr: 1.25e-05 | Best_PSNR: 30.2232 | max_value: 255.0 in Epoch [65]
2022-07-24 15:12:37,031 INFO: Epoch: 169 | PSNR: 30.2118 | Loss: 5.5265 | lr: 1.25e-05 | Best_PSNR: 30.2232 | max_value: 255.0 in Epoch [65]
2022-07-24 15:13:32,080 INFO: Epoch: 170 | PSNR: 30.2189 | Loss: 5.5599 | lr: 1.25e-05 | Best_PSNR: 30.2232 | max_value: 255.0 in Epoch [65]
2022-07-24 15:14:27,233 INFO: Epoch: 171 | PSNR: 30.2066 | Loss: 5.5311 | lr: 1.25e-05 | Best_PSNR: 30.2232 | max_value: 255.0 in Epoch [65]
2022-07-24 15:15:22,586 INFO: Epoch: 172 | PSNR: 30.2197 | Loss: 5.5278 | lr: 1.25e-05 | Best_PSNR: 30.2232 | max_value: 255.0 in Epoch [65]
2022-07-24 15:16:20,555 INFO: Epoch: 173 | PSNR: 30.2132 | Loss: 5.5321 | lr: 1.25e-05 | Best_PSNR: 30.2232 | max_value: 255.0 in Epoch [65]
2022-07-24 15:17:17,192 INFO: Epoch: 174 | PSNR: 30.2152 | Loss: 5.5118 | lr: 1.25e-05 | Best_PSNR: 30.2232 | max_value: 255.0 in Epoch [65]
2022-07-24 15:18:15,277 INFO: Epoch: 175 | PSNR: 30.2166 | Loss: 5.5720 | lr: 1.25e-05 | Best_PSNR: 30.2232 | max_value: 255.0 in Epoch [65]
2022-07-24 15:19:16,265 INFO: Epoch: 176 | PSNR: 30.2185 | Loss: 5.4998 | lr: 1.25e-05 | Best_PSNR: 30.2232 | max_value: 255.0 in Epoch [65]
2022-07-24 15:20:20,247 INFO: Epoch: 177 | PSNR: 30.2099 | Loss: 5.5523 | lr: 1.25e-05 | Best_PSNR: 30.2232 | max_value: 255.0 in Epoch [65]
2022-07-24 15:21:20,581 INFO: Epoch: 178 | PSNR: 30.2012 | Loss: 5.5661 | lr: 1.25e-05 | Best_PSNR: 30.2232 | max_value: 255.0 in Epoch [65]
2022-07-24 15:22:25,817 INFO: Epoch: 179 | PSNR: 30.2150 | Loss: 5.5743 | lr: 1.25e-05 | Best_PSNR: 30.2232 | max_value: 255.0 in Epoch [65]
2022-07-24 15:23:31,595 INFO: Epoch: 180 | PSNR: 30.2060 | Loss: 5.5200 | lr: 1.25e-05 | Best_PSNR: 30.2232 | max_value: 255.0 in Epoch [65]
2022-07-24 15:24:25,705 INFO: Epoch: 181 | PSNR: 30.2129 | Loss: 5.5423 | lr: 1.25e-05 | Best_PSNR: 30.2232 | max_value: 255.0 in Epoch [65]
2022-07-24 15:25:19,487 INFO: Epoch: 182 | PSNR: 30.2146 | Loss: 5.5572 | lr: 1.25e-05 | Best_PSNR: 30.2232 | max_value: 255.0 in Epoch [65]
2022-07-24 15:26:12,246 INFO: Epoch: 183 | PSNR: 30.2055 | Loss: 5.5330 | lr: 1.25e-05 | Best_PSNR: 30.2232 | max_value: 255.0 in Epoch [65]
2022-07-24 15:27:09,465 INFO: Epoch: 184 | PSNR: 30.2182 | Loss: 5.5723 | lr: 1.25e-05 | Best_PSNR: 30.2232 | max_value: 255.0 in Epoch [65]
2022-07-24 15:28:08,230 INFO: Epoch: 185 | PSNR: 30.2211 | Loss: 5.5679 | lr: 1.25e-05 | Best_PSNR: 30.2232 | max_value: 255.0 in Epoch [65]
2022-07-24 15:29:08,010 INFO: Epoch: 186 | PSNR: 30.2201 | Loss: 5.4994 | lr: 1.25e-05 | Best_PSNR: 30.2232 | max_value: 255.0 in Epoch [65]
2022-07-24 15:30:06,052 INFO: Epoch: 187 | PSNR: 30.2109 | Loss: 5.5723 | lr: 1.25e-05 | Best_PSNR: 30.2232 | max_value: 255.0 in Epoch [65]
2022-07-24 15:31:03,087 INFO: Epoch: 188 | PSNR: 30.2228 | Loss: 5.5586 | lr: 1.25e-05 | Best_PSNR: 30.2232 | max_value: 255.0 in Epoch [65]
2022-07-24 15:31:58,029 INFO: Epoch: 189 | PSNR: 30.2131 | Loss: 5.5520 | lr: 1.25e-05 | Best_PSNR: 30.2232 | max_value: 255.0 in Epoch [65]
2022-07-24 15:32:53,155 INFO: Epoch: 190 | PSNR: 30.2199 | Loss: 5.5617 | lr: 1.25e-05 | Best_PSNR: 30.2232 | max_value: 255.0 in Epoch [65]
2022-07-24 15:33:47,375 INFO: Epoch: 191 | PSNR: 30.2007 | Loss: 5.5493 | lr: 1.25e-05 | Best_PSNR: 30.2232 | max_value: 255.0 in Epoch [65]
2022-07-24 15:34:43,415 INFO: Epoch: 192 | PSNR: 30.2194 | Loss: 5.5371 | lr: 1.25e-05 | Best_PSNR: 30.2232 | max_value: 255.0 in Epoch [65]
2022-07-24 15:35:38,086 INFO: Epoch: 193 | PSNR: 30.2114 | Loss: 5.5916 | lr: 1.25e-05 | Best_PSNR: 30.2232 | max_value: 255.0 in Epoch [65]
2022-07-24 15:36:33,852 INFO: Epoch: 194 | PSNR: 30.2141 | Loss: 5.5037 | lr: 1.25e-05 | Best_PSNR: 30.2232 | max_value: 255.0 in Epoch [65]
2022-07-24 15:37:29,897 INFO: Epoch: 195 | PSNR: 30.2163 | Loss: 5.5197 | lr: 1.25e-05 | Best_PSNR: 30.2232 | max_value: 255.0 in Epoch [65]
2022-07-24 15:38:27,085 INFO: Epoch: 196 | PSNR: 30.2034 | Loss: 5.5238 | lr: 1.25e-05 | Best_PSNR: 30.2232 | max_value: 255.0 in Epoch [65]
2022-07-24 15:39:30,923 INFO: Epoch: 197 | PSNR: 30.2235 | Loss: 5.4947 | lr: 1.25e-05 | Best_PSNR: 30.2235 | max_value: 255.0 in Epoch [197]
2022-07-24 15:40:39,012 INFO: Epoch: 198 | PSNR: 30.2182 | Loss: 5.4872 | lr: 1.25e-05 | Best_PSNR: 30.2235 | max_value: 255.0 in Epoch [197]
2022-07-24 15:41:50,909 INFO: Epoch: 199 | PSNR: 30.2069 | Loss: 5.5301 | lr: 1.25e-05 | Best_PSNR: 30.2235 | max_value: 255.0 in Epoch [197]
2022-07-24 15:42:55,416 INFO: Epoch: 200 | PSNR: 30.2248 | Loss: 5.4984 | lr: 1.25e-05 | Best_PSNR: 30.2248 | max_value: 255.0 in Epoch [200]
2022-07-24 15:43:56,730 INFO: Epoch: 201 | PSNR: 30.2163 | Loss: 5.5066 | lr: 6.25e-06 | Best_PSNR: 30.2248 | max_value: 255.0 in Epoch [200]
2022-07-24 15:44:57,431 INFO: Epoch: 202 | PSNR: 30.2112 | Loss: 5.5147 | lr: 6.25e-06 | Best_PSNR: 30.2248 | max_value: 255.0 in Epoch [200]
2022-07-24 15:45:58,406 INFO: Epoch: 203 | PSNR: 30.2204 | Loss: 5.5576 | lr: 6.25e-06 | Best_PSNR: 30.2248 | max_value: 255.0 in Epoch [200]
2022-07-24 15:46:56,742 INFO: Epoch: 204 | PSNR: 30.2330 | Loss: 5.5472 | lr: 6.25e-06 | Best_PSNR: 30.2330 | max_value: 255.0 in Epoch [204]
2022-07-24 15:48:02,256 INFO: Epoch: 205 | PSNR: 30.2104 | Loss: 5.5108 | lr: 6.25e-06 | Best_PSNR: 30.2330 | max_value: 255.0 in Epoch [204]
2022-07-24 15:49:13,453 INFO: Epoch: 206 | PSNR: 30.2201 | Loss: 5.5139 | lr: 6.25e-06 | Best_PSNR: 30.2330 | max_value: 255.0 in Epoch [204]
2022-07-24 15:50:25,175 INFO: Epoch: 207 | PSNR: 30.1959 | Loss: 5.5290 | lr: 6.25e-06 | Best_PSNR: 30.2330 | max_value: 255.0 in Epoch [204]
2022-07-24 15:51:36,739 INFO: Epoch: 208 | PSNR: 30.2259 | Loss: 5.5465 | lr: 6.25e-06 | Best_PSNR: 30.2330 | max_value: 255.0 in Epoch [204]
2022-07-24 15:52:49,476 INFO: Epoch: 209 | PSNR: 30.2189 | Loss: 5.5443 | lr: 6.25e-06 | Best_PSNR: 30.2330 | max_value: 255.0 in Epoch [204]
2022-07-24 15:54:03,760 INFO: Epoch: 210 | PSNR: 30.2302 | Loss: 5.5300 | lr: 6.25e-06 | Best_PSNR: 30.2330 | max_value: 255.0 in Epoch [204]
2022-07-24 15:55:06,027 INFO: Epoch: 211 | PSNR: 30.2199 | Loss: 5.5233 | lr: 6.25e-06 | Best_PSNR: 30.2330 | max_value: 255.0 in Epoch [204]
2022-07-24 15:56:06,316 INFO: Epoch: 212 | PSNR: 30.2219 | Loss: 5.5454 | lr: 6.25e-06 | Best_PSNR: 30.2330 | max_value: 255.0 in Epoch [204]
2022-07-24 15:57:04,108 INFO: Epoch: 213 | PSNR: 30.2136 | Loss: 5.5000 | lr: 6.25e-06 | Best_PSNR: 30.2330 | max_value: 255.0 in Epoch [204]
2022-07-24 15:58:03,890 INFO: Epoch: 214 | PSNR: 30.2186 | Loss: 5.5242 | lr: 6.25e-06 | Best_PSNR: 30.2330 | max_value: 255.0 in Epoch [204]
2022-07-24 15:59:00,832 INFO: Epoch: 215 | PSNR: 30.2094 | Loss: 5.5418 | lr: 6.25e-06 | Best_PSNR: 30.2330 | max_value: 255.0 in Epoch [204]
2022-07-24 16:00:00,836 INFO: Epoch: 216 | PSNR: 30.2101 | Loss: 5.4909 | lr: 6.25e-06 | Best_PSNR: 30.2330 | max_value: 255.0 in Epoch [204]
2022-07-24 16:00:56,933 INFO: Epoch: 217 | PSNR: 30.2116 | Loss: 5.4348 | lr: 6.25e-06 | Best_PSNR: 30.2330 | max_value: 255.0 in Epoch [204]
2022-07-24 16:01:58,718 INFO: Epoch: 218 | PSNR: 30.2208 | Loss: 5.5374 | lr: 6.25e-06 | Best_PSNR: 30.2330 | max_value: 255.0 in Epoch [204]
2022-07-24 16:02:57,035 INFO: Epoch: 219 | PSNR: 30.2252 | Loss: 5.5350 | lr: 6.25e-06 | Best_PSNR: 30.2330 | max_value: 255.0 in Epoch [204]
2022-07-24 16:03:56,361 INFO: Epoch: 220 | PSNR: 30.2093 | Loss: 5.5119 | lr: 6.25e-06 | Best_PSNR: 30.2330 | max_value: 255.0 in Epoch [204]
