2022-07-12 14:41:43,122 INFO: Create train dataset successfully!
2022-07-12 14:41:43,122 INFO: Training: [1000] iterations for each epoch
2022-07-12 14:41:43,122 INFO: Create val dataset successfully!
2022-07-12 14:41:43,122 INFO: Validating: [100] iterations for each epoch
2022-07-12 14:41:43,122 INFO: Preparing for experiment: [trial6]
2022-07-12 14:41:43,658 INFO: Create model successfully! Params: [30.36]K
2022-07-12 14:41:43,658 INFO: Model: "model"
2022-07-12 14:41:43,658 INFO: __________________________________________________________________________________________________
2022-07-12 14:41:43,658 INFO: Layer (type)                    Output Shape         Param #     Connected to                     
2022-07-12 14:41:43,658 INFO: ==================================================================================================
2022-07-12 14:41:43,658 INFO: input_1 (InputLayer)            [(None, None, None,  0                                            
2022-07-12 14:41:43,658 INFO: __________________________________________________________________________________________________
2022-07-12 14:41:43,658 INFO: conv2d (Conv2D)                 (None, None, None, 3 896         input_1[0][0]                    
2022-07-12 14:41:43,658 INFO: __________________________________________________________________________________________________
2022-07-12 14:41:43,658 INFO: conv2d_1 (Conv2D)               (None, None, None, 3 1056        conv2d[0][0]                     
2022-07-12 14:41:43,659 INFO: __________________________________________________________________________________________________
2022-07-12 14:41:43,659 INFO: conv2d_2 (Conv2D)               (None, None, None, 3 9248        conv2d_1[0][0]                   
2022-07-12 14:41:43,659 INFO: __________________________________________________________________________________________________
2022-07-12 14:41:43,659 INFO: conv2d_3 (Conv2D)               (None, None, None, 3 1056        conv2d_2[0][0]                   
2022-07-12 14:41:43,659 INFO: __________________________________________________________________________________________________
2022-07-12 14:41:43,659 INFO: conv2d_4 (Conv2D)               (None, None, None, 3 9248        conv2d_3[0][0]                   
2022-07-12 14:41:43,659 INFO: __________________________________________________________________________________________________
2022-07-12 14:41:43,659 INFO: conv2d_5 (Conv2D)               (None, None, None, 3 1056        conv2d_4[0][0]                   
2022-07-12 14:41:43,659 INFO: __________________________________________________________________________________________________
2022-07-12 14:41:43,659 INFO: lambda (Lambda)                 (None, None, None, 2 0           input_1[0][0]                    
2022-07-12 14:41:43,659 INFO:                                                                  input_1[0][0]                    
2022-07-12 14:41:43,659 INFO:                                                                  input_1[0][0]                    
2022-07-12 14:41:43,659 INFO:                                                                  input_1[0][0]                    
2022-07-12 14:41:43,659 INFO:                                                                  input_1[0][0]                    
2022-07-12 14:41:43,659 INFO:                                                                  input_1[0][0]                    
2022-07-12 14:41:43,659 INFO:                                                                  input_1[0][0]                    
2022-07-12 14:41:43,659 INFO:                                                                  input_1[0][0]                    
2022-07-12 14:41:43,659 INFO:                                                                  input_1[0][0]                    
2022-07-12 14:41:43,659 INFO: __________________________________________________________________________________________________
2022-07-12 14:41:43,659 INFO: conv2d_6 (Conv2D)               (None, None, None, 2 7803        conv2d_5[0][0]                   
2022-07-12 14:41:43,659 INFO: __________________________________________________________________________________________________
2022-07-12 14:41:43,660 INFO: add (Add)                       (None, None, None, 2 0           lambda[0][0]                     
2022-07-12 14:41:43,660 INFO:                                                                  conv2d_6[0][0]                   
2022-07-12 14:41:43,660 INFO: __________________________________________________________________________________________________
2022-07-12 14:41:43,660 INFO: lambda_1 (Lambda)               (None, None, None, 3 0           add[0][0]                        
2022-07-12 14:41:43,660 INFO: ==================================================================================================
2022-07-12 14:41:43,660 INFO: Total params: 30,363
2022-07-12 14:41:43,660 INFO: Trainable params: 30,363
2022-07-12 14:41:43,660 INFO: Non-trainable params: 0
2022-07-12 14:41:43,660 INFO: __________________________________________________________________________________________________
2022-07-12 14:41:43,660 INFO: Start training...
2022-07-12 14:42:37,760 INFO: Epoch: 1 | PSNR: 26.9789 | Loss: 6.4255 | lr: 1.00e-03 | Best_PSNR: 26.9789 in Epoch [1]
2022-07-12 14:43:27,696 INFO: Epoch: 2 | PSNR: 27.9280 | Loss: 5.9927 | lr: 1.00e-03 | Best_PSNR: 27.9280 in Epoch [2]
2022-07-12 14:44:16,073 INFO: Epoch: 3 | PSNR: 28.9204 | Loss: 5.9342 | lr: 1.00e-03 | Best_PSNR: 28.9204 in Epoch [3]
2022-07-12 14:45:04,575 INFO: Epoch: 4 | PSNR: 29.3883 | Loss: 5.8741 | lr: 1.00e-03 | Best_PSNR: 29.3883 in Epoch [4]
2022-07-12 14:45:53,142 INFO: Epoch: 5 | PSNR: 29.5695 | Loss: 5.8015 | lr: 1.00e-03 | Best_PSNR: 29.5695 in Epoch [5]
2022-07-12 14:46:40,050 INFO: Epoch: 6 | PSNR: 29.6481 | Loss: 5.8034 | lr: 1.00e-03 | Best_PSNR: 29.6481 in Epoch [6]
2022-07-12 14:47:26,859 INFO: Epoch: 7 | PSNR: 29.6959 | Loss: 5.7563 | lr: 1.00e-03 | Best_PSNR: 29.6959 in Epoch [7]
2022-07-12 14:48:14,745 INFO: Epoch: 8 | PSNR: 29.7241 | Loss: 5.7724 | lr: 1.00e-03 | Best_PSNR: 29.7241 in Epoch [8]
2022-07-12 14:49:02,515 INFO: Epoch: 9 | PSNR: 29.7457 | Loss: 5.7487 | lr: 1.00e-03 | Best_PSNR: 29.7457 in Epoch [9]
2022-07-12 14:49:51,303 INFO: Epoch: 10 | PSNR: 29.7604 | Loss: 5.7151 | lr: 1.00e-03 | Best_PSNR: 29.7604 in Epoch [10]
2022-07-12 14:50:40,000 INFO: Epoch: 11 | PSNR: 29.7751 | Loss: 5.7278 | lr: 1.00e-03 | Best_PSNR: 29.7751 in Epoch [11]
2022-07-12 14:51:28,188 INFO: Epoch: 12 | PSNR: 29.7875 | Loss: 5.6932 | lr: 1.00e-03 | Best_PSNR: 29.7875 in Epoch [12]
2022-07-12 14:52:17,694 INFO: Epoch: 13 | PSNR: 29.7982 | Loss: 5.7259 | lr: 1.00e-03 | Best_PSNR: 29.7982 in Epoch [13]
2022-07-12 14:53:05,570 INFO: Epoch: 14 | PSNR: 29.8074 | Loss: 5.6721 | lr: 1.00e-03 | Best_PSNR: 29.8074 in Epoch [14]
2022-07-12 14:53:54,772 INFO: Epoch: 15 | PSNR: 29.8143 | Loss: 5.6787 | lr: 1.00e-03 | Best_PSNR: 29.8143 in Epoch [15]
2022-07-12 14:54:45,671 INFO: Epoch: 16 | PSNR: 29.8209 | Loss: 5.6513 | lr: 1.00e-03 | Best_PSNR: 29.8209 in Epoch [16]
2022-07-12 14:55:35,533 INFO: Epoch: 17 | PSNR: 29.8291 | Loss: 5.6560 | lr: 1.00e-03 | Best_PSNR: 29.8291 in Epoch [17]
2022-07-12 14:56:23,504 INFO: Epoch: 18 | PSNR: 29.8361 | Loss: 5.6832 | lr: 1.00e-03 | Best_PSNR: 29.8361 in Epoch [18]
2022-07-12 14:57:12,849 INFO: Epoch: 19 | PSNR: 29.8425 | Loss: 5.6650 | lr: 1.00e-03 | Best_PSNR: 29.8425 in Epoch [19]
2022-07-12 14:58:01,213 INFO: Epoch: 20 | PSNR: 29.8520 | Loss: 5.6486 | lr: 1.00e-03 | Best_PSNR: 29.8520 in Epoch [20]
2022-07-12 14:58:49,086 INFO: Epoch: 21 | PSNR: 29.8615 | Loss: 5.6818 | lr: 1.00e-03 | Best_PSNR: 29.8615 in Epoch [21]
2022-07-12 14:59:37,434 INFO: Epoch: 22 | PSNR: 29.8695 | Loss: 5.6507 | lr: 1.00e-03 | Best_PSNR: 29.8695 in Epoch [22]
2022-07-12 15:00:25,976 INFO: Epoch: 23 | PSNR: 29.8776 | Loss: 5.6495 | lr: 1.00e-03 | Best_PSNR: 29.8776 in Epoch [23]
2022-07-12 15:01:15,622 INFO: Epoch: 24 | PSNR: 29.8843 | Loss: 5.6948 | lr: 1.00e-03 | Best_PSNR: 29.8843 in Epoch [24]
2022-07-12 15:02:04,688 INFO: Epoch: 25 | PSNR: 29.8910 | Loss: 5.6760 | lr: 1.00e-03 | Best_PSNR: 29.8910 in Epoch [25]
2022-07-12 15:02:53,118 INFO: Epoch: 26 | PSNR: 29.8990 | Loss: 5.6168 | lr: 1.00e-03 | Best_PSNR: 29.8990 in Epoch [26]
2022-07-12 15:03:41,474 INFO: Epoch: 27 | PSNR: 29.9028 | Loss: 5.6610 | lr: 1.00e-03 | Best_PSNR: 29.9028 in Epoch [27]
2022-07-12 15:04:30,484 INFO: Epoch: 28 | PSNR: 29.9116 | Loss: 5.5995 | lr: 1.00e-03 | Best_PSNR: 29.9116 in Epoch [28]
2022-07-12 15:05:19,568 INFO: Epoch: 29 | PSNR: 29.9182 | Loss: 5.6363 | lr: 1.00e-03 | Best_PSNR: 29.9182 in Epoch [29]
2022-07-12 15:06:09,085 INFO: Epoch: 30 | PSNR: 29.9268 | Loss: 5.6546 | lr: 1.00e-03 | Best_PSNR: 29.9268 in Epoch [30]
2022-07-12 15:06:58,130 INFO: Epoch: 31 | PSNR: 29.9301 | Loss: 5.6549 | lr: 1.00e-03 | Best_PSNR: 29.9301 in Epoch [31]
2022-07-12 15:07:47,619 INFO: Epoch: 32 | PSNR: 29.9354 | Loss: 5.6450 | lr: 1.00e-03 | Best_PSNR: 29.9354 in Epoch [32]
2022-07-12 15:08:36,008 INFO: Epoch: 33 | PSNR: 29.9391 | Loss: 5.6397 | lr: 1.00e-03 | Best_PSNR: 29.9391 in Epoch [33]
2022-07-12 15:09:23,060 INFO: Epoch: 34 | PSNR: 29.9437 | Loss: 5.6370 | lr: 1.00e-03 | Best_PSNR: 29.9437 in Epoch [34]
2022-07-12 15:10:09,017 INFO: Epoch: 35 | PSNR: 29.9492 | Loss: 5.6067 | lr: 1.00e-03 | Best_PSNR: 29.9492 in Epoch [35]
2022-07-12 15:10:55,383 INFO: Epoch: 36 | PSNR: 29.9539 | Loss: 5.6246 | lr: 1.00e-03 | Best_PSNR: 29.9539 in Epoch [36]
2022-07-12 15:11:42,697 INFO: Epoch: 37 | PSNR: 29.9562 | Loss: 5.6161 | lr: 1.00e-03 | Best_PSNR: 29.9562 in Epoch [37]
2022-07-12 15:12:29,080 INFO: Epoch: 38 | PSNR: 29.9607 | Loss: 5.6322 | lr: 1.00e-03 | Best_PSNR: 29.9607 in Epoch [38]
2022-07-12 15:13:15,758 INFO: Epoch: 39 | PSNR: 29.9615 | Loss: 5.6517 | lr: 1.00e-03 | Best_PSNR: 29.9615 in Epoch [39]
2022-07-12 15:14:02,307 INFO: Epoch: 40 | PSNR: 29.9652 | Loss: 5.5815 | lr: 1.00e-03 | Best_PSNR: 29.9652 in Epoch [40]
2022-07-12 15:14:47,878 INFO: Epoch: 41 | PSNR: 29.9669 | Loss: 5.6012 | lr: 1.00e-03 | Best_PSNR: 29.9669 in Epoch [41]
2022-07-12 15:15:35,157 INFO: Epoch: 42 | PSNR: 29.9700 | Loss: 5.6143 | lr: 1.00e-03 | Best_PSNR: 29.9700 in Epoch [42]
2022-07-12 15:16:21,714 INFO: Epoch: 43 | PSNR: 29.9728 | Loss: 5.5455 | lr: 1.00e-03 | Best_PSNR: 29.9728 in Epoch [43]
2022-07-12 15:17:07,725 INFO: Epoch: 44 | PSNR: 29.9749 | Loss: 5.5931 | lr: 1.00e-03 | Best_PSNR: 29.9749 in Epoch [44]
2022-07-12 15:17:53,911 INFO: Epoch: 45 | PSNR: 29.9603 | Loss: 5.6115 | lr: 1.00e-03 | Best_PSNR: 29.9749 in Epoch [44]
2022-07-12 15:18:39,781 INFO: Epoch: 46 | PSNR: 29.9705 | Loss: 5.6251 | lr: 1.00e-03 | Best_PSNR: 29.9749 in Epoch [44]
2022-07-12 15:19:26,318 INFO: Epoch: 47 | PSNR: 29.9776 | Loss: 5.5885 | lr: 1.00e-03 | Best_PSNR: 29.9776 in Epoch [47]
2022-07-12 15:20:13,505 INFO: Epoch: 48 | PSNR: 29.9834 | Loss: 5.5942 | lr: 1.00e-03 | Best_PSNR: 29.9834 in Epoch [48]
2022-07-12 15:21:01,589 INFO: Epoch: 49 | PSNR: 29.9851 | Loss: 5.6163 | lr: 1.00e-03 | Best_PSNR: 29.9851 in Epoch [49]
2022-07-12 15:21:49,326 INFO: Epoch: 50 | PSNR: 29.9852 | Loss: 5.6355 | lr: 1.00e-03 | Best_PSNR: 29.9852 in Epoch [50]
2022-07-12 15:22:36,924 INFO: Epoch: 51 | PSNR: 29.9902 | Loss: 5.5871 | lr: 1.00e-03 | Best_PSNR: 29.9902 in Epoch [51]
2022-07-12 15:23:24,118 INFO: Epoch: 52 | PSNR: 29.9851 | Loss: 5.5751 | lr: 1.00e-03 | Best_PSNR: 29.9902 in Epoch [51]
2022-07-12 15:24:12,134 INFO: Epoch: 53 | PSNR: 29.9891 | Loss: 5.6108 | lr: 1.00e-03 | Best_PSNR: 29.9902 in Epoch [51]
2022-07-12 15:25:01,129 INFO: Epoch: 54 | PSNR: 29.9918 | Loss: 5.5952 | lr: 1.00e-03 | Best_PSNR: 29.9918 in Epoch [54]
2022-07-12 15:25:50,694 INFO: Epoch: 55 | PSNR: 29.9960 | Loss: 5.5920 | lr: 1.00e-03 | Best_PSNR: 29.9960 in Epoch [55]
2022-07-12 15:26:39,899 INFO: Epoch: 56 | PSNR: 29.9966 | Loss: 5.5915 | lr: 1.00e-03 | Best_PSNR: 29.9966 in Epoch [56]
2022-07-12 15:27:28,179 INFO: Epoch: 57 | PSNR: 29.9975 | Loss: 5.6367 | lr: 1.00e-03 | Best_PSNR: 29.9975 in Epoch [57]
2022-07-12 15:28:17,684 INFO: Epoch: 58 | PSNR: 29.9987 | Loss: 5.5886 | lr: 1.00e-03 | Best_PSNR: 29.9987 in Epoch [58]
2022-07-12 15:29:06,423 INFO: Epoch: 59 | PSNR: 30.0013 | Loss: 5.6148 | lr: 1.00e-03 | Best_PSNR: 30.0013 in Epoch [59]
2022-07-12 15:29:55,864 INFO: Epoch: 60 | PSNR: 30.0022 | Loss: 5.5951 | lr: 1.00e-03 | Best_PSNR: 30.0022 in Epoch [60]
2022-07-12 15:30:44,483 INFO: Epoch: 61 | PSNR: 30.0046 | Loss: 5.6312 | lr: 1.00e-03 | Best_PSNR: 30.0046 in Epoch [61]
2022-07-12 15:31:32,313 INFO: Epoch: 62 | PSNR: 30.0023 | Loss: 5.5944 | lr: 1.00e-03 | Best_PSNR: 30.0046 in Epoch [61]
2022-07-12 15:32:20,356 INFO: Epoch: 63 | PSNR: 30.0048 | Loss: 5.5769 | lr: 1.00e-03 | Best_PSNR: 30.0048 in Epoch [63]
2022-07-12 15:33:09,050 INFO: Epoch: 64 | PSNR: 30.0082 | Loss: 5.6034 | lr: 1.00e-03 | Best_PSNR: 30.0082 in Epoch [64]
2022-07-12 15:33:57,307 INFO: Epoch: 65 | PSNR: 30.0071 | Loss: 5.6013 | lr: 1.00e-03 | Best_PSNR: 30.0082 in Epoch [64]
2022-07-12 15:34:46,570 INFO: Epoch: 66 | PSNR: 30.0094 | Loss: 5.5564 | lr: 1.00e-03 | Best_PSNR: 30.0094 in Epoch [66]
2022-07-12 15:35:34,724 INFO: Epoch: 67 | PSNR: 30.0107 | Loss: 5.5897 | lr: 1.00e-03 | Best_PSNR: 30.0107 in Epoch [67]
2022-07-12 15:36:23,694 INFO: Epoch: 68 | PSNR: 30.0107 | Loss: 5.5823 | lr: 1.00e-03 | Best_PSNR: 30.0107 in Epoch [67]
2022-07-12 15:37:12,065 INFO: Epoch: 69 | PSNR: 30.0100 | Loss: 5.5762 | lr: 1.00e-03 | Best_PSNR: 30.0107 in Epoch [67]
2022-07-12 15:38:00,136 INFO: Epoch: 70 | PSNR: 30.0135 | Loss: 5.5357 | lr: 1.00e-03 | Best_PSNR: 30.0135 in Epoch [70]
2022-07-12 15:38:49,283 INFO: Epoch: 71 | PSNR: 30.0143 | Loss: 5.5486 | lr: 1.00e-03 | Best_PSNR: 30.0143 in Epoch [71]
2022-07-12 15:39:38,021 INFO: Epoch: 72 | PSNR: 30.0134 | Loss: 5.5715 | lr: 1.00e-03 | Best_PSNR: 30.0143 in Epoch [71]
2022-07-12 15:40:26,356 INFO: Epoch: 73 | PSNR: 30.0135 | Loss: 5.5682 | lr: 1.00e-03 | Best_PSNR: 30.0143 in Epoch [71]
2022-07-12 15:41:17,190 INFO: Epoch: 74 | PSNR: 30.0147 | Loss: 5.5931 | lr: 1.00e-03 | Best_PSNR: 30.0147 in Epoch [74]
2022-07-12 15:42:06,432 INFO: Epoch: 75 | PSNR: 30.0177 | Loss: 5.5890 | lr: 1.00e-03 | Best_PSNR: 30.0177 in Epoch [75]
2022-07-12 15:42:54,073 INFO: Epoch: 76 | PSNR: 30.0174 | Loss: 5.5720 | lr: 1.00e-03 | Best_PSNR: 30.0177 in Epoch [75]
2022-07-12 15:43:42,791 INFO: Epoch: 77 | PSNR: 30.0190 | Loss: 5.5586 | lr: 1.00e-03 | Best_PSNR: 30.0190 in Epoch [77]
2022-07-12 15:44:32,237 INFO: Epoch: 78 | PSNR: 30.0208 | Loss: 5.5731 | lr: 1.00e-03 | Best_PSNR: 30.0208 in Epoch [78]
2022-07-12 15:45:21,286 INFO: Epoch: 79 | PSNR: 30.0225 | Loss: 5.5849 | lr: 1.00e-03 | Best_PSNR: 30.0225 in Epoch [79]
2022-07-12 15:46:08,540 INFO: Epoch: 80 | PSNR: 30.0215 | Loss: 5.5946 | lr: 1.00e-03 | Best_PSNR: 30.0225 in Epoch [79]
2022-07-12 15:46:56,497 INFO: Epoch: 81 | PSNR: 30.0220 | Loss: 5.5776 | lr: 1.00e-03 | Best_PSNR: 30.0225 in Epoch [79]
2022-07-12 15:47:45,240 INFO: Epoch: 82 | PSNR: 30.0201 | Loss: 5.5951 | lr: 1.00e-03 | Best_PSNR: 30.0225 in Epoch [79]
2022-07-12 15:48:32,421 INFO: Epoch: 83 | PSNR: 30.0223 | Loss: 5.5639 | lr: 1.00e-03 | Best_PSNR: 30.0225 in Epoch [79]
2022-07-12 15:49:21,137 INFO: Epoch: 84 | PSNR: 30.0257 | Loss: 5.5630 | lr: 1.00e-03 | Best_PSNR: 30.0257 in Epoch [84]
2022-07-12 15:50:08,244 INFO: Epoch: 85 | PSNR: 30.0203 | Loss: 5.5444 | lr: 1.00e-03 | Best_PSNR: 30.0257 in Epoch [84]
2022-07-12 15:50:55,613 INFO: Epoch: 86 | PSNR: 30.0242 | Loss: 5.5842 | lr: 1.00e-03 | Best_PSNR: 30.0257 in Epoch [84]
2022-07-12 15:51:42,726 INFO: Epoch: 87 | PSNR: 30.0266 | Loss: 5.5723 | lr: 1.00e-03 | Best_PSNR: 30.0266 in Epoch [87]
2022-07-12 15:52:30,097 INFO: Epoch: 88 | PSNR: 30.0246 | Loss: 5.5502 | lr: 1.00e-03 | Best_PSNR: 30.0266 in Epoch [87]
2022-07-12 15:53:17,769 INFO: Epoch: 89 | PSNR: 30.0260 | Loss: 5.5775 | lr: 1.00e-03 | Best_PSNR: 30.0266 in Epoch [87]
2022-07-12 15:54:06,432 INFO: Epoch: 90 | PSNR: 30.0273 | Loss: 5.5605 | lr: 1.00e-03 | Best_PSNR: 30.0273 in Epoch [90]
2022-07-12 15:54:55,347 INFO: Epoch: 91 | PSNR: 30.0297 | Loss: 5.5599 | lr: 1.00e-03 | Best_PSNR: 30.0297 in Epoch [91]
2022-07-12 15:55:44,156 INFO: Epoch: 92 | PSNR: 30.0282 | Loss: 5.6006 | lr: 1.00e-03 | Best_PSNR: 30.0297 in Epoch [91]
2022-07-12 15:56:33,726 INFO: Epoch: 93 | PSNR: 30.0291 | Loss: 5.5745 | lr: 1.00e-03 | Best_PSNR: 30.0297 in Epoch [91]
2022-07-12 15:57:23,107 INFO: Epoch: 94 | PSNR: 30.0304 | Loss: 5.5933 | lr: 1.00e-03 | Best_PSNR: 30.0304 in Epoch [94]
2022-07-12 15:58:11,674 INFO: Epoch: 95 | PSNR: 30.0320 | Loss: 5.5830 | lr: 1.00e-03 | Best_PSNR: 30.0320 in Epoch [95]
2022-07-12 15:58:59,822 INFO: Epoch: 96 | PSNR: 30.0327 | Loss: 5.5923 | lr: 1.00e-03 | Best_PSNR: 30.0327 in Epoch [96]
2022-07-12 15:59:46,350 INFO: Epoch: 97 | PSNR: 30.0253 | Loss: 5.5870 | lr: 1.00e-03 | Best_PSNR: 30.0327 in Epoch [96]
2022-07-12 16:00:34,643 INFO: Epoch: 98 | PSNR: 30.0287 | Loss: 5.5772 | lr: 1.00e-03 | Best_PSNR: 30.0327 in Epoch [96]
2022-07-12 16:01:22,033 INFO: Epoch: 99 | PSNR: 30.0326 | Loss: 5.5815 | lr: 1.00e-03 | Best_PSNR: 30.0327 in Epoch [96]
2022-07-12 16:02:10,393 INFO: Epoch: 100 | PSNR: 30.0337 | Loss: 5.6155 | lr: 1.00e-03 | Best_PSNR: 30.0337 in Epoch [100]
2022-07-12 16:02:58,727 INFO: Epoch: 101 | PSNR: 30.0362 | Loss: 5.5510 | lr: 1.00e-03 | Best_PSNR: 30.0362 in Epoch [101]
2022-07-12 16:03:45,207 INFO: Epoch: 102 | PSNR: 30.0365 | Loss: 5.5515 | lr: 1.00e-03 | Best_PSNR: 30.0365 in Epoch [102]
2022-07-12 16:04:33,130 INFO: Epoch: 103 | PSNR: 30.0370 | Loss: 5.5643 | lr: 1.00e-03 | Best_PSNR: 30.0370 in Epoch [103]
2022-07-12 16:05:20,111 INFO: Epoch: 104 | PSNR: 30.0371 | Loss: 5.5621 | lr: 1.00e-03 | Best_PSNR: 30.0371 in Epoch [104]
2022-07-12 16:06:08,326 INFO: Epoch: 105 | PSNR: 30.0386 | Loss: 5.6043 | lr: 1.00e-03 | Best_PSNR: 30.0386 in Epoch [105]
2022-07-12 16:06:55,623 INFO: Epoch: 106 | PSNR: 30.0357 | Loss: 5.5595 | lr: 1.00e-03 | Best_PSNR: 30.0386 in Epoch [105]
2022-07-12 16:07:43,042 INFO: Epoch: 107 | PSNR: 30.0386 | Loss: 5.5375 | lr: 1.00e-03 | Best_PSNR: 30.0386 in Epoch [107]
2022-07-12 16:08:28,769 INFO: Epoch: 108 | PSNR: 30.0405 | Loss: 5.5483 | lr: 1.00e-03 | Best_PSNR: 30.0405 in Epoch [108]
2022-07-12 16:09:16,941 INFO: Epoch: 109 | PSNR: 30.0420 | Loss: 5.5891 | lr: 1.00e-03 | Best_PSNR: 30.0420 in Epoch [109]
2022-07-12 16:10:05,188 INFO: Epoch: 110 | PSNR: 30.0411 | Loss: 5.6012 | lr: 1.00e-03 | Best_PSNR: 30.0420 in Epoch [109]
2022-07-12 16:10:54,131 INFO: Epoch: 111 | PSNR: 30.0425 | Loss: 5.5932 | lr: 1.00e-03 | Best_PSNR: 30.0425 in Epoch [111]
2022-07-12 16:11:44,823 INFO: Epoch: 112 | PSNR: 30.0436 | Loss: 5.5793 | lr: 1.00e-03 | Best_PSNR: 30.0436 in Epoch [112]
2022-07-12 16:12:32,695 INFO: Epoch: 113 | PSNR: 30.0422 | Loss: 5.5845 | lr: 1.00e-03 | Best_PSNR: 30.0436 in Epoch [112]
2022-07-12 16:13:21,879 INFO: Epoch: 114 | PSNR: 30.0440 | Loss: 5.5755 | lr: 1.00e-03 | Best_PSNR: 30.0440 in Epoch [114]
2022-07-12 16:14:10,214 INFO: Epoch: 115 | PSNR: 30.0401 | Loss: 5.5939 | lr: 1.00e-03 | Best_PSNR: 30.0440 in Epoch [114]
2022-07-12 16:14:58,612 INFO: Epoch: 116 | PSNR: 30.0424 | Loss: 5.5675 | lr: 1.00e-03 | Best_PSNR: 30.0440 in Epoch [114]
2022-07-12 16:15:47,053 INFO: Epoch: 117 | PSNR: 30.0444 | Loss: 5.5977 | lr: 1.00e-03 | Best_PSNR: 30.0444 in Epoch [117]
2022-07-12 16:16:36,493 INFO: Epoch: 118 | PSNR: 30.0450 | Loss: 5.5625 | lr: 1.00e-03 | Best_PSNR: 30.0450 in Epoch [118]
2022-07-12 16:17:26,407 INFO: Epoch: 119 | PSNR: 30.0460 | Loss: 5.5603 | lr: 1.00e-03 | Best_PSNR: 30.0460 in Epoch [119]
2022-07-12 16:18:14,753 INFO: Epoch: 120 | PSNR: 30.0451 | Loss: 5.5581 | lr: 1.00e-03 | Best_PSNR: 30.0460 in Epoch [119]
2022-07-12 16:19:03,955 INFO: Epoch: 121 | PSNR: 30.0486 | Loss: 5.5910 | lr: 5.00e-04 | Best_PSNR: 30.0486 in Epoch [121]
2022-07-12 16:19:52,982 INFO: Epoch: 122 | PSNR: 30.0512 | Loss: 5.5593 | lr: 5.00e-04 | Best_PSNR: 30.0512 in Epoch [122]
2022-07-12 16:20:40,551 INFO: Epoch: 123 | PSNR: 30.0520 | Loss: 5.5524 | lr: 5.00e-04 | Best_PSNR: 30.0520 in Epoch [123]
2022-07-12 16:21:26,305 INFO: Epoch: 124 | PSNR: 30.0528 | Loss: 5.5633 | lr: 5.00e-04 | Best_PSNR: 30.0528 in Epoch [124]
2022-07-12 16:22:12,931 INFO: Epoch: 125 | PSNR: 30.0531 | Loss: 5.5495 | lr: 5.00e-04 | Best_PSNR: 30.0531 in Epoch [125]
2022-07-12 16:22:59,885 INFO: Epoch: 126 | PSNR: 30.0544 | Loss: 5.5595 | lr: 5.00e-04 | Best_PSNR: 30.0544 in Epoch [126]
2022-07-12 16:23:46,546 INFO: Epoch: 127 | PSNR: 30.0541 | Loss: 5.5164 | lr: 5.00e-04 | Best_PSNR: 30.0544 in Epoch [126]
2022-07-12 16:24:34,901 INFO: Epoch: 128 | PSNR: 30.0549 | Loss: 5.5603 | lr: 5.00e-04 | Best_PSNR: 30.0549 in Epoch [128]
2022-07-12 16:25:22,836 INFO: Epoch: 129 | PSNR: 30.0554 | Loss: 5.5814 | lr: 5.00e-04 | Best_PSNR: 30.0554 in Epoch [129]
2022-07-12 16:26:08,738 INFO: Epoch: 130 | PSNR: 30.0558 | Loss: 5.5321 | lr: 5.00e-04 | Best_PSNR: 30.0558 in Epoch [130]
2022-07-12 16:26:54,424 INFO: Epoch: 131 | PSNR: 30.0562 | Loss: 5.5662 | lr: 5.00e-04 | Best_PSNR: 30.0562 in Epoch [131]
2022-07-12 16:27:39,972 INFO: Epoch: 132 | PSNR: 30.0565 | Loss: 5.5773 | lr: 5.00e-04 | Best_PSNR: 30.0565 in Epoch [132]
2022-07-12 16:28:26,696 INFO: Epoch: 133 | PSNR: 30.0560 | Loss: 5.5723 | lr: 5.00e-04 | Best_PSNR: 30.0565 in Epoch [132]
2022-07-12 16:29:14,873 INFO: Epoch: 134 | PSNR: 30.0569 | Loss: 5.5384 | lr: 5.00e-04 | Best_PSNR: 30.0569 in Epoch [134]
2022-07-12 16:30:03,040 INFO: Epoch: 135 | PSNR: 30.0567 | Loss: 5.5756 | lr: 5.00e-04 | Best_PSNR: 30.0569 in Epoch [134]
2022-07-12 16:30:48,978 INFO: Epoch: 136 | PSNR: 30.0567 | Loss: 5.5483 | lr: 5.00e-04 | Best_PSNR: 30.0569 in Epoch [134]
2022-07-12 16:31:35,858 INFO: Epoch: 137 | PSNR: 30.0579 | Loss: 5.5274 | lr: 5.00e-04 | Best_PSNR: 30.0579 in Epoch [137]
2022-07-12 16:32:22,820 INFO: Epoch: 138 | PSNR: 30.0577 | Loss: 5.5502 | lr: 5.00e-04 | Best_PSNR: 30.0579 in Epoch [137]
2022-07-12 16:33:10,119 INFO: Epoch: 139 | PSNR: 30.0583 | Loss: 5.5494 | lr: 5.00e-04 | Best_PSNR: 30.0583 in Epoch [139]
2022-07-12 16:33:56,816 INFO: Epoch: 140 | PSNR: 30.0584 | Loss: 5.5765 | lr: 5.00e-04 | Best_PSNR: 30.0584 in Epoch [140]
2022-07-12 16:34:43,123 INFO: Epoch: 141 | PSNR: 30.0587 | Loss: 5.5494 | lr: 5.00e-04 | Best_PSNR: 30.0587 in Epoch [141]
2022-07-12 16:35:29,780 INFO: Epoch: 142 | PSNR: 30.0578 | Loss: 5.5794 | lr: 5.00e-04 | Best_PSNR: 30.0587 in Epoch [141]
2022-07-12 16:36:17,740 INFO: Epoch: 143 | PSNR: 30.0587 | Loss: 5.5658 | lr: 5.00e-04 | Best_PSNR: 30.0587 in Epoch [143]
2022-07-12 16:37:04,183 INFO: Epoch: 144 | PSNR: 30.0595 | Loss: 5.5670 | lr: 5.00e-04 | Best_PSNR: 30.0595 in Epoch [144]
2022-07-12 16:37:51,605 INFO: Epoch: 145 | PSNR: 30.0601 | Loss: 5.5643 | lr: 5.00e-04 | Best_PSNR: 30.0601 in Epoch [145]
2022-07-12 16:38:38,677 INFO: Epoch: 146 | PSNR: 30.0595 | Loss: 5.5412 | lr: 5.00e-04 | Best_PSNR: 30.0601 in Epoch [145]
2022-07-12 16:39:26,982 INFO: Epoch: 147 | PSNR: 30.0602 | Loss: 5.5503 | lr: 5.00e-04 | Best_PSNR: 30.0602 in Epoch [147]
2022-07-12 16:40:14,614 INFO: Epoch: 148 | PSNR: 30.0603 | Loss: 5.5919 | lr: 5.00e-04 | Best_PSNR: 30.0603 in Epoch [148]
2022-07-12 16:41:01,375 INFO: Epoch: 149 | PSNR: 30.0600 | Loss: 5.5401 | lr: 5.00e-04 | Best_PSNR: 30.0603 in Epoch [148]
2022-07-12 16:41:48,634 INFO: Epoch: 150 | PSNR: 30.0606 | Loss: 5.5322 | lr: 5.00e-04 | Best_PSNR: 30.0606 in Epoch [150]
2022-07-12 16:42:35,696 INFO: Epoch: 151 | PSNR: 30.0610 | Loss: 5.5286 | lr: 5.00e-04 | Best_PSNR: 30.0610 in Epoch [151]
2022-07-12 16:43:22,064 INFO: Epoch: 152 | PSNR: 30.0609 | Loss: 5.5679 | lr: 5.00e-04 | Best_PSNR: 30.0610 in Epoch [151]
2022-07-12 16:44:09,588 INFO: Epoch: 153 | PSNR: 30.0610 | Loss: 5.5392 | lr: 5.00e-04 | Best_PSNR: 30.0610 in Epoch [153]
2022-07-12 16:44:58,293 INFO: Epoch: 154 | PSNR: 30.0612 | Loss: 5.5294 | lr: 5.00e-04 | Best_PSNR: 30.0612 in Epoch [154]
2022-07-12 16:45:45,330 INFO: Epoch: 155 | PSNR: 30.0609 | Loss: 5.5040 | lr: 5.00e-04 | Best_PSNR: 30.0612 in Epoch [154]
2022-07-12 16:46:33,976 INFO: Epoch: 156 | PSNR: 30.0618 | Loss: 5.5693 | lr: 5.00e-04 | Best_PSNR: 30.0618 in Epoch [156]
2022-07-12 16:47:21,463 INFO: Epoch: 157 | PSNR: 30.0613 | Loss: 5.5454 | lr: 5.00e-04 | Best_PSNR: 30.0618 in Epoch [156]
2022-07-12 16:48:08,419 INFO: Epoch: 158 | PSNR: 30.0619 | Loss: 5.5553 | lr: 5.00e-04 | Best_PSNR: 30.0619 in Epoch [158]
2022-07-12 16:48:55,175 INFO: Epoch: 159 | PSNR: 30.0617 | Loss: 5.5466 | lr: 5.00e-04 | Best_PSNR: 30.0619 in Epoch [158]
2022-07-12 16:49:42,240 INFO: Epoch: 160 | PSNR: 30.0623 | Loss: 5.5668 | lr: 5.00e-04 | Best_PSNR: 30.0623 in Epoch [160]
2022-07-12 16:50:29,835 INFO: Epoch: 161 | PSNR: 30.0628 | Loss: 5.5438 | lr: 5.00e-04 | Best_PSNR: 30.0628 in Epoch [161]
2022-07-12 16:51:17,345 INFO: Epoch: 162 | PSNR: 30.0635 | Loss: 5.5329 | lr: 5.00e-04 | Best_PSNR: 30.0635 in Epoch [162]
2022-07-12 16:52:03,510 INFO: Epoch: 163 | PSNR: 30.0633 | Loss: 5.5580 | lr: 5.00e-04 | Best_PSNR: 30.0635 in Epoch [162]
2022-07-12 16:52:49,310 INFO: Epoch: 164 | PSNR: 30.0629 | Loss: 5.5561 | lr: 5.00e-04 | Best_PSNR: 30.0635 in Epoch [162]
2022-07-12 16:53:34,410 INFO: Epoch: 165 | PSNR: 30.0626 | Loss: 5.5821 | lr: 5.00e-04 | Best_PSNR: 30.0635 in Epoch [162]
2022-07-12 16:54:20,413 INFO: Epoch: 166 | PSNR: 30.0630 | Loss: 5.5732 | lr: 5.00e-04 | Best_PSNR: 30.0635 in Epoch [162]
2022-07-12 16:55:06,756 INFO: Epoch: 167 | PSNR: 30.0627 | Loss: 5.5461 | lr: 5.00e-04 | Best_PSNR: 30.0635 in Epoch [162]
2022-07-12 16:55:52,937 INFO: Epoch: 168 | PSNR: 30.0630 | Loss: 5.5223 | lr: 5.00e-04 | Best_PSNR: 30.0635 in Epoch [162]
2022-07-12 16:56:38,429 INFO: Epoch: 169 | PSNR: 30.0627 | Loss: 5.5343 | lr: 5.00e-04 | Best_PSNR: 30.0635 in Epoch [162]
2022-07-12 16:57:24,460 INFO: Epoch: 170 | PSNR: 30.0632 | Loss: 5.5545 | lr: 5.00e-04 | Best_PSNR: 30.0635 in Epoch [162]
2022-07-12 16:58:11,256 INFO: Epoch: 171 | PSNR: 30.0634 | Loss: 5.5572 | lr: 5.00e-04 | Best_PSNR: 30.0635 in Epoch [162]
2022-07-12 16:58:58,449 INFO: Epoch: 172 | PSNR: 30.0629 | Loss: 5.5419 | lr: 5.00e-04 | Best_PSNR: 30.0635 in Epoch [162]
2022-07-12 16:59:45,387 INFO: Epoch: 173 | PSNR: 30.0636 | Loss: 5.5571 | lr: 5.00e-04 | Best_PSNR: 30.0636 in Epoch [173]
2022-07-12 17:00:32,613 INFO: Epoch: 174 | PSNR: 30.0637 | Loss: 5.5338 | lr: 5.00e-04 | Best_PSNR: 30.0637 in Epoch [174]
2022-07-12 17:01:19,103 INFO: Epoch: 175 | PSNR: 30.0643 | Loss: 5.5330 | lr: 5.00e-04 | Best_PSNR: 30.0643 in Epoch [175]
2022-07-12 17:02:05,213 INFO: Epoch: 176 | PSNR: 30.0644 | Loss: 5.5592 | lr: 5.00e-04 | Best_PSNR: 30.0644 in Epoch [176]
2022-07-12 17:02:51,414 INFO: Epoch: 177 | PSNR: 30.0639 | Loss: 5.5463 | lr: 5.00e-04 | Best_PSNR: 30.0644 in Epoch [176]
2022-07-12 17:03:40,394 INFO: Epoch: 178 | PSNR: 30.0644 | Loss: 5.5848 | lr: 5.00e-04 | Best_PSNR: 30.0644 in Epoch [178]
2022-07-12 17:04:27,955 INFO: Epoch: 179 | PSNR: 30.0642 | Loss: 5.5961 | lr: 5.00e-04 | Best_PSNR: 30.0644 in Epoch [178]
2022-07-12 17:05:15,045 INFO: Epoch: 180 | PSNR: 30.0648 | Loss: 5.5825 | lr: 5.00e-04 | Best_PSNR: 30.0648 in Epoch [180]
2022-07-12 17:06:02,211 INFO: Epoch: 181 | PSNR: 30.0653 | Loss: 5.5678 | lr: 5.00e-04 | Best_PSNR: 30.0653 in Epoch [181]
2022-07-12 17:06:49,930 INFO: Epoch: 182 | PSNR: 30.0655 | Loss: 5.5515 | lr: 5.00e-04 | Best_PSNR: 30.0655 in Epoch [182]
2022-07-12 17:07:37,305 INFO: Epoch: 183 | PSNR: 30.0654 | Loss: 5.5536 | lr: 5.00e-04 | Best_PSNR: 30.0655 in Epoch [182]
2022-07-12 17:08:24,206 INFO: Epoch: 184 | PSNR: 30.0652 | Loss: 5.5183 | lr: 5.00e-04 | Best_PSNR: 30.0655 in Epoch [182]
2022-07-12 17:09:11,098 INFO: Epoch: 185 | PSNR: 30.0649 | Loss: 5.5866 | lr: 5.00e-04 | Best_PSNR: 30.0655 in Epoch [182]
2022-07-12 17:09:58,218 INFO: Epoch: 186 | PSNR: 30.0654 | Loss: 5.5366 | lr: 5.00e-04 | Best_PSNR: 30.0655 in Epoch [182]
2022-07-12 17:10:44,156 INFO: Epoch: 187 | PSNR: 30.0660 | Loss: 5.5193 | lr: 5.00e-04 | Best_PSNR: 30.0660 in Epoch [187]
2022-07-12 17:11:30,946 INFO: Epoch: 188 | PSNR: 30.0667 | Loss: 5.5264 | lr: 5.00e-04 | Best_PSNR: 30.0667 in Epoch [188]
2022-07-12 17:12:18,318 INFO: Epoch: 189 | PSNR: 30.0668 | Loss: 5.5290 | lr: 5.00e-04 | Best_PSNR: 30.0668 in Epoch [189]
2022-07-12 17:13:04,024 INFO: Epoch: 190 | PSNR: 30.0667 | Loss: 5.5493 | lr: 5.00e-04 | Best_PSNR: 30.0668 in Epoch [189]
2022-07-12 17:13:51,811 INFO: Epoch: 191 | PSNR: 30.0662 | Loss: 5.5180 | lr: 5.00e-04 | Best_PSNR: 30.0668 in Epoch [189]
2022-07-12 17:14:38,592 INFO: Epoch: 192 | PSNR: 30.0669 | Loss: 5.5464 | lr: 5.00e-04 | Best_PSNR: 30.0669 in Epoch [192]
2022-07-12 17:15:25,443 INFO: Epoch: 193 | PSNR: 30.0671 | Loss: 5.5228 | lr: 5.00e-04 | Best_PSNR: 30.0671 in Epoch [193]
2022-07-12 17:16:12,167 INFO: Epoch: 194 | PSNR: 30.0671 | Loss: 5.5097 | lr: 5.00e-04 | Best_PSNR: 30.0671 in Epoch [194]
2022-07-12 17:16:58,835 INFO: Epoch: 195 | PSNR: 30.0675 | Loss: 5.5539 | lr: 5.00e-04 | Best_PSNR: 30.0675 in Epoch [195]
2022-07-12 17:17:44,327 INFO: Epoch: 196 | PSNR: 30.0670 | Loss: 5.5792 | lr: 5.00e-04 | Best_PSNR: 30.0675 in Epoch [195]
2022-07-12 17:18:29,694 INFO: Epoch: 197 | PSNR: 30.0676 | Loss: 5.5701 | lr: 5.00e-04 | Best_PSNR: 30.0676 in Epoch [197]
2022-07-12 17:19:14,627 INFO: Epoch: 198 | PSNR: 30.0675 | Loss: 5.5163 | lr: 5.00e-04 | Best_PSNR: 30.0676 in Epoch [197]
2022-07-12 17:19:59,566 INFO: Epoch: 199 | PSNR: 30.0675 | Loss: 5.5529 | lr: 5.00e-04 | Best_PSNR: 30.0676 in Epoch [197]
2022-07-12 17:20:45,359 INFO: Epoch: 200 | PSNR: 30.0678 | Loss: 5.5531 | lr: 5.00e-04 | Best_PSNR: 30.0678 in Epoch [200]
2022-07-12 17:21:31,579 INFO: Epoch: 201 | PSNR: 30.0680 | Loss: 5.5208 | lr: 5.00e-04 | Best_PSNR: 30.0680 in Epoch [201]
2022-07-12 17:22:18,243 INFO: Epoch: 202 | PSNR: 30.0682 | Loss: 5.5070 | lr: 5.00e-04 | Best_PSNR: 30.0682 in Epoch [202]
2022-07-12 17:23:04,330 INFO: Epoch: 203 | PSNR: 30.0679 | Loss: 5.5441 | lr: 5.00e-04 | Best_PSNR: 30.0682 in Epoch [202]
2022-07-12 17:23:51,343 INFO: Epoch: 204 | PSNR: 30.0683 | Loss: 5.5590 | lr: 5.00e-04 | Best_PSNR: 30.0683 in Epoch [204]
2022-07-12 17:24:37,990 INFO: Epoch: 205 | PSNR: 30.0684 | Loss: 5.5146 | lr: 5.00e-04 | Best_PSNR: 30.0684 in Epoch [205]
2022-07-12 17:25:26,034 INFO: Epoch: 206 | PSNR: 30.0679 | Loss: 5.5586 | lr: 5.00e-04 | Best_PSNR: 30.0684 in Epoch [205]
2022-07-12 17:26:13,371 INFO: Epoch: 207 | PSNR: 30.0687 | Loss: 5.5216 | lr: 5.00e-04 | Best_PSNR: 30.0687 in Epoch [207]
2022-07-12 17:27:00,369 INFO: Epoch: 208 | PSNR: 30.0686 | Loss: 5.5768 | lr: 5.00e-04 | Best_PSNR: 30.0687 in Epoch [207]
2022-07-12 17:27:47,167 INFO: Epoch: 209 | PSNR: 30.0691 | Loss: 5.5417 | lr: 5.00e-04 | Best_PSNR: 30.0691 in Epoch [209]
2022-07-12 17:28:33,907 INFO: Epoch: 210 | PSNR: 30.0696 | Loss: 5.5418 | lr: 5.00e-04 | Best_PSNR: 30.0696 in Epoch [210]
2022-07-12 17:29:21,299 INFO: Epoch: 211 | PSNR: 30.0701 | Loss: 5.5436 | lr: 5.00e-04 | Best_PSNR: 30.0701 in Epoch [211]
2022-07-12 17:30:08,415 INFO: Epoch: 212 | PSNR: 30.0697 | Loss: 5.5409 | lr: 5.00e-04 | Best_PSNR: 30.0701 in Epoch [211]
2022-07-12 17:30:54,894 INFO: Epoch: 213 | PSNR: 30.0691 | Loss: 5.5291 | lr: 5.00e-04 | Best_PSNR: 30.0701 in Epoch [211]
2022-07-12 17:31:41,854 INFO: Epoch: 214 | PSNR: 30.0685 | Loss: 5.5356 | lr: 5.00e-04 | Best_PSNR: 30.0701 in Epoch [211]
2022-07-12 17:32:29,369 INFO: Epoch: 215 | PSNR: 30.0699 | Loss: 5.5253 | lr: 5.00e-04 | Best_PSNR: 30.0701 in Epoch [211]
2022-07-12 17:33:16,185 INFO: Epoch: 216 | PSNR: 30.0700 | Loss: 5.5348 | lr: 5.00e-04 | Best_PSNR: 30.0701 in Epoch [211]
2022-07-12 17:34:01,976 INFO: Epoch: 217 | PSNR: 30.0699 | Loss: 5.5685 | lr: 5.00e-04 | Best_PSNR: 30.0701 in Epoch [211]
2022-07-12 17:34:48,283 INFO: Epoch: 218 | PSNR: 30.0706 | Loss: 5.5268 | lr: 5.00e-04 | Best_PSNR: 30.0706 in Epoch [218]
2022-07-12 17:35:34,812 INFO: Epoch: 219 | PSNR: 30.0705 | Loss: 5.5181 | lr: 5.00e-04 | Best_PSNR: 30.0706 in Epoch [218]
2022-07-12 17:36:21,049 INFO: Epoch: 220 | PSNR: 30.0701 | Loss: 5.5783 | lr: 5.00e-04 | Best_PSNR: 30.0706 in Epoch [218]
2022-07-12 17:37:07,343 INFO: Epoch: 221 | PSNR: 30.0705 | Loss: 5.5523 | lr: 5.00e-04 | Best_PSNR: 30.0706 in Epoch [218]
2022-07-12 17:37:53,628 INFO: Epoch: 222 | PSNR: 30.0696 | Loss: 5.5243 | lr: 5.00e-04 | Best_PSNR: 30.0706 in Epoch [218]
2022-07-12 17:38:40,938 INFO: Epoch: 223 | PSNR: 30.0704 | Loss: 5.5366 | lr: 5.00e-04 | Best_PSNR: 30.0706 in Epoch [218]
2022-07-12 17:39:27,696 INFO: Epoch: 224 | PSNR: 30.0704 | Loss: 5.5385 | lr: 5.00e-04 | Best_PSNR: 30.0706 in Epoch [218]
2022-07-12 17:40:14,991 INFO: Epoch: 225 | PSNR: 30.0711 | Loss: 5.5311 | lr: 5.00e-04 | Best_PSNR: 30.0711 in Epoch [225]
2022-07-12 17:41:02,128 INFO: Epoch: 226 | PSNR: 30.0715 | Loss: 5.5220 | lr: 5.00e-04 | Best_PSNR: 30.0715 in Epoch [226]
2022-07-12 17:41:49,075 INFO: Epoch: 227 | PSNR: 30.0710 | Loss: 5.5418 | lr: 5.00e-04 | Best_PSNR: 30.0715 in Epoch [226]
2022-07-12 17:42:36,596 INFO: Epoch: 228 | PSNR: 30.0708 | Loss: 5.5320 | lr: 5.00e-04 | Best_PSNR: 30.0715 in Epoch [226]
2022-07-12 17:43:22,796 INFO: Epoch: 229 | PSNR: 30.0709 | Loss: 5.5195 | lr: 5.00e-04 | Best_PSNR: 30.0715 in Epoch [226]
2022-07-12 17:44:09,404 INFO: Epoch: 230 | PSNR: 30.0714 | Loss: 5.5199 | lr: 5.00e-04 | Best_PSNR: 30.0715 in Epoch [226]
2022-07-12 17:44:56,656 INFO: Epoch: 231 | PSNR: 30.0715 | Loss: 5.5285 | lr: 5.00e-04 | Best_PSNR: 30.0715 in Epoch [231]
2022-07-12 17:45:44,661 INFO: Epoch: 232 | PSNR: 30.0706 | Loss: 5.5609 | lr: 5.00e-04 | Best_PSNR: 30.0715 in Epoch [231]
2022-07-12 17:46:31,762 INFO: Epoch: 233 | PSNR: 30.0717 | Loss: 5.5590 | lr: 5.00e-04 | Best_PSNR: 30.0717 in Epoch [233]
2022-07-12 17:47:19,433 INFO: Epoch: 234 | PSNR: 30.0719 | Loss: 5.5555 | lr: 5.00e-04 | Best_PSNR: 30.0719 in Epoch [234]
2022-07-12 17:48:06,721 INFO: Epoch: 235 | PSNR: 30.0719 | Loss: 5.5291 | lr: 5.00e-04 | Best_PSNR: 30.0719 in Epoch [234]
2022-07-12 17:48:56,159 INFO: Epoch: 236 | PSNR: 30.0725 | Loss: 5.5055 | lr: 5.00e-04 | Best_PSNR: 30.0725 in Epoch [236]
2022-07-12 17:49:43,626 INFO: Epoch: 237 | PSNR: 30.0723 | Loss: 5.5129 | lr: 5.00e-04 | Best_PSNR: 30.0725 in Epoch [236]
2022-07-12 17:50:31,241 INFO: Epoch: 238 | PSNR: 30.0724 | Loss: 5.5180 | lr: 5.00e-04 | Best_PSNR: 30.0725 in Epoch [236]
2022-07-12 17:51:17,592 INFO: Epoch: 239 | PSNR: 30.0727 | Loss: 5.5234 | lr: 5.00e-04 | Best_PSNR: 30.0727 in Epoch [239]
2022-07-12 17:52:05,648 INFO: Epoch: 240 | PSNR: 30.0726 | Loss: 5.5652 | lr: 5.00e-04 | Best_PSNR: 30.0727 in Epoch [239]
2022-07-12 17:52:53,380 INFO: Epoch: 241 | PSNR: 30.0744 | Loss: 5.5102 | lr: 2.50e-04 | Best_PSNR: 30.0744 in Epoch [241]
2022-07-12 17:53:41,510 INFO: Epoch: 242 | PSNR: 30.0747 | Loss: 5.5041 | lr: 2.50e-04 | Best_PSNR: 30.0747 in Epoch [242]
2022-07-12 17:54:28,876 INFO: Epoch: 243 | PSNR: 30.0753 | Loss: 5.5253 | lr: 2.50e-04 | Best_PSNR: 30.0753 in Epoch [243]
2022-07-12 17:55:15,756 INFO: Epoch: 244 | PSNR: 30.0750 | Loss: 5.5367 | lr: 2.50e-04 | Best_PSNR: 30.0753 in Epoch [243]
2022-07-12 17:56:02,821 INFO: Epoch: 245 | PSNR: 30.0748 | Loss: 5.5385 | lr: 2.50e-04 | Best_PSNR: 30.0753 in Epoch [243]
2022-07-12 17:56:49,318 INFO: Epoch: 246 | PSNR: 30.0758 | Loss: 5.5282 | lr: 2.50e-04 | Best_PSNR: 30.0758 in Epoch [246]
2022-07-12 17:57:35,961 INFO: Epoch: 247 | PSNR: 30.0757 | Loss: 5.5237 | lr: 2.50e-04 | Best_PSNR: 30.0758 in Epoch [246]
2022-07-12 17:58:23,863 INFO: Epoch: 248 | PSNR: 30.0761 | Loss: 5.5163 | lr: 2.50e-04 | Best_PSNR: 30.0761 in Epoch [248]
2022-07-12 17:59:11,367 INFO: Epoch: 249 | PSNR: 30.0757 | Loss: 5.5414 | lr: 2.50e-04 | Best_PSNR: 30.0761 in Epoch [248]
2022-07-12 17:59:59,686 INFO: Epoch: 250 | PSNR: 30.0762 | Loss: 5.5159 | lr: 2.50e-04 | Best_PSNR: 30.0762 in Epoch [250]
2022-07-12 18:00:46,349 INFO: Epoch: 251 | PSNR: 30.0763 | Loss: 5.5260 | lr: 2.50e-04 | Best_PSNR: 30.0763 in Epoch [251]
2022-07-12 18:01:34,132 INFO: Epoch: 252 | PSNR: 30.0764 | Loss: 5.5473 | lr: 2.50e-04 | Best_PSNR: 30.0764 in Epoch [252]
2022-07-12 18:02:21,585 INFO: Epoch: 253 | PSNR: 30.0766 | Loss: 5.5649 | lr: 2.50e-04 | Best_PSNR: 30.0766 in Epoch [253]
2022-07-12 18:03:08,117 INFO: Epoch: 254 | PSNR: 30.0767 | Loss: 5.5406 | lr: 2.50e-04 | Best_PSNR: 30.0767 in Epoch [254]
2022-07-12 18:03:54,220 INFO: Epoch: 255 | PSNR: 30.0770 | Loss: 5.5464 | lr: 2.50e-04 | Best_PSNR: 30.0770 in Epoch [255]
2022-07-12 18:04:40,955 INFO: Epoch: 256 | PSNR: 30.0773 | Loss: 5.4892 | lr: 2.50e-04 | Best_PSNR: 30.0773 in Epoch [256]
2022-07-12 18:05:28,632 INFO: Epoch: 257 | PSNR: 30.0775 | Loss: 5.5334 | lr: 2.50e-04 | Best_PSNR: 30.0775 in Epoch [257]
2022-07-12 18:06:15,058 INFO: Epoch: 258 | PSNR: 30.0771 | Loss: 5.5272 | lr: 2.50e-04 | Best_PSNR: 30.0775 in Epoch [257]
2022-07-12 18:07:00,933 INFO: Epoch: 259 | PSNR: 30.0774 | Loss: 5.5034 | lr: 2.50e-04 | Best_PSNR: 30.0775 in Epoch [257]
2022-07-12 18:07:47,202 INFO: Epoch: 260 | PSNR: 30.0775 | Loss: 5.5596 | lr: 2.50e-04 | Best_PSNR: 30.0775 in Epoch [260]
2022-07-12 18:08:34,580 INFO: Epoch: 261 | PSNR: 30.0776 | Loss: 5.5594 | lr: 2.50e-04 | Best_PSNR: 30.0776 in Epoch [261]
2022-07-12 18:09:22,200 INFO: Epoch: 262 | PSNR: 30.0777 | Loss: 5.5694 | lr: 2.50e-04 | Best_PSNR: 30.0777 in Epoch [262]
2022-07-12 18:10:08,981 INFO: Epoch: 263 | PSNR: 30.0776 | Loss: 5.5435 | lr: 2.50e-04 | Best_PSNR: 30.0777 in Epoch [262]
2022-07-12 18:10:56,441 INFO: Epoch: 264 | PSNR: 30.0778 | Loss: 5.5480 | lr: 2.50e-04 | Best_PSNR: 30.0778 in Epoch [264]
2022-07-12 18:11:43,916 INFO: Epoch: 265 | PSNR: 30.0781 | Loss: 5.5495 | lr: 2.50e-04 | Best_PSNR: 30.0781 in Epoch [265]
2022-07-12 18:12:29,865 INFO: Epoch: 266 | PSNR: 30.0781 | Loss: 5.5112 | lr: 2.50e-04 | Best_PSNR: 30.0781 in Epoch [265]
2022-07-12 18:13:16,442 INFO: Epoch: 267 | PSNR: 30.0782 | Loss: 5.5345 | lr: 2.50e-04 | Best_PSNR: 30.0782 in Epoch [267]
2022-07-12 18:14:03,657 INFO: Epoch: 268 | PSNR: 30.0787 | Loss: 5.5164 | lr: 2.50e-04 | Best_PSNR: 30.0787 in Epoch [268]
2022-07-12 18:14:49,061 INFO: Epoch: 269 | PSNR: 30.0787 | Loss: 5.5481 | lr: 2.50e-04 | Best_PSNR: 30.0787 in Epoch [268]
2022-07-12 18:15:36,714 INFO: Epoch: 270 | PSNR: 30.0792 | Loss: 5.5196 | lr: 2.50e-04 | Best_PSNR: 30.0792 in Epoch [270]
2022-07-12 18:16:25,131 INFO: Epoch: 271 | PSNR: 30.0792 | Loss: 5.5094 | lr: 2.50e-04 | Best_PSNR: 30.0792 in Epoch [271]
2022-07-12 18:17:12,693 INFO: Epoch: 272 | PSNR: 30.0795 | Loss: 5.5248 | lr: 2.50e-04 | Best_PSNR: 30.0795 in Epoch [272]
2022-07-12 18:17:59,071 INFO: Epoch: 273 | PSNR: 30.0792 | Loss: 5.4967 | lr: 2.50e-04 | Best_PSNR: 30.0795 in Epoch [272]
2022-07-12 18:18:46,230 INFO: Epoch: 274 | PSNR: 30.0793 | Loss: 5.5252 | lr: 2.50e-04 | Best_PSNR: 30.0795 in Epoch [272]
2022-07-12 18:19:33,158 INFO: Epoch: 275 | PSNR: 30.0789 | Loss: 5.5150 | lr: 2.50e-04 | Best_PSNR: 30.0795 in Epoch [272]
2022-07-12 18:20:18,544 INFO: Epoch: 276 | PSNR: 30.0794 | Loss: 5.5286 | lr: 2.50e-04 | Best_PSNR: 30.0795 in Epoch [272]
2022-07-12 18:21:05,723 INFO: Epoch: 277 | PSNR: 30.0794 | Loss: 5.5269 | lr: 2.50e-04 | Best_PSNR: 30.0795 in Epoch [272]
2022-07-12 18:21:52,480 INFO: Epoch: 278 | PSNR: 30.0794 | Loss: 5.5809 | lr: 2.50e-04 | Best_PSNR: 30.0795 in Epoch [272]
2022-07-12 18:22:39,985 INFO: Epoch: 279 | PSNR: 30.0796 | Loss: 5.5099 | lr: 2.50e-04 | Best_PSNR: 30.0796 in Epoch [279]
2022-07-12 18:23:25,740 INFO: Epoch: 280 | PSNR: 30.0791 | Loss: 5.5342 | lr: 2.50e-04 | Best_PSNR: 30.0796 in Epoch [279]
2022-07-12 18:24:12,156 INFO: Epoch: 281 | PSNR: 30.0796 | Loss: 5.5492 | lr: 2.50e-04 | Best_PSNR: 30.0796 in Epoch [281]
2022-07-12 18:24:59,181 INFO: Epoch: 282 | PSNR: 30.0800 | Loss: 5.4962 | lr: 2.50e-04 | Best_PSNR: 30.0800 in Epoch [282]
2022-07-12 18:25:46,816 INFO: Epoch: 283 | PSNR: 30.0800 | Loss: 5.5023 | lr: 2.50e-04 | Best_PSNR: 30.0800 in Epoch [283]
2022-07-12 18:26:35,474 INFO: Epoch: 284 | PSNR: 30.0801 | Loss: 5.5369 | lr: 2.50e-04 | Best_PSNR: 30.0801 in Epoch [284]
2022-07-12 18:27:23,201 INFO: Epoch: 285 | PSNR: 30.0803 | Loss: 5.5480 | lr: 2.50e-04 | Best_PSNR: 30.0803 in Epoch [285]
2022-07-12 18:28:11,539 INFO: Epoch: 286 | PSNR: 30.0805 | Loss: 5.5326 | lr: 2.50e-04 | Best_PSNR: 30.0805 in Epoch [286]
2022-07-12 18:28:59,394 INFO: Epoch: 287 | PSNR: 30.0805 | Loss: 5.5509 | lr: 2.50e-04 | Best_PSNR: 30.0805 in Epoch [286]
2022-07-12 18:29:47,824 INFO: Epoch: 288 | PSNR: 30.0810 | Loss: 5.5384 | lr: 2.50e-04 | Best_PSNR: 30.0810 in Epoch [288]
2022-07-12 18:30:34,898 INFO: Epoch: 289 | PSNR: 30.0809 | Loss: 5.5327 | lr: 2.50e-04 | Best_PSNR: 30.0810 in Epoch [288]
2022-07-12 18:31:21,056 INFO: Epoch: 290 | PSNR: 30.0806 | Loss: 5.5219 | lr: 2.50e-04 | Best_PSNR: 30.0810 in Epoch [288]
2022-07-12 18:32:08,977 INFO: Epoch: 291 | PSNR: 30.0810 | Loss: 5.5644 | lr: 2.50e-04 | Best_PSNR: 30.0810 in Epoch [291]
2022-07-12 18:32:56,666 INFO: Epoch: 292 | PSNR: 30.0811 | Loss: 5.5115 | lr: 2.50e-04 | Best_PSNR: 30.0811 in Epoch [292]
2022-07-12 18:33:42,845 INFO: Epoch: 293 | PSNR: 30.0810 | Loss: 5.5240 | lr: 2.50e-04 | Best_PSNR: 30.0811 in Epoch [292]
2022-07-12 18:34:29,631 INFO: Epoch: 294 | PSNR: 30.0811 | Loss: 5.5379 | lr: 2.50e-04 | Best_PSNR: 30.0811 in Epoch [292]
2022-07-12 18:35:17,398 INFO: Epoch: 295 | PSNR: 30.0816 | Loss: 5.5015 | lr: 2.50e-04 | Best_PSNR: 30.0816 in Epoch [295]
2022-07-12 18:36:04,637 INFO: Epoch: 296 | PSNR: 30.0820 | Loss: 5.5313 | lr: 2.50e-04 | Best_PSNR: 30.0820 in Epoch [296]
2022-07-12 18:36:52,439 INFO: Epoch: 297 | PSNR: 30.0816 | Loss: 5.5626 | lr: 2.50e-04 | Best_PSNR: 30.0820 in Epoch [296]
2022-07-12 18:37:41,429 INFO: Epoch: 298 | PSNR: 30.0820 | Loss: 5.5202 | lr: 2.50e-04 | Best_PSNR: 30.0820 in Epoch [296]
2022-07-12 18:38:28,872 INFO: Epoch: 299 | PSNR: 30.0818 | Loss: 5.5355 | lr: 2.50e-04 | Best_PSNR: 30.0820 in Epoch [296]
2022-07-12 18:39:16,063 INFO: Epoch: 300 | PSNR: 30.0817 | Loss: 5.5344 | lr: 2.50e-04 | Best_PSNR: 30.0820 in Epoch [296]
2022-07-12 18:40:02,010 INFO: Epoch: 301 | PSNR: 30.0818 | Loss: 5.5489 | lr: 2.50e-04 | Best_PSNR: 30.0820 in Epoch [296]
2022-07-12 18:40:47,685 INFO: Epoch: 302 | PSNR: 30.0819 | Loss: 5.5251 | lr: 2.50e-04 | Best_PSNR: 30.0820 in Epoch [296]
2022-07-12 18:41:34,511 INFO: Epoch: 303 | PSNR: 30.0824 | Loss: 5.5580 | lr: 2.50e-04 | Best_PSNR: 30.0824 in Epoch [303]
2022-07-12 18:42:20,806 INFO: Epoch: 304 | PSNR: 30.0819 | Loss: 5.5062 | lr: 2.50e-04 | Best_PSNR: 30.0824 in Epoch [303]
2022-07-12 18:43:07,434 INFO: Epoch: 305 | PSNR: 30.0819 | Loss: 5.5170 | lr: 2.50e-04 | Best_PSNR: 30.0824 in Epoch [303]
2022-07-12 18:43:53,655 INFO: Epoch: 306 | PSNR: 30.0819 | Loss: 5.4987 | lr: 2.50e-04 | Best_PSNR: 30.0824 in Epoch [303]
2022-07-12 18:44:40,129 INFO: Epoch: 307 | PSNR: 30.0818 | Loss: 5.5020 | lr: 2.50e-04 | Best_PSNR: 30.0824 in Epoch [303]
2022-07-12 18:45:28,001 INFO: Epoch: 308 | PSNR: 30.0827 | Loss: 5.5065 | lr: 2.50e-04 | Best_PSNR: 30.0827 in Epoch [308]
2022-07-12 18:46:16,826 INFO: Epoch: 309 | PSNR: 30.0829 | Loss: 5.5356 | lr: 2.50e-04 | Best_PSNR: 30.0829 in Epoch [309]
2022-07-12 18:47:03,906 INFO: Epoch: 310 | PSNR: 30.0826 | Loss: 5.5238 | lr: 2.50e-04 | Best_PSNR: 30.0829 in Epoch [309]
2022-07-12 18:47:54,866 INFO: Epoch: 311 | PSNR: 30.0830 | Loss: 5.5405 | lr: 2.50e-04 | Best_PSNR: 30.0830 in Epoch [311]
2022-07-12 18:48:40,707 INFO: Epoch: 312 | PSNR: 30.0827 | Loss: 5.5401 | lr: 2.50e-04 | Best_PSNR: 30.0830 in Epoch [311]
2022-07-12 18:49:27,320 INFO: Epoch: 313 | PSNR: 30.0826 | Loss: 5.5191 | lr: 2.50e-04 | Best_PSNR: 30.0830 in Epoch [311]
2022-07-12 18:50:14,710 INFO: Epoch: 314 | PSNR: 30.0831 | Loss: 5.5504 | lr: 2.50e-04 | Best_PSNR: 30.0831 in Epoch [314]
2022-07-12 18:51:02,532 INFO: Epoch: 315 | PSNR: 30.0836 | Loss: 5.5328 | lr: 2.50e-04 | Best_PSNR: 30.0836 in Epoch [315]
2022-07-12 18:51:49,502 INFO: Epoch: 316 | PSNR: 30.0837 | Loss: 5.5215 | lr: 2.50e-04 | Best_PSNR: 30.0837 in Epoch [316]
2022-07-12 18:52:35,699 INFO: Epoch: 317 | PSNR: 30.0835 | Loss: 5.5192 | lr: 2.50e-04 | Best_PSNR: 30.0837 in Epoch [316]
2022-07-12 18:53:22,580 INFO: Epoch: 318 | PSNR: 30.0839 | Loss: 5.5354 | lr: 2.50e-04 | Best_PSNR: 30.0839 in Epoch [318]
2022-07-12 18:54:09,325 INFO: Epoch: 319 | PSNR: 30.0835 | Loss: 5.4952 | lr: 2.50e-04 | Best_PSNR: 30.0839 in Epoch [318]
2022-07-12 18:54:56,279 INFO: Epoch: 320 | PSNR: 30.0833 | Loss: 5.5278 | lr: 2.50e-04 | Best_PSNR: 30.0839 in Epoch [318]
2022-07-12 18:55:42,568 INFO: Epoch: 321 | PSNR: 30.0836 | Loss: 5.5489 | lr: 2.50e-04 | Best_PSNR: 30.0839 in Epoch [318]
2022-07-12 18:56:29,099 INFO: Epoch: 322 | PSNR: 30.0835 | Loss: 5.5381 | lr: 2.50e-04 | Best_PSNR: 30.0839 in Epoch [318]
2022-07-12 18:57:15,548 INFO: Epoch: 323 | PSNR: 30.0838 | Loss: 5.5185 | lr: 2.50e-04 | Best_PSNR: 30.0839 in Epoch [318]
2022-07-12 18:58:02,629 INFO: Epoch: 324 | PSNR: 30.0839 | Loss: 5.5309 | lr: 2.50e-04 | Best_PSNR: 30.0839 in Epoch [324]
2022-07-12 18:58:49,042 INFO: Epoch: 325 | PSNR: 30.0836 | Loss: 5.5381 | lr: 2.50e-04 | Best_PSNR: 30.0839 in Epoch [324]
2022-07-12 18:59:34,341 INFO: Epoch: 326 | PSNR: 30.0836 | Loss: 5.5110 | lr: 2.50e-04 | Best_PSNR: 30.0839 in Epoch [324]
2022-07-12 19:00:21,027 INFO: Epoch: 327 | PSNR: 30.0830 | Loss: 5.5388 | lr: 2.50e-04 | Best_PSNR: 30.0839 in Epoch [324]
2022-07-12 19:01:07,422 INFO: Epoch: 328 | PSNR: 30.0833 | Loss: 5.5179 | lr: 2.50e-04 | Best_PSNR: 30.0839 in Epoch [324]
2022-07-12 19:01:53,204 INFO: Epoch: 329 | PSNR: 30.0834 | Loss: 5.5331 | lr: 2.50e-04 | Best_PSNR: 30.0839 in Epoch [324]
2022-07-12 19:02:38,991 INFO: Epoch: 330 | PSNR: 30.0832 | Loss: 5.5276 | lr: 2.50e-04 | Best_PSNR: 30.0839 in Epoch [324]
2022-07-12 19:03:26,102 INFO: Epoch: 331 | PSNR: 30.0839 | Loss: 5.5208 | lr: 2.50e-04 | Best_PSNR: 30.0839 in Epoch [331]
2022-07-12 19:04:12,010 INFO: Epoch: 332 | PSNR: 30.0842 | Loss: 5.5352 | lr: 2.50e-04 | Best_PSNR: 30.0842 in Epoch [332]
2022-07-12 19:04:57,937 INFO: Epoch: 333 | PSNR: 30.0846 | Loss: 5.5092 | lr: 2.50e-04 | Best_PSNR: 30.0846 in Epoch [333]
2022-07-12 19:05:44,716 INFO: Epoch: 334 | PSNR: 30.0845 | Loss: 5.4931 | lr: 2.50e-04 | Best_PSNR: 30.0846 in Epoch [333]
2022-07-12 19:06:31,717 INFO: Epoch: 335 | PSNR: 30.0843 | Loss: 5.5397 | lr: 2.50e-04 | Best_PSNR: 30.0846 in Epoch [333]
2022-07-12 19:07:15,911 INFO: Epoch: 336 | PSNR: 30.0845 | Loss: 5.5100 | lr: 2.50e-04 | Best_PSNR: 30.0846 in Epoch [333]
2022-07-12 19:08:02,263 INFO: Epoch: 337 | PSNR: 30.0847 | Loss: 5.5223 | lr: 2.50e-04 | Best_PSNR: 30.0847 in Epoch [337]
2022-07-12 19:08:49,181 INFO: Epoch: 338 | PSNR: 30.0847 | Loss: 5.5519 | lr: 2.50e-04 | Best_PSNR: 30.0847 in Epoch [338]
2022-07-12 19:09:36,653 INFO: Epoch: 339 | PSNR: 30.0847 | Loss: 5.5158 | lr: 2.50e-04 | Best_PSNR: 30.0847 in Epoch [339]
2022-07-12 19:10:23,997 INFO: Epoch: 340 | PSNR: 30.0849 | Loss: 5.5490 | lr: 2.50e-04 | Best_PSNR: 30.0849 in Epoch [340]
2022-07-12 19:11:12,825 INFO: Epoch: 341 | PSNR: 30.0849 | Loss: 5.5244 | lr: 2.50e-04 | Best_PSNR: 30.0849 in Epoch [341]
2022-07-12 19:12:00,163 INFO: Epoch: 342 | PSNR: 30.0851 | Loss: 5.5206 | lr: 2.50e-04 | Best_PSNR: 30.0851 in Epoch [342]
2022-07-12 19:12:47,322 INFO: Epoch: 343 | PSNR: 30.0847 | Loss: 5.5076 | lr: 2.50e-04 | Best_PSNR: 30.0851 in Epoch [342]
2022-07-12 19:13:34,099 INFO: Epoch: 344 | PSNR: 30.0849 | Loss: 5.5240 | lr: 2.50e-04 | Best_PSNR: 30.0851 in Epoch [342]
2022-07-12 19:14:20,870 INFO: Epoch: 345 | PSNR: 30.0858 | Loss: 5.4832 | lr: 2.50e-04 | Best_PSNR: 30.0858 in Epoch [345]
2022-07-12 19:15:07,134 INFO: Epoch: 346 | PSNR: 30.0854 | Loss: 5.4979 | lr: 2.50e-04 | Best_PSNR: 30.0858 in Epoch [345]
2022-07-12 19:15:55,242 INFO: Epoch: 347 | PSNR: 30.0859 | Loss: 5.5215 | lr: 2.50e-04 | Best_PSNR: 30.0859 in Epoch [347]
2022-07-12 19:16:42,169 INFO: Epoch: 348 | PSNR: 30.0857 | Loss: 5.5204 | lr: 2.50e-04 | Best_PSNR: 30.0859 in Epoch [347]
2022-07-12 19:17:31,212 INFO: Epoch: 349 | PSNR: 30.0857 | Loss: 5.5157 | lr: 2.50e-04 | Best_PSNR: 30.0859 in Epoch [347]
2022-07-12 19:18:18,542 INFO: Epoch: 350 | PSNR: 30.0855 | Loss: 5.5446 | lr: 2.50e-04 | Best_PSNR: 30.0859 in Epoch [347]
2022-07-12 19:19:05,623 INFO: Epoch: 351 | PSNR: 30.0855 | Loss: 5.4832 | lr: 2.50e-04 | Best_PSNR: 30.0859 in Epoch [347]
2022-07-12 19:19:52,409 INFO: Epoch: 352 | PSNR: 30.0853 | Loss: 5.5325 | lr: 2.50e-04 | Best_PSNR: 30.0859 in Epoch [347]
2022-07-12 19:20:39,308 INFO: Epoch: 353 | PSNR: 30.0855 | Loss: 5.5365 | lr: 2.50e-04 | Best_PSNR: 30.0859 in Epoch [347]
2022-07-12 19:21:26,237 INFO: Epoch: 354 | PSNR: 30.0857 | Loss: 5.5032 | lr: 2.50e-04 | Best_PSNR: 30.0859 in Epoch [347]
2022-07-12 19:22:13,197 INFO: Epoch: 355 | PSNR: 30.0858 | Loss: 5.5103 | lr: 2.50e-04 | Best_PSNR: 30.0859 in Epoch [347]
2022-07-12 19:23:00,095 INFO: Epoch: 356 | PSNR: 30.0858 | Loss: 5.5200 | lr: 2.50e-04 | Best_PSNR: 30.0859 in Epoch [347]
2022-07-12 19:23:47,188 INFO: Epoch: 357 | PSNR: 30.0862 | Loss: 5.5176 | lr: 2.50e-04 | Best_PSNR: 30.0862 in Epoch [357]
2022-07-12 19:24:34,371 INFO: Epoch: 358 | PSNR: 30.0862 | Loss: 5.5186 | lr: 2.50e-04 | Best_PSNR: 30.0862 in Epoch [358]
2022-07-12 19:25:19,469 INFO: Epoch: 359 | PSNR: 30.0858 | Loss: 5.5323 | lr: 2.50e-04 | Best_PSNR: 30.0862 in Epoch [358]
2022-07-12 19:26:05,493 INFO: Epoch: 360 | PSNR: 30.0862 | Loss: 5.5350 | lr: 2.50e-04 | Best_PSNR: 30.0862 in Epoch [358]
2022-07-12 19:26:53,351 INFO: Epoch: 361 | PSNR: 30.0867 | Loss: 5.5540 | lr: 1.25e-04 | Best_PSNR: 30.0867 in Epoch [361]
2022-07-12 19:27:40,992 INFO: Epoch: 362 | PSNR: 30.0868 | Loss: 5.5474 | lr: 1.25e-04 | Best_PSNR: 30.0868 in Epoch [362]
2022-07-12 19:28:29,489 INFO: Epoch: 363 | PSNR: 30.0869 | Loss: 5.4983 | lr: 1.25e-04 | Best_PSNR: 30.0869 in Epoch [363]
2022-07-12 19:29:16,410 INFO: Epoch: 364 | PSNR: 30.0871 | Loss: 5.5376 | lr: 1.25e-04 | Best_PSNR: 30.0871 in Epoch [364]
2022-07-12 19:30:01,780 INFO: Epoch: 365 | PSNR: 30.0870 | Loss: 5.5309 | lr: 1.25e-04 | Best_PSNR: 30.0871 in Epoch [364]
2022-07-12 19:30:48,145 INFO: Epoch: 366 | PSNR: 30.0875 | Loss: 5.5160 | lr: 1.25e-04 | Best_PSNR: 30.0875 in Epoch [366]
2022-07-12 19:31:32,986 INFO: Epoch: 367 | PSNR: 30.0873 | Loss: 5.5519 | lr: 1.25e-04 | Best_PSNR: 30.0875 in Epoch [366]
2022-07-12 19:32:20,124 INFO: Epoch: 368 | PSNR: 30.0878 | Loss: 5.5457 | lr: 1.25e-04 | Best_PSNR: 30.0878 in Epoch [368]
2022-07-12 19:33:07,811 INFO: Epoch: 369 | PSNR: 30.0877 | Loss: 5.5198 | lr: 1.25e-04 | Best_PSNR: 30.0878 in Epoch [368]
2022-07-12 19:33:54,505 INFO: Epoch: 370 | PSNR: 30.0878 | Loss: 5.5426 | lr: 1.25e-04 | Best_PSNR: 30.0878 in Epoch [368]
2022-07-12 19:34:42,151 INFO: Epoch: 371 | PSNR: 30.0875 | Loss: 5.5136 | lr: 1.25e-04 | Best_PSNR: 30.0878 in Epoch [368]
2022-07-12 19:35:28,801 INFO: Epoch: 372 | PSNR: 30.0874 | Loss: 5.5015 | lr: 1.25e-04 | Best_PSNR: 30.0878 in Epoch [368]
2022-07-12 19:36:16,335 INFO: Epoch: 373 | PSNR: 30.0877 | Loss: 5.5190 | lr: 1.25e-04 | Best_PSNR: 30.0878 in Epoch [368]
2022-07-12 19:37:01,942 INFO: Epoch: 374 | PSNR: 30.0878 | Loss: 5.5218 | lr: 1.25e-04 | Best_PSNR: 30.0878 in Epoch [368]
2022-07-12 19:37:49,557 INFO: Epoch: 375 | PSNR: 30.0876 | Loss: 5.5353 | lr: 1.25e-04 | Best_PSNR: 30.0878 in Epoch [368]
2022-07-12 19:38:35,053 INFO: Epoch: 376 | PSNR: 30.0878 | Loss: 5.5484 | lr: 1.25e-04 | Best_PSNR: 30.0878 in Epoch [368]
2022-07-12 19:39:22,321 INFO: Epoch: 377 | PSNR: 30.0881 | Loss: 5.5414 | lr: 1.25e-04 | Best_PSNR: 30.0881 in Epoch [377]
2022-07-12 19:40:08,616 INFO: Epoch: 378 | PSNR: 30.0881 | Loss: 5.4884 | lr: 1.25e-04 | Best_PSNR: 30.0881 in Epoch [377]
2022-07-12 19:40:55,821 INFO: Epoch: 379 | PSNR: 30.0880 | Loss: 5.5175 | lr: 1.25e-04 | Best_PSNR: 30.0881 in Epoch [377]
2022-07-12 19:41:42,361 INFO: Epoch: 380 | PSNR: 30.0884 | Loss: 5.5456 | lr: 1.25e-04 | Best_PSNR: 30.0884 in Epoch [380]
2022-07-12 19:42:29,585 INFO: Epoch: 381 | PSNR: 30.0884 | Loss: 5.4822 | lr: 1.25e-04 | Best_PSNR: 30.0884 in Epoch [380]
2022-07-12 19:43:17,355 INFO: Epoch: 382 | PSNR: 30.0884 | Loss: 5.5074 | lr: 1.25e-04 | Best_PSNR: 30.0884 in Epoch [380]
2022-07-12 19:44:04,011 INFO: Epoch: 383 | PSNR: 30.0882 | Loss: 5.5178 | lr: 1.25e-04 | Best_PSNR: 30.0884 in Epoch [380]
2022-07-12 19:44:50,926 INFO: Epoch: 384 | PSNR: 30.0882 | Loss: 5.5372 | lr: 1.25e-04 | Best_PSNR: 30.0884 in Epoch [380]
2022-07-12 19:45:36,844 INFO: Epoch: 385 | PSNR: 30.0883 | Loss: 5.5743 | lr: 1.25e-04 | Best_PSNR: 30.0884 in Epoch [380]
2022-07-12 19:46:23,095 INFO: Epoch: 386 | PSNR: 30.0881 | Loss: 5.5072 | lr: 1.25e-04 | Best_PSNR: 30.0884 in Epoch [380]
2022-07-12 19:47:09,136 INFO: Epoch: 387 | PSNR: 30.0886 | Loss: 5.5157 | lr: 1.25e-04 | Best_PSNR: 30.0886 in Epoch [387]
2022-07-12 19:47:56,618 INFO: Epoch: 388 | PSNR: 30.0887 | Loss: 5.5440 | lr: 1.25e-04 | Best_PSNR: 30.0887 in Epoch [388]
2022-07-12 19:48:44,451 INFO: Epoch: 389 | PSNR: 30.0888 | Loss: 5.5219 | lr: 1.25e-04 | Best_PSNR: 30.0888 in Epoch [389]
2022-07-12 19:49:32,171 INFO: Epoch: 390 | PSNR: 30.0886 | Loss: 5.5315 | lr: 1.25e-04 | Best_PSNR: 30.0888 in Epoch [389]
2022-07-12 19:50:19,736 INFO: Epoch: 391 | PSNR: 30.0883 | Loss: 5.5480 | lr: 1.25e-04 | Best_PSNR: 30.0888 in Epoch [389]
2022-07-12 19:51:05,492 INFO: Epoch: 392 | PSNR: 30.0886 | Loss: 5.5626 | lr: 1.25e-04 | Best_PSNR: 30.0888 in Epoch [389]
2022-07-12 19:51:53,014 INFO: Epoch: 393 | PSNR: 30.0886 | Loss: 5.5245 | lr: 1.25e-04 | Best_PSNR: 30.0888 in Epoch [389]
2022-07-12 19:52:39,991 INFO: Epoch: 394 | PSNR: 30.0884 | Loss: 5.5504 | lr: 1.25e-04 | Best_PSNR: 30.0888 in Epoch [389]
2022-07-12 19:53:28,311 INFO: Epoch: 395 | PSNR: 30.0890 | Loss: 5.5398 | lr: 1.25e-04 | Best_PSNR: 30.0890 in Epoch [395]
2022-07-12 19:54:16,295 INFO: Epoch: 396 | PSNR: 30.0885 | Loss: 5.5073 | lr: 1.25e-04 | Best_PSNR: 30.0890 in Epoch [395]
2022-07-12 19:55:03,266 INFO: Epoch: 397 | PSNR: 30.0888 | Loss: 5.5473 | lr: 1.25e-04 | Best_PSNR: 30.0890 in Epoch [395]
2022-07-12 19:55:49,054 INFO: Epoch: 398 | PSNR: 30.0888 | Loss: 5.5563 | lr: 1.25e-04 | Best_PSNR: 30.0890 in Epoch [395]
2022-07-12 19:56:35,991 INFO: Epoch: 399 | PSNR: 30.0891 | Loss: 5.5280 | lr: 1.25e-04 | Best_PSNR: 30.0891 in Epoch [399]
2022-07-12 19:57:22,579 INFO: Epoch: 400 | PSNR: 30.0890 | Loss: 5.5209 | lr: 1.25e-04 | Best_PSNR: 30.0891 in Epoch [399]
2022-07-12 19:58:07,970 INFO: Epoch: 401 | PSNR: 30.0887 | Loss: 5.5318 | lr: 1.25e-04 | Best_PSNR: 30.0891 in Epoch [399]
2022-07-12 19:58:56,100 INFO: Epoch: 402 | PSNR: 30.0892 | Loss: 5.5220 | lr: 1.25e-04 | Best_PSNR: 30.0892 in Epoch [402]
2022-07-12 19:59:43,084 INFO: Epoch: 403 | PSNR: 30.0897 | Loss: 5.4825 | lr: 1.25e-04 | Best_PSNR: 30.0897 in Epoch [403]
2022-07-12 20:00:29,564 INFO: Epoch: 404 | PSNR: 30.0896 | Loss: 5.5068 | lr: 1.25e-04 | Best_PSNR: 30.0897 in Epoch [403]
2022-07-12 20:01:17,307 INFO: Epoch: 405 | PSNR: 30.0891 | Loss: 5.5035 | lr: 1.25e-04 | Best_PSNR: 30.0897 in Epoch [403]
2022-07-12 20:02:03,850 INFO: Epoch: 406 | PSNR: 30.0894 | Loss: 5.5248 | lr: 1.25e-04 | Best_PSNR: 30.0897 in Epoch [403]
2022-07-12 20:02:51,205 INFO: Epoch: 407 | PSNR: 30.0888 | Loss: 5.5341 | lr: 1.25e-04 | Best_PSNR: 30.0897 in Epoch [403]
2022-07-12 20:03:37,225 INFO: Epoch: 408 | PSNR: 30.0889 | Loss: 5.5239 | lr: 1.25e-04 | Best_PSNR: 30.0897 in Epoch [403]
2022-07-12 20:04:24,487 INFO: Epoch: 409 | PSNR: 30.0894 | Loss: 5.5001 | lr: 1.25e-04 | Best_PSNR: 30.0897 in Epoch [403]
2022-07-12 20:05:12,424 INFO: Epoch: 410 | PSNR: 30.0895 | Loss: 5.5323 | lr: 1.25e-04 | Best_PSNR: 30.0897 in Epoch [403]
2022-07-12 20:06:00,499 INFO: Epoch: 411 | PSNR: 30.0899 | Loss: 5.5113 | lr: 1.25e-04 | Best_PSNR: 30.0899 in Epoch [411]
2022-07-12 20:06:46,807 INFO: Epoch: 412 | PSNR: 30.0898 | Loss: 5.4922 | lr: 1.25e-04 | Best_PSNR: 30.0899 in Epoch [411]
2022-07-12 20:07:33,222 INFO: Epoch: 413 | PSNR: 30.0893 | Loss: 5.4822 | lr: 1.25e-04 | Best_PSNR: 30.0899 in Epoch [411]
2022-07-12 20:08:19,790 INFO: Epoch: 414 | PSNR: 30.0894 | Loss: 5.5330 | lr: 1.25e-04 | Best_PSNR: 30.0899 in Epoch [411]
2022-07-12 20:09:06,805 INFO: Epoch: 415 | PSNR: 30.0894 | Loss: 5.5078 | lr: 1.25e-04 | Best_PSNR: 30.0899 in Epoch [411]
2022-07-12 20:09:53,659 INFO: Epoch: 416 | PSNR: 30.0895 | Loss: 5.4950 | lr: 1.25e-04 | Best_PSNR: 30.0899 in Epoch [411]
2022-07-12 20:10:40,273 INFO: Epoch: 417 | PSNR: 30.0892 | Loss: 5.5335 | lr: 1.25e-04 | Best_PSNR: 30.0899 in Epoch [411]
2022-07-12 20:11:26,481 INFO: Epoch: 418 | PSNR: 30.0895 | Loss: 5.5121 | lr: 1.25e-04 | Best_PSNR: 30.0899 in Epoch [411]
2022-07-12 20:12:13,028 INFO: Epoch: 419 | PSNR: 30.0893 | Loss: 5.5464 | lr: 1.25e-04 | Best_PSNR: 30.0899 in Epoch [411]
2022-07-12 20:12:59,646 INFO: Epoch: 420 | PSNR: 30.0898 | Loss: 5.5309 | lr: 1.25e-04 | Best_PSNR: 30.0899 in Epoch [411]
2022-07-12 20:13:46,481 INFO: Epoch: 421 | PSNR: 30.0901 | Loss: 5.5248 | lr: 1.25e-04 | Best_PSNR: 30.0901 in Epoch [421]
2022-07-12 20:14:34,665 INFO: Epoch: 422 | PSNR: 30.0901 | Loss: 5.5049 | lr: 1.25e-04 | Best_PSNR: 30.0901 in Epoch [422]
2022-07-12 20:15:21,518 INFO: Epoch: 423 | PSNR: 30.0903 | Loss: 5.4946 | lr: 1.25e-04 | Best_PSNR: 30.0903 in Epoch [423]
2022-07-12 20:16:08,643 INFO: Epoch: 424 | PSNR: 30.0904 | Loss: 5.5274 | lr: 1.25e-04 | Best_PSNR: 30.0904 in Epoch [424]
2022-07-12 20:16:55,568 INFO: Epoch: 425 | PSNR: 30.0902 | Loss: 5.5199 | lr: 1.25e-04 | Best_PSNR: 30.0904 in Epoch [424]
2022-07-12 20:17:42,372 INFO: Epoch: 426 | PSNR: 30.0898 | Loss: 5.5079 | lr: 1.25e-04 | Best_PSNR: 30.0904 in Epoch [424]
2022-07-12 20:18:29,309 INFO: Epoch: 427 | PSNR: 30.0898 | Loss: 5.5368 | lr: 1.25e-04 | Best_PSNR: 30.0904 in Epoch [424]
2022-07-12 20:19:16,296 INFO: Epoch: 428 | PSNR: 30.0898 | Loss: 5.5273 | lr: 1.25e-04 | Best_PSNR: 30.0904 in Epoch [424]
2022-07-12 20:20:03,349 INFO: Epoch: 429 | PSNR: 30.0903 | Loss: 5.5366 | lr: 1.25e-04 | Best_PSNR: 30.0904 in Epoch [424]
2022-07-12 20:20:50,513 INFO: Epoch: 430 | PSNR: 30.0903 | Loss: 5.5156 | lr: 1.25e-04 | Best_PSNR: 30.0904 in Epoch [424]
2022-07-12 20:21:35,774 INFO: Epoch: 431 | PSNR: 30.0900 | Loss: 5.5131 | lr: 1.25e-04 | Best_PSNR: 30.0904 in Epoch [424]
2022-07-12 20:22:22,663 INFO: Epoch: 432 | PSNR: 30.0903 | Loss: 5.5060 | lr: 1.25e-04 | Best_PSNR: 30.0904 in Epoch [424]
2022-07-12 20:23:06,528 INFO: Epoch: 433 | PSNR: 30.0901 | Loss: 5.5460 | lr: 1.25e-04 | Best_PSNR: 30.0904 in Epoch [424]
2022-07-12 20:23:51,975 INFO: Epoch: 434 | PSNR: 30.0902 | Loss: 5.5223 | lr: 1.25e-04 | Best_PSNR: 30.0904 in Epoch [424]
2022-07-12 20:24:38,202 INFO: Epoch: 435 | PSNR: 30.0904 | Loss: 5.5448 | lr: 1.25e-04 | Best_PSNR: 30.0904 in Epoch [424]
2022-07-12 20:25:24,727 INFO: Epoch: 436 | PSNR: 30.0910 | Loss: 5.5140 | lr: 1.25e-04 | Best_PSNR: 30.0910 in Epoch [436]
2022-07-12 20:26:09,259 INFO: Epoch: 437 | PSNR: 30.0908 | Loss: 5.5093 | lr: 1.25e-04 | Best_PSNR: 30.0910 in Epoch [436]
2022-07-12 20:26:54,265 INFO: Epoch: 438 | PSNR: 30.0905 | Loss: 5.5506 | lr: 1.25e-04 | Best_PSNR: 30.0910 in Epoch [436]
2022-07-12 20:27:40,240 INFO: Epoch: 439 | PSNR: 30.0906 | Loss: 5.4941 | lr: 1.25e-04 | Best_PSNR: 30.0910 in Epoch [436]
2022-07-12 20:28:27,376 INFO: Epoch: 440 | PSNR: 30.0910 | Loss: 5.5189 | lr: 1.25e-04 | Best_PSNR: 30.0910 in Epoch [436]
2022-07-12 20:29:14,599 INFO: Epoch: 441 | PSNR: 30.0910 | Loss: 5.5205 | lr: 1.25e-04 | Best_PSNR: 30.0910 in Epoch [436]
2022-07-12 20:30:01,771 INFO: Epoch: 442 | PSNR: 30.0910 | Loss: 5.4960 | lr: 1.25e-04 | Best_PSNR: 30.0910 in Epoch [442]
2022-07-12 20:30:50,019 INFO: Epoch: 443 | PSNR: 30.0911 | Loss: 5.5215 | lr: 1.25e-04 | Best_PSNR: 30.0911 in Epoch [443]
2022-07-12 20:31:37,148 INFO: Epoch: 444 | PSNR: 30.0910 | Loss: 5.5412 | lr: 1.25e-04 | Best_PSNR: 30.0911 in Epoch [443]
2022-07-12 20:32:24,543 INFO: Epoch: 445 | PSNR: 30.0913 | Loss: 5.5054 | lr: 1.25e-04 | Best_PSNR: 30.0913 in Epoch [445]
2022-07-12 20:33:11,723 INFO: Epoch: 446 | PSNR: 30.0907 | Loss: 5.5034 | lr: 1.25e-04 | Best_PSNR: 30.0913 in Epoch [445]
2022-07-12 20:34:03,363 INFO: Epoch: 447 | PSNR: 30.0908 | Loss: 5.5065 | lr: 1.25e-04 | Best_PSNR: 30.0913 in Epoch [445]
2022-07-12 20:34:48,260 INFO: Epoch: 448 | PSNR: 30.0910 | Loss: 5.5483 | lr: 1.25e-04 | Best_PSNR: 30.0913 in Epoch [445]
2022-07-12 20:35:32,104 INFO: Epoch: 449 | PSNR: 30.0911 | Loss: 5.4908 | lr: 1.25e-04 | Best_PSNR: 30.0913 in Epoch [445]
2022-07-12 20:36:16,495 INFO: Epoch: 450 | PSNR: 30.0915 | Loss: 5.5162 | lr: 1.25e-04 | Best_PSNR: 30.0915 in Epoch [450]
2022-07-12 20:37:00,898 INFO: Epoch: 451 | PSNR: 30.0913 | Loss: 5.4839 | lr: 1.25e-04 | Best_PSNR: 30.0915 in Epoch [450]
2022-07-12 20:37:46,690 INFO: Epoch: 452 | PSNR: 30.0912 | Loss: 5.5381 | lr: 1.25e-04 | Best_PSNR: 30.0915 in Epoch [450]
2022-07-12 20:38:32,798 INFO: Epoch: 453 | PSNR: 30.0913 | Loss: 5.5150 | lr: 1.25e-04 | Best_PSNR: 30.0915 in Epoch [450]
2022-07-12 20:39:20,759 INFO: Epoch: 454 | PSNR: 30.0917 | Loss: 5.5574 | lr: 1.25e-04 | Best_PSNR: 30.0917 in Epoch [454]
2022-07-12 20:40:07,787 INFO: Epoch: 455 | PSNR: 30.0917 | Loss: 5.5163 | lr: 1.25e-04 | Best_PSNR: 30.0917 in Epoch [455]
2022-07-12 20:40:51,310 INFO: Epoch: 456 | PSNR: 30.0916 | Loss: 5.5070 | lr: 1.25e-04 | Best_PSNR: 30.0917 in Epoch [455]
2022-07-12 20:41:35,867 INFO: Epoch: 457 | PSNR: 30.0920 | Loss: 5.5273 | lr: 1.25e-04 | Best_PSNR: 30.0920 in Epoch [457]
2022-07-12 20:42:20,326 INFO: Epoch: 458 | PSNR: 30.0918 | Loss: 5.5327 | lr: 1.25e-04 | Best_PSNR: 30.0920 in Epoch [457]
2022-07-12 20:43:05,734 INFO: Epoch: 459 | PSNR: 30.0916 | Loss: 5.5230 | lr: 1.25e-04 | Best_PSNR: 30.0920 in Epoch [457]
2022-07-12 20:43:53,124 INFO: Epoch: 460 | PSNR: 30.0916 | Loss: 5.4793 | lr: 1.25e-04 | Best_PSNR: 30.0920 in Epoch [457]
2022-07-12 20:44:38,805 INFO: Epoch: 461 | PSNR: 30.0913 | Loss: 5.4992 | lr: 1.25e-04 | Best_PSNR: 30.0920 in Epoch [457]
2022-07-12 20:45:26,022 INFO: Epoch: 462 | PSNR: 30.0919 | Loss: 5.4895 | lr: 1.25e-04 | Best_PSNR: 30.0920 in Epoch [457]
2022-07-12 20:46:13,827 INFO: Epoch: 463 | PSNR: 30.0918 | Loss: 5.5365 | lr: 1.25e-04 | Best_PSNR: 30.0920 in Epoch [457]
2022-07-12 20:47:01,624 INFO: Epoch: 464 | PSNR: 30.0921 | Loss: 5.5503 | lr: 1.25e-04 | Best_PSNR: 30.0921 in Epoch [464]
2022-07-12 20:47:48,782 INFO: Epoch: 465 | PSNR: 30.0921 | Loss: 5.5015 | lr: 1.25e-04 | Best_PSNR: 30.0921 in Epoch [464]
2022-07-12 20:48:35,698 INFO: Epoch: 466 | PSNR: 30.0916 | Loss: 5.4843 | lr: 1.25e-04 | Best_PSNR: 30.0921 in Epoch [464]
2022-07-12 20:49:24,494 INFO: Epoch: 467 | PSNR: 30.0920 | Loss: 5.5338 | lr: 1.25e-04 | Best_PSNR: 30.0921 in Epoch [464]
2022-07-12 20:50:10,068 INFO: Epoch: 468 | PSNR: 30.0921 | Loss: 5.5205 | lr: 1.25e-04 | Best_PSNR: 30.0921 in Epoch [464]
2022-07-12 20:50:55,789 INFO: Epoch: 469 | PSNR: 30.0917 | Loss: 5.5285 | lr: 1.25e-04 | Best_PSNR: 30.0921 in Epoch [464]
2022-07-12 20:51:42,091 INFO: Epoch: 470 | PSNR: 30.0920 | Loss: 5.5252 | lr: 1.25e-04 | Best_PSNR: 30.0921 in Epoch [464]
2022-07-12 20:52:29,948 INFO: Epoch: 471 | PSNR: 30.0924 | Loss: 5.4903 | lr: 1.25e-04 | Best_PSNR: 30.0924 in Epoch [471]
2022-07-12 20:53:17,201 INFO: Epoch: 472 | PSNR: 30.0922 | Loss: 5.5262 | lr: 1.25e-04 | Best_PSNR: 30.0924 in Epoch [471]
2022-07-12 20:54:02,919 INFO: Epoch: 473 | PSNR: 30.0921 | Loss: 5.5120 | lr: 1.25e-04 | Best_PSNR: 30.0924 in Epoch [471]
2022-07-12 20:54:48,535 INFO: Epoch: 474 | PSNR: 30.0919 | Loss: 5.5332 | lr: 1.25e-04 | Best_PSNR: 30.0924 in Epoch [471]
2022-07-12 20:55:33,657 INFO: Epoch: 475 | PSNR: 30.0921 | Loss: 5.5168 | lr: 1.25e-04 | Best_PSNR: 30.0924 in Epoch [471]
2022-07-12 20:56:19,219 INFO: Epoch: 476 | PSNR: 30.0921 | Loss: 5.5154 | lr: 1.25e-04 | Best_PSNR: 30.0924 in Epoch [471]
2022-07-12 20:57:08,052 INFO: Epoch: 477 | PSNR: 30.0921 | Loss: 5.5191 | lr: 1.25e-04 | Best_PSNR: 30.0924 in Epoch [471]
2022-07-12 20:57:54,803 INFO: Epoch: 478 | PSNR: 30.0924 | Loss: 5.5224 | lr: 1.25e-04 | Best_PSNR: 30.0924 in Epoch [478]
2022-07-12 20:58:40,801 INFO: Epoch: 479 | PSNR: 30.0925 | Loss: 5.5341 | lr: 1.25e-04 | Best_PSNR: 30.0925 in Epoch [479]
2022-07-12 20:59:28,413 INFO: Epoch: 480 | PSNR: 30.0925 | Loss: 5.5090 | lr: 1.25e-04 | Best_PSNR: 30.0925 in Epoch [479]
2022-07-12 21:00:15,429 INFO: Epoch: 481 | PSNR: 30.0922 | Loss: 5.5049 | lr: 6.25e-05 | Best_PSNR: 30.0925 in Epoch [479]
2022-07-12 21:01:03,013 INFO: Epoch: 482 | PSNR: 30.0925 | Loss: 5.5317 | lr: 6.25e-05 | Best_PSNR: 30.0925 in Epoch [479]
2022-07-12 21:01:50,993 INFO: Epoch: 483 | PSNR: 30.0926 | Loss: 5.5238 | lr: 6.25e-05 | Best_PSNR: 30.0926 in Epoch [483]
2022-07-12 21:02:39,639 INFO: Epoch: 484 | PSNR: 30.0927 | Loss: 5.5114 | lr: 6.25e-05 | Best_PSNR: 30.0927 in Epoch [484]
2022-07-12 21:03:26,385 INFO: Epoch: 485 | PSNR: 30.0925 | Loss: 5.5306 | lr: 6.25e-05 | Best_PSNR: 30.0927 in Epoch [484]
2022-07-12 21:04:14,082 INFO: Epoch: 486 | PSNR: 30.0925 | Loss: 5.5335 | lr: 6.25e-05 | Best_PSNR: 30.0927 in Epoch [484]
2022-07-12 21:05:01,148 INFO: Epoch: 487 | PSNR: 30.0929 | Loss: 5.5341 | lr: 6.25e-05 | Best_PSNR: 30.0929 in Epoch [487]
2022-07-12 21:05:49,423 INFO: Epoch: 488 | PSNR: 30.0931 | Loss: 5.5135 | lr: 6.25e-05 | Best_PSNR: 30.0931 in Epoch [488]
2022-07-12 21:06:36,397 INFO: Epoch: 489 | PSNR: 30.0933 | Loss: 5.5096 | lr: 6.25e-05 | Best_PSNR: 30.0933 in Epoch [489]
2022-07-12 21:07:22,822 INFO: Epoch: 490 | PSNR: 30.0930 | Loss: 5.5242 | lr: 6.25e-05 | Best_PSNR: 30.0933 in Epoch [489]
2022-07-12 21:08:10,183 INFO: Epoch: 491 | PSNR: 30.0929 | Loss: 5.5179 | lr: 6.25e-05 | Best_PSNR: 30.0933 in Epoch [489]
2022-07-12 21:08:58,451 INFO: Epoch: 492 | PSNR: 30.0929 | Loss: 5.5401 | lr: 6.25e-05 | Best_PSNR: 30.0933 in Epoch [489]
2022-07-12 21:09:46,947 INFO: Epoch: 493 | PSNR: 30.0930 | Loss: 5.5193 | lr: 6.25e-05 | Best_PSNR: 30.0933 in Epoch [489]
2022-07-12 21:10:33,180 INFO: Epoch: 494 | PSNR: 30.0928 | Loss: 5.5371 | lr: 6.25e-05 | Best_PSNR: 30.0933 in Epoch [489]
2022-07-12 21:11:20,718 INFO: Epoch: 495 | PSNR: 30.0929 | Loss: 5.5063 | lr: 6.25e-05 | Best_PSNR: 30.0933 in Epoch [489]
2022-07-12 21:12:08,108 INFO: Epoch: 496 | PSNR: 30.0929 | Loss: 5.5396 | lr: 6.25e-05 | Best_PSNR: 30.0933 in Epoch [489]
2022-07-12 21:12:54,388 INFO: Epoch: 497 | PSNR: 30.0930 | Loss: 5.5259 | lr: 6.25e-05 | Best_PSNR: 30.0933 in Epoch [489]
2022-07-12 21:13:41,596 INFO: Epoch: 498 | PSNR: 30.0930 | Loss: 5.5365 | lr: 6.25e-05 | Best_PSNR: 30.0933 in Epoch [489]
2022-07-12 21:14:28,459 INFO: Epoch: 499 | PSNR: 30.0930 | Loss: 5.5317 | lr: 6.25e-05 | Best_PSNR: 30.0933 in Epoch [489]
2022-07-12 21:15:16,569 INFO: Epoch: 500 | PSNR: 30.0935 | Loss: 5.4893 | lr: 6.25e-05 | Best_PSNR: 30.0935 in Epoch [500]
2022-07-12 21:16:03,628 INFO: Epoch: 501 | PSNR: 30.0934 | Loss: 5.5467 | lr: 6.25e-05 | Best_PSNR: 30.0935 in Epoch [500]
2022-07-12 21:16:51,448 INFO: Epoch: 502 | PSNR: 30.0935 | Loss: 5.5431 | lr: 6.25e-05 | Best_PSNR: 30.0935 in Epoch [502]
2022-07-12 21:17:38,852 INFO: Epoch: 503 | PSNR: 30.0934 | Loss: 5.4926 | lr: 6.25e-05 | Best_PSNR: 30.0935 in Epoch [502]
2022-07-12 21:18:25,361 INFO: Epoch: 504 | PSNR: 30.0933 | Loss: 5.4850 | lr: 6.25e-05 | Best_PSNR: 30.0935 in Epoch [502]
2022-07-12 21:19:12,363 INFO: Epoch: 505 | PSNR: 30.0932 | Loss: 5.5377 | lr: 6.25e-05 | Best_PSNR: 30.0935 in Epoch [502]
2022-07-12 21:19:58,393 INFO: Epoch: 506 | PSNR: 30.0932 | Loss: 5.5060 | lr: 6.25e-05 | Best_PSNR: 30.0935 in Epoch [502]
2022-07-12 21:20:44,767 INFO: Epoch: 507 | PSNR: 30.0933 | Loss: 5.5163 | lr: 6.25e-05 | Best_PSNR: 30.0935 in Epoch [502]
2022-07-12 21:21:32,227 INFO: Epoch: 508 | PSNR: 30.0933 | Loss: 5.5050 | lr: 6.25e-05 | Best_PSNR: 30.0935 in Epoch [502]
2022-07-12 21:22:19,417 INFO: Epoch: 509 | PSNR: 30.0934 | Loss: 5.5031 | lr: 6.25e-05 | Best_PSNR: 30.0935 in Epoch [502]
2022-07-12 21:23:06,992 INFO: Epoch: 510 | PSNR: 30.0933 | Loss: 5.5244 | lr: 6.25e-05 | Best_PSNR: 30.0935 in Epoch [502]
2022-07-12 21:23:52,446 INFO: Epoch: 511 | PSNR: 30.0932 | Loss: 5.5254 | lr: 6.25e-05 | Best_PSNR: 30.0935 in Epoch [502]
2022-07-12 21:24:38,980 INFO: Epoch: 512 | PSNR: 30.0934 | Loss: 5.4942 | lr: 6.25e-05 | Best_PSNR: 30.0935 in Epoch [502]
2022-07-12 21:25:26,136 INFO: Epoch: 513 | PSNR: 30.0938 | Loss: 5.5235 | lr: 6.25e-05 | Best_PSNR: 30.0938 in Epoch [513]
2022-07-12 21:26:12,031 INFO: Epoch: 514 | PSNR: 30.0933 | Loss: 5.5374 | lr: 6.25e-05 | Best_PSNR: 30.0938 in Epoch [513]
2022-07-12 21:26:57,484 INFO: Epoch: 515 | PSNR: 30.0933 | Loss: 5.5255 | lr: 6.25e-05 | Best_PSNR: 30.0938 in Epoch [513]
2022-07-12 21:27:42,674 INFO: Epoch: 516 | PSNR: 30.0933 | Loss: 5.5545 | lr: 6.25e-05 | Best_PSNR: 30.0938 in Epoch [513]
2022-07-12 21:28:28,689 INFO: Epoch: 517 | PSNR: 30.0937 | Loss: 5.5474 | lr: 6.25e-05 | Best_PSNR: 30.0938 in Epoch [513]
2022-07-12 21:29:15,646 INFO: Epoch: 518 | PSNR: 30.0937 | Loss: 5.5470 | lr: 6.25e-05 | Best_PSNR: 30.0938 in Epoch [513]
2022-07-12 21:30:03,204 INFO: Epoch: 519 | PSNR: 30.0941 | Loss: 5.5206 | lr: 6.25e-05 | Best_PSNR: 30.0941 in Epoch [519]
2022-07-12 21:30:49,990 INFO: Epoch: 520 | PSNR: 30.0940 | Loss: 5.4986 | lr: 6.25e-05 | Best_PSNR: 30.0941 in Epoch [519]
2022-07-12 21:31:36,517 INFO: Epoch: 521 | PSNR: 30.0934 | Loss: 5.5208 | lr: 6.25e-05 | Best_PSNR: 30.0941 in Epoch [519]
2022-07-12 21:32:23,486 INFO: Epoch: 522 | PSNR: 30.0937 | Loss: 5.4712 | lr: 6.25e-05 | Best_PSNR: 30.0941 in Epoch [519]
2022-07-12 21:33:09,863 INFO: Epoch: 523 | PSNR: 30.0939 | Loss: 5.5176 | lr: 6.25e-05 | Best_PSNR: 30.0941 in Epoch [519]
2022-07-12 21:33:56,011 INFO: Epoch: 524 | PSNR: 30.0936 | Loss: 5.5043 | lr: 6.25e-05 | Best_PSNR: 30.0941 in Epoch [519]
2022-07-12 21:34:42,274 INFO: Epoch: 525 | PSNR: 30.0938 | Loss: 5.5528 | lr: 6.25e-05 | Best_PSNR: 30.0941 in Epoch [519]
2022-07-12 21:35:29,502 INFO: Epoch: 526 | PSNR: 30.0942 | Loss: 5.5180 | lr: 6.25e-05 | Best_PSNR: 30.0942 in Epoch [526]
2022-07-12 21:36:16,190 INFO: Epoch: 527 | PSNR: 30.0936 | Loss: 5.5363 | lr: 6.25e-05 | Best_PSNR: 30.0942 in Epoch [526]
2022-07-12 21:37:03,828 INFO: Epoch: 528 | PSNR: 30.0938 | Loss: 5.5212 | lr: 6.25e-05 | Best_PSNR: 30.0942 in Epoch [526]
2022-07-12 21:37:50,209 INFO: Epoch: 529 | PSNR: 30.0937 | Loss: 5.5122 | lr: 6.25e-05 | Best_PSNR: 30.0942 in Epoch [526]
2022-07-12 21:38:35,578 INFO: Epoch: 530 | PSNR: 30.0941 | Loss: 5.5272 | lr: 6.25e-05 | Best_PSNR: 30.0942 in Epoch [526]
2022-07-12 21:39:22,201 INFO: Epoch: 531 | PSNR: 30.0938 | Loss: 5.5320 | lr: 6.25e-05 | Best_PSNR: 30.0942 in Epoch [526]
2022-07-12 21:40:09,746 INFO: Epoch: 532 | PSNR: 30.0937 | Loss: 5.4982 | lr: 6.25e-05 | Best_PSNR: 30.0942 in Epoch [526]
2022-07-12 21:40:56,351 INFO: Epoch: 533 | PSNR: 30.0938 | Loss: 5.5115 | lr: 6.25e-05 | Best_PSNR: 30.0942 in Epoch [526]
2022-07-12 21:41:41,814 INFO: Epoch: 534 | PSNR: 30.0939 | Loss: 5.4676 | lr: 6.25e-05 | Best_PSNR: 30.0942 in Epoch [526]
2022-07-12 21:42:29,056 INFO: Epoch: 535 | PSNR: 30.0943 | Loss: 5.4936 | lr: 6.25e-05 | Best_PSNR: 30.0943 in Epoch [535]
2022-07-12 21:43:15,253 INFO: Epoch: 536 | PSNR: 30.0940 | Loss: 5.5108 | lr: 6.25e-05 | Best_PSNR: 30.0943 in Epoch [535]
2022-07-12 21:44:00,597 INFO: Epoch: 537 | PSNR: 30.0941 | Loss: 5.5149 | lr: 6.25e-05 | Best_PSNR: 30.0943 in Epoch [535]
2022-07-12 21:44:48,190 INFO: Epoch: 538 | PSNR: 30.0941 | Loss: 5.5004 | lr: 6.25e-05 | Best_PSNR: 30.0943 in Epoch [535]
2022-07-12 21:45:35,486 INFO: Epoch: 539 | PSNR: 30.0939 | Loss: 5.5296 | lr: 6.25e-05 | Best_PSNR: 30.0943 in Epoch [535]
2022-07-12 21:46:22,629 INFO: Epoch: 540 | PSNR: 30.0938 | Loss: 5.5390 | lr: 6.25e-05 | Best_PSNR: 30.0943 in Epoch [535]
2022-07-12 21:47:12,560 INFO: Epoch: 541 | PSNR: 30.0940 | Loss: 5.5152 | lr: 6.25e-05 | Best_PSNR: 30.0943 in Epoch [535]
2022-07-12 21:47:59,631 INFO: Epoch: 542 | PSNR: 30.0939 | Loss: 5.5203 | lr: 6.25e-05 | Best_PSNR: 30.0943 in Epoch [535]
2022-07-12 21:48:46,638 INFO: Epoch: 543 | PSNR: 30.0938 | Loss: 5.5261 | lr: 6.25e-05 | Best_PSNR: 30.0943 in Epoch [535]
2022-07-12 21:49:33,266 INFO: Epoch: 544 | PSNR: 30.0942 | Loss: 5.4937 | lr: 6.25e-05 | Best_PSNR: 30.0943 in Epoch [535]
2022-07-12 21:50:21,102 INFO: Epoch: 545 | PSNR: 30.0936 | Loss: 5.5403 | lr: 6.25e-05 | Best_PSNR: 30.0943 in Epoch [535]
2022-07-12 21:51:08,279 INFO: Epoch: 546 | PSNR: 30.0937 | Loss: 5.5126 | lr: 6.25e-05 | Best_PSNR: 30.0943 in Epoch [535]
2022-07-12 21:51:56,110 INFO: Epoch: 547 | PSNR: 30.0941 | Loss: 5.4692 | lr: 6.25e-05 | Best_PSNR: 30.0943 in Epoch [535]
2022-07-12 21:52:45,041 INFO: Epoch: 548 | PSNR: 30.0944 | Loss: 5.5281 | lr: 6.25e-05 | Best_PSNR: 30.0944 in Epoch [548]
2022-07-12 21:53:31,941 INFO: Epoch: 549 | PSNR: 30.0944 | Loss: 5.5090 | lr: 6.25e-05 | Best_PSNR: 30.0944 in Epoch [549]
2022-07-12 21:54:18,473 INFO: Epoch: 550 | PSNR: 30.0941 | Loss: 5.5088 | lr: 6.25e-05 | Best_PSNR: 30.0944 in Epoch [549]
2022-07-12 21:55:05,894 INFO: Epoch: 551 | PSNR: 30.0944 | Loss: 5.5053 | lr: 6.25e-05 | Best_PSNR: 30.0944 in Epoch [549]
2022-07-12 21:55:51,612 INFO: Epoch: 552 | PSNR: 30.0945 | Loss: 5.4806 | lr: 6.25e-05 | Best_PSNR: 30.0945 in Epoch [552]
2022-07-12 21:56:37,106 INFO: Epoch: 553 | PSNR: 30.0944 | Loss: 5.5243 | lr: 6.25e-05 | Best_PSNR: 30.0945 in Epoch [552]
2022-07-12 21:57:24,427 INFO: Epoch: 554 | PSNR: 30.0946 | Loss: 5.4874 | lr: 6.25e-05 | Best_PSNR: 30.0946 in Epoch [554]
2022-07-12 21:58:11,803 INFO: Epoch: 555 | PSNR: 30.0947 | Loss: 5.4606 | lr: 6.25e-05 | Best_PSNR: 30.0947 in Epoch [555]
2022-07-12 21:58:59,237 INFO: Epoch: 556 | PSNR: 30.0946 | Loss: 5.5036 | lr: 6.25e-05 | Best_PSNR: 30.0947 in Epoch [555]
2022-07-12 21:59:45,664 INFO: Epoch: 557 | PSNR: 30.0944 | Loss: 5.4933 | lr: 6.25e-05 | Best_PSNR: 30.0947 in Epoch [555]
2022-07-12 22:00:33,131 INFO: Epoch: 558 | PSNR: 30.0941 | Loss: 5.5287 | lr: 6.25e-05 | Best_PSNR: 30.0947 in Epoch [555]
2022-07-12 22:01:20,771 INFO: Epoch: 559 | PSNR: 30.0941 | Loss: 5.5526 | lr: 6.25e-05 | Best_PSNR: 30.0947 in Epoch [555]
2022-07-12 22:02:06,384 INFO: Epoch: 560 | PSNR: 30.0941 | Loss: 5.5533 | lr: 6.25e-05 | Best_PSNR: 30.0947 in Epoch [555]
2022-07-12 22:02:52,833 INFO: Epoch: 561 | PSNR: 30.0940 | Loss: 5.5351 | lr: 6.25e-05 | Best_PSNR: 30.0947 in Epoch [555]
2022-07-12 22:03:39,555 INFO: Epoch: 562 | PSNR: 30.0943 | Loss: 5.5442 | lr: 6.25e-05 | Best_PSNR: 30.0947 in Epoch [555]
2022-07-12 22:04:26,588 INFO: Epoch: 563 | PSNR: 30.0949 | Loss: 5.5229 | lr: 6.25e-05 | Best_PSNR: 30.0949 in Epoch [563]
2022-07-12 22:05:13,380 INFO: Epoch: 564 | PSNR: 30.0944 | Loss: 5.5512 | lr: 6.25e-05 | Best_PSNR: 30.0949 in Epoch [563]
2022-07-12 22:06:00,304 INFO: Epoch: 565 | PSNR: 30.0947 | Loss: 5.5005 | lr: 6.25e-05 | Best_PSNR: 30.0949 in Epoch [563]
2022-07-12 22:06:46,523 INFO: Epoch: 566 | PSNR: 30.0945 | Loss: 5.5340 | lr: 6.25e-05 | Best_PSNR: 30.0949 in Epoch [563]
2022-07-12 22:07:34,287 INFO: Epoch: 567 | PSNR: 30.0945 | Loss: 5.4964 | lr: 6.25e-05 | Best_PSNR: 30.0949 in Epoch [563]
2022-07-12 22:08:21,205 INFO: Epoch: 568 | PSNR: 30.0947 | Loss: 5.5016 | lr: 6.25e-05 | Best_PSNR: 30.0949 in Epoch [563]
2022-07-12 22:09:07,976 INFO: Epoch: 569 | PSNR: 30.0947 | Loss: 5.5091 | lr: 6.25e-05 | Best_PSNR: 30.0949 in Epoch [563]
2022-07-12 22:09:54,913 INFO: Epoch: 570 | PSNR: 30.0947 | Loss: 5.5263 | lr: 6.25e-05 | Best_PSNR: 30.0949 in Epoch [563]
2022-07-12 22:10:41,208 INFO: Epoch: 571 | PSNR: 30.0943 | Loss: 5.5064 | lr: 6.25e-05 | Best_PSNR: 30.0949 in Epoch [563]
2022-07-12 22:11:28,938 INFO: Epoch: 572 | PSNR: 30.0945 | Loss: 5.5102 | lr: 6.25e-05 | Best_PSNR: 30.0949 in Epoch [563]
2022-07-12 22:12:14,806 INFO: Epoch: 573 | PSNR: 30.0949 | Loss: 5.4793 | lr: 6.25e-05 | Best_PSNR: 30.0949 in Epoch [563]
2022-07-12 22:13:02,167 INFO: Epoch: 574 | PSNR: 30.0948 | Loss: 5.5129 | lr: 6.25e-05 | Best_PSNR: 30.0949 in Epoch [563]
2022-07-12 22:13:49,143 INFO: Epoch: 575 | PSNR: 30.0947 | Loss: 5.4925 | lr: 6.25e-05 | Best_PSNR: 30.0949 in Epoch [563]
2022-07-12 22:14:34,179 INFO: Epoch: 576 | PSNR: 30.0945 | Loss: 5.5264 | lr: 6.25e-05 | Best_PSNR: 30.0949 in Epoch [563]
2022-07-12 22:15:19,486 INFO: Epoch: 577 | PSNR: 30.0943 | Loss: 5.5017 | lr: 6.25e-05 | Best_PSNR: 30.0949 in Epoch [563]
2022-07-12 22:16:04,344 INFO: Epoch: 578 | PSNR: 30.0945 | Loss: 5.5544 | lr: 6.25e-05 | Best_PSNR: 30.0949 in Epoch [563]
2022-07-12 22:16:49,997 INFO: Epoch: 579 | PSNR: 30.0946 | Loss: 5.5089 | lr: 6.25e-05 | Best_PSNR: 30.0949 in Epoch [563]
2022-07-12 22:17:35,504 INFO: Epoch: 580 | PSNR: 30.0947 | Loss: 5.5251 | lr: 6.25e-05 | Best_PSNR: 30.0949 in Epoch [563]
2022-07-12 22:18:22,049 INFO: Epoch: 581 | PSNR: 30.0949 | Loss: 5.5060 | lr: 6.25e-05 | Best_PSNR: 30.0949 in Epoch [563]
2022-07-12 22:19:10,225 INFO: Epoch: 582 | PSNR: 30.0949 | Loss: 5.5106 | lr: 6.25e-05 | Best_PSNR: 30.0949 in Epoch [582]
2022-07-12 22:19:56,903 INFO: Epoch: 583 | PSNR: 30.0950 | Loss: 5.5266 | lr: 6.25e-05 | Best_PSNR: 30.0950 in Epoch [583]
2022-07-12 22:20:44,854 INFO: Epoch: 584 | PSNR: 30.0948 | Loss: 5.5571 | lr: 6.25e-05 | Best_PSNR: 30.0950 in Epoch [583]
2022-07-12 22:21:31,990 INFO: Epoch: 585 | PSNR: 30.0951 | Loss: 5.5400 | lr: 6.25e-05 | Best_PSNR: 30.0951 in Epoch [585]
2022-07-12 22:22:19,508 INFO: Epoch: 586 | PSNR: 30.0949 | Loss: 5.5245 | lr: 6.25e-05 | Best_PSNR: 30.0951 in Epoch [585]
2022-07-12 22:23:07,237 INFO: Epoch: 587 | PSNR: 30.0951 | Loss: 5.5311 | lr: 6.25e-05 | Best_PSNR: 30.0951 in Epoch [585]
2022-07-12 22:23:53,827 INFO: Epoch: 588 | PSNR: 30.0954 | Loss: 5.5436 | lr: 6.25e-05 | Best_PSNR: 30.0954 in Epoch [588]
2022-07-12 22:24:41,050 INFO: Epoch: 589 | PSNR: 30.0950 | Loss: 5.5043 | lr: 6.25e-05 | Best_PSNR: 30.0954 in Epoch [588]
2022-07-12 22:25:29,269 INFO: Epoch: 590 | PSNR: 30.0952 | Loss: 5.4964 | lr: 6.25e-05 | Best_PSNR: 30.0954 in Epoch [588]
2022-07-12 22:26:16,844 INFO: Epoch: 591 | PSNR: 30.0950 | Loss: 5.5214 | lr: 6.25e-05 | Best_PSNR: 30.0954 in Epoch [588]
2022-07-12 22:27:04,410 INFO: Epoch: 592 | PSNR: 30.0949 | Loss: 5.5275 | lr: 6.25e-05 | Best_PSNR: 30.0954 in Epoch [588]
2022-07-12 22:27:53,152 INFO: Epoch: 593 | PSNR: 30.0948 | Loss: 5.5015 | lr: 6.25e-05 | Best_PSNR: 30.0954 in Epoch [588]
2022-07-12 22:28:39,120 INFO: Epoch: 594 | PSNR: 30.0951 | Loss: 5.5181 | lr: 6.25e-05 | Best_PSNR: 30.0954 in Epoch [588]
2022-07-12 22:29:26,442 INFO: Epoch: 595 | PSNR: 30.0954 | Loss: 5.5380 | lr: 6.25e-05 | Best_PSNR: 30.0954 in Epoch [595]
2022-07-12 22:30:11,869 INFO: Epoch: 596 | PSNR: 30.0956 | Loss: 5.5179 | lr: 6.25e-05 | Best_PSNR: 30.0956 in Epoch [596]
2022-07-12 22:30:56,739 INFO: Epoch: 597 | PSNR: 30.0954 | Loss: 5.5017 | lr: 6.25e-05 | Best_PSNR: 30.0956 in Epoch [596]
2022-07-12 22:31:41,448 INFO: Epoch: 598 | PSNR: 30.0954 | Loss: 5.5420 | lr: 6.25e-05 | Best_PSNR: 30.0956 in Epoch [596]
2022-07-12 22:32:27,984 INFO: Epoch: 599 | PSNR: 30.0953 | Loss: 5.5368 | lr: 6.25e-05 | Best_PSNR: 30.0956 in Epoch [596]
2022-07-12 22:33:13,323 INFO: Epoch: 600 | PSNR: 30.0954 | Loss: 5.5347 | lr: 6.25e-05 | Best_PSNR: 30.0956 in Epoch [596]
