2022-07-26 21:07:49,407 INFO: Create train dataset successfully!
2022-07-26 21:07:49,407 INFO: Training: [1000] iterations for each epoch
2022-07-26 21:07:49,407 INFO: Create val dataset successfully!
2022-07-26 21:07:49,407 INFO: Validating: [100] iterations for each epoch
2022-07-26 21:07:49,407 INFO: Preparing for experiment: [trial24]
2022-07-26 21:07:51,042 INFO: Create model successfully! Params: [109.33]K
2022-07-26 21:07:51,043 INFO: Model: "model"
2022-07-26 21:07:51,043 INFO: __________________________________________________________________________________________________
2022-07-26 21:07:51,043 INFO: Layer (type)                    Output Shape         Param #     Connected to                     
2022-07-26 21:07:51,043 INFO: ==================================================================================================
2022-07-26 21:07:51,043 INFO: input_1 (InputLayer)            [(None, None, None,  0                                            
2022-07-26 21:07:51,043 INFO: __________________________________________________________________________________________________
2022-07-26 21:07:51,043 INFO: conv2d (Conv2D)                 (None, None, None, 2 812         input_1[0][0]                    
2022-07-26 21:07:51,043 INFO: __________________________________________________________________________________________________
2022-07-26 21:07:51,043 INFO: conv2d_1_1_1 (Conv2D)           (None, None, None, 5 15196       conv2d[0][0]                     
2022-07-26 21:07:51,043 INFO: __________________________________________________________________________________________________
2022-07-26 21:07:51,044 INFO: conv2d_1_2_1 (Conv2D)           (None, None, None, 5 15196       conv2d[0][0]                     
2022-07-26 21:07:51,044 INFO: __________________________________________________________________________________________________
2022-07-26 21:07:51,044 INFO: conv2d_1_1_2 (Conv2D)           (None, None, None, 2 1711        conv2d_1_1_1[0][0]               
2022-07-26 21:07:51,044 INFO: __________________________________________________________________________________________________
2022-07-26 21:07:51,044 INFO: conv2d_1_2_2 (Conv2D)           (None, None, None, 2 1711        conv2d_1_2_1[0][0]               
2022-07-26 21:07:51,044 INFO: __________________________________________________________________________________________________
2022-07-26 21:07:51,044 INFO: add (Add)                       (None, None, None, 2 0           conv2d[0][0]                     
2022-07-26 21:07:51,044 INFO:                                                                  conv2d_1_1_2[0][0]               
2022-07-26 21:07:51,044 INFO:                                                                  conv2d_1_2_2[0][0]               
2022-07-26 21:07:51,044 INFO: __________________________________________________________________________________________________
2022-07-26 21:07:51,044 INFO: re_lu (ReLU)                    (None, None, None, 2 0           add[0][0]                        
2022-07-26 21:07:51,044 INFO: __________________________________________________________________________________________________
2022-07-26 21:07:51,045 INFO: conv2d_2_1_1 (Conv2D)           (None, None, None, 5 15196       re_lu[0][0]                      
2022-07-26 21:07:51,045 INFO: __________________________________________________________________________________________________
2022-07-26 21:07:51,045 INFO: conv2d_2_2_1 (Conv2D)           (None, None, None, 5 15196       re_lu[0][0]                      
2022-07-26 21:07:51,045 INFO: __________________________________________________________________________________________________
2022-07-26 21:07:51,045 INFO: conv2d_2_1_2 (Conv2D)           (None, None, None, 2 1711        conv2d_2_1_1[0][0]               
2022-07-26 21:07:51,045 INFO: __________________________________________________________________________________________________
2022-07-26 21:07:51,045 INFO: conv2d_2_2_2 (Conv2D)           (None, None, None, 2 1711        conv2d_2_2_1[0][0]               
2022-07-26 21:07:51,045 INFO: __________________________________________________________________________________________________
2022-07-26 21:07:51,045 INFO: add_1 (Add)                     (None, None, None, 2 0           re_lu[0][0]                      
2022-07-26 21:07:51,045 INFO:                                                                  conv2d_2_1_2[0][0]               
2022-07-26 21:07:51,045 INFO:                                                                  conv2d_2_2_2[0][0]               
2022-07-26 21:07:51,045 INFO: __________________________________________________________________________________________________
2022-07-26 21:07:51,045 INFO: re_lu_1 (ReLU)                  (None, None, None, 2 0           add_1[0][0]                      
2022-07-26 21:07:51,046 INFO: __________________________________________________________________________________________________
2022-07-26 21:07:51,046 INFO: conv2d_3_1_1 (Conv2D)           (None, None, None, 5 15196       re_lu_1[0][0]                    
2022-07-26 21:07:51,046 INFO: __________________________________________________________________________________________________
2022-07-26 21:07:51,046 INFO: conv2d_3_2_1 (Conv2D)           (None, None, None, 5 15196       re_lu_1[0][0]                    
2022-07-26 21:07:51,046 INFO: __________________________________________________________________________________________________
2022-07-26 21:07:51,046 INFO: conv2d_3_1_2 (Conv2D)           (None, None, None, 2 1711        conv2d_3_1_1[0][0]               
2022-07-26 21:07:51,046 INFO: __________________________________________________________________________________________________
2022-07-26 21:07:51,046 INFO: conv2d_3_2_2 (Conv2D)           (None, None, None, 2 1711        conv2d_3_2_1[0][0]               
2022-07-26 21:07:51,046 INFO: __________________________________________________________________________________________________
2022-07-26 21:07:51,046 INFO: add_2 (Add)                     (None, None, None, 2 0           re_lu_1[0][0]                    
2022-07-26 21:07:51,046 INFO:                                                                  conv2d_3_1_2[0][0]               
2022-07-26 21:07:51,046 INFO:                                                                  conv2d_3_2_2[0][0]               
2022-07-26 21:07:51,046 INFO: __________________________________________________________________________________________________
2022-07-26 21:07:51,046 INFO: re_lu_2 (ReLU)                  (None, None, None, 2 0           add_2[0][0]                      
2022-07-26 21:07:51,047 INFO: __________________________________________________________________________________________________
2022-07-26 21:07:51,047 INFO: lambda (Lambda)                 (None, None, None, 2 0           input_1[0][0]                    
2022-07-26 21:07:51,047 INFO:                                                                  input_1[0][0]                    
2022-07-26 21:07:51,047 INFO:                                                                  input_1[0][0]                    
2022-07-26 21:07:51,047 INFO:                                                                  input_1[0][0]                    
2022-07-26 21:07:51,047 INFO:                                                                  input_1[0][0]                    
2022-07-26 21:07:51,047 INFO:                                                                  input_1[0][0]                    
2022-07-26 21:07:51,047 INFO:                                                                  input_1[0][0]                    
2022-07-26 21:07:51,047 INFO:                                                                  input_1[0][0]                    
2022-07-26 21:07:51,047 INFO:                                                                  input_1[0][0]                    
2022-07-26 21:07:51,047 INFO: __________________________________________________________________________________________________
2022-07-26 21:07:51,047 INFO: conv2d_4 (Conv2D)               (None, None, None, 2 7074        re_lu_2[0][0]                    
2022-07-26 21:07:51,048 INFO: __________________________________________________________________________________________________
2022-07-26 21:07:51,048 INFO: add_3 (Add)                     (None, None, None, 2 0           lambda[0][0]                     
2022-07-26 21:07:51,048 INFO:                                                                  conv2d_4[0][0]                   
2022-07-26 21:07:51,048 INFO: __________________________________________________________________________________________________
2022-07-26 21:07:51,048 INFO: lambda_1 (Lambda)               (None, None, None, 3 0           add_3[0][0]                      
2022-07-26 21:07:51,048 INFO: ==================================================================================================
2022-07-26 21:07:51,049 INFO: Total params: 109,328
2022-07-26 21:07:51,049 INFO: Trainable params: 109,328
2022-07-26 21:07:51,049 INFO: Non-trainable params: 0
2022-07-26 21:07:51,049 INFO: __________________________________________________________________________________________________
2022-07-26 21:07:51,050 INFO: Start training...
2022-07-26 21:09:01,211 INFO: Epoch: 1 | PSNR: 26.3389 | Loss: 7.2266 | lr: 1.00e-03 | Best_PSNR: 26.3389 | max_value: 255.0 in Epoch [1]
2022-07-26 21:10:03,703 INFO: Epoch: 2 | PSNR: 27.6622 | Loss: 6.2847 | lr: 1.00e-03 | Best_PSNR: 27.6622 | max_value: 255.0 in Epoch [2]
2022-07-26 21:11:03,042 INFO: Epoch: 3 | PSNR: 28.4316 | Loss: 6.1462 | lr: 1.00e-03 | Best_PSNR: 28.4316 | max_value: 255.0 in Epoch [3]
2022-07-26 21:12:03,384 INFO: Epoch: 4 | PSNR: 28.9088 | Loss: 6.0995 | lr: 1.00e-03 | Best_PSNR: 28.9088 | max_value: 255.0 in Epoch [4]
2022-07-26 21:13:00,898 INFO: Epoch: 5 | PSNR: 29.1544 | Loss: 5.9757 | lr: 1.00e-03 | Best_PSNR: 29.1544 | max_value: 255.0 in Epoch [5]
2022-07-26 21:14:02,914 INFO: Epoch: 6 | PSNR: 29.2832 | Loss: 5.9535 | lr: 1.00e-03 | Best_PSNR: 29.2832 | max_value: 255.0 in Epoch [6]
2022-07-26 21:15:07,305 INFO: Epoch: 7 | PSNR: 29.3618 | Loss: 5.8962 | lr: 1.00e-03 | Best_PSNR: 29.3618 | max_value: 255.0 in Epoch [7]
2022-07-26 21:16:01,553 INFO: Epoch: 8 | PSNR: 29.4090 | Loss: 5.9753 | lr: 1.00e-03 | Best_PSNR: 29.4090 | max_value: 255.0 in Epoch [8]
2022-07-26 21:16:52,701 INFO: Epoch: 9 | PSNR: 29.4438 | Loss: 5.9306 | lr: 1.00e-03 | Best_PSNR: 29.4438 | max_value: 255.0 in Epoch [9]
2022-07-26 21:17:46,296 INFO: Epoch: 10 | PSNR: 29.4695 | Loss: 5.9582 | lr: 1.00e-03 | Best_PSNR: 29.4695 | max_value: 255.0 in Epoch [10]
2022-07-26 21:18:41,781 INFO: Epoch: 11 | PSNR: 29.4884 | Loss: 5.9080 | lr: 1.00e-03 | Best_PSNR: 29.4884 | max_value: 255.0 in Epoch [11]
2022-07-26 21:19:37,955 INFO: Epoch: 12 | PSNR: 29.5126 | Loss: 5.9156 | lr: 1.00e-03 | Best_PSNR: 29.5126 | max_value: 255.0 in Epoch [12]
2022-07-26 21:20:32,473 INFO: Epoch: 13 | PSNR: 29.5340 | Loss: 5.9015 | lr: 1.00e-03 | Best_PSNR: 29.5340 | max_value: 255.0 in Epoch [13]
2022-07-26 21:21:32,246 INFO: Epoch: 14 | PSNR: 29.5559 | Loss: 5.8800 | lr: 1.00e-03 | Best_PSNR: 29.5559 | max_value: 255.0 in Epoch [14]
2022-07-26 21:22:31,686 INFO: Epoch: 15 | PSNR: 29.5693 | Loss: 5.8531 | lr: 1.00e-03 | Best_PSNR: 29.5693 | max_value: 255.0 in Epoch [15]
2022-07-26 21:23:37,012 INFO: Epoch: 16 | PSNR: 29.5849 | Loss: 5.8471 | lr: 1.00e-03 | Best_PSNR: 29.5849 | max_value: 255.0 in Epoch [16]
2022-07-26 21:24:32,324 INFO: Epoch: 17 | PSNR: 29.6400 | Loss: 5.7391 | lr: 1.00e-03 | Best_PSNR: 29.6400 | max_value: 255.0 in Epoch [17]
2022-07-26 21:25:54,979 INFO: Epoch: 18 | PSNR: 29.7540 | Loss: 5.7844 | lr: 1.00e-03 | Best_PSNR: 29.7540 | max_value: 255.0 in Epoch [18]
2022-07-26 21:27:09,905 INFO: Epoch: 19 | PSNR: 29.8149 | Loss: 5.7148 | lr: 1.00e-03 | Best_PSNR: 29.8149 | max_value: 255.0 in Epoch [19]
2022-07-26 21:28:07,639 INFO: Epoch: 20 | PSNR: 29.8465 | Loss: 5.6921 | lr: 1.00e-03 | Best_PSNR: 29.8465 | max_value: 255.0 in Epoch [20]
2022-07-26 21:29:09,334 INFO: Epoch: 21 | PSNR: 29.8662 | Loss: 5.7076 | lr: 1.00e-03 | Best_PSNR: 29.8662 | max_value: 255.0 in Epoch [21]
2022-07-26 21:30:13,835 INFO: Epoch: 22 | PSNR: 29.8796 | Loss: 5.6669 | lr: 1.00e-03 | Best_PSNR: 29.8796 | max_value: 255.0 in Epoch [22]
2022-07-26 21:31:12,232 INFO: Epoch: 23 | PSNR: 29.8913 | Loss: 5.7181 | lr: 1.00e-03 | Best_PSNR: 29.8913 | max_value: 255.0 in Epoch [23]
2022-07-26 21:32:39,107 INFO: Epoch: 24 | PSNR: 29.9003 | Loss: 5.7170 | lr: 1.00e-03 | Best_PSNR: 29.9003 | max_value: 255.0 in Epoch [24]
2022-07-26 21:33:52,554 INFO: Epoch: 25 | PSNR: 29.9081 | Loss: 5.7226 | lr: 1.00e-03 | Best_PSNR: 29.9081 | max_value: 255.0 in Epoch [25]
2022-07-26 21:34:54,330 INFO: Epoch: 26 | PSNR: 29.9174 | Loss: 5.7319 | lr: 1.00e-03 | Best_PSNR: 29.9174 | max_value: 255.0 in Epoch [26]
2022-07-26 21:36:03,795 INFO: Epoch: 27 | PSNR: 29.9230 | Loss: 5.6888 | lr: 1.00e-03 | Best_PSNR: 29.9230 | max_value: 255.0 in Epoch [27]
2022-07-26 21:37:07,370 INFO: Epoch: 28 | PSNR: 29.9262 | Loss: 5.6756 | lr: 1.00e-03 | Best_PSNR: 29.9262 | max_value: 255.0 in Epoch [28]
2022-07-26 21:38:09,503 INFO: Epoch: 29 | PSNR: 29.9338 | Loss: 5.6913 | lr: 1.00e-03 | Best_PSNR: 29.9338 | max_value: 255.0 in Epoch [29]
2022-07-26 21:39:08,678 INFO: Epoch: 30 | PSNR: 29.9373 | Loss: 5.6928 | lr: 1.00e-03 | Best_PSNR: 29.9373 | max_value: 255.0 in Epoch [30]
2022-07-26 21:40:10,732 INFO: Epoch: 31 | PSNR: 29.9409 | Loss: 5.5918 | lr: 1.00e-03 | Best_PSNR: 29.9409 | max_value: 255.0 in Epoch [31]
2022-07-26 21:41:31,703 INFO: Epoch: 32 | PSNR: 29.9388 | Loss: 5.6427 | lr: 1.00e-03 | Best_PSNR: 29.9409 | max_value: 255.0 in Epoch [31]
2022-07-26 21:42:49,000 INFO: Epoch: 33 | PSNR: 29.9447 | Loss: 5.6691 | lr: 1.00e-03 | Best_PSNR: 29.9447 | max_value: 255.0 in Epoch [33]
2022-07-26 21:44:57,018 INFO: Epoch: 34 | PSNR: 29.9484 | Loss: 5.6523 | lr: 1.00e-03 | Best_PSNR: 29.9484 | max_value: 255.0 in Epoch [34]
2022-07-26 21:47:10,623 INFO: Epoch: 35 | PSNR: 29.9500 | Loss: 5.6591 | lr: 1.00e-03 | Best_PSNR: 29.9500 | max_value: 255.0 in Epoch [35]
2022-07-26 21:49:23,031 INFO: Epoch: 36 | PSNR: 29.9517 | Loss: 5.6794 | lr: 1.00e-03 | Best_PSNR: 29.9517 | max_value: 255.0 in Epoch [36]
2022-07-26 21:50:40,211 INFO: Epoch: 37 | PSNR: 29.9542 | Loss: 5.6611 | lr: 1.00e-03 | Best_PSNR: 29.9542 | max_value: 255.0 in Epoch [37]
2022-07-26 21:52:37,928 INFO: Epoch: 38 | PSNR: 29.9521 | Loss: 5.6577 | lr: 1.00e-03 | Best_PSNR: 29.9542 | max_value: 255.0 in Epoch [37]
2022-07-26 21:54:48,324 INFO: Epoch: 39 | PSNR: 29.9527 | Loss: 5.6579 | lr: 1.00e-03 | Best_PSNR: 29.9542 | max_value: 255.0 in Epoch [37]
2022-07-26 21:56:50,835 INFO: Epoch: 40 | PSNR: 29.9580 | Loss: 5.6206 | lr: 1.00e-03 | Best_PSNR: 29.9580 | max_value: 255.0 in Epoch [40]
2022-07-26 21:58:12,641 INFO: Epoch: 41 | PSNR: 29.9581 | Loss: 5.6545 | lr: 1.00e-03 | Best_PSNR: 29.9581 | max_value: 255.0 in Epoch [41]
2022-07-26 21:59:54,898 INFO: Epoch: 42 | PSNR: 29.9614 | Loss: 5.6424 | lr: 1.00e-03 | Best_PSNR: 29.9614 | max_value: 255.0 in Epoch [42]
2022-07-26 22:01:43,734 INFO: Epoch: 43 | PSNR: 29.9635 | Loss: 5.6388 | lr: 1.00e-03 | Best_PSNR: 29.9635 | max_value: 255.0 in Epoch [43]
2022-07-26 22:04:09,920 INFO: Epoch: 44 | PSNR: 29.9662 | Loss: 5.6090 | lr: 1.00e-03 | Best_PSNR: 29.9662 | max_value: 255.0 in Epoch [44]
2022-07-26 22:06:43,368 INFO: Epoch: 45 | PSNR: 29.9654 | Loss: 5.6704 | lr: 1.00e-03 | Best_PSNR: 29.9662 | max_value: 255.0 in Epoch [44]
2022-07-26 22:08:37,669 INFO: Epoch: 46 | PSNR: 29.9654 | Loss: 5.6359 | lr: 1.00e-03 | Best_PSNR: 29.9662 | max_value: 255.0 in Epoch [44]
2022-07-26 22:09:36,373 INFO: Epoch: 47 | PSNR: 29.9678 | Loss: 5.6325 | lr: 1.00e-03 | Best_PSNR: 29.9678 | max_value: 255.0 in Epoch [47]
2022-07-26 22:10:29,589 INFO: Epoch: 48 | PSNR: 29.9695 | Loss: 5.6458 | lr: 1.00e-03 | Best_PSNR: 29.9695 | max_value: 255.0 in Epoch [48]
2022-07-26 22:11:25,136 INFO: Epoch: 49 | PSNR: 29.9683 | Loss: 5.6527 | lr: 1.00e-03 | Best_PSNR: 29.9695 | max_value: 255.0 in Epoch [48]
2022-07-26 22:12:19,978 INFO: Epoch: 50 | PSNR: 29.9714 | Loss: 5.6509 | lr: 1.00e-03 | Best_PSNR: 29.9714 | max_value: 255.0 in Epoch [50]
2022-07-26 22:13:15,410 INFO: Epoch: 51 | PSNR: 29.9714 | Loss: 5.6230 | lr: 1.00e-03 | Best_PSNR: 29.9714 | max_value: 255.0 in Epoch [51]
2022-07-26 22:14:08,497 INFO: Epoch: 52 | PSNR: 29.9733 | Loss: 5.5803 | lr: 1.00e-03 | Best_PSNR: 29.9733 | max_value: 255.0 in Epoch [52]
2022-07-26 22:15:01,940 INFO: Epoch: 53 | PSNR: 29.9762 | Loss: 5.6741 | lr: 1.00e-03 | Best_PSNR: 29.9762 | max_value: 255.0 in Epoch [53]
2022-07-26 22:15:56,912 INFO: Epoch: 54 | PSNR: 29.9777 | Loss: 5.6384 | lr: 1.00e-03 | Best_PSNR: 29.9777 | max_value: 255.0 in Epoch [54]
2022-07-26 22:16:52,408 INFO: Epoch: 55 | PSNR: 29.9782 | Loss: 5.7109 | lr: 1.00e-03 | Best_PSNR: 29.9782 | max_value: 255.0 in Epoch [55]
2022-07-26 22:17:42,948 INFO: Epoch: 56 | PSNR: 29.9763 | Loss: 5.6519 | lr: 1.00e-03 | Best_PSNR: 29.9782 | max_value: 255.0 in Epoch [55]
2022-07-26 22:18:39,295 INFO: Epoch: 57 | PSNR: 29.9779 | Loss: 5.6558 | lr: 1.00e-03 | Best_PSNR: 29.9782 | max_value: 255.0 in Epoch [55]
2022-07-26 22:19:35,820 INFO: Epoch: 58 | PSNR: 29.9796 | Loss: 5.6023 | lr: 1.00e-03 | Best_PSNR: 29.9796 | max_value: 255.0 in Epoch [58]
2022-07-26 22:20:50,724 INFO: Epoch: 59 | PSNR: 29.9787 | Loss: 5.6619 | lr: 1.00e-03 | Best_PSNR: 29.9796 | max_value: 255.0 in Epoch [58]
2022-07-26 22:21:42,870 INFO: Epoch: 60 | PSNR: 29.9800 | Loss: 5.6220 | lr: 1.00e-03 | Best_PSNR: 29.9800 | max_value: 255.0 in Epoch [60]
2022-07-26 22:22:42,834 INFO: Epoch: 61 | PSNR: 29.9816 | Loss: 5.6437 | lr: 1.00e-03 | Best_PSNR: 29.9816 | max_value: 255.0 in Epoch [61]
2022-07-26 22:23:45,866 INFO: Epoch: 62 | PSNR: 29.9833 | Loss: 5.6132 | lr: 1.00e-03 | Best_PSNR: 29.9833 | max_value: 255.0 in Epoch [62]
2022-07-26 22:24:40,404 INFO: Epoch: 63 | PSNR: 29.9834 | Loss: 5.6491 | lr: 1.00e-03 | Best_PSNR: 29.9834 | max_value: 255.0 in Epoch [63]
2022-07-26 22:25:36,032 INFO: Epoch: 64 | PSNR: 29.9849 | Loss: 5.6133 | lr: 1.00e-03 | Best_PSNR: 29.9849 | max_value: 255.0 in Epoch [64]
2022-07-26 22:26:40,178 INFO: Epoch: 65 | PSNR: 29.9851 | Loss: 5.6175 | lr: 1.00e-03 | Best_PSNR: 29.9851 | max_value: 255.0 in Epoch [65]
2022-07-26 22:27:38,764 INFO: Epoch: 66 | PSNR: 29.9853 | Loss: 5.6508 | lr: 1.00e-03 | Best_PSNR: 29.9853 | max_value: 255.0 in Epoch [66]
2022-07-26 22:28:33,772 INFO: Epoch: 67 | PSNR: 29.9852 | Loss: 5.6346 | lr: 1.00e-03 | Best_PSNR: 29.9853 | max_value: 255.0 in Epoch [66]
2022-07-26 22:29:45,908 INFO: Epoch: 68 | PSNR: 29.9860 | Loss: 5.6196 | lr: 1.00e-03 | Best_PSNR: 29.9860 | max_value: 255.0 in Epoch [68]
2022-07-26 22:30:43,843 INFO: Epoch: 69 | PSNR: 29.9871 | Loss: 5.6710 | lr: 1.00e-03 | Best_PSNR: 29.9871 | max_value: 255.0 in Epoch [69]
2022-07-26 22:31:39,103 INFO: Epoch: 70 | PSNR: 29.9879 | Loss: 5.6106 | lr: 1.00e-03 | Best_PSNR: 29.9879 | max_value: 255.0 in Epoch [70]
2022-07-26 22:32:30,751 INFO: Epoch: 71 | PSNR: 29.9883 | Loss: 5.6283 | lr: 1.00e-03 | Best_PSNR: 29.9883 | max_value: 255.0 in Epoch [71]
2022-07-26 22:33:29,659 INFO: Epoch: 72 | PSNR: 29.9881 | Loss: 5.5672 | lr: 1.00e-03 | Best_PSNR: 29.9883 | max_value: 255.0 in Epoch [71]
2022-07-26 22:34:26,703 INFO: Epoch: 73 | PSNR: 29.9896 | Loss: 5.6452 | lr: 1.00e-03 | Best_PSNR: 29.9896 | max_value: 255.0 in Epoch [73]
2022-07-26 22:35:24,315 INFO: Epoch: 74 | PSNR: 29.9899 | Loss: 5.6721 | lr: 1.00e-03 | Best_PSNR: 29.9899 | max_value: 255.0 in Epoch [74]
2022-07-26 22:36:16,915 INFO: Epoch: 75 | PSNR: 29.9897 | Loss: 5.6735 | lr: 1.00e-03 | Best_PSNR: 29.9899 | max_value: 255.0 in Epoch [74]
2022-07-26 22:37:40,575 INFO: Epoch: 76 | PSNR: 29.9906 | Loss: 5.6255 | lr: 1.00e-03 | Best_PSNR: 29.9906 | max_value: 255.0 in Epoch [76]
2022-07-26 22:38:57,605 INFO: Epoch: 77 | PSNR: 29.9923 | Loss: 5.6104 | lr: 1.00e-03 | Best_PSNR: 29.9923 | max_value: 255.0 in Epoch [77]
2022-07-26 22:39:49,154 INFO: Epoch: 78 | PSNR: 29.9927 | Loss: 5.5940 | lr: 1.00e-03 | Best_PSNR: 29.9927 | max_value: 255.0 in Epoch [78]
2022-07-26 22:40:44,434 INFO: Epoch: 79 | PSNR: 29.9919 | Loss: 5.6665 | lr: 1.00e-03 | Best_PSNR: 29.9927 | max_value: 255.0 in Epoch [78]
2022-07-26 22:41:45,202 INFO: Epoch: 80 | PSNR: 29.9931 | Loss: 5.6044 | lr: 1.00e-03 | Best_PSNR: 29.9931 | max_value: 255.0 in Epoch [80]
2022-07-26 22:42:39,716 INFO: Epoch: 81 | PSNR: 29.9943 | Loss: 5.6152 | lr: 1.00e-03 | Best_PSNR: 29.9943 | max_value: 255.0 in Epoch [81]
2022-07-26 22:43:37,351 INFO: Epoch: 82 | PSNR: 29.9941 | Loss: 5.5408 | lr: 1.00e-03 | Best_PSNR: 29.9943 | max_value: 255.0 in Epoch [81]
2022-07-26 22:45:08,854 INFO: Epoch: 83 | PSNR: 29.9955 | Loss: 5.5957 | lr: 1.00e-03 | Best_PSNR: 29.9955 | max_value: 255.0 in Epoch [83]
2022-07-26 22:46:11,282 INFO: Epoch: 84 | PSNR: 29.9953 | Loss: 5.6099 | lr: 1.00e-03 | Best_PSNR: 29.9955 | max_value: 255.0 in Epoch [83]
2022-07-26 22:47:02,452 INFO: Epoch: 85 | PSNR: 29.9964 | Loss: 5.6088 | lr: 1.00e-03 | Best_PSNR: 29.9964 | max_value: 255.0 in Epoch [85]
2022-07-26 22:47:55,413 INFO: Epoch: 86 | PSNR: 29.9964 | Loss: 5.6451 | lr: 1.00e-03 | Best_PSNR: 29.9964 | max_value: 255.0 in Epoch [86]
2022-07-26 22:48:51,542 INFO: Epoch: 87 | PSNR: 29.9968 | Loss: 5.6250 | lr: 1.00e-03 | Best_PSNR: 29.9968 | max_value: 255.0 in Epoch [87]
2022-07-26 22:49:57,784 INFO: Epoch: 88 | PSNR: 29.9984 | Loss: 5.6669 | lr: 1.00e-03 | Best_PSNR: 29.9984 | max_value: 255.0 in Epoch [88]
2022-07-26 22:50:50,225 INFO: Epoch: 89 | PSNR: 29.9977 | Loss: 5.6221 | lr: 1.00e-03 | Best_PSNR: 29.9984 | max_value: 255.0 in Epoch [88]
2022-07-26 22:51:43,320 INFO: Epoch: 90 | PSNR: 29.9973 | Loss: 5.6130 | lr: 1.00e-03 | Best_PSNR: 29.9984 | max_value: 255.0 in Epoch [88]
2022-07-26 22:52:46,984 INFO: Epoch: 91 | PSNR: 29.9978 | Loss: 5.6036 | lr: 1.00e-03 | Best_PSNR: 29.9984 | max_value: 255.0 in Epoch [88]
2022-07-26 22:53:43,137 INFO: Epoch: 92 | PSNR: 29.9995 | Loss: 5.6443 | lr: 1.00e-03 | Best_PSNR: 29.9995 | max_value: 255.0 in Epoch [92]
2022-07-26 22:54:42,302 INFO: Epoch: 93 | PSNR: 29.9998 | Loss: 5.5768 | lr: 1.00e-03 | Best_PSNR: 29.9998 | max_value: 255.0 in Epoch [93]
2022-07-26 22:55:41,540 INFO: Epoch: 94 | PSNR: 30.0009 | Loss: 5.6046 | lr: 1.00e-03 | Best_PSNR: 30.0009 | max_value: 255.0 in Epoch [94]
2022-07-26 22:56:40,794 INFO: Epoch: 95 | PSNR: 30.0020 | Loss: 5.5882 | lr: 1.00e-03 | Best_PSNR: 30.0020 | max_value: 255.0 in Epoch [95]
2022-07-26 22:57:36,326 INFO: Epoch: 96 | PSNR: 30.0022 | Loss: 5.6048 | lr: 1.00e-03 | Best_PSNR: 30.0022 | max_value: 255.0 in Epoch [96]
2022-07-26 22:58:32,657 INFO: Epoch: 97 | PSNR: 30.0012 | Loss: 5.6362 | lr: 1.00e-03 | Best_PSNR: 30.0022 | max_value: 255.0 in Epoch [96]
2022-07-26 22:59:29,145 INFO: Epoch: 98 | PSNR: 30.0016 | Loss: 5.6100 | lr: 1.00e-03 | Best_PSNR: 30.0022 | max_value: 255.0 in Epoch [96]
2022-07-26 23:00:51,701 INFO: Epoch: 99 | PSNR: 30.0024 | Loss: 5.6211 | lr: 1.00e-03 | Best_PSNR: 30.0024 | max_value: 255.0 in Epoch [99]
2022-07-26 23:01:46,190 INFO: Epoch: 100 | PSNR: 30.0028 | Loss: 5.6054 | lr: 1.00e-03 | Best_PSNR: 30.0028 | max_value: 255.0 in Epoch [100]
2022-07-26 23:02:41,384 INFO: Epoch: 101 | PSNR: 30.0023 | Loss: 5.5887 | lr: 1.00e-03 | Best_PSNR: 30.0028 | max_value: 255.0 in Epoch [100]
2022-07-26 23:03:39,458 INFO: Epoch: 102 | PSNR: 30.0035 | Loss: 5.6638 | lr: 1.00e-03 | Best_PSNR: 30.0035 | max_value: 255.0 in Epoch [102]
2022-07-26 23:04:37,564 INFO: Epoch: 103 | PSNR: 30.0042 | Loss: 5.6019 | lr: 1.00e-03 | Best_PSNR: 30.0042 | max_value: 255.0 in Epoch [103]
2022-07-26 23:05:33,585 INFO: Epoch: 104 | PSNR: 30.0030 | Loss: 5.6026 | lr: 1.00e-03 | Best_PSNR: 30.0042 | max_value: 255.0 in Epoch [103]
2022-07-26 23:06:50,699 INFO: Epoch: 105 | PSNR: 30.0053 | Loss: 5.6032 | lr: 1.00e-03 | Best_PSNR: 30.0053 | max_value: 255.0 in Epoch [105]
2022-07-26 23:08:04,836 INFO: Epoch: 106 | PSNR: 30.0044 | Loss: 5.6095 | lr: 1.00e-03 | Best_PSNR: 30.0053 | max_value: 255.0 in Epoch [105]
2022-07-26 23:08:55,369 INFO: Epoch: 107 | PSNR: 30.0042 | Loss: 5.6040 | lr: 1.00e-03 | Best_PSNR: 30.0053 | max_value: 255.0 in Epoch [105]
2022-07-26 23:09:54,402 INFO: Epoch: 108 | PSNR: 30.0050 | Loss: 5.6308 | lr: 1.00e-03 | Best_PSNR: 30.0053 | max_value: 255.0 in Epoch [105]
2022-07-26 23:11:32,292 INFO: Epoch: 109 | PSNR: 30.0075 | Loss: 5.5533 | lr: 1.00e-03 | Best_PSNR: 30.0075 | max_value: 255.0 in Epoch [109]
2022-07-26 23:12:32,290 INFO: Epoch: 110 | PSNR: 30.0073 | Loss: 5.6086 | lr: 1.00e-03 | Best_PSNR: 30.0075 | max_value: 255.0 in Epoch [109]
2022-07-26 23:13:45,197 INFO: Epoch: 111 | PSNR: 30.0070 | Loss: 5.5869 | lr: 1.00e-03 | Best_PSNR: 30.0075 | max_value: 255.0 in Epoch [109]
2022-07-26 23:15:04,880 INFO: Epoch: 112 | PSNR: 30.0076 | Loss: 5.6172 | lr: 1.00e-03 | Best_PSNR: 30.0076 | max_value: 255.0 in Epoch [112]
2022-07-26 23:16:14,967 INFO: Epoch: 113 | PSNR: 30.0082 | Loss: 5.5778 | lr: 1.00e-03 | Best_PSNR: 30.0082 | max_value: 255.0 in Epoch [113]
2022-07-26 23:17:20,526 INFO: Epoch: 114 | PSNR: 30.0083 | Loss: 5.6516 | lr: 1.00e-03 | Best_PSNR: 30.0083 | max_value: 255.0 in Epoch [114]
2022-07-26 23:18:24,079 INFO: Epoch: 115 | PSNR: 30.0074 | Loss: 5.6255 | lr: 1.00e-03 | Best_PSNR: 30.0083 | max_value: 255.0 in Epoch [114]
2022-07-26 23:19:52,756 INFO: Epoch: 116 | PSNR: 30.0083 | Loss: 5.5756 | lr: 1.00e-03 | Best_PSNR: 30.0083 | max_value: 255.0 in Epoch [114]
2022-07-26 23:20:52,780 INFO: Epoch: 117 | PSNR: 30.0101 | Loss: 5.6505 | lr: 1.00e-03 | Best_PSNR: 30.0101 | max_value: 255.0 in Epoch [117]
2022-07-26 23:22:04,677 INFO: Epoch: 118 | PSNR: 30.0092 | Loss: 5.6068 | lr: 1.00e-03 | Best_PSNR: 30.0101 | max_value: 255.0 in Epoch [117]
2022-07-26 23:23:09,089 INFO: Epoch: 119 | PSNR: 30.0094 | Loss: 5.5867 | lr: 1.00e-03 | Best_PSNR: 30.0101 | max_value: 255.0 in Epoch [117]
2022-07-26 23:24:39,225 INFO: Epoch: 120 | PSNR: 30.0111 | Loss: 5.6159 | lr: 1.00e-03 | Best_PSNR: 30.0111 | max_value: 255.0 in Epoch [120]
2022-07-26 23:25:54,053 INFO: Epoch: 121 | PSNR: 30.0147 | Loss: 5.6290 | lr: 5.00e-04 | Best_PSNR: 30.0147 | max_value: 255.0 in Epoch [121]
2022-07-26 23:27:03,384 INFO: Epoch: 122 | PSNR: 30.0179 | Loss: 5.5539 | lr: 5.00e-04 | Best_PSNR: 30.0179 | max_value: 255.0 in Epoch [122]
2022-07-26 23:28:02,763 INFO: Epoch: 123 | PSNR: 30.0190 | Loss: 5.5451 | lr: 5.00e-04 | Best_PSNR: 30.0190 | max_value: 255.0 in Epoch [123]
2022-07-26 23:29:04,701 INFO: Epoch: 124 | PSNR: 30.0198 | Loss: 5.6565 | lr: 5.00e-04 | Best_PSNR: 30.0198 | max_value: 255.0 in Epoch [124]
2022-07-26 23:30:11,173 INFO: Epoch: 125 | PSNR: 30.0205 | Loss: 5.5694 | lr: 5.00e-04 | Best_PSNR: 30.0205 | max_value: 255.0 in Epoch [125]
2022-07-26 23:31:58,890 INFO: Epoch: 126 | PSNR: 30.0205 | Loss: 5.5708 | lr: 5.00e-04 | Best_PSNR: 30.0205 | max_value: 255.0 in Epoch [125]
2022-07-26 23:32:52,346 INFO: Epoch: 127 | PSNR: 30.0215 | Loss: 5.5870 | lr: 5.00e-04 | Best_PSNR: 30.0215 | max_value: 255.0 in Epoch [127]
2022-07-26 23:33:51,353 INFO: Epoch: 128 | PSNR: 30.0214 | Loss: 5.5702 | lr: 5.00e-04 | Best_PSNR: 30.0215 | max_value: 255.0 in Epoch [127]
2022-07-26 23:34:52,651 INFO: Epoch: 129 | PSNR: 30.0224 | Loss: 5.5886 | lr: 5.00e-04 | Best_PSNR: 30.0224 | max_value: 255.0 in Epoch [129]
2022-07-26 23:36:27,550 INFO: Epoch: 130 | PSNR: 30.0225 | Loss: 5.5984 | lr: 5.00e-04 | Best_PSNR: 30.0225 | max_value: 255.0 in Epoch [130]
2022-07-26 23:37:24,642 INFO: Epoch: 131 | PSNR: 30.0235 | Loss: 5.5733 | lr: 5.00e-04 | Best_PSNR: 30.0235 | max_value: 255.0 in Epoch [131]
2022-07-26 23:38:26,792 INFO: Epoch: 132 | PSNR: 30.0237 | Loss: 5.5627 | lr: 5.00e-04 | Best_PSNR: 30.0237 | max_value: 255.0 in Epoch [132]
2022-07-26 23:39:36,703 INFO: Epoch: 133 | PSNR: 30.0247 | Loss: 5.5796 | lr: 5.00e-04 | Best_PSNR: 30.0247 | max_value: 255.0 in Epoch [133]
2022-07-26 23:40:44,746 INFO: Epoch: 134 | PSNR: 30.0248 | Loss: 5.5755 | lr: 5.00e-04 | Best_PSNR: 30.0248 | max_value: 255.0 in Epoch [134]
2022-07-26 23:41:44,085 INFO: Epoch: 135 | PSNR: 30.0243 | Loss: 5.5988 | lr: 5.00e-04 | Best_PSNR: 30.0248 | max_value: 255.0 in Epoch [134]
2022-07-26 23:42:45,415 INFO: Epoch: 136 | PSNR: 30.0243 | Loss: 5.5884 | lr: 5.00e-04 | Best_PSNR: 30.0248 | max_value: 255.0 in Epoch [134]
2022-07-26 23:43:45,174 INFO: Epoch: 137 | PSNR: 30.0246 | Loss: 5.5949 | lr: 5.00e-04 | Best_PSNR: 30.0248 | max_value: 255.0 in Epoch [134]
2022-07-26 23:44:53,127 INFO: Epoch: 138 | PSNR: 30.0249 | Loss: 5.6014 | lr: 5.00e-04 | Best_PSNR: 30.0249 | max_value: 255.0 in Epoch [138]
2022-07-26 23:45:51,540 INFO: Epoch: 139 | PSNR: 30.0247 | Loss: 5.5670 | lr: 5.00e-04 | Best_PSNR: 30.0249 | max_value: 255.0 in Epoch [138]
2022-07-26 23:46:53,433 INFO: Epoch: 140 | PSNR: 30.0250 | Loss: 5.6057 | lr: 5.00e-04 | Best_PSNR: 30.0250 | max_value: 255.0 in Epoch [140]
2022-07-26 23:47:56,027 INFO: Epoch: 141 | PSNR: 30.0248 | Loss: 5.5263 | lr: 5.00e-04 | Best_PSNR: 30.0250 | max_value: 255.0 in Epoch [140]
2022-07-26 23:48:57,430 INFO: Epoch: 142 | PSNR: 30.0262 | Loss: 5.5524 | lr: 5.00e-04 | Best_PSNR: 30.0262 | max_value: 255.0 in Epoch [142]
2022-07-26 23:50:01,688 INFO: Epoch: 143 | PSNR: 30.0260 | Loss: 5.5814 | lr: 5.00e-04 | Best_PSNR: 30.0262 | max_value: 255.0 in Epoch [142]
2022-07-26 23:51:28,850 INFO: Epoch: 144 | PSNR: 30.0264 | Loss: 5.6298 | lr: 5.00e-04 | Best_PSNR: 30.0264 | max_value: 255.0 in Epoch [144]
2022-07-26 23:52:52,757 INFO: Epoch: 145 | PSNR: 30.0271 | Loss: 5.5757 | lr: 5.00e-04 | Best_PSNR: 30.0271 | max_value: 255.0 in Epoch [145]
2022-07-26 23:53:54,829 INFO: Epoch: 146 | PSNR: 30.0289 | Loss: 5.5248 | lr: 5.00e-04 | Best_PSNR: 30.0289 | max_value: 255.0 in Epoch [146]
2022-07-26 23:55:01,349 INFO: Epoch: 147 | PSNR: 30.0299 | Loss: 5.6022 | lr: 5.00e-04 | Best_PSNR: 30.0299 | max_value: 255.0 in Epoch [147]
2022-07-26 23:56:48,845 INFO: Epoch: 148 | PSNR: 30.0318 | Loss: 5.6189 | lr: 5.00e-04 | Best_PSNR: 30.0318 | max_value: 255.0 in Epoch [148]
2022-07-26 23:57:43,796 INFO: Epoch: 149 | PSNR: 30.0354 | Loss: 5.5372 | lr: 5.00e-04 | Best_PSNR: 30.0354 | max_value: 255.0 in Epoch [149]
2022-07-26 23:58:53,020 INFO: Epoch: 150 | PSNR: 30.0396 | Loss: 5.6212 | lr: 5.00e-04 | Best_PSNR: 30.0396 | max_value: 255.0 in Epoch [150]
2022-07-27 00:00:08,863 INFO: Epoch: 151 | PSNR: 30.0498 | Loss: 5.5495 | lr: 5.00e-04 | Best_PSNR: 30.0498 | max_value: 255.0 in Epoch [151]
2022-07-27 00:01:24,649 INFO: Epoch: 152 | PSNR: 30.0588 | Loss: 5.5621 | lr: 5.00e-04 | Best_PSNR: 30.0588 | max_value: 255.0 in Epoch [152]
2022-07-27 00:02:30,445 INFO: Epoch: 153 | PSNR: 30.0664 | Loss: 5.5836 | lr: 5.00e-04 | Best_PSNR: 30.0664 | max_value: 255.0 in Epoch [153]
2022-07-27 00:03:34,757 INFO: Epoch: 154 | PSNR: 30.0743 | Loss: 5.5660 | lr: 5.00e-04 | Best_PSNR: 30.0743 | max_value: 255.0 in Epoch [154]
2022-07-27 00:05:13,791 INFO: Epoch: 155 | PSNR: 30.0807 | Loss: 5.5702 | lr: 5.00e-04 | Best_PSNR: 30.0807 | max_value: 255.0 in Epoch [155]
2022-07-27 00:06:12,971 INFO: Epoch: 156 | PSNR: 30.0856 | Loss: 5.5515 | lr: 5.00e-04 | Best_PSNR: 30.0856 | max_value: 255.0 in Epoch [156]
2022-07-27 00:07:21,819 INFO: Epoch: 157 | PSNR: 30.0896 | Loss: 5.5212 | lr: 5.00e-04 | Best_PSNR: 30.0896 | max_value: 255.0 in Epoch [157]
2022-07-27 00:08:30,170 INFO: Epoch: 158 | PSNR: 30.0927 | Loss: 5.5556 | lr: 5.00e-04 | Best_PSNR: 30.0927 | max_value: 255.0 in Epoch [158]
2022-07-27 00:09:42,593 INFO: Epoch: 159 | PSNR: 30.0953 | Loss: 5.5953 | lr: 5.00e-04 | Best_PSNR: 30.0953 | max_value: 255.0 in Epoch [159]
2022-07-27 00:10:44,698 INFO: Epoch: 160 | PSNR: 30.0973 | Loss: 5.5662 | lr: 5.00e-04 | Best_PSNR: 30.0973 | max_value: 255.0 in Epoch [160]
2022-07-27 00:11:55,924 INFO: Epoch: 161 | PSNR: 30.0993 | Loss: 5.5984 | lr: 5.00e-04 | Best_PSNR: 30.0993 | max_value: 255.0 in Epoch [161]
2022-07-27 00:13:53,583 INFO: Epoch: 162 | PSNR: 30.1004 | Loss: 5.5546 | lr: 5.00e-04 | Best_PSNR: 30.1004 | max_value: 255.0 in Epoch [162]
2022-07-27 00:14:55,205 INFO: Epoch: 163 | PSNR: 30.1012 | Loss: 5.5505 | lr: 5.00e-04 | Best_PSNR: 30.1012 | max_value: 255.0 in Epoch [163]
2022-07-27 00:16:01,645 INFO: Epoch: 164 | PSNR: 30.1029 | Loss: 5.5989 | lr: 5.00e-04 | Best_PSNR: 30.1029 | max_value: 255.0 in Epoch [164]
2022-07-27 00:17:09,678 INFO: Epoch: 165 | PSNR: 30.1036 | Loss: 5.5447 | lr: 5.00e-04 | Best_PSNR: 30.1036 | max_value: 255.0 in Epoch [165]
2022-07-27 00:18:32,491 INFO: Epoch: 166 | PSNR: 30.1043 | Loss: 5.5574 | lr: 5.00e-04 | Best_PSNR: 30.1043 | max_value: 255.0 in Epoch [166]
2022-07-27 00:19:40,032 INFO: Epoch: 167 | PSNR: 30.1055 | Loss: 5.5125 | lr: 5.00e-04 | Best_PSNR: 30.1055 | max_value: 255.0 in Epoch [167]
2022-07-27 00:20:50,424 INFO: Epoch: 168 | PSNR: 30.1050 | Loss: 5.5715 | lr: 5.00e-04 | Best_PSNR: 30.1055 | max_value: 255.0 in Epoch [167]
2022-07-27 00:21:56,614 INFO: Epoch: 169 | PSNR: 30.1059 | Loss: 5.4956 | lr: 5.00e-04 | Best_PSNR: 30.1059 | max_value: 255.0 in Epoch [169]
2022-07-27 00:22:54,135 INFO: Epoch: 170 | PSNR: 30.1057 | Loss: 5.5402 | lr: 5.00e-04 | Best_PSNR: 30.1059 | max_value: 255.0 in Epoch [169]
2022-07-27 00:23:59,306 INFO: Epoch: 171 | PSNR: 30.1073 | Loss: 5.4873 | lr: 5.00e-04 | Best_PSNR: 30.1073 | max_value: 255.0 in Epoch [171]
2022-07-27 00:26:19,893 INFO: Epoch: 172 | PSNR: 30.1079 | Loss: 5.5167 | lr: 5.00e-04 | Best_PSNR: 30.1079 | max_value: 255.0 in Epoch [172]
2022-07-27 00:27:32,324 INFO: Epoch: 173 | PSNR: 30.1087 | Loss: 5.5166 | lr: 5.00e-04 | Best_PSNR: 30.1087 | max_value: 255.0 in Epoch [173]
2022-07-27 00:28:50,812 INFO: Epoch: 174 | PSNR: 30.1092 | Loss: 5.5975 | lr: 5.00e-04 | Best_PSNR: 30.1092 | max_value: 255.0 in Epoch [174]
2022-07-27 00:30:10,956 INFO: Epoch: 175 | PSNR: 30.1095 | Loss: 5.5038 | lr: 5.00e-04 | Best_PSNR: 30.1095 | max_value: 255.0 in Epoch [175]
2022-07-27 00:31:18,081 INFO: Epoch: 176 | PSNR: 30.1093 | Loss: 5.5155 | lr: 5.00e-04 | Best_PSNR: 30.1095 | max_value: 255.0 in Epoch [175]
2022-07-27 00:32:21,579 INFO: Epoch: 177 | PSNR: 30.1093 | Loss: 5.5514 | lr: 5.00e-04 | Best_PSNR: 30.1095 | max_value: 255.0 in Epoch [175]
2022-07-27 00:33:29,070 INFO: Epoch: 178 | PSNR: 30.1099 | Loss: 5.5460 | lr: 5.00e-04 | Best_PSNR: 30.1099 | max_value: 255.0 in Epoch [178]
2022-07-27 00:34:39,388 INFO: Epoch: 179 | PSNR: 30.1103 | Loss: 5.5251 | lr: 5.00e-04 | Best_PSNR: 30.1103 | max_value: 255.0 in Epoch [179]
2022-07-27 00:35:33,291 INFO: Epoch: 180 | PSNR: 30.1100 | Loss: 5.5085 | lr: 5.00e-04 | Best_PSNR: 30.1103 | max_value: 255.0 in Epoch [179]
2022-07-27 00:36:27,224 INFO: Epoch: 181 | PSNR: 30.1098 | Loss: 5.5816 | lr: 5.00e-04 | Best_PSNR: 30.1103 | max_value: 255.0 in Epoch [179]
2022-07-27 00:37:25,118 INFO: Epoch: 182 | PSNR: 30.1108 | Loss: 5.5191 | lr: 5.00e-04 | Best_PSNR: 30.1108 | max_value: 255.0 in Epoch [182]
2022-07-27 00:38:24,524 INFO: Epoch: 183 | PSNR: 30.1104 | Loss: 5.5462 | lr: 5.00e-04 | Best_PSNR: 30.1108 | max_value: 255.0 in Epoch [182]
2022-07-27 00:39:24,301 INFO: Epoch: 184 | PSNR: 30.1111 | Loss: 5.5240 | lr: 5.00e-04 | Best_PSNR: 30.1111 | max_value: 255.0 in Epoch [184]
2022-07-27 00:40:36,675 INFO: Epoch: 185 | PSNR: 30.1112 | Loss: 5.5138 | lr: 5.00e-04 | Best_PSNR: 30.1112 | max_value: 255.0 in Epoch [185]
2022-07-27 00:41:36,475 INFO: Epoch: 186 | PSNR: 30.1107 | Loss: 5.5869 | lr: 5.00e-04 | Best_PSNR: 30.1112 | max_value: 255.0 in Epoch [185]
2022-07-27 00:42:58,672 INFO: Epoch: 187 | PSNR: 30.1105 | Loss: 5.5527 | lr: 5.00e-04 | Best_PSNR: 30.1112 | max_value: 255.0 in Epoch [185]
2022-07-27 00:43:57,831 INFO: Epoch: 188 | PSNR: 30.1116 | Loss: 5.5680 | lr: 5.00e-04 | Best_PSNR: 30.1116 | max_value: 255.0 in Epoch [188]
2022-07-27 00:45:07,094 INFO: Epoch: 189 | PSNR: 30.1125 | Loss: 5.5167 | lr: 5.00e-04 | Best_PSNR: 30.1125 | max_value: 255.0 in Epoch [189]
2022-07-27 00:46:09,819 INFO: Epoch: 190 | PSNR: 30.1133 | Loss: 5.5243 | lr: 5.00e-04 | Best_PSNR: 30.1133 | max_value: 255.0 in Epoch [190]
2022-07-27 00:47:08,681 INFO: Epoch: 191 | PSNR: 30.1125 | Loss: 5.5439 | lr: 5.00e-04 | Best_PSNR: 30.1133 | max_value: 255.0 in Epoch [190]
2022-07-27 00:48:44,910 INFO: Epoch: 192 | PSNR: 30.1128 | Loss: 5.5580 | lr: 5.00e-04 | Best_PSNR: 30.1133 | max_value: 255.0 in Epoch [190]
2022-07-27 00:49:45,258 INFO: Epoch: 193 | PSNR: 30.1135 | Loss: 5.5458 | lr: 5.00e-04 | Best_PSNR: 30.1135 | max_value: 255.0 in Epoch [193]
2022-07-27 00:50:54,682 INFO: Epoch: 194 | PSNR: 30.1134 | Loss: 5.5432 | lr: 5.00e-04 | Best_PSNR: 30.1135 | max_value: 255.0 in Epoch [193]
2022-07-27 00:51:53,365 INFO: Epoch: 195 | PSNR: 30.1135 | Loss: 5.5618 | lr: 5.00e-04 | Best_PSNR: 30.1135 | max_value: 255.0 in Epoch [195]
2022-07-27 00:52:52,264 INFO: Epoch: 196 | PSNR: 30.1125 | Loss: 5.5748 | lr: 5.00e-04 | Best_PSNR: 30.1135 | max_value: 255.0 in Epoch [195]
2022-07-27 00:53:46,152 INFO: Epoch: 197 | PSNR: 30.1129 | Loss: 5.5260 | lr: 5.00e-04 | Best_PSNR: 30.1135 | max_value: 255.0 in Epoch [195]
2022-07-27 00:55:05,359 INFO: Epoch: 198 | PSNR: 30.1131 | Loss: 5.5610 | lr: 5.00e-04 | Best_PSNR: 30.1135 | max_value: 255.0 in Epoch [195]
2022-07-27 00:56:03,755 INFO: Epoch: 199 | PSNR: 30.1139 | Loss: 5.5319 | lr: 5.00e-04 | Best_PSNR: 30.1139 | max_value: 255.0 in Epoch [199]
2022-07-27 00:57:10,877 INFO: Epoch: 200 | PSNR: 30.1141 | Loss: 5.5311 | lr: 5.00e-04 | Best_PSNR: 30.1141 | max_value: 255.0 in Epoch [200]
2022-07-27 00:58:14,116 INFO: Epoch: 201 | PSNR: 30.1145 | Loss: 5.5353 | lr: 5.00e-04 | Best_PSNR: 30.1145 | max_value: 255.0 in Epoch [201]
2022-07-27 00:59:43,126 INFO: Epoch: 202 | PSNR: 30.1147 | Loss: 5.5681 | lr: 5.00e-04 | Best_PSNR: 30.1147 | max_value: 255.0 in Epoch [202]
2022-07-27 01:00:48,592 INFO: Epoch: 203 | PSNR: 30.1153 | Loss: 5.5314 | lr: 5.00e-04 | Best_PSNR: 30.1153 | max_value: 255.0 in Epoch [203]
2022-07-27 01:01:50,880 INFO: Epoch: 204 | PSNR: 30.1141 | Loss: 5.5320 | lr: 5.00e-04 | Best_PSNR: 30.1153 | max_value: 255.0 in Epoch [203]
2022-07-27 01:02:59,956 INFO: Epoch: 205 | PSNR: 30.1138 | Loss: 5.5393 | lr: 5.00e-04 | Best_PSNR: 30.1153 | max_value: 255.0 in Epoch [203]
2022-07-27 01:04:21,601 INFO: Epoch: 206 | PSNR: 30.1155 | Loss: 5.5921 | lr: 5.00e-04 | Best_PSNR: 30.1155 | max_value: 255.0 in Epoch [206]
2022-07-27 01:05:54,920 INFO: Epoch: 207 | PSNR: 30.1161 | Loss: 5.5273 | lr: 5.00e-04 | Best_PSNR: 30.1161 | max_value: 255.0 in Epoch [207]
2022-07-27 01:07:02,995 INFO: Epoch: 208 | PSNR: 30.1167 | Loss: 5.5707 | lr: 5.00e-04 | Best_PSNR: 30.1167 | max_value: 255.0 in Epoch [208]
2022-07-27 01:08:17,687 INFO: Epoch: 209 | PSNR: 30.1161 | Loss: 5.5630 | lr: 5.00e-04 | Best_PSNR: 30.1167 | max_value: 255.0 in Epoch [208]
2022-07-27 01:09:39,021 INFO: Epoch: 210 | PSNR: 30.1163 | Loss: 5.5270 | lr: 5.00e-04 | Best_PSNR: 30.1167 | max_value: 255.0 in Epoch [208]
2022-07-27 01:10:53,938 INFO: Epoch: 211 | PSNR: 30.1157 | Loss: 5.6026 | lr: 5.00e-04 | Best_PSNR: 30.1167 | max_value: 255.0 in Epoch [208]
2022-07-27 01:12:14,532 INFO: Epoch: 212 | PSNR: 30.1164 | Loss: 5.5075 | lr: 5.00e-04 | Best_PSNR: 30.1167 | max_value: 255.0 in Epoch [208]
2022-07-27 01:13:28,278 INFO: Epoch: 213 | PSNR: 30.1165 | Loss: 5.5345 | lr: 5.00e-04 | Best_PSNR: 30.1167 | max_value: 255.0 in Epoch [208]
2022-07-27 01:14:33,306 INFO: Epoch: 214 | PSNR: 30.1166 | Loss: 5.5621 | lr: 5.00e-04 | Best_PSNR: 30.1167 | max_value: 255.0 in Epoch [208]
2022-07-27 01:15:38,161 INFO: Epoch: 215 | PSNR: 30.1175 | Loss: 5.4917 | lr: 5.00e-04 | Best_PSNR: 30.1175 | max_value: 255.0 in Epoch [215]
2022-07-27 01:16:43,119 INFO: Epoch: 216 | PSNR: 30.1171 | Loss: 5.5507 | lr: 5.00e-04 | Best_PSNR: 30.1175 | max_value: 255.0 in Epoch [215]
2022-07-27 01:18:16,281 INFO: Epoch: 217 | PSNR: 30.1170 | Loss: 5.5383 | lr: 5.00e-04 | Best_PSNR: 30.1175 | max_value: 255.0 in Epoch [215]
2022-07-27 01:19:23,000 INFO: Epoch: 218 | PSNR: 30.1156 | Loss: 5.5498 | lr: 5.00e-04 | Best_PSNR: 30.1175 | max_value: 255.0 in Epoch [215]
2022-07-27 01:20:29,900 INFO: Epoch: 219 | PSNR: 30.1175 | Loss: 5.5278 | lr: 5.00e-04 | Best_PSNR: 30.1175 | max_value: 255.0 in Epoch [219]
2022-07-27 01:21:34,412 INFO: Epoch: 220 | PSNR: 30.1165 | Loss: 5.5009 | lr: 5.00e-04 | Best_PSNR: 30.1175 | max_value: 255.0 in Epoch [219]
2022-07-27 01:22:36,999 INFO: Epoch: 221 | PSNR: 30.1168 | Loss: 5.5345 | lr: 5.00e-04 | Best_PSNR: 30.1175 | max_value: 255.0 in Epoch [219]
2022-07-27 01:24:03,628 INFO: Epoch: 222 | PSNR: 30.1173 | Loss: 5.5276 | lr: 5.00e-04 | Best_PSNR: 30.1175 | max_value: 255.0 in Epoch [219]
2022-07-27 01:26:01,881 INFO: Epoch: 223 | PSNR: 30.1176 | Loss: 5.5126 | lr: 5.00e-04 | Best_PSNR: 30.1176 | max_value: 255.0 in Epoch [223]
2022-07-27 01:27:20,167 INFO: Epoch: 224 | PSNR: 30.1184 | Loss: 5.5474 | lr: 5.00e-04 | Best_PSNR: 30.1184 | max_value: 255.0 in Epoch [224]
2022-07-27 01:28:30,325 INFO: Epoch: 225 | PSNR: 30.1179 | Loss: 5.5750 | lr: 5.00e-04 | Best_PSNR: 30.1184 | max_value: 255.0 in Epoch [224]
2022-07-27 01:29:48,699 INFO: Epoch: 226 | PSNR: 30.1184 | Loss: 5.5571 | lr: 5.00e-04 | Best_PSNR: 30.1184 | max_value: 255.0 in Epoch [226]
2022-07-27 01:31:08,113 INFO: Epoch: 227 | PSNR: 30.1189 | Loss: 5.5836 | lr: 5.00e-04 | Best_PSNR: 30.1189 | max_value: 255.0 in Epoch [227]
2022-07-27 01:32:13,406 INFO: Epoch: 228 | PSNR: 30.1184 | Loss: 5.5670 | lr: 5.00e-04 | Best_PSNR: 30.1189 | max_value: 255.0 in Epoch [227]
2022-07-27 01:33:22,430 INFO: Epoch: 229 | PSNR: 30.1184 | Loss: 5.5477 | lr: 5.00e-04 | Best_PSNR: 30.1189 | max_value: 255.0 in Epoch [227]
2022-07-27 01:34:28,559 INFO: Epoch: 230 | PSNR: 30.1188 | Loss: 5.5214 | lr: 5.00e-04 | Best_PSNR: 30.1189 | max_value: 255.0 in Epoch [227]
2022-07-27 01:35:32,184 INFO: Epoch: 231 | PSNR: 30.1188 | Loss: 5.5863 | lr: 5.00e-04 | Best_PSNR: 30.1189 | max_value: 255.0 in Epoch [227]
2022-07-27 01:36:31,798 INFO: Epoch: 232 | PSNR: 30.1192 | Loss: 5.5349 | lr: 5.00e-04 | Best_PSNR: 30.1192 | max_value: 255.0 in Epoch [232]
2022-07-27 01:37:42,638 INFO: Epoch: 233 | PSNR: 30.1182 | Loss: 5.6245 | lr: 5.00e-04 | Best_PSNR: 30.1192 | max_value: 255.0 in Epoch [232]
2022-07-27 01:38:54,693 INFO: Epoch: 234 | PSNR: 30.1181 | Loss: 5.5339 | lr: 5.00e-04 | Best_PSNR: 30.1192 | max_value: 255.0 in Epoch [232]
2022-07-27 01:40:02,207 INFO: Epoch: 235 | PSNR: 30.1178 | Loss: 5.5652 | lr: 5.00e-04 | Best_PSNR: 30.1192 | max_value: 255.0 in Epoch [232]
2022-07-27 01:41:32,481 INFO: Epoch: 236 | PSNR: 30.1182 | Loss: 5.5116 | lr: 5.00e-04 | Best_PSNR: 30.1192 | max_value: 255.0 in Epoch [232]
2022-07-27 01:42:41,331 INFO: Epoch: 237 | PSNR: 30.1184 | Loss: 5.5257 | lr: 5.00e-04 | Best_PSNR: 30.1192 | max_value: 255.0 in Epoch [232]
2022-07-27 01:43:45,942 INFO: Epoch: 238 | PSNR: 30.1188 | Loss: 5.5712 | lr: 5.00e-04 | Best_PSNR: 30.1192 | max_value: 255.0 in Epoch [232]
2022-07-27 01:44:47,455 INFO: Epoch: 239 | PSNR: 30.1188 | Loss: 5.5504 | lr: 5.00e-04 | Best_PSNR: 30.1192 | max_value: 255.0 in Epoch [232]
2022-07-27 01:45:50,466 INFO: Epoch: 240 | PSNR: 30.1188 | Loss: 5.5504 | lr: 5.00e-04 | Best_PSNR: 30.1192 | max_value: 255.0 in Epoch [232]
2022-07-27 01:46:58,778 INFO: Epoch: 241 | PSNR: 30.1207 | Loss: 5.5465 | lr: 2.50e-04 | Best_PSNR: 30.1207 | max_value: 255.0 in Epoch [241]
2022-07-27 01:48:05,115 INFO: Epoch: 242 | PSNR: 30.1222 | Loss: 5.5596 | lr: 2.50e-04 | Best_PSNR: 30.1222 | max_value: 255.0 in Epoch [242]
2022-07-27 01:49:15,011 INFO: Epoch: 243 | PSNR: 30.1226 | Loss: 5.5864 | lr: 2.50e-04 | Best_PSNR: 30.1226 | max_value: 255.0 in Epoch [243]
2022-07-27 01:50:40,906 INFO: Epoch: 244 | PSNR: 30.1232 | Loss: 5.5460 | lr: 2.50e-04 | Best_PSNR: 30.1232 | max_value: 255.0 in Epoch [244]
2022-07-27 01:51:44,112 INFO: Epoch: 245 | PSNR: 30.1235 | Loss: 5.4941 | lr: 2.50e-04 | Best_PSNR: 30.1235 | max_value: 255.0 in Epoch [245]
2022-07-27 01:52:55,939 INFO: Epoch: 246 | PSNR: 30.1240 | Loss: 5.4996 | lr: 2.50e-04 | Best_PSNR: 30.1240 | max_value: 255.0 in Epoch [246]
2022-07-27 01:54:04,239 INFO: Epoch: 247 | PSNR: 30.1241 | Loss: 5.5059 | lr: 2.50e-04 | Best_PSNR: 30.1241 | max_value: 255.0 in Epoch [247]
2022-07-27 01:55:10,147 INFO: Epoch: 248 | PSNR: 30.1248 | Loss: 5.4978 | lr: 2.50e-04 | Best_PSNR: 30.1248 | max_value: 255.0 in Epoch [248]
2022-07-27 01:56:12,869 INFO: Epoch: 249 | PSNR: 30.1236 | Loss: 5.5645 | lr: 2.50e-04 | Best_PSNR: 30.1248 | max_value: 255.0 in Epoch [248]
2022-07-27 01:57:57,630 INFO: Epoch: 250 | PSNR: 30.1241 | Loss: 5.5489 | lr: 2.50e-04 | Best_PSNR: 30.1248 | max_value: 255.0 in Epoch [248]
2022-07-27 01:59:37,446 INFO: Epoch: 251 | PSNR: 30.1249 | Loss: 5.5673 | lr: 2.50e-04 | Best_PSNR: 30.1249 | max_value: 255.0 in Epoch [251]
2022-07-27 02:00:59,514 INFO: Epoch: 252 | PSNR: 30.1253 | Loss: 5.5698 | lr: 2.50e-04 | Best_PSNR: 30.1253 | max_value: 255.0 in Epoch [252]
2022-07-27 02:02:06,330 INFO: Epoch: 253 | PSNR: 30.1248 | Loss: 5.4934 | lr: 2.50e-04 | Best_PSNR: 30.1253 | max_value: 255.0 in Epoch [252]
2022-07-27 02:03:12,731 INFO: Epoch: 254 | PSNR: 30.1250 | Loss: 5.5106 | lr: 2.50e-04 | Best_PSNR: 30.1253 | max_value: 255.0 in Epoch [252]
2022-07-27 02:04:14,594 INFO: Epoch: 255 | PSNR: 30.1251 | Loss: 5.5116 | lr: 2.50e-04 | Best_PSNR: 30.1253 | max_value: 255.0 in Epoch [252]
2022-07-27 02:05:16,437 INFO: Epoch: 256 | PSNR: 30.1255 | Loss: 5.4703 | lr: 2.50e-04 | Best_PSNR: 30.1255 | max_value: 255.0 in Epoch [256]
2022-07-27 02:06:23,616 INFO: Epoch: 257 | PSNR: 30.1263 | Loss: 5.5248 | lr: 2.50e-04 | Best_PSNR: 30.1263 | max_value: 255.0 in Epoch [257]
2022-07-27 02:07:28,758 INFO: Epoch: 258 | PSNR: 30.1264 | Loss: 5.5147 | lr: 2.50e-04 | Best_PSNR: 30.1264 | max_value: 255.0 in Epoch [258]
2022-07-27 02:08:32,429 INFO: Epoch: 259 | PSNR: 30.1261 | Loss: 5.5689 | lr: 2.50e-04 | Best_PSNR: 30.1264 | max_value: 255.0 in Epoch [258]
2022-07-27 02:09:44,972 INFO: Epoch: 260 | PSNR: 30.1256 | Loss: 5.4826 | lr: 2.50e-04 | Best_PSNR: 30.1264 | max_value: 255.0 in Epoch [258]
2022-07-27 02:11:08,534 INFO: Epoch: 261 | PSNR: 30.1258 | Loss: 5.5194 | lr: 2.50e-04 | Best_PSNR: 30.1264 | max_value: 255.0 in Epoch [258]
2022-07-27 02:12:10,638 INFO: Epoch: 262 | PSNR: 30.1256 | Loss: 5.5302 | lr: 2.50e-04 | Best_PSNR: 30.1264 | max_value: 255.0 in Epoch [258]
2022-07-27 02:14:36,804 INFO: Epoch: 263 | PSNR: 30.1260 | Loss: 5.5276 | lr: 2.50e-04 | Best_PSNR: 30.1264 | max_value: 255.0 in Epoch [258]
2022-07-27 02:15:46,562 INFO: Epoch: 264 | PSNR: 30.1258 | Loss: 5.5274 | lr: 2.50e-04 | Best_PSNR: 30.1264 | max_value: 255.0 in Epoch [258]
2022-07-27 02:16:52,581 INFO: Epoch: 265 | PSNR: 30.1265 | Loss: 5.5204 | lr: 2.50e-04 | Best_PSNR: 30.1265 | max_value: 255.0 in Epoch [265]
2022-07-27 02:18:02,570 INFO: Epoch: 266 | PSNR: 30.1264 | Loss: 5.5038 | lr: 2.50e-04 | Best_PSNR: 30.1265 | max_value: 255.0 in Epoch [265]
2022-07-27 02:19:10,342 INFO: Epoch: 267 | PSNR: 30.1264 | Loss: 5.5245 | lr: 2.50e-04 | Best_PSNR: 30.1265 | max_value: 255.0 in Epoch [265]
2022-07-27 02:20:14,592 INFO: Epoch: 268 | PSNR: 30.1268 | Loss: 5.5251 | lr: 2.50e-04 | Best_PSNR: 30.1268 | max_value: 255.0 in Epoch [268]
2022-07-27 02:21:35,702 INFO: Epoch: 269 | PSNR: 30.1270 | Loss: 5.5051 | lr: 2.50e-04 | Best_PSNR: 30.1270 | max_value: 255.0 in Epoch [269]
2022-07-27 02:23:01,430 INFO: Epoch: 270 | PSNR: 30.1269 | Loss: 5.4958 | lr: 2.50e-04 | Best_PSNR: 30.1270 | max_value: 255.0 in Epoch [269]
2022-07-27 02:24:11,659 INFO: Epoch: 271 | PSNR: 30.1264 | Loss: 5.5126 | lr: 2.50e-04 | Best_PSNR: 30.1270 | max_value: 255.0 in Epoch [269]
2022-07-27 02:25:07,672 INFO: Epoch: 272 | PSNR: 30.1269 | Loss: 5.5329 | lr: 2.50e-04 | Best_PSNR: 30.1270 | max_value: 255.0 in Epoch [269]
2022-07-27 02:26:14,656 INFO: Epoch: 273 | PSNR: 30.1261 | Loss: 5.5086 | lr: 2.50e-04 | Best_PSNR: 30.1270 | max_value: 255.0 in Epoch [269]
2022-07-27 02:27:25,628 INFO: Epoch: 274 | PSNR: 30.1267 | Loss: 5.5559 | lr: 2.50e-04 | Best_PSNR: 30.1270 | max_value: 255.0 in Epoch [269]
2022-07-27 02:28:32,628 INFO: Epoch: 275 | PSNR: 30.1264 | Loss: 5.5377 | lr: 2.50e-04 | Best_PSNR: 30.1270 | max_value: 255.0 in Epoch [269]
2022-07-27 02:29:33,621 INFO: Epoch: 276 | PSNR: 30.1262 | Loss: 5.5639 | lr: 2.50e-04 | Best_PSNR: 30.1270 | max_value: 255.0 in Epoch [269]
2022-07-27 02:30:38,586 INFO: Epoch: 277 | PSNR: 30.1266 | Loss: 5.4857 | lr: 2.50e-04 | Best_PSNR: 30.1270 | max_value: 255.0 in Epoch [269]
2022-07-27 02:31:40,789 INFO: Epoch: 278 | PSNR: 30.1267 | Loss: 5.5117 | lr: 2.50e-04 | Best_PSNR: 30.1270 | max_value: 255.0 in Epoch [269]
2022-07-27 02:32:46,092 INFO: Epoch: 279 | PSNR: 30.1269 | Loss: 5.5174 | lr: 2.50e-04 | Best_PSNR: 30.1270 | max_value: 255.0 in Epoch [269]
2022-07-27 02:33:53,494 INFO: Epoch: 280 | PSNR: 30.1279 | Loss: 5.4908 | lr: 2.50e-04 | Best_PSNR: 30.1279 | max_value: 255.0 in Epoch [280]
2022-07-27 02:35:27,541 INFO: Epoch: 281 | PSNR: 30.1280 | Loss: 5.4994 | lr: 2.50e-04 | Best_PSNR: 30.1280 | max_value: 255.0 in Epoch [281]
2022-07-27 02:36:31,717 INFO: Epoch: 282 | PSNR: 30.1274 | Loss: 5.5255 | lr: 2.50e-04 | Best_PSNR: 30.1280 | max_value: 255.0 in Epoch [281]
2022-07-27 02:37:31,109 INFO: Epoch: 283 | PSNR: 30.1266 | Loss: 5.5434 | lr: 2.50e-04 | Best_PSNR: 30.1280 | max_value: 255.0 in Epoch [281]
2022-07-27 02:38:37,095 INFO: Epoch: 284 | PSNR: 30.1280 | Loss: 5.5230 | lr: 2.50e-04 | Best_PSNR: 30.1280 | max_value: 255.0 in Epoch [281]
2022-07-27 02:39:45,731 INFO: Epoch: 285 | PSNR: 30.1273 | Loss: 5.5417 | lr: 2.50e-04 | Best_PSNR: 30.1280 | max_value: 255.0 in Epoch [281]
2022-07-27 02:40:49,060 INFO: Epoch: 286 | PSNR: 30.1275 | Loss: 5.4935 | lr: 2.50e-04 | Best_PSNR: 30.1280 | max_value: 255.0 in Epoch [281]
2022-07-27 02:41:50,172 INFO: Epoch: 287 | PSNR: 30.1286 | Loss: 5.5274 | lr: 2.50e-04 | Best_PSNR: 30.1286 | max_value: 255.0 in Epoch [287]
2022-07-27 02:43:44,718 INFO: Epoch: 288 | PSNR: 30.1281 | Loss: 5.5165 | lr: 2.50e-04 | Best_PSNR: 30.1286 | max_value: 255.0 in Epoch [287]
2022-07-27 02:44:55,421 INFO: Epoch: 289 | PSNR: 30.1283 | Loss: 5.6217 | lr: 2.50e-04 | Best_PSNR: 30.1286 | max_value: 255.0 in Epoch [287]
2022-07-27 02:45:58,176 INFO: Epoch: 290 | PSNR: 30.1273 | Loss: 5.5363 | lr: 2.50e-04 | Best_PSNR: 30.1286 | max_value: 255.0 in Epoch [287]
2022-07-27 02:47:03,402 INFO: Epoch: 291 | PSNR: 30.1275 | Loss: 5.4683 | lr: 2.50e-04 | Best_PSNR: 30.1286 | max_value: 255.0 in Epoch [287]
2022-07-27 02:48:17,420 INFO: Epoch: 292 | PSNR: 30.1272 | Loss: 5.5546 | lr: 2.50e-04 | Best_PSNR: 30.1286 | max_value: 255.0 in Epoch [287]
2022-07-27 02:49:21,025 INFO: Epoch: 293 | PSNR: 30.1274 | Loss: 5.5409 | lr: 2.50e-04 | Best_PSNR: 30.1286 | max_value: 255.0 in Epoch [287]
2022-07-27 02:50:25,653 INFO: Epoch: 294 | PSNR: 30.1277 | Loss: 5.4933 | lr: 2.50e-04 | Best_PSNR: 30.1286 | max_value: 255.0 in Epoch [287]
2022-07-27 02:51:31,455 INFO: Epoch: 295 | PSNR: 30.1268 | Loss: 5.5087 | lr: 2.50e-04 | Best_PSNR: 30.1286 | max_value: 255.0 in Epoch [287]
2022-07-27 02:52:57,670 INFO: Epoch: 296 | PSNR: 30.1270 | Loss: 5.5131 | lr: 2.50e-04 | Best_PSNR: 30.1286 | max_value: 255.0 in Epoch [287]
2022-07-27 02:53:59,671 INFO: Epoch: 297 | PSNR: 30.1281 | Loss: 5.4945 | lr: 2.50e-04 | Best_PSNR: 30.1286 | max_value: 255.0 in Epoch [287]
2022-07-27 02:54:59,755 INFO: Epoch: 298 | PSNR: 30.1279 | Loss: 5.5085 | lr: 2.50e-04 | Best_PSNR: 30.1286 | max_value: 255.0 in Epoch [287]
2022-07-27 02:56:15,952 INFO: Epoch: 299 | PSNR: 30.1277 | Loss: 5.5359 | lr: 2.50e-04 | Best_PSNR: 30.1286 | max_value: 255.0 in Epoch [287]
2022-07-27 02:57:17,644 INFO: Epoch: 300 | PSNR: 30.1276 | Loss: 5.5046 | lr: 2.50e-04 | Best_PSNR: 30.1286 | max_value: 255.0 in Epoch [287]
2022-07-27 02:58:28,878 INFO: Epoch: 301 | PSNR: 30.1276 | Loss: 5.5089 | lr: 2.50e-04 | Best_PSNR: 30.1286 | max_value: 255.0 in Epoch [287]
2022-07-27 02:59:28,984 INFO: Epoch: 302 | PSNR: 30.1272 | Loss: 5.5294 | lr: 2.50e-04 | Best_PSNR: 30.1286 | max_value: 255.0 in Epoch [287]
2022-07-27 03:00:29,066 INFO: Epoch: 303 | PSNR: 30.1276 | Loss: 5.5125 | lr: 2.50e-04 | Best_PSNR: 30.1286 | max_value: 255.0 in Epoch [287]
2022-07-27 03:01:23,834 INFO: Epoch: 304 | PSNR: 30.1279 | Loss: 5.5384 | lr: 2.50e-04 | Best_PSNR: 30.1286 | max_value: 255.0 in Epoch [287]
2022-07-27 03:02:20,413 INFO: Epoch: 305 | PSNR: 30.1285 | Loss: 5.5463 | lr: 2.50e-04 | Best_PSNR: 30.1286 | max_value: 255.0 in Epoch [287]
2022-07-27 03:03:19,921 INFO: Epoch: 306 | PSNR: 30.1290 | Loss: 5.4787 | lr: 2.50e-04 | Best_PSNR: 30.1290 | max_value: 255.0 in Epoch [306]
2022-07-27 03:04:25,723 INFO: Epoch: 307 | PSNR: 30.1287 | Loss: 5.4884 | lr: 2.50e-04 | Best_PSNR: 30.1290 | max_value: 255.0 in Epoch [306]
2022-07-27 03:05:20,814 INFO: Epoch: 308 | PSNR: 30.1286 | Loss: 5.5388 | lr: 2.50e-04 | Best_PSNR: 30.1290 | max_value: 255.0 in Epoch [306]
2022-07-27 03:06:27,365 INFO: Epoch: 309 | PSNR: 30.1285 | Loss: 5.5316 | lr: 2.50e-04 | Best_PSNR: 30.1290 | max_value: 255.0 in Epoch [306]
2022-07-27 03:07:33,901 INFO: Epoch: 310 | PSNR: 30.1288 | Loss: 5.4894 | lr: 2.50e-04 | Best_PSNR: 30.1290 | max_value: 255.0 in Epoch [306]
2022-07-27 03:08:43,546 INFO: Epoch: 311 | PSNR: 30.1286 | Loss: 5.5395 | lr: 2.50e-04 | Best_PSNR: 30.1290 | max_value: 255.0 in Epoch [306]
2022-07-27 03:09:46,096 INFO: Epoch: 312 | PSNR: 30.1285 | Loss: 5.5177 | lr: 2.50e-04 | Best_PSNR: 30.1290 | max_value: 255.0 in Epoch [306]
2022-07-27 03:10:55,643 INFO: Epoch: 313 | PSNR: 30.1288 | Loss: 5.5150 | lr: 2.50e-04 | Best_PSNR: 30.1290 | max_value: 255.0 in Epoch [306]
2022-07-27 03:12:01,703 INFO: Epoch: 314 | PSNR: 30.1298 | Loss: 5.5105 | lr: 2.50e-04 | Best_PSNR: 30.1298 | max_value: 255.0 in Epoch [314]
2022-07-27 03:13:27,782 INFO: Epoch: 315 | PSNR: 30.1292 | Loss: 5.5176 | lr: 2.50e-04 | Best_PSNR: 30.1298 | max_value: 255.0 in Epoch [314]
2022-07-27 03:14:28,160 INFO: Epoch: 316 | PSNR: 30.1284 | Loss: 5.5106 | lr: 2.50e-04 | Best_PSNR: 30.1298 | max_value: 255.0 in Epoch [314]
2022-07-27 03:15:31,222 INFO: Epoch: 317 | PSNR: 30.1291 | Loss: 5.5277 | lr: 2.50e-04 | Best_PSNR: 30.1298 | max_value: 255.0 in Epoch [314]
2022-07-27 03:16:31,749 INFO: Epoch: 318 | PSNR: 30.1290 | Loss: 5.4988 | lr: 2.50e-04 | Best_PSNR: 30.1298 | max_value: 255.0 in Epoch [314]
2022-07-27 03:17:37,840 INFO: Epoch: 319 | PSNR: 30.1292 | Loss: 5.5668 | lr: 2.50e-04 | Best_PSNR: 30.1298 | max_value: 255.0 in Epoch [314]
2022-07-27 03:18:37,187 INFO: Epoch: 320 | PSNR: 30.1285 | Loss: 5.5470 | lr: 2.50e-04 | Best_PSNR: 30.1298 | max_value: 255.0 in Epoch [314]
2022-07-27 03:19:37,787 INFO: Epoch: 321 | PSNR: 30.1285 | Loss: 5.5502 | lr: 2.50e-04 | Best_PSNR: 30.1298 | max_value: 255.0 in Epoch [314]
2022-07-27 03:20:36,883 INFO: Epoch: 322 | PSNR: 30.1289 | Loss: 5.5280 | lr: 2.50e-04 | Best_PSNR: 30.1298 | max_value: 255.0 in Epoch [314]
2022-07-27 03:22:09,384 INFO: Epoch: 323 | PSNR: 30.1298 | Loss: 5.5130 | lr: 2.50e-04 | Best_PSNR: 30.1298 | max_value: 255.0 in Epoch [314]
2022-07-27 03:23:10,077 INFO: Epoch: 324 | PSNR: 30.1294 | Loss: 5.5116 | lr: 2.50e-04 | Best_PSNR: 30.1298 | max_value: 255.0 in Epoch [314]
2022-07-27 03:24:10,390 INFO: Epoch: 325 | PSNR: 30.1297 | Loss: 5.5362 | lr: 2.50e-04 | Best_PSNR: 30.1298 | max_value: 255.0 in Epoch [314]
2022-07-27 03:25:42,523 INFO: Epoch: 326 | PSNR: 30.1293 | Loss: 5.5549 | lr: 2.50e-04 | Best_PSNR: 30.1298 | max_value: 255.0 in Epoch [314]
2022-07-27 03:26:42,272 INFO: Epoch: 327 | PSNR: 30.1292 | Loss: 5.5299 | lr: 2.50e-04 | Best_PSNR: 30.1298 | max_value: 255.0 in Epoch [314]
2022-07-27 03:27:40,495 INFO: Epoch: 328 | PSNR: 30.1292 | Loss: 5.5769 | lr: 2.50e-04 | Best_PSNR: 30.1298 | max_value: 255.0 in Epoch [314]
2022-07-27 03:28:42,339 INFO: Epoch: 329 | PSNR: 30.1292 | Loss: 5.5409 | lr: 2.50e-04 | Best_PSNR: 30.1298 | max_value: 255.0 in Epoch [314]
2022-07-27 03:29:52,261 INFO: Epoch: 330 | PSNR: 30.1292 | Loss: 5.5338 | lr: 2.50e-04 | Best_PSNR: 30.1298 | max_value: 255.0 in Epoch [314]
2022-07-27 03:30:50,969 INFO: Epoch: 331 | PSNR: 30.1290 | Loss: 5.5180 | lr: 2.50e-04 | Best_PSNR: 30.1298 | max_value: 255.0 in Epoch [314]
2022-07-27 03:31:51,420 INFO: Epoch: 332 | PSNR: 30.1289 | Loss: 5.5101 | lr: 2.50e-04 | Best_PSNR: 30.1298 | max_value: 255.0 in Epoch [314]
2022-07-27 03:33:50,255 INFO: Epoch: 333 | PSNR: 30.1284 | Loss: 5.5395 | lr: 2.50e-04 | Best_PSNR: 30.1298 | max_value: 255.0 in Epoch [314]
2022-07-27 03:35:04,642 INFO: Epoch: 334 | PSNR: 30.1297 | Loss: 5.5238 | lr: 2.50e-04 | Best_PSNR: 30.1298 | max_value: 255.0 in Epoch [314]
2022-07-27 03:36:00,191 INFO: Epoch: 335 | PSNR: 30.1296 | Loss: 5.5436 | lr: 2.50e-04 | Best_PSNR: 30.1298 | max_value: 255.0 in Epoch [314]
2022-07-27 03:36:58,394 INFO: Epoch: 336 | PSNR: 30.1295 | Loss: 5.5589 | lr: 2.50e-04 | Best_PSNR: 30.1298 | max_value: 255.0 in Epoch [314]
2022-07-27 03:37:56,748 INFO: Epoch: 337 | PSNR: 30.1294 | Loss: 5.5254 | lr: 2.50e-04 | Best_PSNR: 30.1298 | max_value: 255.0 in Epoch [314]
2022-07-27 03:39:29,065 INFO: Epoch: 338 | PSNR: 30.1292 | Loss: 5.5349 | lr: 2.50e-04 | Best_PSNR: 30.1298 | max_value: 255.0 in Epoch [314]
2022-07-27 03:40:33,318 INFO: Epoch: 339 | PSNR: 30.1299 | Loss: 5.5463 | lr: 2.50e-04 | Best_PSNR: 30.1299 | max_value: 255.0 in Epoch [339]
2022-07-27 03:41:33,707 INFO: Epoch: 340 | PSNR: 30.1299 | Loss: 5.5165 | lr: 2.50e-04 | Best_PSNR: 30.1299 | max_value: 255.0 in Epoch [339]
2022-07-27 03:42:38,917 INFO: Epoch: 341 | PSNR: 30.1296 | Loss: 5.5036 | lr: 2.50e-04 | Best_PSNR: 30.1299 | max_value: 255.0 in Epoch [339]
2022-07-27 03:43:41,255 INFO: Epoch: 342 | PSNR: 30.1292 | Loss: 5.5500 | lr: 2.50e-04 | Best_PSNR: 30.1299 | max_value: 255.0 in Epoch [339]
2022-07-27 03:44:35,365 INFO: Epoch: 343 | PSNR: 30.1295 | Loss: 5.4868 | lr: 2.50e-04 | Best_PSNR: 30.1299 | max_value: 255.0 in Epoch [339]
2022-07-27 03:45:59,270 INFO: Epoch: 344 | PSNR: 30.1297 | Loss: 5.5501 | lr: 2.50e-04 | Best_PSNR: 30.1299 | max_value: 255.0 in Epoch [339]
2022-07-27 03:47:42,798 INFO: Epoch: 345 | PSNR: 30.1301 | Loss: 5.5033 | lr: 2.50e-04 | Best_PSNR: 30.1301 | max_value: 255.0 in Epoch [345]
2022-07-27 03:48:51,451 INFO: Epoch: 346 | PSNR: 30.1305 | Loss: 5.4930 | lr: 2.50e-04 | Best_PSNR: 30.1305 | max_value: 255.0 in Epoch [346]
2022-07-27 03:50:13,471 INFO: Epoch: 347 | PSNR: 30.1304 | Loss: 5.5428 | lr: 2.50e-04 | Best_PSNR: 30.1305 | max_value: 255.0 in Epoch [346]
2022-07-27 03:51:32,464 INFO: Epoch: 348 | PSNR: 30.1307 | Loss: 5.4808 | lr: 2.50e-04 | Best_PSNR: 30.1307 | max_value: 255.0 in Epoch [348]
2022-07-27 03:52:26,147 INFO: Epoch: 349 | PSNR: 30.1309 | Loss: 5.5271 | lr: 2.50e-04 | Best_PSNR: 30.1309 | max_value: 255.0 in Epoch [349]
2022-07-27 03:53:23,645 INFO: Epoch: 350 | PSNR: 30.1308 | Loss: 5.5120 | lr: 2.50e-04 | Best_PSNR: 30.1309 | max_value: 255.0 in Epoch [349]
2022-07-27 03:54:28,671 INFO: Epoch: 351 | PSNR: 30.1311 | Loss: 5.4898 | lr: 2.50e-04 | Best_PSNR: 30.1311 | max_value: 255.0 in Epoch [351]
2022-07-27 03:55:36,787 INFO: Epoch: 352 | PSNR: 30.1319 | Loss: 5.5014 | lr: 2.50e-04 | Best_PSNR: 30.1319 | max_value: 255.0 in Epoch [352]
2022-07-27 03:56:31,860 INFO: Epoch: 353 | PSNR: 30.1307 | Loss: 5.5137 | lr: 2.50e-04 | Best_PSNR: 30.1319 | max_value: 255.0 in Epoch [352]
2022-07-27 03:57:59,004 INFO: Epoch: 354 | PSNR: 30.1303 | Loss: 5.5509 | lr: 2.50e-04 | Best_PSNR: 30.1319 | max_value: 255.0 in Epoch [352]
2022-07-27 03:59:01,864 INFO: Epoch: 355 | PSNR: 30.1306 | Loss: 5.5072 | lr: 2.50e-04 | Best_PSNR: 30.1319 | max_value: 255.0 in Epoch [352]
2022-07-27 04:00:10,431 INFO: Epoch: 356 | PSNR: 30.1311 | Loss: 5.5154 | lr: 2.50e-04 | Best_PSNR: 30.1319 | max_value: 255.0 in Epoch [352]
2022-07-27 04:01:05,607 INFO: Epoch: 357 | PSNR: 30.1308 | Loss: 5.5527 | lr: 2.50e-04 | Best_PSNR: 30.1319 | max_value: 255.0 in Epoch [352]
2022-07-27 04:02:11,349 INFO: Epoch: 358 | PSNR: 30.1310 | Loss: 5.5222 | lr: 2.50e-04 | Best_PSNR: 30.1319 | max_value: 255.0 in Epoch [352]
2022-07-27 04:03:21,385 INFO: Epoch: 359 | PSNR: 30.1312 | Loss: 5.5469 | lr: 2.50e-04 | Best_PSNR: 30.1319 | max_value: 255.0 in Epoch [352]
2022-07-27 04:04:48,654 INFO: Epoch: 360 | PSNR: 30.1315 | Loss: 5.5357 | lr: 2.50e-04 | Best_PSNR: 30.1319 | max_value: 255.0 in Epoch [352]
2022-07-27 04:05:51,526 INFO: Epoch: 361 | PSNR: 30.1319 | Loss: 5.4763 | lr: 1.25e-04 | Best_PSNR: 30.1319 | max_value: 255.0 in Epoch [352]
2022-07-27 04:07:06,152 INFO: Epoch: 362 | PSNR: 30.1330 | Loss: 5.4781 | lr: 1.25e-04 | Best_PSNR: 30.1330 | max_value: 255.0 in Epoch [362]
2022-07-27 04:08:13,861 INFO: Epoch: 363 | PSNR: 30.1323 | Loss: 5.5506 | lr: 1.25e-04 | Best_PSNR: 30.1330 | max_value: 255.0 in Epoch [362]
2022-07-27 04:09:26,794 INFO: Epoch: 364 | PSNR: 30.1320 | Loss: 5.4982 | lr: 1.25e-04 | Best_PSNR: 30.1330 | max_value: 255.0 in Epoch [362]
2022-07-27 04:10:42,742 INFO: Epoch: 365 | PSNR: 30.1327 | Loss: 5.5568 | lr: 1.25e-04 | Best_PSNR: 30.1330 | max_value: 255.0 in Epoch [362]
2022-07-27 04:11:56,634 INFO: Epoch: 366 | PSNR: 30.1332 | Loss: 5.5492 | lr: 1.25e-04 | Best_PSNR: 30.1332 | max_value: 255.0 in Epoch [366]
2022-07-27 04:13:22,914 INFO: Epoch: 367 | PSNR: 30.1332 | Loss: 5.5244 | lr: 1.25e-04 | Best_PSNR: 30.1332 | max_value: 255.0 in Epoch [367]
2022-07-27 04:14:39,878 INFO: Epoch: 368 | PSNR: 30.1334 | Loss: 5.5301 | lr: 1.25e-04 | Best_PSNR: 30.1334 | max_value: 255.0 in Epoch [368]
2022-07-27 04:15:56,096 INFO: Epoch: 369 | PSNR: 30.1335 | Loss: 5.5316 | lr: 1.25e-04 | Best_PSNR: 30.1335 | max_value: 255.0 in Epoch [369]
2022-07-27 04:17:11,664 INFO: Epoch: 370 | PSNR: 30.1334 | Loss: 5.4754 | lr: 1.25e-04 | Best_PSNR: 30.1335 | max_value: 255.0 in Epoch [369]
2022-07-27 04:18:14,120 INFO: Epoch: 371 | PSNR: 30.1336 | Loss: 5.4825 | lr: 1.25e-04 | Best_PSNR: 30.1336 | max_value: 255.0 in Epoch [371]
2022-07-27 04:19:25,620 INFO: Epoch: 372 | PSNR: 30.1340 | Loss: 5.5150 | lr: 1.25e-04 | Best_PSNR: 30.1340 | max_value: 255.0 in Epoch [372]
2022-07-27 04:21:01,171 INFO: Epoch: 373 | PSNR: 30.1328 | Loss: 5.5175 | lr: 1.25e-04 | Best_PSNR: 30.1340 | max_value: 255.0 in Epoch [372]
2022-07-27 04:22:09,466 INFO: Epoch: 374 | PSNR: 30.1328 | Loss: 5.5145 | lr: 1.25e-04 | Best_PSNR: 30.1340 | max_value: 255.0 in Epoch [372]
2022-07-27 04:23:34,664 INFO: Epoch: 375 | PSNR: 30.1327 | Loss: 5.4724 | lr: 1.25e-04 | Best_PSNR: 30.1340 | max_value: 255.0 in Epoch [372]
2022-07-27 04:24:56,275 INFO: Epoch: 376 | PSNR: 30.1329 | Loss: 5.4903 | lr: 1.25e-04 | Best_PSNR: 30.1340 | max_value: 255.0 in Epoch [372]
2022-07-27 04:26:21,428 INFO: Epoch: 377 | PSNR: 30.1334 | Loss: 5.5178 | lr: 1.25e-04 | Best_PSNR: 30.1340 | max_value: 255.0 in Epoch [372]
2022-07-27 04:27:28,764 INFO: Epoch: 378 | PSNR: 30.1336 | Loss: 5.5036 | lr: 1.25e-04 | Best_PSNR: 30.1340 | max_value: 255.0 in Epoch [372]
2022-07-27 04:28:39,988 INFO: Epoch: 379 | PSNR: 30.1343 | Loss: 5.5382 | lr: 1.25e-04 | Best_PSNR: 30.1343 | max_value: 255.0 in Epoch [379]
2022-07-27 04:29:52,589 INFO: Epoch: 380 | PSNR: 30.1343 | Loss: 5.4868 | lr: 1.25e-04 | Best_PSNR: 30.1343 | max_value: 255.0 in Epoch [380]
2022-07-27 04:30:50,206 INFO: Epoch: 381 | PSNR: 30.1342 | Loss: 5.5340 | lr: 1.25e-04 | Best_PSNR: 30.1343 | max_value: 255.0 in Epoch [380]
2022-07-27 04:32:22,216 INFO: Epoch: 382 | PSNR: 30.1343 | Loss: 5.5037 | lr: 1.25e-04 | Best_PSNR: 30.1343 | max_value: 255.0 in Epoch [380]
2022-07-27 04:33:34,554 INFO: Epoch: 383 | PSNR: 30.1343 | Loss: 5.4947 | lr: 1.25e-04 | Best_PSNR: 30.1343 | max_value: 255.0 in Epoch [383]
2022-07-27 04:34:44,891 INFO: Epoch: 384 | PSNR: 30.1344 | Loss: 5.5089 | lr: 1.25e-04 | Best_PSNR: 30.1344 | max_value: 255.0 in Epoch [384]
2022-07-27 04:35:51,485 INFO: Epoch: 385 | PSNR: 30.1342 | Loss: 5.4911 | lr: 1.25e-04 | Best_PSNR: 30.1344 | max_value: 255.0 in Epoch [384]
2022-07-27 04:37:00,872 INFO: Epoch: 386 | PSNR: 30.1344 | Loss: 5.5470 | lr: 1.25e-04 | Best_PSNR: 30.1344 | max_value: 255.0 in Epoch [384]
2022-07-27 04:38:53,689 INFO: Epoch: 387 | PSNR: 30.1342 | Loss: 5.5312 | lr: 1.25e-04 | Best_PSNR: 30.1344 | max_value: 255.0 in Epoch [384]
2022-07-27 04:40:00,359 INFO: Epoch: 388 | PSNR: 30.1340 | Loss: 5.6015 | lr: 1.25e-04 | Best_PSNR: 30.1344 | max_value: 255.0 in Epoch [384]
2022-07-27 04:41:08,644 INFO: Epoch: 389 | PSNR: 30.1340 | Loss: 5.5407 | lr: 1.25e-04 | Best_PSNR: 30.1344 | max_value: 255.0 in Epoch [384]
2022-07-27 04:42:16,133 INFO: Epoch: 390 | PSNR: 30.1338 | Loss: 5.5323 | lr: 1.25e-04 | Best_PSNR: 30.1344 | max_value: 255.0 in Epoch [384]
2022-07-27 04:43:15,531 INFO: Epoch: 391 | PSNR: 30.1333 | Loss: 5.4522 | lr: 1.25e-04 | Best_PSNR: 30.1344 | max_value: 255.0 in Epoch [384]
2022-07-27 04:44:18,017 INFO: Epoch: 392 | PSNR: 30.1337 | Loss: 5.5082 | lr: 1.25e-04 | Best_PSNR: 30.1344 | max_value: 255.0 in Epoch [384]
2022-07-27 04:45:26,916 INFO: Epoch: 393 | PSNR: 30.1341 | Loss: 5.4939 | lr: 1.25e-04 | Best_PSNR: 30.1344 | max_value: 255.0 in Epoch [384]
2022-07-27 04:47:00,188 INFO: Epoch: 394 | PSNR: 30.1343 | Loss: 5.5275 | lr: 1.25e-04 | Best_PSNR: 30.1344 | max_value: 255.0 in Epoch [384]
2022-07-27 04:48:07,680 INFO: Epoch: 395 | PSNR: 30.1340 | Loss: 5.4887 | lr: 1.25e-04 | Best_PSNR: 30.1344 | max_value: 255.0 in Epoch [384]
2022-07-27 04:49:25,379 INFO: Epoch: 396 | PSNR: 30.1339 | Loss: 5.5456 | lr: 1.25e-04 | Best_PSNR: 30.1344 | max_value: 255.0 in Epoch [384]
2022-07-27 04:50:47,424 INFO: Epoch: 397 | PSNR: 30.1347 | Loss: 5.5001 | lr: 1.25e-04 | Best_PSNR: 30.1347 | max_value: 255.0 in Epoch [397]
2022-07-27 04:51:47,122 INFO: Epoch: 398 | PSNR: 30.1345 | Loss: 5.5054 | lr: 1.25e-04 | Best_PSNR: 30.1347 | max_value: 255.0 in Epoch [397]
2022-07-27 04:53:00,819 INFO: Epoch: 399 | PSNR: 30.1344 | Loss: 5.5156 | lr: 1.25e-04 | Best_PSNR: 30.1347 | max_value: 255.0 in Epoch [397]
2022-07-27 04:54:19,344 INFO: Epoch: 400 | PSNR: 30.1347 | Loss: 5.5120 | lr: 1.25e-04 | Best_PSNR: 30.1347 | max_value: 255.0 in Epoch [400]
2022-07-27 04:55:32,897 INFO: Epoch: 401 | PSNR: 30.1344 | Loss: 5.5516 | lr: 1.25e-04 | Best_PSNR: 30.1347 | max_value: 255.0 in Epoch [400]
2022-07-27 04:56:33,701 INFO: Epoch: 402 | PSNR: 30.1346 | Loss: 5.4462 | lr: 1.25e-04 | Best_PSNR: 30.1347 | max_value: 255.0 in Epoch [400]
2022-07-27 04:57:42,205 INFO: Epoch: 403 | PSNR: 30.1344 | Loss: 5.5651 | lr: 1.25e-04 | Best_PSNR: 30.1347 | max_value: 255.0 in Epoch [400]
2022-07-27 04:58:56,114 INFO: Epoch: 404 | PSNR: 30.1341 | Loss: 5.5069 | lr: 1.25e-04 | Best_PSNR: 30.1347 | max_value: 255.0 in Epoch [400]
2022-07-27 05:00:01,973 INFO: Epoch: 405 | PSNR: 30.1343 | Loss: 5.5231 | lr: 1.25e-04 | Best_PSNR: 30.1347 | max_value: 255.0 in Epoch [400]
2022-07-27 05:00:59,445 INFO: Epoch: 406 | PSNR: 30.1344 | Loss: 5.5020 | lr: 1.25e-04 | Best_PSNR: 30.1347 | max_value: 255.0 in Epoch [400]
2022-07-27 05:01:57,676 INFO: Epoch: 407 | PSNR: 30.1341 | Loss: 5.5471 | lr: 1.25e-04 | Best_PSNR: 30.1347 | max_value: 255.0 in Epoch [400]
2022-07-27 05:03:22,242 INFO: Epoch: 408 | PSNR: 30.1336 | Loss: 5.5441 | lr: 1.25e-04 | Best_PSNR: 30.1347 | max_value: 255.0 in Epoch [400]
2022-07-27 05:04:19,301 INFO: Epoch: 409 | PSNR: 30.1336 | Loss: 5.4758 | lr: 1.25e-04 | Best_PSNR: 30.1347 | max_value: 255.0 in Epoch [400]
2022-07-27 05:05:17,890 INFO: Epoch: 410 | PSNR: 30.1345 | Loss: 5.5297 | lr: 1.25e-04 | Best_PSNR: 30.1347 | max_value: 255.0 in Epoch [400]
2022-07-27 05:06:27,345 INFO: Epoch: 411 | PSNR: 30.1344 | Loss: 5.5597 | lr: 1.25e-04 | Best_PSNR: 30.1347 | max_value: 255.0 in Epoch [400]
2022-07-27 05:07:58,902 INFO: Epoch: 412 | PSNR: 30.1347 | Loss: 5.5370 | lr: 1.25e-04 | Best_PSNR: 30.1347 | max_value: 255.0 in Epoch [412]
2022-07-27 05:08:58,774 INFO: Epoch: 413 | PSNR: 30.1346 | Loss: 5.5246 | lr: 1.25e-04 | Best_PSNR: 30.1347 | max_value: 255.0 in Epoch [412]
2022-07-27 05:10:00,765 INFO: Epoch: 414 | PSNR: 30.1345 | Loss: 5.5209 | lr: 1.25e-04 | Best_PSNR: 30.1347 | max_value: 255.0 in Epoch [412]
2022-07-27 05:11:06,700 INFO: Epoch: 415 | PSNR: 30.1345 | Loss: 5.5285 | lr: 1.25e-04 | Best_PSNR: 30.1347 | max_value: 255.0 in Epoch [412]
2022-07-27 05:12:15,957 INFO: Epoch: 416 | PSNR: 30.1344 | Loss: 5.5245 | lr: 1.25e-04 | Best_PSNR: 30.1347 | max_value: 255.0 in Epoch [412]
2022-07-27 05:13:13,493 INFO: Epoch: 417 | PSNR: 30.1343 | Loss: 5.5294 | lr: 1.25e-04 | Best_PSNR: 30.1347 | max_value: 255.0 in Epoch [412]
2022-07-27 05:14:14,197 INFO: Epoch: 418 | PSNR: 30.1349 | Loss: 5.5531 | lr: 1.25e-04 | Best_PSNR: 30.1349 | max_value: 255.0 in Epoch [418]
2022-07-27 05:15:12,349 INFO: Epoch: 419 | PSNR: 30.1348 | Loss: 5.5134 | lr: 1.25e-04 | Best_PSNR: 30.1349 | max_value: 255.0 in Epoch [418]
2022-07-27 05:16:08,822 INFO: Epoch: 420 | PSNR: 30.1343 | Loss: 5.5493 | lr: 1.25e-04 | Best_PSNR: 30.1349 | max_value: 255.0 in Epoch [418]
2022-07-27 05:17:04,213 INFO: Epoch: 421 | PSNR: 30.1341 | Loss: 5.5104 | lr: 1.25e-04 | Best_PSNR: 30.1349 | max_value: 255.0 in Epoch [418]
2022-07-27 05:18:36,597 INFO: Epoch: 422 | PSNR: 30.1345 | Loss: 5.5121 | lr: 1.25e-04 | Best_PSNR: 30.1349 | max_value: 255.0 in Epoch [418]
2022-07-27 05:19:59,171 INFO: Epoch: 423 | PSNR: 30.1349 | Loss: 5.5243 | lr: 1.25e-04 | Best_PSNR: 30.1349 | max_value: 255.0 in Epoch [423]
2022-07-27 05:20:57,672 INFO: Epoch: 424 | PSNR: 30.1344 | Loss: 5.4952 | lr: 1.25e-04 | Best_PSNR: 30.1349 | max_value: 255.0 in Epoch [423]
2022-07-27 05:22:01,461 INFO: Epoch: 425 | PSNR: 30.1350 | Loss: 5.4909 | lr: 1.25e-04 | Best_PSNR: 30.1350 | max_value: 255.0 in Epoch [425]
2022-07-27 05:23:00,873 INFO: Epoch: 426 | PSNR: 30.1350 | Loss: 5.5470 | lr: 1.25e-04 | Best_PSNR: 30.1350 | max_value: 255.0 in Epoch [425]
2022-07-27 05:24:02,110 INFO: Epoch: 427 | PSNR: 30.1351 | Loss: 5.4908 | lr: 1.25e-04 | Best_PSNR: 30.1351 | max_value: 255.0 in Epoch [427]
2022-07-27 05:25:03,970 INFO: Epoch: 428 | PSNR: 30.1347 | Loss: 5.5444 | lr: 1.25e-04 | Best_PSNR: 30.1351 | max_value: 255.0 in Epoch [427]
2022-07-27 05:26:02,561 INFO: Epoch: 429 | PSNR: 30.1348 | Loss: 5.4517 | lr: 1.25e-04 | Best_PSNR: 30.1351 | max_value: 255.0 in Epoch [427]
2022-07-27 05:27:06,567 INFO: Epoch: 430 | PSNR: 30.1348 | Loss: 5.5069 | lr: 1.25e-04 | Best_PSNR: 30.1351 | max_value: 255.0 in Epoch [427]
2022-07-27 05:28:30,106 INFO: Epoch: 431 | PSNR: 30.1349 | Loss: 5.5321 | lr: 1.25e-04 | Best_PSNR: 30.1351 | max_value: 255.0 in Epoch [427]
2022-07-27 05:29:31,852 INFO: Epoch: 432 | PSNR: 30.1348 | Loss: 5.5173 | lr: 1.25e-04 | Best_PSNR: 30.1351 | max_value: 255.0 in Epoch [427]
2022-07-27 05:30:29,151 INFO: Epoch: 433 | PSNR: 30.1347 | Loss: 5.5513 | lr: 1.25e-04 | Best_PSNR: 30.1351 | max_value: 255.0 in Epoch [427]
2022-07-27 05:31:51,059 INFO: Epoch: 434 | PSNR: 30.1347 | Loss: 5.5420 | lr: 1.25e-04 | Best_PSNR: 30.1351 | max_value: 255.0 in Epoch [427]
2022-07-27 05:32:52,852 INFO: Epoch: 435 | PSNR: 30.1352 | Loss: 5.5291 | lr: 1.25e-04 | Best_PSNR: 30.1352 | max_value: 255.0 in Epoch [435]
2022-07-27 05:33:49,418 INFO: Epoch: 436 | PSNR: 30.1349 | Loss: 5.5271 | lr: 1.25e-04 | Best_PSNR: 30.1352 | max_value: 255.0 in Epoch [435]
2022-07-27 05:34:57,655 INFO: Epoch: 437 | PSNR: 30.1353 | Loss: 5.5527 | lr: 1.25e-04 | Best_PSNR: 30.1353 | max_value: 255.0 in Epoch [437]
2022-07-27 05:36:08,047 INFO: Epoch: 438 | PSNR: 30.1355 | Loss: 5.4535 | lr: 1.25e-04 | Best_PSNR: 30.1355 | max_value: 255.0 in Epoch [438]
2022-07-27 05:37:12,677 INFO: Epoch: 439 | PSNR: 30.1353 | Loss: 5.5862 | lr: 1.25e-04 | Best_PSNR: 30.1355 | max_value: 255.0 in Epoch [438]
2022-07-27 05:38:08,190 INFO: Epoch: 440 | PSNR: 30.1350 | Loss: 5.5117 | lr: 1.25e-04 | Best_PSNR: 30.1355 | max_value: 255.0 in Epoch [438]
2022-07-27 05:39:11,961 INFO: Epoch: 441 | PSNR: 30.1350 | Loss: 5.5401 | lr: 1.25e-04 | Best_PSNR: 30.1355 | max_value: 255.0 in Epoch [438]
2022-07-27 05:40:20,189 INFO: Epoch: 442 | PSNR: 30.1345 | Loss: 5.4901 | lr: 1.25e-04 | Best_PSNR: 30.1355 | max_value: 255.0 in Epoch [438]
2022-07-27 05:41:57,102 INFO: Epoch: 443 | PSNR: 30.1341 | Loss: 5.5484 | lr: 1.25e-04 | Best_PSNR: 30.1355 | max_value: 255.0 in Epoch [438]
2022-07-27 05:42:49,406 INFO: Epoch: 444 | PSNR: 30.1341 | Loss: 5.5474 | lr: 1.25e-04 | Best_PSNR: 30.1355 | max_value: 255.0 in Epoch [438]
2022-07-27 05:43:48,020 INFO: Epoch: 445 | PSNR: 30.1355 | Loss: 5.5015 | lr: 1.25e-04 | Best_PSNR: 30.1355 | max_value: 255.0 in Epoch [438]
2022-07-27 05:44:51,044 INFO: Epoch: 446 | PSNR: 30.1356 | Loss: 5.5003 | lr: 1.25e-04 | Best_PSNR: 30.1356 | max_value: 255.0 in Epoch [446]
2022-07-27 05:45:55,519 INFO: Epoch: 447 | PSNR: 30.1356 | Loss: 5.4949 | lr: 1.25e-04 | Best_PSNR: 30.1356 | max_value: 255.0 in Epoch [447]
2022-07-27 05:46:47,591 INFO: Epoch: 448 | PSNR: 30.1347 | Loss: 5.4693 | lr: 1.25e-04 | Best_PSNR: 30.1356 | max_value: 255.0 in Epoch [447]
2022-07-27 05:47:50,627 INFO: Epoch: 449 | PSNR: 30.1352 | Loss: 5.4708 | lr: 1.25e-04 | Best_PSNR: 30.1356 | max_value: 255.0 in Epoch [447]
2022-07-27 05:48:53,949 INFO: Epoch: 450 | PSNR: 30.1350 | Loss: 5.5104 | lr: 1.25e-04 | Best_PSNR: 30.1356 | max_value: 255.0 in Epoch [447]
2022-07-27 05:50:37,662 INFO: Epoch: 451 | PSNR: 30.1350 | Loss: 5.5544 | lr: 1.25e-04 | Best_PSNR: 30.1356 | max_value: 255.0 in Epoch [447]
2022-07-27 05:51:31,441 INFO: Epoch: 452 | PSNR: 30.1357 | Loss: 5.5111 | lr: 1.25e-04 | Best_PSNR: 30.1357 | max_value: 255.0 in Epoch [452]
2022-07-27 05:52:32,330 INFO: Epoch: 453 | PSNR: 30.1358 | Loss: 5.4791 | lr: 1.25e-04 | Best_PSNR: 30.1358 | max_value: 255.0 in Epoch [453]
2022-07-27 05:53:38,837 INFO: Epoch: 454 | PSNR: 30.1362 | Loss: 5.4743 | lr: 1.25e-04 | Best_PSNR: 30.1362 | max_value: 255.0 in Epoch [454]
2022-07-27 05:54:39,712 INFO: Epoch: 455 | PSNR: 30.1360 | Loss: 5.4795 | lr: 1.25e-04 | Best_PSNR: 30.1362 | max_value: 255.0 in Epoch [454]
2022-07-27 05:55:35,998 INFO: Epoch: 456 | PSNR: 30.1361 | Loss: 5.5372 | lr: 1.25e-04 | Best_PSNR: 30.1362 | max_value: 255.0 in Epoch [454]
2022-07-27 05:56:40,321 INFO: Epoch: 457 | PSNR: 30.1358 | Loss: 5.4925 | lr: 1.25e-04 | Best_PSNR: 30.1362 | max_value: 255.0 in Epoch [454]
2022-07-27 05:57:48,896 INFO: Epoch: 458 | PSNR: 30.1354 | Loss: 5.5209 | lr: 1.25e-04 | Best_PSNR: 30.1362 | max_value: 255.0 in Epoch [454]
2022-07-27 05:58:52,617 INFO: Epoch: 459 | PSNR: 30.1355 | Loss: 5.4970 | lr: 1.25e-04 | Best_PSNR: 30.1362 | max_value: 255.0 in Epoch [454]
2022-07-27 05:59:50,990 INFO: Epoch: 460 | PSNR: 30.1353 | Loss: 5.4947 | lr: 1.25e-04 | Best_PSNR: 30.1362 | max_value: 255.0 in Epoch [454]
2022-07-27 06:00:48,113 INFO: Epoch: 461 | PSNR: 30.1351 | Loss: 5.5401 | lr: 1.25e-04 | Best_PSNR: 30.1362 | max_value: 255.0 in Epoch [454]
2022-07-27 06:01:46,663 INFO: Epoch: 462 | PSNR: 30.1356 | Loss: 5.4655 | lr: 1.25e-04 | Best_PSNR: 30.1362 | max_value: 255.0 in Epoch [454]
2022-07-27 06:02:47,741 INFO: Epoch: 463 | PSNR: 30.1358 | Loss: 5.4952 | lr: 1.25e-04 | Best_PSNR: 30.1362 | max_value: 255.0 in Epoch [454]
2022-07-27 06:03:55,973 INFO: Epoch: 464 | PSNR: 30.1355 | Loss: 5.5048 | lr: 1.25e-04 | Best_PSNR: 30.1362 | max_value: 255.0 in Epoch [454]
2022-07-27 06:04:51,541 INFO: Epoch: 465 | PSNR: 30.1358 | Loss: 5.5242 | lr: 1.25e-04 | Best_PSNR: 30.1362 | max_value: 255.0 in Epoch [454]
2022-07-27 06:06:15,590 INFO: Epoch: 466 | PSNR: 30.1358 | Loss: 5.5457 | lr: 1.25e-04 | Best_PSNR: 30.1362 | max_value: 255.0 in Epoch [454]
2022-07-27 06:07:19,987 INFO: Epoch: 467 | PSNR: 30.1366 | Loss: 5.5393 | lr: 1.25e-04 | Best_PSNR: 30.1366 | max_value: 255.0 in Epoch [467]
2022-07-27 06:08:21,634 INFO: Epoch: 468 | PSNR: 30.1361 | Loss: 5.4841 | lr: 1.25e-04 | Best_PSNR: 30.1366 | max_value: 255.0 in Epoch [467]
2022-07-27 06:09:18,244 INFO: Epoch: 469 | PSNR: 30.1357 | Loss: 5.5727 | lr: 1.25e-04 | Best_PSNR: 30.1366 | max_value: 255.0 in Epoch [467]
2022-07-27 06:10:16,195 INFO: Epoch: 470 | PSNR: 30.1359 | Loss: 5.4867 | lr: 1.25e-04 | Best_PSNR: 30.1366 | max_value: 255.0 in Epoch [467]
2022-07-27 06:11:14,444 INFO: Epoch: 471 | PSNR: 30.1360 | Loss: 5.5292 | lr: 1.25e-04 | Best_PSNR: 30.1366 | max_value: 255.0 in Epoch [467]
2022-07-27 06:12:23,089 INFO: Epoch: 472 | PSNR: 30.1363 | Loss: 5.5178 | lr: 1.25e-04 | Best_PSNR: 30.1366 | max_value: 255.0 in Epoch [467]
2022-07-27 06:13:21,438 INFO: Epoch: 473 | PSNR: 30.1361 | Loss: 5.5524 | lr: 1.25e-04 | Best_PSNR: 30.1366 | max_value: 255.0 in Epoch [467]
2022-07-27 06:14:21,515 INFO: Epoch: 474 | PSNR: 30.1368 | Loss: 5.4699 | lr: 1.25e-04 | Best_PSNR: 30.1368 | max_value: 255.0 in Epoch [474]
2022-07-27 06:15:20,508 INFO: Epoch: 475 | PSNR: 30.1364 | Loss: 5.5330 | lr: 1.25e-04 | Best_PSNR: 30.1368 | max_value: 255.0 in Epoch [474]
2022-07-27 06:16:42,061 INFO: Epoch: 476 | PSNR: 30.1362 | Loss: 5.5593 | lr: 1.25e-04 | Best_PSNR: 30.1368 | max_value: 255.0 in Epoch [474]
2022-07-27 06:17:48,786 INFO: Epoch: 477 | PSNR: 30.1359 | Loss: 5.5130 | lr: 1.25e-04 | Best_PSNR: 30.1368 | max_value: 255.0 in Epoch [474]
2022-07-27 06:18:52,134 INFO: Epoch: 478 | PSNR: 30.1357 | Loss: 5.5251 | lr: 1.25e-04 | Best_PSNR: 30.1368 | max_value: 255.0 in Epoch [474]
2022-07-27 06:20:24,868 INFO: Epoch: 479 | PSNR: 30.1356 | Loss: 5.5248 | lr: 1.25e-04 | Best_PSNR: 30.1368 | max_value: 255.0 in Epoch [474]
2022-07-27 06:21:28,825 INFO: Epoch: 480 | PSNR: 30.1358 | Loss: 5.4772 | lr: 1.25e-04 | Best_PSNR: 30.1368 | max_value: 255.0 in Epoch [474]
2022-07-27 06:22:29,853 INFO: Epoch: 481 | PSNR: 30.1355 | Loss: 5.5156 | lr: 6.25e-05 | Best_PSNR: 30.1368 | max_value: 255.0 in Epoch [474]
2022-07-27 06:23:34,709 INFO: Epoch: 482 | PSNR: 30.1364 | Loss: 5.5308 | lr: 6.25e-05 | Best_PSNR: 30.1368 | max_value: 255.0 in Epoch [474]
2022-07-27 06:24:41,118 INFO: Epoch: 483 | PSNR: 30.1368 | Loss: 5.4864 | lr: 6.25e-05 | Best_PSNR: 30.1368 | max_value: 255.0 in Epoch [483]
2022-07-27 06:25:47,895 INFO: Epoch: 484 | PSNR: 30.1372 | Loss: 5.5329 | lr: 6.25e-05 | Best_PSNR: 30.1372 | max_value: 255.0 in Epoch [484]
2022-07-27 06:26:59,444 INFO: Epoch: 485 | PSNR: 30.1373 | Loss: 5.4895 | lr: 6.25e-05 | Best_PSNR: 30.1373 | max_value: 255.0 in Epoch [485]
2022-07-27 06:28:05,960 INFO: Epoch: 486 | PSNR: 30.1372 | Loss: 5.5425 | lr: 6.25e-05 | Best_PSNR: 30.1373 | max_value: 255.0 in Epoch [485]
2022-07-27 06:29:10,810 INFO: Epoch: 487 | PSNR: 30.1378 | Loss: 5.4843 | lr: 6.25e-05 | Best_PSNR: 30.1378 | max_value: 255.0 in Epoch [487]
2022-07-27 06:30:19,741 INFO: Epoch: 488 | PSNR: 30.1379 | Loss: 5.5455 | lr: 6.25e-05 | Best_PSNR: 30.1379 | max_value: 255.0 in Epoch [488]
2022-07-27 06:31:33,070 INFO: Epoch: 489 | PSNR: 30.1377 | Loss: 5.4947 | lr: 6.25e-05 | Best_PSNR: 30.1379 | max_value: 255.0 in Epoch [488]
2022-07-27 06:32:34,514 INFO: Epoch: 490 | PSNR: 30.1373 | Loss: 5.5118 | lr: 6.25e-05 | Best_PSNR: 30.1379 | max_value: 255.0 in Epoch [488]
2022-07-27 06:33:38,244 INFO: Epoch: 491 | PSNR: 30.1370 | Loss: 5.5084 | lr: 6.25e-05 | Best_PSNR: 30.1379 | max_value: 255.0 in Epoch [488]
2022-07-27 06:34:39,781 INFO: Epoch: 492 | PSNR: 30.1370 | Loss: 5.4856 | lr: 6.25e-05 | Best_PSNR: 30.1379 | max_value: 255.0 in Epoch [488]
2022-07-27 06:35:39,370 INFO: Epoch: 493 | PSNR: 30.1375 | Loss: 5.5292 | lr: 6.25e-05 | Best_PSNR: 30.1379 | max_value: 255.0 in Epoch [488]
2022-07-27 06:36:40,742 INFO: Epoch: 494 | PSNR: 30.1376 | Loss: 5.5257 | lr: 6.25e-05 | Best_PSNR: 30.1379 | max_value: 255.0 in Epoch [488]
2022-07-27 06:37:38,968 INFO: Epoch: 495 | PSNR: 30.1371 | Loss: 5.4903 | lr: 6.25e-05 | Best_PSNR: 30.1379 | max_value: 255.0 in Epoch [488]
2022-07-27 06:38:45,549 INFO: Epoch: 496 | PSNR: 30.1365 | Loss: 5.5281 | lr: 6.25e-05 | Best_PSNR: 30.1379 | max_value: 255.0 in Epoch [488]
2022-07-27 06:39:52,290 INFO: Epoch: 497 | PSNR: 30.1372 | Loss: 5.4877 | lr: 6.25e-05 | Best_PSNR: 30.1379 | max_value: 255.0 in Epoch [488]
2022-07-27 06:41:01,085 INFO: Epoch: 498 | PSNR: 30.1374 | Loss: 5.4848 | lr: 6.25e-05 | Best_PSNR: 30.1379 | max_value: 255.0 in Epoch [488]
2022-07-27 06:41:57,112 INFO: Epoch: 499 | PSNR: 30.1376 | Loss: 5.6077 | lr: 6.25e-05 | Best_PSNR: 30.1379 | max_value: 255.0 in Epoch [488]
2022-07-27 06:43:03,384 INFO: Epoch: 500 | PSNR: 30.1379 | Loss: 5.5052 | lr: 6.25e-05 | Best_PSNR: 30.1379 | max_value: 255.0 in Epoch [500]
2022-07-27 06:44:03,835 INFO: Epoch: 501 | PSNR: 30.1375 | Loss: 5.4997 | lr: 6.25e-05 | Best_PSNR: 30.1379 | max_value: 255.0 in Epoch [500]
2022-07-27 06:45:11,401 INFO: Epoch: 502 | PSNR: 30.1373 | Loss: 5.5028 | lr: 6.25e-05 | Best_PSNR: 30.1379 | max_value: 255.0 in Epoch [500]
2022-07-27 06:46:14,064 INFO: Epoch: 503 | PSNR: 30.1373 | Loss: 5.4918 | lr: 6.25e-05 | Best_PSNR: 30.1379 | max_value: 255.0 in Epoch [500]
2022-07-27 06:47:26,393 INFO: Epoch: 504 | PSNR: 30.1375 | Loss: 5.5160 | lr: 6.25e-05 | Best_PSNR: 30.1379 | max_value: 255.0 in Epoch [500]
2022-07-27 06:48:34,801 INFO: Epoch: 505 | PSNR: 30.1374 | Loss: 5.4960 | lr: 6.25e-05 | Best_PSNR: 30.1379 | max_value: 255.0 in Epoch [500]
2022-07-27 06:49:51,816 INFO: Epoch: 506 | PSNR: 30.1377 | Loss: 5.5439 | lr: 6.25e-05 | Best_PSNR: 30.1379 | max_value: 255.0 in Epoch [500]
2022-07-27 06:50:54,660 INFO: Epoch: 507 | PSNR: 30.1375 | Loss: 5.5176 | lr: 6.25e-05 | Best_PSNR: 30.1379 | max_value: 255.0 in Epoch [500]
2022-07-27 06:51:57,969 INFO: Epoch: 508 | PSNR: 30.1374 | Loss: 5.5383 | lr: 6.25e-05 | Best_PSNR: 30.1379 | max_value: 255.0 in Epoch [500]
2022-07-27 06:53:00,741 INFO: Epoch: 509 | PSNR: 30.1376 | Loss: 5.5025 | lr: 6.25e-05 | Best_PSNR: 30.1379 | max_value: 255.0 in Epoch [500]
2022-07-27 06:54:10,638 INFO: Epoch: 510 | PSNR: 30.1376 | Loss: 5.5042 | lr: 6.25e-05 | Best_PSNR: 30.1379 | max_value: 255.0 in Epoch [500]
2022-07-27 06:55:19,858 INFO: Epoch: 511 | PSNR: 30.1380 | Loss: 5.4946 | lr: 6.25e-05 | Best_PSNR: 30.1380 | max_value: 255.0 in Epoch [511]
2022-07-27 06:56:24,115 INFO: Epoch: 512 | PSNR: 30.1380 | Loss: 5.5092 | lr: 6.25e-05 | Best_PSNR: 30.1380 | max_value: 255.0 in Epoch [512]
2022-07-27 06:57:56,696 INFO: Epoch: 513 | PSNR: 30.1378 | Loss: 5.5003 | lr: 6.25e-05 | Best_PSNR: 30.1380 | max_value: 255.0 in Epoch [512]
2022-07-27 06:58:55,699 INFO: Epoch: 514 | PSNR: 30.1385 | Loss: 5.5344 | lr: 6.25e-05 | Best_PSNR: 30.1385 | max_value: 255.0 in Epoch [514]
2022-07-27 06:59:55,298 INFO: Epoch: 515 | PSNR: 30.1380 | Loss: 5.5010 | lr: 6.25e-05 | Best_PSNR: 30.1385 | max_value: 255.0 in Epoch [514]
2022-07-27 07:01:01,716 INFO: Epoch: 516 | PSNR: 30.1375 | Loss: 5.5056 | lr: 6.25e-05 | Best_PSNR: 30.1385 | max_value: 255.0 in Epoch [514]
2022-07-27 07:02:20,592 INFO: Epoch: 517 | PSNR: 30.1374 | Loss: 5.5689 | lr: 6.25e-05 | Best_PSNR: 30.1385 | max_value: 255.0 in Epoch [514]
2022-07-27 07:03:24,003 INFO: Epoch: 518 | PSNR: 30.1376 | Loss: 5.4735 | lr: 6.25e-05 | Best_PSNR: 30.1385 | max_value: 255.0 in Epoch [514]
2022-07-27 07:04:26,665 INFO: Epoch: 519 | PSNR: 30.1374 | Loss: 5.5528 | lr: 6.25e-05 | Best_PSNR: 30.1385 | max_value: 255.0 in Epoch [514]
2022-07-27 07:05:30,805 INFO: Epoch: 520 | PSNR: 30.1376 | Loss: 5.4712 | lr: 6.25e-05 | Best_PSNR: 30.1385 | max_value: 255.0 in Epoch [514]
2022-07-27 07:06:44,944 INFO: Epoch: 521 | PSNR: 30.1376 | Loss: 5.4657 | lr: 6.25e-05 | Best_PSNR: 30.1385 | max_value: 255.0 in Epoch [514]
2022-07-27 07:07:47,918 INFO: Epoch: 522 | PSNR: 30.1380 | Loss: 5.4852 | lr: 6.25e-05 | Best_PSNR: 30.1385 | max_value: 255.0 in Epoch [514]
2022-07-27 07:08:51,558 INFO: Epoch: 523 | PSNR: 30.1376 | Loss: 5.5538 | lr: 6.25e-05 | Best_PSNR: 30.1385 | max_value: 255.0 in Epoch [514]
2022-07-27 07:09:53,616 INFO: Epoch: 524 | PSNR: 30.1377 | Loss: 5.5097 | lr: 6.25e-05 | Best_PSNR: 30.1385 | max_value: 255.0 in Epoch [514]
2022-07-27 07:11:01,297 INFO: Epoch: 525 | PSNR: 30.1376 | Loss: 5.5216 | lr: 6.25e-05 | Best_PSNR: 30.1385 | max_value: 255.0 in Epoch [514]
2022-07-27 07:12:03,710 INFO: Epoch: 526 | PSNR: 30.1378 | Loss: 5.5041 | lr: 6.25e-05 | Best_PSNR: 30.1385 | max_value: 255.0 in Epoch [514]
2022-07-27 07:13:05,470 INFO: Epoch: 527 | PSNR: 30.1379 | Loss: 5.5280 | lr: 6.25e-05 | Best_PSNR: 30.1385 | max_value: 255.0 in Epoch [514]
2022-07-27 07:14:08,833 INFO: Epoch: 528 | PSNR: 30.1381 | Loss: 5.4498 | lr: 6.25e-05 | Best_PSNR: 30.1385 | max_value: 255.0 in Epoch [514]
2022-07-27 07:15:18,791 INFO: Epoch: 529 | PSNR: 30.1382 | Loss: 5.4980 | lr: 6.25e-05 | Best_PSNR: 30.1385 | max_value: 255.0 in Epoch [514]
2022-07-27 07:16:27,079 INFO: Epoch: 530 | PSNR: 30.1385 | Loss: 5.5410 | lr: 6.25e-05 | Best_PSNR: 30.1385 | max_value: 255.0 in Epoch [530]
2022-07-27 07:17:28,815 INFO: Epoch: 531 | PSNR: 30.1382 | Loss: 5.5351 | lr: 6.25e-05 | Best_PSNR: 30.1385 | max_value: 255.0 in Epoch [530]
2022-07-27 07:18:34,601 INFO: Epoch: 532 | PSNR: 30.1379 | Loss: 5.5021 | lr: 6.25e-05 | Best_PSNR: 30.1385 | max_value: 255.0 in Epoch [530]
2022-07-27 07:19:40,896 INFO: Epoch: 533 | PSNR: 30.1383 | Loss: 5.5193 | lr: 6.25e-05 | Best_PSNR: 30.1385 | max_value: 255.0 in Epoch [530]
2022-07-27 07:20:52,542 INFO: Epoch: 534 | PSNR: 30.1385 | Loss: 5.4864 | lr: 6.25e-05 | Best_PSNR: 30.1385 | max_value: 255.0 in Epoch [530]
2022-07-27 07:21:55,879 INFO: Epoch: 535 | PSNR: 30.1382 | Loss: 5.5611 | lr: 6.25e-05 | Best_PSNR: 30.1385 | max_value: 255.0 in Epoch [530]
2022-07-27 07:23:05,181 INFO: Epoch: 536 | PSNR: 30.1383 | Loss: 5.5693 | lr: 6.25e-05 | Best_PSNR: 30.1385 | max_value: 255.0 in Epoch [530]
2022-07-27 07:24:00,243 INFO: Epoch: 537 | PSNR: 30.1379 | Loss: 5.4986 | lr: 6.25e-05 | Best_PSNR: 30.1385 | max_value: 255.0 in Epoch [530]
2022-07-27 07:25:00,886 INFO: Epoch: 538 | PSNR: 30.1378 | Loss: 5.5007 | lr: 6.25e-05 | Best_PSNR: 30.1385 | max_value: 255.0 in Epoch [530]
2022-07-27 07:26:03,426 INFO: Epoch: 539 | PSNR: 30.1381 | Loss: 5.5330 | lr: 6.25e-05 | Best_PSNR: 30.1385 | max_value: 255.0 in Epoch [530]
2022-07-27 07:27:22,615 INFO: Epoch: 540 | PSNR: 30.1382 | Loss: 5.5107 | lr: 6.25e-05 | Best_PSNR: 30.1385 | max_value: 255.0 in Epoch [530]
2022-07-27 07:28:20,002 INFO: Epoch: 541 | PSNR: 30.1382 | Loss: 5.5057 | lr: 6.25e-05 | Best_PSNR: 30.1385 | max_value: 255.0 in Epoch [530]
2022-07-27 07:29:20,308 INFO: Epoch: 542 | PSNR: 30.1378 | Loss: 5.5159 | lr: 6.25e-05 | Best_PSNR: 30.1385 | max_value: 255.0 in Epoch [530]
2022-07-27 07:30:22,281 INFO: Epoch: 543 | PSNR: 30.1377 | Loss: 5.5897 | lr: 6.25e-05 | Best_PSNR: 30.1385 | max_value: 255.0 in Epoch [530]
2022-07-27 07:31:30,066 INFO: Epoch: 544 | PSNR: 30.1372 | Loss: 5.5057 | lr: 6.25e-05 | Best_PSNR: 30.1385 | max_value: 255.0 in Epoch [530]
2022-07-27 07:32:27,522 INFO: Epoch: 545 | PSNR: 30.1374 | Loss: 5.5101 | lr: 6.25e-05 | Best_PSNR: 30.1385 | max_value: 255.0 in Epoch [530]
2022-07-27 07:33:24,904 INFO: Epoch: 546 | PSNR: 30.1379 | Loss: 5.5052 | lr: 6.25e-05 | Best_PSNR: 30.1385 | max_value: 255.0 in Epoch [530]
2022-07-27 07:34:23,791 INFO: Epoch: 547 | PSNR: 30.1380 | Loss: 5.5164 | lr: 6.25e-05 | Best_PSNR: 30.1385 | max_value: 255.0 in Epoch [530]
2022-07-27 07:35:23,748 INFO: Epoch: 548 | PSNR: 30.1380 | Loss: 5.5373 | lr: 6.25e-05 | Best_PSNR: 30.1385 | max_value: 255.0 in Epoch [530]
2022-07-27 07:36:36,406 INFO: Epoch: 549 | PSNR: 30.1380 | Loss: 5.5053 | lr: 6.25e-05 | Best_PSNR: 30.1385 | max_value: 255.0 in Epoch [530]
2022-07-27 07:37:35,863 INFO: Epoch: 550 | PSNR: 30.1380 | Loss: 5.5295 | lr: 6.25e-05 | Best_PSNR: 30.1385 | max_value: 255.0 in Epoch [530]
2022-07-27 07:38:41,490 INFO: Epoch: 551 | PSNR: 30.1383 | Loss: 5.4818 | lr: 6.25e-05 | Best_PSNR: 30.1385 | max_value: 255.0 in Epoch [530]
2022-07-27 07:39:47,792 INFO: Epoch: 552 | PSNR: 30.1380 | Loss: 5.5328 | lr: 6.25e-05 | Best_PSNR: 30.1385 | max_value: 255.0 in Epoch [530]
2022-07-27 07:40:58,172 INFO: Epoch: 553 | PSNR: 30.1383 | Loss: 5.5120 | lr: 6.25e-05 | Best_PSNR: 30.1385 | max_value: 255.0 in Epoch [530]
2022-07-27 07:41:57,613 INFO: Epoch: 554 | PSNR: 30.1385 | Loss: 5.4701 | lr: 6.25e-05 | Best_PSNR: 30.1385 | max_value: 255.0 in Epoch [530]
2022-07-27 07:42:59,724 INFO: Epoch: 555 | PSNR: 30.1383 | Loss: 5.4917 | lr: 6.25e-05 | Best_PSNR: 30.1385 | max_value: 255.0 in Epoch [530]
2022-07-27 07:44:04,008 INFO: Epoch: 556 | PSNR: 30.1378 | Loss: 5.5211 | lr: 6.25e-05 | Best_PSNR: 30.1385 | max_value: 255.0 in Epoch [530]
2022-07-27 07:45:19,898 INFO: Epoch: 557 | PSNR: 30.1376 | Loss: 5.5382 | lr: 6.25e-05 | Best_PSNR: 30.1385 | max_value: 255.0 in Epoch [530]
2022-07-27 07:46:20,436 INFO: Epoch: 558 | PSNR: 30.1379 | Loss: 5.5250 | lr: 6.25e-05 | Best_PSNR: 30.1385 | max_value: 255.0 in Epoch [530]
2022-07-27 07:47:23,921 INFO: Epoch: 559 | PSNR: 30.1383 | Loss: 5.5293 | lr: 6.25e-05 | Best_PSNR: 30.1385 | max_value: 255.0 in Epoch [530]
2022-07-27 07:48:33,508 INFO: Epoch: 560 | PSNR: 30.1387 | Loss: 5.4620 | lr: 6.25e-05 | Best_PSNR: 30.1387 | max_value: 255.0 in Epoch [560]
2022-07-27 07:49:45,723 INFO: Epoch: 561 | PSNR: 30.1385 | Loss: 5.4965 | lr: 6.25e-05 | Best_PSNR: 30.1387 | max_value: 255.0 in Epoch [560]
2022-07-27 07:50:50,330 INFO: Epoch: 562 | PSNR: 30.1385 | Loss: 5.4706 | lr: 6.25e-05 | Best_PSNR: 30.1387 | max_value: 255.0 in Epoch [560]
2022-07-27 07:51:54,534 INFO: Epoch: 563 | PSNR: 30.1391 | Loss: 5.5031 | lr: 6.25e-05 | Best_PSNR: 30.1391 | max_value: 255.0 in Epoch [563]
2022-07-27 07:53:00,280 INFO: Epoch: 564 | PSNR: 30.1386 | Loss: 5.5289 | lr: 6.25e-05 | Best_PSNR: 30.1391 | max_value: 255.0 in Epoch [563]
2022-07-27 07:53:54,196 INFO: Epoch: 565 | PSNR: 30.1385 | Loss: 5.4599 | lr: 6.25e-05 | Best_PSNR: 30.1391 | max_value: 255.0 in Epoch [563]
2022-07-27 07:54:52,978 INFO: Epoch: 566 | PSNR: 30.1384 | Loss: 5.4803 | lr: 6.25e-05 | Best_PSNR: 30.1391 | max_value: 255.0 in Epoch [563]
2022-07-27 07:55:58,414 INFO: Epoch: 567 | PSNR: 30.1383 | Loss: 5.5434 | lr: 6.25e-05 | Best_PSNR: 30.1391 | max_value: 255.0 in Epoch [563]
2022-07-27 07:56:58,121 INFO: Epoch: 568 | PSNR: 30.1385 | Loss: 5.5145 | lr: 6.25e-05 | Best_PSNR: 30.1391 | max_value: 255.0 in Epoch [563]
2022-07-27 07:57:53,939 INFO: Epoch: 569 | PSNR: 30.1389 | Loss: 5.4716 | lr: 6.25e-05 | Best_PSNR: 30.1391 | max_value: 255.0 in Epoch [563]
2022-07-27 07:58:52,622 INFO: Epoch: 570 | PSNR: 30.1395 | Loss: 5.5160 | lr: 6.25e-05 | Best_PSNR: 30.1395 | max_value: 255.0 in Epoch [570]
2022-07-27 07:59:51,223 INFO: Epoch: 571 | PSNR: 30.1389 | Loss: 5.5261 | lr: 6.25e-05 | Best_PSNR: 30.1395 | max_value: 255.0 in Epoch [570]
2022-07-27 08:00:50,325 INFO: Epoch: 572 | PSNR: 30.1383 | Loss: 5.5338 | lr: 6.25e-05 | Best_PSNR: 30.1395 | max_value: 255.0 in Epoch [570]
2022-07-27 08:01:50,498 INFO: Epoch: 573 | PSNR: 30.1382 | Loss: 5.5826 | lr: 6.25e-05 | Best_PSNR: 30.1395 | max_value: 255.0 in Epoch [570]
2022-07-27 08:02:52,057 INFO: Epoch: 574 | PSNR: 30.1386 | Loss: 5.4903 | lr: 6.25e-05 | Best_PSNR: 30.1395 | max_value: 255.0 in Epoch [570]
2022-07-27 08:03:57,044 INFO: Epoch: 575 | PSNR: 30.1382 | Loss: 5.4838 | lr: 6.25e-05 | Best_PSNR: 30.1395 | max_value: 255.0 in Epoch [570]
2022-07-27 08:05:21,233 INFO: Epoch: 576 | PSNR: 30.1384 | Loss: 5.5488 | lr: 6.25e-05 | Best_PSNR: 30.1395 | max_value: 255.0 in Epoch [570]
2022-07-27 08:06:17,418 INFO: Epoch: 577 | PSNR: 30.1385 | Loss: 5.5075 | lr: 6.25e-05 | Best_PSNR: 30.1395 | max_value: 255.0 in Epoch [570]
2022-07-27 08:07:19,436 INFO: Epoch: 578 | PSNR: 30.1380 | Loss: 5.4777 | lr: 6.25e-05 | Best_PSNR: 30.1395 | max_value: 255.0 in Epoch [570]
2022-07-27 08:08:19,154 INFO: Epoch: 579 | PSNR: 30.1378 | Loss: 5.4885 | lr: 6.25e-05 | Best_PSNR: 30.1395 | max_value: 255.0 in Epoch [570]
2022-07-27 08:09:21,327 INFO: Epoch: 580 | PSNR: 30.1383 | Loss: 5.5170 | lr: 6.25e-05 | Best_PSNR: 30.1395 | max_value: 255.0 in Epoch [570]
2022-07-27 08:10:31,942 INFO: Epoch: 581 | PSNR: 30.1386 | Loss: 5.5169 | lr: 6.25e-05 | Best_PSNR: 30.1395 | max_value: 255.0 in Epoch [570]
2022-07-27 08:11:33,226 INFO: Epoch: 582 | PSNR: 30.1389 | Loss: 5.5420 | lr: 6.25e-05 | Best_PSNR: 30.1395 | max_value: 255.0 in Epoch [570]
2022-07-27 08:12:39,176 INFO: Epoch: 583 | PSNR: 30.1391 | Loss: 5.5249 | lr: 6.25e-05 | Best_PSNR: 30.1395 | max_value: 255.0 in Epoch [570]
2022-07-27 08:13:39,210 INFO: Epoch: 584 | PSNR: 30.1382 | Loss: 5.4710 | lr: 6.25e-05 | Best_PSNR: 30.1395 | max_value: 255.0 in Epoch [570]
2022-07-27 08:15:16,353 INFO: Epoch: 585 | PSNR: 30.1382 | Loss: 5.4931 | lr: 6.25e-05 | Best_PSNR: 30.1395 | max_value: 255.0 in Epoch [570]
2022-07-27 08:16:19,392 INFO: Epoch: 586 | PSNR: 30.1381 | Loss: 5.5471 | lr: 6.25e-05 | Best_PSNR: 30.1395 | max_value: 255.0 in Epoch [570]
2022-07-27 08:17:22,179 INFO: Epoch: 587 | PSNR: 30.1381 | Loss: 5.5463 | lr: 6.25e-05 | Best_PSNR: 30.1395 | max_value: 255.0 in Epoch [570]
2022-07-27 08:18:25,036 INFO: Epoch: 588 | PSNR: 30.1387 | Loss: 5.5220 | lr: 6.25e-05 | Best_PSNR: 30.1395 | max_value: 255.0 in Epoch [570]
2022-07-27 08:19:20,013 INFO: Epoch: 589 | PSNR: 30.1391 | Loss: 5.5497 | lr: 6.25e-05 | Best_PSNR: 30.1395 | max_value: 255.0 in Epoch [570]
2022-07-27 08:20:19,335 INFO: Epoch: 590 | PSNR: 30.1390 | Loss: 5.5407 | lr: 6.25e-05 | Best_PSNR: 30.1395 | max_value: 255.0 in Epoch [570]
2022-07-27 08:21:48,200 INFO: Epoch: 591 | PSNR: 30.1391 | Loss: 5.4875 | lr: 6.25e-05 | Best_PSNR: 30.1395 | max_value: 255.0 in Epoch [570]
2022-07-27 08:23:09,933 INFO: Epoch: 592 | PSNR: 30.1388 | Loss: 5.4983 | lr: 6.25e-05 | Best_PSNR: 30.1395 | max_value: 255.0 in Epoch [570]
2022-07-27 08:24:02,634 INFO: Epoch: 593 | PSNR: 30.1387 | Loss: 5.5049 | lr: 6.25e-05 | Best_PSNR: 30.1395 | max_value: 255.0 in Epoch [570]
2022-07-27 08:25:01,291 INFO: Epoch: 594 | PSNR: 30.1391 | Loss: 5.5495 | lr: 6.25e-05 | Best_PSNR: 30.1395 | max_value: 255.0 in Epoch [570]
2022-07-27 08:26:02,139 INFO: Epoch: 595 | PSNR: 30.1389 | Loss: 5.5265 | lr: 6.25e-05 | Best_PSNR: 30.1395 | max_value: 255.0 in Epoch [570]
2022-07-27 08:27:04,664 INFO: Epoch: 596 | PSNR: 30.1381 | Loss: 5.5314 | lr: 6.25e-05 | Best_PSNR: 30.1395 | max_value: 255.0 in Epoch [570]
2022-07-27 08:27:59,607 INFO: Epoch: 597 | PSNR: 30.1391 | Loss: 5.4859 | lr: 6.25e-05 | Best_PSNR: 30.1395 | max_value: 255.0 in Epoch [570]
2022-07-27 08:29:05,261 INFO: Epoch: 598 | PSNR: 30.1392 | Loss: 5.4875 | lr: 6.25e-05 | Best_PSNR: 30.1395 | max_value: 255.0 in Epoch [570]
2022-07-27 08:30:07,125 INFO: Epoch: 599 | PSNR: 30.1391 | Loss: 5.5246 | lr: 6.25e-05 | Best_PSNR: 30.1395 | max_value: 255.0 in Epoch [570]
2022-07-27 08:31:36,228 INFO: Epoch: 600 | PSNR: 30.1389 | Loss: 5.5131 | lr: 6.25e-05 | Best_PSNR: 30.1395 | max_value: 255.0 in Epoch [570]
