2022-07-26 11:16:24,626 INFO: Create train dataset successfully!
2022-07-26 11:16:24,627 INFO: Training: [1000] iterations for each epoch
2022-07-26 11:16:24,627 INFO: Create val dataset successfully!
2022-07-26 11:16:24,627 INFO: Validating: [100] iterations for each epoch
2022-07-26 11:16:24,627 INFO: Preparing for experiment: [trial23_qat]
2022-07-26 11:16:24,627 INFO: Loading pretrained model ...
2022-07-26 11:16:29,670 INFO: Start copying weights and annotate Lambda layer...
2022-07-26 11:16:29,763 INFO: Start annotating other parts of model...
2022-07-26 11:16:29,799 INFO: Creating quantize-aware model...
2022-07-26 11:16:31,393 INFO: Create model successfully! Params: [36.77]K
2022-07-26 11:16:31,393 INFO: Model: "model"
2022-07-26 11:16:31,393 INFO: _________________________________________________________________
2022-07-26 11:16:31,393 INFO: Layer (type)                 Output Shape              Param #   
2022-07-26 11:16:31,393 INFO: =================================================================
2022-07-26 11:16:31,393 INFO: input_1 (InputLayer)         [(None, None, None, 3)]   0         
2022-07-26 11:16:31,393 INFO: _________________________________________________________________
2022-07-26 11:16:31,393 INFO: quantize_layer (QuantizeLaye (None, None, None, 3)     3         
2022-07-26 11:16:31,393 INFO: _________________________________________________________________
2022-07-26 11:16:31,394 INFO: quant_conv2d (QuantizeWrappe (None, None, None, 32)    963       
2022-07-26 11:16:31,394 INFO: _________________________________________________________________
2022-07-26 11:16:31,394 INFO: quant_conv2d_1 (QuantizeWrap (None, None, None, 32)    9315      
2022-07-26 11:16:31,394 INFO: _________________________________________________________________
2022-07-26 11:16:31,394 INFO: quant_conv2d_2 (QuantizeWrap (None, None, None, 32)    9315      
2022-07-26 11:16:31,394 INFO: _________________________________________________________________
2022-07-26 11:16:31,394 INFO: quant_conv2d_3 (QuantizeWrap (None, None, None, 32)    9315      
2022-07-26 11:16:31,394 INFO: _________________________________________________________________
2022-07-26 11:16:31,394 INFO: quant_conv2d_4 (QuantizeWrap (None, None, None, 27)    7860      
2022-07-26 11:16:31,394 INFO: _________________________________________________________________
2022-07-26 11:16:31,395 INFO: quant_lambda (QuantizeWrappe (None, None, None, 3)     1         
2022-07-26 11:16:31,395 INFO: =================================================================
2022-07-26 11:16:31,395 INFO: Total params: 36,772
2022-07-26 11:16:31,395 INFO: Trainable params: 36,443
2022-07-26 11:16:31,395 INFO: Non-trainable params: 329
2022-07-26 11:16:31,395 INFO: _________________________________________________________________
2022-07-26 11:16:31,397 INFO: Start training...
2022-07-26 11:17:43,502 INFO: Epoch: 1 | PSNR: 9.7944 | Loss: 94.5132 | lr: 1.00e-04 | Best_PSNR: 9.7944 | max_value: 47.45534896850586 in Epoch [1]
2022-07-26 11:19:10,608 INFO: Epoch: 2 | PSNR: 19.7638 | Loss: 38.7430 | lr: 1.00e-04 | Best_PSNR: 19.7638 | max_value: 163.14291381835938 in Epoch [2]
2022-07-26 11:20:12,362 INFO: Epoch: 3 | PSNR: 27.6390 | Loss: 9.2746 | lr: 1.00e-04 | Best_PSNR: 27.6390 | max_value: 244.79238891601562 in Epoch [3]
2022-07-26 11:21:37,747 INFO: Epoch: 4 | PSNR: 27.9059 | Loss: 6.0451 | lr: 1.00e-04 | Best_PSNR: 27.9059 | max_value: 255.0 in Epoch [4]
2022-07-26 11:22:39,890 INFO: Epoch: 5 | PSNR: 29.2257 | Loss: 5.8541 | lr: 1.00e-04 | Best_PSNR: 29.2257 | max_value: 255.0 in Epoch [5]
2022-07-26 11:23:50,837 INFO: Epoch: 6 | PSNR: 29.7997 | Loss: 5.7170 | lr: 1.00e-04 | Best_PSNR: 29.7997 | max_value: 255.0 in Epoch [6]
2022-07-26 11:25:05,688 INFO: Epoch: 7 | PSNR: 29.9096 | Loss: 5.7320 | lr: 1.00e-04 | Best_PSNR: 29.9096 | max_value: 255.0 in Epoch [7]
2022-07-26 11:26:30,228 INFO: Epoch: 8 | PSNR: 29.9414 | Loss: 5.6597 | lr: 1.00e-04 | Best_PSNR: 29.9414 | max_value: 255.0 in Epoch [8]
2022-07-26 11:27:55,385 INFO: Epoch: 9 | PSNR: 29.9655 | Loss: 5.6809 | lr: 1.00e-04 | Best_PSNR: 29.9655 | max_value: 255.0 in Epoch [9]
2022-07-26 11:29:03,828 INFO: Epoch: 10 | PSNR: 29.9784 | Loss: 5.6487 | lr: 1.00e-04 | Best_PSNR: 29.9784 | max_value: 255.0 in Epoch [10]
2022-07-26 11:30:18,228 INFO: Epoch: 11 | PSNR: 29.9765 | Loss: 5.6617 | lr: 1.00e-04 | Best_PSNR: 29.9784 | max_value: 255.0 in Epoch [10]
2022-07-26 11:31:19,588 INFO: Epoch: 12 | PSNR: 29.9830 | Loss: 5.6987 | lr: 1.00e-04 | Best_PSNR: 29.9830 | max_value: 255.0 in Epoch [12]
2022-07-26 11:32:26,617 INFO: Epoch: 13 | PSNR: 29.9860 | Loss: 5.6285 | lr: 1.00e-04 | Best_PSNR: 29.9860 | max_value: 255.0 in Epoch [13]
2022-07-26 11:33:31,017 INFO: Epoch: 14 | PSNR: 29.9931 | Loss: 5.6816 | lr: 1.00e-04 | Best_PSNR: 29.9931 | max_value: 255.0 in Epoch [14]
2022-07-26 11:34:44,177 INFO: Epoch: 15 | PSNR: 29.9937 | Loss: 5.6266 | lr: 1.00e-04 | Best_PSNR: 29.9937 | max_value: 255.0 in Epoch [15]
2022-07-26 11:35:44,430 INFO: Epoch: 16 | PSNR: 29.9943 | Loss: 5.6701 | lr: 1.00e-04 | Best_PSNR: 29.9943 | max_value: 255.0 in Epoch [16]
2022-07-26 11:36:55,010 INFO: Epoch: 17 | PSNR: 30.0020 | Loss: 5.7069 | lr: 1.00e-04 | Best_PSNR: 30.0020 | max_value: 255.0 in Epoch [17]
2022-07-26 11:38:08,328 INFO: Epoch: 18 | PSNR: 30.0001 | Loss: 5.6167 | lr: 1.00e-04 | Best_PSNR: 30.0020 | max_value: 255.0 in Epoch [17]
2022-07-26 11:39:21,587 INFO: Epoch: 19 | PSNR: 30.0062 | Loss: 5.6853 | lr: 1.00e-04 | Best_PSNR: 30.0062 | max_value: 255.0 in Epoch [19]
2022-07-26 11:40:26,624 INFO: Epoch: 20 | PSNR: 29.9964 | Loss: 5.6470 | lr: 1.00e-04 | Best_PSNR: 30.0062 | max_value: 255.0 in Epoch [19]
2022-07-26 11:41:46,775 INFO: Epoch: 21 | PSNR: 30.0007 | Loss: 5.6515 | lr: 1.00e-04 | Best_PSNR: 30.0062 | max_value: 255.0 in Epoch [19]
2022-07-26 11:42:49,853 INFO: Epoch: 22 | PSNR: 29.9993 | Loss: 5.6602 | lr: 1.00e-04 | Best_PSNR: 30.0062 | max_value: 255.0 in Epoch [19]
2022-07-26 11:43:55,839 INFO: Epoch: 23 | PSNR: 30.0011 | Loss: 5.6122 | lr: 1.00e-04 | Best_PSNR: 30.0062 | max_value: 255.0 in Epoch [19]
2022-07-26 11:45:39,535 INFO: Epoch: 24 | PSNR: 30.0064 | Loss: 5.6638 | lr: 1.00e-04 | Best_PSNR: 30.0064 | max_value: 255.0 in Epoch [24]
2022-07-26 11:46:36,656 INFO: Epoch: 25 | PSNR: 30.0033 | Loss: 5.6652 | lr: 1.00e-04 | Best_PSNR: 30.0064 | max_value: 255.0 in Epoch [24]
2022-07-26 11:47:45,672 INFO: Epoch: 26 | PSNR: 29.9979 | Loss: 5.6900 | lr: 1.00e-04 | Best_PSNR: 30.0064 | max_value: 255.0 in Epoch [24]
2022-07-26 11:49:23,398 INFO: Epoch: 27 | PSNR: 29.9962 | Loss: 5.6214 | lr: 1.00e-04 | Best_PSNR: 30.0064 | max_value: 255.0 in Epoch [24]
2022-07-26 11:50:30,742 INFO: Epoch: 28 | PSNR: 29.9990 | Loss: 5.6387 | lr: 1.00e-04 | Best_PSNR: 30.0064 | max_value: 255.0 in Epoch [24]
2022-07-26 11:52:01,182 INFO: Epoch: 29 | PSNR: 30.0047 | Loss: 5.6799 | lr: 1.00e-04 | Best_PSNR: 30.0064 | max_value: 255.0 in Epoch [24]
2022-07-26 11:53:01,936 INFO: Epoch: 30 | PSNR: 30.0051 | Loss: 5.6636 | lr: 1.00e-04 | Best_PSNR: 30.0064 | max_value: 255.0 in Epoch [24]
2022-07-26 11:54:08,486 INFO: Epoch: 31 | PSNR: 29.9981 | Loss: 5.6238 | lr: 1.00e-04 | Best_PSNR: 30.0064 | max_value: 255.0 in Epoch [24]
2022-07-26 11:55:09,524 INFO: Epoch: 32 | PSNR: 30.0036 | Loss: 5.6353 | lr: 1.00e-04 | Best_PSNR: 30.0064 | max_value: 255.0 in Epoch [24]
2022-07-26 11:56:14,397 INFO: Epoch: 33 | PSNR: 29.9890 | Loss: 5.6240 | lr: 1.00e-04 | Best_PSNR: 30.0064 | max_value: 255.0 in Epoch [24]
2022-07-26 11:57:19,139 INFO: Epoch: 34 | PSNR: 29.9983 | Loss: 5.6193 | lr: 1.00e-04 | Best_PSNR: 30.0064 | max_value: 255.0 in Epoch [24]
2022-07-26 11:58:21,406 INFO: Epoch: 35 | PSNR: 29.9973 | Loss: 5.6417 | lr: 1.00e-04 | Best_PSNR: 30.0064 | max_value: 255.0 in Epoch [24]
2022-07-26 11:59:37,532 INFO: Epoch: 36 | PSNR: 30.0007 | Loss: 5.6533 | lr: 1.00e-04 | Best_PSNR: 30.0064 | max_value: 255.0 in Epoch [24]
2022-07-26 12:01:00,723 INFO: Epoch: 37 | PSNR: 30.0033 | Loss: 5.6430 | lr: 1.00e-04 | Best_PSNR: 30.0064 | max_value: 255.0 in Epoch [24]
2022-07-26 12:02:09,548 INFO: Epoch: 38 | PSNR: 30.0039 | Loss: 5.6523 | lr: 1.00e-04 | Best_PSNR: 30.0064 | max_value: 255.0 in Epoch [24]
2022-07-26 12:03:28,536 INFO: Epoch: 39 | PSNR: 29.9992 | Loss: 5.6886 | lr: 1.00e-04 | Best_PSNR: 30.0064 | max_value: 255.0 in Epoch [24]
2022-07-26 12:04:38,789 INFO: Epoch: 40 | PSNR: 30.0081 | Loss: 5.7140 | lr: 1.00e-04 | Best_PSNR: 30.0081 | max_value: 255.0 in Epoch [40]
2022-07-26 12:05:51,854 INFO: Epoch: 41 | PSNR: 30.0081 | Loss: 5.6497 | lr: 1.00e-04 | Best_PSNR: 30.0081 | max_value: 255.0 in Epoch [40]
2022-07-26 12:06:54,732 INFO: Epoch: 42 | PSNR: 30.0042 | Loss: 5.6269 | lr: 1.00e-04 | Best_PSNR: 30.0081 | max_value: 255.0 in Epoch [40]
2022-07-26 12:08:10,006 INFO: Epoch: 43 | PSNR: 29.9982 | Loss: 5.6547 | lr: 1.00e-04 | Best_PSNR: 30.0081 | max_value: 255.0 in Epoch [40]
2022-07-26 12:09:07,291 INFO: Epoch: 44 | PSNR: 30.0080 | Loss: 5.6568 | lr: 1.00e-04 | Best_PSNR: 30.0081 | max_value: 255.0 in Epoch [40]
2022-07-26 12:10:28,192 INFO: Epoch: 45 | PSNR: 30.0053 | Loss: 5.6217 | lr: 1.00e-04 | Best_PSNR: 30.0081 | max_value: 255.0 in Epoch [40]
2022-07-26 12:11:32,088 INFO: Epoch: 46 | PSNR: 30.0060 | Loss: 5.6544 | lr: 1.00e-04 | Best_PSNR: 30.0081 | max_value: 255.0 in Epoch [40]
2022-07-26 12:12:35,647 INFO: Epoch: 47 | PSNR: 30.0071 | Loss: 5.6917 | lr: 1.00e-04 | Best_PSNR: 30.0081 | max_value: 255.0 in Epoch [40]
2022-07-26 12:13:56,151 INFO: Epoch: 48 | PSNR: 30.0073 | Loss: 5.6046 | lr: 1.00e-04 | Best_PSNR: 30.0081 | max_value: 255.0 in Epoch [40]
2022-07-26 12:15:09,920 INFO: Epoch: 49 | PSNR: 30.0061 | Loss: 5.6248 | lr: 1.00e-04 | Best_PSNR: 30.0081 | max_value: 255.0 in Epoch [40]
2022-07-26 12:16:09,350 INFO: Epoch: 50 | PSNR: 30.0031 | Loss: 5.6809 | lr: 1.00e-04 | Best_PSNR: 30.0081 | max_value: 255.0 in Epoch [40]
2022-07-26 12:17:29,734 INFO: Epoch: 51 | PSNR: 30.0077 | Loss: 5.6596 | lr: 5.00e-05 | Best_PSNR: 30.0081 | max_value: 255.0 in Epoch [40]
2022-07-26 12:18:32,857 INFO: Epoch: 52 | PSNR: 30.0085 | Loss: 5.6270 | lr: 5.00e-05 | Best_PSNR: 30.0085 | max_value: 255.0 in Epoch [52]
2022-07-26 12:19:53,108 INFO: Epoch: 53 | PSNR: 30.0090 | Loss: 5.6218 | lr: 5.00e-05 | Best_PSNR: 30.0090 | max_value: 255.0 in Epoch [53]
2022-07-26 12:20:56,206 INFO: Epoch: 54 | PSNR: 30.0149 | Loss: 5.6227 | lr: 5.00e-05 | Best_PSNR: 30.0149 | max_value: 255.0 in Epoch [54]
2022-07-26 12:22:00,913 INFO: Epoch: 55 | PSNR: 30.0072 | Loss: 5.6196 | lr: 5.00e-05 | Best_PSNR: 30.0149 | max_value: 255.0 in Epoch [54]
2022-07-26 12:23:24,125 INFO: Epoch: 56 | PSNR: 30.0071 | Loss: 5.6771 | lr: 5.00e-05 | Best_PSNR: 30.0149 | max_value: 255.0 in Epoch [54]
2022-07-26 12:24:35,426 INFO: Epoch: 57 | PSNR: 30.0035 | Loss: 5.6568 | lr: 5.00e-05 | Best_PSNR: 30.0149 | max_value: 255.0 in Epoch [54]
2022-07-26 12:25:54,462 INFO: Epoch: 58 | PSNR: 30.0166 | Loss: 5.6609 | lr: 5.00e-05 | Best_PSNR: 30.0166 | max_value: 255.0 in Epoch [58]
2022-07-26 12:27:08,287 INFO: Epoch: 59 | PSNR: 30.0159 | Loss: 5.6544 | lr: 5.00e-05 | Best_PSNR: 30.0166 | max_value: 255.0 in Epoch [58]
2022-07-26 12:28:14,675 INFO: Epoch: 60 | PSNR: 30.0114 | Loss: 5.6504 | lr: 5.00e-05 | Best_PSNR: 30.0166 | max_value: 255.0 in Epoch [58]
2022-07-26 12:29:22,381 INFO: Epoch: 61 | PSNR: 30.0025 | Loss: 5.6961 | lr: 5.00e-05 | Best_PSNR: 30.0166 | max_value: 255.0 in Epoch [58]
2022-07-26 12:30:31,993 INFO: Epoch: 62 | PSNR: 30.0068 | Loss: 5.6721 | lr: 5.00e-05 | Best_PSNR: 30.0166 | max_value: 255.0 in Epoch [58]
2022-07-26 12:31:58,725 INFO: Epoch: 63 | PSNR: 30.0101 | Loss: 5.6396 | lr: 5.00e-05 | Best_PSNR: 30.0166 | max_value: 255.0 in Epoch [58]
2022-07-26 12:33:04,710 INFO: Epoch: 64 | PSNR: 29.9988 | Loss: 5.6659 | lr: 5.00e-05 | Best_PSNR: 30.0166 | max_value: 255.0 in Epoch [58]
2022-07-26 12:34:08,050 INFO: Epoch: 65 | PSNR: 30.0097 | Loss: 5.6764 | lr: 5.00e-05 | Best_PSNR: 30.0166 | max_value: 255.0 in Epoch [58]
2022-07-26 12:35:27,522 INFO: Epoch: 66 | PSNR: 30.0114 | Loss: 5.6397 | lr: 5.00e-05 | Best_PSNR: 30.0166 | max_value: 255.0 in Epoch [58]
2022-07-26 12:36:25,233 INFO: Epoch: 67 | PSNR: 30.0099 | Loss: 5.6532 | lr: 5.00e-05 | Best_PSNR: 30.0166 | max_value: 255.0 in Epoch [58]
2022-07-26 12:37:35,174 INFO: Epoch: 68 | PSNR: 30.0099 | Loss: 5.6196 | lr: 5.00e-05 | Best_PSNR: 30.0166 | max_value: 255.0 in Epoch [58]
2022-07-26 12:38:37,661 INFO: Epoch: 69 | PSNR: 30.0111 | Loss: 5.6892 | lr: 5.00e-05 | Best_PSNR: 30.0166 | max_value: 255.0 in Epoch [58]
2022-07-26 12:39:41,237 INFO: Epoch: 70 | PSNR: 30.0064 | Loss: 5.6351 | lr: 5.00e-05 | Best_PSNR: 30.0166 | max_value: 255.0 in Epoch [58]
2022-07-26 12:40:42,085 INFO: Epoch: 71 | PSNR: 30.0075 | Loss: 5.6270 | lr: 5.00e-05 | Best_PSNR: 30.0166 | max_value: 255.0 in Epoch [58]
2022-07-26 12:41:46,061 INFO: Epoch: 72 | PSNR: 29.9981 | Loss: 5.5736 | lr: 5.00e-05 | Best_PSNR: 30.0166 | max_value: 255.0 in Epoch [58]
2022-07-26 12:42:50,546 INFO: Epoch: 73 | PSNR: 30.0020 | Loss: 5.6918 | lr: 5.00e-05 | Best_PSNR: 30.0166 | max_value: 255.0 in Epoch [58]
2022-07-26 12:44:29,857 INFO: Epoch: 74 | PSNR: 30.0036 | Loss: 5.6900 | lr: 5.00e-05 | Best_PSNR: 30.0166 | max_value: 255.0 in Epoch [58]
2022-07-26 12:45:40,783 INFO: Epoch: 75 | PSNR: 30.0104 | Loss: 5.6460 | lr: 5.00e-05 | Best_PSNR: 30.0166 | max_value: 255.0 in Epoch [58]
2022-07-26 12:46:54,469 INFO: Epoch: 76 | PSNR: 30.0002 | Loss: 5.6671 | lr: 5.00e-05 | Best_PSNR: 30.0166 | max_value: 255.0 in Epoch [58]
2022-07-26 12:47:54,983 INFO: Epoch: 77 | PSNR: 30.0022 | Loss: 5.6314 | lr: 5.00e-05 | Best_PSNR: 30.0166 | max_value: 255.0 in Epoch [58]
2022-07-26 12:49:11,430 INFO: Epoch: 78 | PSNR: 30.0081 | Loss: 5.6608 | lr: 5.00e-05 | Best_PSNR: 30.0166 | max_value: 255.0 in Epoch [58]
2022-07-26 12:50:15,996 INFO: Epoch: 79 | PSNR: 30.0093 | Loss: 5.6008 | lr: 5.00e-05 | Best_PSNR: 30.0166 | max_value: 255.0 in Epoch [58]
2022-07-26 12:51:34,599 INFO: Epoch: 80 | PSNR: 30.0012 | Loss: 5.6667 | lr: 5.00e-05 | Best_PSNR: 30.0166 | max_value: 255.0 in Epoch [58]
2022-07-26 12:52:49,023 INFO: Epoch: 81 | PSNR: 30.0081 | Loss: 5.6802 | lr: 5.00e-05 | Best_PSNR: 30.0166 | max_value: 255.0 in Epoch [58]
2022-07-26 12:54:08,121 INFO: Epoch: 82 | PSNR: 30.0090 | Loss: 5.6668 | lr: 5.00e-05 | Best_PSNR: 30.0166 | max_value: 255.0 in Epoch [58]
2022-07-26 12:55:10,792 INFO: Epoch: 83 | PSNR: 30.0043 | Loss: 5.6099 | lr: 5.00e-05 | Best_PSNR: 30.0166 | max_value: 255.0 in Epoch [58]
2022-07-26 12:56:38,308 INFO: Epoch: 84 | PSNR: 30.0089 | Loss: 5.6880 | lr: 5.00e-05 | Best_PSNR: 30.0166 | max_value: 255.0 in Epoch [58]
2022-07-26 12:58:08,132 INFO: Epoch: 85 | PSNR: 30.0011 | Loss: 5.6498 | lr: 5.00e-05 | Best_PSNR: 30.0166 | max_value: 255.0 in Epoch [58]
2022-07-26 12:59:18,289 INFO: Epoch: 86 | PSNR: 30.0017 | Loss: 5.6998 | lr: 5.00e-05 | Best_PSNR: 30.0166 | max_value: 255.0 in Epoch [58]
2022-07-26 13:00:39,117 INFO: Epoch: 87 | PSNR: 30.0025 | Loss: 5.6200 | lr: 5.00e-05 | Best_PSNR: 30.0166 | max_value: 255.0 in Epoch [58]
2022-07-26 13:01:59,785 INFO: Epoch: 88 | PSNR: 30.0085 | Loss: 5.6645 | lr: 5.00e-05 | Best_PSNR: 30.0166 | max_value: 255.0 in Epoch [58]
2022-07-26 13:03:15,696 INFO: Epoch: 89 | PSNR: 30.0053 | Loss: 5.6674 | lr: 5.00e-05 | Best_PSNR: 30.0166 | max_value: 255.0 in Epoch [58]
2022-07-26 13:04:17,873 INFO: Epoch: 90 | PSNR: 30.0064 | Loss: 5.6668 | lr: 5.00e-05 | Best_PSNR: 30.0166 | max_value: 255.0 in Epoch [58]
2022-07-26 13:05:39,286 INFO: Epoch: 91 | PSNR: 29.9991 | Loss: 5.6696 | lr: 5.00e-05 | Best_PSNR: 30.0166 | max_value: 255.0 in Epoch [58]
2022-07-26 13:06:41,331 INFO: Epoch: 92 | PSNR: 29.9990 | Loss: 5.6372 | lr: 5.00e-05 | Best_PSNR: 30.0166 | max_value: 255.0 in Epoch [58]
2022-07-26 13:07:50,627 INFO: Epoch: 93 | PSNR: 30.0002 | Loss: 5.6603 | lr: 5.00e-05 | Best_PSNR: 30.0166 | max_value: 255.0 in Epoch [58]
2022-07-26 13:08:54,932 INFO: Epoch: 94 | PSNR: 30.0079 | Loss: 5.6185 | lr: 5.00e-05 | Best_PSNR: 30.0166 | max_value: 255.0 in Epoch [58]
2022-07-26 13:10:10,292 INFO: Epoch: 95 | PSNR: 30.0058 | Loss: 5.6978 | lr: 5.00e-05 | Best_PSNR: 30.0166 | max_value: 255.0 in Epoch [58]
2022-07-26 13:11:21,913 INFO: Epoch: 96 | PSNR: 30.0068 | Loss: 5.6479 | lr: 5.00e-05 | Best_PSNR: 30.0166 | max_value: 255.0 in Epoch [58]
2022-07-26 13:13:40,998 INFO: Epoch: 97 | PSNR: 29.9984 | Loss: 5.6817 | lr: 5.00e-05 | Best_PSNR: 30.0166 | max_value: 255.0 in Epoch [58]
2022-07-26 13:15:41,403 INFO: Epoch: 98 | PSNR: 30.0016 | Loss: 5.6389 | lr: 5.00e-05 | Best_PSNR: 30.0166 | max_value: 255.0 in Epoch [58]
2022-07-26 13:16:48,120 INFO: Epoch: 99 | PSNR: 29.9990 | Loss: 5.6924 | lr: 5.00e-05 | Best_PSNR: 30.0166 | max_value: 255.0 in Epoch [58]
2022-07-26 13:18:09,078 INFO: Epoch: 100 | PSNR: 29.9960 | Loss: 5.5948 | lr: 5.00e-05 | Best_PSNR: 30.0166 | max_value: 255.0 in Epoch [58]
2022-07-26 13:19:52,044 INFO: Epoch: 101 | PSNR: 30.0080 | Loss: 5.6245 | lr: 2.50e-05 | Best_PSNR: 30.0166 | max_value: 255.0 in Epoch [58]
2022-07-26 13:21:28,828 INFO: Epoch: 102 | PSNR: 30.0048 | Loss: 5.6667 | lr: 2.50e-05 | Best_PSNR: 30.0166 | max_value: 255.0 in Epoch [58]
2022-07-26 13:22:47,718 INFO: Epoch: 103 | PSNR: 29.9946 | Loss: 5.6533 | lr: 2.50e-05 | Best_PSNR: 30.0166 | max_value: 255.0 in Epoch [58]
2022-07-26 13:24:04,923 INFO: Epoch: 104 | PSNR: 30.0115 | Loss: 5.6712 | lr: 2.50e-05 | Best_PSNR: 30.0166 | max_value: 255.0 in Epoch [58]
2022-07-26 13:25:11,555 INFO: Epoch: 105 | PSNR: 30.0053 | Loss: 5.6070 | lr: 2.50e-05 | Best_PSNR: 30.0166 | max_value: 255.0 in Epoch [58]
2022-07-26 13:26:19,930 INFO: Epoch: 106 | PSNR: 29.9964 | Loss: 5.6430 | lr: 2.50e-05 | Best_PSNR: 30.0166 | max_value: 255.0 in Epoch [58]
2022-07-26 13:28:38,660 INFO: Epoch: 107 | PSNR: 30.0037 | Loss: 5.6363 | lr: 2.50e-05 | Best_PSNR: 30.0166 | max_value: 255.0 in Epoch [58]
2022-07-26 13:30:01,915 INFO: Epoch: 108 | PSNR: 30.0073 | Loss: 5.5997 | lr: 2.50e-05 | Best_PSNR: 30.0166 | max_value: 255.0 in Epoch [58]
2022-07-26 13:31:42,847 INFO: Epoch: 109 | PSNR: 30.0139 | Loss: 5.6509 | lr: 2.50e-05 | Best_PSNR: 30.0166 | max_value: 255.0 in Epoch [58]
2022-07-26 13:32:58,591 INFO: Epoch: 110 | PSNR: 30.0030 | Loss: 5.6932 | lr: 2.50e-05 | Best_PSNR: 30.0166 | max_value: 255.0 in Epoch [58]
2022-07-26 13:34:07,902 INFO: Epoch: 111 | PSNR: 30.0174 | Loss: 5.6649 | lr: 2.50e-05 | Best_PSNR: 30.0174 | max_value: 255.0 in Epoch [111]
2022-07-26 13:35:14,494 INFO: Epoch: 112 | PSNR: 29.9994 | Loss: 5.6902 | lr: 2.50e-05 | Best_PSNR: 30.0174 | max_value: 255.0 in Epoch [111]
2022-07-26 13:36:43,106 INFO: Epoch: 113 | PSNR: 29.9996 | Loss: 5.6543 | lr: 2.50e-05 | Best_PSNR: 30.0174 | max_value: 255.0 in Epoch [111]
2022-07-26 13:38:30,754 INFO: Epoch: 114 | PSNR: 30.0061 | Loss: 5.6461 | lr: 2.50e-05 | Best_PSNR: 30.0174 | max_value: 255.0 in Epoch [111]
2022-07-26 13:40:16,610 INFO: Epoch: 115 | PSNR: 30.0029 | Loss: 5.6656 | lr: 2.50e-05 | Best_PSNR: 30.0174 | max_value: 255.0 in Epoch [111]
2022-07-26 13:41:09,661 INFO: Epoch: 116 | PSNR: 30.0074 | Loss: 5.6455 | lr: 2.50e-05 | Best_PSNR: 30.0174 | max_value: 255.0 in Epoch [111]
2022-07-26 13:42:18,439 INFO: Epoch: 117 | PSNR: 30.0107 | Loss: 5.6407 | lr: 2.50e-05 | Best_PSNR: 30.0174 | max_value: 255.0 in Epoch [111]
2022-07-26 13:43:28,437 INFO: Epoch: 118 | PSNR: 30.0112 | Loss: 5.6621 | lr: 2.50e-05 | Best_PSNR: 30.0174 | max_value: 255.0 in Epoch [111]
2022-07-26 13:45:06,591 INFO: Epoch: 119 | PSNR: 29.9994 | Loss: 5.6818 | lr: 2.50e-05 | Best_PSNR: 30.0174 | max_value: 255.0 in Epoch [111]
2022-07-26 13:46:12,007 INFO: Epoch: 120 | PSNR: 30.0004 | Loss: 5.6760 | lr: 2.50e-05 | Best_PSNR: 30.0174 | max_value: 255.0 in Epoch [111]
2022-07-26 13:47:48,667 INFO: Epoch: 121 | PSNR: 30.0057 | Loss: 5.6687 | lr: 2.50e-05 | Best_PSNR: 30.0174 | max_value: 255.0 in Epoch [111]
2022-07-26 13:49:07,726 INFO: Epoch: 122 | PSNR: 30.0068 | Loss: 5.6492 | lr: 2.50e-05 | Best_PSNR: 30.0174 | max_value: 255.0 in Epoch [111]
2022-07-26 13:50:30,720 INFO: Epoch: 123 | PSNR: 30.0065 | Loss: 5.6909 | lr: 2.50e-05 | Best_PSNR: 30.0174 | max_value: 255.0 in Epoch [111]
2022-07-26 13:52:12,111 INFO: Epoch: 124 | PSNR: 30.0023 | Loss: 5.6351 | lr: 2.50e-05 | Best_PSNR: 30.0174 | max_value: 255.0 in Epoch [111]
2022-07-26 13:53:25,216 INFO: Epoch: 125 | PSNR: 30.0032 | Loss: 5.6437 | lr: 2.50e-05 | Best_PSNR: 30.0174 | max_value: 255.0 in Epoch [111]
2022-07-26 13:54:49,445 INFO: Epoch: 126 | PSNR: 29.9978 | Loss: 5.6034 | lr: 2.50e-05 | Best_PSNR: 30.0174 | max_value: 255.0 in Epoch [111]
2022-07-26 13:55:55,410 INFO: Epoch: 127 | PSNR: 30.0082 | Loss: 5.5912 | lr: 2.50e-05 | Best_PSNR: 30.0174 | max_value: 255.0 in Epoch [111]
2022-07-26 13:56:54,454 INFO: Epoch: 128 | PSNR: 30.0026 | Loss: 5.6565 | lr: 2.50e-05 | Best_PSNR: 30.0174 | max_value: 255.0 in Epoch [111]
2022-07-26 13:57:59,397 INFO: Epoch: 129 | PSNR: 29.9998 | Loss: 5.6613 | lr: 2.50e-05 | Best_PSNR: 30.0174 | max_value: 255.0 in Epoch [111]
2022-07-26 13:59:07,098 INFO: Epoch: 130 | PSNR: 29.9953 | Loss: 5.6113 | lr: 2.50e-05 | Best_PSNR: 30.0174 | max_value: 255.0 in Epoch [111]
2022-07-26 14:00:16,130 INFO: Epoch: 131 | PSNR: 30.0057 | Loss: 5.6515 | lr: 2.50e-05 | Best_PSNR: 30.0174 | max_value: 255.0 in Epoch [111]
2022-07-26 14:01:28,603 INFO: Epoch: 132 | PSNR: 30.0044 | Loss: 5.6613 | lr: 2.50e-05 | Best_PSNR: 30.0174 | max_value: 255.0 in Epoch [111]
2022-07-26 14:02:44,978 INFO: Epoch: 133 | PSNR: 30.0080 | Loss: 5.6179 | lr: 2.50e-05 | Best_PSNR: 30.0174 | max_value: 255.0 in Epoch [111]
2022-07-26 14:04:19,388 INFO: Epoch: 134 | PSNR: 30.0092 | Loss: 5.6263 | lr: 2.50e-05 | Best_PSNR: 30.0174 | max_value: 255.0 in Epoch [111]
2022-07-26 14:05:20,574 INFO: Epoch: 135 | PSNR: 29.9993 | Loss: 5.6311 | lr: 2.50e-05 | Best_PSNR: 30.0174 | max_value: 255.0 in Epoch [111]
2022-07-26 14:06:57,454 INFO: Epoch: 136 | PSNR: 30.0071 | Loss: 5.6535 | lr: 2.50e-05 | Best_PSNR: 30.0174 | max_value: 255.0 in Epoch [111]
2022-07-26 14:08:07,150 INFO: Epoch: 137 | PSNR: 30.0123 | Loss: 5.6554 | lr: 2.50e-05 | Best_PSNR: 30.0174 | max_value: 255.0 in Epoch [111]
2022-07-26 14:09:06,661 INFO: Epoch: 138 | PSNR: 30.0021 | Loss: 5.6333 | lr: 2.50e-05 | Best_PSNR: 30.0174 | max_value: 255.0 in Epoch [111]
2022-07-26 14:12:01,510 INFO: Epoch: 139 | PSNR: 30.0004 | Loss: 5.6381 | lr: 2.50e-05 | Best_PSNR: 30.0174 | max_value: 255.0 in Epoch [111]
2022-07-26 14:13:06,603 INFO: Epoch: 140 | PSNR: 30.0164 | Loss: 5.6354 | lr: 2.50e-05 | Best_PSNR: 30.0174 | max_value: 255.0 in Epoch [111]
2022-07-26 14:14:22,695 INFO: Epoch: 141 | PSNR: 30.0127 | Loss: 5.6207 | lr: 2.50e-05 | Best_PSNR: 30.0174 | max_value: 255.0 in Epoch [111]
2022-07-26 14:16:13,769 INFO: Epoch: 142 | PSNR: 30.0030 | Loss: 5.6439 | lr: 2.50e-05 | Best_PSNR: 30.0174 | max_value: 255.0 in Epoch [111]
2022-07-26 14:17:15,512 INFO: Epoch: 143 | PSNR: 30.0047 | Loss: 5.7158 | lr: 2.50e-05 | Best_PSNR: 30.0174 | max_value: 255.0 in Epoch [111]
2022-07-26 14:18:33,788 INFO: Epoch: 144 | PSNR: 30.0073 | Loss: 5.6516 | lr: 2.50e-05 | Best_PSNR: 30.0174 | max_value: 255.0 in Epoch [111]
2022-07-26 14:19:37,361 INFO: Epoch: 145 | PSNR: 30.0020 | Loss: 5.6441 | lr: 2.50e-05 | Best_PSNR: 30.0174 | max_value: 255.0 in Epoch [111]
2022-07-26 14:20:50,988 INFO: Epoch: 146 | PSNR: 30.0113 | Loss: 5.6948 | lr: 2.50e-05 | Best_PSNR: 30.0174 | max_value: 255.0 in Epoch [111]
2022-07-26 14:22:11,786 INFO: Epoch: 147 | PSNR: 30.0062 | Loss: 5.6771 | lr: 2.50e-05 | Best_PSNR: 30.0174 | max_value: 255.0 in Epoch [111]
2022-07-26 14:23:42,450 INFO: Epoch: 148 | PSNR: 30.0032 | Loss: 5.7008 | lr: 2.50e-05 | Best_PSNR: 30.0174 | max_value: 255.0 in Epoch [111]
2022-07-26 14:24:56,197 INFO: Epoch: 149 | PSNR: 30.0120 | Loss: 5.6670 | lr: 2.50e-05 | Best_PSNR: 30.0174 | max_value: 255.0 in Epoch [111]
2022-07-26 14:25:54,913 INFO: Epoch: 150 | PSNR: 30.0020 | Loss: 5.6570 | lr: 2.50e-05 | Best_PSNR: 30.0174 | max_value: 255.0 in Epoch [111]
2022-07-26 14:27:37,149 INFO: Epoch: 151 | PSNR: 30.0155 | Loss: 5.6598 | lr: 1.25e-05 | Best_PSNR: 30.0174 | max_value: 255.0 in Epoch [111]
2022-07-26 14:28:57,927 INFO: Epoch: 152 | PSNR: 30.0134 | Loss: 5.6867 | lr: 1.25e-05 | Best_PSNR: 30.0174 | max_value: 255.0 in Epoch [111]
2022-07-26 14:30:04,321 INFO: Epoch: 153 | PSNR: 30.0133 | Loss: 5.6444 | lr: 1.25e-05 | Best_PSNR: 30.0174 | max_value: 255.0 in Epoch [111]
2022-07-26 14:31:17,080 INFO: Epoch: 154 | PSNR: 30.0080 | Loss: 5.6829 | lr: 1.25e-05 | Best_PSNR: 30.0174 | max_value: 255.0 in Epoch [111]
2022-07-26 14:32:41,197 INFO: Epoch: 155 | PSNR: 30.0135 | Loss: 5.6378 | lr: 1.25e-05 | Best_PSNR: 30.0174 | max_value: 255.0 in Epoch [111]
2022-07-26 14:33:53,099 INFO: Epoch: 156 | PSNR: 30.0015 | Loss: 5.6320 | lr: 1.25e-05 | Best_PSNR: 30.0174 | max_value: 255.0 in Epoch [111]
2022-07-26 14:35:28,867 INFO: Epoch: 157 | PSNR: 30.0013 | Loss: 5.6122 | lr: 1.25e-05 | Best_PSNR: 30.0174 | max_value: 255.0 in Epoch [111]
2022-07-26 14:36:35,435 INFO: Epoch: 158 | PSNR: 30.0108 | Loss: 5.6674 | lr: 1.25e-05 | Best_PSNR: 30.0174 | max_value: 255.0 in Epoch [111]
2022-07-26 14:37:44,084 INFO: Epoch: 159 | PSNR: 30.0145 | Loss: 5.6503 | lr: 1.25e-05 | Best_PSNR: 30.0174 | max_value: 255.0 in Epoch [111]
2022-07-26 14:39:41,385 INFO: Epoch: 160 | PSNR: 30.0141 | Loss: 5.6409 | lr: 1.25e-05 | Best_PSNR: 30.0174 | max_value: 255.0 in Epoch [111]
2022-07-26 14:41:05,667 INFO: Epoch: 161 | PSNR: 30.0069 | Loss: 5.6676 | lr: 1.25e-05 | Best_PSNR: 30.0174 | max_value: 255.0 in Epoch [111]
2022-07-26 14:42:10,906 INFO: Epoch: 162 | PSNR: 30.0071 | Loss: 5.6700 | lr: 1.25e-05 | Best_PSNR: 30.0174 | max_value: 255.0 in Epoch [111]
2022-07-26 14:43:20,700 INFO: Epoch: 163 | PSNR: 30.0100 | Loss: 5.6268 | lr: 1.25e-05 | Best_PSNR: 30.0174 | max_value: 255.0 in Epoch [111]
2022-07-26 14:45:01,284 INFO: Epoch: 164 | PSNR: 30.0061 | Loss: 5.6326 | lr: 1.25e-05 | Best_PSNR: 30.0174 | max_value: 255.0 in Epoch [111]
2022-07-26 14:46:17,645 INFO: Epoch: 165 | PSNR: 30.0081 | Loss: 5.6701 | lr: 1.25e-05 | Best_PSNR: 30.0174 | max_value: 255.0 in Epoch [111]
2022-07-26 14:47:26,772 INFO: Epoch: 166 | PSNR: 30.0066 | Loss: 5.6909 | lr: 1.25e-05 | Best_PSNR: 30.0174 | max_value: 255.0 in Epoch [111]
2022-07-26 14:48:39,647 INFO: Epoch: 167 | PSNR: 30.0047 | Loss: 5.6403 | lr: 1.25e-05 | Best_PSNR: 30.0174 | max_value: 255.0 in Epoch [111]
2022-07-26 14:49:46,720 INFO: Epoch: 168 | PSNR: 30.0084 | Loss: 5.5938 | lr: 1.25e-05 | Best_PSNR: 30.0174 | max_value: 255.0 in Epoch [111]
2022-07-26 14:50:58,179 INFO: Epoch: 169 | PSNR: 30.0012 | Loss: 5.6342 | lr: 1.25e-05 | Best_PSNR: 30.0174 | max_value: 255.0 in Epoch [111]
2022-07-26 14:52:09,940 INFO: Epoch: 170 | PSNR: 30.0078 | Loss: 5.6216 | lr: 1.25e-05 | Best_PSNR: 30.0174 | max_value: 255.0 in Epoch [111]
2022-07-26 14:53:17,971 INFO: Epoch: 171 | PSNR: 30.0079 | Loss: 5.6220 | lr: 1.25e-05 | Best_PSNR: 30.0174 | max_value: 255.0 in Epoch [111]
2022-07-26 14:54:38,584 INFO: Epoch: 172 | PSNR: 30.0038 | Loss: 5.6318 | lr: 1.25e-05 | Best_PSNR: 30.0174 | max_value: 255.0 in Epoch [111]
2022-07-26 14:55:52,849 INFO: Epoch: 173 | PSNR: 30.0023 | Loss: 5.6238 | lr: 1.25e-05 | Best_PSNR: 30.0174 | max_value: 255.0 in Epoch [111]
2022-07-26 14:57:09,921 INFO: Epoch: 174 | PSNR: 30.0091 | Loss: 5.6538 | lr: 1.25e-05 | Best_PSNR: 30.0174 | max_value: 255.0 in Epoch [111]
2022-07-26 14:58:14,608 INFO: Epoch: 175 | PSNR: 30.0088 | Loss: 5.6093 | lr: 1.25e-05 | Best_PSNR: 30.0174 | max_value: 255.0 in Epoch [111]
2022-07-26 14:59:24,640 INFO: Epoch: 176 | PSNR: 30.0083 | Loss: 5.6491 | lr: 1.25e-05 | Best_PSNR: 30.0174 | max_value: 255.0 in Epoch [111]
2022-07-26 15:00:52,159 INFO: Epoch: 177 | PSNR: 30.0051 | Loss: 5.6949 | lr: 1.25e-05 | Best_PSNR: 30.0174 | max_value: 255.0 in Epoch [111]
2022-07-26 15:02:04,483 INFO: Epoch: 178 | PSNR: 30.0019 | Loss: 5.6345 | lr: 1.25e-05 | Best_PSNR: 30.0174 | max_value: 255.0 in Epoch [111]
2022-07-26 15:03:37,988 INFO: Epoch: 179 | PSNR: 30.0035 | Loss: 5.6010 | lr: 1.25e-05 | Best_PSNR: 30.0174 | max_value: 255.0 in Epoch [111]
2022-07-26 15:04:55,917 INFO: Epoch: 180 | PSNR: 30.0070 | Loss: 5.6340 | lr: 1.25e-05 | Best_PSNR: 30.0174 | max_value: 255.0 in Epoch [111]
2022-07-26 15:06:05,782 INFO: Epoch: 181 | PSNR: 30.0139 | Loss: 5.6167 | lr: 1.25e-05 | Best_PSNR: 30.0174 | max_value: 255.0 in Epoch [111]
2022-07-26 15:07:14,176 INFO: Epoch: 182 | PSNR: 30.0130 | Loss: 5.6833 | lr: 1.25e-05 | Best_PSNR: 30.0174 | max_value: 255.0 in Epoch [111]
2022-07-26 15:08:32,917 INFO: Epoch: 183 | PSNR: 30.0061 | Loss: 5.6262 | lr: 1.25e-05 | Best_PSNR: 30.0174 | max_value: 255.0 in Epoch [111]
2022-07-26 15:09:42,872 INFO: Epoch: 184 | PSNR: 30.0022 | Loss: 5.6465 | lr: 1.25e-05 | Best_PSNR: 30.0174 | max_value: 255.0 in Epoch [111]
2022-07-26 15:10:58,460 INFO: Epoch: 185 | PSNR: 30.0081 | Loss: 5.6572 | lr: 1.25e-05 | Best_PSNR: 30.0174 | max_value: 255.0 in Epoch [111]
2022-07-26 15:12:21,584 INFO: Epoch: 186 | PSNR: 30.0095 | Loss: 5.6954 | lr: 1.25e-05 | Best_PSNR: 30.0174 | max_value: 255.0 in Epoch [111]
2022-07-26 15:13:26,456 INFO: Epoch: 187 | PSNR: 30.0059 | Loss: 5.7064 | lr: 1.25e-05 | Best_PSNR: 30.0174 | max_value: 255.0 in Epoch [111]
2022-07-26 15:14:59,624 INFO: Epoch: 188 | PSNR: 30.0079 | Loss: 5.6151 | lr: 1.25e-05 | Best_PSNR: 30.0174 | max_value: 255.0 in Epoch [111]
2022-07-26 15:16:15,720 INFO: Epoch: 189 | PSNR: 30.0021 | Loss: 5.6585 | lr: 1.25e-05 | Best_PSNR: 30.0174 | max_value: 255.0 in Epoch [111]
2022-07-26 15:17:41,070 INFO: Epoch: 190 | PSNR: 30.0125 | Loss: 5.6911 | lr: 1.25e-05 | Best_PSNR: 30.0174 | max_value: 255.0 in Epoch [111]
2022-07-26 15:18:53,746 INFO: Epoch: 191 | PSNR: 30.0096 | Loss: 5.6418 | lr: 1.25e-05 | Best_PSNR: 30.0174 | max_value: 255.0 in Epoch [111]
2022-07-26 15:20:07,615 INFO: Epoch: 192 | PSNR: 30.0153 | Loss: 5.6523 | lr: 1.25e-05 | Best_PSNR: 30.0174 | max_value: 255.0 in Epoch [111]
2022-07-26 15:21:27,390 INFO: Epoch: 193 | PSNR: 30.0129 | Loss: 5.6597 | lr: 1.25e-05 | Best_PSNR: 30.0174 | max_value: 255.0 in Epoch [111]
2022-07-26 15:22:35,178 INFO: Epoch: 194 | PSNR: 30.0037 | Loss: 5.6246 | lr: 1.25e-05 | Best_PSNR: 30.0174 | max_value: 255.0 in Epoch [111]
2022-07-26 15:23:44,185 INFO: Epoch: 195 | PSNR: 30.0046 | Loss: 5.6328 | lr: 1.25e-05 | Best_PSNR: 30.0174 | max_value: 255.0 in Epoch [111]
2022-07-26 15:25:38,357 INFO: Epoch: 196 | PSNR: 30.0110 | Loss: 5.6266 | lr: 1.25e-05 | Best_PSNR: 30.0174 | max_value: 255.0 in Epoch [111]
2022-07-26 15:27:29,587 INFO: Epoch: 197 | PSNR: 30.0076 | Loss: 5.6184 | lr: 1.25e-05 | Best_PSNR: 30.0174 | max_value: 255.0 in Epoch [111]
2022-07-26 15:28:50,687 INFO: Epoch: 198 | PSNR: 30.0032 | Loss: 5.6914 | lr: 1.25e-05 | Best_PSNR: 30.0174 | max_value: 255.0 in Epoch [111]
2022-07-26 15:30:05,233 INFO: Epoch: 199 | PSNR: 30.0085 | Loss: 5.6464 | lr: 1.25e-05 | Best_PSNR: 30.0174 | max_value: 255.0 in Epoch [111]
2022-07-26 15:32:43,232 INFO: Epoch: 200 | PSNR: 30.0036 | Loss: 5.6146 | lr: 1.25e-05 | Best_PSNR: 30.0174 | max_value: 255.0 in Epoch [111]
2022-07-26 15:33:57,717 INFO: Epoch: 201 | PSNR: 30.0059 | Loss: 5.6748 | lr: 6.25e-06 | Best_PSNR: 30.0174 | max_value: 255.0 in Epoch [111]
2022-07-26 15:36:06,604 INFO: Epoch: 202 | PSNR: 30.0137 | Loss: 5.6182 | lr: 6.25e-06 | Best_PSNR: 30.0174 | max_value: 255.0 in Epoch [111]
2022-07-26 15:37:25,612 INFO: Epoch: 203 | PSNR: 30.0144 | Loss: 5.6794 | lr: 6.25e-06 | Best_PSNR: 30.0174 | max_value: 255.0 in Epoch [111]
2022-07-26 15:38:51,486 INFO: Epoch: 204 | PSNR: 30.0057 | Loss: 5.6497 | lr: 6.25e-06 | Best_PSNR: 30.0174 | max_value: 255.0 in Epoch [111]
2022-07-26 15:40:14,692 INFO: Epoch: 205 | PSNR: 30.0013 | Loss: 5.6517 | lr: 6.25e-06 | Best_PSNR: 30.0174 | max_value: 255.0 in Epoch [111]
2022-07-26 15:41:21,302 INFO: Epoch: 206 | PSNR: 30.0018 | Loss: 5.6453 | lr: 6.25e-06 | Best_PSNR: 30.0174 | max_value: 255.0 in Epoch [111]
2022-07-26 15:42:35,520 INFO: Epoch: 207 | PSNR: 30.0142 | Loss: 5.5985 | lr: 6.25e-06 | Best_PSNR: 30.0174 | max_value: 255.0 in Epoch [111]
2022-07-26 15:43:57,547 INFO: Epoch: 208 | PSNR: 30.0098 | Loss: 5.6848 | lr: 6.25e-06 | Best_PSNR: 30.0174 | max_value: 255.0 in Epoch [111]
2022-07-26 15:45:02,539 INFO: Epoch: 209 | PSNR: 30.0062 | Loss: 5.6270 | lr: 6.25e-06 | Best_PSNR: 30.0174 | max_value: 255.0 in Epoch [111]
2022-07-26 15:46:08,114 INFO: Epoch: 210 | PSNR: 30.0053 | Loss: 5.6370 | lr: 6.25e-06 | Best_PSNR: 30.0174 | max_value: 255.0 in Epoch [111]
2022-07-26 15:47:23,594 INFO: Epoch: 211 | PSNR: 30.0015 | Loss: 5.6805 | lr: 6.25e-06 | Best_PSNR: 30.0174 | max_value: 255.0 in Epoch [111]
2022-07-26 15:48:50,358 INFO: Epoch: 212 | PSNR: 29.9997 | Loss: 5.6497 | lr: 6.25e-06 | Best_PSNR: 30.0174 | max_value: 255.0 in Epoch [111]
2022-07-26 15:50:01,547 INFO: Epoch: 213 | PSNR: 29.9989 | Loss: 5.6287 | lr: 6.25e-06 | Best_PSNR: 30.0174 | max_value: 255.0 in Epoch [111]
2022-07-26 15:51:14,354 INFO: Epoch: 214 | PSNR: 30.0168 | Loss: 5.6558 | lr: 6.25e-06 | Best_PSNR: 30.0174 | max_value: 255.0 in Epoch [111]
2022-07-26 15:52:50,755 INFO: Epoch: 215 | PSNR: 30.0040 | Loss: 5.6510 | lr: 6.25e-06 | Best_PSNR: 30.0174 | max_value: 255.0 in Epoch [111]
2022-07-26 15:54:27,220 INFO: Epoch: 216 | PSNR: 30.0119 | Loss: 5.6027 | lr: 6.25e-06 | Best_PSNR: 30.0174 | max_value: 255.0 in Epoch [111]
2022-07-26 15:55:52,614 INFO: Epoch: 217 | PSNR: 30.0158 | Loss: 5.7282 | lr: 6.25e-06 | Best_PSNR: 30.0174 | max_value: 255.0 in Epoch [111]
2022-07-26 15:57:11,892 INFO: Epoch: 218 | PSNR: 30.0165 | Loss: 5.6638 | lr: 6.25e-06 | Best_PSNR: 30.0174 | max_value: 255.0 in Epoch [111]
2022-07-26 15:58:19,861 INFO: Epoch: 219 | PSNR: 30.0066 | Loss: 5.6793 | lr: 6.25e-06 | Best_PSNR: 30.0174 | max_value: 255.0 in Epoch [111]
2022-07-26 15:59:33,013 INFO: Epoch: 220 | PSNR: 30.0124 | Loss: 5.6625 | lr: 6.25e-06 | Best_PSNR: 30.0174 | max_value: 255.0 in Epoch [111]
