2022-07-06 23:19:00,881 INFO: Create train dataset successfully!
2022-07-06 23:19:00,881 INFO: Training: [1000] iterations for each epoch
2022-07-06 23:19:00,881 INFO: Create val dataset successfully!
2022-07-06 23:19:00,881 INFO: Validating: [100] iterations for each epoch
2022-07-06 23:19:00,881 INFO: Preparing for experiment: [trial1]
2022-07-06 23:19:01,869 INFO: Create model successfully! Params: [29.31]K
2022-07-06 23:19:01,869 INFO: Start training...
2022-07-06 23:19:44,195 INFO: Epoch: 1 | PSNR: 29.2939 | Loss: 6.3419 | lr: 1.00e-03 | Best_PSNR: 29.2939 in Epoch [1]
2022-07-06 23:20:12,538 INFO: Epoch: 2 | PSNR: 29.3301 | Loss: 5.9063 | lr: 1.00e-03 | Best_PSNR: 29.3301 in Epoch [2]
2022-07-06 23:20:37,164 INFO: Epoch: 3 | PSNR: 29.5487 | Loss: 5.8572 | lr: 1.00e-03 | Best_PSNR: 29.5487 in Epoch [3]
2022-07-06 23:21:01,404 INFO: Epoch: 4 | PSNR: 29.6073 | Loss: 5.8618 | lr: 1.00e-03 | Best_PSNR: 29.6073 in Epoch [4]
2022-07-06 23:21:25,614 INFO: Epoch: 5 | PSNR: 29.6370 | Loss: 5.7911 | lr: 1.00e-03 | Best_PSNR: 29.6370 in Epoch [5]
2022-07-06 23:21:49,331 INFO: Epoch: 6 | PSNR: 29.5796 | Loss: 5.7297 | lr: 1.00e-03 | Best_PSNR: 29.6370 in Epoch [5]
2022-07-06 23:22:13,653 INFO: Epoch: 7 | PSNR: 29.6490 | Loss: 5.7573 | lr: 1.00e-03 | Best_PSNR: 29.6490 in Epoch [7]
2022-07-06 23:22:38,149 INFO: Epoch: 8 | PSNR: 29.7057 | Loss: 5.7796 | lr: 1.00e-03 | Best_PSNR: 29.7057 in Epoch [8]
2022-07-06 23:23:01,999 INFO: Epoch: 9 | PSNR: 29.7033 | Loss: 5.7348 | lr: 1.00e-03 | Best_PSNR: 29.7057 in Epoch [8]
2022-07-06 23:23:26,532 INFO: Epoch: 10 | PSNR: 29.7380 | Loss: 5.7175 | lr: 1.00e-03 | Best_PSNR: 29.7380 in Epoch [10]
2022-07-06 23:23:51,025 INFO: Epoch: 11 | PSNR: 29.7463 | Loss: 5.6895 | lr: 1.00e-03 | Best_PSNR: 29.7463 in Epoch [11]
2022-07-06 23:24:14,816 INFO: Epoch: 12 | PSNR: 29.6350 | Loss: 5.6958 | lr: 1.00e-03 | Best_PSNR: 29.7463 in Epoch [11]
2022-07-06 23:24:39,113 INFO: Epoch: 13 | PSNR: 29.7812 | Loss: 5.7061 | lr: 1.00e-03 | Best_PSNR: 29.7812 in Epoch [13]
2022-07-06 23:25:03,971 INFO: Epoch: 14 | PSNR: 29.7975 | Loss: 5.6828 | lr: 1.00e-03 | Best_PSNR: 29.7975 in Epoch [14]
2022-07-06 23:25:27,791 INFO: Epoch: 15 | PSNR: 29.7612 | Loss: 5.7687 | lr: 1.00e-03 | Best_PSNR: 29.7975 in Epoch [14]
2022-07-06 23:25:52,442 INFO: Epoch: 16 | PSNR: 29.8323 | Loss: 5.7087 | lr: 1.00e-03 | Best_PSNR: 29.8323 in Epoch [16]
2022-07-06 23:26:16,335 INFO: Epoch: 17 | PSNR: 29.8300 | Loss: 5.7041 | lr: 1.00e-03 | Best_PSNR: 29.8323 in Epoch [16]
2022-07-06 23:26:40,175 INFO: Epoch: 18 | PSNR: 29.8105 | Loss: 5.6726 | lr: 1.00e-03 | Best_PSNR: 29.8323 in Epoch [16]
2022-07-06 23:27:04,802 INFO: Epoch: 19 | PSNR: 29.8438 | Loss: 5.6916 | lr: 1.00e-03 | Best_PSNR: 29.8438 in Epoch [19]
2022-07-06 23:27:29,106 INFO: Epoch: 20 | PSNR: 29.8504 | Loss: 5.6896 | lr: 1.00e-03 | Best_PSNR: 29.8504 in Epoch [20]
2022-07-06 23:27:53,603 INFO: Epoch: 21 | PSNR: 29.8643 | Loss: 5.6250 | lr: 1.00e-03 | Best_PSNR: 29.8643 in Epoch [21]
2022-07-06 23:28:18,141 INFO: Epoch: 22 | PSNR: 29.8736 | Loss: 5.6725 | lr: 1.00e-03 | Best_PSNR: 29.8736 in Epoch [22]
2022-07-06 23:28:42,769 INFO: Epoch: 23 | PSNR: 29.8844 | Loss: 5.6255 | lr: 1.00e-03 | Best_PSNR: 29.8844 in Epoch [23]
2022-07-06 23:29:06,676 INFO: Epoch: 24 | PSNR: 29.8810 | Loss: 5.5961 | lr: 1.00e-03 | Best_PSNR: 29.8844 in Epoch [23]
2022-07-06 23:29:30,559 INFO: Epoch: 25 | PSNR: 29.8797 | Loss: 5.6032 | lr: 1.00e-03 | Best_PSNR: 29.8844 in Epoch [23]
2022-07-06 23:29:55,193 INFO: Epoch: 26 | PSNR: 29.8858 | Loss: 5.6445 | lr: 1.00e-03 | Best_PSNR: 29.8858 in Epoch [26]
2022-07-06 23:30:18,862 INFO: Epoch: 27 | PSNR: 29.8632 | Loss: 5.6586 | lr: 1.00e-03 | Best_PSNR: 29.8858 in Epoch [26]
2022-07-06 23:30:43,301 INFO: Epoch: 28 | PSNR: 29.8859 | Loss: 5.6599 | lr: 1.00e-03 | Best_PSNR: 29.8859 in Epoch [28]
2022-07-06 23:31:07,122 INFO: Epoch: 29 | PSNR: 29.8660 | Loss: 5.6487 | lr: 1.00e-03 | Best_PSNR: 29.8859 in Epoch [28]
2022-07-06 23:31:30,712 INFO: Epoch: 30 | PSNR: 29.8785 | Loss: 5.6985 | lr: 1.00e-03 | Best_PSNR: 29.8859 in Epoch [28]
2022-07-06 23:31:54,419 INFO: Epoch: 31 | PSNR: 29.8629 | Loss: 5.6667 | lr: 1.00e-03 | Best_PSNR: 29.8859 in Epoch [28]
2022-07-06 23:32:18,913 INFO: Epoch: 32 | PSNR: 29.9220 | Loss: 5.6483 | lr: 1.00e-03 | Best_PSNR: 29.9220 in Epoch [32]
2022-07-06 23:32:42,194 INFO: Epoch: 33 | PSNR: 29.8783 | Loss: 5.6413 | lr: 1.00e-03 | Best_PSNR: 29.9220 in Epoch [32]
2022-07-06 23:33:06,123 INFO: Epoch: 34 | PSNR: 29.9185 | Loss: 5.6717 | lr: 1.00e-03 | Best_PSNR: 29.9220 in Epoch [32]
2022-07-06 23:33:30,055 INFO: Epoch: 35 | PSNR: 29.8886 | Loss: 5.6167 | lr: 1.00e-03 | Best_PSNR: 29.9220 in Epoch [32]
2022-07-06 23:33:54,020 INFO: Epoch: 36 | PSNR: 29.8413 | Loss: 5.6351 | lr: 1.00e-03 | Best_PSNR: 29.9220 in Epoch [32]
2022-07-06 23:34:18,447 INFO: Epoch: 37 | PSNR: 29.9296 | Loss: 5.6186 | lr: 1.00e-03 | Best_PSNR: 29.9296 in Epoch [37]
2022-07-06 23:34:42,273 INFO: Epoch: 38 | PSNR: 29.9262 | Loss: 5.6549 | lr: 1.00e-03 | Best_PSNR: 29.9296 in Epoch [37]
2022-07-06 23:35:06,598 INFO: Epoch: 39 | PSNR: 29.9141 | Loss: 5.6907 | lr: 1.00e-03 | Best_PSNR: 29.9296 in Epoch [37]
2022-07-06 23:35:30,300 INFO: Epoch: 40 | PSNR: 29.9086 | Loss: 5.6054 | lr: 1.00e-03 | Best_PSNR: 29.9296 in Epoch [37]
2022-07-06 23:35:54,287 INFO: Epoch: 41 | PSNR: 29.9257 | Loss: 5.6011 | lr: 1.00e-03 | Best_PSNR: 29.9296 in Epoch [37]
2022-07-06 23:36:18,532 INFO: Epoch: 42 | PSNR: 29.9305 | Loss: 5.5891 | lr: 1.00e-03 | Best_PSNR: 29.9305 in Epoch [42]
2022-07-06 23:36:42,311 INFO: Epoch: 43 | PSNR: 29.8837 | Loss: 5.6728 | lr: 1.00e-03 | Best_PSNR: 29.9305 in Epoch [42]
2022-07-06 23:37:06,523 INFO: Epoch: 44 | PSNR: 29.9242 | Loss: 5.6000 | lr: 1.00e-03 | Best_PSNR: 29.9305 in Epoch [42]
2022-07-06 23:37:30,265 INFO: Epoch: 45 | PSNR: 29.9247 | Loss: 5.6343 | lr: 1.00e-03 | Best_PSNR: 29.9305 in Epoch [42]
2022-07-06 23:37:54,755 INFO: Epoch: 46 | PSNR: 29.9472 | Loss: 5.6091 | lr: 1.00e-03 | Best_PSNR: 29.9472 in Epoch [46]
2022-07-06 23:38:18,742 INFO: Epoch: 47 | PSNR: 29.9378 | Loss: 5.6597 | lr: 1.00e-03 | Best_PSNR: 29.9472 in Epoch [46]
2022-07-06 23:38:42,531 INFO: Epoch: 48 | PSNR: 29.9407 | Loss: 5.6237 | lr: 1.00e-03 | Best_PSNR: 29.9472 in Epoch [46]
2022-07-06 23:39:06,593 INFO: Epoch: 49 | PSNR: 29.9275 | Loss: 5.6332 | lr: 1.00e-03 | Best_PSNR: 29.9472 in Epoch [46]
2022-07-06 23:39:30,603 INFO: Epoch: 50 | PSNR: 29.9417 | Loss: 5.6287 | lr: 1.00e-03 | Best_PSNR: 29.9472 in Epoch [46]
2022-07-06 23:39:54,537 INFO: Epoch: 51 | PSNR: 29.9244 | Loss: 5.6306 | lr: 1.00e-03 | Best_PSNR: 29.9472 in Epoch [46]
2022-07-06 23:40:18,434 INFO: Epoch: 52 | PSNR: 29.8845 | Loss: 5.5947 | lr: 1.00e-03 | Best_PSNR: 29.9472 in Epoch [46]
2022-07-06 23:40:42,764 INFO: Epoch: 53 | PSNR: 29.9549 | Loss: 5.6376 | lr: 1.00e-03 | Best_PSNR: 29.9549 in Epoch [53]
2022-07-06 23:41:06,795 INFO: Epoch: 54 | PSNR: 29.9365 | Loss: 5.6145 | lr: 1.00e-03 | Best_PSNR: 29.9549 in Epoch [53]
2022-07-06 23:41:30,687 INFO: Epoch: 55 | PSNR: 29.9512 | Loss: 5.6769 | lr: 1.00e-03 | Best_PSNR: 29.9549 in Epoch [53]
2022-07-06 23:41:54,695 INFO: Epoch: 56 | PSNR: 29.9346 | Loss: 5.5983 | lr: 1.00e-03 | Best_PSNR: 29.9549 in Epoch [53]
2022-07-06 23:42:18,325 INFO: Epoch: 57 | PSNR: 29.9340 | Loss: 5.6404 | lr: 1.00e-03 | Best_PSNR: 29.9549 in Epoch [53]
2022-07-06 23:42:42,180 INFO: Epoch: 58 | PSNR: 29.9219 | Loss: 5.6157 | lr: 1.00e-03 | Best_PSNR: 29.9549 in Epoch [53]
2022-07-06 23:43:06,090 INFO: Epoch: 59 | PSNR: 29.9467 | Loss: 5.6035 | lr: 1.00e-03 | Best_PSNR: 29.9549 in Epoch [53]
2022-07-06 23:43:30,250 INFO: Epoch: 60 | PSNR: 29.9594 | Loss: 5.6572 | lr: 1.00e-03 | Best_PSNR: 29.9594 in Epoch [60]
2022-07-06 23:43:54,211 INFO: Epoch: 61 | PSNR: 29.9348 | Loss: 5.6218 | lr: 1.00e-03 | Best_PSNR: 29.9594 in Epoch [60]
2022-07-06 23:44:18,658 INFO: Epoch: 62 | PSNR: 29.9611 | Loss: 5.6024 | lr: 1.00e-03 | Best_PSNR: 29.9611 in Epoch [62]
2022-07-06 23:44:42,560 INFO: Epoch: 63 | PSNR: 29.9525 | Loss: 5.5808 | lr: 1.00e-03 | Best_PSNR: 29.9611 in Epoch [62]
2022-07-06 23:45:06,631 INFO: Epoch: 64 | PSNR: 29.9608 | Loss: 5.5888 | lr: 1.00e-03 | Best_PSNR: 29.9611 in Epoch [62]
2022-07-06 23:45:30,493 INFO: Epoch: 65 | PSNR: 29.9591 | Loss: 5.6559 | lr: 1.00e-03 | Best_PSNR: 29.9611 in Epoch [62]
2022-07-06 23:45:54,767 INFO: Epoch: 66 | PSNR: 29.9636 | Loss: 5.6172 | lr: 1.00e-03 | Best_PSNR: 29.9636 in Epoch [66]
2022-07-06 23:46:18,529 INFO: Epoch: 67 | PSNR: 29.9252 | Loss: 5.6409 | lr: 1.00e-03 | Best_PSNR: 29.9636 in Epoch [66]
2022-07-06 23:46:42,373 INFO: Epoch: 68 | PSNR: 29.9344 | Loss: 5.6016 | lr: 1.00e-03 | Best_PSNR: 29.9636 in Epoch [66]
2022-07-06 23:47:07,101 INFO: Epoch: 69 | PSNR: 29.9673 | Loss: 5.6290 | lr: 1.00e-03 | Best_PSNR: 29.9673 in Epoch [69]
2022-07-06 23:47:31,105 INFO: Epoch: 70 | PSNR: 29.9612 | Loss: 5.6274 | lr: 1.00e-03 | Best_PSNR: 29.9673 in Epoch [69]
2022-07-06 23:47:55,217 INFO: Epoch: 71 | PSNR: 29.9463 | Loss: 5.6002 | lr: 1.00e-03 | Best_PSNR: 29.9673 in Epoch [69]
2022-07-06 23:48:19,874 INFO: Epoch: 72 | PSNR: 29.9674 | Loss: 5.5679 | lr: 1.00e-03 | Best_PSNR: 29.9674 in Epoch [72]
2022-07-06 23:48:44,298 INFO: Epoch: 73 | PSNR: 29.9740 | Loss: 5.6192 | lr: 1.00e-03 | Best_PSNR: 29.9740 in Epoch [73]
2022-07-06 23:49:08,259 INFO: Epoch: 74 | PSNR: 29.9525 | Loss: 5.5971 | lr: 1.00e-03 | Best_PSNR: 29.9740 in Epoch [73]
2022-07-06 23:49:32,002 INFO: Epoch: 75 | PSNR: 29.9611 | Loss: 5.5833 | lr: 1.00e-03 | Best_PSNR: 29.9740 in Epoch [73]
2022-07-06 23:49:55,507 INFO: Epoch: 76 | PSNR: 29.9691 | Loss: 5.5965 | lr: 1.00e-03 | Best_PSNR: 29.9740 in Epoch [73]
2022-07-06 23:50:19,195 INFO: Epoch: 77 | PSNR: 29.9619 | Loss: 5.6309 | lr: 1.00e-03 | Best_PSNR: 29.9740 in Epoch [73]
2022-07-06 23:50:43,017 INFO: Epoch: 78 | PSNR: 29.9585 | Loss: 5.5815 | lr: 1.00e-03 | Best_PSNR: 29.9740 in Epoch [73]
2022-07-06 23:51:07,284 INFO: Epoch: 79 | PSNR: 29.9572 | Loss: 5.6393 | lr: 1.00e-03 | Best_PSNR: 29.9740 in Epoch [73]
2022-07-06 23:51:31,248 INFO: Epoch: 80 | PSNR: 29.9719 | Loss: 5.5881 | lr: 1.00e-03 | Best_PSNR: 29.9740 in Epoch [73]
2022-07-06 23:51:55,134 INFO: Epoch: 81 | PSNR: 29.9665 | Loss: 5.6200 | lr: 1.00e-03 | Best_PSNR: 29.9740 in Epoch [73]
2022-07-06 23:52:18,468 INFO: Epoch: 82 | PSNR: 29.9480 | Loss: 5.6286 | lr: 1.00e-03 | Best_PSNR: 29.9740 in Epoch [73]
2022-07-06 23:52:41,948 INFO: Epoch: 83 | PSNR: 29.9608 | Loss: 5.6928 | lr: 1.00e-03 | Best_PSNR: 29.9740 in Epoch [73]
2022-07-06 23:53:05,300 INFO: Epoch: 84 | PSNR: 29.9684 | Loss: 5.6010 | lr: 1.00e-03 | Best_PSNR: 29.9740 in Epoch [73]
2022-07-06 23:53:28,996 INFO: Epoch: 85 | PSNR: 29.9938 | Loss: 5.6139 | lr: 1.00e-03 | Best_PSNR: 29.9938 in Epoch [85]
2022-07-06 23:53:52,357 INFO: Epoch: 86 | PSNR: 29.9704 | Loss: 5.5748 | lr: 1.00e-03 | Best_PSNR: 29.9938 in Epoch [85]
2022-07-06 23:54:15,618 INFO: Epoch: 87 | PSNR: 29.8441 | Loss: 5.6031 | lr: 1.00e-03 | Best_PSNR: 29.9938 in Epoch [85]
2022-07-06 23:54:39,028 INFO: Epoch: 88 | PSNR: 29.9866 | Loss: 5.5872 | lr: 1.00e-03 | Best_PSNR: 29.9938 in Epoch [85]
2022-07-06 23:55:02,468 INFO: Epoch: 89 | PSNR: 29.9904 | Loss: 5.5618 | lr: 1.00e-03 | Best_PSNR: 29.9938 in Epoch [85]
2022-07-06 23:55:26,106 INFO: Epoch: 90 | PSNR: 29.9714 | Loss: 5.5802 | lr: 1.00e-03 | Best_PSNR: 29.9938 in Epoch [85]
2022-07-06 23:55:49,512 INFO: Epoch: 91 | PSNR: 29.9808 | Loss: 5.5910 | lr: 1.00e-03 | Best_PSNR: 29.9938 in Epoch [85]
2022-07-06 23:56:12,869 INFO: Epoch: 92 | PSNR: 29.9629 | Loss: 5.5796 | lr: 1.00e-03 | Best_PSNR: 29.9938 in Epoch [85]
2022-07-06 23:56:36,433 INFO: Epoch: 93 | PSNR: 29.8138 | Loss: 5.6019 | lr: 1.00e-03 | Best_PSNR: 29.9938 in Epoch [85]
2022-07-06 23:56:59,797 INFO: Epoch: 94 | PSNR: 29.9763 | Loss: 5.5580 | lr: 1.00e-03 | Best_PSNR: 29.9938 in Epoch [85]
2022-07-06 23:57:23,137 INFO: Epoch: 95 | PSNR: 29.9397 | Loss: 5.5636 | lr: 1.00e-03 | Best_PSNR: 29.9938 in Epoch [85]
2022-07-06 23:57:46,360 INFO: Epoch: 96 | PSNR: 29.9656 | Loss: 5.5590 | lr: 1.00e-03 | Best_PSNR: 29.9938 in Epoch [85]
2022-07-06 23:58:09,758 INFO: Epoch: 97 | PSNR: 29.9837 | Loss: 5.6057 | lr: 1.00e-03 | Best_PSNR: 29.9938 in Epoch [85]
2022-07-06 23:58:33,032 INFO: Epoch: 98 | PSNR: 29.9538 | Loss: 5.5839 | lr: 1.00e-03 | Best_PSNR: 29.9938 in Epoch [85]
2022-07-06 23:58:55,874 INFO: Epoch: 99 | PSNR: 29.9987 | Loss: 5.5652 | lr: 1.00e-03 | Best_PSNR: 29.9987 in Epoch [99]
2022-07-06 23:59:19,427 INFO: Epoch: 100 | PSNR: 29.9723 | Loss: 5.6117 | lr: 1.00e-03 | Best_PSNR: 29.9987 in Epoch [99]
2022-07-06 23:59:43,376 INFO: Epoch: 101 | PSNR: 29.9798 | Loss: 5.5764 | lr: 1.00e-03 | Best_PSNR: 29.9987 in Epoch [99]
2022-07-07 00:00:07,094 INFO: Epoch: 102 | PSNR: 29.9797 | Loss: 5.5946 | lr: 1.00e-03 | Best_PSNR: 29.9987 in Epoch [99]
2022-07-07 00:00:31,189 INFO: Epoch: 103 | PSNR: 29.9886 | Loss: 5.6340 | lr: 1.00e-03 | Best_PSNR: 29.9987 in Epoch [99]
2022-07-07 00:00:55,246 INFO: Epoch: 104 | PSNR: 29.9530 | Loss: 5.6289 | lr: 1.00e-03 | Best_PSNR: 29.9987 in Epoch [99]
2022-07-07 00:01:19,175 INFO: Epoch: 105 | PSNR: 29.9978 | Loss: 5.6278 | lr: 1.00e-03 | Best_PSNR: 29.9987 in Epoch [99]
2022-07-07 00:01:42,981 INFO: Epoch: 106 | PSNR: 29.9140 | Loss: 5.6101 | lr: 1.00e-03 | Best_PSNR: 29.9987 in Epoch [99]
2022-07-07 00:02:06,717 INFO: Epoch: 107 | PSNR: 29.9646 | Loss: 5.5477 | lr: 1.00e-03 | Best_PSNR: 29.9987 in Epoch [99]
2022-07-07 00:02:30,320 INFO: Epoch: 108 | PSNR: 29.9810 | Loss: 5.6353 | lr: 1.00e-03 | Best_PSNR: 29.9987 in Epoch [99]
2022-07-07 00:02:54,044 INFO: Epoch: 109 | PSNR: 29.9926 | Loss: 5.5819 | lr: 1.00e-03 | Best_PSNR: 29.9987 in Epoch [99]
2022-07-07 00:03:18,184 INFO: Epoch: 110 | PSNR: 29.9981 | Loss: 5.5836 | lr: 1.00e-03 | Best_PSNR: 29.9987 in Epoch [99]
2022-07-07 00:03:41,975 INFO: Epoch: 111 | PSNR: 29.9946 | Loss: 5.5692 | lr: 1.00e-03 | Best_PSNR: 29.9987 in Epoch [99]
2022-07-07 00:04:07,035 INFO: Epoch: 112 | PSNR: 30.0046 | Loss: 5.5542 | lr: 1.00e-03 | Best_PSNR: 30.0046 in Epoch [112]
2022-07-07 00:04:30,811 INFO: Epoch: 113 | PSNR: 29.9795 | Loss: 5.6014 | lr: 1.00e-03 | Best_PSNR: 30.0046 in Epoch [112]
2022-07-07 00:04:54,471 INFO: Epoch: 114 | PSNR: 30.0012 | Loss: 5.5601 | lr: 1.00e-03 | Best_PSNR: 30.0046 in Epoch [112]
2022-07-07 00:05:18,316 INFO: Epoch: 115 | PSNR: 29.9971 | Loss: 5.6310 | lr: 1.00e-03 | Best_PSNR: 30.0046 in Epoch [112]
2022-07-07 00:05:41,997 INFO: Epoch: 116 | PSNR: 29.9825 | Loss: 5.5733 | lr: 1.00e-03 | Best_PSNR: 30.0046 in Epoch [112]
2022-07-07 00:06:05,675 INFO: Epoch: 117 | PSNR: 29.9978 | Loss: 5.6098 | lr: 1.00e-03 | Best_PSNR: 30.0046 in Epoch [112]
2022-07-07 00:06:29,501 INFO: Epoch: 118 | PSNR: 29.9825 | Loss: 5.5850 | lr: 1.00e-03 | Best_PSNR: 30.0046 in Epoch [112]
2022-07-07 00:06:53,471 INFO: Epoch: 119 | PSNR: 29.9957 | Loss: 5.5292 | lr: 1.00e-03 | Best_PSNR: 30.0046 in Epoch [112]
2022-07-07 00:07:17,541 INFO: Epoch: 120 | PSNR: 29.9851 | Loss: 5.5415 | lr: 1.00e-03 | Best_PSNR: 30.0046 in Epoch [112]
2022-07-07 00:07:42,441 INFO: Epoch: 121 | PSNR: 30.0183 | Loss: 5.5646 | lr: 5.00e-04 | Best_PSNR: 30.0183 in Epoch [121]
2022-07-07 00:08:06,245 INFO: Epoch: 122 | PSNR: 30.0021 | Loss: 5.5858 | lr: 5.00e-04 | Best_PSNR: 30.0183 in Epoch [121]
2022-07-07 00:08:30,121 INFO: Epoch: 123 | PSNR: 30.0122 | Loss: 5.5243 | lr: 5.00e-04 | Best_PSNR: 30.0183 in Epoch [121]
2022-07-07 00:08:54,702 INFO: Epoch: 124 | PSNR: 30.0290 | Loss: 5.5399 | lr: 5.00e-04 | Best_PSNR: 30.0290 in Epoch [124]
2022-07-07 00:09:18,763 INFO: Epoch: 125 | PSNR: 30.0144 | Loss: 5.5414 | lr: 5.00e-04 | Best_PSNR: 30.0290 in Epoch [124]
2022-07-07 00:09:42,534 INFO: Epoch: 126 | PSNR: 30.0074 | Loss: 5.5397 | lr: 5.00e-04 | Best_PSNR: 30.0290 in Epoch [124]
2022-07-07 00:10:06,201 INFO: Epoch: 127 | PSNR: 30.0124 | Loss: 5.6159 | lr: 5.00e-04 | Best_PSNR: 30.0290 in Epoch [124]
2022-07-07 00:10:30,113 INFO: Epoch: 128 | PSNR: 30.0265 | Loss: 5.5724 | lr: 5.00e-04 | Best_PSNR: 30.0290 in Epoch [124]
2022-07-07 00:10:54,087 INFO: Epoch: 129 | PSNR: 30.0155 | Loss: 5.5508 | lr: 5.00e-04 | Best_PSNR: 30.0290 in Epoch [124]
2022-07-07 00:11:17,937 INFO: Epoch: 130 | PSNR: 30.0214 | Loss: 5.5391 | lr: 5.00e-04 | Best_PSNR: 30.0290 in Epoch [124]
2022-07-07 00:11:41,715 INFO: Epoch: 131 | PSNR: 30.0225 | Loss: 5.5860 | lr: 5.00e-04 | Best_PSNR: 30.0290 in Epoch [124]
2022-07-07 00:12:05,660 INFO: Epoch: 132 | PSNR: 30.0208 | Loss: 5.5631 | lr: 5.00e-04 | Best_PSNR: 30.0290 in Epoch [124]
2022-07-07 00:12:29,921 INFO: Epoch: 133 | PSNR: 30.0330 | Loss: 5.5268 | lr: 5.00e-04 | Best_PSNR: 30.0330 in Epoch [133]
2022-07-07 00:12:54,000 INFO: Epoch: 134 | PSNR: 30.0145 | Loss: 5.5847 | lr: 5.00e-04 | Best_PSNR: 30.0330 in Epoch [133]
2022-07-07 00:13:18,143 INFO: Epoch: 135 | PSNR: 30.0307 | Loss: 5.5724 | lr: 5.00e-04 | Best_PSNR: 30.0330 in Epoch [133]
2022-07-07 00:13:42,062 INFO: Epoch: 136 | PSNR: 30.0246 | Loss: 5.5763 | lr: 5.00e-04 | Best_PSNR: 30.0330 in Epoch [133]
2022-07-07 00:14:06,241 INFO: Epoch: 137 | PSNR: 30.0049 | Loss: 5.5921 | lr: 5.00e-04 | Best_PSNR: 30.0330 in Epoch [133]
2022-07-07 00:14:30,689 INFO: Epoch: 138 | PSNR: 30.0357 | Loss: 5.5222 | lr: 5.00e-04 | Best_PSNR: 30.0357 in Epoch [138]
2022-07-07 00:14:54,624 INFO: Epoch: 139 | PSNR: 29.9957 | Loss: 5.5879 | lr: 5.00e-04 | Best_PSNR: 30.0357 in Epoch [138]
2022-07-07 00:15:18,802 INFO: Epoch: 140 | PSNR: 30.0181 | Loss: 5.5859 | lr: 5.00e-04 | Best_PSNR: 30.0357 in Epoch [138]
2022-07-07 00:15:42,813 INFO: Epoch: 141 | PSNR: 30.0219 | Loss: 5.5724 | lr: 5.00e-04 | Best_PSNR: 30.0357 in Epoch [138]
2022-07-07 00:16:06,644 INFO: Epoch: 142 | PSNR: 30.0278 | Loss: 5.5443 | lr: 5.00e-04 | Best_PSNR: 30.0357 in Epoch [138]
2022-07-07 00:16:30,493 INFO: Epoch: 143 | PSNR: 30.0118 | Loss: 5.6230 | lr: 5.00e-04 | Best_PSNR: 30.0357 in Epoch [138]
2022-07-07 00:16:54,248 INFO: Epoch: 144 | PSNR: 30.0222 | Loss: 5.5502 | lr: 5.00e-04 | Best_PSNR: 30.0357 in Epoch [138]
2022-07-07 00:17:18,136 INFO: Epoch: 145 | PSNR: 30.0290 | Loss: 5.6222 | lr: 5.00e-04 | Best_PSNR: 30.0357 in Epoch [138]
2022-07-07 00:17:41,787 INFO: Epoch: 146 | PSNR: 30.0288 | Loss: 5.5535 | lr: 5.00e-04 | Best_PSNR: 30.0357 in Epoch [138]
2022-07-07 00:18:05,388 INFO: Epoch: 147 | PSNR: 29.9893 | Loss: 5.5286 | lr: 5.00e-04 | Best_PSNR: 30.0357 in Epoch [138]
2022-07-07 00:18:29,829 INFO: Epoch: 148 | PSNR: 30.0382 | Loss: 5.5613 | lr: 5.00e-04 | Best_PSNR: 30.0382 in Epoch [148]
2022-07-07 00:18:53,539 INFO: Epoch: 149 | PSNR: 30.0345 | Loss: 5.5518 | lr: 5.00e-04 | Best_PSNR: 30.0382 in Epoch [148]
2022-07-07 00:19:17,327 INFO: Epoch: 150 | PSNR: 30.0259 | Loss: 5.5909 | lr: 5.00e-04 | Best_PSNR: 30.0382 in Epoch [148]
2022-07-07 00:19:40,969 INFO: Epoch: 151 | PSNR: 30.0159 | Loss: 5.5664 | lr: 5.00e-04 | Best_PSNR: 30.0382 in Epoch [148]
2022-07-07 00:20:04,479 INFO: Epoch: 152 | PSNR: 30.0209 | Loss: 5.5327 | lr: 5.00e-04 | Best_PSNR: 30.0382 in Epoch [148]
2022-07-07 00:20:28,021 INFO: Epoch: 153 | PSNR: 29.9896 | Loss: 5.5925 | lr: 5.00e-04 | Best_PSNR: 30.0382 in Epoch [148]
2022-07-07 00:20:51,592 INFO: Epoch: 154 | PSNR: 30.0065 | Loss: 5.5619 | lr: 5.00e-04 | Best_PSNR: 30.0382 in Epoch [148]
2022-07-07 00:21:14,910 INFO: Epoch: 155 | PSNR: 30.0256 | Loss: 5.6019 | lr: 5.00e-04 | Best_PSNR: 30.0382 in Epoch [148]
2022-07-07 00:21:38,134 INFO: Epoch: 156 | PSNR: 30.0132 | Loss: 5.5683 | lr: 5.00e-04 | Best_PSNR: 30.0382 in Epoch [148]
2022-07-07 00:22:01,249 INFO: Epoch: 157 | PSNR: 30.0165 | Loss: 5.5238 | lr: 5.00e-04 | Best_PSNR: 30.0382 in Epoch [148]
2022-07-07 00:22:24,730 INFO: Epoch: 158 | PSNR: 30.0293 | Loss: 5.5322 | lr: 5.00e-04 | Best_PSNR: 30.0382 in Epoch [148]
2022-07-07 00:22:48,952 INFO: Epoch: 159 | PSNR: 30.0394 | Loss: 5.5365 | lr: 5.00e-04 | Best_PSNR: 30.0394 in Epoch [159]
2022-07-07 00:23:12,873 INFO: Epoch: 160 | PSNR: 30.0243 | Loss: 5.5668 | lr: 5.00e-04 | Best_PSNR: 30.0394 in Epoch [159]
2022-07-07 00:23:36,537 INFO: Epoch: 161 | PSNR: 30.0224 | Loss: 5.5395 | lr: 5.00e-04 | Best_PSNR: 30.0394 in Epoch [159]
2022-07-07 00:24:00,287 INFO: Epoch: 162 | PSNR: 30.0313 | Loss: 5.5469 | lr: 5.00e-04 | Best_PSNR: 30.0394 in Epoch [159]
2022-07-07 00:24:24,026 INFO: Epoch: 163 | PSNR: 30.0367 | Loss: 5.5493 | lr: 5.00e-04 | Best_PSNR: 30.0394 in Epoch [159]
2022-07-07 00:24:46,442 INFO: Epoch: 164 | PSNR: 30.0154 | Loss: 5.5352 | lr: 5.00e-04 | Best_PSNR: 30.0394 in Epoch [159]
2022-07-07 00:25:10,078 INFO: Epoch: 165 | PSNR: 30.0316 | Loss: 5.5857 | lr: 5.00e-04 | Best_PSNR: 30.0394 in Epoch [159]
2022-07-07 00:25:34,088 INFO: Epoch: 166 | PSNR: 29.9962 | Loss: 5.5862 | lr: 5.00e-04 | Best_PSNR: 30.0394 in Epoch [159]
2022-07-07 00:25:57,616 INFO: Epoch: 167 | PSNR: 30.0314 | Loss: 5.5985 | lr: 5.00e-04 | Best_PSNR: 30.0394 in Epoch [159]
2022-07-07 00:26:21,971 INFO: Epoch: 168 | PSNR: 30.0413 | Loss: 5.5898 | lr: 5.00e-04 | Best_PSNR: 30.0413 in Epoch [168]
2022-07-07 00:26:45,905 INFO: Epoch: 169 | PSNR: 30.0284 | Loss: 5.5504 | lr: 5.00e-04 | Best_PSNR: 30.0413 in Epoch [168]
2022-07-07 00:27:09,841 INFO: Epoch: 170 | PSNR: 30.0274 | Loss: 5.5283 | lr: 5.00e-04 | Best_PSNR: 30.0413 in Epoch [168]
2022-07-07 00:27:33,878 INFO: Epoch: 171 | PSNR: 30.0353 | Loss: 5.5923 | lr: 5.00e-04 | Best_PSNR: 30.0413 in Epoch [168]
2022-07-07 00:27:57,620 INFO: Epoch: 172 | PSNR: 30.0176 | Loss: 5.5638 | lr: 5.00e-04 | Best_PSNR: 30.0413 in Epoch [168]
2022-07-07 00:28:21,289 INFO: Epoch: 173 | PSNR: 30.0361 | Loss: 5.5530 | lr: 5.00e-04 | Best_PSNR: 30.0413 in Epoch [168]
2022-07-07 00:28:45,207 INFO: Epoch: 174 | PSNR: 30.0281 | Loss: 5.5719 | lr: 5.00e-04 | Best_PSNR: 30.0413 in Epoch [168]
2022-07-07 00:29:08,895 INFO: Epoch: 175 | PSNR: 30.0259 | Loss: 5.5443 | lr: 5.00e-04 | Best_PSNR: 30.0413 in Epoch [168]
2022-07-07 00:29:32,747 INFO: Epoch: 176 | PSNR: 30.0324 | Loss: 5.5443 | lr: 5.00e-04 | Best_PSNR: 30.0413 in Epoch [168]
2022-07-07 00:29:56,298 INFO: Epoch: 177 | PSNR: 30.0184 | Loss: 5.5629 | lr: 5.00e-04 | Best_PSNR: 30.0413 in Epoch [168]
2022-07-07 00:30:20,007 INFO: Epoch: 178 | PSNR: 30.0400 | Loss: 5.5334 | lr: 5.00e-04 | Best_PSNR: 30.0413 in Epoch [168]
2022-07-07 00:30:43,855 INFO: Epoch: 179 | PSNR: 30.0155 | Loss: 5.5680 | lr: 5.00e-04 | Best_PSNR: 30.0413 in Epoch [168]
2022-07-07 00:31:08,097 INFO: Epoch: 180 | PSNR: 30.0434 | Loss: 5.5501 | lr: 5.00e-04 | Best_PSNR: 30.0434 in Epoch [180]
2022-07-07 00:31:31,726 INFO: Epoch: 181 | PSNR: 30.0401 | Loss: 5.5471 | lr: 5.00e-04 | Best_PSNR: 30.0434 in Epoch [180]
2022-07-07 00:31:55,407 INFO: Epoch: 182 | PSNR: 30.0385 | Loss: 5.5292 | lr: 5.00e-04 | Best_PSNR: 30.0434 in Epoch [180]
2022-07-07 00:32:19,039 INFO: Epoch: 183 | PSNR: 30.0314 | Loss: 5.5549 | lr: 5.00e-04 | Best_PSNR: 30.0434 in Epoch [180]
2022-07-07 00:32:42,794 INFO: Epoch: 184 | PSNR: 30.0403 | Loss: 5.5804 | lr: 5.00e-04 | Best_PSNR: 30.0434 in Epoch [180]
2022-07-07 00:33:06,318 INFO: Epoch: 185 | PSNR: 30.0400 | Loss: 5.5866 | lr: 5.00e-04 | Best_PSNR: 30.0434 in Epoch [180]
2022-07-07 00:33:30,226 INFO: Epoch: 186 | PSNR: 30.0286 | Loss: 5.5158 | lr: 5.00e-04 | Best_PSNR: 30.0434 in Epoch [180]
2022-07-07 00:33:53,846 INFO: Epoch: 187 | PSNR: 30.0140 | Loss: 5.5699 | lr: 5.00e-04 | Best_PSNR: 30.0434 in Epoch [180]
2022-07-07 00:34:17,909 INFO: Epoch: 188 | PSNR: 30.0292 | Loss: 5.6113 | lr: 5.00e-04 | Best_PSNR: 30.0434 in Epoch [180]
2022-07-07 00:34:41,792 INFO: Epoch: 189 | PSNR: 30.0141 | Loss: 5.5810 | lr: 5.00e-04 | Best_PSNR: 30.0434 in Epoch [180]
2022-07-07 00:35:05,846 INFO: Epoch: 190 | PSNR: 30.0312 | Loss: 5.5505 | lr: 5.00e-04 | Best_PSNR: 30.0434 in Epoch [180]
2022-07-07 00:35:29,909 INFO: Epoch: 191 | PSNR: 30.0382 | Loss: 5.5032 | lr: 5.00e-04 | Best_PSNR: 30.0434 in Epoch [180]
2022-07-07 00:35:53,805 INFO: Epoch: 192 | PSNR: 30.0344 | Loss: 5.5231 | lr: 5.00e-04 | Best_PSNR: 30.0434 in Epoch [180]
2022-07-07 00:36:17,778 INFO: Epoch: 193 | PSNR: 30.0247 | Loss: 5.5190 | lr: 5.00e-04 | Best_PSNR: 30.0434 in Epoch [180]
2022-07-07 00:36:41,669 INFO: Epoch: 194 | PSNR: 30.0007 | Loss: 5.5514 | lr: 5.00e-04 | Best_PSNR: 30.0434 in Epoch [180]
2022-07-07 00:37:05,538 INFO: Epoch: 195 | PSNR: 30.0405 | Loss: 5.5651 | lr: 5.00e-04 | Best_PSNR: 30.0434 in Epoch [180]
2022-07-07 00:37:30,163 INFO: Epoch: 196 | PSNR: 30.0460 | Loss: 5.5707 | lr: 5.00e-04 | Best_PSNR: 30.0460 in Epoch [196]
2022-07-07 00:37:54,052 INFO: Epoch: 197 | PSNR: 30.0354 | Loss: 5.5318 | lr: 5.00e-04 | Best_PSNR: 30.0460 in Epoch [196]
2022-07-07 00:38:18,199 INFO: Epoch: 198 | PSNR: 30.0324 | Loss: 5.5376 | lr: 5.00e-04 | Best_PSNR: 30.0460 in Epoch [196]
2022-07-07 00:38:42,075 INFO: Epoch: 199 | PSNR: 30.0459 | Loss: 5.5508 | lr: 5.00e-04 | Best_PSNR: 30.0460 in Epoch [196]
2022-07-07 00:39:05,989 INFO: Epoch: 200 | PSNR: 30.0387 | Loss: 5.5471 | lr: 5.00e-04 | Best_PSNR: 30.0460 in Epoch [196]
2022-07-07 00:39:30,109 INFO: Epoch: 201 | PSNR: 30.0411 | Loss: 5.5382 | lr: 5.00e-04 | Best_PSNR: 30.0460 in Epoch [196]
2022-07-07 00:39:53,922 INFO: Epoch: 202 | PSNR: 30.0367 | Loss: 5.5289 | lr: 5.00e-04 | Best_PSNR: 30.0460 in Epoch [196]
2022-07-07 00:40:18,232 INFO: Epoch: 203 | PSNR: 30.0551 | Loss: 5.5257 | lr: 5.00e-04 | Best_PSNR: 30.0551 in Epoch [203]
2022-07-07 00:40:42,065 INFO: Epoch: 204 | PSNR: 30.0415 | Loss: 5.5998 | lr: 5.00e-04 | Best_PSNR: 30.0551 in Epoch [203]
2022-07-07 00:41:05,888 INFO: Epoch: 205 | PSNR: 30.0303 | Loss: 5.5354 | lr: 5.00e-04 | Best_PSNR: 30.0551 in Epoch [203]
2022-07-07 00:41:29,955 INFO: Epoch: 206 | PSNR: 30.0248 | Loss: 5.5749 | lr: 5.00e-04 | Best_PSNR: 30.0551 in Epoch [203]
2022-07-07 00:41:53,700 INFO: Epoch: 207 | PSNR: 30.0432 | Loss: 5.5583 | lr: 5.00e-04 | Best_PSNR: 30.0551 in Epoch [203]
2022-07-07 00:42:17,606 INFO: Epoch: 208 | PSNR: 30.0298 | Loss: 5.5465 | lr: 5.00e-04 | Best_PSNR: 30.0551 in Epoch [203]
2022-07-07 00:42:41,482 INFO: Epoch: 209 | PSNR: 30.0534 | Loss: 5.5573 | lr: 5.00e-04 | Best_PSNR: 30.0551 in Epoch [203]
2022-07-07 00:43:05,425 INFO: Epoch: 210 | PSNR: 30.0487 | Loss: 5.5826 | lr: 5.00e-04 | Best_PSNR: 30.0551 in Epoch [203]
2022-07-07 00:43:29,451 INFO: Epoch: 211 | PSNR: 30.0440 | Loss: 5.5063 | lr: 5.00e-04 | Best_PSNR: 30.0551 in Epoch [203]
2022-07-07 00:43:53,432 INFO: Epoch: 212 | PSNR: 30.0295 | Loss: 5.5699 | lr: 5.00e-04 | Best_PSNR: 30.0551 in Epoch [203]
2022-07-07 00:44:17,510 INFO: Epoch: 213 | PSNR: 30.0446 | Loss: 5.5729 | lr: 5.00e-04 | Best_PSNR: 30.0551 in Epoch [203]
2022-07-07 00:44:41,648 INFO: Epoch: 214 | PSNR: 30.0366 | Loss: 5.5289 | lr: 5.00e-04 | Best_PSNR: 30.0551 in Epoch [203]
2022-07-07 00:45:05,769 INFO: Epoch: 215 | PSNR: 30.0305 | Loss: 5.5889 | lr: 5.00e-04 | Best_PSNR: 30.0551 in Epoch [203]
2022-07-07 00:45:29,715 INFO: Epoch: 216 | PSNR: 30.0339 | Loss: 5.5663 | lr: 5.00e-04 | Best_PSNR: 30.0551 in Epoch [203]
2022-07-07 00:45:53,547 INFO: Epoch: 217 | PSNR: 30.0361 | Loss: 5.5507 | lr: 5.00e-04 | Best_PSNR: 30.0551 in Epoch [203]
2022-07-07 00:46:17,452 INFO: Epoch: 218 | PSNR: 30.0244 | Loss: 5.5524 | lr: 5.00e-04 | Best_PSNR: 30.0551 in Epoch [203]
2022-07-07 00:46:41,209 INFO: Epoch: 219 | PSNR: 30.0458 | Loss: 5.5307 | lr: 5.00e-04 | Best_PSNR: 30.0551 in Epoch [203]
2022-07-07 00:47:05,242 INFO: Epoch: 220 | PSNR: 30.0458 | Loss: 5.4910 | lr: 5.00e-04 | Best_PSNR: 30.0551 in Epoch [203]
2022-07-07 00:47:29,227 INFO: Epoch: 221 | PSNR: 30.0485 | Loss: 5.5794 | lr: 5.00e-04 | Best_PSNR: 30.0551 in Epoch [203]
2022-07-07 00:47:53,115 INFO: Epoch: 222 | PSNR: 30.0070 | Loss: 5.5615 | lr: 5.00e-04 | Best_PSNR: 30.0551 in Epoch [203]
2022-07-07 00:48:17,015 INFO: Epoch: 223 | PSNR: 30.0426 | Loss: 5.5112 | lr: 5.00e-04 | Best_PSNR: 30.0551 in Epoch [203]
2022-07-07 00:48:40,984 INFO: Epoch: 224 | PSNR: 30.0495 | Loss: 5.4908 | lr: 5.00e-04 | Best_PSNR: 30.0551 in Epoch [203]
2022-07-07 00:49:04,897 INFO: Epoch: 225 | PSNR: 30.0334 | Loss: 5.5203 | lr: 5.00e-04 | Best_PSNR: 30.0551 in Epoch [203]
2022-07-07 00:49:28,963 INFO: Epoch: 226 | PSNR: 30.0449 | Loss: 5.5305 | lr: 5.00e-04 | Best_PSNR: 30.0551 in Epoch [203]
2022-07-07 00:49:52,998 INFO: Epoch: 227 | PSNR: 30.0468 | Loss: 5.5019 | lr: 5.00e-04 | Best_PSNR: 30.0551 in Epoch [203]
2022-07-07 00:50:16,735 INFO: Epoch: 228 | PSNR: 30.0449 | Loss: 5.5676 | lr: 5.00e-04 | Best_PSNR: 30.0551 in Epoch [203]
2022-07-07 00:50:39,570 INFO: Epoch: 229 | PSNR: 30.0476 | Loss: 5.6159 | lr: 5.00e-04 | Best_PSNR: 30.0551 in Epoch [203]
2022-07-07 00:51:03,513 INFO: Epoch: 230 | PSNR: 30.0255 | Loss: 5.5505 | lr: 5.00e-04 | Best_PSNR: 30.0551 in Epoch [203]
2022-07-07 00:51:27,560 INFO: Epoch: 231 | PSNR: 30.0510 | Loss: 5.5268 | lr: 5.00e-04 | Best_PSNR: 30.0551 in Epoch [203]
2022-07-07 00:51:51,278 INFO: Epoch: 232 | PSNR: 30.0314 | Loss: 5.5809 | lr: 5.00e-04 | Best_PSNR: 30.0551 in Epoch [203]
2022-07-07 00:52:15,304 INFO: Epoch: 233 | PSNR: 30.0520 | Loss: 5.4761 | lr: 5.00e-04 | Best_PSNR: 30.0551 in Epoch [203]
2022-07-07 00:52:39,238 INFO: Epoch: 234 | PSNR: 30.0415 | Loss: 5.5225 | lr: 5.00e-04 | Best_PSNR: 30.0551 in Epoch [203]
2022-07-07 00:53:03,179 INFO: Epoch: 235 | PSNR: 30.0394 | Loss: 5.5403 | lr: 5.00e-04 | Best_PSNR: 30.0551 in Epoch [203]
2022-07-07 00:53:27,283 INFO: Epoch: 236 | PSNR: 30.0410 | Loss: 5.5586 | lr: 5.00e-04 | Best_PSNR: 30.0551 in Epoch [203]
2022-07-07 00:53:51,341 INFO: Epoch: 237 | PSNR: 30.0462 | Loss: 5.5967 | lr: 5.00e-04 | Best_PSNR: 30.0551 in Epoch [203]
2022-07-07 00:54:15,244 INFO: Epoch: 238 | PSNR: 30.0489 | Loss: 5.5431 | lr: 5.00e-04 | Best_PSNR: 30.0551 in Epoch [203]
2022-07-07 00:54:39,512 INFO: Epoch: 239 | PSNR: 30.0440 | Loss: 5.5559 | lr: 5.00e-04 | Best_PSNR: 30.0551 in Epoch [203]
2022-07-07 00:55:03,375 INFO: Epoch: 240 | PSNR: 30.0497 | Loss: 5.5128 | lr: 5.00e-04 | Best_PSNR: 30.0551 in Epoch [203]
2022-07-07 00:55:27,859 INFO: Epoch: 241 | PSNR: 30.0594 | Loss: 5.5583 | lr: 2.50e-04 | Best_PSNR: 30.0594 in Epoch [241]
2022-07-07 00:55:52,131 INFO: Epoch: 242 | PSNR: 30.0625 | Loss: 5.4958 | lr: 2.50e-04 | Best_PSNR: 30.0625 in Epoch [242]
2022-07-07 00:56:15,932 INFO: Epoch: 243 | PSNR: 30.0577 | Loss: 5.4954 | lr: 2.50e-04 | Best_PSNR: 30.0625 in Epoch [242]
2022-07-07 00:56:39,627 INFO: Epoch: 244 | PSNR: 30.0565 | Loss: 5.5179 | lr: 2.50e-04 | Best_PSNR: 30.0625 in Epoch [242]
2022-07-07 00:57:03,868 INFO: Epoch: 245 | PSNR: 30.0662 | Loss: 5.5629 | lr: 2.50e-04 | Best_PSNR: 30.0662 in Epoch [245]
2022-07-07 00:57:27,779 INFO: Epoch: 246 | PSNR: 30.0552 | Loss: 5.5680 | lr: 2.50e-04 | Best_PSNR: 30.0662 in Epoch [245]
2022-07-07 00:57:51,518 INFO: Epoch: 247 | PSNR: 30.0583 | Loss: 5.6023 | lr: 2.50e-04 | Best_PSNR: 30.0662 in Epoch [245]
2022-07-07 00:58:15,323 INFO: Epoch: 248 | PSNR: 30.0415 | Loss: 5.5097 | lr: 2.50e-04 | Best_PSNR: 30.0662 in Epoch [245]
2022-07-07 00:58:39,101 INFO: Epoch: 249 | PSNR: 30.0658 | Loss: 5.5794 | lr: 2.50e-04 | Best_PSNR: 30.0662 in Epoch [245]
2022-07-07 00:59:02,872 INFO: Epoch: 250 | PSNR: 30.0560 | Loss: 5.5606 | lr: 2.50e-04 | Best_PSNR: 30.0662 in Epoch [245]
2022-07-07 00:59:26,744 INFO: Epoch: 251 | PSNR: 30.0576 | Loss: 5.5558 | lr: 2.50e-04 | Best_PSNR: 30.0662 in Epoch [245]
2022-07-07 00:59:50,465 INFO: Epoch: 252 | PSNR: 30.0626 | Loss: 5.4847 | lr: 2.50e-04 | Best_PSNR: 30.0662 in Epoch [245]
2022-07-07 01:00:14,113 INFO: Epoch: 253 | PSNR: 30.0611 | Loss: 5.5916 | lr: 2.50e-04 | Best_PSNR: 30.0662 in Epoch [245]
2022-07-07 01:00:37,774 INFO: Epoch: 254 | PSNR: 30.0661 | Loss: 5.5531 | lr: 2.50e-04 | Best_PSNR: 30.0662 in Epoch [245]
2022-07-07 01:01:01,588 INFO: Epoch: 255 | PSNR: 30.0471 | Loss: 5.5503 | lr: 2.50e-04 | Best_PSNR: 30.0662 in Epoch [245]
2022-07-07 01:01:25,369 INFO: Epoch: 256 | PSNR: 30.0570 | Loss: 5.5275 | lr: 2.50e-04 | Best_PSNR: 30.0662 in Epoch [245]
2022-07-07 01:01:49,861 INFO: Epoch: 257 | PSNR: 30.0671 | Loss: 5.5491 | lr: 2.50e-04 | Best_PSNR: 30.0671 in Epoch [257]
2022-07-07 01:02:13,687 INFO: Epoch: 258 | PSNR: 30.0633 | Loss: 5.5490 | lr: 2.50e-04 | Best_PSNR: 30.0671 in Epoch [257]
2022-07-07 01:02:37,589 INFO: Epoch: 259 | PSNR: 30.0629 | Loss: 5.5789 | lr: 2.50e-04 | Best_PSNR: 30.0671 in Epoch [257]
2022-07-07 01:03:01,484 INFO: Epoch: 260 | PSNR: 30.0620 | Loss: 5.5374 | lr: 2.50e-04 | Best_PSNR: 30.0671 in Epoch [257]
2022-07-07 01:03:25,410 INFO: Epoch: 261 | PSNR: 30.0442 | Loss: 5.5582 | lr: 2.50e-04 | Best_PSNR: 30.0671 in Epoch [257]
2022-07-07 01:03:49,296 INFO: Epoch: 262 | PSNR: 30.0587 | Loss: 5.5428 | lr: 2.50e-04 | Best_PSNR: 30.0671 in Epoch [257]
2022-07-07 01:04:13,129 INFO: Epoch: 263 | PSNR: 30.0555 | Loss: 5.5572 | lr: 2.50e-04 | Best_PSNR: 30.0671 in Epoch [257]
2022-07-07 01:04:36,923 INFO: Epoch: 264 | PSNR: 30.0564 | Loss: 5.5716 | lr: 2.50e-04 | Best_PSNR: 30.0671 in Epoch [257]
2022-07-07 01:05:00,614 INFO: Epoch: 265 | PSNR: 30.0521 | Loss: 5.5393 | lr: 2.50e-04 | Best_PSNR: 30.0671 in Epoch [257]
2022-07-07 01:05:24,345 INFO: Epoch: 266 | PSNR: 30.0593 | Loss: 5.5300 | lr: 2.50e-04 | Best_PSNR: 30.0671 in Epoch [257]
2022-07-07 01:05:48,332 INFO: Epoch: 267 | PSNR: 30.0565 | Loss: 5.5020 | lr: 2.50e-04 | Best_PSNR: 30.0671 in Epoch [257]
2022-07-07 01:06:12,214 INFO: Epoch: 268 | PSNR: 30.0644 | Loss: 5.5190 | lr: 2.50e-04 | Best_PSNR: 30.0671 in Epoch [257]
2022-07-07 01:06:36,237 INFO: Epoch: 269 | PSNR: 30.0597 | Loss: 5.5767 | lr: 2.50e-04 | Best_PSNR: 30.0671 in Epoch [257]
2022-07-07 01:06:59,980 INFO: Epoch: 270 | PSNR: 30.0264 | Loss: 5.5534 | lr: 2.50e-04 | Best_PSNR: 30.0671 in Epoch [257]
2022-07-07 01:07:23,638 INFO: Epoch: 271 | PSNR: 30.0638 | Loss: 5.5804 | lr: 2.50e-04 | Best_PSNR: 30.0671 in Epoch [257]
2022-07-07 01:07:47,506 INFO: Epoch: 272 | PSNR: 30.0572 | Loss: 5.5250 | lr: 2.50e-04 | Best_PSNR: 30.0671 in Epoch [257]
2022-07-07 01:08:11,139 INFO: Epoch: 273 | PSNR: 30.0654 | Loss: 5.5268 | lr: 2.50e-04 | Best_PSNR: 30.0671 in Epoch [257]
2022-07-07 01:08:34,848 INFO: Epoch: 274 | PSNR: 30.0570 | Loss: 5.5575 | lr: 2.50e-04 | Best_PSNR: 30.0671 in Epoch [257]
2022-07-07 01:08:58,568 INFO: Epoch: 275 | PSNR: 30.0633 | Loss: 5.5388 | lr: 2.50e-04 | Best_PSNR: 30.0671 in Epoch [257]
2022-07-07 01:09:22,384 INFO: Epoch: 276 | PSNR: 30.0659 | Loss: 5.5071 | lr: 2.50e-04 | Best_PSNR: 30.0671 in Epoch [257]
2022-07-07 01:09:46,322 INFO: Epoch: 277 | PSNR: 30.0623 | Loss: 5.5634 | lr: 2.50e-04 | Best_PSNR: 30.0671 in Epoch [257]
2022-07-07 01:10:09,950 INFO: Epoch: 278 | PSNR: 30.0587 | Loss: 5.5351 | lr: 2.50e-04 | Best_PSNR: 30.0671 in Epoch [257]
2022-07-07 01:10:33,835 INFO: Epoch: 279 | PSNR: 30.0499 | Loss: 5.5675 | lr: 2.50e-04 | Best_PSNR: 30.0671 in Epoch [257]
2022-07-07 01:10:57,674 INFO: Epoch: 280 | PSNR: 30.0645 | Loss: 5.5126 | lr: 2.50e-04 | Best_PSNR: 30.0671 in Epoch [257]
2022-07-07 01:11:21,363 INFO: Epoch: 281 | PSNR: 30.0557 | Loss: 5.5170 | lr: 2.50e-04 | Best_PSNR: 30.0671 in Epoch [257]
2022-07-07 01:11:45,217 INFO: Epoch: 282 | PSNR: 30.0540 | Loss: 5.5378 | lr: 2.50e-04 | Best_PSNR: 30.0671 in Epoch [257]
2022-07-07 01:12:09,044 INFO: Epoch: 283 | PSNR: 30.0619 | Loss: 5.5859 | lr: 2.50e-04 | Best_PSNR: 30.0671 in Epoch [257]
2022-07-07 01:12:32,741 INFO: Epoch: 284 | PSNR: 30.0517 | Loss: 5.5808 | lr: 2.50e-04 | Best_PSNR: 30.0671 in Epoch [257]
2022-07-07 01:12:56,474 INFO: Epoch: 285 | PSNR: 30.0592 | Loss: 5.5835 | lr: 2.50e-04 | Best_PSNR: 30.0671 in Epoch [257]
2022-07-07 01:13:20,279 INFO: Epoch: 286 | PSNR: 30.0589 | Loss: 5.5121 | lr: 2.50e-04 | Best_PSNR: 30.0671 in Epoch [257]
2022-07-07 01:13:44,277 INFO: Epoch: 287 | PSNR: 30.0599 | Loss: 5.5185 | lr: 2.50e-04 | Best_PSNR: 30.0671 in Epoch [257]
2022-07-07 01:14:07,944 INFO: Epoch: 288 | PSNR: 30.0582 | Loss: 5.5780 | lr: 2.50e-04 | Best_PSNR: 30.0671 in Epoch [257]
2022-07-07 01:14:31,732 INFO: Epoch: 289 | PSNR: 30.0570 | Loss: 5.5485 | lr: 2.50e-04 | Best_PSNR: 30.0671 in Epoch [257]
2022-07-07 01:14:55,541 INFO: Epoch: 290 | PSNR: 30.0560 | Loss: 5.5473 | lr: 2.50e-04 | Best_PSNR: 30.0671 in Epoch [257]
2022-07-07 01:15:19,351 INFO: Epoch: 291 | PSNR: 30.0572 | Loss: 5.5165 | lr: 2.50e-04 | Best_PSNR: 30.0671 in Epoch [257]
2022-07-07 01:15:43,297 INFO: Epoch: 292 | PSNR: 30.0651 | Loss: 5.4982 | lr: 2.50e-04 | Best_PSNR: 30.0671 in Epoch [257]
2022-07-07 01:16:06,779 INFO: Epoch: 293 | PSNR: 30.0612 | Loss: 5.5589 | lr: 2.50e-04 | Best_PSNR: 30.0671 in Epoch [257]
2022-07-07 01:16:29,793 INFO: Epoch: 294 | PSNR: 30.0622 | Loss: 5.5673 | lr: 2.50e-04 | Best_PSNR: 30.0671 in Epoch [257]
2022-07-07 01:16:53,631 INFO: Epoch: 295 | PSNR: 30.0589 | Loss: 5.5426 | lr: 2.50e-04 | Best_PSNR: 30.0671 in Epoch [257]
2022-07-07 01:17:17,490 INFO: Epoch: 296 | PSNR: 30.0353 | Loss: 5.5520 | lr: 2.50e-04 | Best_PSNR: 30.0671 in Epoch [257]
2022-07-07 01:17:41,495 INFO: Epoch: 297 | PSNR: 30.0650 | Loss: 5.5451 | lr: 2.50e-04 | Best_PSNR: 30.0671 in Epoch [257]
2022-07-07 01:18:05,225 INFO: Epoch: 298 | PSNR: 30.0586 | Loss: 5.5126 | lr: 2.50e-04 | Best_PSNR: 30.0671 in Epoch [257]
2022-07-07 01:18:29,088 INFO: Epoch: 299 | PSNR: 30.0619 | Loss: 5.5451 | lr: 2.50e-04 | Best_PSNR: 30.0671 in Epoch [257]
2022-07-07 01:18:52,715 INFO: Epoch: 300 | PSNR: 30.0629 | Loss: 5.5261 | lr: 2.50e-04 | Best_PSNR: 30.0671 in Epoch [257]
2022-07-07 01:19:16,933 INFO: Epoch: 301 | PSNR: 30.0711 | Loss: 5.5009 | lr: 2.50e-04 | Best_PSNR: 30.0711 in Epoch [301]
2022-07-07 01:19:41,015 INFO: Epoch: 302 | PSNR: 30.0544 | Loss: 5.5175 | lr: 2.50e-04 | Best_PSNR: 30.0711 in Epoch [301]
2022-07-07 01:20:04,866 INFO: Epoch: 303 | PSNR: 30.0664 | Loss: 5.5432 | lr: 2.50e-04 | Best_PSNR: 30.0711 in Epoch [301]
2022-07-07 01:20:28,694 INFO: Epoch: 304 | PSNR: 30.0617 | Loss: 5.5676 | lr: 2.50e-04 | Best_PSNR: 30.0711 in Epoch [301]
2022-07-07 01:20:52,333 INFO: Epoch: 305 | PSNR: 30.0693 | Loss: 5.5275 | lr: 2.50e-04 | Best_PSNR: 30.0711 in Epoch [301]
2022-07-07 01:21:16,067 INFO: Epoch: 306 | PSNR: 30.0062 | Loss: 5.5884 | lr: 2.50e-04 | Best_PSNR: 30.0711 in Epoch [301]
2022-07-07 01:21:39,788 INFO: Epoch: 307 | PSNR: 30.0626 | Loss: 5.5365 | lr: 2.50e-04 | Best_PSNR: 30.0711 in Epoch [301]
2022-07-07 01:22:03,451 INFO: Epoch: 308 | PSNR: 30.0699 | Loss: 5.5182 | lr: 2.50e-04 | Best_PSNR: 30.0711 in Epoch [301]
2022-07-07 01:22:27,142 INFO: Epoch: 309 | PSNR: 30.0666 | Loss: 5.4995 | lr: 2.50e-04 | Best_PSNR: 30.0711 in Epoch [301]
2022-07-07 01:22:50,758 INFO: Epoch: 310 | PSNR: 30.0610 | Loss: 5.5052 | lr: 2.50e-04 | Best_PSNR: 30.0711 in Epoch [301]
2022-07-07 01:23:14,428 INFO: Epoch: 311 | PSNR: 30.0542 | Loss: 5.5573 | lr: 2.50e-04 | Best_PSNR: 30.0711 in Epoch [301]
2022-07-07 01:23:38,211 INFO: Epoch: 312 | PSNR: 30.0654 | Loss: 5.5609 | lr: 2.50e-04 | Best_PSNR: 30.0711 in Epoch [301]
2022-07-07 01:24:01,920 INFO: Epoch: 313 | PSNR: 30.0647 | Loss: 5.5496 | lr: 2.50e-04 | Best_PSNR: 30.0711 in Epoch [301]
2022-07-07 01:24:25,794 INFO: Epoch: 314 | PSNR: 30.0673 | Loss: 5.4878 | lr: 2.50e-04 | Best_PSNR: 30.0711 in Epoch [301]
2022-07-07 01:24:49,465 INFO: Epoch: 315 | PSNR: 30.0625 | Loss: 5.5502 | lr: 2.50e-04 | Best_PSNR: 30.0711 in Epoch [301]
2022-07-07 01:25:13,032 INFO: Epoch: 316 | PSNR: 30.0651 | Loss: 5.5618 | lr: 2.50e-04 | Best_PSNR: 30.0711 in Epoch [301]
2022-07-07 01:25:36,818 INFO: Epoch: 317 | PSNR: 30.0707 | Loss: 5.5273 | lr: 2.50e-04 | Best_PSNR: 30.0711 in Epoch [301]
2022-07-07 01:26:00,565 INFO: Epoch: 318 | PSNR: 30.0402 | Loss: 5.5714 | lr: 2.50e-04 | Best_PSNR: 30.0711 in Epoch [301]
2022-07-07 01:26:24,314 INFO: Epoch: 319 | PSNR: 30.0652 | Loss: 5.5483 | lr: 2.50e-04 | Best_PSNR: 30.0711 in Epoch [301]
2022-07-07 01:26:48,112 INFO: Epoch: 320 | PSNR: 30.0652 | Loss: 5.5199 | lr: 2.50e-04 | Best_PSNR: 30.0711 in Epoch [301]
2022-07-07 01:27:11,861 INFO: Epoch: 321 | PSNR: 30.0646 | Loss: 5.5431 | lr: 2.50e-04 | Best_PSNR: 30.0711 in Epoch [301]
2022-07-07 01:27:35,719 INFO: Epoch: 322 | PSNR: 30.0699 | Loss: 5.5709 | lr: 2.50e-04 | Best_PSNR: 30.0711 in Epoch [301]
2022-07-07 01:28:00,098 INFO: Epoch: 323 | PSNR: 30.0711 | Loss: 5.5530 | lr: 2.50e-04 | Best_PSNR: 30.0711 in Epoch [323]
2022-07-07 01:28:23,828 INFO: Epoch: 324 | PSNR: 30.0599 | Loss: 5.5632 | lr: 2.50e-04 | Best_PSNR: 30.0711 in Epoch [323]
2022-07-07 01:28:47,647 INFO: Epoch: 325 | PSNR: 30.0633 | Loss: 5.5572 | lr: 2.50e-04 | Best_PSNR: 30.0711 in Epoch [323]
2022-07-07 01:29:11,555 INFO: Epoch: 326 | PSNR: 30.0676 | Loss: 5.5220 | lr: 2.50e-04 | Best_PSNR: 30.0711 in Epoch [323]
2022-07-07 01:29:35,437 INFO: Epoch: 327 | PSNR: 30.0626 | Loss: 5.5770 | lr: 2.50e-04 | Best_PSNR: 30.0711 in Epoch [323]
2022-07-07 01:29:59,459 INFO: Epoch: 328 | PSNR: 30.0656 | Loss: 5.5663 | lr: 2.50e-04 | Best_PSNR: 30.0711 in Epoch [323]
2022-07-07 01:30:23,460 INFO: Epoch: 329 | PSNR: 30.0503 | Loss: 5.5721 | lr: 2.50e-04 | Best_PSNR: 30.0711 in Epoch [323]
2022-07-07 01:30:47,912 INFO: Epoch: 330 | PSNR: 30.0722 | Loss: 5.5331 | lr: 2.50e-04 | Best_PSNR: 30.0722 in Epoch [330]
2022-07-07 01:31:11,603 INFO: Epoch: 331 | PSNR: 30.0623 | Loss: 5.5390 | lr: 2.50e-04 | Best_PSNR: 30.0722 in Epoch [330]
2022-07-07 01:31:35,432 INFO: Epoch: 332 | PSNR: 30.0625 | Loss: 5.5969 | lr: 2.50e-04 | Best_PSNR: 30.0722 in Epoch [330]
2022-07-07 01:31:59,449 INFO: Epoch: 333 | PSNR: 30.0587 | Loss: 5.5249 | lr: 2.50e-04 | Best_PSNR: 30.0722 in Epoch [330]
2022-07-07 01:32:23,161 INFO: Epoch: 334 | PSNR: 30.0642 | Loss: 5.5901 | lr: 2.50e-04 | Best_PSNR: 30.0722 in Epoch [330]
2022-07-07 01:32:47,018 INFO: Epoch: 335 | PSNR: 30.0460 | Loss: 5.5580 | lr: 2.50e-04 | Best_PSNR: 30.0722 in Epoch [330]
2022-07-07 01:33:10,700 INFO: Epoch: 336 | PSNR: 30.0650 | Loss: 5.5806 | lr: 2.50e-04 | Best_PSNR: 30.0722 in Epoch [330]
2022-07-07 01:33:34,380 INFO: Epoch: 337 | PSNR: 30.0609 | Loss: 5.5789 | lr: 2.50e-04 | Best_PSNR: 30.0722 in Epoch [330]
2022-07-07 01:33:58,429 INFO: Epoch: 338 | PSNR: 30.0666 | Loss: 5.6381 | lr: 2.50e-04 | Best_PSNR: 30.0722 in Epoch [330]
2022-07-07 01:34:22,449 INFO: Epoch: 339 | PSNR: 30.0695 | Loss: 5.5153 | lr: 2.50e-04 | Best_PSNR: 30.0722 in Epoch [330]
2022-07-07 01:34:46,361 INFO: Epoch: 340 | PSNR: 30.0678 | Loss: 5.5173 | lr: 2.50e-04 | Best_PSNR: 30.0722 in Epoch [330]
2022-07-07 01:35:10,205 INFO: Epoch: 341 | PSNR: 30.0713 | Loss: 5.4936 | lr: 2.50e-04 | Best_PSNR: 30.0722 in Epoch [330]
2022-07-07 01:35:34,008 INFO: Epoch: 342 | PSNR: 30.0535 | Loss: 5.5197 | lr: 2.50e-04 | Best_PSNR: 30.0722 in Epoch [330]
2022-07-07 01:35:57,945 INFO: Epoch: 343 | PSNR: 30.0700 | Loss: 5.5846 | lr: 2.50e-04 | Best_PSNR: 30.0722 in Epoch [330]
2022-07-07 01:36:21,750 INFO: Epoch: 344 | PSNR: 30.0620 | Loss: 5.5367 | lr: 2.50e-04 | Best_PSNR: 30.0722 in Epoch [330]
2022-07-07 01:36:45,777 INFO: Epoch: 345 | PSNR: 30.0534 | Loss: 5.5550 | lr: 2.50e-04 | Best_PSNR: 30.0722 in Epoch [330]
2022-07-07 01:37:09,697 INFO: Epoch: 346 | PSNR: 30.0697 | Loss: 5.5116 | lr: 2.50e-04 | Best_PSNR: 30.0722 in Epoch [330]
2022-07-07 01:37:33,681 INFO: Epoch: 347 | PSNR: 30.0666 | Loss: 5.5062 | lr: 2.50e-04 | Best_PSNR: 30.0722 in Epoch [330]
2022-07-07 01:37:57,670 INFO: Epoch: 348 | PSNR: 30.0630 | Loss: 5.5657 | lr: 2.50e-04 | Best_PSNR: 30.0722 in Epoch [330]
2022-07-07 01:38:21,731 INFO: Epoch: 349 | PSNR: 30.0649 | Loss: 5.5836 | lr: 2.50e-04 | Best_PSNR: 30.0722 in Epoch [330]
2022-07-07 01:38:45,774 INFO: Epoch: 350 | PSNR: 30.0525 | Loss: 5.4927 | lr: 2.50e-04 | Best_PSNR: 30.0722 in Epoch [330]
2022-07-07 01:39:09,729 INFO: Epoch: 351 | PSNR: 30.0712 | Loss: 5.5199 | lr: 2.50e-04 | Best_PSNR: 30.0722 in Epoch [330]
2022-07-07 01:39:33,804 INFO: Epoch: 352 | PSNR: 30.0691 | Loss: 5.5647 | lr: 2.50e-04 | Best_PSNR: 30.0722 in Epoch [330]
2022-07-07 01:39:58,107 INFO: Epoch: 353 | PSNR: 30.0556 | Loss: 5.5167 | lr: 2.50e-04 | Best_PSNR: 30.0722 in Epoch [330]
2022-07-07 01:40:22,466 INFO: Epoch: 354 | PSNR: 30.0737 | Loss: 5.5386 | lr: 2.50e-04 | Best_PSNR: 30.0737 in Epoch [354]
2022-07-07 01:40:46,417 INFO: Epoch: 355 | PSNR: 30.0681 | Loss: 5.5198 | lr: 2.50e-04 | Best_PSNR: 30.0737 in Epoch [354]
2022-07-07 01:41:10,448 INFO: Epoch: 356 | PSNR: 30.0645 | Loss: 5.5380 | lr: 2.50e-04 | Best_PSNR: 30.0737 in Epoch [354]
2022-07-07 01:41:34,342 INFO: Epoch: 357 | PSNR: 30.0547 | Loss: 5.5018 | lr: 2.50e-04 | Best_PSNR: 30.0737 in Epoch [354]
2022-07-07 01:41:57,543 INFO: Epoch: 358 | PSNR: 30.0606 | Loss: 5.5251 | lr: 2.50e-04 | Best_PSNR: 30.0737 in Epoch [354]
2022-07-07 01:42:21,985 INFO: Epoch: 359 | PSNR: 30.0684 | Loss: 5.5442 | lr: 2.50e-04 | Best_PSNR: 30.0737 in Epoch [354]
2022-07-07 01:42:45,531 INFO: Epoch: 360 | PSNR: 30.0660 | Loss: 5.5357 | lr: 2.50e-04 | Best_PSNR: 30.0737 in Epoch [354]
2022-07-07 01:43:09,205 INFO: Epoch: 361 | PSNR: 30.0728 | Loss: 5.4981 | lr: 1.25e-04 | Best_PSNR: 30.0737 in Epoch [354]
2022-07-07 01:43:32,757 INFO: Epoch: 362 | PSNR: 30.0717 | Loss: 5.5371 | lr: 1.25e-04 | Best_PSNR: 30.0737 in Epoch [354]
2022-07-07 01:43:57,194 INFO: Epoch: 363 | PSNR: 30.0739 | Loss: 5.5124 | lr: 1.25e-04 | Best_PSNR: 30.0739 in Epoch [363]
2022-07-07 01:44:20,906 INFO: Epoch: 364 | PSNR: 30.0671 | Loss: 5.4982 | lr: 1.25e-04 | Best_PSNR: 30.0739 in Epoch [363]
2022-07-07 01:44:45,087 INFO: Epoch: 365 | PSNR: 30.0744 | Loss: 5.5475 | lr: 1.25e-04 | Best_PSNR: 30.0744 in Epoch [365]
2022-07-07 01:45:08,765 INFO: Epoch: 366 | PSNR: 30.0658 | Loss: 5.5239 | lr: 1.25e-04 | Best_PSNR: 30.0744 in Epoch [365]
2022-07-07 01:45:32,415 INFO: Epoch: 367 | PSNR: 30.0726 | Loss: 5.5730 | lr: 1.25e-04 | Best_PSNR: 30.0744 in Epoch [365]
2022-07-07 01:45:57,009 INFO: Epoch: 368 | PSNR: 30.0768 | Loss: 5.5759 | lr: 1.25e-04 | Best_PSNR: 30.0768 in Epoch [368]
2022-07-07 01:46:20,884 INFO: Epoch: 369 | PSNR: 30.0764 | Loss: 5.4741 | lr: 1.25e-04 | Best_PSNR: 30.0768 in Epoch [368]
2022-07-07 01:46:45,072 INFO: Epoch: 370 | PSNR: 30.0774 | Loss: 5.5287 | lr: 1.25e-04 | Best_PSNR: 30.0774 in Epoch [370]
2022-07-07 01:47:08,932 INFO: Epoch: 371 | PSNR: 30.0758 | Loss: 5.5166 | lr: 1.25e-04 | Best_PSNR: 30.0774 in Epoch [370]
2022-07-07 01:47:32,646 INFO: Epoch: 372 | PSNR: 30.0750 | Loss: 5.5080 | lr: 1.25e-04 | Best_PSNR: 30.0774 in Epoch [370]
2022-07-07 01:47:56,503 INFO: Epoch: 373 | PSNR: 30.0731 | Loss: 5.5083 | lr: 1.25e-04 | Best_PSNR: 30.0774 in Epoch [370]
2022-07-07 01:48:20,473 INFO: Epoch: 374 | PSNR: 30.0609 | Loss: 5.5640 | lr: 1.25e-04 | Best_PSNR: 30.0774 in Epoch [370]
2022-07-07 01:48:44,902 INFO: Epoch: 375 | PSNR: 30.0778 | Loss: 5.5429 | lr: 1.25e-04 | Best_PSNR: 30.0778 in Epoch [375]
2022-07-07 01:49:08,690 INFO: Epoch: 376 | PSNR: 30.0632 | Loss: 5.5267 | lr: 1.25e-04 | Best_PSNR: 30.0778 in Epoch [375]
2022-07-07 01:49:32,450 INFO: Epoch: 377 | PSNR: 30.0755 | Loss: 5.5350 | lr: 1.25e-04 | Best_PSNR: 30.0778 in Epoch [375]
2022-07-07 01:49:56,460 INFO: Epoch: 378 | PSNR: 30.0637 | Loss: 5.5456 | lr: 1.25e-04 | Best_PSNR: 30.0778 in Epoch [375]
2022-07-07 01:50:20,552 INFO: Epoch: 379 | PSNR: 30.0765 | Loss: 5.5387 | lr: 1.25e-04 | Best_PSNR: 30.0778 in Epoch [375]
2022-07-07 01:50:44,367 INFO: Epoch: 380 | PSNR: 30.0721 | Loss: 5.5269 | lr: 1.25e-04 | Best_PSNR: 30.0778 in Epoch [375]
2022-07-07 01:51:08,105 INFO: Epoch: 381 | PSNR: 30.0684 | Loss: 5.5693 | lr: 1.25e-04 | Best_PSNR: 30.0778 in Epoch [375]
2022-07-07 01:51:32,171 INFO: Epoch: 382 | PSNR: 30.0741 | Loss: 5.5240 | lr: 1.25e-04 | Best_PSNR: 30.0778 in Epoch [375]
2022-07-07 01:51:56,263 INFO: Epoch: 383 | PSNR: 30.0762 | Loss: 5.6068 | lr: 1.25e-04 | Best_PSNR: 30.0778 in Epoch [375]
2022-07-07 01:52:20,126 INFO: Epoch: 384 | PSNR: 30.0723 | Loss: 5.5071 | lr: 1.25e-04 | Best_PSNR: 30.0778 in Epoch [375]
2022-07-07 01:52:43,923 INFO: Epoch: 385 | PSNR: 30.0772 | Loss: 5.5056 | lr: 1.25e-04 | Best_PSNR: 30.0778 in Epoch [375]
2022-07-07 01:53:07,750 INFO: Epoch: 386 | PSNR: 30.0749 | Loss: 5.5397 | lr: 1.25e-04 | Best_PSNR: 30.0778 in Epoch [375]
2022-07-07 01:53:31,635 INFO: Epoch: 387 | PSNR: 30.0761 | Loss: 5.4972 | lr: 1.25e-04 | Best_PSNR: 30.0778 in Epoch [375]
2022-07-07 01:53:56,224 INFO: Epoch: 388 | PSNR: 30.0808 | Loss: 5.5311 | lr: 1.25e-04 | Best_PSNR: 30.0808 in Epoch [388]
2022-07-07 01:54:19,953 INFO: Epoch: 389 | PSNR: 30.0721 | Loss: 5.5503 | lr: 1.25e-04 | Best_PSNR: 30.0808 in Epoch [388]
2022-07-07 01:54:43,960 INFO: Epoch: 390 | PSNR: 30.0738 | Loss: 5.5469 | lr: 1.25e-04 | Best_PSNR: 30.0808 in Epoch [388]
2022-07-07 01:55:08,031 INFO: Epoch: 391 | PSNR: 30.0766 | Loss: 5.5389 | lr: 1.25e-04 | Best_PSNR: 30.0808 in Epoch [388]
2022-07-07 01:55:31,948 INFO: Epoch: 392 | PSNR: 30.0785 | Loss: 5.5266 | lr: 1.25e-04 | Best_PSNR: 30.0808 in Epoch [388]
2022-07-07 01:55:56,044 INFO: Epoch: 393 | PSNR: 30.0754 | Loss: 5.5454 | lr: 1.25e-04 | Best_PSNR: 30.0808 in Epoch [388]
2022-07-07 01:56:19,758 INFO: Epoch: 394 | PSNR: 30.0769 | Loss: 5.5365 | lr: 1.25e-04 | Best_PSNR: 30.0808 in Epoch [388]
2022-07-07 01:56:42,964 INFO: Epoch: 395 | PSNR: 30.0764 | Loss: 5.5394 | lr: 1.25e-04 | Best_PSNR: 30.0808 in Epoch [388]
2022-07-07 01:57:06,335 INFO: Epoch: 396 | PSNR: 30.0648 | Loss: 5.5177 | lr: 1.25e-04 | Best_PSNR: 30.0808 in Epoch [388]
2022-07-07 01:57:29,405 INFO: Epoch: 397 | PSNR: 30.0676 | Loss: 5.5087 | lr: 1.25e-04 | Best_PSNR: 30.0808 in Epoch [388]
2022-07-07 01:57:52,503 INFO: Epoch: 398 | PSNR: 30.0750 | Loss: 5.5116 | lr: 1.25e-04 | Best_PSNR: 30.0808 in Epoch [388]
2022-07-07 01:58:16,229 INFO: Epoch: 399 | PSNR: 30.0767 | Loss: 5.5985 | lr: 1.25e-04 | Best_PSNR: 30.0808 in Epoch [388]
2022-07-07 01:58:39,965 INFO: Epoch: 400 | PSNR: 30.0748 | Loss: 5.5566 | lr: 1.25e-04 | Best_PSNR: 30.0808 in Epoch [388]
2022-07-07 01:59:03,619 INFO: Epoch: 401 | PSNR: 30.0793 | Loss: 5.5338 | lr: 1.25e-04 | Best_PSNR: 30.0808 in Epoch [388]
2022-07-07 01:59:27,214 INFO: Epoch: 402 | PSNR: 30.0775 | Loss: 5.5091 | lr: 1.25e-04 | Best_PSNR: 30.0808 in Epoch [388]
2022-07-07 01:59:50,992 INFO: Epoch: 403 | PSNR: 30.0746 | Loss: 5.5010 | lr: 1.25e-04 | Best_PSNR: 30.0808 in Epoch [388]
2022-07-07 02:00:14,850 INFO: Epoch: 404 | PSNR: 30.0771 | Loss: 5.5073 | lr: 1.25e-04 | Best_PSNR: 30.0808 in Epoch [388]
2022-07-07 02:00:38,384 INFO: Epoch: 405 | PSNR: 30.0753 | Loss: 5.4931 | lr: 1.25e-04 | Best_PSNR: 30.0808 in Epoch [388]
2022-07-07 02:01:02,219 INFO: Epoch: 406 | PSNR: 30.0773 | Loss: 5.4953 | lr: 1.25e-04 | Best_PSNR: 30.0808 in Epoch [388]
2022-07-07 02:01:25,972 INFO: Epoch: 407 | PSNR: 30.0788 | Loss: 5.5186 | lr: 1.25e-04 | Best_PSNR: 30.0808 in Epoch [388]
2022-07-07 02:01:49,700 INFO: Epoch: 408 | PSNR: 30.0751 | Loss: 5.5591 | lr: 1.25e-04 | Best_PSNR: 30.0808 in Epoch [388]
2022-07-07 02:02:13,777 INFO: Epoch: 409 | PSNR: 30.0705 | Loss: 5.5014 | lr: 1.25e-04 | Best_PSNR: 30.0808 in Epoch [388]
2022-07-07 02:02:37,495 INFO: Epoch: 410 | PSNR: 30.0677 | Loss: 5.5003 | lr: 1.25e-04 | Best_PSNR: 30.0808 in Epoch [388]
2022-07-07 02:03:01,378 INFO: Epoch: 411 | PSNR: 30.0806 | Loss: 5.5448 | lr: 1.25e-04 | Best_PSNR: 30.0808 in Epoch [388]
2022-07-07 02:03:25,130 INFO: Epoch: 412 | PSNR: 30.0771 | Loss: 5.5446 | lr: 1.25e-04 | Best_PSNR: 30.0808 in Epoch [388]
2022-07-07 02:03:48,997 INFO: Epoch: 413 | PSNR: 30.0671 | Loss: 5.5477 | lr: 1.25e-04 | Best_PSNR: 30.0808 in Epoch [388]
2022-07-07 02:04:12,948 INFO: Epoch: 414 | PSNR: 30.0688 | Loss: 5.5568 | lr: 1.25e-04 | Best_PSNR: 30.0808 in Epoch [388]
2022-07-07 02:04:36,662 INFO: Epoch: 415 | PSNR: 30.0750 | Loss: 5.5334 | lr: 1.25e-04 | Best_PSNR: 30.0808 in Epoch [388]
2022-07-07 02:05:00,605 INFO: Epoch: 416 | PSNR: 30.0792 | Loss: 5.4822 | lr: 1.25e-04 | Best_PSNR: 30.0808 in Epoch [388]
2022-07-07 02:05:24,532 INFO: Epoch: 417 | PSNR: 30.0762 | Loss: 5.4661 | lr: 1.25e-04 | Best_PSNR: 30.0808 in Epoch [388]
2022-07-07 02:05:48,336 INFO: Epoch: 418 | PSNR: 30.0667 | Loss: 5.5725 | lr: 1.25e-04 | Best_PSNR: 30.0808 in Epoch [388]
2022-07-07 02:06:12,534 INFO: Epoch: 419 | PSNR: 30.0799 | Loss: 5.5285 | lr: 1.25e-04 | Best_PSNR: 30.0808 in Epoch [388]
2022-07-07 02:06:36,445 INFO: Epoch: 420 | PSNR: 30.0757 | Loss: 5.5556 | lr: 1.25e-04 | Best_PSNR: 30.0808 in Epoch [388]
2022-07-07 02:07:00,654 INFO: Epoch: 421 | PSNR: 30.0777 | Loss: 5.5076 | lr: 1.25e-04 | Best_PSNR: 30.0808 in Epoch [388]
2022-07-07 02:07:24,550 INFO: Epoch: 422 | PSNR: 30.0713 | Loss: 5.5568 | lr: 1.25e-04 | Best_PSNR: 30.0808 in Epoch [388]
2022-07-07 02:07:50,063 INFO: Epoch: 423 | PSNR: 30.0811 | Loss: 5.5688 | lr: 1.25e-04 | Best_PSNR: 30.0811 in Epoch [423]
2022-07-07 02:08:20,098 INFO: Epoch: 424 | PSNR: 30.0742 | Loss: 5.5815 | lr: 1.25e-04 | Best_PSNR: 30.0811 in Epoch [423]
2022-07-07 02:08:45,536 INFO: Epoch: 425 | PSNR: 30.0765 | Loss: 5.5209 | lr: 1.25e-04 | Best_PSNR: 30.0811 in Epoch [423]
2022-07-07 02:09:11,572 INFO: Epoch: 426 | PSNR: 30.0768 | Loss: 5.5572 | lr: 1.25e-04 | Best_PSNR: 30.0811 in Epoch [423]
2022-07-07 02:09:36,668 INFO: Epoch: 427 | PSNR: 30.0752 | Loss: 5.5384 | lr: 1.25e-04 | Best_PSNR: 30.0811 in Epoch [423]
2022-07-07 02:10:01,852 INFO: Epoch: 428 | PSNR: 30.0626 | Loss: 5.5349 | lr: 1.25e-04 | Best_PSNR: 30.0811 in Epoch [423]
2022-07-07 02:10:26,930 INFO: Epoch: 429 | PSNR: 30.0727 | Loss: 5.5786 | lr: 1.25e-04 | Best_PSNR: 30.0811 in Epoch [423]
2022-07-07 02:10:52,472 INFO: Epoch: 430 | PSNR: 30.0774 | Loss: 5.5573 | lr: 1.25e-04 | Best_PSNR: 30.0811 in Epoch [423]
2022-07-07 02:11:17,675 INFO: Epoch: 431 | PSNR: 30.0800 | Loss: 5.4908 | lr: 1.25e-04 | Best_PSNR: 30.0811 in Epoch [423]
2022-07-07 02:11:43,079 INFO: Epoch: 432 | PSNR: 30.0779 | Loss: 5.5098 | lr: 1.25e-04 | Best_PSNR: 30.0811 in Epoch [423]
2022-07-07 02:12:08,659 INFO: Epoch: 433 | PSNR: 30.0774 | Loss: 5.5207 | lr: 1.25e-04 | Best_PSNR: 30.0811 in Epoch [423]
2022-07-07 02:12:33,593 INFO: Epoch: 434 | PSNR: 30.0763 | Loss: 5.5180 | lr: 1.25e-04 | Best_PSNR: 30.0811 in Epoch [423]
2022-07-07 02:12:57,352 INFO: Epoch: 435 | PSNR: 30.0778 | Loss: 5.5501 | lr: 1.25e-04 | Best_PSNR: 30.0811 in Epoch [423]
2022-07-07 02:13:21,210 INFO: Epoch: 436 | PSNR: 30.0685 | Loss: 5.5442 | lr: 1.25e-04 | Best_PSNR: 30.0811 in Epoch [423]
2022-07-07 02:13:45,104 INFO: Epoch: 437 | PSNR: 30.0725 | Loss: 5.5106 | lr: 1.25e-04 | Best_PSNR: 30.0811 in Epoch [423]
2022-07-07 02:14:09,220 INFO: Epoch: 438 | PSNR: 30.0811 | Loss: 5.5244 | lr: 1.25e-04 | Best_PSNR: 30.0811 in Epoch [423]
2022-07-07 02:14:32,955 INFO: Epoch: 439 | PSNR: 30.0720 | Loss: 5.5362 | lr: 1.25e-04 | Best_PSNR: 30.0811 in Epoch [423]
2022-07-07 02:14:56,813 INFO: Epoch: 440 | PSNR: 30.0769 | Loss: 5.4925 | lr: 1.25e-04 | Best_PSNR: 30.0811 in Epoch [423]
2022-07-07 02:15:20,760 INFO: Epoch: 441 | PSNR: 30.0783 | Loss: 5.4923 | lr: 1.25e-04 | Best_PSNR: 30.0811 in Epoch [423]
2022-07-07 02:15:44,647 INFO: Epoch: 442 | PSNR: 30.0661 | Loss: 5.5131 | lr: 1.25e-04 | Best_PSNR: 30.0811 in Epoch [423]
2022-07-07 02:16:08,577 INFO: Epoch: 443 | PSNR: 30.0733 | Loss: 5.5789 | lr: 1.25e-04 | Best_PSNR: 30.0811 in Epoch [423]
2022-07-07 02:16:32,446 INFO: Epoch: 444 | PSNR: 30.0693 | Loss: 5.5492 | lr: 1.25e-04 | Best_PSNR: 30.0811 in Epoch [423]
2022-07-07 02:16:56,227 INFO: Epoch: 445 | PSNR: 30.0806 | Loss: 5.5360 | lr: 1.25e-04 | Best_PSNR: 30.0811 in Epoch [423]
2022-07-07 02:17:20,256 INFO: Epoch: 446 | PSNR: 30.0809 | Loss: 5.5381 | lr: 1.25e-04 | Best_PSNR: 30.0811 in Epoch [423]
2022-07-07 02:17:43,909 INFO: Epoch: 447 | PSNR: 30.0781 | Loss: 5.5414 | lr: 1.25e-04 | Best_PSNR: 30.0811 in Epoch [423]
2022-07-07 02:18:07,796 INFO: Epoch: 448 | PSNR: 30.0794 | Loss: 5.5566 | lr: 1.25e-04 | Best_PSNR: 30.0811 in Epoch [423]
2022-07-07 02:18:31,518 INFO: Epoch: 449 | PSNR: 30.0727 | Loss: 5.5034 | lr: 1.25e-04 | Best_PSNR: 30.0811 in Epoch [423]
2022-07-07 02:18:55,294 INFO: Epoch: 450 | PSNR: 30.0791 | Loss: 5.5354 | lr: 1.25e-04 | Best_PSNR: 30.0811 in Epoch [423]
2022-07-07 02:19:18,719 INFO: Epoch: 451 | PSNR: 30.0677 | Loss: 5.5108 | lr: 1.25e-04 | Best_PSNR: 30.0811 in Epoch [423]
2022-07-07 02:19:43,038 INFO: Epoch: 452 | PSNR: 30.0814 | Loss: 5.5653 | lr: 1.25e-04 | Best_PSNR: 30.0814 in Epoch [452]
2022-07-07 02:20:07,546 INFO: Epoch: 453 | PSNR: 30.0817 | Loss: 5.5030 | lr: 1.25e-04 | Best_PSNR: 30.0817 in Epoch [453]
2022-07-07 02:20:31,655 INFO: Epoch: 454 | PSNR: 30.0753 | Loss: 5.4856 | lr: 1.25e-04 | Best_PSNR: 30.0817 in Epoch [453]
2022-07-07 02:20:55,585 INFO: Epoch: 455 | PSNR: 30.0622 | Loss: 5.5754 | lr: 1.25e-04 | Best_PSNR: 30.0817 in Epoch [453]
2022-07-07 02:21:19,399 INFO: Epoch: 456 | PSNR: 30.0783 | Loss: 5.5422 | lr: 1.25e-04 | Best_PSNR: 30.0817 in Epoch [453]
2022-07-07 02:21:43,223 INFO: Epoch: 457 | PSNR: 30.0760 | Loss: 5.5662 | lr: 1.25e-04 | Best_PSNR: 30.0817 in Epoch [453]
2022-07-07 02:22:07,073 INFO: Epoch: 458 | PSNR: 30.0755 | Loss: 5.5605 | lr: 1.25e-04 | Best_PSNR: 30.0817 in Epoch [453]
2022-07-07 02:22:30,998 INFO: Epoch: 459 | PSNR: 30.0694 | Loss: 5.5155 | lr: 1.25e-04 | Best_PSNR: 30.0817 in Epoch [453]
2022-07-07 02:22:54,964 INFO: Epoch: 460 | PSNR: 30.0760 | Loss: 5.5248 | lr: 1.25e-04 | Best_PSNR: 30.0817 in Epoch [453]
2022-07-07 02:23:18,720 INFO: Epoch: 461 | PSNR: 30.0702 | Loss: 5.5018 | lr: 1.25e-04 | Best_PSNR: 30.0817 in Epoch [453]
2022-07-07 02:23:42,517 INFO: Epoch: 462 | PSNR: 30.0799 | Loss: 5.4966 | lr: 1.25e-04 | Best_PSNR: 30.0817 in Epoch [453]
2022-07-07 02:24:06,392 INFO: Epoch: 463 | PSNR: 30.0763 | Loss: 5.5393 | lr: 1.25e-04 | Best_PSNR: 30.0817 in Epoch [453]
2022-07-07 02:24:30,121 INFO: Epoch: 464 | PSNR: 30.0759 | Loss: 5.5307 | lr: 1.25e-04 | Best_PSNR: 30.0817 in Epoch [453]
2022-07-07 02:24:53,990 INFO: Epoch: 465 | PSNR: 30.0776 | Loss: 5.5493 | lr: 1.25e-04 | Best_PSNR: 30.0817 in Epoch [453]
2022-07-07 02:25:18,155 INFO: Epoch: 466 | PSNR: 30.0819 | Loss: 5.5645 | lr: 1.25e-04 | Best_PSNR: 30.0819 in Epoch [466]
2022-07-07 02:25:42,186 INFO: Epoch: 467 | PSNR: 30.0794 | Loss: 5.5370 | lr: 1.25e-04 | Best_PSNR: 30.0819 in Epoch [466]
2022-07-07 02:26:06,282 INFO: Epoch: 468 | PSNR: 30.0743 | Loss: 5.5484 | lr: 1.25e-04 | Best_PSNR: 30.0819 in Epoch [466]
2022-07-07 02:26:30,199 INFO: Epoch: 469 | PSNR: 30.0722 | Loss: 5.5828 | lr: 1.25e-04 | Best_PSNR: 30.0819 in Epoch [466]
2022-07-07 02:26:54,121 INFO: Epoch: 470 | PSNR: 30.0771 | Loss: 5.5383 | lr: 1.25e-04 | Best_PSNR: 30.0819 in Epoch [466]
2022-07-07 02:27:17,988 INFO: Epoch: 471 | PSNR: 30.0730 | Loss: 5.5043 | lr: 1.25e-04 | Best_PSNR: 30.0819 in Epoch [466]
2022-07-07 02:27:41,625 INFO: Epoch: 472 | PSNR: 30.0819 | Loss: 5.5417 | lr: 1.25e-04 | Best_PSNR: 30.0819 in Epoch [466]
2022-07-07 02:28:05,599 INFO: Epoch: 473 | PSNR: 30.0778 | Loss: 5.5205 | lr: 1.25e-04 | Best_PSNR: 30.0819 in Epoch [466]
2022-07-07 02:28:29,300 INFO: Epoch: 474 | PSNR: 30.0777 | Loss: 5.5560 | lr: 1.25e-04 | Best_PSNR: 30.0819 in Epoch [466]
2022-07-07 02:28:53,046 INFO: Epoch: 475 | PSNR: 30.0759 | Loss: 5.5824 | lr: 1.25e-04 | Best_PSNR: 30.0819 in Epoch [466]
2022-07-07 02:29:16,888 INFO: Epoch: 476 | PSNR: 30.0795 | Loss: 5.4543 | lr: 1.25e-04 | Best_PSNR: 30.0819 in Epoch [466]
2022-07-07 02:29:40,579 INFO: Epoch: 477 | PSNR: 30.0756 | Loss: 5.5368 | lr: 1.25e-04 | Best_PSNR: 30.0819 in Epoch [466]
2022-07-07 02:30:04,527 INFO: Epoch: 478 | PSNR: 30.0806 | Loss: 5.5716 | lr: 1.25e-04 | Best_PSNR: 30.0819 in Epoch [466]
2022-07-07 02:30:28,845 INFO: Epoch: 479 | PSNR: 30.0827 | Loss: 5.5310 | lr: 1.25e-04 | Best_PSNR: 30.0827 in Epoch [479]
2022-07-07 02:30:52,817 INFO: Epoch: 480 | PSNR: 30.0663 | Loss: 5.5615 | lr: 1.25e-04 | Best_PSNR: 30.0827 in Epoch [479]
2022-07-07 02:31:16,590 INFO: Epoch: 481 | PSNR: 30.0821 | Loss: 5.4914 | lr: 6.25e-05 | Best_PSNR: 30.0827 in Epoch [479]
2022-07-07 02:31:40,490 INFO: Epoch: 482 | PSNR: 30.0808 | Loss: 5.5335 | lr: 6.25e-05 | Best_PSNR: 30.0827 in Epoch [479]
2022-07-07 02:32:04,525 INFO: Epoch: 483 | PSNR: 30.0808 | Loss: 5.5332 | lr: 6.25e-05 | Best_PSNR: 30.0827 in Epoch [479]
2022-07-07 02:32:28,227 INFO: Epoch: 484 | PSNR: 30.0783 | Loss: 5.5266 | lr: 6.25e-05 | Best_PSNR: 30.0827 in Epoch [479]
2022-07-07 02:32:52,111 INFO: Epoch: 485 | PSNR: 30.0777 | Loss: 5.4952 | lr: 6.25e-05 | Best_PSNR: 30.0827 in Epoch [479]
2022-07-07 02:33:16,173 INFO: Epoch: 486 | PSNR: 30.0836 | Loss: 5.4876 | lr: 6.25e-05 | Best_PSNR: 30.0836 in Epoch [486]
2022-07-07 02:33:38,955 INFO: Epoch: 487 | PSNR: 30.0759 | Loss: 5.5247 | lr: 6.25e-05 | Best_PSNR: 30.0836 in Epoch [486]
2022-07-07 02:34:02,720 INFO: Epoch: 488 | PSNR: 30.0834 | Loss: 5.5527 | lr: 6.25e-05 | Best_PSNR: 30.0836 in Epoch [486]
2022-07-07 02:34:26,679 INFO: Epoch: 489 | PSNR: 30.0823 | Loss: 5.5657 | lr: 6.25e-05 | Best_PSNR: 30.0836 in Epoch [486]
2022-07-07 02:34:50,491 INFO: Epoch: 490 | PSNR: 30.0774 | Loss: 5.4893 | lr: 6.25e-05 | Best_PSNR: 30.0836 in Epoch [486]
2022-07-07 02:35:14,304 INFO: Epoch: 491 | PSNR: 30.0801 | Loss: 5.5240 | lr: 6.25e-05 | Best_PSNR: 30.0836 in Epoch [486]
2022-07-07 02:35:37,941 INFO: Epoch: 492 | PSNR: 30.0817 | Loss: 5.4856 | lr: 6.25e-05 | Best_PSNR: 30.0836 in Epoch [486]
2022-07-07 02:36:01,533 INFO: Epoch: 493 | PSNR: 30.0779 | Loss: 5.5073 | lr: 6.25e-05 | Best_PSNR: 30.0836 in Epoch [486]
2022-07-07 02:36:25,629 INFO: Epoch: 494 | PSNR: 30.0795 | Loss: 5.5814 | lr: 6.25e-05 | Best_PSNR: 30.0836 in Epoch [486]
2022-07-07 02:36:49,602 INFO: Epoch: 495 | PSNR: 30.0833 | Loss: 5.4886 | lr: 6.25e-05 | Best_PSNR: 30.0836 in Epoch [486]
2022-07-07 02:37:13,563 INFO: Epoch: 496 | PSNR: 30.0814 | Loss: 5.5143 | lr: 6.25e-05 | Best_PSNR: 30.0836 in Epoch [486]
2022-07-07 02:37:37,238 INFO: Epoch: 497 | PSNR: 30.0827 | Loss: 5.5554 | lr: 6.25e-05 | Best_PSNR: 30.0836 in Epoch [486]
2022-07-07 02:38:01,093 INFO: Epoch: 498 | PSNR: 30.0767 | Loss: 5.5338 | lr: 6.25e-05 | Best_PSNR: 30.0836 in Epoch [486]
2022-07-07 02:38:25,192 INFO: Epoch: 499 | PSNR: 30.0832 | Loss: 5.5409 | lr: 6.25e-05 | Best_PSNR: 30.0836 in Epoch [486]
2022-07-07 02:38:48,916 INFO: Epoch: 500 | PSNR: 30.0809 | Loss: 5.4895 | lr: 6.25e-05 | Best_PSNR: 30.0836 in Epoch [486]
2022-07-07 02:39:12,557 INFO: Epoch: 501 | PSNR: 30.0814 | Loss: 5.5109 | lr: 6.25e-05 | Best_PSNR: 30.0836 in Epoch [486]
2022-07-07 02:39:36,308 INFO: Epoch: 502 | PSNR: 30.0832 | Loss: 5.5190 | lr: 6.25e-05 | Best_PSNR: 30.0836 in Epoch [486]
2022-07-07 02:40:00,137 INFO: Epoch: 503 | PSNR: 30.0834 | Loss: 5.5089 | lr: 6.25e-05 | Best_PSNR: 30.0836 in Epoch [486]
2022-07-07 02:40:24,635 INFO: Epoch: 504 | PSNR: 30.0862 | Loss: 5.5017 | lr: 6.25e-05 | Best_PSNR: 30.0862 in Epoch [504]
2022-07-07 02:40:48,342 INFO: Epoch: 505 | PSNR: 30.0801 | Loss: 5.5624 | lr: 6.25e-05 | Best_PSNR: 30.0862 in Epoch [504]
2022-07-07 02:41:12,200 INFO: Epoch: 506 | PSNR: 30.0825 | Loss: 5.5004 | lr: 6.25e-05 | Best_PSNR: 30.0862 in Epoch [504]
2022-07-07 02:41:36,055 INFO: Epoch: 507 | PSNR: 30.0831 | Loss: 5.5071 | lr: 6.25e-05 | Best_PSNR: 30.0862 in Epoch [504]
2022-07-07 02:42:00,043 INFO: Epoch: 508 | PSNR: 30.0810 | Loss: 5.5189 | lr: 6.25e-05 | Best_PSNR: 30.0862 in Epoch [504]
2022-07-07 02:42:24,192 INFO: Epoch: 509 | PSNR: 30.0799 | Loss: 5.5248 | lr: 6.25e-05 | Best_PSNR: 30.0862 in Epoch [504]
2022-07-07 02:42:48,058 INFO: Epoch: 510 | PSNR: 30.0846 | Loss: 5.5414 | lr: 6.25e-05 | Best_PSNR: 30.0862 in Epoch [504]
2022-07-07 02:43:12,138 INFO: Epoch: 511 | PSNR: 30.0858 | Loss: 5.4962 | lr: 6.25e-05 | Best_PSNR: 30.0862 in Epoch [504]
2022-07-07 02:43:36,055 INFO: Epoch: 512 | PSNR: 30.0768 | Loss: 5.5794 | lr: 6.25e-05 | Best_PSNR: 30.0862 in Epoch [504]
2022-07-07 02:43:59,882 INFO: Epoch: 513 | PSNR: 30.0808 | Loss: 5.5391 | lr: 6.25e-05 | Best_PSNR: 30.0862 in Epoch [504]
2022-07-07 02:44:24,050 INFO: Epoch: 514 | PSNR: 30.0805 | Loss: 5.4920 | lr: 6.25e-05 | Best_PSNR: 30.0862 in Epoch [504]
2022-07-07 02:44:47,877 INFO: Epoch: 515 | PSNR: 30.0839 | Loss: 5.4969 | lr: 6.25e-05 | Best_PSNR: 30.0862 in Epoch [504]
2022-07-07 02:45:11,755 INFO: Epoch: 516 | PSNR: 30.0794 | Loss: 5.5090 | lr: 6.25e-05 | Best_PSNR: 30.0862 in Epoch [504]
2022-07-07 02:45:35,712 INFO: Epoch: 517 | PSNR: 30.0730 | Loss: 5.5177 | lr: 6.25e-05 | Best_PSNR: 30.0862 in Epoch [504]
2022-07-07 02:45:59,778 INFO: Epoch: 518 | PSNR: 30.0844 | Loss: 5.5129 | lr: 6.25e-05 | Best_PSNR: 30.0862 in Epoch [504]
2022-07-07 02:46:23,728 INFO: Epoch: 519 | PSNR: 30.0797 | Loss: 5.5193 | lr: 6.25e-05 | Best_PSNR: 30.0862 in Epoch [504]
2022-07-07 02:46:47,412 INFO: Epoch: 520 | PSNR: 30.0815 | Loss: 5.5534 | lr: 6.25e-05 | Best_PSNR: 30.0862 in Epoch [504]
2022-07-07 02:47:11,381 INFO: Epoch: 521 | PSNR: 30.0806 | Loss: 5.5305 | lr: 6.25e-05 | Best_PSNR: 30.0862 in Epoch [504]
2022-07-07 02:47:35,160 INFO: Epoch: 522 | PSNR: 30.0834 | Loss: 5.5337 | lr: 6.25e-05 | Best_PSNR: 30.0862 in Epoch [504]
2022-07-07 02:47:59,014 INFO: Epoch: 523 | PSNR: 30.0841 | Loss: 5.5336 | lr: 6.25e-05 | Best_PSNR: 30.0862 in Epoch [504]
2022-07-07 02:48:23,045 INFO: Epoch: 524 | PSNR: 30.0773 | Loss: 5.5710 | lr: 6.25e-05 | Best_PSNR: 30.0862 in Epoch [504]
2022-07-07 02:48:46,915 INFO: Epoch: 525 | PSNR: 30.0813 | Loss: 5.5149 | lr: 6.25e-05 | Best_PSNR: 30.0862 in Epoch [504]
2022-07-07 02:49:10,602 INFO: Epoch: 526 | PSNR: 30.0789 | Loss: 5.5298 | lr: 6.25e-05 | Best_PSNR: 30.0862 in Epoch [504]
2022-07-07 02:49:34,453 INFO: Epoch: 527 | PSNR: 30.0750 | Loss: 5.5386 | lr: 6.25e-05 | Best_PSNR: 30.0862 in Epoch [504]
2022-07-07 02:49:58,307 INFO: Epoch: 528 | PSNR: 30.0832 | Loss: 5.5510 | lr: 6.25e-05 | Best_PSNR: 30.0862 in Epoch [504]
2022-07-07 02:50:22,463 INFO: Epoch: 529 | PSNR: 30.0819 | Loss: 5.5190 | lr: 6.25e-05 | Best_PSNR: 30.0862 in Epoch [504]
2022-07-07 02:50:46,316 INFO: Epoch: 530 | PSNR: 30.0812 | Loss: 5.5071 | lr: 6.25e-05 | Best_PSNR: 30.0862 in Epoch [504]
2022-07-07 02:51:10,181 INFO: Epoch: 531 | PSNR: 30.0855 | Loss: 5.5458 | lr: 6.25e-05 | Best_PSNR: 30.0862 in Epoch [504]
2022-07-07 02:51:34,123 INFO: Epoch: 532 | PSNR: 30.0798 | Loss: 5.5422 | lr: 6.25e-05 | Best_PSNR: 30.0862 in Epoch [504]
2022-07-07 02:51:58,025 INFO: Epoch: 533 | PSNR: 30.0829 | Loss: 5.5314 | lr: 6.25e-05 | Best_PSNR: 30.0862 in Epoch [504]
2022-07-07 02:52:22,198 INFO: Epoch: 534 | PSNR: 30.0751 | Loss: 5.5382 | lr: 6.25e-05 | Best_PSNR: 30.0862 in Epoch [504]
2022-07-07 02:52:46,025 INFO: Epoch: 535 | PSNR: 30.0810 | Loss: 5.5739 | lr: 6.25e-05 | Best_PSNR: 30.0862 in Epoch [504]
2022-07-07 02:53:10,046 INFO: Epoch: 536 | PSNR: 30.0826 | Loss: 5.5228 | lr: 6.25e-05 | Best_PSNR: 30.0862 in Epoch [504]
2022-07-07 02:53:33,956 INFO: Epoch: 537 | PSNR: 30.0841 | Loss: 5.5485 | lr: 6.25e-05 | Best_PSNR: 30.0862 in Epoch [504]
2022-07-07 02:53:57,919 INFO: Epoch: 538 | PSNR: 30.0833 | Loss: 5.5304 | lr: 6.25e-05 | Best_PSNR: 30.0862 in Epoch [504]
2022-07-07 02:54:22,116 INFO: Epoch: 539 | PSNR: 30.0782 | Loss: 5.4971 | lr: 6.25e-05 | Best_PSNR: 30.0862 in Epoch [504]
2022-07-07 02:54:46,090 INFO: Epoch: 540 | PSNR: 30.0768 | Loss: 5.5222 | lr: 6.25e-05 | Best_PSNR: 30.0862 in Epoch [504]
2022-07-07 02:55:09,847 INFO: Epoch: 541 | PSNR: 30.0826 | Loss: 5.5376 | lr: 6.25e-05 | Best_PSNR: 30.0862 in Epoch [504]
2022-07-07 02:55:33,785 INFO: Epoch: 542 | PSNR: 30.0811 | Loss: 5.5674 | lr: 6.25e-05 | Best_PSNR: 30.0862 in Epoch [504]
2022-07-07 02:55:57,548 INFO: Epoch: 543 | PSNR: 30.0805 | Loss: 5.5072 | lr: 6.25e-05 | Best_PSNR: 30.0862 in Epoch [504]
2022-07-07 02:56:21,466 INFO: Epoch: 544 | PSNR: 30.0809 | Loss: 5.5441 | lr: 6.25e-05 | Best_PSNR: 30.0862 in Epoch [504]
2022-07-07 02:56:45,176 INFO: Epoch: 545 | PSNR: 30.0826 | Loss: 5.4728 | lr: 6.25e-05 | Best_PSNR: 30.0862 in Epoch [504]
2022-07-07 02:57:08,904 INFO: Epoch: 546 | PSNR: 30.0832 | Loss: 5.5323 | lr: 6.25e-05 | Best_PSNR: 30.0862 in Epoch [504]
2022-07-07 02:57:32,675 INFO: Epoch: 547 | PSNR: 30.0793 | Loss: 5.5445 | lr: 6.25e-05 | Best_PSNR: 30.0862 in Epoch [504]
2022-07-07 02:57:56,329 INFO: Epoch: 548 | PSNR: 30.0831 | Loss: 5.5246 | lr: 6.25e-05 | Best_PSNR: 30.0862 in Epoch [504]
2022-07-07 02:58:20,339 INFO: Epoch: 549 | PSNR: 30.0789 | Loss: 5.5214 | lr: 6.25e-05 | Best_PSNR: 30.0862 in Epoch [504]
2022-07-07 02:58:44,130 INFO: Epoch: 550 | PSNR: 30.0834 | Loss: 5.5190 | lr: 6.25e-05 | Best_PSNR: 30.0862 in Epoch [504]
2022-07-07 02:59:06,448 INFO: Epoch: 551 | PSNR: 30.0805 | Loss: 5.4784 | lr: 6.25e-05 | Best_PSNR: 30.0862 in Epoch [504]
2022-07-07 02:59:30,247 INFO: Epoch: 552 | PSNR: 30.0842 | Loss: 5.5605 | lr: 6.25e-05 | Best_PSNR: 30.0862 in Epoch [504]
2022-07-07 02:59:54,170 INFO: Epoch: 553 | PSNR: 30.0837 | Loss: 5.5194 | lr: 6.25e-05 | Best_PSNR: 30.0862 in Epoch [504]
2022-07-07 03:00:18,075 INFO: Epoch: 554 | PSNR: 30.0830 | Loss: 5.5348 | lr: 6.25e-05 | Best_PSNR: 30.0862 in Epoch [504]
2022-07-07 03:00:41,969 INFO: Epoch: 555 | PSNR: 30.0711 | Loss: 5.5244 | lr: 6.25e-05 | Best_PSNR: 30.0862 in Epoch [504]
2022-07-07 03:01:05,602 INFO: Epoch: 556 | PSNR: 30.0851 | Loss: 5.5804 | lr: 6.25e-05 | Best_PSNR: 30.0862 in Epoch [504]
2022-07-07 03:01:29,454 INFO: Epoch: 557 | PSNR: 30.0819 | Loss: 5.5005 | lr: 6.25e-05 | Best_PSNR: 30.0862 in Epoch [504]
2022-07-07 03:01:53,082 INFO: Epoch: 558 | PSNR: 30.0796 | Loss: 5.5462 | lr: 6.25e-05 | Best_PSNR: 30.0862 in Epoch [504]
2022-07-07 03:02:17,095 INFO: Epoch: 559 | PSNR: 30.0859 | Loss: 5.5387 | lr: 6.25e-05 | Best_PSNR: 30.0862 in Epoch [504]
2022-07-07 03:02:40,897 INFO: Epoch: 560 | PSNR: 30.0825 | Loss: 5.5524 | lr: 6.25e-05 | Best_PSNR: 30.0862 in Epoch [504]
2022-07-07 03:03:05,274 INFO: Epoch: 561 | PSNR: 30.0863 | Loss: 5.5473 | lr: 6.25e-05 | Best_PSNR: 30.0863 in Epoch [561]
2022-07-07 03:03:29,473 INFO: Epoch: 562 | PSNR: 30.0868 | Loss: 5.5547 | lr: 6.25e-05 | Best_PSNR: 30.0868 in Epoch [562]
2022-07-07 03:03:53,266 INFO: Epoch: 563 | PSNR: 30.0799 | Loss: 5.5091 | lr: 6.25e-05 | Best_PSNR: 30.0868 in Epoch [562]
2022-07-07 03:04:17,118 INFO: Epoch: 564 | PSNR: 30.0789 | Loss: 5.5596 | lr: 6.25e-05 | Best_PSNR: 30.0868 in Epoch [562]
2022-07-07 03:04:40,806 INFO: Epoch: 565 | PSNR: 30.0753 | Loss: 5.5388 | lr: 6.25e-05 | Best_PSNR: 30.0868 in Epoch [562]
2022-07-07 03:05:04,493 INFO: Epoch: 566 | PSNR: 30.0835 | Loss: 5.5447 | lr: 6.25e-05 | Best_PSNR: 30.0868 in Epoch [562]
2022-07-07 03:05:28,254 INFO: Epoch: 567 | PSNR: 30.0776 | Loss: 5.5400 | lr: 6.25e-05 | Best_PSNR: 30.0868 in Epoch [562]
2022-07-07 03:05:52,162 INFO: Epoch: 568 | PSNR: 30.0819 | Loss: 5.5441 | lr: 6.25e-05 | Best_PSNR: 30.0868 in Epoch [562]
2022-07-07 03:06:16,056 INFO: Epoch: 569 | PSNR: 30.0826 | Loss: 5.5040 | lr: 6.25e-05 | Best_PSNR: 30.0868 in Epoch [562]
2022-07-07 03:06:39,618 INFO: Epoch: 570 | PSNR: 30.0860 | Loss: 5.5337 | lr: 6.25e-05 | Best_PSNR: 30.0868 in Epoch [562]
2022-07-07 03:07:03,407 INFO: Epoch: 571 | PSNR: 30.0804 | Loss: 5.5494 | lr: 6.25e-05 | Best_PSNR: 30.0868 in Epoch [562]
2022-07-07 03:07:27,127 INFO: Epoch: 572 | PSNR: 30.0821 | Loss: 5.5326 | lr: 6.25e-05 | Best_PSNR: 30.0868 in Epoch [562]
2022-07-07 03:07:50,785 INFO: Epoch: 573 | PSNR: 30.0847 | Loss: 5.5418 | lr: 6.25e-05 | Best_PSNR: 30.0868 in Epoch [562]
2022-07-07 03:08:14,398 INFO: Epoch: 574 | PSNR: 30.0837 | Loss: 5.5224 | lr: 6.25e-05 | Best_PSNR: 30.0868 in Epoch [562]
2022-07-07 03:08:38,078 INFO: Epoch: 575 | PSNR: 30.0790 | Loss: 5.5876 | lr: 6.25e-05 | Best_PSNR: 30.0868 in Epoch [562]
2022-07-07 03:09:01,828 INFO: Epoch: 576 | PSNR: 30.0799 | Loss: 5.5316 | lr: 6.25e-05 | Best_PSNR: 30.0868 in Epoch [562]
2022-07-07 03:09:26,038 INFO: Epoch: 577 | PSNR: 30.0872 | Loss: 5.5265 | lr: 6.25e-05 | Best_PSNR: 30.0872 in Epoch [577]
2022-07-07 03:09:49,596 INFO: Epoch: 578 | PSNR: 30.0812 | Loss: 5.4888 | lr: 6.25e-05 | Best_PSNR: 30.0872 in Epoch [577]
2022-07-07 03:10:13,317 INFO: Epoch: 579 | PSNR: 30.0840 | Loss: 5.5495 | lr: 6.25e-05 | Best_PSNR: 30.0872 in Epoch [577]
2022-07-07 03:10:37,292 INFO: Epoch: 580 | PSNR: 30.0853 | Loss: 5.5372 | lr: 6.25e-05 | Best_PSNR: 30.0872 in Epoch [577]
2022-07-07 03:11:00,828 INFO: Epoch: 581 | PSNR: 30.0748 | Loss: 5.5247 | lr: 6.25e-05 | Best_PSNR: 30.0872 in Epoch [577]
2022-07-07 03:11:24,436 INFO: Epoch: 582 | PSNR: 30.0789 | Loss: 5.5136 | lr: 6.25e-05 | Best_PSNR: 30.0872 in Epoch [577]
2022-07-07 03:11:48,068 INFO: Epoch: 583 | PSNR: 30.0752 | Loss: 5.5309 | lr: 6.25e-05 | Best_PSNR: 30.0872 in Epoch [577]
2022-07-07 03:12:11,880 INFO: Epoch: 584 | PSNR: 30.0844 | Loss: 5.4948 | lr: 6.25e-05 | Best_PSNR: 30.0872 in Epoch [577]
2022-07-07 03:12:35,796 INFO: Epoch: 585 | PSNR: 30.0821 | Loss: 5.5058 | lr: 6.25e-05 | Best_PSNR: 30.0872 in Epoch [577]
2022-07-07 03:12:59,518 INFO: Epoch: 586 | PSNR: 30.0838 | Loss: 5.5092 | lr: 6.25e-05 | Best_PSNR: 30.0872 in Epoch [577]
2022-07-07 03:13:23,364 INFO: Epoch: 587 | PSNR: 30.0829 | Loss: 5.5488 | lr: 6.25e-05 | Best_PSNR: 30.0872 in Epoch [577]
2022-07-07 03:13:47,111 INFO: Epoch: 588 | PSNR: 30.0780 | Loss: 5.5591 | lr: 6.25e-05 | Best_PSNR: 30.0872 in Epoch [577]
2022-07-07 03:14:11,110 INFO: Epoch: 589 | PSNR: 30.0831 | Loss: 5.5036 | lr: 6.25e-05 | Best_PSNR: 30.0872 in Epoch [577]
2022-07-07 03:14:35,086 INFO: Epoch: 590 | PSNR: 30.0834 | Loss: 5.5153 | lr: 6.25e-05 | Best_PSNR: 30.0872 in Epoch [577]
2022-07-07 03:14:58,877 INFO: Epoch: 591 | PSNR: 30.0832 | Loss: 5.5633 | lr: 6.25e-05 | Best_PSNR: 30.0872 in Epoch [577]
2022-07-07 03:15:22,714 INFO: Epoch: 592 | PSNR: 30.0855 | Loss: 5.5016 | lr: 6.25e-05 | Best_PSNR: 30.0872 in Epoch [577]
2022-07-07 03:15:46,390 INFO: Epoch: 593 | PSNR: 30.0810 | Loss: 5.4951 | lr: 6.25e-05 | Best_PSNR: 30.0872 in Epoch [577]
2022-07-07 03:16:10,277 INFO: Epoch: 594 | PSNR: 30.0842 | Loss: 5.5096 | lr: 6.25e-05 | Best_PSNR: 30.0872 in Epoch [577]
2022-07-07 03:16:34,473 INFO: Epoch: 595 | PSNR: 30.0859 | Loss: 5.5194 | lr: 6.25e-05 | Best_PSNR: 30.0872 in Epoch [577]
2022-07-07 03:16:58,209 INFO: Epoch: 596 | PSNR: 30.0858 | Loss: 5.5007 | lr: 6.25e-05 | Best_PSNR: 30.0872 in Epoch [577]
2022-07-07 03:17:22,012 INFO: Epoch: 597 | PSNR: 30.0827 | Loss: 5.5278 | lr: 6.25e-05 | Best_PSNR: 30.0872 in Epoch [577]
2022-07-07 03:17:45,900 INFO: Epoch: 598 | PSNR: 30.0798 | Loss: 5.5320 | lr: 6.25e-05 | Best_PSNR: 30.0872 in Epoch [577]
2022-07-07 03:18:09,720 INFO: Epoch: 599 | PSNR: 30.0854 | Loss: 5.5195 | lr: 6.25e-05 | Best_PSNR: 30.0872 in Epoch [577]
2022-07-07 03:18:33,655 INFO: Epoch: 600 | PSNR: 30.0835 | Loss: 5.5138 | lr: 6.25e-05 | Best_PSNR: 30.0872 in Epoch [577]
