2022-07-13 05:41:05,862 INFO: Create train dataset successfully!
2022-07-13 05:41:05,862 INFO: Training: [1000] iterations for each epoch
2022-07-13 05:41:05,862 INFO: Create val dataset successfully!
2022-07-13 05:41:05,862 INFO: Validating: [100] iterations for each epoch
2022-07-13 05:41:05,862 INFO: Preparing for experiment: [trial6_qat]
2022-07-13 05:41:05,862 INFO: Loading pretrained model ...
2022-07-13 05:41:09,171 INFO: Start copying weights and annotate Lambda layer...
2022-07-13 05:41:09,235 INFO: Start annotating other parts of model...
2022-07-13 05:41:09,263 INFO: Creating quantize-aware model...
2022-07-13 05:41:10,472 INFO: Create model successfully! Params: [31.56]K
2022-07-13 05:41:10,472 INFO: Model: "model"
2022-07-13 05:41:10,472 INFO: __________________________________________________________________________________________________
2022-07-13 05:41:10,473 INFO: Layer (type)                    Output Shape         Param #     Connected to                     
2022-07-13 05:41:10,473 INFO: ==================================================================================================
2022-07-13 05:41:10,473 INFO: input_1 (InputLayer)            [(None, None, None,  0                                            
2022-07-13 05:41:10,473 INFO: __________________________________________________________________________________________________
2022-07-13 05:41:10,473 INFO: quantize_layer (QuantizeLayer)  (None, None, None, 3 3           input_1[0][0]                    
2022-07-13 05:41:10,473 INFO: __________________________________________________________________________________________________
2022-07-13 05:41:10,473 INFO: quant_conv2d (QuantizeWrapperV2 (None, None, None, 3 963         quantize_layer[1][0]             
2022-07-13 05:41:10,473 INFO: __________________________________________________________________________________________________
2022-07-13 05:41:10,473 INFO: quant_conv2d_1 (QuantizeWrapper (None, None, None, 3 1123        quant_conv2d[0][0]               
2022-07-13 05:41:10,473 INFO: __________________________________________________________________________________________________
2022-07-13 05:41:10,473 INFO: quant_conv2d_2 (QuantizeWrapper (None, None, None, 3 9315        quant_conv2d_1[0][0]             
2022-07-13 05:41:10,473 INFO: __________________________________________________________________________________________________
2022-07-13 05:41:10,474 INFO: quant_conv2d_3 (QuantizeWrapper (None, None, None, 3 1123        quant_conv2d_2[0][0]             
2022-07-13 05:41:10,474 INFO: __________________________________________________________________________________________________
2022-07-13 05:41:10,474 INFO: quant_conv2d_4 (QuantizeWrapper (None, None, None, 3 9315        quant_conv2d_3[0][0]             
2022-07-13 05:41:10,474 INFO: __________________________________________________________________________________________________
2022-07-13 05:41:10,474 INFO: quant_conv2d_5 (QuantizeWrapper (None, None, None, 3 1123        quant_conv2d_4[0][0]             
2022-07-13 05:41:10,474 INFO: __________________________________________________________________________________________________
2022-07-13 05:41:10,474 INFO: quant_concatenate (QuantizeWrap (None, None, None, 3 3           quant_conv2d_5[0][0]             
2022-07-13 05:41:10,474 INFO:                                                                  quantize_layer[1][0]             
2022-07-13 05:41:10,474 INFO: __________________________________________________________________________________________________
2022-07-13 05:41:10,474 INFO: quant_simulation_residual (Quan (None, None, None, 2 8589        quant_concatenate[0][0]          
2022-07-13 05:41:10,474 INFO: __________________________________________________________________________________________________
2022-07-13 05:41:10,474 INFO: quant_lambda (QuantizeWrapperV2 (None, None, None, 3 1           quant_simulation_residual[0][0]  
2022-07-13 05:41:10,474 INFO: ==================================================================================================
2022-07-13 05:41:10,475 INFO: Total params: 31,558
2022-07-13 05:41:10,475 INFO: Trainable params: 31,092
2022-07-13 05:41:10,475 INFO: Non-trainable params: 466
2022-07-13 05:41:10,475 INFO: __________________________________________________________________________________________________
2022-07-13 05:41:10,476 INFO: Start training...
2022-07-13 05:42:04,159 INFO: Epoch: 1 | PSNR: 14.1132 | Loss: 77.2048 | lr: 1.00e-03 | Best_PSNR: 14.1132 in Epoch [1]
2022-07-13 05:42:59,619 INFO: Epoch: 2 | PSNR: 26.1931 | Loss: 16.8034 | lr: 1.00e-03 | Best_PSNR: 26.1931 in Epoch [2]
2022-07-13 05:43:51,917 INFO: Epoch: 3 | PSNR: 27.9540 | Loss: 6.3760 | lr: 1.00e-03 | Best_PSNR: 27.9540 in Epoch [3]
2022-07-13 05:44:44,480 INFO: Epoch: 4 | PSNR: 29.4580 | Loss: 5.8869 | lr: 1.00e-03 | Best_PSNR: 29.4580 in Epoch [4]
2022-07-13 05:45:37,830 INFO: Epoch: 5 | PSNR: 29.6729 | Loss: 5.7193 | lr: 1.00e-03 | Best_PSNR: 29.6729 in Epoch [5]
2022-07-13 05:46:30,726 INFO: Epoch: 6 | PSNR: 29.7971 | Loss: 5.7571 | lr: 1.00e-03 | Best_PSNR: 29.7971 in Epoch [6]
2022-07-13 05:47:21,687 INFO: Epoch: 7 | PSNR: 29.8400 | Loss: 5.7367 | lr: 1.00e-03 | Best_PSNR: 29.8400 in Epoch [7]
2022-07-13 05:48:13,585 INFO: Epoch: 8 | PSNR: 29.8681 | Loss: 5.6766 | lr: 1.00e-03 | Best_PSNR: 29.8681 in Epoch [8]
2022-07-13 05:49:04,331 INFO: Epoch: 9 | PSNR: 29.8887 | Loss: 5.7497 | lr: 1.00e-03 | Best_PSNR: 29.8887 in Epoch [9]
2022-07-13 05:49:55,051 INFO: Epoch: 10 | PSNR: 29.9031 | Loss: 5.6756 | lr: 1.00e-03 | Best_PSNR: 29.9031 in Epoch [10]
2022-07-13 05:50:46,317 INFO: Epoch: 11 | PSNR: 29.9309 | Loss: 5.6898 | lr: 1.00e-03 | Best_PSNR: 29.9309 in Epoch [11]
2022-07-13 05:51:37,540 INFO: Epoch: 12 | PSNR: 29.9459 | Loss: 5.6516 | lr: 1.00e-03 | Best_PSNR: 29.9459 in Epoch [12]
2022-07-13 05:52:28,269 INFO: Epoch: 13 | PSNR: 29.9573 | Loss: 5.6755 | lr: 1.00e-03 | Best_PSNR: 29.9573 in Epoch [13]
2022-07-13 05:53:19,438 INFO: Epoch: 14 | PSNR: 29.9590 | Loss: 5.6620 | lr: 1.00e-03 | Best_PSNR: 29.9590 in Epoch [14]
2022-07-13 05:54:10,399 INFO: Epoch: 15 | PSNR: 29.9733 | Loss: 5.6611 | lr: 1.00e-03 | Best_PSNR: 29.9733 in Epoch [15]
2022-07-13 05:55:02,016 INFO: Epoch: 16 | PSNR: 29.9743 | Loss: 5.6679 | lr: 1.00e-03 | Best_PSNR: 29.9743 in Epoch [16]
2022-07-13 05:55:53,053 INFO: Epoch: 17 | PSNR: 29.9763 | Loss: 5.6847 | lr: 1.00e-03 | Best_PSNR: 29.9763 in Epoch [17]
2022-07-13 05:56:45,206 INFO: Epoch: 18 | PSNR: 29.9801 | Loss: 5.6385 | lr: 1.00e-03 | Best_PSNR: 29.9801 in Epoch [18]
2022-07-13 05:57:36,740 INFO: Epoch: 19 | PSNR: 29.9842 | Loss: 5.6408 | lr: 1.00e-03 | Best_PSNR: 29.9842 in Epoch [19]
2022-07-13 05:58:27,544 INFO: Epoch: 20 | PSNR: 29.9896 | Loss: 5.6497 | lr: 1.00e-03 | Best_PSNR: 29.9896 in Epoch [20]
2022-07-13 05:59:18,709 INFO: Epoch: 21 | PSNR: 29.9904 | Loss: 5.6704 | lr: 1.00e-03 | Best_PSNR: 29.9904 in Epoch [21]
2022-07-13 06:00:10,647 INFO: Epoch: 22 | PSNR: 29.9920 | Loss: 5.6498 | lr: 1.00e-03 | Best_PSNR: 29.9920 in Epoch [22]
2022-07-13 06:01:02,270 INFO: Epoch: 23 | PSNR: 29.9958 | Loss: 5.6859 | lr: 1.00e-03 | Best_PSNR: 29.9958 in Epoch [23]
2022-07-13 06:01:54,285 INFO: Epoch: 24 | PSNR: 29.9976 | Loss: 5.6502 | lr: 1.00e-03 | Best_PSNR: 29.9976 in Epoch [24]
2022-07-13 06:02:48,074 INFO: Epoch: 25 | PSNR: 29.9998 | Loss: 5.6361 | lr: 1.00e-03 | Best_PSNR: 29.9998 in Epoch [25]
2022-07-13 06:03:40,313 INFO: Epoch: 26 | PSNR: 30.0010 | Loss: 5.6093 | lr: 1.00e-03 | Best_PSNR: 30.0010 in Epoch [26]
2022-07-13 06:04:32,342 INFO: Epoch: 27 | PSNR: 30.0019 | Loss: 5.6407 | lr: 1.00e-03 | Best_PSNR: 30.0019 in Epoch [27]
2022-07-13 06:05:24,243 INFO: Epoch: 28 | PSNR: 30.0033 | Loss: 5.6196 | lr: 1.00e-03 | Best_PSNR: 30.0033 in Epoch [28]
2022-07-13 06:06:16,476 INFO: Epoch: 29 | PSNR: 30.0065 | Loss: 5.6318 | lr: 1.00e-03 | Best_PSNR: 30.0065 in Epoch [29]
2022-07-13 06:07:08,583 INFO: Epoch: 30 | PSNR: 30.0039 | Loss: 5.6366 | lr: 1.00e-03 | Best_PSNR: 30.0065 in Epoch [29]
2022-07-13 06:08:00,501 INFO: Epoch: 31 | PSNR: 30.0081 | Loss: 5.6191 | lr: 1.00e-03 | Best_PSNR: 30.0081 in Epoch [31]
2022-07-13 06:08:51,667 INFO: Epoch: 32 | PSNR: 30.0061 | Loss: 5.6542 | lr: 1.00e-03 | Best_PSNR: 30.0081 in Epoch [31]
2022-07-13 06:09:43,895 INFO: Epoch: 33 | PSNR: 30.0122 | Loss: 5.6091 | lr: 1.00e-03 | Best_PSNR: 30.0122 in Epoch [33]
2022-07-13 06:10:37,087 INFO: Epoch: 34 | PSNR: 30.0128 | Loss: 5.6722 | lr: 1.00e-03 | Best_PSNR: 30.0128 in Epoch [34]
2022-07-13 06:11:30,402 INFO: Epoch: 35 | PSNR: 30.0099 | Loss: 5.6098 | lr: 1.00e-03 | Best_PSNR: 30.0128 in Epoch [34]
2022-07-13 06:12:23,377 INFO: Epoch: 36 | PSNR: 30.0110 | Loss: 5.6248 | lr: 1.00e-03 | Best_PSNR: 30.0128 in Epoch [34]
2022-07-13 06:13:16,374 INFO: Epoch: 37 | PSNR: 30.0104 | Loss: 5.6233 | lr: 1.00e-03 | Best_PSNR: 30.0128 in Epoch [34]
2022-07-13 06:14:10,103 INFO: Epoch: 38 | PSNR: 30.0111 | Loss: 5.6611 | lr: 1.00e-03 | Best_PSNR: 30.0128 in Epoch [34]
2022-07-13 06:15:02,386 INFO: Epoch: 39 | PSNR: 30.0110 | Loss: 5.6268 | lr: 1.00e-03 | Best_PSNR: 30.0128 in Epoch [34]
2022-07-13 06:15:56,231 INFO: Epoch: 40 | PSNR: 30.0149 | Loss: 5.6640 | lr: 1.00e-03 | Best_PSNR: 30.0149 in Epoch [40]
2022-07-13 06:16:48,003 INFO: Epoch: 41 | PSNR: 30.0161 | Loss: 5.6446 | lr: 1.00e-03 | Best_PSNR: 30.0161 in Epoch [41]
2022-07-13 06:17:39,574 INFO: Epoch: 42 | PSNR: 30.0119 | Loss: 5.6071 | lr: 1.00e-03 | Best_PSNR: 30.0161 in Epoch [41]
2022-07-13 06:18:30,793 INFO: Epoch: 43 | PSNR: 30.0104 | Loss: 5.6289 | lr: 1.00e-03 | Best_PSNR: 30.0161 in Epoch [41]
2022-07-13 06:19:22,240 INFO: Epoch: 44 | PSNR: 30.0148 | Loss: 5.6402 | lr: 1.00e-03 | Best_PSNR: 30.0161 in Epoch [41]
2022-07-13 06:20:13,060 INFO: Epoch: 45 | PSNR: 30.0145 | Loss: 5.6329 | lr: 1.00e-03 | Best_PSNR: 30.0161 in Epoch [41]
2022-07-13 06:21:05,697 INFO: Epoch: 46 | PSNR: 30.0118 | Loss: 5.6424 | lr: 1.00e-03 | Best_PSNR: 30.0161 in Epoch [41]
2022-07-13 06:21:58,153 INFO: Epoch: 47 | PSNR: 30.0187 | Loss: 5.6169 | lr: 1.00e-03 | Best_PSNR: 30.0187 in Epoch [47]
2022-07-13 06:22:51,458 INFO: Epoch: 48 | PSNR: 30.0189 | Loss: 5.6220 | lr: 1.00e-03 | Best_PSNR: 30.0189 in Epoch [48]
2022-07-13 06:23:45,672 INFO: Epoch: 49 | PSNR: 30.0159 | Loss: 5.5949 | lr: 1.00e-03 | Best_PSNR: 30.0189 in Epoch [48]
2022-07-13 06:24:39,235 INFO: Epoch: 50 | PSNR: 30.0175 | Loss: 5.6040 | lr: 1.00e-03 | Best_PSNR: 30.0189 in Epoch [48]
2022-07-13 06:25:31,318 INFO: Epoch: 51 | PSNR: 30.0183 | Loss: 5.5922 | lr: 5.00e-04 | Best_PSNR: 30.0189 in Epoch [48]
2022-07-13 06:26:23,134 INFO: Epoch: 52 | PSNR: 30.0187 | Loss: 5.6088 | lr: 5.00e-04 | Best_PSNR: 30.0189 in Epoch [48]
2022-07-13 06:27:16,984 INFO: Epoch: 53 | PSNR: 30.0242 | Loss: 5.6323 | lr: 5.00e-04 | Best_PSNR: 30.0242 in Epoch [53]
2022-07-13 06:28:10,046 INFO: Epoch: 54 | PSNR: 30.0258 | Loss: 5.6011 | lr: 5.00e-04 | Best_PSNR: 30.0258 in Epoch [54]
2022-07-13 06:29:03,010 INFO: Epoch: 55 | PSNR: 30.0290 | Loss: 5.6071 | lr: 5.00e-04 | Best_PSNR: 30.0290 in Epoch [55]
2022-07-13 06:29:56,055 INFO: Epoch: 56 | PSNR: 30.0272 | Loss: 5.6230 | lr: 5.00e-04 | Best_PSNR: 30.0290 in Epoch [55]
2022-07-13 06:30:47,921 INFO: Epoch: 57 | PSNR: 30.0175 | Loss: 5.5931 | lr: 5.00e-04 | Best_PSNR: 30.0290 in Epoch [55]
2022-07-13 06:31:39,434 INFO: Epoch: 58 | PSNR: 30.0186 | Loss: 5.5605 | lr: 5.00e-04 | Best_PSNR: 30.0290 in Epoch [55]
2022-07-13 06:32:37,185 INFO: Epoch: 59 | PSNR: 30.0236 | Loss: 5.6311 | lr: 5.00e-04 | Best_PSNR: 30.0290 in Epoch [55]
2022-07-13 06:33:28,721 INFO: Epoch: 60 | PSNR: 30.0252 | Loss: 5.6339 | lr: 5.00e-04 | Best_PSNR: 30.0290 in Epoch [55]
2022-07-13 06:34:20,678 INFO: Epoch: 61 | PSNR: 30.0240 | Loss: 5.6012 | lr: 5.00e-04 | Best_PSNR: 30.0290 in Epoch [55]
2022-07-13 06:35:12,774 INFO: Epoch: 62 | PSNR: 30.0263 | Loss: 5.5755 | lr: 5.00e-04 | Best_PSNR: 30.0290 in Epoch [55]
2022-07-13 06:36:04,943 INFO: Epoch: 63 | PSNR: 30.0290 | Loss: 5.5965 | lr: 5.00e-04 | Best_PSNR: 30.0290 in Epoch [55]
2022-07-13 06:36:59,187 INFO: Epoch: 64 | PSNR: 30.0315 | Loss: 5.5952 | lr: 5.00e-04 | Best_PSNR: 30.0315 in Epoch [64]
2022-07-13 06:37:53,596 INFO: Epoch: 65 | PSNR: 30.0310 | Loss: 5.5735 | lr: 5.00e-04 | Best_PSNR: 30.0315 in Epoch [64]
2022-07-13 06:38:45,874 INFO: Epoch: 66 | PSNR: 30.0260 | Loss: 5.6423 | lr: 5.00e-04 | Best_PSNR: 30.0315 in Epoch [64]
2022-07-13 06:39:38,599 INFO: Epoch: 67 | PSNR: 30.0294 | Loss: 5.6184 | lr: 5.00e-04 | Best_PSNR: 30.0315 in Epoch [64]
2022-07-13 06:40:32,295 INFO: Epoch: 68 | PSNR: 30.0330 | Loss: 5.5936 | lr: 5.00e-04 | Best_PSNR: 30.0330 in Epoch [68]
2022-07-13 06:41:23,690 INFO: Epoch: 69 | PSNR: 30.0233 | Loss: 5.6676 | lr: 5.00e-04 | Best_PSNR: 30.0330 in Epoch [68]
2022-07-13 06:42:16,230 INFO: Epoch: 70 | PSNR: 30.0264 | Loss: 5.6304 | lr: 5.00e-04 | Best_PSNR: 30.0330 in Epoch [68]
2022-07-13 06:43:07,934 INFO: Epoch: 71 | PSNR: 30.0292 | Loss: 5.6265 | lr: 5.00e-04 | Best_PSNR: 30.0330 in Epoch [68]
2022-07-13 06:43:59,533 INFO: Epoch: 72 | PSNR: 30.0272 | Loss: 5.6198 | lr: 5.00e-04 | Best_PSNR: 30.0330 in Epoch [68]
2022-07-13 06:44:53,032 INFO: Epoch: 73 | PSNR: 30.0297 | Loss: 5.5946 | lr: 5.00e-04 | Best_PSNR: 30.0330 in Epoch [68]
2022-07-13 06:45:45,688 INFO: Epoch: 74 | PSNR: 30.0290 | Loss: 5.6013 | lr: 5.00e-04 | Best_PSNR: 30.0330 in Epoch [68]
2022-07-13 06:46:38,378 INFO: Epoch: 75 | PSNR: 30.0335 | Loss: 5.6307 | lr: 5.00e-04 | Best_PSNR: 30.0335 in Epoch [75]
2022-07-13 06:47:27,756 INFO: Epoch: 76 | PSNR: 30.0284 | Loss: 5.6139 | lr: 5.00e-04 | Best_PSNR: 30.0335 in Epoch [75]
2022-07-13 06:48:14,609 INFO: Epoch: 77 | PSNR: 30.0292 | Loss: 5.5906 | lr: 5.00e-04 | Best_PSNR: 30.0335 in Epoch [75]
2022-07-13 06:49:06,931 INFO: Epoch: 78 | PSNR: 30.0287 | Loss: 5.6303 | lr: 5.00e-04 | Best_PSNR: 30.0335 in Epoch [75]
2022-07-13 06:49:59,923 INFO: Epoch: 79 | PSNR: 30.0249 | Loss: 5.5813 | lr: 5.00e-04 | Best_PSNR: 30.0335 in Epoch [75]
2022-07-13 06:50:50,959 INFO: Epoch: 80 | PSNR: 30.0308 | Loss: 5.6243 | lr: 5.00e-04 | Best_PSNR: 30.0335 in Epoch [75]
2022-07-13 06:51:42,952 INFO: Epoch: 81 | PSNR: 30.0327 | Loss: 5.6288 | lr: 5.00e-04 | Best_PSNR: 30.0335 in Epoch [75]
2022-07-13 06:52:36,286 INFO: Epoch: 82 | PSNR: 30.0351 | Loss: 5.5594 | lr: 5.00e-04 | Best_PSNR: 30.0351 in Epoch [82]
2022-07-13 06:53:27,643 INFO: Epoch: 83 | PSNR: 30.0308 | Loss: 5.6404 | lr: 5.00e-04 | Best_PSNR: 30.0351 in Epoch [82]
2022-07-13 06:54:17,981 INFO: Epoch: 84 | PSNR: 30.0301 | Loss: 5.5546 | lr: 5.00e-04 | Best_PSNR: 30.0351 in Epoch [82]
2022-07-13 06:55:09,282 INFO: Epoch: 85 | PSNR: 30.0301 | Loss: 5.5671 | lr: 5.00e-04 | Best_PSNR: 30.0351 in Epoch [82]
2022-07-13 06:56:00,583 INFO: Epoch: 86 | PSNR: 30.0339 | Loss: 5.5699 | lr: 5.00e-04 | Best_PSNR: 30.0351 in Epoch [82]
2022-07-13 06:56:51,831 INFO: Epoch: 87 | PSNR: 30.0301 | Loss: 5.6166 | lr: 5.00e-04 | Best_PSNR: 30.0351 in Epoch [82]
2022-07-13 06:57:44,001 INFO: Epoch: 88 | PSNR: 30.0361 | Loss: 5.6041 | lr: 5.00e-04 | Best_PSNR: 30.0361 in Epoch [88]
2022-07-13 06:58:34,506 INFO: Epoch: 89 | PSNR: 30.0305 | Loss: 5.5638 | lr: 5.00e-04 | Best_PSNR: 30.0361 in Epoch [88]
2022-07-13 06:59:25,031 INFO: Epoch: 90 | PSNR: 30.0306 | Loss: 5.6388 | lr: 5.00e-04 | Best_PSNR: 30.0361 in Epoch [88]
2022-07-13 07:00:15,677 INFO: Epoch: 91 | PSNR: 30.0260 | Loss: 5.6153 | lr: 5.00e-04 | Best_PSNR: 30.0361 in Epoch [88]
2022-07-13 07:01:05,495 INFO: Epoch: 92 | PSNR: 30.0270 | Loss: 5.6285 | lr: 5.00e-04 | Best_PSNR: 30.0361 in Epoch [88]
2022-07-13 07:01:57,197 INFO: Epoch: 93 | PSNR: 30.0289 | Loss: 5.6485 | lr: 5.00e-04 | Best_PSNR: 30.0361 in Epoch [88]
2022-07-13 07:02:45,711 INFO: Epoch: 94 | PSNR: 30.0309 | Loss: 5.6230 | lr: 5.00e-04 | Best_PSNR: 30.0361 in Epoch [88]
2022-07-13 07:03:35,966 INFO: Epoch: 95 | PSNR: 30.0240 | Loss: 5.6443 | lr: 5.00e-04 | Best_PSNR: 30.0361 in Epoch [88]
2022-07-13 07:04:26,402 INFO: Epoch: 96 | PSNR: 30.0308 | Loss: 5.5624 | lr: 5.00e-04 | Best_PSNR: 30.0361 in Epoch [88]
2022-07-13 07:05:15,824 INFO: Epoch: 97 | PSNR: 30.0336 | Loss: 5.5789 | lr: 5.00e-04 | Best_PSNR: 30.0361 in Epoch [88]
2022-07-13 07:06:08,675 INFO: Epoch: 98 | PSNR: 30.0265 | Loss: 5.6076 | lr: 5.00e-04 | Best_PSNR: 30.0361 in Epoch [88]
2022-07-13 07:07:00,584 INFO: Epoch: 99 | PSNR: 30.0349 | Loss: 5.5860 | lr: 5.00e-04 | Best_PSNR: 30.0361 in Epoch [88]
2022-07-13 07:07:51,556 INFO: Epoch: 100 | PSNR: 30.0338 | Loss: 5.5754 | lr: 5.00e-04 | Best_PSNR: 30.0361 in Epoch [88]
2022-07-13 07:08:43,096 INFO: Epoch: 101 | PSNR: 30.0365 | Loss: 5.6252 | lr: 2.50e-04 | Best_PSNR: 30.0365 in Epoch [101]
2022-07-13 07:09:32,608 INFO: Epoch: 102 | PSNR: 30.0311 | Loss: 5.5871 | lr: 2.50e-04 | Best_PSNR: 30.0365 in Epoch [101]
2022-07-13 07:10:22,633 INFO: Epoch: 103 | PSNR: 30.0326 | Loss: 5.6019 | lr: 2.50e-04 | Best_PSNR: 30.0365 in Epoch [101]
2022-07-13 07:11:14,533 INFO: Epoch: 104 | PSNR: 30.0350 | Loss: 5.6386 | lr: 2.50e-04 | Best_PSNR: 30.0365 in Epoch [101]
2022-07-13 07:12:06,722 INFO: Epoch: 105 | PSNR: 30.0347 | Loss: 5.5629 | lr: 2.50e-04 | Best_PSNR: 30.0365 in Epoch [101]
2022-07-13 07:13:00,601 INFO: Epoch: 106 | PSNR: 30.0334 | Loss: 5.5833 | lr: 2.50e-04 | Best_PSNR: 30.0365 in Epoch [101]
2022-07-13 07:13:55,071 INFO: Epoch: 107 | PSNR: 30.0332 | Loss: 5.5433 | lr: 2.50e-04 | Best_PSNR: 30.0365 in Epoch [101]
2022-07-13 07:14:47,469 INFO: Epoch: 108 | PSNR: 30.0292 | Loss: 5.5854 | lr: 2.50e-04 | Best_PSNR: 30.0365 in Epoch [101]
2022-07-13 07:15:38,299 INFO: Epoch: 109 | PSNR: 30.0320 | Loss: 5.6047 | lr: 2.50e-04 | Best_PSNR: 30.0365 in Epoch [101]
2022-07-13 07:16:31,813 INFO: Epoch: 110 | PSNR: 30.0325 | Loss: 5.5954 | lr: 2.50e-04 | Best_PSNR: 30.0365 in Epoch [101]
2022-07-13 07:17:25,036 INFO: Epoch: 111 | PSNR: 30.0350 | Loss: 5.5787 | lr: 2.50e-04 | Best_PSNR: 30.0365 in Epoch [101]
2022-07-13 07:18:17,061 INFO: Epoch: 112 | PSNR: 30.0350 | Loss: 5.5866 | lr: 2.50e-04 | Best_PSNR: 30.0365 in Epoch [101]
2022-07-13 07:19:09,104 INFO: Epoch: 113 | PSNR: 30.0326 | Loss: 5.5980 | lr: 2.50e-04 | Best_PSNR: 30.0365 in Epoch [101]
2022-07-13 07:20:02,147 INFO: Epoch: 114 | PSNR: 30.0352 | Loss: 5.5845 | lr: 2.50e-04 | Best_PSNR: 30.0365 in Epoch [101]
2022-07-13 07:20:53,623 INFO: Epoch: 115 | PSNR: 30.0349 | Loss: 5.6433 | lr: 2.50e-04 | Best_PSNR: 30.0365 in Epoch [101]
2022-07-13 07:21:45,206 INFO: Epoch: 116 | PSNR: 30.0320 | Loss: 5.6303 | lr: 2.50e-04 | Best_PSNR: 30.0365 in Epoch [101]
2022-07-13 07:22:38,593 INFO: Epoch: 117 | PSNR: 30.0323 | Loss: 5.6345 | lr: 2.50e-04 | Best_PSNR: 30.0365 in Epoch [101]
2022-07-13 07:23:30,354 INFO: Epoch: 118 | PSNR: 30.0374 | Loss: 5.5900 | lr: 2.50e-04 | Best_PSNR: 30.0374 in Epoch [118]
2022-07-13 07:24:20,979 INFO: Epoch: 119 | PSNR: 30.0358 | Loss: 5.5779 | lr: 2.50e-04 | Best_PSNR: 30.0374 in Epoch [118]
2022-07-13 07:26:37,700 INFO: Epoch: 120 | PSNR: 30.0350 | Loss: 5.6026 | lr: 2.50e-04 | Best_PSNR: 30.0374 in Epoch [118]
2022-07-13 07:28:35,050 INFO: Epoch: 121 | PSNR: 30.0343 | Loss: 5.5677 | lr: 2.50e-04 | Best_PSNR: 30.0374 in Epoch [118]
2022-07-13 07:30:38,306 INFO: Epoch: 122 | PSNR: 30.0397 | Loss: 5.6035 | lr: 2.50e-04 | Best_PSNR: 30.0397 in Epoch [122]
2022-07-13 07:31:43,685 INFO: Epoch: 123 | PSNR: 30.0352 | Loss: 5.5913 | lr: 2.50e-04 | Best_PSNR: 30.0397 in Epoch [122]
2022-07-13 07:32:34,307 INFO: Epoch: 124 | PSNR: 30.0336 | Loss: 5.5988 | lr: 2.50e-04 | Best_PSNR: 30.0397 in Epoch [122]
2022-07-13 07:33:24,436 INFO: Epoch: 125 | PSNR: 30.0320 | Loss: 5.5417 | lr: 2.50e-04 | Best_PSNR: 30.0397 in Epoch [122]
2022-07-13 07:34:15,393 INFO: Epoch: 126 | PSNR: 30.0330 | Loss: 5.6196 | lr: 2.50e-04 | Best_PSNR: 30.0397 in Epoch [122]
2022-07-13 07:35:05,753 INFO: Epoch: 127 | PSNR: 30.0395 | Loss: 5.6022 | lr: 2.50e-04 | Best_PSNR: 30.0397 in Epoch [122]
2022-07-13 07:35:56,890 INFO: Epoch: 128 | PSNR: 30.0397 | Loss: 5.5732 | lr: 2.50e-04 | Best_PSNR: 30.0397 in Epoch [122]
2022-07-13 07:36:48,901 INFO: Epoch: 129 | PSNR: 30.0383 | Loss: 5.5431 | lr: 2.50e-04 | Best_PSNR: 30.0397 in Epoch [122]
2022-07-13 07:37:41,979 INFO: Epoch: 130 | PSNR: 30.0399 | Loss: 5.5887 | lr: 2.50e-04 | Best_PSNR: 30.0399 in Epoch [130]
2022-07-13 07:38:34,395 INFO: Epoch: 131 | PSNR: 30.0397 | Loss: 5.6329 | lr: 2.50e-04 | Best_PSNR: 30.0399 in Epoch [130]
2022-07-13 07:39:26,809 INFO: Epoch: 132 | PSNR: 30.0396 | Loss: 5.6063 | lr: 2.50e-04 | Best_PSNR: 30.0399 in Epoch [130]
2022-07-13 07:40:20,523 INFO: Epoch: 133 | PSNR: 30.0381 | Loss: 5.5542 | lr: 2.50e-04 | Best_PSNR: 30.0399 in Epoch [130]
2022-07-13 07:41:12,146 INFO: Epoch: 134 | PSNR: 30.0369 | Loss: 5.6146 | lr: 2.50e-04 | Best_PSNR: 30.0399 in Epoch [130]
2022-07-13 07:42:08,403 INFO: Epoch: 135 | PSNR: 30.0357 | Loss: 5.6103 | lr: 2.50e-04 | Best_PSNR: 30.0399 in Epoch [130]
2022-07-13 07:44:20,979 INFO: Epoch: 136 | PSNR: 30.0337 | Loss: 5.5907 | lr: 2.50e-04 | Best_PSNR: 30.0399 in Epoch [130]
2022-07-13 07:45:46,319 INFO: Epoch: 137 | PSNR: 30.0338 | Loss: 5.6213 | lr: 2.50e-04 | Best_PSNR: 30.0399 in Epoch [130]
2022-07-13 07:46:38,863 INFO: Epoch: 138 | PSNR: 30.0350 | Loss: 5.5831 | lr: 2.50e-04 | Best_PSNR: 30.0399 in Epoch [130]
2022-07-13 07:47:32,021 INFO: Epoch: 139 | PSNR: 30.0355 | Loss: 5.6329 | lr: 2.50e-04 | Best_PSNR: 30.0399 in Epoch [130]
2022-07-13 07:48:23,985 INFO: Epoch: 140 | PSNR: 30.0387 | Loss: 5.6384 | lr: 2.50e-04 | Best_PSNR: 30.0399 in Epoch [130]
2022-07-13 07:49:15,479 INFO: Epoch: 141 | PSNR: 30.0371 | Loss: 5.5734 | lr: 2.50e-04 | Best_PSNR: 30.0399 in Epoch [130]
2022-07-13 07:50:04,366 INFO: Epoch: 142 | PSNR: 30.0378 | Loss: 5.6024 | lr: 2.50e-04 | Best_PSNR: 30.0399 in Epoch [130]
2022-07-13 07:50:53,141 INFO: Epoch: 143 | PSNR: 30.0308 | Loss: 5.6134 | lr: 2.50e-04 | Best_PSNR: 30.0399 in Epoch [130]
2022-07-13 07:51:41,892 INFO: Epoch: 144 | PSNR: 30.0400 | Loss: 5.5990 | lr: 2.50e-04 | Best_PSNR: 30.0400 in Epoch [144]
2022-07-13 07:52:32,653 INFO: Epoch: 145 | PSNR: 30.0365 | Loss: 5.6678 | lr: 2.50e-04 | Best_PSNR: 30.0400 in Epoch [144]
2022-07-13 07:53:24,597 INFO: Epoch: 146 | PSNR: 30.0358 | Loss: 5.5885 | lr: 2.50e-04 | Best_PSNR: 30.0400 in Epoch [144]
2022-07-13 07:54:15,766 INFO: Epoch: 147 | PSNR: 30.0378 | Loss: 5.5746 | lr: 2.50e-04 | Best_PSNR: 30.0400 in Epoch [144]
2022-07-13 07:55:07,551 INFO: Epoch: 148 | PSNR: 30.0391 | Loss: 5.5656 | lr: 2.50e-04 | Best_PSNR: 30.0400 in Epoch [144]
2022-07-13 07:55:59,971 INFO: Epoch: 149 | PSNR: 30.0388 | Loss: 5.5667 | lr: 2.50e-04 | Best_PSNR: 30.0400 in Epoch [144]
2022-07-13 07:56:58,446 INFO: Epoch: 150 | PSNR: 30.0389 | Loss: 5.6112 | lr: 2.50e-04 | Best_PSNR: 30.0400 in Epoch [144]
2022-07-13 07:57:48,251 INFO: Epoch: 151 | PSNR: 30.0367 | Loss: 5.6329 | lr: 1.25e-04 | Best_PSNR: 30.0400 in Epoch [144]
2022-07-13 07:58:40,883 INFO: Epoch: 152 | PSNR: 30.0381 | Loss: 5.6113 | lr: 1.25e-04 | Best_PSNR: 30.0400 in Epoch [144]
2022-07-13 07:59:32,746 INFO: Epoch: 153 | PSNR: 30.0385 | Loss: 5.5839 | lr: 1.25e-04 | Best_PSNR: 30.0400 in Epoch [144]
2022-07-13 08:00:23,370 INFO: Epoch: 154 | PSNR: 30.0363 | Loss: 5.5771 | lr: 1.25e-04 | Best_PSNR: 30.0400 in Epoch [144]
2022-07-13 08:01:16,234 INFO: Epoch: 155 | PSNR: 30.0354 | Loss: 5.5652 | lr: 1.25e-04 | Best_PSNR: 30.0400 in Epoch [144]
2022-07-13 08:02:07,254 INFO: Epoch: 156 | PSNR: 30.0383 | Loss: 5.5656 | lr: 1.25e-04 | Best_PSNR: 30.0400 in Epoch [144]
2022-07-13 08:03:00,311 INFO: Epoch: 157 | PSNR: 30.0372 | Loss: 5.5596 | lr: 1.25e-04 | Best_PSNR: 30.0400 in Epoch [144]
2022-07-13 08:03:53,132 INFO: Epoch: 158 | PSNR: 30.0378 | Loss: 5.6055 | lr: 1.25e-04 | Best_PSNR: 30.0400 in Epoch [144]
2022-07-13 08:04:45,618 INFO: Epoch: 159 | PSNR: 30.0389 | Loss: 5.6069 | lr: 1.25e-04 | Best_PSNR: 30.0400 in Epoch [144]
2022-07-13 08:05:40,436 INFO: Epoch: 160 | PSNR: 30.0401 | Loss: 5.6219 | lr: 1.25e-04 | Best_PSNR: 30.0401 in Epoch [160]
2022-07-13 08:06:31,750 INFO: Epoch: 161 | PSNR: 30.0361 | Loss: 5.5733 | lr: 1.25e-04 | Best_PSNR: 30.0401 in Epoch [160]
2022-07-13 08:07:37,875 INFO: Epoch: 162 | PSNR: 30.0377 | Loss: 5.5709 | lr: 1.25e-04 | Best_PSNR: 30.0401 in Epoch [160]
2022-07-13 08:09:29,378 INFO: Epoch: 163 | PSNR: 30.0382 | Loss: 5.5956 | lr: 1.25e-04 | Best_PSNR: 30.0401 in Epoch [160]
2022-07-13 08:11:15,471 INFO: Epoch: 164 | PSNR: 30.0420 | Loss: 5.5650 | lr: 1.25e-04 | Best_PSNR: 30.0420 in Epoch [164]
2022-07-13 08:13:05,130 INFO: Epoch: 165 | PSNR: 30.0343 | Loss: 5.5916 | lr: 1.25e-04 | Best_PSNR: 30.0420 in Epoch [164]
2022-07-13 08:14:57,857 INFO: Epoch: 166 | PSNR: 30.0390 | Loss: 5.6281 | lr: 1.25e-04 | Best_PSNR: 30.0420 in Epoch [164]
2022-07-13 08:15:51,556 INFO: Epoch: 167 | PSNR: 30.0376 | Loss: 5.5807 | lr: 1.25e-04 | Best_PSNR: 30.0420 in Epoch [164]
2022-07-13 08:16:42,938 INFO: Epoch: 168 | PSNR: 30.0367 | Loss: 5.5411 | lr: 1.25e-04 | Best_PSNR: 30.0420 in Epoch [164]
2022-07-13 08:17:34,018 INFO: Epoch: 169 | PSNR: 30.0405 | Loss: 5.6113 | lr: 1.25e-04 | Best_PSNR: 30.0420 in Epoch [164]
2022-07-13 08:18:25,659 INFO: Epoch: 170 | PSNR: 30.0348 | Loss: 5.5825 | lr: 1.25e-04 | Best_PSNR: 30.0420 in Epoch [164]
2022-07-13 08:19:18,130 INFO: Epoch: 171 | PSNR: 30.0370 | Loss: 5.5788 | lr: 1.25e-04 | Best_PSNR: 30.0420 in Epoch [164]
2022-07-13 08:20:09,631 INFO: Epoch: 172 | PSNR: 30.0368 | Loss: 5.5958 | lr: 1.25e-04 | Best_PSNR: 30.0420 in Epoch [164]
2022-07-13 08:20:58,242 INFO: Epoch: 173 | PSNR: 30.0387 | Loss: 5.5423 | lr: 1.25e-04 | Best_PSNR: 30.0420 in Epoch [164]
2022-07-13 08:21:46,320 INFO: Epoch: 174 | PSNR: 30.0362 | Loss: 5.5476 | lr: 1.25e-04 | Best_PSNR: 30.0420 in Epoch [164]
2022-07-13 08:22:35,590 INFO: Epoch: 175 | PSNR: 30.0384 | Loss: 5.6319 | lr: 1.25e-04 | Best_PSNR: 30.0420 in Epoch [164]
2022-07-13 08:23:24,450 INFO: Epoch: 176 | PSNR: 30.0372 | Loss: 5.6009 | lr: 1.25e-04 | Best_PSNR: 30.0420 in Epoch [164]
2022-07-13 08:24:15,059 INFO: Epoch: 177 | PSNR: 30.0416 | Loss: 5.6254 | lr: 1.25e-04 | Best_PSNR: 30.0420 in Epoch [164]
2022-07-13 08:25:05,303 INFO: Epoch: 178 | PSNR: 30.0383 | Loss: 5.6205 | lr: 1.25e-04 | Best_PSNR: 30.0420 in Epoch [164]
2022-07-13 08:25:58,195 INFO: Epoch: 179 | PSNR: 30.0397 | Loss: 5.5477 | lr: 1.25e-04 | Best_PSNR: 30.0420 in Epoch [164]
2022-07-13 08:26:50,590 INFO: Epoch: 180 | PSNR: 30.0419 | Loss: 5.5420 | lr: 1.25e-04 | Best_PSNR: 30.0420 in Epoch [164]
2022-07-13 08:27:42,885 INFO: Epoch: 181 | PSNR: 30.0396 | Loss: 5.6035 | lr: 1.25e-04 | Best_PSNR: 30.0420 in Epoch [164]
2022-07-13 08:28:34,445 INFO: Epoch: 182 | PSNR: 30.0378 | Loss: 5.5635 | lr: 1.25e-04 | Best_PSNR: 30.0420 in Epoch [164]
2022-07-13 08:29:27,720 INFO: Epoch: 183 | PSNR: 30.0392 | Loss: 5.6002 | lr: 1.25e-04 | Best_PSNR: 30.0420 in Epoch [164]
2022-07-13 08:30:19,676 INFO: Epoch: 184 | PSNR: 30.0376 | Loss: 5.5797 | lr: 1.25e-04 | Best_PSNR: 30.0420 in Epoch [164]
2022-07-13 08:31:10,005 INFO: Epoch: 185 | PSNR: 30.0403 | Loss: 5.6067 | lr: 1.25e-04 | Best_PSNR: 30.0420 in Epoch [164]
2022-07-13 08:32:00,848 INFO: Epoch: 186 | PSNR: 30.0401 | Loss: 5.6221 | lr: 1.25e-04 | Best_PSNR: 30.0420 in Epoch [164]
2022-07-13 08:32:51,404 INFO: Epoch: 187 | PSNR: 30.0359 | Loss: 5.5649 | lr: 1.25e-04 | Best_PSNR: 30.0420 in Epoch [164]
2022-07-13 08:33:42,103 INFO: Epoch: 188 | PSNR: 30.0348 | Loss: 5.6305 | lr: 1.25e-04 | Best_PSNR: 30.0420 in Epoch [164]
2022-07-13 08:34:35,507 INFO: Epoch: 189 | PSNR: 30.0386 | Loss: 5.6107 | lr: 1.25e-04 | Best_PSNR: 30.0420 in Epoch [164]
2022-07-13 08:35:27,914 INFO: Epoch: 190 | PSNR: 30.0358 | Loss: 5.6068 | lr: 1.25e-04 | Best_PSNR: 30.0420 in Epoch [164]
2022-07-13 08:36:19,454 INFO: Epoch: 191 | PSNR: 30.0403 | Loss: 5.5962 | lr: 1.25e-04 | Best_PSNR: 30.0420 in Epoch [164]
2022-07-13 08:37:09,662 INFO: Epoch: 192 | PSNR: 30.0414 | Loss: 5.5647 | lr: 1.25e-04 | Best_PSNR: 30.0420 in Epoch [164]
2022-07-13 08:38:00,405 INFO: Epoch: 193 | PSNR: 30.0361 | Loss: 5.6011 | lr: 1.25e-04 | Best_PSNR: 30.0420 in Epoch [164]
2022-07-13 08:38:51,529 INFO: Epoch: 194 | PSNR: 30.0382 | Loss: 5.5713 | lr: 1.25e-04 | Best_PSNR: 30.0420 in Epoch [164]
2022-07-13 08:39:44,433 INFO: Epoch: 195 | PSNR: 30.0427 | Loss: 5.5750 | lr: 1.25e-04 | Best_PSNR: 30.0427 in Epoch [195]
2022-07-13 08:41:11,122 INFO: Epoch: 196 | PSNR: 30.0432 | Loss: 5.5958 | lr: 1.25e-04 | Best_PSNR: 30.0432 in Epoch [196]
2022-07-13 08:42:02,977 INFO: Epoch: 197 | PSNR: 30.0356 | Loss: 5.6060 | lr: 1.25e-04 | Best_PSNR: 30.0432 in Epoch [196]
2022-07-13 08:42:54,475 INFO: Epoch: 198 | PSNR: 30.0417 | Loss: 5.5885 | lr: 1.25e-04 | Best_PSNR: 30.0432 in Epoch [196]
2022-07-13 08:43:44,413 INFO: Epoch: 199 | PSNR: 30.0364 | Loss: 5.5807 | lr: 1.25e-04 | Best_PSNR: 30.0432 in Epoch [196]
2022-07-13 08:44:35,658 INFO: Epoch: 200 | PSNR: 30.0376 | Loss: 5.5843 | lr: 1.25e-04 | Best_PSNR: 30.0432 in Epoch [196]
2022-07-13 08:45:26,107 INFO: Epoch: 201 | PSNR: 30.0388 | Loss: 5.5857 | lr: 6.25e-05 | Best_PSNR: 30.0432 in Epoch [196]
2022-07-13 08:46:18,048 INFO: Epoch: 202 | PSNR: 30.0407 | Loss: 5.5681 | lr: 6.25e-05 | Best_PSNR: 30.0432 in Epoch [196]
2022-07-13 08:47:10,704 INFO: Epoch: 203 | PSNR: 30.0407 | Loss: 5.5566 | lr: 6.25e-05 | Best_PSNR: 30.0432 in Epoch [196]
2022-07-13 08:48:01,763 INFO: Epoch: 204 | PSNR: 30.0445 | Loss: 5.6259 | lr: 6.25e-05 | Best_PSNR: 30.0445 in Epoch [204]
2022-07-13 08:48:51,584 INFO: Epoch: 205 | PSNR: 30.0421 | Loss: 5.6209 | lr: 6.25e-05 | Best_PSNR: 30.0445 in Epoch [204]
2022-07-13 08:49:41,696 INFO: Epoch: 206 | PSNR: 30.0442 | Loss: 5.5953 | lr: 6.25e-05 | Best_PSNR: 30.0445 in Epoch [204]
2022-07-13 08:50:31,692 INFO: Epoch: 207 | PSNR: 30.0418 | Loss: 5.5379 | lr: 6.25e-05 | Best_PSNR: 30.0445 in Epoch [204]
2022-07-13 08:51:22,288 INFO: Epoch: 208 | PSNR: 30.0427 | Loss: 5.6002 | lr: 6.25e-05 | Best_PSNR: 30.0445 in Epoch [204]
2022-07-13 08:52:13,501 INFO: Epoch: 209 | PSNR: 30.0422 | Loss: 5.5754 | lr: 6.25e-05 | Best_PSNR: 30.0445 in Epoch [204]
2022-07-13 08:53:05,028 INFO: Epoch: 210 | PSNR: 30.0404 | Loss: 5.5997 | lr: 6.25e-05 | Best_PSNR: 30.0445 in Epoch [204]
2022-07-13 08:53:56,363 INFO: Epoch: 211 | PSNR: 30.0428 | Loss: 5.5884 | lr: 6.25e-05 | Best_PSNR: 30.0445 in Epoch [204]
2022-07-13 08:54:46,966 INFO: Epoch: 212 | PSNR: 30.0383 | Loss: 5.6120 | lr: 6.25e-05 | Best_PSNR: 30.0445 in Epoch [204]
2022-07-13 08:55:39,246 INFO: Epoch: 213 | PSNR: 30.0439 | Loss: 5.6110 | lr: 6.25e-05 | Best_PSNR: 30.0445 in Epoch [204]
2022-07-13 08:56:29,903 INFO: Epoch: 214 | PSNR: 30.0407 | Loss: 5.5858 | lr: 6.25e-05 | Best_PSNR: 30.0445 in Epoch [204]
2022-07-13 08:57:22,319 INFO: Epoch: 215 | PSNR: 30.0451 | Loss: 5.6182 | lr: 6.25e-05 | Best_PSNR: 30.0451 in Epoch [215]
2022-07-13 08:58:11,281 INFO: Epoch: 216 | PSNR: 30.0420 | Loss: 5.6180 | lr: 6.25e-05 | Best_PSNR: 30.0451 in Epoch [215]
2022-07-13 08:59:01,758 INFO: Epoch: 217 | PSNR: 30.0437 | Loss: 5.5936 | lr: 6.25e-05 | Best_PSNR: 30.0451 in Epoch [215]
2022-07-13 08:59:52,854 INFO: Epoch: 218 | PSNR: 30.0417 | Loss: 5.6462 | lr: 6.25e-05 | Best_PSNR: 30.0451 in Epoch [215]
2022-07-13 09:00:43,189 INFO: Epoch: 219 | PSNR: 30.0377 | Loss: 5.6052 | lr: 6.25e-05 | Best_PSNR: 30.0451 in Epoch [215]
2022-07-13 09:01:34,517 INFO: Epoch: 220 | PSNR: 30.0440 | Loss: 5.6135 | lr: 6.25e-05 | Best_PSNR: 30.0451 in Epoch [215]
2022-07-13 09:02:26,093 INFO: Epoch: 221 | PSNR: 30.0420 | Loss: 5.5540 | lr: 6.25e-05 | Best_PSNR: 30.0451 in Epoch [215]
2022-07-13 09:03:17,473 INFO: Epoch: 222 | PSNR: 30.0440 | Loss: 5.6144 | lr: 6.25e-05 | Best_PSNR: 30.0451 in Epoch [215]
2022-07-13 09:04:10,204 INFO: Epoch: 223 | PSNR: 30.0477 | Loss: 5.5763 | lr: 6.25e-05 | Best_PSNR: 30.0477 in Epoch [223]
2022-07-13 09:05:00,477 INFO: Epoch: 224 | PSNR: 30.0433 | Loss: 5.6258 | lr: 6.25e-05 | Best_PSNR: 30.0477 in Epoch [223]
2022-07-13 09:05:50,714 INFO: Epoch: 225 | PSNR: 30.0439 | Loss: 5.5869 | lr: 6.25e-05 | Best_PSNR: 30.0477 in Epoch [223]
2022-07-13 09:06:41,130 INFO: Epoch: 226 | PSNR: 30.0470 | Loss: 5.5711 | lr: 6.25e-05 | Best_PSNR: 30.0477 in Epoch [223]
2022-07-13 09:07:32,594 INFO: Epoch: 227 | PSNR: 30.0387 | Loss: 5.6247 | lr: 6.25e-05 | Best_PSNR: 30.0477 in Epoch [223]
2022-07-13 09:08:23,914 INFO: Epoch: 228 | PSNR: 30.0403 | Loss: 5.5678 | lr: 6.25e-05 | Best_PSNR: 30.0477 in Epoch [223]
2022-07-13 09:09:13,998 INFO: Epoch: 229 | PSNR: 30.0423 | Loss: 5.5895 | lr: 6.25e-05 | Best_PSNR: 30.0477 in Epoch [223]
2022-07-13 09:10:04,718 INFO: Epoch: 230 | PSNR: 30.0430 | Loss: 5.6154 | lr: 6.25e-05 | Best_PSNR: 30.0477 in Epoch [223]
2022-07-13 09:10:56,498 INFO: Epoch: 231 | PSNR: 30.0403 | Loss: 5.5995 | lr: 6.25e-05 | Best_PSNR: 30.0477 in Epoch [223]
2022-07-13 09:11:48,070 INFO: Epoch: 232 | PSNR: 30.0406 | Loss: 5.6034 | lr: 6.25e-05 | Best_PSNR: 30.0477 in Epoch [223]
2022-07-13 09:12:38,453 INFO: Epoch: 233 | PSNR: 30.0423 | Loss: 5.6193 | lr: 6.25e-05 | Best_PSNR: 30.0477 in Epoch [223]
2022-07-13 09:13:28,332 INFO: Epoch: 234 | PSNR: 30.0437 | Loss: 5.6032 | lr: 6.25e-05 | Best_PSNR: 30.0477 in Epoch [223]
2022-07-13 09:14:20,015 INFO: Epoch: 235 | PSNR: 30.0424 | Loss: 5.6599 | lr: 6.25e-05 | Best_PSNR: 30.0477 in Epoch [223]
2022-07-13 09:15:10,267 INFO: Epoch: 236 | PSNR: 30.0421 | Loss: 5.5769 | lr: 6.25e-05 | Best_PSNR: 30.0477 in Epoch [223]
2022-07-13 09:16:00,713 INFO: Epoch: 237 | PSNR: 30.0417 | Loss: 5.5774 | lr: 6.25e-05 | Best_PSNR: 30.0477 in Epoch [223]
2022-07-13 09:16:52,275 INFO: Epoch: 238 | PSNR: 30.0417 | Loss: 5.5794 | lr: 6.25e-05 | Best_PSNR: 30.0477 in Epoch [223]
2022-07-13 09:17:43,613 INFO: Epoch: 239 | PSNR: 30.0416 | Loss: 5.5708 | lr: 6.25e-05 | Best_PSNR: 30.0477 in Epoch [223]
2022-07-13 09:18:35,030 INFO: Epoch: 240 | PSNR: 30.0392 | Loss: 5.5969 | lr: 6.25e-05 | Best_PSNR: 30.0477 in Epoch [223]
2022-07-13 09:19:26,270 INFO: Epoch: 241 | PSNR: 30.0441 | Loss: 5.6338 | lr: 6.25e-05 | Best_PSNR: 30.0477 in Epoch [223]
2022-07-13 09:20:17,792 INFO: Epoch: 242 | PSNR: 30.0409 | Loss: 5.6128 | lr: 6.25e-05 | Best_PSNR: 30.0477 in Epoch [223]
2022-07-13 09:21:10,384 INFO: Epoch: 243 | PSNR: 30.0417 | Loss: 5.6137 | lr: 6.25e-05 | Best_PSNR: 30.0477 in Epoch [223]
2022-07-13 09:22:01,605 INFO: Epoch: 244 | PSNR: 30.0406 | Loss: 5.5695 | lr: 6.25e-05 | Best_PSNR: 30.0477 in Epoch [223]
2022-07-13 09:22:54,325 INFO: Epoch: 245 | PSNR: 30.0428 | Loss: 5.5930 | lr: 6.25e-05 | Best_PSNR: 30.0477 in Epoch [223]
2022-07-13 09:23:46,584 INFO: Epoch: 246 | PSNR: 30.0417 | Loss: 5.5700 | lr: 6.25e-05 | Best_PSNR: 30.0477 in Epoch [223]
2022-07-13 09:24:40,331 INFO: Epoch: 247 | PSNR: 30.0452 | Loss: 5.5653 | lr: 6.25e-05 | Best_PSNR: 30.0477 in Epoch [223]
2022-07-13 09:25:32,585 INFO: Epoch: 248 | PSNR: 30.0418 | Loss: 5.6290 | lr: 6.25e-05 | Best_PSNR: 30.0477 in Epoch [223]
2022-07-13 09:26:25,050 INFO: Epoch: 249 | PSNR: 30.0419 | Loss: 5.5868 | lr: 6.25e-05 | Best_PSNR: 30.0477 in Epoch [223]
2022-07-13 09:27:15,616 INFO: Epoch: 250 | PSNR: 30.0417 | Loss: 5.6040 | lr: 6.25e-05 | Best_PSNR: 30.0477 in Epoch [223]
2022-07-13 09:28:07,241 INFO: Epoch: 251 | PSNR: 30.0417 | Loss: 5.5802 | lr: 3.13e-05 | Best_PSNR: 30.0477 in Epoch [223]
2022-07-13 09:28:57,791 INFO: Epoch: 252 | PSNR: 30.0420 | Loss: 5.5809 | lr: 3.13e-05 | Best_PSNR: 30.0477 in Epoch [223]
2022-07-13 09:29:48,390 INFO: Epoch: 253 | PSNR: 30.0403 | Loss: 5.6089 | lr: 3.13e-05 | Best_PSNR: 30.0477 in Epoch [223]
2022-07-13 09:30:39,659 INFO: Epoch: 254 | PSNR: 30.0420 | Loss: 5.5765 | lr: 3.13e-05 | Best_PSNR: 30.0477 in Epoch [223]
2022-07-13 09:31:30,349 INFO: Epoch: 255 | PSNR: 30.0422 | Loss: 5.5573 | lr: 3.13e-05 | Best_PSNR: 30.0477 in Epoch [223]
2022-07-13 09:32:18,525 INFO: Epoch: 256 | PSNR: 30.0454 | Loss: 5.5894 | lr: 3.13e-05 | Best_PSNR: 30.0477 in Epoch [223]
2022-07-13 09:33:07,431 INFO: Epoch: 257 | PSNR: 30.0421 | Loss: 5.5858 | lr: 3.13e-05 | Best_PSNR: 30.0477 in Epoch [223]
2022-07-13 09:33:58,248 INFO: Epoch: 258 | PSNR: 30.0412 | Loss: 5.5802 | lr: 3.13e-05 | Best_PSNR: 30.0477 in Epoch [223]
2022-07-13 09:34:49,108 INFO: Epoch: 259 | PSNR: 30.0421 | Loss: 5.5322 | lr: 3.13e-05 | Best_PSNR: 30.0477 in Epoch [223]
2022-07-13 09:35:39,025 INFO: Epoch: 260 | PSNR: 30.0431 | Loss: 5.6000 | lr: 3.13e-05 | Best_PSNR: 30.0477 in Epoch [223]
2022-07-13 09:36:28,483 INFO: Epoch: 261 | PSNR: 30.0404 | Loss: 5.5887 | lr: 3.13e-05 | Best_PSNR: 30.0477 in Epoch [223]
2022-07-13 09:37:18,919 INFO: Epoch: 262 | PSNR: 30.0427 | Loss: 5.5734 | lr: 3.13e-05 | Best_PSNR: 30.0477 in Epoch [223]
2022-07-13 09:38:06,915 INFO: Epoch: 263 | PSNR: 30.0443 | Loss: 5.5820 | lr: 3.13e-05 | Best_PSNR: 30.0477 in Epoch [223]
2022-07-13 09:38:55,299 INFO: Epoch: 264 | PSNR: 30.0433 | Loss: 5.5992 | lr: 3.13e-05 | Best_PSNR: 30.0477 in Epoch [223]
2022-07-13 09:39:44,003 INFO: Epoch: 265 | PSNR: 30.0424 | Loss: 5.5882 | lr: 3.13e-05 | Best_PSNR: 30.0477 in Epoch [223]
2022-07-13 09:40:33,698 INFO: Epoch: 266 | PSNR: 30.0415 | Loss: 5.6115 | lr: 3.13e-05 | Best_PSNR: 30.0477 in Epoch [223]
2022-07-13 09:41:23,654 INFO: Epoch: 267 | PSNR: 30.0415 | Loss: 5.5590 | lr: 3.13e-05 | Best_PSNR: 30.0477 in Epoch [223]
2022-07-13 09:42:13,578 INFO: Epoch: 268 | PSNR: 30.0418 | Loss: 5.5550 | lr: 3.13e-05 | Best_PSNR: 30.0477 in Epoch [223]
2022-07-13 09:43:04,510 INFO: Epoch: 269 | PSNR: 30.0393 | Loss: 5.6170 | lr: 3.13e-05 | Best_PSNR: 30.0477 in Epoch [223]
2022-07-13 09:43:54,595 INFO: Epoch: 270 | PSNR: 30.0422 | Loss: 5.6361 | lr: 3.13e-05 | Best_PSNR: 30.0477 in Epoch [223]
2022-07-13 09:44:43,342 INFO: Epoch: 271 | PSNR: 30.0383 | Loss: 5.6133 | lr: 3.13e-05 | Best_PSNR: 30.0477 in Epoch [223]
2022-07-13 09:45:33,193 INFO: Epoch: 272 | PSNR: 30.0420 | Loss: 5.5717 | lr: 3.13e-05 | Best_PSNR: 30.0477 in Epoch [223]
2022-07-13 09:46:23,253 INFO: Epoch: 273 | PSNR: 30.0431 | Loss: 5.5993 | lr: 3.13e-05 | Best_PSNR: 30.0477 in Epoch [223]
2022-07-13 09:47:13,834 INFO: Epoch: 274 | PSNR: 30.0369 | Loss: 5.6210 | lr: 3.13e-05 | Best_PSNR: 30.0477 in Epoch [223]
2022-07-13 09:48:04,321 INFO: Epoch: 275 | PSNR: 30.0416 | Loss: 5.5853 | lr: 3.13e-05 | Best_PSNR: 30.0477 in Epoch [223]
2022-07-13 09:48:55,536 INFO: Epoch: 276 | PSNR: 30.0428 | Loss: 5.5746 | lr: 3.13e-05 | Best_PSNR: 30.0477 in Epoch [223]
2022-07-13 09:49:47,157 INFO: Epoch: 277 | PSNR: 30.0433 | Loss: 5.5510 | lr: 3.13e-05 | Best_PSNR: 30.0477 in Epoch [223]
2022-07-13 09:50:38,224 INFO: Epoch: 278 | PSNR: 30.0402 | Loss: 5.5824 | lr: 3.13e-05 | Best_PSNR: 30.0477 in Epoch [223]
2022-07-13 09:51:28,200 INFO: Epoch: 279 | PSNR: 30.0427 | Loss: 5.5277 | lr: 3.13e-05 | Best_PSNR: 30.0477 in Epoch [223]
2022-07-13 09:52:18,368 INFO: Epoch: 280 | PSNR: 30.0434 | Loss: 5.6408 | lr: 3.13e-05 | Best_PSNR: 30.0477 in Epoch [223]
2022-07-13 09:53:06,044 INFO: Epoch: 281 | PSNR: 30.0441 | Loss: 5.5509 | lr: 3.13e-05 | Best_PSNR: 30.0477 in Epoch [223]
2022-07-13 09:53:54,819 INFO: Epoch: 282 | PSNR: 30.0414 | Loss: 5.5846 | lr: 3.13e-05 | Best_PSNR: 30.0477 in Epoch [223]
2022-07-13 09:54:42,737 INFO: Epoch: 283 | PSNR: 30.0429 | Loss: 5.6070 | lr: 3.13e-05 | Best_PSNR: 30.0477 in Epoch [223]
2022-07-13 09:55:30,613 INFO: Epoch: 284 | PSNR: 30.0405 | Loss: 5.5691 | lr: 3.13e-05 | Best_PSNR: 30.0477 in Epoch [223]
2022-07-13 09:56:19,549 INFO: Epoch: 285 | PSNR: 30.0427 | Loss: 5.6365 | lr: 3.13e-05 | Best_PSNR: 30.0477 in Epoch [223]
2022-07-13 09:57:08,338 INFO: Epoch: 286 | PSNR: 30.0423 | Loss: 5.5989 | lr: 3.13e-05 | Best_PSNR: 30.0477 in Epoch [223]
2022-07-13 09:57:57,874 INFO: Epoch: 287 | PSNR: 30.0445 | Loss: 5.5539 | lr: 3.13e-05 | Best_PSNR: 30.0477 in Epoch [223]
2022-07-13 09:58:47,772 INFO: Epoch: 288 | PSNR: 30.0426 | Loss: 5.5051 | lr: 3.13e-05 | Best_PSNR: 30.0477 in Epoch [223]
2022-07-13 09:59:36,604 INFO: Epoch: 289 | PSNR: 30.0398 | Loss: 5.5723 | lr: 3.13e-05 | Best_PSNR: 30.0477 in Epoch [223]
2022-07-13 10:00:25,138 INFO: Epoch: 290 | PSNR: 30.0463 | Loss: 5.5841 | lr: 3.13e-05 | Best_PSNR: 30.0477 in Epoch [223]
2022-07-13 10:01:14,905 INFO: Epoch: 291 | PSNR: 30.0450 | Loss: 5.6186 | lr: 3.13e-05 | Best_PSNR: 30.0477 in Epoch [223]
2022-07-13 10:02:04,713 INFO: Epoch: 292 | PSNR: 30.0448 | Loss: 5.5741 | lr: 3.13e-05 | Best_PSNR: 30.0477 in Epoch [223]
2022-07-13 10:02:53,089 INFO: Epoch: 293 | PSNR: 30.0437 | Loss: 5.5368 | lr: 3.13e-05 | Best_PSNR: 30.0477 in Epoch [223]
2022-07-13 10:03:41,794 INFO: Epoch: 294 | PSNR: 30.0422 | Loss: 5.5617 | lr: 3.13e-05 | Best_PSNR: 30.0477 in Epoch [223]
2022-07-13 10:04:29,120 INFO: Epoch: 295 | PSNR: 30.0440 | Loss: 5.5722 | lr: 3.13e-05 | Best_PSNR: 30.0477 in Epoch [223]
2022-07-13 10:05:18,770 INFO: Epoch: 296 | PSNR: 30.0452 | Loss: 5.5639 | lr: 3.13e-05 | Best_PSNR: 30.0477 in Epoch [223]
2022-07-13 10:06:07,932 INFO: Epoch: 297 | PSNR: 30.0431 | Loss: 5.5981 | lr: 3.13e-05 | Best_PSNR: 30.0477 in Epoch [223]
2022-07-13 10:06:57,269 INFO: Epoch: 298 | PSNR: 30.0449 | Loss: 5.5779 | lr: 3.13e-05 | Best_PSNR: 30.0477 in Epoch [223]
2022-07-13 10:07:45,846 INFO: Epoch: 299 | PSNR: 30.0467 | Loss: 5.5980 | lr: 3.13e-05 | Best_PSNR: 30.0477 in Epoch [223]
2022-07-13 10:08:34,056 INFO: Epoch: 300 | PSNR: 30.0419 | Loss: 5.5651 | lr: 3.13e-05 | Best_PSNR: 30.0477 in Epoch [223]
2022-07-13 10:09:23,648 INFO: Epoch: 301 | PSNR: 30.0426 | Loss: 5.6018 | lr: 1.56e-05 | Best_PSNR: 30.0477 in Epoch [223]
2022-07-13 10:10:12,297 INFO: Epoch: 302 | PSNR: 30.0430 | Loss: 5.5606 | lr: 1.56e-05 | Best_PSNR: 30.0477 in Epoch [223]
2022-07-13 10:11:00,348 INFO: Epoch: 303 | PSNR: 30.0445 | Loss: 5.5891 | lr: 1.56e-05 | Best_PSNR: 30.0477 in Epoch [223]
2022-07-13 10:11:49,382 INFO: Epoch: 304 | PSNR: 30.0435 | Loss: 5.6311 | lr: 1.56e-05 | Best_PSNR: 30.0477 in Epoch [223]
2022-07-13 10:12:39,620 INFO: Epoch: 305 | PSNR: 30.0427 | Loss: 5.6148 | lr: 1.56e-05 | Best_PSNR: 30.0477 in Epoch [223]
2022-07-13 10:13:29,044 INFO: Epoch: 306 | PSNR: 30.0431 | Loss: 5.5810 | lr: 1.56e-05 | Best_PSNR: 30.0477 in Epoch [223]
2022-07-13 10:14:18,255 INFO: Epoch: 307 | PSNR: 30.0434 | Loss: 5.5850 | lr: 1.56e-05 | Best_PSNR: 30.0477 in Epoch [223]
2022-07-13 10:15:06,274 INFO: Epoch: 308 | PSNR: 30.0431 | Loss: 5.6090 | lr: 1.56e-05 | Best_PSNR: 30.0477 in Epoch [223]
2022-07-13 10:15:56,439 INFO: Epoch: 309 | PSNR: 30.0435 | Loss: 5.5846 | lr: 1.56e-05 | Best_PSNR: 30.0477 in Epoch [223]
2022-07-13 10:16:45,513 INFO: Epoch: 310 | PSNR: 30.0429 | Loss: 5.6057 | lr: 1.56e-05 | Best_PSNR: 30.0477 in Epoch [223]
2022-07-13 10:17:35,876 INFO: Epoch: 311 | PSNR: 30.0452 | Loss: 5.5880 | lr: 1.56e-05 | Best_PSNR: 30.0477 in Epoch [223]
2022-07-13 10:18:25,469 INFO: Epoch: 312 | PSNR: 30.0406 | Loss: 5.5979 | lr: 1.56e-05 | Best_PSNR: 30.0477 in Epoch [223]
2022-07-13 10:19:15,305 INFO: Epoch: 313 | PSNR: 30.0416 | Loss: 5.6006 | lr: 1.56e-05 | Best_PSNR: 30.0477 in Epoch [223]
2022-07-13 10:20:04,836 INFO: Epoch: 314 | PSNR: 30.0449 | Loss: 5.5717 | lr: 1.56e-05 | Best_PSNR: 30.0477 in Epoch [223]
2022-07-13 10:20:54,511 INFO: Epoch: 315 | PSNR: 30.0441 | Loss: 5.5813 | lr: 1.56e-05 | Best_PSNR: 30.0477 in Epoch [223]
2022-07-13 10:21:44,388 INFO: Epoch: 316 | PSNR: 30.0425 | Loss: 5.6043 | lr: 1.56e-05 | Best_PSNR: 30.0477 in Epoch [223]
2022-07-13 10:22:35,277 INFO: Epoch: 317 | PSNR: 30.0416 | Loss: 5.6120 | lr: 1.56e-05 | Best_PSNR: 30.0477 in Epoch [223]
2022-07-13 10:23:25,519 INFO: Epoch: 318 | PSNR: 30.0408 | Loss: 5.5568 | lr: 1.56e-05 | Best_PSNR: 30.0477 in Epoch [223]
2022-07-13 10:24:16,137 INFO: Epoch: 319 | PSNR: 30.0425 | Loss: 5.5559 | lr: 1.56e-05 | Best_PSNR: 30.0477 in Epoch [223]
2022-07-13 10:25:06,909 INFO: Epoch: 320 | PSNR: 30.0434 | Loss: 5.5553 | lr: 1.56e-05 | Best_PSNR: 30.0477 in Epoch [223]
