2022-07-21 19:04:43,642 INFO: Create train dataset successfully!
2022-07-21 19:04:43,642 INFO: Training: [1000] iterations for each epoch
2022-07-21 19:04:43,642 INFO: Create val dataset successfully!
2022-07-21 19:04:43,642 INFO: Validating: [100] iterations for each epoch
2022-07-21 19:04:43,642 INFO: Preparing for experiment: [trial13_qat]
2022-07-21 19:04:43,642 INFO: Loading pretrained model ...
2022-07-21 19:04:46,501 INFO: Start copying weights and annotate Lambda layer...
2022-07-21 19:04:46,556 INFO: Start annotating other parts of model...
2022-07-21 19:04:46,577 INFO: Creating quantize-aware model...
2022-07-21 19:04:47,767 INFO: Create model successfully! Params: [34.79]K
2022-07-21 19:04:47,767 INFO: Model: "model"
2022-07-21 19:04:47,767 INFO: _________________________________________________________________
2022-07-21 19:04:47,767 INFO: Layer (type)                 Output Shape              Param #   
2022-07-21 19:04:47,767 INFO: =================================================================
2022-07-21 19:04:47,767 INFO: input_1 (InputLayer)         [(None, None, None, 3)]   0         
2022-07-21 19:04:47,767 INFO: _________________________________________________________________
2022-07-21 19:04:47,767 INFO: quantize_layer (QuantizeLaye (None, None, None, 3)     3         
2022-07-21 19:04:47,767 INFO: _________________________________________________________________
2022-07-21 19:04:47,768 INFO: quant_conv2d (QuantizeWrappe (None, None, None, 31)    933       
2022-07-21 19:04:47,768 INFO: _________________________________________________________________
2022-07-21 19:04:47,768 INFO: quant_conv2d_1 (QuantizeWrap (None, None, None, 31)    8745      
2022-07-21 19:04:47,768 INFO: _________________________________________________________________
2022-07-21 19:04:47,768 INFO: quant_conv2d_2 (QuantizeWrap (None, None, None, 31)    8745      
2022-07-21 19:04:47,768 INFO: _________________________________________________________________
2022-07-21 19:04:47,768 INFO: quant_conv2d_3 (QuantizeWrap (None, None, None, 31)    8745      
2022-07-21 19:04:47,768 INFO: _________________________________________________________________
2022-07-21 19:04:47,769 INFO: quant_conv2d_4 (QuantizeWrap (None, None, None, 27)    7617      
2022-07-21 19:04:47,769 INFO: _________________________________________________________________
2022-07-21 19:04:47,769 INFO: quant_lambda (QuantizeWrappe (None, None, None, 3)     1         
2022-07-21 19:04:47,769 INFO: =================================================================
2022-07-21 19:04:47,769 INFO: Total params: 34,789
2022-07-21 19:04:47,769 INFO: Trainable params: 34,468
2022-07-21 19:04:47,769 INFO: Non-trainable params: 321
2022-07-21 19:04:47,769 INFO: _________________________________________________________________
2022-07-21 19:04:47,770 INFO: Start training...
2022-07-21 19:05:56,867 INFO: Epoch: 1 | PSNR: 10.5561 | Loss: 92.1643 | lr: 1.00e-04 | Best_PSNR: 10.5561 in Epoch [1]
2022-07-21 19:07:07,165 INFO: Epoch: 2 | PSNR: 23.8984 | Loss: 31.5468 | lr: 1.00e-04 | Best_PSNR: 23.8984 in Epoch [2]
2022-07-21 19:08:14,126 INFO: Epoch: 3 | PSNR: 29.8483 | Loss: 7.1379 | lr: 1.00e-04 | Best_PSNR: 29.8483 in Epoch [3]
2022-07-21 19:09:16,026 INFO: Epoch: 4 | PSNR: 29.9354 | Loss: 5.7618 | lr: 1.00e-04 | Best_PSNR: 29.9354 in Epoch [4]
2022-07-21 19:10:15,307 INFO: Epoch: 5 | PSNR: 29.9696 | Loss: 5.6588 | lr: 1.00e-04 | Best_PSNR: 29.9696 in Epoch [5]
2022-07-21 19:11:16,986 INFO: Epoch: 6 | PSNR: 29.9827 | Loss: 5.6840 | lr: 1.00e-04 | Best_PSNR: 29.9827 in Epoch [6]
2022-07-21 19:12:18,663 INFO: Epoch: 7 | PSNR: 29.9850 | Loss: 5.6480 | lr: 1.00e-04 | Best_PSNR: 29.9850 in Epoch [7]
2022-07-21 19:13:17,151 INFO: Epoch: 8 | PSNR: 29.9896 | Loss: 5.6379 | lr: 1.00e-04 | Best_PSNR: 29.9896 in Epoch [8]
2022-07-21 19:14:17,495 INFO: Epoch: 9 | PSNR: 29.9895 | Loss: 5.6655 | lr: 1.00e-04 | Best_PSNR: 29.9896 in Epoch [8]
2022-07-21 19:15:18,193 INFO: Epoch: 10 | PSNR: 29.9884 | Loss: 5.6894 | lr: 1.00e-04 | Best_PSNR: 29.9896 in Epoch [8]
2022-07-21 19:16:18,382 INFO: Epoch: 11 | PSNR: 29.9882 | Loss: 5.6716 | lr: 1.00e-04 | Best_PSNR: 29.9896 in Epoch [8]
2022-07-21 19:17:17,505 INFO: Epoch: 12 | PSNR: 29.9897 | Loss: 5.6547 | lr: 1.00e-04 | Best_PSNR: 29.9897 in Epoch [12]
2022-07-21 19:18:16,828 INFO: Epoch: 13 | PSNR: 29.9964 | Loss: 5.6903 | lr: 1.00e-04 | Best_PSNR: 29.9964 in Epoch [13]
2022-07-21 19:19:18,618 INFO: Epoch: 14 | PSNR: 29.9929 | Loss: 5.6581 | lr: 1.00e-04 | Best_PSNR: 29.9964 in Epoch [13]
2022-07-21 19:20:19,812 INFO: Epoch: 15 | PSNR: 29.9989 | Loss: 5.6491 | lr: 1.00e-04 | Best_PSNR: 29.9989 in Epoch [15]
2022-07-21 19:21:21,100 INFO: Epoch: 16 | PSNR: 29.9954 | Loss: 5.6827 | lr: 1.00e-04 | Best_PSNR: 29.9989 in Epoch [15]
2022-07-21 19:22:24,835 INFO: Epoch: 17 | PSNR: 29.9967 | Loss: 5.7090 | lr: 1.00e-04 | Best_PSNR: 29.9989 in Epoch [15]
2022-07-21 19:23:25,481 INFO: Epoch: 18 | PSNR: 29.9954 | Loss: 5.6867 | lr: 1.00e-04 | Best_PSNR: 29.9989 in Epoch [15]
2022-07-21 19:24:26,720 INFO: Epoch: 19 | PSNR: 29.9923 | Loss: 5.6236 | lr: 1.00e-04 | Best_PSNR: 29.9989 in Epoch [15]
2022-07-21 19:25:24,257 INFO: Epoch: 20 | PSNR: 29.9965 | Loss: 5.7009 | lr: 1.00e-04 | Best_PSNR: 29.9989 in Epoch [15]
2022-07-21 19:26:21,634 INFO: Epoch: 21 | PSNR: 29.9920 | Loss: 5.6015 | lr: 1.00e-04 | Best_PSNR: 29.9989 in Epoch [15]
2022-07-21 19:27:21,371 INFO: Epoch: 22 | PSNR: 29.9907 | Loss: 5.6354 | lr: 1.00e-04 | Best_PSNR: 29.9989 in Epoch [15]
2022-07-21 19:28:24,543 INFO: Epoch: 23 | PSNR: 29.9892 | Loss: 5.6420 | lr: 1.00e-04 | Best_PSNR: 29.9989 in Epoch [15]
2022-07-21 19:29:29,135 INFO: Epoch: 24 | PSNR: 29.9926 | Loss: 5.6601 | lr: 1.00e-04 | Best_PSNR: 29.9989 in Epoch [15]
2022-07-21 19:30:30,558 INFO: Epoch: 25 | PSNR: 29.9921 | Loss: 5.6662 | lr: 1.00e-04 | Best_PSNR: 29.9989 in Epoch [15]
2022-07-21 19:31:32,133 INFO: Epoch: 26 | PSNR: 29.9876 | Loss: 5.6585 | lr: 1.00e-04 | Best_PSNR: 29.9989 in Epoch [15]
2022-07-21 19:32:32,154 INFO: Epoch: 27 | PSNR: 29.9912 | Loss: 5.6641 | lr: 1.00e-04 | Best_PSNR: 29.9989 in Epoch [15]
2022-07-21 19:33:36,342 INFO: Epoch: 28 | PSNR: 29.9855 | Loss: 5.6636 | lr: 1.00e-04 | Best_PSNR: 29.9989 in Epoch [15]
2022-07-21 19:34:44,327 INFO: Epoch: 29 | PSNR: 29.9882 | Loss: 5.6550 | lr: 1.00e-04 | Best_PSNR: 29.9989 in Epoch [15]
2022-07-21 19:35:46,770 INFO: Epoch: 30 | PSNR: 29.9933 | Loss: 5.6725 | lr: 1.00e-04 | Best_PSNR: 29.9989 in Epoch [15]
2022-07-21 19:36:55,115 INFO: Epoch: 31 | PSNR: 29.9909 | Loss: 5.6586 | lr: 1.00e-04 | Best_PSNR: 29.9989 in Epoch [15]
2022-07-21 19:37:55,702 INFO: Epoch: 32 | PSNR: 29.9936 | Loss: 5.6505 | lr: 1.00e-04 | Best_PSNR: 29.9989 in Epoch [15]
2022-07-21 19:39:01,640 INFO: Epoch: 33 | PSNR: 29.9843 | Loss: 5.6596 | lr: 1.00e-04 | Best_PSNR: 29.9989 in Epoch [15]
2022-07-21 19:40:04,576 INFO: Epoch: 34 | PSNR: 29.9975 | Loss: 5.6338 | lr: 1.00e-04 | Best_PSNR: 29.9989 in Epoch [15]
2022-07-21 19:41:10,653 INFO: Epoch: 35 | PSNR: 29.9906 | Loss: 5.7022 | lr: 1.00e-04 | Best_PSNR: 29.9989 in Epoch [15]
2022-07-21 19:42:13,302 INFO: Epoch: 36 | PSNR: 29.9815 | Loss: 5.6726 | lr: 1.00e-04 | Best_PSNR: 29.9989 in Epoch [15]
2022-07-21 19:43:18,011 INFO: Epoch: 37 | PSNR: 29.9994 | Loss: 5.7025 | lr: 1.00e-04 | Best_PSNR: 29.9994 in Epoch [37]
2022-07-21 19:44:17,707 INFO: Epoch: 38 | PSNR: 29.9967 | Loss: 5.6725 | lr: 1.00e-04 | Best_PSNR: 29.9994 in Epoch [37]
2022-07-21 19:45:24,397 INFO: Epoch: 39 | PSNR: 29.9948 | Loss: 5.6351 | lr: 1.00e-04 | Best_PSNR: 29.9994 in Epoch [37]
2022-07-21 19:46:27,880 INFO: Epoch: 40 | PSNR: 29.9919 | Loss: 5.6762 | lr: 1.00e-04 | Best_PSNR: 29.9994 in Epoch [37]
2022-07-21 19:47:29,363 INFO: Epoch: 41 | PSNR: 29.9865 | Loss: 5.7015 | lr: 1.00e-04 | Best_PSNR: 29.9994 in Epoch [37]
2022-07-21 19:48:36,860 INFO: Epoch: 42 | PSNR: 29.9805 | Loss: 5.6382 | lr: 1.00e-04 | Best_PSNR: 29.9994 in Epoch [37]
2022-07-21 19:49:38,620 INFO: Epoch: 43 | PSNR: 29.9978 | Loss: 5.6501 | lr: 1.00e-04 | Best_PSNR: 29.9994 in Epoch [37]
2022-07-21 19:50:40,656 INFO: Epoch: 44 | PSNR: 30.0030 | Loss: 5.6565 | lr: 1.00e-04 | Best_PSNR: 30.0030 in Epoch [44]
2022-07-21 19:51:41,893 INFO: Epoch: 45 | PSNR: 29.9897 | Loss: 5.6850 | lr: 1.00e-04 | Best_PSNR: 30.0030 in Epoch [44]
2022-07-21 19:52:41,757 INFO: Epoch: 46 | PSNR: 29.9990 | Loss: 5.5960 | lr: 1.00e-04 | Best_PSNR: 30.0030 in Epoch [44]
2022-07-21 19:53:38,553 INFO: Epoch: 47 | PSNR: 29.9909 | Loss: 5.6578 | lr: 1.00e-04 | Best_PSNR: 30.0030 in Epoch [44]
2022-07-21 19:54:40,210 INFO: Epoch: 48 | PSNR: 29.9970 | Loss: 5.6920 | lr: 1.00e-04 | Best_PSNR: 30.0030 in Epoch [44]
2022-07-21 19:55:40,646 INFO: Epoch: 49 | PSNR: 29.9949 | Loss: 5.6131 | lr: 1.00e-04 | Best_PSNR: 30.0030 in Epoch [44]
2022-07-21 19:56:39,118 INFO: Epoch: 50 | PSNR: 29.9936 | Loss: 5.6647 | lr: 1.00e-04 | Best_PSNR: 30.0030 in Epoch [44]
2022-07-21 19:57:37,799 INFO: Epoch: 51 | PSNR: 29.9954 | Loss: 5.6388 | lr: 5.00e-05 | Best_PSNR: 30.0030 in Epoch [44]
2022-07-21 19:58:35,008 INFO: Epoch: 52 | PSNR: 29.9900 | Loss: 5.6571 | lr: 5.00e-05 | Best_PSNR: 30.0030 in Epoch [44]
2022-07-21 19:59:35,672 INFO: Epoch: 53 | PSNR: 29.9946 | Loss: 5.6492 | lr: 5.00e-05 | Best_PSNR: 30.0030 in Epoch [44]
2022-07-21 20:00:33,645 INFO: Epoch: 54 | PSNR: 29.9864 | Loss: 5.6888 | lr: 5.00e-05 | Best_PSNR: 30.0030 in Epoch [44]
2022-07-21 20:01:31,750 INFO: Epoch: 55 | PSNR: 29.9963 | Loss: 5.5977 | lr: 5.00e-05 | Best_PSNR: 30.0030 in Epoch [44]
2022-07-21 20:02:30,045 INFO: Epoch: 56 | PSNR: 29.9946 | Loss: 5.6593 | lr: 5.00e-05 | Best_PSNR: 30.0030 in Epoch [44]
2022-07-21 20:03:31,610 INFO: Epoch: 57 | PSNR: 29.9972 | Loss: 5.6406 | lr: 5.00e-05 | Best_PSNR: 30.0030 in Epoch [44]
2022-07-21 20:04:32,531 INFO: Epoch: 58 | PSNR: 29.9984 | Loss: 5.6293 | lr: 5.00e-05 | Best_PSNR: 30.0030 in Epoch [44]
2022-07-21 20:05:31,594 INFO: Epoch: 59 | PSNR: 29.9938 | Loss: 5.6688 | lr: 5.00e-05 | Best_PSNR: 30.0030 in Epoch [44]
2022-07-21 20:06:32,153 INFO: Epoch: 60 | PSNR: 29.9962 | Loss: 5.6601 | lr: 5.00e-05 | Best_PSNR: 30.0030 in Epoch [44]
2022-07-21 20:07:34,117 INFO: Epoch: 61 | PSNR: 29.9985 | Loss: 5.6639 | lr: 5.00e-05 | Best_PSNR: 30.0030 in Epoch [44]
2022-07-21 20:08:36,918 INFO: Epoch: 62 | PSNR: 29.9955 | Loss: 5.6686 | lr: 5.00e-05 | Best_PSNR: 30.0030 in Epoch [44]
2022-07-21 20:09:36,047 INFO: Epoch: 63 | PSNR: 29.9903 | Loss: 5.6429 | lr: 5.00e-05 | Best_PSNR: 30.0030 in Epoch [44]
2022-07-21 20:10:38,836 INFO: Epoch: 64 | PSNR: 29.9910 | Loss: 5.6408 | lr: 5.00e-05 | Best_PSNR: 30.0030 in Epoch [44]
2022-07-21 20:11:38,770 INFO: Epoch: 65 | PSNR: 29.9998 | Loss: 5.6284 | lr: 5.00e-05 | Best_PSNR: 30.0030 in Epoch [44]
2022-07-21 20:12:38,030 INFO: Epoch: 66 | PSNR: 29.9992 | Loss: 5.6684 | lr: 5.00e-05 | Best_PSNR: 30.0030 in Epoch [44]
2022-07-21 20:13:40,954 INFO: Epoch: 67 | PSNR: 29.9934 | Loss: 5.6817 | lr: 5.00e-05 | Best_PSNR: 30.0030 in Epoch [44]
2022-07-21 20:14:41,447 INFO: Epoch: 68 | PSNR: 29.9922 | Loss: 5.6499 | lr: 5.00e-05 | Best_PSNR: 30.0030 in Epoch [44]
2022-07-21 20:15:39,714 INFO: Epoch: 69 | PSNR: 29.9945 | Loss: 5.6527 | lr: 5.00e-05 | Best_PSNR: 30.0030 in Epoch [44]
2022-07-21 20:16:39,163 INFO: Epoch: 70 | PSNR: 29.9984 | Loss: 5.6479 | lr: 5.00e-05 | Best_PSNR: 30.0030 in Epoch [44]
2022-07-21 20:17:41,083 INFO: Epoch: 71 | PSNR: 29.9965 | Loss: 5.6559 | lr: 5.00e-05 | Best_PSNR: 30.0030 in Epoch [44]
2022-07-21 20:18:42,390 INFO: Epoch: 72 | PSNR: 29.9965 | Loss: 5.6525 | lr: 5.00e-05 | Best_PSNR: 30.0030 in Epoch [44]
2022-07-21 20:19:43,866 INFO: Epoch: 73 | PSNR: 29.9920 | Loss: 5.6531 | lr: 5.00e-05 | Best_PSNR: 30.0030 in Epoch [44]
2022-07-21 20:20:42,786 INFO: Epoch: 74 | PSNR: 30.0006 | Loss: 5.6439 | lr: 5.00e-05 | Best_PSNR: 30.0030 in Epoch [44]
2022-07-21 20:21:44,580 INFO: Epoch: 75 | PSNR: 29.9989 | Loss: 5.6973 | lr: 5.00e-05 | Best_PSNR: 30.0030 in Epoch [44]
2022-07-21 20:22:45,999 INFO: Epoch: 76 | PSNR: 30.0015 | Loss: 5.6677 | lr: 5.00e-05 | Best_PSNR: 30.0030 in Epoch [44]
2022-07-21 20:23:45,922 INFO: Epoch: 77 | PSNR: 30.0029 | Loss: 5.6870 | lr: 5.00e-05 | Best_PSNR: 30.0030 in Epoch [44]
2022-07-21 20:24:47,122 INFO: Epoch: 78 | PSNR: 29.9988 | Loss: 5.6481 | lr: 5.00e-05 | Best_PSNR: 30.0030 in Epoch [44]
2022-07-21 20:25:49,093 INFO: Epoch: 79 | PSNR: 29.9922 | Loss: 5.6480 | lr: 5.00e-05 | Best_PSNR: 30.0030 in Epoch [44]
2022-07-21 20:26:51,034 INFO: Epoch: 80 | PSNR: 29.9988 | Loss: 5.6368 | lr: 5.00e-05 | Best_PSNR: 30.0030 in Epoch [44]
2022-07-21 20:27:52,904 INFO: Epoch: 81 | PSNR: 30.0067 | Loss: 5.6744 | lr: 5.00e-05 | Best_PSNR: 30.0067 in Epoch [81]
2022-07-21 20:28:51,944 INFO: Epoch: 82 | PSNR: 29.9952 | Loss: 5.6622 | lr: 5.00e-05 | Best_PSNR: 30.0067 in Epoch [81]
2022-07-21 20:29:53,059 INFO: Epoch: 83 | PSNR: 30.0022 | Loss: 5.6867 | lr: 5.00e-05 | Best_PSNR: 30.0067 in Epoch [81]
2022-07-21 20:30:52,598 INFO: Epoch: 84 | PSNR: 30.0053 | Loss: 5.6413 | lr: 5.00e-05 | Best_PSNR: 30.0067 in Epoch [81]
2022-07-21 20:31:52,026 INFO: Epoch: 85 | PSNR: 29.9962 | Loss: 5.6955 | lr: 5.00e-05 | Best_PSNR: 30.0067 in Epoch [81]
2022-07-21 20:32:51,952 INFO: Epoch: 86 | PSNR: 30.0064 | Loss: 5.6171 | lr: 5.00e-05 | Best_PSNR: 30.0067 in Epoch [81]
2022-07-21 20:33:43,876 INFO: Epoch: 87 | PSNR: 30.0018 | Loss: 5.6446 | lr: 5.00e-05 | Best_PSNR: 30.0067 in Epoch [81]
2022-07-21 20:34:36,378 INFO: Epoch: 88 | PSNR: 30.0042 | Loss: 5.6603 | lr: 5.00e-05 | Best_PSNR: 30.0067 in Epoch [81]
2022-07-21 20:35:28,370 INFO: Epoch: 89 | PSNR: 30.0060 | Loss: 5.6558 | lr: 5.00e-05 | Best_PSNR: 30.0067 in Epoch [81]
2022-07-21 20:36:20,804 INFO: Epoch: 90 | PSNR: 30.0036 | Loss: 5.6334 | lr: 5.00e-05 | Best_PSNR: 30.0067 in Epoch [81]
2022-07-21 20:37:12,823 INFO: Epoch: 91 | PSNR: 30.0005 | Loss: 5.6166 | lr: 5.00e-05 | Best_PSNR: 30.0067 in Epoch [81]
2022-07-21 20:38:04,787 INFO: Epoch: 92 | PSNR: 29.9931 | Loss: 5.6846 | lr: 5.00e-05 | Best_PSNR: 30.0067 in Epoch [81]
2022-07-21 20:38:57,421 INFO: Epoch: 93 | PSNR: 29.9989 | Loss: 5.6504 | lr: 5.00e-05 | Best_PSNR: 30.0067 in Epoch [81]
2022-07-21 20:39:51,371 INFO: Epoch: 94 | PSNR: 29.9947 | Loss: 5.6065 | lr: 5.00e-05 | Best_PSNR: 30.0067 in Epoch [81]
2022-07-21 20:40:42,994 INFO: Epoch: 95 | PSNR: 30.0008 | Loss: 5.6445 | lr: 5.00e-05 | Best_PSNR: 30.0067 in Epoch [81]
2022-07-21 20:41:35,602 INFO: Epoch: 96 | PSNR: 30.0001 | Loss: 5.6239 | lr: 5.00e-05 | Best_PSNR: 30.0067 in Epoch [81]
2022-07-21 20:42:28,420 INFO: Epoch: 97 | PSNR: 29.9937 | Loss: 5.6501 | lr: 5.00e-05 | Best_PSNR: 30.0067 in Epoch [81]
2022-07-21 20:43:24,170 INFO: Epoch: 98 | PSNR: 29.9981 | Loss: 5.7082 | lr: 5.00e-05 | Best_PSNR: 30.0067 in Epoch [81]
2022-07-21 20:44:19,526 INFO: Epoch: 99 | PSNR: 29.9979 | Loss: 5.7116 | lr: 5.00e-05 | Best_PSNR: 30.0067 in Epoch [81]
2022-07-21 20:45:16,411 INFO: Epoch: 100 | PSNR: 29.9951 | Loss: 5.6855 | lr: 5.00e-05 | Best_PSNR: 30.0067 in Epoch [81]
2022-07-21 20:46:18,143 INFO: Epoch: 101 | PSNR: 29.9965 | Loss: 5.6475 | lr: 2.50e-05 | Best_PSNR: 30.0067 in Epoch [81]
2022-07-21 20:47:15,657 INFO: Epoch: 102 | PSNR: 29.9978 | Loss: 5.6586 | lr: 2.50e-05 | Best_PSNR: 30.0067 in Epoch [81]
2022-07-21 20:48:16,896 INFO: Epoch: 103 | PSNR: 30.0012 | Loss: 5.6777 | lr: 2.50e-05 | Best_PSNR: 30.0067 in Epoch [81]
2022-07-21 20:49:14,123 INFO: Epoch: 104 | PSNR: 29.9987 | Loss: 5.6654 | lr: 2.50e-05 | Best_PSNR: 30.0067 in Epoch [81]
2022-07-21 20:50:15,442 INFO: Epoch: 105 | PSNR: 29.9954 | Loss: 5.6141 | lr: 2.50e-05 | Best_PSNR: 30.0067 in Epoch [81]
2022-07-21 20:51:14,004 INFO: Epoch: 106 | PSNR: 29.9988 | Loss: 5.6957 | lr: 2.50e-05 | Best_PSNR: 30.0067 in Epoch [81]
2022-07-21 20:52:10,100 INFO: Epoch: 107 | PSNR: 29.9910 | Loss: 5.6525 | lr: 2.50e-05 | Best_PSNR: 30.0067 in Epoch [81]
2022-07-21 20:53:05,403 INFO: Epoch: 108 | PSNR: 29.9998 | Loss: 5.6558 | lr: 2.50e-05 | Best_PSNR: 30.0067 in Epoch [81]
2022-07-21 20:54:00,417 INFO: Epoch: 109 | PSNR: 29.9998 | Loss: 5.6382 | lr: 2.50e-05 | Best_PSNR: 30.0067 in Epoch [81]
2022-07-21 20:54:53,017 INFO: Epoch: 110 | PSNR: 30.0014 | Loss: 5.6299 | lr: 2.50e-05 | Best_PSNR: 30.0067 in Epoch [81]
2022-07-21 20:55:53,228 INFO: Epoch: 111 | PSNR: 29.9966 | Loss: 5.6563 | lr: 2.50e-05 | Best_PSNR: 30.0067 in Epoch [81]
2022-07-21 20:56:49,646 INFO: Epoch: 112 | PSNR: 29.9931 | Loss: 5.6204 | lr: 2.50e-05 | Best_PSNR: 30.0067 in Epoch [81]
2022-07-21 20:57:41,489 INFO: Epoch: 113 | PSNR: 29.9971 | Loss: 5.6814 | lr: 2.50e-05 | Best_PSNR: 30.0067 in Epoch [81]
2022-07-21 20:58:36,192 INFO: Epoch: 114 | PSNR: 29.9983 | Loss: 5.6631 | lr: 2.50e-05 | Best_PSNR: 30.0067 in Epoch [81]
2022-07-21 20:59:34,014 INFO: Epoch: 115 | PSNR: 29.9982 | Loss: 5.6715 | lr: 2.50e-05 | Best_PSNR: 30.0067 in Epoch [81]
2022-07-21 21:00:33,414 INFO: Epoch: 116 | PSNR: 30.0031 | Loss: 5.6618 | lr: 2.50e-05 | Best_PSNR: 30.0067 in Epoch [81]
2022-07-21 21:01:39,337 INFO: Epoch: 117 | PSNR: 30.0018 | Loss: 5.6412 | lr: 2.50e-05 | Best_PSNR: 30.0067 in Epoch [81]
2022-07-21 21:02:36,475 INFO: Epoch: 118 | PSNR: 29.9948 | Loss: 5.6809 | lr: 2.50e-05 | Best_PSNR: 30.0067 in Epoch [81]
2022-07-21 21:03:34,899 INFO: Epoch: 119 | PSNR: 30.0001 | Loss: 5.6563 | lr: 2.50e-05 | Best_PSNR: 30.0067 in Epoch [81]
2022-07-21 21:04:36,322 INFO: Epoch: 120 | PSNR: 30.0029 | Loss: 5.6784 | lr: 2.50e-05 | Best_PSNR: 30.0067 in Epoch [81]
2022-07-21 21:05:33,729 INFO: Epoch: 121 | PSNR: 30.0042 | Loss: 5.6436 | lr: 2.50e-05 | Best_PSNR: 30.0067 in Epoch [81]
2022-07-21 21:06:32,567 INFO: Epoch: 122 | PSNR: 30.0028 | Loss: 5.6535 | lr: 2.50e-05 | Best_PSNR: 30.0067 in Epoch [81]
2022-07-21 21:07:25,547 INFO: Epoch: 123 | PSNR: 29.9998 | Loss: 5.6490 | lr: 2.50e-05 | Best_PSNR: 30.0067 in Epoch [81]
2022-07-21 21:08:17,412 INFO: Epoch: 124 | PSNR: 29.9988 | Loss: 5.6526 | lr: 2.50e-05 | Best_PSNR: 30.0067 in Epoch [81]
2022-07-21 21:09:10,378 INFO: Epoch: 125 | PSNR: 30.0017 | Loss: 5.6834 | lr: 2.50e-05 | Best_PSNR: 30.0067 in Epoch [81]
2022-07-21 21:10:04,223 INFO: Epoch: 126 | PSNR: 30.0010 | Loss: 5.6134 | lr: 2.50e-05 | Best_PSNR: 30.0067 in Epoch [81]
2022-07-21 21:10:54,317 INFO: Epoch: 127 | PSNR: 29.9953 | Loss: 5.6693 | lr: 2.50e-05 | Best_PSNR: 30.0067 in Epoch [81]
2022-07-21 21:11:43,714 INFO: Epoch: 128 | PSNR: 29.9969 | Loss: 5.7128 | lr: 2.50e-05 | Best_PSNR: 30.0067 in Epoch [81]
2022-07-21 21:12:36,746 INFO: Epoch: 129 | PSNR: 29.9970 | Loss: 5.6789 | lr: 2.50e-05 | Best_PSNR: 30.0067 in Epoch [81]
2022-07-21 21:13:28,232 INFO: Epoch: 130 | PSNR: 29.9997 | Loss: 5.6699 | lr: 2.50e-05 | Best_PSNR: 30.0067 in Epoch [81]
2022-07-21 21:14:25,156 INFO: Epoch: 131 | PSNR: 30.0007 | Loss: 5.6328 | lr: 2.50e-05 | Best_PSNR: 30.0067 in Epoch [81]
2022-07-21 21:15:25,541 INFO: Epoch: 132 | PSNR: 30.0029 | Loss: 5.6588 | lr: 2.50e-05 | Best_PSNR: 30.0067 in Epoch [81]
2022-07-21 21:16:26,501 INFO: Epoch: 133 | PSNR: 30.0038 | Loss: 5.6293 | lr: 2.50e-05 | Best_PSNR: 30.0067 in Epoch [81]
2022-07-21 21:17:28,261 INFO: Epoch: 134 | PSNR: 30.0013 | Loss: 5.6611 | lr: 2.50e-05 | Best_PSNR: 30.0067 in Epoch [81]
2022-07-21 21:18:28,878 INFO: Epoch: 135 | PSNR: 30.0027 | Loss: 5.6328 | lr: 2.50e-05 | Best_PSNR: 30.0067 in Epoch [81]
2022-07-21 21:19:30,239 INFO: Epoch: 136 | PSNR: 29.9988 | Loss: 5.6921 | lr: 2.50e-05 | Best_PSNR: 30.0067 in Epoch [81]
2022-07-21 21:20:35,520 INFO: Epoch: 137 | PSNR: 30.0031 | Loss: 5.6313 | lr: 2.50e-05 | Best_PSNR: 30.0067 in Epoch [81]
2022-07-21 21:21:38,760 INFO: Epoch: 138 | PSNR: 29.9950 | Loss: 5.6523 | lr: 2.50e-05 | Best_PSNR: 30.0067 in Epoch [81]
2022-07-21 21:22:43,977 INFO: Epoch: 139 | PSNR: 29.9965 | Loss: 5.6408 | lr: 2.50e-05 | Best_PSNR: 30.0067 in Epoch [81]
2022-07-21 21:23:48,381 INFO: Epoch: 140 | PSNR: 29.9978 | Loss: 5.6798 | lr: 2.50e-05 | Best_PSNR: 30.0067 in Epoch [81]
2022-07-21 21:24:52,294 INFO: Epoch: 141 | PSNR: 29.9965 | Loss: 5.6374 | lr: 2.50e-05 | Best_PSNR: 30.0067 in Epoch [81]
2022-07-21 21:25:54,338 INFO: Epoch: 142 | PSNR: 29.9991 | Loss: 5.6695 | lr: 2.50e-05 | Best_PSNR: 30.0067 in Epoch [81]
2022-07-21 21:26:57,805 INFO: Epoch: 143 | PSNR: 29.9990 | Loss: 5.6806 | lr: 2.50e-05 | Best_PSNR: 30.0067 in Epoch [81]
2022-07-21 21:28:01,399 INFO: Epoch: 144 | PSNR: 30.0019 | Loss: 5.6344 | lr: 2.50e-05 | Best_PSNR: 30.0067 in Epoch [81]
2022-07-21 21:29:01,268 INFO: Epoch: 145 | PSNR: 30.0041 | Loss: 5.6861 | lr: 2.50e-05 | Best_PSNR: 30.0067 in Epoch [81]
2022-07-21 21:30:03,982 INFO: Epoch: 146 | PSNR: 30.0016 | Loss: 5.6313 | lr: 2.50e-05 | Best_PSNR: 30.0067 in Epoch [81]
2022-07-21 21:31:04,934 INFO: Epoch: 147 | PSNR: 30.0005 | Loss: 5.7046 | lr: 2.50e-05 | Best_PSNR: 30.0067 in Epoch [81]
2022-07-21 21:32:10,480 INFO: Epoch: 148 | PSNR: 30.0000 | Loss: 5.6596 | lr: 2.50e-05 | Best_PSNR: 30.0067 in Epoch [81]
2022-07-21 21:33:18,068 INFO: Epoch: 149 | PSNR: 30.0022 | Loss: 5.6428 | lr: 2.50e-05 | Best_PSNR: 30.0067 in Epoch [81]
2022-07-21 21:34:22,247 INFO: Epoch: 150 | PSNR: 29.9976 | Loss: 5.6839 | lr: 2.50e-05 | Best_PSNR: 30.0067 in Epoch [81]
2022-07-21 21:35:28,241 INFO: Epoch: 151 | PSNR: 29.9995 | Loss: 5.6329 | lr: 1.25e-05 | Best_PSNR: 30.0067 in Epoch [81]
2022-07-21 21:36:31,666 INFO: Epoch: 152 | PSNR: 30.0026 | Loss: 5.6892 | lr: 1.25e-05 | Best_PSNR: 30.0067 in Epoch [81]
2022-07-21 21:37:36,435 INFO: Epoch: 153 | PSNR: 30.0020 | Loss: 5.6597 | lr: 1.25e-05 | Best_PSNR: 30.0067 in Epoch [81]
2022-07-21 21:38:30,558 INFO: Epoch: 154 | PSNR: 30.0012 | Loss: 5.6294 | lr: 1.25e-05 | Best_PSNR: 30.0067 in Epoch [81]
2022-07-21 21:39:21,676 INFO: Epoch: 155 | PSNR: 30.0000 | Loss: 5.6976 | lr: 1.25e-05 | Best_PSNR: 30.0067 in Epoch [81]
2022-07-21 21:40:17,105 INFO: Epoch: 156 | PSNR: 30.0006 | Loss: 5.6967 | lr: 1.25e-05 | Best_PSNR: 30.0067 in Epoch [81]
2022-07-21 21:41:09,967 INFO: Epoch: 157 | PSNR: 29.9985 | Loss: 5.6199 | lr: 1.25e-05 | Best_PSNR: 30.0067 in Epoch [81]
2022-07-21 21:42:00,548 INFO: Epoch: 158 | PSNR: 30.0061 | Loss: 5.6426 | lr: 1.25e-05 | Best_PSNR: 30.0067 in Epoch [81]
2022-07-21 21:42:52,988 INFO: Epoch: 159 | PSNR: 30.0068 | Loss: 5.6672 | lr: 1.25e-05 | Best_PSNR: 30.0068 in Epoch [159]
2022-07-21 21:43:45,185 INFO: Epoch: 160 | PSNR: 30.0047 | Loss: 5.6541 | lr: 1.25e-05 | Best_PSNR: 30.0068 in Epoch [159]
2022-07-21 21:44:37,323 INFO: Epoch: 161 | PSNR: 30.0029 | Loss: 5.6824 | lr: 1.25e-05 | Best_PSNR: 30.0068 in Epoch [159]
2022-07-21 21:45:29,783 INFO: Epoch: 162 | PSNR: 30.0030 | Loss: 5.6385 | lr: 1.25e-05 | Best_PSNR: 30.0068 in Epoch [159]
2022-07-21 21:46:24,024 INFO: Epoch: 163 | PSNR: 30.0032 | Loss: 5.6435 | lr: 1.25e-05 | Best_PSNR: 30.0068 in Epoch [159]
2022-07-21 21:47:15,496 INFO: Epoch: 164 | PSNR: 30.0039 | Loss: 5.6310 | lr: 1.25e-05 | Best_PSNR: 30.0068 in Epoch [159]
2022-07-21 21:48:05,739 INFO: Epoch: 165 | PSNR: 29.9987 | Loss: 5.6460 | lr: 1.25e-05 | Best_PSNR: 30.0068 in Epoch [159]
2022-07-21 21:48:57,090 INFO: Epoch: 166 | PSNR: 29.9988 | Loss: 5.6523 | lr: 1.25e-05 | Best_PSNR: 30.0068 in Epoch [159]
2022-07-21 21:49:50,807 INFO: Epoch: 167 | PSNR: 30.0058 | Loss: 5.7038 | lr: 1.25e-05 | Best_PSNR: 30.0068 in Epoch [159]
2022-07-21 21:50:44,718 INFO: Epoch: 168 | PSNR: 30.0046 | Loss: 5.6494 | lr: 1.25e-05 | Best_PSNR: 30.0068 in Epoch [159]
2022-07-21 21:51:38,004 INFO: Epoch: 169 | PSNR: 29.9937 | Loss: 5.6468 | lr: 1.25e-05 | Best_PSNR: 30.0068 in Epoch [159]
2022-07-21 21:52:28,851 INFO: Epoch: 170 | PSNR: 30.0020 | Loss: 5.7372 | lr: 1.25e-05 | Best_PSNR: 30.0068 in Epoch [159]
2022-07-21 21:53:21,734 INFO: Epoch: 171 | PSNR: 30.0055 | Loss: 5.6111 | lr: 1.25e-05 | Best_PSNR: 30.0068 in Epoch [159]
2022-07-21 21:54:15,845 INFO: Epoch: 172 | PSNR: 29.9960 | Loss: 5.6565 | lr: 1.25e-05 | Best_PSNR: 30.0068 in Epoch [159]
2022-07-21 21:55:11,532 INFO: Epoch: 173 | PSNR: 29.9988 | Loss: 5.6605 | lr: 1.25e-05 | Best_PSNR: 30.0068 in Epoch [159]
2022-07-21 21:56:07,865 INFO: Epoch: 174 | PSNR: 30.0000 | Loss: 5.6570 | lr: 1.25e-05 | Best_PSNR: 30.0068 in Epoch [159]
2022-07-21 21:57:09,707 INFO: Epoch: 175 | PSNR: 29.9998 | Loss: 5.6458 | lr: 1.25e-05 | Best_PSNR: 30.0068 in Epoch [159]
2022-07-21 21:58:10,452 INFO: Epoch: 176 | PSNR: 30.0010 | Loss: 5.6907 | lr: 1.25e-05 | Best_PSNR: 30.0068 in Epoch [159]
2022-07-21 21:59:10,684 INFO: Epoch: 177 | PSNR: 29.9994 | Loss: 5.6382 | lr: 1.25e-05 | Best_PSNR: 30.0068 in Epoch [159]
2022-07-21 22:00:11,371 INFO: Epoch: 178 | PSNR: 29.9997 | Loss: 5.6602 | lr: 1.25e-05 | Best_PSNR: 30.0068 in Epoch [159]
2022-07-21 22:01:09,357 INFO: Epoch: 179 | PSNR: 30.0000 | Loss: 5.6684 | lr: 1.25e-05 | Best_PSNR: 30.0068 in Epoch [159]
2022-07-21 22:02:11,824 INFO: Epoch: 180 | PSNR: 30.0019 | Loss: 5.6817 | lr: 1.25e-05 | Best_PSNR: 30.0068 in Epoch [159]
2022-07-21 22:03:05,808 INFO: Epoch: 181 | PSNR: 30.0009 | Loss: 5.6511 | lr: 1.25e-05 | Best_PSNR: 30.0068 in Epoch [159]
2022-07-21 22:03:58,488 INFO: Epoch: 182 | PSNR: 29.9958 | Loss: 5.5998 | lr: 1.25e-05 | Best_PSNR: 30.0068 in Epoch [159]
2022-07-21 22:04:51,473 INFO: Epoch: 183 | PSNR: 30.0003 | Loss: 5.6364 | lr: 1.25e-05 | Best_PSNR: 30.0068 in Epoch [159]
2022-07-21 22:05:50,459 INFO: Epoch: 184 | PSNR: 30.0026 | Loss: 5.6404 | lr: 1.25e-05 | Best_PSNR: 30.0068 in Epoch [159]
2022-07-21 22:06:47,854 INFO: Epoch: 185 | PSNR: 29.9992 | Loss: 5.6578 | lr: 1.25e-05 | Best_PSNR: 30.0068 in Epoch [159]
2022-07-21 22:07:55,479 INFO: Epoch: 186 | PSNR: 30.0018 | Loss: 5.7085 | lr: 1.25e-05 | Best_PSNR: 30.0068 in Epoch [159]
2022-07-21 22:08:55,866 INFO: Epoch: 187 | PSNR: 29.9966 | Loss: 5.6250 | lr: 1.25e-05 | Best_PSNR: 30.0068 in Epoch [159]
2022-07-21 22:09:59,658 INFO: Epoch: 188 | PSNR: 30.0002 | Loss: 5.6623 | lr: 1.25e-05 | Best_PSNR: 30.0068 in Epoch [159]
2022-07-21 22:10:58,172 INFO: Epoch: 189 | PSNR: 30.0048 | Loss: 5.6454 | lr: 1.25e-05 | Best_PSNR: 30.0068 in Epoch [159]
2022-07-21 22:11:56,455 INFO: Epoch: 190 | PSNR: 30.0064 | Loss: 5.6246 | lr: 1.25e-05 | Best_PSNR: 30.0068 in Epoch [159]
2022-07-21 22:12:58,269 INFO: Epoch: 191 | PSNR: 30.0048 | Loss: 5.6245 | lr: 1.25e-05 | Best_PSNR: 30.0068 in Epoch [159]
2022-07-21 22:14:00,874 INFO: Epoch: 192 | PSNR: 29.9972 | Loss: 5.6334 | lr: 1.25e-05 | Best_PSNR: 30.0068 in Epoch [159]
2022-07-21 22:15:02,382 INFO: Epoch: 193 | PSNR: 30.0014 | Loss: 5.6711 | lr: 1.25e-05 | Best_PSNR: 30.0068 in Epoch [159]
2022-07-21 22:16:02,414 INFO: Epoch: 194 | PSNR: 30.0046 | Loss: 5.6405 | lr: 1.25e-05 | Best_PSNR: 30.0068 in Epoch [159]
2022-07-21 22:17:04,556 INFO: Epoch: 195 | PSNR: 29.9998 | Loss: 5.6594 | lr: 1.25e-05 | Best_PSNR: 30.0068 in Epoch [159]
2022-07-21 22:18:06,118 INFO: Epoch: 196 | PSNR: 30.0015 | Loss: 5.6417 | lr: 1.25e-05 | Best_PSNR: 30.0068 in Epoch [159]
2022-07-21 22:19:10,421 INFO: Epoch: 197 | PSNR: 30.0004 | Loss: 5.6741 | lr: 1.25e-05 | Best_PSNR: 30.0068 in Epoch [159]
2022-07-21 22:20:13,780 INFO: Epoch: 198 | PSNR: 30.0031 | Loss: 5.6394 | lr: 1.25e-05 | Best_PSNR: 30.0068 in Epoch [159]
2022-07-21 22:21:16,728 INFO: Epoch: 199 | PSNR: 29.9948 | Loss: 5.6303 | lr: 1.25e-05 | Best_PSNR: 30.0068 in Epoch [159]
2022-07-21 22:22:17,084 INFO: Epoch: 200 | PSNR: 30.0047 | Loss: 5.6444 | lr: 1.25e-05 | Best_PSNR: 30.0068 in Epoch [159]
2022-07-21 22:23:20,277 INFO: Epoch: 201 | PSNR: 30.0032 | Loss: 5.6651 | lr: 6.25e-06 | Best_PSNR: 30.0068 in Epoch [159]
2022-07-21 22:24:21,389 INFO: Epoch: 202 | PSNR: 29.9976 | Loss: 5.6752 | lr: 6.25e-06 | Best_PSNR: 30.0068 in Epoch [159]
2022-07-21 22:25:22,458 INFO: Epoch: 203 | PSNR: 29.9980 | Loss: 5.6668 | lr: 6.25e-06 | Best_PSNR: 30.0068 in Epoch [159]
2022-07-21 22:26:26,562 INFO: Epoch: 204 | PSNR: 30.0002 | Loss: 5.6639 | lr: 6.25e-06 | Best_PSNR: 30.0068 in Epoch [159]
2022-07-21 22:27:27,330 INFO: Epoch: 205 | PSNR: 29.9987 | Loss: 5.6312 | lr: 6.25e-06 | Best_PSNR: 30.0068 in Epoch [159]
2022-07-21 22:28:31,443 INFO: Epoch: 206 | PSNR: 30.0025 | Loss: 5.6432 | lr: 6.25e-06 | Best_PSNR: 30.0068 in Epoch [159]
2022-07-21 22:29:32,791 INFO: Epoch: 207 | PSNR: 30.0009 | Loss: 5.6534 | lr: 6.25e-06 | Best_PSNR: 30.0068 in Epoch [159]
2022-07-21 22:30:36,475 INFO: Epoch: 208 | PSNR: 30.0023 | Loss: 5.6393 | lr: 6.25e-06 | Best_PSNR: 30.0068 in Epoch [159]
2022-07-21 22:31:39,900 INFO: Epoch: 209 | PSNR: 30.0014 | Loss: 5.6280 | lr: 6.25e-06 | Best_PSNR: 30.0068 in Epoch [159]
2022-07-21 22:32:40,764 INFO: Epoch: 210 | PSNR: 30.0031 | Loss: 5.6383 | lr: 6.25e-06 | Best_PSNR: 30.0068 in Epoch [159]
2022-07-21 22:33:42,337 INFO: Epoch: 211 | PSNR: 30.0005 | Loss: 5.6787 | lr: 6.25e-06 | Best_PSNR: 30.0068 in Epoch [159]
2022-07-21 22:34:47,063 INFO: Epoch: 212 | PSNR: 30.0014 | Loss: 5.6446 | lr: 6.25e-06 | Best_PSNR: 30.0068 in Epoch [159]
2022-07-21 22:35:45,081 INFO: Epoch: 213 | PSNR: 30.0000 | Loss: 5.6496 | lr: 6.25e-06 | Best_PSNR: 30.0068 in Epoch [159]
2022-07-21 22:36:49,322 INFO: Epoch: 214 | PSNR: 30.0027 | Loss: 5.6658 | lr: 6.25e-06 | Best_PSNR: 30.0068 in Epoch [159]
2022-07-21 22:37:53,602 INFO: Epoch: 215 | PSNR: 29.9990 | Loss: 5.6494 | lr: 6.25e-06 | Best_PSNR: 30.0068 in Epoch [159]
2022-07-21 22:38:56,548 INFO: Epoch: 216 | PSNR: 29.9986 | Loss: 5.6622 | lr: 6.25e-06 | Best_PSNR: 30.0068 in Epoch [159]
2022-07-21 22:39:56,726 INFO: Epoch: 217 | PSNR: 30.0010 | Loss: 5.6310 | lr: 6.25e-06 | Best_PSNR: 30.0068 in Epoch [159]
2022-07-21 22:40:55,271 INFO: Epoch: 218 | PSNR: 30.0053 | Loss: 5.6435 | lr: 6.25e-06 | Best_PSNR: 30.0068 in Epoch [159]
2022-07-21 22:41:57,667 INFO: Epoch: 219 | PSNR: 29.9995 | Loss: 5.6072 | lr: 6.25e-06 | Best_PSNR: 30.0068 in Epoch [159]
2022-07-21 22:42:58,546 INFO: Epoch: 220 | PSNR: 30.0038 | Loss: 5.6511 | lr: 6.25e-06 | Best_PSNR: 30.0068 in Epoch [159]
2022-07-21 22:44:00,278 INFO: Epoch: 221 | PSNR: 30.0051 | Loss: 5.6862 | lr: 6.25e-06 | Best_PSNR: 30.0068 in Epoch [159]
2022-07-21 22:45:01,057 INFO: Epoch: 222 | PSNR: 29.9974 | Loss: 5.6108 | lr: 6.25e-06 | Best_PSNR: 30.0068 in Epoch [159]
2022-07-21 22:46:04,104 INFO: Epoch: 223 | PSNR: 29.9940 | Loss: 5.6703 | lr: 6.25e-06 | Best_PSNR: 30.0068 in Epoch [159]
2022-07-21 22:47:03,713 INFO: Epoch: 224 | PSNR: 29.9949 | Loss: 5.6535 | lr: 6.25e-06 | Best_PSNR: 30.0068 in Epoch [159]
2022-07-21 22:48:07,243 INFO: Epoch: 225 | PSNR: 30.0008 | Loss: 5.6537 | lr: 6.25e-06 | Best_PSNR: 30.0068 in Epoch [159]
2022-07-21 22:49:09,646 INFO: Epoch: 226 | PSNR: 29.9997 | Loss: 5.6952 | lr: 6.25e-06 | Best_PSNR: 30.0068 in Epoch [159]
2022-07-21 22:50:10,120 INFO: Epoch: 227 | PSNR: 30.0020 | Loss: 5.6561 | lr: 6.25e-06 | Best_PSNR: 30.0068 in Epoch [159]
2022-07-21 22:51:12,780 INFO: Epoch: 228 | PSNR: 30.0058 | Loss: 5.6397 | lr: 6.25e-06 | Best_PSNR: 30.0068 in Epoch [159]
2022-07-21 22:52:13,046 INFO: Epoch: 229 | PSNR: 30.0026 | Loss: 5.6298 | lr: 6.25e-06 | Best_PSNR: 30.0068 in Epoch [159]
2022-07-21 22:53:13,441 INFO: Epoch: 230 | PSNR: 30.0045 | Loss: 5.6708 | lr: 6.25e-06 | Best_PSNR: 30.0068 in Epoch [159]
2022-07-21 22:54:20,032 INFO: Epoch: 231 | PSNR: 29.9995 | Loss: 5.6907 | lr: 6.25e-06 | Best_PSNR: 30.0068 in Epoch [159]
2022-07-21 22:55:18,382 INFO: Epoch: 232 | PSNR: 30.0015 | Loss: 5.6773 | lr: 6.25e-06 | Best_PSNR: 30.0068 in Epoch [159]
2022-07-21 22:56:23,127 INFO: Epoch: 233 | PSNR: 30.0010 | Loss: 5.6477 | lr: 6.25e-06 | Best_PSNR: 30.0068 in Epoch [159]
2022-07-21 22:57:23,637 INFO: Epoch: 234 | PSNR: 29.9982 | Loss: 5.6878 | lr: 6.25e-06 | Best_PSNR: 30.0068 in Epoch [159]
2022-07-21 22:58:28,023 INFO: Epoch: 235 | PSNR: 29.9977 | Loss: 5.6431 | lr: 6.25e-06 | Best_PSNR: 30.0068 in Epoch [159]
2022-07-21 22:59:27,797 INFO: Epoch: 236 | PSNR: 29.9990 | Loss: 5.6315 | lr: 6.25e-06 | Best_PSNR: 30.0068 in Epoch [159]
2022-07-21 23:00:29,930 INFO: Epoch: 237 | PSNR: 29.9992 | Loss: 5.6540 | lr: 6.25e-06 | Best_PSNR: 30.0068 in Epoch [159]
2022-07-21 23:01:28,188 INFO: Epoch: 238 | PSNR: 30.0057 | Loss: 5.6848 | lr: 6.25e-06 | Best_PSNR: 30.0068 in Epoch [159]
2022-07-21 23:02:31,668 INFO: Epoch: 239 | PSNR: 30.0031 | Loss: 5.7018 | lr: 6.25e-06 | Best_PSNR: 30.0068 in Epoch [159]
2022-07-21 23:03:28,025 INFO: Epoch: 240 | PSNR: 29.9984 | Loss: 5.6973 | lr: 6.25e-06 | Best_PSNR: 30.0068 in Epoch [159]
2022-07-21 23:04:30,725 INFO: Epoch: 241 | PSNR: 29.9921 | Loss: 5.6971 | lr: 6.25e-06 | Best_PSNR: 30.0068 in Epoch [159]
2022-07-21 23:05:29,260 INFO: Epoch: 242 | PSNR: 30.0026 | Loss: 5.6470 | lr: 6.25e-06 | Best_PSNR: 30.0068 in Epoch [159]
2022-07-21 23:06:34,080 INFO: Epoch: 243 | PSNR: 29.9984 | Loss: 5.6378 | lr: 6.25e-06 | Best_PSNR: 30.0068 in Epoch [159]
2022-07-21 23:07:33,356 INFO: Epoch: 244 | PSNR: 29.9960 | Loss: 5.6237 | lr: 6.25e-06 | Best_PSNR: 30.0068 in Epoch [159]
2022-07-21 23:08:35,476 INFO: Epoch: 245 | PSNR: 29.9999 | Loss: 5.6280 | lr: 6.25e-06 | Best_PSNR: 30.0068 in Epoch [159]
2022-07-21 23:09:37,836 INFO: Epoch: 246 | PSNR: 29.9997 | Loss: 5.6542 | lr: 6.25e-06 | Best_PSNR: 30.0068 in Epoch [159]
2022-07-21 23:10:44,913 INFO: Epoch: 247 | PSNR: 29.9976 | Loss: 5.6598 | lr: 6.25e-06 | Best_PSNR: 30.0068 in Epoch [159]
2022-07-21 23:11:47,562 INFO: Epoch: 248 | PSNR: 29.9992 | Loss: 5.6497 | lr: 6.25e-06 | Best_PSNR: 30.0068 in Epoch [159]
2022-07-21 23:12:51,241 INFO: Epoch: 249 | PSNR: 30.0005 | Loss: 5.6323 | lr: 6.25e-06 | Best_PSNR: 30.0068 in Epoch [159]
2022-07-21 23:13:53,861 INFO: Epoch: 250 | PSNR: 29.9969 | Loss: 5.6157 | lr: 6.25e-06 | Best_PSNR: 30.0068 in Epoch [159]
2022-07-21 23:14:56,185 INFO: Epoch: 251 | PSNR: 30.0038 | Loss: 5.6583 | lr: 3.12e-06 | Best_PSNR: 30.0068 in Epoch [159]
2022-07-21 23:15:59,453 INFO: Epoch: 252 | PSNR: 29.9998 | Loss: 5.6629 | lr: 3.12e-06 | Best_PSNR: 30.0068 in Epoch [159]
2022-07-21 23:17:02,229 INFO: Epoch: 253 | PSNR: 29.9998 | Loss: 5.5969 | lr: 3.12e-06 | Best_PSNR: 30.0068 in Epoch [159]
2022-07-21 23:18:07,001 INFO: Epoch: 254 | PSNR: 30.0045 | Loss: 5.6830 | lr: 3.12e-06 | Best_PSNR: 30.0068 in Epoch [159]
2022-07-21 23:19:09,929 INFO: Epoch: 255 | PSNR: 29.9980 | Loss: 5.7007 | lr: 3.12e-06 | Best_PSNR: 30.0068 in Epoch [159]
2022-07-21 23:20:16,201 INFO: Epoch: 256 | PSNR: 30.0003 | Loss: 5.6480 | lr: 3.12e-06 | Best_PSNR: 30.0068 in Epoch [159]
2022-07-21 23:21:16,358 INFO: Epoch: 257 | PSNR: 30.0013 | Loss: 5.6487 | lr: 3.12e-06 | Best_PSNR: 30.0068 in Epoch [159]
2022-07-21 23:22:17,512 INFO: Epoch: 258 | PSNR: 30.0011 | Loss: 5.6842 | lr: 3.12e-06 | Best_PSNR: 30.0068 in Epoch [159]
2022-07-21 23:23:21,351 INFO: Epoch: 259 | PSNR: 30.0003 | Loss: 5.6896 | lr: 3.12e-06 | Best_PSNR: 30.0068 in Epoch [159]
2022-07-21 23:24:23,658 INFO: Epoch: 260 | PSNR: 29.9946 | Loss: 5.7005 | lr: 3.12e-06 | Best_PSNR: 30.0068 in Epoch [159]
2022-07-21 23:25:24,231 INFO: Epoch: 261 | PSNR: 30.0025 | Loss: 5.6586 | lr: 3.12e-06 | Best_PSNR: 30.0068 in Epoch [159]
2022-07-21 23:26:28,349 INFO: Epoch: 262 | PSNR: 30.0037 | Loss: 5.6210 | lr: 3.12e-06 | Best_PSNR: 30.0068 in Epoch [159]
2022-07-21 23:27:25,148 INFO: Epoch: 263 | PSNR: 30.0018 | Loss: 5.6999 | lr: 3.12e-06 | Best_PSNR: 30.0068 in Epoch [159]
2022-07-21 23:28:27,889 INFO: Epoch: 264 | PSNR: 30.0008 | Loss: 5.5923 | lr: 3.12e-06 | Best_PSNR: 30.0068 in Epoch [159]
2022-07-21 23:29:24,787 INFO: Epoch: 265 | PSNR: 29.9996 | Loss: 5.6825 | lr: 3.12e-06 | Best_PSNR: 30.0068 in Epoch [159]
2022-07-21 23:30:26,841 INFO: Epoch: 266 | PSNR: 29.9995 | Loss: 5.6484 | lr: 3.12e-06 | Best_PSNR: 30.0068 in Epoch [159]
2022-07-21 23:31:26,906 INFO: Epoch: 267 | PSNR: 29.9854 | Loss: 5.7192 | lr: 3.12e-06 | Best_PSNR: 30.0068 in Epoch [159]
2022-07-21 23:32:28,947 INFO: Epoch: 268 | PSNR: 29.9942 | Loss: 5.6557 | lr: 3.12e-06 | Best_PSNR: 30.0068 in Epoch [159]
2022-07-21 23:33:28,281 INFO: Epoch: 269 | PSNR: 30.0005 | Loss: 5.6582 | lr: 3.12e-06 | Best_PSNR: 30.0068 in Epoch [159]
2022-07-21 23:34:30,617 INFO: Epoch: 270 | PSNR: 30.0034 | Loss: 5.6742 | lr: 3.12e-06 | Best_PSNR: 30.0068 in Epoch [159]
