2022-07-23 09:55:16,302 INFO: Create train dataset successfully!
2022-07-23 09:55:16,302 INFO: Training: [1000] iterations for each epoch
2022-07-23 09:55:16,303 INFO: Create val dataset successfully!
2022-07-23 09:55:16,303 INFO: Validating: [100] iterations for each epoch
2022-07-23 09:55:16,303 INFO: Preparing for experiment: [trial18]
2022-07-23 09:55:16,863 INFO: Create model successfully! Params: [37.78]K
2022-07-23 09:55:16,863 INFO: Model: "model"
2022-07-23 09:55:16,863 INFO: __________________________________________________________________________________________________
2022-07-23 09:55:16,863 INFO: Layer (type)                    Output Shape         Param #     Connected to                     
2022-07-23 09:55:16,863 INFO: ==================================================================================================
2022-07-23 09:55:16,863 INFO: input_1 (InputLayer)            [(None, None, None,  0                                            
2022-07-23 09:55:16,863 INFO: __________________________________________________________________________________________________
2022-07-23 09:55:16,863 INFO: conv2d (Conv2D)                 (None, None, None, 2 672         input_1[0][0]                    
2022-07-23 09:55:16,863 INFO: __________________________________________________________________________________________________
2022-07-23 09:55:16,863 INFO: conv2d_1 (Conv2D)               (None, None, None, 2 5208        conv2d[0][0]                     
2022-07-23 09:55:16,863 INFO: __________________________________________________________________________________________________
2022-07-23 09:55:16,863 INFO: conv2d_2 (Conv2D)               (None, None, None, 2 5208        conv2d_1[0][0]                   
2022-07-23 09:55:16,863 INFO: __________________________________________________________________________________________________
2022-07-23 09:55:16,864 INFO: conv2d_3 (Conv2D)               (None, None, None, 2 5208        conv2d_2[0][0]                   
2022-07-23 09:55:16,864 INFO: __________________________________________________________________________________________________
2022-07-23 09:55:16,864 INFO: conv2d_4 (Conv2D)               (None, None, None, 2 5208        conv2d_3[0][0]                   
2022-07-23 09:55:16,864 INFO: __________________________________________________________________________________________________
2022-07-23 09:55:16,864 INFO: conv2d_5 (Conv2D)               (None, None, None, 2 5208        conv2d_4[0][0]                   
2022-07-23 09:55:16,864 INFO: __________________________________________________________________________________________________
2022-07-23 09:55:16,864 INFO: conv2d_6 (Conv2D)               (None, None, None, 2 5208        conv2d_5[0][0]                   
2022-07-23 09:55:16,864 INFO: __________________________________________________________________________________________________
2022-07-23 09:55:16,864 INFO: lambda (Lambda)                 (None, None, None, 2 0           input_1[0][0]                    
2022-07-23 09:55:16,864 INFO:                                                                  input_1[0][0]                    
2022-07-23 09:55:16,864 INFO:                                                                  input_1[0][0]                    
2022-07-23 09:55:16,864 INFO:                                                                  input_1[0][0]                    
2022-07-23 09:55:16,864 INFO:                                                                  input_1[0][0]                    
2022-07-23 09:55:16,864 INFO:                                                                  input_1[0][0]                    
2022-07-23 09:55:16,864 INFO:                                                                  input_1[0][0]                    
2022-07-23 09:55:16,864 INFO:                                                                  input_1[0][0]                    
2022-07-23 09:55:16,864 INFO:                                                                  input_1[0][0]                    
2022-07-23 09:55:16,864 INFO: __________________________________________________________________________________________________
2022-07-23 09:55:16,864 INFO: conv2d_7 (Conv2D)               (None, None, None, 2 5859        conv2d_6[0][0]                   
2022-07-23 09:55:16,865 INFO: __________________________________________________________________________________________________
2022-07-23 09:55:16,865 INFO: add (Add)                       (None, None, None, 2 0           lambda[0][0]                     
2022-07-23 09:55:16,865 INFO:                                                                  conv2d_7[0][0]                   
2022-07-23 09:55:16,865 INFO: __________________________________________________________________________________________________
2022-07-23 09:55:16,865 INFO: lambda_1 (Lambda)               (None, None, None, 3 0           add[0][0]                        
2022-07-23 09:55:16,865 INFO: ==================================================================================================
2022-07-23 09:55:16,865 INFO: Total params: 37,779
2022-07-23 09:55:16,865 INFO: Trainable params: 37,779
2022-07-23 09:55:16,865 INFO: Non-trainable params: 0
2022-07-23 09:55:16,865 INFO: __________________________________________________________________________________________________
2022-07-23 09:55:16,865 INFO: Start training...
2022-07-23 09:56:01,470 INFO: Epoch: 1 | PSNR: 26.8946 | Loss: 6.3880 | lr: 1.00e-03 | Best_PSNR: 26.8946 | max_value: 255.0 in Epoch [1]
2022-07-23 09:56:41,940 INFO: Epoch: 2 | PSNR: 28.0772 | Loss: 5.9625 | lr: 1.00e-03 | Best_PSNR: 28.0772 | max_value: 255.0 in Epoch [2]
2022-07-23 09:57:20,339 INFO: Epoch: 3 | PSNR: 29.0274 | Loss: 5.9134 | lr: 1.00e-03 | Best_PSNR: 29.0274 | max_value: 255.0 in Epoch [3]
2022-07-23 09:57:58,457 INFO: Epoch: 4 | PSNR: 29.3921 | Loss: 5.8850 | lr: 1.00e-03 | Best_PSNR: 29.3921 | max_value: 255.0 in Epoch [4]
2022-07-23 09:58:35,993 INFO: Epoch: 5 | PSNR: 29.5136 | Loss: 5.8550 | lr: 1.00e-03 | Best_PSNR: 29.5136 | max_value: 255.0 in Epoch [5]
2022-07-23 09:59:13,187 INFO: Epoch: 6 | PSNR: 29.5682 | Loss: 5.8611 | lr: 1.00e-03 | Best_PSNR: 29.5682 | max_value: 255.0 in Epoch [6]
2022-07-23 09:59:50,741 INFO: Epoch: 7 | PSNR: 29.6013 | Loss: 5.8308 | lr: 1.00e-03 | Best_PSNR: 29.6013 | max_value: 255.0 in Epoch [7]
2022-07-23 10:00:27,774 INFO: Epoch: 8 | PSNR: 29.6354 | Loss: 5.8140 | lr: 1.00e-03 | Best_PSNR: 29.6354 | max_value: 255.0 in Epoch [8]
2022-07-23 10:01:04,510 INFO: Epoch: 9 | PSNR: 29.6990 | Loss: 5.7691 | lr: 1.00e-03 | Best_PSNR: 29.6990 | max_value: 255.0 in Epoch [9]
2022-07-23 10:01:42,472 INFO: Epoch: 10 | PSNR: 29.7691 | Loss: 5.7263 | lr: 1.00e-03 | Best_PSNR: 29.7691 | max_value: 255.0 in Epoch [10]
2022-07-23 10:02:20,529 INFO: Epoch: 11 | PSNR: 29.8159 | Loss: 5.6949 | lr: 1.00e-03 | Best_PSNR: 29.8159 | max_value: 255.0 in Epoch [11]
2022-07-23 10:02:58,444 INFO: Epoch: 12 | PSNR: 29.8482 | Loss: 5.6757 | lr: 1.00e-03 | Best_PSNR: 29.8482 | max_value: 255.0 in Epoch [12]
2022-07-23 10:03:36,642 INFO: Epoch: 13 | PSNR: 29.8675 | Loss: 5.6542 | lr: 1.00e-03 | Best_PSNR: 29.8675 | max_value: 255.0 in Epoch [13]
2022-07-23 10:04:16,167 INFO: Epoch: 14 | PSNR: 29.8801 | Loss: 5.6687 | lr: 1.00e-03 | Best_PSNR: 29.8801 | max_value: 255.0 in Epoch [14]
2022-07-23 10:04:55,313 INFO: Epoch: 15 | PSNR: 29.8971 | Loss: 5.6405 | lr: 1.00e-03 | Best_PSNR: 29.8971 | max_value: 255.0 in Epoch [15]
2022-07-23 10:05:34,300 INFO: Epoch: 16 | PSNR: 29.9069 | Loss: 5.6806 | lr: 1.00e-03 | Best_PSNR: 29.9069 | max_value: 255.0 in Epoch [16]
2022-07-23 10:06:13,651 INFO: Epoch: 17 | PSNR: 29.9159 | Loss: 5.6838 | lr: 1.00e-03 | Best_PSNR: 29.9159 | max_value: 255.0 in Epoch [17]
2022-07-23 10:06:52,411 INFO: Epoch: 18 | PSNR: 29.9249 | Loss: 5.6616 | lr: 1.00e-03 | Best_PSNR: 29.9249 | max_value: 255.0 in Epoch [18]
2022-07-23 10:07:29,563 INFO: Epoch: 19 | PSNR: 29.9319 | Loss: 5.6837 | lr: 1.00e-03 | Best_PSNR: 29.9319 | max_value: 255.0 in Epoch [19]
2022-07-23 10:08:07,450 INFO: Epoch: 20 | PSNR: 29.9386 | Loss: 5.6436 | lr: 1.00e-03 | Best_PSNR: 29.9386 | max_value: 255.0 in Epoch [20]
2022-07-23 10:08:45,518 INFO: Epoch: 21 | PSNR: 29.9447 | Loss: 5.6378 | lr: 1.00e-03 | Best_PSNR: 29.9447 | max_value: 255.0 in Epoch [21]
2022-07-23 10:09:25,427 INFO: Epoch: 22 | PSNR: 29.9513 | Loss: 5.6345 | lr: 1.00e-03 | Best_PSNR: 29.9513 | max_value: 255.0 in Epoch [22]
2022-07-23 10:10:05,894 INFO: Epoch: 23 | PSNR: 29.9569 | Loss: 5.6594 | lr: 1.00e-03 | Best_PSNR: 29.9569 | max_value: 255.0 in Epoch [23]
2022-07-23 10:10:46,093 INFO: Epoch: 24 | PSNR: 29.9621 | Loss: 5.6115 | lr: 1.00e-03 | Best_PSNR: 29.9621 | max_value: 255.0 in Epoch [24]
2022-07-23 10:11:26,060 INFO: Epoch: 25 | PSNR: 29.9663 | Loss: 5.6524 | lr: 1.00e-03 | Best_PSNR: 29.9663 | max_value: 255.0 in Epoch [25]
2022-07-23 10:12:04,378 INFO: Epoch: 26 | PSNR: 29.9696 | Loss: 5.6768 | lr: 1.00e-03 | Best_PSNR: 29.9696 | max_value: 255.0 in Epoch [26]
2022-07-23 10:12:42,109 INFO: Epoch: 27 | PSNR: 29.9744 | Loss: 5.6339 | lr: 1.00e-03 | Best_PSNR: 29.9744 | max_value: 255.0 in Epoch [27]
2022-07-23 10:13:21,654 INFO: Epoch: 28 | PSNR: 29.9789 | Loss: 5.6644 | lr: 1.00e-03 | Best_PSNR: 29.9789 | max_value: 255.0 in Epoch [28]
2022-07-23 10:14:01,427 INFO: Epoch: 29 | PSNR: 29.9826 | Loss: 5.6730 | lr: 1.00e-03 | Best_PSNR: 29.9826 | max_value: 255.0 in Epoch [29]
2022-07-23 10:14:41,920 INFO: Epoch: 30 | PSNR: 29.9859 | Loss: 5.6269 | lr: 1.00e-03 | Best_PSNR: 29.9859 | max_value: 255.0 in Epoch [30]
2022-07-23 10:15:21,025 INFO: Epoch: 31 | PSNR: 29.9896 | Loss: 5.5767 | lr: 1.00e-03 | Best_PSNR: 29.9896 | max_value: 255.0 in Epoch [31]
2022-07-23 10:15:59,563 INFO: Epoch: 32 | PSNR: 29.9924 | Loss: 5.6478 | lr: 1.00e-03 | Best_PSNR: 29.9924 | max_value: 255.0 in Epoch [32]
2022-07-23 10:16:41,165 INFO: Epoch: 33 | PSNR: 29.9937 | Loss: 5.6527 | lr: 1.00e-03 | Best_PSNR: 29.9937 | max_value: 255.0 in Epoch [33]
2022-07-23 10:17:24,109 INFO: Epoch: 34 | PSNR: 29.9978 | Loss: 5.6337 | lr: 1.00e-03 | Best_PSNR: 29.9978 | max_value: 255.0 in Epoch [34]
2022-07-23 10:18:05,168 INFO: Epoch: 35 | PSNR: 30.0015 | Loss: 5.6159 | lr: 1.00e-03 | Best_PSNR: 30.0015 | max_value: 255.0 in Epoch [35]
2022-07-23 10:18:45,348 INFO: Epoch: 36 | PSNR: 30.0010 | Loss: 5.5937 | lr: 1.00e-03 | Best_PSNR: 30.0015 | max_value: 255.0 in Epoch [35]
2022-07-23 10:19:25,978 INFO: Epoch: 37 | PSNR: 30.0018 | Loss: 5.6075 | lr: 1.00e-03 | Best_PSNR: 30.0018 | max_value: 255.0 in Epoch [37]
2022-07-23 10:20:06,765 INFO: Epoch: 38 | PSNR: 30.0086 | Loss: 5.6398 | lr: 1.00e-03 | Best_PSNR: 30.0086 | max_value: 255.0 in Epoch [38]
2022-07-23 10:20:47,648 INFO: Epoch: 39 | PSNR: 30.0078 | Loss: 5.6103 | lr: 1.00e-03 | Best_PSNR: 30.0086 | max_value: 255.0 in Epoch [38]
2022-07-23 10:21:27,754 INFO: Epoch: 40 | PSNR: 30.0095 | Loss: 5.5735 | lr: 1.00e-03 | Best_PSNR: 30.0095 | max_value: 255.0 in Epoch [40]
2022-07-23 10:22:09,323 INFO: Epoch: 41 | PSNR: 30.0140 | Loss: 5.5819 | lr: 1.00e-03 | Best_PSNR: 30.0140 | max_value: 255.0 in Epoch [41]
2022-07-23 10:22:48,480 INFO: Epoch: 42 | PSNR: 30.0158 | Loss: 5.6679 | lr: 1.00e-03 | Best_PSNR: 30.0158 | max_value: 255.0 in Epoch [42]
2022-07-23 10:23:27,172 INFO: Epoch: 43 | PSNR: 30.0191 | Loss: 5.5972 | lr: 1.00e-03 | Best_PSNR: 30.0191 | max_value: 255.0 in Epoch [43]
2022-07-23 10:24:07,251 INFO: Epoch: 44 | PSNR: 30.0198 | Loss: 5.5903 | lr: 1.00e-03 | Best_PSNR: 30.0198 | max_value: 255.0 in Epoch [44]
2022-07-23 10:24:46,848 INFO: Epoch: 45 | PSNR: 30.0206 | Loss: 5.5900 | lr: 1.00e-03 | Best_PSNR: 30.0206 | max_value: 255.0 in Epoch [45]
2022-07-23 10:25:27,328 INFO: Epoch: 46 | PSNR: 30.0251 | Loss: 5.5385 | lr: 1.00e-03 | Best_PSNR: 30.0251 | max_value: 255.0 in Epoch [46]
2022-07-23 10:26:08,086 INFO: Epoch: 47 | PSNR: 30.0267 | Loss: 5.5783 | lr: 1.00e-03 | Best_PSNR: 30.0267 | max_value: 255.0 in Epoch [47]
2022-07-23 10:26:48,707 INFO: Epoch: 48 | PSNR: 30.0257 | Loss: 5.5904 | lr: 1.00e-03 | Best_PSNR: 30.0267 | max_value: 255.0 in Epoch [47]
2022-07-23 10:27:30,302 INFO: Epoch: 49 | PSNR: 30.0284 | Loss: 5.6110 | lr: 1.00e-03 | Best_PSNR: 30.0284 | max_value: 255.0 in Epoch [49]
2022-07-23 10:28:10,495 INFO: Epoch: 50 | PSNR: 30.0303 | Loss: 5.5989 | lr: 1.00e-03 | Best_PSNR: 30.0303 | max_value: 255.0 in Epoch [50]
2022-07-23 10:28:51,936 INFO: Epoch: 51 | PSNR: 30.0328 | Loss: 5.5869 | lr: 1.00e-03 | Best_PSNR: 30.0328 | max_value: 255.0 in Epoch [51]
2022-07-23 10:29:32,490 INFO: Epoch: 52 | PSNR: 30.0323 | Loss: 5.5597 | lr: 1.00e-03 | Best_PSNR: 30.0328 | max_value: 255.0 in Epoch [51]
2022-07-23 10:30:13,659 INFO: Epoch: 53 | PSNR: 30.0349 | Loss: 5.5698 | lr: 1.00e-03 | Best_PSNR: 30.0349 | max_value: 255.0 in Epoch [53]
2022-07-23 10:30:52,988 INFO: Epoch: 54 | PSNR: 30.0365 | Loss: 5.5723 | lr: 1.00e-03 | Best_PSNR: 30.0365 | max_value: 255.0 in Epoch [54]
2022-07-23 10:31:31,464 INFO: Epoch: 55 | PSNR: 30.0376 | Loss: 5.6356 | lr: 1.00e-03 | Best_PSNR: 30.0376 | max_value: 255.0 in Epoch [55]
2022-07-23 10:32:10,216 INFO: Epoch: 56 | PSNR: 30.0392 | Loss: 5.6018 | lr: 1.00e-03 | Best_PSNR: 30.0392 | max_value: 255.0 in Epoch [56]
2022-07-23 10:32:49,711 INFO: Epoch: 57 | PSNR: 30.0392 | Loss: 5.5644 | lr: 1.00e-03 | Best_PSNR: 30.0392 | max_value: 255.0 in Epoch [56]
2022-07-23 10:33:29,229 INFO: Epoch: 58 | PSNR: 30.0411 | Loss: 5.6272 | lr: 1.00e-03 | Best_PSNR: 30.0411 | max_value: 255.0 in Epoch [58]
2022-07-23 10:34:09,256 INFO: Epoch: 59 | PSNR: 30.0415 | Loss: 5.5626 | lr: 1.00e-03 | Best_PSNR: 30.0415 | max_value: 255.0 in Epoch [59]
2022-07-23 10:34:48,843 INFO: Epoch: 60 | PSNR: 30.0418 | Loss: 5.5917 | lr: 1.00e-03 | Best_PSNR: 30.0418 | max_value: 255.0 in Epoch [60]
2022-07-23 10:35:27,060 INFO: Epoch: 61 | PSNR: 30.0423 | Loss: 5.5435 | lr: 1.00e-03 | Best_PSNR: 30.0423 | max_value: 255.0 in Epoch [61]
2022-07-23 10:36:05,267 INFO: Epoch: 62 | PSNR: 30.0423 | Loss: 5.5849 | lr: 1.00e-03 | Best_PSNR: 30.0423 | max_value: 255.0 in Epoch [62]
2022-07-23 10:36:43,860 INFO: Epoch: 63 | PSNR: 30.0458 | Loss: 5.6319 | lr: 1.00e-03 | Best_PSNR: 30.0458 | max_value: 255.0 in Epoch [63]
2022-07-23 10:37:23,339 INFO: Epoch: 64 | PSNR: 30.0480 | Loss: 5.6043 | lr: 1.00e-03 | Best_PSNR: 30.0480 | max_value: 255.0 in Epoch [64]
2022-07-23 10:38:02,013 INFO: Epoch: 65 | PSNR: 30.0501 | Loss: 5.5722 | lr: 1.00e-03 | Best_PSNR: 30.0501 | max_value: 255.0 in Epoch [65]
2022-07-23 10:38:40,028 INFO: Epoch: 66 | PSNR: 30.0494 | Loss: 5.5602 | lr: 1.00e-03 | Best_PSNR: 30.0501 | max_value: 255.0 in Epoch [65]
2022-07-23 10:39:18,059 INFO: Epoch: 67 | PSNR: 30.0497 | Loss: 5.5948 | lr: 1.00e-03 | Best_PSNR: 30.0501 | max_value: 255.0 in Epoch [65]
2022-07-23 10:39:57,569 INFO: Epoch: 68 | PSNR: 30.0505 | Loss: 5.6398 | lr: 1.00e-03 | Best_PSNR: 30.0505 | max_value: 255.0 in Epoch [68]
2022-07-23 10:40:36,261 INFO: Epoch: 69 | PSNR: 30.0529 | Loss: 5.6011 | lr: 1.00e-03 | Best_PSNR: 30.0529 | max_value: 255.0 in Epoch [69]
2022-07-23 10:41:14,389 INFO: Epoch: 70 | PSNR: 30.0547 | Loss: 5.5708 | lr: 1.00e-03 | Best_PSNR: 30.0547 | max_value: 255.0 in Epoch [70]
2022-07-23 10:41:51,141 INFO: Epoch: 71 | PSNR: 30.0534 | Loss: 5.6016 | lr: 1.00e-03 | Best_PSNR: 30.0547 | max_value: 255.0 in Epoch [70]
2022-07-23 10:42:30,524 INFO: Epoch: 72 | PSNR: 30.0551 | Loss: 5.5885 | lr: 1.00e-03 | Best_PSNR: 30.0551 | max_value: 255.0 in Epoch [72]
2022-07-23 10:43:09,975 INFO: Epoch: 73 | PSNR: 30.0572 | Loss: 5.5493 | lr: 1.00e-03 | Best_PSNR: 30.0572 | max_value: 255.0 in Epoch [73]
2022-07-23 10:43:47,470 INFO: Epoch: 74 | PSNR: 30.0595 | Loss: 5.5180 | lr: 1.00e-03 | Best_PSNR: 30.0595 | max_value: 255.0 in Epoch [74]
2022-07-23 10:44:29,065 INFO: Epoch: 75 | PSNR: 30.0590 | Loss: 5.5715 | lr: 1.00e-03 | Best_PSNR: 30.0595 | max_value: 255.0 in Epoch [74]
2022-07-23 10:45:11,947 INFO: Epoch: 76 | PSNR: 30.0600 | Loss: 5.5617 | lr: 1.00e-03 | Best_PSNR: 30.0600 | max_value: 255.0 in Epoch [76]
2022-07-23 10:45:58,708 INFO: Epoch: 77 | PSNR: 30.0607 | Loss: 5.5638 | lr: 1.00e-03 | Best_PSNR: 30.0607 | max_value: 255.0 in Epoch [77]
2022-07-23 10:46:46,939 INFO: Epoch: 78 | PSNR: 30.0620 | Loss: 5.5917 | lr: 1.00e-03 | Best_PSNR: 30.0620 | max_value: 255.0 in Epoch [78]
2022-07-23 10:47:33,559 INFO: Epoch: 79 | PSNR: 30.0624 | Loss: 5.5936 | lr: 1.00e-03 | Best_PSNR: 30.0624 | max_value: 255.0 in Epoch [79]
2022-07-23 10:48:16,642 INFO: Epoch: 80 | PSNR: 30.0624 | Loss: 5.6323 | lr: 1.00e-03 | Best_PSNR: 30.0624 | max_value: 255.0 in Epoch [79]
2022-07-23 10:48:57,590 INFO: Epoch: 81 | PSNR: 30.0643 | Loss: 5.5665 | lr: 1.00e-03 | Best_PSNR: 30.0643 | max_value: 255.0 in Epoch [81]
2022-07-23 10:49:38,763 INFO: Epoch: 82 | PSNR: 30.0644 | Loss: 5.6020 | lr: 1.00e-03 | Best_PSNR: 30.0644 | max_value: 255.0 in Epoch [82]
2022-07-23 10:50:18,372 INFO: Epoch: 83 | PSNR: 30.0646 | Loss: 5.5235 | lr: 1.00e-03 | Best_PSNR: 30.0646 | max_value: 255.0 in Epoch [83]
2022-07-23 10:50:57,065 INFO: Epoch: 84 | PSNR: 30.0644 | Loss: 5.5887 | lr: 1.00e-03 | Best_PSNR: 30.0646 | max_value: 255.0 in Epoch [83]
2022-07-23 10:51:37,375 INFO: Epoch: 85 | PSNR: 30.0660 | Loss: 5.6116 | lr: 1.00e-03 | Best_PSNR: 30.0660 | max_value: 255.0 in Epoch [85]
2022-07-23 10:52:16,536 INFO: Epoch: 86 | PSNR: 30.0613 | Loss: 5.5880 | lr: 1.00e-03 | Best_PSNR: 30.0660 | max_value: 255.0 in Epoch [85]
2022-07-23 10:52:55,692 INFO: Epoch: 87 | PSNR: 30.0654 | Loss: 5.5816 | lr: 1.00e-03 | Best_PSNR: 30.0660 | max_value: 255.0 in Epoch [85]
2022-07-23 10:53:36,219 INFO: Epoch: 88 | PSNR: 30.0654 | Loss: 5.6090 | lr: 1.00e-03 | Best_PSNR: 30.0660 | max_value: 255.0 in Epoch [85]
2022-07-23 10:54:17,949 INFO: Epoch: 89 | PSNR: 30.0679 | Loss: 5.5409 | lr: 1.00e-03 | Best_PSNR: 30.0679 | max_value: 255.0 in Epoch [89]
2022-07-23 10:54:59,234 INFO: Epoch: 90 | PSNR: 30.0678 | Loss: 5.6001 | lr: 1.00e-03 | Best_PSNR: 30.0679 | max_value: 255.0 in Epoch [89]
2022-07-23 10:55:40,378 INFO: Epoch: 91 | PSNR: 30.0692 | Loss: 5.5688 | lr: 1.00e-03 | Best_PSNR: 30.0692 | max_value: 255.0 in Epoch [91]
2022-07-23 10:56:19,239 INFO: Epoch: 92 | PSNR: 30.0684 | Loss: 5.5766 | lr: 1.00e-03 | Best_PSNR: 30.0692 | max_value: 255.0 in Epoch [91]
2022-07-23 10:56:58,819 INFO: Epoch: 93 | PSNR: 30.0700 | Loss: 5.5816 | lr: 1.00e-03 | Best_PSNR: 30.0700 | max_value: 255.0 in Epoch [93]
2022-07-23 10:57:38,928 INFO: Epoch: 94 | PSNR: 30.0725 | Loss: 5.5342 | lr: 1.00e-03 | Best_PSNR: 30.0725 | max_value: 255.0 in Epoch [94]
2022-07-23 10:58:17,807 INFO: Epoch: 95 | PSNR: 30.0722 | Loss: 5.5533 | lr: 1.00e-03 | Best_PSNR: 30.0725 | max_value: 255.0 in Epoch [94]
2022-07-23 10:58:58,178 INFO: Epoch: 96 | PSNR: 30.0730 | Loss: 5.5912 | lr: 1.00e-03 | Best_PSNR: 30.0730 | max_value: 255.0 in Epoch [96]
2022-07-23 10:59:36,688 INFO: Epoch: 97 | PSNR: 30.0720 | Loss: 5.5269 | lr: 1.00e-03 | Best_PSNR: 30.0730 | max_value: 255.0 in Epoch [96]
2022-07-23 11:00:15,424 INFO: Epoch: 98 | PSNR: 30.0728 | Loss: 5.5518 | lr: 1.00e-03 | Best_PSNR: 30.0730 | max_value: 255.0 in Epoch [96]
2022-07-23 11:00:54,497 INFO: Epoch: 99 | PSNR: 30.0729 | Loss: 5.5998 | lr: 1.00e-03 | Best_PSNR: 30.0730 | max_value: 255.0 in Epoch [96]
2022-07-23 11:01:33,352 INFO: Epoch: 100 | PSNR: 30.0746 | Loss: 5.5473 | lr: 1.00e-03 | Best_PSNR: 30.0746 | max_value: 255.0 in Epoch [100]
2022-07-23 11:02:14,012 INFO: Epoch: 101 | PSNR: 30.0754 | Loss: 5.5943 | lr: 1.00e-03 | Best_PSNR: 30.0754 | max_value: 255.0 in Epoch [101]
2022-07-23 11:02:52,686 INFO: Epoch: 102 | PSNR: 30.0748 | Loss: 5.5650 | lr: 1.00e-03 | Best_PSNR: 30.0754 | max_value: 255.0 in Epoch [101]
2022-07-23 11:03:33,072 INFO: Epoch: 103 | PSNR: 30.0757 | Loss: 5.5627 | lr: 1.00e-03 | Best_PSNR: 30.0757 | max_value: 255.0 in Epoch [103]
2022-07-23 11:04:12,878 INFO: Epoch: 104 | PSNR: 30.0763 | Loss: 5.5445 | lr: 1.00e-03 | Best_PSNR: 30.0763 | max_value: 255.0 in Epoch [104]
2022-07-23 11:04:52,287 INFO: Epoch: 105 | PSNR: 30.0774 | Loss: 5.5571 | lr: 1.00e-03 | Best_PSNR: 30.0774 | max_value: 255.0 in Epoch [105]
2022-07-23 11:05:31,793 INFO: Epoch: 106 | PSNR: 30.0768 | Loss: 5.5834 | lr: 1.00e-03 | Best_PSNR: 30.0774 | max_value: 255.0 in Epoch [105]
2022-07-23 11:06:11,702 INFO: Epoch: 107 | PSNR: 30.0755 | Loss: 5.5811 | lr: 1.00e-03 | Best_PSNR: 30.0774 | max_value: 255.0 in Epoch [105]
2022-07-23 11:06:52,711 INFO: Epoch: 108 | PSNR: 30.0771 | Loss: 5.5693 | lr: 1.00e-03 | Best_PSNR: 30.0774 | max_value: 255.0 in Epoch [105]
2022-07-23 11:07:32,254 INFO: Epoch: 109 | PSNR: 30.0788 | Loss: 5.5508 | lr: 1.00e-03 | Best_PSNR: 30.0788 | max_value: 255.0 in Epoch [109]
2022-07-23 11:08:13,081 INFO: Epoch: 110 | PSNR: 30.0794 | Loss: 5.5451 | lr: 1.00e-03 | Best_PSNR: 30.0794 | max_value: 255.0 in Epoch [110]
2022-07-23 11:08:51,810 INFO: Epoch: 111 | PSNR: 30.0772 | Loss: 5.5560 | lr: 1.00e-03 | Best_PSNR: 30.0794 | max_value: 255.0 in Epoch [110]
2022-07-23 11:09:30,979 INFO: Epoch: 112 | PSNR: 30.0768 | Loss: 5.5263 | lr: 1.00e-03 | Best_PSNR: 30.0794 | max_value: 255.0 in Epoch [110]
2022-07-23 11:10:10,493 INFO: Epoch: 113 | PSNR: 30.0789 | Loss: 5.6015 | lr: 1.00e-03 | Best_PSNR: 30.0794 | max_value: 255.0 in Epoch [110]
2022-07-23 11:10:51,079 INFO: Epoch: 114 | PSNR: 30.0798 | Loss: 5.5744 | lr: 1.00e-03 | Best_PSNR: 30.0798 | max_value: 255.0 in Epoch [114]
2022-07-23 11:11:29,999 INFO: Epoch: 115 | PSNR: 30.0813 | Loss: 5.5899 | lr: 1.00e-03 | Best_PSNR: 30.0813 | max_value: 255.0 in Epoch [115]
2022-07-23 11:12:09,460 INFO: Epoch: 116 | PSNR: 30.0811 | Loss: 5.5780 | lr: 1.00e-03 | Best_PSNR: 30.0813 | max_value: 255.0 in Epoch [115]
2022-07-23 11:12:48,920 INFO: Epoch: 117 | PSNR: 30.0822 | Loss: 5.5521 | lr: 1.00e-03 | Best_PSNR: 30.0822 | max_value: 255.0 in Epoch [117]
2022-07-23 11:13:27,418 INFO: Epoch: 118 | PSNR: 30.0815 | Loss: 5.5333 | lr: 1.00e-03 | Best_PSNR: 30.0822 | max_value: 255.0 in Epoch [117]
2022-07-23 11:14:05,865 INFO: Epoch: 119 | PSNR: 30.0824 | Loss: 5.6108 | lr: 1.00e-03 | Best_PSNR: 30.0824 | max_value: 255.0 in Epoch [119]
2022-07-23 11:14:44,595 INFO: Epoch: 120 | PSNR: 30.0839 | Loss: 5.5533 | lr: 1.00e-03 | Best_PSNR: 30.0839 | max_value: 255.0 in Epoch [120]
2022-07-23 11:15:23,079 INFO: Epoch: 121 | PSNR: 30.0869 | Loss: 5.5064 | lr: 5.00e-04 | Best_PSNR: 30.0869 | max_value: 255.0 in Epoch [121]
2022-07-23 11:16:02,216 INFO: Epoch: 122 | PSNR: 30.0895 | Loss: 5.5374 | lr: 5.00e-04 | Best_PSNR: 30.0895 | max_value: 255.0 in Epoch [122]
2022-07-23 11:16:41,866 INFO: Epoch: 123 | PSNR: 30.0908 | Loss: 5.5220 | lr: 5.00e-04 | Best_PSNR: 30.0908 | max_value: 255.0 in Epoch [123]
2022-07-23 11:17:21,875 INFO: Epoch: 124 | PSNR: 30.0924 | Loss: 5.5342 | lr: 5.00e-04 | Best_PSNR: 30.0924 | max_value: 255.0 in Epoch [124]
2022-07-23 11:18:05,773 INFO: Epoch: 125 | PSNR: 30.0925 | Loss: 5.5532 | lr: 5.00e-04 | Best_PSNR: 30.0925 | max_value: 255.0 in Epoch [125]
2022-07-23 11:18:46,441 INFO: Epoch: 126 | PSNR: 30.0922 | Loss: 5.5068 | lr: 5.00e-04 | Best_PSNR: 30.0925 | max_value: 255.0 in Epoch [125]
2022-07-23 11:19:34,800 INFO: Epoch: 127 | PSNR: 30.0938 | Loss: 5.5450 | lr: 5.00e-04 | Best_PSNR: 30.0938 | max_value: 255.0 in Epoch [127]
2022-07-23 11:20:19,520 INFO: Epoch: 128 | PSNR: 30.0942 | Loss: 5.5325 | lr: 5.00e-04 | Best_PSNR: 30.0942 | max_value: 255.0 in Epoch [128]
2022-07-23 11:21:04,945 INFO: Epoch: 129 | PSNR: 30.0946 | Loss: 5.5365 | lr: 5.00e-04 | Best_PSNR: 30.0946 | max_value: 255.0 in Epoch [129]
2022-07-23 11:21:52,802 INFO: Epoch: 130 | PSNR: 30.0948 | Loss: 5.5661 | lr: 5.00e-04 | Best_PSNR: 30.0948 | max_value: 255.0 in Epoch [130]
2022-07-23 11:22:41,698 INFO: Epoch: 131 | PSNR: 30.0953 | Loss: 5.5404 | lr: 5.00e-04 | Best_PSNR: 30.0953 | max_value: 255.0 in Epoch [131]
2022-07-23 11:23:27,199 INFO: Epoch: 132 | PSNR: 30.0956 | Loss: 5.5175 | lr: 5.00e-04 | Best_PSNR: 30.0956 | max_value: 255.0 in Epoch [132]
2022-07-23 11:24:14,738 INFO: Epoch: 133 | PSNR: 30.0967 | Loss: 5.5681 | lr: 5.00e-04 | Best_PSNR: 30.0967 | max_value: 255.0 in Epoch [133]
2022-07-23 11:25:04,099 INFO: Epoch: 134 | PSNR: 30.0973 | Loss: 5.5094 | lr: 5.00e-04 | Best_PSNR: 30.0973 | max_value: 255.0 in Epoch [134]
2022-07-23 11:25:49,572 INFO: Epoch: 135 | PSNR: 30.0977 | Loss: 5.5355 | lr: 5.00e-04 | Best_PSNR: 30.0977 | max_value: 255.0 in Epoch [135]
2022-07-23 11:26:39,078 INFO: Epoch: 136 | PSNR: 30.0978 | Loss: 5.5355 | lr: 5.00e-04 | Best_PSNR: 30.0978 | max_value: 255.0 in Epoch [136]
2022-07-23 11:27:32,189 INFO: Epoch: 137 | PSNR: 30.0968 | Loss: 5.5444 | lr: 5.00e-04 | Best_PSNR: 30.0978 | max_value: 255.0 in Epoch [136]
2022-07-23 11:28:23,611 INFO: Epoch: 138 | PSNR: 30.0972 | Loss: 5.5101 | lr: 5.00e-04 | Best_PSNR: 30.0978 | max_value: 255.0 in Epoch [136]
2022-07-23 11:29:15,994 INFO: Epoch: 139 | PSNR: 30.0981 | Loss: 5.5450 | lr: 5.00e-04 | Best_PSNR: 30.0981 | max_value: 255.0 in Epoch [139]
2022-07-23 11:30:02,037 INFO: Epoch: 140 | PSNR: 30.0986 | Loss: 5.5482 | lr: 5.00e-04 | Best_PSNR: 30.0986 | max_value: 255.0 in Epoch [140]
2022-07-23 11:30:47,509 INFO: Epoch: 141 | PSNR: 30.0990 | Loss: 5.5286 | lr: 5.00e-04 | Best_PSNR: 30.0990 | max_value: 255.0 in Epoch [141]
2022-07-23 11:31:34,389 INFO: Epoch: 142 | PSNR: 30.0991 | Loss: 5.5447 | lr: 5.00e-04 | Best_PSNR: 30.0991 | max_value: 255.0 in Epoch [142]
2022-07-23 11:32:20,315 INFO: Epoch: 143 | PSNR: 30.0992 | Loss: 5.5274 | lr: 5.00e-04 | Best_PSNR: 30.0992 | max_value: 255.0 in Epoch [143]
2022-07-23 11:33:06,787 INFO: Epoch: 144 | PSNR: 30.1001 | Loss: 5.5373 | lr: 5.00e-04 | Best_PSNR: 30.1001 | max_value: 255.0 in Epoch [144]
2022-07-23 11:33:48,788 INFO: Epoch: 145 | PSNR: 30.0994 | Loss: 5.5881 | lr: 5.00e-04 | Best_PSNR: 30.1001 | max_value: 255.0 in Epoch [144]
2022-07-23 11:34:32,170 INFO: Epoch: 146 | PSNR: 30.0998 | Loss: 5.5539 | lr: 5.00e-04 | Best_PSNR: 30.1001 | max_value: 255.0 in Epoch [144]
2022-07-23 11:35:18,789 INFO: Epoch: 147 | PSNR: 30.1003 | Loss: 5.5647 | lr: 5.00e-04 | Best_PSNR: 30.1003 | max_value: 255.0 in Epoch [147]
2022-07-23 11:36:03,659 INFO: Epoch: 148 | PSNR: 30.1001 | Loss: 5.5070 | lr: 5.00e-04 | Best_PSNR: 30.1003 | max_value: 255.0 in Epoch [147]
2022-07-23 11:36:47,587 INFO: Epoch: 149 | PSNR: 30.1008 | Loss: 5.5747 | lr: 5.00e-04 | Best_PSNR: 30.1008 | max_value: 255.0 in Epoch [149]
2022-07-23 11:37:36,490 INFO: Epoch: 150 | PSNR: 30.1010 | Loss: 5.5515 | lr: 5.00e-04 | Best_PSNR: 30.1010 | max_value: 255.0 in Epoch [150]
2022-07-23 11:38:23,910 INFO: Epoch: 151 | PSNR: 30.1013 | Loss: 5.5558 | lr: 5.00e-04 | Best_PSNR: 30.1013 | max_value: 255.0 in Epoch [151]
2022-07-23 11:39:07,821 INFO: Epoch: 152 | PSNR: 30.1008 | Loss: 5.5039 | lr: 5.00e-04 | Best_PSNR: 30.1013 | max_value: 255.0 in Epoch [151]
2022-07-23 11:39:52,489 INFO: Epoch: 153 | PSNR: 30.1014 | Loss: 5.5624 | lr: 5.00e-04 | Best_PSNR: 30.1014 | max_value: 255.0 in Epoch [153]
2022-07-23 11:40:36,854 INFO: Epoch: 154 | PSNR: 30.1014 | Loss: 5.5444 | lr: 5.00e-04 | Best_PSNR: 30.1014 | max_value: 255.0 in Epoch [153]
2022-07-23 11:41:24,497 INFO: Epoch: 155 | PSNR: 30.1015 | Loss: 5.5465 | lr: 5.00e-04 | Best_PSNR: 30.1015 | max_value: 255.0 in Epoch [155]
2022-07-23 11:42:10,307 INFO: Epoch: 156 | PSNR: 30.1018 | Loss: 5.5175 | lr: 5.00e-04 | Best_PSNR: 30.1018 | max_value: 255.0 in Epoch [156]
2022-07-23 11:42:53,977 INFO: Epoch: 157 | PSNR: 30.1023 | Loss: 5.5517 | lr: 5.00e-04 | Best_PSNR: 30.1023 | max_value: 255.0 in Epoch [157]
2022-07-23 11:43:38,033 INFO: Epoch: 158 | PSNR: 30.1022 | Loss: 5.5700 | lr: 5.00e-04 | Best_PSNR: 30.1023 | max_value: 255.0 in Epoch [157]
2022-07-23 11:44:23,861 INFO: Epoch: 159 | PSNR: 30.1020 | Loss: 5.5960 | lr: 5.00e-04 | Best_PSNR: 30.1023 | max_value: 255.0 in Epoch [157]
2022-07-23 11:45:08,182 INFO: Epoch: 160 | PSNR: 30.1021 | Loss: 5.5582 | lr: 5.00e-04 | Best_PSNR: 30.1023 | max_value: 255.0 in Epoch [157]
2022-07-23 11:45:53,589 INFO: Epoch: 161 | PSNR: 30.1025 | Loss: 5.5497 | lr: 5.00e-04 | Best_PSNR: 30.1025 | max_value: 255.0 in Epoch [161]
2022-07-23 11:46:41,439 INFO: Epoch: 162 | PSNR: 30.1029 | Loss: 5.5449 | lr: 5.00e-04 | Best_PSNR: 30.1029 | max_value: 255.0 in Epoch [162]
2022-07-23 11:47:27,518 INFO: Epoch: 163 | PSNR: 30.1034 | Loss: 5.5374 | lr: 5.00e-04 | Best_PSNR: 30.1034 | max_value: 255.0 in Epoch [163]
2022-07-23 11:48:10,070 INFO: Epoch: 164 | PSNR: 30.1035 | Loss: 5.5881 | lr: 5.00e-04 | Best_PSNR: 30.1035 | max_value: 255.0 in Epoch [164]
2022-07-23 11:48:48,554 INFO: Epoch: 165 | PSNR: 30.1039 | Loss: 5.5146 | lr: 5.00e-04 | Best_PSNR: 30.1039 | max_value: 255.0 in Epoch [165]
2022-07-23 11:49:26,888 INFO: Epoch: 166 | PSNR: 30.1041 | Loss: 5.4933 | lr: 5.00e-04 | Best_PSNR: 30.1041 | max_value: 255.0 in Epoch [166]
2022-07-23 11:50:05,236 INFO: Epoch: 167 | PSNR: 30.1040 | Loss: 5.4894 | lr: 5.00e-04 | Best_PSNR: 30.1041 | max_value: 255.0 in Epoch [166]
2022-07-23 11:50:43,564 INFO: Epoch: 168 | PSNR: 30.1041 | Loss: 5.5291 | lr: 5.00e-04 | Best_PSNR: 30.1041 | max_value: 255.0 in Epoch [166]
2022-07-23 11:51:25,544 INFO: Epoch: 169 | PSNR: 30.1047 | Loss: 5.4978 | lr: 5.00e-04 | Best_PSNR: 30.1047 | max_value: 255.0 in Epoch [169]
2022-07-23 11:52:07,511 INFO: Epoch: 170 | PSNR: 30.1050 | Loss: 5.5467 | lr: 5.00e-04 | Best_PSNR: 30.1050 | max_value: 255.0 in Epoch [170]
2022-07-23 11:52:49,404 INFO: Epoch: 171 | PSNR: 30.1050 | Loss: 5.5448 | lr: 5.00e-04 | Best_PSNR: 30.1050 | max_value: 255.0 in Epoch [170]
2022-07-23 11:53:31,476 INFO: Epoch: 172 | PSNR: 30.1045 | Loss: 5.5858 | lr: 5.00e-04 | Best_PSNR: 30.1050 | max_value: 255.0 in Epoch [170]
2022-07-23 11:54:13,918 INFO: Epoch: 173 | PSNR: 30.1048 | Loss: 5.5672 | lr: 5.00e-04 | Best_PSNR: 30.1050 | max_value: 255.0 in Epoch [170]
2022-07-23 11:54:56,649 INFO: Epoch: 174 | PSNR: 30.1055 | Loss: 5.5738 | lr: 5.00e-04 | Best_PSNR: 30.1055 | max_value: 255.0 in Epoch [174]
2022-07-23 11:55:43,027 INFO: Epoch: 175 | PSNR: 30.1053 | Loss: 5.5640 | lr: 5.00e-04 | Best_PSNR: 30.1055 | max_value: 255.0 in Epoch [174]
2022-07-23 11:56:26,773 INFO: Epoch: 176 | PSNR: 30.1059 | Loss: 5.5752 | lr: 5.00e-04 | Best_PSNR: 30.1059 | max_value: 255.0 in Epoch [176]
2022-07-23 11:57:09,005 INFO: Epoch: 177 | PSNR: 30.1058 | Loss: 5.5233 | lr: 5.00e-04 | Best_PSNR: 30.1059 | max_value: 255.0 in Epoch [176]
2022-07-23 11:57:51,103 INFO: Epoch: 178 | PSNR: 30.1054 | Loss: 5.5438 | lr: 5.00e-04 | Best_PSNR: 30.1059 | max_value: 255.0 in Epoch [176]
2022-07-23 11:58:34,225 INFO: Epoch: 179 | PSNR: 30.1048 | Loss: 5.5487 | lr: 5.00e-04 | Best_PSNR: 30.1059 | max_value: 255.0 in Epoch [176]
2022-07-23 11:59:17,530 INFO: Epoch: 180 | PSNR: 30.1051 | Loss: 5.5654 | lr: 5.00e-04 | Best_PSNR: 30.1059 | max_value: 255.0 in Epoch [176]
2022-07-23 12:00:01,221 INFO: Epoch: 181 | PSNR: 30.1060 | Loss: 5.5744 | lr: 5.00e-04 | Best_PSNR: 30.1060 | max_value: 255.0 in Epoch [181]
2022-07-23 12:00:46,296 INFO: Epoch: 182 | PSNR: 30.1063 | Loss: 5.5330 | lr: 5.00e-04 | Best_PSNR: 30.1063 | max_value: 255.0 in Epoch [182]
2022-07-23 12:01:27,767 INFO: Epoch: 183 | PSNR: 30.1062 | Loss: 5.5136 | lr: 5.00e-04 | Best_PSNR: 30.1063 | max_value: 255.0 in Epoch [182]
2022-07-23 12:02:12,310 INFO: Epoch: 184 | PSNR: 30.1066 | Loss: 5.5132 | lr: 5.00e-04 | Best_PSNR: 30.1066 | max_value: 255.0 in Epoch [184]
2022-07-23 12:02:55,158 INFO: Epoch: 185 | PSNR: 30.1063 | Loss: 5.4983 | lr: 5.00e-04 | Best_PSNR: 30.1066 | max_value: 255.0 in Epoch [184]
2022-07-23 12:03:39,034 INFO: Epoch: 186 | PSNR: 30.1065 | Loss: 5.5755 | lr: 5.00e-04 | Best_PSNR: 30.1066 | max_value: 255.0 in Epoch [184]
2022-07-23 12:04:21,810 INFO: Epoch: 187 | PSNR: 30.1068 | Loss: 5.5204 | lr: 5.00e-04 | Best_PSNR: 30.1068 | max_value: 255.0 in Epoch [187]
2022-07-23 12:05:04,795 INFO: Epoch: 188 | PSNR: 30.1070 | Loss: 5.5768 | lr: 5.00e-04 | Best_PSNR: 30.1070 | max_value: 255.0 in Epoch [188]
2022-07-23 12:05:46,787 INFO: Epoch: 189 | PSNR: 30.1068 | Loss: 5.5276 | lr: 5.00e-04 | Best_PSNR: 30.1070 | max_value: 255.0 in Epoch [188]
2022-07-23 12:06:29,017 INFO: Epoch: 190 | PSNR: 30.1071 | Loss: 5.4945 | lr: 5.00e-04 | Best_PSNR: 30.1071 | max_value: 255.0 in Epoch [190]
2022-07-23 12:07:12,916 INFO: Epoch: 191 | PSNR: 30.1073 | Loss: 5.5631 | lr: 5.00e-04 | Best_PSNR: 30.1073 | max_value: 255.0 in Epoch [191]
2022-07-23 12:07:54,403 INFO: Epoch: 192 | PSNR: 30.1076 | Loss: 5.5762 | lr: 5.00e-04 | Best_PSNR: 30.1076 | max_value: 255.0 in Epoch [192]
2022-07-23 12:08:37,528 INFO: Epoch: 193 | PSNR: 30.1078 | Loss: 5.5815 | lr: 5.00e-04 | Best_PSNR: 30.1078 | max_value: 255.0 in Epoch [193]
2022-07-23 12:09:19,485 INFO: Epoch: 194 | PSNR: 30.1070 | Loss: 5.4794 | lr: 5.00e-04 | Best_PSNR: 30.1078 | max_value: 255.0 in Epoch [193]
2022-07-23 12:10:02,032 INFO: Epoch: 195 | PSNR: 30.1069 | Loss: 5.5301 | lr: 5.00e-04 | Best_PSNR: 30.1078 | max_value: 255.0 in Epoch [193]
2022-07-23 12:10:44,155 INFO: Epoch: 196 | PSNR: 30.1076 | Loss: 5.5015 | lr: 5.00e-04 | Best_PSNR: 30.1078 | max_value: 255.0 in Epoch [193]
2022-07-23 12:11:28,560 INFO: Epoch: 197 | PSNR: 30.1080 | Loss: 5.5539 | lr: 5.00e-04 | Best_PSNR: 30.1080 | max_value: 255.0 in Epoch [197]
2022-07-23 12:12:11,273 INFO: Epoch: 198 | PSNR: 30.1084 | Loss: 5.5337 | lr: 5.00e-04 | Best_PSNR: 30.1084 | max_value: 255.0 in Epoch [198]
2022-07-23 12:12:57,534 INFO: Epoch: 199 | PSNR: 30.1077 | Loss: 5.5211 | lr: 5.00e-04 | Best_PSNR: 30.1084 | max_value: 255.0 in Epoch [198]
2022-07-23 12:13:46,308 INFO: Epoch: 200 | PSNR: 30.1076 | Loss: 5.5695 | lr: 5.00e-04 | Best_PSNR: 30.1084 | max_value: 255.0 in Epoch [198]
2022-07-23 12:14:33,652 INFO: Epoch: 201 | PSNR: 30.1079 | Loss: 5.5346 | lr: 5.00e-04 | Best_PSNR: 30.1084 | max_value: 255.0 in Epoch [198]
2022-07-23 12:15:23,349 INFO: Epoch: 202 | PSNR: 30.1086 | Loss: 5.5669 | lr: 5.00e-04 | Best_PSNR: 30.1086 | max_value: 255.0 in Epoch [202]
2022-07-23 12:16:14,893 INFO: Epoch: 203 | PSNR: 30.1088 | Loss: 5.5479 | lr: 5.00e-04 | Best_PSNR: 30.1088 | max_value: 255.0 in Epoch [203]
2022-07-23 12:17:00,152 INFO: Epoch: 204 | PSNR: 30.1085 | Loss: 5.5330 | lr: 5.00e-04 | Best_PSNR: 30.1088 | max_value: 255.0 in Epoch [203]
2022-07-23 12:17:45,318 INFO: Epoch: 205 | PSNR: 30.1089 | Loss: 5.5384 | lr: 5.00e-04 | Best_PSNR: 30.1089 | max_value: 255.0 in Epoch [205]
2022-07-23 12:18:26,873 INFO: Epoch: 206 | PSNR: 30.1089 | Loss: 5.5660 | lr: 5.00e-04 | Best_PSNR: 30.1089 | max_value: 255.0 in Epoch [205]
2022-07-23 12:19:08,337 INFO: Epoch: 207 | PSNR: 30.1087 | Loss: 5.5195 | lr: 5.00e-04 | Best_PSNR: 30.1089 | max_value: 255.0 in Epoch [205]
2022-07-23 12:19:48,960 INFO: Epoch: 208 | PSNR: 30.1088 | Loss: 5.5302 | lr: 5.00e-04 | Best_PSNR: 30.1089 | max_value: 255.0 in Epoch [205]
2022-07-23 12:20:31,212 INFO: Epoch: 209 | PSNR: 30.1095 | Loss: 5.5390 | lr: 5.00e-04 | Best_PSNR: 30.1095 | max_value: 255.0 in Epoch [209]
2022-07-23 12:21:14,753 INFO: Epoch: 210 | PSNR: 30.1097 | Loss: 5.5267 | lr: 5.00e-04 | Best_PSNR: 30.1097 | max_value: 255.0 in Epoch [210]
2022-07-23 12:21:58,353 INFO: Epoch: 211 | PSNR: 30.1107 | Loss: 5.5449 | lr: 5.00e-04 | Best_PSNR: 30.1107 | max_value: 255.0 in Epoch [211]
2022-07-23 12:22:41,611 INFO: Epoch: 212 | PSNR: 30.1100 | Loss: 5.5776 | lr: 5.00e-04 | Best_PSNR: 30.1107 | max_value: 255.0 in Epoch [211]
2022-07-23 12:23:24,341 INFO: Epoch: 213 | PSNR: 30.1101 | Loss: 5.5401 | lr: 5.00e-04 | Best_PSNR: 30.1107 | max_value: 255.0 in Epoch [211]
2022-07-23 12:24:06,379 INFO: Epoch: 214 | PSNR: 30.1096 | Loss: 5.5596 | lr: 5.00e-04 | Best_PSNR: 30.1107 | max_value: 255.0 in Epoch [211]
2022-07-23 12:24:50,284 INFO: Epoch: 215 | PSNR: 30.1099 | Loss: 5.5375 | lr: 5.00e-04 | Best_PSNR: 30.1107 | max_value: 255.0 in Epoch [211]
2022-07-23 12:25:32,383 INFO: Epoch: 216 | PSNR: 30.1099 | Loss: 5.5463 | lr: 5.00e-04 | Best_PSNR: 30.1107 | max_value: 255.0 in Epoch [211]
2022-07-23 12:26:15,330 INFO: Epoch: 217 | PSNR: 30.1102 | Loss: 5.5603 | lr: 5.00e-04 | Best_PSNR: 30.1107 | max_value: 255.0 in Epoch [211]
2022-07-23 12:26:57,813 INFO: Epoch: 218 | PSNR: 30.1104 | Loss: 5.5008 | lr: 5.00e-04 | Best_PSNR: 30.1107 | max_value: 255.0 in Epoch [211]
2022-07-23 12:27:40,522 INFO: Epoch: 219 | PSNR: 30.1111 | Loss: 5.5200 | lr: 5.00e-04 | Best_PSNR: 30.1111 | max_value: 255.0 in Epoch [219]
2022-07-23 12:28:22,775 INFO: Epoch: 220 | PSNR: 30.1110 | Loss: 5.5147 | lr: 5.00e-04 | Best_PSNR: 30.1111 | max_value: 255.0 in Epoch [219]
2022-07-23 12:29:04,643 INFO: Epoch: 221 | PSNR: 30.1111 | Loss: 5.4797 | lr: 5.00e-04 | Best_PSNR: 30.1111 | max_value: 255.0 in Epoch [219]
2022-07-23 12:29:44,939 INFO: Epoch: 222 | PSNR: 30.1110 | Loss: 5.5489 | lr: 5.00e-04 | Best_PSNR: 30.1111 | max_value: 255.0 in Epoch [219]
2022-07-23 12:30:24,917 INFO: Epoch: 223 | PSNR: 30.1111 | Loss: 5.5272 | lr: 5.00e-04 | Best_PSNR: 30.1111 | max_value: 255.0 in Epoch [219]
2022-07-23 12:31:05,318 INFO: Epoch: 224 | PSNR: 30.1106 | Loss: 5.5162 | lr: 5.00e-04 | Best_PSNR: 30.1111 | max_value: 255.0 in Epoch [219]
2022-07-23 12:31:47,727 INFO: Epoch: 225 | PSNR: 30.1115 | Loss: 5.5359 | lr: 5.00e-04 | Best_PSNR: 30.1115 | max_value: 255.0 in Epoch [225]
2022-07-23 12:32:30,218 INFO: Epoch: 226 | PSNR: 30.1121 | Loss: 5.5355 | lr: 5.00e-04 | Best_PSNR: 30.1121 | max_value: 255.0 in Epoch [226]
2022-07-23 12:33:12,461 INFO: Epoch: 227 | PSNR: 30.1124 | Loss: 5.5509 | lr: 5.00e-04 | Best_PSNR: 30.1124 | max_value: 255.0 in Epoch [227]
2022-07-23 12:33:52,866 INFO: Epoch: 228 | PSNR: 30.1117 | Loss: 5.5705 | lr: 5.00e-04 | Best_PSNR: 30.1124 | max_value: 255.0 in Epoch [227]
2022-07-23 12:34:33,095 INFO: Epoch: 229 | PSNR: 30.1117 | Loss: 5.5163 | lr: 5.00e-04 | Best_PSNR: 30.1124 | max_value: 255.0 in Epoch [227]
2022-07-23 12:35:13,393 INFO: Epoch: 230 | PSNR: 30.1118 | Loss: 5.5287 | lr: 5.00e-04 | Best_PSNR: 30.1124 | max_value: 255.0 in Epoch [227]
2022-07-23 12:35:55,157 INFO: Epoch: 231 | PSNR: 30.1115 | Loss: 5.5370 | lr: 5.00e-04 | Best_PSNR: 30.1124 | max_value: 255.0 in Epoch [227]
2022-07-23 12:36:34,770 INFO: Epoch: 232 | PSNR: 30.1121 | Loss: 5.5203 | lr: 5.00e-04 | Best_PSNR: 30.1124 | max_value: 255.0 in Epoch [227]
2022-07-23 12:37:15,205 INFO: Epoch: 233 | PSNR: 30.1121 | Loss: 5.5397 | lr: 5.00e-04 | Best_PSNR: 30.1124 | max_value: 255.0 in Epoch [227]
2022-07-23 12:37:55,695 INFO: Epoch: 234 | PSNR: 30.1123 | Loss: 5.5494 | lr: 5.00e-04 | Best_PSNR: 30.1124 | max_value: 255.0 in Epoch [227]
2022-07-23 12:38:38,110 INFO: Epoch: 235 | PSNR: 30.1116 | Loss: 5.5267 | lr: 5.00e-04 | Best_PSNR: 30.1124 | max_value: 255.0 in Epoch [227]
2022-07-23 12:39:19,584 INFO: Epoch: 236 | PSNR: 30.1114 | Loss: 5.5114 | lr: 5.00e-04 | Best_PSNR: 30.1124 | max_value: 255.0 in Epoch [227]
2022-07-23 12:40:02,615 INFO: Epoch: 237 | PSNR: 30.1116 | Loss: 5.4880 | lr: 5.00e-04 | Best_PSNR: 30.1124 | max_value: 255.0 in Epoch [227]
2022-07-23 12:40:44,360 INFO: Epoch: 238 | PSNR: 30.1118 | Loss: 5.5611 | lr: 5.00e-04 | Best_PSNR: 30.1124 | max_value: 255.0 in Epoch [227]
2022-07-23 12:41:27,087 INFO: Epoch: 239 | PSNR: 30.1124 | Loss: 5.5538 | lr: 5.00e-04 | Best_PSNR: 30.1124 | max_value: 255.0 in Epoch [227]
2022-07-23 12:42:09,554 INFO: Epoch: 240 | PSNR: 30.1131 | Loss: 5.5235 | lr: 5.00e-04 | Best_PSNR: 30.1131 | max_value: 255.0 in Epoch [240]
2022-07-23 12:42:51,949 INFO: Epoch: 241 | PSNR: 30.1146 | Loss: 5.5092 | lr: 2.50e-04 | Best_PSNR: 30.1146 | max_value: 255.0 in Epoch [241]
2022-07-23 12:43:33,705 INFO: Epoch: 242 | PSNR: 30.1147 | Loss: 5.5141 | lr: 2.50e-04 | Best_PSNR: 30.1147 | max_value: 255.0 in Epoch [242]
2022-07-23 12:44:19,162 INFO: Epoch: 243 | PSNR: 30.1156 | Loss: 5.5488 | lr: 2.50e-04 | Best_PSNR: 30.1156 | max_value: 255.0 in Epoch [243]
2022-07-23 12:45:00,153 INFO: Epoch: 244 | PSNR: 30.1166 | Loss: 5.5391 | lr: 2.50e-04 | Best_PSNR: 30.1166 | max_value: 255.0 in Epoch [244]
2022-07-23 12:45:40,443 INFO: Epoch: 245 | PSNR: 30.1174 | Loss: 5.5180 | lr: 2.50e-04 | Best_PSNR: 30.1174 | max_value: 255.0 in Epoch [245]
2022-07-23 12:46:19,799 INFO: Epoch: 246 | PSNR: 30.1173 | Loss: 5.5088 | lr: 2.50e-04 | Best_PSNR: 30.1174 | max_value: 255.0 in Epoch [245]
2022-07-23 12:46:58,491 INFO: Epoch: 247 | PSNR: 30.1171 | Loss: 5.5319 | lr: 2.50e-04 | Best_PSNR: 30.1174 | max_value: 255.0 in Epoch [245]
2022-07-23 12:47:38,660 INFO: Epoch: 248 | PSNR: 30.1174 | Loss: 5.5098 | lr: 2.50e-04 | Best_PSNR: 30.1174 | max_value: 255.0 in Epoch [248]
2022-07-23 12:48:19,765 INFO: Epoch: 249 | PSNR: 30.1184 | Loss: 5.5178 | lr: 2.50e-04 | Best_PSNR: 30.1184 | max_value: 255.0 in Epoch [249]
2022-07-23 12:49:01,439 INFO: Epoch: 250 | PSNR: 30.1189 | Loss: 5.4820 | lr: 2.50e-04 | Best_PSNR: 30.1189 | max_value: 255.0 in Epoch [250]
2022-07-23 12:49:42,221 INFO: Epoch: 251 | PSNR: 30.1188 | Loss: 5.4789 | lr: 2.50e-04 | Best_PSNR: 30.1189 | max_value: 255.0 in Epoch [250]
2022-07-23 12:50:23,512 INFO: Epoch: 252 | PSNR: 30.1190 | Loss: 5.5372 | lr: 2.50e-04 | Best_PSNR: 30.1190 | max_value: 255.0 in Epoch [252]
2022-07-23 12:51:04,040 INFO: Epoch: 253 | PSNR: 30.1183 | Loss: 5.4791 | lr: 2.50e-04 | Best_PSNR: 30.1190 | max_value: 255.0 in Epoch [252]
2022-07-23 12:51:46,243 INFO: Epoch: 254 | PSNR: 30.1184 | Loss: 5.5435 | lr: 2.50e-04 | Best_PSNR: 30.1190 | max_value: 255.0 in Epoch [252]
2022-07-23 12:52:27,646 INFO: Epoch: 255 | PSNR: 30.1186 | Loss: 5.5550 | lr: 2.50e-04 | Best_PSNR: 30.1190 | max_value: 255.0 in Epoch [252]
2022-07-23 12:53:09,305 INFO: Epoch: 256 | PSNR: 30.1192 | Loss: 5.5421 | lr: 2.50e-04 | Best_PSNR: 30.1192 | max_value: 255.0 in Epoch [256]
2022-07-23 12:53:50,116 INFO: Epoch: 257 | PSNR: 30.1186 | Loss: 5.5462 | lr: 2.50e-04 | Best_PSNR: 30.1192 | max_value: 255.0 in Epoch [256]
2022-07-23 12:54:31,214 INFO: Epoch: 258 | PSNR: 30.1190 | Loss: 5.4893 | lr: 2.50e-04 | Best_PSNR: 30.1192 | max_value: 255.0 in Epoch [256]
2022-07-23 12:55:11,342 INFO: Epoch: 259 | PSNR: 30.1191 | Loss: 5.5473 | lr: 2.50e-04 | Best_PSNR: 30.1192 | max_value: 255.0 in Epoch [256]
2022-07-23 12:55:54,470 INFO: Epoch: 260 | PSNR: 30.1193 | Loss: 5.5484 | lr: 2.50e-04 | Best_PSNR: 30.1193 | max_value: 255.0 in Epoch [260]
2022-07-23 12:56:38,500 INFO: Epoch: 261 | PSNR: 30.1200 | Loss: 5.4816 | lr: 2.50e-04 | Best_PSNR: 30.1200 | max_value: 255.0 in Epoch [261]
2022-07-23 12:57:19,681 INFO: Epoch: 262 | PSNR: 30.1198 | Loss: 5.5304 | lr: 2.50e-04 | Best_PSNR: 30.1200 | max_value: 255.0 in Epoch [261]
2022-07-23 12:58:02,163 INFO: Epoch: 263 | PSNR: 30.1197 | Loss: 5.5371 | lr: 2.50e-04 | Best_PSNR: 30.1200 | max_value: 255.0 in Epoch [261]
2022-07-23 12:58:44,065 INFO: Epoch: 264 | PSNR: 30.1202 | Loss: 5.4933 | lr: 2.50e-04 | Best_PSNR: 30.1202 | max_value: 255.0 in Epoch [264]
2022-07-23 12:59:26,406 INFO: Epoch: 265 | PSNR: 30.1208 | Loss: 5.4998 | lr: 2.50e-04 | Best_PSNR: 30.1208 | max_value: 255.0 in Epoch [265]
2022-07-23 13:00:07,245 INFO: Epoch: 266 | PSNR: 30.1209 | Loss: 5.5261 | lr: 2.50e-04 | Best_PSNR: 30.1209 | max_value: 255.0 in Epoch [266]
2022-07-23 13:00:49,561 INFO: Epoch: 267 | PSNR: 30.1208 | Loss: 5.4806 | lr: 2.50e-04 | Best_PSNR: 30.1209 | max_value: 255.0 in Epoch [266]
2022-07-23 13:01:31,232 INFO: Epoch: 268 | PSNR: 30.1207 | Loss: 5.5152 | lr: 2.50e-04 | Best_PSNR: 30.1209 | max_value: 255.0 in Epoch [266]
2022-07-23 13:02:13,496 INFO: Epoch: 269 | PSNR: 30.1209 | Loss: 5.5335 | lr: 2.50e-04 | Best_PSNR: 30.1209 | max_value: 255.0 in Epoch [266]
2022-07-23 13:02:54,339 INFO: Epoch: 270 | PSNR: 30.1208 | Loss: 5.4814 | lr: 2.50e-04 | Best_PSNR: 30.1209 | max_value: 255.0 in Epoch [266]
2022-07-23 13:03:35,223 INFO: Epoch: 271 | PSNR: 30.1203 | Loss: 5.4419 | lr: 2.50e-04 | Best_PSNR: 30.1209 | max_value: 255.0 in Epoch [266]
2022-07-23 13:04:16,195 INFO: Epoch: 272 | PSNR: 30.1204 | Loss: 5.5426 | lr: 2.50e-04 | Best_PSNR: 30.1209 | max_value: 255.0 in Epoch [266]
2022-07-23 13:04:59,025 INFO: Epoch: 273 | PSNR: 30.1211 | Loss: 5.5342 | lr: 2.50e-04 | Best_PSNR: 30.1211 | max_value: 255.0 in Epoch [273]
2022-07-23 13:05:41,936 INFO: Epoch: 274 | PSNR: 30.1213 | Loss: 5.5068 | lr: 2.50e-04 | Best_PSNR: 30.1213 | max_value: 255.0 in Epoch [274]
2022-07-23 13:06:22,482 INFO: Epoch: 275 | PSNR: 30.1208 | Loss: 5.4601 | lr: 2.50e-04 | Best_PSNR: 30.1213 | max_value: 255.0 in Epoch [274]
2022-07-23 13:07:01,188 INFO: Epoch: 276 | PSNR: 30.1212 | Loss: 5.5380 | lr: 2.50e-04 | Best_PSNR: 30.1213 | max_value: 255.0 in Epoch [274]
2022-07-23 13:07:41,758 INFO: Epoch: 277 | PSNR: 30.1214 | Loss: 5.5262 | lr: 2.50e-04 | Best_PSNR: 30.1214 | max_value: 255.0 in Epoch [277]
2022-07-23 13:08:21,104 INFO: Epoch: 278 | PSNR: 30.1211 | Loss: 5.5213 | lr: 2.50e-04 | Best_PSNR: 30.1214 | max_value: 255.0 in Epoch [277]
2022-07-23 13:09:02,054 INFO: Epoch: 279 | PSNR: 30.1215 | Loss: 5.5234 | lr: 2.50e-04 | Best_PSNR: 30.1215 | max_value: 255.0 in Epoch [279]
2022-07-23 13:09:41,138 INFO: Epoch: 280 | PSNR: 30.1210 | Loss: 5.5536 | lr: 2.50e-04 | Best_PSNR: 30.1215 | max_value: 255.0 in Epoch [279]
2022-07-23 13:10:21,644 INFO: Epoch: 281 | PSNR: 30.1213 | Loss: 5.5070 | lr: 2.50e-04 | Best_PSNR: 30.1215 | max_value: 255.0 in Epoch [279]
2022-07-23 13:11:01,238 INFO: Epoch: 282 | PSNR: 30.1220 | Loss: 5.5138 | lr: 2.50e-04 | Best_PSNR: 30.1220 | max_value: 255.0 in Epoch [282]
2022-07-23 13:11:40,962 INFO: Epoch: 283 | PSNR: 30.1220 | Loss: 5.5321 | lr: 2.50e-04 | Best_PSNR: 30.1220 | max_value: 255.0 in Epoch [282]
2022-07-23 13:12:18,622 INFO: Epoch: 284 | PSNR: 30.1214 | Loss: 5.5109 | lr: 2.50e-04 | Best_PSNR: 30.1220 | max_value: 255.0 in Epoch [282]
2022-07-23 13:12:57,146 INFO: Epoch: 285 | PSNR: 30.1221 | Loss: 5.4821 | lr: 2.50e-04 | Best_PSNR: 30.1221 | max_value: 255.0 in Epoch [285]
2022-07-23 13:13:36,133 INFO: Epoch: 286 | PSNR: 30.1221 | Loss: 5.5541 | lr: 2.50e-04 | Best_PSNR: 30.1221 | max_value: 255.0 in Epoch [286]
2022-07-23 13:14:14,165 INFO: Epoch: 287 | PSNR: 30.1221 | Loss: 5.5310 | lr: 2.50e-04 | Best_PSNR: 30.1221 | max_value: 255.0 in Epoch [287]
2022-07-23 13:14:51,972 INFO: Epoch: 288 | PSNR: 30.1224 | Loss: 5.5107 | lr: 2.50e-04 | Best_PSNR: 30.1224 | max_value: 255.0 in Epoch [288]
2022-07-23 13:15:29,592 INFO: Epoch: 289 | PSNR: 30.1224 | Loss: 5.4983 | lr: 2.50e-04 | Best_PSNR: 30.1224 | max_value: 255.0 in Epoch [288]
2022-07-23 13:16:07,013 INFO: Epoch: 290 | PSNR: 30.1221 | Loss: 5.5522 | lr: 2.50e-04 | Best_PSNR: 30.1224 | max_value: 255.0 in Epoch [288]
2022-07-23 13:16:44,779 INFO: Epoch: 291 | PSNR: 30.1215 | Loss: 5.5398 | lr: 2.50e-04 | Best_PSNR: 30.1224 | max_value: 255.0 in Epoch [288]
2022-07-23 13:17:23,125 INFO: Epoch: 292 | PSNR: 30.1227 | Loss: 5.5005 | lr: 2.50e-04 | Best_PSNR: 30.1227 | max_value: 255.0 in Epoch [292]
2022-07-23 13:18:01,463 INFO: Epoch: 293 | PSNR: 30.1236 | Loss: 5.5330 | lr: 2.50e-04 | Best_PSNR: 30.1236 | max_value: 255.0 in Epoch [293]
2022-07-23 13:18:38,840 INFO: Epoch: 294 | PSNR: 30.1235 | Loss: 5.5040 | lr: 2.50e-04 | Best_PSNR: 30.1236 | max_value: 255.0 in Epoch [293]
2022-07-23 13:19:16,694 INFO: Epoch: 295 | PSNR: 30.1235 | Loss: 5.4987 | lr: 2.50e-04 | Best_PSNR: 30.1236 | max_value: 255.0 in Epoch [293]
2022-07-23 13:19:55,245 INFO: Epoch: 296 | PSNR: 30.1240 | Loss: 5.5055 | lr: 2.50e-04 | Best_PSNR: 30.1240 | max_value: 255.0 in Epoch [296]
2022-07-23 13:20:32,932 INFO: Epoch: 297 | PSNR: 30.1235 | Loss: 5.5003 | lr: 2.50e-04 | Best_PSNR: 30.1240 | max_value: 255.0 in Epoch [296]
2022-07-23 13:21:10,457 INFO: Epoch: 298 | PSNR: 30.1238 | Loss: 5.4937 | lr: 2.50e-04 | Best_PSNR: 30.1240 | max_value: 255.0 in Epoch [296]
2022-07-23 13:21:48,259 INFO: Epoch: 299 | PSNR: 30.1236 | Loss: 5.4997 | lr: 2.50e-04 | Best_PSNR: 30.1240 | max_value: 255.0 in Epoch [296]
2022-07-23 13:22:25,681 INFO: Epoch: 300 | PSNR: 30.1236 | Loss: 5.5445 | lr: 2.50e-04 | Best_PSNR: 30.1240 | max_value: 255.0 in Epoch [296]
2022-07-23 13:23:03,368 INFO: Epoch: 301 | PSNR: 30.1236 | Loss: 5.5255 | lr: 2.50e-04 | Best_PSNR: 30.1240 | max_value: 255.0 in Epoch [296]
2022-07-23 13:23:40,987 INFO: Epoch: 302 | PSNR: 30.1240 | Loss: 5.5057 | lr: 2.50e-04 | Best_PSNR: 30.1240 | max_value: 255.0 in Epoch [296]
2022-07-23 13:24:18,131 INFO: Epoch: 303 | PSNR: 30.1240 | Loss: 5.5342 | lr: 2.50e-04 | Best_PSNR: 30.1240 | max_value: 255.0 in Epoch [296]
2022-07-23 13:24:56,978 INFO: Epoch: 304 | PSNR: 30.1243 | Loss: 5.5187 | lr: 2.50e-04 | Best_PSNR: 30.1243 | max_value: 255.0 in Epoch [304]
2022-07-23 13:25:34,732 INFO: Epoch: 305 | PSNR: 30.1239 | Loss: 5.4681 | lr: 2.50e-04 | Best_PSNR: 30.1243 | max_value: 255.0 in Epoch [304]
2022-07-23 13:26:11,674 INFO: Epoch: 306 | PSNR: 30.1241 | Loss: 5.5186 | lr: 2.50e-04 | Best_PSNR: 30.1243 | max_value: 255.0 in Epoch [304]
2022-07-23 13:26:50,277 INFO: Epoch: 307 | PSNR: 30.1244 | Loss: 5.4986 | lr: 2.50e-04 | Best_PSNR: 30.1244 | max_value: 255.0 in Epoch [307]
2022-07-23 13:27:28,056 INFO: Epoch: 308 | PSNR: 30.1238 | Loss: 5.5333 | lr: 2.50e-04 | Best_PSNR: 30.1244 | max_value: 255.0 in Epoch [307]
2022-07-23 13:28:05,243 INFO: Epoch: 309 | PSNR: 30.1244 | Loss: 5.5109 | lr: 2.50e-04 | Best_PSNR: 30.1244 | max_value: 255.0 in Epoch [307]
2022-07-23 13:28:43,100 INFO: Epoch: 310 | PSNR: 30.1241 | Loss: 5.5261 | lr: 2.50e-04 | Best_PSNR: 30.1244 | max_value: 255.0 in Epoch [307]
2022-07-23 13:29:21,034 INFO: Epoch: 311 | PSNR: 30.1237 | Loss: 5.5105 | lr: 2.50e-04 | Best_PSNR: 30.1244 | max_value: 255.0 in Epoch [307]
2022-07-23 13:29:59,023 INFO: Epoch: 312 | PSNR: 30.1242 | Loss: 5.4888 | lr: 2.50e-04 | Best_PSNR: 30.1244 | max_value: 255.0 in Epoch [307]
2022-07-23 13:30:37,279 INFO: Epoch: 313 | PSNR: 30.1238 | Loss: 5.5288 | lr: 2.50e-04 | Best_PSNR: 30.1244 | max_value: 255.0 in Epoch [307]
2022-07-23 13:31:15,299 INFO: Epoch: 314 | PSNR: 30.1249 | Loss: 5.4740 | lr: 2.50e-04 | Best_PSNR: 30.1249 | max_value: 255.0 in Epoch [314]
2022-07-23 13:31:53,312 INFO: Epoch: 315 | PSNR: 30.1251 | Loss: 5.4567 | lr: 2.50e-04 | Best_PSNR: 30.1251 | max_value: 255.0 in Epoch [315]
2022-07-23 13:32:31,853 INFO: Epoch: 316 | PSNR: 30.1256 | Loss: 5.5196 | lr: 2.50e-04 | Best_PSNR: 30.1256 | max_value: 255.0 in Epoch [316]
2022-07-23 13:33:10,184 INFO: Epoch: 317 | PSNR: 30.1250 | Loss: 5.5366 | lr: 2.50e-04 | Best_PSNR: 30.1256 | max_value: 255.0 in Epoch [316]
2022-07-23 13:33:48,743 INFO: Epoch: 318 | PSNR: 30.1251 | Loss: 5.4583 | lr: 2.50e-04 | Best_PSNR: 30.1256 | max_value: 255.0 in Epoch [316]
2022-07-23 13:34:26,724 INFO: Epoch: 319 | PSNR: 30.1251 | Loss: 5.4858 | lr: 2.50e-04 | Best_PSNR: 30.1256 | max_value: 255.0 in Epoch [316]
2022-07-23 13:35:04,521 INFO: Epoch: 320 | PSNR: 30.1253 | Loss: 5.4752 | lr: 2.50e-04 | Best_PSNR: 30.1256 | max_value: 255.0 in Epoch [316]
2022-07-23 13:35:42,029 INFO: Epoch: 321 | PSNR: 30.1250 | Loss: 5.5136 | lr: 2.50e-04 | Best_PSNR: 30.1256 | max_value: 255.0 in Epoch [316]
2022-07-23 13:36:19,740 INFO: Epoch: 322 | PSNR: 30.1250 | Loss: 5.5095 | lr: 2.50e-04 | Best_PSNR: 30.1256 | max_value: 255.0 in Epoch [316]
2022-07-23 13:36:56,775 INFO: Epoch: 323 | PSNR: 30.1253 | Loss: 5.4889 | lr: 2.50e-04 | Best_PSNR: 30.1256 | max_value: 255.0 in Epoch [316]
2022-07-23 13:37:34,463 INFO: Epoch: 324 | PSNR: 30.1256 | Loss: 5.5208 | lr: 2.50e-04 | Best_PSNR: 30.1256 | max_value: 255.0 in Epoch [316]
2022-07-23 13:38:12,285 INFO: Epoch: 325 | PSNR: 30.1253 | Loss: 5.5204 | lr: 2.50e-04 | Best_PSNR: 30.1256 | max_value: 255.0 in Epoch [316]
2022-07-23 13:38:49,892 INFO: Epoch: 326 | PSNR: 30.1255 | Loss: 5.4862 | lr: 2.50e-04 | Best_PSNR: 30.1256 | max_value: 255.0 in Epoch [316]
2022-07-23 13:39:27,895 INFO: Epoch: 327 | PSNR: 30.1261 | Loss: 5.4837 | lr: 2.50e-04 | Best_PSNR: 30.1261 | max_value: 255.0 in Epoch [327]
2022-07-23 13:40:06,475 INFO: Epoch: 328 | PSNR: 30.1262 | Loss: 5.5303 | lr: 2.50e-04 | Best_PSNR: 30.1262 | max_value: 255.0 in Epoch [328]
2022-07-23 13:40:43,946 INFO: Epoch: 329 | PSNR: 30.1261 | Loss: 5.4717 | lr: 2.50e-04 | Best_PSNR: 30.1262 | max_value: 255.0 in Epoch [328]
2022-07-23 13:41:21,380 INFO: Epoch: 330 | PSNR: 30.1257 | Loss: 5.5041 | lr: 2.50e-04 | Best_PSNR: 30.1262 | max_value: 255.0 in Epoch [328]
2022-07-23 13:41:58,890 INFO: Epoch: 331 | PSNR: 30.1258 | Loss: 5.5146 | lr: 2.50e-04 | Best_PSNR: 30.1262 | max_value: 255.0 in Epoch [328]
2022-07-23 13:42:36,110 INFO: Epoch: 332 | PSNR: 30.1257 | Loss: 5.5219 | lr: 2.50e-04 | Best_PSNR: 30.1262 | max_value: 255.0 in Epoch [328]
2022-07-23 13:43:13,830 INFO: Epoch: 333 | PSNR: 30.1261 | Loss: 5.5270 | lr: 2.50e-04 | Best_PSNR: 30.1262 | max_value: 255.0 in Epoch [328]
2022-07-23 13:43:50,518 INFO: Epoch: 334 | PSNR: 30.1260 | Loss: 5.5002 | lr: 2.50e-04 | Best_PSNR: 30.1262 | max_value: 255.0 in Epoch [328]
2022-07-23 13:44:27,726 INFO: Epoch: 335 | PSNR: 30.1260 | Loss: 5.5095 | lr: 2.50e-04 | Best_PSNR: 30.1262 | max_value: 255.0 in Epoch [328]
2022-07-23 13:45:05,476 INFO: Epoch: 336 | PSNR: 30.1265 | Loss: 5.5240 | lr: 2.50e-04 | Best_PSNR: 30.1265 | max_value: 255.0 in Epoch [336]
2022-07-23 13:45:43,202 INFO: Epoch: 337 | PSNR: 30.1265 | Loss: 5.4696 | lr: 2.50e-04 | Best_PSNR: 30.1265 | max_value: 255.0 in Epoch [337]
2022-07-23 13:46:20,583 INFO: Epoch: 338 | PSNR: 30.1258 | Loss: 5.4766 | lr: 2.50e-04 | Best_PSNR: 30.1265 | max_value: 255.0 in Epoch [337]
2022-07-23 13:46:57,595 INFO: Epoch: 339 | PSNR: 30.1258 | Loss: 5.4738 | lr: 2.50e-04 | Best_PSNR: 30.1265 | max_value: 255.0 in Epoch [337]
2022-07-23 13:47:35,124 INFO: Epoch: 340 | PSNR: 30.1259 | Loss: 5.4510 | lr: 2.50e-04 | Best_PSNR: 30.1265 | max_value: 255.0 in Epoch [337]
2022-07-23 13:48:12,882 INFO: Epoch: 341 | PSNR: 30.1266 | Loss: 5.5433 | lr: 2.50e-04 | Best_PSNR: 30.1266 | max_value: 255.0 in Epoch [341]
2022-07-23 13:48:50,198 INFO: Epoch: 342 | PSNR: 30.1267 | Loss: 5.5218 | lr: 2.50e-04 | Best_PSNR: 30.1267 | max_value: 255.0 in Epoch [342]
2022-07-23 13:49:27,049 INFO: Epoch: 343 | PSNR: 30.1264 | Loss: 5.5543 | lr: 2.50e-04 | Best_PSNR: 30.1267 | max_value: 255.0 in Epoch [342]
2022-07-23 13:50:03,825 INFO: Epoch: 344 | PSNR: 30.1261 | Loss: 5.5293 | lr: 2.50e-04 | Best_PSNR: 30.1267 | max_value: 255.0 in Epoch [342]
2022-07-23 13:50:41,591 INFO: Epoch: 345 | PSNR: 30.1264 | Loss: 5.4954 | lr: 2.50e-04 | Best_PSNR: 30.1267 | max_value: 255.0 in Epoch [342]
2022-07-23 13:51:19,382 INFO: Epoch: 346 | PSNR: 30.1259 | Loss: 5.5301 | lr: 2.50e-04 | Best_PSNR: 30.1267 | max_value: 255.0 in Epoch [342]
2022-07-23 13:51:57,149 INFO: Epoch: 347 | PSNR: 30.1258 | Loss: 5.5064 | lr: 2.50e-04 | Best_PSNR: 30.1267 | max_value: 255.0 in Epoch [342]
2022-07-23 13:52:34,826 INFO: Epoch: 348 | PSNR: 30.1259 | Loss: 5.5458 | lr: 2.50e-04 | Best_PSNR: 30.1267 | max_value: 255.0 in Epoch [342]
2022-07-23 13:53:12,508 INFO: Epoch: 349 | PSNR: 30.1262 | Loss: 5.5202 | lr: 2.50e-04 | Best_PSNR: 30.1267 | max_value: 255.0 in Epoch [342]
2022-07-23 13:53:50,320 INFO: Epoch: 350 | PSNR: 30.1266 | Loss: 5.5162 | lr: 2.50e-04 | Best_PSNR: 30.1267 | max_value: 255.0 in Epoch [342]
2022-07-23 13:54:28,420 INFO: Epoch: 351 | PSNR: 30.1269 | Loss: 5.4988 | lr: 2.50e-04 | Best_PSNR: 30.1269 | max_value: 255.0 in Epoch [351]
2022-07-23 13:55:06,699 INFO: Epoch: 352 | PSNR: 30.1270 | Loss: 5.5381 | lr: 2.50e-04 | Best_PSNR: 30.1270 | max_value: 255.0 in Epoch [352]
2022-07-23 13:55:44,965 INFO: Epoch: 353 | PSNR: 30.1270 | Loss: 5.5173 | lr: 2.50e-04 | Best_PSNR: 30.1270 | max_value: 255.0 in Epoch [353]
2022-07-23 13:56:23,096 INFO: Epoch: 354 | PSNR: 30.1269 | Loss: 5.5020 | lr: 2.50e-04 | Best_PSNR: 30.1270 | max_value: 255.0 in Epoch [353]
2022-07-23 13:57:01,816 INFO: Epoch: 355 | PSNR: 30.1272 | Loss: 5.4443 | lr: 2.50e-04 | Best_PSNR: 30.1272 | max_value: 255.0 in Epoch [355]
2022-07-23 13:57:40,373 INFO: Epoch: 356 | PSNR: 30.1275 | Loss: 5.5037 | lr: 2.50e-04 | Best_PSNR: 30.1275 | max_value: 255.0 in Epoch [356]
2022-07-23 13:58:18,043 INFO: Epoch: 357 | PSNR: 30.1274 | Loss: 5.4988 | lr: 2.50e-04 | Best_PSNR: 30.1275 | max_value: 255.0 in Epoch [356]
2022-07-23 13:58:55,351 INFO: Epoch: 358 | PSNR: 30.1272 | Loss: 5.5275 | lr: 2.50e-04 | Best_PSNR: 30.1275 | max_value: 255.0 in Epoch [356]
2022-07-23 13:59:33,044 INFO: Epoch: 359 | PSNR: 30.1271 | Loss: 5.4848 | lr: 2.50e-04 | Best_PSNR: 30.1275 | max_value: 255.0 in Epoch [356]
2022-07-23 14:00:10,763 INFO: Epoch: 360 | PSNR: 30.1271 | Loss: 5.4767 | lr: 2.50e-04 | Best_PSNR: 30.1275 | max_value: 255.0 in Epoch [356]
2022-07-23 14:00:49,045 INFO: Epoch: 361 | PSNR: 30.1276 | Loss: 5.5588 | lr: 1.25e-04 | Best_PSNR: 30.1276 | max_value: 255.0 in Epoch [361]
2022-07-23 14:01:27,268 INFO: Epoch: 362 | PSNR: 30.1279 | Loss: 5.5072 | lr: 1.25e-04 | Best_PSNR: 30.1279 | max_value: 255.0 in Epoch [362]
2022-07-23 14:02:04,350 INFO: Epoch: 363 | PSNR: 30.1276 | Loss: 5.5331 | lr: 1.25e-04 | Best_PSNR: 30.1279 | max_value: 255.0 in Epoch [362]
2022-07-23 14:02:42,227 INFO: Epoch: 364 | PSNR: 30.1280 | Loss: 5.4896 | lr: 1.25e-04 | Best_PSNR: 30.1280 | max_value: 255.0 in Epoch [364]
2022-07-23 14:03:20,248 INFO: Epoch: 365 | PSNR: 30.1286 | Loss: 5.5092 | lr: 1.25e-04 | Best_PSNR: 30.1286 | max_value: 255.0 in Epoch [365]
2022-07-23 14:03:58,244 INFO: Epoch: 366 | PSNR: 30.1286 | Loss: 5.5323 | lr: 1.25e-04 | Best_PSNR: 30.1286 | max_value: 255.0 in Epoch [366]
2022-07-23 14:04:36,540 INFO: Epoch: 367 | PSNR: 30.1293 | Loss: 5.4841 | lr: 1.25e-04 | Best_PSNR: 30.1293 | max_value: 255.0 in Epoch [367]
2022-07-23 14:05:14,340 INFO: Epoch: 368 | PSNR: 30.1292 | Loss: 5.5163 | lr: 1.25e-04 | Best_PSNR: 30.1293 | max_value: 255.0 in Epoch [367]
2022-07-23 14:05:52,355 INFO: Epoch: 369 | PSNR: 30.1291 | Loss: 5.5040 | lr: 1.25e-04 | Best_PSNR: 30.1293 | max_value: 255.0 in Epoch [367]
2022-07-23 14:06:30,718 INFO: Epoch: 370 | PSNR: 30.1294 | Loss: 5.5120 | lr: 1.25e-04 | Best_PSNR: 30.1294 | max_value: 255.0 in Epoch [370]
2022-07-23 14:07:08,108 INFO: Epoch: 371 | PSNR: 30.1293 | Loss: 5.4722 | lr: 1.25e-04 | Best_PSNR: 30.1294 | max_value: 255.0 in Epoch [370]
2022-07-23 14:07:45,123 INFO: Epoch: 372 | PSNR: 30.1293 | Loss: 5.4784 | lr: 1.25e-04 | Best_PSNR: 30.1294 | max_value: 255.0 in Epoch [370]
2022-07-23 14:08:23,438 INFO: Epoch: 373 | PSNR: 30.1290 | Loss: 5.4781 | lr: 1.25e-04 | Best_PSNR: 30.1294 | max_value: 255.0 in Epoch [370]
2022-07-23 14:09:01,518 INFO: Epoch: 374 | PSNR: 30.1298 | Loss: 5.4750 | lr: 1.25e-04 | Best_PSNR: 30.1298 | max_value: 255.0 in Epoch [374]
2022-07-23 14:09:38,934 INFO: Epoch: 375 | PSNR: 30.1298 | Loss: 5.4851 | lr: 1.25e-04 | Best_PSNR: 30.1298 | max_value: 255.0 in Epoch [374]
2022-07-23 14:10:16,233 INFO: Epoch: 376 | PSNR: 30.1290 | Loss: 5.5833 | lr: 1.25e-04 | Best_PSNR: 30.1298 | max_value: 255.0 in Epoch [374]
2022-07-23 14:10:53,782 INFO: Epoch: 377 | PSNR: 30.1290 | Loss: 5.5003 | lr: 1.25e-04 | Best_PSNR: 30.1298 | max_value: 255.0 in Epoch [374]
2022-07-23 14:11:31,497 INFO: Epoch: 378 | PSNR: 30.1296 | Loss: 5.4996 | lr: 1.25e-04 | Best_PSNR: 30.1298 | max_value: 255.0 in Epoch [374]
2022-07-23 14:12:08,980 INFO: Epoch: 379 | PSNR: 30.1295 | Loss: 5.5259 | lr: 1.25e-04 | Best_PSNR: 30.1298 | max_value: 255.0 in Epoch [374]
2022-07-23 14:12:46,621 INFO: Epoch: 380 | PSNR: 30.1294 | Loss: 5.4432 | lr: 1.25e-04 | Best_PSNR: 30.1298 | max_value: 255.0 in Epoch [374]
2022-07-23 14:13:24,825 INFO: Epoch: 381 | PSNR: 30.1295 | Loss: 5.5276 | lr: 1.25e-04 | Best_PSNR: 30.1298 | max_value: 255.0 in Epoch [374]
2022-07-23 14:14:02,103 INFO: Epoch: 382 | PSNR: 30.1296 | Loss: 5.4636 | lr: 1.25e-04 | Best_PSNR: 30.1298 | max_value: 255.0 in Epoch [374]
2022-07-23 14:14:40,146 INFO: Epoch: 383 | PSNR: 30.1303 | Loss: 5.5186 | lr: 1.25e-04 | Best_PSNR: 30.1303 | max_value: 255.0 in Epoch [383]
2022-07-23 14:15:18,012 INFO: Epoch: 384 | PSNR: 30.1299 | Loss: 5.5001 | lr: 1.25e-04 | Best_PSNR: 30.1303 | max_value: 255.0 in Epoch [383]
2022-07-23 14:15:56,127 INFO: Epoch: 385 | PSNR: 30.1300 | Loss: 5.4740 | lr: 1.25e-04 | Best_PSNR: 30.1303 | max_value: 255.0 in Epoch [383]
2022-07-23 14:16:34,149 INFO: Epoch: 386 | PSNR: 30.1301 | Loss: 5.4946 | lr: 1.25e-04 | Best_PSNR: 30.1303 | max_value: 255.0 in Epoch [383]
2022-07-23 14:17:12,353 INFO: Epoch: 387 | PSNR: 30.1307 | Loss: 5.5426 | lr: 1.25e-04 | Best_PSNR: 30.1307 | max_value: 255.0 in Epoch [387]
2022-07-23 14:17:50,601 INFO: Epoch: 388 | PSNR: 30.1308 | Loss: 5.5441 | lr: 1.25e-04 | Best_PSNR: 30.1308 | max_value: 255.0 in Epoch [388]
2022-07-23 14:18:28,012 INFO: Epoch: 389 | PSNR: 30.1306 | Loss: 5.5222 | lr: 1.25e-04 | Best_PSNR: 30.1308 | max_value: 255.0 in Epoch [388]
2022-07-23 14:19:05,537 INFO: Epoch: 390 | PSNR: 30.1307 | Loss: 5.4865 | lr: 1.25e-04 | Best_PSNR: 30.1308 | max_value: 255.0 in Epoch [388]
2022-07-23 14:19:43,845 INFO: Epoch: 391 | PSNR: 30.1311 | Loss: 5.4903 | lr: 1.25e-04 | Best_PSNR: 30.1311 | max_value: 255.0 in Epoch [391]
2022-07-23 14:20:22,283 INFO: Epoch: 392 | PSNR: 30.1310 | Loss: 5.5003 | lr: 1.25e-04 | Best_PSNR: 30.1311 | max_value: 255.0 in Epoch [391]
2022-07-23 14:20:59,560 INFO: Epoch: 393 | PSNR: 30.1309 | Loss: 5.5397 | lr: 1.25e-04 | Best_PSNR: 30.1311 | max_value: 255.0 in Epoch [391]
2022-07-23 14:21:36,683 INFO: Epoch: 394 | PSNR: 30.1306 | Loss: 5.4782 | lr: 1.25e-04 | Best_PSNR: 30.1311 | max_value: 255.0 in Epoch [391]
2022-07-23 14:22:14,197 INFO: Epoch: 395 | PSNR: 30.1306 | Loss: 5.4765 | lr: 1.25e-04 | Best_PSNR: 30.1311 | max_value: 255.0 in Epoch [391]
2022-07-23 14:22:51,285 INFO: Epoch: 396 | PSNR: 30.1302 | Loss: 5.4982 | lr: 1.25e-04 | Best_PSNR: 30.1311 | max_value: 255.0 in Epoch [391]
2022-07-23 14:23:28,535 INFO: Epoch: 397 | PSNR: 30.1301 | Loss: 5.4554 | lr: 1.25e-04 | Best_PSNR: 30.1311 | max_value: 255.0 in Epoch [391]
2022-07-23 14:24:05,497 INFO: Epoch: 398 | PSNR: 30.1302 | Loss: 5.5005 | lr: 1.25e-04 | Best_PSNR: 30.1311 | max_value: 255.0 in Epoch [391]
2022-07-23 14:24:43,600 INFO: Epoch: 399 | PSNR: 30.1312 | Loss: 5.5302 | lr: 1.25e-04 | Best_PSNR: 30.1312 | max_value: 255.0 in Epoch [399]
2022-07-23 14:25:20,542 INFO: Epoch: 400 | PSNR: 30.1311 | Loss: 5.5162 | lr: 1.25e-04 | Best_PSNR: 30.1312 | max_value: 255.0 in Epoch [399]
2022-07-23 14:25:57,858 INFO: Epoch: 401 | PSNR: 30.1308 | Loss: 5.4635 | lr: 1.25e-04 | Best_PSNR: 30.1312 | max_value: 255.0 in Epoch [399]
2022-07-23 14:26:35,557 INFO: Epoch: 402 | PSNR: 30.1310 | Loss: 5.4983 | lr: 1.25e-04 | Best_PSNR: 30.1312 | max_value: 255.0 in Epoch [399]
2022-07-23 14:27:12,956 INFO: Epoch: 403 | PSNR: 30.1310 | Loss: 5.4745 | lr: 1.25e-04 | Best_PSNR: 30.1312 | max_value: 255.0 in Epoch [399]
2022-07-23 14:27:50,465 INFO: Epoch: 404 | PSNR: 30.1310 | Loss: 5.5318 | lr: 1.25e-04 | Best_PSNR: 30.1312 | max_value: 255.0 in Epoch [399]
2022-07-23 14:28:28,179 INFO: Epoch: 405 | PSNR: 30.1309 | Loss: 5.5275 | lr: 1.25e-04 | Best_PSNR: 30.1312 | max_value: 255.0 in Epoch [399]
2022-07-23 14:29:06,058 INFO: Epoch: 406 | PSNR: 30.1307 | Loss: 5.4713 | lr: 1.25e-04 | Best_PSNR: 30.1312 | max_value: 255.0 in Epoch [399]
2022-07-23 14:29:43,736 INFO: Epoch: 407 | PSNR: 30.1309 | Loss: 5.4973 | lr: 1.25e-04 | Best_PSNR: 30.1312 | max_value: 255.0 in Epoch [399]
2022-07-23 14:30:21,066 INFO: Epoch: 408 | PSNR: 30.1310 | Loss: 5.4625 | lr: 1.25e-04 | Best_PSNR: 30.1312 | max_value: 255.0 in Epoch [399]
2022-07-23 14:30:58,632 INFO: Epoch: 409 | PSNR: 30.1309 | Loss: 5.4437 | lr: 1.25e-04 | Best_PSNR: 30.1312 | max_value: 255.0 in Epoch [399]
2022-07-23 14:31:37,081 INFO: Epoch: 410 | PSNR: 30.1314 | Loss: 5.4784 | lr: 1.25e-04 | Best_PSNR: 30.1314 | max_value: 255.0 in Epoch [410]
2022-07-23 14:32:14,391 INFO: Epoch: 411 | PSNR: 30.1313 | Loss: 5.4547 | lr: 1.25e-04 | Best_PSNR: 30.1314 | max_value: 255.0 in Epoch [410]
2022-07-23 14:32:51,832 INFO: Epoch: 412 | PSNR: 30.1318 | Loss: 5.5046 | lr: 1.25e-04 | Best_PSNR: 30.1318 | max_value: 255.0 in Epoch [412]
2022-07-23 14:33:30,121 INFO: Epoch: 413 | PSNR: 30.1320 | Loss: 5.5075 | lr: 1.25e-04 | Best_PSNR: 30.1320 | max_value: 255.0 in Epoch [413]
2022-07-23 14:34:08,008 INFO: Epoch: 414 | PSNR: 30.1321 | Loss: 5.5154 | lr: 1.25e-04 | Best_PSNR: 30.1321 | max_value: 255.0 in Epoch [414]
2022-07-23 14:34:45,463 INFO: Epoch: 415 | PSNR: 30.1317 | Loss: 5.4914 | lr: 1.25e-04 | Best_PSNR: 30.1321 | max_value: 255.0 in Epoch [414]
2022-07-23 14:35:22,606 INFO: Epoch: 416 | PSNR: 30.1318 | Loss: 5.4890 | lr: 1.25e-04 | Best_PSNR: 30.1321 | max_value: 255.0 in Epoch [414]
2022-07-23 14:36:00,884 INFO: Epoch: 417 | PSNR: 30.1320 | Loss: 5.5272 | lr: 1.25e-04 | Best_PSNR: 30.1321 | max_value: 255.0 in Epoch [414]
2022-07-23 14:36:38,804 INFO: Epoch: 418 | PSNR: 30.1317 | Loss: 5.5046 | lr: 1.25e-04 | Best_PSNR: 30.1321 | max_value: 255.0 in Epoch [414]
2022-07-23 14:37:16,449 INFO: Epoch: 419 | PSNR: 30.1322 | Loss: 5.4939 | lr: 1.25e-04 | Best_PSNR: 30.1322 | max_value: 255.0 in Epoch [419]
2022-07-23 14:37:53,966 INFO: Epoch: 420 | PSNR: 30.1322 | Loss: 5.4591 | lr: 1.25e-04 | Best_PSNR: 30.1322 | max_value: 255.0 in Epoch [419]
2022-07-23 14:38:31,280 INFO: Epoch: 421 | PSNR: 30.1326 | Loss: 5.5255 | lr: 1.25e-04 | Best_PSNR: 30.1326 | max_value: 255.0 in Epoch [421]
2022-07-23 14:39:08,773 INFO: Epoch: 422 | PSNR: 30.1322 | Loss: 5.5439 | lr: 1.25e-04 | Best_PSNR: 30.1326 | max_value: 255.0 in Epoch [421]
2022-07-23 14:39:45,942 INFO: Epoch: 423 | PSNR: 30.1314 | Loss: 5.4871 | lr: 1.25e-04 | Best_PSNR: 30.1326 | max_value: 255.0 in Epoch [421]
2022-07-23 14:40:22,773 INFO: Epoch: 424 | PSNR: 30.1317 | Loss: 5.5205 | lr: 1.25e-04 | Best_PSNR: 30.1326 | max_value: 255.0 in Epoch [421]
2022-07-23 14:41:00,064 INFO: Epoch: 425 | PSNR: 30.1316 | Loss: 5.4251 | lr: 1.25e-04 | Best_PSNR: 30.1326 | max_value: 255.0 in Epoch [421]
2022-07-23 14:41:37,479 INFO: Epoch: 426 | PSNR: 30.1320 | Loss: 5.4986 | lr: 1.25e-04 | Best_PSNR: 30.1326 | max_value: 255.0 in Epoch [421]
2022-07-23 14:42:15,408 INFO: Epoch: 427 | PSNR: 30.1326 | Loss: 5.5066 | lr: 1.25e-04 | Best_PSNR: 30.1326 | max_value: 255.0 in Epoch [427]
2022-07-23 14:42:52,871 INFO: Epoch: 428 | PSNR: 30.1325 | Loss: 5.5248 | lr: 1.25e-04 | Best_PSNR: 30.1326 | max_value: 255.0 in Epoch [427]
2022-07-23 14:43:31,465 INFO: Epoch: 429 | PSNR: 30.1326 | Loss: 5.4590 | lr: 1.25e-04 | Best_PSNR: 30.1326 | max_value: 255.0 in Epoch [429]
2022-07-23 14:44:08,447 INFO: Epoch: 430 | PSNR: 30.1324 | Loss: 5.5143 | lr: 1.25e-04 | Best_PSNR: 30.1326 | max_value: 255.0 in Epoch [429]
2022-07-23 14:44:45,748 INFO: Epoch: 431 | PSNR: 30.1323 | Loss: 5.5204 | lr: 1.25e-04 | Best_PSNR: 30.1326 | max_value: 255.0 in Epoch [429]
2022-07-23 14:45:22,873 INFO: Epoch: 432 | PSNR: 30.1321 | Loss: 5.4736 | lr: 1.25e-04 | Best_PSNR: 30.1326 | max_value: 255.0 in Epoch [429]
2022-07-23 14:46:00,920 INFO: Epoch: 433 | PSNR: 30.1320 | Loss: 5.5031 | lr: 1.25e-04 | Best_PSNR: 30.1326 | max_value: 255.0 in Epoch [429]
2022-07-23 14:46:40,956 INFO: Epoch: 434 | PSNR: 30.1324 | Loss: 5.5447 | lr: 1.25e-04 | Best_PSNR: 30.1326 | max_value: 255.0 in Epoch [429]
2022-07-23 14:47:20,059 INFO: Epoch: 435 | PSNR: 30.1323 | Loss: 5.5280 | lr: 1.25e-04 | Best_PSNR: 30.1326 | max_value: 255.0 in Epoch [429]
2022-07-23 14:47:57,351 INFO: Epoch: 436 | PSNR: 30.1321 | Loss: 5.4919 | lr: 1.25e-04 | Best_PSNR: 30.1326 | max_value: 255.0 in Epoch [429]
2022-07-23 14:48:36,194 INFO: Epoch: 437 | PSNR: 30.1323 | Loss: 5.5289 | lr: 1.25e-04 | Best_PSNR: 30.1326 | max_value: 255.0 in Epoch [429]
2022-07-23 14:49:15,069 INFO: Epoch: 438 | PSNR: 30.1322 | Loss: 5.5034 | lr: 1.25e-04 | Best_PSNR: 30.1326 | max_value: 255.0 in Epoch [429]
2022-07-23 14:49:53,940 INFO: Epoch: 439 | PSNR: 30.1322 | Loss: 5.5406 | lr: 1.25e-04 | Best_PSNR: 30.1326 | max_value: 255.0 in Epoch [429]
2022-07-23 14:50:36,060 INFO: Epoch: 440 | PSNR: 30.1326 | Loss: 5.5115 | lr: 1.25e-04 | Best_PSNR: 30.1326 | max_value: 255.0 in Epoch [429]
2022-07-23 14:51:15,820 INFO: Epoch: 441 | PSNR: 30.1324 | Loss: 5.5468 | lr: 1.25e-04 | Best_PSNR: 30.1326 | max_value: 255.0 in Epoch [429]
2022-07-23 14:51:55,557 INFO: Epoch: 442 | PSNR: 30.1324 | Loss: 5.4781 | lr: 1.25e-04 | Best_PSNR: 30.1326 | max_value: 255.0 in Epoch [429]
2022-07-23 14:52:35,249 INFO: Epoch: 443 | PSNR: 30.1322 | Loss: 5.5236 | lr: 1.25e-04 | Best_PSNR: 30.1326 | max_value: 255.0 in Epoch [429]
2022-07-23 14:53:16,768 INFO: Epoch: 444 | PSNR: 30.1327 | Loss: 5.4839 | lr: 1.25e-04 | Best_PSNR: 30.1327 | max_value: 255.0 in Epoch [444]
2022-07-23 14:53:57,227 INFO: Epoch: 445 | PSNR: 30.1329 | Loss: 5.4772 | lr: 1.25e-04 | Best_PSNR: 30.1329 | max_value: 255.0 in Epoch [445]
2022-07-23 14:54:38,985 INFO: Epoch: 446 | PSNR: 30.1332 | Loss: 5.5173 | lr: 1.25e-04 | Best_PSNR: 30.1332 | max_value: 255.0 in Epoch [446]
2022-07-23 14:55:18,420 INFO: Epoch: 447 | PSNR: 30.1324 | Loss: 5.5079 | lr: 1.25e-04 | Best_PSNR: 30.1332 | max_value: 255.0 in Epoch [446]
2022-07-23 14:55:57,766 INFO: Epoch: 448 | PSNR: 30.1326 | Loss: 5.4776 | lr: 1.25e-04 | Best_PSNR: 30.1332 | max_value: 255.0 in Epoch [446]
2022-07-23 14:56:38,369 INFO: Epoch: 449 | PSNR: 30.1332 | Loss: 5.5093 | lr: 1.25e-04 | Best_PSNR: 30.1332 | max_value: 255.0 in Epoch [446]
2022-07-23 14:57:17,756 INFO: Epoch: 450 | PSNR: 30.1330 | Loss: 5.5177 | lr: 1.25e-04 | Best_PSNR: 30.1332 | max_value: 255.0 in Epoch [446]
2022-07-23 14:57:57,225 INFO: Epoch: 451 | PSNR: 30.1328 | Loss: 5.4824 | lr: 1.25e-04 | Best_PSNR: 30.1332 | max_value: 255.0 in Epoch [446]
2022-07-23 14:58:36,141 INFO: Epoch: 452 | PSNR: 30.1330 | Loss: 5.4377 | lr: 1.25e-04 | Best_PSNR: 30.1332 | max_value: 255.0 in Epoch [446]
2022-07-23 14:59:22,442 INFO: Epoch: 453 | PSNR: 30.1335 | Loss: 5.4792 | lr: 1.25e-04 | Best_PSNR: 30.1335 | max_value: 255.0 in Epoch [453]
2022-07-23 15:00:15,341 INFO: Epoch: 454 | PSNR: 30.1334 | Loss: 5.5031 | lr: 1.25e-04 | Best_PSNR: 30.1335 | max_value: 255.0 in Epoch [453]
2022-07-23 15:01:06,948 INFO: Epoch: 455 | PSNR: 30.1332 | Loss: 5.5157 | lr: 1.25e-04 | Best_PSNR: 30.1335 | max_value: 255.0 in Epoch [453]
2022-07-23 15:01:49,508 INFO: Epoch: 456 | PSNR: 30.1332 | Loss: 5.4742 | lr: 1.25e-04 | Best_PSNR: 30.1335 | max_value: 255.0 in Epoch [453]
2022-07-23 15:02:28,724 INFO: Epoch: 457 | PSNR: 30.1332 | Loss: 5.5242 | lr: 1.25e-04 | Best_PSNR: 30.1335 | max_value: 255.0 in Epoch [453]
2022-07-23 15:03:08,229 INFO: Epoch: 458 | PSNR: 30.1330 | Loss: 5.4968 | lr: 1.25e-04 | Best_PSNR: 30.1335 | max_value: 255.0 in Epoch [453]
2022-07-23 15:03:47,972 INFO: Epoch: 459 | PSNR: 30.1325 | Loss: 5.4997 | lr: 1.25e-04 | Best_PSNR: 30.1335 | max_value: 255.0 in Epoch [453]
2022-07-23 15:04:26,634 INFO: Epoch: 460 | PSNR: 30.1325 | Loss: 5.5094 | lr: 1.25e-04 | Best_PSNR: 30.1335 | max_value: 255.0 in Epoch [453]
2022-07-23 15:05:08,451 INFO: Epoch: 461 | PSNR: 30.1330 | Loss: 5.4705 | lr: 1.25e-04 | Best_PSNR: 30.1335 | max_value: 255.0 in Epoch [453]
2022-07-23 15:05:49,814 INFO: Epoch: 462 | PSNR: 30.1326 | Loss: 5.5185 | lr: 1.25e-04 | Best_PSNR: 30.1335 | max_value: 255.0 in Epoch [453]
2022-07-23 15:06:28,938 INFO: Epoch: 463 | PSNR: 30.1330 | Loss: 5.4689 | lr: 1.25e-04 | Best_PSNR: 30.1335 | max_value: 255.0 in Epoch [453]
2022-07-23 15:07:06,665 INFO: Epoch: 464 | PSNR: 30.1324 | Loss: 5.5003 | lr: 1.25e-04 | Best_PSNR: 30.1335 | max_value: 255.0 in Epoch [453]
2022-07-23 15:07:44,810 INFO: Epoch: 465 | PSNR: 30.1333 | Loss: 5.4997 | lr: 1.25e-04 | Best_PSNR: 30.1335 | max_value: 255.0 in Epoch [453]
2022-07-23 15:08:24,620 INFO: Epoch: 466 | PSNR: 30.1329 | Loss: 5.5222 | lr: 1.25e-04 | Best_PSNR: 30.1335 | max_value: 255.0 in Epoch [453]
2022-07-23 15:09:04,356 INFO: Epoch: 467 | PSNR: 30.1330 | Loss: 5.5330 | lr: 1.25e-04 | Best_PSNR: 30.1335 | max_value: 255.0 in Epoch [453]
2022-07-23 15:09:44,694 INFO: Epoch: 468 | PSNR: 30.1326 | Loss: 5.4893 | lr: 1.25e-04 | Best_PSNR: 30.1335 | max_value: 255.0 in Epoch [453]
2022-07-23 15:10:24,173 INFO: Epoch: 469 | PSNR: 30.1336 | Loss: 5.4889 | lr: 1.25e-04 | Best_PSNR: 30.1336 | max_value: 255.0 in Epoch [469]
2022-07-23 15:11:03,007 INFO: Epoch: 470 | PSNR: 30.1334 | Loss: 5.5157 | lr: 1.25e-04 | Best_PSNR: 30.1336 | max_value: 255.0 in Epoch [469]
2022-07-23 15:11:42,540 INFO: Epoch: 471 | PSNR: 30.1334 | Loss: 5.4815 | lr: 1.25e-04 | Best_PSNR: 30.1336 | max_value: 255.0 in Epoch [469]
2022-07-23 15:12:21,255 INFO: Epoch: 472 | PSNR: 30.1335 | Loss: 5.4826 | lr: 1.25e-04 | Best_PSNR: 30.1336 | max_value: 255.0 in Epoch [469]
2022-07-23 15:13:01,067 INFO: Epoch: 473 | PSNR: 30.1324 | Loss: 5.4607 | lr: 1.25e-04 | Best_PSNR: 30.1336 | max_value: 255.0 in Epoch [469]
2022-07-23 15:13:39,857 INFO: Epoch: 474 | PSNR: 30.1330 | Loss: 5.5397 | lr: 1.25e-04 | Best_PSNR: 30.1336 | max_value: 255.0 in Epoch [469]
2022-07-23 15:14:18,613 INFO: Epoch: 475 | PSNR: 30.1332 | Loss: 5.5072 | lr: 1.25e-04 | Best_PSNR: 30.1336 | max_value: 255.0 in Epoch [469]
2022-07-23 15:14:55,924 INFO: Epoch: 476 | PSNR: 30.1332 | Loss: 5.5290 | lr: 1.25e-04 | Best_PSNR: 30.1336 | max_value: 255.0 in Epoch [469]
2022-07-23 15:15:33,305 INFO: Epoch: 477 | PSNR: 30.1335 | Loss: 5.5469 | lr: 1.25e-04 | Best_PSNR: 30.1336 | max_value: 255.0 in Epoch [469]
2022-07-23 15:16:12,951 INFO: Epoch: 478 | PSNR: 30.1334 | Loss: 5.4750 | lr: 1.25e-04 | Best_PSNR: 30.1336 | max_value: 255.0 in Epoch [469]
2022-07-23 15:16:51,103 INFO: Epoch: 479 | PSNR: 30.1334 | Loss: 5.5129 | lr: 1.25e-04 | Best_PSNR: 30.1336 | max_value: 255.0 in Epoch [469]
2022-07-23 15:17:30,938 INFO: Epoch: 480 | PSNR: 30.1326 | Loss: 5.4978 | lr: 1.25e-04 | Best_PSNR: 30.1336 | max_value: 255.0 in Epoch [469]
2022-07-23 15:18:09,350 INFO: Epoch: 481 | PSNR: 30.1329 | Loss: 5.4702 | lr: 6.25e-05 | Best_PSNR: 30.1336 | max_value: 255.0 in Epoch [469]
2022-07-23 15:18:48,747 INFO: Epoch: 482 | PSNR: 30.1332 | Loss: 5.5159 | lr: 6.25e-05 | Best_PSNR: 30.1336 | max_value: 255.0 in Epoch [469]
2022-07-23 15:19:29,098 INFO: Epoch: 483 | PSNR: 30.1336 | Loss: 5.5339 | lr: 6.25e-05 | Best_PSNR: 30.1336 | max_value: 255.0 in Epoch [483]
2022-07-23 15:20:10,381 INFO: Epoch: 484 | PSNR: 30.1341 | Loss: 5.4485 | lr: 6.25e-05 | Best_PSNR: 30.1341 | max_value: 255.0 in Epoch [484]
2022-07-23 15:20:52,660 INFO: Epoch: 485 | PSNR: 30.1338 | Loss: 5.4990 | lr: 6.25e-05 | Best_PSNR: 30.1341 | max_value: 255.0 in Epoch [484]
2022-07-23 15:21:36,176 INFO: Epoch: 486 | PSNR: 30.1335 | Loss: 5.5432 | lr: 6.25e-05 | Best_PSNR: 30.1341 | max_value: 255.0 in Epoch [484]
2022-07-23 15:22:17,135 INFO: Epoch: 487 | PSNR: 30.1341 | Loss: 5.4559 | lr: 6.25e-05 | Best_PSNR: 30.1341 | max_value: 255.0 in Epoch [484]
2022-07-23 15:22:57,522 INFO: Epoch: 488 | PSNR: 30.1340 | Loss: 5.4780 | lr: 6.25e-05 | Best_PSNR: 30.1341 | max_value: 255.0 in Epoch [484]
2022-07-23 15:23:41,488 INFO: Epoch: 489 | PSNR: 30.1343 | Loss: 5.4362 | lr: 6.25e-05 | Best_PSNR: 30.1343 | max_value: 255.0 in Epoch [489]
2022-07-23 15:24:23,555 INFO: Epoch: 490 | PSNR: 30.1346 | Loss: 5.4866 | lr: 6.25e-05 | Best_PSNR: 30.1346 | max_value: 255.0 in Epoch [490]
2022-07-23 15:25:08,494 INFO: Epoch: 491 | PSNR: 30.1339 | Loss: 5.5231 | lr: 6.25e-05 | Best_PSNR: 30.1346 | max_value: 255.0 in Epoch [490]
2022-07-23 15:25:57,330 INFO: Epoch: 492 | PSNR: 30.1339 | Loss: 5.4919 | lr: 6.25e-05 | Best_PSNR: 30.1346 | max_value: 255.0 in Epoch [490]
2022-07-23 15:26:47,487 INFO: Epoch: 493 | PSNR: 30.1342 | Loss: 5.5209 | lr: 6.25e-05 | Best_PSNR: 30.1346 | max_value: 255.0 in Epoch [490]
2022-07-23 15:27:33,681 INFO: Epoch: 494 | PSNR: 30.1343 | Loss: 5.5133 | lr: 6.25e-05 | Best_PSNR: 30.1346 | max_value: 255.0 in Epoch [490]
2022-07-23 15:28:29,702 INFO: Epoch: 495 | PSNR: 30.1339 | Loss: 5.5604 | lr: 6.25e-05 | Best_PSNR: 30.1346 | max_value: 255.0 in Epoch [490]
2022-07-23 15:29:20,595 INFO: Epoch: 496 | PSNR: 30.1338 | Loss: 5.5161 | lr: 6.25e-05 | Best_PSNR: 30.1346 | max_value: 255.0 in Epoch [490]
2022-07-23 15:30:07,911 INFO: Epoch: 497 | PSNR: 30.1336 | Loss: 5.5220 | lr: 6.25e-05 | Best_PSNR: 30.1346 | max_value: 255.0 in Epoch [490]
2022-07-23 15:30:55,979 INFO: Epoch: 498 | PSNR: 30.1338 | Loss: 5.4957 | lr: 6.25e-05 | Best_PSNR: 30.1346 | max_value: 255.0 in Epoch [490]
2022-07-23 15:31:45,446 INFO: Epoch: 499 | PSNR: 30.1341 | Loss: 5.4865 | lr: 6.25e-05 | Best_PSNR: 30.1346 | max_value: 255.0 in Epoch [490]
2022-07-23 15:32:35,233 INFO: Epoch: 500 | PSNR: 30.1340 | Loss: 5.4594 | lr: 6.25e-05 | Best_PSNR: 30.1346 | max_value: 255.0 in Epoch [490]
2022-07-23 15:33:23,761 INFO: Epoch: 501 | PSNR: 30.1346 | Loss: 5.5322 | lr: 6.25e-05 | Best_PSNR: 30.1346 | max_value: 255.0 in Epoch [501]
2022-07-23 15:34:12,531 INFO: Epoch: 502 | PSNR: 30.1345 | Loss: 5.5101 | lr: 6.25e-05 | Best_PSNR: 30.1346 | max_value: 255.0 in Epoch [501]
2022-07-23 15:34:59,404 INFO: Epoch: 503 | PSNR: 30.1342 | Loss: 5.5104 | lr: 6.25e-05 | Best_PSNR: 30.1346 | max_value: 255.0 in Epoch [501]
2022-07-23 15:35:48,298 INFO: Epoch: 504 | PSNR: 30.1340 | Loss: 5.5007 | lr: 6.25e-05 | Best_PSNR: 30.1346 | max_value: 255.0 in Epoch [501]
2022-07-23 15:36:36,679 INFO: Epoch: 505 | PSNR: 30.1342 | Loss: 5.4655 | lr: 6.25e-05 | Best_PSNR: 30.1346 | max_value: 255.0 in Epoch [501]
2022-07-23 15:37:22,900 INFO: Epoch: 506 | PSNR: 30.1348 | Loss: 5.4661 | lr: 6.25e-05 | Best_PSNR: 30.1348 | max_value: 255.0 in Epoch [506]
2022-07-23 15:38:09,503 INFO: Epoch: 507 | PSNR: 30.1349 | Loss: 5.4993 | lr: 6.25e-05 | Best_PSNR: 30.1349 | max_value: 255.0 in Epoch [507]
2022-07-23 15:38:56,814 INFO: Epoch: 508 | PSNR: 30.1348 | Loss: 5.4880 | lr: 6.25e-05 | Best_PSNR: 30.1349 | max_value: 255.0 in Epoch [507]
2022-07-23 15:39:43,429 INFO: Epoch: 509 | PSNR: 30.1350 | Loss: 5.4794 | lr: 6.25e-05 | Best_PSNR: 30.1350 | max_value: 255.0 in Epoch [509]
2022-07-23 15:40:31,260 INFO: Epoch: 510 | PSNR: 30.1350 | Loss: 5.4871 | lr: 6.25e-05 | Best_PSNR: 30.1350 | max_value: 255.0 in Epoch [510]
2022-07-23 15:41:17,026 INFO: Epoch: 511 | PSNR: 30.1346 | Loss: 5.4890 | lr: 6.25e-05 | Best_PSNR: 30.1350 | max_value: 255.0 in Epoch [510]
2022-07-23 15:42:02,485 INFO: Epoch: 512 | PSNR: 30.1351 | Loss: 5.5075 | lr: 6.25e-05 | Best_PSNR: 30.1351 | max_value: 255.0 in Epoch [512]
2022-07-23 15:42:48,877 INFO: Epoch: 513 | PSNR: 30.1356 | Loss: 5.4936 | lr: 6.25e-05 | Best_PSNR: 30.1356 | max_value: 255.0 in Epoch [513]
2022-07-23 15:43:35,798 INFO: Epoch: 514 | PSNR: 30.1350 | Loss: 5.4885 | lr: 6.25e-05 | Best_PSNR: 30.1356 | max_value: 255.0 in Epoch [513]
2022-07-23 15:44:23,465 INFO: Epoch: 515 | PSNR: 30.1349 | Loss: 5.4508 | lr: 6.25e-05 | Best_PSNR: 30.1356 | max_value: 255.0 in Epoch [513]
2022-07-23 15:45:11,559 INFO: Epoch: 516 | PSNR: 30.1350 | Loss: 5.5029 | lr: 6.25e-05 | Best_PSNR: 30.1356 | max_value: 255.0 in Epoch [513]
2022-07-23 15:46:00,918 INFO: Epoch: 517 | PSNR: 30.1348 | Loss: 5.4873 | lr: 6.25e-05 | Best_PSNR: 30.1356 | max_value: 255.0 in Epoch [513]
2022-07-23 15:46:50,543 INFO: Epoch: 518 | PSNR: 30.1346 | Loss: 5.5004 | lr: 6.25e-05 | Best_PSNR: 30.1356 | max_value: 255.0 in Epoch [513]
2022-07-23 15:47:41,473 INFO: Epoch: 519 | PSNR: 30.1346 | Loss: 5.4642 | lr: 6.25e-05 | Best_PSNR: 30.1356 | max_value: 255.0 in Epoch [513]
2022-07-23 15:48:30,110 INFO: Epoch: 520 | PSNR: 30.1348 | Loss: 5.5409 | lr: 6.25e-05 | Best_PSNR: 30.1356 | max_value: 255.0 in Epoch [513]
2022-07-23 15:49:14,989 INFO: Epoch: 521 | PSNR: 30.1354 | Loss: 5.4890 | lr: 6.25e-05 | Best_PSNR: 30.1356 | max_value: 255.0 in Epoch [513]
2022-07-23 15:50:00,067 INFO: Epoch: 522 | PSNR: 30.1354 | Loss: 5.5205 | lr: 6.25e-05 | Best_PSNR: 30.1356 | max_value: 255.0 in Epoch [513]
2022-07-23 15:50:49,315 INFO: Epoch: 523 | PSNR: 30.1355 | Loss: 5.5122 | lr: 6.25e-05 | Best_PSNR: 30.1356 | max_value: 255.0 in Epoch [513]
2022-07-23 15:51:31,556 INFO: Epoch: 524 | PSNR: 30.1354 | Loss: 5.5140 | lr: 6.25e-05 | Best_PSNR: 30.1356 | max_value: 255.0 in Epoch [513]
2022-07-23 15:52:11,479 INFO: Epoch: 525 | PSNR: 30.1355 | Loss: 5.4992 | lr: 6.25e-05 | Best_PSNR: 30.1356 | max_value: 255.0 in Epoch [513]
2022-07-23 15:52:52,330 INFO: Epoch: 526 | PSNR: 30.1356 | Loss: 5.4670 | lr: 6.25e-05 | Best_PSNR: 30.1356 | max_value: 255.0 in Epoch [526]
2022-07-23 15:53:29,714 INFO: Epoch: 527 | PSNR: 30.1352 | Loss: 5.4751 | lr: 6.25e-05 | Best_PSNR: 30.1356 | max_value: 255.0 in Epoch [526]
2022-07-23 15:54:08,674 INFO: Epoch: 528 | PSNR: 30.1349 | Loss: 5.4872 | lr: 6.25e-05 | Best_PSNR: 30.1356 | max_value: 255.0 in Epoch [526]
2022-07-23 15:54:49,224 INFO: Epoch: 529 | PSNR: 30.1350 | Loss: 5.4854 | lr: 6.25e-05 | Best_PSNR: 30.1356 | max_value: 255.0 in Epoch [526]
2022-07-23 15:55:34,792 INFO: Epoch: 530 | PSNR: 30.1351 | Loss: 5.4734 | lr: 6.25e-05 | Best_PSNR: 30.1356 | max_value: 255.0 in Epoch [526]
2022-07-23 15:56:19,922 INFO: Epoch: 531 | PSNR: 30.1351 | Loss: 5.5066 | lr: 6.25e-05 | Best_PSNR: 30.1356 | max_value: 255.0 in Epoch [526]
2022-07-23 15:57:04,976 INFO: Epoch: 532 | PSNR: 30.1352 | Loss: 5.4926 | lr: 6.25e-05 | Best_PSNR: 30.1356 | max_value: 255.0 in Epoch [526]
2022-07-23 15:57:46,006 INFO: Epoch: 533 | PSNR: 30.1352 | Loss: 5.4931 | lr: 6.25e-05 | Best_PSNR: 30.1356 | max_value: 255.0 in Epoch [526]
2022-07-23 15:58:31,009 INFO: Epoch: 534 | PSNR: 30.1349 | Loss: 5.4777 | lr: 6.25e-05 | Best_PSNR: 30.1356 | max_value: 255.0 in Epoch [526]
2022-07-23 15:59:18,505 INFO: Epoch: 535 | PSNR: 30.1347 | Loss: 5.4806 | lr: 6.25e-05 | Best_PSNR: 30.1356 | max_value: 255.0 in Epoch [526]
2022-07-23 16:00:05,492 INFO: Epoch: 536 | PSNR: 30.1349 | Loss: 5.4725 | lr: 6.25e-05 | Best_PSNR: 30.1356 | max_value: 255.0 in Epoch [526]
2022-07-23 16:00:57,645 INFO: Epoch: 537 | PSNR: 30.1355 | Loss: 5.5099 | lr: 6.25e-05 | Best_PSNR: 30.1356 | max_value: 255.0 in Epoch [526]
2022-07-23 16:01:49,023 INFO: Epoch: 538 | PSNR: 30.1361 | Loss: 5.4448 | lr: 6.25e-05 | Best_PSNR: 30.1361 | max_value: 255.0 in Epoch [538]
2022-07-23 16:02:35,831 INFO: Epoch: 539 | PSNR: 30.1359 | Loss: 5.5131 | lr: 6.25e-05 | Best_PSNR: 30.1361 | max_value: 255.0 in Epoch [538]
2022-07-23 16:03:26,562 INFO: Epoch: 540 | PSNR: 30.1353 | Loss: 5.4847 | lr: 6.25e-05 | Best_PSNR: 30.1361 | max_value: 255.0 in Epoch [538]
2022-07-23 16:04:16,121 INFO: Epoch: 541 | PSNR: 30.1348 | Loss: 5.4893 | lr: 6.25e-05 | Best_PSNR: 30.1361 | max_value: 255.0 in Epoch [538]
2022-07-23 16:05:07,417 INFO: Epoch: 542 | PSNR: 30.1351 | Loss: 5.4903 | lr: 6.25e-05 | Best_PSNR: 30.1361 | max_value: 255.0 in Epoch [538]
2022-07-23 16:05:56,352 INFO: Epoch: 543 | PSNR: 30.1353 | Loss: 5.4547 | lr: 6.25e-05 | Best_PSNR: 30.1361 | max_value: 255.0 in Epoch [538]
2022-07-23 16:06:44,538 INFO: Epoch: 544 | PSNR: 30.1355 | Loss: 5.4852 | lr: 6.25e-05 | Best_PSNR: 30.1361 | max_value: 255.0 in Epoch [538]
2022-07-23 16:07:30,530 INFO: Epoch: 545 | PSNR: 30.1354 | Loss: 5.4536 | lr: 6.25e-05 | Best_PSNR: 30.1361 | max_value: 255.0 in Epoch [538]
2022-07-23 16:08:19,922 INFO: Epoch: 546 | PSNR: 30.1355 | Loss: 5.5077 | lr: 6.25e-05 | Best_PSNR: 30.1361 | max_value: 255.0 in Epoch [538]
2022-07-23 16:09:09,118 INFO: Epoch: 547 | PSNR: 30.1350 | Loss: 5.4579 | lr: 6.25e-05 | Best_PSNR: 30.1361 | max_value: 255.0 in Epoch [538]
2022-07-23 16:09:56,766 INFO: Epoch: 548 | PSNR: 30.1348 | Loss: 5.4789 | lr: 6.25e-05 | Best_PSNR: 30.1361 | max_value: 255.0 in Epoch [538]
2022-07-23 16:10:40,968 INFO: Epoch: 549 | PSNR: 30.1351 | Loss: 5.5404 | lr: 6.25e-05 | Best_PSNR: 30.1361 | max_value: 255.0 in Epoch [538]
2022-07-23 16:11:29,890 INFO: Epoch: 550 | PSNR: 30.1356 | Loss: 5.4799 | lr: 6.25e-05 | Best_PSNR: 30.1361 | max_value: 255.0 in Epoch [538]
2022-07-23 16:12:17,853 INFO: Epoch: 551 | PSNR: 30.1360 | Loss: 5.4777 | lr: 6.25e-05 | Best_PSNR: 30.1361 | max_value: 255.0 in Epoch [538]
2022-07-23 16:13:03,611 INFO: Epoch: 552 | PSNR: 30.1360 | Loss: 5.4987 | lr: 6.25e-05 | Best_PSNR: 30.1361 | max_value: 255.0 in Epoch [538]
2022-07-23 16:13:51,586 INFO: Epoch: 553 | PSNR: 30.1364 | Loss: 5.4926 | lr: 6.25e-05 | Best_PSNR: 30.1364 | max_value: 255.0 in Epoch [553]
2022-07-23 16:14:42,105 INFO: Epoch: 554 | PSNR: 30.1361 | Loss: 5.5009 | lr: 6.25e-05 | Best_PSNR: 30.1364 | max_value: 255.0 in Epoch [553]
2022-07-23 16:15:29,497 INFO: Epoch: 555 | PSNR: 30.1363 | Loss: 5.4535 | lr: 6.25e-05 | Best_PSNR: 30.1364 | max_value: 255.0 in Epoch [553]
2022-07-23 16:16:15,738 INFO: Epoch: 556 | PSNR: 30.1356 | Loss: 5.5086 | lr: 6.25e-05 | Best_PSNR: 30.1364 | max_value: 255.0 in Epoch [553]
2022-07-23 16:17:04,796 INFO: Epoch: 557 | PSNR: 30.1352 | Loss: 5.4860 | lr: 6.25e-05 | Best_PSNR: 30.1364 | max_value: 255.0 in Epoch [553]
2022-07-23 16:17:51,140 INFO: Epoch: 558 | PSNR: 30.1351 | Loss: 5.5125 | lr: 6.25e-05 | Best_PSNR: 30.1364 | max_value: 255.0 in Epoch [553]
2022-07-23 16:18:37,523 INFO: Epoch: 559 | PSNR: 30.1348 | Loss: 5.4925 | lr: 6.25e-05 | Best_PSNR: 30.1364 | max_value: 255.0 in Epoch [553]
2022-07-23 16:19:25,309 INFO: Epoch: 560 | PSNR: 30.1355 | Loss: 5.4869 | lr: 6.25e-05 | Best_PSNR: 30.1364 | max_value: 255.0 in Epoch [553]
2022-07-23 16:20:14,257 INFO: Epoch: 561 | PSNR: 30.1359 | Loss: 5.5531 | lr: 6.25e-05 | Best_PSNR: 30.1364 | max_value: 255.0 in Epoch [553]
2022-07-23 16:21:03,252 INFO: Epoch: 562 | PSNR: 30.1360 | Loss: 5.5020 | lr: 6.25e-05 | Best_PSNR: 30.1364 | max_value: 255.0 in Epoch [553]
2022-07-23 16:21:49,731 INFO: Epoch: 563 | PSNR: 30.1363 | Loss: 5.4679 | lr: 6.25e-05 | Best_PSNR: 30.1364 | max_value: 255.0 in Epoch [553]
2022-07-23 16:22:34,399 INFO: Epoch: 564 | PSNR: 30.1357 | Loss: 5.5075 | lr: 6.25e-05 | Best_PSNR: 30.1364 | max_value: 255.0 in Epoch [553]
2022-07-23 16:23:19,308 INFO: Epoch: 565 | PSNR: 30.1364 | Loss: 5.5040 | lr: 6.25e-05 | Best_PSNR: 30.1364 | max_value: 255.0 in Epoch [553]
2022-07-23 16:24:04,889 INFO: Epoch: 566 | PSNR: 30.1355 | Loss: 5.4950 | lr: 6.25e-05 | Best_PSNR: 30.1364 | max_value: 255.0 in Epoch [553]
2022-07-23 16:24:51,189 INFO: Epoch: 567 | PSNR: 30.1358 | Loss: 5.5517 | lr: 6.25e-05 | Best_PSNR: 30.1364 | max_value: 255.0 in Epoch [553]
2022-07-23 16:25:38,242 INFO: Epoch: 568 | PSNR: 30.1360 | Loss: 5.4804 | lr: 6.25e-05 | Best_PSNR: 30.1364 | max_value: 255.0 in Epoch [553]
2022-07-23 16:26:23,712 INFO: Epoch: 569 | PSNR: 30.1359 | Loss: 5.4943 | lr: 6.25e-05 | Best_PSNR: 30.1364 | max_value: 255.0 in Epoch [553]
2022-07-23 16:27:09,240 INFO: Epoch: 570 | PSNR: 30.1362 | Loss: 5.4832 | lr: 6.25e-05 | Best_PSNR: 30.1364 | max_value: 255.0 in Epoch [553]
2022-07-23 16:27:55,675 INFO: Epoch: 571 | PSNR: 30.1363 | Loss: 5.5690 | lr: 6.25e-05 | Best_PSNR: 30.1364 | max_value: 255.0 in Epoch [553]
2022-07-23 16:28:45,589 INFO: Epoch: 572 | PSNR: 30.1369 | Loss: 5.4818 | lr: 6.25e-05 | Best_PSNR: 30.1369 | max_value: 255.0 in Epoch [572]
2022-07-23 16:29:34,708 INFO: Epoch: 573 | PSNR: 30.1369 | Loss: 5.4735 | lr: 6.25e-05 | Best_PSNR: 30.1369 | max_value: 255.0 in Epoch [573]
2022-07-23 16:30:20,272 INFO: Epoch: 574 | PSNR: 30.1368 | Loss: 5.4280 | lr: 6.25e-05 | Best_PSNR: 30.1369 | max_value: 255.0 in Epoch [573]
2022-07-23 16:31:06,846 INFO: Epoch: 575 | PSNR: 30.1365 | Loss: 5.4771 | lr: 6.25e-05 | Best_PSNR: 30.1369 | max_value: 255.0 in Epoch [573]
2022-07-23 16:31:56,820 INFO: Epoch: 576 | PSNR: 30.1359 | Loss: 5.5214 | lr: 6.25e-05 | Best_PSNR: 30.1369 | max_value: 255.0 in Epoch [573]
2022-07-23 16:32:43,596 INFO: Epoch: 577 | PSNR: 30.1354 | Loss: 5.5210 | lr: 6.25e-05 | Best_PSNR: 30.1369 | max_value: 255.0 in Epoch [573]
2022-07-23 16:33:29,164 INFO: Epoch: 578 | PSNR: 30.1358 | Loss: 5.4925 | lr: 6.25e-05 | Best_PSNR: 30.1369 | max_value: 255.0 in Epoch [573]
2022-07-23 16:34:18,571 INFO: Epoch: 579 | PSNR: 30.1359 | Loss: 5.4910 | lr: 6.25e-05 | Best_PSNR: 30.1369 | max_value: 255.0 in Epoch [573]
2022-07-23 16:35:05,831 INFO: Epoch: 580 | PSNR: 30.1358 | Loss: 5.5031 | lr: 6.25e-05 | Best_PSNR: 30.1369 | max_value: 255.0 in Epoch [573]
2022-07-23 16:35:52,272 INFO: Epoch: 581 | PSNR: 30.1363 | Loss: 5.5192 | lr: 6.25e-05 | Best_PSNR: 30.1369 | max_value: 255.0 in Epoch [573]
2022-07-23 16:36:40,350 INFO: Epoch: 582 | PSNR: 30.1367 | Loss: 5.5094 | lr: 6.25e-05 | Best_PSNR: 30.1369 | max_value: 255.0 in Epoch [573]
2022-07-23 16:37:28,489 INFO: Epoch: 583 | PSNR: 30.1362 | Loss: 5.4910 | lr: 6.25e-05 | Best_PSNR: 30.1369 | max_value: 255.0 in Epoch [573]
2022-07-23 16:38:17,804 INFO: Epoch: 584 | PSNR: 30.1362 | Loss: 5.4690 | lr: 6.25e-05 | Best_PSNR: 30.1369 | max_value: 255.0 in Epoch [573]
2022-07-23 16:39:03,344 INFO: Epoch: 585 | PSNR: 30.1362 | Loss: 5.5353 | lr: 6.25e-05 | Best_PSNR: 30.1369 | max_value: 255.0 in Epoch [573]
2022-07-23 16:39:48,138 INFO: Epoch: 586 | PSNR: 30.1365 | Loss: 5.4697 | lr: 6.25e-05 | Best_PSNR: 30.1369 | max_value: 255.0 in Epoch [573]
2022-07-23 16:40:34,928 INFO: Epoch: 587 | PSNR: 30.1361 | Loss: 5.5143 | lr: 6.25e-05 | Best_PSNR: 30.1369 | max_value: 255.0 in Epoch [573]
2022-07-23 16:41:22,455 INFO: Epoch: 588 | PSNR: 30.1359 | Loss: 5.4810 | lr: 6.25e-05 | Best_PSNR: 30.1369 | max_value: 255.0 in Epoch [573]
2022-07-23 16:42:07,585 INFO: Epoch: 589 | PSNR: 30.1366 | Loss: 5.4975 | lr: 6.25e-05 | Best_PSNR: 30.1369 | max_value: 255.0 in Epoch [573]
2022-07-23 16:42:53,385 INFO: Epoch: 590 | PSNR: 30.1364 | Loss: 5.5169 | lr: 6.25e-05 | Best_PSNR: 30.1369 | max_value: 255.0 in Epoch [573]
2022-07-23 16:43:43,377 INFO: Epoch: 591 | PSNR: 30.1366 | Loss: 5.5081 | lr: 6.25e-05 | Best_PSNR: 30.1369 | max_value: 255.0 in Epoch [573]
2022-07-23 16:44:32,146 INFO: Epoch: 592 | PSNR: 30.1365 | Loss: 5.4662 | lr: 6.25e-05 | Best_PSNR: 30.1369 | max_value: 255.0 in Epoch [573]
2022-07-23 16:45:17,468 INFO: Epoch: 593 | PSNR: 30.1362 | Loss: 5.4945 | lr: 6.25e-05 | Best_PSNR: 30.1369 | max_value: 255.0 in Epoch [573]
2022-07-23 16:46:06,788 INFO: Epoch: 594 | PSNR: 30.1360 | Loss: 5.5678 | lr: 6.25e-05 | Best_PSNR: 30.1369 | max_value: 255.0 in Epoch [573]
2022-07-23 16:46:52,500 INFO: Epoch: 595 | PSNR: 30.1363 | Loss: 5.5027 | lr: 6.25e-05 | Best_PSNR: 30.1369 | max_value: 255.0 in Epoch [573]
2022-07-23 16:47:38,944 INFO: Epoch: 596 | PSNR: 30.1365 | Loss: 5.4768 | lr: 6.25e-05 | Best_PSNR: 30.1369 | max_value: 255.0 in Epoch [573]
2022-07-23 16:48:24,298 INFO: Epoch: 597 | PSNR: 30.1366 | Loss: 5.4616 | lr: 6.25e-05 | Best_PSNR: 30.1369 | max_value: 255.0 in Epoch [573]
2022-07-23 16:49:13,408 INFO: Epoch: 598 | PSNR: 30.1365 | Loss: 5.4900 | lr: 6.25e-05 | Best_PSNR: 30.1369 | max_value: 255.0 in Epoch [573]
2022-07-23 16:50:01,265 INFO: Epoch: 599 | PSNR: 30.1360 | Loss: 5.5043 | lr: 6.25e-05 | Best_PSNR: 30.1369 | max_value: 255.0 in Epoch [573]
2022-07-23 16:50:46,795 INFO: Epoch: 600 | PSNR: 30.1364 | Loss: 5.5245 | lr: 6.25e-05 | Best_PSNR: 30.1369 | max_value: 255.0 in Epoch [573]
