2022-07-24 17:47:50,466 INFO: Create train dataset successfully!
2022-07-24 17:47:50,466 INFO: Training: [1000] iterations for each epoch
2022-07-24 17:47:50,466 INFO: Create val dataset successfully!
2022-07-24 17:47:50,466 INFO: Validating: [100] iterations for each epoch
2022-07-24 17:47:50,466 INFO: Preparing for experiment: [trial20]
2022-07-24 17:47:51,140 INFO: Create model successfully! Params: [47.13]K
2022-07-24 17:47:51,140 INFO: Model: "model"
2022-07-24 17:47:51,140 INFO: __________________________________________________________________________________________________
2022-07-24 17:47:51,140 INFO: Layer (type)                    Output Shape         Param #     Connected to                     
2022-07-24 17:47:51,140 INFO: ==================================================================================================
2022-07-24 17:47:51,140 INFO: input_1 (InputLayer)            [(None, None, None,  0                                            
2022-07-24 17:47:51,140 INFO: __________________________________________________________________________________________________
2022-07-24 17:47:51,141 INFO: conv2d (Conv2D)                 (None, None, None, 3 1036        input_1[0][0]                    
2022-07-24 17:47:51,141 INFO: __________________________________________________________________________________________________
2022-07-24 17:47:51,141 INFO: conv2d_1 (Conv2D)               (None, None, None, 3 12358       conv2d[0][0]                     
2022-07-24 17:47:51,141 INFO: __________________________________________________________________________________________________
2022-07-24 17:47:51,141 INFO: conv2d_2 (Conv2D)               (None, None, None, 3 12358       conv2d_1[0][0]                   
2022-07-24 17:47:51,141 INFO: __________________________________________________________________________________________________
2022-07-24 17:47:51,141 INFO: conv2d_3 (Conv2D)               (None, None, None, 3 12358       conv2d_2[0][0]                   
2022-07-24 17:47:51,141 INFO: __________________________________________________________________________________________________
2022-07-24 17:47:51,141 INFO: lambda (Lambda)                 (None, None, None, 2 0           input_1[0][0]                    
2022-07-24 17:47:51,141 INFO:                                                                  input_1[0][0]                    
2022-07-24 17:47:51,141 INFO:                                                                  input_1[0][0]                    
2022-07-24 17:47:51,141 INFO:                                                                  input_1[0][0]                    
2022-07-24 17:47:51,141 INFO:                                                                  input_1[0][0]                    
2022-07-24 17:47:51,141 INFO:                                                                  input_1[0][0]                    
2022-07-24 17:47:51,141 INFO:                                                                  input_1[0][0]                    
2022-07-24 17:47:51,141 INFO:                                                                  input_1[0][0]                    
2022-07-24 17:47:51,141 INFO:                                                                  input_1[0][0]                    
2022-07-24 17:47:51,141 INFO: __________________________________________________________________________________________________
2022-07-24 17:47:51,141 INFO: conv2d_4 (Conv2D)               (None, None, None, 2 9018        conv2d_3[0][0]                   
2022-07-24 17:47:51,141 INFO: __________________________________________________________________________________________________
2022-07-24 17:47:51,141 INFO: add (Add)                       (None, None, None, 2 0           lambda[0][0]                     
2022-07-24 17:47:51,142 INFO:                                                                  conv2d_4[0][0]                   
2022-07-24 17:47:51,142 INFO: __________________________________________________________________________________________________
2022-07-24 17:47:51,142 INFO: lambda_1 (Lambda)               (None, None, None, 3 0           add[0][0]                        
2022-07-24 17:47:51,142 INFO: ==================================================================================================
2022-07-24 17:47:51,142 INFO: Total params: 47,128
2022-07-24 17:47:51,142 INFO: Trainable params: 47,128
2022-07-24 17:47:51,142 INFO: Non-trainable params: 0
2022-07-24 17:47:51,142 INFO: __________________________________________________________________________________________________
2022-07-24 17:47:51,142 INFO: Start training...
2022-07-24 17:48:38,843 INFO: Epoch: 1 | PSNR: 27.0400 | Loss: 6.3591 | lr: 1.00e-03 | Best_PSNR: 27.0400 | max_value: 255.0 in Epoch [1]
2022-07-24 17:49:25,906 INFO: Epoch: 2 | PSNR: 28.2621 | Loss: 5.8829 | lr: 1.00e-03 | Best_PSNR: 28.2621 | max_value: 255.0 in Epoch [2]
2022-07-24 17:50:10,350 INFO: Epoch: 3 | PSNR: 29.2311 | Loss: 5.7968 | lr: 1.00e-03 | Best_PSNR: 29.2311 | max_value: 255.0 in Epoch [3]
2022-07-24 17:50:58,659 INFO: Epoch: 4 | PSNR: 29.6044 | Loss: 5.7346 | lr: 1.00e-03 | Best_PSNR: 29.6044 | max_value: 255.0 in Epoch [4]
2022-07-24 17:51:58,733 INFO: Epoch: 5 | PSNR: 29.7416 | Loss: 5.7080 | lr: 1.00e-03 | Best_PSNR: 29.7416 | max_value: 255.0 in Epoch [5]
2022-07-24 17:52:58,405 INFO: Epoch: 6 | PSNR: 29.8011 | Loss: 5.6895 | lr: 1.00e-03 | Best_PSNR: 29.8011 | max_value: 255.0 in Epoch [6]
2022-07-24 17:54:08,755 INFO: Epoch: 7 | PSNR: 29.8326 | Loss: 5.7530 | lr: 1.00e-03 | Best_PSNR: 29.8326 | max_value: 255.0 in Epoch [7]
2022-07-24 17:54:48,820 INFO: Epoch: 8 | PSNR: 29.8583 | Loss: 5.6837 | lr: 1.00e-03 | Best_PSNR: 29.8583 | max_value: 255.0 in Epoch [8]
2022-07-24 17:55:30,461 INFO: Epoch: 9 | PSNR: 29.8722 | Loss: 5.6643 | lr: 1.00e-03 | Best_PSNR: 29.8722 | max_value: 255.0 in Epoch [9]
2022-07-24 17:56:12,102 INFO: Epoch: 10 | PSNR: 29.8437 | Loss: 5.7234 | lr: 1.00e-03 | Best_PSNR: 29.8722 | max_value: 255.0 in Epoch [9]
2022-07-24 17:56:56,741 INFO: Epoch: 11 | PSNR: 29.8802 | Loss: 5.6247 | lr: 1.00e-03 | Best_PSNR: 29.8802 | max_value: 255.0 in Epoch [11]
2022-07-24 17:57:43,762 INFO: Epoch: 12 | PSNR: 29.9128 | Loss: 5.7015 | lr: 1.00e-03 | Best_PSNR: 29.9128 | max_value: 255.0 in Epoch [12]
2022-07-24 17:58:20,791 INFO: Epoch: 13 | PSNR: 29.9334 | Loss: 5.6517 | lr: 1.00e-03 | Best_PSNR: 29.9334 | max_value: 255.0 in Epoch [13]
2022-07-24 17:59:02,397 INFO: Epoch: 14 | PSNR: 29.9545 | Loss: 5.6226 | lr: 1.00e-03 | Best_PSNR: 29.9545 | max_value: 255.0 in Epoch [14]
2022-07-24 17:59:46,989 INFO: Epoch: 15 | PSNR: 29.9675 | Loss: 5.5784 | lr: 1.00e-03 | Best_PSNR: 29.9675 | max_value: 255.0 in Epoch [15]
2022-07-24 18:00:32,722 INFO: Epoch: 16 | PSNR: 29.9740 | Loss: 5.6235 | lr: 1.00e-03 | Best_PSNR: 29.9740 | max_value: 255.0 in Epoch [16]
2022-07-24 18:01:37,194 INFO: Epoch: 17 | PSNR: 29.9865 | Loss: 5.5685 | lr: 1.00e-03 | Best_PSNR: 29.9865 | max_value: 255.0 in Epoch [17]
2022-07-24 18:02:17,648 INFO: Epoch: 18 | PSNR: 29.9934 | Loss: 5.6067 | lr: 1.00e-03 | Best_PSNR: 29.9934 | max_value: 255.0 in Epoch [18]
2022-07-24 18:03:00,143 INFO: Epoch: 19 | PSNR: 29.9971 | Loss: 5.6113 | lr: 1.00e-03 | Best_PSNR: 29.9971 | max_value: 255.0 in Epoch [19]
2022-07-24 18:03:41,079 INFO: Epoch: 20 | PSNR: 30.0081 | Loss: 5.6327 | lr: 1.00e-03 | Best_PSNR: 30.0081 | max_value: 255.0 in Epoch [20]
2022-07-24 18:04:19,761 INFO: Epoch: 21 | PSNR: 30.0163 | Loss: 5.6303 | lr: 1.00e-03 | Best_PSNR: 30.0163 | max_value: 255.0 in Epoch [21]
2022-07-24 18:05:00,269 INFO: Epoch: 22 | PSNR: 30.0207 | Loss: 5.5931 | lr: 1.00e-03 | Best_PSNR: 30.0207 | max_value: 255.0 in Epoch [22]
2022-07-24 18:05:39,476 INFO: Epoch: 23 | PSNR: 30.0242 | Loss: 5.5664 | lr: 1.00e-03 | Best_PSNR: 30.0242 | max_value: 255.0 in Epoch [23]
2022-07-24 18:06:21,317 INFO: Epoch: 24 | PSNR: 30.0246 | Loss: 5.6149 | lr: 1.00e-03 | Best_PSNR: 30.0246 | max_value: 255.0 in Epoch [24]
2022-07-24 18:07:01,853 INFO: Epoch: 25 | PSNR: 30.0304 | Loss: 5.5485 | lr: 1.00e-03 | Best_PSNR: 30.0304 | max_value: 255.0 in Epoch [25]
2022-07-24 18:07:42,866 INFO: Epoch: 26 | PSNR: 30.0336 | Loss: 5.5744 | lr: 1.00e-03 | Best_PSNR: 30.0336 | max_value: 255.0 in Epoch [26]
2022-07-24 18:08:28,060 INFO: Epoch: 27 | PSNR: 30.0323 | Loss: 5.6047 | lr: 1.00e-03 | Best_PSNR: 30.0336 | max_value: 255.0 in Epoch [26]
2022-07-24 18:09:08,775 INFO: Epoch: 28 | PSNR: 30.0387 | Loss: 5.5831 | lr: 1.00e-03 | Best_PSNR: 30.0387 | max_value: 255.0 in Epoch [28]
2022-07-24 18:09:57,017 INFO: Epoch: 29 | PSNR: 30.0447 | Loss: 5.6201 | lr: 1.00e-03 | Best_PSNR: 30.0447 | max_value: 255.0 in Epoch [29]
2022-07-24 18:10:35,709 INFO: Epoch: 30 | PSNR: 30.0054 | Loss: 5.6052 | lr: 1.00e-03 | Best_PSNR: 30.0447 | max_value: 255.0 in Epoch [29]
2022-07-24 18:11:19,625 INFO: Epoch: 31 | PSNR: 30.0340 | Loss: 5.5519 | lr: 1.00e-03 | Best_PSNR: 30.0447 | max_value: 255.0 in Epoch [29]
2022-07-24 18:12:00,089 INFO: Epoch: 32 | PSNR: 30.0447 | Loss: 5.5147 | lr: 1.00e-03 | Best_PSNR: 30.0447 | max_value: 255.0 in Epoch [32]
2022-07-24 18:12:43,617 INFO: Epoch: 33 | PSNR: 30.0461 | Loss: 5.6322 | lr: 1.00e-03 | Best_PSNR: 30.0461 | max_value: 255.0 in Epoch [33]
2022-07-24 18:13:29,801 INFO: Epoch: 34 | PSNR: 30.0490 | Loss: 5.6044 | lr: 1.00e-03 | Best_PSNR: 30.0490 | max_value: 255.0 in Epoch [34]
2022-07-24 18:14:09,892 INFO: Epoch: 35 | PSNR: 30.0567 | Loss: 5.5721 | lr: 1.00e-03 | Best_PSNR: 30.0567 | max_value: 255.0 in Epoch [35]
2022-07-24 18:15:00,344 INFO: Epoch: 36 | PSNR: 30.0590 | Loss: 5.5862 | lr: 1.00e-03 | Best_PSNR: 30.0590 | max_value: 255.0 in Epoch [36]
2022-07-24 18:15:41,785 INFO: Epoch: 37 | PSNR: 30.0609 | Loss: 5.5993 | lr: 1.00e-03 | Best_PSNR: 30.0609 | max_value: 255.0 in Epoch [37]
2022-07-24 18:16:23,964 INFO: Epoch: 38 | PSNR: 30.0642 | Loss: 5.6020 | lr: 1.00e-03 | Best_PSNR: 30.0642 | max_value: 255.0 in Epoch [38]
2022-07-24 18:17:08,068 INFO: Epoch: 39 | PSNR: 30.0643 | Loss: 5.5635 | lr: 1.00e-03 | Best_PSNR: 30.0643 | max_value: 255.0 in Epoch [39]
2022-07-24 18:17:50,759 INFO: Epoch: 40 | PSNR: 30.0667 | Loss: 5.5837 | lr: 1.00e-03 | Best_PSNR: 30.0667 | max_value: 255.0 in Epoch [40]
2022-07-24 18:18:32,414 INFO: Epoch: 41 | PSNR: 30.0691 | Loss: 5.5153 | lr: 1.00e-03 | Best_PSNR: 30.0691 | max_value: 255.0 in Epoch [41]
2022-07-24 18:19:10,895 INFO: Epoch: 42 | PSNR: 30.0678 | Loss: 5.5604 | lr: 1.00e-03 | Best_PSNR: 30.0691 | max_value: 255.0 in Epoch [41]
2022-07-24 18:19:50,659 INFO: Epoch: 43 | PSNR: 30.0734 | Loss: 5.5842 | lr: 1.00e-03 | Best_PSNR: 30.0734 | max_value: 255.0 in Epoch [43]
2022-07-24 18:20:34,753 INFO: Epoch: 44 | PSNR: 30.0752 | Loss: 5.6044 | lr: 1.00e-03 | Best_PSNR: 30.0752 | max_value: 255.0 in Epoch [44]
2022-07-24 18:21:11,933 INFO: Epoch: 45 | PSNR: 30.0746 | Loss: 5.5516 | lr: 1.00e-03 | Best_PSNR: 30.0752 | max_value: 255.0 in Epoch [44]
2022-07-24 18:21:49,284 INFO: Epoch: 46 | PSNR: 30.0792 | Loss: 5.5525 | lr: 1.00e-03 | Best_PSNR: 30.0792 | max_value: 255.0 in Epoch [46]
2022-07-24 18:22:28,702 INFO: Epoch: 47 | PSNR: 30.0819 | Loss: 5.6222 | lr: 1.00e-03 | Best_PSNR: 30.0819 | max_value: 255.0 in Epoch [47]
2022-07-24 18:23:07,044 INFO: Epoch: 48 | PSNR: 30.0761 | Loss: 5.5416 | lr: 1.00e-03 | Best_PSNR: 30.0819 | max_value: 255.0 in Epoch [47]
2022-07-24 18:23:48,091 INFO: Epoch: 49 | PSNR: 30.0787 | Loss: 5.5496 | lr: 1.00e-03 | Best_PSNR: 30.0819 | max_value: 255.0 in Epoch [47]
2022-07-24 18:24:27,289 INFO: Epoch: 50 | PSNR: 30.0819 | Loss: 5.5903 | lr: 1.00e-03 | Best_PSNR: 30.0819 | max_value: 255.0 in Epoch [50]
2022-07-24 18:25:09,216 INFO: Epoch: 51 | PSNR: 30.0854 | Loss: 5.5600 | lr: 1.00e-03 | Best_PSNR: 30.0854 | max_value: 255.0 in Epoch [51]
2022-07-24 18:25:48,321 INFO: Epoch: 52 | PSNR: 30.0865 | Loss: 5.5686 | lr: 1.00e-03 | Best_PSNR: 30.0865 | max_value: 255.0 in Epoch [52]
2022-07-24 18:26:27,002 INFO: Epoch: 53 | PSNR: 30.0858 | Loss: 5.5864 | lr: 1.00e-03 | Best_PSNR: 30.0865 | max_value: 255.0 in Epoch [52]
2022-07-24 18:27:04,361 INFO: Epoch: 54 | PSNR: 30.0905 | Loss: 5.5781 | lr: 1.00e-03 | Best_PSNR: 30.0905 | max_value: 255.0 in Epoch [54]
2022-07-24 18:27:44,115 INFO: Epoch: 55 | PSNR: 30.0904 | Loss: 5.5937 | lr: 1.00e-03 | Best_PSNR: 30.0905 | max_value: 255.0 in Epoch [54]
2022-07-24 18:28:24,782 INFO: Epoch: 56 | PSNR: 30.0915 | Loss: 5.5268 | lr: 1.00e-03 | Best_PSNR: 30.0915 | max_value: 255.0 in Epoch [56]
2022-07-24 18:29:04,513 INFO: Epoch: 57 | PSNR: 30.0914 | Loss: 5.6032 | lr: 1.00e-03 | Best_PSNR: 30.0915 | max_value: 255.0 in Epoch [56]
2022-07-24 18:29:43,436 INFO: Epoch: 58 | PSNR: 30.0944 | Loss: 5.5523 | lr: 1.00e-03 | Best_PSNR: 30.0944 | max_value: 255.0 in Epoch [58]
2022-07-24 18:30:24,387 INFO: Epoch: 59 | PSNR: 30.0938 | Loss: 5.6055 | lr: 1.00e-03 | Best_PSNR: 30.0944 | max_value: 255.0 in Epoch [58]
2022-07-24 18:31:05,082 INFO: Epoch: 60 | PSNR: 30.0969 | Loss: 5.5259 | lr: 1.00e-03 | Best_PSNR: 30.0969 | max_value: 255.0 in Epoch [60]
2022-07-24 18:31:46,005 INFO: Epoch: 61 | PSNR: 30.0990 | Loss: 5.5735 | lr: 1.00e-03 | Best_PSNR: 30.0990 | max_value: 255.0 in Epoch [61]
2022-07-24 18:32:34,155 INFO: Epoch: 62 | PSNR: 30.0986 | Loss: 5.5266 | lr: 1.00e-03 | Best_PSNR: 30.0990 | max_value: 255.0 in Epoch [61]
2022-07-24 18:33:12,550 INFO: Epoch: 63 | PSNR: 30.1007 | Loss: 5.5493 | lr: 1.00e-03 | Best_PSNR: 30.1007 | max_value: 255.0 in Epoch [63]
2022-07-24 18:33:51,628 INFO: Epoch: 64 | PSNR: 30.0993 | Loss: 5.5541 | lr: 1.00e-03 | Best_PSNR: 30.1007 | max_value: 255.0 in Epoch [63]
2022-07-24 18:34:31,347 INFO: Epoch: 65 | PSNR: 30.0981 | Loss: 5.5748 | lr: 1.00e-03 | Best_PSNR: 30.1007 | max_value: 255.0 in Epoch [63]
2022-07-24 18:35:10,064 INFO: Epoch: 66 | PSNR: 30.0939 | Loss: 5.5578 | lr: 1.00e-03 | Best_PSNR: 30.1007 | max_value: 255.0 in Epoch [63]
2022-07-24 18:35:48,497 INFO: Epoch: 67 | PSNR: 30.1003 | Loss: 5.5795 | lr: 1.00e-03 | Best_PSNR: 30.1007 | max_value: 255.0 in Epoch [63]
2022-07-24 18:36:29,143 INFO: Epoch: 68 | PSNR: 30.1022 | Loss: 5.5536 | lr: 1.00e-03 | Best_PSNR: 30.1022 | max_value: 255.0 in Epoch [68]
2022-07-24 18:37:10,328 INFO: Epoch: 69 | PSNR: 30.1043 | Loss: 5.5392 | lr: 1.00e-03 | Best_PSNR: 30.1043 | max_value: 255.0 in Epoch [69]
2022-07-24 18:37:51,996 INFO: Epoch: 70 | PSNR: 30.1042 | Loss: 5.5962 | lr: 1.00e-03 | Best_PSNR: 30.1043 | max_value: 255.0 in Epoch [69]
2022-07-24 18:38:33,111 INFO: Epoch: 71 | PSNR: 30.1043 | Loss: 5.5560 | lr: 1.00e-03 | Best_PSNR: 30.1043 | max_value: 255.0 in Epoch [69]
2022-07-24 18:39:13,958 INFO: Epoch: 72 | PSNR: 30.1060 | Loss: 5.6033 | lr: 1.00e-03 | Best_PSNR: 30.1060 | max_value: 255.0 in Epoch [72]
2022-07-24 18:39:56,032 INFO: Epoch: 73 | PSNR: 30.1075 | Loss: 5.5361 | lr: 1.00e-03 | Best_PSNR: 30.1075 | max_value: 255.0 in Epoch [73]
2022-07-24 18:40:38,138 INFO: Epoch: 74 | PSNR: 30.1090 | Loss: 5.5208 | lr: 1.00e-03 | Best_PSNR: 30.1090 | max_value: 255.0 in Epoch [74]
2022-07-24 18:41:16,407 INFO: Epoch: 75 | PSNR: 30.1094 | Loss: 5.5530 | lr: 1.00e-03 | Best_PSNR: 30.1094 | max_value: 255.0 in Epoch [75]
2022-07-24 18:42:00,526 INFO: Epoch: 76 | PSNR: 30.1097 | Loss: 5.5447 | lr: 1.00e-03 | Best_PSNR: 30.1097 | max_value: 255.0 in Epoch [76]
2022-07-24 18:42:39,111 INFO: Epoch: 77 | PSNR: 30.1096 | Loss: 5.5445 | lr: 1.00e-03 | Best_PSNR: 30.1097 | max_value: 255.0 in Epoch [76]
2022-07-24 18:43:19,546 INFO: Epoch: 78 | PSNR: 30.1098 | Loss: 5.5721 | lr: 1.00e-03 | Best_PSNR: 30.1098 | max_value: 255.0 in Epoch [78]
2022-07-24 18:44:02,364 INFO: Epoch: 79 | PSNR: 30.1108 | Loss: 5.4713 | lr: 1.00e-03 | Best_PSNR: 30.1108 | max_value: 255.0 in Epoch [79]
2022-07-24 18:44:44,435 INFO: Epoch: 80 | PSNR: 30.1120 | Loss: 5.5181 | lr: 1.00e-03 | Best_PSNR: 30.1120 | max_value: 255.0 in Epoch [80]
2022-07-24 18:45:24,773 INFO: Epoch: 81 | PSNR: 30.1120 | Loss: 5.5594 | lr: 1.00e-03 | Best_PSNR: 30.1120 | max_value: 255.0 in Epoch [81]
2022-07-24 18:46:05,130 INFO: Epoch: 82 | PSNR: 30.1094 | Loss: 5.5843 | lr: 1.00e-03 | Best_PSNR: 30.1120 | max_value: 255.0 in Epoch [81]
2022-07-24 18:46:48,801 INFO: Epoch: 83 | PSNR: 30.1138 | Loss: 5.5896 | lr: 1.00e-03 | Best_PSNR: 30.1138 | max_value: 255.0 in Epoch [83]
2022-07-24 18:47:30,849 INFO: Epoch: 84 | PSNR: 30.1135 | Loss: 5.5554 | lr: 1.00e-03 | Best_PSNR: 30.1138 | max_value: 255.0 in Epoch [83]
2022-07-24 18:48:13,568 INFO: Epoch: 85 | PSNR: 30.1159 | Loss: 5.5636 | lr: 1.00e-03 | Best_PSNR: 30.1159 | max_value: 255.0 in Epoch [85]
2022-07-24 18:48:55,269 INFO: Epoch: 86 | PSNR: 30.1164 | Loss: 5.5293 | lr: 1.00e-03 | Best_PSNR: 30.1164 | max_value: 255.0 in Epoch [86]
2022-07-24 18:49:38,274 INFO: Epoch: 87 | PSNR: 30.1170 | Loss: 5.5807 | lr: 1.00e-03 | Best_PSNR: 30.1170 | max_value: 255.0 in Epoch [87]
2022-07-24 18:50:28,017 INFO: Epoch: 88 | PSNR: 30.1163 | Loss: 5.5783 | lr: 1.00e-03 | Best_PSNR: 30.1170 | max_value: 255.0 in Epoch [87]
2022-07-24 18:51:11,154 INFO: Epoch: 89 | PSNR: 30.1183 | Loss: 5.5550 | lr: 1.00e-03 | Best_PSNR: 30.1183 | max_value: 255.0 in Epoch [89]
2022-07-24 18:51:53,304 INFO: Epoch: 90 | PSNR: 30.1146 | Loss: 5.5454 | lr: 1.00e-03 | Best_PSNR: 30.1183 | max_value: 255.0 in Epoch [89]
2022-07-24 18:52:34,150 INFO: Epoch: 91 | PSNR: 30.1175 | Loss: 5.5214 | lr: 1.00e-03 | Best_PSNR: 30.1183 | max_value: 255.0 in Epoch [89]
2022-07-24 18:53:21,295 INFO: Epoch: 92 | PSNR: 30.1187 | Loss: 5.5394 | lr: 1.00e-03 | Best_PSNR: 30.1187 | max_value: 255.0 in Epoch [92]
2022-07-24 18:54:03,887 INFO: Epoch: 93 | PSNR: 30.1204 | Loss: 5.5345 | lr: 1.00e-03 | Best_PSNR: 30.1204 | max_value: 255.0 in Epoch [93]
2022-07-24 18:54:42,206 INFO: Epoch: 94 | PSNR: 30.1191 | Loss: 5.5273 | lr: 1.00e-03 | Best_PSNR: 30.1204 | max_value: 255.0 in Epoch [93]
2022-07-24 18:55:24,152 INFO: Epoch: 95 | PSNR: 30.1192 | Loss: 5.5381 | lr: 1.00e-03 | Best_PSNR: 30.1204 | max_value: 255.0 in Epoch [93]
2022-07-24 18:56:06,031 INFO: Epoch: 96 | PSNR: 30.1213 | Loss: 5.5410 | lr: 1.00e-03 | Best_PSNR: 30.1213 | max_value: 255.0 in Epoch [96]
2022-07-24 18:56:50,139 INFO: Epoch: 97 | PSNR: 30.1227 | Loss: 5.5707 | lr: 1.00e-03 | Best_PSNR: 30.1227 | max_value: 255.0 in Epoch [97]
2022-07-24 18:57:28,369 INFO: Epoch: 98 | PSNR: 30.1241 | Loss: 5.5581 | lr: 1.00e-03 | Best_PSNR: 30.1241 | max_value: 255.0 in Epoch [98]
2022-07-24 18:58:05,657 INFO: Epoch: 99 | PSNR: 30.1254 | Loss: 5.5850 | lr: 1.00e-03 | Best_PSNR: 30.1254 | max_value: 255.0 in Epoch [99]
2022-07-24 18:58:43,894 INFO: Epoch: 100 | PSNR: 30.1251 | Loss: 5.5752 | lr: 1.00e-03 | Best_PSNR: 30.1254 | max_value: 255.0 in Epoch [99]
2022-07-24 18:59:20,911 INFO: Epoch: 101 | PSNR: 30.1237 | Loss: 5.5890 | lr: 1.00e-03 | Best_PSNR: 30.1254 | max_value: 255.0 in Epoch [99]
2022-07-24 18:59:59,266 INFO: Epoch: 102 | PSNR: 30.1252 | Loss: 5.5217 | lr: 1.00e-03 | Best_PSNR: 30.1254 | max_value: 255.0 in Epoch [99]
2022-07-24 19:00:36,825 INFO: Epoch: 103 | PSNR: 30.1197 | Loss: 5.5542 | lr: 1.00e-03 | Best_PSNR: 30.1254 | max_value: 255.0 in Epoch [99]
2022-07-24 19:01:17,602 INFO: Epoch: 104 | PSNR: 30.1195 | Loss: 5.5251 | lr: 1.00e-03 | Best_PSNR: 30.1254 | max_value: 255.0 in Epoch [99]
2022-07-24 19:01:57,589 INFO: Epoch: 105 | PSNR: 30.1245 | Loss: 5.5587 | lr: 1.00e-03 | Best_PSNR: 30.1254 | max_value: 255.0 in Epoch [99]
2022-07-24 19:02:38,020 INFO: Epoch: 106 | PSNR: 30.1261 | Loss: 5.5158 | lr: 1.00e-03 | Best_PSNR: 30.1261 | max_value: 255.0 in Epoch [106]
2022-07-24 19:03:19,245 INFO: Epoch: 107 | PSNR: 30.1265 | Loss: 5.4652 | lr: 1.00e-03 | Best_PSNR: 30.1265 | max_value: 255.0 in Epoch [107]
2022-07-24 19:04:01,556 INFO: Epoch: 108 | PSNR: 30.1266 | Loss: 5.5663 | lr: 1.00e-03 | Best_PSNR: 30.1266 | max_value: 255.0 in Epoch [108]
2022-07-24 19:04:45,338 INFO: Epoch: 109 | PSNR: 30.1277 | Loss: 5.5313 | lr: 1.00e-03 | Best_PSNR: 30.1277 | max_value: 255.0 in Epoch [109]
2022-07-24 19:05:29,631 INFO: Epoch: 110 | PSNR: 30.1252 | Loss: 5.5443 | lr: 1.00e-03 | Best_PSNR: 30.1277 | max_value: 255.0 in Epoch [109]
2022-07-24 19:06:11,651 INFO: Epoch: 111 | PSNR: 30.1260 | Loss: 5.5001 | lr: 1.00e-03 | Best_PSNR: 30.1277 | max_value: 255.0 in Epoch [109]
2022-07-24 19:06:51,205 INFO: Epoch: 112 | PSNR: 30.1267 | Loss: 5.5373 | lr: 1.00e-03 | Best_PSNR: 30.1277 | max_value: 255.0 in Epoch [109]
2022-07-24 19:07:34,715 INFO: Epoch: 113 | PSNR: 30.1278 | Loss: 5.5038 | lr: 1.00e-03 | Best_PSNR: 30.1278 | max_value: 255.0 in Epoch [113]
2022-07-24 19:08:19,766 INFO: Epoch: 114 | PSNR: 30.1306 | Loss: 5.5544 | lr: 1.00e-03 | Best_PSNR: 30.1306 | max_value: 255.0 in Epoch [114]
2022-07-24 19:09:01,842 INFO: Epoch: 115 | PSNR: 30.1309 | Loss: 5.5578 | lr: 1.00e-03 | Best_PSNR: 30.1309 | max_value: 255.0 in Epoch [115]
2022-07-24 19:09:49,594 INFO: Epoch: 116 | PSNR: 30.1302 | Loss: 5.4966 | lr: 1.00e-03 | Best_PSNR: 30.1309 | max_value: 255.0 in Epoch [115]
2022-07-24 19:10:34,637 INFO: Epoch: 117 | PSNR: 30.1313 | Loss: 5.5382 | lr: 1.00e-03 | Best_PSNR: 30.1313 | max_value: 255.0 in Epoch [117]
2022-07-24 19:11:21,699 INFO: Epoch: 118 | PSNR: 30.1323 | Loss: 5.5459 | lr: 1.00e-03 | Best_PSNR: 30.1323 | max_value: 255.0 in Epoch [118]
2022-07-24 19:12:03,744 INFO: Epoch: 119 | PSNR: 30.1335 | Loss: 5.5530 | lr: 1.00e-03 | Best_PSNR: 30.1335 | max_value: 255.0 in Epoch [119]
2022-07-24 19:12:51,676 INFO: Epoch: 120 | PSNR: 30.1338 | Loss: 5.5419 | lr: 1.00e-03 | Best_PSNR: 30.1338 | max_value: 255.0 in Epoch [120]
2022-07-24 19:13:30,627 INFO: Epoch: 121 | PSNR: 30.1383 | Loss: 5.5453 | lr: 5.00e-04 | Best_PSNR: 30.1383 | max_value: 255.0 in Epoch [121]
2022-07-24 19:14:11,004 INFO: Epoch: 122 | PSNR: 30.1413 | Loss: 5.4473 | lr: 5.00e-04 | Best_PSNR: 30.1413 | max_value: 255.0 in Epoch [122]
2022-07-24 19:14:52,598 INFO: Epoch: 123 | PSNR: 30.1428 | Loss: 5.4962 | lr: 5.00e-04 | Best_PSNR: 30.1428 | max_value: 255.0 in Epoch [123]
2022-07-24 19:15:37,893 INFO: Epoch: 124 | PSNR: 30.1439 | Loss: 5.5265 | lr: 5.00e-04 | Best_PSNR: 30.1439 | max_value: 255.0 in Epoch [124]
2022-07-24 19:16:16,508 INFO: Epoch: 125 | PSNR: 30.1454 | Loss: 5.5280 | lr: 5.00e-04 | Best_PSNR: 30.1454 | max_value: 255.0 in Epoch [125]
2022-07-24 19:16:55,692 INFO: Epoch: 126 | PSNR: 30.1455 | Loss: 5.5275 | lr: 5.00e-04 | Best_PSNR: 30.1455 | max_value: 255.0 in Epoch [126]
2022-07-24 19:17:37,243 INFO: Epoch: 127 | PSNR: 30.1463 | Loss: 5.5098 | lr: 5.00e-04 | Best_PSNR: 30.1463 | max_value: 255.0 in Epoch [127]
2022-07-24 19:18:15,969 INFO: Epoch: 128 | PSNR: 30.1473 | Loss: 5.5363 | lr: 5.00e-04 | Best_PSNR: 30.1473 | max_value: 255.0 in Epoch [128]
2022-07-24 19:19:09,727 INFO: Epoch: 129 | PSNR: 30.1470 | Loss: 5.5058 | lr: 5.00e-04 | Best_PSNR: 30.1473 | max_value: 255.0 in Epoch [128]
2022-07-24 19:19:52,778 INFO: Epoch: 130 | PSNR: 30.1474 | Loss: 5.5303 | lr: 5.00e-04 | Best_PSNR: 30.1474 | max_value: 255.0 in Epoch [130]
2022-07-24 19:20:50,189 INFO: Epoch: 131 | PSNR: 30.1475 | Loss: 5.5019 | lr: 5.00e-04 | Best_PSNR: 30.1475 | max_value: 255.0 in Epoch [131]
2022-07-24 19:21:29,674 INFO: Epoch: 132 | PSNR: 30.1481 | Loss: 5.5536 | lr: 5.00e-04 | Best_PSNR: 30.1481 | max_value: 255.0 in Epoch [132]
2022-07-24 19:22:09,002 INFO: Epoch: 133 | PSNR: 30.1484 | Loss: 5.5437 | lr: 5.00e-04 | Best_PSNR: 30.1484 | max_value: 255.0 in Epoch [133]
2022-07-24 19:22:55,745 INFO: Epoch: 134 | PSNR: 30.1484 | Loss: 5.5079 | lr: 5.00e-04 | Best_PSNR: 30.1484 | max_value: 255.0 in Epoch [133]
2022-07-24 19:23:37,287 INFO: Epoch: 135 | PSNR: 30.1484 | Loss: 5.5282 | lr: 5.00e-04 | Best_PSNR: 30.1484 | max_value: 255.0 in Epoch [135]
2022-07-24 19:24:18,808 INFO: Epoch: 136 | PSNR: 30.1493 | Loss: 5.4744 | lr: 5.00e-04 | Best_PSNR: 30.1493 | max_value: 255.0 in Epoch [136]
2022-07-24 19:25:10,382 INFO: Epoch: 137 | PSNR: 30.1497 | Loss: 5.5475 | lr: 5.00e-04 | Best_PSNR: 30.1497 | max_value: 255.0 in Epoch [137]
2022-07-24 19:25:51,826 INFO: Epoch: 138 | PSNR: 30.1497 | Loss: 5.5021 | lr: 5.00e-04 | Best_PSNR: 30.1497 | max_value: 255.0 in Epoch [138]
2022-07-24 19:26:32,902 INFO: Epoch: 139 | PSNR: 30.1498 | Loss: 5.4937 | lr: 5.00e-04 | Best_PSNR: 30.1498 | max_value: 255.0 in Epoch [139]
2022-07-24 19:27:29,100 INFO: Epoch: 140 | PSNR: 30.1504 | Loss: 5.5515 | lr: 5.00e-04 | Best_PSNR: 30.1504 | max_value: 255.0 in Epoch [140]
2022-07-24 19:28:22,569 INFO: Epoch: 141 | PSNR: 30.1506 | Loss: 5.5454 | lr: 5.00e-04 | Best_PSNR: 30.1506 | max_value: 255.0 in Epoch [141]
2022-07-24 19:29:08,692 INFO: Epoch: 142 | PSNR: 30.1509 | Loss: 5.5475 | lr: 5.00e-04 | Best_PSNR: 30.1509 | max_value: 255.0 in Epoch [142]
2022-07-24 19:29:53,079 INFO: Epoch: 143 | PSNR: 30.1504 | Loss: 5.4827 | lr: 5.00e-04 | Best_PSNR: 30.1509 | max_value: 255.0 in Epoch [142]
2022-07-24 19:30:38,942 INFO: Epoch: 144 | PSNR: 30.1505 | Loss: 5.5375 | lr: 5.00e-04 | Best_PSNR: 30.1509 | max_value: 255.0 in Epoch [142]
2022-07-24 19:31:14,136 INFO: Epoch: 145 | PSNR: 30.1506 | Loss: 5.5021 | lr: 5.00e-04 | Best_PSNR: 30.1509 | max_value: 255.0 in Epoch [142]
2022-07-24 19:31:47,484 INFO: Epoch: 146 | PSNR: 30.1498 | Loss: 5.5312 | lr: 5.00e-04 | Best_PSNR: 30.1509 | max_value: 255.0 in Epoch [142]
2022-07-24 19:32:23,587 INFO: Epoch: 147 | PSNR: 30.1510 | Loss: 5.4711 | lr: 5.00e-04 | Best_PSNR: 30.1510 | max_value: 255.0 in Epoch [147]
2022-07-24 19:33:00,093 INFO: Epoch: 148 | PSNR: 30.1523 | Loss: 5.5007 | lr: 5.00e-04 | Best_PSNR: 30.1523 | max_value: 255.0 in Epoch [148]
2022-07-24 19:33:40,155 INFO: Epoch: 149 | PSNR: 30.1527 | Loss: 5.5308 | lr: 5.00e-04 | Best_PSNR: 30.1527 | max_value: 255.0 in Epoch [149]
2022-07-24 19:34:22,899 INFO: Epoch: 150 | PSNR: 30.1530 | Loss: 5.5122 | lr: 5.00e-04 | Best_PSNR: 30.1530 | max_value: 255.0 in Epoch [150]
2022-07-24 19:35:04,907 INFO: Epoch: 151 | PSNR: 30.1526 | Loss: 5.5244 | lr: 5.00e-04 | Best_PSNR: 30.1530 | max_value: 255.0 in Epoch [150]
2022-07-24 19:35:52,866 INFO: Epoch: 152 | PSNR: 30.1531 | Loss: 5.5191 | lr: 5.00e-04 | Best_PSNR: 30.1531 | max_value: 255.0 in Epoch [152]
2022-07-24 19:36:34,567 INFO: Epoch: 153 | PSNR: 30.1530 | Loss: 5.5434 | lr: 5.00e-04 | Best_PSNR: 30.1531 | max_value: 255.0 in Epoch [152]
2022-07-24 19:37:23,331 INFO: Epoch: 154 | PSNR: 30.1526 | Loss: 5.5593 | lr: 5.00e-04 | Best_PSNR: 30.1531 | max_value: 255.0 in Epoch [152]
2022-07-24 19:38:08,367 INFO: Epoch: 155 | PSNR: 30.1528 | Loss: 5.4988 | lr: 5.00e-04 | Best_PSNR: 30.1531 | max_value: 255.0 in Epoch [152]
2022-07-24 19:39:01,149 INFO: Epoch: 156 | PSNR: 30.1539 | Loss: 5.5602 | lr: 5.00e-04 | Best_PSNR: 30.1539 | max_value: 255.0 in Epoch [156]
2022-07-24 19:39:44,877 INFO: Epoch: 157 | PSNR: 30.1538 | Loss: 5.4873 | lr: 5.00e-04 | Best_PSNR: 30.1539 | max_value: 255.0 in Epoch [156]
2022-07-24 19:40:33,331 INFO: Epoch: 158 | PSNR: 30.1540 | Loss: 5.4948 | lr: 5.00e-04 | Best_PSNR: 30.1540 | max_value: 255.0 in Epoch [158]
2022-07-24 19:41:16,617 INFO: Epoch: 159 | PSNR: 30.1541 | Loss: 5.5381 | lr: 5.00e-04 | Best_PSNR: 30.1541 | max_value: 255.0 in Epoch [159]
2022-07-24 19:42:02,066 INFO: Epoch: 160 | PSNR: 30.1541 | Loss: 5.4871 | lr: 5.00e-04 | Best_PSNR: 30.1541 | max_value: 255.0 in Epoch [159]
2022-07-24 19:42:45,811 INFO: Epoch: 161 | PSNR: 30.1539 | Loss: 5.5174 | lr: 5.00e-04 | Best_PSNR: 30.1541 | max_value: 255.0 in Epoch [159]
2022-07-24 19:43:44,266 INFO: Epoch: 162 | PSNR: 30.1537 | Loss: 5.4771 | lr: 5.00e-04 | Best_PSNR: 30.1541 | max_value: 255.0 in Epoch [159]
2022-07-24 19:44:30,519 INFO: Epoch: 163 | PSNR: 30.1539 | Loss: 5.5125 | lr: 5.00e-04 | Best_PSNR: 30.1541 | max_value: 255.0 in Epoch [159]
2022-07-24 19:45:14,412 INFO: Epoch: 164 | PSNR: 30.1551 | Loss: 5.5116 | lr: 5.00e-04 | Best_PSNR: 30.1551 | max_value: 255.0 in Epoch [164]
2022-07-24 19:46:01,593 INFO: Epoch: 165 | PSNR: 30.1553 | Loss: 5.5311 | lr: 5.00e-04 | Best_PSNR: 30.1553 | max_value: 255.0 in Epoch [165]
2022-07-24 19:46:44,075 INFO: Epoch: 166 | PSNR: 30.1552 | Loss: 5.4719 | lr: 5.00e-04 | Best_PSNR: 30.1553 | max_value: 255.0 in Epoch [165]
2022-07-24 19:47:29,840 INFO: Epoch: 167 | PSNR: 30.1551 | Loss: 5.5184 | lr: 5.00e-04 | Best_PSNR: 30.1553 | max_value: 255.0 in Epoch [165]
2022-07-24 19:48:12,444 INFO: Epoch: 168 | PSNR: 30.1551 | Loss: 5.5442 | lr: 5.00e-04 | Best_PSNR: 30.1553 | max_value: 255.0 in Epoch [165]
2022-07-24 19:48:54,492 INFO: Epoch: 169 | PSNR: 30.1554 | Loss: 5.5229 | lr: 5.00e-04 | Best_PSNR: 30.1554 | max_value: 255.0 in Epoch [169]
2022-07-24 19:49:38,676 INFO: Epoch: 170 | PSNR: 30.1558 | Loss: 5.5335 | lr: 5.00e-04 | Best_PSNR: 30.1558 | max_value: 255.0 in Epoch [170]
2022-07-24 19:50:32,548 INFO: Epoch: 171 | PSNR: 30.1559 | Loss: 5.4737 | lr: 5.00e-04 | Best_PSNR: 30.1559 | max_value: 255.0 in Epoch [171]
2022-07-24 19:51:15,733 INFO: Epoch: 172 | PSNR: 30.1567 | Loss: 5.4712 | lr: 5.00e-04 | Best_PSNR: 30.1567 | max_value: 255.0 in Epoch [172]
2022-07-24 19:51:59,776 INFO: Epoch: 173 | PSNR: 30.1557 | Loss: 5.4620 | lr: 5.00e-04 | Best_PSNR: 30.1567 | max_value: 255.0 in Epoch [172]
2022-07-24 19:52:40,746 INFO: Epoch: 174 | PSNR: 30.1556 | Loss: 5.5209 | lr: 5.00e-04 | Best_PSNR: 30.1567 | max_value: 255.0 in Epoch [172]
2022-07-24 19:53:23,697 INFO: Epoch: 175 | PSNR: 30.1563 | Loss: 5.5375 | lr: 5.00e-04 | Best_PSNR: 30.1567 | max_value: 255.0 in Epoch [172]
2022-07-24 19:54:05,498 INFO: Epoch: 176 | PSNR: 30.1562 | Loss: 5.5097 | lr: 5.00e-04 | Best_PSNR: 30.1567 | max_value: 255.0 in Epoch [172]
2022-07-24 19:54:49,877 INFO: Epoch: 177 | PSNR: 30.1567 | Loss: 5.4840 | lr: 5.00e-04 | Best_PSNR: 30.1567 | max_value: 255.0 in Epoch [177]
2022-07-24 19:55:33,700 INFO: Epoch: 178 | PSNR: 30.1571 | Loss: 5.4713 | lr: 5.00e-04 | Best_PSNR: 30.1571 | max_value: 255.0 in Epoch [178]
2022-07-24 19:56:19,445 INFO: Epoch: 179 | PSNR: 30.1573 | Loss: 5.4762 | lr: 5.00e-04 | Best_PSNR: 30.1573 | max_value: 255.0 in Epoch [179]
2022-07-24 19:57:04,155 INFO: Epoch: 180 | PSNR: 30.1567 | Loss: 5.4964 | lr: 5.00e-04 | Best_PSNR: 30.1573 | max_value: 255.0 in Epoch [179]
2022-07-24 19:57:42,535 INFO: Epoch: 181 | PSNR: 30.1572 | Loss: 5.5443 | lr: 5.00e-04 | Best_PSNR: 30.1573 | max_value: 255.0 in Epoch [179]
2022-07-24 19:58:39,930 INFO: Epoch: 182 | PSNR: 30.1572 | Loss: 5.4939 | lr: 5.00e-04 | Best_PSNR: 30.1573 | max_value: 255.0 in Epoch [179]
2022-07-24 19:59:22,794 INFO: Epoch: 183 | PSNR: 30.1577 | Loss: 5.4816 | lr: 5.00e-04 | Best_PSNR: 30.1577 | max_value: 255.0 in Epoch [183]
2022-07-24 20:00:23,359 INFO: Epoch: 184 | PSNR: 30.1580 | Loss: 5.5171 | lr: 5.00e-04 | Best_PSNR: 30.1580 | max_value: 255.0 in Epoch [184]
2022-07-24 20:01:15,745 INFO: Epoch: 185 | PSNR: 30.1579 | Loss: 5.4923 | lr: 5.00e-04 | Best_PSNR: 30.1580 | max_value: 255.0 in Epoch [184]
2022-07-24 20:02:04,781 INFO: Epoch: 186 | PSNR: 30.1569 | Loss: 5.4594 | lr: 5.00e-04 | Best_PSNR: 30.1580 | max_value: 255.0 in Epoch [184]
2022-07-24 20:02:54,806 INFO: Epoch: 187 | PSNR: 30.1580 | Loss: 5.5046 | lr: 5.00e-04 | Best_PSNR: 30.1580 | max_value: 255.0 in Epoch [184]
2022-07-24 20:03:53,337 INFO: Epoch: 188 | PSNR: 30.1580 | Loss: 5.4734 | lr: 5.00e-04 | Best_PSNR: 30.1580 | max_value: 255.0 in Epoch [188]
2022-07-24 20:04:35,753 INFO: Epoch: 189 | PSNR: 30.1586 | Loss: 5.4924 | lr: 5.00e-04 | Best_PSNR: 30.1586 | max_value: 255.0 in Epoch [189]
2022-07-24 20:05:15,341 INFO: Epoch: 190 | PSNR: 30.1585 | Loss: 5.5224 | lr: 5.00e-04 | Best_PSNR: 30.1586 | max_value: 255.0 in Epoch [189]
2022-07-24 20:05:57,974 INFO: Epoch: 191 | PSNR: 30.1585 | Loss: 5.5372 | lr: 5.00e-04 | Best_PSNR: 30.1586 | max_value: 255.0 in Epoch [189]
2022-07-24 20:06:42,136 INFO: Epoch: 192 | PSNR: 30.1586 | Loss: 5.5028 | lr: 5.00e-04 | Best_PSNR: 30.1586 | max_value: 255.0 in Epoch [192]
2022-07-24 20:07:23,851 INFO: Epoch: 193 | PSNR: 30.1585 | Loss: 5.4735 | lr: 5.00e-04 | Best_PSNR: 30.1586 | max_value: 255.0 in Epoch [192]
2022-07-24 20:08:06,732 INFO: Epoch: 194 | PSNR: 30.1592 | Loss: 5.5038 | lr: 5.00e-04 | Best_PSNR: 30.1592 | max_value: 255.0 in Epoch [194]
2022-07-24 20:08:50,582 INFO: Epoch: 195 | PSNR: 30.1586 | Loss: 5.4712 | lr: 5.00e-04 | Best_PSNR: 30.1592 | max_value: 255.0 in Epoch [194]
2022-07-24 20:09:42,123 INFO: Epoch: 196 | PSNR: 30.1595 | Loss: 5.5591 | lr: 5.00e-04 | Best_PSNR: 30.1595 | max_value: 255.0 in Epoch [196]
2022-07-24 20:10:24,905 INFO: Epoch: 197 | PSNR: 30.1586 | Loss: 5.5188 | lr: 5.00e-04 | Best_PSNR: 30.1595 | max_value: 255.0 in Epoch [196]
2022-07-24 20:11:10,524 INFO: Epoch: 198 | PSNR: 30.1586 | Loss: 5.5035 | lr: 5.00e-04 | Best_PSNR: 30.1595 | max_value: 255.0 in Epoch [196]
2022-07-24 20:11:55,997 INFO: Epoch: 199 | PSNR: 30.1594 | Loss: 5.5024 | lr: 5.00e-04 | Best_PSNR: 30.1595 | max_value: 255.0 in Epoch [196]
2022-07-24 20:12:42,812 INFO: Epoch: 200 | PSNR: 30.1592 | Loss: 5.4750 | lr: 5.00e-04 | Best_PSNR: 30.1595 | max_value: 255.0 in Epoch [196]
2022-07-24 20:13:29,336 INFO: Epoch: 201 | PSNR: 30.1589 | Loss: 5.4033 | lr: 5.00e-04 | Best_PSNR: 30.1595 | max_value: 255.0 in Epoch [196]
2022-07-24 20:14:19,162 INFO: Epoch: 202 | PSNR: 30.1587 | Loss: 5.4537 | lr: 5.00e-04 | Best_PSNR: 30.1595 | max_value: 255.0 in Epoch [196]
2022-07-24 20:15:07,773 INFO: Epoch: 203 | PSNR: 30.1590 | Loss: 5.4987 | lr: 5.00e-04 | Best_PSNR: 30.1595 | max_value: 255.0 in Epoch [196]
2022-07-24 20:15:48,915 INFO: Epoch: 204 | PSNR: 30.1586 | Loss: 5.5285 | lr: 5.00e-04 | Best_PSNR: 30.1595 | max_value: 255.0 in Epoch [196]
2022-07-24 20:16:40,939 INFO: Epoch: 205 | PSNR: 30.1585 | Loss: 5.5046 | lr: 5.00e-04 | Best_PSNR: 30.1595 | max_value: 255.0 in Epoch [196]
2022-07-24 20:17:24,726 INFO: Epoch: 206 | PSNR: 30.1585 | Loss: 5.5509 | lr: 5.00e-04 | Best_PSNR: 30.1595 | max_value: 255.0 in Epoch [196]
2022-07-24 20:18:11,153 INFO: Epoch: 207 | PSNR: 30.1590 | Loss: 5.5378 | lr: 5.00e-04 | Best_PSNR: 30.1595 | max_value: 255.0 in Epoch [196]
2022-07-24 20:18:47,524 INFO: Epoch: 208 | PSNR: 30.1608 | Loss: 5.5300 | lr: 5.00e-04 | Best_PSNR: 30.1608 | max_value: 255.0 in Epoch [208]
2022-07-24 20:19:47,643 INFO: Epoch: 209 | PSNR: 30.1608 | Loss: 5.5018 | lr: 5.00e-04 | Best_PSNR: 30.1608 | max_value: 255.0 in Epoch [209]
2022-07-24 20:20:35,642 INFO: Epoch: 210 | PSNR: 30.1595 | Loss: 5.5353 | lr: 5.00e-04 | Best_PSNR: 30.1608 | max_value: 255.0 in Epoch [209]
2022-07-24 20:21:25,195 INFO: Epoch: 211 | PSNR: 30.1597 | Loss: 5.4562 | lr: 5.00e-04 | Best_PSNR: 30.1608 | max_value: 255.0 in Epoch [209]
2022-07-24 20:22:18,702 INFO: Epoch: 212 | PSNR: 30.1604 | Loss: 5.4996 | lr: 5.00e-04 | Best_PSNR: 30.1608 | max_value: 255.0 in Epoch [209]
2022-07-24 20:23:07,193 INFO: Epoch: 213 | PSNR: 30.1604 | Loss: 5.4892 | lr: 5.00e-04 | Best_PSNR: 30.1608 | max_value: 255.0 in Epoch [209]
2022-07-24 20:24:14,688 INFO: Epoch: 214 | PSNR: 30.1607 | Loss: 5.4549 | lr: 5.00e-04 | Best_PSNR: 30.1608 | max_value: 255.0 in Epoch [209]
2022-07-24 20:25:10,844 INFO: Epoch: 215 | PSNR: 30.1616 | Loss: 5.4913 | lr: 5.00e-04 | Best_PSNR: 30.1616 | max_value: 255.0 in Epoch [215]
2022-07-24 20:25:50,908 INFO: Epoch: 216 | PSNR: 30.1615 | Loss: 5.4777 | lr: 5.00e-04 | Best_PSNR: 30.1616 | max_value: 255.0 in Epoch [215]
2022-07-24 20:26:33,926 INFO: Epoch: 217 | PSNR: 30.1614 | Loss: 5.4818 | lr: 5.00e-04 | Best_PSNR: 30.1616 | max_value: 255.0 in Epoch [215]
2022-07-24 20:27:48,332 INFO: Epoch: 218 | PSNR: 30.1611 | Loss: 5.5140 | lr: 5.00e-04 | Best_PSNR: 30.1616 | max_value: 255.0 in Epoch [215]
2022-07-24 20:28:32,334 INFO: Epoch: 219 | PSNR: 30.1608 | Loss: 5.4885 | lr: 5.00e-04 | Best_PSNR: 30.1616 | max_value: 255.0 in Epoch [215]
2022-07-24 20:29:12,166 INFO: Epoch: 220 | PSNR: 30.1611 | Loss: 5.4964 | lr: 5.00e-04 | Best_PSNR: 30.1616 | max_value: 255.0 in Epoch [215]
2022-07-24 20:29:52,908 INFO: Epoch: 221 | PSNR: 30.1613 | Loss: 5.5105 | lr: 5.00e-04 | Best_PSNR: 30.1616 | max_value: 255.0 in Epoch [215]
2022-07-24 20:30:37,945 INFO: Epoch: 222 | PSNR: 30.1615 | Loss: 5.4769 | lr: 5.00e-04 | Best_PSNR: 30.1616 | max_value: 255.0 in Epoch [215]
2022-07-24 20:31:18,924 INFO: Epoch: 223 | PSNR: 30.1610 | Loss: 5.5111 | lr: 5.00e-04 | Best_PSNR: 30.1616 | max_value: 255.0 in Epoch [215]
2022-07-24 20:32:03,020 INFO: Epoch: 224 | PSNR: 30.1608 | Loss: 5.5238 | lr: 5.00e-04 | Best_PSNR: 30.1616 | max_value: 255.0 in Epoch [215]
2022-07-24 20:33:06,069 INFO: Epoch: 225 | PSNR: 30.1619 | Loss: 5.4568 | lr: 5.00e-04 | Best_PSNR: 30.1619 | max_value: 255.0 in Epoch [225]
2022-07-24 20:34:09,105 INFO: Epoch: 226 | PSNR: 30.1621 | Loss: 5.4764 | lr: 5.00e-04 | Best_PSNR: 30.1621 | max_value: 255.0 in Epoch [226]
2022-07-24 20:34:55,254 INFO: Epoch: 227 | PSNR: 30.1620 | Loss: 5.5251 | lr: 5.00e-04 | Best_PSNR: 30.1621 | max_value: 255.0 in Epoch [226]
2022-07-24 20:35:43,743 INFO: Epoch: 228 | PSNR: 30.1622 | Loss: 5.5280 | lr: 5.00e-04 | Best_PSNR: 30.1622 | max_value: 255.0 in Epoch [228]
2022-07-24 20:36:26,540 INFO: Epoch: 229 | PSNR: 30.1629 | Loss: 5.5266 | lr: 5.00e-04 | Best_PSNR: 30.1629 | max_value: 255.0 in Epoch [229]
2022-07-24 20:37:04,715 INFO: Epoch: 230 | PSNR: 30.1635 | Loss: 5.5401 | lr: 5.00e-04 | Best_PSNR: 30.1635 | max_value: 255.0 in Epoch [230]
2022-07-24 20:38:00,843 INFO: Epoch: 231 | PSNR: 30.1627 | Loss: 5.5192 | lr: 5.00e-04 | Best_PSNR: 30.1635 | max_value: 255.0 in Epoch [230]
2022-07-24 20:38:42,044 INFO: Epoch: 232 | PSNR: 30.1629 | Loss: 5.5042 | lr: 5.00e-04 | Best_PSNR: 30.1635 | max_value: 255.0 in Epoch [230]
2022-07-24 20:39:40,731 INFO: Epoch: 233 | PSNR: 30.1623 | Loss: 5.5226 | lr: 5.00e-04 | Best_PSNR: 30.1635 | max_value: 255.0 in Epoch [230]
2022-07-24 20:40:20,222 INFO: Epoch: 234 | PSNR: 30.1625 | Loss: 5.5219 | lr: 5.00e-04 | Best_PSNR: 30.1635 | max_value: 255.0 in Epoch [230]
2022-07-24 20:41:19,536 INFO: Epoch: 235 | PSNR: 30.1623 | Loss: 5.5194 | lr: 5.00e-04 | Best_PSNR: 30.1635 | max_value: 255.0 in Epoch [230]
2022-07-24 20:41:59,997 INFO: Epoch: 236 | PSNR: 30.1630 | Loss: 5.5283 | lr: 5.00e-04 | Best_PSNR: 30.1635 | max_value: 255.0 in Epoch [230]
2022-07-24 20:43:04,593 INFO: Epoch: 237 | PSNR: 30.1631 | Loss: 5.4928 | lr: 5.00e-04 | Best_PSNR: 30.1635 | max_value: 255.0 in Epoch [230]
2022-07-24 20:44:03,224 INFO: Epoch: 238 | PSNR: 30.1628 | Loss: 5.4788 | lr: 5.00e-04 | Best_PSNR: 30.1635 | max_value: 255.0 in Epoch [230]
2022-07-24 20:44:52,179 INFO: Epoch: 239 | PSNR: 30.1626 | Loss: 5.4661 | lr: 5.00e-04 | Best_PSNR: 30.1635 | max_value: 255.0 in Epoch [230]
2022-07-24 20:45:42,284 INFO: Epoch: 240 | PSNR: 30.1634 | Loss: 5.4966 | lr: 5.00e-04 | Best_PSNR: 30.1635 | max_value: 255.0 in Epoch [230]
2022-07-24 20:46:24,362 INFO: Epoch: 241 | PSNR: 30.1660 | Loss: 5.5025 | lr: 2.50e-04 | Best_PSNR: 30.1660 | max_value: 255.0 in Epoch [241]
2022-07-24 20:47:07,930 INFO: Epoch: 242 | PSNR: 30.1663 | Loss: 5.4940 | lr: 2.50e-04 | Best_PSNR: 30.1663 | max_value: 255.0 in Epoch [242]
2022-07-24 20:48:01,448 INFO: Epoch: 243 | PSNR: 30.1663 | Loss: 5.4755 | lr: 2.50e-04 | Best_PSNR: 30.1663 | max_value: 255.0 in Epoch [243]
2022-07-24 20:48:46,892 INFO: Epoch: 244 | PSNR: 30.1667 | Loss: 5.4853 | lr: 2.50e-04 | Best_PSNR: 30.1667 | max_value: 255.0 in Epoch [244]
2022-07-24 20:49:32,066 INFO: Epoch: 245 | PSNR: 30.1671 | Loss: 5.4721 | lr: 2.50e-04 | Best_PSNR: 30.1671 | max_value: 255.0 in Epoch [245]
2022-07-24 20:50:15,595 INFO: Epoch: 246 | PSNR: 30.1679 | Loss: 5.5128 | lr: 2.50e-04 | Best_PSNR: 30.1679 | max_value: 255.0 in Epoch [246]
2022-07-24 20:51:11,567 INFO: Epoch: 247 | PSNR: 30.1674 | Loss: 5.4709 | lr: 2.50e-04 | Best_PSNR: 30.1679 | max_value: 255.0 in Epoch [246]
2022-07-24 20:51:52,635 INFO: Epoch: 248 | PSNR: 30.1678 | Loss: 5.5087 | lr: 2.50e-04 | Best_PSNR: 30.1679 | max_value: 255.0 in Epoch [246]
2022-07-24 20:52:42,017 INFO: Epoch: 249 | PSNR: 30.1682 | Loss: 5.5030 | lr: 2.50e-04 | Best_PSNR: 30.1682 | max_value: 255.0 in Epoch [249]
2022-07-24 20:53:28,201 INFO: Epoch: 250 | PSNR: 30.1687 | Loss: 5.4908 | lr: 2.50e-04 | Best_PSNR: 30.1687 | max_value: 255.0 in Epoch [250]
2022-07-24 20:54:11,618 INFO: Epoch: 251 | PSNR: 30.1690 | Loss: 5.4876 | lr: 2.50e-04 | Best_PSNR: 30.1690 | max_value: 255.0 in Epoch [251]
2022-07-24 20:54:55,636 INFO: Epoch: 252 | PSNR: 30.1683 | Loss: 5.4569 | lr: 2.50e-04 | Best_PSNR: 30.1690 | max_value: 255.0 in Epoch [251]
2022-07-24 20:55:34,876 INFO: Epoch: 253 | PSNR: 30.1687 | Loss: 5.4556 | lr: 2.50e-04 | Best_PSNR: 30.1690 | max_value: 255.0 in Epoch [251]
2022-07-24 20:56:36,190 INFO: Epoch: 254 | PSNR: 30.1691 | Loss: 5.4855 | lr: 2.50e-04 | Best_PSNR: 30.1691 | max_value: 255.0 in Epoch [254]
2022-07-24 20:57:30,778 INFO: Epoch: 255 | PSNR: 30.1690 | Loss: 5.5117 | lr: 2.50e-04 | Best_PSNR: 30.1691 | max_value: 255.0 in Epoch [254]
2022-07-24 20:58:16,218 INFO: Epoch: 256 | PSNR: 30.1692 | Loss: 5.4913 | lr: 2.50e-04 | Best_PSNR: 30.1692 | max_value: 255.0 in Epoch [256]
2022-07-24 20:58:59,754 INFO: Epoch: 257 | PSNR: 30.1689 | Loss: 5.5238 | lr: 2.50e-04 | Best_PSNR: 30.1692 | max_value: 255.0 in Epoch [256]
2022-07-24 20:59:43,155 INFO: Epoch: 258 | PSNR: 30.1687 | Loss: 5.4724 | lr: 2.50e-04 | Best_PSNR: 30.1692 | max_value: 255.0 in Epoch [256]
2022-07-24 21:00:24,767 INFO: Epoch: 259 | PSNR: 30.1687 | Loss: 5.5323 | lr: 2.50e-04 | Best_PSNR: 30.1692 | max_value: 255.0 in Epoch [256]
2022-07-24 21:01:10,197 INFO: Epoch: 260 | PSNR: 30.1697 | Loss: 5.4939 | lr: 2.50e-04 | Best_PSNR: 30.1697 | max_value: 255.0 in Epoch [260]
2022-07-24 21:01:59,019 INFO: Epoch: 261 | PSNR: 30.1696 | Loss: 5.5132 | lr: 2.50e-04 | Best_PSNR: 30.1697 | max_value: 255.0 in Epoch [260]
2022-07-24 21:02:39,742 INFO: Epoch: 262 | PSNR: 30.1696 | Loss: 5.5032 | lr: 2.50e-04 | Best_PSNR: 30.1697 | max_value: 255.0 in Epoch [260]
2022-07-24 21:04:47,637 INFO: Epoch: 263 | PSNR: 30.1689 | Loss: 5.4979 | lr: 2.50e-04 | Best_PSNR: 30.1697 | max_value: 255.0 in Epoch [260]
2022-07-24 21:05:25,583 INFO: Epoch: 264 | PSNR: 30.1696 | Loss: 5.5298 | lr: 2.50e-04 | Best_PSNR: 30.1697 | max_value: 255.0 in Epoch [260]
2022-07-24 21:06:37,808 INFO: Epoch: 265 | PSNR: 30.1694 | Loss: 5.5359 | lr: 2.50e-04 | Best_PSNR: 30.1697 | max_value: 255.0 in Epoch [260]
2022-07-24 21:07:52,066 INFO: Epoch: 266 | PSNR: 30.1697 | Loss: 5.5049 | lr: 2.50e-04 | Best_PSNR: 30.1697 | max_value: 255.0 in Epoch [266]
2022-07-24 21:08:52,849 INFO: Epoch: 267 | PSNR: 30.1700 | Loss: 5.4819 | lr: 2.50e-04 | Best_PSNR: 30.1700 | max_value: 255.0 in Epoch [267]
2022-07-24 21:10:09,988 INFO: Epoch: 268 | PSNR: 30.1705 | Loss: 5.5011 | lr: 2.50e-04 | Best_PSNR: 30.1705 | max_value: 255.0 in Epoch [268]
2022-07-24 21:11:11,046 INFO: Epoch: 269 | PSNR: 30.1706 | Loss: 5.4449 | lr: 2.50e-04 | Best_PSNR: 30.1706 | max_value: 255.0 in Epoch [269]
2022-07-24 21:12:15,154 INFO: Epoch: 270 | PSNR: 30.1705 | Loss: 5.5093 | lr: 2.50e-04 | Best_PSNR: 30.1706 | max_value: 255.0 in Epoch [269]
2022-07-24 21:13:03,249 INFO: Epoch: 271 | PSNR: 30.1706 | Loss: 5.5335 | lr: 2.50e-04 | Best_PSNR: 30.1706 | max_value: 255.0 in Epoch [271]
2022-07-24 21:14:07,023 INFO: Epoch: 272 | PSNR: 30.1707 | Loss: 5.4561 | lr: 2.50e-04 | Best_PSNR: 30.1707 | max_value: 255.0 in Epoch [272]
2022-07-24 21:15:08,161 INFO: Epoch: 273 | PSNR: 30.1710 | Loss: 5.5090 | lr: 2.50e-04 | Best_PSNR: 30.1710 | max_value: 255.0 in Epoch [273]
2022-07-24 21:16:18,525 INFO: Epoch: 274 | PSNR: 30.1706 | Loss: 5.4584 | lr: 2.50e-04 | Best_PSNR: 30.1710 | max_value: 255.0 in Epoch [273]
2022-07-24 21:17:09,647 INFO: Epoch: 275 | PSNR: 30.1705 | Loss: 5.4909 | lr: 2.50e-04 | Best_PSNR: 30.1710 | max_value: 255.0 in Epoch [273]
2022-07-24 21:18:13,400 INFO: Epoch: 276 | PSNR: 30.1708 | Loss: 5.4839 | lr: 2.50e-04 | Best_PSNR: 30.1710 | max_value: 255.0 in Epoch [273]
2022-07-24 21:19:02,941 INFO: Epoch: 277 | PSNR: 30.1712 | Loss: 5.4946 | lr: 2.50e-04 | Best_PSNR: 30.1712 | max_value: 255.0 in Epoch [277]
2022-07-24 21:19:47,736 INFO: Epoch: 278 | PSNR: 30.1718 | Loss: 5.4796 | lr: 2.50e-04 | Best_PSNR: 30.1718 | max_value: 255.0 in Epoch [278]
2022-07-24 21:20:30,742 INFO: Epoch: 279 | PSNR: 30.1711 | Loss: 5.5113 | lr: 2.50e-04 | Best_PSNR: 30.1718 | max_value: 255.0 in Epoch [278]
2022-07-24 21:21:09,631 INFO: Epoch: 280 | PSNR: 30.1714 | Loss: 5.4695 | lr: 2.50e-04 | Best_PSNR: 30.1718 | max_value: 255.0 in Epoch [278]
2022-07-24 21:21:53,301 INFO: Epoch: 281 | PSNR: 30.1714 | Loss: 5.5001 | lr: 2.50e-04 | Best_PSNR: 30.1718 | max_value: 255.0 in Epoch [278]
2022-07-24 21:22:43,677 INFO: Epoch: 282 | PSNR: 30.1719 | Loss: 5.5298 | lr: 2.50e-04 | Best_PSNR: 30.1719 | max_value: 255.0 in Epoch [282]
2022-07-24 21:23:34,991 INFO: Epoch: 283 | PSNR: 30.1714 | Loss: 5.4849 | lr: 2.50e-04 | Best_PSNR: 30.1719 | max_value: 255.0 in Epoch [282]
2022-07-24 21:24:17,249 INFO: Epoch: 284 | PSNR: 30.1715 | Loss: 5.5149 | lr: 2.50e-04 | Best_PSNR: 30.1719 | max_value: 255.0 in Epoch [282]
2022-07-24 21:25:16,843 INFO: Epoch: 285 | PSNR: 30.1714 | Loss: 5.4661 | lr: 2.50e-04 | Best_PSNR: 30.1719 | max_value: 255.0 in Epoch [282]
2022-07-24 21:26:24,109 INFO: Epoch: 286 | PSNR: 30.1709 | Loss: 5.4968 | lr: 2.50e-04 | Best_PSNR: 30.1719 | max_value: 255.0 in Epoch [282]
2022-07-24 21:27:15,609 INFO: Epoch: 287 | PSNR: 30.1703 | Loss: 5.5225 | lr: 2.50e-04 | Best_PSNR: 30.1719 | max_value: 255.0 in Epoch [282]
2022-07-24 21:28:02,354 INFO: Epoch: 288 | PSNR: 30.1708 | Loss: 5.5129 | lr: 2.50e-04 | Best_PSNR: 30.1719 | max_value: 255.0 in Epoch [282]
2022-07-24 21:28:47,784 INFO: Epoch: 289 | PSNR: 30.1708 | Loss: 5.4982 | lr: 2.50e-04 | Best_PSNR: 30.1719 | max_value: 255.0 in Epoch [282]
2022-07-24 21:29:34,469 INFO: Epoch: 290 | PSNR: 30.1714 | Loss: 5.4723 | lr: 2.50e-04 | Best_PSNR: 30.1719 | max_value: 255.0 in Epoch [282]
2022-07-24 21:30:18,374 INFO: Epoch: 291 | PSNR: 30.1718 | Loss: 5.4697 | lr: 2.50e-04 | Best_PSNR: 30.1719 | max_value: 255.0 in Epoch [282]
2022-07-24 21:31:12,740 INFO: Epoch: 292 | PSNR: 30.1716 | Loss: 5.4531 | lr: 2.50e-04 | Best_PSNR: 30.1719 | max_value: 255.0 in Epoch [282]
2022-07-24 21:31:58,134 INFO: Epoch: 293 | PSNR: 30.1714 | Loss: 5.4564 | lr: 2.50e-04 | Best_PSNR: 30.1719 | max_value: 255.0 in Epoch [282]
2022-07-24 21:32:41,971 INFO: Epoch: 294 | PSNR: 30.1716 | Loss: 5.4492 | lr: 2.50e-04 | Best_PSNR: 30.1719 | max_value: 255.0 in Epoch [282]
2022-07-24 21:34:18,316 INFO: Epoch: 295 | PSNR: 30.1718 | Loss: 5.5049 | lr: 2.50e-04 | Best_PSNR: 30.1719 | max_value: 255.0 in Epoch [282]
2022-07-24 21:35:02,790 INFO: Epoch: 296 | PSNR: 30.1724 | Loss: 5.4858 | lr: 2.50e-04 | Best_PSNR: 30.1724 | max_value: 255.0 in Epoch [296]
2022-07-24 21:35:43,923 INFO: Epoch: 297 | PSNR: 30.1724 | Loss: 5.5236 | lr: 2.50e-04 | Best_PSNR: 30.1724 | max_value: 255.0 in Epoch [296]
2022-07-24 21:36:26,516 INFO: Epoch: 298 | PSNR: 30.1723 | Loss: 5.5062 | lr: 2.50e-04 | Best_PSNR: 30.1724 | max_value: 255.0 in Epoch [296]
2022-07-24 21:37:13,149 INFO: Epoch: 299 | PSNR: 30.1714 | Loss: 5.4976 | lr: 2.50e-04 | Best_PSNR: 30.1724 | max_value: 255.0 in Epoch [296]
2022-07-24 21:38:01,636 INFO: Epoch: 300 | PSNR: 30.1717 | Loss: 5.4622 | lr: 2.50e-04 | Best_PSNR: 30.1724 | max_value: 255.0 in Epoch [296]
2022-07-24 21:38:41,446 INFO: Epoch: 301 | PSNR: 30.1717 | Loss: 5.4382 | lr: 2.50e-04 | Best_PSNR: 30.1724 | max_value: 255.0 in Epoch [296]
2022-07-24 21:39:33,201 INFO: Epoch: 302 | PSNR: 30.1715 | Loss: 5.4859 | lr: 2.50e-04 | Best_PSNR: 30.1724 | max_value: 255.0 in Epoch [296]
2022-07-24 21:40:37,568 INFO: Epoch: 303 | PSNR: 30.1718 | Loss: 5.4957 | lr: 2.50e-04 | Best_PSNR: 30.1724 | max_value: 255.0 in Epoch [296]
2022-07-24 21:41:29,274 INFO: Epoch: 304 | PSNR: 30.1718 | Loss: 5.4979 | lr: 2.50e-04 | Best_PSNR: 30.1724 | max_value: 255.0 in Epoch [296]
2022-07-24 21:42:11,097 INFO: Epoch: 305 | PSNR: 30.1719 | Loss: 5.4617 | lr: 2.50e-04 | Best_PSNR: 30.1724 | max_value: 255.0 in Epoch [296]
2022-07-24 21:43:08,530 INFO: Epoch: 306 | PSNR: 30.1719 | Loss: 5.5073 | lr: 2.50e-04 | Best_PSNR: 30.1724 | max_value: 255.0 in Epoch [296]
2022-07-24 21:44:26,850 INFO: Epoch: 307 | PSNR: 30.1724 | Loss: 5.5052 | lr: 2.50e-04 | Best_PSNR: 30.1724 | max_value: 255.0 in Epoch [307]
2022-07-24 21:45:17,406 INFO: Epoch: 308 | PSNR: 30.1732 | Loss: 5.5167 | lr: 2.50e-04 | Best_PSNR: 30.1732 | max_value: 255.0 in Epoch [308]
2022-07-24 21:46:02,705 INFO: Epoch: 309 | PSNR: 30.1726 | Loss: 5.4549 | lr: 2.50e-04 | Best_PSNR: 30.1732 | max_value: 255.0 in Epoch [308]
2022-07-24 21:46:46,063 INFO: Epoch: 310 | PSNR: 30.1724 | Loss: 5.4651 | lr: 2.50e-04 | Best_PSNR: 30.1732 | max_value: 255.0 in Epoch [308]
2022-07-24 21:47:26,882 INFO: Epoch: 311 | PSNR: 30.1727 | Loss: 5.4575 | lr: 2.50e-04 | Best_PSNR: 30.1732 | max_value: 255.0 in Epoch [308]
2022-07-24 21:48:12,961 INFO: Epoch: 312 | PSNR: 30.1723 | Loss: 5.5590 | lr: 2.50e-04 | Best_PSNR: 30.1732 | max_value: 255.0 in Epoch [308]
2022-07-24 21:49:02,503 INFO: Epoch: 313 | PSNR: 30.1726 | Loss: 5.4618 | lr: 2.50e-04 | Best_PSNR: 30.1732 | max_value: 255.0 in Epoch [308]
2022-07-24 21:49:46,753 INFO: Epoch: 314 | PSNR: 30.1725 | Loss: 5.5073 | lr: 2.50e-04 | Best_PSNR: 30.1732 | max_value: 255.0 in Epoch [308]
2022-07-24 21:50:30,919 INFO: Epoch: 315 | PSNR: 30.1726 | Loss: 5.4695 | lr: 2.50e-04 | Best_PSNR: 30.1732 | max_value: 255.0 in Epoch [308]
2022-07-24 21:51:12,936 INFO: Epoch: 316 | PSNR: 30.1727 | Loss: 5.4883 | lr: 2.50e-04 | Best_PSNR: 30.1732 | max_value: 255.0 in Epoch [308]
2022-07-24 21:51:59,945 INFO: Epoch: 317 | PSNR: 30.1724 | Loss: 5.4741 | lr: 2.50e-04 | Best_PSNR: 30.1732 | max_value: 255.0 in Epoch [308]
2022-07-24 21:53:01,522 INFO: Epoch: 318 | PSNR: 30.1727 | Loss: 5.4841 | lr: 2.50e-04 | Best_PSNR: 30.1732 | max_value: 255.0 in Epoch [308]
2022-07-24 21:53:59,910 INFO: Epoch: 319 | PSNR: 30.1726 | Loss: 5.4850 | lr: 2.50e-04 | Best_PSNR: 30.1732 | max_value: 255.0 in Epoch [308]
2022-07-24 21:54:44,201 INFO: Epoch: 320 | PSNR: 30.1729 | Loss: 5.5035 | lr: 2.50e-04 | Best_PSNR: 30.1732 | max_value: 255.0 in Epoch [308]
2022-07-24 21:55:29,776 INFO: Epoch: 321 | PSNR: 30.1735 | Loss: 5.4720 | lr: 2.50e-04 | Best_PSNR: 30.1735 | max_value: 255.0 in Epoch [321]
2022-07-24 21:56:11,289 INFO: Epoch: 322 | PSNR: 30.1730 | Loss: 5.4741 | lr: 2.50e-04 | Best_PSNR: 30.1735 | max_value: 255.0 in Epoch [321]
2022-07-24 21:56:53,049 INFO: Epoch: 323 | PSNR: 30.1732 | Loss: 5.5000 | lr: 2.50e-04 | Best_PSNR: 30.1735 | max_value: 255.0 in Epoch [321]
2022-07-24 21:57:40,910 INFO: Epoch: 324 | PSNR: 30.1732 | Loss: 5.4966 | lr: 2.50e-04 | Best_PSNR: 30.1735 | max_value: 255.0 in Epoch [321]
2022-07-24 21:58:28,596 INFO: Epoch: 325 | PSNR: 30.1740 | Loss: 5.5069 | lr: 2.50e-04 | Best_PSNR: 30.1740 | max_value: 255.0 in Epoch [325]
2022-07-24 21:59:06,336 INFO: Epoch: 326 | PSNR: 30.1739 | Loss: 5.4617 | lr: 2.50e-04 | Best_PSNR: 30.1740 | max_value: 255.0 in Epoch [325]
2022-07-24 21:59:44,313 INFO: Epoch: 327 | PSNR: 30.1739 | Loss: 5.4479 | lr: 2.50e-04 | Best_PSNR: 30.1740 | max_value: 255.0 in Epoch [325]
2022-07-24 22:00:21,408 INFO: Epoch: 328 | PSNR: 30.1739 | Loss: 5.5508 | lr: 2.50e-04 | Best_PSNR: 30.1740 | max_value: 255.0 in Epoch [325]
2022-07-24 22:01:01,982 INFO: Epoch: 329 | PSNR: 30.1738 | Loss: 5.5204 | lr: 2.50e-04 | Best_PSNR: 30.1740 | max_value: 255.0 in Epoch [325]
2022-07-24 22:01:55,951 INFO: Epoch: 330 | PSNR: 30.1734 | Loss: 5.4796 | lr: 2.50e-04 | Best_PSNR: 30.1740 | max_value: 255.0 in Epoch [325]
2022-07-24 22:02:37,520 INFO: Epoch: 331 | PSNR: 30.1741 | Loss: 5.5196 | lr: 2.50e-04 | Best_PSNR: 30.1741 | max_value: 255.0 in Epoch [331]
2022-07-24 22:03:18,979 INFO: Epoch: 332 | PSNR: 30.1738 | Loss: 5.4442 | lr: 2.50e-04 | Best_PSNR: 30.1741 | max_value: 255.0 in Epoch [331]
2022-07-24 22:04:00,651 INFO: Epoch: 333 | PSNR: 30.1739 | Loss: 5.4605 | lr: 2.50e-04 | Best_PSNR: 30.1741 | max_value: 255.0 in Epoch [331]
2022-07-24 22:05:01,608 INFO: Epoch: 334 | PSNR: 30.1741 | Loss: 5.4454 | lr: 2.50e-04 | Best_PSNR: 30.1741 | max_value: 255.0 in Epoch [334]
2022-07-24 22:05:57,688 INFO: Epoch: 335 | PSNR: 30.1740 | Loss: 5.4990 | lr: 2.50e-04 | Best_PSNR: 30.1741 | max_value: 255.0 in Epoch [334]
2022-07-24 22:06:37,107 INFO: Epoch: 336 | PSNR: 30.1735 | Loss: 5.4968 | lr: 2.50e-04 | Best_PSNR: 30.1741 | max_value: 255.0 in Epoch [334]
2022-07-24 22:07:16,923 INFO: Epoch: 337 | PSNR: 30.1734 | Loss: 5.5178 | lr: 2.50e-04 | Best_PSNR: 30.1741 | max_value: 255.0 in Epoch [334]
2022-07-24 22:07:58,545 INFO: Epoch: 338 | PSNR: 30.1738 | Loss: 5.5152 | lr: 2.50e-04 | Best_PSNR: 30.1741 | max_value: 255.0 in Epoch [334]
2022-07-24 22:08:41,500 INFO: Epoch: 339 | PSNR: 30.1740 | Loss: 5.4926 | lr: 2.50e-04 | Best_PSNR: 30.1741 | max_value: 255.0 in Epoch [334]
2022-07-24 22:09:23,737 INFO: Epoch: 340 | PSNR: 30.1740 | Loss: 5.5079 | lr: 2.50e-04 | Best_PSNR: 30.1741 | max_value: 255.0 in Epoch [334]
2022-07-24 22:10:11,870 INFO: Epoch: 341 | PSNR: 30.1745 | Loss: 5.5179 | lr: 2.50e-04 | Best_PSNR: 30.1745 | max_value: 255.0 in Epoch [341]
2022-07-24 22:10:54,055 INFO: Epoch: 342 | PSNR: 30.1743 | Loss: 5.4966 | lr: 2.50e-04 | Best_PSNR: 30.1745 | max_value: 255.0 in Epoch [341]
2022-07-24 22:11:36,061 INFO: Epoch: 343 | PSNR: 30.1741 | Loss: 5.4592 | lr: 2.50e-04 | Best_PSNR: 30.1745 | max_value: 255.0 in Epoch [341]
2022-07-24 22:12:22,647 INFO: Epoch: 344 | PSNR: 30.1744 | Loss: 5.4479 | lr: 2.50e-04 | Best_PSNR: 30.1745 | max_value: 255.0 in Epoch [341]
2022-07-24 22:13:13,867 INFO: Epoch: 345 | PSNR: 30.1734 | Loss: 5.5027 | lr: 2.50e-04 | Best_PSNR: 30.1745 | max_value: 255.0 in Epoch [341]
2022-07-24 22:13:56,595 INFO: Epoch: 346 | PSNR: 30.1746 | Loss: 5.5067 | lr: 2.50e-04 | Best_PSNR: 30.1746 | max_value: 255.0 in Epoch [346]
2022-07-24 22:14:38,823 INFO: Epoch: 347 | PSNR: 30.1742 | Loss: 5.4601 | lr: 2.50e-04 | Best_PSNR: 30.1746 | max_value: 255.0 in Epoch [346]
2022-07-24 22:15:27,077 INFO: Epoch: 348 | PSNR: 30.1738 | Loss: 5.5101 | lr: 2.50e-04 | Best_PSNR: 30.1746 | max_value: 255.0 in Epoch [346]
2022-07-24 22:16:16,678 INFO: Epoch: 349 | PSNR: 30.1737 | Loss: 5.5043 | lr: 2.50e-04 | Best_PSNR: 30.1746 | max_value: 255.0 in Epoch [346]
2022-07-24 22:17:27,404 INFO: Epoch: 350 | PSNR: 30.1741 | Loss: 5.4809 | lr: 2.50e-04 | Best_PSNR: 30.1746 | max_value: 255.0 in Epoch [346]
2022-07-24 22:18:17,023 INFO: Epoch: 351 | PSNR: 30.1743 | Loss: 5.5236 | lr: 2.50e-04 | Best_PSNR: 30.1746 | max_value: 255.0 in Epoch [346]
2022-07-24 22:18:59,829 INFO: Epoch: 352 | PSNR: 30.1742 | Loss: 5.4606 | lr: 2.50e-04 | Best_PSNR: 30.1746 | max_value: 255.0 in Epoch [346]
2022-07-24 22:19:42,661 INFO: Epoch: 353 | PSNR: 30.1742 | Loss: 5.4655 | lr: 2.50e-04 | Best_PSNR: 30.1746 | max_value: 255.0 in Epoch [346]
2022-07-24 22:20:23,085 INFO: Epoch: 354 | PSNR: 30.1745 | Loss: 5.5201 | lr: 2.50e-04 | Best_PSNR: 30.1746 | max_value: 255.0 in Epoch [346]
2022-07-24 22:21:05,323 INFO: Epoch: 355 | PSNR: 30.1743 | Loss: 5.5017 | lr: 2.50e-04 | Best_PSNR: 30.1746 | max_value: 255.0 in Epoch [346]
2022-07-24 22:21:44,086 INFO: Epoch: 356 | PSNR: 30.1746 | Loss: 5.5126 | lr: 2.50e-04 | Best_PSNR: 30.1746 | max_value: 255.0 in Epoch [346]
2022-07-24 22:22:28,061 INFO: Epoch: 357 | PSNR: 30.1746 | Loss: 5.5194 | lr: 2.50e-04 | Best_PSNR: 30.1746 | max_value: 255.0 in Epoch [346]
2022-07-24 22:23:09,932 INFO: Epoch: 358 | PSNR: 30.1740 | Loss: 5.4554 | lr: 2.50e-04 | Best_PSNR: 30.1746 | max_value: 255.0 in Epoch [346]
2022-07-24 22:24:02,794 INFO: Epoch: 359 | PSNR: 30.1752 | Loss: 5.4984 | lr: 2.50e-04 | Best_PSNR: 30.1752 | max_value: 255.0 in Epoch [359]
2022-07-24 22:24:53,198 INFO: Epoch: 360 | PSNR: 30.1749 | Loss: 5.5138 | lr: 2.50e-04 | Best_PSNR: 30.1752 | max_value: 255.0 in Epoch [359]
2022-07-24 22:25:36,976 INFO: Epoch: 361 | PSNR: 30.1754 | Loss: 5.5024 | lr: 1.25e-04 | Best_PSNR: 30.1754 | max_value: 255.0 in Epoch [361]
2022-07-24 22:26:33,072 INFO: Epoch: 362 | PSNR: 30.1761 | Loss: 5.5061 | lr: 1.25e-04 | Best_PSNR: 30.1761 | max_value: 255.0 in Epoch [362]
2022-07-24 22:27:18,266 INFO: Epoch: 363 | PSNR: 30.1761 | Loss: 5.4870 | lr: 1.25e-04 | Best_PSNR: 30.1761 | max_value: 255.0 in Epoch [363]
2022-07-24 22:28:04,242 INFO: Epoch: 364 | PSNR: 30.1764 | Loss: 5.5434 | lr: 1.25e-04 | Best_PSNR: 30.1764 | max_value: 255.0 in Epoch [364]
2022-07-24 22:28:48,710 INFO: Epoch: 365 | PSNR: 30.1769 | Loss: 5.5288 | lr: 1.25e-04 | Best_PSNR: 30.1769 | max_value: 255.0 in Epoch [365]
2022-07-24 22:29:42,905 INFO: Epoch: 366 | PSNR: 30.1767 | Loss: 5.4787 | lr: 1.25e-04 | Best_PSNR: 30.1769 | max_value: 255.0 in Epoch [365]
2022-07-24 22:30:24,949 INFO: Epoch: 367 | PSNR: 30.1765 | Loss: 5.4917 | lr: 1.25e-04 | Best_PSNR: 30.1769 | max_value: 255.0 in Epoch [365]
2022-07-24 22:31:07,787 INFO: Epoch: 368 | PSNR: 30.1768 | Loss: 5.5179 | lr: 1.25e-04 | Best_PSNR: 30.1769 | max_value: 255.0 in Epoch [365]
2022-07-24 22:31:52,054 INFO: Epoch: 369 | PSNR: 30.1773 | Loss: 5.4769 | lr: 1.25e-04 | Best_PSNR: 30.1773 | max_value: 255.0 in Epoch [369]
2022-07-24 22:32:43,077 INFO: Epoch: 370 | PSNR: 30.1769 | Loss: 5.4773 | lr: 1.25e-04 | Best_PSNR: 30.1773 | max_value: 255.0 in Epoch [369]
2022-07-24 22:33:23,742 INFO: Epoch: 371 | PSNR: 30.1774 | Loss: 5.4177 | lr: 1.25e-04 | Best_PSNR: 30.1774 | max_value: 255.0 in Epoch [371]
2022-07-24 22:34:08,630 INFO: Epoch: 372 | PSNR: 30.1776 | Loss: 5.5107 | lr: 1.25e-04 | Best_PSNR: 30.1776 | max_value: 255.0 in Epoch [372]
2022-07-24 22:34:53,211 INFO: Epoch: 373 | PSNR: 30.1772 | Loss: 5.4859 | lr: 1.25e-04 | Best_PSNR: 30.1776 | max_value: 255.0 in Epoch [372]
2022-07-24 22:35:34,294 INFO: Epoch: 374 | PSNR: 30.1775 | Loss: 5.4678 | lr: 1.25e-04 | Best_PSNR: 30.1776 | max_value: 255.0 in Epoch [372]
2022-07-24 22:36:14,122 INFO: Epoch: 375 | PSNR: 30.1771 | Loss: 5.4748 | lr: 1.25e-04 | Best_PSNR: 30.1776 | max_value: 255.0 in Epoch [372]
2022-07-24 22:36:56,253 INFO: Epoch: 376 | PSNR: 30.1769 | Loss: 5.4512 | lr: 1.25e-04 | Best_PSNR: 30.1776 | max_value: 255.0 in Epoch [372]
2022-07-24 22:37:39,797 INFO: Epoch: 377 | PSNR: 30.1774 | Loss: 5.4767 | lr: 1.25e-04 | Best_PSNR: 30.1776 | max_value: 255.0 in Epoch [372]
2022-07-24 22:38:21,549 INFO: Epoch: 378 | PSNR: 30.1776 | Loss: 5.4968 | lr: 1.25e-04 | Best_PSNR: 30.1776 | max_value: 255.0 in Epoch [372]
2022-07-24 22:39:15,579 INFO: Epoch: 379 | PSNR: 30.1779 | Loss: 5.5364 | lr: 1.25e-04 | Best_PSNR: 30.1779 | max_value: 255.0 in Epoch [379]
2022-07-24 22:40:02,840 INFO: Epoch: 380 | PSNR: 30.1783 | Loss: 5.5618 | lr: 1.25e-04 | Best_PSNR: 30.1783 | max_value: 255.0 in Epoch [380]
2022-07-24 22:41:10,318 INFO: Epoch: 381 | PSNR: 30.1778 | Loss: 5.4758 | lr: 1.25e-04 | Best_PSNR: 30.1783 | max_value: 255.0 in Epoch [380]
2022-07-24 22:42:06,704 INFO: Epoch: 382 | PSNR: 30.1782 | Loss: 5.4235 | lr: 1.25e-04 | Best_PSNR: 30.1783 | max_value: 255.0 in Epoch [380]
2022-07-24 22:42:47,354 INFO: Epoch: 383 | PSNR: 30.1785 | Loss: 5.5146 | lr: 1.25e-04 | Best_PSNR: 30.1785 | max_value: 255.0 in Epoch [383]
2022-07-24 22:43:31,101 INFO: Epoch: 384 | PSNR: 30.1782 | Loss: 5.4648 | lr: 1.25e-04 | Best_PSNR: 30.1785 | max_value: 255.0 in Epoch [383]
2022-07-24 22:44:13,883 INFO: Epoch: 385 | PSNR: 30.1780 | Loss: 5.4828 | lr: 1.25e-04 | Best_PSNR: 30.1785 | max_value: 255.0 in Epoch [383]
2022-07-24 22:44:56,947 INFO: Epoch: 386 | PSNR: 30.1778 | Loss: 5.5093 | lr: 1.25e-04 | Best_PSNR: 30.1785 | max_value: 255.0 in Epoch [383]
2022-07-24 22:45:44,532 INFO: Epoch: 387 | PSNR: 30.1777 | Loss: 5.4758 | lr: 1.25e-04 | Best_PSNR: 30.1785 | max_value: 255.0 in Epoch [383]
2022-07-24 22:46:36,830 INFO: Epoch: 388 | PSNR: 30.1779 | Loss: 5.4522 | lr: 1.25e-04 | Best_PSNR: 30.1785 | max_value: 255.0 in Epoch [383]
2022-07-24 22:47:26,202 INFO: Epoch: 389 | PSNR: 30.1783 | Loss: 5.4865 | lr: 1.25e-04 | Best_PSNR: 30.1785 | max_value: 255.0 in Epoch [383]
2022-07-24 22:48:10,456 INFO: Epoch: 390 | PSNR: 30.1785 | Loss: 5.4732 | lr: 1.25e-04 | Best_PSNR: 30.1785 | max_value: 255.0 in Epoch [383]
2022-07-24 22:49:00,718 INFO: Epoch: 391 | PSNR: 30.1787 | Loss: 5.5121 | lr: 1.25e-04 | Best_PSNR: 30.1787 | max_value: 255.0 in Epoch [391]
2022-07-24 22:49:43,454 INFO: Epoch: 392 | PSNR: 30.1788 | Loss: 5.4942 | lr: 1.25e-04 | Best_PSNR: 30.1788 | max_value: 255.0 in Epoch [392]
2022-07-24 22:50:32,444 INFO: Epoch: 393 | PSNR: 30.1785 | Loss: 5.4713 | lr: 1.25e-04 | Best_PSNR: 30.1788 | max_value: 255.0 in Epoch [392]
2022-07-24 22:51:14,095 INFO: Epoch: 394 | PSNR: 30.1788 | Loss: 5.4856 | lr: 1.25e-04 | Best_PSNR: 30.1788 | max_value: 255.0 in Epoch [394]
2022-07-24 22:52:00,010 INFO: Epoch: 395 | PSNR: 30.1791 | Loss: 5.4685 | lr: 1.25e-04 | Best_PSNR: 30.1791 | max_value: 255.0 in Epoch [395]
2022-07-24 22:52:42,566 INFO: Epoch: 396 | PSNR: 30.1795 | Loss: 5.4740 | lr: 1.25e-04 | Best_PSNR: 30.1795 | max_value: 255.0 in Epoch [396]
2022-07-24 22:53:30,054 INFO: Epoch: 397 | PSNR: 30.1788 | Loss: 5.5026 | lr: 1.25e-04 | Best_PSNR: 30.1795 | max_value: 255.0 in Epoch [396]
2022-07-24 22:54:26,056 INFO: Epoch: 398 | PSNR: 30.1779 | Loss: 5.4705 | lr: 1.25e-04 | Best_PSNR: 30.1795 | max_value: 255.0 in Epoch [396]
2022-07-24 22:55:08,657 INFO: Epoch: 399 | PSNR: 30.1780 | Loss: 5.5047 | lr: 1.25e-04 | Best_PSNR: 30.1795 | max_value: 255.0 in Epoch [396]
2022-07-24 22:55:52,193 INFO: Epoch: 400 | PSNR: 30.1784 | Loss: 5.5065 | lr: 1.25e-04 | Best_PSNR: 30.1795 | max_value: 255.0 in Epoch [396]
2022-07-24 22:56:38,458 INFO: Epoch: 401 | PSNR: 30.1786 | Loss: 5.4695 | lr: 1.25e-04 | Best_PSNR: 30.1795 | max_value: 255.0 in Epoch [396]
2022-07-24 22:57:17,487 INFO: Epoch: 402 | PSNR: 30.1784 | Loss: 5.4606 | lr: 1.25e-04 | Best_PSNR: 30.1795 | max_value: 255.0 in Epoch [396]
2022-07-24 22:58:02,883 INFO: Epoch: 403 | PSNR: 30.1783 | Loss: 5.4726 | lr: 1.25e-04 | Best_PSNR: 30.1795 | max_value: 255.0 in Epoch [396]
2022-07-24 22:58:49,199 INFO: Epoch: 404 | PSNR: 30.1788 | Loss: 5.4971 | lr: 1.25e-04 | Best_PSNR: 30.1795 | max_value: 255.0 in Epoch [396]
2022-07-24 22:59:37,544 INFO: Epoch: 405 | PSNR: 30.1786 | Loss: 5.4619 | lr: 1.25e-04 | Best_PSNR: 30.1795 | max_value: 255.0 in Epoch [396]
2022-07-24 23:00:35,010 INFO: Epoch: 406 | PSNR: 30.1783 | Loss: 5.4616 | lr: 1.25e-04 | Best_PSNR: 30.1795 | max_value: 255.0 in Epoch [396]
2022-07-24 23:01:17,112 INFO: Epoch: 407 | PSNR: 30.1785 | Loss: 5.5269 | lr: 1.25e-04 | Best_PSNR: 30.1795 | max_value: 255.0 in Epoch [396]
2022-07-24 23:01:59,765 INFO: Epoch: 408 | PSNR: 30.1790 | Loss: 5.4924 | lr: 1.25e-04 | Best_PSNR: 30.1795 | max_value: 255.0 in Epoch [396]
2022-07-24 23:02:46,285 INFO: Epoch: 409 | PSNR: 30.1788 | Loss: 5.5035 | lr: 1.25e-04 | Best_PSNR: 30.1795 | max_value: 255.0 in Epoch [396]
2022-07-24 23:03:32,294 INFO: Epoch: 410 | PSNR: 30.1788 | Loss: 5.4435 | lr: 1.25e-04 | Best_PSNR: 30.1795 | max_value: 255.0 in Epoch [396]
2022-07-24 23:04:15,981 INFO: Epoch: 411 | PSNR: 30.1783 | Loss: 5.4945 | lr: 1.25e-04 | Best_PSNR: 30.1795 | max_value: 255.0 in Epoch [396]
2022-07-24 23:05:11,257 INFO: Epoch: 412 | PSNR: 30.1786 | Loss: 5.5477 | lr: 1.25e-04 | Best_PSNR: 30.1795 | max_value: 255.0 in Epoch [396]
2022-07-24 23:05:54,202 INFO: Epoch: 413 | PSNR: 30.1791 | Loss: 5.4925 | lr: 1.25e-04 | Best_PSNR: 30.1795 | max_value: 255.0 in Epoch [396]
2022-07-24 23:06:53,673 INFO: Epoch: 414 | PSNR: 30.1790 | Loss: 5.4317 | lr: 1.25e-04 | Best_PSNR: 30.1795 | max_value: 255.0 in Epoch [396]
2022-07-24 23:07:52,316 INFO: Epoch: 415 | PSNR: 30.1789 | Loss: 5.4280 | lr: 1.25e-04 | Best_PSNR: 30.1795 | max_value: 255.0 in Epoch [396]
2022-07-24 23:08:39,332 INFO: Epoch: 416 | PSNR: 30.1787 | Loss: 5.4405 | lr: 1.25e-04 | Best_PSNR: 30.1795 | max_value: 255.0 in Epoch [396]
2022-07-24 23:09:25,499 INFO: Epoch: 417 | PSNR: 30.1787 | Loss: 5.4584 | lr: 1.25e-04 | Best_PSNR: 30.1795 | max_value: 255.0 in Epoch [396]
2022-07-24 23:10:12,418 INFO: Epoch: 418 | PSNR: 30.1789 | Loss: 5.4658 | lr: 1.25e-04 | Best_PSNR: 30.1795 | max_value: 255.0 in Epoch [396]
2022-07-24 23:10:56,806 INFO: Epoch: 419 | PSNR: 30.1790 | Loss: 5.4660 | lr: 1.25e-04 | Best_PSNR: 30.1795 | max_value: 255.0 in Epoch [396]
2022-07-24 23:12:16,788 INFO: Epoch: 420 | PSNR: 30.1790 | Loss: 5.5329 | lr: 1.25e-04 | Best_PSNR: 30.1795 | max_value: 255.0 in Epoch [396]
2022-07-24 23:13:00,650 INFO: Epoch: 421 | PSNR: 30.1791 | Loss: 5.4793 | lr: 1.25e-04 | Best_PSNR: 30.1795 | max_value: 255.0 in Epoch [396]
2022-07-24 23:13:50,263 INFO: Epoch: 422 | PSNR: 30.1790 | Loss: 5.4166 | lr: 1.25e-04 | Best_PSNR: 30.1795 | max_value: 255.0 in Epoch [396]
2022-07-24 23:14:34,647 INFO: Epoch: 423 | PSNR: 30.1781 | Loss: 5.4611 | lr: 1.25e-04 | Best_PSNR: 30.1795 | max_value: 255.0 in Epoch [396]
2022-07-24 23:15:23,065 INFO: Epoch: 424 | PSNR: 30.1789 | Loss: 5.5205 | lr: 1.25e-04 | Best_PSNR: 30.1795 | max_value: 255.0 in Epoch [396]
2022-07-24 23:16:03,822 INFO: Epoch: 425 | PSNR: 30.1788 | Loss: 5.4551 | lr: 1.25e-04 | Best_PSNR: 30.1795 | max_value: 255.0 in Epoch [396]
2022-07-24 23:16:48,150 INFO: Epoch: 426 | PSNR: 30.1791 | Loss: 5.4494 | lr: 1.25e-04 | Best_PSNR: 30.1795 | max_value: 255.0 in Epoch [396]
2022-07-24 23:17:31,475 INFO: Epoch: 427 | PSNR: 30.1792 | Loss: 5.4249 | lr: 1.25e-04 | Best_PSNR: 30.1795 | max_value: 255.0 in Epoch [396]
2022-07-24 23:18:12,715 INFO: Epoch: 428 | PSNR: 30.1790 | Loss: 5.4343 | lr: 1.25e-04 | Best_PSNR: 30.1795 | max_value: 255.0 in Epoch [396]
2022-07-24 23:18:53,445 INFO: Epoch: 429 | PSNR: 30.1794 | Loss: 5.5421 | lr: 1.25e-04 | Best_PSNR: 30.1795 | max_value: 255.0 in Epoch [396]
2022-07-24 23:19:38,000 INFO: Epoch: 430 | PSNR: 30.1797 | Loss: 5.4345 | lr: 1.25e-04 | Best_PSNR: 30.1797 | max_value: 255.0 in Epoch [430]
2022-07-24 23:20:19,847 INFO: Epoch: 431 | PSNR: 30.1795 | Loss: 5.5000 | lr: 1.25e-04 | Best_PSNR: 30.1797 | max_value: 255.0 in Epoch [430]
2022-07-24 23:21:08,294 INFO: Epoch: 432 | PSNR: 30.1790 | Loss: 5.4807 | lr: 1.25e-04 | Best_PSNR: 30.1797 | max_value: 255.0 in Epoch [430]
2022-07-24 23:21:51,158 INFO: Epoch: 433 | PSNR: 30.1795 | Loss: 5.5311 | lr: 1.25e-04 | Best_PSNR: 30.1797 | max_value: 255.0 in Epoch [430]
2022-07-24 23:22:41,666 INFO: Epoch: 434 | PSNR: 30.1793 | Loss: 5.4772 | lr: 1.25e-04 | Best_PSNR: 30.1797 | max_value: 255.0 in Epoch [430]
2022-07-24 23:23:24,706 INFO: Epoch: 435 | PSNR: 30.1793 | Loss: 5.4382 | lr: 1.25e-04 | Best_PSNR: 30.1797 | max_value: 255.0 in Epoch [430]
2022-07-24 23:24:16,602 INFO: Epoch: 436 | PSNR: 30.1795 | Loss: 5.4828 | lr: 1.25e-04 | Best_PSNR: 30.1797 | max_value: 255.0 in Epoch [430]
2022-07-24 23:25:11,505 INFO: Epoch: 437 | PSNR: 30.1795 | Loss: 5.5000 | lr: 1.25e-04 | Best_PSNR: 30.1797 | max_value: 255.0 in Epoch [430]
2022-07-24 23:25:54,754 INFO: Epoch: 438 | PSNR: 30.1801 | Loss: 5.4735 | lr: 1.25e-04 | Best_PSNR: 30.1801 | max_value: 255.0 in Epoch [438]
2022-07-24 23:26:53,850 INFO: Epoch: 439 | PSNR: 30.1798 | Loss: 5.4441 | lr: 1.25e-04 | Best_PSNR: 30.1801 | max_value: 255.0 in Epoch [438]
2022-07-24 23:27:49,212 INFO: Epoch: 440 | PSNR: 30.1806 | Loss: 5.4726 | lr: 1.25e-04 | Best_PSNR: 30.1806 | max_value: 255.0 in Epoch [440]
2022-07-24 23:28:33,464 INFO: Epoch: 441 | PSNR: 30.1803 | Loss: 5.5102 | lr: 1.25e-04 | Best_PSNR: 30.1806 | max_value: 255.0 in Epoch [440]
2022-07-24 23:29:16,705 INFO: Epoch: 442 | PSNR: 30.1805 | Loss: 5.4902 | lr: 1.25e-04 | Best_PSNR: 30.1806 | max_value: 255.0 in Epoch [440]
2022-07-24 23:30:04,929 INFO: Epoch: 443 | PSNR: 30.1802 | Loss: 5.4175 | lr: 1.25e-04 | Best_PSNR: 30.1806 | max_value: 255.0 in Epoch [440]
2022-07-24 23:30:51,004 INFO: Epoch: 444 | PSNR: 30.1797 | Loss: 5.5073 | lr: 1.25e-04 | Best_PSNR: 30.1806 | max_value: 255.0 in Epoch [440]
2022-07-24 23:31:32,840 INFO: Epoch: 445 | PSNR: 30.1801 | Loss: 5.5246 | lr: 1.25e-04 | Best_PSNR: 30.1806 | max_value: 255.0 in Epoch [440]
2022-07-24 23:32:14,466 INFO: Epoch: 446 | PSNR: 30.1802 | Loss: 5.4511 | lr: 1.25e-04 | Best_PSNR: 30.1806 | max_value: 255.0 in Epoch [440]
2022-07-24 23:33:10,633 INFO: Epoch: 447 | PSNR: 30.1803 | Loss: 5.4464 | lr: 1.25e-04 | Best_PSNR: 30.1806 | max_value: 255.0 in Epoch [440]
2022-07-24 23:33:51,594 INFO: Epoch: 448 | PSNR: 30.1798 | Loss: 5.4954 | lr: 1.25e-04 | Best_PSNR: 30.1806 | max_value: 255.0 in Epoch [440]
2022-07-24 23:34:33,206 INFO: Epoch: 449 | PSNR: 30.1802 | Loss: 5.4696 | lr: 1.25e-04 | Best_PSNR: 30.1806 | max_value: 255.0 in Epoch [440]
2022-07-24 23:35:14,741 INFO: Epoch: 450 | PSNR: 30.1800 | Loss: 5.4708 | lr: 1.25e-04 | Best_PSNR: 30.1806 | max_value: 255.0 in Epoch [440]
2022-07-24 23:35:59,890 INFO: Epoch: 451 | PSNR: 30.1801 | Loss: 5.5068 | lr: 1.25e-04 | Best_PSNR: 30.1806 | max_value: 255.0 in Epoch [440]
2022-07-24 23:36:41,378 INFO: Epoch: 452 | PSNR: 30.1800 | Loss: 5.4835 | lr: 1.25e-04 | Best_PSNR: 30.1806 | max_value: 255.0 in Epoch [440]
2022-07-24 23:37:28,420 INFO: Epoch: 453 | PSNR: 30.1794 | Loss: 5.4804 | lr: 1.25e-04 | Best_PSNR: 30.1806 | max_value: 255.0 in Epoch [440]
2022-07-24 23:38:10,821 INFO: Epoch: 454 | PSNR: 30.1797 | Loss: 5.4663 | lr: 1.25e-04 | Best_PSNR: 30.1806 | max_value: 255.0 in Epoch [440]
2022-07-24 23:38:58,768 INFO: Epoch: 455 | PSNR: 30.1796 | Loss: 5.5102 | lr: 1.25e-04 | Best_PSNR: 30.1806 | max_value: 255.0 in Epoch [440]
2022-07-24 23:40:12,834 INFO: Epoch: 456 | PSNR: 30.1792 | Loss: 5.4464 | lr: 1.25e-04 | Best_PSNR: 30.1806 | max_value: 255.0 in Epoch [440]
2022-07-24 23:40:57,664 INFO: Epoch: 457 | PSNR: 30.1791 | Loss: 5.4744 | lr: 1.25e-04 | Best_PSNR: 30.1806 | max_value: 255.0 in Epoch [440]
2022-07-24 23:41:36,178 INFO: Epoch: 458 | PSNR: 30.1790 | Loss: 5.5447 | lr: 1.25e-04 | Best_PSNR: 30.1806 | max_value: 255.0 in Epoch [440]
2022-07-24 23:42:18,146 INFO: Epoch: 459 | PSNR: 30.1793 | Loss: 5.5046 | lr: 1.25e-04 | Best_PSNR: 30.1806 | max_value: 255.0 in Epoch [440]
2022-07-24 23:43:40,945 INFO: Epoch: 460 | PSNR: 30.1796 | Loss: 5.4347 | lr: 1.25e-04 | Best_PSNR: 30.1806 | max_value: 255.0 in Epoch [440]
2022-07-24 23:44:41,349 INFO: Epoch: 461 | PSNR: 30.1806 | Loss: 5.4638 | lr: 1.25e-04 | Best_PSNR: 30.1806 | max_value: 255.0 in Epoch [440]
2022-07-24 23:45:29,803 INFO: Epoch: 462 | PSNR: 30.1805 | Loss: 5.4989 | lr: 1.25e-04 | Best_PSNR: 30.1806 | max_value: 255.0 in Epoch [440]
2022-07-24 23:46:10,580 INFO: Epoch: 463 | PSNR: 30.1801 | Loss: 5.4888 | lr: 1.25e-04 | Best_PSNR: 30.1806 | max_value: 255.0 in Epoch [440]
2022-07-24 23:47:25,346 INFO: Epoch: 464 | PSNR: 30.1800 | Loss: 5.4638 | lr: 1.25e-04 | Best_PSNR: 30.1806 | max_value: 255.0 in Epoch [440]
2022-07-24 23:48:09,968 INFO: Epoch: 465 | PSNR: 30.1800 | Loss: 5.4980 | lr: 1.25e-04 | Best_PSNR: 30.1806 | max_value: 255.0 in Epoch [440]
2022-07-24 23:48:47,865 INFO: Epoch: 466 | PSNR: 30.1798 | Loss: 5.4562 | lr: 1.25e-04 | Best_PSNR: 30.1806 | max_value: 255.0 in Epoch [440]
2022-07-24 23:49:31,335 INFO: Epoch: 467 | PSNR: 30.1798 | Loss: 5.5167 | lr: 1.25e-04 | Best_PSNR: 30.1806 | max_value: 255.0 in Epoch [440]
2022-07-24 23:50:43,599 INFO: Epoch: 468 | PSNR: 30.1802 | Loss: 5.5339 | lr: 1.25e-04 | Best_PSNR: 30.1806 | max_value: 255.0 in Epoch [440]
2022-07-24 23:51:26,485 INFO: Epoch: 469 | PSNR: 30.1804 | Loss: 5.4530 | lr: 1.25e-04 | Best_PSNR: 30.1806 | max_value: 255.0 in Epoch [440]
2022-07-24 23:52:08,178 INFO: Epoch: 470 | PSNR: 30.1802 | Loss: 5.4418 | lr: 1.25e-04 | Best_PSNR: 30.1806 | max_value: 255.0 in Epoch [440]
2022-07-24 23:52:52,253 INFO: Epoch: 471 | PSNR: 30.1803 | Loss: 5.4745 | lr: 1.25e-04 | Best_PSNR: 30.1806 | max_value: 255.0 in Epoch [440]
2022-07-24 23:53:34,291 INFO: Epoch: 472 | PSNR: 30.1804 | Loss: 5.4773 | lr: 1.25e-04 | Best_PSNR: 30.1806 | max_value: 255.0 in Epoch [440]
2022-07-24 23:54:13,119 INFO: Epoch: 473 | PSNR: 30.1802 | Loss: 5.4753 | lr: 1.25e-04 | Best_PSNR: 30.1806 | max_value: 255.0 in Epoch [440]
2022-07-24 23:54:59,908 INFO: Epoch: 474 | PSNR: 30.1794 | Loss: 5.4676 | lr: 1.25e-04 | Best_PSNR: 30.1806 | max_value: 255.0 in Epoch [440]
2022-07-24 23:55:43,908 INFO: Epoch: 475 | PSNR: 30.1803 | Loss: 5.4846 | lr: 1.25e-04 | Best_PSNR: 30.1806 | max_value: 255.0 in Epoch [440]
2022-07-24 23:56:31,187 INFO: Epoch: 476 | PSNR: 30.1801 | Loss: 5.5569 | lr: 1.25e-04 | Best_PSNR: 30.1806 | max_value: 255.0 in Epoch [440]
2022-07-24 23:57:23,059 INFO: Epoch: 477 | PSNR: 30.1800 | Loss: 5.4888 | lr: 1.25e-04 | Best_PSNR: 30.1806 | max_value: 255.0 in Epoch [440]
2022-07-24 23:58:20,725 INFO: Epoch: 478 | PSNR: 30.1801 | Loss: 5.4917 | lr: 1.25e-04 | Best_PSNR: 30.1806 | max_value: 255.0 in Epoch [440]
2022-07-24 23:59:04,210 INFO: Epoch: 479 | PSNR: 30.1804 | Loss: 5.4348 | lr: 1.25e-04 | Best_PSNR: 30.1806 | max_value: 255.0 in Epoch [440]
2022-07-24 23:59:51,804 INFO: Epoch: 480 | PSNR: 30.1810 | Loss: 5.4789 | lr: 1.25e-04 | Best_PSNR: 30.1810 | max_value: 255.0 in Epoch [480]
2022-07-25 00:00:39,281 INFO: Epoch: 481 | PSNR: 30.1811 | Loss: 5.4835 | lr: 6.25e-05 | Best_PSNR: 30.1811 | max_value: 255.0 in Epoch [481]
2022-07-25 00:01:19,769 INFO: Epoch: 482 | PSNR: 30.1814 | Loss: 5.4999 | lr: 6.25e-05 | Best_PSNR: 30.1814 | max_value: 255.0 in Epoch [482]
2022-07-25 00:02:09,033 INFO: Epoch: 483 | PSNR: 30.1815 | Loss: 5.5091 | lr: 6.25e-05 | Best_PSNR: 30.1815 | max_value: 255.0 in Epoch [483]
2022-07-25 00:02:51,428 INFO: Epoch: 484 | PSNR: 30.1814 | Loss: 5.4746 | lr: 6.25e-05 | Best_PSNR: 30.1815 | max_value: 255.0 in Epoch [483]
2022-07-25 00:03:38,913 INFO: Epoch: 485 | PSNR: 30.1814 | Loss: 5.4944 | lr: 6.25e-05 | Best_PSNR: 30.1815 | max_value: 255.0 in Epoch [483]
2022-07-25 00:04:30,332 INFO: Epoch: 486 | PSNR: 30.1814 | Loss: 5.4601 | lr: 6.25e-05 | Best_PSNR: 30.1815 | max_value: 255.0 in Epoch [483]
2022-07-25 00:05:13,659 INFO: Epoch: 487 | PSNR: 30.1813 | Loss: 5.5075 | lr: 6.25e-05 | Best_PSNR: 30.1815 | max_value: 255.0 in Epoch [483]
2022-07-25 00:06:25,744 INFO: Epoch: 488 | PSNR: 30.1815 | Loss: 5.4707 | lr: 6.25e-05 | Best_PSNR: 30.1815 | max_value: 255.0 in Epoch [488]
2022-07-25 00:07:11,084 INFO: Epoch: 489 | PSNR: 30.1813 | Loss: 5.4835 | lr: 6.25e-05 | Best_PSNR: 30.1815 | max_value: 255.0 in Epoch [488]
2022-07-25 00:07:56,906 INFO: Epoch: 490 | PSNR: 30.1811 | Loss: 5.4563 | lr: 6.25e-05 | Best_PSNR: 30.1815 | max_value: 255.0 in Epoch [488]
2022-07-25 00:08:39,411 INFO: Epoch: 491 | PSNR: 30.1808 | Loss: 5.5102 | lr: 6.25e-05 | Best_PSNR: 30.1815 | max_value: 255.0 in Epoch [488]
2022-07-25 00:09:21,374 INFO: Epoch: 492 | PSNR: 30.1810 | Loss: 5.4334 | lr: 6.25e-05 | Best_PSNR: 30.1815 | max_value: 255.0 in Epoch [488]
2022-07-25 00:10:03,035 INFO: Epoch: 493 | PSNR: 30.1813 | Loss: 5.4118 | lr: 6.25e-05 | Best_PSNR: 30.1815 | max_value: 255.0 in Epoch [488]
2022-07-25 00:10:42,956 INFO: Epoch: 494 | PSNR: 30.1812 | Loss: 5.4890 | lr: 6.25e-05 | Best_PSNR: 30.1815 | max_value: 255.0 in Epoch [488]
2022-07-25 00:11:23,326 INFO: Epoch: 495 | PSNR: 30.1815 | Loss: 5.3978 | lr: 6.25e-05 | Best_PSNR: 30.1815 | max_value: 255.0 in Epoch [488]
2022-07-25 00:12:27,076 INFO: Epoch: 496 | PSNR: 30.1816 | Loss: 5.5016 | lr: 6.25e-05 | Best_PSNR: 30.1816 | max_value: 255.0 in Epoch [496]
2022-07-25 00:13:21,749 INFO: Epoch: 497 | PSNR: 30.1817 | Loss: 5.4380 | lr: 6.25e-05 | Best_PSNR: 30.1817 | max_value: 255.0 in Epoch [497]
2022-07-25 00:14:05,166 INFO: Epoch: 498 | PSNR: 30.1819 | Loss: 5.4741 | lr: 6.25e-05 | Best_PSNR: 30.1819 | max_value: 255.0 in Epoch [498]
2022-07-25 00:14:48,934 INFO: Epoch: 499 | PSNR: 30.1817 | Loss: 5.4794 | lr: 6.25e-05 | Best_PSNR: 30.1819 | max_value: 255.0 in Epoch [498]
2022-07-25 00:15:32,191 INFO: Epoch: 500 | PSNR: 30.1816 | Loss: 5.4559 | lr: 6.25e-05 | Best_PSNR: 30.1819 | max_value: 255.0 in Epoch [498]
2022-07-25 00:16:11,998 INFO: Epoch: 501 | PSNR: 30.1818 | Loss: 5.4796 | lr: 6.25e-05 | Best_PSNR: 30.1819 | max_value: 255.0 in Epoch [498]
2022-07-25 00:16:58,013 INFO: Epoch: 502 | PSNR: 30.1819 | Loss: 5.4565 | lr: 6.25e-05 | Best_PSNR: 30.1819 | max_value: 255.0 in Epoch [502]
2022-07-25 00:17:42,791 INFO: Epoch: 503 | PSNR: 30.1818 | Loss: 5.4440 | lr: 6.25e-05 | Best_PSNR: 30.1819 | max_value: 255.0 in Epoch [502]
2022-07-25 00:18:30,536 INFO: Epoch: 504 | PSNR: 30.1818 | Loss: 5.4989 | lr: 6.25e-05 | Best_PSNR: 30.1819 | max_value: 255.0 in Epoch [502]
2022-07-25 00:19:17,110 INFO: Epoch: 505 | PSNR: 30.1824 | Loss: 5.4761 | lr: 6.25e-05 | Best_PSNR: 30.1824 | max_value: 255.0 in Epoch [505]
2022-07-25 00:19:59,641 INFO: Epoch: 506 | PSNR: 30.1821 | Loss: 5.4983 | lr: 6.25e-05 | Best_PSNR: 30.1824 | max_value: 255.0 in Epoch [505]
2022-07-25 00:20:43,861 INFO: Epoch: 507 | PSNR: 30.1819 | Loss: 5.4929 | lr: 6.25e-05 | Best_PSNR: 30.1824 | max_value: 255.0 in Epoch [505]
2022-07-25 00:21:34,786 INFO: Epoch: 508 | PSNR: 30.1823 | Loss: 5.4524 | lr: 6.25e-05 | Best_PSNR: 30.1824 | max_value: 255.0 in Epoch [505]
2022-07-25 00:22:28,232 INFO: Epoch: 509 | PSNR: 30.1819 | Loss: 5.5058 | lr: 6.25e-05 | Best_PSNR: 30.1824 | max_value: 255.0 in Epoch [505]
2022-07-25 00:23:20,482 INFO: Epoch: 510 | PSNR: 30.1823 | Loss: 5.4658 | lr: 6.25e-05 | Best_PSNR: 30.1824 | max_value: 255.0 in Epoch [505]
2022-07-25 00:24:09,116 INFO: Epoch: 511 | PSNR: 30.1820 | Loss: 5.4846 | lr: 6.25e-05 | Best_PSNR: 30.1824 | max_value: 255.0 in Epoch [505]
2022-07-25 00:24:52,375 INFO: Epoch: 512 | PSNR: 30.1823 | Loss: 5.5022 | lr: 6.25e-05 | Best_PSNR: 30.1824 | max_value: 255.0 in Epoch [505]
2022-07-25 00:25:36,346 INFO: Epoch: 513 | PSNR: 30.1821 | Loss: 5.4899 | lr: 6.25e-05 | Best_PSNR: 30.1824 | max_value: 255.0 in Epoch [505]
2022-07-25 00:26:48,018 INFO: Epoch: 514 | PSNR: 30.1823 | Loss: 5.4801 | lr: 6.25e-05 | Best_PSNR: 30.1824 | max_value: 255.0 in Epoch [505]
2022-07-25 00:27:36,773 INFO: Epoch: 515 | PSNR: 30.1819 | Loss: 5.5000 | lr: 6.25e-05 | Best_PSNR: 30.1824 | max_value: 255.0 in Epoch [505]
2022-07-25 00:28:28,895 INFO: Epoch: 516 | PSNR: 30.1817 | Loss: 5.4742 | lr: 6.25e-05 | Best_PSNR: 30.1824 | max_value: 255.0 in Epoch [505]
2022-07-25 00:29:23,279 INFO: Epoch: 517 | PSNR: 30.1818 | Loss: 5.4663 | lr: 6.25e-05 | Best_PSNR: 30.1824 | max_value: 255.0 in Epoch [505]
2022-07-25 00:30:28,733 INFO: Epoch: 518 | PSNR: 30.1814 | Loss: 5.4486 | lr: 6.25e-05 | Best_PSNR: 30.1824 | max_value: 255.0 in Epoch [505]
2022-07-25 00:31:20,069 INFO: Epoch: 519 | PSNR: 30.1822 | Loss: 5.4682 | lr: 6.25e-05 | Best_PSNR: 30.1824 | max_value: 255.0 in Epoch [505]
2022-07-25 00:32:04,492 INFO: Epoch: 520 | PSNR: 30.1825 | Loss: 5.5262 | lr: 6.25e-05 | Best_PSNR: 30.1825 | max_value: 255.0 in Epoch [520]
2022-07-25 00:32:59,333 INFO: Epoch: 521 | PSNR: 30.1826 | Loss: 5.4525 | lr: 6.25e-05 | Best_PSNR: 30.1826 | max_value: 255.0 in Epoch [521]
2022-07-25 00:34:18,255 INFO: Epoch: 522 | PSNR: 30.1821 | Loss: 5.4945 | lr: 6.25e-05 | Best_PSNR: 30.1826 | max_value: 255.0 in Epoch [521]
2022-07-25 00:35:12,134 INFO: Epoch: 523 | PSNR: 30.1822 | Loss: 5.4676 | lr: 6.25e-05 | Best_PSNR: 30.1826 | max_value: 255.0 in Epoch [521]
2022-07-25 00:35:56,783 INFO: Epoch: 524 | PSNR: 30.1826 | Loss: 5.4866 | lr: 6.25e-05 | Best_PSNR: 30.1826 | max_value: 255.0 in Epoch [524]
2022-07-25 00:36:44,342 INFO: Epoch: 525 | PSNR: 30.1826 | Loss: 5.4479 | lr: 6.25e-05 | Best_PSNR: 30.1826 | max_value: 255.0 in Epoch [525]
2022-07-25 00:37:43,291 INFO: Epoch: 526 | PSNR: 30.1823 | Loss: 5.5077 | lr: 6.25e-05 | Best_PSNR: 30.1826 | max_value: 255.0 in Epoch [525]
2022-07-25 00:38:22,819 INFO: Epoch: 527 | PSNR: 30.1825 | Loss: 5.4618 | lr: 6.25e-05 | Best_PSNR: 30.1826 | max_value: 255.0 in Epoch [525]
2022-07-25 00:39:10,982 INFO: Epoch: 528 | PSNR: 30.1827 | Loss: 5.5071 | lr: 6.25e-05 | Best_PSNR: 30.1827 | max_value: 255.0 in Epoch [528]
2022-07-25 00:41:27,708 INFO: Epoch: 529 | PSNR: 30.1825 | Loss: 5.4508 | lr: 6.25e-05 | Best_PSNR: 30.1827 | max_value: 255.0 in Epoch [528]
2022-07-25 00:43:03,079 INFO: Epoch: 530 | PSNR: 30.1826 | Loss: 5.4719 | lr: 6.25e-05 | Best_PSNR: 30.1827 | max_value: 255.0 in Epoch [528]
2022-07-25 00:43:47,604 INFO: Epoch: 531 | PSNR: 30.1820 | Loss: 5.5372 | lr: 6.25e-05 | Best_PSNR: 30.1827 | max_value: 255.0 in Epoch [528]
2022-07-25 00:44:39,465 INFO: Epoch: 532 | PSNR: 30.1822 | Loss: 5.4674 | lr: 6.25e-05 | Best_PSNR: 30.1827 | max_value: 255.0 in Epoch [528]
2022-07-25 00:45:21,080 INFO: Epoch: 533 | PSNR: 30.1825 | Loss: 5.4263 | lr: 6.25e-05 | Best_PSNR: 30.1827 | max_value: 255.0 in Epoch [528]
2022-07-25 00:46:36,014 INFO: Epoch: 534 | PSNR: 30.1822 | Loss: 5.4790 | lr: 6.25e-05 | Best_PSNR: 30.1827 | max_value: 255.0 in Epoch [528]
2022-07-25 00:47:43,623 INFO: Epoch: 535 | PSNR: 30.1820 | Loss: 5.4822 | lr: 6.25e-05 | Best_PSNR: 30.1827 | max_value: 255.0 in Epoch [528]
2022-07-25 00:49:36,193 INFO: Epoch: 536 | PSNR: 30.1818 | Loss: 5.4970 | lr: 6.25e-05 | Best_PSNR: 30.1827 | max_value: 255.0 in Epoch [528]
2022-07-25 00:51:13,350 INFO: Epoch: 537 | PSNR: 30.1817 | Loss: 5.4518 | lr: 6.25e-05 | Best_PSNR: 30.1827 | max_value: 255.0 in Epoch [528]
2022-07-25 00:52:40,567 INFO: Epoch: 538 | PSNR: 30.1823 | Loss: 5.4754 | lr: 6.25e-05 | Best_PSNR: 30.1827 | max_value: 255.0 in Epoch [528]
2022-07-25 00:53:34,330 INFO: Epoch: 539 | PSNR: 30.1823 | Loss: 5.4573 | lr: 6.25e-05 | Best_PSNR: 30.1827 | max_value: 255.0 in Epoch [528]
2022-07-25 00:54:28,200 INFO: Epoch: 540 | PSNR: 30.1824 | Loss: 5.4444 | lr: 6.25e-05 | Best_PSNR: 30.1827 | max_value: 255.0 in Epoch [528]
2022-07-25 00:55:18,503 INFO: Epoch: 541 | PSNR: 30.1822 | Loss: 5.4311 | lr: 6.25e-05 | Best_PSNR: 30.1827 | max_value: 255.0 in Epoch [528]
2022-07-25 00:56:22,293 INFO: Epoch: 542 | PSNR: 30.1821 | Loss: 5.5181 | lr: 6.25e-05 | Best_PSNR: 30.1827 | max_value: 255.0 in Epoch [528]
2022-07-25 00:57:12,623 INFO: Epoch: 543 | PSNR: 30.1825 | Loss: 5.4443 | lr: 6.25e-05 | Best_PSNR: 30.1827 | max_value: 255.0 in Epoch [528]
2022-07-25 00:58:53,438 INFO: Epoch: 544 | PSNR: 30.1824 | Loss: 5.4648 | lr: 6.25e-05 | Best_PSNR: 30.1827 | max_value: 255.0 in Epoch [528]
2022-07-25 01:00:00,831 INFO: Epoch: 545 | PSNR: 30.1823 | Loss: 5.5001 | lr: 6.25e-05 | Best_PSNR: 30.1827 | max_value: 255.0 in Epoch [528]
2022-07-25 01:00:55,140 INFO: Epoch: 546 | PSNR: 30.1825 | Loss: 5.5258 | lr: 6.25e-05 | Best_PSNR: 30.1827 | max_value: 255.0 in Epoch [528]
2022-07-25 01:01:49,246 INFO: Epoch: 547 | PSNR: 30.1821 | Loss: 5.4331 | lr: 6.25e-05 | Best_PSNR: 30.1827 | max_value: 255.0 in Epoch [528]
2022-07-25 01:02:32,530 INFO: Epoch: 548 | PSNR: 30.1818 | Loss: 5.4357 | lr: 6.25e-05 | Best_PSNR: 30.1827 | max_value: 255.0 in Epoch [528]
2022-07-25 01:03:11,206 INFO: Epoch: 549 | PSNR: 30.1820 | Loss: 5.4736 | lr: 6.25e-05 | Best_PSNR: 30.1827 | max_value: 255.0 in Epoch [528]
2022-07-25 01:04:05,087 INFO: Epoch: 550 | PSNR: 30.1821 | Loss: 5.4293 | lr: 6.25e-05 | Best_PSNR: 30.1827 | max_value: 255.0 in Epoch [528]
2022-07-25 01:05:21,099 INFO: Epoch: 551 | PSNR: 30.1819 | Loss: 5.5167 | lr: 6.25e-05 | Best_PSNR: 30.1827 | max_value: 255.0 in Epoch [528]
2022-07-25 01:06:21,430 INFO: Epoch: 552 | PSNR: 30.1821 | Loss: 5.4484 | lr: 6.25e-05 | Best_PSNR: 30.1827 | max_value: 255.0 in Epoch [528]
2022-07-25 01:07:37,470 INFO: Epoch: 553 | PSNR: 30.1823 | Loss: 5.5235 | lr: 6.25e-05 | Best_PSNR: 30.1827 | max_value: 255.0 in Epoch [528]
2022-07-25 01:08:21,307 INFO: Epoch: 554 | PSNR: 30.1817 | Loss: 5.4744 | lr: 6.25e-05 | Best_PSNR: 30.1827 | max_value: 255.0 in Epoch [528]
2022-07-25 01:09:08,294 INFO: Epoch: 555 | PSNR: 30.1823 | Loss: 5.4666 | lr: 6.25e-05 | Best_PSNR: 30.1827 | max_value: 255.0 in Epoch [528]
2022-07-25 01:09:52,988 INFO: Epoch: 556 | PSNR: 30.1821 | Loss: 5.4279 | lr: 6.25e-05 | Best_PSNR: 30.1827 | max_value: 255.0 in Epoch [528]
2022-07-25 01:10:33,717 INFO: Epoch: 557 | PSNR: 30.1819 | Loss: 5.4981 | lr: 6.25e-05 | Best_PSNR: 30.1827 | max_value: 255.0 in Epoch [528]
2022-07-25 01:11:26,243 INFO: Epoch: 558 | PSNR: 30.1822 | Loss: 5.4871 | lr: 6.25e-05 | Best_PSNR: 30.1827 | max_value: 255.0 in Epoch [528]
2022-07-25 01:12:12,929 INFO: Epoch: 559 | PSNR: 30.1824 | Loss: 5.4463 | lr: 6.25e-05 | Best_PSNR: 30.1827 | max_value: 255.0 in Epoch [528]
2022-07-25 01:12:56,892 INFO: Epoch: 560 | PSNR: 30.1825 | Loss: 5.4383 | lr: 6.25e-05 | Best_PSNR: 30.1827 | max_value: 255.0 in Epoch [528]
2022-07-25 01:14:05,563 INFO: Epoch: 561 | PSNR: 30.1822 | Loss: 5.5014 | lr: 6.25e-05 | Best_PSNR: 30.1827 | max_value: 255.0 in Epoch [528]
2022-07-25 01:15:43,055 INFO: Epoch: 562 | PSNR: 30.1822 | Loss: 5.4175 | lr: 6.25e-05 | Best_PSNR: 30.1827 | max_value: 255.0 in Epoch [528]
2022-07-25 01:16:45,877 INFO: Epoch: 563 | PSNR: 30.1826 | Loss: 5.5141 | lr: 6.25e-05 | Best_PSNR: 30.1827 | max_value: 255.0 in Epoch [528]
2022-07-25 01:18:09,764 INFO: Epoch: 564 | PSNR: 30.1823 | Loss: 5.4883 | lr: 6.25e-05 | Best_PSNR: 30.1827 | max_value: 255.0 in Epoch [528]
2022-07-25 01:19:32,588 INFO: Epoch: 565 | PSNR: 30.1822 | Loss: 5.5104 | lr: 6.25e-05 | Best_PSNR: 30.1827 | max_value: 255.0 in Epoch [528]
2022-07-25 01:21:36,350 INFO: Epoch: 566 | PSNR: 30.1821 | Loss: 5.4570 | lr: 6.25e-05 | Best_PSNR: 30.1827 | max_value: 255.0 in Epoch [528]
2022-07-25 01:23:55,437 INFO: Epoch: 567 | PSNR: 30.1822 | Loss: 5.4418 | lr: 6.25e-05 | Best_PSNR: 30.1827 | max_value: 255.0 in Epoch [528]
2022-07-25 01:26:24,352 INFO: Epoch: 568 | PSNR: 30.1824 | Loss: 5.4476 | lr: 6.25e-05 | Best_PSNR: 30.1827 | max_value: 255.0 in Epoch [528]
2022-07-25 01:27:28,696 INFO: Epoch: 569 | PSNR: 30.1824 | Loss: 5.4858 | lr: 6.25e-05 | Best_PSNR: 30.1827 | max_value: 255.0 in Epoch [528]
2022-07-25 01:29:50,528 INFO: Epoch: 570 | PSNR: 30.1823 | Loss: 5.4746 | lr: 6.25e-05 | Best_PSNR: 30.1827 | max_value: 255.0 in Epoch [528]
2022-07-25 01:32:42,241 INFO: Epoch: 571 | PSNR: 30.1824 | Loss: 5.4832 | lr: 6.25e-05 | Best_PSNR: 30.1827 | max_value: 255.0 in Epoch [528]
2022-07-25 01:35:37,675 INFO: Epoch: 572 | PSNR: 30.1814 | Loss: 5.4549 | lr: 6.25e-05 | Best_PSNR: 30.1827 | max_value: 255.0 in Epoch [528]
2022-07-25 01:36:47,871 INFO: Epoch: 573 | PSNR: 30.1817 | Loss: 5.4865 | lr: 6.25e-05 | Best_PSNR: 30.1827 | max_value: 255.0 in Epoch [528]
2022-07-25 01:37:32,648 INFO: Epoch: 574 | PSNR: 30.1825 | Loss: 5.4753 | lr: 6.25e-05 | Best_PSNR: 30.1827 | max_value: 255.0 in Epoch [528]
2022-07-25 01:39:16,363 INFO: Epoch: 575 | PSNR: 30.1831 | Loss: 5.4671 | lr: 6.25e-05 | Best_PSNR: 30.1831 | max_value: 255.0 in Epoch [575]
2022-07-25 01:41:29,279 INFO: Epoch: 576 | PSNR: 30.1825 | Loss: 5.4500 | lr: 6.25e-05 | Best_PSNR: 30.1831 | max_value: 255.0 in Epoch [575]
2022-07-25 01:42:35,981 INFO: Epoch: 577 | PSNR: 30.1825 | Loss: 5.4367 | lr: 6.25e-05 | Best_PSNR: 30.1831 | max_value: 255.0 in Epoch [575]
2022-07-25 01:44:53,531 INFO: Epoch: 578 | PSNR: 30.1821 | Loss: 5.4261 | lr: 6.25e-05 | Best_PSNR: 30.1831 | max_value: 255.0 in Epoch [575]
2022-07-25 01:45:38,799 INFO: Epoch: 579 | PSNR: 30.1823 | Loss: 5.4356 | lr: 6.25e-05 | Best_PSNR: 30.1831 | max_value: 255.0 in Epoch [575]
2022-07-25 01:46:42,879 INFO: Epoch: 580 | PSNR: 30.1823 | Loss: 5.4687 | lr: 6.25e-05 | Best_PSNR: 30.1831 | max_value: 255.0 in Epoch [575]
2022-07-25 01:48:02,544 INFO: Epoch: 581 | PSNR: 30.1827 | Loss: 5.4480 | lr: 6.25e-05 | Best_PSNR: 30.1831 | max_value: 255.0 in Epoch [575]
2022-07-25 01:48:55,107 INFO: Epoch: 582 | PSNR: 30.1825 | Loss: 5.4924 | lr: 6.25e-05 | Best_PSNR: 30.1831 | max_value: 255.0 in Epoch [575]
2022-07-25 01:50:02,964 INFO: Epoch: 583 | PSNR: 30.1827 | Loss: 5.4837 | lr: 6.25e-05 | Best_PSNR: 30.1831 | max_value: 255.0 in Epoch [575]
2022-07-25 01:51:42,845 INFO: Epoch: 584 | PSNR: 30.1828 | Loss: 5.4514 | lr: 6.25e-05 | Best_PSNR: 30.1831 | max_value: 255.0 in Epoch [575]
2022-07-25 01:52:41,175 INFO: Epoch: 585 | PSNR: 30.1825 | Loss: 5.4879 | lr: 6.25e-05 | Best_PSNR: 30.1831 | max_value: 255.0 in Epoch [575]
2022-07-25 01:54:26,120 INFO: Epoch: 586 | PSNR: 30.1826 | Loss: 5.4594 | lr: 6.25e-05 | Best_PSNR: 30.1831 | max_value: 255.0 in Epoch [575]
2022-07-25 01:56:30,355 INFO: Epoch: 587 | PSNR: 30.1822 | Loss: 5.4591 | lr: 6.25e-05 | Best_PSNR: 30.1831 | max_value: 255.0 in Epoch [575]
2022-07-25 01:58:54,016 INFO: Epoch: 588 | PSNR: 30.1826 | Loss: 5.4553 | lr: 6.25e-05 | Best_PSNR: 30.1831 | max_value: 255.0 in Epoch [575]
2022-07-25 02:00:28,334 INFO: Epoch: 589 | PSNR: 30.1825 | Loss: 5.5154 | lr: 6.25e-05 | Best_PSNR: 30.1831 | max_value: 255.0 in Epoch [575]
2022-07-25 02:03:15,836 INFO: Epoch: 590 | PSNR: 30.1831 | Loss: 5.4691 | lr: 6.25e-05 | Best_PSNR: 30.1831 | max_value: 255.0 in Epoch [590]
2022-07-25 02:04:30,950 INFO: Epoch: 591 | PSNR: 30.1831 | Loss: 5.4861 | lr: 6.25e-05 | Best_PSNR: 30.1831 | max_value: 255.0 in Epoch [590]
2022-07-25 02:06:04,530 INFO: Epoch: 592 | PSNR: 30.1832 | Loss: 5.4372 | lr: 6.25e-05 | Best_PSNR: 30.1832 | max_value: 255.0 in Epoch [592]
2022-07-25 02:06:51,188 INFO: Epoch: 593 | PSNR: 30.1825 | Loss: 5.4777 | lr: 6.25e-05 | Best_PSNR: 30.1832 | max_value: 255.0 in Epoch [592]
2022-07-25 02:07:38,759 INFO: Epoch: 594 | PSNR: 30.1829 | Loss: 5.4960 | lr: 6.25e-05 | Best_PSNR: 30.1832 | max_value: 255.0 in Epoch [592]
2022-07-25 02:09:03,808 INFO: Epoch: 595 | PSNR: 30.1826 | Loss: 5.4488 | lr: 6.25e-05 | Best_PSNR: 30.1832 | max_value: 255.0 in Epoch [592]
2022-07-25 02:09:53,979 INFO: Epoch: 596 | PSNR: 30.1818 | Loss: 5.4506 | lr: 6.25e-05 | Best_PSNR: 30.1832 | max_value: 255.0 in Epoch [592]
2022-07-25 02:10:43,581 INFO: Epoch: 597 | PSNR: 30.1818 | Loss: 5.4653 | lr: 6.25e-05 | Best_PSNR: 30.1832 | max_value: 255.0 in Epoch [592]
2022-07-25 02:11:46,766 INFO: Epoch: 598 | PSNR: 30.1825 | Loss: 5.4727 | lr: 6.25e-05 | Best_PSNR: 30.1832 | max_value: 255.0 in Epoch [592]
2022-07-25 02:13:22,605 INFO: Epoch: 599 | PSNR: 30.1829 | Loss: 5.4896 | lr: 6.25e-05 | Best_PSNR: 30.1832 | max_value: 255.0 in Epoch [592]
2022-07-25 02:14:37,762 INFO: Epoch: 600 | PSNR: 30.1825 | Loss: 5.5142 | lr: 6.25e-05 | Best_PSNR: 30.1832 | max_value: 255.0 in Epoch [592]
