2022-07-23 23:00:13,185 INFO: Create train dataset successfully!
2022-07-23 23:00:13,186 INFO: Training: [1000] iterations for each epoch
2022-07-23 23:00:13,186 INFO: Create val dataset successfully!
2022-07-23 23:00:13,186 INFO: Validating: [100] iterations for each epoch
2022-07-23 23:00:13,186 INFO: Preparing for experiment: [trial19]
2022-07-23 23:00:13,841 INFO: Create model successfully! Params: [117.21]K
2022-07-23 23:00:13,841 INFO: Model: "model"
2022-07-23 23:00:13,841 INFO: __________________________________________________________________________________________________
2022-07-23 23:00:13,841 INFO: Layer (type)                    Output Shape         Param #     Connected to                     
2022-07-23 23:00:13,841 INFO: ==================================================================================================
2022-07-23 23:00:13,841 INFO: input_1 (InputLayer)            [(None, None, None,  0                                            
2022-07-23 23:00:13,841 INFO: __________________________________________________________________________________________________
2022-07-23 23:00:13,842 INFO: conv2d (Conv2D)                 (None, None, None, 6 1708        input_1[0][0]                    
2022-07-23 23:00:13,842 INFO: __________________________________________________________________________________________________
2022-07-23 23:00:13,842 INFO: conv2d_1 (Conv2D)               (None, None, None, 6 33550       conv2d[0][0]                     
2022-07-23 23:00:13,842 INFO: __________________________________________________________________________________________________
2022-07-23 23:00:13,842 INFO: conv2d_2 (Conv2D)               (None, None, None, 6 33550       conv2d_1[0][0]                   
2022-07-23 23:00:13,842 INFO: __________________________________________________________________________________________________
2022-07-23 23:00:13,842 INFO: conv2d_3 (Conv2D)               (None, None, None, 6 33550       conv2d_2[0][0]                   
2022-07-23 23:00:13,842 INFO: __________________________________________________________________________________________________
2022-07-23 23:00:13,842 INFO: lambda (Lambda)                 (None, None, None, 2 0           input_1[0][0]                    
2022-07-23 23:00:13,842 INFO:                                                                  input_1[0][0]                    
2022-07-23 23:00:13,842 INFO:                                                                  input_1[0][0]                    
2022-07-23 23:00:13,842 INFO:                                                                  input_1[0][0]                    
2022-07-23 23:00:13,842 INFO:                                                                  input_1[0][0]                    
2022-07-23 23:00:13,842 INFO:                                                                  input_1[0][0]                    
2022-07-23 23:00:13,842 INFO:                                                                  input_1[0][0]                    
2022-07-23 23:00:13,842 INFO:                                                                  input_1[0][0]                    
2022-07-23 23:00:13,842 INFO:                                                                  input_1[0][0]                    
2022-07-23 23:00:13,842 INFO: __________________________________________________________________________________________________
2022-07-23 23:00:13,842 INFO: conv2d_4 (Conv2D)               (None, None, None, 2 14850       conv2d_3[0][0]                   
2022-07-23 23:00:13,842 INFO: __________________________________________________________________________________________________
2022-07-23 23:00:13,842 INFO: add (Add)                       (None, None, None, 2 0           lambda[0][0]                     
2022-07-23 23:00:13,842 INFO:                                                                  conv2d_4[0][0]                   
2022-07-23 23:00:13,842 INFO: __________________________________________________________________________________________________
2022-07-23 23:00:13,843 INFO: lambda_1 (Lambda)               (None, None, None, 3 0           add[0][0]                        
2022-07-23 23:00:13,843 INFO: ==================================================================================================
2022-07-23 23:00:13,843 INFO: Total params: 117,208
2022-07-23 23:00:13,843 INFO: Trainable params: 117,208
2022-07-23 23:00:13,843 INFO: Non-trainable params: 0
2022-07-23 23:00:13,843 INFO: __________________________________________________________________________________________________
2022-07-23 23:00:13,843 INFO: Start training...
2022-07-23 23:01:11,011 INFO: Epoch: 1 | PSNR: 27.0218 | Loss: 6.1985 | lr: 1.00e-03 | Best_PSNR: 27.0218 | max_value: 255.0 in Epoch [1]
2022-07-23 23:01:59,975 INFO: Epoch: 2 | PSNR: 28.2668 | Loss: 5.8099 | lr: 1.00e-03 | Best_PSNR: 28.2668 | max_value: 255.0 in Epoch [2]
2022-07-23 23:02:44,247 INFO: Epoch: 3 | PSNR: 29.3004 | Loss: 5.7124 | lr: 1.00e-03 | Best_PSNR: 29.3004 | max_value: 255.0 in Epoch [3]
2022-07-23 23:03:27,021 INFO: Epoch: 4 | PSNR: 29.7132 | Loss: 5.6550 | lr: 1.00e-03 | Best_PSNR: 29.7132 | max_value: 255.0 in Epoch [4]
2022-07-23 23:04:10,345 INFO: Epoch: 5 | PSNR: 29.8069 | Loss: 5.6772 | lr: 1.00e-03 | Best_PSNR: 29.8069 | max_value: 255.0 in Epoch [5]
2022-07-23 23:04:52,754 INFO: Epoch: 6 | PSNR: 29.8613 | Loss: 5.6609 | lr: 1.00e-03 | Best_PSNR: 29.8613 | max_value: 255.0 in Epoch [6]
2022-07-23 23:05:38,002 INFO: Epoch: 7 | PSNR: 29.9126 | Loss: 5.5962 | lr: 1.00e-03 | Best_PSNR: 29.9126 | max_value: 255.0 in Epoch [7]
2022-07-23 23:06:22,010 INFO: Epoch: 8 | PSNR: 29.9473 | Loss: 5.6270 | lr: 1.00e-03 | Best_PSNR: 29.9473 | max_value: 255.0 in Epoch [8]
2022-07-23 23:07:05,674 INFO: Epoch: 9 | PSNR: 29.9530 | Loss: 5.6473 | lr: 1.00e-03 | Best_PSNR: 29.9530 | max_value: 255.0 in Epoch [9]
2022-07-23 23:07:48,817 INFO: Epoch: 10 | PSNR: 29.9686 | Loss: 5.6104 | lr: 1.00e-03 | Best_PSNR: 29.9686 | max_value: 255.0 in Epoch [10]
2022-07-23 23:08:29,367 INFO: Epoch: 11 | PSNR: 29.9958 | Loss: 5.5673 | lr: 1.00e-03 | Best_PSNR: 29.9958 | max_value: 255.0 in Epoch [11]
2022-07-23 23:09:08,018 INFO: Epoch: 12 | PSNR: 30.0140 | Loss: 5.5899 | lr: 1.00e-03 | Best_PSNR: 30.0140 | max_value: 255.0 in Epoch [12]
2022-07-23 23:09:45,747 INFO: Epoch: 13 | PSNR: 29.9976 | Loss: 5.6304 | lr: 1.00e-03 | Best_PSNR: 30.0140 | max_value: 255.0 in Epoch [12]
2022-07-23 23:10:22,858 INFO: Epoch: 14 | PSNR: 30.0019 | Loss: 5.6297 | lr: 1.00e-03 | Best_PSNR: 30.0140 | max_value: 255.0 in Epoch [12]
2022-07-23 23:11:03,502 INFO: Epoch: 15 | PSNR: 30.0481 | Loss: 5.6136 | lr: 1.00e-03 | Best_PSNR: 30.0481 | max_value: 255.0 in Epoch [15]
2022-07-23 23:11:40,653 INFO: Epoch: 16 | PSNR: 30.0735 | Loss: 5.5858 | lr: 1.00e-03 | Best_PSNR: 30.0735 | max_value: 255.0 in Epoch [16]
2022-07-23 23:12:18,050 INFO: Epoch: 17 | PSNR: 30.1025 | Loss: 5.5547 | lr: 1.00e-03 | Best_PSNR: 30.1025 | max_value: 255.0 in Epoch [17]
2022-07-23 23:12:54,581 INFO: Epoch: 18 | PSNR: 30.0917 | Loss: 5.5762 | lr: 1.00e-03 | Best_PSNR: 30.1025 | max_value: 255.0 in Epoch [17]
2022-07-23 23:13:31,946 INFO: Epoch: 19 | PSNR: 30.1051 | Loss: 5.5808 | lr: 1.00e-03 | Best_PSNR: 30.1051 | max_value: 255.0 in Epoch [19]
2022-07-23 23:14:09,968 INFO: Epoch: 20 | PSNR: 30.1254 | Loss: 5.5875 | lr: 1.00e-03 | Best_PSNR: 30.1254 | max_value: 255.0 in Epoch [20]
2022-07-23 23:14:48,947 INFO: Epoch: 21 | PSNR: 30.1417 | Loss: 5.5471 | lr: 1.00e-03 | Best_PSNR: 30.1417 | max_value: 255.0 in Epoch [21]
2022-07-23 23:15:27,618 INFO: Epoch: 22 | PSNR: 30.1132 | Loss: 5.4702 | lr: 1.00e-03 | Best_PSNR: 30.1417 | max_value: 255.0 in Epoch [21]
2022-07-23 23:16:06,777 INFO: Epoch: 23 | PSNR: 30.1377 | Loss: 5.5318 | lr: 1.00e-03 | Best_PSNR: 30.1417 | max_value: 255.0 in Epoch [21]
2022-07-23 23:16:45,901 INFO: Epoch: 24 | PSNR: 30.1526 | Loss: 5.5679 | lr: 1.00e-03 | Best_PSNR: 30.1526 | max_value: 255.0 in Epoch [24]
2022-07-23 23:17:25,800 INFO: Epoch: 25 | PSNR: 30.1559 | Loss: 5.5445 | lr: 1.00e-03 | Best_PSNR: 30.1559 | max_value: 255.0 in Epoch [25]
2022-07-23 23:18:05,550 INFO: Epoch: 26 | PSNR: 30.1622 | Loss: 5.5291 | lr: 1.00e-03 | Best_PSNR: 30.1622 | max_value: 255.0 in Epoch [26]
2022-07-23 23:18:44,224 INFO: Epoch: 27 | PSNR: 30.1297 | Loss: 5.5373 | lr: 1.00e-03 | Best_PSNR: 30.1622 | max_value: 255.0 in Epoch [26]
2022-07-23 23:19:21,983 INFO: Epoch: 28 | PSNR: 30.1455 | Loss: 5.5334 | lr: 1.00e-03 | Best_PSNR: 30.1622 | max_value: 255.0 in Epoch [26]
2022-07-23 23:20:01,107 INFO: Epoch: 29 | PSNR: 30.1645 | Loss: 5.5344 | lr: 1.00e-03 | Best_PSNR: 30.1645 | max_value: 255.0 in Epoch [29]
2022-07-23 23:20:41,307 INFO: Epoch: 30 | PSNR: 30.1784 | Loss: 5.4669 | lr: 1.00e-03 | Best_PSNR: 30.1784 | max_value: 255.0 in Epoch [30]
2022-07-23 23:21:21,591 INFO: Epoch: 31 | PSNR: 30.1813 | Loss: 5.5019 | lr: 1.00e-03 | Best_PSNR: 30.1813 | max_value: 255.0 in Epoch [31]
2022-07-23 23:21:59,368 INFO: Epoch: 32 | PSNR: 29.9932 | Loss: 5.6278 | lr: 1.00e-03 | Best_PSNR: 30.1813 | max_value: 255.0 in Epoch [31]
2022-07-23 23:22:36,341 INFO: Epoch: 33 | PSNR: 30.1212 | Loss: 5.5413 | lr: 1.00e-03 | Best_PSNR: 30.1813 | max_value: 255.0 in Epoch [31]
2022-07-23 23:23:14,152 INFO: Epoch: 34 | PSNR: 30.1682 | Loss: 5.5428 | lr: 1.00e-03 | Best_PSNR: 30.1813 | max_value: 255.0 in Epoch [31]
2022-07-23 23:23:52,920 INFO: Epoch: 35 | PSNR: 30.1856 | Loss: 5.4815 | lr: 1.00e-03 | Best_PSNR: 30.1856 | max_value: 255.0 in Epoch [35]
2022-07-23 23:24:32,845 INFO: Epoch: 36 | PSNR: 30.1900 | Loss: 5.5707 | lr: 1.00e-03 | Best_PSNR: 30.1900 | max_value: 255.0 in Epoch [36]
2022-07-23 23:25:12,866 INFO: Epoch: 37 | PSNR: 30.1909 | Loss: 5.4640 | lr: 1.00e-03 | Best_PSNR: 30.1909 | max_value: 255.0 in Epoch [37]
2022-07-23 23:25:52,668 INFO: Epoch: 38 | PSNR: 30.1982 | Loss: 5.4562 | lr: 1.00e-03 | Best_PSNR: 30.1982 | max_value: 255.0 in Epoch [38]
2022-07-23 23:26:32,421 INFO: Epoch: 39 | PSNR: 30.1965 | Loss: 5.5405 | lr: 1.00e-03 | Best_PSNR: 30.1982 | max_value: 255.0 in Epoch [38]
2022-07-23 23:27:11,488 INFO: Epoch: 40 | PSNR: 30.1991 | Loss: 5.4804 | lr: 1.00e-03 | Best_PSNR: 30.1991 | max_value: 255.0 in Epoch [40]
2022-07-23 23:27:50,699 INFO: Epoch: 41 | PSNR: 30.2046 | Loss: 5.4941 | lr: 1.00e-03 | Best_PSNR: 30.2046 | max_value: 255.0 in Epoch [41]
2022-07-23 23:28:30,022 INFO: Epoch: 42 | PSNR: 30.2045 | Loss: 5.4821 | lr: 1.00e-03 | Best_PSNR: 30.2046 | max_value: 255.0 in Epoch [41]
2022-07-23 23:29:09,996 INFO: Epoch: 43 | PSNR: 30.1988 | Loss: 5.5381 | lr: 1.00e-03 | Best_PSNR: 30.2046 | max_value: 255.0 in Epoch [41]
2022-07-23 23:29:48,874 INFO: Epoch: 44 | PSNR: 30.2079 | Loss: 5.5149 | lr: 1.00e-03 | Best_PSNR: 30.2079 | max_value: 255.0 in Epoch [44]
2022-07-23 23:30:28,258 INFO: Epoch: 45 | PSNR: 30.1157 | Loss: 5.5385 | lr: 1.00e-03 | Best_PSNR: 30.2079 | max_value: 255.0 in Epoch [44]
2022-07-23 23:31:07,712 INFO: Epoch: 46 | PSNR: 30.1736 | Loss: 5.5582 | lr: 1.00e-03 | Best_PSNR: 30.2079 | max_value: 255.0 in Epoch [44]
2022-07-23 23:31:45,765 INFO: Epoch: 47 | PSNR: 30.1745 | Loss: 5.5152 | lr: 1.00e-03 | Best_PSNR: 30.2079 | max_value: 255.0 in Epoch [44]
2022-07-23 23:32:24,922 INFO: Epoch: 48 | PSNR: 30.1978 | Loss: 5.5674 | lr: 1.00e-03 | Best_PSNR: 30.2079 | max_value: 255.0 in Epoch [44]
2022-07-23 23:33:04,685 INFO: Epoch: 49 | PSNR: 30.2043 | Loss: 5.4859 | lr: 1.00e-03 | Best_PSNR: 30.2079 | max_value: 255.0 in Epoch [44]
2022-07-23 23:33:43,456 INFO: Epoch: 50 | PSNR: 30.2043 | Loss: 5.5213 | lr: 1.00e-03 | Best_PSNR: 30.2079 | max_value: 255.0 in Epoch [44]
2022-07-23 23:34:23,378 INFO: Epoch: 51 | PSNR: 30.2103 | Loss: 5.5422 | lr: 1.00e-03 | Best_PSNR: 30.2103 | max_value: 255.0 in Epoch [51]
2022-07-23 23:35:01,940 INFO: Epoch: 52 | PSNR: 30.2110 | Loss: 5.4950 | lr: 1.00e-03 | Best_PSNR: 30.2110 | max_value: 255.0 in Epoch [52]
2022-07-23 23:35:41,464 INFO: Epoch: 53 | PSNR: 30.2142 | Loss: 5.5062 | lr: 1.00e-03 | Best_PSNR: 30.2142 | max_value: 255.0 in Epoch [53]
2022-07-23 23:36:23,727 INFO: Epoch: 54 | PSNR: 30.2187 | Loss: 5.4580 | lr: 1.00e-03 | Best_PSNR: 30.2187 | max_value: 255.0 in Epoch [54]
2022-07-23 23:37:02,441 INFO: Epoch: 55 | PSNR: 30.2176 | Loss: 5.5285 | lr: 1.00e-03 | Best_PSNR: 30.2187 | max_value: 255.0 in Epoch [54]
2022-07-23 23:37:42,045 INFO: Epoch: 56 | PSNR: 30.1813 | Loss: 5.5212 | lr: 1.00e-03 | Best_PSNR: 30.2187 | max_value: 255.0 in Epoch [54]
2022-07-23 23:38:19,897 INFO: Epoch: 57 | PSNR: 30.2114 | Loss: 5.4939 | lr: 1.00e-03 | Best_PSNR: 30.2187 | max_value: 255.0 in Epoch [54]
2022-07-23 23:38:59,806 INFO: Epoch: 58 | PSNR: 30.2218 | Loss: 5.4541 | lr: 1.00e-03 | Best_PSNR: 30.2218 | max_value: 255.0 in Epoch [58]
2022-07-23 23:39:39,584 INFO: Epoch: 59 | PSNR: 30.2244 | Loss: 5.5460 | lr: 1.00e-03 | Best_PSNR: 30.2244 | max_value: 255.0 in Epoch [59]
2022-07-23 23:40:20,181 INFO: Epoch: 60 | PSNR: 30.2211 | Loss: 5.5044 | lr: 1.00e-03 | Best_PSNR: 30.2244 | max_value: 255.0 in Epoch [59]
2022-07-23 23:41:03,337 INFO: Epoch: 61 | PSNR: 30.2231 | Loss: 5.5085 | lr: 1.00e-03 | Best_PSNR: 30.2244 | max_value: 255.0 in Epoch [59]
2022-07-23 23:41:44,002 INFO: Epoch: 62 | PSNR: 30.2223 | Loss: 5.4752 | lr: 1.00e-03 | Best_PSNR: 30.2244 | max_value: 255.0 in Epoch [59]
2022-07-23 23:42:23,883 INFO: Epoch: 63 | PSNR: 30.2254 | Loss: 5.4784 | lr: 1.00e-03 | Best_PSNR: 30.2254 | max_value: 255.0 in Epoch [63]
2022-07-23 23:43:03,701 INFO: Epoch: 64 | PSNR: 30.2254 | Loss: 5.4441 | lr: 1.00e-03 | Best_PSNR: 30.2254 | max_value: 255.0 in Epoch [64]
2022-07-23 23:43:43,323 INFO: Epoch: 65 | PSNR: 30.2281 | Loss: 5.5044 | lr: 1.00e-03 | Best_PSNR: 30.2281 | max_value: 255.0 in Epoch [65]
2022-07-23 23:44:22,888 INFO: Epoch: 66 | PSNR: 30.2295 | Loss: 5.5026 | lr: 1.00e-03 | Best_PSNR: 30.2295 | max_value: 255.0 in Epoch [66]
2022-07-23 23:45:03,412 INFO: Epoch: 67 | PSNR: 30.2293 | Loss: 5.5212 | lr: 1.00e-03 | Best_PSNR: 30.2295 | max_value: 255.0 in Epoch [66]
2022-07-23 23:45:43,003 INFO: Epoch: 68 | PSNR: 30.2333 | Loss: 5.4732 | lr: 1.00e-03 | Best_PSNR: 30.2333 | max_value: 255.0 in Epoch [68]
2022-07-23 23:46:22,850 INFO: Epoch: 69 | PSNR: 30.2306 | Loss: 5.5057 | lr: 1.00e-03 | Best_PSNR: 30.2333 | max_value: 255.0 in Epoch [68]
2022-07-23 23:47:02,300 INFO: Epoch: 70 | PSNR: 30.2330 | Loss: 5.4697 | lr: 1.00e-03 | Best_PSNR: 30.2333 | max_value: 255.0 in Epoch [68]
2022-07-23 23:47:41,234 INFO: Epoch: 71 | PSNR: 30.2330 | Loss: 5.5304 | lr: 1.00e-03 | Best_PSNR: 30.2333 | max_value: 255.0 in Epoch [68]
2022-07-23 23:48:20,239 INFO: Epoch: 72 | PSNR: 30.2001 | Loss: 5.4894 | lr: 1.00e-03 | Best_PSNR: 30.2333 | max_value: 255.0 in Epoch [68]
2022-07-23 23:48:58,627 INFO: Epoch: 73 | PSNR: 30.2179 | Loss: 5.5171 | lr: 1.00e-03 | Best_PSNR: 30.2333 | max_value: 255.0 in Epoch [68]
2022-07-23 23:49:37,855 INFO: Epoch: 74 | PSNR: 30.2290 | Loss: 5.4742 | lr: 1.00e-03 | Best_PSNR: 30.2333 | max_value: 255.0 in Epoch [68]
2022-07-23 23:50:18,021 INFO: Epoch: 75 | PSNR: 30.2340 | Loss: 5.4812 | lr: 1.00e-03 | Best_PSNR: 30.2340 | max_value: 255.0 in Epoch [75]
2022-07-23 23:50:57,872 INFO: Epoch: 76 | PSNR: 30.2256 | Loss: 5.5211 | lr: 1.00e-03 | Best_PSNR: 30.2340 | max_value: 255.0 in Epoch [75]
2022-07-23 23:51:42,360 INFO: Epoch: 77 | PSNR: 30.2342 | Loss: 5.4987 | lr: 1.00e-03 | Best_PSNR: 30.2342 | max_value: 255.0 in Epoch [77]
2022-07-23 23:52:23,996 INFO: Epoch: 78 | PSNR: 30.2346 | Loss: 5.4846 | lr: 1.00e-03 | Best_PSNR: 30.2346 | max_value: 255.0 in Epoch [78]
2022-07-23 23:53:07,945 INFO: Epoch: 79 | PSNR: 30.2349 | Loss: 5.4975 | lr: 1.00e-03 | Best_PSNR: 30.2349 | max_value: 255.0 in Epoch [79]
2022-07-23 23:53:48,517 INFO: Epoch: 80 | PSNR: 30.2382 | Loss: 5.4817 | lr: 1.00e-03 | Best_PSNR: 30.2382 | max_value: 255.0 in Epoch [80]
2022-07-23 23:54:27,356 INFO: Epoch: 81 | PSNR: 30.2413 | Loss: 5.4683 | lr: 1.00e-03 | Best_PSNR: 30.2413 | max_value: 255.0 in Epoch [81]
2022-07-23 23:55:07,577 INFO: Epoch: 82 | PSNR: 30.2430 | Loss: 5.4890 | lr: 1.00e-03 | Best_PSNR: 30.2430 | max_value: 255.0 in Epoch [82]
2022-07-23 23:55:46,499 INFO: Epoch: 83 | PSNR: 30.2414 | Loss: 5.4915 | lr: 1.00e-03 | Best_PSNR: 30.2430 | max_value: 255.0 in Epoch [82]
2022-07-23 23:56:25,071 INFO: Epoch: 84 | PSNR: 30.2421 | Loss: 5.5199 | lr: 1.00e-03 | Best_PSNR: 30.2430 | max_value: 255.0 in Epoch [82]
2022-07-23 23:57:01,889 INFO: Epoch: 85 | PSNR: 30.2417 | Loss: 5.4919 | lr: 1.00e-03 | Best_PSNR: 30.2430 | max_value: 255.0 in Epoch [82]
2022-07-23 23:57:39,909 INFO: Epoch: 86 | PSNR: 30.2454 | Loss: 5.4981 | lr: 1.00e-03 | Best_PSNR: 30.2454 | max_value: 255.0 in Epoch [86]
2022-07-23 23:58:18,060 INFO: Epoch: 87 | PSNR: 30.2474 | Loss: 5.4880 | lr: 1.00e-03 | Best_PSNR: 30.2474 | max_value: 255.0 in Epoch [87]
2022-07-23 23:58:55,972 INFO: Epoch: 88 | PSNR: 30.2461 | Loss: 5.4579 | lr: 1.00e-03 | Best_PSNR: 30.2474 | max_value: 255.0 in Epoch [87]
2022-07-23 23:59:34,754 INFO: Epoch: 89 | PSNR: 30.2475 | Loss: 5.4628 | lr: 1.00e-03 | Best_PSNR: 30.2475 | max_value: 255.0 in Epoch [89]
2022-07-24 00:00:13,780 INFO: Epoch: 90 | PSNR: 30.2488 | Loss: 5.4367 | lr: 1.00e-03 | Best_PSNR: 30.2488 | max_value: 255.0 in Epoch [90]
2022-07-24 00:00:52,519 INFO: Epoch: 91 | PSNR: 30.2478 | Loss: 5.5204 | lr: 1.00e-03 | Best_PSNR: 30.2488 | max_value: 255.0 in Epoch [90]
2022-07-24 00:01:33,111 INFO: Epoch: 92 | PSNR: 30.2456 | Loss: 5.4809 | lr: 1.00e-03 | Best_PSNR: 30.2488 | max_value: 255.0 in Epoch [90]
2022-07-24 00:02:13,519 INFO: Epoch: 93 | PSNR: 30.2487 | Loss: 5.4970 | lr: 1.00e-03 | Best_PSNR: 30.2488 | max_value: 255.0 in Epoch [90]
2022-07-24 00:02:53,359 INFO: Epoch: 94 | PSNR: 30.2520 | Loss: 5.5168 | lr: 1.00e-03 | Best_PSNR: 30.2520 | max_value: 255.0 in Epoch [94]
2022-07-24 00:03:32,477 INFO: Epoch: 95 | PSNR: 30.2496 | Loss: 5.4855 | lr: 1.00e-03 | Best_PSNR: 30.2520 | max_value: 255.0 in Epoch [94]
2022-07-24 00:04:10,671 INFO: Epoch: 96 | PSNR: 30.2465 | Loss: 5.4617 | lr: 1.00e-03 | Best_PSNR: 30.2520 | max_value: 255.0 in Epoch [94]
2022-07-24 00:04:49,732 INFO: Epoch: 97 | PSNR: 30.2508 | Loss: 5.4189 | lr: 1.00e-03 | Best_PSNR: 30.2520 | max_value: 255.0 in Epoch [94]
2022-07-24 00:05:29,018 INFO: Epoch: 98 | PSNR: 30.2529 | Loss: 5.4506 | lr: 1.00e-03 | Best_PSNR: 30.2529 | max_value: 255.0 in Epoch [98]
2022-07-24 00:06:08,589 INFO: Epoch: 99 | PSNR: 30.2523 | Loss: 5.4775 | lr: 1.00e-03 | Best_PSNR: 30.2529 | max_value: 255.0 in Epoch [98]
2022-07-24 00:06:48,470 INFO: Epoch: 100 | PSNR: 30.2525 | Loss: 5.4797 | lr: 1.00e-03 | Best_PSNR: 30.2529 | max_value: 255.0 in Epoch [98]
2022-07-24 00:07:28,007 INFO: Epoch: 101 | PSNR: 30.2516 | Loss: 5.4856 | lr: 1.00e-03 | Best_PSNR: 30.2529 | max_value: 255.0 in Epoch [98]
2022-07-24 00:08:07,154 INFO: Epoch: 102 | PSNR: 30.2530 | Loss: 5.4589 | lr: 1.00e-03 | Best_PSNR: 30.2530 | max_value: 255.0 in Epoch [102]
2022-07-24 00:08:47,965 INFO: Epoch: 103 | PSNR: 30.2539 | Loss: 5.4349 | lr: 1.00e-03 | Best_PSNR: 30.2539 | max_value: 255.0 in Epoch [103]
2022-07-24 00:09:26,456 INFO: Epoch: 104 | PSNR: 30.2545 | Loss: 5.4981 | lr: 1.00e-03 | Best_PSNR: 30.2545 | max_value: 255.0 in Epoch [104]
2022-07-24 00:10:04,856 INFO: Epoch: 105 | PSNR: 30.2563 | Loss: 5.4802 | lr: 1.00e-03 | Best_PSNR: 30.2563 | max_value: 255.0 in Epoch [105]
2022-07-24 00:10:43,276 INFO: Epoch: 106 | PSNR: 30.2552 | Loss: 5.4846 | lr: 1.00e-03 | Best_PSNR: 30.2563 | max_value: 255.0 in Epoch [105]
2022-07-24 00:11:20,974 INFO: Epoch: 107 | PSNR: 30.2516 | Loss: 5.4127 | lr: 1.00e-03 | Best_PSNR: 30.2563 | max_value: 255.0 in Epoch [105]
2022-07-24 00:11:59,681 INFO: Epoch: 108 | PSNR: 30.2546 | Loss: 5.4617 | lr: 1.00e-03 | Best_PSNR: 30.2563 | max_value: 255.0 in Epoch [105]
2022-07-24 00:12:40,877 INFO: Epoch: 109 | PSNR: 30.2554 | Loss: 5.4379 | lr: 1.00e-03 | Best_PSNR: 30.2563 | max_value: 255.0 in Epoch [105]
2022-07-24 00:13:20,302 INFO: Epoch: 110 | PSNR: 30.2577 | Loss: 5.4944 | lr: 1.00e-03 | Best_PSNR: 30.2577 | max_value: 255.0 in Epoch [110]
2022-07-24 00:14:00,004 INFO: Epoch: 111 | PSNR: 30.2584 | Loss: 5.4837 | lr: 1.00e-03 | Best_PSNR: 30.2584 | max_value: 255.0 in Epoch [111]
2022-07-24 00:14:38,399 INFO: Epoch: 112 | PSNR: 30.2262 | Loss: 5.5161 | lr: 1.00e-03 | Best_PSNR: 30.2584 | max_value: 255.0 in Epoch [111]
2022-07-24 00:15:17,563 INFO: Epoch: 113 | PSNR: 30.2504 | Loss: 5.4546 | lr: 1.00e-03 | Best_PSNR: 30.2584 | max_value: 255.0 in Epoch [111]
2022-07-24 00:15:56,532 INFO: Epoch: 114 | PSNR: 30.2531 | Loss: 5.4653 | lr: 1.00e-03 | Best_PSNR: 30.2584 | max_value: 255.0 in Epoch [111]
2022-07-24 00:16:34,660 INFO: Epoch: 115 | PSNR: 30.2528 | Loss: 5.5042 | lr: 1.00e-03 | Best_PSNR: 30.2584 | max_value: 255.0 in Epoch [111]
2022-07-24 00:17:13,258 INFO: Epoch: 116 | PSNR: 30.2558 | Loss: 5.5284 | lr: 1.00e-03 | Best_PSNR: 30.2584 | max_value: 255.0 in Epoch [111]
2022-07-24 00:17:52,244 INFO: Epoch: 117 | PSNR: 30.2584 | Loss: 5.4380 | lr: 1.00e-03 | Best_PSNR: 30.2584 | max_value: 255.0 in Epoch [111]
2022-07-24 00:18:30,699 INFO: Epoch: 118 | PSNR: 30.2428 | Loss: 5.4914 | lr: 1.00e-03 | Best_PSNR: 30.2584 | max_value: 255.0 in Epoch [111]
2022-07-24 00:19:09,266 INFO: Epoch: 119 | PSNR: 30.2542 | Loss: 5.4461 | lr: 1.00e-03 | Best_PSNR: 30.2584 | max_value: 255.0 in Epoch [111]
2022-07-24 00:19:47,512 INFO: Epoch: 120 | PSNR: 30.2583 | Loss: 5.4720 | lr: 1.00e-03 | Best_PSNR: 30.2584 | max_value: 255.0 in Epoch [111]
2022-07-24 00:20:28,339 INFO: Epoch: 121 | PSNR: 30.2664 | Loss: 5.4568 | lr: 5.00e-04 | Best_PSNR: 30.2664 | max_value: 255.0 in Epoch [121]
2022-07-24 00:21:08,650 INFO: Epoch: 122 | PSNR: 30.2704 | Loss: 5.4374 | lr: 5.00e-04 | Best_PSNR: 30.2704 | max_value: 255.0 in Epoch [122]
2022-07-24 00:21:48,157 INFO: Epoch: 123 | PSNR: 30.2722 | Loss: 5.4686 | lr: 5.00e-04 | Best_PSNR: 30.2722 | max_value: 255.0 in Epoch [123]
2022-07-24 00:22:28,315 INFO: Epoch: 124 | PSNR: 30.2743 | Loss: 5.4336 | lr: 5.00e-04 | Best_PSNR: 30.2743 | max_value: 255.0 in Epoch [124]
2022-07-24 00:23:09,178 INFO: Epoch: 125 | PSNR: 30.2754 | Loss: 5.4436 | lr: 5.00e-04 | Best_PSNR: 30.2754 | max_value: 255.0 in Epoch [125]
2022-07-24 00:23:52,009 INFO: Epoch: 126 | PSNR: 30.2766 | Loss: 5.4313 | lr: 5.00e-04 | Best_PSNR: 30.2766 | max_value: 255.0 in Epoch [126]
2022-07-24 00:24:33,819 INFO: Epoch: 127 | PSNR: 30.2762 | Loss: 5.4721 | lr: 5.00e-04 | Best_PSNR: 30.2766 | max_value: 255.0 in Epoch [126]
2022-07-24 00:25:23,843 INFO: Epoch: 128 | PSNR: 30.2753 | Loss: 5.4215 | lr: 5.00e-04 | Best_PSNR: 30.2766 | max_value: 255.0 in Epoch [126]
2022-07-24 00:26:05,587 INFO: Epoch: 129 | PSNR: 30.2770 | Loss: 5.4550 | lr: 5.00e-04 | Best_PSNR: 30.2770 | max_value: 255.0 in Epoch [129]
2022-07-24 00:26:47,561 INFO: Epoch: 130 | PSNR: 30.2781 | Loss: 5.4471 | lr: 5.00e-04 | Best_PSNR: 30.2781 | max_value: 255.0 in Epoch [130]
2022-07-24 00:27:29,054 INFO: Epoch: 131 | PSNR: 30.2789 | Loss: 5.4758 | lr: 5.00e-04 | Best_PSNR: 30.2789 | max_value: 255.0 in Epoch [131]
2022-07-24 00:28:09,643 INFO: Epoch: 132 | PSNR: 30.2789 | Loss: 5.4952 | lr: 5.00e-04 | Best_PSNR: 30.2789 | max_value: 255.0 in Epoch [132]
2022-07-24 00:28:48,420 INFO: Epoch: 133 | PSNR: 30.2786 | Loss: 5.4934 | lr: 5.00e-04 | Best_PSNR: 30.2789 | max_value: 255.0 in Epoch [132]
2022-07-24 00:29:29,139 INFO: Epoch: 134 | PSNR: 30.2785 | Loss: 5.4502 | lr: 5.00e-04 | Best_PSNR: 30.2789 | max_value: 255.0 in Epoch [132]
2022-07-24 00:30:11,846 INFO: Epoch: 135 | PSNR: 30.2799 | Loss: 5.4714 | lr: 5.00e-04 | Best_PSNR: 30.2799 | max_value: 255.0 in Epoch [135]
2022-07-24 00:30:54,086 INFO: Epoch: 136 | PSNR: 30.2808 | Loss: 5.4442 | lr: 5.00e-04 | Best_PSNR: 30.2808 | max_value: 255.0 in Epoch [136]
2022-07-24 00:31:34,817 INFO: Epoch: 137 | PSNR: 30.2812 | Loss: 5.4349 | lr: 5.00e-04 | Best_PSNR: 30.2812 | max_value: 255.0 in Epoch [137]
2022-07-24 00:32:15,297 INFO: Epoch: 138 | PSNR: 30.2814 | Loss: 5.4336 | lr: 5.00e-04 | Best_PSNR: 30.2814 | max_value: 255.0 in Epoch [138]
2022-07-24 00:32:55,157 INFO: Epoch: 139 | PSNR: 30.2822 | Loss: 5.4294 | lr: 5.00e-04 | Best_PSNR: 30.2822 | max_value: 255.0 in Epoch [139]
2022-07-24 00:33:33,346 INFO: Epoch: 140 | PSNR: 30.2825 | Loss: 5.4315 | lr: 5.00e-04 | Best_PSNR: 30.2825 | max_value: 255.0 in Epoch [140]
2022-07-24 00:34:10,269 INFO: Epoch: 141 | PSNR: 30.2821 | Loss: 5.4347 | lr: 5.00e-04 | Best_PSNR: 30.2825 | max_value: 255.0 in Epoch [140]
2022-07-24 00:34:47,954 INFO: Epoch: 142 | PSNR: 30.2837 | Loss: 5.4371 | lr: 5.00e-04 | Best_PSNR: 30.2837 | max_value: 255.0 in Epoch [142]
2022-07-24 00:35:26,161 INFO: Epoch: 143 | PSNR: 30.2848 | Loss: 5.4918 | lr: 5.00e-04 | Best_PSNR: 30.2848 | max_value: 255.0 in Epoch [143]
2022-07-24 00:36:03,879 INFO: Epoch: 144 | PSNR: 30.2845 | Loss: 5.4321 | lr: 5.00e-04 | Best_PSNR: 30.2848 | max_value: 255.0 in Epoch [143]
2022-07-24 00:36:40,788 INFO: Epoch: 145 | PSNR: 30.2847 | Loss: 5.4522 | lr: 5.00e-04 | Best_PSNR: 30.2848 | max_value: 255.0 in Epoch [143]
2022-07-24 00:37:18,607 INFO: Epoch: 146 | PSNR: 30.2852 | Loss: 5.4545 | lr: 5.00e-04 | Best_PSNR: 30.2852 | max_value: 255.0 in Epoch [146]
2022-07-24 00:38:00,238 INFO: Epoch: 147 | PSNR: 30.2855 | Loss: 5.4290 | lr: 5.00e-04 | Best_PSNR: 30.2855 | max_value: 255.0 in Epoch [147]
2022-07-24 00:38:42,462 INFO: Epoch: 148 | PSNR: 30.2846 | Loss: 5.4488 | lr: 5.00e-04 | Best_PSNR: 30.2855 | max_value: 255.0 in Epoch [147]
2022-07-24 00:39:21,182 INFO: Epoch: 149 | PSNR: 30.2863 | Loss: 5.4471 | lr: 5.00e-04 | Best_PSNR: 30.2863 | max_value: 255.0 in Epoch [149]
2022-07-24 00:39:59,270 INFO: Epoch: 150 | PSNR: 30.2856 | Loss: 5.4328 | lr: 5.00e-04 | Best_PSNR: 30.2863 | max_value: 255.0 in Epoch [149]
2022-07-24 00:40:43,917 INFO: Epoch: 151 | PSNR: 30.2855 | Loss: 5.4800 | lr: 5.00e-04 | Best_PSNR: 30.2863 | max_value: 255.0 in Epoch [149]
2022-07-24 00:41:23,144 INFO: Epoch: 152 | PSNR: 30.2868 | Loss: 5.4815 | lr: 5.00e-04 | Best_PSNR: 30.2868 | max_value: 255.0 in Epoch [152]
2022-07-24 00:42:00,893 INFO: Epoch: 153 | PSNR: 30.2863 | Loss: 5.4371 | lr: 5.00e-04 | Best_PSNR: 30.2868 | max_value: 255.0 in Epoch [152]
2022-07-24 00:42:39,116 INFO: Epoch: 154 | PSNR: 30.2868 | Loss: 5.4484 | lr: 5.00e-04 | Best_PSNR: 30.2868 | max_value: 255.0 in Epoch [152]
2022-07-24 00:43:22,255 INFO: Epoch: 155 | PSNR: 30.2870 | Loss: 5.4326 | lr: 5.00e-04 | Best_PSNR: 30.2870 | max_value: 255.0 in Epoch [155]
2022-07-24 00:44:04,833 INFO: Epoch: 156 | PSNR: 30.2872 | Loss: 5.4385 | lr: 5.00e-04 | Best_PSNR: 30.2872 | max_value: 255.0 in Epoch [156]
2022-07-24 00:44:47,642 INFO: Epoch: 157 | PSNR: 30.2881 | Loss: 5.3717 | lr: 5.00e-04 | Best_PSNR: 30.2881 | max_value: 255.0 in Epoch [157]
2022-07-24 00:45:28,879 INFO: Epoch: 158 | PSNR: 30.2877 | Loss: 5.4306 | lr: 5.00e-04 | Best_PSNR: 30.2881 | max_value: 255.0 in Epoch [157]
2022-07-24 00:46:08,738 INFO: Epoch: 159 | PSNR: 30.2883 | Loss: 5.4638 | lr: 5.00e-04 | Best_PSNR: 30.2883 | max_value: 255.0 in Epoch [159]
2022-07-24 00:46:46,872 INFO: Epoch: 160 | PSNR: 30.2876 | Loss: 5.4067 | lr: 5.00e-04 | Best_PSNR: 30.2883 | max_value: 255.0 in Epoch [159]
2022-07-24 00:47:26,821 INFO: Epoch: 161 | PSNR: 30.2878 | Loss: 5.4756 | lr: 5.00e-04 | Best_PSNR: 30.2883 | max_value: 255.0 in Epoch [159]
2022-07-24 00:48:05,876 INFO: Epoch: 162 | PSNR: 30.2864 | Loss: 5.4442 | lr: 5.00e-04 | Best_PSNR: 30.2883 | max_value: 255.0 in Epoch [159]
2022-07-24 00:48:48,799 INFO: Epoch: 163 | PSNR: 30.2874 | Loss: 5.4454 | lr: 5.00e-04 | Best_PSNR: 30.2883 | max_value: 255.0 in Epoch [159]
2022-07-24 00:49:31,991 INFO: Epoch: 164 | PSNR: 30.2879 | Loss: 5.4389 | lr: 5.00e-04 | Best_PSNR: 30.2883 | max_value: 255.0 in Epoch [159]
2022-07-24 00:50:15,919 INFO: Epoch: 165 | PSNR: 30.2879 | Loss: 5.4064 | lr: 5.00e-04 | Best_PSNR: 30.2883 | max_value: 255.0 in Epoch [159]
2022-07-24 00:50:58,458 INFO: Epoch: 166 | PSNR: 30.2871 | Loss: 5.4330 | lr: 5.00e-04 | Best_PSNR: 30.2883 | max_value: 255.0 in Epoch [159]
2022-07-24 00:51:38,356 INFO: Epoch: 167 | PSNR: 30.2889 | Loss: 5.4352 | lr: 5.00e-04 | Best_PSNR: 30.2889 | max_value: 255.0 in Epoch [167]
2022-07-24 00:52:17,307 INFO: Epoch: 168 | PSNR: 30.2896 | Loss: 5.4954 | lr: 5.00e-04 | Best_PSNR: 30.2896 | max_value: 255.0 in Epoch [168]
2022-07-24 00:52:57,993 INFO: Epoch: 169 | PSNR: 30.2898 | Loss: 5.4225 | lr: 5.00e-04 | Best_PSNR: 30.2898 | max_value: 255.0 in Epoch [169]
2022-07-24 00:53:37,180 INFO: Epoch: 170 | PSNR: 30.2896 | Loss: 5.4386 | lr: 5.00e-04 | Best_PSNR: 30.2898 | max_value: 255.0 in Epoch [169]
2022-07-24 00:54:21,126 INFO: Epoch: 171 | PSNR: 30.2900 | Loss: 5.4361 | lr: 5.00e-04 | Best_PSNR: 30.2900 | max_value: 255.0 in Epoch [171]
2022-07-24 00:54:58,716 INFO: Epoch: 172 | PSNR: 30.2899 | Loss: 5.4432 | lr: 5.00e-04 | Best_PSNR: 30.2900 | max_value: 255.0 in Epoch [171]
2022-07-24 00:55:37,092 INFO: Epoch: 173 | PSNR: 30.2908 | Loss: 5.4033 | lr: 5.00e-04 | Best_PSNR: 30.2908 | max_value: 255.0 in Epoch [173]
2022-07-24 00:56:15,403 INFO: Epoch: 174 | PSNR: 30.2900 | Loss: 5.4229 | lr: 5.00e-04 | Best_PSNR: 30.2908 | max_value: 255.0 in Epoch [173]
2022-07-24 00:56:57,233 INFO: Epoch: 175 | PSNR: 30.2902 | Loss: 5.4401 | lr: 5.00e-04 | Best_PSNR: 30.2908 | max_value: 255.0 in Epoch [173]
2022-07-24 00:57:35,916 INFO: Epoch: 176 | PSNR: 30.2909 | Loss: 5.4132 | lr: 5.00e-04 | Best_PSNR: 30.2909 | max_value: 255.0 in Epoch [176]
2022-07-24 00:58:13,956 INFO: Epoch: 177 | PSNR: 30.2911 | Loss: 5.4357 | lr: 5.00e-04 | Best_PSNR: 30.2911 | max_value: 255.0 in Epoch [177]
2022-07-24 00:58:50,333 INFO: Epoch: 178 | PSNR: 30.2917 | Loss: 5.3805 | lr: 5.00e-04 | Best_PSNR: 30.2917 | max_value: 255.0 in Epoch [178]
2022-07-24 00:59:31,422 INFO: Epoch: 179 | PSNR: 30.2911 | Loss: 5.4677 | lr: 5.00e-04 | Best_PSNR: 30.2917 | max_value: 255.0 in Epoch [178]
2022-07-24 01:00:08,459 INFO: Epoch: 180 | PSNR: 30.2903 | Loss: 5.4379 | lr: 5.00e-04 | Best_PSNR: 30.2917 | max_value: 255.0 in Epoch [178]
2022-07-24 01:00:50,203 INFO: Epoch: 181 | PSNR: 30.2907 | Loss: 5.4060 | lr: 5.00e-04 | Best_PSNR: 30.2917 | max_value: 255.0 in Epoch [178]
2022-07-24 01:01:31,046 INFO: Epoch: 182 | PSNR: 30.2914 | Loss: 5.4136 | lr: 5.00e-04 | Best_PSNR: 30.2917 | max_value: 255.0 in Epoch [178]
2022-07-24 01:02:11,774 INFO: Epoch: 183 | PSNR: 30.2904 | Loss: 5.3852 | lr: 5.00e-04 | Best_PSNR: 30.2917 | max_value: 255.0 in Epoch [178]
2022-07-24 01:02:52,081 INFO: Epoch: 184 | PSNR: 30.2907 | Loss: 5.4109 | lr: 5.00e-04 | Best_PSNR: 30.2917 | max_value: 255.0 in Epoch [178]
2022-07-24 01:03:31,115 INFO: Epoch: 185 | PSNR: 30.2911 | Loss: 5.4749 | lr: 5.00e-04 | Best_PSNR: 30.2917 | max_value: 255.0 in Epoch [178]
2022-07-24 01:04:13,355 INFO: Epoch: 186 | PSNR: 30.2927 | Loss: 5.3803 | lr: 5.00e-04 | Best_PSNR: 30.2927 | max_value: 255.0 in Epoch [186]
2022-07-24 01:04:54,661 INFO: Epoch: 187 | PSNR: 30.2917 | Loss: 5.4464 | lr: 5.00e-04 | Best_PSNR: 30.2927 | max_value: 255.0 in Epoch [186]
2022-07-24 01:05:37,437 INFO: Epoch: 188 | PSNR: 30.2926 | Loss: 5.4486 | lr: 5.00e-04 | Best_PSNR: 30.2927 | max_value: 255.0 in Epoch [186]
2022-07-24 01:06:18,505 INFO: Epoch: 189 | PSNR: 30.2932 | Loss: 5.4552 | lr: 5.00e-04 | Best_PSNR: 30.2932 | max_value: 255.0 in Epoch [189]
2022-07-24 01:06:57,602 INFO: Epoch: 190 | PSNR: 30.2932 | Loss: 5.3981 | lr: 5.00e-04 | Best_PSNR: 30.2932 | max_value: 255.0 in Epoch [189]
2022-07-24 01:07:35,648 INFO: Epoch: 191 | PSNR: 30.2924 | Loss: 5.4237 | lr: 5.00e-04 | Best_PSNR: 30.2932 | max_value: 255.0 in Epoch [189]
2022-07-24 01:08:14,745 INFO: Epoch: 192 | PSNR: 30.2925 | Loss: 5.4521 | lr: 5.00e-04 | Best_PSNR: 30.2932 | max_value: 255.0 in Epoch [189]
2022-07-24 01:08:54,667 INFO: Epoch: 193 | PSNR: 30.2935 | Loss: 5.4402 | lr: 5.00e-04 | Best_PSNR: 30.2935 | max_value: 255.0 in Epoch [193]
2022-07-24 01:09:37,708 INFO: Epoch: 194 | PSNR: 30.2932 | Loss: 5.4412 | lr: 5.00e-04 | Best_PSNR: 30.2935 | max_value: 255.0 in Epoch [193]
2022-07-24 01:10:20,559 INFO: Epoch: 195 | PSNR: 30.2929 | Loss: 5.4528 | lr: 5.00e-04 | Best_PSNR: 30.2935 | max_value: 255.0 in Epoch [193]
2022-07-24 01:11:04,738 INFO: Epoch: 196 | PSNR: 30.2931 | Loss: 5.4818 | lr: 5.00e-04 | Best_PSNR: 30.2935 | max_value: 255.0 in Epoch [193]
2022-07-24 01:11:52,748 INFO: Epoch: 197 | PSNR: 30.2943 | Loss: 5.3894 | lr: 5.00e-04 | Best_PSNR: 30.2943 | max_value: 255.0 in Epoch [197]
2022-07-24 01:12:39,312 INFO: Epoch: 198 | PSNR: 30.2942 | Loss: 5.4006 | lr: 5.00e-04 | Best_PSNR: 30.2943 | max_value: 255.0 in Epoch [197]
2022-07-24 01:13:23,179 INFO: Epoch: 199 | PSNR: 30.2937 | Loss: 5.3899 | lr: 5.00e-04 | Best_PSNR: 30.2943 | max_value: 255.0 in Epoch [197]
2022-07-24 01:14:08,540 INFO: Epoch: 200 | PSNR: 30.2941 | Loss: 5.4489 | lr: 5.00e-04 | Best_PSNR: 30.2943 | max_value: 255.0 in Epoch [197]
2022-07-24 01:14:53,937 INFO: Epoch: 201 | PSNR: 30.2934 | Loss: 5.4519 | lr: 5.00e-04 | Best_PSNR: 30.2943 | max_value: 255.0 in Epoch [197]
2022-07-24 01:15:39,240 INFO: Epoch: 202 | PSNR: 30.2945 | Loss: 5.4226 | lr: 5.00e-04 | Best_PSNR: 30.2945 | max_value: 255.0 in Epoch [202]
2022-07-24 01:16:24,384 INFO: Epoch: 203 | PSNR: 30.2948 | Loss: 5.4043 | lr: 5.00e-04 | Best_PSNR: 30.2948 | max_value: 255.0 in Epoch [203]
2022-07-24 01:17:09,297 INFO: Epoch: 204 | PSNR: 30.2943 | Loss: 5.4039 | lr: 5.00e-04 | Best_PSNR: 30.2948 | max_value: 255.0 in Epoch [203]
2022-07-24 01:17:54,513 INFO: Epoch: 205 | PSNR: 30.2950 | Loss: 5.4431 | lr: 5.00e-04 | Best_PSNR: 30.2950 | max_value: 255.0 in Epoch [205]
2022-07-24 01:18:37,615 INFO: Epoch: 206 | PSNR: 30.2952 | Loss: 5.3890 | lr: 5.00e-04 | Best_PSNR: 30.2952 | max_value: 255.0 in Epoch [206]
2022-07-24 01:19:22,086 INFO: Epoch: 207 | PSNR: 30.2951 | Loss: 5.4390 | lr: 5.00e-04 | Best_PSNR: 30.2952 | max_value: 255.0 in Epoch [206]
2022-07-24 01:20:07,799 INFO: Epoch: 208 | PSNR: 30.2948 | Loss: 5.3923 | lr: 5.00e-04 | Best_PSNR: 30.2952 | max_value: 255.0 in Epoch [206]
2022-07-24 01:20:52,048 INFO: Epoch: 209 | PSNR: 30.2947 | Loss: 5.4565 | lr: 5.00e-04 | Best_PSNR: 30.2952 | max_value: 255.0 in Epoch [206]
2022-07-24 01:21:36,858 INFO: Epoch: 210 | PSNR: 30.2950 | Loss: 5.3899 | lr: 5.00e-04 | Best_PSNR: 30.2952 | max_value: 255.0 in Epoch [206]
2022-07-24 01:22:21,373 INFO: Epoch: 211 | PSNR: 30.2954 | Loss: 5.3831 | lr: 5.00e-04 | Best_PSNR: 30.2954 | max_value: 255.0 in Epoch [211]
2022-07-24 01:22:59,474 INFO: Epoch: 212 | PSNR: 30.2956 | Loss: 5.4221 | lr: 5.00e-04 | Best_PSNR: 30.2956 | max_value: 255.0 in Epoch [212]
2022-07-24 01:23:39,509 INFO: Epoch: 213 | PSNR: 30.2956 | Loss: 5.4461 | lr: 5.00e-04 | Best_PSNR: 30.2956 | max_value: 255.0 in Epoch [213]
2022-07-24 01:24:17,713 INFO: Epoch: 214 | PSNR: 30.2956 | Loss: 5.4287 | lr: 5.00e-04 | Best_PSNR: 30.2956 | max_value: 255.0 in Epoch [213]
2022-07-24 01:24:57,295 INFO: Epoch: 215 | PSNR: 30.2970 | Loss: 5.4478 | lr: 5.00e-04 | Best_PSNR: 30.2970 | max_value: 255.0 in Epoch [215]
2022-07-24 01:25:36,357 INFO: Epoch: 216 | PSNR: 30.2966 | Loss: 5.4077 | lr: 5.00e-04 | Best_PSNR: 30.2970 | max_value: 255.0 in Epoch [215]
2022-07-24 01:26:14,421 INFO: Epoch: 217 | PSNR: 30.2967 | Loss: 5.4741 | lr: 5.00e-04 | Best_PSNR: 30.2970 | max_value: 255.0 in Epoch [215]
2022-07-24 01:26:51,245 INFO: Epoch: 218 | PSNR: 30.2957 | Loss: 5.4138 | lr: 5.00e-04 | Best_PSNR: 30.2970 | max_value: 255.0 in Epoch [215]
2022-07-24 01:27:29,475 INFO: Epoch: 219 | PSNR: 30.2970 | Loss: 5.4050 | lr: 5.00e-04 | Best_PSNR: 30.2970 | max_value: 255.0 in Epoch [219]
2022-07-24 01:28:08,004 INFO: Epoch: 220 | PSNR: 30.2980 | Loss: 5.4444 | lr: 5.00e-04 | Best_PSNR: 30.2980 | max_value: 255.0 in Epoch [220]
2022-07-24 01:28:47,662 INFO: Epoch: 221 | PSNR: 30.2979 | Loss: 5.4693 | lr: 5.00e-04 | Best_PSNR: 30.2980 | max_value: 255.0 in Epoch [220]
2022-07-24 01:29:28,525 INFO: Epoch: 222 | PSNR: 30.2961 | Loss: 5.4330 | lr: 5.00e-04 | Best_PSNR: 30.2980 | max_value: 255.0 in Epoch [220]
2022-07-24 01:30:10,014 INFO: Epoch: 223 | PSNR: 30.2966 | Loss: 5.4393 | lr: 5.00e-04 | Best_PSNR: 30.2980 | max_value: 255.0 in Epoch [220]
2022-07-24 01:30:53,031 INFO: Epoch: 224 | PSNR: 30.2971 | Loss: 5.4530 | lr: 5.00e-04 | Best_PSNR: 30.2980 | max_value: 255.0 in Epoch [220]
2022-07-24 01:31:38,740 INFO: Epoch: 225 | PSNR: 30.2981 | Loss: 5.4445 | lr: 5.00e-04 | Best_PSNR: 30.2981 | max_value: 255.0 in Epoch [225]
2022-07-24 01:32:22,915 INFO: Epoch: 226 | PSNR: 30.2982 | Loss: 5.4357 | lr: 5.00e-04 | Best_PSNR: 30.2982 | max_value: 255.0 in Epoch [226]
2022-07-24 01:33:04,216 INFO: Epoch: 227 | PSNR: 30.2982 | Loss: 5.4087 | lr: 5.00e-04 | Best_PSNR: 30.2982 | max_value: 255.0 in Epoch [226]
2022-07-24 01:33:44,929 INFO: Epoch: 228 | PSNR: 30.2989 | Loss: 5.4225 | lr: 5.00e-04 | Best_PSNR: 30.2989 | max_value: 255.0 in Epoch [228]
2022-07-24 01:34:22,920 INFO: Epoch: 229 | PSNR: 30.2980 | Loss: 5.4331 | lr: 5.00e-04 | Best_PSNR: 30.2989 | max_value: 255.0 in Epoch [228]
2022-07-24 01:35:02,514 INFO: Epoch: 230 | PSNR: 30.2973 | Loss: 5.3962 | lr: 5.00e-04 | Best_PSNR: 30.2989 | max_value: 255.0 in Epoch [228]
2022-07-24 01:35:41,324 INFO: Epoch: 231 | PSNR: 30.2977 | Loss: 5.3845 | lr: 5.00e-04 | Best_PSNR: 30.2989 | max_value: 255.0 in Epoch [228]
2022-07-24 01:36:18,706 INFO: Epoch: 232 | PSNR: 30.2982 | Loss: 5.4137 | lr: 5.00e-04 | Best_PSNR: 30.2989 | max_value: 255.0 in Epoch [228]
2022-07-24 01:36:58,583 INFO: Epoch: 233 | PSNR: 30.2974 | Loss: 5.4363 | lr: 5.00e-04 | Best_PSNR: 30.2989 | max_value: 255.0 in Epoch [228]
2022-07-24 01:37:36,379 INFO: Epoch: 234 | PSNR: 30.2977 | Loss: 5.4274 | lr: 5.00e-04 | Best_PSNR: 30.2989 | max_value: 255.0 in Epoch [228]
2022-07-24 01:38:15,042 INFO: Epoch: 235 | PSNR: 30.2979 | Loss: 5.4259 | lr: 5.00e-04 | Best_PSNR: 30.2989 | max_value: 255.0 in Epoch [228]
2022-07-24 01:38:52,799 INFO: Epoch: 236 | PSNR: 30.2988 | Loss: 5.3997 | lr: 5.00e-04 | Best_PSNR: 30.2989 | max_value: 255.0 in Epoch [228]
2022-07-24 01:39:35,008 INFO: Epoch: 237 | PSNR: 30.2986 | Loss: 5.4383 | lr: 5.00e-04 | Best_PSNR: 30.2989 | max_value: 255.0 in Epoch [228]
2022-07-24 01:40:15,808 INFO: Epoch: 238 | PSNR: 30.2993 | Loss: 5.4228 | lr: 5.00e-04 | Best_PSNR: 30.2993 | max_value: 255.0 in Epoch [238]
2022-07-24 01:40:55,199 INFO: Epoch: 239 | PSNR: 30.3000 | Loss: 5.4232 | lr: 5.00e-04 | Best_PSNR: 30.3000 | max_value: 255.0 in Epoch [239]
2022-07-24 01:41:35,076 INFO: Epoch: 240 | PSNR: 30.2988 | Loss: 5.4191 | lr: 5.00e-04 | Best_PSNR: 30.3000 | max_value: 255.0 in Epoch [239]
2022-07-24 01:42:15,246 INFO: Epoch: 241 | PSNR: 30.3015 | Loss: 5.4159 | lr: 2.50e-04 | Best_PSNR: 30.3015 | max_value: 255.0 in Epoch [241]
2022-07-24 01:42:52,402 INFO: Epoch: 242 | PSNR: 30.3030 | Loss: 5.3982 | lr: 2.50e-04 | Best_PSNR: 30.3030 | max_value: 255.0 in Epoch [242]
2022-07-24 01:43:32,799 INFO: Epoch: 243 | PSNR: 30.3034 | Loss: 5.3729 | lr: 2.50e-04 | Best_PSNR: 30.3034 | max_value: 255.0 in Epoch [243]
2022-07-24 01:44:13,088 INFO: Epoch: 244 | PSNR: 30.3043 | Loss: 5.4173 | lr: 2.50e-04 | Best_PSNR: 30.3043 | max_value: 255.0 in Epoch [244]
2022-07-24 01:44:51,470 INFO: Epoch: 245 | PSNR: 30.3040 | Loss: 5.3770 | lr: 2.50e-04 | Best_PSNR: 30.3043 | max_value: 255.0 in Epoch [244]
2022-07-24 01:45:33,366 INFO: Epoch: 246 | PSNR: 30.3040 | Loss: 5.4349 | lr: 2.50e-04 | Best_PSNR: 30.3043 | max_value: 255.0 in Epoch [244]
2022-07-24 01:46:15,155 INFO: Epoch: 247 | PSNR: 30.3039 | Loss: 5.4115 | lr: 2.50e-04 | Best_PSNR: 30.3043 | max_value: 255.0 in Epoch [244]
2022-07-24 01:46:55,577 INFO: Epoch: 248 | PSNR: 30.3040 | Loss: 5.3840 | lr: 2.50e-04 | Best_PSNR: 30.3043 | max_value: 255.0 in Epoch [244]
2022-07-24 01:47:34,996 INFO: Epoch: 249 | PSNR: 30.3046 | Loss: 5.4170 | lr: 2.50e-04 | Best_PSNR: 30.3046 | max_value: 255.0 in Epoch [249]
2022-07-24 01:48:14,563 INFO: Epoch: 250 | PSNR: 30.3047 | Loss: 5.4199 | lr: 2.50e-04 | Best_PSNR: 30.3047 | max_value: 255.0 in Epoch [250]
2022-07-24 01:48:53,365 INFO: Epoch: 251 | PSNR: 30.3048 | Loss: 5.4209 | lr: 2.50e-04 | Best_PSNR: 30.3048 | max_value: 255.0 in Epoch [251]
2022-07-24 01:49:35,075 INFO: Epoch: 252 | PSNR: 30.3051 | Loss: 5.3645 | lr: 2.50e-04 | Best_PSNR: 30.3051 | max_value: 255.0 in Epoch [252]
2022-07-24 01:50:14,055 INFO: Epoch: 253 | PSNR: 30.3056 | Loss: 5.4539 | lr: 2.50e-04 | Best_PSNR: 30.3056 | max_value: 255.0 in Epoch [253]
2022-07-24 01:50:53,392 INFO: Epoch: 254 | PSNR: 30.3058 | Loss: 5.4173 | lr: 2.50e-04 | Best_PSNR: 30.3058 | max_value: 255.0 in Epoch [254]
2022-07-24 01:51:31,522 INFO: Epoch: 255 | PSNR: 30.3062 | Loss: 5.4196 | lr: 2.50e-04 | Best_PSNR: 30.3062 | max_value: 255.0 in Epoch [255]
2022-07-24 01:52:10,184 INFO: Epoch: 256 | PSNR: 30.3064 | Loss: 5.3554 | lr: 2.50e-04 | Best_PSNR: 30.3064 | max_value: 255.0 in Epoch [256]
2022-07-24 01:52:47,124 INFO: Epoch: 257 | PSNR: 30.3057 | Loss: 5.3489 | lr: 2.50e-04 | Best_PSNR: 30.3064 | max_value: 255.0 in Epoch [256]
2022-07-24 01:53:26,683 INFO: Epoch: 258 | PSNR: 30.3069 | Loss: 5.4246 | lr: 2.50e-04 | Best_PSNR: 30.3069 | max_value: 255.0 in Epoch [258]
2022-07-24 01:54:06,210 INFO: Epoch: 259 | PSNR: 30.3069 | Loss: 5.4473 | lr: 2.50e-04 | Best_PSNR: 30.3069 | max_value: 255.0 in Epoch [258]
2022-07-24 01:54:47,511 INFO: Epoch: 260 | PSNR: 30.3065 | Loss: 5.4294 | lr: 2.50e-04 | Best_PSNR: 30.3069 | max_value: 255.0 in Epoch [258]
2022-07-24 01:55:25,948 INFO: Epoch: 261 | PSNR: 30.3065 | Loss: 5.4202 | lr: 2.50e-04 | Best_PSNR: 30.3069 | max_value: 255.0 in Epoch [258]
2022-07-24 01:56:04,428 INFO: Epoch: 262 | PSNR: 30.3066 | Loss: 5.4266 | lr: 2.50e-04 | Best_PSNR: 30.3069 | max_value: 255.0 in Epoch [258]
2022-07-24 01:56:44,303 INFO: Epoch: 263 | PSNR: 30.3076 | Loss: 5.3984 | lr: 2.50e-04 | Best_PSNR: 30.3076 | max_value: 255.0 in Epoch [263]
2022-07-24 01:57:25,256 INFO: Epoch: 264 | PSNR: 30.3076 | Loss: 5.4207 | lr: 2.50e-04 | Best_PSNR: 30.3076 | max_value: 255.0 in Epoch [263]
2022-07-24 01:58:02,036 INFO: Epoch: 265 | PSNR: 30.3073 | Loss: 5.4077 | lr: 2.50e-04 | Best_PSNR: 30.3076 | max_value: 255.0 in Epoch [263]
2022-07-24 01:58:40,748 INFO: Epoch: 266 | PSNR: 30.3073 | Loss: 5.4205 | lr: 2.50e-04 | Best_PSNR: 30.3076 | max_value: 255.0 in Epoch [263]
2022-07-24 01:59:20,104 INFO: Epoch: 267 | PSNR: 30.3071 | Loss: 5.4286 | lr: 2.50e-04 | Best_PSNR: 30.3076 | max_value: 255.0 in Epoch [263]
2022-07-24 01:59:57,574 INFO: Epoch: 268 | PSNR: 30.3066 | Loss: 5.3892 | lr: 2.50e-04 | Best_PSNR: 30.3076 | max_value: 255.0 in Epoch [263]
2022-07-24 02:00:35,452 INFO: Epoch: 269 | PSNR: 30.3067 | Loss: 5.4331 | lr: 2.50e-04 | Best_PSNR: 30.3076 | max_value: 255.0 in Epoch [263]
2022-07-24 02:01:13,677 INFO: Epoch: 270 | PSNR: 30.3075 | Loss: 5.4046 | lr: 2.50e-04 | Best_PSNR: 30.3076 | max_value: 255.0 in Epoch [263]
2022-07-24 02:01:52,306 INFO: Epoch: 271 | PSNR: 30.3068 | Loss: 5.4135 | lr: 2.50e-04 | Best_PSNR: 30.3076 | max_value: 255.0 in Epoch [263]
2022-07-24 02:02:35,569 INFO: Epoch: 272 | PSNR: 30.3072 | Loss: 5.4110 | lr: 2.50e-04 | Best_PSNR: 30.3076 | max_value: 255.0 in Epoch [263]
2022-07-24 02:03:14,391 INFO: Epoch: 273 | PSNR: 30.3069 | Loss: 5.3679 | lr: 2.50e-04 | Best_PSNR: 30.3076 | max_value: 255.0 in Epoch [263]
2022-07-24 02:03:52,456 INFO: Epoch: 274 | PSNR: 30.3068 | Loss: 5.4213 | lr: 2.50e-04 | Best_PSNR: 30.3076 | max_value: 255.0 in Epoch [263]
2022-07-24 02:04:32,689 INFO: Epoch: 275 | PSNR: 30.3074 | Loss: 5.4239 | lr: 2.50e-04 | Best_PSNR: 30.3076 | max_value: 255.0 in Epoch [263]
2022-07-24 02:05:12,204 INFO: Epoch: 276 | PSNR: 30.3078 | Loss: 5.4208 | lr: 2.50e-04 | Best_PSNR: 30.3078 | max_value: 255.0 in Epoch [276]
2022-07-24 02:05:49,364 INFO: Epoch: 277 | PSNR: 30.3074 | Loss: 5.3964 | lr: 2.50e-04 | Best_PSNR: 30.3078 | max_value: 255.0 in Epoch [276]
2022-07-24 02:06:29,086 INFO: Epoch: 278 | PSNR: 30.3082 | Loss: 5.4489 | lr: 2.50e-04 | Best_PSNR: 30.3082 | max_value: 255.0 in Epoch [278]
2022-07-24 02:07:07,478 INFO: Epoch: 279 | PSNR: 30.3083 | Loss: 5.4354 | lr: 2.50e-04 | Best_PSNR: 30.3083 | max_value: 255.0 in Epoch [279]
2022-07-24 02:07:46,246 INFO: Epoch: 280 | PSNR: 30.3087 | Loss: 5.3608 | lr: 2.50e-04 | Best_PSNR: 30.3087 | max_value: 255.0 in Epoch [280]
2022-07-24 02:08:25,315 INFO: Epoch: 281 | PSNR: 30.3095 | Loss: 5.3967 | lr: 2.50e-04 | Best_PSNR: 30.3095 | max_value: 255.0 in Epoch [281]
2022-07-24 02:09:03,897 INFO: Epoch: 282 | PSNR: 30.3093 | Loss: 5.4451 | lr: 2.50e-04 | Best_PSNR: 30.3095 | max_value: 255.0 in Epoch [281]
2022-07-24 02:09:42,745 INFO: Epoch: 283 | PSNR: 30.3090 | Loss: 5.4069 | lr: 2.50e-04 | Best_PSNR: 30.3095 | max_value: 255.0 in Epoch [281]
2022-07-24 02:10:23,941 INFO: Epoch: 284 | PSNR: 30.3091 | Loss: 5.4010 | lr: 2.50e-04 | Best_PSNR: 30.3095 | max_value: 255.0 in Epoch [281]
2022-07-24 02:11:05,892 INFO: Epoch: 285 | PSNR: 30.3089 | Loss: 5.4095 | lr: 2.50e-04 | Best_PSNR: 30.3095 | max_value: 255.0 in Epoch [281]
2022-07-24 02:11:49,708 INFO: Epoch: 286 | PSNR: 30.3084 | Loss: 5.4270 | lr: 2.50e-04 | Best_PSNR: 30.3095 | max_value: 255.0 in Epoch [281]
2022-07-24 02:12:34,869 INFO: Epoch: 287 | PSNR: 30.3096 | Loss: 5.3557 | lr: 2.50e-04 | Best_PSNR: 30.3096 | max_value: 255.0 in Epoch [287]
2022-07-24 02:13:19,706 INFO: Epoch: 288 | PSNR: 30.3092 | Loss: 5.3907 | lr: 2.50e-04 | Best_PSNR: 30.3096 | max_value: 255.0 in Epoch [287]
2022-07-24 02:14:04,333 INFO: Epoch: 289 | PSNR: 30.3096 | Loss: 5.4119 | lr: 2.50e-04 | Best_PSNR: 30.3096 | max_value: 255.0 in Epoch [287]
2022-07-24 02:14:47,115 INFO: Epoch: 290 | PSNR: 30.3092 | Loss: 5.4106 | lr: 2.50e-04 | Best_PSNR: 30.3096 | max_value: 255.0 in Epoch [287]
2022-07-24 02:15:28,605 INFO: Epoch: 291 | PSNR: 30.3096 | Loss: 5.3818 | lr: 2.50e-04 | Best_PSNR: 30.3096 | max_value: 255.0 in Epoch [287]
2022-07-24 02:16:07,877 INFO: Epoch: 292 | PSNR: 30.3098 | Loss: 5.4119 | lr: 2.50e-04 | Best_PSNR: 30.3098 | max_value: 255.0 in Epoch [292]
2022-07-24 02:16:45,725 INFO: Epoch: 293 | PSNR: 30.3094 | Loss: 5.3953 | lr: 2.50e-04 | Best_PSNR: 30.3098 | max_value: 255.0 in Epoch [292]
2022-07-24 02:17:25,836 INFO: Epoch: 294 | PSNR: 30.3098 | Loss: 5.4072 | lr: 2.50e-04 | Best_PSNR: 30.3098 | max_value: 255.0 in Epoch [292]
2022-07-24 02:18:05,105 INFO: Epoch: 295 | PSNR: 30.3091 | Loss: 5.3939 | lr: 2.50e-04 | Best_PSNR: 30.3098 | max_value: 255.0 in Epoch [292]
2022-07-24 02:18:43,982 INFO: Epoch: 296 | PSNR: 30.3087 | Loss: 5.3810 | lr: 2.50e-04 | Best_PSNR: 30.3098 | max_value: 255.0 in Epoch [292]
2022-07-24 02:19:25,286 INFO: Epoch: 297 | PSNR: 30.3089 | Loss: 5.4432 | lr: 2.50e-04 | Best_PSNR: 30.3098 | max_value: 255.0 in Epoch [292]
2022-07-24 02:20:04,015 INFO: Epoch: 298 | PSNR: 30.3091 | Loss: 5.4189 | lr: 2.50e-04 | Best_PSNR: 30.3098 | max_value: 255.0 in Epoch [292]
2022-07-24 02:20:42,720 INFO: Epoch: 299 | PSNR: 30.3090 | Loss: 5.3757 | lr: 2.50e-04 | Best_PSNR: 30.3098 | max_value: 255.0 in Epoch [292]
2022-07-24 02:21:23,879 INFO: Epoch: 300 | PSNR: 30.3098 | Loss: 5.3505 | lr: 2.50e-04 | Best_PSNR: 30.3098 | max_value: 255.0 in Epoch [292]
2022-07-24 02:22:08,497 INFO: Epoch: 301 | PSNR: 30.3099 | Loss: 5.4249 | lr: 2.50e-04 | Best_PSNR: 30.3099 | max_value: 255.0 in Epoch [301]
2022-07-24 02:22:52,337 INFO: Epoch: 302 | PSNR: 30.3110 | Loss: 5.3872 | lr: 2.50e-04 | Best_PSNR: 30.3110 | max_value: 255.0 in Epoch [302]
2022-07-24 02:23:35,720 INFO: Epoch: 303 | PSNR: 30.3115 | Loss: 5.3868 | lr: 2.50e-04 | Best_PSNR: 30.3115 | max_value: 255.0 in Epoch [303]
2022-07-24 02:24:16,978 INFO: Epoch: 304 | PSNR: 30.3115 | Loss: 5.3772 | lr: 2.50e-04 | Best_PSNR: 30.3115 | max_value: 255.0 in Epoch [303]
2022-07-24 02:24:58,636 INFO: Epoch: 305 | PSNR: 30.3108 | Loss: 5.4264 | lr: 2.50e-04 | Best_PSNR: 30.3115 | max_value: 255.0 in Epoch [303]
2022-07-24 02:25:37,860 INFO: Epoch: 306 | PSNR: 30.3110 | Loss: 5.4131 | lr: 2.50e-04 | Best_PSNR: 30.3115 | max_value: 255.0 in Epoch [303]
2022-07-24 02:26:17,381 INFO: Epoch: 307 | PSNR: 30.3104 | Loss: 5.4280 | lr: 2.50e-04 | Best_PSNR: 30.3115 | max_value: 255.0 in Epoch [303]
2022-07-24 02:26:56,568 INFO: Epoch: 308 | PSNR: 30.3101 | Loss: 5.4190 | lr: 2.50e-04 | Best_PSNR: 30.3115 | max_value: 255.0 in Epoch [303]
2022-07-24 02:27:34,593 INFO: Epoch: 309 | PSNR: 30.3104 | Loss: 5.4400 | lr: 2.50e-04 | Best_PSNR: 30.3115 | max_value: 255.0 in Epoch [303]
2022-07-24 02:28:17,331 INFO: Epoch: 310 | PSNR: 30.3104 | Loss: 5.4524 | lr: 2.50e-04 | Best_PSNR: 30.3115 | max_value: 255.0 in Epoch [303]
2022-07-24 02:28:57,559 INFO: Epoch: 311 | PSNR: 30.3105 | Loss: 5.4531 | lr: 2.50e-04 | Best_PSNR: 30.3115 | max_value: 255.0 in Epoch [303]
2022-07-24 02:29:38,586 INFO: Epoch: 312 | PSNR: 30.3107 | Loss: 5.4316 | lr: 2.50e-04 | Best_PSNR: 30.3115 | max_value: 255.0 in Epoch [303]
2022-07-24 02:30:19,833 INFO: Epoch: 313 | PSNR: 30.3111 | Loss: 5.4243 | lr: 2.50e-04 | Best_PSNR: 30.3115 | max_value: 255.0 in Epoch [303]
2022-07-24 02:31:00,086 INFO: Epoch: 314 | PSNR: 30.3111 | Loss: 5.3699 | lr: 2.50e-04 | Best_PSNR: 30.3115 | max_value: 255.0 in Epoch [303]
2022-07-24 02:31:38,324 INFO: Epoch: 315 | PSNR: 30.3107 | Loss: 5.4155 | lr: 2.50e-04 | Best_PSNR: 30.3115 | max_value: 255.0 in Epoch [303]
2022-07-24 02:32:19,688 INFO: Epoch: 316 | PSNR: 30.3103 | Loss: 5.3922 | lr: 2.50e-04 | Best_PSNR: 30.3115 | max_value: 255.0 in Epoch [303]
2022-07-24 02:33:01,313 INFO: Epoch: 317 | PSNR: 30.3106 | Loss: 5.4543 | lr: 2.50e-04 | Best_PSNR: 30.3115 | max_value: 255.0 in Epoch [303]
2022-07-24 02:33:43,800 INFO: Epoch: 318 | PSNR: 30.3114 | Loss: 5.4281 | lr: 2.50e-04 | Best_PSNR: 30.3115 | max_value: 255.0 in Epoch [303]
2022-07-24 02:34:23,302 INFO: Epoch: 319 | PSNR: 30.3115 | Loss: 5.4232 | lr: 2.50e-04 | Best_PSNR: 30.3115 | max_value: 255.0 in Epoch [303]
2022-07-24 02:35:05,211 INFO: Epoch: 320 | PSNR: 30.3123 | Loss: 5.3810 | lr: 2.50e-04 | Best_PSNR: 30.3123 | max_value: 255.0 in Epoch [320]
2022-07-24 02:35:42,269 INFO: Epoch: 321 | PSNR: 30.3120 | Loss: 5.3796 | lr: 2.50e-04 | Best_PSNR: 30.3123 | max_value: 255.0 in Epoch [320]
2022-07-24 02:36:20,584 INFO: Epoch: 322 | PSNR: 30.3123 | Loss: 5.3922 | lr: 2.50e-04 | Best_PSNR: 30.3123 | max_value: 255.0 in Epoch [322]
2022-07-24 02:37:00,534 INFO: Epoch: 323 | PSNR: 30.3119 | Loss: 5.4349 | lr: 2.50e-04 | Best_PSNR: 30.3123 | max_value: 255.0 in Epoch [322]
2022-07-24 02:37:37,745 INFO: Epoch: 324 | PSNR: 30.3120 | Loss: 5.4433 | lr: 2.50e-04 | Best_PSNR: 30.3123 | max_value: 255.0 in Epoch [322]
2022-07-24 02:38:16,216 INFO: Epoch: 325 | PSNR: 30.3120 | Loss: 5.4623 | lr: 2.50e-04 | Best_PSNR: 30.3123 | max_value: 255.0 in Epoch [322]
2022-07-24 02:38:56,076 INFO: Epoch: 326 | PSNR: 30.3129 | Loss: 5.3758 | lr: 2.50e-04 | Best_PSNR: 30.3129 | max_value: 255.0 in Epoch [326]
2022-07-24 02:39:35,359 INFO: Epoch: 327 | PSNR: 30.3130 | Loss: 5.4239 | lr: 2.50e-04 | Best_PSNR: 30.3130 | max_value: 255.0 in Epoch [327]
2022-07-24 02:40:14,265 INFO: Epoch: 328 | PSNR: 30.3125 | Loss: 5.4075 | lr: 2.50e-04 | Best_PSNR: 30.3130 | max_value: 255.0 in Epoch [327]
2022-07-24 02:40:54,066 INFO: Epoch: 329 | PSNR: 30.3118 | Loss: 5.4170 | lr: 2.50e-04 | Best_PSNR: 30.3130 | max_value: 255.0 in Epoch [327]
2022-07-24 02:41:32,248 INFO: Epoch: 330 | PSNR: 30.3116 | Loss: 5.3940 | lr: 2.50e-04 | Best_PSNR: 30.3130 | max_value: 255.0 in Epoch [327]
2022-07-24 02:42:11,763 INFO: Epoch: 331 | PSNR: 30.3124 | Loss: 5.4078 | lr: 2.50e-04 | Best_PSNR: 30.3130 | max_value: 255.0 in Epoch [327]
2022-07-24 02:42:51,028 INFO: Epoch: 332 | PSNR: 30.3120 | Loss: 5.4148 | lr: 2.50e-04 | Best_PSNR: 30.3130 | max_value: 255.0 in Epoch [327]
2022-07-24 02:43:29,550 INFO: Epoch: 333 | PSNR: 30.3120 | Loss: 5.4598 | lr: 2.50e-04 | Best_PSNR: 30.3130 | max_value: 255.0 in Epoch [327]
2022-07-24 02:44:08,323 INFO: Epoch: 334 | PSNR: 30.3122 | Loss: 5.3910 | lr: 2.50e-04 | Best_PSNR: 30.3130 | max_value: 255.0 in Epoch [327]
2022-07-24 02:44:47,631 INFO: Epoch: 335 | PSNR: 30.3119 | Loss: 5.3487 | lr: 2.50e-04 | Best_PSNR: 30.3130 | max_value: 255.0 in Epoch [327]
2022-07-24 02:45:25,309 INFO: Epoch: 336 | PSNR: 30.3121 | Loss: 5.3565 | lr: 2.50e-04 | Best_PSNR: 30.3130 | max_value: 255.0 in Epoch [327]
2022-07-24 02:46:02,474 INFO: Epoch: 337 | PSNR: 30.3124 | Loss: 5.4586 | lr: 2.50e-04 | Best_PSNR: 30.3130 | max_value: 255.0 in Epoch [327]
2022-07-24 02:46:43,153 INFO: Epoch: 338 | PSNR: 30.3132 | Loss: 5.4112 | lr: 2.50e-04 | Best_PSNR: 30.3132 | max_value: 255.0 in Epoch [338]
2022-07-24 02:47:25,350 INFO: Epoch: 339 | PSNR: 30.3137 | Loss: 5.3980 | lr: 2.50e-04 | Best_PSNR: 30.3137 | max_value: 255.0 in Epoch [339]
2022-07-24 02:48:08,302 INFO: Epoch: 340 | PSNR: 30.3137 | Loss: 5.4459 | lr: 2.50e-04 | Best_PSNR: 30.3137 | max_value: 255.0 in Epoch [340]
2022-07-24 02:48:47,413 INFO: Epoch: 341 | PSNR: 30.3136 | Loss: 5.3749 | lr: 2.50e-04 | Best_PSNR: 30.3137 | max_value: 255.0 in Epoch [340]
2022-07-24 02:49:27,591 INFO: Epoch: 342 | PSNR: 30.3132 | Loss: 5.4389 | lr: 2.50e-04 | Best_PSNR: 30.3137 | max_value: 255.0 in Epoch [340]
2022-07-24 02:50:12,870 INFO: Epoch: 343 | PSNR: 30.3130 | Loss: 5.4005 | lr: 2.50e-04 | Best_PSNR: 30.3137 | max_value: 255.0 in Epoch [340]
2022-07-24 02:51:02,044 INFO: Epoch: 344 | PSNR: 30.3132 | Loss: 5.4229 | lr: 2.50e-04 | Best_PSNR: 30.3137 | max_value: 255.0 in Epoch [340]
2022-07-24 02:51:43,394 INFO: Epoch: 345 | PSNR: 30.3135 | Loss: 5.4426 | lr: 2.50e-04 | Best_PSNR: 30.3137 | max_value: 255.0 in Epoch [340]
2022-07-24 02:52:21,923 INFO: Epoch: 346 | PSNR: 30.3139 | Loss: 5.4340 | lr: 2.50e-04 | Best_PSNR: 30.3139 | max_value: 255.0 in Epoch [346]
2022-07-24 02:53:02,383 INFO: Epoch: 347 | PSNR: 30.3142 | Loss: 5.4345 | lr: 2.50e-04 | Best_PSNR: 30.3142 | max_value: 255.0 in Epoch [347]
2022-07-24 02:53:41,990 INFO: Epoch: 348 | PSNR: 30.3139 | Loss: 5.3921 | lr: 2.50e-04 | Best_PSNR: 30.3142 | max_value: 255.0 in Epoch [347]
2022-07-24 02:54:21,610 INFO: Epoch: 349 | PSNR: 30.3136 | Loss: 5.4288 | lr: 2.50e-04 | Best_PSNR: 30.3142 | max_value: 255.0 in Epoch [347]
2022-07-24 02:55:01,697 INFO: Epoch: 350 | PSNR: 30.3130 | Loss: 5.4415 | lr: 2.50e-04 | Best_PSNR: 30.3142 | max_value: 255.0 in Epoch [347]
2022-07-24 02:55:39,980 INFO: Epoch: 351 | PSNR: 30.3124 | Loss: 5.4214 | lr: 2.50e-04 | Best_PSNR: 30.3142 | max_value: 255.0 in Epoch [347]
2022-07-24 02:56:19,943 INFO: Epoch: 352 | PSNR: 30.3125 | Loss: 5.4291 | lr: 2.50e-04 | Best_PSNR: 30.3142 | max_value: 255.0 in Epoch [347]
2022-07-24 02:57:01,391 INFO: Epoch: 353 | PSNR: 30.3122 | Loss: 5.4354 | lr: 2.50e-04 | Best_PSNR: 30.3142 | max_value: 255.0 in Epoch [347]
2022-07-24 02:57:39,941 INFO: Epoch: 354 | PSNR: 30.3133 | Loss: 5.4343 | lr: 2.50e-04 | Best_PSNR: 30.3142 | max_value: 255.0 in Epoch [347]
2022-07-24 02:58:23,881 INFO: Epoch: 355 | PSNR: 30.3143 | Loss: 5.4255 | lr: 2.50e-04 | Best_PSNR: 30.3143 | max_value: 255.0 in Epoch [355]
2022-07-24 02:59:14,306 INFO: Epoch: 356 | PSNR: 30.3142 | Loss: 5.4040 | lr: 2.50e-04 | Best_PSNR: 30.3143 | max_value: 255.0 in Epoch [355]
2022-07-24 02:59:56,958 INFO: Epoch: 357 | PSNR: 30.3131 | Loss: 5.4338 | lr: 2.50e-04 | Best_PSNR: 30.3143 | max_value: 255.0 in Epoch [355]
2022-07-24 03:00:39,418 INFO: Epoch: 358 | PSNR: 30.3138 | Loss: 5.3696 | lr: 2.50e-04 | Best_PSNR: 30.3143 | max_value: 255.0 in Epoch [355]
2022-07-24 03:01:21,823 INFO: Epoch: 359 | PSNR: 30.3143 | Loss: 5.4075 | lr: 2.50e-04 | Best_PSNR: 30.3143 | max_value: 255.0 in Epoch [355]
2022-07-24 03:02:06,830 INFO: Epoch: 360 | PSNR: 30.3146 | Loss: 5.3856 | lr: 2.50e-04 | Best_PSNR: 30.3146 | max_value: 255.0 in Epoch [360]
2022-07-24 03:02:45,523 INFO: Epoch: 361 | PSNR: 30.3149 | Loss: 5.3992 | lr: 1.25e-04 | Best_PSNR: 30.3149 | max_value: 255.0 in Epoch [361]
2022-07-24 03:03:23,504 INFO: Epoch: 362 | PSNR: 30.3146 | Loss: 5.4148 | lr: 1.25e-04 | Best_PSNR: 30.3149 | max_value: 255.0 in Epoch [361]
2022-07-24 03:04:03,335 INFO: Epoch: 363 | PSNR: 30.3152 | Loss: 5.3983 | lr: 1.25e-04 | Best_PSNR: 30.3152 | max_value: 255.0 in Epoch [363]
2022-07-24 03:04:42,169 INFO: Epoch: 364 | PSNR: 30.3153 | Loss: 5.4142 | lr: 1.25e-04 | Best_PSNR: 30.3153 | max_value: 255.0 in Epoch [364]
2022-07-24 03:05:21,800 INFO: Epoch: 365 | PSNR: 30.3162 | Loss: 5.3272 | lr: 1.25e-04 | Best_PSNR: 30.3162 | max_value: 255.0 in Epoch [365]
2022-07-24 03:06:01,755 INFO: Epoch: 366 | PSNR: 30.3161 | Loss: 5.4618 | lr: 1.25e-04 | Best_PSNR: 30.3162 | max_value: 255.0 in Epoch [365]
2022-07-24 03:06:43,214 INFO: Epoch: 367 | PSNR: 30.3158 | Loss: 5.3920 | lr: 1.25e-04 | Best_PSNR: 30.3162 | max_value: 255.0 in Epoch [365]
2022-07-24 03:07:29,298 INFO: Epoch: 368 | PSNR: 30.3160 | Loss: 5.3862 | lr: 1.25e-04 | Best_PSNR: 30.3162 | max_value: 255.0 in Epoch [365]
2022-07-24 03:08:09,728 INFO: Epoch: 369 | PSNR: 30.3161 | Loss: 5.3865 | lr: 1.25e-04 | Best_PSNR: 30.3162 | max_value: 255.0 in Epoch [365]
2022-07-24 03:08:50,213 INFO: Epoch: 370 | PSNR: 30.3166 | Loss: 5.3848 | lr: 1.25e-04 | Best_PSNR: 30.3166 | max_value: 255.0 in Epoch [370]
2022-07-24 03:09:31,415 INFO: Epoch: 371 | PSNR: 30.3168 | Loss: 5.4013 | lr: 1.25e-04 | Best_PSNR: 30.3168 | max_value: 255.0 in Epoch [371]
2022-07-24 03:10:10,775 INFO: Epoch: 372 | PSNR: 30.3170 | Loss: 5.4296 | lr: 1.25e-04 | Best_PSNR: 30.3170 | max_value: 255.0 in Epoch [372]
2022-07-24 03:10:48,885 INFO: Epoch: 373 | PSNR: 30.3172 | Loss: 5.3896 | lr: 1.25e-04 | Best_PSNR: 30.3172 | max_value: 255.0 in Epoch [373]
2022-07-24 03:11:28,032 INFO: Epoch: 374 | PSNR: 30.3173 | Loss: 5.3723 | lr: 1.25e-04 | Best_PSNR: 30.3173 | max_value: 255.0 in Epoch [374]
2022-07-24 03:12:06,875 INFO: Epoch: 375 | PSNR: 30.3175 | Loss: 5.3912 | lr: 1.25e-04 | Best_PSNR: 30.3175 | max_value: 255.0 in Epoch [375]
2022-07-24 03:12:43,718 INFO: Epoch: 376 | PSNR: 30.3172 | Loss: 5.3768 | lr: 1.25e-04 | Best_PSNR: 30.3175 | max_value: 255.0 in Epoch [375]
2022-07-24 03:13:22,748 INFO: Epoch: 377 | PSNR: 30.3172 | Loss: 5.4542 | lr: 1.25e-04 | Best_PSNR: 30.3175 | max_value: 255.0 in Epoch [375]
2022-07-24 03:14:01,579 INFO: Epoch: 378 | PSNR: 30.3172 | Loss: 5.4041 | lr: 1.25e-04 | Best_PSNR: 30.3175 | max_value: 255.0 in Epoch [375]
2022-07-24 03:14:39,437 INFO: Epoch: 379 | PSNR: 30.3174 | Loss: 5.3750 | lr: 1.25e-04 | Best_PSNR: 30.3175 | max_value: 255.0 in Epoch [375]
2022-07-24 03:15:19,173 INFO: Epoch: 380 | PSNR: 30.3175 | Loss: 5.3806 | lr: 1.25e-04 | Best_PSNR: 30.3175 | max_value: 255.0 in Epoch [375]
2022-07-24 03:15:59,046 INFO: Epoch: 381 | PSNR: 30.3172 | Loss: 5.3889 | lr: 1.25e-04 | Best_PSNR: 30.3175 | max_value: 255.0 in Epoch [375]
2022-07-24 03:16:36,875 INFO: Epoch: 382 | PSNR: 30.3170 | Loss: 5.4035 | lr: 1.25e-04 | Best_PSNR: 30.3175 | max_value: 255.0 in Epoch [375]
2022-07-24 03:17:18,015 INFO: Epoch: 383 | PSNR: 30.3175 | Loss: 5.3984 | lr: 1.25e-04 | Best_PSNR: 30.3175 | max_value: 255.0 in Epoch [375]
2022-07-24 03:17:57,534 INFO: Epoch: 384 | PSNR: 30.3174 | Loss: 5.3926 | lr: 1.25e-04 | Best_PSNR: 30.3175 | max_value: 255.0 in Epoch [375]
2022-07-24 03:18:38,428 INFO: Epoch: 385 | PSNR: 30.3179 | Loss: 5.3595 | lr: 1.25e-04 | Best_PSNR: 30.3179 | max_value: 255.0 in Epoch [385]
2022-07-24 03:19:20,895 INFO: Epoch: 386 | PSNR: 30.3173 | Loss: 5.4582 | lr: 1.25e-04 | Best_PSNR: 30.3179 | max_value: 255.0 in Epoch [385]
2022-07-24 03:20:03,218 INFO: Epoch: 387 | PSNR: 30.3174 | Loss: 5.3643 | lr: 1.25e-04 | Best_PSNR: 30.3179 | max_value: 255.0 in Epoch [385]
2022-07-24 03:20:46,407 INFO: Epoch: 388 | PSNR: 30.3174 | Loss: 5.4175 | lr: 1.25e-04 | Best_PSNR: 30.3179 | max_value: 255.0 in Epoch [385]
2022-07-24 03:21:29,877 INFO: Epoch: 389 | PSNR: 30.3173 | Loss: 5.4147 | lr: 1.25e-04 | Best_PSNR: 30.3179 | max_value: 255.0 in Epoch [385]
2022-07-24 03:22:12,233 INFO: Epoch: 390 | PSNR: 30.3180 | Loss: 5.3751 | lr: 1.25e-04 | Best_PSNR: 30.3180 | max_value: 255.0 in Epoch [390]
2022-07-24 03:22:52,824 INFO: Epoch: 391 | PSNR: 30.3184 | Loss: 5.4020 | lr: 1.25e-04 | Best_PSNR: 30.3184 | max_value: 255.0 in Epoch [391]
2022-07-24 03:23:32,174 INFO: Epoch: 392 | PSNR: 30.3178 | Loss: 5.3731 | lr: 1.25e-04 | Best_PSNR: 30.3184 | max_value: 255.0 in Epoch [391]
2022-07-24 03:24:14,028 INFO: Epoch: 393 | PSNR: 30.3176 | Loss: 5.3751 | lr: 1.25e-04 | Best_PSNR: 30.3184 | max_value: 255.0 in Epoch [391]
2022-07-24 03:24:52,953 INFO: Epoch: 394 | PSNR: 30.3177 | Loss: 5.3905 | lr: 1.25e-04 | Best_PSNR: 30.3184 | max_value: 255.0 in Epoch [391]
2022-07-24 03:25:31,724 INFO: Epoch: 395 | PSNR: 30.3180 | Loss: 5.4099 | lr: 1.25e-04 | Best_PSNR: 30.3184 | max_value: 255.0 in Epoch [391]
2022-07-24 03:26:10,009 INFO: Epoch: 396 | PSNR: 30.3175 | Loss: 5.4045 | lr: 1.25e-04 | Best_PSNR: 30.3184 | max_value: 255.0 in Epoch [391]
2022-07-24 03:26:48,932 INFO: Epoch: 397 | PSNR: 30.3171 | Loss: 5.4387 | lr: 1.25e-04 | Best_PSNR: 30.3184 | max_value: 255.0 in Epoch [391]
2022-07-24 03:27:27,499 INFO: Epoch: 398 | PSNR: 30.3172 | Loss: 5.4678 | lr: 1.25e-04 | Best_PSNR: 30.3184 | max_value: 255.0 in Epoch [391]
2022-07-24 03:28:05,291 INFO: Epoch: 399 | PSNR: 30.3175 | Loss: 5.4491 | lr: 1.25e-04 | Best_PSNR: 30.3184 | max_value: 255.0 in Epoch [391]
2022-07-24 03:28:44,349 INFO: Epoch: 400 | PSNR: 30.3177 | Loss: 5.3281 | lr: 1.25e-04 | Best_PSNR: 30.3184 | max_value: 255.0 in Epoch [391]
2022-07-24 03:29:23,147 INFO: Epoch: 401 | PSNR: 30.3179 | Loss: 5.3460 | lr: 1.25e-04 | Best_PSNR: 30.3184 | max_value: 255.0 in Epoch [391]
2022-07-24 03:30:06,197 INFO: Epoch: 402 | PSNR: 30.3176 | Loss: 5.4386 | lr: 1.25e-04 | Best_PSNR: 30.3184 | max_value: 255.0 in Epoch [391]
2022-07-24 03:30:45,248 INFO: Epoch: 403 | PSNR: 30.3178 | Loss: 5.4055 | lr: 1.25e-04 | Best_PSNR: 30.3184 | max_value: 255.0 in Epoch [391]
2022-07-24 03:31:23,912 INFO: Epoch: 404 | PSNR: 30.3180 | Loss: 5.4402 | lr: 1.25e-04 | Best_PSNR: 30.3184 | max_value: 255.0 in Epoch [391]
2022-07-24 03:32:05,571 INFO: Epoch: 405 | PSNR: 30.3185 | Loss: 5.3763 | lr: 1.25e-04 | Best_PSNR: 30.3185 | max_value: 255.0 in Epoch [405]
2022-07-24 03:32:46,945 INFO: Epoch: 406 | PSNR: 30.3184 | Loss: 5.3765 | lr: 1.25e-04 | Best_PSNR: 30.3185 | max_value: 255.0 in Epoch [405]
2022-07-24 03:33:26,904 INFO: Epoch: 407 | PSNR: 30.3182 | Loss: 5.4122 | lr: 1.25e-04 | Best_PSNR: 30.3185 | max_value: 255.0 in Epoch [405]
2022-07-24 03:34:11,923 INFO: Epoch: 408 | PSNR: 30.3181 | Loss: 5.4326 | lr: 1.25e-04 | Best_PSNR: 30.3185 | max_value: 255.0 in Epoch [405]
2022-07-24 03:34:54,401 INFO: Epoch: 409 | PSNR: 30.3184 | Loss: 5.3749 | lr: 1.25e-04 | Best_PSNR: 30.3185 | max_value: 255.0 in Epoch [405]
2022-07-24 03:35:34,155 INFO: Epoch: 410 | PSNR: 30.3182 | Loss: 5.4256 | lr: 1.25e-04 | Best_PSNR: 30.3185 | max_value: 255.0 in Epoch [405]
2022-07-24 03:36:14,857 INFO: Epoch: 411 | PSNR: 30.3178 | Loss: 5.3728 | lr: 1.25e-04 | Best_PSNR: 30.3185 | max_value: 255.0 in Epoch [405]
2022-07-24 03:36:58,437 INFO: Epoch: 412 | PSNR: 30.3182 | Loss: 5.3975 | lr: 1.25e-04 | Best_PSNR: 30.3185 | max_value: 255.0 in Epoch [405]
2022-07-24 03:37:42,765 INFO: Epoch: 413 | PSNR: 30.3179 | Loss: 5.3929 | lr: 1.25e-04 | Best_PSNR: 30.3185 | max_value: 255.0 in Epoch [405]
2022-07-24 03:38:25,906 INFO: Epoch: 414 | PSNR: 30.3182 | Loss: 5.3936 | lr: 1.25e-04 | Best_PSNR: 30.3185 | max_value: 255.0 in Epoch [405]
2022-07-24 03:39:09,750 INFO: Epoch: 415 | PSNR: 30.3182 | Loss: 5.3765 | lr: 1.25e-04 | Best_PSNR: 30.3185 | max_value: 255.0 in Epoch [405]
2022-07-24 03:39:52,137 INFO: Epoch: 416 | PSNR: 30.3184 | Loss: 5.4383 | lr: 1.25e-04 | Best_PSNR: 30.3185 | max_value: 255.0 in Epoch [405]
2022-07-24 03:40:35,373 INFO: Epoch: 417 | PSNR: 30.3179 | Loss: 5.3622 | lr: 1.25e-04 | Best_PSNR: 30.3185 | max_value: 255.0 in Epoch [405]
2022-07-24 03:41:23,256 INFO: Epoch: 418 | PSNR: 30.3178 | Loss: 5.3530 | lr: 1.25e-04 | Best_PSNR: 30.3185 | max_value: 255.0 in Epoch [405]
2022-07-24 03:42:07,758 INFO: Epoch: 419 | PSNR: 30.3185 | Loss: 5.3586 | lr: 1.25e-04 | Best_PSNR: 30.3185 | max_value: 255.0 in Epoch [419]
2022-07-24 03:42:50,952 INFO: Epoch: 420 | PSNR: 30.3180 | Loss: 5.3475 | lr: 1.25e-04 | Best_PSNR: 30.3185 | max_value: 255.0 in Epoch [419]
2022-07-24 03:43:34,358 INFO: Epoch: 421 | PSNR: 30.3180 | Loss: 5.3744 | lr: 1.25e-04 | Best_PSNR: 30.3185 | max_value: 255.0 in Epoch [419]
2022-07-24 03:44:13,509 INFO: Epoch: 422 | PSNR: 30.3182 | Loss: 5.4097 | lr: 1.25e-04 | Best_PSNR: 30.3185 | max_value: 255.0 in Epoch [419]
2022-07-24 03:44:52,262 INFO: Epoch: 423 | PSNR: 30.3184 | Loss: 5.3988 | lr: 1.25e-04 | Best_PSNR: 30.3185 | max_value: 255.0 in Epoch [419]
2022-07-24 03:45:31,178 INFO: Epoch: 424 | PSNR: 30.3188 | Loss: 5.4394 | lr: 1.25e-04 | Best_PSNR: 30.3188 | max_value: 255.0 in Epoch [424]
2022-07-24 03:46:11,067 INFO: Epoch: 425 | PSNR: 30.3185 | Loss: 5.4335 | lr: 1.25e-04 | Best_PSNR: 30.3188 | max_value: 255.0 in Epoch [424]
2022-07-24 03:46:48,508 INFO: Epoch: 426 | PSNR: 30.3183 | Loss: 5.3366 | lr: 1.25e-04 | Best_PSNR: 30.3188 | max_value: 255.0 in Epoch [424]
2022-07-24 03:47:25,831 INFO: Epoch: 427 | PSNR: 30.3183 | Loss: 5.3966 | lr: 1.25e-04 | Best_PSNR: 30.3188 | max_value: 255.0 in Epoch [424]
2022-07-24 03:48:03,636 INFO: Epoch: 428 | PSNR: 30.3182 | Loss: 5.4420 | lr: 1.25e-04 | Best_PSNR: 30.3188 | max_value: 255.0 in Epoch [424]
2022-07-24 03:48:41,548 INFO: Epoch: 429 | PSNR: 30.3184 | Loss: 5.4055 | lr: 1.25e-04 | Best_PSNR: 30.3188 | max_value: 255.0 in Epoch [424]
2022-07-24 03:49:20,282 INFO: Epoch: 430 | PSNR: 30.3195 | Loss: 5.4130 | lr: 1.25e-04 | Best_PSNR: 30.3195 | max_value: 255.0 in Epoch [430]
2022-07-24 03:49:58,028 INFO: Epoch: 431 | PSNR: 30.3191 | Loss: 5.4146 | lr: 1.25e-04 | Best_PSNR: 30.3195 | max_value: 255.0 in Epoch [430]
2022-07-24 03:50:36,083 INFO: Epoch: 432 | PSNR: 30.3188 | Loss: 5.3963 | lr: 1.25e-04 | Best_PSNR: 30.3195 | max_value: 255.0 in Epoch [430]
2022-07-24 03:51:13,464 INFO: Epoch: 433 | PSNR: 30.3190 | Loss: 5.3781 | lr: 1.25e-04 | Best_PSNR: 30.3195 | max_value: 255.0 in Epoch [430]
2022-07-24 03:51:51,466 INFO: Epoch: 434 | PSNR: 30.3186 | Loss: 5.4099 | lr: 1.25e-04 | Best_PSNR: 30.3195 | max_value: 255.0 in Epoch [430]
2022-07-24 03:52:32,517 INFO: Epoch: 435 | PSNR: 30.3186 | Loss: 5.3846 | lr: 1.25e-04 | Best_PSNR: 30.3195 | max_value: 255.0 in Epoch [430]
2022-07-24 03:53:13,661 INFO: Epoch: 436 | PSNR: 30.3186 | Loss: 5.3785 | lr: 1.25e-04 | Best_PSNR: 30.3195 | max_value: 255.0 in Epoch [430]
2022-07-24 03:53:57,077 INFO: Epoch: 437 | PSNR: 30.3179 | Loss: 5.4074 | lr: 1.25e-04 | Best_PSNR: 30.3195 | max_value: 255.0 in Epoch [430]
2022-07-24 03:54:39,155 INFO: Epoch: 438 | PSNR: 30.3186 | Loss: 5.4054 | lr: 1.25e-04 | Best_PSNR: 30.3195 | max_value: 255.0 in Epoch [430]
2022-07-24 03:55:20,056 INFO: Epoch: 439 | PSNR: 30.3195 | Loss: 5.3765 | lr: 1.25e-04 | Best_PSNR: 30.3195 | max_value: 255.0 in Epoch [430]
2022-07-24 03:56:03,812 INFO: Epoch: 440 | PSNR: 30.3189 | Loss: 5.4439 | lr: 1.25e-04 | Best_PSNR: 30.3195 | max_value: 255.0 in Epoch [430]
2022-07-24 03:56:44,573 INFO: Epoch: 441 | PSNR: 30.3190 | Loss: 5.3878 | lr: 1.25e-04 | Best_PSNR: 30.3195 | max_value: 255.0 in Epoch [430]
2022-07-24 03:57:26,133 INFO: Epoch: 442 | PSNR: 30.3193 | Loss: 5.3972 | lr: 1.25e-04 | Best_PSNR: 30.3195 | max_value: 255.0 in Epoch [430]
2022-07-24 03:58:11,139 INFO: Epoch: 443 | PSNR: 30.3191 | Loss: 5.4157 | lr: 1.25e-04 | Best_PSNR: 30.3195 | max_value: 255.0 in Epoch [430]
2022-07-24 03:58:52,869 INFO: Epoch: 444 | PSNR: 30.3190 | Loss: 5.3995 | lr: 1.25e-04 | Best_PSNR: 30.3195 | max_value: 255.0 in Epoch [430]
2022-07-24 03:59:30,721 INFO: Epoch: 445 | PSNR: 30.3192 | Loss: 5.3984 | lr: 1.25e-04 | Best_PSNR: 30.3195 | max_value: 255.0 in Epoch [430]
2022-07-24 04:00:12,400 INFO: Epoch: 446 | PSNR: 30.3187 | Loss: 5.3858 | lr: 1.25e-04 | Best_PSNR: 30.3195 | max_value: 255.0 in Epoch [430]
2022-07-24 04:00:52,581 INFO: Epoch: 447 | PSNR: 30.3188 | Loss: 5.4341 | lr: 1.25e-04 | Best_PSNR: 30.3195 | max_value: 255.0 in Epoch [430]
2022-07-24 04:01:34,517 INFO: Epoch: 448 | PSNR: 30.3195 | Loss: 5.4083 | lr: 1.25e-04 | Best_PSNR: 30.3195 | max_value: 255.0 in Epoch [430]
2022-07-24 04:02:14,986 INFO: Epoch: 449 | PSNR: 30.3196 | Loss: 5.4566 | lr: 1.25e-04 | Best_PSNR: 30.3196 | max_value: 255.0 in Epoch [449]
2022-07-24 04:02:56,554 INFO: Epoch: 450 | PSNR: 30.3193 | Loss: 5.3600 | lr: 1.25e-04 | Best_PSNR: 30.3196 | max_value: 255.0 in Epoch [449]
2022-07-24 04:03:38,282 INFO: Epoch: 451 | PSNR: 30.3189 | Loss: 5.3903 | lr: 1.25e-04 | Best_PSNR: 30.3196 | max_value: 255.0 in Epoch [449]
2022-07-24 04:04:20,770 INFO: Epoch: 452 | PSNR: 30.3185 | Loss: 5.4242 | lr: 1.25e-04 | Best_PSNR: 30.3196 | max_value: 255.0 in Epoch [449]
2022-07-24 04:05:04,317 INFO: Epoch: 453 | PSNR: 30.3188 | Loss: 5.4434 | lr: 1.25e-04 | Best_PSNR: 30.3196 | max_value: 255.0 in Epoch [449]
2022-07-24 04:05:43,919 INFO: Epoch: 454 | PSNR: 30.3193 | Loss: 5.3594 | lr: 1.25e-04 | Best_PSNR: 30.3196 | max_value: 255.0 in Epoch [449]
2022-07-24 04:06:22,053 INFO: Epoch: 455 | PSNR: 30.3191 | Loss: 5.3803 | lr: 1.25e-04 | Best_PSNR: 30.3196 | max_value: 255.0 in Epoch [449]
2022-07-24 04:07:00,721 INFO: Epoch: 456 | PSNR: 30.3191 | Loss: 5.4186 | lr: 1.25e-04 | Best_PSNR: 30.3196 | max_value: 255.0 in Epoch [449]
2022-07-24 04:07:39,907 INFO: Epoch: 457 | PSNR: 30.3186 | Loss: 5.4178 | lr: 1.25e-04 | Best_PSNR: 30.3196 | max_value: 255.0 in Epoch [449]
2022-07-24 04:08:19,213 INFO: Epoch: 458 | PSNR: 30.3200 | Loss: 5.3596 | lr: 1.25e-04 | Best_PSNR: 30.3200 | max_value: 255.0 in Epoch [458]
2022-07-24 04:08:57,871 INFO: Epoch: 459 | PSNR: 30.3200 | Loss: 5.4191 | lr: 1.25e-04 | Best_PSNR: 30.3200 | max_value: 255.0 in Epoch [458]
2022-07-24 04:09:36,633 INFO: Epoch: 460 | PSNR: 30.3204 | Loss: 5.3848 | lr: 1.25e-04 | Best_PSNR: 30.3204 | max_value: 255.0 in Epoch [460]
2022-07-24 04:10:15,917 INFO: Epoch: 461 | PSNR: 30.3205 | Loss: 5.3642 | lr: 1.25e-04 | Best_PSNR: 30.3205 | max_value: 255.0 in Epoch [461]
2022-07-24 04:10:54,866 INFO: Epoch: 462 | PSNR: 30.3197 | Loss: 5.4488 | lr: 1.25e-04 | Best_PSNR: 30.3205 | max_value: 255.0 in Epoch [461]
2022-07-24 04:11:32,371 INFO: Epoch: 463 | PSNR: 30.3199 | Loss: 5.4496 | lr: 1.25e-04 | Best_PSNR: 30.3205 | max_value: 255.0 in Epoch [461]
2022-07-24 04:12:12,091 INFO: Epoch: 464 | PSNR: 30.3196 | Loss: 5.3921 | lr: 1.25e-04 | Best_PSNR: 30.3205 | max_value: 255.0 in Epoch [461]
2022-07-24 04:12:50,541 INFO: Epoch: 465 | PSNR: 30.3203 | Loss: 5.4513 | lr: 1.25e-04 | Best_PSNR: 30.3205 | max_value: 255.0 in Epoch [461]
2022-07-24 04:13:32,641 INFO: Epoch: 466 | PSNR: 30.3203 | Loss: 5.4218 | lr: 1.25e-04 | Best_PSNR: 30.3205 | max_value: 255.0 in Epoch [461]
2022-07-24 04:14:14,928 INFO: Epoch: 467 | PSNR: 30.3200 | Loss: 5.3725 | lr: 1.25e-04 | Best_PSNR: 30.3205 | max_value: 255.0 in Epoch [461]
2022-07-24 04:14:57,765 INFO: Epoch: 468 | PSNR: 30.3203 | Loss: 5.3634 | lr: 1.25e-04 | Best_PSNR: 30.3205 | max_value: 255.0 in Epoch [461]
2022-07-24 04:15:40,137 INFO: Epoch: 469 | PSNR: 30.3206 | Loss: 5.4443 | lr: 1.25e-04 | Best_PSNR: 30.3206 | max_value: 255.0 in Epoch [469]
2022-07-24 04:16:24,723 INFO: Epoch: 470 | PSNR: 30.3207 | Loss: 5.3724 | lr: 1.25e-04 | Best_PSNR: 30.3207 | max_value: 255.0 in Epoch [470]
2022-07-24 04:17:07,827 INFO: Epoch: 471 | PSNR: 30.3204 | Loss: 5.4535 | lr: 1.25e-04 | Best_PSNR: 30.3207 | max_value: 255.0 in Epoch [470]
2022-07-24 04:17:49,622 INFO: Epoch: 472 | PSNR: 30.3206 | Loss: 5.3781 | lr: 1.25e-04 | Best_PSNR: 30.3207 | max_value: 255.0 in Epoch [470]
2022-07-24 04:18:30,010 INFO: Epoch: 473 | PSNR: 30.3196 | Loss: 5.3769 | lr: 1.25e-04 | Best_PSNR: 30.3207 | max_value: 255.0 in Epoch [470]
2022-07-24 04:19:12,754 INFO: Epoch: 474 | PSNR: 30.3197 | Loss: 5.3822 | lr: 1.25e-04 | Best_PSNR: 30.3207 | max_value: 255.0 in Epoch [470]
2022-07-24 04:19:54,364 INFO: Epoch: 475 | PSNR: 30.3202 | Loss: 5.3418 | lr: 1.25e-04 | Best_PSNR: 30.3207 | max_value: 255.0 in Epoch [470]
2022-07-24 04:20:35,446 INFO: Epoch: 476 | PSNR: 30.3204 | Loss: 5.3863 | lr: 1.25e-04 | Best_PSNR: 30.3207 | max_value: 255.0 in Epoch [470]
2022-07-24 04:21:17,186 INFO: Epoch: 477 | PSNR: 30.3200 | Loss: 5.4247 | lr: 1.25e-04 | Best_PSNR: 30.3207 | max_value: 255.0 in Epoch [470]
2022-07-24 04:21:57,807 INFO: Epoch: 478 | PSNR: 30.3205 | Loss: 5.3964 | lr: 1.25e-04 | Best_PSNR: 30.3207 | max_value: 255.0 in Epoch [470]
2022-07-24 04:22:36,969 INFO: Epoch: 479 | PSNR: 30.3202 | Loss: 5.4029 | lr: 1.25e-04 | Best_PSNR: 30.3207 | max_value: 255.0 in Epoch [470]
2022-07-24 04:23:15,867 INFO: Epoch: 480 | PSNR: 30.3203 | Loss: 5.3795 | lr: 1.25e-04 | Best_PSNR: 30.3207 | max_value: 255.0 in Epoch [470]
2022-07-24 04:23:55,119 INFO: Epoch: 481 | PSNR: 30.3205 | Loss: 5.3781 | lr: 6.25e-05 | Best_PSNR: 30.3207 | max_value: 255.0 in Epoch [470]
2022-07-24 04:24:36,335 INFO: Epoch: 482 | PSNR: 30.3215 | Loss: 5.3609 | lr: 6.25e-05 | Best_PSNR: 30.3215 | max_value: 255.0 in Epoch [482]
2022-07-24 04:25:17,372 INFO: Epoch: 483 | PSNR: 30.3215 | Loss: 5.3973 | lr: 6.25e-05 | Best_PSNR: 30.3215 | max_value: 255.0 in Epoch [482]
2022-07-24 04:25:58,408 INFO: Epoch: 484 | PSNR: 30.3215 | Loss: 5.3821 | lr: 6.25e-05 | Best_PSNR: 30.3215 | max_value: 255.0 in Epoch [484]
2022-07-24 04:26:39,686 INFO: Epoch: 485 | PSNR: 30.3208 | Loss: 5.3868 | lr: 6.25e-05 | Best_PSNR: 30.3215 | max_value: 255.0 in Epoch [484]
2022-07-24 04:27:19,206 INFO: Epoch: 486 | PSNR: 30.3209 | Loss: 5.3643 | lr: 6.25e-05 | Best_PSNR: 30.3215 | max_value: 255.0 in Epoch [484]
2022-07-24 04:27:57,655 INFO: Epoch: 487 | PSNR: 30.3211 | Loss: 5.3862 | lr: 6.25e-05 | Best_PSNR: 30.3215 | max_value: 255.0 in Epoch [484]
2022-07-24 04:28:36,082 INFO: Epoch: 488 | PSNR: 30.3210 | Loss: 5.3886 | lr: 6.25e-05 | Best_PSNR: 30.3215 | max_value: 255.0 in Epoch [484]
2022-07-24 04:29:14,803 INFO: Epoch: 489 | PSNR: 30.3207 | Loss: 5.3560 | lr: 6.25e-05 | Best_PSNR: 30.3215 | max_value: 255.0 in Epoch [484]
2022-07-24 04:29:57,312 INFO: Epoch: 490 | PSNR: 30.3212 | Loss: 5.3426 | lr: 6.25e-05 | Best_PSNR: 30.3215 | max_value: 255.0 in Epoch [484]
2022-07-24 04:30:36,323 INFO: Epoch: 491 | PSNR: 30.3214 | Loss: 5.4061 | lr: 6.25e-05 | Best_PSNR: 30.3215 | max_value: 255.0 in Epoch [484]
2022-07-24 04:31:16,360 INFO: Epoch: 492 | PSNR: 30.3217 | Loss: 5.3410 | lr: 6.25e-05 | Best_PSNR: 30.3217 | max_value: 255.0 in Epoch [492]
2022-07-24 04:31:55,474 INFO: Epoch: 493 | PSNR: 30.3211 | Loss: 5.3961 | lr: 6.25e-05 | Best_PSNR: 30.3217 | max_value: 255.0 in Epoch [492]
2022-07-24 04:32:33,658 INFO: Epoch: 494 | PSNR: 30.3211 | Loss: 5.4091 | lr: 6.25e-05 | Best_PSNR: 30.3217 | max_value: 255.0 in Epoch [492]
2022-07-24 04:33:10,695 INFO: Epoch: 495 | PSNR: 30.3214 | Loss: 5.3865 | lr: 6.25e-05 | Best_PSNR: 30.3217 | max_value: 255.0 in Epoch [492]
2022-07-24 04:33:49,478 INFO: Epoch: 496 | PSNR: 30.3217 | Loss: 5.4086 | lr: 6.25e-05 | Best_PSNR: 30.3217 | max_value: 255.0 in Epoch [496]
2022-07-24 04:34:32,139 INFO: Epoch: 497 | PSNR: 30.3214 | Loss: 5.4234 | lr: 6.25e-05 | Best_PSNR: 30.3217 | max_value: 255.0 in Epoch [496]
2022-07-24 04:35:15,318 INFO: Epoch: 498 | PSNR: 30.3217 | Loss: 5.4173 | lr: 6.25e-05 | Best_PSNR: 30.3217 | max_value: 255.0 in Epoch [498]
2022-07-24 04:35:56,992 INFO: Epoch: 499 | PSNR: 30.3216 | Loss: 5.3973 | lr: 6.25e-05 | Best_PSNR: 30.3217 | max_value: 255.0 in Epoch [498]
2022-07-24 04:36:38,715 INFO: Epoch: 500 | PSNR: 30.3218 | Loss: 5.4285 | lr: 6.25e-05 | Best_PSNR: 30.3218 | max_value: 255.0 in Epoch [500]
2022-07-24 04:37:17,743 INFO: Epoch: 501 | PSNR: 30.3215 | Loss: 5.3681 | lr: 6.25e-05 | Best_PSNR: 30.3218 | max_value: 255.0 in Epoch [500]
2022-07-24 04:37:55,394 INFO: Epoch: 502 | PSNR: 30.3216 | Loss: 5.4187 | lr: 6.25e-05 | Best_PSNR: 30.3218 | max_value: 255.0 in Epoch [500]
2022-07-24 04:38:33,973 INFO: Epoch: 503 | PSNR: 30.3216 | Loss: 5.3734 | lr: 6.25e-05 | Best_PSNR: 30.3218 | max_value: 255.0 in Epoch [500]
2022-07-24 04:39:12,956 INFO: Epoch: 504 | PSNR: 30.3215 | Loss: 5.4154 | lr: 6.25e-05 | Best_PSNR: 30.3218 | max_value: 255.0 in Epoch [500]
2022-07-24 04:39:53,098 INFO: Epoch: 505 | PSNR: 30.3216 | Loss: 5.3773 | lr: 6.25e-05 | Best_PSNR: 30.3218 | max_value: 255.0 in Epoch [500]
2022-07-24 04:40:33,329 INFO: Epoch: 506 | PSNR: 30.3217 | Loss: 5.4572 | lr: 6.25e-05 | Best_PSNR: 30.3218 | max_value: 255.0 in Epoch [500]
2022-07-24 04:41:14,624 INFO: Epoch: 507 | PSNR: 30.3220 | Loss: 5.4327 | lr: 6.25e-05 | Best_PSNR: 30.3220 | max_value: 255.0 in Epoch [507]
2022-07-24 04:41:53,080 INFO: Epoch: 508 | PSNR: 30.3220 | Loss: 5.4082 | lr: 6.25e-05 | Best_PSNR: 30.3220 | max_value: 255.0 in Epoch [507]
2022-07-24 04:42:31,291 INFO: Epoch: 509 | PSNR: 30.3218 | Loss: 5.3850 | lr: 6.25e-05 | Best_PSNR: 30.3220 | max_value: 255.0 in Epoch [507]
2022-07-24 04:43:09,126 INFO: Epoch: 510 | PSNR: 30.3220 | Loss: 5.4088 | lr: 6.25e-05 | Best_PSNR: 30.3220 | max_value: 255.0 in Epoch [507]
2022-07-24 04:43:50,458 INFO: Epoch: 511 | PSNR: 30.3214 | Loss: 5.4673 | lr: 6.25e-05 | Best_PSNR: 30.3220 | max_value: 255.0 in Epoch [507]
2022-07-24 04:44:32,886 INFO: Epoch: 512 | PSNR: 30.3221 | Loss: 5.3757 | lr: 6.25e-05 | Best_PSNR: 30.3221 | max_value: 255.0 in Epoch [512]
2022-07-24 04:45:12,599 INFO: Epoch: 513 | PSNR: 30.3216 | Loss: 5.3762 | lr: 6.25e-05 | Best_PSNR: 30.3221 | max_value: 255.0 in Epoch [512]
2022-07-24 04:45:54,779 INFO: Epoch: 514 | PSNR: 30.3219 | Loss: 5.4162 | lr: 6.25e-05 | Best_PSNR: 30.3221 | max_value: 255.0 in Epoch [512]
2022-07-24 04:46:36,102 INFO: Epoch: 515 | PSNR: 30.3213 | Loss: 5.3764 | lr: 6.25e-05 | Best_PSNR: 30.3221 | max_value: 255.0 in Epoch [512]
2022-07-24 04:47:17,212 INFO: Epoch: 516 | PSNR: 30.3215 | Loss: 5.4155 | lr: 6.25e-05 | Best_PSNR: 30.3221 | max_value: 255.0 in Epoch [512]
2022-07-24 04:48:00,608 INFO: Epoch: 517 | PSNR: 30.3220 | Loss: 5.4052 | lr: 6.25e-05 | Best_PSNR: 30.3221 | max_value: 255.0 in Epoch [512]
2022-07-24 04:48:42,947 INFO: Epoch: 518 | PSNR: 30.3218 | Loss: 5.4291 | lr: 6.25e-05 | Best_PSNR: 30.3221 | max_value: 255.0 in Epoch [512]
2022-07-24 04:49:24,643 INFO: Epoch: 519 | PSNR: 30.3225 | Loss: 5.3962 | lr: 6.25e-05 | Best_PSNR: 30.3225 | max_value: 255.0 in Epoch [519]
2022-07-24 04:50:08,643 INFO: Epoch: 520 | PSNR: 30.3226 | Loss: 5.4301 | lr: 6.25e-05 | Best_PSNR: 30.3226 | max_value: 255.0 in Epoch [520]
2022-07-24 04:50:52,653 INFO: Epoch: 521 | PSNR: 30.3222 | Loss: 5.4180 | lr: 6.25e-05 | Best_PSNR: 30.3226 | max_value: 255.0 in Epoch [520]
2022-07-24 04:51:33,376 INFO: Epoch: 522 | PSNR: 30.3226 | Loss: 5.3316 | lr: 6.25e-05 | Best_PSNR: 30.3226 | max_value: 255.0 in Epoch [520]
2022-07-24 04:52:14,020 INFO: Epoch: 523 | PSNR: 30.3224 | Loss: 5.3756 | lr: 6.25e-05 | Best_PSNR: 30.3226 | max_value: 255.0 in Epoch [520]
2022-07-24 04:52:53,883 INFO: Epoch: 524 | PSNR: 30.3222 | Loss: 5.3564 | lr: 6.25e-05 | Best_PSNR: 30.3226 | max_value: 255.0 in Epoch [520]
2022-07-24 04:53:34,205 INFO: Epoch: 525 | PSNR: 30.3223 | Loss: 5.3988 | lr: 6.25e-05 | Best_PSNR: 30.3226 | max_value: 255.0 in Epoch [520]
2022-07-24 04:54:16,223 INFO: Epoch: 526 | PSNR: 30.3224 | Loss: 5.4251 | lr: 6.25e-05 | Best_PSNR: 30.3226 | max_value: 255.0 in Epoch [520]
2022-07-24 04:55:00,261 INFO: Epoch: 527 | PSNR: 30.3223 | Loss: 5.3950 | lr: 6.25e-05 | Best_PSNR: 30.3226 | max_value: 255.0 in Epoch [520]
2022-07-24 04:55:42,114 INFO: Epoch: 528 | PSNR: 30.3223 | Loss: 5.3796 | lr: 6.25e-05 | Best_PSNR: 30.3226 | max_value: 255.0 in Epoch [520]
2022-07-24 04:56:24,504 INFO: Epoch: 529 | PSNR: 30.3223 | Loss: 5.3675 | lr: 6.25e-05 | Best_PSNR: 30.3226 | max_value: 255.0 in Epoch [520]
2022-07-24 04:57:05,785 INFO: Epoch: 530 | PSNR: 30.3224 | Loss: 5.3911 | lr: 6.25e-05 | Best_PSNR: 30.3226 | max_value: 255.0 in Epoch [520]
2022-07-24 04:57:48,326 INFO: Epoch: 531 | PSNR: 30.3226 | Loss: 5.3667 | lr: 6.25e-05 | Best_PSNR: 30.3226 | max_value: 255.0 in Epoch [520]
2022-07-24 04:58:28,025 INFO: Epoch: 532 | PSNR: 30.3229 | Loss: 5.3568 | lr: 6.25e-05 | Best_PSNR: 30.3229 | max_value: 255.0 in Epoch [532]
2022-07-24 04:59:06,068 INFO: Epoch: 533 | PSNR: 30.3229 | Loss: 5.3281 | lr: 6.25e-05 | Best_PSNR: 30.3229 | max_value: 255.0 in Epoch [533]
2022-07-24 04:59:44,629 INFO: Epoch: 534 | PSNR: 30.3222 | Loss: 5.3783 | lr: 6.25e-05 | Best_PSNR: 30.3229 | max_value: 255.0 in Epoch [533]
2022-07-24 05:00:24,050 INFO: Epoch: 535 | PSNR: 30.3227 | Loss: 5.4148 | lr: 6.25e-05 | Best_PSNR: 30.3229 | max_value: 255.0 in Epoch [533]
2022-07-24 05:01:07,133 INFO: Epoch: 536 | PSNR: 30.3227 | Loss: 5.4113 | lr: 6.25e-05 | Best_PSNR: 30.3229 | max_value: 255.0 in Epoch [533]
2022-07-24 05:01:48,824 INFO: Epoch: 537 | PSNR: 30.3231 | Loss: 5.3959 | lr: 6.25e-05 | Best_PSNR: 30.3231 | max_value: 255.0 in Epoch [537]
2022-07-24 05:02:29,916 INFO: Epoch: 538 | PSNR: 30.3227 | Loss: 5.4059 | lr: 6.25e-05 | Best_PSNR: 30.3231 | max_value: 255.0 in Epoch [537]
2022-07-24 05:03:11,749 INFO: Epoch: 539 | PSNR: 30.3225 | Loss: 5.3483 | lr: 6.25e-05 | Best_PSNR: 30.3231 | max_value: 255.0 in Epoch [537]
2022-07-24 05:03:53,071 INFO: Epoch: 540 | PSNR: 30.3224 | Loss: 5.4194 | lr: 6.25e-05 | Best_PSNR: 30.3231 | max_value: 255.0 in Epoch [537]
2022-07-24 05:04:38,353 INFO: Epoch: 541 | PSNR: 30.3226 | Loss: 5.3654 | lr: 6.25e-05 | Best_PSNR: 30.3231 | max_value: 255.0 in Epoch [537]
2022-07-24 05:05:17,720 INFO: Epoch: 542 | PSNR: 30.3228 | Loss: 5.4109 | lr: 6.25e-05 | Best_PSNR: 30.3231 | max_value: 255.0 in Epoch [537]
2022-07-24 05:06:00,132 INFO: Epoch: 543 | PSNR: 30.3231 | Loss: 5.3897 | lr: 6.25e-05 | Best_PSNR: 30.3231 | max_value: 255.0 in Epoch [543]
2022-07-24 05:06:39,811 INFO: Epoch: 544 | PSNR: 30.3234 | Loss: 5.3837 | lr: 6.25e-05 | Best_PSNR: 30.3234 | max_value: 255.0 in Epoch [544]
2022-07-24 05:07:17,654 INFO: Epoch: 545 | PSNR: 30.3231 | Loss: 5.3897 | lr: 6.25e-05 | Best_PSNR: 30.3234 | max_value: 255.0 in Epoch [544]
2022-07-24 05:07:56,609 INFO: Epoch: 546 | PSNR: 30.3225 | Loss: 5.3728 | lr: 6.25e-05 | Best_PSNR: 30.3234 | max_value: 255.0 in Epoch [544]
2022-07-24 05:08:35,503 INFO: Epoch: 547 | PSNR: 30.3226 | Loss: 5.3932 | lr: 6.25e-05 | Best_PSNR: 30.3234 | max_value: 255.0 in Epoch [544]
2022-07-24 05:09:15,826 INFO: Epoch: 548 | PSNR: 30.3228 | Loss: 5.3670 | lr: 6.25e-05 | Best_PSNR: 30.3234 | max_value: 255.0 in Epoch [544]
2022-07-24 05:09:56,915 INFO: Epoch: 549 | PSNR: 30.3229 | Loss: 5.4536 | lr: 6.25e-05 | Best_PSNR: 30.3234 | max_value: 255.0 in Epoch [544]
2022-07-24 05:10:37,463 INFO: Epoch: 550 | PSNR: 30.3225 | Loss: 5.3782 | lr: 6.25e-05 | Best_PSNR: 30.3234 | max_value: 255.0 in Epoch [544]
2022-07-24 05:11:19,805 INFO: Epoch: 551 | PSNR: 30.3225 | Loss: 5.4144 | lr: 6.25e-05 | Best_PSNR: 30.3234 | max_value: 255.0 in Epoch [544]
2022-07-24 05:12:05,317 INFO: Epoch: 552 | PSNR: 30.3231 | Loss: 5.3829 | lr: 6.25e-05 | Best_PSNR: 30.3234 | max_value: 255.0 in Epoch [544]
2022-07-24 05:12:45,865 INFO: Epoch: 553 | PSNR: 30.3231 | Loss: 5.3992 | lr: 6.25e-05 | Best_PSNR: 30.3234 | max_value: 255.0 in Epoch [544]
2022-07-24 05:13:26,575 INFO: Epoch: 554 | PSNR: 30.3231 | Loss: 5.4076 | lr: 6.25e-05 | Best_PSNR: 30.3234 | max_value: 255.0 in Epoch [544]
2022-07-24 05:14:06,991 INFO: Epoch: 555 | PSNR: 30.3228 | Loss: 5.4255 | lr: 6.25e-05 | Best_PSNR: 30.3234 | max_value: 255.0 in Epoch [544]
2022-07-24 05:14:47,757 INFO: Epoch: 556 | PSNR: 30.3227 | Loss: 5.4063 | lr: 6.25e-05 | Best_PSNR: 30.3234 | max_value: 255.0 in Epoch [544]
2022-07-24 05:15:30,172 INFO: Epoch: 557 | PSNR: 30.3221 | Loss: 5.4022 | lr: 6.25e-05 | Best_PSNR: 30.3234 | max_value: 255.0 in Epoch [544]
2022-07-24 05:16:12,241 INFO: Epoch: 558 | PSNR: 30.3229 | Loss: 5.4457 | lr: 6.25e-05 | Best_PSNR: 30.3234 | max_value: 255.0 in Epoch [544]
2022-07-24 05:16:55,121 INFO: Epoch: 559 | PSNR: 30.3227 | Loss: 5.4033 | lr: 6.25e-05 | Best_PSNR: 30.3234 | max_value: 255.0 in Epoch [544]
2022-07-24 05:17:36,899 INFO: Epoch: 560 | PSNR: 30.3225 | Loss: 5.4381 | lr: 6.25e-05 | Best_PSNR: 30.3234 | max_value: 255.0 in Epoch [544]
2022-07-24 05:18:19,796 INFO: Epoch: 561 | PSNR: 30.3222 | Loss: 5.3678 | lr: 6.25e-05 | Best_PSNR: 30.3234 | max_value: 255.0 in Epoch [544]
2022-07-24 05:19:03,959 INFO: Epoch: 562 | PSNR: 30.3224 | Loss: 5.3739 | lr: 6.25e-05 | Best_PSNR: 30.3234 | max_value: 255.0 in Epoch [544]
2022-07-24 05:19:46,103 INFO: Epoch: 563 | PSNR: 30.3224 | Loss: 5.4315 | lr: 6.25e-05 | Best_PSNR: 30.3234 | max_value: 255.0 in Epoch [544]
2022-07-24 05:20:27,762 INFO: Epoch: 564 | PSNR: 30.3229 | Loss: 5.4048 | lr: 6.25e-05 | Best_PSNR: 30.3234 | max_value: 255.0 in Epoch [544]
2022-07-24 05:21:10,846 INFO: Epoch: 565 | PSNR: 30.3229 | Loss: 5.3942 | lr: 6.25e-05 | Best_PSNR: 30.3234 | max_value: 255.0 in Epoch [544]
2022-07-24 05:21:56,641 INFO: Epoch: 566 | PSNR: 30.3225 | Loss: 5.4469 | lr: 6.25e-05 | Best_PSNR: 30.3234 | max_value: 255.0 in Epoch [544]
2022-07-24 05:22:38,775 INFO: Epoch: 567 | PSNR: 30.3223 | Loss: 5.4518 | lr: 6.25e-05 | Best_PSNR: 30.3234 | max_value: 255.0 in Epoch [544]
2022-07-24 05:23:20,484 INFO: Epoch: 568 | PSNR: 30.3227 | Loss: 5.3902 | lr: 6.25e-05 | Best_PSNR: 30.3234 | max_value: 255.0 in Epoch [544]
2022-07-24 05:24:02,234 INFO: Epoch: 569 | PSNR: 30.3231 | Loss: 5.4511 | lr: 6.25e-05 | Best_PSNR: 30.3234 | max_value: 255.0 in Epoch [544]
2022-07-24 05:24:45,941 INFO: Epoch: 570 | PSNR: 30.3236 | Loss: 5.3677 | lr: 6.25e-05 | Best_PSNR: 30.3236 | max_value: 255.0 in Epoch [570]
2022-07-24 05:25:30,843 INFO: Epoch: 571 | PSNR: 30.3237 | Loss: 5.3771 | lr: 6.25e-05 | Best_PSNR: 30.3237 | max_value: 255.0 in Epoch [571]
2022-07-24 05:26:14,535 INFO: Epoch: 572 | PSNR: 30.3230 | Loss: 5.3998 | lr: 6.25e-05 | Best_PSNR: 30.3237 | max_value: 255.0 in Epoch [571]
2022-07-24 05:27:01,694 INFO: Epoch: 573 | PSNR: 30.3234 | Loss: 5.3734 | lr: 6.25e-05 | Best_PSNR: 30.3237 | max_value: 255.0 in Epoch [571]
2022-07-24 05:27:46,611 INFO: Epoch: 574 | PSNR: 30.3230 | Loss: 5.3826 | lr: 6.25e-05 | Best_PSNR: 30.3237 | max_value: 255.0 in Epoch [571]
2022-07-24 05:28:33,826 INFO: Epoch: 575 | PSNR: 30.3236 | Loss: 5.4102 | lr: 6.25e-05 | Best_PSNR: 30.3237 | max_value: 255.0 in Epoch [571]
2022-07-24 05:29:18,432 INFO: Epoch: 576 | PSNR: 30.3236 | Loss: 5.4071 | lr: 6.25e-05 | Best_PSNR: 30.3237 | max_value: 255.0 in Epoch [571]
2022-07-24 05:30:04,208 INFO: Epoch: 577 | PSNR: 30.3234 | Loss: 5.3874 | lr: 6.25e-05 | Best_PSNR: 30.3237 | max_value: 255.0 in Epoch [571]
2022-07-24 05:30:48,143 INFO: Epoch: 578 | PSNR: 30.3231 | Loss: 5.3652 | lr: 6.25e-05 | Best_PSNR: 30.3237 | max_value: 255.0 in Epoch [571]
2022-07-24 05:31:34,519 INFO: Epoch: 579 | PSNR: 30.3232 | Loss: 5.3706 | lr: 6.25e-05 | Best_PSNR: 30.3237 | max_value: 255.0 in Epoch [571]
2022-07-24 05:32:20,863 INFO: Epoch: 580 | PSNR: 30.3230 | Loss: 5.3839 | lr: 6.25e-05 | Best_PSNR: 30.3237 | max_value: 255.0 in Epoch [571]
2022-07-24 05:33:11,813 INFO: Epoch: 581 | PSNR: 30.3235 | Loss: 5.3816 | lr: 6.25e-05 | Best_PSNR: 30.3237 | max_value: 255.0 in Epoch [571]
2022-07-24 05:33:56,695 INFO: Epoch: 582 | PSNR: 30.3229 | Loss: 5.4062 | lr: 6.25e-05 | Best_PSNR: 30.3237 | max_value: 255.0 in Epoch [571]
2022-07-24 05:34:36,469 INFO: Epoch: 583 | PSNR: 30.3233 | Loss: 5.3667 | lr: 6.25e-05 | Best_PSNR: 30.3237 | max_value: 255.0 in Epoch [571]
2022-07-24 05:35:13,241 INFO: Epoch: 584 | PSNR: 30.3232 | Loss: 5.3802 | lr: 6.25e-05 | Best_PSNR: 30.3237 | max_value: 255.0 in Epoch [571]
2022-07-24 05:35:48,789 INFO: Epoch: 585 | PSNR: 30.3231 | Loss: 5.3901 | lr: 6.25e-05 | Best_PSNR: 30.3237 | max_value: 255.0 in Epoch [571]
2022-07-24 05:36:25,594 INFO: Epoch: 586 | PSNR: 30.3231 | Loss: 5.3553 | lr: 6.25e-05 | Best_PSNR: 30.3237 | max_value: 255.0 in Epoch [571]
2022-07-24 05:37:01,400 INFO: Epoch: 587 | PSNR: 30.3231 | Loss: 5.4243 | lr: 6.25e-05 | Best_PSNR: 30.3237 | max_value: 255.0 in Epoch [571]
2022-07-24 05:37:37,942 INFO: Epoch: 588 | PSNR: 30.3229 | Loss: 5.3848 | lr: 6.25e-05 | Best_PSNR: 30.3237 | max_value: 255.0 in Epoch [571]
2022-07-24 05:38:13,990 INFO: Epoch: 589 | PSNR: 30.3232 | Loss: 5.3672 | lr: 6.25e-05 | Best_PSNR: 30.3237 | max_value: 255.0 in Epoch [571]
2022-07-24 05:38:50,987 INFO: Epoch: 590 | PSNR: 30.3227 | Loss: 5.3575 | lr: 6.25e-05 | Best_PSNR: 30.3237 | max_value: 255.0 in Epoch [571]
2022-07-24 05:39:26,313 INFO: Epoch: 591 | PSNR: 30.3235 | Loss: 5.3399 | lr: 6.25e-05 | Best_PSNR: 30.3237 | max_value: 255.0 in Epoch [571]
2022-07-24 05:40:02,309 INFO: Epoch: 592 | PSNR: 30.3232 | Loss: 5.3791 | lr: 6.25e-05 | Best_PSNR: 30.3237 | max_value: 255.0 in Epoch [571]
2022-07-24 05:40:37,520 INFO: Epoch: 593 | PSNR: 30.3225 | Loss: 5.4266 | lr: 6.25e-05 | Best_PSNR: 30.3237 | max_value: 255.0 in Epoch [571]
2022-07-24 05:41:13,014 INFO: Epoch: 594 | PSNR: 30.3227 | Loss: 5.3999 | lr: 6.25e-05 | Best_PSNR: 30.3237 | max_value: 255.0 in Epoch [571]
2022-07-24 05:41:48,145 INFO: Epoch: 595 | PSNR: 30.3231 | Loss: 5.3636 | lr: 6.25e-05 | Best_PSNR: 30.3237 | max_value: 255.0 in Epoch [571]
2022-07-24 05:42:23,521 INFO: Epoch: 596 | PSNR: 30.3230 | Loss: 5.3665 | lr: 6.25e-05 | Best_PSNR: 30.3237 | max_value: 255.0 in Epoch [571]
2022-07-24 05:42:58,525 INFO: Epoch: 597 | PSNR: 30.3230 | Loss: 5.4264 | lr: 6.25e-05 | Best_PSNR: 30.3237 | max_value: 255.0 in Epoch [571]
2022-07-24 05:43:33,663 INFO: Epoch: 598 | PSNR: 30.3232 | Loss: 5.4183 | lr: 6.25e-05 | Best_PSNR: 30.3237 | max_value: 255.0 in Epoch [571]
2022-07-24 05:44:08,959 INFO: Epoch: 599 | PSNR: 30.3230 | Loss: 5.4009 | lr: 6.25e-05 | Best_PSNR: 30.3237 | max_value: 255.0 in Epoch [571]
2022-07-24 05:44:44,791 INFO: Epoch: 600 | PSNR: 30.3231 | Loss: 5.3819 | lr: 6.25e-05 | Best_PSNR: 30.3237 | max_value: 255.0 in Epoch [571]
