2022-07-15 12:35:49,361 INFO: Create train dataset successfully!
2022-07-15 12:35:49,361 INFO: Training: [1000] iterations for each epoch
2022-07-15 12:35:49,361 INFO: Create val dataset successfully!
2022-07-15 12:35:49,361 INFO: Validating: [100] iterations for each epoch
2022-07-15 12:35:49,361 INFO: Preparing for experiment: [trial8]
2022-07-15 12:35:51,127 INFO: Create model successfully! Params: [25.21]K
2022-07-15 12:35:51,127 INFO: Model: "model"
2022-07-15 12:35:51,127 INFO: __________________________________________________________________________________________________
2022-07-15 12:35:51,127 INFO: Layer (type)                    Output Shape         Param #     Connected to                     
2022-07-15 12:35:51,127 INFO: ==================================================================================================
2022-07-15 12:35:51,128 INFO: input_1 (InputLayer)            [(None, None, None,  0                                            
2022-07-15 12:35:51,128 INFO: __________________________________________________________________________________________________
2022-07-15 12:35:51,128 INFO: conv2d (Conv2D)                 (None, None, None, 3 896         input_1[0][0]                    
2022-07-15 12:35:51,128 INFO: __________________________________________________________________________________________________
2022-07-15 12:35:51,128 INFO: zero_padding2d (ZeroPadding2D)  (None, None, None, 3 0           conv2d[0][0]                     
2022-07-15 12:35:51,128 INFO: __________________________________________________________________________________________________
2022-07-15 12:35:51,128 INFO: conv2d_1 (Conv2D)               (None, None, None, 3 4128        zero_padding2d[0][0]             
2022-07-15 12:35:51,128 INFO: __________________________________________________________________________________________________
2022-07-15 12:35:51,128 INFO: conv2d_2 (Conv2D)               (None, None, None, 3 4128        conv2d_1[0][0]                   
2022-07-15 12:35:51,128 INFO: __________________________________________________________________________________________________
2022-07-15 12:35:51,128 INFO: conv2d_3 (Conv2D)               (None, None, None, 3 4128        conv2d_2[0][0]                   
2022-07-15 12:35:51,128 INFO: __________________________________________________________________________________________________
2022-07-15 12:35:51,128 INFO: conv2d_4 (Conv2D)               (None, None, None, 3 4128        conv2d_3[0][0]                   
2022-07-15 12:35:51,128 INFO: __________________________________________________________________________________________________
2022-07-15 12:35:51,129 INFO: lambda (Lambda)                 (None, None, None, 2 0           input_1[0][0]                    
2022-07-15 12:35:51,129 INFO:                                                                  input_1[0][0]                    
2022-07-15 12:35:51,129 INFO:                                                                  input_1[0][0]                    
2022-07-15 12:35:51,129 INFO:                                                                  input_1[0][0]                    
2022-07-15 12:35:51,129 INFO:                                                                  input_1[0][0]                    
2022-07-15 12:35:51,129 INFO:                                                                  input_1[0][0]                    
2022-07-15 12:35:51,129 INFO:                                                                  input_1[0][0]                    
2022-07-15 12:35:51,129 INFO:                                                                  input_1[0][0]                    
2022-07-15 12:35:51,129 INFO:                                                                  input_1[0][0]                    
2022-07-15 12:35:51,129 INFO: __________________________________________________________________________________________________
2022-07-15 12:35:51,129 INFO: conv2d_5 (Conv2D)               (None, None, None, 2 7803        conv2d_4[0][0]                   
2022-07-15 12:35:51,129 INFO: __________________________________________________________________________________________________
2022-07-15 12:35:51,129 INFO: add (Add)                       (None, None, None, 2 0           lambda[0][0]                     
2022-07-15 12:35:51,129 INFO:                                                                  conv2d_5[0][0]                   
2022-07-15 12:35:51,129 INFO: __________________________________________________________________________________________________
2022-07-15 12:35:51,129 INFO: lambda_1 (Lambda)               (None, None, None, 3 0           add[0][0]                        
2022-07-15 12:35:51,129 INFO: ==================================================================================================
2022-07-15 12:35:51,130 INFO: Total params: 25,211
2022-07-15 12:35:51,130 INFO: Trainable params: 25,211
2022-07-15 12:35:51,130 INFO: Non-trainable params: 0
2022-07-15 12:35:51,130 INFO: __________________________________________________________________________________________________
2022-07-15 12:35:51,132 INFO: Start training...
2022-07-15 12:37:00,953 INFO: Epoch: 1 | PSNR: 26.9839 | Loss: 6.2685 | lr: 1.00e-03 | Best_PSNR: 26.9839 in Epoch [1]
2022-07-15 12:38:07,461 INFO: Epoch: 2 | PSNR: 28.1275 | Loss: 5.9068 | lr: 1.00e-03 | Best_PSNR: 28.1275 in Epoch [2]
2022-07-15 12:38:59,645 INFO: Epoch: 3 | PSNR: 29.1209 | Loss: 5.8209 | lr: 1.00e-03 | Best_PSNR: 29.1209 in Epoch [3]
2022-07-15 12:39:50,714 INFO: Epoch: 4 | PSNR: 29.4987 | Loss: 5.7795 | lr: 1.00e-03 | Best_PSNR: 29.4987 in Epoch [4]
2022-07-15 12:40:39,655 INFO: Epoch: 5 | PSNR: 29.6417 | Loss: 5.7696 | lr: 1.00e-03 | Best_PSNR: 29.6417 in Epoch [5]
2022-07-15 12:41:31,099 INFO: Epoch: 6 | PSNR: 29.7057 | Loss: 5.7658 | lr: 1.00e-03 | Best_PSNR: 29.7057 in Epoch [6]
2022-07-15 12:42:20,860 INFO: Epoch: 7 | PSNR: 29.7406 | Loss: 5.7384 | lr: 1.00e-03 | Best_PSNR: 29.7406 in Epoch [7]
2022-07-15 12:43:13,749 INFO: Epoch: 8 | PSNR: 29.7730 | Loss: 5.7216 | lr: 1.00e-03 | Best_PSNR: 29.7730 in Epoch [8]
2022-07-15 12:44:05,954 INFO: Epoch: 9 | PSNR: 29.8017 | Loss: 5.6715 | lr: 1.00e-03 | Best_PSNR: 29.8017 in Epoch [9]
2022-07-15 12:44:58,863 INFO: Epoch: 10 | PSNR: 29.8027 | Loss: 5.7171 | lr: 1.00e-03 | Best_PSNR: 29.8027 in Epoch [10]
2022-07-15 12:45:53,696 INFO: Epoch: 11 | PSNR: 29.8343 | Loss: 5.6930 | lr: 1.00e-03 | Best_PSNR: 29.8343 in Epoch [11]
2022-07-15 12:46:44,968 INFO: Epoch: 12 | PSNR: 29.8573 | Loss: 5.6860 | lr: 1.00e-03 | Best_PSNR: 29.8573 in Epoch [12]
2022-07-15 12:47:38,076 INFO: Epoch: 13 | PSNR: 29.8720 | Loss: 5.6680 | lr: 1.00e-03 | Best_PSNR: 29.8720 in Epoch [13]
2022-07-15 12:48:34,216 INFO: Epoch: 14 | PSNR: 29.8799 | Loss: 5.6934 | lr: 1.00e-03 | Best_PSNR: 29.8799 in Epoch [14]
2022-07-15 12:49:23,812 INFO: Epoch: 15 | PSNR: 29.8931 | Loss: 5.6267 | lr: 1.00e-03 | Best_PSNR: 29.8931 in Epoch [15]
2022-07-15 12:50:29,917 INFO: Epoch: 16 | PSNR: 29.9014 | Loss: 5.6573 | lr: 1.00e-03 | Best_PSNR: 29.9014 in Epoch [16]
2022-07-15 12:51:23,041 INFO: Epoch: 17 | PSNR: 29.9046 | Loss: 5.6684 | lr: 1.00e-03 | Best_PSNR: 29.9046 in Epoch [17]
2022-07-15 12:52:20,194 INFO: Epoch: 18 | PSNR: 29.9134 | Loss: 5.6502 | lr: 1.00e-03 | Best_PSNR: 29.9134 in Epoch [18]
2022-07-15 12:53:17,561 INFO: Epoch: 19 | PSNR: 29.9152 | Loss: 5.6473 | lr: 1.00e-03 | Best_PSNR: 29.9152 in Epoch [19]
2022-07-15 12:54:19,647 INFO: Epoch: 20 | PSNR: 29.9234 | Loss: 5.6486 | lr: 1.00e-03 | Best_PSNR: 29.9234 in Epoch [20]
2022-07-15 12:55:18,039 INFO: Epoch: 21 | PSNR: 29.9287 | Loss: 5.6944 | lr: 1.00e-03 | Best_PSNR: 29.9287 in Epoch [21]
2022-07-15 12:56:20,579 INFO: Epoch: 22 | PSNR: 29.9337 | Loss: 5.6139 | lr: 1.00e-03 | Best_PSNR: 29.9337 in Epoch [22]
2022-07-15 12:57:20,974 INFO: Epoch: 23 | PSNR: 29.9383 | Loss: 5.6522 | lr: 1.00e-03 | Best_PSNR: 29.9383 in Epoch [23]
2022-07-15 12:58:16,440 INFO: Epoch: 24 | PSNR: 29.9408 | Loss: 5.6537 | lr: 1.00e-03 | Best_PSNR: 29.9408 in Epoch [24]
2022-07-15 12:59:12,239 INFO: Epoch: 25 | PSNR: 29.9400 | Loss: 5.6675 | lr: 1.00e-03 | Best_PSNR: 29.9408 in Epoch [24]
2022-07-15 13:00:07,305 INFO: Epoch: 26 | PSNR: 29.9473 | Loss: 5.5826 | lr: 1.00e-03 | Best_PSNR: 29.9473 in Epoch [26]
2022-07-15 13:01:07,343 INFO: Epoch: 27 | PSNR: 29.9521 | Loss: 5.5769 | lr: 1.00e-03 | Best_PSNR: 29.9521 in Epoch [27]
2022-07-15 13:02:02,352 INFO: Epoch: 28 | PSNR: 29.9525 | Loss: 5.6129 | lr: 1.00e-03 | Best_PSNR: 29.9525 in Epoch [28]
2022-07-15 13:03:01,138 INFO: Epoch: 29 | PSNR: 29.9564 | Loss: 5.6433 | lr: 1.00e-03 | Best_PSNR: 29.9564 in Epoch [29]
2022-07-15 13:04:00,447 INFO: Epoch: 30 | PSNR: 29.9579 | Loss: 5.6333 | lr: 1.00e-03 | Best_PSNR: 29.9579 in Epoch [30]
2022-07-15 13:04:55,010 INFO: Epoch: 31 | PSNR: 29.9617 | Loss: 5.6314 | lr: 1.00e-03 | Best_PSNR: 29.9617 in Epoch [31]
2022-07-15 13:05:48,273 INFO: Epoch: 32 | PSNR: 29.9649 | Loss: 5.6152 | lr: 1.00e-03 | Best_PSNR: 29.9649 in Epoch [32]
2022-07-15 13:06:44,723 INFO: Epoch: 33 | PSNR: 29.9677 | Loss: 5.6632 | lr: 1.00e-03 | Best_PSNR: 29.9677 in Epoch [33]
2022-07-15 13:07:41,791 INFO: Epoch: 34 | PSNR: 29.9680 | Loss: 5.6081 | lr: 1.00e-03 | Best_PSNR: 29.9680 in Epoch [34]
2022-07-15 13:08:34,297 INFO: Epoch: 35 | PSNR: 29.9715 | Loss: 5.6094 | lr: 1.00e-03 | Best_PSNR: 29.9715 in Epoch [35]
2022-07-15 13:09:23,853 INFO: Epoch: 36 | PSNR: 29.9722 | Loss: 5.6334 | lr: 1.00e-03 | Best_PSNR: 29.9722 in Epoch [36]
2022-07-15 13:10:15,347 INFO: Epoch: 37 | PSNR: 29.9731 | Loss: 5.6245 | lr: 1.00e-03 | Best_PSNR: 29.9731 in Epoch [37]
2022-07-15 13:11:06,254 INFO: Epoch: 38 | PSNR: 29.9777 | Loss: 5.6090 | lr: 1.00e-03 | Best_PSNR: 29.9777 in Epoch [38]
2022-07-15 13:11:58,273 INFO: Epoch: 39 | PSNR: 29.9752 | Loss: 5.6129 | lr: 1.00e-03 | Best_PSNR: 29.9777 in Epoch [38]
2022-07-15 13:12:51,717 INFO: Epoch: 40 | PSNR: 29.9801 | Loss: 5.6132 | lr: 1.00e-03 | Best_PSNR: 29.9801 in Epoch [40]
2022-07-15 13:13:46,571 INFO: Epoch: 41 | PSNR: 29.9835 | Loss: 5.6009 | lr: 1.00e-03 | Best_PSNR: 29.9835 in Epoch [41]
2022-07-15 13:14:35,344 INFO: Epoch: 42 | PSNR: 29.9837 | Loss: 5.5794 | lr: 1.00e-03 | Best_PSNR: 29.9837 in Epoch [42]
2022-07-15 13:15:28,061 INFO: Epoch: 43 | PSNR: 29.9863 | Loss: 5.5821 | lr: 1.00e-03 | Best_PSNR: 29.9863 in Epoch [43]
2022-07-15 13:16:18,481 INFO: Epoch: 44 | PSNR: 29.9877 | Loss: 5.6199 | lr: 1.00e-03 | Best_PSNR: 29.9877 in Epoch [44]
2022-07-15 13:17:09,212 INFO: Epoch: 45 | PSNR: 29.9884 | Loss: 5.5804 | lr: 1.00e-03 | Best_PSNR: 29.9884 in Epoch [45]
2022-07-15 13:18:06,082 INFO: Epoch: 46 | PSNR: 29.9919 | Loss: 5.6287 | lr: 1.00e-03 | Best_PSNR: 29.9919 in Epoch [46]
2022-07-15 13:18:59,605 INFO: Epoch: 47 | PSNR: 29.9922 | Loss: 5.5804 | lr: 1.00e-03 | Best_PSNR: 29.9922 in Epoch [47]
2022-07-15 13:19:54,298 INFO: Epoch: 48 | PSNR: 29.9950 | Loss: 5.5934 | lr: 1.00e-03 | Best_PSNR: 29.9950 in Epoch [48]
2022-07-15 13:20:42,850 INFO: Epoch: 49 | PSNR: 29.9957 | Loss: 5.6017 | lr: 1.00e-03 | Best_PSNR: 29.9957 in Epoch [49]
2022-07-15 13:21:31,528 INFO: Epoch: 50 | PSNR: 29.9979 | Loss: 5.5819 | lr: 1.00e-03 | Best_PSNR: 29.9979 in Epoch [50]
2022-07-15 13:22:21,793 INFO: Epoch: 51 | PSNR: 29.9927 | Loss: 5.6151 | lr: 1.00e-03 | Best_PSNR: 29.9979 in Epoch [50]
2022-07-15 13:23:09,045 INFO: Epoch: 52 | PSNR: 29.9965 | Loss: 5.6065 | lr: 1.00e-03 | Best_PSNR: 29.9979 in Epoch [50]
2022-07-15 13:23:59,946 INFO: Epoch: 53 | PSNR: 29.9953 | Loss: 5.6093 | lr: 1.00e-03 | Best_PSNR: 29.9979 in Epoch [50]
2022-07-15 13:24:49,409 INFO: Epoch: 54 | PSNR: 29.9982 | Loss: 5.5893 | lr: 1.00e-03 | Best_PSNR: 29.9982 in Epoch [54]
2022-07-15 13:25:38,007 INFO: Epoch: 55 | PSNR: 30.0007 | Loss: 5.5714 | lr: 1.00e-03 | Best_PSNR: 30.0007 in Epoch [55]
2022-07-15 13:26:31,251 INFO: Epoch: 56 | PSNR: 30.0028 | Loss: 5.5987 | lr: 1.00e-03 | Best_PSNR: 30.0028 in Epoch [56]
2022-07-15 13:27:19,664 INFO: Epoch: 57 | PSNR: 30.0039 | Loss: 5.5933 | lr: 1.00e-03 | Best_PSNR: 30.0039 in Epoch [57]
2022-07-15 13:28:08,064 INFO: Epoch: 58 | PSNR: 30.0073 | Loss: 5.5884 | lr: 1.00e-03 | Best_PSNR: 30.0073 in Epoch [58]
2022-07-15 13:28:52,646 INFO: Epoch: 59 | PSNR: 30.0070 | Loss: 5.6089 | lr: 1.00e-03 | Best_PSNR: 30.0073 in Epoch [58]
2022-07-15 13:29:40,131 INFO: Epoch: 60 | PSNR: 30.0087 | Loss: 5.5691 | lr: 1.00e-03 | Best_PSNR: 30.0087 in Epoch [60]
2022-07-15 13:30:27,610 INFO: Epoch: 61 | PSNR: 30.0096 | Loss: 5.6067 | lr: 1.00e-03 | Best_PSNR: 30.0096 in Epoch [61]
2022-07-15 13:31:15,058 INFO: Epoch: 62 | PSNR: 30.0102 | Loss: 5.5671 | lr: 1.00e-03 | Best_PSNR: 30.0102 in Epoch [62]
2022-07-15 13:32:02,541 INFO: Epoch: 63 | PSNR: 30.0127 | Loss: 5.6095 | lr: 1.00e-03 | Best_PSNR: 30.0127 in Epoch [63]
2022-07-15 13:32:49,961 INFO: Epoch: 64 | PSNR: 30.0129 | Loss: 5.5881 | lr: 1.00e-03 | Best_PSNR: 30.0129 in Epoch [64]
2022-07-15 13:33:37,096 INFO: Epoch: 65 | PSNR: 30.0149 | Loss: 5.5984 | lr: 1.00e-03 | Best_PSNR: 30.0149 in Epoch [65]
2022-07-15 13:34:29,029 INFO: Epoch: 66 | PSNR: 30.0155 | Loss: 5.5747 | lr: 1.00e-03 | Best_PSNR: 30.0155 in Epoch [66]
2022-07-15 13:35:15,993 INFO: Epoch: 67 | PSNR: 30.0138 | Loss: 5.6244 | lr: 1.00e-03 | Best_PSNR: 30.0155 in Epoch [66]
2022-07-15 13:36:03,289 INFO: Epoch: 68 | PSNR: 30.0134 | Loss: 5.6349 | lr: 1.00e-03 | Best_PSNR: 30.0155 in Epoch [66]
2022-07-15 13:36:54,290 INFO: Epoch: 69 | PSNR: 30.0165 | Loss: 5.5912 | lr: 1.00e-03 | Best_PSNR: 30.0165 in Epoch [69]
2022-07-15 13:37:44,798 INFO: Epoch: 70 | PSNR: 30.0169 | Loss: 5.5717 | lr: 1.00e-03 | Best_PSNR: 30.0169 in Epoch [70]
2022-07-15 13:38:35,263 INFO: Epoch: 71 | PSNR: 30.0197 | Loss: 5.5908 | lr: 1.00e-03 | Best_PSNR: 30.0197 in Epoch [71]
2022-07-15 13:39:22,716 INFO: Epoch: 72 | PSNR: 30.0174 | Loss: 5.6092 | lr: 1.00e-03 | Best_PSNR: 30.0197 in Epoch [71]
2022-07-15 13:40:12,916 INFO: Epoch: 73 | PSNR: 30.0209 | Loss: 5.5542 | lr: 1.00e-03 | Best_PSNR: 30.0209 in Epoch [73]
2022-07-15 13:41:06,175 INFO: Epoch: 74 | PSNR: 30.0231 | Loss: 5.5968 | lr: 1.00e-03 | Best_PSNR: 30.0231 in Epoch [74]
2022-07-15 13:41:55,359 INFO: Epoch: 75 | PSNR: 30.0190 | Loss: 5.6284 | lr: 1.00e-03 | Best_PSNR: 30.0231 in Epoch [74]
2022-07-15 13:42:50,334 INFO: Epoch: 76 | PSNR: 30.0215 | Loss: 5.5771 | lr: 1.00e-03 | Best_PSNR: 30.0231 in Epoch [74]
2022-07-15 13:43:41,235 INFO: Epoch: 77 | PSNR: 30.0235 | Loss: 5.5814 | lr: 1.00e-03 | Best_PSNR: 30.0235 in Epoch [77]
2022-07-15 13:44:30,939 INFO: Epoch: 78 | PSNR: 30.0257 | Loss: 5.5988 | lr: 1.00e-03 | Best_PSNR: 30.0257 in Epoch [78]
2022-07-15 13:45:23,531 INFO: Epoch: 79 | PSNR: 30.0178 | Loss: 5.6048 | lr: 1.00e-03 | Best_PSNR: 30.0257 in Epoch [78]
2022-07-15 13:46:14,890 INFO: Epoch: 80 | PSNR: 30.0244 | Loss: 5.5983 | lr: 1.00e-03 | Best_PSNR: 30.0257 in Epoch [78]
2022-07-15 13:47:06,926 INFO: Epoch: 81 | PSNR: 30.0269 | Loss: 5.6188 | lr: 1.00e-03 | Best_PSNR: 30.0269 in Epoch [81]
2022-07-15 13:47:58,635 INFO: Epoch: 82 | PSNR: 30.0289 | Loss: 5.5846 | lr: 1.00e-03 | Best_PSNR: 30.0289 in Epoch [82]
2022-07-15 13:48:47,601 INFO: Epoch: 83 | PSNR: 30.0302 | Loss: 5.5780 | lr: 1.00e-03 | Best_PSNR: 30.0302 in Epoch [83]
2022-07-15 13:49:37,839 INFO: Epoch: 84 | PSNR: 30.0310 | Loss: 5.5892 | lr: 1.00e-03 | Best_PSNR: 30.0310 in Epoch [84]
2022-07-15 13:50:27,351 INFO: Epoch: 85 | PSNR: 30.0307 | Loss: 5.5841 | lr: 1.00e-03 | Best_PSNR: 30.0310 in Epoch [84]
2022-07-15 13:51:14,933 INFO: Epoch: 86 | PSNR: 30.0281 | Loss: 5.5954 | lr: 1.00e-03 | Best_PSNR: 30.0310 in Epoch [84]
2022-07-15 13:52:04,236 INFO: Epoch: 87 | PSNR: 30.0323 | Loss: 5.5649 | lr: 1.00e-03 | Best_PSNR: 30.0323 in Epoch [87]
2022-07-15 13:52:53,564 INFO: Epoch: 88 | PSNR: 30.0344 | Loss: 5.5627 | lr: 1.00e-03 | Best_PSNR: 30.0344 in Epoch [88]
2022-07-15 13:53:42,157 INFO: Epoch: 89 | PSNR: 30.0335 | Loss: 5.6215 | lr: 1.00e-03 | Best_PSNR: 30.0344 in Epoch [88]
2022-07-15 13:54:30,527 INFO: Epoch: 90 | PSNR: 30.0355 | Loss: 5.5656 | lr: 1.00e-03 | Best_PSNR: 30.0355 in Epoch [90]
2022-07-15 13:55:21,315 INFO: Epoch: 91 | PSNR: 30.0362 | Loss: 5.5701 | lr: 1.00e-03 | Best_PSNR: 30.0362 in Epoch [91]
2022-07-15 13:56:13,115 INFO: Epoch: 92 | PSNR: 30.0376 | Loss: 5.5712 | lr: 1.00e-03 | Best_PSNR: 30.0376 in Epoch [92]
2022-07-15 13:57:04,468 INFO: Epoch: 93 | PSNR: 30.0378 | Loss: 5.5592 | lr: 1.00e-03 | Best_PSNR: 30.0378 in Epoch [93]
2022-07-15 13:57:54,398 INFO: Epoch: 94 | PSNR: 30.0394 | Loss: 5.5385 | lr: 1.00e-03 | Best_PSNR: 30.0394 in Epoch [94]
2022-07-15 13:58:45,409 INFO: Epoch: 95 | PSNR: 30.0397 | Loss: 5.5717 | lr: 1.00e-03 | Best_PSNR: 30.0397 in Epoch [95]
2022-07-15 13:59:36,578 INFO: Epoch: 96 | PSNR: 30.0381 | Loss: 5.5660 | lr: 1.00e-03 | Best_PSNR: 30.0397 in Epoch [95]
2022-07-15 14:00:29,909 INFO: Epoch: 97 | PSNR: 30.0403 | Loss: 5.5560 | lr: 1.00e-03 | Best_PSNR: 30.0403 in Epoch [97]
2022-07-15 14:01:18,213 INFO: Epoch: 98 | PSNR: 30.0400 | Loss: 5.5914 | lr: 1.00e-03 | Best_PSNR: 30.0403 in Epoch [97]
2022-07-15 14:02:10,217 INFO: Epoch: 99 | PSNR: 30.0405 | Loss: 5.6084 | lr: 1.00e-03 | Best_PSNR: 30.0405 in Epoch [99]
2022-07-15 14:02:59,123 INFO: Epoch: 100 | PSNR: 30.0411 | Loss: 5.5478 | lr: 1.00e-03 | Best_PSNR: 30.0411 in Epoch [100]
2022-07-15 14:03:50,205 INFO: Epoch: 101 | PSNR: 30.0410 | Loss: 5.6008 | lr: 1.00e-03 | Best_PSNR: 30.0411 in Epoch [100]
2022-07-15 14:04:42,232 INFO: Epoch: 102 | PSNR: 30.0427 | Loss: 5.6050 | lr: 1.00e-03 | Best_PSNR: 30.0427 in Epoch [102]
2022-07-15 14:05:31,939 INFO: Epoch: 103 | PSNR: 30.0438 | Loss: 5.5560 | lr: 1.00e-03 | Best_PSNR: 30.0438 in Epoch [103]
2022-07-15 14:06:22,747 INFO: Epoch: 104 | PSNR: 30.0438 | Loss: 5.6043 | lr: 1.00e-03 | Best_PSNR: 30.0438 in Epoch [104]
2022-07-15 14:07:13,988 INFO: Epoch: 105 | PSNR: 30.0435 | Loss: 5.5455 | lr: 1.00e-03 | Best_PSNR: 30.0438 in Epoch [104]
2022-07-15 14:08:02,071 INFO: Epoch: 106 | PSNR: 30.0443 | Loss: 5.5892 | lr: 1.00e-03 | Best_PSNR: 30.0443 in Epoch [106]
2022-07-15 14:08:51,860 INFO: Epoch: 107 | PSNR: 30.0448 | Loss: 5.5697 | lr: 1.00e-03 | Best_PSNR: 30.0448 in Epoch [107]
2022-07-15 14:09:42,856 INFO: Epoch: 108 | PSNR: 30.0433 | Loss: 5.5639 | lr: 1.00e-03 | Best_PSNR: 30.0448 in Epoch [107]
2022-07-15 14:10:31,323 INFO: Epoch: 109 | PSNR: 30.0456 | Loss: 5.5680 | lr: 1.00e-03 | Best_PSNR: 30.0456 in Epoch [109]
2022-07-15 14:11:19,571 INFO: Epoch: 110 | PSNR: 30.0457 | Loss: 5.5456 | lr: 1.00e-03 | Best_PSNR: 30.0457 in Epoch [110]
2022-07-15 14:12:08,897 INFO: Epoch: 111 | PSNR: 30.0455 | Loss: 5.5723 | lr: 1.00e-03 | Best_PSNR: 30.0457 in Epoch [110]
2022-07-15 14:13:01,261 INFO: Epoch: 112 | PSNR: 30.0472 | Loss: 5.5766 | lr: 1.00e-03 | Best_PSNR: 30.0472 in Epoch [112]
2022-07-15 14:13:49,914 INFO: Epoch: 113 | PSNR: 30.0481 | Loss: 5.5487 | lr: 1.00e-03 | Best_PSNR: 30.0481 in Epoch [113]
2022-07-15 14:14:41,921 INFO: Epoch: 114 | PSNR: 30.0475 | Loss: 5.5784 | lr: 1.00e-03 | Best_PSNR: 30.0481 in Epoch [113]
2022-07-15 14:15:32,447 INFO: Epoch: 115 | PSNR: 30.0490 | Loss: 5.5841 | lr: 1.00e-03 | Best_PSNR: 30.0490 in Epoch [115]
2022-07-15 14:16:24,380 INFO: Epoch: 116 | PSNR: 30.0487 | Loss: 5.5800 | lr: 1.00e-03 | Best_PSNR: 30.0490 in Epoch [115]
2022-07-15 14:17:13,220 INFO: Epoch: 117 | PSNR: 30.0450 | Loss: 5.5447 | lr: 1.00e-03 | Best_PSNR: 30.0490 in Epoch [115]
2022-07-15 14:18:06,767 INFO: Epoch: 118 | PSNR: 30.0480 | Loss: 5.5968 | lr: 1.00e-03 | Best_PSNR: 30.0490 in Epoch [115]
2022-07-15 14:18:58,655 INFO: Epoch: 119 | PSNR: 30.0491 | Loss: 5.5880 | lr: 1.00e-03 | Best_PSNR: 30.0491 in Epoch [119]
2022-07-15 14:19:50,776 INFO: Epoch: 120 | PSNR: 30.0507 | Loss: 5.5872 | lr: 1.00e-03 | Best_PSNR: 30.0507 in Epoch [120]
2022-07-15 14:20:42,190 INFO: Epoch: 121 | PSNR: 30.0557 | Loss: 5.5063 | lr: 5.00e-04 | Best_PSNR: 30.0557 in Epoch [121]
2022-07-15 14:21:31,873 INFO: Epoch: 122 | PSNR: 30.0577 | Loss: 5.5771 | lr: 5.00e-04 | Best_PSNR: 30.0577 in Epoch [122]
2022-07-15 14:22:20,496 INFO: Epoch: 123 | PSNR: 30.0589 | Loss: 5.5518 | lr: 5.00e-04 | Best_PSNR: 30.0589 in Epoch [123]
2022-07-15 14:23:11,276 INFO: Epoch: 124 | PSNR: 30.0597 | Loss: 5.5526 | lr: 5.00e-04 | Best_PSNR: 30.0597 in Epoch [124]
2022-07-15 14:24:01,212 INFO: Epoch: 125 | PSNR: 30.0605 | Loss: 5.5448 | lr: 5.00e-04 | Best_PSNR: 30.0605 in Epoch [125]
2022-07-15 14:24:53,545 INFO: Epoch: 126 | PSNR: 30.0610 | Loss: 5.5856 | lr: 5.00e-04 | Best_PSNR: 30.0610 in Epoch [126]
2022-07-15 14:25:43,194 INFO: Epoch: 127 | PSNR: 30.0611 | Loss: 5.5574 | lr: 5.00e-04 | Best_PSNR: 30.0611 in Epoch [127]
2022-07-15 14:26:33,533 INFO: Epoch: 128 | PSNR: 30.0612 | Loss: 5.5173 | lr: 5.00e-04 | Best_PSNR: 30.0612 in Epoch [128]
2022-07-15 14:27:25,235 INFO: Epoch: 129 | PSNR: 30.0620 | Loss: 5.5500 | lr: 5.00e-04 | Best_PSNR: 30.0620 in Epoch [129]
2022-07-15 14:28:14,901 INFO: Epoch: 130 | PSNR: 30.0614 | Loss: 5.5902 | lr: 5.00e-04 | Best_PSNR: 30.0620 in Epoch [129]
2022-07-15 14:29:04,032 INFO: Epoch: 131 | PSNR: 30.0621 | Loss: 5.5433 | lr: 5.00e-04 | Best_PSNR: 30.0621 in Epoch [131]
2022-07-15 14:29:54,568 INFO: Epoch: 132 | PSNR: 30.0629 | Loss: 5.5561 | lr: 5.00e-04 | Best_PSNR: 30.0629 in Epoch [132]
2022-07-15 14:30:42,384 INFO: Epoch: 133 | PSNR: 30.0627 | Loss: 5.5424 | lr: 5.00e-04 | Best_PSNR: 30.0629 in Epoch [132]
2022-07-15 14:31:32,559 INFO: Epoch: 134 | PSNR: 30.0631 | Loss: 5.5736 | lr: 5.00e-04 | Best_PSNR: 30.0631 in Epoch [134]
2022-07-15 14:32:22,150 INFO: Epoch: 135 | PSNR: 30.0632 | Loss: 5.5086 | lr: 5.00e-04 | Best_PSNR: 30.0632 in Epoch [135]
2022-07-15 14:33:09,463 INFO: Epoch: 136 | PSNR: 30.0637 | Loss: 5.5499 | lr: 5.00e-04 | Best_PSNR: 30.0637 in Epoch [136]
2022-07-15 14:33:58,945 INFO: Epoch: 137 | PSNR: 30.0645 | Loss: 5.5581 | lr: 5.00e-04 | Best_PSNR: 30.0645 in Epoch [137]
2022-07-15 14:34:50,826 INFO: Epoch: 138 | PSNR: 30.0641 | Loss: 5.5241 | lr: 5.00e-04 | Best_PSNR: 30.0645 in Epoch [137]
2022-07-15 14:35:41,589 INFO: Epoch: 139 | PSNR: 30.0645 | Loss: 5.5398 | lr: 5.00e-04 | Best_PSNR: 30.0645 in Epoch [139]
2022-07-15 14:36:32,174 INFO: Epoch: 140 | PSNR: 30.0641 | Loss: 5.5537 | lr: 5.00e-04 | Best_PSNR: 30.0645 in Epoch [139]
2022-07-15 14:37:21,106 INFO: Epoch: 141 | PSNR: 30.0652 | Loss: 5.5209 | lr: 5.00e-04 | Best_PSNR: 30.0652 in Epoch [141]
2022-07-15 14:38:07,979 INFO: Epoch: 142 | PSNR: 30.0656 | Loss: 5.5299 | lr: 5.00e-04 | Best_PSNR: 30.0656 in Epoch [142]
2022-07-15 14:38:54,836 INFO: Epoch: 143 | PSNR: 30.0661 | Loss: 5.5190 | lr: 5.00e-04 | Best_PSNR: 30.0661 in Epoch [143]
2022-07-15 14:39:41,448 INFO: Epoch: 144 | PSNR: 30.0658 | Loss: 5.5584 | lr: 5.00e-04 | Best_PSNR: 30.0661 in Epoch [143]
2022-07-15 14:40:28,813 INFO: Epoch: 145 | PSNR: 30.0658 | Loss: 5.5320 | lr: 5.00e-04 | Best_PSNR: 30.0661 in Epoch [143]
2022-07-15 14:41:17,953 INFO: Epoch: 146 | PSNR: 30.0665 | Loss: 5.5740 | lr: 5.00e-04 | Best_PSNR: 30.0665 in Epoch [146]
2022-07-15 14:42:12,843 INFO: Epoch: 147 | PSNR: 30.0672 | Loss: 5.5528 | lr: 5.00e-04 | Best_PSNR: 30.0672 in Epoch [147]
2022-07-15 14:43:05,396 INFO: Epoch: 148 | PSNR: 30.0677 | Loss: 5.5246 | lr: 5.00e-04 | Best_PSNR: 30.0677 in Epoch [148]
2022-07-15 14:43:53,541 INFO: Epoch: 149 | PSNR: 30.0669 | Loss: 5.5412 | lr: 5.00e-04 | Best_PSNR: 30.0677 in Epoch [148]
2022-07-15 14:44:40,213 INFO: Epoch: 150 | PSNR: 30.0661 | Loss: 5.5433 | lr: 5.00e-04 | Best_PSNR: 30.0677 in Epoch [148]
2022-07-15 14:45:25,373 INFO: Epoch: 151 | PSNR: 30.0659 | Loss: 5.5437 | lr: 5.00e-04 | Best_PSNR: 30.0677 in Epoch [148]
2022-07-15 14:46:11,728 INFO: Epoch: 152 | PSNR: 30.0664 | Loss: 5.5057 | lr: 5.00e-04 | Best_PSNR: 30.0677 in Epoch [148]
2022-07-15 14:46:57,962 INFO: Epoch: 153 | PSNR: 30.0672 | Loss: 5.5405 | lr: 5.00e-04 | Best_PSNR: 30.0677 in Epoch [148]
2022-07-15 14:47:44,480 INFO: Epoch: 154 | PSNR: 30.0683 | Loss: 5.5227 | lr: 5.00e-04 | Best_PSNR: 30.0683 in Epoch [154]
2022-07-15 14:48:31,522 INFO: Epoch: 155 | PSNR: 30.0688 | Loss: 5.5489 | lr: 5.00e-04 | Best_PSNR: 30.0688 in Epoch [155]
2022-07-15 14:49:18,590 INFO: Epoch: 156 | PSNR: 30.0684 | Loss: 5.5398 | lr: 5.00e-04 | Best_PSNR: 30.0688 in Epoch [155]
2022-07-15 14:50:03,995 INFO: Epoch: 157 | PSNR: 30.0685 | Loss: 5.5512 | lr: 5.00e-04 | Best_PSNR: 30.0688 in Epoch [155]
2022-07-15 14:50:50,844 INFO: Epoch: 158 | PSNR: 30.0695 | Loss: 5.4944 | lr: 5.00e-04 | Best_PSNR: 30.0695 in Epoch [158]
2022-07-15 14:51:37,049 INFO: Epoch: 159 | PSNR: 30.0687 | Loss: 5.5639 | lr: 5.00e-04 | Best_PSNR: 30.0695 in Epoch [158]
2022-07-15 14:52:23,349 INFO: Epoch: 160 | PSNR: 30.0691 | Loss: 5.5517 | lr: 5.00e-04 | Best_PSNR: 30.0695 in Epoch [158]
2022-07-15 14:53:10,296 INFO: Epoch: 161 | PSNR: 30.0693 | Loss: 5.5424 | lr: 5.00e-04 | Best_PSNR: 30.0695 in Epoch [158]
2022-07-15 14:53:57,826 INFO: Epoch: 162 | PSNR: 30.0689 | Loss: 5.5437 | lr: 5.00e-04 | Best_PSNR: 30.0695 in Epoch [158]
2022-07-15 14:54:45,194 INFO: Epoch: 163 | PSNR: 30.0688 | Loss: 5.5429 | lr: 5.00e-04 | Best_PSNR: 30.0695 in Epoch [158]
2022-07-15 14:55:32,637 INFO: Epoch: 164 | PSNR: 30.0694 | Loss: 5.5332 | lr: 5.00e-04 | Best_PSNR: 30.0695 in Epoch [158]
2022-07-15 14:56:21,230 INFO: Epoch: 165 | PSNR: 30.0695 | Loss: 5.5238 | lr: 5.00e-04 | Best_PSNR: 30.0695 in Epoch [165]
2022-07-15 14:57:09,249 INFO: Epoch: 166 | PSNR: 30.0700 | Loss: 5.5725 | lr: 5.00e-04 | Best_PSNR: 30.0700 in Epoch [166]
2022-07-15 14:57:55,861 INFO: Epoch: 167 | PSNR: 30.0700 | Loss: 5.5097 | lr: 5.00e-04 | Best_PSNR: 30.0700 in Epoch [166]
2022-07-15 14:58:42,564 INFO: Epoch: 168 | PSNR: 30.0693 | Loss: 5.5310 | lr: 5.00e-04 | Best_PSNR: 30.0700 in Epoch [166]
2022-07-15 14:59:28,537 INFO: Epoch: 169 | PSNR: 30.0708 | Loss: 5.5191 | lr: 5.00e-04 | Best_PSNR: 30.0708 in Epoch [169]
2022-07-15 15:00:16,031 INFO: Epoch: 170 | PSNR: 30.0711 | Loss: 5.5721 | lr: 5.00e-04 | Best_PSNR: 30.0711 in Epoch [170]
2022-07-15 15:01:04,622 INFO: Epoch: 171 | PSNR: 30.0712 | Loss: 5.5465 | lr: 5.00e-04 | Best_PSNR: 30.0712 in Epoch [171]
2022-07-15 15:01:52,126 INFO: Epoch: 172 | PSNR: 30.0715 | Loss: 5.5591 | lr: 5.00e-04 | Best_PSNR: 30.0715 in Epoch [172]
2022-07-15 15:02:39,436 INFO: Epoch: 173 | PSNR: 30.0711 | Loss: 5.5282 | lr: 5.00e-04 | Best_PSNR: 30.0715 in Epoch [172]
2022-07-15 15:03:26,738 INFO: Epoch: 174 | PSNR: 30.0723 | Loss: 5.5539 | lr: 5.00e-04 | Best_PSNR: 30.0723 in Epoch [174]
2022-07-15 15:04:13,590 INFO: Epoch: 175 | PSNR: 30.0722 | Loss: 5.5640 | lr: 5.00e-04 | Best_PSNR: 30.0723 in Epoch [174]
2022-07-15 15:05:00,814 INFO: Epoch: 176 | PSNR: 30.0722 | Loss: 5.5923 | lr: 5.00e-04 | Best_PSNR: 30.0723 in Epoch [174]
2022-07-15 15:05:49,082 INFO: Epoch: 177 | PSNR: 30.0727 | Loss: 5.5545 | lr: 5.00e-04 | Best_PSNR: 30.0727 in Epoch [177]
2022-07-15 15:06:35,434 INFO: Epoch: 178 | PSNR: 30.0715 | Loss: 5.5333 | lr: 5.00e-04 | Best_PSNR: 30.0727 in Epoch [177]
2022-07-15 15:07:21,493 INFO: Epoch: 179 | PSNR: 30.0726 | Loss: 5.5596 | lr: 5.00e-04 | Best_PSNR: 30.0727 in Epoch [177]
2022-07-15 15:08:09,246 INFO: Epoch: 180 | PSNR: 30.0732 | Loss: 5.5295 | lr: 5.00e-04 | Best_PSNR: 30.0732 in Epoch [180]
2022-07-15 15:08:55,566 INFO: Epoch: 181 | PSNR: 30.0728 | Loss: 5.5363 | lr: 5.00e-04 | Best_PSNR: 30.0732 in Epoch [180]
2022-07-15 15:09:42,331 INFO: Epoch: 182 | PSNR: 30.0731 | Loss: 5.5481 | lr: 5.00e-04 | Best_PSNR: 30.0732 in Epoch [180]
2022-07-15 15:10:29,604 INFO: Epoch: 183 | PSNR: 30.0732 | Loss: 5.5487 | lr: 5.00e-04 | Best_PSNR: 30.0732 in Epoch [183]
2022-07-15 15:11:15,694 INFO: Epoch: 184 | PSNR: 30.0727 | Loss: 5.5575 | lr: 5.00e-04 | Best_PSNR: 30.0732 in Epoch [183]
2022-07-15 15:12:02,752 INFO: Epoch: 185 | PSNR: 30.0734 | Loss: 5.5464 | lr: 5.00e-04 | Best_PSNR: 30.0734 in Epoch [185]
2022-07-15 15:12:49,552 INFO: Epoch: 186 | PSNR: 30.0736 | Loss: 5.5615 | lr: 5.00e-04 | Best_PSNR: 30.0736 in Epoch [186]
2022-07-15 15:13:36,029 INFO: Epoch: 187 | PSNR: 30.0736 | Loss: 5.5244 | lr: 5.00e-04 | Best_PSNR: 30.0736 in Epoch [186]
2022-07-15 15:14:22,788 INFO: Epoch: 188 | PSNR: 30.0722 | Loss: 5.5780 | lr: 5.00e-04 | Best_PSNR: 30.0736 in Epoch [186]
2022-07-15 15:15:11,878 INFO: Epoch: 189 | PSNR: 30.0742 | Loss: 5.5423 | lr: 5.00e-04 | Best_PSNR: 30.0742 in Epoch [189]
2022-07-15 15:15:57,836 INFO: Epoch: 190 | PSNR: 30.0740 | Loss: 5.5417 | lr: 5.00e-04 | Best_PSNR: 30.0742 in Epoch [189]
2022-07-15 15:16:45,078 INFO: Epoch: 191 | PSNR: 30.0742 | Loss: 5.5298 | lr: 5.00e-04 | Best_PSNR: 30.0742 in Epoch [191]
2022-07-15 15:17:31,004 INFO: Epoch: 192 | PSNR: 30.0744 | Loss: 5.5522 | lr: 5.00e-04 | Best_PSNR: 30.0744 in Epoch [192]
2022-07-15 15:18:18,098 INFO: Epoch: 193 | PSNR: 30.0742 | Loss: 5.5610 | lr: 5.00e-04 | Best_PSNR: 30.0744 in Epoch [192]
2022-07-15 15:19:05,036 INFO: Epoch: 194 | PSNR: 30.0749 | Loss: 5.5249 | lr: 5.00e-04 | Best_PSNR: 30.0749 in Epoch [194]
2022-07-15 15:19:53,763 INFO: Epoch: 195 | PSNR: 30.0758 | Loss: 5.5853 | lr: 5.00e-04 | Best_PSNR: 30.0758 in Epoch [195]
2022-07-15 15:20:41,294 INFO: Epoch: 196 | PSNR: 30.0752 | Loss: 5.5570 | lr: 5.00e-04 | Best_PSNR: 30.0758 in Epoch [195]
2022-07-15 15:21:28,229 INFO: Epoch: 197 | PSNR: 30.0749 | Loss: 5.5524 | lr: 5.00e-04 | Best_PSNR: 30.0758 in Epoch [195]
2022-07-15 15:22:15,595 INFO: Epoch: 198 | PSNR: 30.0755 | Loss: 5.5324 | lr: 5.00e-04 | Best_PSNR: 30.0758 in Epoch [195]
2022-07-15 15:23:01,431 INFO: Epoch: 199 | PSNR: 30.0748 | Loss: 5.5349 | lr: 5.00e-04 | Best_PSNR: 30.0758 in Epoch [195]
2022-07-15 15:23:48,027 INFO: Epoch: 200 | PSNR: 30.0755 | Loss: 5.5518 | lr: 5.00e-04 | Best_PSNR: 30.0758 in Epoch [195]
2022-07-15 15:24:34,936 INFO: Epoch: 201 | PSNR: 30.0761 | Loss: 5.5221 | lr: 5.00e-04 | Best_PSNR: 30.0761 in Epoch [201]
2022-07-15 15:25:21,457 INFO: Epoch: 202 | PSNR: 30.0762 | Loss: 5.5626 | lr: 5.00e-04 | Best_PSNR: 30.0762 in Epoch [202]
2022-07-15 15:26:08,261 INFO: Epoch: 203 | PSNR: 30.0767 | Loss: 5.5369 | lr: 5.00e-04 | Best_PSNR: 30.0767 in Epoch [203]
2022-07-15 15:26:55,172 INFO: Epoch: 204 | PSNR: 30.0767 | Loss: 5.5202 | lr: 5.00e-04 | Best_PSNR: 30.0767 in Epoch [203]
2022-07-15 15:27:41,325 INFO: Epoch: 205 | PSNR: 30.0764 | Loss: 5.5406 | lr: 5.00e-04 | Best_PSNR: 30.0767 in Epoch [203]
2022-07-15 15:28:28,137 INFO: Epoch: 206 | PSNR: 30.0758 | Loss: 5.5476 | lr: 5.00e-04 | Best_PSNR: 30.0767 in Epoch [203]
2022-07-15 15:29:14,648 INFO: Epoch: 207 | PSNR: 30.0770 | Loss: 5.6064 | lr: 5.00e-04 | Best_PSNR: 30.0770 in Epoch [207]
2022-07-15 15:30:03,969 INFO: Epoch: 208 | PSNR: 30.0769 | Loss: 5.5621 | lr: 5.00e-04 | Best_PSNR: 30.0770 in Epoch [207]
2022-07-15 15:30:52,508 INFO: Epoch: 209 | PSNR: 30.0772 | Loss: 5.5313 | lr: 5.00e-04 | Best_PSNR: 30.0772 in Epoch [209]
2022-07-15 15:31:47,716 INFO: Epoch: 210 | PSNR: 30.0771 | Loss: 5.5229 | lr: 5.00e-04 | Best_PSNR: 30.0772 in Epoch [209]
2022-07-15 15:32:36,562 INFO: Epoch: 211 | PSNR: 30.0766 | Loss: 5.5277 | lr: 5.00e-04 | Best_PSNR: 30.0772 in Epoch [209]
2022-07-15 15:33:24,173 INFO: Epoch: 212 | PSNR: 30.0771 | Loss: 5.5227 | lr: 5.00e-04 | Best_PSNR: 30.0772 in Epoch [209]
2022-07-15 15:34:15,542 INFO: Epoch: 213 | PSNR: 30.0770 | Loss: 5.5422 | lr: 5.00e-04 | Best_PSNR: 30.0772 in Epoch [209]
2022-07-15 15:35:06,576 INFO: Epoch: 214 | PSNR: 30.0771 | Loss: 5.5596 | lr: 5.00e-04 | Best_PSNR: 30.0772 in Epoch [209]
2022-07-15 15:36:01,457 INFO: Epoch: 215 | PSNR: 30.0778 | Loss: 5.5439 | lr: 5.00e-04 | Best_PSNR: 30.0778 in Epoch [215]
2022-07-15 15:36:53,694 INFO: Epoch: 216 | PSNR: 30.0776 | Loss: 5.5571 | lr: 5.00e-04 | Best_PSNR: 30.0778 in Epoch [215]
2022-07-15 15:37:44,216 INFO: Epoch: 217 | PSNR: 30.0751 | Loss: 5.5290 | lr: 5.00e-04 | Best_PSNR: 30.0778 in Epoch [215]
2022-07-15 15:38:30,954 INFO: Epoch: 218 | PSNR: 30.0769 | Loss: 5.5680 | lr: 5.00e-04 | Best_PSNR: 30.0778 in Epoch [215]
2022-07-15 15:39:18,694 INFO: Epoch: 219 | PSNR: 30.0779 | Loss: 5.5374 | lr: 5.00e-04 | Best_PSNR: 30.0779 in Epoch [219]
2022-07-15 15:40:09,813 INFO: Epoch: 220 | PSNR: 30.0778 | Loss: 5.5201 | lr: 5.00e-04 | Best_PSNR: 30.0779 in Epoch [219]
2022-07-15 15:41:01,938 INFO: Epoch: 221 | PSNR: 30.0780 | Loss: 5.5532 | lr: 5.00e-04 | Best_PSNR: 30.0780 in Epoch [221]
2022-07-15 15:41:52,988 INFO: Epoch: 222 | PSNR: 30.0776 | Loss: 5.5242 | lr: 5.00e-04 | Best_PSNR: 30.0780 in Epoch [221]
2022-07-15 15:42:46,081 INFO: Epoch: 223 | PSNR: 30.0782 | Loss: 5.5572 | lr: 5.00e-04 | Best_PSNR: 30.0782 in Epoch [223]
2022-07-15 15:43:38,500 INFO: Epoch: 224 | PSNR: 30.0793 | Loss: 5.5131 | lr: 5.00e-04 | Best_PSNR: 30.0793 in Epoch [224]
2022-07-15 15:44:28,967 INFO: Epoch: 225 | PSNR: 30.0795 | Loss: 5.5344 | lr: 5.00e-04 | Best_PSNR: 30.0795 in Epoch [225]
2022-07-15 15:45:17,243 INFO: Epoch: 226 | PSNR: 30.0799 | Loss: 5.5350 | lr: 5.00e-04 | Best_PSNR: 30.0799 in Epoch [226]
2022-07-15 15:46:03,870 INFO: Epoch: 227 | PSNR: 30.0798 | Loss: 5.5234 | lr: 5.00e-04 | Best_PSNR: 30.0799 in Epoch [226]
2022-07-15 15:46:50,098 INFO: Epoch: 228 | PSNR: 30.0799 | Loss: 5.5341 | lr: 5.00e-04 | Best_PSNR: 30.0799 in Epoch [226]
2022-07-15 15:47:36,388 INFO: Epoch: 229 | PSNR: 30.0793 | Loss: 5.5641 | lr: 5.00e-04 | Best_PSNR: 30.0799 in Epoch [226]
2022-07-15 15:48:24,187 INFO: Epoch: 230 | PSNR: 30.0792 | Loss: 5.5339 | lr: 5.00e-04 | Best_PSNR: 30.0799 in Epoch [226]
2022-07-15 15:49:13,285 INFO: Epoch: 231 | PSNR: 30.0798 | Loss: 5.5439 | lr: 5.00e-04 | Best_PSNR: 30.0799 in Epoch [226]
2022-07-15 15:50:03,479 INFO: Epoch: 232 | PSNR: 30.0800 | Loss: 5.5200 | lr: 5.00e-04 | Best_PSNR: 30.0800 in Epoch [232]
2022-07-15 15:50:51,427 INFO: Epoch: 233 | PSNR: 30.0797 | Loss: 5.5361 | lr: 5.00e-04 | Best_PSNR: 30.0800 in Epoch [232]
2022-07-15 15:51:37,735 INFO: Epoch: 234 | PSNR: 30.0795 | Loss: 5.5184 | lr: 5.00e-04 | Best_PSNR: 30.0800 in Epoch [232]
2022-07-15 15:52:24,699 INFO: Epoch: 235 | PSNR: 30.0795 | Loss: 5.5140 | lr: 5.00e-04 | Best_PSNR: 30.0800 in Epoch [232]
2022-07-15 15:53:17,796 INFO: Epoch: 236 | PSNR: 30.0798 | Loss: 5.5638 | lr: 5.00e-04 | Best_PSNR: 30.0800 in Epoch [232]
2022-07-15 15:54:08,712 INFO: Epoch: 237 | PSNR: 30.0792 | Loss: 5.5161 | lr: 5.00e-04 | Best_PSNR: 30.0800 in Epoch [232]
2022-07-15 15:54:59,680 INFO: Epoch: 238 | PSNR: 30.0806 | Loss: 5.5246 | lr: 5.00e-04 | Best_PSNR: 30.0806 in Epoch [238]
2022-07-15 15:55:47,719 INFO: Epoch: 239 | PSNR: 30.0804 | Loss: 5.5379 | lr: 5.00e-04 | Best_PSNR: 30.0806 in Epoch [238]
2022-07-15 15:56:36,218 INFO: Epoch: 240 | PSNR: 30.0802 | Loss: 5.5577 | lr: 5.00e-04 | Best_PSNR: 30.0806 in Epoch [238]
2022-07-15 15:57:24,201 INFO: Epoch: 241 | PSNR: 30.0820 | Loss: 5.5297 | lr: 2.50e-04 | Best_PSNR: 30.0820 in Epoch [241]
2022-07-15 15:58:14,220 INFO: Epoch: 242 | PSNR: 30.0834 | Loss: 5.5168 | lr: 2.50e-04 | Best_PSNR: 30.0834 in Epoch [242]
2022-07-15 15:59:09,423 INFO: Epoch: 243 | PSNR: 30.0838 | Loss: 5.5163 | lr: 2.50e-04 | Best_PSNR: 30.0838 in Epoch [243]
2022-07-15 15:59:58,311 INFO: Epoch: 244 | PSNR: 30.0837 | Loss: 5.5293 | lr: 2.50e-04 | Best_PSNR: 30.0838 in Epoch [243]
2022-07-15 16:00:48,435 INFO: Epoch: 245 | PSNR: 30.0839 | Loss: 5.5318 | lr: 2.50e-04 | Best_PSNR: 30.0839 in Epoch [245]
2022-07-15 16:01:38,537 INFO: Epoch: 246 | PSNR: 30.0842 | Loss: 5.5101 | lr: 2.50e-04 | Best_PSNR: 30.0842 in Epoch [246]
2022-07-15 16:02:28,448 INFO: Epoch: 247 | PSNR: 30.0843 | Loss: 5.5220 | lr: 2.50e-04 | Best_PSNR: 30.0843 in Epoch [247]
2022-07-15 16:03:17,904 INFO: Epoch: 248 | PSNR: 30.0847 | Loss: 5.5286 | lr: 2.50e-04 | Best_PSNR: 30.0847 in Epoch [248]
2022-07-15 16:04:04,007 INFO: Epoch: 249 | PSNR: 30.0851 | Loss: 5.5053 | lr: 2.50e-04 | Best_PSNR: 30.0851 in Epoch [249]
2022-07-15 16:04:51,052 INFO: Epoch: 250 | PSNR: 30.0852 | Loss: 5.5683 | lr: 2.50e-04 | Best_PSNR: 30.0852 in Epoch [250]
2022-07-15 16:05:37,922 INFO: Epoch: 251 | PSNR: 30.0849 | Loss: 5.5575 | lr: 2.50e-04 | Best_PSNR: 30.0852 in Epoch [250]
2022-07-15 16:06:31,909 INFO: Epoch: 252 | PSNR: 30.0854 | Loss: 5.5100 | lr: 2.50e-04 | Best_PSNR: 30.0854 in Epoch [252]
2022-07-15 16:07:23,646 INFO: Epoch: 253 | PSNR: 30.0852 | Loss: 5.5526 | lr: 2.50e-04 | Best_PSNR: 30.0854 in Epoch [252]
2022-07-15 16:08:11,130 INFO: Epoch: 254 | PSNR: 30.0857 | Loss: 5.5640 | lr: 2.50e-04 | Best_PSNR: 30.0857 in Epoch [254]
2022-07-15 16:08:59,459 INFO: Epoch: 255 | PSNR: 30.0857 | Loss: 5.5396 | lr: 2.50e-04 | Best_PSNR: 30.0857 in Epoch [255]
2022-07-15 16:09:47,871 INFO: Epoch: 256 | PSNR: 30.0855 | Loss: 5.5608 | lr: 2.50e-04 | Best_PSNR: 30.0857 in Epoch [255]
2022-07-15 16:10:35,194 INFO: Epoch: 257 | PSNR: 30.0859 | Loss: 5.5253 | lr: 2.50e-04 | Best_PSNR: 30.0859 in Epoch [257]
2022-07-15 16:11:28,363 INFO: Epoch: 258 | PSNR: 30.0860 | Loss: 5.4904 | lr: 2.50e-04 | Best_PSNR: 30.0860 in Epoch [258]
2022-07-15 16:12:18,319 INFO: Epoch: 259 | PSNR: 30.0861 | Loss: 5.5453 | lr: 2.50e-04 | Best_PSNR: 30.0861 in Epoch [259]
2022-07-15 16:13:06,565 INFO: Epoch: 260 | PSNR: 30.0862 | Loss: 5.5248 | lr: 2.50e-04 | Best_PSNR: 30.0862 in Epoch [260]
2022-07-15 16:13:55,350 INFO: Epoch: 261 | PSNR: 30.0863 | Loss: 5.5477 | lr: 2.50e-04 | Best_PSNR: 30.0863 in Epoch [261]
2022-07-15 16:14:42,499 INFO: Epoch: 262 | PSNR: 30.0862 | Loss: 5.5005 | lr: 2.50e-04 | Best_PSNR: 30.0863 in Epoch [261]
2022-07-15 16:15:30,216 INFO: Epoch: 263 | PSNR: 30.0863 | Loss: 5.5332 | lr: 2.50e-04 | Best_PSNR: 30.0863 in Epoch [261]
2022-07-15 16:16:17,741 INFO: Epoch: 264 | PSNR: 30.0862 | Loss: 5.5561 | lr: 2.50e-04 | Best_PSNR: 30.0863 in Epoch [261]
2022-07-15 16:17:15,134 INFO: Epoch: 265 | PSNR: 30.0863 | Loss: 5.4971 | lr: 2.50e-04 | Best_PSNR: 30.0863 in Epoch [261]
2022-07-15 16:18:05,971 INFO: Epoch: 266 | PSNR: 30.0863 | Loss: 5.5386 | lr: 2.50e-04 | Best_PSNR: 30.0863 in Epoch [261]
2022-07-15 16:18:59,653 INFO: Epoch: 267 | PSNR: 30.0863 | Loss: 5.5416 | lr: 2.50e-04 | Best_PSNR: 30.0863 in Epoch [267]
2022-07-15 16:19:49,181 INFO: Epoch: 268 | PSNR: 30.0862 | Loss: 5.5090 | lr: 2.50e-04 | Best_PSNR: 30.0863 in Epoch [267]
2022-07-15 16:20:39,091 INFO: Epoch: 269 | PSNR: 30.0867 | Loss: 5.5357 | lr: 2.50e-04 | Best_PSNR: 30.0867 in Epoch [269]
2022-07-15 16:21:27,190 INFO: Epoch: 270 | PSNR: 30.0866 | Loss: 5.5118 | lr: 2.50e-04 | Best_PSNR: 30.0867 in Epoch [269]
2022-07-15 16:22:16,632 INFO: Epoch: 271 | PSNR: 30.0861 | Loss: 5.5074 | lr: 2.50e-04 | Best_PSNR: 30.0867 in Epoch [269]
2022-07-15 16:23:06,115 INFO: Epoch: 272 | PSNR: 30.0866 | Loss: 5.4802 | lr: 2.50e-04 | Best_PSNR: 30.0867 in Epoch [269]
2022-07-15 16:23:56,664 INFO: Epoch: 273 | PSNR: 30.0863 | Loss: 5.4932 | lr: 2.50e-04 | Best_PSNR: 30.0867 in Epoch [269]
2022-07-15 16:24:45,848 INFO: Epoch: 274 | PSNR: 30.0864 | Loss: 5.5341 | lr: 2.50e-04 | Best_PSNR: 30.0867 in Epoch [269]
2022-07-15 16:25:39,806 INFO: Epoch: 275 | PSNR: 30.0858 | Loss: 5.5585 | lr: 2.50e-04 | Best_PSNR: 30.0867 in Epoch [269]
2022-07-15 16:26:29,138 INFO: Epoch: 276 | PSNR: 30.0863 | Loss: 5.5311 | lr: 2.50e-04 | Best_PSNR: 30.0867 in Epoch [269]
2022-07-15 16:27:19,948 INFO: Epoch: 277 | PSNR: 30.0872 | Loss: 5.5151 | lr: 2.50e-04 | Best_PSNR: 30.0872 in Epoch [277]
2022-07-15 16:28:07,203 INFO: Epoch: 278 | PSNR: 30.0874 | Loss: 5.4972 | lr: 2.50e-04 | Best_PSNR: 30.0874 in Epoch [278]
2022-07-15 16:28:55,471 INFO: Epoch: 279 | PSNR: 30.0866 | Loss: 5.5289 | lr: 2.50e-04 | Best_PSNR: 30.0874 in Epoch [278]
2022-07-15 16:29:48,326 INFO: Epoch: 280 | PSNR: 30.0868 | Loss: 5.5109 | lr: 2.50e-04 | Best_PSNR: 30.0874 in Epoch [278]
2022-07-15 16:30:36,154 INFO: Epoch: 281 | PSNR: 30.0868 | Loss: 5.5537 | lr: 2.50e-04 | Best_PSNR: 30.0874 in Epoch [278]
2022-07-15 16:31:24,117 INFO: Epoch: 282 | PSNR: 30.0865 | Loss: 5.5536 | lr: 2.50e-04 | Best_PSNR: 30.0874 in Epoch [278]
2022-07-15 16:32:11,495 INFO: Epoch: 283 | PSNR: 30.0866 | Loss: 5.5652 | lr: 2.50e-04 | Best_PSNR: 30.0874 in Epoch [278]
2022-07-15 16:33:04,052 INFO: Epoch: 284 | PSNR: 30.0870 | Loss: 5.5508 | lr: 2.50e-04 | Best_PSNR: 30.0874 in Epoch [278]
2022-07-15 16:33:52,800 INFO: Epoch: 285 | PSNR: 30.0873 | Loss: 5.4856 | lr: 2.50e-04 | Best_PSNR: 30.0874 in Epoch [278]
2022-07-15 16:34:40,571 INFO: Epoch: 286 | PSNR: 30.0870 | Loss: 5.5380 | lr: 2.50e-04 | Best_PSNR: 30.0874 in Epoch [278]
2022-07-15 16:35:30,045 INFO: Epoch: 287 | PSNR: 30.0876 | Loss: 5.5069 | lr: 2.50e-04 | Best_PSNR: 30.0876 in Epoch [287]
2022-07-15 16:36:19,528 INFO: Epoch: 288 | PSNR: 30.0877 | Loss: 5.5318 | lr: 2.50e-04 | Best_PSNR: 30.0877 in Epoch [288]
2022-07-15 16:37:09,122 INFO: Epoch: 289 | PSNR: 30.0877 | Loss: 5.5584 | lr: 2.50e-04 | Best_PSNR: 30.0877 in Epoch [288]
2022-07-15 16:38:01,014 INFO: Epoch: 290 | PSNR: 30.0880 | Loss: 5.5487 | lr: 2.50e-04 | Best_PSNR: 30.0880 in Epoch [290]
2022-07-15 16:38:51,393 INFO: Epoch: 291 | PSNR: 30.0880 | Loss: 5.5106 | lr: 2.50e-04 | Best_PSNR: 30.0880 in Epoch [291]
2022-07-15 16:39:44,942 INFO: Epoch: 292 | PSNR: 30.0885 | Loss: 5.5205 | lr: 2.50e-04 | Best_PSNR: 30.0885 in Epoch [292]
2022-07-15 16:40:34,599 INFO: Epoch: 293 | PSNR: 30.0885 | Loss: 5.5156 | lr: 2.50e-04 | Best_PSNR: 30.0885 in Epoch [292]
2022-07-15 16:41:23,354 INFO: Epoch: 294 | PSNR: 30.0878 | Loss: 5.5438 | lr: 2.50e-04 | Best_PSNR: 30.0885 in Epoch [292]
2022-07-15 16:42:27,435 INFO: Epoch: 295 | PSNR: 30.0878 | Loss: 5.5261 | lr: 2.50e-04 | Best_PSNR: 30.0885 in Epoch [292]
2022-07-15 16:43:17,603 INFO: Epoch: 296 | PSNR: 30.0877 | Loss: 5.5373 | lr: 2.50e-04 | Best_PSNR: 30.0885 in Epoch [292]
2022-07-15 16:44:08,989 INFO: Epoch: 297 | PSNR: 30.0877 | Loss: 5.5201 | lr: 2.50e-04 | Best_PSNR: 30.0885 in Epoch [292]
2022-07-15 16:44:57,392 INFO: Epoch: 298 | PSNR: 30.0876 | Loss: 5.5296 | lr: 2.50e-04 | Best_PSNR: 30.0885 in Epoch [292]
2022-07-15 16:45:46,051 INFO: Epoch: 299 | PSNR: 30.0884 | Loss: 5.5058 | lr: 2.50e-04 | Best_PSNR: 30.0885 in Epoch [292]
2022-07-15 16:46:36,494 INFO: Epoch: 300 | PSNR: 30.0884 | Loss: 5.5031 | lr: 2.50e-04 | Best_PSNR: 30.0885 in Epoch [292]
2022-07-15 16:47:30,396 INFO: Epoch: 301 | PSNR: 30.0886 | Loss: 5.5693 | lr: 2.50e-04 | Best_PSNR: 30.0886 in Epoch [301]
2022-07-15 16:48:20,058 INFO: Epoch: 302 | PSNR: 30.0885 | Loss: 5.5376 | lr: 2.50e-04 | Best_PSNR: 30.0886 in Epoch [301]
2022-07-15 16:49:06,433 INFO: Epoch: 303 | PSNR: 30.0885 | Loss: 5.5217 | lr: 2.50e-04 | Best_PSNR: 30.0886 in Epoch [301]
2022-07-15 16:49:54,495 INFO: Epoch: 304 | PSNR: 30.0885 | Loss: 5.5172 | lr: 2.50e-04 | Best_PSNR: 30.0886 in Epoch [301]
2022-07-15 16:50:41,544 INFO: Epoch: 305 | PSNR: 30.0885 | Loss: 5.5308 | lr: 2.50e-04 | Best_PSNR: 30.0886 in Epoch [301]
2022-07-15 16:51:32,848 INFO: Epoch: 306 | PSNR: 30.0889 | Loss: 5.5349 | lr: 2.50e-04 | Best_PSNR: 30.0889 in Epoch [306]
2022-07-15 16:52:24,470 INFO: Epoch: 307 | PSNR: 30.0889 | Loss: 5.5404 | lr: 2.50e-04 | Best_PSNR: 30.0889 in Epoch [307]
2022-07-15 16:53:17,247 INFO: Epoch: 308 | PSNR: 30.0894 | Loss: 5.5390 | lr: 2.50e-04 | Best_PSNR: 30.0894 in Epoch [308]
2022-07-15 16:54:06,574 INFO: Epoch: 309 | PSNR: 30.0893 | Loss: 5.5082 | lr: 2.50e-04 | Best_PSNR: 30.0894 in Epoch [308]
2022-07-15 16:54:55,044 INFO: Epoch: 310 | PSNR: 30.0893 | Loss: 5.5231 | lr: 2.50e-04 | Best_PSNR: 30.0894 in Epoch [308]
2022-07-15 16:55:42,967 INFO: Epoch: 311 | PSNR: 30.0895 | Loss: 5.5320 | lr: 2.50e-04 | Best_PSNR: 30.0895 in Epoch [311]
2022-07-15 16:56:33,307 INFO: Epoch: 312 | PSNR: 30.0894 | Loss: 5.5459 | lr: 2.50e-04 | Best_PSNR: 30.0895 in Epoch [311]
2022-07-15 16:57:20,339 INFO: Epoch: 313 | PSNR: 30.0897 | Loss: 5.5327 | lr: 2.50e-04 | Best_PSNR: 30.0897 in Epoch [313]
2022-07-15 16:58:09,104 INFO: Epoch: 314 | PSNR: 30.0900 | Loss: 5.5140 | lr: 2.50e-04 | Best_PSNR: 30.0900 in Epoch [314]
2022-07-15 16:58:58,953 INFO: Epoch: 315 | PSNR: 30.0900 | Loss: 5.5409 | lr: 2.50e-04 | Best_PSNR: 30.0900 in Epoch [315]
2022-07-15 16:59:50,019 INFO: Epoch: 316 | PSNR: 30.0892 | Loss: 5.5207 | lr: 2.50e-04 | Best_PSNR: 30.0900 in Epoch [315]
2022-07-15 17:00:44,510 INFO: Epoch: 317 | PSNR: 30.0893 | Loss: 5.5591 | lr: 2.50e-04 | Best_PSNR: 30.0900 in Epoch [315]
2022-07-15 17:01:37,063 INFO: Epoch: 318 | PSNR: 30.0891 | Loss: 5.5511 | lr: 2.50e-04 | Best_PSNR: 30.0900 in Epoch [315]
2022-07-15 17:02:27,734 INFO: Epoch: 319 | PSNR: 30.0888 | Loss: 5.5255 | lr: 2.50e-04 | Best_PSNR: 30.0900 in Epoch [315]
2022-07-15 17:03:18,859 INFO: Epoch: 320 | PSNR: 30.0891 | Loss: 5.5314 | lr: 2.50e-04 | Best_PSNR: 30.0900 in Epoch [315]
2022-07-15 17:04:08,684 INFO: Epoch: 321 | PSNR: 30.0894 | Loss: 5.5493 | lr: 2.50e-04 | Best_PSNR: 30.0900 in Epoch [315]
2022-07-15 17:04:56,627 INFO: Epoch: 322 | PSNR: 30.0897 | Loss: 5.5137 | lr: 2.50e-04 | Best_PSNR: 30.0900 in Epoch [315]
2022-07-15 17:05:50,587 INFO: Epoch: 323 | PSNR: 30.0894 | Loss: 5.5402 | lr: 2.50e-04 | Best_PSNR: 30.0900 in Epoch [315]
2022-07-15 17:06:42,510 INFO: Epoch: 324 | PSNR: 30.0895 | Loss: 5.5405 | lr: 2.50e-04 | Best_PSNR: 30.0900 in Epoch [315]
2022-07-15 17:07:39,779 INFO: Epoch: 325 | PSNR: 30.0896 | Loss: 5.5313 | lr: 2.50e-04 | Best_PSNR: 30.0900 in Epoch [315]
2022-07-15 17:08:28,952 INFO: Epoch: 326 | PSNR: 30.0900 | Loss: 5.5248 | lr: 2.50e-04 | Best_PSNR: 30.0900 in Epoch [326]
2022-07-15 17:09:17,271 INFO: Epoch: 327 | PSNR: 30.0899 | Loss: 5.5722 | lr: 2.50e-04 | Best_PSNR: 30.0900 in Epoch [326]
2022-07-15 17:10:07,424 INFO: Epoch: 328 | PSNR: 30.0902 | Loss: 5.5405 | lr: 2.50e-04 | Best_PSNR: 30.0902 in Epoch [328]
2022-07-15 17:10:55,222 INFO: Epoch: 329 | PSNR: 30.0900 | Loss: 5.5357 | lr: 2.50e-04 | Best_PSNR: 30.0902 in Epoch [328]
2022-07-15 17:11:46,353 INFO: Epoch: 330 | PSNR: 30.0897 | Loss: 5.5272 | lr: 2.50e-04 | Best_PSNR: 30.0902 in Epoch [328]
2022-07-15 17:12:35,074 INFO: Epoch: 331 | PSNR: 30.0896 | Loss: 5.5716 | lr: 2.50e-04 | Best_PSNR: 30.0902 in Epoch [328]
2022-07-15 17:13:27,835 INFO: Epoch: 332 | PSNR: 30.0900 | Loss: 5.5123 | lr: 2.50e-04 | Best_PSNR: 30.0902 in Epoch [328]
2022-07-15 17:14:17,846 INFO: Epoch: 333 | PSNR: 30.0899 | Loss: 5.5461 | lr: 2.50e-04 | Best_PSNR: 30.0902 in Epoch [328]
2022-07-15 17:15:05,673 INFO: Epoch: 334 | PSNR: 30.0899 | Loss: 5.5294 | lr: 2.50e-04 | Best_PSNR: 30.0902 in Epoch [328]
2022-07-15 17:16:01,221 INFO: Epoch: 335 | PSNR: 30.0896 | Loss: 5.5215 | lr: 2.50e-04 | Best_PSNR: 30.0902 in Epoch [328]
2022-07-15 17:16:48,438 INFO: Epoch: 336 | PSNR: 30.0898 | Loss: 5.5584 | lr: 2.50e-04 | Best_PSNR: 30.0902 in Epoch [328]
2022-07-15 17:17:38,399 INFO: Epoch: 337 | PSNR: 30.0900 | Loss: 5.5198 | lr: 2.50e-04 | Best_PSNR: 30.0902 in Epoch [328]
2022-07-15 17:18:29,172 INFO: Epoch: 338 | PSNR: 30.0903 | Loss: 5.5268 | lr: 2.50e-04 | Best_PSNR: 30.0903 in Epoch [338]
2022-07-15 17:19:19,262 INFO: Epoch: 339 | PSNR: 30.0905 | Loss: 5.5372 | lr: 2.50e-04 | Best_PSNR: 30.0905 in Epoch [339]
2022-07-15 17:20:09,302 INFO: Epoch: 340 | PSNR: 30.0903 | Loss: 5.5079 | lr: 2.50e-04 | Best_PSNR: 30.0905 in Epoch [339]
2022-07-15 17:20:56,400 INFO: Epoch: 341 | PSNR: 30.0903 | Loss: 5.5380 | lr: 2.50e-04 | Best_PSNR: 30.0905 in Epoch [339]
2022-07-15 17:21:45,807 INFO: Epoch: 342 | PSNR: 30.0908 | Loss: 5.5037 | lr: 2.50e-04 | Best_PSNR: 30.0908 in Epoch [342]
2022-07-15 17:22:38,426 INFO: Epoch: 343 | PSNR: 30.0910 | Loss: 5.5144 | lr: 2.50e-04 | Best_PSNR: 30.0910 in Epoch [343]
2022-07-15 17:23:27,877 INFO: Epoch: 344 | PSNR: 30.0913 | Loss: 5.5297 | lr: 2.50e-04 | Best_PSNR: 30.0913 in Epoch [344]
2022-07-15 17:24:17,985 INFO: Epoch: 345 | PSNR: 30.0912 | Loss: 5.5353 | lr: 2.50e-04 | Best_PSNR: 30.0913 in Epoch [344]
2022-07-15 17:25:06,470 INFO: Epoch: 346 | PSNR: 30.0906 | Loss: 5.5403 | lr: 2.50e-04 | Best_PSNR: 30.0913 in Epoch [344]
2022-07-15 17:25:53,652 INFO: Epoch: 347 | PSNR: 30.0904 | Loss: 5.5292 | lr: 2.50e-04 | Best_PSNR: 30.0913 in Epoch [344]
2022-07-15 17:26:40,603 INFO: Epoch: 348 | PSNR: 30.0908 | Loss: 5.5381 | lr: 2.50e-04 | Best_PSNR: 30.0913 in Epoch [344]
2022-07-15 17:27:28,270 INFO: Epoch: 349 | PSNR: 30.0907 | Loss: 5.5064 | lr: 2.50e-04 | Best_PSNR: 30.0913 in Epoch [344]
2022-07-15 17:28:16,401 INFO: Epoch: 350 | PSNR: 30.0909 | Loss: 5.4837 | lr: 2.50e-04 | Best_PSNR: 30.0913 in Epoch [344]
2022-07-15 17:29:08,376 INFO: Epoch: 351 | PSNR: 30.0911 | Loss: 5.5264 | lr: 2.50e-04 | Best_PSNR: 30.0913 in Epoch [344]
2022-07-15 17:30:04,951 INFO: Epoch: 352 | PSNR: 30.0916 | Loss: 5.5361 | lr: 2.50e-04 | Best_PSNR: 30.0916 in Epoch [352]
2022-07-15 17:30:55,530 INFO: Epoch: 353 | PSNR: 30.0912 | Loss: 5.5100 | lr: 2.50e-04 | Best_PSNR: 30.0916 in Epoch [352]
2022-07-15 17:31:45,407 INFO: Epoch: 354 | PSNR: 30.0911 | Loss: 5.4976 | lr: 2.50e-04 | Best_PSNR: 30.0916 in Epoch [352]
2022-07-15 17:32:35,996 INFO: Epoch: 355 | PSNR: 30.0914 | Loss: 5.4827 | lr: 2.50e-04 | Best_PSNR: 30.0916 in Epoch [352]
2022-07-15 17:33:27,202 INFO: Epoch: 356 | PSNR: 30.0914 | Loss: 5.5569 | lr: 2.50e-04 | Best_PSNR: 30.0916 in Epoch [352]
2022-07-15 17:34:19,213 INFO: Epoch: 357 | PSNR: 30.0916 | Loss: 5.5606 | lr: 2.50e-04 | Best_PSNR: 30.0916 in Epoch [357]
2022-07-15 17:35:10,180 INFO: Epoch: 358 | PSNR: 30.0913 | Loss: 5.5483 | lr: 2.50e-04 | Best_PSNR: 30.0916 in Epoch [357]
2022-07-15 17:36:01,437 INFO: Epoch: 359 | PSNR: 30.0916 | Loss: 5.5204 | lr: 2.50e-04 | Best_PSNR: 30.0916 in Epoch [357]
2022-07-15 17:36:54,616 INFO: Epoch: 360 | PSNR: 30.0916 | Loss: 5.5188 | lr: 2.50e-04 | Best_PSNR: 30.0916 in Epoch [357]
2022-07-15 17:37:46,787 INFO: Epoch: 361 | PSNR: 30.0922 | Loss: 5.5378 | lr: 1.25e-04 | Best_PSNR: 30.0922 in Epoch [361]
2022-07-15 17:38:37,301 INFO: Epoch: 362 | PSNR: 30.0924 | Loss: 5.5092 | lr: 1.25e-04 | Best_PSNR: 30.0924 in Epoch [362]
2022-07-15 17:39:31,452 INFO: Epoch: 363 | PSNR: 30.0929 | Loss: 5.5145 | lr: 1.25e-04 | Best_PSNR: 30.0929 in Epoch [363]
2022-07-15 17:40:18,554 INFO: Epoch: 364 | PSNR: 30.0929 | Loss: 5.4990 | lr: 1.25e-04 | Best_PSNR: 30.0929 in Epoch [364]
2022-07-15 17:41:05,622 INFO: Epoch: 365 | PSNR: 30.0928 | Loss: 5.5073 | lr: 1.25e-04 | Best_PSNR: 30.0929 in Epoch [364]
2022-07-15 17:41:53,074 INFO: Epoch: 366 | PSNR: 30.0929 | Loss: 5.5116 | lr: 1.25e-04 | Best_PSNR: 30.0929 in Epoch [364]
2022-07-15 17:42:49,227 INFO: Epoch: 367 | PSNR: 30.0930 | Loss: 5.5307 | lr: 1.25e-04 | Best_PSNR: 30.0930 in Epoch [367]
2022-07-15 17:43:41,103 INFO: Epoch: 368 | PSNR: 30.0928 | Loss: 5.5368 | lr: 1.25e-04 | Best_PSNR: 30.0930 in Epoch [367]
2022-07-15 17:44:30,655 INFO: Epoch: 369 | PSNR: 30.0926 | Loss: 5.5383 | lr: 1.25e-04 | Best_PSNR: 30.0930 in Epoch [367]
2022-07-15 17:45:22,533 INFO: Epoch: 370 | PSNR: 30.0926 | Loss: 5.5669 | lr: 1.25e-04 | Best_PSNR: 30.0930 in Epoch [367]
2022-07-15 17:46:13,790 INFO: Epoch: 371 | PSNR: 30.0926 | Loss: 5.5162 | lr: 1.25e-04 | Best_PSNR: 30.0930 in Epoch [367]
2022-07-15 17:47:05,431 INFO: Epoch: 372 | PSNR: 30.0927 | Loss: 5.5132 | lr: 1.25e-04 | Best_PSNR: 30.0930 in Epoch [367]
2022-07-15 17:48:01,080 INFO: Epoch: 373 | PSNR: 30.0932 | Loss: 5.5281 | lr: 1.25e-04 | Best_PSNR: 30.0932 in Epoch [373]
2022-07-15 17:48:51,286 INFO: Epoch: 374 | PSNR: 30.0934 | Loss: 5.5327 | lr: 1.25e-04 | Best_PSNR: 30.0934 in Epoch [374]
2022-07-15 17:49:42,927 INFO: Epoch: 375 | PSNR: 30.0940 | Loss: 5.4910 | lr: 1.25e-04 | Best_PSNR: 30.0940 in Epoch [375]
2022-07-15 17:50:29,372 INFO: Epoch: 376 | PSNR: 30.0940 | Loss: 5.5017 | lr: 1.25e-04 | Best_PSNR: 30.0940 in Epoch [375]
2022-07-15 17:51:16,074 INFO: Epoch: 377 | PSNR: 30.0937 | Loss: 5.5156 | lr: 1.25e-04 | Best_PSNR: 30.0940 in Epoch [375]
2022-07-15 17:52:02,645 INFO: Epoch: 378 | PSNR: 30.0934 | Loss: 5.5120 | lr: 1.25e-04 | Best_PSNR: 30.0940 in Epoch [375]
2022-07-15 17:52:49,014 INFO: Epoch: 379 | PSNR: 30.0939 | Loss: 5.5396 | lr: 1.25e-04 | Best_PSNR: 30.0940 in Epoch [375]
2022-07-15 17:53:35,059 INFO: Epoch: 380 | PSNR: 30.0938 | Loss: 5.5397 | lr: 1.25e-04 | Best_PSNR: 30.0940 in Epoch [375]
2022-07-15 17:54:22,111 INFO: Epoch: 381 | PSNR: 30.0941 | Loss: 5.5341 | lr: 1.25e-04 | Best_PSNR: 30.0941 in Epoch [381]
2022-07-15 17:55:08,101 INFO: Epoch: 382 | PSNR: 30.0937 | Loss: 5.5042 | lr: 1.25e-04 | Best_PSNR: 30.0941 in Epoch [381]
2022-07-15 17:55:55,657 INFO: Epoch: 383 | PSNR: 30.0936 | Loss: 5.5062 | lr: 1.25e-04 | Best_PSNR: 30.0941 in Epoch [381]
2022-07-15 17:56:46,624 INFO: Epoch: 384 | PSNR: 30.0937 | Loss: 5.5356 | lr: 1.25e-04 | Best_PSNR: 30.0941 in Epoch [381]
2022-07-15 17:57:39,159 INFO: Epoch: 385 | PSNR: 30.0936 | Loss: 5.5258 | lr: 1.25e-04 | Best_PSNR: 30.0941 in Epoch [381]
2022-07-15 17:58:29,607 INFO: Epoch: 386 | PSNR: 30.0942 | Loss: 5.5320 | lr: 1.25e-04 | Best_PSNR: 30.0942 in Epoch [386]
2022-07-15 17:59:19,121 INFO: Epoch: 387 | PSNR: 30.0941 | Loss: 5.5352 | lr: 1.25e-04 | Best_PSNR: 30.0942 in Epoch [386]
2022-07-15 18:00:07,065 INFO: Epoch: 388 | PSNR: 30.0941 | Loss: 5.5135 | lr: 1.25e-04 | Best_PSNR: 30.0942 in Epoch [386]
2022-07-15 18:00:58,107 INFO: Epoch: 389 | PSNR: 30.0940 | Loss: 5.4943 | lr: 1.25e-04 | Best_PSNR: 30.0942 in Epoch [386]
2022-07-15 18:01:49,874 INFO: Epoch: 390 | PSNR: 30.0945 | Loss: 5.4995 | lr: 1.25e-04 | Best_PSNR: 30.0945 in Epoch [390]
2022-07-15 18:02:37,353 INFO: Epoch: 391 | PSNR: 30.0946 | Loss: 5.5281 | lr: 1.25e-04 | Best_PSNR: 30.0946 in Epoch [391]
2022-07-15 18:03:25,515 INFO: Epoch: 392 | PSNR: 30.0952 | Loss: 5.5061 | lr: 1.25e-04 | Best_PSNR: 30.0952 in Epoch [392]
2022-07-15 18:04:14,933 INFO: Epoch: 393 | PSNR: 30.0946 | Loss: 5.4665 | lr: 1.25e-04 | Best_PSNR: 30.0952 in Epoch [392]
2022-07-15 18:05:03,112 INFO: Epoch: 394 | PSNR: 30.0943 | Loss: 5.5474 | lr: 1.25e-04 | Best_PSNR: 30.0952 in Epoch [392]
2022-07-15 18:06:32,871 INFO: Epoch: 395 | PSNR: 30.0943 | Loss: 5.5084 | lr: 1.25e-04 | Best_PSNR: 30.0952 in Epoch [392]
2022-07-15 18:07:32,508 INFO: Epoch: 396 | PSNR: 30.0943 | Loss: 5.4969 | lr: 1.25e-04 | Best_PSNR: 30.0952 in Epoch [392]
2022-07-15 18:08:31,190 INFO: Epoch: 397 | PSNR: 30.0946 | Loss: 5.5114 | lr: 1.25e-04 | Best_PSNR: 30.0952 in Epoch [392]
2022-07-15 18:09:29,503 INFO: Epoch: 398 | PSNR: 30.0946 | Loss: 5.4991 | lr: 1.25e-04 | Best_PSNR: 30.0952 in Epoch [392]
2022-07-15 18:10:26,946 INFO: Epoch: 399 | PSNR: 30.0944 | Loss: 5.5147 | lr: 1.25e-04 | Best_PSNR: 30.0952 in Epoch [392]
2022-07-15 18:11:21,041 INFO: Epoch: 400 | PSNR: 30.0946 | Loss: 5.5289 | lr: 1.25e-04 | Best_PSNR: 30.0952 in Epoch [392]
2022-07-15 18:12:14,401 INFO: Epoch: 401 | PSNR: 30.0949 | Loss: 5.5396 | lr: 1.25e-04 | Best_PSNR: 30.0952 in Epoch [392]
2022-07-15 18:13:14,413 INFO: Epoch: 402 | PSNR: 30.0950 | Loss: 5.5474 | lr: 1.25e-04 | Best_PSNR: 30.0952 in Epoch [392]
2022-07-15 18:14:10,324 INFO: Epoch: 403 | PSNR: 30.0955 | Loss: 5.4981 | lr: 1.25e-04 | Best_PSNR: 30.0955 in Epoch [403]
2022-07-15 18:15:04,119 INFO: Epoch: 404 | PSNR: 30.0948 | Loss: 5.4955 | lr: 1.25e-04 | Best_PSNR: 30.0955 in Epoch [403]
2022-07-15 18:15:57,205 INFO: Epoch: 405 | PSNR: 30.0950 | Loss: 5.4805 | lr: 1.25e-04 | Best_PSNR: 30.0955 in Epoch [403]
2022-07-15 18:16:53,348 INFO: Epoch: 406 | PSNR: 30.0950 | Loss: 5.5380 | lr: 1.25e-04 | Best_PSNR: 30.0955 in Epoch [403]
2022-07-15 18:17:48,398 INFO: Epoch: 407 | PSNR: 30.0954 | Loss: 5.5304 | lr: 1.25e-04 | Best_PSNR: 30.0955 in Epoch [403]
2022-07-15 18:18:43,340 INFO: Epoch: 408 | PSNR: 30.0948 | Loss: 5.5227 | lr: 1.25e-04 | Best_PSNR: 30.0955 in Epoch [403]
2022-07-15 18:19:36,995 INFO: Epoch: 409 | PSNR: 30.0948 | Loss: 5.4940 | lr: 1.25e-04 | Best_PSNR: 30.0955 in Epoch [403]
2022-07-15 18:20:30,082 INFO: Epoch: 410 | PSNR: 30.0948 | Loss: 5.5083 | lr: 1.25e-04 | Best_PSNR: 30.0955 in Epoch [403]
2022-07-15 18:21:24,210 INFO: Epoch: 411 | PSNR: 30.0949 | Loss: 5.5055 | lr: 1.25e-04 | Best_PSNR: 30.0955 in Epoch [403]
2022-07-15 18:22:21,812 INFO: Epoch: 412 | PSNR: 30.0955 | Loss: 5.5213 | lr: 1.25e-04 | Best_PSNR: 30.0955 in Epoch [412]
2022-07-15 18:23:14,532 INFO: Epoch: 413 | PSNR: 30.0956 | Loss: 5.5472 | lr: 1.25e-04 | Best_PSNR: 30.0956 in Epoch [413]
2022-07-15 18:24:12,358 INFO: Epoch: 414 | PSNR: 30.0955 | Loss: 5.5357 | lr: 1.25e-04 | Best_PSNR: 30.0956 in Epoch [413]
2022-07-15 18:25:11,558 INFO: Epoch: 415 | PSNR: 30.0951 | Loss: 5.5479 | lr: 1.25e-04 | Best_PSNR: 30.0956 in Epoch [413]
2022-07-15 18:26:32,648 INFO: Epoch: 416 | PSNR: 30.0953 | Loss: 5.5023 | lr: 1.25e-04 | Best_PSNR: 30.0956 in Epoch [413]
2022-07-15 18:27:26,985 INFO: Epoch: 417 | PSNR: 30.0953 | Loss: 5.5133 | lr: 1.25e-04 | Best_PSNR: 30.0956 in Epoch [413]
2022-07-15 18:28:23,448 INFO: Epoch: 418 | PSNR: 30.0954 | Loss: 5.5656 | lr: 1.25e-04 | Best_PSNR: 30.0956 in Epoch [413]
2022-07-15 18:29:21,087 INFO: Epoch: 419 | PSNR: 30.0952 | Loss: 5.5004 | lr: 1.25e-04 | Best_PSNR: 30.0956 in Epoch [413]
2022-07-15 18:30:17,951 INFO: Epoch: 420 | PSNR: 30.0952 | Loss: 5.5020 | lr: 1.25e-04 | Best_PSNR: 30.0956 in Epoch [413]
2022-07-15 18:31:15,706 INFO: Epoch: 421 | PSNR: 30.0954 | Loss: 5.5435 | lr: 1.25e-04 | Best_PSNR: 30.0956 in Epoch [413]
2022-07-15 18:32:13,957 INFO: Epoch: 422 | PSNR: 30.0955 | Loss: 5.5055 | lr: 1.25e-04 | Best_PSNR: 30.0956 in Epoch [413]
2022-07-15 18:33:33,193 INFO: Epoch: 423 | PSNR: 30.0955 | Loss: 5.5279 | lr: 1.25e-04 | Best_PSNR: 30.0956 in Epoch [413]
2022-07-15 18:34:29,777 INFO: Epoch: 424 | PSNR: 30.0957 | Loss: 5.5328 | lr: 1.25e-04 | Best_PSNR: 30.0957 in Epoch [424]
2022-07-15 18:35:24,241 INFO: Epoch: 425 | PSNR: 30.0954 | Loss: 5.5583 | lr: 1.25e-04 | Best_PSNR: 30.0957 in Epoch [424]
2022-07-15 18:36:18,579 INFO: Epoch: 426 | PSNR: 30.0954 | Loss: 5.5316 | lr: 1.25e-04 | Best_PSNR: 30.0957 in Epoch [424]
2022-07-15 18:37:13,974 INFO: Epoch: 427 | PSNR: 30.0952 | Loss: 5.5649 | lr: 1.25e-04 | Best_PSNR: 30.0957 in Epoch [424]
2022-07-15 18:38:08,829 INFO: Epoch: 428 | PSNR: 30.0953 | Loss: 5.5524 | lr: 1.25e-04 | Best_PSNR: 30.0957 in Epoch [424]
2022-07-15 18:39:04,558 INFO: Epoch: 429 | PSNR: 30.0952 | Loss: 5.5342 | lr: 1.25e-04 | Best_PSNR: 30.0957 in Epoch [424]
2022-07-15 18:40:01,066 INFO: Epoch: 430 | PSNR: 30.0952 | Loss: 5.5157 | lr: 1.25e-04 | Best_PSNR: 30.0957 in Epoch [424]
2022-07-15 18:40:55,145 INFO: Epoch: 431 | PSNR: 30.0954 | Loss: 5.5121 | lr: 1.25e-04 | Best_PSNR: 30.0957 in Epoch [424]
2022-07-15 18:41:49,393 INFO: Epoch: 432 | PSNR: 30.0954 | Loss: 5.5172 | lr: 1.25e-04 | Best_PSNR: 30.0957 in Epoch [424]
2022-07-15 18:42:42,026 INFO: Epoch: 433 | PSNR: 30.0954 | Loss: 5.5312 | lr: 1.25e-04 | Best_PSNR: 30.0957 in Epoch [424]
2022-07-15 18:43:40,255 INFO: Epoch: 434 | PSNR: 30.0959 | Loss: 5.5105 | lr: 1.25e-04 | Best_PSNR: 30.0959 in Epoch [434]
2022-07-15 18:44:39,075 INFO: Epoch: 435 | PSNR: 30.0963 | Loss: 5.5249 | lr: 1.25e-04 | Best_PSNR: 30.0963 in Epoch [435]
2022-07-15 18:45:33,050 INFO: Epoch: 436 | PSNR: 30.0955 | Loss: 5.5155 | lr: 1.25e-04 | Best_PSNR: 30.0963 in Epoch [435]
2022-07-15 18:46:26,477 INFO: Epoch: 437 | PSNR: 30.0954 | Loss: 5.5690 | lr: 1.25e-04 | Best_PSNR: 30.0963 in Epoch [435]
2022-07-15 18:47:26,166 INFO: Epoch: 438 | PSNR: 30.0958 | Loss: 5.5133 | lr: 1.25e-04 | Best_PSNR: 30.0963 in Epoch [435]
2022-07-15 18:48:23,742 INFO: Epoch: 439 | PSNR: 30.0956 | Loss: 5.5244 | lr: 1.25e-04 | Best_PSNR: 30.0963 in Epoch [435]
2022-07-15 18:49:17,229 INFO: Epoch: 440 | PSNR: 30.0962 | Loss: 5.5261 | lr: 1.25e-04 | Best_PSNR: 30.0963 in Epoch [435]
2022-07-15 18:50:12,980 INFO: Epoch: 441 | PSNR: 30.0960 | Loss: 5.5154 | lr: 1.25e-04 | Best_PSNR: 30.0963 in Epoch [435]
2022-07-15 18:51:13,860 INFO: Epoch: 442 | PSNR: 30.0958 | Loss: 5.5286 | lr: 1.25e-04 | Best_PSNR: 30.0963 in Epoch [435]
2022-07-15 18:52:08,506 INFO: Epoch: 443 | PSNR: 30.0963 | Loss: 5.5383 | lr: 1.25e-04 | Best_PSNR: 30.0963 in Epoch [435]
2022-07-15 18:53:00,599 INFO: Epoch: 444 | PSNR: 30.0965 | Loss: 5.5221 | lr: 1.25e-04 | Best_PSNR: 30.0965 in Epoch [444]
2022-07-15 18:53:53,389 INFO: Epoch: 445 | PSNR: 30.0965 | Loss: 5.5237 | lr: 1.25e-04 | Best_PSNR: 30.0965 in Epoch [444]
2022-07-15 18:54:44,408 INFO: Epoch: 446 | PSNR: 30.0960 | Loss: 5.5696 | lr: 1.25e-04 | Best_PSNR: 30.0965 in Epoch [444]
2022-07-15 18:55:41,173 INFO: Epoch: 447 | PSNR: 30.0960 | Loss: 5.5438 | lr: 1.25e-04 | Best_PSNR: 30.0965 in Epoch [444]
2022-07-15 18:56:38,152 INFO: Epoch: 448 | PSNR: 30.0957 | Loss: 5.5548 | lr: 1.25e-04 | Best_PSNR: 30.0965 in Epoch [444]
2022-07-15 18:57:33,382 INFO: Epoch: 449 | PSNR: 30.0955 | Loss: 5.5312 | lr: 1.25e-04 | Best_PSNR: 30.0965 in Epoch [444]
2022-07-15 18:58:26,076 INFO: Epoch: 450 | PSNR: 30.0961 | Loss: 5.5227 | lr: 1.25e-04 | Best_PSNR: 30.0965 in Epoch [444]
2022-07-15 18:59:54,290 INFO: Epoch: 451 | PSNR: 30.0966 | Loss: 5.5057 | lr: 1.25e-04 | Best_PSNR: 30.0966 in Epoch [451]
2022-07-15 19:00:45,758 INFO: Epoch: 452 | PSNR: 30.0965 | Loss: 5.5047 | lr: 1.25e-04 | Best_PSNR: 30.0966 in Epoch [451]
2022-07-15 19:01:39,576 INFO: Epoch: 453 | PSNR: 30.0965 | Loss: 5.5473 | lr: 1.25e-04 | Best_PSNR: 30.0966 in Epoch [451]
2022-07-15 19:02:32,948 INFO: Epoch: 454 | PSNR: 30.0965 | Loss: 5.5107 | lr: 1.25e-04 | Best_PSNR: 30.0966 in Epoch [451]
2022-07-15 19:03:28,925 INFO: Epoch: 455 | PSNR: 30.0964 | Loss: 5.5362 | lr: 1.25e-04 | Best_PSNR: 30.0966 in Epoch [451]
2022-07-15 19:04:24,285 INFO: Epoch: 456 | PSNR: 30.0965 | Loss: 5.5301 | lr: 1.25e-04 | Best_PSNR: 30.0966 in Epoch [451]
2022-07-15 19:05:18,247 INFO: Epoch: 457 | PSNR: 30.0965 | Loss: 5.5469 | lr: 1.25e-04 | Best_PSNR: 30.0966 in Epoch [451]
2022-07-15 19:06:17,049 INFO: Epoch: 458 | PSNR: 30.0969 | Loss: 5.4877 | lr: 1.25e-04 | Best_PSNR: 30.0969 in Epoch [458]
2022-07-15 19:07:10,127 INFO: Epoch: 459 | PSNR: 30.0966 | Loss: 5.5448 | lr: 1.25e-04 | Best_PSNR: 30.0969 in Epoch [458]
2022-07-15 19:08:05,404 INFO: Epoch: 460 | PSNR: 30.0964 | Loss: 5.5177 | lr: 1.25e-04 | Best_PSNR: 30.0969 in Epoch [458]
2022-07-15 19:09:02,416 INFO: Epoch: 461 | PSNR: 30.0966 | Loss: 5.5425 | lr: 1.25e-04 | Best_PSNR: 30.0969 in Epoch [458]
2022-07-15 19:09:59,065 INFO: Epoch: 462 | PSNR: 30.0968 | Loss: 5.5392 | lr: 1.25e-04 | Best_PSNR: 30.0969 in Epoch [458]
2022-07-15 19:10:52,363 INFO: Epoch: 463 | PSNR: 30.0972 | Loss: 5.4580 | lr: 1.25e-04 | Best_PSNR: 30.0972 in Epoch [463]
2022-07-15 19:11:46,744 INFO: Epoch: 464 | PSNR: 30.0971 | Loss: 5.5226 | lr: 1.25e-04 | Best_PSNR: 30.0972 in Epoch [463]
2022-07-15 19:12:42,921 INFO: Epoch: 465 | PSNR: 30.0974 | Loss: 5.5012 | lr: 1.25e-04 | Best_PSNR: 30.0974 in Epoch [465]
2022-07-15 19:13:35,391 INFO: Epoch: 466 | PSNR: 30.0971 | Loss: 5.5323 | lr: 1.25e-04 | Best_PSNR: 30.0974 in Epoch [465]
2022-07-15 19:14:28,771 INFO: Epoch: 467 | PSNR: 30.0968 | Loss: 5.4904 | lr: 1.25e-04 | Best_PSNR: 30.0974 in Epoch [465]
2022-07-15 19:15:24,342 INFO: Epoch: 468 | PSNR: 30.0969 | Loss: 5.5071 | lr: 1.25e-04 | Best_PSNR: 30.0974 in Epoch [465]
2022-07-15 19:16:20,949 INFO: Epoch: 469 | PSNR: 30.0966 | Loss: 5.4786 | lr: 1.25e-04 | Best_PSNR: 30.0974 in Epoch [465]
2022-07-15 19:17:16,229 INFO: Epoch: 470 | PSNR: 30.0969 | Loss: 5.5065 | lr: 1.25e-04 | Best_PSNR: 30.0974 in Epoch [465]
2022-07-15 19:18:07,956 INFO: Epoch: 471 | PSNR: 30.0971 | Loss: 5.5193 | lr: 1.25e-04 | Best_PSNR: 30.0974 in Epoch [465]
2022-07-15 19:18:59,036 INFO: Epoch: 472 | PSNR: 30.0967 | Loss: 5.5202 | lr: 1.25e-04 | Best_PSNR: 30.0974 in Epoch [465]
2022-07-15 19:19:53,906 INFO: Epoch: 473 | PSNR: 30.0967 | Loss: 5.5226 | lr: 1.25e-04 | Best_PSNR: 30.0974 in Epoch [465]
2022-07-15 19:20:51,107 INFO: Epoch: 474 | PSNR: 30.0965 | Loss: 5.4957 | lr: 1.25e-04 | Best_PSNR: 30.0974 in Epoch [465]
2022-07-15 19:21:45,709 INFO: Epoch: 475 | PSNR: 30.0964 | Loss: 5.5089 | lr: 1.25e-04 | Best_PSNR: 30.0974 in Epoch [465]
2022-07-15 19:22:41,882 INFO: Epoch: 476 | PSNR: 30.0965 | Loss: 5.4989 | lr: 1.25e-04 | Best_PSNR: 30.0974 in Epoch [465]
2022-07-15 19:23:39,070 INFO: Epoch: 477 | PSNR: 30.0969 | Loss: 5.5236 | lr: 1.25e-04 | Best_PSNR: 30.0974 in Epoch [465]
2022-07-15 19:24:36,298 INFO: Epoch: 478 | PSNR: 30.0974 | Loss: 5.4839 | lr: 1.25e-04 | Best_PSNR: 30.0974 in Epoch [478]
2022-07-15 19:25:37,951 INFO: Epoch: 479 | PSNR: 30.0971 | Loss: 5.5330 | lr: 1.25e-04 | Best_PSNR: 30.0974 in Epoch [478]
2022-07-15 19:26:39,950 INFO: Epoch: 480 | PSNR: 30.0968 | Loss: 5.5425 | lr: 1.25e-04 | Best_PSNR: 30.0974 in Epoch [478]
2022-07-15 19:27:45,082 INFO: Epoch: 481 | PSNR: 30.0974 | Loss: 5.4957 | lr: 6.25e-05 | Best_PSNR: 30.0974 in Epoch [481]
2022-07-15 19:28:51,539 INFO: Epoch: 482 | PSNR: 30.0976 | Loss: 5.5168 | lr: 6.25e-05 | Best_PSNR: 30.0976 in Epoch [482]
2022-07-15 19:29:52,190 INFO: Epoch: 483 | PSNR: 30.0976 | Loss: 5.5521 | lr: 6.25e-05 | Best_PSNR: 30.0976 in Epoch [482]
2022-07-15 19:30:56,061 INFO: Epoch: 484 | PSNR: 30.0974 | Loss: 5.5295 | lr: 6.25e-05 | Best_PSNR: 30.0976 in Epoch [482]
2022-07-15 19:32:01,991 INFO: Epoch: 485 | PSNR: 30.0978 | Loss: 5.5284 | lr: 6.25e-05 | Best_PSNR: 30.0978 in Epoch [485]
2022-07-15 19:33:03,970 INFO: Epoch: 486 | PSNR: 30.0982 | Loss: 5.5339 | lr: 6.25e-05 | Best_PSNR: 30.0982 in Epoch [486]
2022-07-15 19:33:59,255 INFO: Epoch: 487 | PSNR: 30.0980 | Loss: 5.5271 | lr: 6.25e-05 | Best_PSNR: 30.0982 in Epoch [486]
2022-07-15 19:34:54,291 INFO: Epoch: 488 | PSNR: 30.0976 | Loss: 5.5133 | lr: 6.25e-05 | Best_PSNR: 30.0982 in Epoch [486]
2022-07-15 19:35:48,631 INFO: Epoch: 489 | PSNR: 30.0978 | Loss: 5.4862 | lr: 6.25e-05 | Best_PSNR: 30.0982 in Epoch [486]
2022-07-15 19:36:47,990 INFO: Epoch: 490 | PSNR: 30.0976 | Loss: 5.5468 | lr: 6.25e-05 | Best_PSNR: 30.0982 in Epoch [486]
2022-07-15 19:37:45,914 INFO: Epoch: 491 | PSNR: 30.0975 | Loss: 5.5171 | lr: 6.25e-05 | Best_PSNR: 30.0982 in Epoch [486]
2022-07-15 19:38:39,578 INFO: Epoch: 492 | PSNR: 30.0978 | Loss: 5.5249 | lr: 6.25e-05 | Best_PSNR: 30.0982 in Epoch [486]
2022-07-15 19:39:34,661 INFO: Epoch: 493 | PSNR: 30.0979 | Loss: 5.5355 | lr: 6.25e-05 | Best_PSNR: 30.0982 in Epoch [486]
2022-07-15 19:40:29,298 INFO: Epoch: 494 | PSNR: 30.0978 | Loss: 5.5068 | lr: 6.25e-05 | Best_PSNR: 30.0982 in Epoch [486]
2022-07-15 19:41:22,440 INFO: Epoch: 495 | PSNR: 30.0978 | Loss: 5.5246 | lr: 6.25e-05 | Best_PSNR: 30.0982 in Epoch [486]
2022-07-15 19:42:17,483 INFO: Epoch: 496 | PSNR: 30.0976 | Loss: 5.5167 | lr: 6.25e-05 | Best_PSNR: 30.0982 in Epoch [486]
2022-07-15 19:43:09,616 INFO: Epoch: 497 | PSNR: 30.0978 | Loss: 5.5445 | lr: 6.25e-05 | Best_PSNR: 30.0982 in Epoch [486]
2022-07-15 19:44:09,507 INFO: Epoch: 498 | PSNR: 30.0978 | Loss: 5.5163 | lr: 6.25e-05 | Best_PSNR: 30.0982 in Epoch [486]
2022-07-15 19:45:03,276 INFO: Epoch: 499 | PSNR: 30.0979 | Loss: 5.5345 | lr: 6.25e-05 | Best_PSNR: 30.0982 in Epoch [486]
2022-07-15 19:46:00,223 INFO: Epoch: 500 | PSNR: 30.0983 | Loss: 5.5533 | lr: 6.25e-05 | Best_PSNR: 30.0983 in Epoch [500]
2022-07-15 19:46:53,661 INFO: Epoch: 501 | PSNR: 30.0982 | Loss: 5.5298 | lr: 6.25e-05 | Best_PSNR: 30.0983 in Epoch [500]
2022-07-15 19:47:46,237 INFO: Epoch: 502 | PSNR: 30.0980 | Loss: 5.5381 | lr: 6.25e-05 | Best_PSNR: 30.0983 in Epoch [500]
2022-07-15 19:48:38,832 INFO: Epoch: 503 | PSNR: 30.0978 | Loss: 5.5335 | lr: 6.25e-05 | Best_PSNR: 30.0983 in Epoch [500]
2022-07-15 19:49:36,807 INFO: Epoch: 504 | PSNR: 30.0978 | Loss: 5.5226 | lr: 6.25e-05 | Best_PSNR: 30.0983 in Epoch [500]
2022-07-15 19:50:30,450 INFO: Epoch: 505 | PSNR: 30.0980 | Loss: 5.4926 | lr: 6.25e-05 | Best_PSNR: 30.0983 in Epoch [500]
2022-07-15 19:51:27,110 INFO: Epoch: 506 | PSNR: 30.0984 | Loss: 5.4804 | lr: 6.25e-05 | Best_PSNR: 30.0984 in Epoch [506]
2022-07-15 19:52:21,263 INFO: Epoch: 507 | PSNR: 30.0981 | Loss: 5.5369 | lr: 6.25e-05 | Best_PSNR: 30.0984 in Epoch [506]
2022-07-15 19:53:15,681 INFO: Epoch: 508 | PSNR: 30.0980 | Loss: 5.4882 | lr: 6.25e-05 | Best_PSNR: 30.0984 in Epoch [506]
2022-07-15 19:54:06,262 INFO: Epoch: 509 | PSNR: 30.0981 | Loss: 5.5514 | lr: 6.25e-05 | Best_PSNR: 30.0984 in Epoch [506]
2022-07-15 19:55:03,862 INFO: Epoch: 510 | PSNR: 30.0984 | Loss: 5.5200 | lr: 6.25e-05 | Best_PSNR: 30.0984 in Epoch [510]
2022-07-15 19:55:57,162 INFO: Epoch: 511 | PSNR: 30.0986 | Loss: 5.4941 | lr: 6.25e-05 | Best_PSNR: 30.0986 in Epoch [511]
2022-07-15 19:56:53,565 INFO: Epoch: 512 | PSNR: 30.0985 | Loss: 5.5208 | lr: 6.25e-05 | Best_PSNR: 30.0986 in Epoch [511]
2022-07-15 19:57:48,631 INFO: Epoch: 513 | PSNR: 30.0983 | Loss: 5.4998 | lr: 6.25e-05 | Best_PSNR: 30.0986 in Epoch [511]
2022-07-15 19:58:41,350 INFO: Epoch: 514 | PSNR: 30.0984 | Loss: 5.5373 | lr: 6.25e-05 | Best_PSNR: 30.0986 in Epoch [511]
2022-07-15 19:59:37,889 INFO: Epoch: 515 | PSNR: 30.0985 | Loss: 5.5176 | lr: 6.25e-05 | Best_PSNR: 30.0986 in Epoch [511]
2022-07-15 20:00:48,734 INFO: Epoch: 516 | PSNR: 30.0990 | Loss: 5.5238 | lr: 6.25e-05 | Best_PSNR: 30.0990 in Epoch [516]
2022-07-15 20:01:43,022 INFO: Epoch: 517 | PSNR: 30.0987 | Loss: 5.5154 | lr: 6.25e-05 | Best_PSNR: 30.0990 in Epoch [516]
2022-07-15 20:02:45,574 INFO: Epoch: 518 | PSNR: 30.0990 | Loss: 5.5303 | lr: 6.25e-05 | Best_PSNR: 30.0990 in Epoch [518]
2022-07-15 20:03:55,037 INFO: Epoch: 519 | PSNR: 30.0988 | Loss: 5.5225 | lr: 6.25e-05 | Best_PSNR: 30.0990 in Epoch [518]
2022-07-15 20:04:59,869 INFO: Epoch: 520 | PSNR: 30.0989 | Loss: 5.5126 | lr: 6.25e-05 | Best_PSNR: 30.0990 in Epoch [518]
2022-07-15 20:05:58,595 INFO: Epoch: 521 | PSNR: 30.0987 | Loss: 5.5068 | lr: 6.25e-05 | Best_PSNR: 30.0990 in Epoch [518]
2022-07-15 20:06:56,025 INFO: Epoch: 522 | PSNR: 30.0985 | Loss: 5.5273 | lr: 6.25e-05 | Best_PSNR: 30.0990 in Epoch [518]
2022-07-15 20:07:51,026 INFO: Epoch: 523 | PSNR: 30.0985 | Loss: 5.5088 | lr: 6.25e-05 | Best_PSNR: 30.0990 in Epoch [518]
2022-07-15 20:08:44,706 INFO: Epoch: 524 | PSNR: 30.0987 | Loss: 5.5394 | lr: 6.25e-05 | Best_PSNR: 30.0990 in Epoch [518]
2022-07-15 20:09:38,114 INFO: Epoch: 525 | PSNR: 30.0986 | Loss: 5.5041 | lr: 6.25e-05 | Best_PSNR: 30.0990 in Epoch [518]
2022-07-15 20:10:33,716 INFO: Epoch: 526 | PSNR: 30.0985 | Loss: 5.5472 | lr: 6.25e-05 | Best_PSNR: 30.0990 in Epoch [518]
2022-07-15 20:11:31,929 INFO: Epoch: 527 | PSNR: 30.0985 | Loss: 5.5078 | lr: 6.25e-05 | Best_PSNR: 30.0990 in Epoch [518]
2022-07-15 20:12:27,137 INFO: Epoch: 528 | PSNR: 30.0989 | Loss: 5.4873 | lr: 6.25e-05 | Best_PSNR: 30.0990 in Epoch [518]
2022-07-15 20:13:22,403 INFO: Epoch: 529 | PSNR: 30.0989 | Loss: 5.5490 | lr: 6.25e-05 | Best_PSNR: 30.0990 in Epoch [518]
2022-07-15 20:14:17,701 INFO: Epoch: 530 | PSNR: 30.0991 | Loss: 5.5266 | lr: 6.25e-05 | Best_PSNR: 30.0991 in Epoch [530]
2022-07-15 20:15:37,033 INFO: Epoch: 531 | PSNR: 30.0992 | Loss: 5.4764 | lr: 6.25e-05 | Best_PSNR: 30.0992 in Epoch [531]
2022-07-15 20:16:30,230 INFO: Epoch: 532 | PSNR: 30.0992 | Loss: 5.5333 | lr: 6.25e-05 | Best_PSNR: 30.0992 in Epoch [532]
2022-07-15 20:17:22,515 INFO: Epoch: 533 | PSNR: 30.0990 | Loss: 5.5186 | lr: 6.25e-05 | Best_PSNR: 30.0992 in Epoch [532]
2022-07-15 20:18:16,625 INFO: Epoch: 534 | PSNR: 30.0986 | Loss: 5.5394 | lr: 6.25e-05 | Best_PSNR: 30.0992 in Epoch [532]
2022-07-15 20:19:10,748 INFO: Epoch: 535 | PSNR: 30.0991 | Loss: 5.5051 | lr: 6.25e-05 | Best_PSNR: 30.0992 in Epoch [532]
2022-07-15 20:20:09,980 INFO: Epoch: 536 | PSNR: 30.0988 | Loss: 5.5174 | lr: 6.25e-05 | Best_PSNR: 30.0992 in Epoch [532]
2022-07-15 20:21:03,396 INFO: Epoch: 537 | PSNR: 30.0988 | Loss: 5.5232 | lr: 6.25e-05 | Best_PSNR: 30.0992 in Epoch [532]
2022-07-15 20:21:58,829 INFO: Epoch: 538 | PSNR: 30.0985 | Loss: 5.5004 | lr: 6.25e-05 | Best_PSNR: 30.0992 in Epoch [532]
2022-07-15 20:22:54,543 INFO: Epoch: 539 | PSNR: 30.0982 | Loss: 5.5044 | lr: 6.25e-05 | Best_PSNR: 30.0992 in Epoch [532]
2022-07-15 20:23:50,578 INFO: Epoch: 540 | PSNR: 30.0984 | Loss: 5.5290 | lr: 6.25e-05 | Best_PSNR: 30.0992 in Epoch [532]
2022-07-15 20:24:49,421 INFO: Epoch: 541 | PSNR: 30.0983 | Loss: 5.5284 | lr: 6.25e-05 | Best_PSNR: 30.0992 in Epoch [532]
2022-07-15 20:25:54,585 INFO: Epoch: 542 | PSNR: 30.0987 | Loss: 5.5293 | lr: 6.25e-05 | Best_PSNR: 30.0992 in Epoch [532]
2022-07-15 20:26:48,914 INFO: Epoch: 543 | PSNR: 30.0989 | Loss: 5.5357 | lr: 6.25e-05 | Best_PSNR: 30.0992 in Epoch [532]
2022-07-15 20:27:43,465 INFO: Epoch: 544 | PSNR: 30.0987 | Loss: 5.5474 | lr: 6.25e-05 | Best_PSNR: 30.0992 in Epoch [532]
2022-07-15 20:28:39,169 INFO: Epoch: 545 | PSNR: 30.0991 | Loss: 5.5308 | lr: 6.25e-05 | Best_PSNR: 30.0992 in Epoch [532]
2022-07-15 20:29:32,745 INFO: Epoch: 546 | PSNR: 30.0988 | Loss: 5.5025 | lr: 6.25e-05 | Best_PSNR: 30.0992 in Epoch [532]
2022-07-15 20:30:34,409 INFO: Epoch: 547 | PSNR: 30.0988 | Loss: 5.5337 | lr: 6.25e-05 | Best_PSNR: 30.0992 in Epoch [532]
2022-07-15 20:31:43,104 INFO: Epoch: 548 | PSNR: 30.0989 | Loss: 5.5461 | lr: 6.25e-05 | Best_PSNR: 30.0992 in Epoch [532]
2022-07-15 20:32:39,056 INFO: Epoch: 549 | PSNR: 30.0987 | Loss: 5.4906 | lr: 6.25e-05 | Best_PSNR: 30.0992 in Epoch [532]
2022-07-15 20:33:36,568 INFO: Epoch: 550 | PSNR: 30.0992 | Loss: 5.5113 | lr: 6.25e-05 | Best_PSNR: 30.0992 in Epoch [532]
2022-07-15 20:34:30,609 INFO: Epoch: 551 | PSNR: 30.0993 | Loss: 5.5376 | lr: 6.25e-05 | Best_PSNR: 30.0993 in Epoch [551]
2022-07-15 20:35:29,635 INFO: Epoch: 552 | PSNR: 30.0993 | Loss: 5.5165 | lr: 6.25e-05 | Best_PSNR: 30.0993 in Epoch [551]
2022-07-15 20:36:22,100 INFO: Epoch: 553 | PSNR: 30.0990 | Loss: 5.5366 | lr: 6.25e-05 | Best_PSNR: 30.0993 in Epoch [551]
2022-07-15 20:37:14,183 INFO: Epoch: 554 | PSNR: 30.0993 | Loss: 5.5079 | lr: 6.25e-05 | Best_PSNR: 30.0993 in Epoch [551]
2022-07-15 20:38:05,828 INFO: Epoch: 555 | PSNR: 30.0993 | Loss: 5.5270 | lr: 6.25e-05 | Best_PSNR: 30.0993 in Epoch [551]
2022-07-15 20:39:01,401 INFO: Epoch: 556 | PSNR: 30.0993 | Loss: 5.5018 | lr: 6.25e-05 | Best_PSNR: 30.0993 in Epoch [551]
2022-07-15 20:39:53,999 INFO: Epoch: 557 | PSNR: 30.0992 | Loss: 5.5137 | lr: 6.25e-05 | Best_PSNR: 30.0993 in Epoch [551]
2022-07-15 20:40:51,751 INFO: Epoch: 558 | PSNR: 30.0995 | Loss: 5.4897 | lr: 6.25e-05 | Best_PSNR: 30.0995 in Epoch [558]
2022-07-15 20:41:47,839 INFO: Epoch: 559 | PSNR: 30.0993 | Loss: 5.5278 | lr: 6.25e-05 | Best_PSNR: 30.0995 in Epoch [558]
2022-07-15 20:42:40,075 INFO: Epoch: 560 | PSNR: 30.0994 | Loss: 5.5503 | lr: 6.25e-05 | Best_PSNR: 30.0995 in Epoch [558]
2022-07-15 20:43:33,526 INFO: Epoch: 561 | PSNR: 30.0990 | Loss: 5.5505 | lr: 6.25e-05 | Best_PSNR: 30.0995 in Epoch [558]
2022-07-15 20:44:31,110 INFO: Epoch: 562 | PSNR: 30.0992 | Loss: 5.5099 | lr: 6.25e-05 | Best_PSNR: 30.0995 in Epoch [558]
2022-07-15 20:45:26,557 INFO: Epoch: 563 | PSNR: 30.0991 | Loss: 5.5306 | lr: 6.25e-05 | Best_PSNR: 30.0995 in Epoch [558]
2022-07-15 20:47:10,000 INFO: Epoch: 564 | PSNR: 30.0992 | Loss: 5.5528 | lr: 6.25e-05 | Best_PSNR: 30.0995 in Epoch [558]
2022-07-15 20:48:08,459 INFO: Epoch: 565 | PSNR: 30.0993 | Loss: 5.4904 | lr: 6.25e-05 | Best_PSNR: 30.0995 in Epoch [558]
2022-07-15 20:49:04,890 INFO: Epoch: 566 | PSNR: 30.0991 | Loss: 5.5152 | lr: 6.25e-05 | Best_PSNR: 30.0995 in Epoch [558]
2022-07-15 20:49:58,766 INFO: Epoch: 567 | PSNR: 30.0989 | Loss: 5.5414 | lr: 6.25e-05 | Best_PSNR: 30.0995 in Epoch [558]
2022-07-15 20:50:53,291 INFO: Epoch: 568 | PSNR: 30.0988 | Loss: 5.5224 | lr: 6.25e-05 | Best_PSNR: 30.0995 in Epoch [558]
2022-07-15 20:51:50,832 INFO: Epoch: 569 | PSNR: 30.0989 | Loss: 5.5252 | lr: 6.25e-05 | Best_PSNR: 30.0995 in Epoch [558]
2022-07-15 20:52:51,443 INFO: Epoch: 570 | PSNR: 30.0993 | Loss: 5.5036 | lr: 6.25e-05 | Best_PSNR: 30.0995 in Epoch [558]
2022-07-15 20:53:47,913 INFO: Epoch: 571 | PSNR: 30.0991 | Loss: 5.5061 | lr: 6.25e-05 | Best_PSNR: 30.0995 in Epoch [558]
2022-07-15 20:54:37,671 INFO: Epoch: 572 | PSNR: 30.0991 | Loss: 5.5015 | lr: 6.25e-05 | Best_PSNR: 30.0995 in Epoch [558]
2022-07-15 20:55:38,799 INFO: Epoch: 573 | PSNR: 30.0989 | Loss: 5.5077 | lr: 6.25e-05 | Best_PSNR: 30.0995 in Epoch [558]
2022-07-15 20:56:38,073 INFO: Epoch: 574 | PSNR: 30.0993 | Loss: 5.5189 | lr: 6.25e-05 | Best_PSNR: 30.0995 in Epoch [558]
2022-07-15 20:57:39,603 INFO: Epoch: 575 | PSNR: 30.0993 | Loss: 5.5173 | lr: 6.25e-05 | Best_PSNR: 30.0995 in Epoch [558]
2022-07-15 20:58:35,073 INFO: Epoch: 576 | PSNR: 30.0996 | Loss: 5.5345 | lr: 6.25e-05 | Best_PSNR: 30.0996 in Epoch [576]
2022-07-15 20:59:35,720 INFO: Epoch: 577 | PSNR: 30.0994 | Loss: 5.5249 | lr: 6.25e-05 | Best_PSNR: 30.0996 in Epoch [576]
2022-07-15 21:00:31,670 INFO: Epoch: 578 | PSNR: 30.0994 | Loss: 5.4989 | lr: 6.25e-05 | Best_PSNR: 30.0996 in Epoch [576]
2022-07-15 21:01:30,874 INFO: Epoch: 579 | PSNR: 30.0993 | Loss: 5.5476 | lr: 6.25e-05 | Best_PSNR: 30.0996 in Epoch [576]
2022-07-15 21:02:24,704 INFO: Epoch: 580 | PSNR: 30.0994 | Loss: 5.5499 | lr: 6.25e-05 | Best_PSNR: 30.0996 in Epoch [576]
2022-07-15 21:03:20,570 INFO: Epoch: 581 | PSNR: 30.0996 | Loss: 5.5408 | lr: 6.25e-05 | Best_PSNR: 30.0996 in Epoch [581]
2022-07-15 21:04:14,539 INFO: Epoch: 582 | PSNR: 30.0998 | Loss: 5.5066 | lr: 6.25e-05 | Best_PSNR: 30.0998 in Epoch [582]
2022-07-15 21:05:11,634 INFO: Epoch: 583 | PSNR: 30.0999 | Loss: 5.5359 | lr: 6.25e-05 | Best_PSNR: 30.0999 in Epoch [583]
2022-07-15 21:06:06,699 INFO: Epoch: 584 | PSNR: 30.0994 | Loss: 5.4978 | lr: 6.25e-05 | Best_PSNR: 30.0999 in Epoch [583]
2022-07-15 21:07:00,645 INFO: Epoch: 585 | PSNR: 30.0993 | Loss: 5.4913 | lr: 6.25e-05 | Best_PSNR: 30.0999 in Epoch [583]
2022-07-15 21:07:53,719 INFO: Epoch: 586 | PSNR: 30.0992 | Loss: 5.5108 | lr: 6.25e-05 | Best_PSNR: 30.0999 in Epoch [583]
2022-07-15 21:08:47,442 INFO: Epoch: 587 | PSNR: 30.0993 | Loss: 5.4968 | lr: 6.25e-05 | Best_PSNR: 30.0999 in Epoch [583]
2022-07-15 21:09:41,206 INFO: Epoch: 588 | PSNR: 30.0993 | Loss: 5.4976 | lr: 6.25e-05 | Best_PSNR: 30.0999 in Epoch [583]
2022-07-15 21:10:38,282 INFO: Epoch: 589 | PSNR: 30.0995 | Loss: 5.5258 | lr: 6.25e-05 | Best_PSNR: 30.0999 in Epoch [583]
2022-07-15 21:11:34,910 INFO: Epoch: 590 | PSNR: 30.0998 | Loss: 5.4821 | lr: 6.25e-05 | Best_PSNR: 30.0999 in Epoch [583]
2022-07-15 21:12:30,560 INFO: Epoch: 591 | PSNR: 30.0997 | Loss: 5.4743 | lr: 6.25e-05 | Best_PSNR: 30.0999 in Epoch [583]
2022-07-15 21:13:21,256 INFO: Epoch: 592 | PSNR: 30.0997 | Loss: 5.5289 | lr: 6.25e-05 | Best_PSNR: 30.0999 in Epoch [583]
2022-07-15 21:14:12,761 INFO: Epoch: 593 | PSNR: 30.0996 | Loss: 5.4843 | lr: 6.25e-05 | Best_PSNR: 30.0999 in Epoch [583]
2022-07-15 21:15:05,387 INFO: Epoch: 594 | PSNR: 30.0994 | Loss: 5.5368 | lr: 6.25e-05 | Best_PSNR: 30.0999 in Epoch [583]
2022-07-15 21:15:55,845 INFO: Epoch: 595 | PSNR: 30.0993 | Loss: 5.4764 | lr: 6.25e-05 | Best_PSNR: 30.0999 in Epoch [583]
2022-07-15 21:16:47,978 INFO: Epoch: 596 | PSNR: 30.0996 | Loss: 5.5546 | lr: 6.25e-05 | Best_PSNR: 30.0999 in Epoch [583]
2022-07-15 21:17:38,459 INFO: Epoch: 597 | PSNR: 30.0996 | Loss: 5.5118 | lr: 6.25e-05 | Best_PSNR: 30.0999 in Epoch [583]
2022-07-15 21:18:28,682 INFO: Epoch: 598 | PSNR: 30.0997 | Loss: 5.5136 | lr: 6.25e-05 | Best_PSNR: 30.0999 in Epoch [583]
2022-07-15 21:19:26,491 INFO: Epoch: 599 | PSNR: 30.0995 | Loss: 5.5046 | lr: 6.25e-05 | Best_PSNR: 30.0999 in Epoch [583]
2022-07-15 21:20:22,200 INFO: Epoch: 600 | PSNR: 30.0992 | Loss: 5.5240 | lr: 6.25e-05 | Best_PSNR: 30.0999 in Epoch [583]
