2022-07-25 02:15:11,531 INFO: Create train dataset successfully!
2022-07-25 02:15:11,532 INFO: Training: [1000] iterations for each epoch
2022-07-25 02:15:11,532 INFO: Create val dataset successfully!
2022-07-25 02:15:11,532 INFO: Validating: [100] iterations for each epoch
2022-07-25 02:15:11,532 INFO: Preparing for experiment: [trial20_qat]
2022-07-25 02:15:11,532 INFO: Loading pretrained model ...
2022-07-25 02:15:19,144 INFO: Start copying weights and annotate Lambda layer...
2022-07-25 02:15:19,237 INFO: Start annotating other parts of model...
2022-07-25 02:15:19,265 INFO: Creating quantize-aware model...
2022-07-25 02:15:20,755 INFO: Create model successfully! Params: [54.58]K
2022-07-25 02:15:20,755 INFO: Model: "model"
2022-07-25 02:15:20,755 INFO: _________________________________________________________________
2022-07-25 02:15:20,755 INFO: Layer (type)                 Output Shape              Param #   
2022-07-25 02:15:20,755 INFO: =================================================================
2022-07-25 02:15:20,755 INFO: input_1 (InputLayer)         [(None, None, None, 3)]   0         
2022-07-25 02:15:20,755 INFO: _________________________________________________________________
2022-07-25 02:15:20,755 INFO: quantize_layer (QuantizeLaye (None, None, None, 3)     3         
2022-07-25 02:15:20,755 INFO: _________________________________________________________________
2022-07-25 02:15:20,756 INFO: quant_conv2d (QuantizeWrappe (None, None, None, 40)    1203      
2022-07-25 02:15:20,756 INFO: _________________________________________________________________
2022-07-25 02:15:20,756 INFO: quant_conv2d_1 (QuantizeWrap (None, None, None, 40)    14523     
2022-07-25 02:15:20,756 INFO: _________________________________________________________________
2022-07-25 02:15:20,756 INFO: quant_conv2d_2 (QuantizeWrap (None, None, None, 40)    14523     
2022-07-25 02:15:20,756 INFO: _________________________________________________________________
2022-07-25 02:15:20,756 INFO: quant_conv2d_3 (QuantizeWrap (None, None, None, 40)    14523     
2022-07-25 02:15:20,756 INFO: _________________________________________________________________
2022-07-25 02:15:20,756 INFO: quant_conv2d_4 (QuantizeWrap (None, None, None, 27)    9804      
2022-07-25 02:15:20,756 INFO: _________________________________________________________________
2022-07-25 02:15:20,756 INFO: quant_lambda (QuantizeWrappe (None, None, None, 3)     1         
2022-07-25 02:15:20,756 INFO: =================================================================
2022-07-25 02:15:20,757 INFO: Total params: 54,580
2022-07-25 02:15:20,757 INFO: Trainable params: 54,187
2022-07-25 02:15:20,757 INFO: Non-trainable params: 393
2022-07-25 02:15:20,757 INFO: _________________________________________________________________
2022-07-25 02:15:20,758 INFO: Start training...
2022-07-25 02:16:32,739 INFO: Epoch: 1 | PSNR: 10.9471 | Loss: 90.9055 | lr: 1.00e-04 | Best_PSNR: 10.9471 | max_value: 61.56729507446289 in Epoch [1]
2022-07-25 02:17:56,652 INFO: Epoch: 2 | PSNR: 24.9871 | Loss: 28.5434 | lr: 1.00e-04 | Best_PSNR: 24.9871 | max_value: 192.07498168945312 in Epoch [2]
2022-07-25 02:19:09,841 INFO: Epoch: 3 | PSNR: 29.9175 | Loss: 6.5741 | lr: 1.00e-04 | Best_PSNR: 29.9175 | max_value: 255.0 in Epoch [3]
2022-07-25 02:20:16,936 INFO: Epoch: 4 | PSNR: 30.0469 | Loss: 5.7163 | lr: 1.00e-04 | Best_PSNR: 30.0469 | max_value: 255.0 in Epoch [4]
2022-07-25 02:22:16,479 INFO: Epoch: 5 | PSNR: 30.0392 | Loss: 5.6378 | lr: 1.00e-04 | Best_PSNR: 30.0469 | max_value: 255.0 in Epoch [4]
2022-07-25 02:23:18,744 INFO: Epoch: 6 | PSNR: 30.0623 | Loss: 5.6328 | lr: 1.00e-04 | Best_PSNR: 30.0623 | max_value: 255.0 in Epoch [6]
2022-07-25 02:24:57,610 INFO: Epoch: 7 | PSNR: 30.0651 | Loss: 5.6264 | lr: 1.00e-04 | Best_PSNR: 30.0651 | max_value: 255.0 in Epoch [7]
2022-07-25 02:26:32,405 INFO: Epoch: 8 | PSNR: 30.0671 | Loss: 5.6263 | lr: 1.00e-04 | Best_PSNR: 30.0671 | max_value: 255.0 in Epoch [8]
2022-07-25 02:28:28,937 INFO: Epoch: 9 | PSNR: 30.0637 | Loss: 5.6576 | lr: 1.00e-04 | Best_PSNR: 30.0671 | max_value: 255.0 in Epoch [8]
2022-07-25 02:29:44,960 INFO: Epoch: 10 | PSNR: 30.0810 | Loss: 5.6275 | lr: 1.00e-04 | Best_PSNR: 30.0810 | max_value: 255.0 in Epoch [10]
2022-07-25 02:32:25,053 INFO: Epoch: 11 | PSNR: 30.0837 | Loss: 5.6392 | lr: 1.00e-04 | Best_PSNR: 30.0837 | max_value: 255.0 in Epoch [11]
2022-07-25 02:33:40,124 INFO: Epoch: 12 | PSNR: 30.0606 | Loss: 5.6183 | lr: 1.00e-04 | Best_PSNR: 30.0837 | max_value: 255.0 in Epoch [11]
2022-07-25 02:37:51,002 INFO: Epoch: 13 | PSNR: 30.0799 | Loss: 5.6175 | lr: 1.00e-04 | Best_PSNR: 30.0837 | max_value: 255.0 in Epoch [11]
2022-07-25 02:40:30,343 INFO: Epoch: 14 | PSNR: 30.0784 | Loss: 5.6518 | lr: 1.00e-04 | Best_PSNR: 30.0837 | max_value: 255.0 in Epoch [11]
2022-07-25 02:41:56,024 INFO: Epoch: 15 | PSNR: 30.0731 | Loss: 5.6194 | lr: 1.00e-04 | Best_PSNR: 30.0837 | max_value: 255.0 in Epoch [11]
2022-07-25 02:44:06,752 INFO: Epoch: 16 | PSNR: 30.0798 | Loss: 5.6084 | lr: 1.00e-04 | Best_PSNR: 30.0837 | max_value: 255.0 in Epoch [11]
2022-07-25 02:45:41,739 INFO: Epoch: 17 | PSNR: 30.0809 | Loss: 5.6051 | lr: 1.00e-04 | Best_PSNR: 30.0837 | max_value: 255.0 in Epoch [11]
2022-07-25 02:47:27,929 INFO: Epoch: 18 | PSNR: 30.0869 | Loss: 5.5691 | lr: 1.00e-04 | Best_PSNR: 30.0869 | max_value: 255.0 in Epoch [18]
2022-07-25 02:48:31,654 INFO: Epoch: 19 | PSNR: 30.0848 | Loss: 5.6051 | lr: 1.00e-04 | Best_PSNR: 30.0869 | max_value: 255.0 in Epoch [18]
2022-07-25 02:50:41,260 INFO: Epoch: 20 | PSNR: 30.0725 | Loss: 5.6214 | lr: 1.00e-04 | Best_PSNR: 30.0869 | max_value: 255.0 in Epoch [18]
2022-07-25 02:51:50,966 INFO: Epoch: 21 | PSNR: 30.0712 | Loss: 5.6014 | lr: 1.00e-04 | Best_PSNR: 30.0869 | max_value: 255.0 in Epoch [18]
2022-07-25 02:53:50,229 INFO: Epoch: 22 | PSNR: 30.0724 | Loss: 5.6200 | lr: 1.00e-04 | Best_PSNR: 30.0869 | max_value: 255.0 in Epoch [18]
2022-07-25 02:55:36,066 INFO: Epoch: 23 | PSNR: 30.0813 | Loss: 5.5723 | lr: 1.00e-04 | Best_PSNR: 30.0869 | max_value: 255.0 in Epoch [18]
2022-07-25 02:57:51,622 INFO: Epoch: 24 | PSNR: 30.0720 | Loss: 5.6191 | lr: 1.00e-04 | Best_PSNR: 30.0869 | max_value: 255.0 in Epoch [18]
2022-07-25 02:59:43,838 INFO: Epoch: 25 | PSNR: 30.0817 | Loss: 5.6288 | lr: 1.00e-04 | Best_PSNR: 30.0869 | max_value: 255.0 in Epoch [18]
2022-07-25 03:01:13,267 INFO: Epoch: 26 | PSNR: 30.0966 | Loss: 5.5679 | lr: 1.00e-04 | Best_PSNR: 30.0966 | max_value: 255.0 in Epoch [26]
2022-07-25 03:02:57,512 INFO: Epoch: 27 | PSNR: 30.1005 | Loss: 5.6145 | lr: 1.00e-04 | Best_PSNR: 30.1005 | max_value: 255.0 in Epoch [27]
2022-07-25 03:04:56,767 INFO: Epoch: 28 | PSNR: 30.0890 | Loss: 5.6416 | lr: 1.00e-04 | Best_PSNR: 30.1005 | max_value: 255.0 in Epoch [27]
2022-07-25 03:07:20,964 INFO: Epoch: 29 | PSNR: 30.0857 | Loss: 5.6082 | lr: 1.00e-04 | Best_PSNR: 30.1005 | max_value: 255.0 in Epoch [27]
2022-07-25 03:09:59,081 INFO: Epoch: 30 | PSNR: 30.0894 | Loss: 5.6228 | lr: 1.00e-04 | Best_PSNR: 30.1005 | max_value: 255.0 in Epoch [27]
2022-07-25 03:12:34,233 INFO: Epoch: 31 | PSNR: 30.0752 | Loss: 5.6101 | lr: 1.00e-04 | Best_PSNR: 30.1005 | max_value: 255.0 in Epoch [27]
2022-07-25 03:14:17,557 INFO: Epoch: 32 | PSNR: 30.0920 | Loss: 5.6062 | lr: 1.00e-04 | Best_PSNR: 30.1005 | max_value: 255.0 in Epoch [27]
2022-07-25 03:16:09,893 INFO: Epoch: 33 | PSNR: 30.0831 | Loss: 5.6214 | lr: 1.00e-04 | Best_PSNR: 30.1005 | max_value: 255.0 in Epoch [27]
2022-07-25 03:18:17,894 INFO: Epoch: 34 | PSNR: 30.0839 | Loss: 5.6491 | lr: 1.00e-04 | Best_PSNR: 30.1005 | max_value: 255.0 in Epoch [27]
2022-07-25 03:20:07,052 INFO: Epoch: 35 | PSNR: 30.0883 | Loss: 5.6444 | lr: 1.00e-04 | Best_PSNR: 30.1005 | max_value: 255.0 in Epoch [27]
2022-07-25 03:23:18,447 INFO: Epoch: 36 | PSNR: 30.0772 | Loss: 5.5861 | lr: 1.00e-04 | Best_PSNR: 30.1005 | max_value: 255.0 in Epoch [27]
2022-07-25 03:25:13,243 INFO: Epoch: 37 | PSNR: 30.0802 | Loss: 5.6229 | lr: 1.00e-04 | Best_PSNR: 30.1005 | max_value: 255.0 in Epoch [27]
2022-07-25 03:26:51,669 INFO: Epoch: 38 | PSNR: 30.0783 | Loss: 5.5890 | lr: 1.00e-04 | Best_PSNR: 30.1005 | max_value: 255.0 in Epoch [27]
2022-07-25 03:28:58,558 INFO: Epoch: 39 | PSNR: 30.0772 | Loss: 5.6255 | lr: 1.00e-04 | Best_PSNR: 30.1005 | max_value: 255.0 in Epoch [27]
2022-07-25 03:31:46,865 INFO: Epoch: 40 | PSNR: 30.0771 | Loss: 5.6070 | lr: 1.00e-04 | Best_PSNR: 30.1005 | max_value: 255.0 in Epoch [27]
2022-07-25 03:34:26,968 INFO: Epoch: 41 | PSNR: 30.0846 | Loss: 5.6568 | lr: 1.00e-04 | Best_PSNR: 30.1005 | max_value: 255.0 in Epoch [27]
2022-07-25 03:37:42,541 INFO: Epoch: 42 | PSNR: 30.0873 | Loss: 5.6165 | lr: 1.00e-04 | Best_PSNR: 30.1005 | max_value: 255.0 in Epoch [27]
2022-07-25 03:40:40,642 INFO: Epoch: 43 | PSNR: 30.0771 | Loss: 5.6021 | lr: 1.00e-04 | Best_PSNR: 30.1005 | max_value: 255.0 in Epoch [27]
2022-07-25 03:43:55,139 INFO: Epoch: 44 | PSNR: 30.0786 | Loss: 5.6190 | lr: 1.00e-04 | Best_PSNR: 30.1005 | max_value: 255.0 in Epoch [27]
2022-07-25 03:45:44,355 INFO: Epoch: 45 | PSNR: 30.0788 | Loss: 5.5573 | lr: 1.00e-04 | Best_PSNR: 30.1005 | max_value: 255.0 in Epoch [27]
2022-07-25 03:47:45,827 INFO: Epoch: 46 | PSNR: 30.0853 | Loss: 5.6216 | lr: 1.00e-04 | Best_PSNR: 30.1005 | max_value: 255.0 in Epoch [27]
2022-07-25 03:50:17,291 INFO: Epoch: 47 | PSNR: 30.0892 | Loss: 5.6396 | lr: 1.00e-04 | Best_PSNR: 30.1005 | max_value: 255.0 in Epoch [27]
2022-07-25 03:52:13,890 INFO: Epoch: 48 | PSNR: 30.0936 | Loss: 5.6450 | lr: 1.00e-04 | Best_PSNR: 30.1005 | max_value: 255.0 in Epoch [27]
2022-07-25 03:55:07,758 INFO: Epoch: 49 | PSNR: 30.0938 | Loss: 5.6074 | lr: 1.00e-04 | Best_PSNR: 30.1005 | max_value: 255.0 in Epoch [27]
2022-07-25 03:57:12,513 INFO: Epoch: 50 | PSNR: 30.0809 | Loss: 5.6612 | lr: 1.00e-04 | Best_PSNR: 30.1005 | max_value: 255.0 in Epoch [27]
2022-07-25 03:59:09,278 INFO: Epoch: 51 | PSNR: 30.0851 | Loss: 5.6019 | lr: 5.00e-05 | Best_PSNR: 30.1005 | max_value: 255.0 in Epoch [27]
2022-07-25 04:01:13,435 INFO: Epoch: 52 | PSNR: 30.0843 | Loss: 5.5483 | lr: 5.00e-05 | Best_PSNR: 30.1005 | max_value: 255.0 in Epoch [27]
2022-07-25 04:03:47,933 INFO: Epoch: 53 | PSNR: 30.0900 | Loss: 5.6052 | lr: 5.00e-05 | Best_PSNR: 30.1005 | max_value: 255.0 in Epoch [27]
2022-07-25 04:06:08,374 INFO: Epoch: 54 | PSNR: 30.0887 | Loss: 5.5800 | lr: 5.00e-05 | Best_PSNR: 30.1005 | max_value: 255.0 in Epoch [27]
2022-07-25 04:07:34,948 INFO: Epoch: 55 | PSNR: 30.0917 | Loss: 5.6565 | lr: 5.00e-05 | Best_PSNR: 30.1005 | max_value: 255.0 in Epoch [27]
2022-07-25 04:09:17,903 INFO: Epoch: 56 | PSNR: 30.0957 | Loss: 5.6185 | lr: 5.00e-05 | Best_PSNR: 30.1005 | max_value: 255.0 in Epoch [27]
2022-07-25 04:11:59,891 INFO: Epoch: 57 | PSNR: 30.0883 | Loss: 5.5414 | lr: 5.00e-05 | Best_PSNR: 30.1005 | max_value: 255.0 in Epoch [27]
2022-07-25 04:14:08,069 INFO: Epoch: 58 | PSNR: 30.0920 | Loss: 5.6146 | lr: 5.00e-05 | Best_PSNR: 30.1005 | max_value: 255.0 in Epoch [27]
2022-07-25 04:16:55,781 INFO: Epoch: 59 | PSNR: 30.0919 | Loss: 5.6050 | lr: 5.00e-05 | Best_PSNR: 30.1005 | max_value: 255.0 in Epoch [27]
2022-07-25 04:19:32,736 INFO: Epoch: 60 | PSNR: 30.0841 | Loss: 5.5660 | lr: 5.00e-05 | Best_PSNR: 30.1005 | max_value: 255.0 in Epoch [27]
2022-07-25 04:21:59,970 INFO: Epoch: 61 | PSNR: 30.0898 | Loss: 5.5942 | lr: 5.00e-05 | Best_PSNR: 30.1005 | max_value: 255.0 in Epoch [27]
2022-07-25 04:23:46,053 INFO: Epoch: 62 | PSNR: 30.0884 | Loss: 5.6211 | lr: 5.00e-05 | Best_PSNR: 30.1005 | max_value: 255.0 in Epoch [27]
2022-07-25 04:25:19,462 INFO: Epoch: 63 | PSNR: 30.0851 | Loss: 5.5802 | lr: 5.00e-05 | Best_PSNR: 30.1005 | max_value: 255.0 in Epoch [27]
2022-07-25 04:27:28,759 INFO: Epoch: 64 | PSNR: 30.0924 | Loss: 5.6279 | lr: 5.00e-05 | Best_PSNR: 30.1005 | max_value: 255.0 in Epoch [27]
2022-07-25 04:29:11,987 INFO: Epoch: 65 | PSNR: 30.0811 | Loss: 5.6312 | lr: 5.00e-05 | Best_PSNR: 30.1005 | max_value: 255.0 in Epoch [27]
2022-07-25 04:30:20,846 INFO: Epoch: 66 | PSNR: 30.0904 | Loss: 5.5541 | lr: 5.00e-05 | Best_PSNR: 30.1005 | max_value: 255.0 in Epoch [27]
2022-07-25 04:33:24,589 INFO: Epoch: 67 | PSNR: 30.0854 | Loss: 5.6275 | lr: 5.00e-05 | Best_PSNR: 30.1005 | max_value: 255.0 in Epoch [27]
2022-07-25 04:35:41,218 INFO: Epoch: 68 | PSNR: 30.0927 | Loss: 5.5436 | lr: 5.00e-05 | Best_PSNR: 30.1005 | max_value: 255.0 in Epoch [27]
2022-07-25 04:37:07,295 INFO: Epoch: 69 | PSNR: 30.0848 | Loss: 5.5786 | lr: 5.00e-05 | Best_PSNR: 30.1005 | max_value: 255.0 in Epoch [27]
2022-07-25 04:38:39,045 INFO: Epoch: 70 | PSNR: 30.0884 | Loss: 5.5994 | lr: 5.00e-05 | Best_PSNR: 30.1005 | max_value: 255.0 in Epoch [27]
2022-07-25 04:40:18,801 INFO: Epoch: 71 | PSNR: 30.0835 | Loss: 5.5753 | lr: 5.00e-05 | Best_PSNR: 30.1005 | max_value: 255.0 in Epoch [27]
2022-07-25 04:42:38,663 INFO: Epoch: 72 | PSNR: 30.0827 | Loss: 5.6094 | lr: 5.00e-05 | Best_PSNR: 30.1005 | max_value: 255.0 in Epoch [27]
2022-07-25 04:44:05,206 INFO: Epoch: 73 | PSNR: 30.0804 | Loss: 5.5793 | lr: 5.00e-05 | Best_PSNR: 30.1005 | max_value: 255.0 in Epoch [27]
2022-07-25 04:46:03,266 INFO: Epoch: 74 | PSNR: 30.0881 | Loss: 5.6047 | lr: 5.00e-05 | Best_PSNR: 30.1005 | max_value: 255.0 in Epoch [27]
2022-07-25 04:47:37,226 INFO: Epoch: 75 | PSNR: 30.0846 | Loss: 5.6268 | lr: 5.00e-05 | Best_PSNR: 30.1005 | max_value: 255.0 in Epoch [27]
2022-07-25 04:48:53,097 INFO: Epoch: 76 | PSNR: 30.0812 | Loss: 5.6176 | lr: 5.00e-05 | Best_PSNR: 30.1005 | max_value: 255.0 in Epoch [27]
2022-07-25 04:51:18,965 INFO: Epoch: 77 | PSNR: 30.0826 | Loss: 5.6398 | lr: 5.00e-05 | Best_PSNR: 30.1005 | max_value: 255.0 in Epoch [27]
2022-07-25 04:52:19,960 INFO: Epoch: 78 | PSNR: 30.0869 | Loss: 5.6401 | lr: 5.00e-05 | Best_PSNR: 30.1005 | max_value: 255.0 in Epoch [27]
2022-07-25 04:53:21,614 INFO: Epoch: 79 | PSNR: 30.0919 | Loss: 5.5999 | lr: 5.00e-05 | Best_PSNR: 30.1005 | max_value: 255.0 in Epoch [27]
2022-07-25 04:54:20,369 INFO: Epoch: 80 | PSNR: 30.0849 | Loss: 5.5803 | lr: 5.00e-05 | Best_PSNR: 30.1005 | max_value: 255.0 in Epoch [27]
2022-07-25 04:55:25,067 INFO: Epoch: 81 | PSNR: 30.0856 | Loss: 5.5845 | lr: 5.00e-05 | Best_PSNR: 30.1005 | max_value: 255.0 in Epoch [27]
2022-07-25 04:56:24,209 INFO: Epoch: 82 | PSNR: 30.0839 | Loss: 5.6037 | lr: 5.00e-05 | Best_PSNR: 30.1005 | max_value: 255.0 in Epoch [27]
2022-07-25 04:57:46,936 INFO: Epoch: 83 | PSNR: 30.0882 | Loss: 5.6311 | lr: 5.00e-05 | Best_PSNR: 30.1005 | max_value: 255.0 in Epoch [27]
2022-07-25 04:58:47,394 INFO: Epoch: 84 | PSNR: 30.0831 | Loss: 5.5760 | lr: 5.00e-05 | Best_PSNR: 30.1005 | max_value: 255.0 in Epoch [27]
2022-07-25 04:59:46,717 INFO: Epoch: 85 | PSNR: 30.0833 | Loss: 5.6038 | lr: 5.00e-05 | Best_PSNR: 30.1005 | max_value: 255.0 in Epoch [27]
2022-07-25 05:01:39,061 INFO: Epoch: 86 | PSNR: 30.0846 | Loss: 5.6230 | lr: 5.00e-05 | Best_PSNR: 30.1005 | max_value: 255.0 in Epoch [27]
2022-07-25 05:02:37,140 INFO: Epoch: 87 | PSNR: 30.0872 | Loss: 5.5807 | lr: 5.00e-05 | Best_PSNR: 30.1005 | max_value: 255.0 in Epoch [27]
2022-07-25 05:03:35,197 INFO: Epoch: 88 | PSNR: 30.0891 | Loss: 5.5605 | lr: 5.00e-05 | Best_PSNR: 30.1005 | max_value: 255.0 in Epoch [27]
2022-07-25 05:04:51,870 INFO: Epoch: 89 | PSNR: 30.0831 | Loss: 5.5539 | lr: 5.00e-05 | Best_PSNR: 30.1005 | max_value: 255.0 in Epoch [27]
2022-07-25 05:05:54,599 INFO: Epoch: 90 | PSNR: 30.0880 | Loss: 5.5587 | lr: 5.00e-05 | Best_PSNR: 30.1005 | max_value: 255.0 in Epoch [27]
2022-07-25 05:06:52,533 INFO: Epoch: 91 | PSNR: 30.0951 | Loss: 5.5708 | lr: 5.00e-05 | Best_PSNR: 30.1005 | max_value: 255.0 in Epoch [27]
2022-07-25 05:08:22,785 INFO: Epoch: 92 | PSNR: 30.0886 | Loss: 5.5422 | lr: 5.00e-05 | Best_PSNR: 30.1005 | max_value: 255.0 in Epoch [27]
2022-07-25 05:10:38,130 INFO: Epoch: 93 | PSNR: 30.0904 | Loss: 5.6068 | lr: 5.00e-05 | Best_PSNR: 30.1005 | max_value: 255.0 in Epoch [27]
2022-07-25 05:12:24,979 INFO: Epoch: 94 | PSNR: 30.0796 | Loss: 5.5864 | lr: 5.00e-05 | Best_PSNR: 30.1005 | max_value: 255.0 in Epoch [27]
2022-07-25 05:13:39,905 INFO: Epoch: 95 | PSNR: 30.0814 | Loss: 5.5593 | lr: 5.00e-05 | Best_PSNR: 30.1005 | max_value: 255.0 in Epoch [27]
2022-07-25 05:15:05,929 INFO: Epoch: 96 | PSNR: 30.0838 | Loss: 5.5946 | lr: 5.00e-05 | Best_PSNR: 30.1005 | max_value: 255.0 in Epoch [27]
2022-07-25 05:16:55,134 INFO: Epoch: 97 | PSNR: 30.0850 | Loss: 5.5523 | lr: 5.00e-05 | Best_PSNR: 30.1005 | max_value: 255.0 in Epoch [27]
2022-07-25 05:19:03,195 INFO: Epoch: 98 | PSNR: 30.0910 | Loss: 5.6059 | lr: 5.00e-05 | Best_PSNR: 30.1005 | max_value: 255.0 in Epoch [27]
2022-07-25 05:20:06,889 INFO: Epoch: 99 | PSNR: 30.0855 | Loss: 5.5829 | lr: 5.00e-05 | Best_PSNR: 30.1005 | max_value: 255.0 in Epoch [27]
2022-07-25 05:22:32,647 INFO: Epoch: 100 | PSNR: 30.0887 | Loss: 5.5687 | lr: 5.00e-05 | Best_PSNR: 30.1005 | max_value: 255.0 in Epoch [27]
2022-07-25 05:24:17,110 INFO: Epoch: 101 | PSNR: 30.0913 | Loss: 5.6060 | lr: 2.50e-05 | Best_PSNR: 30.1005 | max_value: 255.0 in Epoch [27]
2022-07-25 05:25:30,758 INFO: Epoch: 102 | PSNR: 30.0893 | Loss: 5.6201 | lr: 2.50e-05 | Best_PSNR: 30.1005 | max_value: 255.0 in Epoch [27]
2022-07-25 05:26:32,407 INFO: Epoch: 103 | PSNR: 30.0891 | Loss: 5.5764 | lr: 2.50e-05 | Best_PSNR: 30.1005 | max_value: 255.0 in Epoch [27]
2022-07-25 05:27:31,107 INFO: Epoch: 104 | PSNR: 30.0915 | Loss: 5.5921 | lr: 2.50e-05 | Best_PSNR: 30.1005 | max_value: 255.0 in Epoch [27]
2022-07-25 05:28:24,812 INFO: Epoch: 105 | PSNR: 30.0984 | Loss: 5.5813 | lr: 2.50e-05 | Best_PSNR: 30.1005 | max_value: 255.0 in Epoch [27]
2022-07-25 05:29:16,289 INFO: Epoch: 106 | PSNR: 30.0976 | Loss: 5.5343 | lr: 2.50e-05 | Best_PSNR: 30.1005 | max_value: 255.0 in Epoch [27]
2022-07-25 05:30:08,869 INFO: Epoch: 107 | PSNR: 30.0918 | Loss: 5.5351 | lr: 2.50e-05 | Best_PSNR: 30.1005 | max_value: 255.0 in Epoch [27]
2022-07-25 05:31:09,514 INFO: Epoch: 108 | PSNR: 30.0893 | Loss: 5.5468 | lr: 2.50e-05 | Best_PSNR: 30.1005 | max_value: 255.0 in Epoch [27]
2022-07-25 05:32:03,691 INFO: Epoch: 109 | PSNR: 30.0907 | Loss: 5.5821 | lr: 2.50e-05 | Best_PSNR: 30.1005 | max_value: 255.0 in Epoch [27]
2022-07-25 05:33:00,300 INFO: Epoch: 110 | PSNR: 30.0868 | Loss: 5.6271 | lr: 2.50e-05 | Best_PSNR: 30.1005 | max_value: 255.0 in Epoch [27]
2022-07-25 05:33:54,113 INFO: Epoch: 111 | PSNR: 30.0936 | Loss: 5.5499 | lr: 2.50e-05 | Best_PSNR: 30.1005 | max_value: 255.0 in Epoch [27]
2022-07-25 05:34:46,131 INFO: Epoch: 112 | PSNR: 30.0960 | Loss: 5.5804 | lr: 2.50e-05 | Best_PSNR: 30.1005 | max_value: 255.0 in Epoch [27]
2022-07-25 05:35:44,665 INFO: Epoch: 113 | PSNR: 30.0937 | Loss: 5.5796 | lr: 2.50e-05 | Best_PSNR: 30.1005 | max_value: 255.0 in Epoch [27]
2022-07-25 05:36:41,696 INFO: Epoch: 114 | PSNR: 30.0938 | Loss: 5.5624 | lr: 2.50e-05 | Best_PSNR: 30.1005 | max_value: 255.0 in Epoch [27]
2022-07-25 05:37:36,303 INFO: Epoch: 115 | PSNR: 30.0899 | Loss: 5.5920 | lr: 2.50e-05 | Best_PSNR: 30.1005 | max_value: 255.0 in Epoch [27]
2022-07-25 05:38:28,686 INFO: Epoch: 116 | PSNR: 30.0986 | Loss: 5.6070 | lr: 2.50e-05 | Best_PSNR: 30.1005 | max_value: 255.0 in Epoch [27]
2022-07-25 05:39:20,582 INFO: Epoch: 117 | PSNR: 30.0950 | Loss: 5.6081 | lr: 2.50e-05 | Best_PSNR: 30.1005 | max_value: 255.0 in Epoch [27]
2022-07-25 05:40:12,243 INFO: Epoch: 118 | PSNR: 30.0939 | Loss: 5.6177 | lr: 2.50e-05 | Best_PSNR: 30.1005 | max_value: 255.0 in Epoch [27]
2022-07-25 05:41:03,430 INFO: Epoch: 119 | PSNR: 30.0912 | Loss: 5.6634 | lr: 2.50e-05 | Best_PSNR: 30.1005 | max_value: 255.0 in Epoch [27]
2022-07-25 05:41:55,872 INFO: Epoch: 120 | PSNR: 30.0953 | Loss: 5.6179 | lr: 2.50e-05 | Best_PSNR: 30.1005 | max_value: 255.0 in Epoch [27]
2022-07-25 05:42:48,057 INFO: Epoch: 121 | PSNR: 30.0935 | Loss: 5.6083 | lr: 2.50e-05 | Best_PSNR: 30.1005 | max_value: 255.0 in Epoch [27]
2022-07-25 05:43:44,904 INFO: Epoch: 122 | PSNR: 30.0920 | Loss: 5.5938 | lr: 2.50e-05 | Best_PSNR: 30.1005 | max_value: 255.0 in Epoch [27]
2022-07-25 05:45:10,763 INFO: Epoch: 123 | PSNR: 30.0917 | Loss: 5.5782 | lr: 2.50e-05 | Best_PSNR: 30.1005 | max_value: 255.0 in Epoch [27]
2022-07-25 05:47:12,945 INFO: Epoch: 124 | PSNR: 30.0938 | Loss: 5.6146 | lr: 2.50e-05 | Best_PSNR: 30.1005 | max_value: 255.0 in Epoch [27]
2022-07-25 05:48:55,533 INFO: Epoch: 125 | PSNR: 30.0887 | Loss: 5.6266 | lr: 2.50e-05 | Best_PSNR: 30.1005 | max_value: 255.0 in Epoch [27]
2022-07-25 05:50:56,897 INFO: Epoch: 126 | PSNR: 30.0867 | Loss: 5.5753 | lr: 2.50e-05 | Best_PSNR: 30.1005 | max_value: 255.0 in Epoch [27]
2022-07-25 05:51:58,845 INFO: Epoch: 127 | PSNR: 30.0942 | Loss: 5.5408 | lr: 2.50e-05 | Best_PSNR: 30.1005 | max_value: 255.0 in Epoch [27]
2022-07-25 05:52:53,743 INFO: Epoch: 128 | PSNR: 30.0958 | Loss: 5.5920 | lr: 2.50e-05 | Best_PSNR: 30.1005 | max_value: 255.0 in Epoch [27]
2022-07-25 05:53:48,276 INFO: Epoch: 129 | PSNR: 30.0984 | Loss: 5.5837 | lr: 2.50e-05 | Best_PSNR: 30.1005 | max_value: 255.0 in Epoch [27]
2022-07-25 05:55:03,953 INFO: Epoch: 130 | PSNR: 30.1014 | Loss: 5.5784 | lr: 2.50e-05 | Best_PSNR: 30.1014 | max_value: 255.0 in Epoch [130]
2022-07-25 05:56:36,665 INFO: Epoch: 131 | PSNR: 30.0985 | Loss: 5.6248 | lr: 2.50e-05 | Best_PSNR: 30.1014 | max_value: 255.0 in Epoch [130]
2022-07-25 05:58:47,223 INFO: Epoch: 132 | PSNR: 30.0952 | Loss: 5.5921 | lr: 2.50e-05 | Best_PSNR: 30.1014 | max_value: 255.0 in Epoch [130]
2022-07-25 06:00:33,186 INFO: Epoch: 133 | PSNR: 30.0943 | Loss: 5.5817 | lr: 2.50e-05 | Best_PSNR: 30.1014 | max_value: 255.0 in Epoch [130]
2022-07-25 06:02:26,190 INFO: Epoch: 134 | PSNR: 30.0877 | Loss: 5.6335 | lr: 2.50e-05 | Best_PSNR: 30.1014 | max_value: 255.0 in Epoch [130]
2022-07-25 06:03:49,370 INFO: Epoch: 135 | PSNR: 30.0922 | Loss: 5.5952 | lr: 2.50e-05 | Best_PSNR: 30.1014 | max_value: 255.0 in Epoch [130]
2022-07-25 06:05:49,841 INFO: Epoch: 136 | PSNR: 30.0892 | Loss: 5.5831 | lr: 2.50e-05 | Best_PSNR: 30.1014 | max_value: 255.0 in Epoch [130]
2022-07-25 06:06:47,840 INFO: Epoch: 137 | PSNR: 30.0867 | Loss: 5.6087 | lr: 2.50e-05 | Best_PSNR: 30.1014 | max_value: 255.0 in Epoch [130]
2022-07-25 06:07:40,605 INFO: Epoch: 138 | PSNR: 30.0908 | Loss: 5.5899 | lr: 2.50e-05 | Best_PSNR: 30.1014 | max_value: 255.0 in Epoch [130]
2022-07-25 06:08:36,025 INFO: Epoch: 139 | PSNR: 30.0907 | Loss: 5.6197 | lr: 2.50e-05 | Best_PSNR: 30.1014 | max_value: 255.0 in Epoch [130]
2022-07-25 06:09:26,325 INFO: Epoch: 140 | PSNR: 30.0873 | Loss: 5.5987 | lr: 2.50e-05 | Best_PSNR: 30.1014 | max_value: 255.0 in Epoch [130]
2022-07-25 06:10:18,459 INFO: Epoch: 141 | PSNR: 30.0871 | Loss: 5.5950 | lr: 2.50e-05 | Best_PSNR: 30.1014 | max_value: 255.0 in Epoch [130]
2022-07-25 06:11:12,659 INFO: Epoch: 142 | PSNR: 30.0898 | Loss: 5.5963 | lr: 2.50e-05 | Best_PSNR: 30.1014 | max_value: 255.0 in Epoch [130]
2022-07-25 06:12:02,969 INFO: Epoch: 143 | PSNR: 30.0922 | Loss: 5.5786 | lr: 2.50e-05 | Best_PSNR: 30.1014 | max_value: 255.0 in Epoch [130]
2022-07-25 06:12:57,639 INFO: Epoch: 144 | PSNR: 30.0945 | Loss: 5.6444 | lr: 2.50e-05 | Best_PSNR: 30.1014 | max_value: 255.0 in Epoch [130]
2022-07-25 06:13:56,690 INFO: Epoch: 145 | PSNR: 30.0899 | Loss: 5.6276 | lr: 2.50e-05 | Best_PSNR: 30.1014 | max_value: 255.0 in Epoch [130]
2022-07-25 06:14:49,094 INFO: Epoch: 146 | PSNR: 30.0935 | Loss: 5.5760 | lr: 2.50e-05 | Best_PSNR: 30.1014 | max_value: 255.0 in Epoch [130]
2022-07-25 06:15:41,567 INFO: Epoch: 147 | PSNR: 30.1003 | Loss: 5.5842 | lr: 2.50e-05 | Best_PSNR: 30.1014 | max_value: 255.0 in Epoch [130]
2022-07-25 06:16:34,906 INFO: Epoch: 148 | PSNR: 30.0834 | Loss: 5.5803 | lr: 2.50e-05 | Best_PSNR: 30.1014 | max_value: 255.0 in Epoch [130]
2022-07-25 06:17:27,204 INFO: Epoch: 149 | PSNR: 30.0993 | Loss: 5.6290 | lr: 2.50e-05 | Best_PSNR: 30.1014 | max_value: 255.0 in Epoch [130]
2022-07-25 06:18:21,764 INFO: Epoch: 150 | PSNR: 30.0985 | Loss: 5.5942 | lr: 2.50e-05 | Best_PSNR: 30.1014 | max_value: 255.0 in Epoch [130]
2022-07-25 06:19:15,746 INFO: Epoch: 151 | PSNR: 30.0938 | Loss: 5.5921 | lr: 1.25e-05 | Best_PSNR: 30.1014 | max_value: 255.0 in Epoch [130]
2022-07-25 06:20:16,241 INFO: Epoch: 152 | PSNR: 30.0889 | Loss: 5.5369 | lr: 1.25e-05 | Best_PSNR: 30.1014 | max_value: 255.0 in Epoch [130]
2022-07-25 06:21:09,803 INFO: Epoch: 153 | PSNR: 30.0982 | Loss: 5.5798 | lr: 1.25e-05 | Best_PSNR: 30.1014 | max_value: 255.0 in Epoch [130]
2022-07-25 06:22:02,843 INFO: Epoch: 154 | PSNR: 30.0931 | Loss: 5.5440 | lr: 1.25e-05 | Best_PSNR: 30.1014 | max_value: 255.0 in Epoch [130]
2022-07-25 06:22:58,904 INFO: Epoch: 155 | PSNR: 30.0969 | Loss: 5.6181 | lr: 1.25e-05 | Best_PSNR: 30.1014 | max_value: 255.0 in Epoch [130]
2022-07-25 06:23:52,642 INFO: Epoch: 156 | PSNR: 30.0893 | Loss: 5.5815 | lr: 1.25e-05 | Best_PSNR: 30.1014 | max_value: 255.0 in Epoch [130]
2022-07-25 06:25:00,866 INFO: Epoch: 157 | PSNR: 30.0948 | Loss: 5.5988 | lr: 1.25e-05 | Best_PSNR: 30.1014 | max_value: 255.0 in Epoch [130]
2022-07-25 06:25:52,608 INFO: Epoch: 158 | PSNR: 30.0909 | Loss: 5.5588 | lr: 1.25e-05 | Best_PSNR: 30.1014 | max_value: 255.0 in Epoch [130]
2022-07-25 06:26:45,638 INFO: Epoch: 159 | PSNR: 30.0859 | Loss: 5.5661 | lr: 1.25e-05 | Best_PSNR: 30.1014 | max_value: 255.0 in Epoch [130]
2022-07-25 06:27:47,862 INFO: Epoch: 160 | PSNR: 30.0941 | Loss: 5.5789 | lr: 1.25e-05 | Best_PSNR: 30.1014 | max_value: 255.0 in Epoch [130]
2022-07-25 06:29:09,992 INFO: Epoch: 161 | PSNR: 30.0931 | Loss: 5.6417 | lr: 1.25e-05 | Best_PSNR: 30.1014 | max_value: 255.0 in Epoch [130]
2022-07-25 06:30:11,220 INFO: Epoch: 162 | PSNR: 30.0885 | Loss: 5.5965 | lr: 1.25e-05 | Best_PSNR: 30.1014 | max_value: 255.0 in Epoch [130]
2022-07-25 06:31:26,662 INFO: Epoch: 163 | PSNR: 30.0857 | Loss: 5.5954 | lr: 1.25e-05 | Best_PSNR: 30.1014 | max_value: 255.0 in Epoch [130]
2022-07-25 06:32:30,146 INFO: Epoch: 164 | PSNR: 30.0982 | Loss: 5.5732 | lr: 1.25e-05 | Best_PSNR: 30.1014 | max_value: 255.0 in Epoch [130]
2022-07-25 06:33:55,068 INFO: Epoch: 165 | PSNR: 30.0928 | Loss: 5.6235 | lr: 1.25e-05 | Best_PSNR: 30.1014 | max_value: 255.0 in Epoch [130]
2022-07-25 06:34:56,874 INFO: Epoch: 166 | PSNR: 30.0987 | Loss: 5.5902 | lr: 1.25e-05 | Best_PSNR: 30.1014 | max_value: 255.0 in Epoch [130]
2022-07-25 06:36:08,143 INFO: Epoch: 167 | PSNR: 30.0922 | Loss: 5.5985 | lr: 1.25e-05 | Best_PSNR: 30.1014 | max_value: 255.0 in Epoch [130]
2022-07-25 06:37:26,768 INFO: Epoch: 168 | PSNR: 30.0947 | Loss: 5.5797 | lr: 1.25e-05 | Best_PSNR: 30.1014 | max_value: 255.0 in Epoch [130]
2022-07-25 06:38:41,733 INFO: Epoch: 169 | PSNR: 30.1004 | Loss: 5.6215 | lr: 1.25e-05 | Best_PSNR: 30.1014 | max_value: 255.0 in Epoch [130]
2022-07-25 06:39:51,042 INFO: Epoch: 170 | PSNR: 30.0915 | Loss: 5.5755 | lr: 1.25e-05 | Best_PSNR: 30.1014 | max_value: 255.0 in Epoch [130]
2022-07-25 06:40:49,805 INFO: Epoch: 171 | PSNR: 30.0984 | Loss: 5.6135 | lr: 1.25e-05 | Best_PSNR: 30.1014 | max_value: 255.0 in Epoch [130]
2022-07-25 06:41:47,424 INFO: Epoch: 172 | PSNR: 30.1004 | Loss: 5.5824 | lr: 1.25e-05 | Best_PSNR: 30.1014 | max_value: 255.0 in Epoch [130]
2022-07-25 06:42:43,077 INFO: Epoch: 173 | PSNR: 30.0991 | Loss: 5.5409 | lr: 1.25e-05 | Best_PSNR: 30.1014 | max_value: 255.0 in Epoch [130]
2022-07-25 06:43:34,803 INFO: Epoch: 174 | PSNR: 30.0942 | Loss: 5.5728 | lr: 1.25e-05 | Best_PSNR: 30.1014 | max_value: 255.0 in Epoch [130]
2022-07-25 06:45:15,472 INFO: Epoch: 175 | PSNR: 30.0936 | Loss: 5.6428 | lr: 1.25e-05 | Best_PSNR: 30.1014 | max_value: 255.0 in Epoch [130]
2022-07-25 06:46:13,631 INFO: Epoch: 176 | PSNR: 30.0935 | Loss: 5.6110 | lr: 1.25e-05 | Best_PSNR: 30.1014 | max_value: 255.0 in Epoch [130]
2022-07-25 06:47:07,665 INFO: Epoch: 177 | PSNR: 30.0938 | Loss: 5.5754 | lr: 1.25e-05 | Best_PSNR: 30.1014 | max_value: 255.0 in Epoch [130]
2022-07-25 06:48:15,702 INFO: Epoch: 178 | PSNR: 30.0920 | Loss: 5.6040 | lr: 1.25e-05 | Best_PSNR: 30.1014 | max_value: 255.0 in Epoch [130]
2022-07-25 06:49:34,618 INFO: Epoch: 179 | PSNR: 30.0936 | Loss: 5.6408 | lr: 1.25e-05 | Best_PSNR: 30.1014 | max_value: 255.0 in Epoch [130]
2022-07-25 06:50:52,651 INFO: Epoch: 180 | PSNR: 30.0907 | Loss: 5.6119 | lr: 1.25e-05 | Best_PSNR: 30.1014 | max_value: 255.0 in Epoch [130]
2022-07-25 06:53:15,635 INFO: Epoch: 181 | PSNR: 30.0938 | Loss: 5.6041 | lr: 1.25e-05 | Best_PSNR: 30.1014 | max_value: 255.0 in Epoch [130]
2022-07-25 06:54:12,656 INFO: Epoch: 182 | PSNR: 30.0979 | Loss: 5.5457 | lr: 1.25e-05 | Best_PSNR: 30.1014 | max_value: 255.0 in Epoch [130]
2022-07-25 06:55:14,442 INFO: Epoch: 183 | PSNR: 30.1017 | Loss: 5.6099 | lr: 1.25e-05 | Best_PSNR: 30.1017 | max_value: 255.0 in Epoch [183]
2022-07-25 06:56:10,408 INFO: Epoch: 184 | PSNR: 30.0844 | Loss: 5.5641 | lr: 1.25e-05 | Best_PSNR: 30.1017 | max_value: 255.0 in Epoch [183]
2022-07-25 06:57:13,337 INFO: Epoch: 185 | PSNR: 30.1004 | Loss: 5.5811 | lr: 1.25e-05 | Best_PSNR: 30.1017 | max_value: 255.0 in Epoch [183]
2022-07-25 06:58:07,635 INFO: Epoch: 186 | PSNR: 30.0930 | Loss: 5.5987 | lr: 1.25e-05 | Best_PSNR: 30.1017 | max_value: 255.0 in Epoch [183]
2022-07-25 06:59:02,519 INFO: Epoch: 187 | PSNR: 30.1011 | Loss: 5.5246 | lr: 1.25e-05 | Best_PSNR: 30.1017 | max_value: 255.0 in Epoch [183]
2022-07-25 06:59:58,517 INFO: Epoch: 188 | PSNR: 30.0959 | Loss: 5.6192 | lr: 1.25e-05 | Best_PSNR: 30.1017 | max_value: 255.0 in Epoch [183]
2022-07-25 07:00:53,636 INFO: Epoch: 189 | PSNR: 30.0942 | Loss: 5.5763 | lr: 1.25e-05 | Best_PSNR: 30.1017 | max_value: 255.0 in Epoch [183]
2022-07-25 07:01:45,077 INFO: Epoch: 190 | PSNR: 30.0919 | Loss: 5.6129 | lr: 1.25e-05 | Best_PSNR: 30.1017 | max_value: 255.0 in Epoch [183]
2022-07-25 07:02:35,870 INFO: Epoch: 191 | PSNR: 30.0947 | Loss: 5.5927 | lr: 1.25e-05 | Best_PSNR: 30.1017 | max_value: 255.0 in Epoch [183]
2022-07-25 07:03:29,651 INFO: Epoch: 192 | PSNR: 30.0903 | Loss: 5.5801 | lr: 1.25e-05 | Best_PSNR: 30.1017 | max_value: 255.0 in Epoch [183]
2022-07-25 07:04:22,268 INFO: Epoch: 193 | PSNR: 30.1009 | Loss: 5.5611 | lr: 1.25e-05 | Best_PSNR: 30.1017 | max_value: 255.0 in Epoch [183]
2022-07-25 07:05:25,191 INFO: Epoch: 194 | PSNR: 30.0988 | Loss: 5.6164 | lr: 1.25e-05 | Best_PSNR: 30.1017 | max_value: 255.0 in Epoch [183]
2022-07-25 07:06:23,432 INFO: Epoch: 195 | PSNR: 30.0832 | Loss: 5.5882 | lr: 1.25e-05 | Best_PSNR: 30.1017 | max_value: 255.0 in Epoch [183]
2022-07-25 07:07:32,245 INFO: Epoch: 196 | PSNR: 30.0910 | Loss: 5.6084 | lr: 1.25e-05 | Best_PSNR: 30.1017 | max_value: 255.0 in Epoch [183]
2022-07-25 07:08:27,551 INFO: Epoch: 197 | PSNR: 30.0980 | Loss: 5.5854 | lr: 1.25e-05 | Best_PSNR: 30.1017 | max_value: 255.0 in Epoch [183]
2022-07-25 07:09:18,320 INFO: Epoch: 198 | PSNR: 30.0906 | Loss: 5.5724 | lr: 1.25e-05 | Best_PSNR: 30.1017 | max_value: 255.0 in Epoch [183]
2022-07-25 07:10:14,970 INFO: Epoch: 199 | PSNR: 30.1027 | Loss: 5.5836 | lr: 1.25e-05 | Best_PSNR: 30.1027 | max_value: 255.0 in Epoch [199]
2022-07-25 07:11:16,247 INFO: Epoch: 200 | PSNR: 30.0956 | Loss: 5.5750 | lr: 1.25e-05 | Best_PSNR: 30.1027 | max_value: 255.0 in Epoch [199]
2022-07-25 07:12:16,106 INFO: Epoch: 201 | PSNR: 30.0925 | Loss: 5.5607 | lr: 6.25e-06 | Best_PSNR: 30.1027 | max_value: 255.0 in Epoch [199]
2022-07-25 07:13:41,068 INFO: Epoch: 202 | PSNR: 30.0975 | Loss: 5.5263 | lr: 6.25e-06 | Best_PSNR: 30.1027 | max_value: 255.0 in Epoch [199]
2022-07-25 07:15:15,149 INFO: Epoch: 203 | PSNR: 30.1010 | Loss: 5.5806 | lr: 6.25e-06 | Best_PSNR: 30.1027 | max_value: 255.0 in Epoch [199]
2022-07-25 07:17:00,860 INFO: Epoch: 204 | PSNR: 30.0929 | Loss: 5.5835 | lr: 6.25e-06 | Best_PSNR: 30.1027 | max_value: 255.0 in Epoch [199]
2022-07-25 07:17:55,497 INFO: Epoch: 205 | PSNR: 30.0902 | Loss: 5.5936 | lr: 6.25e-06 | Best_PSNR: 30.1027 | max_value: 255.0 in Epoch [199]
2022-07-25 07:19:28,056 INFO: Epoch: 206 | PSNR: 30.0958 | Loss: 5.5674 | lr: 6.25e-06 | Best_PSNR: 30.1027 | max_value: 255.0 in Epoch [199]
2022-07-25 07:22:06,716 INFO: Epoch: 207 | PSNR: 30.1017 | Loss: 5.6337 | lr: 6.25e-06 | Best_PSNR: 30.1027 | max_value: 255.0 in Epoch [199]
2022-07-25 07:24:04,309 INFO: Epoch: 208 | PSNR: 30.1027 | Loss: 5.5896 | lr: 6.25e-06 | Best_PSNR: 30.1027 | max_value: 255.0 in Epoch [208]
2022-07-25 07:25:49,463 INFO: Epoch: 209 | PSNR: 30.0926 | Loss: 5.6187 | lr: 6.25e-06 | Best_PSNR: 30.1027 | max_value: 255.0 in Epoch [208]
2022-07-25 07:27:54,753 INFO: Epoch: 210 | PSNR: 30.0889 | Loss: 5.5714 | lr: 6.25e-06 | Best_PSNR: 30.1027 | max_value: 255.0 in Epoch [208]
2022-07-25 07:29:33,741 INFO: Epoch: 211 | PSNR: 30.0923 | Loss: 5.5852 | lr: 6.25e-06 | Best_PSNR: 30.1027 | max_value: 255.0 in Epoch [208]
2022-07-25 07:30:34,645 INFO: Epoch: 212 | PSNR: 30.0933 | Loss: 5.5490 | lr: 6.25e-06 | Best_PSNR: 30.1027 | max_value: 255.0 in Epoch [208]
2022-07-25 07:31:25,790 INFO: Epoch: 213 | PSNR: 30.0936 | Loss: 5.5895 | lr: 6.25e-06 | Best_PSNR: 30.1027 | max_value: 255.0 in Epoch [208]
2022-07-25 07:32:27,993 INFO: Epoch: 214 | PSNR: 30.0976 | Loss: 5.5305 | lr: 6.25e-06 | Best_PSNR: 30.1027 | max_value: 255.0 in Epoch [208]
2022-07-25 07:33:21,183 INFO: Epoch: 215 | PSNR: 30.0937 | Loss: 5.6358 | lr: 6.25e-06 | Best_PSNR: 30.1027 | max_value: 255.0 in Epoch [208]
2022-07-25 07:34:15,885 INFO: Epoch: 216 | PSNR: 30.0997 | Loss: 5.5910 | lr: 6.25e-06 | Best_PSNR: 30.1027 | max_value: 255.0 in Epoch [208]
2022-07-25 07:35:08,095 INFO: Epoch: 217 | PSNR: 30.0971 | Loss: 5.5930 | lr: 6.25e-06 | Best_PSNR: 30.1027 | max_value: 255.0 in Epoch [208]
2022-07-25 07:36:03,490 INFO: Epoch: 218 | PSNR: 30.0927 | Loss: 5.5856 | lr: 6.25e-06 | Best_PSNR: 30.1027 | max_value: 255.0 in Epoch [208]
2022-07-25 07:37:11,502 INFO: Epoch: 219 | PSNR: 30.1027 | Loss: 5.5683 | lr: 6.25e-06 | Best_PSNR: 30.1027 | max_value: 255.0 in Epoch [208]
2022-07-25 07:38:05,559 INFO: Epoch: 220 | PSNR: 30.0929 | Loss: 5.5819 | lr: 6.25e-06 | Best_PSNR: 30.1027 | max_value: 255.0 in Epoch [208]
