2022-07-23 01:06:03,502 INFO: Create train dataset successfully!
2022-07-23 01:06:03,502 INFO: Training: [1000] iterations for each epoch
2022-07-23 01:06:03,503 INFO: Create val dataset successfully!
2022-07-23 01:06:03,503 INFO: Validating: [100] iterations for each epoch
2022-07-23 01:06:03,503 INFO: Preparing for experiment: [trial14_qat]
2022-07-23 01:06:03,503 INFO: Loading pretrained model ...
2022-07-23 01:06:06,572 INFO: Start copying weights and annotate Lambda layer...
2022-07-23 01:06:06,639 INFO: Start annotating other parts of model...
2022-07-23 01:06:06,662 INFO: Creating quantize-aware model...
2022-07-23 01:06:07,987 INFO: Create model successfully! Params: [31.91]K
2022-07-23 01:06:07,987 INFO: Model: "model"
2022-07-23 01:06:07,987 INFO: _________________________________________________________________
2022-07-23 01:06:07,987 INFO: Layer (type)                 Output Shape              Param #   
2022-07-23 01:06:07,987 INFO: =================================================================
2022-07-23 01:06:07,987 INFO: input_1 (InputLayer)         [(None, None, None, 3)]   0         
2022-07-23 01:06:07,987 INFO: _________________________________________________________________
2022-07-23 01:06:07,988 INFO: quantize_layer (QuantizeLaye (None, None, None, 3)     3         
2022-07-23 01:06:07,988 INFO: _________________________________________________________________
2022-07-23 01:06:07,988 INFO: quant_conv2d (QuantizeWrappe (None, None, None, 35)    1053      
2022-07-23 01:06:07,988 INFO: _________________________________________________________________
2022-07-23 01:06:07,988 INFO: quant_conv2d_1 (QuantizeWrap (None, None, None, 35)    11133     
2022-07-23 01:06:07,988 INFO: _________________________________________________________________
2022-07-23 01:06:07,988 INFO: quant_conv2d_2 (QuantizeWrap (None, None, None, 35)    11133     
2022-07-23 01:06:07,988 INFO: _________________________________________________________________
2022-07-23 01:06:07,988 INFO: quant_conv2d_3 (QuantizeWrap (None, None, None, 27)    8589      
2022-07-23 01:06:07,989 INFO: _________________________________________________________________
2022-07-23 01:06:07,989 INFO: quant_lambda (QuantizeWrappe (None, None, None, 3)     1         
2022-07-23 01:06:07,989 INFO: =================================================================
2022-07-23 01:06:07,989 INFO: Total params: 31,912
2022-07-23 01:06:07,989 INFO: Trainable params: 31,632
2022-07-23 01:06:07,989 INFO: Non-trainable params: 280
2022-07-23 01:06:07,989 INFO: _________________________________________________________________
2022-07-23 01:06:07,990 INFO: Start training...
2022-07-23 01:07:04,728 INFO: Epoch: 1 | PSNR: 12.6747 | Loss: 84.4400 | lr: 1.00e-04 | Best_PSNR: 12.6747 | max_value: 83.31782531738281 in Epoch [1]
2022-07-23 01:08:01,910 INFO: Epoch: 2 | PSNR: 27.1256 | Loss: 20.7215 | lr: 1.00e-04 | Best_PSNR: 27.1256 | max_value: 210.393798828125 in Epoch [2]
2022-07-23 01:08:59,997 INFO: Epoch: 3 | PSNR: 29.8708 | Loss: 6.1472 | lr: 1.00e-04 | Best_PSNR: 29.8708 | max_value: 255.0 in Epoch [3]
2022-07-23 01:09:56,012 INFO: Epoch: 4 | PSNR: 29.8629 | Loss: 5.7500 | lr: 1.00e-04 | Best_PSNR: 29.8708 | max_value: 255.0 in Epoch [3]
2022-07-23 01:10:45,555 INFO: Epoch: 5 | PSNR: 29.8675 | Loss: 5.7417 | lr: 1.00e-04 | Best_PSNR: 29.8708 | max_value: 255.0 in Epoch [3]
2022-07-23 01:11:39,657 INFO: Epoch: 6 | PSNR: 29.8713 | Loss: 5.7508 | lr: 1.00e-04 | Best_PSNR: 29.8713 | max_value: 255.0 in Epoch [6]
2022-07-23 01:12:36,150 INFO: Epoch: 7 | PSNR: 29.8751 | Loss: 5.7234 | lr: 1.00e-04 | Best_PSNR: 29.8751 | max_value: 255.0 in Epoch [7]
2022-07-23 01:13:29,472 INFO: Epoch: 8 | PSNR: 29.8775 | Loss: 5.7379 | lr: 1.00e-04 | Best_PSNR: 29.8775 | max_value: 255.0 in Epoch [8]
2022-07-23 01:14:22,909 INFO: Epoch: 9 | PSNR: 29.8821 | Loss: 5.7376 | lr: 1.00e-04 | Best_PSNR: 29.8821 | max_value: 255.0 in Epoch [9]
2022-07-23 01:15:17,494 INFO: Epoch: 10 | PSNR: 29.8755 | Loss: 5.6912 | lr: 1.00e-04 | Best_PSNR: 29.8821 | max_value: 255.0 in Epoch [9]
2022-07-23 01:16:15,770 INFO: Epoch: 11 | PSNR: 29.8743 | Loss: 5.7379 | lr: 1.00e-04 | Best_PSNR: 29.8821 | max_value: 255.0 in Epoch [9]
2022-07-23 01:17:14,365 INFO: Epoch: 12 | PSNR: 29.8830 | Loss: 5.7658 | lr: 1.00e-04 | Best_PSNR: 29.8830 | max_value: 255.0 in Epoch [12]
2022-07-23 01:18:13,855 INFO: Epoch: 13 | PSNR: 29.8738 | Loss: 5.7161 | lr: 1.00e-04 | Best_PSNR: 29.8830 | max_value: 255.0 in Epoch [12]
2022-07-23 01:19:14,099 INFO: Epoch: 14 | PSNR: 29.8782 | Loss: 5.7199 | lr: 1.00e-04 | Best_PSNR: 29.8830 | max_value: 255.0 in Epoch [12]
2022-07-23 01:20:12,206 INFO: Epoch: 15 | PSNR: 29.8684 | Loss: 5.7534 | lr: 1.00e-04 | Best_PSNR: 29.8830 | max_value: 255.0 in Epoch [12]
2022-07-23 01:21:12,203 INFO: Epoch: 16 | PSNR: 29.8731 | Loss: 5.7209 | lr: 1.00e-04 | Best_PSNR: 29.8830 | max_value: 255.0 in Epoch [12]
2022-07-23 01:22:10,103 INFO: Epoch: 17 | PSNR: 29.8891 | Loss: 5.7112 | lr: 1.00e-04 | Best_PSNR: 29.8891 | max_value: 255.0 in Epoch [17]
2022-07-23 01:23:10,769 INFO: Epoch: 18 | PSNR: 29.8932 | Loss: 5.7518 | lr: 1.00e-04 | Best_PSNR: 29.8932 | max_value: 255.0 in Epoch [18]
2022-07-23 01:24:06,139 INFO: Epoch: 19 | PSNR: 29.8836 | Loss: 5.7511 | lr: 1.00e-04 | Best_PSNR: 29.8932 | max_value: 255.0 in Epoch [18]
2022-07-23 01:25:05,009 INFO: Epoch: 20 | PSNR: 29.8863 | Loss: 5.7235 | lr: 1.00e-04 | Best_PSNR: 29.8932 | max_value: 255.0 in Epoch [18]
2022-07-23 01:26:03,763 INFO: Epoch: 21 | PSNR: 29.8863 | Loss: 5.7780 | lr: 1.00e-04 | Best_PSNR: 29.8932 | max_value: 255.0 in Epoch [18]
2022-07-23 01:27:02,273 INFO: Epoch: 22 | PSNR: 29.8867 | Loss: 5.7203 | lr: 1.00e-04 | Best_PSNR: 29.8932 | max_value: 255.0 in Epoch [18]
2022-07-23 01:27:57,909 INFO: Epoch: 23 | PSNR: 29.8875 | Loss: 5.7895 | lr: 1.00e-04 | Best_PSNR: 29.8932 | max_value: 255.0 in Epoch [18]
2022-07-23 01:28:52,017 INFO: Epoch: 24 | PSNR: 29.8872 | Loss: 5.7331 | lr: 1.00e-04 | Best_PSNR: 29.8932 | max_value: 255.0 in Epoch [18]
2022-07-23 01:29:49,146 INFO: Epoch: 25 | PSNR: 29.8858 | Loss: 5.7400 | lr: 1.00e-04 | Best_PSNR: 29.8932 | max_value: 255.0 in Epoch [18]
2022-07-23 01:30:48,281 INFO: Epoch: 26 | PSNR: 29.8755 | Loss: 5.7002 | lr: 1.00e-04 | Best_PSNR: 29.8932 | max_value: 255.0 in Epoch [18]
2022-07-23 01:31:45,764 INFO: Epoch: 27 | PSNR: 29.8753 | Loss: 5.7506 | lr: 1.00e-04 | Best_PSNR: 29.8932 | max_value: 255.0 in Epoch [18]
2022-07-23 01:32:41,745 INFO: Epoch: 28 | PSNR: 29.8830 | Loss: 5.7275 | lr: 1.00e-04 | Best_PSNR: 29.8932 | max_value: 255.0 in Epoch [18]
2022-07-23 01:33:38,820 INFO: Epoch: 29 | PSNR: 29.8822 | Loss: 5.7581 | lr: 1.00e-04 | Best_PSNR: 29.8932 | max_value: 255.0 in Epoch [18]
2022-07-23 01:34:34,010 INFO: Epoch: 30 | PSNR: 29.8798 | Loss: 5.7414 | lr: 1.00e-04 | Best_PSNR: 29.8932 | max_value: 255.0 in Epoch [18]
2022-07-23 01:35:33,186 INFO: Epoch: 31 | PSNR: 29.8880 | Loss: 5.7660 | lr: 1.00e-04 | Best_PSNR: 29.8932 | max_value: 255.0 in Epoch [18]
2022-07-23 01:36:29,479 INFO: Epoch: 32 | PSNR: 29.8904 | Loss: 5.6881 | lr: 1.00e-04 | Best_PSNR: 29.8932 | max_value: 255.0 in Epoch [18]
2022-07-23 01:37:29,200 INFO: Epoch: 33 | PSNR: 29.8795 | Loss: 5.7205 | lr: 1.00e-04 | Best_PSNR: 29.8932 | max_value: 255.0 in Epoch [18]
2022-07-23 01:38:28,096 INFO: Epoch: 34 | PSNR: 29.8788 | Loss: 5.7415 | lr: 1.00e-04 | Best_PSNR: 29.8932 | max_value: 255.0 in Epoch [18]
2022-07-23 01:39:25,327 INFO: Epoch: 35 | PSNR: 29.8881 | Loss: 5.7295 | lr: 1.00e-04 | Best_PSNR: 29.8932 | max_value: 255.0 in Epoch [18]
2022-07-23 01:40:23,384 INFO: Epoch: 36 | PSNR: 29.8853 | Loss: 5.7675 | lr: 1.00e-04 | Best_PSNR: 29.8932 | max_value: 255.0 in Epoch [18]
2022-07-23 01:41:23,131 INFO: Epoch: 37 | PSNR: 29.8849 | Loss: 5.7499 | lr: 1.00e-04 | Best_PSNR: 29.8932 | max_value: 255.0 in Epoch [18]
2022-07-23 01:42:21,374 INFO: Epoch: 38 | PSNR: 29.8788 | Loss: 5.6604 | lr: 1.00e-04 | Best_PSNR: 29.8932 | max_value: 255.0 in Epoch [18]
2022-07-23 01:43:17,290 INFO: Epoch: 39 | PSNR: 29.8829 | Loss: 5.7068 | lr: 1.00e-04 | Best_PSNR: 29.8932 | max_value: 255.0 in Epoch [18]
2022-07-23 01:44:15,234 INFO: Epoch: 40 | PSNR: 29.8834 | Loss: 5.7124 | lr: 1.00e-04 | Best_PSNR: 29.8932 | max_value: 255.0 in Epoch [18]
2022-07-23 01:45:09,101 INFO: Epoch: 41 | PSNR: 29.8838 | Loss: 5.7071 | lr: 1.00e-04 | Best_PSNR: 29.8932 | max_value: 255.0 in Epoch [18]
2022-07-23 01:46:08,410 INFO: Epoch: 42 | PSNR: 29.8877 | Loss: 5.7071 | lr: 1.00e-04 | Best_PSNR: 29.8932 | max_value: 255.0 in Epoch [18]
2022-07-23 01:47:06,237 INFO: Epoch: 43 | PSNR: 29.8866 | Loss: 5.6820 | lr: 1.00e-04 | Best_PSNR: 29.8932 | max_value: 255.0 in Epoch [18]
2022-07-23 01:47:59,523 INFO: Epoch: 44 | PSNR: 29.8877 | Loss: 5.6904 | lr: 1.00e-04 | Best_PSNR: 29.8932 | max_value: 255.0 in Epoch [18]
2022-07-23 01:48:57,225 INFO: Epoch: 45 | PSNR: 29.8901 | Loss: 5.7354 | lr: 1.00e-04 | Best_PSNR: 29.8932 | max_value: 255.0 in Epoch [18]
2022-07-23 01:49:55,345 INFO: Epoch: 46 | PSNR: 29.8866 | Loss: 5.7496 | lr: 1.00e-04 | Best_PSNR: 29.8932 | max_value: 255.0 in Epoch [18]
2022-07-23 01:50:56,922 INFO: Epoch: 47 | PSNR: 29.8863 | Loss: 5.7418 | lr: 1.00e-04 | Best_PSNR: 29.8932 | max_value: 255.0 in Epoch [18]
2022-07-23 01:51:59,803 INFO: Epoch: 48 | PSNR: 29.8876 | Loss: 5.7228 | lr: 1.00e-04 | Best_PSNR: 29.8932 | max_value: 255.0 in Epoch [18]
2022-07-23 01:52:58,191 INFO: Epoch: 49 | PSNR: 29.8918 | Loss: 5.7158 | lr: 1.00e-04 | Best_PSNR: 29.8932 | max_value: 255.0 in Epoch [18]
2022-07-23 01:53:57,045 INFO: Epoch: 50 | PSNR: 29.8827 | Loss: 5.7175 | lr: 1.00e-04 | Best_PSNR: 29.8932 | max_value: 255.0 in Epoch [18]
2022-07-23 01:54:56,594 INFO: Epoch: 51 | PSNR: 29.8912 | Loss: 5.7164 | lr: 5.00e-05 | Best_PSNR: 29.8932 | max_value: 255.0 in Epoch [18]
2022-07-23 01:55:57,069 INFO: Epoch: 52 | PSNR: 29.8838 | Loss: 5.6938 | lr: 5.00e-05 | Best_PSNR: 29.8932 | max_value: 255.0 in Epoch [18]
2022-07-23 01:56:58,166 INFO: Epoch: 53 | PSNR: 29.8859 | Loss: 5.7091 | lr: 5.00e-05 | Best_PSNR: 29.8932 | max_value: 255.0 in Epoch [18]
2022-07-23 01:57:57,403 INFO: Epoch: 54 | PSNR: 29.8852 | Loss: 5.7750 | lr: 5.00e-05 | Best_PSNR: 29.8932 | max_value: 255.0 in Epoch [18]
2022-07-23 01:59:00,248 INFO: Epoch: 55 | PSNR: 29.8815 | Loss: 5.7345 | lr: 5.00e-05 | Best_PSNR: 29.8932 | max_value: 255.0 in Epoch [18]
2022-07-23 01:59:54,767 INFO: Epoch: 56 | PSNR: 29.8821 | Loss: 5.6970 | lr: 5.00e-05 | Best_PSNR: 29.8932 | max_value: 255.0 in Epoch [18]
2022-07-23 02:00:50,731 INFO: Epoch: 57 | PSNR: 29.8894 | Loss: 5.7216 | lr: 5.00e-05 | Best_PSNR: 29.8932 | max_value: 255.0 in Epoch [18]
2022-07-23 02:01:47,342 INFO: Epoch: 58 | PSNR: 29.8794 | Loss: 5.7416 | lr: 5.00e-05 | Best_PSNR: 29.8932 | max_value: 255.0 in Epoch [18]
2022-07-23 02:02:43,031 INFO: Epoch: 59 | PSNR: 29.8805 | Loss: 5.6883 | lr: 5.00e-05 | Best_PSNR: 29.8932 | max_value: 255.0 in Epoch [18]
2022-07-23 02:03:40,155 INFO: Epoch: 60 | PSNR: 29.8757 | Loss: 5.7327 | lr: 5.00e-05 | Best_PSNR: 29.8932 | max_value: 255.0 in Epoch [18]
2022-07-23 02:04:42,105 INFO: Epoch: 61 | PSNR: 29.8771 | Loss: 5.7006 | lr: 5.00e-05 | Best_PSNR: 29.8932 | max_value: 255.0 in Epoch [18]
2022-07-23 02:05:38,392 INFO: Epoch: 62 | PSNR: 29.8820 | Loss: 5.7320 | lr: 5.00e-05 | Best_PSNR: 29.8932 | max_value: 255.0 in Epoch [18]
2022-07-23 02:06:34,245 INFO: Epoch: 63 | PSNR: 29.8864 | Loss: 5.7132 | lr: 5.00e-05 | Best_PSNR: 29.8932 | max_value: 255.0 in Epoch [18]
2022-07-23 02:07:33,371 INFO: Epoch: 64 | PSNR: 29.8891 | Loss: 5.6811 | lr: 5.00e-05 | Best_PSNR: 29.8932 | max_value: 255.0 in Epoch [18]
2022-07-23 02:08:29,205 INFO: Epoch: 65 | PSNR: 29.8861 | Loss: 5.7256 | lr: 5.00e-05 | Best_PSNR: 29.8932 | max_value: 255.0 in Epoch [18]
2022-07-23 02:09:26,135 INFO: Epoch: 66 | PSNR: 29.8854 | Loss: 5.7448 | lr: 5.00e-05 | Best_PSNR: 29.8932 | max_value: 255.0 in Epoch [18]
2022-07-23 02:10:22,419 INFO: Epoch: 67 | PSNR: 29.8863 | Loss: 5.7363 | lr: 5.00e-05 | Best_PSNR: 29.8932 | max_value: 255.0 in Epoch [18]
2022-07-23 02:11:21,536 INFO: Epoch: 68 | PSNR: 29.8885 | Loss: 5.7889 | lr: 5.00e-05 | Best_PSNR: 29.8932 | max_value: 255.0 in Epoch [18]
2022-07-23 02:12:18,052 INFO: Epoch: 69 | PSNR: 29.8830 | Loss: 5.7231 | lr: 5.00e-05 | Best_PSNR: 29.8932 | max_value: 255.0 in Epoch [18]
2022-07-23 02:13:17,040 INFO: Epoch: 70 | PSNR: 29.8886 | Loss: 5.7116 | lr: 5.00e-05 | Best_PSNR: 29.8932 | max_value: 255.0 in Epoch [18]
2022-07-23 02:14:13,779 INFO: Epoch: 71 | PSNR: 29.8835 | Loss: 5.6679 | lr: 5.00e-05 | Best_PSNR: 29.8932 | max_value: 255.0 in Epoch [18]
2022-07-23 02:15:13,099 INFO: Epoch: 72 | PSNR: 29.8853 | Loss: 5.7089 | lr: 5.00e-05 | Best_PSNR: 29.8932 | max_value: 255.0 in Epoch [18]
2022-07-23 02:16:09,307 INFO: Epoch: 73 | PSNR: 29.8872 | Loss: 5.7127 | lr: 5.00e-05 | Best_PSNR: 29.8932 | max_value: 255.0 in Epoch [18]
2022-07-23 02:17:07,460 INFO: Epoch: 74 | PSNR: 29.8896 | Loss: 5.7513 | lr: 5.00e-05 | Best_PSNR: 29.8932 | max_value: 255.0 in Epoch [18]
2022-07-23 02:18:07,075 INFO: Epoch: 75 | PSNR: 29.8819 | Loss: 5.6809 | lr: 5.00e-05 | Best_PSNR: 29.8932 | max_value: 255.0 in Epoch [18]
2022-07-23 02:19:06,262 INFO: Epoch: 76 | PSNR: 29.8880 | Loss: 5.7284 | lr: 5.00e-05 | Best_PSNR: 29.8932 | max_value: 255.0 in Epoch [18]
2022-07-23 02:20:02,654 INFO: Epoch: 77 | PSNR: 29.8841 | Loss: 5.7977 | lr: 5.00e-05 | Best_PSNR: 29.8932 | max_value: 255.0 in Epoch [18]
2022-07-23 02:20:58,073 INFO: Epoch: 78 | PSNR: 29.8849 | Loss: 5.7193 | lr: 5.00e-05 | Best_PSNR: 29.8932 | max_value: 255.0 in Epoch [18]
2022-07-23 02:21:55,259 INFO: Epoch: 79 | PSNR: 29.8874 | Loss: 5.6659 | lr: 5.00e-05 | Best_PSNR: 29.8932 | max_value: 255.0 in Epoch [18]
2022-07-23 02:22:48,741 INFO: Epoch: 80 | PSNR: 29.8857 | Loss: 5.7299 | lr: 5.00e-05 | Best_PSNR: 29.8932 | max_value: 255.0 in Epoch [18]
2022-07-23 02:23:46,590 INFO: Epoch: 81 | PSNR: 29.8837 | Loss: 5.7209 | lr: 5.00e-05 | Best_PSNR: 29.8932 | max_value: 255.0 in Epoch [18]
2022-07-23 02:24:41,938 INFO: Epoch: 82 | PSNR: 29.8784 | Loss: 5.6943 | lr: 5.00e-05 | Best_PSNR: 29.8932 | max_value: 255.0 in Epoch [18]
2022-07-23 02:25:42,154 INFO: Epoch: 83 | PSNR: 29.8845 | Loss: 5.7216 | lr: 5.00e-05 | Best_PSNR: 29.8932 | max_value: 255.0 in Epoch [18]
2022-07-23 02:26:42,345 INFO: Epoch: 84 | PSNR: 29.8813 | Loss: 5.6987 | lr: 5.00e-05 | Best_PSNR: 29.8932 | max_value: 255.0 in Epoch [18]
2022-07-23 02:27:42,617 INFO: Epoch: 85 | PSNR: 29.8883 | Loss: 5.7566 | lr: 5.00e-05 | Best_PSNR: 29.8932 | max_value: 255.0 in Epoch [18]
2022-07-23 02:28:37,793 INFO: Epoch: 86 | PSNR: 29.8802 | Loss: 5.7214 | lr: 5.00e-05 | Best_PSNR: 29.8932 | max_value: 255.0 in Epoch [18]
2022-07-23 02:29:35,098 INFO: Epoch: 87 | PSNR: 29.8890 | Loss: 5.7667 | lr: 5.00e-05 | Best_PSNR: 29.8932 | max_value: 255.0 in Epoch [18]
2022-07-23 02:30:35,511 INFO: Epoch: 88 | PSNR: 29.8744 | Loss: 5.7112 | lr: 5.00e-05 | Best_PSNR: 29.8932 | max_value: 255.0 in Epoch [18]
2022-07-23 02:31:33,657 INFO: Epoch: 89 | PSNR: 29.8821 | Loss: 5.7442 | lr: 5.00e-05 | Best_PSNR: 29.8932 | max_value: 255.0 in Epoch [18]
2022-07-23 02:32:29,629 INFO: Epoch: 90 | PSNR: 29.8892 | Loss: 5.6680 | lr: 5.00e-05 | Best_PSNR: 29.8932 | max_value: 255.0 in Epoch [18]
2022-07-23 02:33:30,188 INFO: Epoch: 91 | PSNR: 29.8856 | Loss: 5.7869 | lr: 5.00e-05 | Best_PSNR: 29.8932 | max_value: 255.0 in Epoch [18]
2022-07-23 02:34:33,008 INFO: Epoch: 92 | PSNR: 29.8830 | Loss: 5.7291 | lr: 5.00e-05 | Best_PSNR: 29.8932 | max_value: 255.0 in Epoch [18]
2022-07-23 02:35:28,863 INFO: Epoch: 93 | PSNR: 29.8832 | Loss: 5.7199 | lr: 5.00e-05 | Best_PSNR: 29.8932 | max_value: 255.0 in Epoch [18]
2022-07-23 02:36:26,161 INFO: Epoch: 94 | PSNR: 29.8865 | Loss: 5.7490 | lr: 5.00e-05 | Best_PSNR: 29.8932 | max_value: 255.0 in Epoch [18]
2022-07-23 02:37:24,456 INFO: Epoch: 95 | PSNR: 29.8856 | Loss: 5.7005 | lr: 5.00e-05 | Best_PSNR: 29.8932 | max_value: 255.0 in Epoch [18]
2022-07-23 02:38:25,975 INFO: Epoch: 96 | PSNR: 29.8881 | Loss: 5.7637 | lr: 5.00e-05 | Best_PSNR: 29.8932 | max_value: 255.0 in Epoch [18]
2022-07-23 02:39:24,205 INFO: Epoch: 97 | PSNR: 29.8857 | Loss: 5.7105 | lr: 5.00e-05 | Best_PSNR: 29.8932 | max_value: 255.0 in Epoch [18]
2022-07-23 02:40:19,326 INFO: Epoch: 98 | PSNR: 29.8942 | Loss: 5.7152 | lr: 5.00e-05 | Best_PSNR: 29.8942 | max_value: 255.0 in Epoch [98]
2022-07-23 02:41:20,285 INFO: Epoch: 99 | PSNR: 29.8848 | Loss: 5.6962 | lr: 5.00e-05 | Best_PSNR: 29.8942 | max_value: 255.0 in Epoch [98]
2022-07-23 02:42:17,640 INFO: Epoch: 100 | PSNR: 29.8959 | Loss: 5.7140 | lr: 5.00e-05 | Best_PSNR: 29.8959 | max_value: 255.0 in Epoch [100]
2022-07-23 02:43:13,099 INFO: Epoch: 101 | PSNR: 29.8944 | Loss: 5.6925 | lr: 2.50e-05 | Best_PSNR: 29.8959 | max_value: 255.0 in Epoch [100]
2022-07-23 02:44:07,484 INFO: Epoch: 102 | PSNR: 29.8971 | Loss: 5.7010 | lr: 2.50e-05 | Best_PSNR: 29.8971 | max_value: 255.0 in Epoch [102]
2022-07-23 02:45:00,990 INFO: Epoch: 103 | PSNR: 29.8940 | Loss: 5.7130 | lr: 2.50e-05 | Best_PSNR: 29.8971 | max_value: 255.0 in Epoch [102]
2022-07-23 02:45:52,286 INFO: Epoch: 104 | PSNR: 29.8905 | Loss: 5.7137 | lr: 2.50e-05 | Best_PSNR: 29.8971 | max_value: 255.0 in Epoch [102]
2022-07-23 02:46:41,577 INFO: Epoch: 105 | PSNR: 29.8917 | Loss: 5.7353 | lr: 2.50e-05 | Best_PSNR: 29.8971 | max_value: 255.0 in Epoch [102]
2022-07-23 02:47:31,725 INFO: Epoch: 106 | PSNR: 29.8961 | Loss: 5.7118 | lr: 2.50e-05 | Best_PSNR: 29.8971 | max_value: 255.0 in Epoch [102]
2022-07-23 02:48:21,932 INFO: Epoch: 107 | PSNR: 29.8939 | Loss: 5.7029 | lr: 2.50e-05 | Best_PSNR: 29.8971 | max_value: 255.0 in Epoch [102]
2022-07-23 02:49:12,080 INFO: Epoch: 108 | PSNR: 29.8918 | Loss: 5.7031 | lr: 2.50e-05 | Best_PSNR: 29.8971 | max_value: 255.0 in Epoch [102]
2022-07-23 02:50:01,103 INFO: Epoch: 109 | PSNR: 29.8941 | Loss: 5.7165 | lr: 2.50e-05 | Best_PSNR: 29.8971 | max_value: 255.0 in Epoch [102]
2022-07-23 02:50:52,166 INFO: Epoch: 110 | PSNR: 29.8906 | Loss: 5.7361 | lr: 2.50e-05 | Best_PSNR: 29.8971 | max_value: 255.0 in Epoch [102]
2022-07-23 02:51:44,893 INFO: Epoch: 111 | PSNR: 29.8893 | Loss: 5.7381 | lr: 2.50e-05 | Best_PSNR: 29.8971 | max_value: 255.0 in Epoch [102]
2022-07-23 02:52:43,603 INFO: Epoch: 112 | PSNR: 29.8926 | Loss: 5.7514 | lr: 2.50e-05 | Best_PSNR: 29.8971 | max_value: 255.0 in Epoch [102]
2022-07-23 02:53:36,559 INFO: Epoch: 113 | PSNR: 29.8857 | Loss: 5.7105 | lr: 2.50e-05 | Best_PSNR: 29.8971 | max_value: 255.0 in Epoch [102]
2022-07-23 02:54:31,541 INFO: Epoch: 114 | PSNR: 29.8861 | Loss: 5.7019 | lr: 2.50e-05 | Best_PSNR: 29.8971 | max_value: 255.0 in Epoch [102]
2022-07-23 02:55:32,255 INFO: Epoch: 115 | PSNR: 29.8842 | Loss: 5.7258 | lr: 2.50e-05 | Best_PSNR: 29.8971 | max_value: 255.0 in Epoch [102]
2022-07-23 02:56:32,860 INFO: Epoch: 116 | PSNR: 29.8861 | Loss: 5.7343 | lr: 2.50e-05 | Best_PSNR: 29.8971 | max_value: 255.0 in Epoch [102]
2022-07-23 02:57:29,202 INFO: Epoch: 117 | PSNR: 29.8863 | Loss: 5.7337 | lr: 2.50e-05 | Best_PSNR: 29.8971 | max_value: 255.0 in Epoch [102]
2022-07-23 02:58:25,169 INFO: Epoch: 118 | PSNR: 29.8836 | Loss: 5.7338 | lr: 2.50e-05 | Best_PSNR: 29.8971 | max_value: 255.0 in Epoch [102]
2022-07-23 02:59:20,967 INFO: Epoch: 119 | PSNR: 29.8856 | Loss: 5.7138 | lr: 2.50e-05 | Best_PSNR: 29.8971 | max_value: 255.0 in Epoch [102]
2022-07-23 03:00:23,657 INFO: Epoch: 120 | PSNR: 29.8850 | Loss: 5.7247 | lr: 2.50e-05 | Best_PSNR: 29.8971 | max_value: 255.0 in Epoch [102]
2022-07-23 03:01:22,104 INFO: Epoch: 121 | PSNR: 29.8856 | Loss: 5.7133 | lr: 2.50e-05 | Best_PSNR: 29.8971 | max_value: 255.0 in Epoch [102]
2022-07-23 03:02:23,408 INFO: Epoch: 122 | PSNR: 29.8841 | Loss: 5.7164 | lr: 2.50e-05 | Best_PSNR: 29.8971 | max_value: 255.0 in Epoch [102]
2022-07-23 03:03:25,284 INFO: Epoch: 123 | PSNR: 29.8900 | Loss: 5.7493 | lr: 2.50e-05 | Best_PSNR: 29.8971 | max_value: 255.0 in Epoch [102]
2022-07-23 03:04:24,915 INFO: Epoch: 124 | PSNR: 29.8936 | Loss: 5.6971 | lr: 2.50e-05 | Best_PSNR: 29.8971 | max_value: 255.0 in Epoch [102]
2022-07-23 03:05:21,438 INFO: Epoch: 125 | PSNR: 29.8931 | Loss: 5.6792 | lr: 2.50e-05 | Best_PSNR: 29.8971 | max_value: 255.0 in Epoch [102]
2022-07-23 03:06:20,120 INFO: Epoch: 126 | PSNR: 29.8949 | Loss: 5.7083 | lr: 2.50e-05 | Best_PSNR: 29.8971 | max_value: 255.0 in Epoch [102]
2022-07-23 03:07:23,222 INFO: Epoch: 127 | PSNR: 29.8882 | Loss: 5.7084 | lr: 2.50e-05 | Best_PSNR: 29.8971 | max_value: 255.0 in Epoch [102]
2022-07-23 03:08:19,997 INFO: Epoch: 128 | PSNR: 29.8833 | Loss: 5.7740 | lr: 2.50e-05 | Best_PSNR: 29.8971 | max_value: 255.0 in Epoch [102]
2022-07-23 03:09:21,800 INFO: Epoch: 129 | PSNR: 29.8863 | Loss: 5.7248 | lr: 2.50e-05 | Best_PSNR: 29.8971 | max_value: 255.0 in Epoch [102]
2022-07-23 03:10:18,636 INFO: Epoch: 130 | PSNR: 29.8857 | Loss: 5.7056 | lr: 2.50e-05 | Best_PSNR: 29.8971 | max_value: 255.0 in Epoch [102]
2022-07-23 03:11:17,833 INFO: Epoch: 131 | PSNR: 29.8812 | Loss: 5.7018 | lr: 2.50e-05 | Best_PSNR: 29.8971 | max_value: 255.0 in Epoch [102]
2022-07-23 03:12:14,384 INFO: Epoch: 132 | PSNR: 29.8814 | Loss: 5.6975 | lr: 2.50e-05 | Best_PSNR: 29.8971 | max_value: 255.0 in Epoch [102]
2022-07-23 03:13:11,141 INFO: Epoch: 133 | PSNR: 29.8820 | Loss: 5.7144 | lr: 2.50e-05 | Best_PSNR: 29.8971 | max_value: 255.0 in Epoch [102]
2022-07-23 03:14:12,841 INFO: Epoch: 134 | PSNR: 29.8771 | Loss: 5.7128 | lr: 2.50e-05 | Best_PSNR: 29.8971 | max_value: 255.0 in Epoch [102]
2022-07-23 03:15:10,519 INFO: Epoch: 135 | PSNR: 29.8824 | Loss: 5.7633 | lr: 2.50e-05 | Best_PSNR: 29.8971 | max_value: 255.0 in Epoch [102]
2022-07-23 03:16:14,260 INFO: Epoch: 136 | PSNR: 29.8804 | Loss: 5.7133 | lr: 2.50e-05 | Best_PSNR: 29.8971 | max_value: 255.0 in Epoch [102]
2022-07-23 03:17:17,132 INFO: Epoch: 137 | PSNR: 29.8803 | Loss: 5.6999 | lr: 2.50e-05 | Best_PSNR: 29.8971 | max_value: 255.0 in Epoch [102]
2022-07-23 03:18:20,942 INFO: Epoch: 138 | PSNR: 29.8810 | Loss: 5.7256 | lr: 2.50e-05 | Best_PSNR: 29.8971 | max_value: 255.0 in Epoch [102]
2022-07-23 03:19:21,897 INFO: Epoch: 139 | PSNR: 29.8836 | Loss: 5.6991 | lr: 2.50e-05 | Best_PSNR: 29.8971 | max_value: 255.0 in Epoch [102]
2022-07-23 03:20:21,789 INFO: Epoch: 140 | PSNR: 29.8830 | Loss: 5.7409 | lr: 2.50e-05 | Best_PSNR: 29.8971 | max_value: 255.0 in Epoch [102]
2022-07-23 03:21:15,316 INFO: Epoch: 141 | PSNR: 29.8840 | Loss: 5.6941 | lr: 2.50e-05 | Best_PSNR: 29.8971 | max_value: 255.0 in Epoch [102]
2022-07-23 03:22:09,586 INFO: Epoch: 142 | PSNR: 29.8837 | Loss: 5.7453 | lr: 2.50e-05 | Best_PSNR: 29.8971 | max_value: 255.0 in Epoch [102]
2022-07-23 03:23:07,151 INFO: Epoch: 143 | PSNR: 29.8855 | Loss: 5.7238 | lr: 2.50e-05 | Best_PSNR: 29.8971 | max_value: 255.0 in Epoch [102]
2022-07-23 03:24:03,388 INFO: Epoch: 144 | PSNR: 29.8783 | Loss: 5.7147 | lr: 2.50e-05 | Best_PSNR: 29.8971 | max_value: 255.0 in Epoch [102]
2022-07-23 03:24:57,717 INFO: Epoch: 145 | PSNR: 29.8800 | Loss: 5.7658 | lr: 2.50e-05 | Best_PSNR: 29.8971 | max_value: 255.0 in Epoch [102]
2022-07-23 03:25:51,496 INFO: Epoch: 146 | PSNR: 29.8819 | Loss: 5.7512 | lr: 2.50e-05 | Best_PSNR: 29.8971 | max_value: 255.0 in Epoch [102]
2022-07-23 03:26:44,487 INFO: Epoch: 147 | PSNR: 29.8815 | Loss: 5.7224 | lr: 2.50e-05 | Best_PSNR: 29.8971 | max_value: 255.0 in Epoch [102]
2022-07-23 03:27:35,169 INFO: Epoch: 148 | PSNR: 29.8791 | Loss: 5.7774 | lr: 2.50e-05 | Best_PSNR: 29.8971 | max_value: 255.0 in Epoch [102]
2022-07-23 03:28:27,107 INFO: Epoch: 149 | PSNR: 29.8832 | Loss: 5.6998 | lr: 2.50e-05 | Best_PSNR: 29.8971 | max_value: 255.0 in Epoch [102]
2022-07-23 03:29:19,932 INFO: Epoch: 150 | PSNR: 29.8791 | Loss: 5.7642 | lr: 2.50e-05 | Best_PSNR: 29.8971 | max_value: 255.0 in Epoch [102]
2022-07-23 03:30:13,959 INFO: Epoch: 151 | PSNR: 29.8806 | Loss: 5.7005 | lr: 1.25e-05 | Best_PSNR: 29.8971 | max_value: 255.0 in Epoch [102]
2022-07-23 03:31:07,222 INFO: Epoch: 152 | PSNR: 29.8844 | Loss: 5.6953 | lr: 1.25e-05 | Best_PSNR: 29.8971 | max_value: 255.0 in Epoch [102]
2022-07-23 03:32:01,915 INFO: Epoch: 153 | PSNR: 29.8872 | Loss: 5.6899 | lr: 1.25e-05 | Best_PSNR: 29.8971 | max_value: 255.0 in Epoch [102]
2022-07-23 03:32:52,644 INFO: Epoch: 154 | PSNR: 29.8865 | Loss: 5.7243 | lr: 1.25e-05 | Best_PSNR: 29.8971 | max_value: 255.0 in Epoch [102]
2022-07-23 03:33:38,865 INFO: Epoch: 155 | PSNR: 29.8867 | Loss: 5.7457 | lr: 1.25e-05 | Best_PSNR: 29.8971 | max_value: 255.0 in Epoch [102]
2022-07-23 03:34:23,970 INFO: Epoch: 156 | PSNR: 29.8809 | Loss: 5.7492 | lr: 1.25e-05 | Best_PSNR: 29.8971 | max_value: 255.0 in Epoch [102]
2022-07-23 03:35:08,704 INFO: Epoch: 157 | PSNR: 29.8816 | Loss: 5.7333 | lr: 1.25e-05 | Best_PSNR: 29.8971 | max_value: 255.0 in Epoch [102]
2022-07-23 03:35:54,589 INFO: Epoch: 158 | PSNR: 29.8868 | Loss: 5.7357 | lr: 1.25e-05 | Best_PSNR: 29.8971 | max_value: 255.0 in Epoch [102]
2022-07-23 03:36:41,404 INFO: Epoch: 159 | PSNR: 29.8883 | Loss: 5.6916 | lr: 1.25e-05 | Best_PSNR: 29.8971 | max_value: 255.0 in Epoch [102]
2022-07-23 03:37:30,239 INFO: Epoch: 160 | PSNR: 29.8830 | Loss: 5.7070 | lr: 1.25e-05 | Best_PSNR: 29.8971 | max_value: 255.0 in Epoch [102]
2022-07-23 03:38:20,975 INFO: Epoch: 161 | PSNR: 29.8829 | Loss: 5.7444 | lr: 1.25e-05 | Best_PSNR: 29.8971 | max_value: 255.0 in Epoch [102]
2022-07-23 03:39:14,296 INFO: Epoch: 162 | PSNR: 29.8868 | Loss: 5.7759 | lr: 1.25e-05 | Best_PSNR: 29.8971 | max_value: 255.0 in Epoch [102]
2022-07-23 03:40:06,740 INFO: Epoch: 163 | PSNR: 29.8799 | Loss: 5.7355 | lr: 1.25e-05 | Best_PSNR: 29.8971 | max_value: 255.0 in Epoch [102]
2022-07-23 03:40:57,121 INFO: Epoch: 164 | PSNR: 29.8816 | Loss: 5.6883 | lr: 1.25e-05 | Best_PSNR: 29.8971 | max_value: 255.0 in Epoch [102]
2022-07-23 03:41:47,310 INFO: Epoch: 165 | PSNR: 29.8857 | Loss: 5.7160 | lr: 1.25e-05 | Best_PSNR: 29.8971 | max_value: 255.0 in Epoch [102]
2022-07-23 03:42:33,666 INFO: Epoch: 166 | PSNR: 29.8814 | Loss: 5.7563 | lr: 1.25e-05 | Best_PSNR: 29.8971 | max_value: 255.0 in Epoch [102]
2022-07-23 03:43:22,080 INFO: Epoch: 167 | PSNR: 29.8796 | Loss: 5.7428 | lr: 1.25e-05 | Best_PSNR: 29.8971 | max_value: 255.0 in Epoch [102]
2022-07-23 03:44:10,617 INFO: Epoch: 168 | PSNR: 29.8781 | Loss: 5.6611 | lr: 1.25e-05 | Best_PSNR: 29.8971 | max_value: 255.0 in Epoch [102]
2022-07-23 03:44:59,702 INFO: Epoch: 169 | PSNR: 29.8843 | Loss: 5.7432 | lr: 1.25e-05 | Best_PSNR: 29.8971 | max_value: 255.0 in Epoch [102]
2022-07-23 03:45:49,225 INFO: Epoch: 170 | PSNR: 29.8785 | Loss: 5.7388 | lr: 1.25e-05 | Best_PSNR: 29.8971 | max_value: 255.0 in Epoch [102]
2022-07-23 03:46:49,013 INFO: Epoch: 171 | PSNR: 29.8786 | Loss: 5.6753 | lr: 1.25e-05 | Best_PSNR: 29.8971 | max_value: 255.0 in Epoch [102]
2022-07-23 03:47:45,535 INFO: Epoch: 172 | PSNR: 29.8843 | Loss: 5.7883 | lr: 1.25e-05 | Best_PSNR: 29.8971 | max_value: 255.0 in Epoch [102]
2022-07-23 03:48:38,751 INFO: Epoch: 173 | PSNR: 29.8826 | Loss: 5.7243 | lr: 1.25e-05 | Best_PSNR: 29.8971 | max_value: 255.0 in Epoch [102]
2022-07-23 03:49:34,885 INFO: Epoch: 174 | PSNR: 29.8875 | Loss: 5.7294 | lr: 1.25e-05 | Best_PSNR: 29.8971 | max_value: 255.0 in Epoch [102]
2022-07-23 03:50:26,338 INFO: Epoch: 175 | PSNR: 29.8847 | Loss: 5.7105 | lr: 1.25e-05 | Best_PSNR: 29.8971 | max_value: 255.0 in Epoch [102]
2022-07-23 03:51:14,242 INFO: Epoch: 176 | PSNR: 29.8813 | Loss: 5.7131 | lr: 1.25e-05 | Best_PSNR: 29.8971 | max_value: 255.0 in Epoch [102]
2022-07-23 03:52:05,610 INFO: Epoch: 177 | PSNR: 29.8816 | Loss: 5.6953 | lr: 1.25e-05 | Best_PSNR: 29.8971 | max_value: 255.0 in Epoch [102]
2022-07-23 03:52:57,074 INFO: Epoch: 178 | PSNR: 29.8810 | Loss: 5.7225 | lr: 1.25e-05 | Best_PSNR: 29.8971 | max_value: 255.0 in Epoch [102]
2022-07-23 03:53:50,188 INFO: Epoch: 179 | PSNR: 29.8850 | Loss: 5.7321 | lr: 1.25e-05 | Best_PSNR: 29.8971 | max_value: 255.0 in Epoch [102]
2022-07-23 03:54:41,728 INFO: Epoch: 180 | PSNR: 29.8816 | Loss: 5.7606 | lr: 1.25e-05 | Best_PSNR: 29.8971 | max_value: 255.0 in Epoch [102]
2022-07-23 03:55:31,592 INFO: Epoch: 181 | PSNR: 29.8792 | Loss: 5.6425 | lr: 1.25e-05 | Best_PSNR: 29.8971 | max_value: 255.0 in Epoch [102]
2022-07-23 03:56:25,896 INFO: Epoch: 182 | PSNR: 29.8880 | Loss: 5.7418 | lr: 1.25e-05 | Best_PSNR: 29.8971 | max_value: 255.0 in Epoch [102]
2022-07-23 03:57:20,310 INFO: Epoch: 183 | PSNR: 29.8896 | Loss: 5.6917 | lr: 1.25e-05 | Best_PSNR: 29.8971 | max_value: 255.0 in Epoch [102]
2022-07-23 03:58:15,048 INFO: Epoch: 184 | PSNR: 29.8847 | Loss: 5.7552 | lr: 1.25e-05 | Best_PSNR: 29.8971 | max_value: 255.0 in Epoch [102]
2022-07-23 03:59:06,976 INFO: Epoch: 185 | PSNR: 29.8825 | Loss: 5.6774 | lr: 1.25e-05 | Best_PSNR: 29.8971 | max_value: 255.0 in Epoch [102]
2022-07-23 04:00:02,185 INFO: Epoch: 186 | PSNR: 29.8818 | Loss: 5.7053 | lr: 1.25e-05 | Best_PSNR: 29.8971 | max_value: 255.0 in Epoch [102]
2022-07-23 04:00:54,654 INFO: Epoch: 187 | PSNR: 29.8894 | Loss: 5.7253 | lr: 1.25e-05 | Best_PSNR: 29.8971 | max_value: 255.0 in Epoch [102]
2022-07-23 04:01:48,970 INFO: Epoch: 188 | PSNR: 29.8829 | Loss: 5.7062 | lr: 1.25e-05 | Best_PSNR: 29.8971 | max_value: 255.0 in Epoch [102]
2022-07-23 04:02:42,240 INFO: Epoch: 189 | PSNR: 29.8801 | Loss: 5.7372 | lr: 1.25e-05 | Best_PSNR: 29.8971 | max_value: 255.0 in Epoch [102]
2022-07-23 04:03:36,824 INFO: Epoch: 190 | PSNR: 29.8849 | Loss: 5.6946 | lr: 1.25e-05 | Best_PSNR: 29.8971 | max_value: 255.0 in Epoch [102]
2022-07-23 04:04:26,417 INFO: Epoch: 191 | PSNR: 29.8825 | Loss: 5.7089 | lr: 1.25e-05 | Best_PSNR: 29.8971 | max_value: 255.0 in Epoch [102]
2022-07-23 04:05:11,057 INFO: Epoch: 192 | PSNR: 29.8843 | Loss: 5.7240 | lr: 1.25e-05 | Best_PSNR: 29.8971 | max_value: 255.0 in Epoch [102]
2022-07-23 04:05:55,641 INFO: Epoch: 193 | PSNR: 29.8867 | Loss: 5.7234 | lr: 1.25e-05 | Best_PSNR: 29.8971 | max_value: 255.0 in Epoch [102]
2022-07-23 04:06:39,825 INFO: Epoch: 194 | PSNR: 29.8772 | Loss: 5.7277 | lr: 1.25e-05 | Best_PSNR: 29.8971 | max_value: 255.0 in Epoch [102]
2022-07-23 04:07:24,237 INFO: Epoch: 195 | PSNR: 29.8849 | Loss: 5.7375 | lr: 1.25e-05 | Best_PSNR: 29.8971 | max_value: 255.0 in Epoch [102]
2022-07-23 04:08:08,395 INFO: Epoch: 196 | PSNR: 29.8875 | Loss: 5.7299 | lr: 1.25e-05 | Best_PSNR: 29.8971 | max_value: 255.0 in Epoch [102]
2022-07-23 04:08:52,917 INFO: Epoch: 197 | PSNR: 29.8830 | Loss: 5.7343 | lr: 1.25e-05 | Best_PSNR: 29.8971 | max_value: 255.0 in Epoch [102]
2022-07-23 04:09:38,148 INFO: Epoch: 198 | PSNR: 29.8826 | Loss: 5.6648 | lr: 1.25e-05 | Best_PSNR: 29.8971 | max_value: 255.0 in Epoch [102]
2022-07-23 04:10:22,751 INFO: Epoch: 199 | PSNR: 29.8857 | Loss: 5.7107 | lr: 1.25e-05 | Best_PSNR: 29.8971 | max_value: 255.0 in Epoch [102]
2022-07-23 04:11:07,494 INFO: Epoch: 200 | PSNR: 29.8808 | Loss: 5.6974 | lr: 1.25e-05 | Best_PSNR: 29.8971 | max_value: 255.0 in Epoch [102]
2022-07-23 04:11:52,319 INFO: Epoch: 201 | PSNR: 29.8867 | Loss: 5.7156 | lr: 6.25e-06 | Best_PSNR: 29.8971 | max_value: 255.0 in Epoch [102]
2022-07-23 04:12:36,428 INFO: Epoch: 202 | PSNR: 29.8892 | Loss: 5.7493 | lr: 6.25e-06 | Best_PSNR: 29.8971 | max_value: 255.0 in Epoch [102]
2022-07-23 04:13:21,095 INFO: Epoch: 203 | PSNR: 29.8829 | Loss: 5.7227 | lr: 6.25e-06 | Best_PSNR: 29.8971 | max_value: 255.0 in Epoch [102]
2022-07-23 04:14:05,099 INFO: Epoch: 204 | PSNR: 29.8832 | Loss: 5.7135 | lr: 6.25e-06 | Best_PSNR: 29.8971 | max_value: 255.0 in Epoch [102]
2022-07-23 04:14:49,627 INFO: Epoch: 205 | PSNR: 29.8891 | Loss: 5.7317 | lr: 6.25e-06 | Best_PSNR: 29.8971 | max_value: 255.0 in Epoch [102]
2022-07-23 04:15:33,973 INFO: Epoch: 206 | PSNR: 29.8852 | Loss: 5.7375 | lr: 6.25e-06 | Best_PSNR: 29.8971 | max_value: 255.0 in Epoch [102]
2022-07-23 04:16:18,098 INFO: Epoch: 207 | PSNR: 29.8834 | Loss: 5.7128 | lr: 6.25e-06 | Best_PSNR: 29.8971 | max_value: 255.0 in Epoch [102]
2022-07-23 04:17:02,105 INFO: Epoch: 208 | PSNR: 29.8908 | Loss: 5.6608 | lr: 6.25e-06 | Best_PSNR: 29.8971 | max_value: 255.0 in Epoch [102]
2022-07-23 04:17:46,000 INFO: Epoch: 209 | PSNR: 29.8877 | Loss: 5.7027 | lr: 6.25e-06 | Best_PSNR: 29.8971 | max_value: 255.0 in Epoch [102]
2022-07-23 04:18:30,507 INFO: Epoch: 210 | PSNR: 29.8871 | Loss: 5.6879 | lr: 6.25e-06 | Best_PSNR: 29.8971 | max_value: 255.0 in Epoch [102]
2022-07-23 04:19:14,678 INFO: Epoch: 211 | PSNR: 29.8909 | Loss: 5.7348 | lr: 6.25e-06 | Best_PSNR: 29.8971 | max_value: 255.0 in Epoch [102]
2022-07-23 04:19:58,904 INFO: Epoch: 212 | PSNR: 29.8878 | Loss: 5.7427 | lr: 6.25e-06 | Best_PSNR: 29.8971 | max_value: 255.0 in Epoch [102]
2022-07-23 04:20:42,987 INFO: Epoch: 213 | PSNR: 29.8807 | Loss: 5.7173 | lr: 6.25e-06 | Best_PSNR: 29.8971 | max_value: 255.0 in Epoch [102]
2022-07-23 04:21:27,226 INFO: Epoch: 214 | PSNR: 29.8849 | Loss: 5.7128 | lr: 6.25e-06 | Best_PSNR: 29.8971 | max_value: 255.0 in Epoch [102]
2022-07-23 04:22:11,589 INFO: Epoch: 215 | PSNR: 29.8905 | Loss: 5.6700 | lr: 6.25e-06 | Best_PSNR: 29.8971 | max_value: 255.0 in Epoch [102]
2022-07-23 04:22:56,300 INFO: Epoch: 216 | PSNR: 29.8911 | Loss: 5.7453 | lr: 6.25e-06 | Best_PSNR: 29.8971 | max_value: 255.0 in Epoch [102]
2022-07-23 04:23:40,518 INFO: Epoch: 217 | PSNR: 29.8868 | Loss: 5.7193 | lr: 6.25e-06 | Best_PSNR: 29.8971 | max_value: 255.0 in Epoch [102]
2022-07-23 04:24:24,709 INFO: Epoch: 218 | PSNR: 29.8847 | Loss: 5.7329 | lr: 6.25e-06 | Best_PSNR: 29.8971 | max_value: 255.0 in Epoch [102]
2022-07-23 04:25:08,864 INFO: Epoch: 219 | PSNR: 29.8890 | Loss: 5.7643 | lr: 6.25e-06 | Best_PSNR: 29.8971 | max_value: 255.0 in Epoch [102]
2022-07-23 04:25:53,545 INFO: Epoch: 220 | PSNR: 29.8850 | Loss: 5.7415 | lr: 6.25e-06 | Best_PSNR: 29.8971 | max_value: 255.0 in Epoch [102]
