2022-07-08 02:04:57,162 INFO: Create train dataset successfully!
2022-07-08 02:04:57,162 INFO: Training: [1000] iterations for each epoch
2022-07-08 02:04:57,162 INFO: Create val dataset successfully!
2022-07-08 02:04:57,162 INFO: Validating: [100] iterations for each epoch
2022-07-08 02:04:57,162 INFO: Preparing for experiment: [trial2_qat]
2022-07-08 02:04:57,162 INFO: Loading pretrained model ...
2022-07-08 02:05:02,985 INFO: Start copying weights and annotate Lambda layer...
2022-07-08 02:05:03,031 INFO: Start annotating other parts of model...
2022-07-08 02:05:03,054 INFO: Creating quantize-aware model...
2022-07-08 02:05:04,116 INFO: Create model successfully! Params: [30.43]K
2022-07-08 02:05:04,117 INFO: Start training...
2022-07-08 02:06:18,476 INFO: Epoch: 1 | PSNR: 14.7704 | Loss: 75.6390 | lr: 1.00e-03 | Best_PSNR: 14.7704 in Epoch [1]
2022-07-08 02:07:21,181 INFO: Epoch: 2 | PSNR: 28.3971 | Loss: 15.3668 | lr: 1.00e-03 | Best_PSNR: 28.3971 in Epoch [2]
2022-07-08 02:08:20,368 INFO: Epoch: 3 | PSNR: 29.7743 | Loss: 6.1445 | lr: 1.00e-03 | Best_PSNR: 29.7743 in Epoch [3]
2022-07-08 02:09:19,884 INFO: Epoch: 4 | PSNR: 29.9268 | Loss: 5.7215 | lr: 1.00e-03 | Best_PSNR: 29.9268 in Epoch [4]
2022-07-08 02:10:19,215 INFO: Epoch: 5 | PSNR: 29.9299 | Loss: 5.6864 | lr: 1.00e-03 | Best_PSNR: 29.9299 in Epoch [5]
2022-07-08 02:11:18,362 INFO: Epoch: 6 | PSNR: 29.9471 | Loss: 5.6517 | lr: 1.00e-03 | Best_PSNR: 29.9471 in Epoch [6]
2022-07-08 02:12:15,984 INFO: Epoch: 7 | PSNR: 29.9178 | Loss: 5.6505 | lr: 1.00e-03 | Best_PSNR: 29.9471 in Epoch [6]
2022-07-08 02:13:15,356 INFO: Epoch: 8 | PSNR: 29.9795 | Loss: 5.6440 | lr: 1.00e-03 | Best_PSNR: 29.9795 in Epoch [8]
2022-07-08 02:14:13,248 INFO: Epoch: 9 | PSNR: 29.9710 | Loss: 5.6414 | lr: 1.00e-03 | Best_PSNR: 29.9795 in Epoch [8]
2022-07-08 02:15:11,236 INFO: Epoch: 10 | PSNR: 29.9662 | Loss: 5.6273 | lr: 1.00e-03 | Best_PSNR: 29.9795 in Epoch [8]
2022-07-08 02:16:09,411 INFO: Epoch: 11 | PSNR: 29.9765 | Loss: 5.6306 | lr: 1.00e-03 | Best_PSNR: 29.9795 in Epoch [8]
2022-07-08 02:17:07,525 INFO: Epoch: 12 | PSNR: 29.9529 | Loss: 5.6297 | lr: 1.00e-03 | Best_PSNR: 29.9795 in Epoch [8]
2022-07-08 02:18:05,602 INFO: Epoch: 13 | PSNR: 29.9681 | Loss: 5.6579 | lr: 1.00e-03 | Best_PSNR: 29.9795 in Epoch [8]
2022-07-08 02:19:03,468 INFO: Epoch: 14 | PSNR: 29.9524 | Loss: 5.6242 | lr: 1.00e-03 | Best_PSNR: 29.9795 in Epoch [8]
2022-07-08 02:20:01,446 INFO: Epoch: 15 | PSNR: 29.9542 | Loss: 5.6684 | lr: 1.00e-03 | Best_PSNR: 29.9795 in Epoch [8]
2022-07-08 02:20:59,444 INFO: Epoch: 16 | PSNR: 29.9580 | Loss: 5.6439 | lr: 1.00e-03 | Best_PSNR: 29.9795 in Epoch [8]
2022-07-08 02:21:57,405 INFO: Epoch: 17 | PSNR: 29.9624 | Loss: 5.6517 | lr: 1.00e-03 | Best_PSNR: 29.9795 in Epoch [8]
2022-07-08 02:22:55,327 INFO: Epoch: 18 | PSNR: 29.9763 | Loss: 5.6183 | lr: 1.00e-03 | Best_PSNR: 29.9795 in Epoch [8]
2022-07-08 02:23:53,224 INFO: Epoch: 19 | PSNR: 29.9601 | Loss: 5.6373 | lr: 1.00e-03 | Best_PSNR: 29.9795 in Epoch [8]
2022-07-08 02:24:51,120 INFO: Epoch: 20 | PSNR: 29.8988 | Loss: 5.6262 | lr: 1.00e-03 | Best_PSNR: 29.9795 in Epoch [8]
2022-07-08 02:25:49,249 INFO: Epoch: 21 | PSNR: 29.9603 | Loss: 5.6399 | lr: 1.00e-03 | Best_PSNR: 29.9795 in Epoch [8]
2022-07-08 02:26:47,204 INFO: Epoch: 22 | PSNR: 29.9503 | Loss: 5.6252 | lr: 1.00e-03 | Best_PSNR: 29.9795 in Epoch [8]
2022-07-08 02:27:45,311 INFO: Epoch: 23 | PSNR: 29.9719 | Loss: 5.5976 | lr: 1.00e-03 | Best_PSNR: 29.9795 in Epoch [8]
2022-07-08 02:28:43,130 INFO: Epoch: 24 | PSNR: 29.9364 | Loss: 5.6316 | lr: 1.00e-03 | Best_PSNR: 29.9795 in Epoch [8]
2022-07-08 02:29:41,176 INFO: Epoch: 25 | PSNR: 29.9683 | Loss: 5.6102 | lr: 1.00e-03 | Best_PSNR: 29.9795 in Epoch [8]
2022-07-08 02:30:39,132 INFO: Epoch: 26 | PSNR: 29.9554 | Loss: 5.6225 | lr: 1.00e-03 | Best_PSNR: 29.9795 in Epoch [8]
2022-07-08 02:31:37,277 INFO: Epoch: 27 | PSNR: 29.9549 | Loss: 5.6385 | lr: 1.00e-03 | Best_PSNR: 29.9795 in Epoch [8]
2022-07-08 02:32:33,053 INFO: Epoch: 28 | PSNR: 29.9519 | Loss: 5.6206 | lr: 1.00e-03 | Best_PSNR: 29.9795 in Epoch [8]
2022-07-08 02:33:30,876 INFO: Epoch: 29 | PSNR: 29.9587 | Loss: 5.6646 | lr: 1.00e-03 | Best_PSNR: 29.9795 in Epoch [8]
2022-07-08 02:34:28,744 INFO: Epoch: 30 | PSNR: 29.9195 | Loss: 5.6529 | lr: 1.00e-03 | Best_PSNR: 29.9795 in Epoch [8]
2022-07-08 02:35:26,731 INFO: Epoch: 31 | PSNR: 29.9633 | Loss: 5.6274 | lr: 1.00e-03 | Best_PSNR: 29.9795 in Epoch [8]
2022-07-08 02:36:24,862 INFO: Epoch: 32 | PSNR: 29.9764 | Loss: 5.6618 | lr: 1.00e-03 | Best_PSNR: 29.9795 in Epoch [8]
2022-07-08 02:37:22,783 INFO: Epoch: 33 | PSNR: 29.9679 | Loss: 5.6561 | lr: 1.00e-03 | Best_PSNR: 29.9795 in Epoch [8]
2022-07-08 02:38:20,909 INFO: Epoch: 34 | PSNR: 29.9345 | Loss: 5.6266 | lr: 1.00e-03 | Best_PSNR: 29.9795 in Epoch [8]
2022-07-08 02:39:18,754 INFO: Epoch: 35 | PSNR: 29.9743 | Loss: 5.6303 | lr: 1.00e-03 | Best_PSNR: 29.9795 in Epoch [8]
2022-07-08 02:40:16,840 INFO: Epoch: 36 | PSNR: 29.9629 | Loss: 5.6389 | lr: 1.00e-03 | Best_PSNR: 29.9795 in Epoch [8]
2022-07-08 02:41:14,701 INFO: Epoch: 37 | PSNR: 29.9609 | Loss: 5.6581 | lr: 1.00e-03 | Best_PSNR: 29.9795 in Epoch [8]
2022-07-08 02:42:12,981 INFO: Epoch: 38 | PSNR: 29.9478 | Loss: 5.6483 | lr: 1.00e-03 | Best_PSNR: 29.9795 in Epoch [8]
2022-07-08 02:43:10,810 INFO: Epoch: 39 | PSNR: 29.9663 | Loss: 5.6346 | lr: 1.00e-03 | Best_PSNR: 29.9795 in Epoch [8]
2022-07-08 02:44:08,598 INFO: Epoch: 40 | PSNR: 29.9599 | Loss: 5.6448 | lr: 1.00e-03 | Best_PSNR: 29.9795 in Epoch [8]
2022-07-08 02:45:06,564 INFO: Epoch: 41 | PSNR: 29.9707 | Loss: 5.6329 | lr: 1.00e-03 | Best_PSNR: 29.9795 in Epoch [8]
2022-07-08 02:46:05,069 INFO: Epoch: 42 | PSNR: 29.9703 | Loss: 5.6289 | lr: 1.00e-03 | Best_PSNR: 29.9795 in Epoch [8]
2022-07-08 02:47:03,030 INFO: Epoch: 43 | PSNR: 29.9397 | Loss: 5.6105 | lr: 1.00e-03 | Best_PSNR: 29.9795 in Epoch [8]
2022-07-08 02:48:01,119 INFO: Epoch: 44 | PSNR: 29.9537 | Loss: 5.6486 | lr: 1.00e-03 | Best_PSNR: 29.9795 in Epoch [8]
2022-07-08 02:48:59,077 INFO: Epoch: 45 | PSNR: 29.9789 | Loss: 5.6338 | lr: 1.00e-03 | Best_PSNR: 29.9795 in Epoch [8]
2022-07-08 02:49:57,366 INFO: Epoch: 46 | PSNR: 29.9334 | Loss: 5.6539 | lr: 1.00e-03 | Best_PSNR: 29.9795 in Epoch [8]
2022-07-08 02:50:55,249 INFO: Epoch: 47 | PSNR: 29.9547 | Loss: 5.6275 | lr: 1.00e-03 | Best_PSNR: 29.9795 in Epoch [8]
2022-07-08 02:51:53,303 INFO: Epoch: 48 | PSNR: 29.9575 | Loss: 5.6234 | lr: 1.00e-03 | Best_PSNR: 29.9795 in Epoch [8]
2022-07-08 02:52:51,148 INFO: Epoch: 49 | PSNR: 29.9662 | Loss: 5.6155 | lr: 1.00e-03 | Best_PSNR: 29.9795 in Epoch [8]
2022-07-08 02:53:49,375 INFO: Epoch: 50 | PSNR: 29.9645 | Loss: 5.6593 | lr: 1.00e-03 | Best_PSNR: 29.9795 in Epoch [8]
2022-07-08 02:54:46,954 INFO: Epoch: 51 | PSNR: 29.9476 | Loss: 5.6128 | lr: 1.00e-03 | Best_PSNR: 29.9795 in Epoch [8]
2022-07-08 02:55:44,818 INFO: Epoch: 52 | PSNR: 29.9633 | Loss: 5.6349 | lr: 1.00e-03 | Best_PSNR: 29.9795 in Epoch [8]
2022-07-08 02:56:42,513 INFO: Epoch: 53 | PSNR: 29.9575 | Loss: 5.6131 | lr: 1.00e-03 | Best_PSNR: 29.9795 in Epoch [8]
2022-07-08 02:57:40,722 INFO: Epoch: 54 | PSNR: 29.9231 | Loss: 5.6069 | lr: 1.00e-03 | Best_PSNR: 29.9795 in Epoch [8]
2022-07-08 02:58:38,590 INFO: Epoch: 55 | PSNR: 29.9745 | Loss: 5.6636 | lr: 1.00e-03 | Best_PSNR: 29.9795 in Epoch [8]
2022-07-08 02:59:36,581 INFO: Epoch: 56 | PSNR: 29.9615 | Loss: 5.6351 | lr: 1.00e-03 | Best_PSNR: 29.9795 in Epoch [8]
2022-07-08 03:00:34,371 INFO: Epoch: 57 | PSNR: 29.9787 | Loss: 5.6228 | lr: 1.00e-03 | Best_PSNR: 29.9795 in Epoch [8]
2022-07-08 03:01:32,331 INFO: Epoch: 58 | PSNR: 29.9690 | Loss: 5.5905 | lr: 1.00e-03 | Best_PSNR: 29.9795 in Epoch [8]
2022-07-08 03:02:30,315 INFO: Epoch: 59 | PSNR: 29.9253 | Loss: 5.6415 | lr: 1.00e-03 | Best_PSNR: 29.9795 in Epoch [8]
2022-07-08 03:03:29,672 INFO: Epoch: 60 | PSNR: 29.9844 | Loss: 5.6072 | lr: 1.00e-03 | Best_PSNR: 29.9844 in Epoch [60]
2022-07-08 03:04:27,953 INFO: Epoch: 61 | PSNR: 29.9580 | Loss: 5.6572 | lr: 1.00e-03 | Best_PSNR: 29.9844 in Epoch [60]
2022-07-08 03:05:26,634 INFO: Epoch: 62 | PSNR: 29.9674 | Loss: 5.6258 | lr: 1.00e-03 | Best_PSNR: 29.9844 in Epoch [60]
2022-07-08 03:06:26,393 INFO: Epoch: 63 | PSNR: 29.9896 | Loss: 5.6213 | lr: 1.00e-03 | Best_PSNR: 29.9896 in Epoch [63]
2022-07-08 03:07:24,940 INFO: Epoch: 64 | PSNR: 29.9514 | Loss: 5.6045 | lr: 1.00e-03 | Best_PSNR: 29.9896 in Epoch [63]
2022-07-08 03:08:23,613 INFO: Epoch: 65 | PSNR: 29.9254 | Loss: 5.6291 | lr: 1.00e-03 | Best_PSNR: 29.9896 in Epoch [63]
2022-07-08 03:09:22,265 INFO: Epoch: 66 | PSNR: 29.9578 | Loss: 5.6182 | lr: 1.00e-03 | Best_PSNR: 29.9896 in Epoch [63]
2022-07-08 03:10:20,745 INFO: Epoch: 67 | PSNR: 29.9641 | Loss: 5.5931 | lr: 1.00e-03 | Best_PSNR: 29.9896 in Epoch [63]
2022-07-08 03:11:16,378 INFO: Epoch: 68 | PSNR: 29.9717 | Loss: 5.6275 | lr: 1.00e-03 | Best_PSNR: 29.9896 in Epoch [63]
2022-07-08 03:12:15,043 INFO: Epoch: 69 | PSNR: 29.9546 | Loss: 5.6150 | lr: 1.00e-03 | Best_PSNR: 29.9896 in Epoch [63]
2022-07-08 03:13:13,029 INFO: Epoch: 70 | PSNR: 29.9434 | Loss: 5.6216 | lr: 1.00e-03 | Best_PSNR: 29.9896 in Epoch [63]
2022-07-08 03:14:11,317 INFO: Epoch: 71 | PSNR: 29.9850 | Loss: 5.6350 | lr: 1.00e-03 | Best_PSNR: 29.9896 in Epoch [63]
2022-07-08 03:15:09,299 INFO: Epoch: 72 | PSNR: 29.9777 | Loss: 5.6496 | lr: 1.00e-03 | Best_PSNR: 29.9896 in Epoch [63]
2022-07-08 03:16:07,684 INFO: Epoch: 73 | PSNR: 29.9806 | Loss: 5.5910 | lr: 1.00e-03 | Best_PSNR: 29.9896 in Epoch [63]
2022-07-08 03:17:05,850 INFO: Epoch: 74 | PSNR: 29.9562 | Loss: 5.6188 | lr: 1.00e-03 | Best_PSNR: 29.9896 in Epoch [63]
2022-07-08 03:18:04,547 INFO: Epoch: 75 | PSNR: 29.9604 | Loss: 5.6162 | lr: 1.00e-03 | Best_PSNR: 29.9896 in Epoch [63]
2022-07-08 03:19:02,647 INFO: Epoch: 76 | PSNR: 29.9617 | Loss: 5.6231 | lr: 1.00e-03 | Best_PSNR: 29.9896 in Epoch [63]
2022-07-08 03:20:00,813 INFO: Epoch: 77 | PSNR: 29.9618 | Loss: 5.6578 | lr: 1.00e-03 | Best_PSNR: 29.9896 in Epoch [63]
2022-07-08 03:20:58,987 INFO: Epoch: 78 | PSNR: 29.9764 | Loss: 5.6443 | lr: 1.00e-03 | Best_PSNR: 29.9896 in Epoch [63]
2022-07-08 03:21:57,390 INFO: Epoch: 79 | PSNR: 29.9773 | Loss: 5.6105 | lr: 1.00e-03 | Best_PSNR: 29.9896 in Epoch [63]
2022-07-08 03:22:55,595 INFO: Epoch: 80 | PSNR: 29.9839 | Loss: 5.6087 | lr: 1.00e-03 | Best_PSNR: 29.9896 in Epoch [63]
2022-07-08 03:23:53,625 INFO: Epoch: 81 | PSNR: 29.9598 | Loss: 5.6352 | lr: 1.00e-03 | Best_PSNR: 29.9896 in Epoch [63]
2022-07-08 03:24:51,563 INFO: Epoch: 82 | PSNR: 29.9689 | Loss: 5.6390 | lr: 1.00e-03 | Best_PSNR: 29.9896 in Epoch [63]
2022-07-08 03:25:49,062 INFO: Epoch: 83 | PSNR: 29.9838 | Loss: 5.6120 | lr: 1.00e-03 | Best_PSNR: 29.9896 in Epoch [63]
2022-07-08 03:26:47,194 INFO: Epoch: 84 | PSNR: 29.9739 | Loss: 5.6327 | lr: 1.00e-03 | Best_PSNR: 29.9896 in Epoch [63]
2022-07-08 03:27:45,377 INFO: Epoch: 85 | PSNR: 29.9742 | Loss: 5.6460 | lr: 1.00e-03 | Best_PSNR: 29.9896 in Epoch [63]
2022-07-08 03:28:43,408 INFO: Epoch: 86 | PSNR: 29.9793 | Loss: 5.6030 | lr: 1.00e-03 | Best_PSNR: 29.9896 in Epoch [63]
2022-07-08 03:29:41,217 INFO: Epoch: 87 | PSNR: 29.9689 | Loss: 5.6568 | lr: 1.00e-03 | Best_PSNR: 29.9896 in Epoch [63]
2022-07-08 03:30:39,174 INFO: Epoch: 88 | PSNR: 29.9586 | Loss: 5.6616 | lr: 1.00e-03 | Best_PSNR: 29.9896 in Epoch [63]
2022-07-08 03:31:37,027 INFO: Epoch: 89 | PSNR: 29.9458 | Loss: 5.6266 | lr: 1.00e-03 | Best_PSNR: 29.9896 in Epoch [63]
2022-07-08 03:32:35,235 INFO: Epoch: 90 | PSNR: 29.9878 | Loss: 5.6512 | lr: 1.00e-03 | Best_PSNR: 29.9896 in Epoch [63]
2022-07-08 03:33:33,149 INFO: Epoch: 91 | PSNR: 29.9575 | Loss: 5.6274 | lr: 1.00e-03 | Best_PSNR: 29.9896 in Epoch [63]
2022-07-08 03:34:31,155 INFO: Epoch: 92 | PSNR: 29.9351 | Loss: 5.6045 | lr: 1.00e-03 | Best_PSNR: 29.9896 in Epoch [63]
2022-07-08 03:35:29,121 INFO: Epoch: 93 | PSNR: 29.9721 | Loss: 5.6512 | lr: 1.00e-03 | Best_PSNR: 29.9896 in Epoch [63]
2022-07-08 03:36:27,080 INFO: Epoch: 94 | PSNR: 29.9895 | Loss: 5.6179 | lr: 1.00e-03 | Best_PSNR: 29.9896 in Epoch [63]
2022-07-08 03:37:25,305 INFO: Epoch: 95 | PSNR: 29.9502 | Loss: 5.6364 | lr: 1.00e-03 | Best_PSNR: 29.9896 in Epoch [63]
2022-07-08 03:38:23,517 INFO: Epoch: 96 | PSNR: 29.9666 | Loss: 5.5908 | lr: 1.00e-03 | Best_PSNR: 29.9896 in Epoch [63]
2022-07-08 03:39:21,662 INFO: Epoch: 97 | PSNR: 29.9732 | Loss: 5.6494 | lr: 1.00e-03 | Best_PSNR: 29.9896 in Epoch [63]
2022-07-08 03:40:20,025 INFO: Epoch: 98 | PSNR: 29.9685 | Loss: 5.6452 | lr: 1.00e-03 | Best_PSNR: 29.9896 in Epoch [63]
2022-07-08 03:41:17,953 INFO: Epoch: 99 | PSNR: 29.9885 | Loss: 5.6160 | lr: 1.00e-03 | Best_PSNR: 29.9896 in Epoch [63]
2022-07-08 03:42:15,858 INFO: Epoch: 100 | PSNR: 29.9651 | Loss: 5.6217 | lr: 1.00e-03 | Best_PSNR: 29.9896 in Epoch [63]
2022-07-08 03:43:14,053 INFO: Epoch: 101 | PSNR: 29.9837 | Loss: 5.6276 | lr: 1.00e-03 | Best_PSNR: 29.9896 in Epoch [63]
2022-07-08 03:44:12,175 INFO: Epoch: 102 | PSNR: 29.9749 | Loss: 5.6172 | lr: 1.00e-03 | Best_PSNR: 29.9896 in Epoch [63]
2022-07-08 03:45:09,942 INFO: Epoch: 103 | PSNR: 29.9755 | Loss: 5.6220 | lr: 1.00e-03 | Best_PSNR: 29.9896 in Epoch [63]
2022-07-08 03:46:07,963 INFO: Epoch: 104 | PSNR: 29.9793 | Loss: 5.6022 | lr: 1.00e-03 | Best_PSNR: 29.9896 in Epoch [63]
2022-07-08 03:47:06,121 INFO: Epoch: 105 | PSNR: 29.9626 | Loss: 5.6304 | lr: 1.00e-03 | Best_PSNR: 29.9896 in Epoch [63]
2022-07-08 03:48:04,075 INFO: Epoch: 106 | PSNR: 29.9873 | Loss: 5.6117 | lr: 1.00e-03 | Best_PSNR: 29.9896 in Epoch [63]
2022-07-08 03:49:01,997 INFO: Epoch: 107 | PSNR: 29.9443 | Loss: 5.6078 | lr: 1.00e-03 | Best_PSNR: 29.9896 in Epoch [63]
2022-07-08 03:49:56,941 INFO: Epoch: 108 | PSNR: 29.9584 | Loss: 5.6129 | lr: 1.00e-03 | Best_PSNR: 29.9896 in Epoch [63]
2022-07-08 03:50:56,583 INFO: Epoch: 109 | PSNR: 29.9943 | Loss: 5.6051 | lr: 1.00e-03 | Best_PSNR: 29.9943 in Epoch [109]
2022-07-08 03:51:54,277 INFO: Epoch: 110 | PSNR: 29.9772 | Loss: 5.6658 | lr: 1.00e-03 | Best_PSNR: 29.9943 in Epoch [109]
2022-07-08 03:53:15,807 INFO: Epoch: 111 | PSNR: 29.9531 | Loss: 5.6112 | lr: 1.00e-03 | Best_PSNR: 29.9943 in Epoch [109]
2022-07-08 03:54:13,982 INFO: Epoch: 112 | PSNR: 29.9848 | Loss: 5.5950 | lr: 1.00e-03 | Best_PSNR: 29.9943 in Epoch [109]
2022-07-08 03:55:11,567 INFO: Epoch: 113 | PSNR: 29.9702 | Loss: 5.5814 | lr: 1.00e-03 | Best_PSNR: 29.9943 in Epoch [109]
2022-07-08 03:56:09,387 INFO: Epoch: 114 | PSNR: 29.9253 | Loss: 5.6563 | lr: 1.00e-03 | Best_PSNR: 29.9943 in Epoch [109]
2022-07-08 03:57:07,241 INFO: Epoch: 115 | PSNR: 29.9893 | Loss: 5.6385 | lr: 1.00e-03 | Best_PSNR: 29.9943 in Epoch [109]
2022-07-08 03:58:04,746 INFO: Epoch: 116 | PSNR: 29.9834 | Loss: 5.6497 | lr: 1.00e-03 | Best_PSNR: 29.9943 in Epoch [109]
2022-07-08 03:59:01,968 INFO: Epoch: 117 | PSNR: 29.9739 | Loss: 5.6414 | lr: 1.00e-03 | Best_PSNR: 29.9943 in Epoch [109]
2022-07-08 03:59:59,773 INFO: Epoch: 118 | PSNR: 29.9394 | Loss: 5.6072 | lr: 1.00e-03 | Best_PSNR: 29.9943 in Epoch [109]
2022-07-08 04:00:57,514 INFO: Epoch: 119 | PSNR: 29.9733 | Loss: 5.6554 | lr: 1.00e-03 | Best_PSNR: 29.9943 in Epoch [109]
2022-07-08 04:01:54,789 INFO: Epoch: 120 | PSNR: 29.9827 | Loss: 5.6297 | lr: 1.00e-03 | Best_PSNR: 29.9943 in Epoch [109]
2022-07-08 04:02:52,585 INFO: Epoch: 121 | PSNR: 29.9913 | Loss: 5.6202 | lr: 5.00e-04 | Best_PSNR: 29.9943 in Epoch [109]
2022-07-08 04:03:50,398 INFO: Epoch: 122 | PSNR: 29.9669 | Loss: 5.6342 | lr: 5.00e-04 | Best_PSNR: 29.9943 in Epoch [109]
2022-07-08 04:04:48,278 INFO: Epoch: 123 | PSNR: 29.9748 | Loss: 5.5892 | lr: 5.00e-04 | Best_PSNR: 29.9943 in Epoch [109]
2022-07-08 04:05:46,042 INFO: Epoch: 124 | PSNR: 29.9815 | Loss: 5.5960 | lr: 5.00e-04 | Best_PSNR: 29.9943 in Epoch [109]
2022-07-08 04:06:44,050 INFO: Epoch: 125 | PSNR: 29.9816 | Loss: 5.6117 | lr: 5.00e-04 | Best_PSNR: 29.9943 in Epoch [109]
2022-07-08 04:07:41,971 INFO: Epoch: 126 | PSNR: 29.9807 | Loss: 5.6201 | lr: 5.00e-04 | Best_PSNR: 29.9943 in Epoch [109]
2022-07-08 04:08:39,736 INFO: Epoch: 127 | PSNR: 29.9931 | Loss: 5.6376 | lr: 5.00e-04 | Best_PSNR: 29.9943 in Epoch [109]
2022-07-08 04:09:37,142 INFO: Epoch: 128 | PSNR: 29.9907 | Loss: 5.6226 | lr: 5.00e-04 | Best_PSNR: 29.9943 in Epoch [109]
2022-07-08 04:10:35,179 INFO: Epoch: 129 | PSNR: 29.9776 | Loss: 5.6317 | lr: 5.00e-04 | Best_PSNR: 29.9943 in Epoch [109]
2022-07-08 04:11:34,166 INFO: Epoch: 130 | PSNR: 30.0008 | Loss: 5.5767 | lr: 5.00e-04 | Best_PSNR: 30.0008 in Epoch [130]
2022-07-08 04:12:31,725 INFO: Epoch: 131 | PSNR: 29.9761 | Loss: 5.6028 | lr: 5.00e-04 | Best_PSNR: 30.0008 in Epoch [130]
2022-07-08 04:13:29,545 INFO: Epoch: 132 | PSNR: 29.9734 | Loss: 5.5952 | lr: 5.00e-04 | Best_PSNR: 30.0008 in Epoch [130]
2022-07-08 04:14:27,287 INFO: Epoch: 133 | PSNR: 29.9717 | Loss: 5.5777 | lr: 5.00e-04 | Best_PSNR: 30.0008 in Epoch [130]
2022-07-08 04:15:24,984 INFO: Epoch: 134 | PSNR: 29.9917 | Loss: 5.6129 | lr: 5.00e-04 | Best_PSNR: 30.0008 in Epoch [130]
2022-07-08 04:16:22,699 INFO: Epoch: 135 | PSNR: 29.9865 | Loss: 5.6264 | lr: 5.00e-04 | Best_PSNR: 30.0008 in Epoch [130]
2022-07-08 04:17:20,441 INFO: Epoch: 136 | PSNR: 29.9813 | Loss: 5.5995 | lr: 5.00e-04 | Best_PSNR: 30.0008 in Epoch [130]
2022-07-08 04:18:18,283 INFO: Epoch: 137 | PSNR: 29.9787 | Loss: 5.6045 | lr: 5.00e-04 | Best_PSNR: 30.0008 in Epoch [130]
2022-07-08 04:19:15,954 INFO: Epoch: 138 | PSNR: 29.9405 | Loss: 5.6140 | lr: 5.00e-04 | Best_PSNR: 30.0008 in Epoch [130]
2022-07-08 04:20:13,774 INFO: Epoch: 139 | PSNR: 29.9870 | Loss: 5.5955 | lr: 5.00e-04 | Best_PSNR: 30.0008 in Epoch [130]
2022-07-08 04:21:11,389 INFO: Epoch: 140 | PSNR: 29.9791 | Loss: 5.6264 | lr: 5.00e-04 | Best_PSNR: 30.0008 in Epoch [130]
2022-07-08 04:22:09,005 INFO: Epoch: 141 | PSNR: 29.9858 | Loss: 5.5953 | lr: 5.00e-04 | Best_PSNR: 30.0008 in Epoch [130]
2022-07-08 04:23:06,506 INFO: Epoch: 142 | PSNR: 29.9592 | Loss: 5.5926 | lr: 5.00e-04 | Best_PSNR: 30.0008 in Epoch [130]
2022-07-08 04:24:04,438 INFO: Epoch: 143 | PSNR: 29.9728 | Loss: 5.6030 | lr: 5.00e-04 | Best_PSNR: 30.0008 in Epoch [130]
2022-07-08 04:25:02,486 INFO: Epoch: 144 | PSNR: 29.9637 | Loss: 5.6327 | lr: 5.00e-04 | Best_PSNR: 30.0008 in Epoch [130]
2022-07-08 04:26:00,232 INFO: Epoch: 145 | PSNR: 29.9872 | Loss: 5.6037 | lr: 5.00e-04 | Best_PSNR: 30.0008 in Epoch [130]
2022-07-08 04:26:58,274 INFO: Epoch: 146 | PSNR: 29.9797 | Loss: 5.5996 | lr: 5.00e-04 | Best_PSNR: 30.0008 in Epoch [130]
2022-07-08 04:27:54,239 INFO: Epoch: 147 | PSNR: 29.9800 | Loss: 5.6202 | lr: 5.00e-04 | Best_PSNR: 30.0008 in Epoch [130]
2022-07-08 04:28:52,213 INFO: Epoch: 148 | PSNR: 29.9829 | Loss: 5.6157 | lr: 5.00e-04 | Best_PSNR: 30.0008 in Epoch [130]
2022-07-08 04:29:49,889 INFO: Epoch: 149 | PSNR: 29.9625 | Loss: 5.5745 | lr: 5.00e-04 | Best_PSNR: 30.0008 in Epoch [130]
2022-07-08 04:30:47,825 INFO: Epoch: 150 | PSNR: 29.9987 | Loss: 5.6228 | lr: 5.00e-04 | Best_PSNR: 30.0008 in Epoch [130]
2022-07-08 04:31:45,564 INFO: Epoch: 151 | PSNR: 29.9984 | Loss: 5.6556 | lr: 5.00e-04 | Best_PSNR: 30.0008 in Epoch [130]
2022-07-08 04:32:43,431 INFO: Epoch: 152 | PSNR: 29.9854 | Loss: 5.6224 | lr: 5.00e-04 | Best_PSNR: 30.0008 in Epoch [130]
2022-07-08 04:33:41,176 INFO: Epoch: 153 | PSNR: 29.9962 | Loss: 5.6208 | lr: 5.00e-04 | Best_PSNR: 30.0008 in Epoch [130]
2022-07-08 04:34:39,185 INFO: Epoch: 154 | PSNR: 29.9794 | Loss: 5.6135 | lr: 5.00e-04 | Best_PSNR: 30.0008 in Epoch [130]
2022-07-08 04:35:36,808 INFO: Epoch: 155 | PSNR: 29.9794 | Loss: 5.6018 | lr: 5.00e-04 | Best_PSNR: 30.0008 in Epoch [130]
2022-07-08 04:36:34,729 INFO: Epoch: 156 | PSNR: 29.9864 | Loss: 5.6343 | lr: 5.00e-04 | Best_PSNR: 30.0008 in Epoch [130]
2022-07-08 04:37:32,388 INFO: Epoch: 157 | PSNR: 29.9965 | Loss: 5.6296 | lr: 5.00e-04 | Best_PSNR: 30.0008 in Epoch [130]
2022-07-08 04:38:30,103 INFO: Epoch: 158 | PSNR: 29.9771 | Loss: 5.6093 | lr: 5.00e-04 | Best_PSNR: 30.0008 in Epoch [130]
2022-07-08 04:39:27,792 INFO: Epoch: 159 | PSNR: 29.9807 | Loss: 5.6003 | lr: 5.00e-04 | Best_PSNR: 30.0008 in Epoch [130]
2022-07-08 04:40:25,553 INFO: Epoch: 160 | PSNR: 29.9952 | Loss: 5.6073 | lr: 5.00e-04 | Best_PSNR: 30.0008 in Epoch [130]
2022-07-08 04:41:23,531 INFO: Epoch: 161 | PSNR: 29.9677 | Loss: 5.6429 | lr: 5.00e-04 | Best_PSNR: 30.0008 in Epoch [130]
2022-07-08 04:42:21,380 INFO: Epoch: 162 | PSNR: 29.9940 | Loss: 5.5935 | lr: 5.00e-04 | Best_PSNR: 30.0008 in Epoch [130]
2022-07-08 04:43:19,246 INFO: Epoch: 163 | PSNR: 29.9787 | Loss: 5.6258 | lr: 5.00e-04 | Best_PSNR: 30.0008 in Epoch [130]
2022-07-08 04:44:16,923 INFO: Epoch: 164 | PSNR: 29.9323 | Loss: 5.6127 | lr: 5.00e-04 | Best_PSNR: 30.0008 in Epoch [130]
2022-07-08 04:45:14,350 INFO: Epoch: 165 | PSNR: 29.9779 | Loss: 5.6076 | lr: 5.00e-04 | Best_PSNR: 30.0008 in Epoch [130]
2022-07-08 04:46:11,948 INFO: Epoch: 166 | PSNR: 29.9859 | Loss: 5.5970 | lr: 5.00e-04 | Best_PSNR: 30.0008 in Epoch [130]
2022-07-08 04:47:09,909 INFO: Epoch: 167 | PSNR: 29.9921 | Loss: 5.6525 | lr: 5.00e-04 | Best_PSNR: 30.0008 in Epoch [130]
2022-07-08 04:48:07,735 INFO: Epoch: 168 | PSNR: 29.9731 | Loss: 5.5855 | lr: 5.00e-04 | Best_PSNR: 30.0008 in Epoch [130]
2022-07-08 04:49:05,444 INFO: Epoch: 169 | PSNR: 29.9852 | Loss: 5.6648 | lr: 5.00e-04 | Best_PSNR: 30.0008 in Epoch [130]
2022-07-08 04:50:02,874 INFO: Epoch: 170 | PSNR: 29.9802 | Loss: 5.6107 | lr: 5.00e-04 | Best_PSNR: 30.0008 in Epoch [130]
2022-07-08 04:51:01,131 INFO: Epoch: 171 | PSNR: 29.9849 | Loss: 5.5932 | lr: 5.00e-04 | Best_PSNR: 30.0008 in Epoch [130]
2022-07-08 04:51:58,895 INFO: Epoch: 172 | PSNR: 29.9983 | Loss: 5.6045 | lr: 5.00e-04 | Best_PSNR: 30.0008 in Epoch [130]
2022-07-08 04:52:56,865 INFO: Epoch: 173 | PSNR: 29.9989 | Loss: 5.6093 | lr: 5.00e-04 | Best_PSNR: 30.0008 in Epoch [130]
2022-07-08 04:53:54,610 INFO: Epoch: 174 | PSNR: 29.9969 | Loss: 5.6017 | lr: 5.00e-04 | Best_PSNR: 30.0008 in Epoch [130]
2022-07-08 04:54:53,555 INFO: Epoch: 175 | PSNR: 30.0028 | Loss: 5.6019 | lr: 5.00e-04 | Best_PSNR: 30.0028 in Epoch [175]
2022-07-08 04:55:52,811 INFO: Epoch: 176 | PSNR: 30.0052 | Loss: 5.5929 | lr: 5.00e-04 | Best_PSNR: 30.0052 in Epoch [176]
2022-07-08 04:56:50,694 INFO: Epoch: 177 | PSNR: 29.9562 | Loss: 5.6217 | lr: 5.00e-04 | Best_PSNR: 30.0052 in Epoch [176]
2022-07-08 04:57:48,337 INFO: Epoch: 178 | PSNR: 29.9792 | Loss: 5.5924 | lr: 5.00e-04 | Best_PSNR: 30.0052 in Epoch [176]
2022-07-08 04:58:47,663 INFO: Epoch: 179 | PSNR: 30.0055 | Loss: 5.6062 | lr: 5.00e-04 | Best_PSNR: 30.0055 in Epoch [179]
2022-07-08 04:59:45,689 INFO: Epoch: 180 | PSNR: 29.9924 | Loss: 5.6427 | lr: 5.00e-04 | Best_PSNR: 30.0055 in Epoch [179]
2022-07-08 05:00:43,570 INFO: Epoch: 181 | PSNR: 29.9827 | Loss: 5.6262 | lr: 5.00e-04 | Best_PSNR: 30.0055 in Epoch [179]
2022-07-08 05:01:41,668 INFO: Epoch: 182 | PSNR: 29.9987 | Loss: 5.5927 | lr: 5.00e-04 | Best_PSNR: 30.0055 in Epoch [179]
2022-07-08 05:02:39,754 INFO: Epoch: 183 | PSNR: 29.9883 | Loss: 5.6072 | lr: 5.00e-04 | Best_PSNR: 30.0055 in Epoch [179]
2022-07-08 05:03:37,510 INFO: Epoch: 184 | PSNR: 29.9646 | Loss: 5.6123 | lr: 5.00e-04 | Best_PSNR: 30.0055 in Epoch [179]
2022-07-08 05:04:35,448 INFO: Epoch: 185 | PSNR: 29.9844 | Loss: 5.5850 | lr: 5.00e-04 | Best_PSNR: 30.0055 in Epoch [179]
2022-07-08 05:05:33,285 INFO: Epoch: 186 | PSNR: 29.9502 | Loss: 5.6093 | lr: 5.00e-04 | Best_PSNR: 30.0055 in Epoch [179]
2022-07-08 05:06:27,982 INFO: Epoch: 187 | PSNR: 29.9739 | Loss: 5.6412 | lr: 5.00e-04 | Best_PSNR: 30.0055 in Epoch [179]
2022-07-08 05:07:26,160 INFO: Epoch: 188 | PSNR: 29.9747 | Loss: 5.6399 | lr: 5.00e-04 | Best_PSNR: 30.0055 in Epoch [179]
2022-07-08 05:08:24,071 INFO: Epoch: 189 | PSNR: 29.9854 | Loss: 5.6222 | lr: 5.00e-04 | Best_PSNR: 30.0055 in Epoch [179]
2022-07-08 05:09:22,208 INFO: Epoch: 190 | PSNR: 29.9914 | Loss: 5.6324 | lr: 5.00e-04 | Best_PSNR: 30.0055 in Epoch [179]
2022-07-08 05:10:19,742 INFO: Epoch: 191 | PSNR: 29.9898 | Loss: 5.6065 | lr: 5.00e-04 | Best_PSNR: 30.0055 in Epoch [179]
2022-07-08 05:11:17,937 INFO: Epoch: 192 | PSNR: 29.9734 | Loss: 5.5879 | lr: 5.00e-04 | Best_PSNR: 30.0055 in Epoch [179]
2022-07-08 05:12:16,404 INFO: Epoch: 193 | PSNR: 29.9960 | Loss: 5.5964 | lr: 5.00e-04 | Best_PSNR: 30.0055 in Epoch [179]
2022-07-08 05:13:14,845 INFO: Epoch: 194 | PSNR: 29.9945 | Loss: 5.6121 | lr: 5.00e-04 | Best_PSNR: 30.0055 in Epoch [179]
2022-07-08 05:14:13,625 INFO: Epoch: 195 | PSNR: 29.9973 | Loss: 5.6490 | lr: 5.00e-04 | Best_PSNR: 30.0055 in Epoch [179]
2022-07-08 05:15:12,573 INFO: Epoch: 196 | PSNR: 29.9985 | Loss: 5.6351 | lr: 5.00e-04 | Best_PSNR: 30.0055 in Epoch [179]
2022-07-08 05:16:10,695 INFO: Epoch: 197 | PSNR: 29.9881 | Loss: 5.6033 | lr: 5.00e-04 | Best_PSNR: 30.0055 in Epoch [179]
2022-07-08 05:17:09,340 INFO: Epoch: 198 | PSNR: 29.9899 | Loss: 5.6189 | lr: 5.00e-04 | Best_PSNR: 30.0055 in Epoch [179]
2022-07-08 05:18:08,858 INFO: Epoch: 199 | PSNR: 29.9908 | Loss: 5.6200 | lr: 5.00e-04 | Best_PSNR: 30.0055 in Epoch [179]
2022-07-08 05:19:07,712 INFO: Epoch: 200 | PSNR: 29.9836 | Loss: 5.5873 | lr: 5.00e-04 | Best_PSNR: 30.0055 in Epoch [179]
2022-07-08 05:20:06,031 INFO: Epoch: 201 | PSNR: 29.9964 | Loss: 5.6474 | lr: 5.00e-04 | Best_PSNR: 30.0055 in Epoch [179]
2022-07-08 05:21:05,287 INFO: Epoch: 202 | PSNR: 29.9954 | Loss: 5.6273 | lr: 5.00e-04 | Best_PSNR: 30.0055 in Epoch [179]
2022-07-08 05:22:03,791 INFO: Epoch: 203 | PSNR: 29.9855 | Loss: 5.6750 | lr: 5.00e-04 | Best_PSNR: 30.0055 in Epoch [179]
2022-07-08 05:23:01,812 INFO: Epoch: 204 | PSNR: 29.9901 | Loss: 5.6332 | lr: 5.00e-04 | Best_PSNR: 30.0055 in Epoch [179]
2022-07-08 05:24:00,763 INFO: Epoch: 205 | PSNR: 29.9897 | Loss: 5.6266 | lr: 5.00e-04 | Best_PSNR: 30.0055 in Epoch [179]
2022-07-08 05:24:59,722 INFO: Epoch: 206 | PSNR: 29.9933 | Loss: 5.5993 | lr: 5.00e-04 | Best_PSNR: 30.0055 in Epoch [179]
2022-07-08 05:26:00,499 INFO: Epoch: 207 | PSNR: 29.9783 | Loss: 5.6311 | lr: 5.00e-04 | Best_PSNR: 30.0055 in Epoch [179]
2022-07-08 05:27:00,828 INFO: Epoch: 208 | PSNR: 29.9928 | Loss: 5.6006 | lr: 5.00e-04 | Best_PSNR: 30.0055 in Epoch [179]
2022-07-08 05:27:58,829 INFO: Epoch: 209 | PSNR: 29.9779 | Loss: 5.6118 | lr: 5.00e-04 | Best_PSNR: 30.0055 in Epoch [179]
2022-07-08 05:28:57,249 INFO: Epoch: 210 | PSNR: 29.9864 | Loss: 5.6272 | lr: 5.00e-04 | Best_PSNR: 30.0055 in Epoch [179]
2022-07-08 05:29:56,649 INFO: Epoch: 211 | PSNR: 29.9899 | Loss: 5.5914 | lr: 5.00e-04 | Best_PSNR: 30.0055 in Epoch [179]
2022-07-08 05:30:55,175 INFO: Epoch: 212 | PSNR: 29.9846 | Loss: 5.6052 | lr: 5.00e-04 | Best_PSNR: 30.0055 in Epoch [179]
2022-07-08 05:31:53,813 INFO: Epoch: 213 | PSNR: 29.9834 | Loss: 5.6060 | lr: 5.00e-04 | Best_PSNR: 30.0055 in Epoch [179]
2022-07-08 05:32:51,359 INFO: Epoch: 214 | PSNR: 29.9951 | Loss: 5.6214 | lr: 5.00e-04 | Best_PSNR: 30.0055 in Epoch [179]
2022-07-08 05:33:49,242 INFO: Epoch: 215 | PSNR: 30.0002 | Loss: 5.6336 | lr: 5.00e-04 | Best_PSNR: 30.0055 in Epoch [179]
2022-07-08 05:34:46,994 INFO: Epoch: 216 | PSNR: 29.9868 | Loss: 5.6118 | lr: 5.00e-04 | Best_PSNR: 30.0055 in Epoch [179]
2022-07-08 05:35:44,772 INFO: Epoch: 217 | PSNR: 29.9705 | Loss: 5.6311 | lr: 5.00e-04 | Best_PSNR: 30.0055 in Epoch [179]
2022-07-08 05:36:42,722 INFO: Epoch: 218 | PSNR: 29.9840 | Loss: 5.6208 | lr: 5.00e-04 | Best_PSNR: 30.0055 in Epoch [179]
2022-07-08 05:37:40,766 INFO: Epoch: 219 | PSNR: 29.9726 | Loss: 5.6242 | lr: 5.00e-04 | Best_PSNR: 30.0055 in Epoch [179]
2022-07-08 05:38:38,630 INFO: Epoch: 220 | PSNR: 29.9930 | Loss: 5.6155 | lr: 5.00e-04 | Best_PSNR: 30.0055 in Epoch [179]
2022-07-08 05:39:36,687 INFO: Epoch: 221 | PSNR: 29.9984 | Loss: 5.5924 | lr: 5.00e-04 | Best_PSNR: 30.0055 in Epoch [179]
2022-07-08 05:40:34,635 INFO: Epoch: 222 | PSNR: 29.9761 | Loss: 5.6060 | lr: 5.00e-04 | Best_PSNR: 30.0055 in Epoch [179]
2022-07-08 05:41:32,124 INFO: Epoch: 223 | PSNR: 29.9780 | Loss: 5.6203 | lr: 5.00e-04 | Best_PSNR: 30.0055 in Epoch [179]
2022-07-08 05:42:30,051 INFO: Epoch: 224 | PSNR: 29.9826 | Loss: 5.5762 | lr: 5.00e-04 | Best_PSNR: 30.0055 in Epoch [179]
2022-07-08 05:43:28,116 INFO: Epoch: 225 | PSNR: 29.9737 | Loss: 5.6082 | lr: 5.00e-04 | Best_PSNR: 30.0055 in Epoch [179]
2022-07-08 05:44:25,932 INFO: Epoch: 226 | PSNR: 29.9941 | Loss: 5.6135 | lr: 5.00e-04 | Best_PSNR: 30.0055 in Epoch [179]
2022-07-08 05:45:21,062 INFO: Epoch: 227 | PSNR: 29.9952 | Loss: 5.6248 | lr: 5.00e-04 | Best_PSNR: 30.0055 in Epoch [179]
2022-07-08 05:46:18,890 INFO: Epoch: 228 | PSNR: 29.9901 | Loss: 5.6269 | lr: 5.00e-04 | Best_PSNR: 30.0055 in Epoch [179]
2022-07-08 05:47:16,944 INFO: Epoch: 229 | PSNR: 29.9963 | Loss: 5.5981 | lr: 5.00e-04 | Best_PSNR: 30.0055 in Epoch [179]
2022-07-08 05:48:14,558 INFO: Epoch: 230 | PSNR: 29.9700 | Loss: 5.6051 | lr: 5.00e-04 | Best_PSNR: 30.0055 in Epoch [179]
2022-07-08 05:49:12,820 INFO: Epoch: 231 | PSNR: 29.9767 | Loss: 5.6100 | lr: 5.00e-04 | Best_PSNR: 30.0055 in Epoch [179]
2022-07-08 05:50:10,187 INFO: Epoch: 232 | PSNR: 29.9932 | Loss: 5.6193 | lr: 5.00e-04 | Best_PSNR: 30.0055 in Epoch [179]
2022-07-08 05:51:08,491 INFO: Epoch: 233 | PSNR: 29.9842 | Loss: 5.5845 | lr: 5.00e-04 | Best_PSNR: 30.0055 in Epoch [179]
2022-07-08 05:52:06,001 INFO: Epoch: 234 | PSNR: 29.9622 | Loss: 5.6537 | lr: 5.00e-04 | Best_PSNR: 30.0055 in Epoch [179]
2022-07-08 05:53:04,018 INFO: Epoch: 235 | PSNR: 29.9897 | Loss: 5.6097 | lr: 5.00e-04 | Best_PSNR: 30.0055 in Epoch [179]
2022-07-08 05:54:02,041 INFO: Epoch: 236 | PSNR: 29.9954 | Loss: 5.6138 | lr: 5.00e-04 | Best_PSNR: 30.0055 in Epoch [179]
2022-07-08 05:55:00,405 INFO: Epoch: 237 | PSNR: 29.9773 | Loss: 5.6456 | lr: 5.00e-04 | Best_PSNR: 30.0055 in Epoch [179]
2022-07-08 05:55:58,364 INFO: Epoch: 238 | PSNR: 30.0011 | Loss: 5.6620 | lr: 5.00e-04 | Best_PSNR: 30.0055 in Epoch [179]
2022-07-08 05:56:56,616 INFO: Epoch: 239 | PSNR: 29.9910 | Loss: 5.6181 | lr: 5.00e-04 | Best_PSNR: 30.0055 in Epoch [179]
2022-07-08 05:57:54,406 INFO: Epoch: 240 | PSNR: 29.9930 | Loss: 5.5841 | lr: 5.00e-04 | Best_PSNR: 30.0055 in Epoch [179]
2022-07-08 05:58:53,695 INFO: Epoch: 241 | PSNR: 30.0145 | Loss: 5.6254 | lr: 2.50e-04 | Best_PSNR: 30.0145 in Epoch [241]
2022-07-08 05:59:51,634 INFO: Epoch: 242 | PSNR: 29.9970 | Loss: 5.6178 | lr: 2.50e-04 | Best_PSNR: 30.0145 in Epoch [241]
2022-07-08 06:00:49,602 INFO: Epoch: 243 | PSNR: 29.9950 | Loss: 5.6066 | lr: 2.50e-04 | Best_PSNR: 30.0145 in Epoch [241]
2022-07-08 06:01:47,318 INFO: Epoch: 244 | PSNR: 29.9864 | Loss: 5.6543 | lr: 2.50e-04 | Best_PSNR: 30.0145 in Epoch [241]
2022-07-08 06:02:44,930 INFO: Epoch: 245 | PSNR: 29.9994 | Loss: 5.5977 | lr: 2.50e-04 | Best_PSNR: 30.0145 in Epoch [241]
2022-07-08 06:03:42,983 INFO: Epoch: 246 | PSNR: 29.9911 | Loss: 5.5936 | lr: 2.50e-04 | Best_PSNR: 30.0145 in Epoch [241]
2022-07-08 06:04:40,967 INFO: Epoch: 247 | PSNR: 29.9887 | Loss: 5.6139 | lr: 2.50e-04 | Best_PSNR: 30.0145 in Epoch [241]
2022-07-08 06:05:39,042 INFO: Epoch: 248 | PSNR: 29.9958 | Loss: 5.6178 | lr: 2.50e-04 | Best_PSNR: 30.0145 in Epoch [241]
2022-07-08 06:06:36,946 INFO: Epoch: 249 | PSNR: 30.0063 | Loss: 5.6137 | lr: 2.50e-04 | Best_PSNR: 30.0145 in Epoch [241]
2022-07-08 06:07:35,094 INFO: Epoch: 250 | PSNR: 30.0018 | Loss: 5.6002 | lr: 2.50e-04 | Best_PSNR: 30.0145 in Epoch [241]
2022-07-08 06:08:33,057 INFO: Epoch: 251 | PSNR: 30.0040 | Loss: 5.6275 | lr: 2.50e-04 | Best_PSNR: 30.0145 in Epoch [241]
2022-07-08 06:09:31,100 INFO: Epoch: 252 | PSNR: 30.0081 | Loss: 5.6281 | lr: 2.50e-04 | Best_PSNR: 30.0145 in Epoch [241]
2022-07-08 06:10:28,706 INFO: Epoch: 253 | PSNR: 29.9819 | Loss: 5.6398 | lr: 2.50e-04 | Best_PSNR: 30.0145 in Epoch [241]
2022-07-08 06:11:26,791 INFO: Epoch: 254 | PSNR: 29.9890 | Loss: 5.5969 | lr: 2.50e-04 | Best_PSNR: 30.0145 in Epoch [241]
2022-07-08 06:12:24,689 INFO: Epoch: 255 | PSNR: 29.9716 | Loss: 5.6245 | lr: 2.50e-04 | Best_PSNR: 30.0145 in Epoch [241]
2022-07-08 06:13:22,774 INFO: Epoch: 256 | PSNR: 30.0061 | Loss: 5.5929 | lr: 2.50e-04 | Best_PSNR: 30.0145 in Epoch [241]
2022-07-08 06:14:20,692 INFO: Epoch: 257 | PSNR: 29.9976 | Loss: 5.6416 | lr: 2.50e-04 | Best_PSNR: 30.0145 in Epoch [241]
2022-07-08 06:15:18,840 INFO: Epoch: 258 | PSNR: 30.0009 | Loss: 5.6292 | lr: 2.50e-04 | Best_PSNR: 30.0145 in Epoch [241]
2022-07-08 06:16:16,691 INFO: Epoch: 259 | PSNR: 30.0052 | Loss: 5.6372 | lr: 2.50e-04 | Best_PSNR: 30.0145 in Epoch [241]
2022-07-08 06:17:14,905 INFO: Epoch: 260 | PSNR: 30.0073 | Loss: 5.6153 | lr: 2.50e-04 | Best_PSNR: 30.0145 in Epoch [241]
2022-07-08 06:18:12,715 INFO: Epoch: 261 | PSNR: 29.9792 | Loss: 5.6331 | lr: 2.50e-04 | Best_PSNR: 30.0145 in Epoch [241]
2022-07-08 06:19:10,543 INFO: Epoch: 262 | PSNR: 29.9887 | Loss: 5.5684 | lr: 2.50e-04 | Best_PSNR: 30.0145 in Epoch [241]
2022-07-08 06:20:08,160 INFO: Epoch: 263 | PSNR: 30.0131 | Loss: 5.5968 | lr: 2.50e-04 | Best_PSNR: 30.0145 in Epoch [241]
2022-07-08 06:21:06,134 INFO: Epoch: 264 | PSNR: 29.9955 | Loss: 5.6271 | lr: 2.50e-04 | Best_PSNR: 30.0145 in Epoch [241]
2022-07-08 06:22:03,867 INFO: Epoch: 265 | PSNR: 30.0131 | Loss: 5.6155 | lr: 2.50e-04 | Best_PSNR: 30.0145 in Epoch [241]
2022-07-08 06:23:01,883 INFO: Epoch: 266 | PSNR: 29.9854 | Loss: 5.6032 | lr: 2.50e-04 | Best_PSNR: 30.0145 in Epoch [241]
2022-07-08 06:23:56,685 INFO: Epoch: 267 | PSNR: 29.9968 | Loss: 5.6463 | lr: 2.50e-04 | Best_PSNR: 30.0145 in Epoch [241]
2022-07-08 06:24:54,527 INFO: Epoch: 268 | PSNR: 29.9984 | Loss: 5.6343 | lr: 2.50e-04 | Best_PSNR: 30.0145 in Epoch [241]
2022-07-08 06:25:52,212 INFO: Epoch: 269 | PSNR: 29.9933 | Loss: 5.6034 | lr: 2.50e-04 | Best_PSNR: 30.0145 in Epoch [241]
2022-07-08 06:26:50,239 INFO: Epoch: 270 | PSNR: 29.9935 | Loss: 5.6205 | lr: 2.50e-04 | Best_PSNR: 30.0145 in Epoch [241]
2022-07-08 06:27:48,024 INFO: Epoch: 271 | PSNR: 29.9941 | Loss: 5.5874 | lr: 2.50e-04 | Best_PSNR: 30.0145 in Epoch [241]
2022-07-08 06:28:45,798 INFO: Epoch: 272 | PSNR: 30.0088 | Loss: 5.6376 | lr: 2.50e-04 | Best_PSNR: 30.0145 in Epoch [241]
2022-07-08 06:29:43,731 INFO: Epoch: 273 | PSNR: 30.0075 | Loss: 5.5790 | lr: 2.50e-04 | Best_PSNR: 30.0145 in Epoch [241]
2022-07-08 06:30:41,491 INFO: Epoch: 274 | PSNR: 30.0007 | Loss: 5.6223 | lr: 2.50e-04 | Best_PSNR: 30.0145 in Epoch [241]
2022-07-08 06:31:39,837 INFO: Epoch: 275 | PSNR: 30.0012 | Loss: 5.6022 | lr: 2.50e-04 | Best_PSNR: 30.0145 in Epoch [241]
2022-07-08 06:32:37,484 INFO: Epoch: 276 | PSNR: 29.9810 | Loss: 5.6158 | lr: 2.50e-04 | Best_PSNR: 30.0145 in Epoch [241]
2022-07-08 06:33:35,548 INFO: Epoch: 277 | PSNR: 29.9891 | Loss: 5.6030 | lr: 2.50e-04 | Best_PSNR: 30.0145 in Epoch [241]
2022-07-08 06:34:33,398 INFO: Epoch: 278 | PSNR: 29.9903 | Loss: 5.6347 | lr: 2.50e-04 | Best_PSNR: 30.0145 in Epoch [241]
2022-07-08 06:35:31,498 INFO: Epoch: 279 | PSNR: 29.9905 | Loss: 5.5941 | lr: 2.50e-04 | Best_PSNR: 30.0145 in Epoch [241]
2022-07-08 06:36:29,330 INFO: Epoch: 280 | PSNR: 30.0069 | Loss: 5.6246 | lr: 2.50e-04 | Best_PSNR: 30.0145 in Epoch [241]
2022-07-08 06:37:27,367 INFO: Epoch: 281 | PSNR: 30.0049 | Loss: 5.6146 | lr: 2.50e-04 | Best_PSNR: 30.0145 in Epoch [241]
2022-07-08 06:38:25,274 INFO: Epoch: 282 | PSNR: 30.0056 | Loss: 5.6172 | lr: 2.50e-04 | Best_PSNR: 30.0145 in Epoch [241]
2022-07-08 06:39:23,311 INFO: Epoch: 283 | PSNR: 29.9785 | Loss: 5.5883 | lr: 2.50e-04 | Best_PSNR: 30.0145 in Epoch [241]
2022-07-08 06:40:21,232 INFO: Epoch: 284 | PSNR: 29.9839 | Loss: 5.6364 | lr: 2.50e-04 | Best_PSNR: 30.0145 in Epoch [241]
2022-07-08 06:41:19,101 INFO: Epoch: 285 | PSNR: 29.9892 | Loss: 5.5956 | lr: 2.50e-04 | Best_PSNR: 30.0145 in Epoch [241]
2022-07-08 06:42:17,022 INFO: Epoch: 286 | PSNR: 30.0007 | Loss: 5.6072 | lr: 2.50e-04 | Best_PSNR: 30.0145 in Epoch [241]
2022-07-08 06:43:14,915 INFO: Epoch: 287 | PSNR: 29.9802 | Loss: 5.6254 | lr: 2.50e-04 | Best_PSNR: 30.0145 in Epoch [241]
2022-07-08 06:44:12,934 INFO: Epoch: 288 | PSNR: 29.9951 | Loss: 5.6023 | lr: 2.50e-04 | Best_PSNR: 30.0145 in Epoch [241]
2022-07-08 06:45:11,012 INFO: Epoch: 289 | PSNR: 29.9970 | Loss: 5.6477 | lr: 2.50e-04 | Best_PSNR: 30.0145 in Epoch [241]
2022-07-08 06:46:08,850 INFO: Epoch: 290 | PSNR: 30.0037 | Loss: 5.6002 | lr: 2.50e-04 | Best_PSNR: 30.0145 in Epoch [241]
2022-07-08 06:47:06,842 INFO: Epoch: 291 | PSNR: 29.9802 | Loss: 5.6227 | lr: 2.50e-04 | Best_PSNR: 30.0145 in Epoch [241]
2022-07-08 06:48:04,795 INFO: Epoch: 292 | PSNR: 30.0020 | Loss: 5.6322 | lr: 2.50e-04 | Best_PSNR: 30.0145 in Epoch [241]
2022-07-08 06:49:02,569 INFO: Epoch: 293 | PSNR: 29.9886 | Loss: 5.5905 | lr: 2.50e-04 | Best_PSNR: 30.0145 in Epoch [241]
2022-07-08 06:50:00,200 INFO: Epoch: 294 | PSNR: 29.9874 | Loss: 5.6218 | lr: 2.50e-04 | Best_PSNR: 30.0145 in Epoch [241]
2022-07-08 06:50:58,244 INFO: Epoch: 295 | PSNR: 29.9894 | Loss: 5.5907 | lr: 2.50e-04 | Best_PSNR: 30.0145 in Epoch [241]
2022-07-08 06:51:56,208 INFO: Epoch: 296 | PSNR: 30.0036 | Loss: 5.6233 | lr: 2.50e-04 | Best_PSNR: 30.0145 in Epoch [241]
2022-07-08 06:52:54,169 INFO: Epoch: 297 | PSNR: 29.9800 | Loss: 5.6044 | lr: 2.50e-04 | Best_PSNR: 30.0145 in Epoch [241]
2022-07-08 06:53:52,288 INFO: Epoch: 298 | PSNR: 29.9926 | Loss: 5.5858 | lr: 2.50e-04 | Best_PSNR: 30.0145 in Epoch [241]
2022-07-08 06:54:50,009 INFO: Epoch: 299 | PSNR: 29.9764 | Loss: 5.5936 | lr: 2.50e-04 | Best_PSNR: 30.0145 in Epoch [241]
2022-07-08 06:55:48,228 INFO: Epoch: 300 | PSNR: 30.0076 | Loss: 5.6104 | lr: 2.50e-04 | Best_PSNR: 30.0145 in Epoch [241]
2022-07-08 06:56:46,257 INFO: Epoch: 301 | PSNR: 30.0098 | Loss: 5.6159 | lr: 2.50e-04 | Best_PSNR: 30.0145 in Epoch [241]
2022-07-08 06:57:44,237 INFO: Epoch: 302 | PSNR: 30.0073 | Loss: 5.6422 | lr: 2.50e-04 | Best_PSNR: 30.0145 in Epoch [241]
2022-07-08 06:58:42,074 INFO: Epoch: 303 | PSNR: 30.0005 | Loss: 5.6241 | lr: 2.50e-04 | Best_PSNR: 30.0145 in Epoch [241]
2022-07-08 06:59:40,111 INFO: Epoch: 304 | PSNR: 29.9841 | Loss: 5.6087 | lr: 2.50e-04 | Best_PSNR: 30.0145 in Epoch [241]
2022-07-08 07:00:38,227 INFO: Epoch: 305 | PSNR: 29.9901 | Loss: 5.5880 | lr: 2.50e-04 | Best_PSNR: 30.0145 in Epoch [241]
2022-07-08 07:01:35,205 INFO: Epoch: 306 | PSNR: 29.9784 | Loss: 5.6694 | lr: 2.50e-04 | Best_PSNR: 30.0145 in Epoch [241]
2022-07-08 07:02:32,913 INFO: Epoch: 307 | PSNR: 29.9846 | Loss: 5.6206 | lr: 2.50e-04 | Best_PSNR: 30.0145 in Epoch [241]
2022-07-08 07:03:31,093 INFO: Epoch: 308 | PSNR: 30.0078 | Loss: 5.6236 | lr: 2.50e-04 | Best_PSNR: 30.0145 in Epoch [241]
2022-07-08 07:04:29,155 INFO: Epoch: 309 | PSNR: 30.0025 | Loss: 5.6318 | lr: 2.50e-04 | Best_PSNR: 30.0145 in Epoch [241]
2022-07-08 07:05:27,155 INFO: Epoch: 310 | PSNR: 29.9959 | Loss: 5.5902 | lr: 2.50e-04 | Best_PSNR: 30.0145 in Epoch [241]
2022-07-08 07:06:25,286 INFO: Epoch: 311 | PSNR: 30.0029 | Loss: 5.6020 | lr: 2.50e-04 | Best_PSNR: 30.0145 in Epoch [241]
2022-07-08 07:07:23,341 INFO: Epoch: 312 | PSNR: 29.9908 | Loss: 5.5898 | lr: 2.50e-04 | Best_PSNR: 30.0145 in Epoch [241]
2022-07-08 07:08:21,690 INFO: Epoch: 313 | PSNR: 29.9860 | Loss: 5.5899 | lr: 2.50e-04 | Best_PSNR: 30.0145 in Epoch [241]
2022-07-08 07:09:19,575 INFO: Epoch: 314 | PSNR: 29.9958 | Loss: 5.5688 | lr: 2.50e-04 | Best_PSNR: 30.0145 in Epoch [241]
2022-07-08 07:10:17,478 INFO: Epoch: 315 | PSNR: 30.0041 | Loss: 5.6024 | lr: 2.50e-04 | Best_PSNR: 30.0145 in Epoch [241]
2022-07-08 07:11:15,235 INFO: Epoch: 316 | PSNR: 29.9953 | Loss: 5.6383 | lr: 2.50e-04 | Best_PSNR: 30.0145 in Epoch [241]
2022-07-08 07:12:12,945 INFO: Epoch: 317 | PSNR: 29.9739 | Loss: 5.5998 | lr: 2.50e-04 | Best_PSNR: 30.0145 in Epoch [241]
2022-07-08 07:13:10,852 INFO: Epoch: 318 | PSNR: 29.9872 | Loss: 5.5982 | lr: 2.50e-04 | Best_PSNR: 30.0145 in Epoch [241]
2022-07-08 07:14:08,973 INFO: Epoch: 319 | PSNR: 29.9864 | Loss: 5.6109 | lr: 2.50e-04 | Best_PSNR: 30.0145 in Epoch [241]
2022-07-08 07:15:06,751 INFO: Epoch: 320 | PSNR: 29.9910 | Loss: 5.6055 | lr: 2.50e-04 | Best_PSNR: 30.0145 in Epoch [241]
2022-07-08 07:16:04,864 INFO: Epoch: 321 | PSNR: 30.0034 | Loss: 5.5688 | lr: 2.50e-04 | Best_PSNR: 30.0145 in Epoch [241]
2022-07-08 07:17:02,829 INFO: Epoch: 322 | PSNR: 30.0036 | Loss: 5.6255 | lr: 2.50e-04 | Best_PSNR: 30.0145 in Epoch [241]
2022-07-08 07:18:00,707 INFO: Epoch: 323 | PSNR: 29.9784 | Loss: 5.6209 | lr: 2.50e-04 | Best_PSNR: 30.0145 in Epoch [241]
2022-07-08 07:18:58,544 INFO: Epoch: 324 | PSNR: 29.9623 | Loss: 5.5925 | lr: 2.50e-04 | Best_PSNR: 30.0145 in Epoch [241]
2022-07-08 07:19:56,703 INFO: Epoch: 325 | PSNR: 29.9809 | Loss: 5.6149 | lr: 2.50e-04 | Best_PSNR: 30.0145 in Epoch [241]
2022-07-08 07:20:54,487 INFO: Epoch: 326 | PSNR: 30.0021 | Loss: 5.5800 | lr: 2.50e-04 | Best_PSNR: 30.0145 in Epoch [241]
2022-07-08 07:21:52,723 INFO: Epoch: 327 | PSNR: 30.0062 | Loss: 5.6508 | lr: 2.50e-04 | Best_PSNR: 30.0145 in Epoch [241]
2022-07-08 07:22:50,633 INFO: Epoch: 328 | PSNR: 29.9764 | Loss: 5.6101 | lr: 2.50e-04 | Best_PSNR: 30.0145 in Epoch [241]
2022-07-08 07:23:48,765 INFO: Epoch: 329 | PSNR: 29.9958 | Loss: 5.6187 | lr: 2.50e-04 | Best_PSNR: 30.0145 in Epoch [241]
2022-07-08 07:24:46,955 INFO: Epoch: 330 | PSNR: 29.9756 | Loss: 5.6110 | lr: 2.50e-04 | Best_PSNR: 30.0145 in Epoch [241]
2022-07-08 07:25:45,253 INFO: Epoch: 331 | PSNR: 30.0003 | Loss: 5.6063 | lr: 2.50e-04 | Best_PSNR: 30.0145 in Epoch [241]
2022-07-08 07:26:43,101 INFO: Epoch: 332 | PSNR: 29.9814 | Loss: 5.6091 | lr: 2.50e-04 | Best_PSNR: 30.0145 in Epoch [241]
2022-07-08 07:27:40,999 INFO: Epoch: 333 | PSNR: 30.0048 | Loss: 5.6141 | lr: 2.50e-04 | Best_PSNR: 30.0145 in Epoch [241]
2022-07-08 07:28:38,645 INFO: Epoch: 334 | PSNR: 29.9926 | Loss: 5.6135 | lr: 2.50e-04 | Best_PSNR: 30.0145 in Epoch [241]
2022-07-08 07:29:36,836 INFO: Epoch: 335 | PSNR: 30.0015 | Loss: 5.6289 | lr: 2.50e-04 | Best_PSNR: 30.0145 in Epoch [241]
2022-07-08 07:30:34,695 INFO: Epoch: 336 | PSNR: 30.0093 | Loss: 5.6111 | lr: 2.50e-04 | Best_PSNR: 30.0145 in Epoch [241]
2022-07-08 07:31:32,937 INFO: Epoch: 337 | PSNR: 29.9962 | Loss: 5.6035 | lr: 2.50e-04 | Best_PSNR: 30.0145 in Epoch [241]
2022-07-08 07:32:30,716 INFO: Epoch: 338 | PSNR: 29.9940 | Loss: 5.6342 | lr: 2.50e-04 | Best_PSNR: 30.0145 in Epoch [241]
2022-07-08 07:33:28,675 INFO: Epoch: 339 | PSNR: 30.0020 | Loss: 5.6295 | lr: 2.50e-04 | Best_PSNR: 30.0145 in Epoch [241]
2022-07-08 07:34:26,536 INFO: Epoch: 340 | PSNR: 30.0065 | Loss: 5.5819 | lr: 2.50e-04 | Best_PSNR: 30.0145 in Epoch [241]
2022-07-08 07:35:24,531 INFO: Epoch: 341 | PSNR: 29.9993 | Loss: 5.6127 | lr: 2.50e-04 | Best_PSNR: 30.0145 in Epoch [241]
2022-07-08 07:36:22,457 INFO: Epoch: 342 | PSNR: 29.9824 | Loss: 5.6270 | lr: 2.50e-04 | Best_PSNR: 30.0145 in Epoch [241]
2022-07-08 07:37:20,517 INFO: Epoch: 343 | PSNR: 29.9910 | Loss: 5.6011 | lr: 2.50e-04 | Best_PSNR: 30.0145 in Epoch [241]
2022-07-08 07:38:18,543 INFO: Epoch: 344 | PSNR: 30.0074 | Loss: 5.5911 | lr: 2.50e-04 | Best_PSNR: 30.0145 in Epoch [241]
2022-07-08 07:39:16,617 INFO: Epoch: 345 | PSNR: 29.9937 | Loss: 5.6099 | lr: 2.50e-04 | Best_PSNR: 30.0145 in Epoch [241]
2022-07-08 07:40:12,428 INFO: Epoch: 346 | PSNR: 30.0056 | Loss: 5.5859 | lr: 2.50e-04 | Best_PSNR: 30.0145 in Epoch [241]
2022-07-08 07:41:10,190 INFO: Epoch: 347 | PSNR: 29.9991 | Loss: 5.5828 | lr: 2.50e-04 | Best_PSNR: 30.0145 in Epoch [241]
2022-07-08 07:42:08,023 INFO: Epoch: 348 | PSNR: 30.0022 | Loss: 5.6043 | lr: 2.50e-04 | Best_PSNR: 30.0145 in Epoch [241]
2022-07-08 07:43:05,599 INFO: Epoch: 349 | PSNR: 30.0019 | Loss: 5.5788 | lr: 2.50e-04 | Best_PSNR: 30.0145 in Epoch [241]
2022-07-08 07:44:03,500 INFO: Epoch: 350 | PSNR: 29.9961 | Loss: 5.5734 | lr: 2.50e-04 | Best_PSNR: 30.0145 in Epoch [241]
2022-07-08 07:45:01,227 INFO: Epoch: 351 | PSNR: 30.0029 | Loss: 5.6134 | lr: 2.50e-04 | Best_PSNR: 30.0145 in Epoch [241]
2022-07-08 07:45:58,926 INFO: Epoch: 352 | PSNR: 29.9913 | Loss: 5.6383 | lr: 2.50e-04 | Best_PSNR: 30.0145 in Epoch [241]
2022-07-08 07:46:56,805 INFO: Epoch: 353 | PSNR: 29.9921 | Loss: 5.5899 | lr: 2.50e-04 | Best_PSNR: 30.0145 in Epoch [241]
2022-07-08 07:47:54,707 INFO: Epoch: 354 | PSNR: 29.9938 | Loss: 5.6305 | lr: 2.50e-04 | Best_PSNR: 30.0145 in Epoch [241]
2022-07-08 07:48:52,653 INFO: Epoch: 355 | PSNR: 30.0031 | Loss: 5.6033 | lr: 2.50e-04 | Best_PSNR: 30.0145 in Epoch [241]
2022-07-08 07:49:50,835 INFO: Epoch: 356 | PSNR: 30.0115 | Loss: 5.6276 | lr: 2.50e-04 | Best_PSNR: 30.0145 in Epoch [241]
2022-07-08 07:50:48,773 INFO: Epoch: 357 | PSNR: 29.9984 | Loss: 5.5961 | lr: 2.50e-04 | Best_PSNR: 30.0145 in Epoch [241]
2022-07-08 07:51:46,640 INFO: Epoch: 358 | PSNR: 29.9991 | Loss: 5.5936 | lr: 2.50e-04 | Best_PSNR: 30.0145 in Epoch [241]
2022-07-08 07:52:44,559 INFO: Epoch: 359 | PSNR: 29.9821 | Loss: 5.6074 | lr: 2.50e-04 | Best_PSNR: 30.0145 in Epoch [241]
2022-07-08 07:53:42,675 INFO: Epoch: 360 | PSNR: 30.0032 | Loss: 5.6299 | lr: 2.50e-04 | Best_PSNR: 30.0145 in Epoch [241]
2022-07-08 07:54:40,627 INFO: Epoch: 361 | PSNR: 30.0025 | Loss: 5.5819 | lr: 1.25e-04 | Best_PSNR: 30.0145 in Epoch [241]
2022-07-08 07:55:38,472 INFO: Epoch: 362 | PSNR: 30.0039 | Loss: 5.5986 | lr: 1.25e-04 | Best_PSNR: 30.0145 in Epoch [241]
2022-07-08 07:56:36,324 INFO: Epoch: 363 | PSNR: 30.0060 | Loss: 5.6025 | lr: 1.25e-04 | Best_PSNR: 30.0145 in Epoch [241]
2022-07-08 07:57:34,399 INFO: Epoch: 364 | PSNR: 29.9862 | Loss: 5.5938 | lr: 1.25e-04 | Best_PSNR: 30.0145 in Epoch [241]
2022-07-08 07:58:32,591 INFO: Epoch: 365 | PSNR: 29.9968 | Loss: 5.5742 | lr: 1.25e-04 | Best_PSNR: 30.0145 in Epoch [241]
2022-07-08 07:59:30,412 INFO: Epoch: 366 | PSNR: 30.0039 | Loss: 5.5979 | lr: 1.25e-04 | Best_PSNR: 30.0145 in Epoch [241]
2022-07-08 08:00:52,022 INFO: Epoch: 367 | PSNR: 30.0090 | Loss: 5.5957 | lr: 1.25e-04 | Best_PSNR: 30.0145 in Epoch [241]
2022-07-08 08:01:50,060 INFO: Epoch: 368 | PSNR: 30.0126 | Loss: 5.5892 | lr: 1.25e-04 | Best_PSNR: 30.0145 in Epoch [241]
2022-07-08 08:02:47,747 INFO: Epoch: 369 | PSNR: 30.0030 | Loss: 5.5886 | lr: 1.25e-04 | Best_PSNR: 30.0145 in Epoch [241]
2022-07-08 08:03:45,777 INFO: Epoch: 370 | PSNR: 29.9918 | Loss: 5.6268 | lr: 1.25e-04 | Best_PSNR: 30.0145 in Epoch [241]
2022-07-08 08:04:43,491 INFO: Epoch: 371 | PSNR: 30.0071 | Loss: 5.6276 | lr: 1.25e-04 | Best_PSNR: 30.0145 in Epoch [241]
2022-07-08 08:05:41,390 INFO: Epoch: 372 | PSNR: 29.9980 | Loss: 5.6101 | lr: 1.25e-04 | Best_PSNR: 30.0145 in Epoch [241]
2022-07-08 08:06:39,244 INFO: Epoch: 373 | PSNR: 29.9969 | Loss: 5.6245 | lr: 1.25e-04 | Best_PSNR: 30.0145 in Epoch [241]
2022-07-08 08:07:37,157 INFO: Epoch: 374 | PSNR: 30.0047 | Loss: 5.5979 | lr: 1.25e-04 | Best_PSNR: 30.0145 in Epoch [241]
2022-07-08 08:08:34,854 INFO: Epoch: 375 | PSNR: 30.0006 | Loss: 5.6109 | lr: 1.25e-04 | Best_PSNR: 30.0145 in Epoch [241]
2022-07-08 08:09:32,595 INFO: Epoch: 376 | PSNR: 30.0023 | Loss: 5.6307 | lr: 1.25e-04 | Best_PSNR: 30.0145 in Epoch [241]
2022-07-08 08:10:30,807 INFO: Epoch: 377 | PSNR: 30.0014 | Loss: 5.5991 | lr: 1.25e-04 | Best_PSNR: 30.0145 in Epoch [241]
2022-07-08 08:11:28,777 INFO: Epoch: 378 | PSNR: 30.0080 | Loss: 5.5569 | lr: 1.25e-04 | Best_PSNR: 30.0145 in Epoch [241]
2022-07-08 08:12:26,560 INFO: Epoch: 379 | PSNR: 30.0112 | Loss: 5.6181 | lr: 1.25e-04 | Best_PSNR: 30.0145 in Epoch [241]
2022-07-08 08:13:24,491 INFO: Epoch: 380 | PSNR: 30.0094 | Loss: 5.5975 | lr: 1.25e-04 | Best_PSNR: 30.0145 in Epoch [241]
2022-07-08 08:14:22,382 INFO: Epoch: 381 | PSNR: 30.0040 | Loss: 5.5903 | lr: 1.25e-04 | Best_PSNR: 30.0145 in Epoch [241]
2022-07-08 08:15:19,987 INFO: Epoch: 382 | PSNR: 29.9949 | Loss: 5.6060 | lr: 1.25e-04 | Best_PSNR: 30.0145 in Epoch [241]
2022-07-08 08:16:17,893 INFO: Epoch: 383 | PSNR: 30.0062 | Loss: 5.5938 | lr: 1.25e-04 | Best_PSNR: 30.0145 in Epoch [241]
2022-07-08 08:17:15,386 INFO: Epoch: 384 | PSNR: 30.0041 | Loss: 5.6341 | lr: 1.25e-04 | Best_PSNR: 30.0145 in Epoch [241]
2022-07-08 08:18:13,452 INFO: Epoch: 385 | PSNR: 30.0007 | Loss: 5.5892 | lr: 1.25e-04 | Best_PSNR: 30.0145 in Epoch [241]
2022-07-08 08:19:07,812 INFO: Epoch: 386 | PSNR: 29.9924 | Loss: 5.6008 | lr: 1.25e-04 | Best_PSNR: 30.0145 in Epoch [241]
2022-07-08 08:20:05,453 INFO: Epoch: 387 | PSNR: 30.0103 | Loss: 5.5816 | lr: 1.25e-04 | Best_PSNR: 30.0145 in Epoch [241]
2022-07-08 08:21:02,746 INFO: Epoch: 388 | PSNR: 29.9972 | Loss: 5.5881 | lr: 1.25e-04 | Best_PSNR: 30.0145 in Epoch [241]
2022-07-08 08:22:00,457 INFO: Epoch: 389 | PSNR: 29.9981 | Loss: 5.6088 | lr: 1.25e-04 | Best_PSNR: 30.0145 in Epoch [241]
2022-07-08 08:22:57,869 INFO: Epoch: 390 | PSNR: 30.0097 | Loss: 5.6011 | lr: 1.25e-04 | Best_PSNR: 30.0145 in Epoch [241]
2022-07-08 08:23:55,980 INFO: Epoch: 391 | PSNR: 30.0121 | Loss: 5.5980 | lr: 1.25e-04 | Best_PSNR: 30.0145 in Epoch [241]
2022-07-08 08:24:53,732 INFO: Epoch: 392 | PSNR: 30.0072 | Loss: 5.5893 | lr: 1.25e-04 | Best_PSNR: 30.0145 in Epoch [241]
2022-07-08 08:25:51,435 INFO: Epoch: 393 | PSNR: 30.0044 | Loss: 5.5782 | lr: 1.25e-04 | Best_PSNR: 30.0145 in Epoch [241]
2022-07-08 08:26:48,935 INFO: Epoch: 394 | PSNR: 30.0125 | Loss: 5.5638 | lr: 1.25e-04 | Best_PSNR: 30.0145 in Epoch [241]
2022-07-08 08:27:46,749 INFO: Epoch: 395 | PSNR: 30.0086 | Loss: 5.5989 | lr: 1.25e-04 | Best_PSNR: 30.0145 in Epoch [241]
2022-07-08 08:28:44,431 INFO: Epoch: 396 | PSNR: 29.9994 | Loss: 5.5876 | lr: 1.25e-04 | Best_PSNR: 30.0145 in Epoch [241]
2022-07-08 08:29:42,308 INFO: Epoch: 397 | PSNR: 30.0121 | Loss: 5.6210 | lr: 1.25e-04 | Best_PSNR: 30.0145 in Epoch [241]
2022-07-08 08:30:39,969 INFO: Epoch: 398 | PSNR: 30.0118 | Loss: 5.6198 | lr: 1.25e-04 | Best_PSNR: 30.0145 in Epoch [241]
2022-07-08 08:31:37,388 INFO: Epoch: 399 | PSNR: 29.9997 | Loss: 5.5959 | lr: 1.25e-04 | Best_PSNR: 30.0145 in Epoch [241]
2022-07-08 08:32:36,539 INFO: Epoch: 400 | PSNR: 30.0165 | Loss: 5.6213 | lr: 1.25e-04 | Best_PSNR: 30.0165 in Epoch [400]
2022-07-08 08:33:34,486 INFO: Epoch: 401 | PSNR: 30.0022 | Loss: 5.5794 | lr: 1.25e-04 | Best_PSNR: 30.0165 in Epoch [400]
2022-07-08 08:34:32,309 INFO: Epoch: 402 | PSNR: 30.0000 | Loss: 5.5702 | lr: 1.25e-04 | Best_PSNR: 30.0165 in Epoch [400]
2022-07-08 08:35:30,017 INFO: Epoch: 403 | PSNR: 30.0065 | Loss: 5.6020 | lr: 1.25e-04 | Best_PSNR: 30.0165 in Epoch [400]
2022-07-08 08:36:27,872 INFO: Epoch: 404 | PSNR: 29.9944 | Loss: 5.6132 | lr: 1.25e-04 | Best_PSNR: 30.0165 in Epoch [400]
2022-07-08 08:37:25,801 INFO: Epoch: 405 | PSNR: 30.0102 | Loss: 5.6377 | lr: 1.25e-04 | Best_PSNR: 30.0165 in Epoch [400]
2022-07-08 08:38:23,834 INFO: Epoch: 406 | PSNR: 29.9974 | Loss: 5.5924 | lr: 1.25e-04 | Best_PSNR: 30.0165 in Epoch [400]
2022-07-08 08:39:21,719 INFO: Epoch: 407 | PSNR: 30.0144 | Loss: 5.5677 | lr: 1.25e-04 | Best_PSNR: 30.0165 in Epoch [400]
2022-07-08 08:40:19,654 INFO: Epoch: 408 | PSNR: 29.9992 | Loss: 5.6065 | lr: 1.25e-04 | Best_PSNR: 30.0165 in Epoch [400]
2022-07-08 08:41:17,308 INFO: Epoch: 409 | PSNR: 30.0147 | Loss: 5.6108 | lr: 1.25e-04 | Best_PSNR: 30.0165 in Epoch [400]
2022-07-08 08:42:15,225 INFO: Epoch: 410 | PSNR: 30.0036 | Loss: 5.6213 | lr: 1.25e-04 | Best_PSNR: 30.0165 in Epoch [400]
2022-07-08 08:43:12,721 INFO: Epoch: 411 | PSNR: 30.0011 | Loss: 5.5866 | lr: 1.25e-04 | Best_PSNR: 30.0165 in Epoch [400]
2022-07-08 08:44:10,957 INFO: Epoch: 412 | PSNR: 29.9939 | Loss: 5.5945 | lr: 1.25e-04 | Best_PSNR: 30.0165 in Epoch [400]
2022-07-08 08:45:08,585 INFO: Epoch: 413 | PSNR: 30.0131 | Loss: 5.6473 | lr: 1.25e-04 | Best_PSNR: 30.0165 in Epoch [400]
2022-07-08 08:46:06,356 INFO: Epoch: 414 | PSNR: 30.0062 | Loss: 5.5977 | lr: 1.25e-04 | Best_PSNR: 30.0165 in Epoch [400]
2022-07-08 08:47:04,139 INFO: Epoch: 415 | PSNR: 29.9991 | Loss: 5.5925 | lr: 1.25e-04 | Best_PSNR: 30.0165 in Epoch [400]
2022-07-08 08:48:02,039 INFO: Epoch: 416 | PSNR: 30.0000 | Loss: 5.6003 | lr: 1.25e-04 | Best_PSNR: 30.0165 in Epoch [400]
2022-07-08 08:48:59,858 INFO: Epoch: 417 | PSNR: 30.0006 | Loss: 5.5929 | lr: 1.25e-04 | Best_PSNR: 30.0165 in Epoch [400]
2022-07-08 08:49:57,904 INFO: Epoch: 418 | PSNR: 30.0020 | Loss: 5.5832 | lr: 1.25e-04 | Best_PSNR: 30.0165 in Epoch [400]
2022-07-08 08:50:55,751 INFO: Epoch: 419 | PSNR: 30.0007 | Loss: 5.6091 | lr: 1.25e-04 | Best_PSNR: 30.0165 in Epoch [400]
2022-07-08 08:51:53,705 INFO: Epoch: 420 | PSNR: 30.0120 | Loss: 5.6117 | lr: 1.25e-04 | Best_PSNR: 30.0165 in Epoch [400]
2022-07-08 08:52:51,371 INFO: Epoch: 421 | PSNR: 30.0060 | Loss: 5.5962 | lr: 1.25e-04 | Best_PSNR: 30.0165 in Epoch [400]
2022-07-08 08:53:49,245 INFO: Epoch: 422 | PSNR: 30.0091 | Loss: 5.6157 | lr: 1.25e-04 | Best_PSNR: 30.0165 in Epoch [400]
2022-07-08 08:54:47,128 INFO: Epoch: 423 | PSNR: 29.9993 | Loss: 5.6338 | lr: 1.25e-04 | Best_PSNR: 30.0165 in Epoch [400]
2022-07-08 08:55:44,804 INFO: Epoch: 424 | PSNR: 30.0110 | Loss: 5.5826 | lr: 1.25e-04 | Best_PSNR: 30.0165 in Epoch [400]
2022-07-08 08:56:42,586 INFO: Epoch: 425 | PSNR: 30.0152 | Loss: 5.6341 | lr: 1.25e-04 | Best_PSNR: 30.0165 in Epoch [400]
2022-07-08 08:57:42,009 INFO: Epoch: 426 | PSNR: 30.0061 | Loss: 5.5921 | lr: 1.25e-04 | Best_PSNR: 30.0165 in Epoch [400]
2022-07-08 08:58:43,459 INFO: Epoch: 427 | PSNR: 29.9977 | Loss: 5.5752 | lr: 1.25e-04 | Best_PSNR: 30.0165 in Epoch [400]
2022-07-08 08:59:44,576 INFO: Epoch: 428 | PSNR: 30.0124 | Loss: 5.6095 | lr: 1.25e-04 | Best_PSNR: 30.0165 in Epoch [400]
2022-07-08 09:00:43,728 INFO: Epoch: 429 | PSNR: 30.0034 | Loss: 5.6013 | lr: 1.25e-04 | Best_PSNR: 30.0165 in Epoch [400]
2022-07-08 09:01:43,325 INFO: Epoch: 430 | PSNR: 29.9982 | Loss: 5.5928 | lr: 1.25e-04 | Best_PSNR: 30.0165 in Epoch [400]
2022-07-08 09:02:42,564 INFO: Epoch: 431 | PSNR: 29.9976 | Loss: 5.6004 | lr: 1.25e-04 | Best_PSNR: 30.0165 in Epoch [400]
2022-07-08 09:03:41,058 INFO: Epoch: 432 | PSNR: 30.0013 | Loss: 5.5973 | lr: 1.25e-04 | Best_PSNR: 30.0165 in Epoch [400]
2022-07-08 09:04:39,223 INFO: Epoch: 433 | PSNR: 29.9813 | Loss: 5.6261 | lr: 1.25e-04 | Best_PSNR: 30.0165 in Epoch [400]
2022-07-08 09:05:37,117 INFO: Epoch: 434 | PSNR: 29.9918 | Loss: 5.6194 | lr: 1.25e-04 | Best_PSNR: 30.0165 in Epoch [400]
2022-07-08 09:06:35,208 INFO: Epoch: 435 | PSNR: 29.9698 | Loss: 5.5998 | lr: 1.25e-04 | Best_PSNR: 30.0165 in Epoch [400]
2022-07-08 09:07:33,787 INFO: Epoch: 436 | PSNR: 29.9992 | Loss: 5.6186 | lr: 1.25e-04 | Best_PSNR: 30.0165 in Epoch [400]
2022-07-08 09:08:32,228 INFO: Epoch: 437 | PSNR: 29.9984 | Loss: 5.6007 | lr: 1.25e-04 | Best_PSNR: 30.0165 in Epoch [400]
2022-07-08 09:09:30,038 INFO: Epoch: 438 | PSNR: 30.0085 | Loss: 5.6555 | lr: 1.25e-04 | Best_PSNR: 30.0165 in Epoch [400]
2022-07-08 09:10:28,090 INFO: Epoch: 439 | PSNR: 30.0122 | Loss: 5.6325 | lr: 1.25e-04 | Best_PSNR: 30.0165 in Epoch [400]
2022-07-08 09:11:25,664 INFO: Epoch: 440 | PSNR: 29.9942 | Loss: 5.5902 | lr: 1.25e-04 | Best_PSNR: 30.0165 in Epoch [400]
2022-07-08 09:12:24,850 INFO: Epoch: 441 | PSNR: 30.0174 | Loss: 5.6024 | lr: 1.25e-04 | Best_PSNR: 30.0174 in Epoch [441]
2022-07-08 09:13:22,781 INFO: Epoch: 442 | PSNR: 30.0029 | Loss: 5.5963 | lr: 1.25e-04 | Best_PSNR: 30.0174 in Epoch [441]
2022-07-08 09:14:20,818 INFO: Epoch: 443 | PSNR: 29.9939 | Loss: 5.5911 | lr: 1.25e-04 | Best_PSNR: 30.0174 in Epoch [441]
2022-07-08 09:15:18,692 INFO: Epoch: 444 | PSNR: 29.9963 | Loss: 5.5921 | lr: 1.25e-04 | Best_PSNR: 30.0174 in Epoch [441]
2022-07-08 09:16:16,707 INFO: Epoch: 445 | PSNR: 30.0006 | Loss: 5.5787 | lr: 1.25e-04 | Best_PSNR: 30.0174 in Epoch [441]
2022-07-08 09:17:14,705 INFO: Epoch: 446 | PSNR: 30.0066 | Loss: 5.5930 | lr: 1.25e-04 | Best_PSNR: 30.0174 in Epoch [441]
2022-07-08 09:18:12,851 INFO: Epoch: 447 | PSNR: 30.0046 | Loss: 5.6167 | lr: 1.25e-04 | Best_PSNR: 30.0174 in Epoch [441]
2022-07-08 09:19:10,974 INFO: Epoch: 448 | PSNR: 30.0067 | Loss: 5.6267 | lr: 1.25e-04 | Best_PSNR: 30.0174 in Epoch [441]
2022-07-08 09:20:09,071 INFO: Epoch: 449 | PSNR: 29.9969 | Loss: 5.5868 | lr: 1.25e-04 | Best_PSNR: 30.0174 in Epoch [441]
2022-07-08 09:21:06,848 INFO: Epoch: 450 | PSNR: 30.0110 | Loss: 5.6117 | lr: 1.25e-04 | Best_PSNR: 30.0174 in Epoch [441]
2022-07-08 09:22:04,882 INFO: Epoch: 451 | PSNR: 29.9991 | Loss: 5.6176 | lr: 1.25e-04 | Best_PSNR: 30.0174 in Epoch [441]
2022-07-08 09:23:02,531 INFO: Epoch: 452 | PSNR: 30.0078 | Loss: 5.5782 | lr: 1.25e-04 | Best_PSNR: 30.0174 in Epoch [441]
2022-07-08 09:24:00,718 INFO: Epoch: 453 | PSNR: 29.9996 | Loss: 5.5779 | lr: 1.25e-04 | Best_PSNR: 30.0174 in Epoch [441]
2022-07-08 09:24:58,697 INFO: Epoch: 454 | PSNR: 30.0041 | Loss: 5.5764 | lr: 1.25e-04 | Best_PSNR: 30.0174 in Epoch [441]
2022-07-08 09:25:56,407 INFO: Epoch: 455 | PSNR: 30.0106 | Loss: 5.6416 | lr: 1.25e-04 | Best_PSNR: 30.0174 in Epoch [441]
2022-07-08 09:26:54,390 INFO: Epoch: 456 | PSNR: 29.9917 | Loss: 5.5986 | lr: 1.25e-04 | Best_PSNR: 30.0174 in Epoch [441]
2022-07-08 09:27:52,091 INFO: Epoch: 457 | PSNR: 30.0136 | Loss: 5.6070 | lr: 1.25e-04 | Best_PSNR: 30.0174 in Epoch [441]
2022-07-08 09:28:50,417 INFO: Epoch: 458 | PSNR: 29.9955 | Loss: 5.6001 | lr: 1.25e-04 | Best_PSNR: 30.0174 in Epoch [441]
2022-07-08 09:29:48,159 INFO: Epoch: 459 | PSNR: 30.0039 | Loss: 5.5721 | lr: 1.25e-04 | Best_PSNR: 30.0174 in Epoch [441]
2022-07-08 09:30:46,260 INFO: Epoch: 460 | PSNR: 30.0059 | Loss: 5.5778 | lr: 1.25e-04 | Best_PSNR: 30.0174 in Epoch [441]
2022-07-08 09:31:44,176 INFO: Epoch: 461 | PSNR: 30.0028 | Loss: 5.6213 | lr: 1.25e-04 | Best_PSNR: 30.0174 in Epoch [441]
2022-07-08 09:32:42,435 INFO: Epoch: 462 | PSNR: 30.0136 | Loss: 5.6078 | lr: 1.25e-04 | Best_PSNR: 30.0174 in Epoch [441]
2022-07-08 09:33:40,469 INFO: Epoch: 463 | PSNR: 30.0064 | Loss: 5.5988 | lr: 1.25e-04 | Best_PSNR: 30.0174 in Epoch [441]
2022-07-08 09:34:38,587 INFO: Epoch: 464 | PSNR: 30.0078 | Loss: 5.5855 | lr: 1.25e-04 | Best_PSNR: 30.0174 in Epoch [441]
2022-07-08 09:35:33,210 INFO: Epoch: 465 | PSNR: 29.9837 | Loss: 5.6099 | lr: 1.25e-04 | Best_PSNR: 30.0174 in Epoch [441]
2022-07-08 09:36:30,891 INFO: Epoch: 466 | PSNR: 29.9895 | Loss: 5.6118 | lr: 1.25e-04 | Best_PSNR: 30.0174 in Epoch [441]
2022-07-08 09:37:28,578 INFO: Epoch: 467 | PSNR: 29.9899 | Loss: 5.5796 | lr: 1.25e-04 | Best_PSNR: 30.0174 in Epoch [441]
2022-07-08 09:38:26,677 INFO: Epoch: 468 | PSNR: 30.0032 | Loss: 5.5897 | lr: 1.25e-04 | Best_PSNR: 30.0174 in Epoch [441]
2022-07-08 09:39:24,821 INFO: Epoch: 469 | PSNR: 30.0028 | Loss: 5.5824 | lr: 1.25e-04 | Best_PSNR: 30.0174 in Epoch [441]
2022-07-08 09:40:23,054 INFO: Epoch: 470 | PSNR: 29.9990 | Loss: 5.6467 | lr: 1.25e-04 | Best_PSNR: 30.0174 in Epoch [441]
2022-07-08 09:41:20,874 INFO: Epoch: 471 | PSNR: 30.0055 | Loss: 5.6123 | lr: 1.25e-04 | Best_PSNR: 30.0174 in Epoch [441]
2022-07-08 09:42:18,782 INFO: Epoch: 472 | PSNR: 30.0042 | Loss: 5.5595 | lr: 1.25e-04 | Best_PSNR: 30.0174 in Epoch [441]
2022-07-08 09:43:16,654 INFO: Epoch: 473 | PSNR: 29.9825 | Loss: 5.5813 | lr: 1.25e-04 | Best_PSNR: 30.0174 in Epoch [441]
2022-07-08 09:44:14,780 INFO: Epoch: 474 | PSNR: 29.9969 | Loss: 5.6408 | lr: 1.25e-04 | Best_PSNR: 30.0174 in Epoch [441]
2022-07-08 09:45:12,907 INFO: Epoch: 475 | PSNR: 29.9948 | Loss: 5.5660 | lr: 1.25e-04 | Best_PSNR: 30.0174 in Epoch [441]
2022-07-08 09:46:10,883 INFO: Epoch: 476 | PSNR: 30.0063 | Loss: 5.5991 | lr: 1.25e-04 | Best_PSNR: 30.0174 in Epoch [441]
2022-07-08 09:47:08,747 INFO: Epoch: 477 | PSNR: 29.9941 | Loss: 5.5754 | lr: 1.25e-04 | Best_PSNR: 30.0174 in Epoch [441]
2022-07-08 09:48:06,980 INFO: Epoch: 478 | PSNR: 30.0127 | Loss: 5.6068 | lr: 1.25e-04 | Best_PSNR: 30.0174 in Epoch [441]
2022-07-08 09:49:05,063 INFO: Epoch: 479 | PSNR: 30.0058 | Loss: 5.6403 | lr: 1.25e-04 | Best_PSNR: 30.0174 in Epoch [441]
2022-07-08 09:50:02,864 INFO: Epoch: 480 | PSNR: 29.9936 | Loss: 5.6186 | lr: 1.25e-04 | Best_PSNR: 30.0174 in Epoch [441]
2022-07-08 09:51:00,980 INFO: Epoch: 481 | PSNR: 30.0083 | Loss: 5.6001 | lr: 6.25e-05 | Best_PSNR: 30.0174 in Epoch [441]
2022-07-08 09:51:58,869 INFO: Epoch: 482 | PSNR: 30.0101 | Loss: 5.6190 | lr: 6.25e-05 | Best_PSNR: 30.0174 in Epoch [441]
2022-07-08 09:52:57,078 INFO: Epoch: 483 | PSNR: 30.0022 | Loss: 5.6015 | lr: 6.25e-05 | Best_PSNR: 30.0174 in Epoch [441]
2022-07-08 09:53:55,093 INFO: Epoch: 484 | PSNR: 30.0008 | Loss: 5.6429 | lr: 6.25e-05 | Best_PSNR: 30.0174 in Epoch [441]
2022-07-08 09:54:53,041 INFO: Epoch: 485 | PSNR: 30.0119 | Loss: 5.6176 | lr: 6.25e-05 | Best_PSNR: 30.0174 in Epoch [441]
2022-07-08 09:55:50,723 INFO: Epoch: 486 | PSNR: 30.0037 | Loss: 5.5977 | lr: 6.25e-05 | Best_PSNR: 30.0174 in Epoch [441]
2022-07-08 09:56:48,703 INFO: Epoch: 487 | PSNR: 30.0136 | Loss: 5.6096 | lr: 6.25e-05 | Best_PSNR: 30.0174 in Epoch [441]
2022-07-08 09:57:46,705 INFO: Epoch: 488 | PSNR: 29.9987 | Loss: 5.6338 | lr: 6.25e-05 | Best_PSNR: 30.0174 in Epoch [441]
2022-07-08 09:58:44,988 INFO: Epoch: 489 | PSNR: 30.0158 | Loss: 5.6335 | lr: 6.25e-05 | Best_PSNR: 30.0174 in Epoch [441]
2022-07-08 09:59:42,923 INFO: Epoch: 490 | PSNR: 29.9827 | Loss: 5.6261 | lr: 6.25e-05 | Best_PSNR: 30.0174 in Epoch [441]
2022-07-08 10:00:42,152 INFO: Epoch: 491 | PSNR: 30.0186 | Loss: 5.6026 | lr: 6.25e-05 | Best_PSNR: 30.0186 in Epoch [491]
2022-07-08 10:01:40,157 INFO: Epoch: 492 | PSNR: 30.0065 | Loss: 5.6150 | lr: 6.25e-05 | Best_PSNR: 30.0186 in Epoch [491]
2022-07-08 10:02:38,400 INFO: Epoch: 493 | PSNR: 30.0120 | Loss: 5.6259 | lr: 6.25e-05 | Best_PSNR: 30.0186 in Epoch [491]
2022-07-08 10:03:36,612 INFO: Epoch: 494 | PSNR: 30.0121 | Loss: 5.6470 | lr: 6.25e-05 | Best_PSNR: 30.0186 in Epoch [491]
2022-07-08 10:04:34,696 INFO: Epoch: 495 | PSNR: 29.9922 | Loss: 5.5851 | lr: 6.25e-05 | Best_PSNR: 30.0186 in Epoch [491]
2022-07-08 10:05:33,853 INFO: Epoch: 496 | PSNR: 30.0221 | Loss: 5.6378 | lr: 6.25e-05 | Best_PSNR: 30.0221 in Epoch [496]
2022-07-08 10:06:32,150 INFO: Epoch: 497 | PSNR: 29.9954 | Loss: 5.6015 | lr: 6.25e-05 | Best_PSNR: 30.0221 in Epoch [496]
2022-07-08 10:07:30,198 INFO: Epoch: 498 | PSNR: 30.0054 | Loss: 5.5707 | lr: 6.25e-05 | Best_PSNR: 30.0221 in Epoch [496]
2022-07-08 10:08:28,237 INFO: Epoch: 499 | PSNR: 30.0173 | Loss: 5.6029 | lr: 6.25e-05 | Best_PSNR: 30.0221 in Epoch [496]
2022-07-08 10:09:27,423 INFO: Epoch: 500 | PSNR: 30.0239 | Loss: 5.5956 | lr: 6.25e-05 | Best_PSNR: 30.0239 in Epoch [500]
2022-07-08 10:10:25,224 INFO: Epoch: 501 | PSNR: 30.0112 | Loss: 5.6037 | lr: 6.25e-05 | Best_PSNR: 30.0239 in Epoch [500]
2022-07-08 10:11:23,176 INFO: Epoch: 502 | PSNR: 29.9919 | Loss: 5.5942 | lr: 6.25e-05 | Best_PSNR: 30.0239 in Epoch [500]
2022-07-08 10:12:21,428 INFO: Epoch: 503 | PSNR: 29.9824 | Loss: 5.6044 | lr: 6.25e-05 | Best_PSNR: 30.0239 in Epoch [500]
2022-07-08 10:13:19,357 INFO: Epoch: 504 | PSNR: 30.0008 | Loss: 5.5543 | lr: 6.25e-05 | Best_PSNR: 30.0239 in Epoch [500]
2022-07-08 10:14:13,756 INFO: Epoch: 505 | PSNR: 30.0063 | Loss: 5.6024 | lr: 6.25e-05 | Best_PSNR: 30.0239 in Epoch [500]
2022-07-08 10:15:11,547 INFO: Epoch: 506 | PSNR: 30.0133 | Loss: 5.5974 | lr: 6.25e-05 | Best_PSNR: 30.0239 in Epoch [500]
2022-07-08 10:16:09,514 INFO: Epoch: 507 | PSNR: 30.0137 | Loss: 5.5935 | lr: 6.25e-05 | Best_PSNR: 30.0239 in Epoch [500]
2022-07-08 10:17:07,772 INFO: Epoch: 508 | PSNR: 30.0078 | Loss: 5.6157 | lr: 6.25e-05 | Best_PSNR: 30.0239 in Epoch [500]
2022-07-08 10:18:05,774 INFO: Epoch: 509 | PSNR: 30.0000 | Loss: 5.6301 | lr: 6.25e-05 | Best_PSNR: 30.0239 in Epoch [500]
2022-07-08 10:19:03,878 INFO: Epoch: 510 | PSNR: 30.0064 | Loss: 5.6187 | lr: 6.25e-05 | Best_PSNR: 30.0239 in Epoch [500]
2022-07-08 10:20:01,528 INFO: Epoch: 511 | PSNR: 30.0085 | Loss: 5.5858 | lr: 6.25e-05 | Best_PSNR: 30.0239 in Epoch [500]
2022-07-08 10:20:59,589 INFO: Epoch: 512 | PSNR: 30.0002 | Loss: 5.6437 | lr: 6.25e-05 | Best_PSNR: 30.0239 in Epoch [500]
2022-07-08 10:21:57,558 INFO: Epoch: 513 | PSNR: 30.0187 | Loss: 5.6144 | lr: 6.25e-05 | Best_PSNR: 30.0239 in Epoch [500]
2022-07-08 10:22:55,688 INFO: Epoch: 514 | PSNR: 30.0175 | Loss: 5.6026 | lr: 6.25e-05 | Best_PSNR: 30.0239 in Epoch [500]
2022-07-08 10:23:53,415 INFO: Epoch: 515 | PSNR: 29.9999 | Loss: 5.5659 | lr: 6.25e-05 | Best_PSNR: 30.0239 in Epoch [500]
2022-07-08 10:24:51,465 INFO: Epoch: 516 | PSNR: 30.0070 | Loss: 5.6539 | lr: 6.25e-05 | Best_PSNR: 30.0239 in Epoch [500]
2022-07-08 10:25:49,711 INFO: Epoch: 517 | PSNR: 30.0131 | Loss: 5.5830 | lr: 6.25e-05 | Best_PSNR: 30.0239 in Epoch [500]
2022-07-08 10:26:47,780 INFO: Epoch: 518 | PSNR: 30.0111 | Loss: 5.6015 | lr: 6.25e-05 | Best_PSNR: 30.0239 in Epoch [500]
2022-07-08 10:27:46,064 INFO: Epoch: 519 | PSNR: 30.0047 | Loss: 5.5896 | lr: 6.25e-05 | Best_PSNR: 30.0239 in Epoch [500]
2022-07-08 10:28:44,417 INFO: Epoch: 520 | PSNR: 29.9933 | Loss: 5.5767 | lr: 6.25e-05 | Best_PSNR: 30.0239 in Epoch [500]
2022-07-08 10:29:42,308 INFO: Epoch: 521 | PSNR: 30.0056 | Loss: 5.6330 | lr: 6.25e-05 | Best_PSNR: 30.0239 in Epoch [500]
2022-07-08 10:30:40,289 INFO: Epoch: 522 | PSNR: 30.0105 | Loss: 5.5567 | lr: 6.25e-05 | Best_PSNR: 30.0239 in Epoch [500]
2022-07-08 10:31:38,231 INFO: Epoch: 523 | PSNR: 30.0139 | Loss: 5.5796 | lr: 6.25e-05 | Best_PSNR: 30.0239 in Epoch [500]
2022-07-08 10:32:36,483 INFO: Epoch: 524 | PSNR: 29.9953 | Loss: 5.6018 | lr: 6.25e-05 | Best_PSNR: 30.0239 in Epoch [500]
2022-07-08 10:33:34,361 INFO: Epoch: 525 | PSNR: 30.0113 | Loss: 5.5796 | lr: 6.25e-05 | Best_PSNR: 30.0239 in Epoch [500]
2022-07-08 10:34:32,376 INFO: Epoch: 526 | PSNR: 30.0098 | Loss: 5.6257 | lr: 6.25e-05 | Best_PSNR: 30.0239 in Epoch [500]
2022-07-08 10:35:30,428 INFO: Epoch: 527 | PSNR: 30.0078 | Loss: 5.6288 | lr: 6.25e-05 | Best_PSNR: 30.0239 in Epoch [500]
2022-07-08 10:36:28,581 INFO: Epoch: 528 | PSNR: 29.9773 | Loss: 5.6124 | lr: 6.25e-05 | Best_PSNR: 30.0239 in Epoch [500]
2022-07-08 10:37:26,863 INFO: Epoch: 529 | PSNR: 30.0106 | Loss: 5.6033 | lr: 6.25e-05 | Best_PSNR: 30.0239 in Epoch [500]
2022-07-08 10:38:25,069 INFO: Epoch: 530 | PSNR: 29.9952 | Loss: 5.6276 | lr: 6.25e-05 | Best_PSNR: 30.0239 in Epoch [500]
2022-07-08 10:39:23,237 INFO: Epoch: 531 | PSNR: 30.0007 | Loss: 5.5946 | lr: 6.25e-05 | Best_PSNR: 30.0239 in Epoch [500]
2022-07-08 10:40:21,241 INFO: Epoch: 532 | PSNR: 30.0000 | Loss: 5.5775 | lr: 6.25e-05 | Best_PSNR: 30.0239 in Epoch [500]
2022-07-08 10:41:19,155 INFO: Epoch: 533 | PSNR: 29.9979 | Loss: 5.6389 | lr: 6.25e-05 | Best_PSNR: 30.0239 in Epoch [500]
2022-07-08 10:42:17,279 INFO: Epoch: 534 | PSNR: 30.0057 | Loss: 5.6194 | lr: 6.25e-05 | Best_PSNR: 30.0239 in Epoch [500]
2022-07-08 10:43:15,764 INFO: Epoch: 535 | PSNR: 30.0060 | Loss: 5.5971 | lr: 6.25e-05 | Best_PSNR: 30.0239 in Epoch [500]
2022-07-08 10:44:13,674 INFO: Epoch: 536 | PSNR: 30.0091 | Loss: 5.6068 | lr: 6.25e-05 | Best_PSNR: 30.0239 in Epoch [500]
2022-07-08 10:45:11,879 INFO: Epoch: 537 | PSNR: 30.0126 | Loss: 5.6192 | lr: 6.25e-05 | Best_PSNR: 30.0239 in Epoch [500]
2022-07-08 10:46:09,809 INFO: Epoch: 538 | PSNR: 30.0033 | Loss: 5.6198 | lr: 6.25e-05 | Best_PSNR: 30.0239 in Epoch [500]
2022-07-08 10:47:08,052 INFO: Epoch: 539 | PSNR: 30.0087 | Loss: 5.5922 | lr: 6.25e-05 | Best_PSNR: 30.0239 in Epoch [500]
2022-07-08 10:48:06,326 INFO: Epoch: 540 | PSNR: 30.0098 | Loss: 5.6204 | lr: 6.25e-05 | Best_PSNR: 30.0239 in Epoch [500]
2022-07-08 10:49:04,352 INFO: Epoch: 541 | PSNR: 29.9951 | Loss: 5.5754 | lr: 6.25e-05 | Best_PSNR: 30.0239 in Epoch [500]
2022-07-08 10:50:02,087 INFO: Epoch: 542 | PSNR: 29.9935 | Loss: 5.6222 | lr: 6.25e-05 | Best_PSNR: 30.0239 in Epoch [500]
2022-07-08 10:51:00,367 INFO: Epoch: 543 | PSNR: 30.0029 | Loss: 5.6101 | lr: 6.25e-05 | Best_PSNR: 30.0239 in Epoch [500]
2022-07-08 10:51:56,946 INFO: Epoch: 544 | PSNR: 29.9836 | Loss: 5.6142 | lr: 6.25e-05 | Best_PSNR: 30.0239 in Epoch [500]
2022-07-08 10:52:54,854 INFO: Epoch: 545 | PSNR: 30.0006 | Loss: 5.5878 | lr: 6.25e-05 | Best_PSNR: 30.0239 in Epoch [500]
2022-07-08 10:53:52,550 INFO: Epoch: 546 | PSNR: 30.0033 | Loss: 5.6116 | lr: 6.25e-05 | Best_PSNR: 30.0239 in Epoch [500]
2022-07-08 10:54:50,588 INFO: Epoch: 547 | PSNR: 30.0098 | Loss: 5.6260 | lr: 6.25e-05 | Best_PSNR: 30.0239 in Epoch [500]
2022-07-08 10:55:48,500 INFO: Epoch: 548 | PSNR: 30.0086 | Loss: 5.6419 | lr: 6.25e-05 | Best_PSNR: 30.0239 in Epoch [500]
2022-07-08 10:56:46,756 INFO: Epoch: 549 | PSNR: 30.0054 | Loss: 5.6147 | lr: 6.25e-05 | Best_PSNR: 30.0239 in Epoch [500]
2022-07-08 10:57:44,664 INFO: Epoch: 550 | PSNR: 30.0115 | Loss: 5.5891 | lr: 6.25e-05 | Best_PSNR: 30.0239 in Epoch [500]
2022-07-08 10:58:42,824 INFO: Epoch: 551 | PSNR: 30.0162 | Loss: 5.6054 | lr: 6.25e-05 | Best_PSNR: 30.0239 in Epoch [500]
2022-07-08 10:59:40,976 INFO: Epoch: 552 | PSNR: 30.0036 | Loss: 5.5934 | lr: 6.25e-05 | Best_PSNR: 30.0239 in Epoch [500]
2022-07-08 11:00:38,939 INFO: Epoch: 553 | PSNR: 30.0125 | Loss: 5.6035 | lr: 6.25e-05 | Best_PSNR: 30.0239 in Epoch [500]
2022-07-08 11:01:37,041 INFO: Epoch: 554 | PSNR: 29.9928 | Loss: 5.6321 | lr: 6.25e-05 | Best_PSNR: 30.0239 in Epoch [500]
2022-07-08 11:02:35,156 INFO: Epoch: 555 | PSNR: 30.0052 | Loss: 5.6282 | lr: 6.25e-05 | Best_PSNR: 30.0239 in Epoch [500]
2022-07-08 11:03:33,034 INFO: Epoch: 556 | PSNR: 30.0093 | Loss: 5.5846 | lr: 6.25e-05 | Best_PSNR: 30.0239 in Epoch [500]
2022-07-08 11:04:31,081 INFO: Epoch: 557 | PSNR: 30.0195 | Loss: 5.6217 | lr: 6.25e-05 | Best_PSNR: 30.0239 in Epoch [500]
2022-07-08 11:05:29,583 INFO: Epoch: 558 | PSNR: 30.0141 | Loss: 5.5990 | lr: 6.25e-05 | Best_PSNR: 30.0239 in Epoch [500]
2022-07-08 11:06:27,671 INFO: Epoch: 559 | PSNR: 29.9996 | Loss: 5.5975 | lr: 6.25e-05 | Best_PSNR: 30.0239 in Epoch [500]
2022-07-08 11:07:25,834 INFO: Epoch: 560 | PSNR: 30.0099 | Loss: 5.5951 | lr: 6.25e-05 | Best_PSNR: 30.0239 in Epoch [500]
2022-07-08 11:08:23,874 INFO: Epoch: 561 | PSNR: 29.9866 | Loss: 5.6075 | lr: 6.25e-05 | Best_PSNR: 30.0239 in Epoch [500]
2022-07-08 11:09:21,940 INFO: Epoch: 562 | PSNR: 29.9850 | Loss: 5.6106 | lr: 6.25e-05 | Best_PSNR: 30.0239 in Epoch [500]
2022-07-08 11:10:20,052 INFO: Epoch: 563 | PSNR: 30.0079 | Loss: 5.5960 | lr: 6.25e-05 | Best_PSNR: 30.0239 in Epoch [500]
2022-07-08 11:11:18,240 INFO: Epoch: 564 | PSNR: 30.0209 | Loss: 5.5913 | lr: 6.25e-05 | Best_PSNR: 30.0239 in Epoch [500]
2022-07-08 11:12:16,352 INFO: Epoch: 565 | PSNR: 30.0121 | Loss: 5.6129 | lr: 6.25e-05 | Best_PSNR: 30.0239 in Epoch [500]
2022-07-08 11:13:14,391 INFO: Epoch: 566 | PSNR: 30.0027 | Loss: 5.6246 | lr: 6.25e-05 | Best_PSNR: 30.0239 in Epoch [500]
2022-07-08 11:14:12,408 INFO: Epoch: 567 | PSNR: 30.0121 | Loss: 5.5822 | lr: 6.25e-05 | Best_PSNR: 30.0239 in Epoch [500]
2022-07-08 11:15:10,709 INFO: Epoch: 568 | PSNR: 30.0207 | Loss: 5.5841 | lr: 6.25e-05 | Best_PSNR: 30.0239 in Epoch [500]
2022-07-08 11:16:08,703 INFO: Epoch: 569 | PSNR: 30.0118 | Loss: 5.5688 | lr: 6.25e-05 | Best_PSNR: 30.0239 in Epoch [500]
2022-07-08 11:17:06,874 INFO: Epoch: 570 | PSNR: 30.0009 | Loss: 5.6389 | lr: 6.25e-05 | Best_PSNR: 30.0239 in Epoch [500]
2022-07-08 11:18:04,727 INFO: Epoch: 571 | PSNR: 29.9978 | Loss: 5.5794 | lr: 6.25e-05 | Best_PSNR: 30.0239 in Epoch [500]
2022-07-08 11:19:02,796 INFO: Epoch: 572 | PSNR: 29.9994 | Loss: 5.6066 | lr: 6.25e-05 | Best_PSNR: 30.0239 in Epoch [500]
2022-07-08 11:20:00,852 INFO: Epoch: 573 | PSNR: 30.0117 | Loss: 5.6070 | lr: 6.25e-05 | Best_PSNR: 30.0239 in Epoch [500]
2022-07-08 11:20:58,972 INFO: Epoch: 574 | PSNR: 30.0191 | Loss: 5.6216 | lr: 6.25e-05 | Best_PSNR: 30.0239 in Epoch [500]
2022-07-08 11:21:56,826 INFO: Epoch: 575 | PSNR: 29.9964 | Loss: 5.5865 | lr: 6.25e-05 | Best_PSNR: 30.0239 in Epoch [500]
2022-07-08 11:22:54,886 INFO: Epoch: 576 | PSNR: 30.0117 | Loss: 5.6031 | lr: 6.25e-05 | Best_PSNR: 30.0239 in Epoch [500]
2022-07-08 11:23:53,136 INFO: Epoch: 577 | PSNR: 30.0024 | Loss: 5.5894 | lr: 6.25e-05 | Best_PSNR: 30.0239 in Epoch [500]
2022-07-08 11:24:51,059 INFO: Epoch: 578 | PSNR: 30.0140 | Loss: 5.5978 | lr: 6.25e-05 | Best_PSNR: 30.0239 in Epoch [500]
2022-07-08 11:25:49,086 INFO: Epoch: 579 | PSNR: 30.0082 | Loss: 5.5923 | lr: 6.25e-05 | Best_PSNR: 30.0239 in Epoch [500]
2022-07-08 11:26:46,808 INFO: Epoch: 580 | PSNR: 30.0008 | Loss: 5.5828 | lr: 6.25e-05 | Best_PSNR: 30.0239 in Epoch [500]
2022-07-08 11:27:44,750 INFO: Epoch: 581 | PSNR: 30.0093 | Loss: 5.6076 | lr: 6.25e-05 | Best_PSNR: 30.0239 in Epoch [500]
2022-07-08 11:28:42,772 INFO: Epoch: 582 | PSNR: 30.0010 | Loss: 5.6367 | lr: 6.25e-05 | Best_PSNR: 30.0239 in Epoch [500]
2022-07-08 11:29:40,951 INFO: Epoch: 583 | PSNR: 29.9910 | Loss: 5.6274 | lr: 6.25e-05 | Best_PSNR: 30.0239 in Epoch [500]
2022-07-08 11:30:35,446 INFO: Epoch: 584 | PSNR: 30.0041 | Loss: 5.5875 | lr: 6.25e-05 | Best_PSNR: 30.0239 in Epoch [500]
2022-07-08 11:31:33,232 INFO: Epoch: 585 | PSNR: 30.0090 | Loss: 5.6231 | lr: 6.25e-05 | Best_PSNR: 30.0239 in Epoch [500]
2022-07-08 11:32:31,452 INFO: Epoch: 586 | PSNR: 30.0115 | Loss: 5.5836 | lr: 6.25e-05 | Best_PSNR: 30.0239 in Epoch [500]
2022-07-08 11:33:29,443 INFO: Epoch: 587 | PSNR: 30.0022 | Loss: 5.6008 | lr: 6.25e-05 | Best_PSNR: 30.0239 in Epoch [500]
2022-07-08 11:34:27,580 INFO: Epoch: 588 | PSNR: 30.0113 | Loss: 5.5812 | lr: 6.25e-05 | Best_PSNR: 30.0239 in Epoch [500]
2022-07-08 11:35:25,862 INFO: Epoch: 589 | PSNR: 30.0014 | Loss: 5.6308 | lr: 6.25e-05 | Best_PSNR: 30.0239 in Epoch [500]
2022-07-08 11:36:23,587 INFO: Epoch: 590 | PSNR: 30.0010 | Loss: 5.5662 | lr: 6.25e-05 | Best_PSNR: 30.0239 in Epoch [500]
2022-07-08 11:37:21,823 INFO: Epoch: 591 | PSNR: 30.0139 | Loss: 5.6104 | lr: 6.25e-05 | Best_PSNR: 30.0239 in Epoch [500]
2022-07-08 11:38:19,737 INFO: Epoch: 592 | PSNR: 30.0091 | Loss: 5.5991 | lr: 6.25e-05 | Best_PSNR: 30.0239 in Epoch [500]
2022-07-08 11:39:17,890 INFO: Epoch: 593 | PSNR: 30.0127 | Loss: 5.5967 | lr: 6.25e-05 | Best_PSNR: 30.0239 in Epoch [500]
2022-07-08 11:40:15,897 INFO: Epoch: 594 | PSNR: 30.0164 | Loss: 5.5583 | lr: 6.25e-05 | Best_PSNR: 30.0239 in Epoch [500]
2022-07-08 11:41:14,104 INFO: Epoch: 595 | PSNR: 29.9954 | Loss: 5.5975 | lr: 6.25e-05 | Best_PSNR: 30.0239 in Epoch [500]
2022-07-08 11:42:12,066 INFO: Epoch: 596 | PSNR: 30.0108 | Loss: 5.5970 | lr: 6.25e-05 | Best_PSNR: 30.0239 in Epoch [500]
2022-07-08 11:43:10,110 INFO: Epoch: 597 | PSNR: 30.0046 | Loss: 5.5861 | lr: 6.25e-05 | Best_PSNR: 30.0239 in Epoch [500]
2022-07-08 11:44:08,167 INFO: Epoch: 598 | PSNR: 29.9852 | Loss: 5.6558 | lr: 6.25e-05 | Best_PSNR: 30.0239 in Epoch [500]
2022-07-08 11:45:06,181 INFO: Epoch: 599 | PSNR: 29.9809 | Loss: 5.5753 | lr: 6.25e-05 | Best_PSNR: 30.0239 in Epoch [500]
2022-07-08 11:46:04,493 INFO: Epoch: 600 | PSNR: 30.0061 | Loss: 5.6316 | lr: 6.25e-05 | Best_PSNR: 30.0239 in Epoch [500]
