2022-07-18 19:23:43,849 INFO: Create train dataset successfully!
2022-07-18 19:23:43,850 INFO: Training: [1000] iterations for each epoch
2022-07-18 19:23:43,850 INFO: Create val dataset successfully!
2022-07-18 19:23:43,850 INFO: Validating: [100] iterations for each epoch
2022-07-18 19:23:43,850 INFO: Preparing for experiment: [trial12]
2022-07-18 19:23:44,685 INFO: Create model successfully! Params: [30.04]K
2022-07-18 19:23:44,685 INFO: Model: "model"
2022-07-18 19:23:44,686 INFO: __________________________________________________________________________________________________
2022-07-18 19:23:44,686 INFO: Layer (type)                    Output Shape         Param #     Connected to                     
2022-07-18 19:23:44,686 INFO: ==================================================================================================
2022-07-18 19:23:44,686 INFO: input_1 (InputLayer)            [(None, None, None,  0                                            
2022-07-18 19:23:44,686 INFO: __________________________________________________________________________________________________
2022-07-18 19:23:44,686 INFO: conv2d (Conv2D)                 (None, None, None, 3 896         input_1[0][0]                    
2022-07-18 19:23:44,686 INFO: __________________________________________________________________________________________________
2022-07-18 19:23:44,686 INFO: conv2d_1 (Conv2D)               (None, None, None, 3 9248        conv2d[0][0]                     
2022-07-18 19:23:44,686 INFO: __________________________________________________________________________________________________
2022-07-18 19:23:44,686 INFO: conv2d_2 (Conv2D)               (None, None, None, 3 1056        conv2d_1[0][0]                   
2022-07-18 19:23:44,686 INFO: __________________________________________________________________________________________________
2022-07-18 19:23:44,686 INFO: conv2d_3 (Conv2D)               (None, None, None, 3 9248        conv2d_2[0][0]                   
2022-07-18 19:23:44,686 INFO: __________________________________________________________________________________________________
2022-07-18 19:23:44,687 INFO: conv2d_4 (Conv2D)               (None, None, None, 3 1056        conv2d_3[0][0]                   
2022-07-18 19:23:44,687 INFO: __________________________________________________________________________________________________
2022-07-18 19:23:44,687 INFO: concatenate (Concatenate)       (None, None, None, 3 0           conv2d_4[0][0]                   
2022-07-18 19:23:44,687 INFO:                                                                  input_1[0][0]                    
2022-07-18 19:23:44,687 INFO: __________________________________________________________________________________________________
2022-07-18 19:23:44,687 INFO: conv2d_5 (Conv2D)               (None, None, None, 2 8532        concatenate[0][0]                
2022-07-18 19:23:44,687 INFO: __________________________________________________________________________________________________
2022-07-18 19:23:44,687 INFO: lambda (Lambda)                 (None, None, None, 3 0           conv2d_5[0][0]                   
2022-07-18 19:23:44,687 INFO: ==================================================================================================
2022-07-18 19:23:44,687 INFO: Total params: 30,036
2022-07-18 19:23:44,687 INFO: Trainable params: 30,036
2022-07-18 19:23:44,687 INFO: Non-trainable params: 0
2022-07-18 19:23:44,687 INFO: __________________________________________________________________________________________________
2022-07-18 19:23:44,688 INFO: Start training...
2022-07-18 19:24:56,973 INFO: Epoch: 1 | PSNR: 28.2848 | Loss: 6.1695 | lr: 1.00e-03 | Best_PSNR: 28.2848 in Epoch [1]
2022-07-18 19:26:10,620 INFO: Epoch: 2 | PSNR: 28.9369 | Loss: 5.9411 | lr: 1.00e-03 | Best_PSNR: 28.9369 in Epoch [2]
2022-07-18 19:27:21,897 INFO: Epoch: 3 | PSNR: 29.4351 | Loss: 5.8270 | lr: 1.00e-03 | Best_PSNR: 29.4351 in Epoch [3]
2022-07-18 19:28:35,814 INFO: Epoch: 4 | PSNR: 29.6546 | Loss: 5.7923 | lr: 1.00e-03 | Best_PSNR: 29.6546 in Epoch [4]
2022-07-18 19:29:57,774 INFO: Epoch: 5 | PSNR: 29.7458 | Loss: 5.7885 | lr: 1.00e-03 | Best_PSNR: 29.7458 in Epoch [5]
2022-07-18 19:31:11,603 INFO: Epoch: 6 | PSNR: 29.7953 | Loss: 5.7517 | lr: 1.00e-03 | Best_PSNR: 29.7953 in Epoch [6]
2022-07-18 19:32:21,422 INFO: Epoch: 7 | PSNR: 29.8283 | Loss: 5.7821 | lr: 1.00e-03 | Best_PSNR: 29.8283 in Epoch [7]
2022-07-18 19:33:35,556 INFO: Epoch: 8 | PSNR: 29.8525 | Loss: 5.7245 | lr: 1.00e-03 | Best_PSNR: 29.8525 in Epoch [8]
2022-07-18 19:34:40,913 INFO: Epoch: 9 | PSNR: 29.8721 | Loss: 5.7478 | lr: 1.00e-03 | Best_PSNR: 29.8721 in Epoch [9]
2022-07-18 19:35:47,905 INFO: Epoch: 10 | PSNR: 29.8889 | Loss: 5.7055 | lr: 1.00e-03 | Best_PSNR: 29.8889 in Epoch [10]
2022-07-18 19:37:06,000 INFO: Epoch: 11 | PSNR: 29.9026 | Loss: 5.7007 | lr: 1.00e-03 | Best_PSNR: 29.9026 in Epoch [11]
2022-07-18 19:38:31,635 INFO: Epoch: 12 | PSNR: 29.9150 | Loss: 5.6576 | lr: 1.00e-03 | Best_PSNR: 29.9150 in Epoch [12]
2022-07-18 19:39:56,502 INFO: Epoch: 13 | PSNR: 29.9248 | Loss: 5.6241 | lr: 1.00e-03 | Best_PSNR: 29.9248 in Epoch [13]
2022-07-18 19:41:10,611 INFO: Epoch: 14 | PSNR: 29.9332 | Loss: 5.7158 | lr: 1.00e-03 | Best_PSNR: 29.9332 in Epoch [14]
2022-07-18 19:42:20,322 INFO: Epoch: 15 | PSNR: 29.9401 | Loss: 5.6899 | lr: 1.00e-03 | Best_PSNR: 29.9401 in Epoch [15]
2022-07-18 19:43:32,350 INFO: Epoch: 16 | PSNR: 29.9463 | Loss: 5.6972 | lr: 1.00e-03 | Best_PSNR: 29.9463 in Epoch [16]
2022-07-18 19:44:50,116 INFO: Epoch: 17 | PSNR: 29.9530 | Loss: 5.7274 | lr: 1.00e-03 | Best_PSNR: 29.9530 in Epoch [17]
2022-07-18 19:46:02,583 INFO: Epoch: 18 | PSNR: 29.9587 | Loss: 5.7114 | lr: 1.00e-03 | Best_PSNR: 29.9587 in Epoch [18]
2022-07-18 19:47:14,303 INFO: Epoch: 19 | PSNR: 29.9635 | Loss: 5.6758 | lr: 1.00e-03 | Best_PSNR: 29.9635 in Epoch [19]
2022-07-18 19:48:28,465 INFO: Epoch: 20 | PSNR: 29.9677 | Loss: 5.7121 | lr: 1.00e-03 | Best_PSNR: 29.9677 in Epoch [20]
2022-07-18 19:49:40,734 INFO: Epoch: 21 | PSNR: 29.9720 | Loss: 5.6820 | lr: 1.00e-03 | Best_PSNR: 29.9720 in Epoch [21]
2022-07-18 19:50:59,416 INFO: Epoch: 22 | PSNR: 29.9751 | Loss: 5.6666 | lr: 1.00e-03 | Best_PSNR: 29.9751 in Epoch [22]
2022-07-18 19:52:12,542 INFO: Epoch: 23 | PSNR: 29.9804 | Loss: 5.6398 | lr: 1.00e-03 | Best_PSNR: 29.9804 in Epoch [23]
2022-07-18 19:53:19,856 INFO: Epoch: 24 | PSNR: 29.9837 | Loss: 5.6880 | lr: 1.00e-03 | Best_PSNR: 29.9837 in Epoch [24]
2022-07-18 19:54:39,303 INFO: Epoch: 25 | PSNR: 29.9885 | Loss: 5.6711 | lr: 1.00e-03 | Best_PSNR: 29.9885 in Epoch [25]
2022-07-18 19:55:48,374 INFO: Epoch: 26 | PSNR: 29.9917 | Loss: 5.6846 | lr: 1.00e-03 | Best_PSNR: 29.9917 in Epoch [26]
2022-07-18 19:57:04,019 INFO: Epoch: 27 | PSNR: 29.9950 | Loss: 5.6528 | lr: 1.00e-03 | Best_PSNR: 29.9950 in Epoch [27]
2022-07-18 19:58:15,325 INFO: Epoch: 28 | PSNR: 29.9970 | Loss: 5.6231 | lr: 1.00e-03 | Best_PSNR: 29.9970 in Epoch [28]
2022-07-18 19:59:27,812 INFO: Epoch: 29 | PSNR: 30.0007 | Loss: 5.6668 | lr: 1.00e-03 | Best_PSNR: 30.0007 in Epoch [29]
2022-07-18 20:00:42,270 INFO: Epoch: 30 | PSNR: 30.0030 | Loss: 5.6653 | lr: 1.00e-03 | Best_PSNR: 30.0030 in Epoch [30]
2022-07-18 20:01:55,211 INFO: Epoch: 31 | PSNR: 30.0052 | Loss: 5.6255 | lr: 1.00e-03 | Best_PSNR: 30.0052 in Epoch [31]
2022-07-18 20:03:10,543 INFO: Epoch: 32 | PSNR: 30.0074 | Loss: 5.5886 | lr: 1.00e-03 | Best_PSNR: 30.0074 in Epoch [32]
2022-07-18 20:04:22,662 INFO: Epoch: 33 | PSNR: 30.0096 | Loss: 5.6698 | lr: 1.00e-03 | Best_PSNR: 30.0096 in Epoch [33]
2022-07-18 20:05:42,035 INFO: Epoch: 34 | PSNR: 30.0125 | Loss: 5.6293 | lr: 1.00e-03 | Best_PSNR: 30.0125 in Epoch [34]
2022-07-18 20:07:04,992 INFO: Epoch: 35 | PSNR: 30.0145 | Loss: 5.5862 | lr: 1.00e-03 | Best_PSNR: 30.0145 in Epoch [35]
2022-07-18 20:08:14,795 INFO: Epoch: 36 | PSNR: 30.0172 | Loss: 5.6431 | lr: 1.00e-03 | Best_PSNR: 30.0172 in Epoch [36]
2022-07-18 20:09:22,389 INFO: Epoch: 37 | PSNR: 30.0183 | Loss: 5.6445 | lr: 1.00e-03 | Best_PSNR: 30.0183 in Epoch [37]
2022-07-18 20:10:37,256 INFO: Epoch: 38 | PSNR: 30.0196 | Loss: 5.6212 | lr: 1.00e-03 | Best_PSNR: 30.0196 in Epoch [38]
2022-07-18 20:11:45,556 INFO: Epoch: 39 | PSNR: 30.0218 | Loss: 5.5989 | lr: 1.00e-03 | Best_PSNR: 30.0218 in Epoch [39]
2022-07-18 20:12:52,458 INFO: Epoch: 40 | PSNR: 30.0243 | Loss: 5.6135 | lr: 1.00e-03 | Best_PSNR: 30.0243 in Epoch [40]
2022-07-18 20:14:11,975 INFO: Epoch: 41 | PSNR: 30.0266 | Loss: 5.6149 | lr: 1.00e-03 | Best_PSNR: 30.0266 in Epoch [41]
2022-07-18 20:15:23,862 INFO: Epoch: 42 | PSNR: 30.0286 | Loss: 5.6162 | lr: 1.00e-03 | Best_PSNR: 30.0286 in Epoch [42]
2022-07-18 20:16:37,074 INFO: Epoch: 43 | PSNR: 30.0302 | Loss: 5.6005 | lr: 1.00e-03 | Best_PSNR: 30.0302 in Epoch [43]
2022-07-18 20:17:26,499 INFO: Epoch: 44 | PSNR: 30.0320 | Loss: 5.6325 | lr: 1.00e-03 | Best_PSNR: 30.0320 in Epoch [44]
2022-07-18 20:18:14,806 INFO: Epoch: 45 | PSNR: 30.0341 | Loss: 5.5569 | lr: 1.00e-03 | Best_PSNR: 30.0341 in Epoch [45]
2022-07-18 20:19:05,429 INFO: Epoch: 46 | PSNR: 30.0340 | Loss: 5.6307 | lr: 1.00e-03 | Best_PSNR: 30.0341 in Epoch [45]
2022-07-18 20:20:03,012 INFO: Epoch: 47 | PSNR: 30.0363 | Loss: 5.6193 | lr: 1.00e-03 | Best_PSNR: 30.0363 in Epoch [47]
2022-07-18 20:20:58,451 INFO: Epoch: 48 | PSNR: 30.0359 | Loss: 5.6726 | lr: 1.00e-03 | Best_PSNR: 30.0363 in Epoch [47]
2022-07-18 20:22:03,629 INFO: Epoch: 49 | PSNR: 30.0386 | Loss: 5.6201 | lr: 1.00e-03 | Best_PSNR: 30.0386 in Epoch [49]
2022-07-18 20:23:04,631 INFO: Epoch: 50 | PSNR: 30.0389 | Loss: 5.6489 | lr: 1.00e-03 | Best_PSNR: 30.0389 in Epoch [50]
2022-07-18 20:24:11,387 INFO: Epoch: 51 | PSNR: 30.0406 | Loss: 5.6297 | lr: 1.00e-03 | Best_PSNR: 30.0406 in Epoch [51]
2022-07-18 20:25:26,026 INFO: Epoch: 52 | PSNR: 30.0415 | Loss: 5.5987 | lr: 1.00e-03 | Best_PSNR: 30.0415 in Epoch [52]
2022-07-18 20:26:30,418 INFO: Epoch: 53 | PSNR: 30.0430 | Loss: 5.6285 | lr: 1.00e-03 | Best_PSNR: 30.0430 in Epoch [53]
2022-07-18 20:27:39,381 INFO: Epoch: 54 | PSNR: 30.0438 | Loss: 5.6015 | lr: 1.00e-03 | Best_PSNR: 30.0438 in Epoch [54]
2022-07-18 20:28:43,980 INFO: Epoch: 55 | PSNR: 30.0441 | Loss: 5.6403 | lr: 1.00e-03 | Best_PSNR: 30.0441 in Epoch [55]
2022-07-18 20:29:48,216 INFO: Epoch: 56 | PSNR: 30.0453 | Loss: 5.6285 | lr: 1.00e-03 | Best_PSNR: 30.0453 in Epoch [56]
2022-07-18 20:30:53,087 INFO: Epoch: 57 | PSNR: 30.0453 | Loss: 5.5912 | lr: 1.00e-03 | Best_PSNR: 30.0453 in Epoch [56]
2022-07-18 20:32:00,026 INFO: Epoch: 58 | PSNR: 30.0467 | Loss: 5.6301 | lr: 1.00e-03 | Best_PSNR: 30.0467 in Epoch [58]
2022-07-18 20:33:07,358 INFO: Epoch: 59 | PSNR: 30.0485 | Loss: 5.5976 | lr: 1.00e-03 | Best_PSNR: 30.0485 in Epoch [59]
2022-07-18 20:34:16,546 INFO: Epoch: 60 | PSNR: 30.0490 | Loss: 5.6090 | lr: 1.00e-03 | Best_PSNR: 30.0490 in Epoch [60]
2022-07-18 20:35:22,419 INFO: Epoch: 61 | PSNR: 30.0510 | Loss: 5.5899 | lr: 1.00e-03 | Best_PSNR: 30.0510 in Epoch [61]
2022-07-18 20:36:28,817 INFO: Epoch: 62 | PSNR: 30.0521 | Loss: 5.6164 | lr: 1.00e-03 | Best_PSNR: 30.0521 in Epoch [62]
2022-07-18 20:37:45,371 INFO: Epoch: 63 | PSNR: 30.0519 | Loss: 5.6095 | lr: 1.00e-03 | Best_PSNR: 30.0521 in Epoch [62]
2022-07-18 20:38:51,056 INFO: Epoch: 64 | PSNR: 30.0539 | Loss: 5.5665 | lr: 1.00e-03 | Best_PSNR: 30.0539 in Epoch [64]
2022-07-18 20:40:02,943 INFO: Epoch: 65 | PSNR: 30.0544 | Loss: 5.6123 | lr: 1.00e-03 | Best_PSNR: 30.0544 in Epoch [65]
2022-07-18 20:41:06,530 INFO: Epoch: 66 | PSNR: 30.0535 | Loss: 5.5928 | lr: 1.00e-03 | Best_PSNR: 30.0544 in Epoch [65]
2022-07-18 20:42:16,728 INFO: Epoch: 67 | PSNR: 30.0554 | Loss: 5.6336 | lr: 1.00e-03 | Best_PSNR: 30.0554 in Epoch [67]
2022-07-18 20:43:24,750 INFO: Epoch: 68 | PSNR: 30.0572 | Loss: 5.5943 | lr: 1.00e-03 | Best_PSNR: 30.0572 in Epoch [68]
2022-07-18 20:44:30,666 INFO: Epoch: 69 | PSNR: 30.0579 | Loss: 5.6219 | lr: 1.00e-03 | Best_PSNR: 30.0579 in Epoch [69]
2022-07-18 20:45:39,312 INFO: Epoch: 70 | PSNR: 30.0583 | Loss: 5.6042 | lr: 1.00e-03 | Best_PSNR: 30.0583 in Epoch [70]
2022-07-18 20:46:53,371 INFO: Epoch: 71 | PSNR: 30.0589 | Loss: 5.6182 | lr: 1.00e-03 | Best_PSNR: 30.0589 in Epoch [71]
2022-07-18 20:47:59,627 INFO: Epoch: 72 | PSNR: 30.0591 | Loss: 5.6523 | lr: 1.00e-03 | Best_PSNR: 30.0591 in Epoch [72]
2022-07-18 20:49:02,930 INFO: Epoch: 73 | PSNR: 30.0601 | Loss: 5.6003 | lr: 1.00e-03 | Best_PSNR: 30.0601 in Epoch [73]
2022-07-18 20:50:05,833 INFO: Epoch: 74 | PSNR: 30.0605 | Loss: 5.5920 | lr: 1.00e-03 | Best_PSNR: 30.0605 in Epoch [74]
2022-07-18 20:51:15,255 INFO: Epoch: 75 | PSNR: 30.0609 | Loss: 5.6244 | lr: 1.00e-03 | Best_PSNR: 30.0609 in Epoch [75]
2022-07-18 20:52:24,162 INFO: Epoch: 76 | PSNR: 30.0616 | Loss: 5.6305 | lr: 1.00e-03 | Best_PSNR: 30.0616 in Epoch [76]
2022-07-18 20:53:32,723 INFO: Epoch: 77 | PSNR: 30.0627 | Loss: 5.6371 | lr: 1.00e-03 | Best_PSNR: 30.0627 in Epoch [77]
2022-07-18 20:54:39,983 INFO: Epoch: 78 | PSNR: 30.0639 | Loss: 5.5319 | lr: 1.00e-03 | Best_PSNR: 30.0639 in Epoch [78]
2022-07-18 20:55:59,260 INFO: Epoch: 79 | PSNR: 30.0632 | Loss: 5.6108 | lr: 1.00e-03 | Best_PSNR: 30.0639 in Epoch [78]
2022-07-18 20:57:10,307 INFO: Epoch: 80 | PSNR: 30.0630 | Loss: 5.6013 | lr: 1.00e-03 | Best_PSNR: 30.0639 in Epoch [78]
2022-07-18 20:58:23,410 INFO: Epoch: 81 | PSNR: 30.0635 | Loss: 5.6669 | lr: 1.00e-03 | Best_PSNR: 30.0639 in Epoch [78]
2022-07-18 20:59:29,418 INFO: Epoch: 82 | PSNR: 30.0654 | Loss: 5.6530 | lr: 1.00e-03 | Best_PSNR: 30.0654 in Epoch [82]
2022-07-18 21:00:38,391 INFO: Epoch: 83 | PSNR: 30.0658 | Loss: 5.6310 | lr: 1.00e-03 | Best_PSNR: 30.0658 in Epoch [83]
2022-07-18 21:02:03,405 INFO: Epoch: 84 | PSNR: 30.0667 | Loss: 5.5941 | lr: 1.00e-03 | Best_PSNR: 30.0667 in Epoch [84]
2022-07-18 21:03:45,892 INFO: Epoch: 85 | PSNR: 30.0678 | Loss: 5.6009 | lr: 1.00e-03 | Best_PSNR: 30.0678 in Epoch [85]
2022-07-18 21:05:15,546 INFO: Epoch: 86 | PSNR: 30.0680 | Loss: 5.6721 | lr: 1.00e-03 | Best_PSNR: 30.0680 in Epoch [86]
2022-07-18 21:06:46,259 INFO: Epoch: 87 | PSNR: 30.0682 | Loss: 5.6064 | lr: 1.00e-03 | Best_PSNR: 30.0682 in Epoch [87]
2022-07-18 21:08:02,442 INFO: Epoch: 88 | PSNR: 30.0683 | Loss: 5.5814 | lr: 1.00e-03 | Best_PSNR: 30.0683 in Epoch [88]
2022-07-18 21:09:15,282 INFO: Epoch: 89 | PSNR: 30.0691 | Loss: 5.6007 | lr: 1.00e-03 | Best_PSNR: 30.0691 in Epoch [89]
2022-07-18 21:10:34,111 INFO: Epoch: 90 | PSNR: 30.0694 | Loss: 5.6124 | lr: 1.00e-03 | Best_PSNR: 30.0694 in Epoch [90]
2022-07-18 21:11:50,588 INFO: Epoch: 91 | PSNR: 30.0695 | Loss: 5.6525 | lr: 1.00e-03 | Best_PSNR: 30.0695 in Epoch [91]
2022-07-18 21:12:54,411 INFO: Epoch: 92 | PSNR: 30.0719 | Loss: 5.5826 | lr: 1.00e-03 | Best_PSNR: 30.0719 in Epoch [92]
2022-07-18 21:13:59,553 INFO: Epoch: 93 | PSNR: 30.0718 | Loss: 5.6115 | lr: 1.00e-03 | Best_PSNR: 30.0719 in Epoch [92]
2022-07-18 21:15:07,093 INFO: Epoch: 94 | PSNR: 30.0723 | Loss: 5.5820 | lr: 1.00e-03 | Best_PSNR: 30.0723 in Epoch [94]
2022-07-18 21:16:14,220 INFO: Epoch: 95 | PSNR: 30.0714 | Loss: 5.6338 | lr: 1.00e-03 | Best_PSNR: 30.0723 in Epoch [94]
2022-07-18 21:17:20,503 INFO: Epoch: 96 | PSNR: 30.0733 | Loss: 5.6203 | lr: 1.00e-03 | Best_PSNR: 30.0733 in Epoch [96]
2022-07-18 21:18:26,595 INFO: Epoch: 97 | PSNR: 30.0744 | Loss: 5.5921 | lr: 1.00e-03 | Best_PSNR: 30.0744 in Epoch [97]
2022-07-18 21:19:13,080 INFO: Epoch: 98 | PSNR: 30.0745 | Loss: 5.5642 | lr: 1.00e-03 | Best_PSNR: 30.0745 in Epoch [98]
2022-07-18 21:20:00,917 INFO: Epoch: 99 | PSNR: 30.0743 | Loss: 5.5871 | lr: 1.00e-03 | Best_PSNR: 30.0745 in Epoch [98]
2022-07-18 21:20:51,323 INFO: Epoch: 100 | PSNR: 30.0744 | Loss: 5.6145 | lr: 1.00e-03 | Best_PSNR: 30.0745 in Epoch [98]
2022-07-18 21:21:41,543 INFO: Epoch: 101 | PSNR: 30.0747 | Loss: 5.5713 | lr: 1.00e-03 | Best_PSNR: 30.0747 in Epoch [101]
2022-07-18 21:22:28,503 INFO: Epoch: 102 | PSNR: 30.0754 | Loss: 5.5805 | lr: 1.00e-03 | Best_PSNR: 30.0754 in Epoch [102]
2022-07-18 21:23:13,655 INFO: Epoch: 103 | PSNR: 30.0753 | Loss: 5.6270 | lr: 1.00e-03 | Best_PSNR: 30.0754 in Epoch [102]
2022-07-18 21:23:59,712 INFO: Epoch: 104 | PSNR: 30.0758 | Loss: 5.6559 | lr: 1.00e-03 | Best_PSNR: 30.0758 in Epoch [104]
2022-07-18 21:24:44,736 INFO: Epoch: 105 | PSNR: 30.0765 | Loss: 5.5724 | lr: 1.00e-03 | Best_PSNR: 30.0765 in Epoch [105]
2022-07-18 21:25:28,604 INFO: Epoch: 106 | PSNR: 30.0765 | Loss: 5.5986 | lr: 1.00e-03 | Best_PSNR: 30.0765 in Epoch [105]
2022-07-18 21:26:13,420 INFO: Epoch: 107 | PSNR: 30.0779 | Loss: 5.5747 | lr: 1.00e-03 | Best_PSNR: 30.0779 in Epoch [107]
2022-07-18 21:26:58,430 INFO: Epoch: 108 | PSNR: 30.0787 | Loss: 5.6242 | lr: 1.00e-03 | Best_PSNR: 30.0787 in Epoch [108]
2022-07-18 21:27:43,468 INFO: Epoch: 109 | PSNR: 30.0788 | Loss: 5.6080 | lr: 1.00e-03 | Best_PSNR: 30.0788 in Epoch [109]
2022-07-18 21:28:29,827 INFO: Epoch: 110 | PSNR: 30.0796 | Loss: 5.6380 | lr: 1.00e-03 | Best_PSNR: 30.0796 in Epoch [110]
2022-07-18 21:29:16,987 INFO: Epoch: 111 | PSNR: 30.0808 | Loss: 5.6134 | lr: 1.00e-03 | Best_PSNR: 30.0808 in Epoch [111]
2022-07-18 21:30:06,232 INFO: Epoch: 112 | PSNR: 30.0805 | Loss: 5.5957 | lr: 1.00e-03 | Best_PSNR: 30.0808 in Epoch [111]
2022-07-18 21:30:53,828 INFO: Epoch: 113 | PSNR: 30.0804 | Loss: 5.6199 | lr: 1.00e-03 | Best_PSNR: 30.0808 in Epoch [111]
2022-07-18 21:31:44,141 INFO: Epoch: 114 | PSNR: 30.0817 | Loss: 5.5810 | lr: 1.00e-03 | Best_PSNR: 30.0817 in Epoch [114]
2022-07-18 21:32:32,167 INFO: Epoch: 115 | PSNR: 30.0814 | Loss: 5.6504 | lr: 1.00e-03 | Best_PSNR: 30.0817 in Epoch [114]
2022-07-18 21:33:21,439 INFO: Epoch: 116 | PSNR: 30.0819 | Loss: 5.5922 | lr: 1.00e-03 | Best_PSNR: 30.0819 in Epoch [116]
2022-07-18 21:34:06,602 INFO: Epoch: 117 | PSNR: 30.0831 | Loss: 5.6128 | lr: 1.00e-03 | Best_PSNR: 30.0831 in Epoch [117]
2022-07-18 21:34:51,601 INFO: Epoch: 118 | PSNR: 30.0824 | Loss: 5.6116 | lr: 1.00e-03 | Best_PSNR: 30.0831 in Epoch [117]
2022-07-18 21:35:33,810 INFO: Epoch: 119 | PSNR: 30.0823 | Loss: 5.6290 | lr: 1.00e-03 | Best_PSNR: 30.0831 in Epoch [117]
2022-07-18 21:36:18,677 INFO: Epoch: 120 | PSNR: 30.0830 | Loss: 5.5847 | lr: 1.00e-03 | Best_PSNR: 30.0831 in Epoch [117]
2022-07-18 21:37:02,293 INFO: Epoch: 121 | PSNR: 30.0845 | Loss: 5.6116 | lr: 5.00e-04 | Best_PSNR: 30.0845 in Epoch [121]
2022-07-18 21:37:49,417 INFO: Epoch: 122 | PSNR: 30.0869 | Loss: 5.5539 | lr: 5.00e-04 | Best_PSNR: 30.0869 in Epoch [122]
2022-07-18 21:38:36,419 INFO: Epoch: 123 | PSNR: 30.0887 | Loss: 5.5955 | lr: 5.00e-04 | Best_PSNR: 30.0887 in Epoch [123]
2022-07-18 21:39:25,058 INFO: Epoch: 124 | PSNR: 30.0884 | Loss: 5.5940 | lr: 5.00e-04 | Best_PSNR: 30.0887 in Epoch [123]
2022-07-18 21:40:15,027 INFO: Epoch: 125 | PSNR: 30.0894 | Loss: 5.5799 | lr: 5.00e-04 | Best_PSNR: 30.0894 in Epoch [125]
2022-07-18 21:41:01,851 INFO: Epoch: 126 | PSNR: 30.0904 | Loss: 5.5963 | lr: 5.00e-04 | Best_PSNR: 30.0904 in Epoch [126]
2022-07-18 21:41:52,078 INFO: Epoch: 127 | PSNR: 30.0903 | Loss: 5.5683 | lr: 5.00e-04 | Best_PSNR: 30.0904 in Epoch [126]
2022-07-18 21:42:41,042 INFO: Epoch: 128 | PSNR: 30.0903 | Loss: 5.5492 | lr: 5.00e-04 | Best_PSNR: 30.0904 in Epoch [126]
2022-07-18 21:43:28,279 INFO: Epoch: 129 | PSNR: 30.0908 | Loss: 5.6038 | lr: 5.00e-04 | Best_PSNR: 30.0908 in Epoch [129]
2022-07-18 21:44:21,925 INFO: Epoch: 130 | PSNR: 30.0917 | Loss: 5.5914 | lr: 5.00e-04 | Best_PSNR: 30.0917 in Epoch [130]
2022-07-18 21:45:08,380 INFO: Epoch: 131 | PSNR: 30.0918 | Loss: 5.5608 | lr: 5.00e-04 | Best_PSNR: 30.0918 in Epoch [131]
2022-07-18 21:45:53,201 INFO: Epoch: 132 | PSNR: 30.0921 | Loss: 5.5653 | lr: 5.00e-04 | Best_PSNR: 30.0921 in Epoch [132]
2022-07-18 21:46:43,053 INFO: Epoch: 133 | PSNR: 30.0918 | Loss: 5.5457 | lr: 5.00e-04 | Best_PSNR: 30.0921 in Epoch [132]
2022-07-18 21:47:28,292 INFO: Epoch: 134 | PSNR: 30.0921 | Loss: 5.6118 | lr: 5.00e-04 | Best_PSNR: 30.0921 in Epoch [134]
2022-07-18 21:48:13,713 INFO: Epoch: 135 | PSNR: 30.0923 | Loss: 5.5505 | lr: 5.00e-04 | Best_PSNR: 30.0923 in Epoch [135]
2022-07-18 21:48:58,070 INFO: Epoch: 136 | PSNR: 30.0929 | Loss: 5.6157 | lr: 5.00e-04 | Best_PSNR: 30.0929 in Epoch [136]
2022-07-18 21:49:44,474 INFO: Epoch: 137 | PSNR: 30.0928 | Loss: 5.5663 | lr: 5.00e-04 | Best_PSNR: 30.0929 in Epoch [136]
2022-07-18 21:50:29,874 INFO: Epoch: 138 | PSNR: 30.0934 | Loss: 5.5698 | lr: 5.00e-04 | Best_PSNR: 30.0934 in Epoch [138]
2022-07-18 21:51:18,666 INFO: Epoch: 139 | PSNR: 30.0935 | Loss: 5.5674 | lr: 5.00e-04 | Best_PSNR: 30.0935 in Epoch [139]
2022-07-18 21:52:08,423 INFO: Epoch: 140 | PSNR: 30.0938 | Loss: 5.5552 | lr: 5.00e-04 | Best_PSNR: 30.0938 in Epoch [140]
2022-07-18 21:52:56,968 INFO: Epoch: 141 | PSNR: 30.0936 | Loss: 5.5735 | lr: 5.00e-04 | Best_PSNR: 30.0938 in Epoch [140]
2022-07-18 21:53:43,513 INFO: Epoch: 142 | PSNR: 30.0932 | Loss: 5.6014 | lr: 5.00e-04 | Best_PSNR: 30.0938 in Epoch [140]
2022-07-18 21:54:29,285 INFO: Epoch: 143 | PSNR: 30.0936 | Loss: 5.5537 | lr: 5.00e-04 | Best_PSNR: 30.0938 in Epoch [140]
2022-07-18 21:55:13,522 INFO: Epoch: 144 | PSNR: 30.0937 | Loss: 5.6019 | lr: 5.00e-04 | Best_PSNR: 30.0938 in Epoch [140]
2022-07-18 21:56:02,307 INFO: Epoch: 145 | PSNR: 30.0942 | Loss: 5.5472 | lr: 5.00e-04 | Best_PSNR: 30.0942 in Epoch [145]
2022-07-18 21:56:47,975 INFO: Epoch: 146 | PSNR: 30.0953 | Loss: 5.5355 | lr: 5.00e-04 | Best_PSNR: 30.0953 in Epoch [146]
2022-07-18 21:57:32,515 INFO: Epoch: 147 | PSNR: 30.0956 | Loss: 5.5302 | lr: 5.00e-04 | Best_PSNR: 30.0956 in Epoch [147]
2022-07-18 21:58:15,902 INFO: Epoch: 148 | PSNR: 30.0954 | Loss: 5.5391 | lr: 5.00e-04 | Best_PSNR: 30.0956 in Epoch [147]
2022-07-18 21:59:02,856 INFO: Epoch: 149 | PSNR: 30.0952 | Loss: 5.5532 | lr: 5.00e-04 | Best_PSNR: 30.0956 in Epoch [147]
2022-07-18 21:59:49,495 INFO: Epoch: 150 | PSNR: 30.0950 | Loss: 5.5080 | lr: 5.00e-04 | Best_PSNR: 30.0956 in Epoch [147]
2022-07-18 22:00:43,962 INFO: Epoch: 151 | PSNR: 30.0956 | Loss: 5.5458 | lr: 5.00e-04 | Best_PSNR: 30.0956 in Epoch [151]
2022-07-18 22:01:32,580 INFO: Epoch: 152 | PSNR: 30.0956 | Loss: 5.5772 | lr: 5.00e-04 | Best_PSNR: 30.0956 in Epoch [152]
2022-07-18 22:02:22,162 INFO: Epoch: 153 | PSNR: 30.0957 | Loss: 5.5835 | lr: 5.00e-04 | Best_PSNR: 30.0957 in Epoch [153]
2022-07-18 22:03:10,603 INFO: Epoch: 154 | PSNR: 30.0968 | Loss: 5.5419 | lr: 5.00e-04 | Best_PSNR: 30.0968 in Epoch [154]
2022-07-18 22:04:12,217 INFO: Epoch: 155 | PSNR: 30.0976 | Loss: 5.5423 | lr: 5.00e-04 | Best_PSNR: 30.0976 in Epoch [155]
2022-07-18 22:05:11,513 INFO: Epoch: 156 | PSNR: 30.0972 | Loss: 5.5639 | lr: 5.00e-04 | Best_PSNR: 30.0976 in Epoch [155]
2022-07-18 22:06:09,620 INFO: Epoch: 157 | PSNR: 30.0970 | Loss: 5.6013 | lr: 5.00e-04 | Best_PSNR: 30.0976 in Epoch [155]
2022-07-18 22:07:02,123 INFO: Epoch: 158 | PSNR: 30.0971 | Loss: 5.5472 | lr: 5.00e-04 | Best_PSNR: 30.0976 in Epoch [155]
2022-07-18 22:08:02,951 INFO: Epoch: 159 | PSNR: 30.0975 | Loss: 5.5299 | lr: 5.00e-04 | Best_PSNR: 30.0976 in Epoch [155]
2022-07-18 22:09:07,671 INFO: Epoch: 160 | PSNR: 30.0967 | Loss: 5.5304 | lr: 5.00e-04 | Best_PSNR: 30.0976 in Epoch [155]
2022-07-18 22:10:03,119 INFO: Epoch: 161 | PSNR: 30.0978 | Loss: 5.5998 | lr: 5.00e-04 | Best_PSNR: 30.0978 in Epoch [161]
2022-07-18 22:11:05,231 INFO: Epoch: 162 | PSNR: 30.0979 | Loss: 5.5928 | lr: 5.00e-04 | Best_PSNR: 30.0979 in Epoch [162]
2022-07-18 22:12:14,174 INFO: Epoch: 163 | PSNR: 30.0976 | Loss: 5.5681 | lr: 5.00e-04 | Best_PSNR: 30.0979 in Epoch [162]
2022-07-18 22:13:16,846 INFO: Epoch: 164 | PSNR: 30.0979 | Loss: 5.5354 | lr: 5.00e-04 | Best_PSNR: 30.0979 in Epoch [162]
2022-07-18 22:14:19,919 INFO: Epoch: 165 | PSNR: 30.0975 | Loss: 5.5386 | lr: 5.00e-04 | Best_PSNR: 30.0979 in Epoch [162]
2022-07-18 22:15:14,436 INFO: Epoch: 166 | PSNR: 30.0977 | Loss: 5.5255 | lr: 5.00e-04 | Best_PSNR: 30.0979 in Epoch [162]
2022-07-18 22:16:12,896 INFO: Epoch: 167 | PSNR: 30.0981 | Loss: 5.5483 | lr: 5.00e-04 | Best_PSNR: 30.0981 in Epoch [167]
2022-07-18 22:17:09,147 INFO: Epoch: 168 | PSNR: 30.0989 | Loss: 5.6079 | lr: 5.00e-04 | Best_PSNR: 30.0989 in Epoch [168]
2022-07-18 22:18:08,538 INFO: Epoch: 169 | PSNR: 30.0982 | Loss: 5.5327 | lr: 5.00e-04 | Best_PSNR: 30.0989 in Epoch [168]
2022-07-18 22:19:20,673 INFO: Epoch: 170 | PSNR: 30.0983 | Loss: 5.5528 | lr: 5.00e-04 | Best_PSNR: 30.0989 in Epoch [168]
2022-07-18 22:20:28,688 INFO: Epoch: 171 | PSNR: 30.0993 | Loss: 5.5526 | lr: 5.00e-04 | Best_PSNR: 30.0993 in Epoch [171]
2022-07-18 22:21:23,317 INFO: Epoch: 172 | PSNR: 30.0991 | Loss: 5.5928 | lr: 5.00e-04 | Best_PSNR: 30.0993 in Epoch [171]
2022-07-18 22:22:27,504 INFO: Epoch: 173 | PSNR: 30.0990 | Loss: 5.5758 | lr: 5.00e-04 | Best_PSNR: 30.0993 in Epoch [171]
2022-07-18 22:23:24,259 INFO: Epoch: 174 | PSNR: 30.1000 | Loss: 5.5645 | lr: 5.00e-04 | Best_PSNR: 30.1000 in Epoch [174]
2022-07-18 22:24:20,868 INFO: Epoch: 175 | PSNR: 30.0997 | Loss: 5.6153 | lr: 5.00e-04 | Best_PSNR: 30.1000 in Epoch [174]
2022-07-18 22:25:33,313 INFO: Epoch: 176 | PSNR: 30.0997 | Loss: 5.5346 | lr: 5.00e-04 | Best_PSNR: 30.1000 in Epoch [174]
2022-07-18 22:26:36,825 INFO: Epoch: 177 | PSNR: 30.1001 | Loss: 5.5441 | lr: 5.00e-04 | Best_PSNR: 30.1001 in Epoch [177]
2022-07-18 22:27:46,313 INFO: Epoch: 178 | PSNR: 30.1004 | Loss: 5.5384 | lr: 5.00e-04 | Best_PSNR: 30.1004 in Epoch [178]
2022-07-18 22:28:56,943 INFO: Epoch: 179 | PSNR: 30.1009 | Loss: 5.5217 | lr: 5.00e-04 | Best_PSNR: 30.1009 in Epoch [179]
2022-07-18 22:30:09,580 INFO: Epoch: 180 | PSNR: 30.1006 | Loss: 5.6217 | lr: 5.00e-04 | Best_PSNR: 30.1009 in Epoch [179]
2022-07-18 22:31:09,616 INFO: Epoch: 181 | PSNR: 30.1000 | Loss: 5.5385 | lr: 5.00e-04 | Best_PSNR: 30.1009 in Epoch [179]
2022-07-18 22:32:02,239 INFO: Epoch: 182 | PSNR: 30.1006 | Loss: 5.5316 | lr: 5.00e-04 | Best_PSNR: 30.1009 in Epoch [179]
2022-07-18 22:33:27,506 INFO: Epoch: 183 | PSNR: 30.1004 | Loss: 5.5850 | lr: 5.00e-04 | Best_PSNR: 30.1009 in Epoch [179]
2022-07-18 22:34:35,068 INFO: Epoch: 184 | PSNR: 30.1008 | Loss: 5.5340 | lr: 5.00e-04 | Best_PSNR: 30.1009 in Epoch [179]
2022-07-18 22:35:36,508 INFO: Epoch: 185 | PSNR: 30.1010 | Loss: 5.5584 | lr: 5.00e-04 | Best_PSNR: 30.1010 in Epoch [185]
2022-07-18 22:36:32,837 INFO: Epoch: 186 | PSNR: 30.1010 | Loss: 5.6003 | lr: 5.00e-04 | Best_PSNR: 30.1010 in Epoch [186]
2022-07-18 22:37:43,912 INFO: Epoch: 187 | PSNR: 30.1015 | Loss: 5.5635 | lr: 5.00e-04 | Best_PSNR: 30.1015 in Epoch [187]
2022-07-18 22:38:48,998 INFO: Epoch: 188 | PSNR: 30.1012 | Loss: 5.5187 | lr: 5.00e-04 | Best_PSNR: 30.1015 in Epoch [187]
2022-07-18 22:39:46,563 INFO: Epoch: 189 | PSNR: 30.1015 | Loss: 5.5523 | lr: 5.00e-04 | Best_PSNR: 30.1015 in Epoch [187]
2022-07-18 22:40:48,783 INFO: Epoch: 190 | PSNR: 30.1013 | Loss: 5.5566 | lr: 5.00e-04 | Best_PSNR: 30.1015 in Epoch [187]
2022-07-18 22:41:54,809 INFO: Epoch: 191 | PSNR: 30.1009 | Loss: 5.5671 | lr: 5.00e-04 | Best_PSNR: 30.1015 in Epoch [187]
2022-07-18 22:42:54,689 INFO: Epoch: 192 | PSNR: 30.1010 | Loss: 5.5395 | lr: 5.00e-04 | Best_PSNR: 30.1015 in Epoch [187]
2022-07-18 22:44:04,812 INFO: Epoch: 193 | PSNR: 30.1015 | Loss: 5.5561 | lr: 5.00e-04 | Best_PSNR: 30.1015 in Epoch [187]
2022-07-18 22:45:08,647 INFO: Epoch: 194 | PSNR: 30.1014 | Loss: 5.5367 | lr: 5.00e-04 | Best_PSNR: 30.1015 in Epoch [187]
2022-07-18 22:46:21,532 INFO: Epoch: 195 | PSNR: 30.1015 | Loss: 5.5826 | lr: 5.00e-04 | Best_PSNR: 30.1015 in Epoch [187]
2022-07-18 22:47:23,028 INFO: Epoch: 196 | PSNR: 30.1017 | Loss: 5.5689 | lr: 5.00e-04 | Best_PSNR: 30.1017 in Epoch [196]
2022-07-18 22:48:22,696 INFO: Epoch: 197 | PSNR: 30.1014 | Loss: 5.5815 | lr: 5.00e-04 | Best_PSNR: 30.1017 in Epoch [196]
2022-07-18 22:49:27,685 INFO: Epoch: 198 | PSNR: 30.1019 | Loss: 5.5635 | lr: 5.00e-04 | Best_PSNR: 30.1019 in Epoch [198]
2022-07-18 22:50:34,014 INFO: Epoch: 199 | PSNR: 30.1021 | Loss: 5.5657 | lr: 5.00e-04 | Best_PSNR: 30.1021 in Epoch [199]
2022-07-18 22:51:42,277 INFO: Epoch: 200 | PSNR: 30.1022 | Loss: 5.5325 | lr: 5.00e-04 | Best_PSNR: 30.1022 in Epoch [200]
2022-07-18 22:52:42,899 INFO: Epoch: 201 | PSNR: 30.1020 | Loss: 5.5038 | lr: 5.00e-04 | Best_PSNR: 30.1022 in Epoch [200]
2022-07-18 22:53:49,056 INFO: Epoch: 202 | PSNR: 30.1029 | Loss: 5.5010 | lr: 5.00e-04 | Best_PSNR: 30.1029 in Epoch [202]
2022-07-18 22:55:09,187 INFO: Epoch: 203 | PSNR: 30.1033 | Loss: 5.5483 | lr: 5.00e-04 | Best_PSNR: 30.1033 in Epoch [203]
2022-07-18 22:56:27,648 INFO: Epoch: 204 | PSNR: 30.1041 | Loss: 5.5001 | lr: 5.00e-04 | Best_PSNR: 30.1041 in Epoch [204]
2022-07-18 22:57:38,933 INFO: Epoch: 205 | PSNR: 30.1038 | Loss: 5.5137 | lr: 5.00e-04 | Best_PSNR: 30.1041 in Epoch [204]
2022-07-18 22:58:46,472 INFO: Epoch: 206 | PSNR: 30.1036 | Loss: 5.5138 | lr: 5.00e-04 | Best_PSNR: 30.1041 in Epoch [204]
2022-07-18 22:59:57,167 INFO: Epoch: 207 | PSNR: 30.1038 | Loss: 5.5749 | lr: 5.00e-04 | Best_PSNR: 30.1041 in Epoch [204]
2022-07-18 23:01:01,695 INFO: Epoch: 208 | PSNR: 30.1034 | Loss: 5.5601 | lr: 5.00e-04 | Best_PSNR: 30.1041 in Epoch [204]
2022-07-18 23:02:01,163 INFO: Epoch: 209 | PSNR: 30.1040 | Loss: 5.5482 | lr: 5.00e-04 | Best_PSNR: 30.1041 in Epoch [204]
2022-07-18 23:03:05,769 INFO: Epoch: 210 | PSNR: 30.1034 | Loss: 5.5695 | lr: 5.00e-04 | Best_PSNR: 30.1041 in Epoch [204]
2022-07-18 23:04:21,666 INFO: Epoch: 211 | PSNR: 30.1033 | Loss: 5.5540 | lr: 5.00e-04 | Best_PSNR: 30.1041 in Epoch [204]
2022-07-18 23:05:25,107 INFO: Epoch: 212 | PSNR: 30.1033 | Loss: 5.5281 | lr: 5.00e-04 | Best_PSNR: 30.1041 in Epoch [204]
2022-07-18 23:06:30,464 INFO: Epoch: 213 | PSNR: 30.1043 | Loss: 5.5625 | lr: 5.00e-04 | Best_PSNR: 30.1043 in Epoch [213]
2022-07-18 23:07:41,168 INFO: Epoch: 214 | PSNR: 30.1052 | Loss: 5.5009 | lr: 5.00e-04 | Best_PSNR: 30.1052 in Epoch [214]
2022-07-18 23:08:48,092 INFO: Epoch: 215 | PSNR: 30.1047 | Loss: 5.5949 | lr: 5.00e-04 | Best_PSNR: 30.1052 in Epoch [214]
2022-07-18 23:09:43,076 INFO: Epoch: 216 | PSNR: 30.1057 | Loss: 5.5630 | lr: 5.00e-04 | Best_PSNR: 30.1057 in Epoch [216]
2022-07-18 23:10:44,238 INFO: Epoch: 217 | PSNR: 30.1049 | Loss: 5.5150 | lr: 5.00e-04 | Best_PSNR: 30.1057 in Epoch [216]
2022-07-18 23:11:56,768 INFO: Epoch: 218 | PSNR: 30.1049 | Loss: 5.5235 | lr: 5.00e-04 | Best_PSNR: 30.1057 in Epoch [216]
2022-07-18 23:13:04,566 INFO: Epoch: 219 | PSNR: 30.1043 | Loss: 5.5669 | lr: 5.00e-04 | Best_PSNR: 30.1057 in Epoch [216]
2022-07-18 23:14:07,588 INFO: Epoch: 220 | PSNR: 30.1046 | Loss: 5.5306 | lr: 5.00e-04 | Best_PSNR: 30.1057 in Epoch [216]
2022-07-18 23:15:22,558 INFO: Epoch: 221 | PSNR: 30.1053 | Loss: 5.5351 | lr: 5.00e-04 | Best_PSNR: 30.1057 in Epoch [216]
2022-07-18 23:16:37,583 INFO: Epoch: 222 | PSNR: 30.1052 | Loss: 5.5114 | lr: 5.00e-04 | Best_PSNR: 30.1057 in Epoch [216]
2022-07-18 23:17:37,675 INFO: Epoch: 223 | PSNR: 30.1049 | Loss: 5.5494 | lr: 5.00e-04 | Best_PSNR: 30.1057 in Epoch [216]
2022-07-18 23:18:33,716 INFO: Epoch: 224 | PSNR: 30.1057 | Loss: 5.5704 | lr: 5.00e-04 | Best_PSNR: 30.1057 in Epoch [224]
2022-07-18 23:19:35,654 INFO: Epoch: 225 | PSNR: 30.1061 | Loss: 5.5253 | lr: 5.00e-04 | Best_PSNR: 30.1061 in Epoch [225]
2022-07-18 23:20:39,170 INFO: Epoch: 226 | PSNR: 30.1061 | Loss: 5.5557 | lr: 5.00e-04 | Best_PSNR: 30.1061 in Epoch [226]
2022-07-18 23:21:40,807 INFO: Epoch: 227 | PSNR: 30.1059 | Loss: 5.5402 | lr: 5.00e-04 | Best_PSNR: 30.1061 in Epoch [226]
2022-07-18 23:22:44,863 INFO: Epoch: 228 | PSNR: 30.1053 | Loss: 5.5291 | lr: 5.00e-04 | Best_PSNR: 30.1061 in Epoch [226]
2022-07-18 23:24:02,229 INFO: Epoch: 229 | PSNR: 30.1051 | Loss: 5.5335 | lr: 5.00e-04 | Best_PSNR: 30.1061 in Epoch [226]
2022-07-18 23:25:19,417 INFO: Epoch: 230 | PSNR: 30.1053 | Loss: 5.5792 | lr: 5.00e-04 | Best_PSNR: 30.1061 in Epoch [226]
2022-07-18 23:26:35,843 INFO: Epoch: 231 | PSNR: 30.1058 | Loss: 5.6080 | lr: 5.00e-04 | Best_PSNR: 30.1061 in Epoch [226]
2022-07-18 23:27:55,064 INFO: Epoch: 232 | PSNR: 30.1057 | Loss: 5.5977 | lr: 5.00e-04 | Best_PSNR: 30.1061 in Epoch [226]
2022-07-18 23:29:12,266 INFO: Epoch: 233 | PSNR: 30.1067 | Loss: 5.5255 | lr: 5.00e-04 | Best_PSNR: 30.1067 in Epoch [233]
2022-07-18 23:30:27,709 INFO: Epoch: 234 | PSNR: 30.1066 | Loss: 5.5241 | lr: 5.00e-04 | Best_PSNR: 30.1067 in Epoch [233]
2022-07-18 23:31:33,764 INFO: Epoch: 235 | PSNR: 30.1062 | Loss: 5.5458 | lr: 5.00e-04 | Best_PSNR: 30.1067 in Epoch [233]
2022-07-18 23:32:30,761 INFO: Epoch: 236 | PSNR: 30.1061 | Loss: 5.5645 | lr: 5.00e-04 | Best_PSNR: 30.1067 in Epoch [233]
2022-07-18 23:33:35,894 INFO: Epoch: 237 | PSNR: 30.1058 | Loss: 5.5900 | lr: 5.00e-04 | Best_PSNR: 30.1067 in Epoch [233]
2022-07-18 23:34:53,839 INFO: Epoch: 238 | PSNR: 30.1067 | Loss: 5.4919 | lr: 5.00e-04 | Best_PSNR: 30.1067 in Epoch [238]
2022-07-18 23:36:01,904 INFO: Epoch: 239 | PSNR: 30.1065 | Loss: 5.5828 | lr: 5.00e-04 | Best_PSNR: 30.1067 in Epoch [238]
2022-07-18 23:36:59,151 INFO: Epoch: 240 | PSNR: 30.1068 | Loss: 5.5418 | lr: 5.00e-04 | Best_PSNR: 30.1068 in Epoch [240]
2022-07-18 23:37:58,369 INFO: Epoch: 241 | PSNR: 30.1076 | Loss: 5.5503 | lr: 2.50e-04 | Best_PSNR: 30.1076 in Epoch [241]
2022-07-18 23:39:13,363 INFO: Epoch: 242 | PSNR: 30.1086 | Loss: 5.5289 | lr: 2.50e-04 | Best_PSNR: 30.1086 in Epoch [242]
2022-07-18 23:40:25,455 INFO: Epoch: 243 | PSNR: 30.1087 | Loss: 5.5069 | lr: 2.50e-04 | Best_PSNR: 30.1087 in Epoch [243]
2022-07-18 23:41:36,398 INFO: Epoch: 244 | PSNR: 30.1091 | Loss: 5.5541 | lr: 2.50e-04 | Best_PSNR: 30.1091 in Epoch [244]
2022-07-18 23:42:35,743 INFO: Epoch: 245 | PSNR: 30.1094 | Loss: 5.5235 | lr: 2.50e-04 | Best_PSNR: 30.1094 in Epoch [245]
2022-07-18 23:43:39,132 INFO: Epoch: 246 | PSNR: 30.1097 | Loss: 5.5375 | lr: 2.50e-04 | Best_PSNR: 30.1097 in Epoch [246]
2022-07-18 23:44:56,737 INFO: Epoch: 247 | PSNR: 30.1098 | Loss: 5.5541 | lr: 2.50e-04 | Best_PSNR: 30.1098 in Epoch [247]
2022-07-18 23:46:11,258 INFO: Epoch: 248 | PSNR: 30.1099 | Loss: 5.5099 | lr: 2.50e-04 | Best_PSNR: 30.1099 in Epoch [248]
2022-07-18 23:47:25,475 INFO: Epoch: 249 | PSNR: 30.1096 | Loss: 5.5746 | lr: 2.50e-04 | Best_PSNR: 30.1099 in Epoch [248]
2022-07-18 23:48:27,748 INFO: Epoch: 250 | PSNR: 30.1104 | Loss: 5.5497 | lr: 2.50e-04 | Best_PSNR: 30.1104 in Epoch [250]
2022-07-18 23:49:33,153 INFO: Epoch: 251 | PSNR: 30.1098 | Loss: 5.4864 | lr: 2.50e-04 | Best_PSNR: 30.1104 in Epoch [250]
2022-07-18 23:50:43,805 INFO: Epoch: 252 | PSNR: 30.1103 | Loss: 5.5574 | lr: 2.50e-04 | Best_PSNR: 30.1104 in Epoch [250]
2022-07-18 23:51:40,549 INFO: Epoch: 253 | PSNR: 30.1103 | Loss: 5.5178 | lr: 2.50e-04 | Best_PSNR: 30.1104 in Epoch [250]
2022-07-18 23:52:38,521 INFO: Epoch: 254 | PSNR: 30.1104 | Loss: 5.5211 | lr: 2.50e-04 | Best_PSNR: 30.1104 in Epoch [254]
2022-07-18 23:53:40,563 INFO: Epoch: 255 | PSNR: 30.1102 | Loss: 5.4902 | lr: 2.50e-04 | Best_PSNR: 30.1104 in Epoch [254]
2022-07-18 23:54:51,852 INFO: Epoch: 256 | PSNR: 30.1101 | Loss: 5.5094 | lr: 2.50e-04 | Best_PSNR: 30.1104 in Epoch [254]
2022-07-18 23:56:02,060 INFO: Epoch: 257 | PSNR: 30.1107 | Loss: 5.5437 | lr: 2.50e-04 | Best_PSNR: 30.1107 in Epoch [257]
2022-07-18 23:57:15,717 INFO: Epoch: 258 | PSNR: 30.1106 | Loss: 5.5557 | lr: 2.50e-04 | Best_PSNR: 30.1107 in Epoch [257]
2022-07-18 23:58:28,702 INFO: Epoch: 259 | PSNR: 30.1107 | Loss: 5.4927 | lr: 2.50e-04 | Best_PSNR: 30.1107 in Epoch [257]
2022-07-18 23:59:32,236 INFO: Epoch: 260 | PSNR: 30.1112 | Loss: 5.5222 | lr: 2.50e-04 | Best_PSNR: 30.1112 in Epoch [260]
2022-07-19 00:00:43,466 INFO: Epoch: 261 | PSNR: 30.1106 | Loss: 5.5059 | lr: 2.50e-04 | Best_PSNR: 30.1112 in Epoch [260]
2022-07-19 00:01:54,689 INFO: Epoch: 262 | PSNR: 30.1112 | Loss: 5.5593 | lr: 2.50e-04 | Best_PSNR: 30.1112 in Epoch [262]
2022-07-19 00:03:00,508 INFO: Epoch: 263 | PSNR: 30.1108 | Loss: 5.5256 | lr: 2.50e-04 | Best_PSNR: 30.1112 in Epoch [262]
2022-07-19 00:03:54,839 INFO: Epoch: 264 | PSNR: 30.1108 | Loss: 5.5623 | lr: 2.50e-04 | Best_PSNR: 30.1112 in Epoch [262]
2022-07-19 00:05:03,353 INFO: Epoch: 265 | PSNR: 30.1112 | Loss: 5.5157 | lr: 2.50e-04 | Best_PSNR: 30.1112 in Epoch [265]
2022-07-19 00:06:17,798 INFO: Epoch: 266 | PSNR: 30.1109 | Loss: 5.5067 | lr: 2.50e-04 | Best_PSNR: 30.1112 in Epoch [265]
2022-07-19 00:07:20,414 INFO: Epoch: 267 | PSNR: 30.1114 | Loss: 5.5080 | lr: 2.50e-04 | Best_PSNR: 30.1114 in Epoch [267]
2022-07-19 00:08:20,613 INFO: Epoch: 268 | PSNR: 30.1116 | Loss: 5.4805 | lr: 2.50e-04 | Best_PSNR: 30.1116 in Epoch [268]
2022-07-19 00:09:23,156 INFO: Epoch: 269 | PSNR: 30.1113 | Loss: 5.5288 | lr: 2.50e-04 | Best_PSNR: 30.1116 in Epoch [268]
2022-07-19 00:10:33,056 INFO: Epoch: 270 | PSNR: 30.1111 | Loss: 5.5095 | lr: 2.50e-04 | Best_PSNR: 30.1116 in Epoch [268]
2022-07-19 00:11:46,594 INFO: Epoch: 271 | PSNR: 30.1112 | Loss: 5.5580 | lr: 2.50e-04 | Best_PSNR: 30.1116 in Epoch [268]
2022-07-19 00:12:55,791 INFO: Epoch: 272 | PSNR: 30.1109 | Loss: 5.5319 | lr: 2.50e-04 | Best_PSNR: 30.1116 in Epoch [268]
2022-07-19 00:14:03,651 INFO: Epoch: 273 | PSNR: 30.1116 | Loss: 5.4966 | lr: 2.50e-04 | Best_PSNR: 30.1116 in Epoch [268]
2022-07-19 00:15:06,064 INFO: Epoch: 274 | PSNR: 30.1121 | Loss: 5.4918 | lr: 2.50e-04 | Best_PSNR: 30.1121 in Epoch [274]
2022-07-19 00:16:13,044 INFO: Epoch: 275 | PSNR: 30.1119 | Loss: 5.5138 | lr: 2.50e-04 | Best_PSNR: 30.1121 in Epoch [274]
2022-07-19 00:17:22,297 INFO: Epoch: 276 | PSNR: 30.1116 | Loss: 5.5358 | lr: 2.50e-04 | Best_PSNR: 30.1121 in Epoch [274]
2022-07-19 00:18:32,563 INFO: Epoch: 277 | PSNR: 30.1113 | Loss: 5.5886 | lr: 2.50e-04 | Best_PSNR: 30.1121 in Epoch [274]
2022-07-19 00:19:35,325 INFO: Epoch: 278 | PSNR: 30.1112 | Loss: 5.5196 | lr: 2.50e-04 | Best_PSNR: 30.1121 in Epoch [274]
2022-07-19 00:20:33,758 INFO: Epoch: 279 | PSNR: 30.1110 | Loss: 5.5538 | lr: 2.50e-04 | Best_PSNR: 30.1121 in Epoch [274]
2022-07-19 00:21:42,800 INFO: Epoch: 280 | PSNR: 30.1114 | Loss: 5.5287 | lr: 2.50e-04 | Best_PSNR: 30.1121 in Epoch [274]
2022-07-19 00:22:49,904 INFO: Epoch: 281 | PSNR: 30.1110 | Loss: 5.5458 | lr: 2.50e-04 | Best_PSNR: 30.1121 in Epoch [274]
2022-07-19 00:23:55,369 INFO: Epoch: 282 | PSNR: 30.1120 | Loss: 5.5212 | lr: 2.50e-04 | Best_PSNR: 30.1121 in Epoch [274]
2022-07-19 00:24:50,874 INFO: Epoch: 283 | PSNR: 30.1112 | Loss: 5.5818 | lr: 2.50e-04 | Best_PSNR: 30.1121 in Epoch [274]
2022-07-19 00:25:48,884 INFO: Epoch: 284 | PSNR: 30.1112 | Loss: 5.5635 | lr: 2.50e-04 | Best_PSNR: 30.1121 in Epoch [274]
2022-07-19 00:26:58,981 INFO: Epoch: 285 | PSNR: 30.1122 | Loss: 5.5293 | lr: 2.50e-04 | Best_PSNR: 30.1122 in Epoch [285]
2022-07-19 00:28:11,568 INFO: Epoch: 286 | PSNR: 30.1117 | Loss: 5.5326 | lr: 2.50e-04 | Best_PSNR: 30.1122 in Epoch [285]
2022-07-19 00:29:09,261 INFO: Epoch: 287 | PSNR: 30.1120 | Loss: 5.5222 | lr: 2.50e-04 | Best_PSNR: 30.1122 in Epoch [285]
2022-07-19 00:30:16,770 INFO: Epoch: 288 | PSNR: 30.1122 | Loss: 5.5052 | lr: 2.50e-04 | Best_PSNR: 30.1122 in Epoch [288]
2022-07-19 00:31:33,888 INFO: Epoch: 289 | PSNR: 30.1130 | Loss: 5.5095 | lr: 2.50e-04 | Best_PSNR: 30.1130 in Epoch [289]
2022-07-19 00:32:46,553 INFO: Epoch: 290 | PSNR: 30.1127 | Loss: 5.4836 | lr: 2.50e-04 | Best_PSNR: 30.1130 in Epoch [289]
2022-07-19 00:33:51,314 INFO: Epoch: 291 | PSNR: 30.1130 | Loss: 5.5449 | lr: 2.50e-04 | Best_PSNR: 30.1130 in Epoch [289]
2022-07-19 00:34:59,296 INFO: Epoch: 292 | PSNR: 30.1128 | Loss: 5.5572 | lr: 2.50e-04 | Best_PSNR: 30.1130 in Epoch [289]
2022-07-19 00:36:08,371 INFO: Epoch: 293 | PSNR: 30.1125 | Loss: 5.5554 | lr: 2.50e-04 | Best_PSNR: 30.1130 in Epoch [289]
2022-07-19 00:37:14,573 INFO: Epoch: 294 | PSNR: 30.1124 | Loss: 5.5205 | lr: 2.50e-04 | Best_PSNR: 30.1130 in Epoch [289]
2022-07-19 00:38:21,707 INFO: Epoch: 295 | PSNR: 30.1125 | Loss: 5.5190 | lr: 2.50e-04 | Best_PSNR: 30.1130 in Epoch [289]
2022-07-19 00:39:17,371 INFO: Epoch: 296 | PSNR: 30.1123 | Loss: 5.4943 | lr: 2.50e-04 | Best_PSNR: 30.1130 in Epoch [289]
2022-07-19 00:40:18,554 INFO: Epoch: 297 | PSNR: 30.1123 | Loss: 5.5431 | lr: 2.50e-04 | Best_PSNR: 30.1130 in Epoch [289]
2022-07-19 00:41:30,963 INFO: Epoch: 298 | PSNR: 30.1125 | Loss: 5.5224 | lr: 2.50e-04 | Best_PSNR: 30.1130 in Epoch [289]
2022-07-19 00:42:30,083 INFO: Epoch: 299 | PSNR: 30.1121 | Loss: 5.5286 | lr: 2.50e-04 | Best_PSNR: 30.1130 in Epoch [289]
2022-07-19 00:43:10,673 INFO: Epoch: 300 | PSNR: 30.1124 | Loss: 5.5251 | lr: 2.50e-04 | Best_PSNR: 30.1130 in Epoch [289]
2022-07-19 00:43:57,276 INFO: Epoch: 301 | PSNR: 30.1128 | Loss: 5.5226 | lr: 2.50e-04 | Best_PSNR: 30.1130 in Epoch [289]
2022-07-19 00:44:44,228 INFO: Epoch: 302 | PSNR: 30.1132 | Loss: 5.5499 | lr: 2.50e-04 | Best_PSNR: 30.1132 in Epoch [302]
2022-07-19 00:45:26,356 INFO: Epoch: 303 | PSNR: 30.1133 | Loss: 5.5805 | lr: 2.50e-04 | Best_PSNR: 30.1133 in Epoch [303]
2022-07-19 00:46:06,453 INFO: Epoch: 304 | PSNR: 30.1126 | Loss: 5.5001 | lr: 2.50e-04 | Best_PSNR: 30.1133 in Epoch [303]
2022-07-19 00:46:53,847 INFO: Epoch: 305 | PSNR: 30.1130 | Loss: 5.5864 | lr: 2.50e-04 | Best_PSNR: 30.1133 in Epoch [303]
2022-07-19 00:47:42,650 INFO: Epoch: 306 | PSNR: 30.1133 | Loss: 5.5705 | lr: 2.50e-04 | Best_PSNR: 30.1133 in Epoch [306]
2022-07-19 00:48:25,530 INFO: Epoch: 307 | PSNR: 30.1128 | Loss: 5.5202 | lr: 2.50e-04 | Best_PSNR: 30.1133 in Epoch [306]
2022-07-19 00:49:05,062 INFO: Epoch: 308 | PSNR: 30.1135 | Loss: 5.5296 | lr: 2.50e-04 | Best_PSNR: 30.1135 in Epoch [308]
2022-07-19 00:49:49,178 INFO: Epoch: 309 | PSNR: 30.1136 | Loss: 5.5156 | lr: 2.50e-04 | Best_PSNR: 30.1136 in Epoch [309]
2022-07-19 00:50:36,935 INFO: Epoch: 310 | PSNR: 30.1138 | Loss: 5.5364 | lr: 2.50e-04 | Best_PSNR: 30.1138 in Epoch [310]
2022-07-19 00:51:24,926 INFO: Epoch: 311 | PSNR: 30.1140 | Loss: 5.5743 | lr: 2.50e-04 | Best_PSNR: 30.1140 in Epoch [311]
2022-07-19 00:52:05,870 INFO: Epoch: 312 | PSNR: 30.1140 | Loss: 5.5191 | lr: 2.50e-04 | Best_PSNR: 30.1140 in Epoch [312]
2022-07-19 00:52:46,207 INFO: Epoch: 313 | PSNR: 30.1138 | Loss: 5.5044 | lr: 2.50e-04 | Best_PSNR: 30.1140 in Epoch [312]
2022-07-19 00:53:37,679 INFO: Epoch: 314 | PSNR: 30.1140 | Loss: 5.5213 | lr: 2.50e-04 | Best_PSNR: 30.1140 in Epoch [312]
2022-07-19 00:54:33,416 INFO: Epoch: 315 | PSNR: 30.1138 | Loss: 5.5426 | lr: 2.50e-04 | Best_PSNR: 30.1140 in Epoch [312]
2022-07-19 00:55:24,761 INFO: Epoch: 316 | PSNR: 30.1142 | Loss: 5.5321 | lr: 2.50e-04 | Best_PSNR: 30.1142 in Epoch [316]
2022-07-19 00:56:07,957 INFO: Epoch: 317 | PSNR: 30.1136 | Loss: 5.5609 | lr: 2.50e-04 | Best_PSNR: 30.1142 in Epoch [316]
2022-07-19 00:57:03,985 INFO: Epoch: 318 | PSNR: 30.1135 | Loss: 5.5033 | lr: 2.50e-04 | Best_PSNR: 30.1142 in Epoch [316]
2022-07-19 00:58:02,780 INFO: Epoch: 319 | PSNR: 30.1137 | Loss: 5.5691 | lr: 2.50e-04 | Best_PSNR: 30.1142 in Epoch [316]
2022-07-19 00:58:58,398 INFO: Epoch: 320 | PSNR: 30.1139 | Loss: 5.5583 | lr: 2.50e-04 | Best_PSNR: 30.1142 in Epoch [316]
2022-07-19 01:00:00,306 INFO: Epoch: 321 | PSNR: 30.1138 | Loss: 5.5540 | lr: 2.50e-04 | Best_PSNR: 30.1142 in Epoch [316]
2022-07-19 01:00:52,674 INFO: Epoch: 322 | PSNR: 30.1138 | Loss: 5.5735 | lr: 2.50e-04 | Best_PSNR: 30.1142 in Epoch [316]
2022-07-19 01:01:47,206 INFO: Epoch: 323 | PSNR: 30.1135 | Loss: 5.5448 | lr: 2.50e-04 | Best_PSNR: 30.1142 in Epoch [316]
2022-07-19 01:02:34,235 INFO: Epoch: 324 | PSNR: 30.1136 | Loss: 5.5108 | lr: 2.50e-04 | Best_PSNR: 30.1142 in Epoch [316]
2022-07-19 01:03:21,124 INFO: Epoch: 325 | PSNR: 30.1130 | Loss: 5.5212 | lr: 2.50e-04 | Best_PSNR: 30.1142 in Epoch [316]
2022-07-19 01:04:06,523 INFO: Epoch: 326 | PSNR: 30.1134 | Loss: 5.5338 | lr: 2.50e-04 | Best_PSNR: 30.1142 in Epoch [316]
2022-07-19 01:04:52,725 INFO: Epoch: 327 | PSNR: 30.1130 | Loss: 5.5309 | lr: 2.50e-04 | Best_PSNR: 30.1142 in Epoch [316]
2022-07-19 01:05:34,768 INFO: Epoch: 328 | PSNR: 30.1135 | Loss: 5.5250 | lr: 2.50e-04 | Best_PSNR: 30.1142 in Epoch [316]
2022-07-19 01:06:19,755 INFO: Epoch: 329 | PSNR: 30.1141 | Loss: 5.5057 | lr: 2.50e-04 | Best_PSNR: 30.1142 in Epoch [316]
2022-07-19 01:07:09,361 INFO: Epoch: 330 | PSNR: 30.1134 | Loss: 5.5466 | lr: 2.50e-04 | Best_PSNR: 30.1142 in Epoch [316]
2022-07-19 01:07:56,759 INFO: Epoch: 331 | PSNR: 30.1138 | Loss: 5.5593 | lr: 2.50e-04 | Best_PSNR: 30.1142 in Epoch [316]
2022-07-19 01:08:37,469 INFO: Epoch: 332 | PSNR: 30.1140 | Loss: 5.5207 | lr: 2.50e-04 | Best_PSNR: 30.1142 in Epoch [316]
2022-07-19 01:09:20,478 INFO: Epoch: 333 | PSNR: 30.1146 | Loss: 5.5207 | lr: 2.50e-04 | Best_PSNR: 30.1146 in Epoch [333]
2022-07-19 01:10:15,088 INFO: Epoch: 334 | PSNR: 30.1147 | Loss: 5.5220 | lr: 2.50e-04 | Best_PSNR: 30.1147 in Epoch [334]
2022-07-19 01:11:08,320 INFO: Epoch: 335 | PSNR: 30.1144 | Loss: 5.5278 | lr: 2.50e-04 | Best_PSNR: 30.1147 in Epoch [334]
2022-07-19 01:12:08,219 INFO: Epoch: 336 | PSNR: 30.1144 | Loss: 5.4811 | lr: 2.50e-04 | Best_PSNR: 30.1147 in Epoch [334]
2022-07-19 01:12:53,081 INFO: Epoch: 337 | PSNR: 30.1143 | Loss: 5.5979 | lr: 2.50e-04 | Best_PSNR: 30.1147 in Epoch [334]
2022-07-19 01:13:57,504 INFO: Epoch: 338 | PSNR: 30.1144 | Loss: 5.5305 | lr: 2.50e-04 | Best_PSNR: 30.1147 in Epoch [334]
2022-07-19 01:14:50,412 INFO: Epoch: 339 | PSNR: 30.1143 | Loss: 5.5590 | lr: 2.50e-04 | Best_PSNR: 30.1147 in Epoch [334]
2022-07-19 01:15:59,267 INFO: Epoch: 340 | PSNR: 30.1144 | Loss: 5.5148 | lr: 2.50e-04 | Best_PSNR: 30.1147 in Epoch [334]
2022-07-19 01:16:56,953 INFO: Epoch: 341 | PSNR: 30.1147 | Loss: 5.5192 | lr: 2.50e-04 | Best_PSNR: 30.1147 in Epoch [334]
2022-07-19 01:17:47,502 INFO: Epoch: 342 | PSNR: 30.1145 | Loss: 5.5485 | lr: 2.50e-04 | Best_PSNR: 30.1147 in Epoch [334]
2022-07-19 01:18:51,509 INFO: Epoch: 343 | PSNR: 30.1150 | Loss: 5.5250 | lr: 2.50e-04 | Best_PSNR: 30.1150 in Epoch [343]
2022-07-19 01:19:46,243 INFO: Epoch: 344 | PSNR: 30.1158 | Loss: 5.5215 | lr: 2.50e-04 | Best_PSNR: 30.1158 in Epoch [344]
2022-07-19 01:20:48,074 INFO: Epoch: 345 | PSNR: 30.1150 | Loss: 5.5398 | lr: 2.50e-04 | Best_PSNR: 30.1158 in Epoch [344]
2022-07-19 01:21:39,503 INFO: Epoch: 346 | PSNR: 30.1145 | Loss: 5.5550 | lr: 2.50e-04 | Best_PSNR: 30.1158 in Epoch [344]
2022-07-19 01:22:31,453 INFO: Epoch: 347 | PSNR: 30.1149 | Loss: 5.5043 | lr: 2.50e-04 | Best_PSNR: 30.1158 in Epoch [344]
2022-07-19 01:23:36,151 INFO: Epoch: 348 | PSNR: 30.1143 | Loss: 5.5292 | lr: 2.50e-04 | Best_PSNR: 30.1158 in Epoch [344]
2022-07-19 01:24:26,972 INFO: Epoch: 349 | PSNR: 30.1150 | Loss: 5.5202 | lr: 2.50e-04 | Best_PSNR: 30.1158 in Epoch [344]
2022-07-19 01:25:23,813 INFO: Epoch: 350 | PSNR: 30.1153 | Loss: 5.5247 | lr: 2.50e-04 | Best_PSNR: 30.1158 in Epoch [344]
2022-07-19 01:26:20,220 INFO: Epoch: 351 | PSNR: 30.1150 | Loss: 5.5490 | lr: 2.50e-04 | Best_PSNR: 30.1158 in Epoch [344]
2022-07-19 01:27:27,347 INFO: Epoch: 352 | PSNR: 30.1150 | Loss: 5.4934 | lr: 2.50e-04 | Best_PSNR: 30.1158 in Epoch [344]
2022-07-19 01:28:32,449 INFO: Epoch: 353 | PSNR: 30.1152 | Loss: 5.5029 | lr: 2.50e-04 | Best_PSNR: 30.1158 in Epoch [344]
2022-07-19 01:29:21,835 INFO: Epoch: 354 | PSNR: 30.1157 | Loss: 5.5628 | lr: 2.50e-04 | Best_PSNR: 30.1158 in Epoch [344]
2022-07-19 01:30:30,171 INFO: Epoch: 355 | PSNR: 30.1161 | Loss: 5.5673 | lr: 2.50e-04 | Best_PSNR: 30.1161 in Epoch [355]
2022-07-19 01:31:34,287 INFO: Epoch: 356 | PSNR: 30.1157 | Loss: 5.4838 | lr: 2.50e-04 | Best_PSNR: 30.1161 in Epoch [355]
2022-07-19 01:32:30,015 INFO: Epoch: 357 | PSNR: 30.1151 | Loss: 5.5357 | lr: 2.50e-04 | Best_PSNR: 30.1161 in Epoch [355]
2022-07-19 01:33:30,954 INFO: Epoch: 358 | PSNR: 30.1157 | Loss: 5.5101 | lr: 2.50e-04 | Best_PSNR: 30.1161 in Epoch [355]
2022-07-19 01:34:24,316 INFO: Epoch: 359 | PSNR: 30.1155 | Loss: 5.4667 | lr: 2.50e-04 | Best_PSNR: 30.1161 in Epoch [355]
2022-07-19 01:35:16,209 INFO: Epoch: 360 | PSNR: 30.1160 | Loss: 5.4881 | lr: 2.50e-04 | Best_PSNR: 30.1161 in Epoch [355]
2022-07-19 01:36:28,598 INFO: Epoch: 361 | PSNR: 30.1160 | Loss: 5.5321 | lr: 1.25e-04 | Best_PSNR: 30.1161 in Epoch [355]
2022-07-19 01:37:28,197 INFO: Epoch: 362 | PSNR: 30.1162 | Loss: 5.5140 | lr: 1.25e-04 | Best_PSNR: 30.1162 in Epoch [362]
2022-07-19 01:38:20,744 INFO: Epoch: 363 | PSNR: 30.1161 | Loss: 5.5929 | lr: 1.25e-04 | Best_PSNR: 30.1162 in Epoch [362]
2022-07-19 01:39:20,388 INFO: Epoch: 364 | PSNR: 30.1167 | Loss: 5.5321 | lr: 1.25e-04 | Best_PSNR: 30.1167 in Epoch [364]
2022-07-19 01:40:20,365 INFO: Epoch: 365 | PSNR: 30.1163 | Loss: 5.5476 | lr: 1.25e-04 | Best_PSNR: 30.1167 in Epoch [364]
2022-07-19 01:41:22,240 INFO: Epoch: 366 | PSNR: 30.1165 | Loss: 5.5171 | lr: 1.25e-04 | Best_PSNR: 30.1167 in Epoch [364]
2022-07-19 01:42:32,333 INFO: Epoch: 367 | PSNR: 30.1169 | Loss: 5.5227 | lr: 1.25e-04 | Best_PSNR: 30.1169 in Epoch [367]
2022-07-19 01:43:28,352 INFO: Epoch: 368 | PSNR: 30.1164 | Loss: 5.5532 | lr: 1.25e-04 | Best_PSNR: 30.1169 in Epoch [367]
2022-07-19 01:44:15,429 INFO: Epoch: 369 | PSNR: 30.1157 | Loss: 5.4944 | lr: 1.25e-04 | Best_PSNR: 30.1169 in Epoch [367]
2022-07-19 01:45:25,269 INFO: Epoch: 370 | PSNR: 30.1159 | Loss: 5.4910 | lr: 1.25e-04 | Best_PSNR: 30.1169 in Epoch [367]
2022-07-19 01:46:35,787 INFO: Epoch: 371 | PSNR: 30.1161 | Loss: 5.5523 | lr: 1.25e-04 | Best_PSNR: 30.1169 in Epoch [367]
2022-07-19 01:47:38,876 INFO: Epoch: 372 | PSNR: 30.1165 | Loss: 5.4863 | lr: 1.25e-04 | Best_PSNR: 30.1169 in Epoch [367]
2022-07-19 01:48:31,547 INFO: Epoch: 373 | PSNR: 30.1164 | Loss: 5.5385 | lr: 1.25e-04 | Best_PSNR: 30.1169 in Epoch [367]
2022-07-19 01:49:30,488 INFO: Epoch: 374 | PSNR: 30.1167 | Loss: 5.5063 | lr: 1.25e-04 | Best_PSNR: 30.1169 in Epoch [367]
2022-07-19 01:50:34,337 INFO: Epoch: 375 | PSNR: 30.1165 | Loss: 5.5244 | lr: 1.25e-04 | Best_PSNR: 30.1169 in Epoch [367]
2022-07-19 01:51:28,864 INFO: Epoch: 376 | PSNR: 30.1163 | Loss: 5.5218 | lr: 1.25e-04 | Best_PSNR: 30.1169 in Epoch [367]
2022-07-19 01:52:27,065 INFO: Epoch: 377 | PSNR: 30.1167 | Loss: 5.5458 | lr: 1.25e-04 | Best_PSNR: 30.1169 in Epoch [367]
2022-07-19 01:53:19,713 INFO: Epoch: 378 | PSNR: 30.1166 | Loss: 5.5411 | lr: 1.25e-04 | Best_PSNR: 30.1169 in Epoch [367]
2022-07-19 01:54:22,441 INFO: Epoch: 379 | PSNR: 30.1172 | Loss: 5.4881 | lr: 1.25e-04 | Best_PSNR: 30.1172 in Epoch [379]
2022-07-19 01:55:33,353 INFO: Epoch: 380 | PSNR: 30.1169 | Loss: 5.4896 | lr: 1.25e-04 | Best_PSNR: 30.1172 in Epoch [379]
2022-07-19 01:56:24,126 INFO: Epoch: 381 | PSNR: 30.1164 | Loss: 5.4966 | lr: 1.25e-04 | Best_PSNR: 30.1172 in Epoch [379]
2022-07-19 01:57:16,747 INFO: Epoch: 382 | PSNR: 30.1165 | Loss: 5.5302 | lr: 1.25e-04 | Best_PSNR: 30.1172 in Epoch [379]
2022-07-19 01:58:21,805 INFO: Epoch: 383 | PSNR: 30.1161 | Loss: 5.5889 | lr: 1.25e-04 | Best_PSNR: 30.1172 in Epoch [379]
2022-07-19 01:59:12,237 INFO: Epoch: 384 | PSNR: 30.1162 | Loss: 5.5272 | lr: 1.25e-04 | Best_PSNR: 30.1172 in Epoch [379]
2022-07-19 02:00:05,225 INFO: Epoch: 385 | PSNR: 30.1164 | Loss: 5.5488 | lr: 1.25e-04 | Best_PSNR: 30.1172 in Epoch [379]
2022-07-19 02:01:02,067 INFO: Epoch: 386 | PSNR: 30.1164 | Loss: 5.5530 | lr: 1.25e-04 | Best_PSNR: 30.1172 in Epoch [379]
2022-07-19 02:01:59,356 INFO: Epoch: 387 | PSNR: 30.1170 | Loss: 5.4853 | lr: 1.25e-04 | Best_PSNR: 30.1172 in Epoch [379]
2022-07-19 02:02:58,795 INFO: Epoch: 388 | PSNR: 30.1174 | Loss: 5.5754 | lr: 1.25e-04 | Best_PSNR: 30.1174 in Epoch [388]
2022-07-19 02:03:51,927 INFO: Epoch: 389 | PSNR: 30.1173 | Loss: 5.5222 | lr: 1.25e-04 | Best_PSNR: 30.1174 in Epoch [388]
2022-07-19 02:04:56,735 INFO: Epoch: 390 | PSNR: 30.1174 | Loss: 5.5290 | lr: 1.25e-04 | Best_PSNR: 30.1174 in Epoch [390]
2022-07-19 02:06:06,360 INFO: Epoch: 391 | PSNR: 30.1175 | Loss: 5.5030 | lr: 1.25e-04 | Best_PSNR: 30.1175 in Epoch [391]
2022-07-19 02:07:10,040 INFO: Epoch: 392 | PSNR: 30.1172 | Loss: 5.5007 | lr: 1.25e-04 | Best_PSNR: 30.1175 in Epoch [391]
2022-07-19 02:08:02,335 INFO: Epoch: 393 | PSNR: 30.1170 | Loss: 5.5463 | lr: 1.25e-04 | Best_PSNR: 30.1175 in Epoch [391]
2022-07-19 02:08:58,021 INFO: Epoch: 394 | PSNR: 30.1174 | Loss: 5.5267 | lr: 1.25e-04 | Best_PSNR: 30.1175 in Epoch [391]
2022-07-19 02:10:03,164 INFO: Epoch: 395 | PSNR: 30.1175 | Loss: 5.5479 | lr: 1.25e-04 | Best_PSNR: 30.1175 in Epoch [391]
2022-07-19 02:10:59,697 INFO: Epoch: 396 | PSNR: 30.1178 | Loss: 5.4842 | lr: 1.25e-04 | Best_PSNR: 30.1178 in Epoch [396]
2022-07-19 02:11:57,959 INFO: Epoch: 397 | PSNR: 30.1173 | Loss: 5.5163 | lr: 1.25e-04 | Best_PSNR: 30.1178 in Epoch [396]
2022-07-19 02:12:56,133 INFO: Epoch: 398 | PSNR: 30.1170 | Loss: 5.4954 | lr: 1.25e-04 | Best_PSNR: 30.1178 in Epoch [396]
2022-07-19 02:13:49,476 INFO: Epoch: 399 | PSNR: 30.1172 | Loss: 5.5770 | lr: 1.25e-04 | Best_PSNR: 30.1178 in Epoch [396]
2022-07-19 02:14:50,843 INFO: Epoch: 400 | PSNR: 30.1171 | Loss: 5.5145 | lr: 1.25e-04 | Best_PSNR: 30.1178 in Epoch [396]
2022-07-19 02:15:48,570 INFO: Epoch: 401 | PSNR: 30.1179 | Loss: 5.5022 | lr: 1.25e-04 | Best_PSNR: 30.1179 in Epoch [401]
2022-07-19 02:16:53,417 INFO: Epoch: 402 | PSNR: 30.1179 | Loss: 5.5197 | lr: 1.25e-04 | Best_PSNR: 30.1179 in Epoch [402]
2022-07-19 02:18:07,393 INFO: Epoch: 403 | PSNR: 30.1176 | Loss: 5.5102 | lr: 1.25e-04 | Best_PSNR: 30.1179 in Epoch [402]
2022-07-19 02:19:05,198 INFO: Epoch: 404 | PSNR: 30.1174 | Loss: 5.5404 | lr: 1.25e-04 | Best_PSNR: 30.1179 in Epoch [402]
2022-07-19 02:19:56,166 INFO: Epoch: 405 | PSNR: 30.1169 | Loss: 5.5096 | lr: 1.25e-04 | Best_PSNR: 30.1179 in Epoch [402]
2022-07-19 02:20:52,713 INFO: Epoch: 406 | PSNR: 30.1173 | Loss: 5.5169 | lr: 1.25e-04 | Best_PSNR: 30.1179 in Epoch [402]
2022-07-19 02:21:45,184 INFO: Epoch: 407 | PSNR: 30.1172 | Loss: 5.4989 | lr: 1.25e-04 | Best_PSNR: 30.1179 in Epoch [402]
2022-07-19 02:22:45,803 INFO: Epoch: 408 | PSNR: 30.1176 | Loss: 5.4811 | lr: 1.25e-04 | Best_PSNR: 30.1179 in Epoch [402]
2022-07-19 02:23:50,032 INFO: Epoch: 409 | PSNR: 30.1175 | Loss: 5.4969 | lr: 1.25e-04 | Best_PSNR: 30.1179 in Epoch [402]
2022-07-19 02:24:45,873 INFO: Epoch: 410 | PSNR: 30.1171 | Loss: 5.5507 | lr: 1.25e-04 | Best_PSNR: 30.1179 in Epoch [402]
2022-07-19 02:25:39,394 INFO: Epoch: 411 | PSNR: 30.1174 | Loss: 5.5225 | lr: 1.25e-04 | Best_PSNR: 30.1179 in Epoch [402]
2022-07-19 02:26:44,359 INFO: Epoch: 412 | PSNR: 30.1177 | Loss: 5.5110 | lr: 1.25e-04 | Best_PSNR: 30.1179 in Epoch [402]
2022-07-19 02:27:45,894 INFO: Epoch: 413 | PSNR: 30.1177 | Loss: 5.5339 | lr: 1.25e-04 | Best_PSNR: 30.1179 in Epoch [402]
2022-07-19 02:28:48,098 INFO: Epoch: 414 | PSNR: 30.1178 | Loss: 5.5269 | lr: 1.25e-04 | Best_PSNR: 30.1179 in Epoch [402]
2022-07-19 02:29:47,359 INFO: Epoch: 415 | PSNR: 30.1179 | Loss: 5.4727 | lr: 1.25e-04 | Best_PSNR: 30.1179 in Epoch [402]
2022-07-19 02:31:13,836 INFO: Epoch: 416 | PSNR: 30.1186 | Loss: 5.5179 | lr: 1.25e-04 | Best_PSNR: 30.1186 in Epoch [416]
2022-07-19 02:32:22,743 INFO: Epoch: 417 | PSNR: 30.1187 | Loss: 5.5048 | lr: 1.25e-04 | Best_PSNR: 30.1187 in Epoch [417]
2022-07-19 02:33:25,234 INFO: Epoch: 418 | PSNR: 30.1183 | Loss: 5.5210 | lr: 1.25e-04 | Best_PSNR: 30.1187 in Epoch [417]
2022-07-19 02:34:22,314 INFO: Epoch: 419 | PSNR: 30.1181 | Loss: 5.5056 | lr: 1.25e-04 | Best_PSNR: 30.1187 in Epoch [417]
2022-07-19 02:35:28,543 INFO: Epoch: 420 | PSNR: 30.1180 | Loss: 5.5351 | lr: 1.25e-04 | Best_PSNR: 30.1187 in Epoch [417]
2022-07-19 02:36:32,549 INFO: Epoch: 421 | PSNR: 30.1176 | Loss: 5.5626 | lr: 1.25e-04 | Best_PSNR: 30.1187 in Epoch [417]
2022-07-19 02:37:25,095 INFO: Epoch: 422 | PSNR: 30.1175 | Loss: 5.5540 | lr: 1.25e-04 | Best_PSNR: 30.1187 in Epoch [417]
2022-07-19 02:38:36,096 INFO: Epoch: 423 | PSNR: 30.1172 | Loss: 5.5398 | lr: 1.25e-04 | Best_PSNR: 30.1187 in Epoch [417]
2022-07-19 02:39:44,062 INFO: Epoch: 424 | PSNR: 30.1182 | Loss: 5.4951 | lr: 1.25e-04 | Best_PSNR: 30.1187 in Epoch [417]
2022-07-19 02:40:38,070 INFO: Epoch: 425 | PSNR: 30.1176 | Loss: 5.5428 | lr: 1.25e-04 | Best_PSNR: 30.1187 in Epoch [417]
2022-07-19 02:41:48,746 INFO: Epoch: 426 | PSNR: 30.1174 | Loss: 5.5358 | lr: 1.25e-04 | Best_PSNR: 30.1187 in Epoch [417]
2022-07-19 02:42:56,947 INFO: Epoch: 427 | PSNR: 30.1170 | Loss: 5.5104 | lr: 1.25e-04 | Best_PSNR: 30.1187 in Epoch [417]
2022-07-19 02:43:49,301 INFO: Epoch: 428 | PSNR: 30.1177 | Loss: 5.5415 | lr: 1.25e-04 | Best_PSNR: 30.1187 in Epoch [417]
2022-07-19 02:44:54,660 INFO: Epoch: 429 | PSNR: 30.1180 | Loss: 5.5302 | lr: 1.25e-04 | Best_PSNR: 30.1187 in Epoch [417]
2022-07-19 02:45:59,291 INFO: Epoch: 430 | PSNR: 30.1180 | Loss: 5.5242 | lr: 1.25e-04 | Best_PSNR: 30.1187 in Epoch [417]
2022-07-19 02:47:01,189 INFO: Epoch: 431 | PSNR: 30.1183 | Loss: 5.5147 | lr: 1.25e-04 | Best_PSNR: 30.1187 in Epoch [417]
2022-07-19 02:48:08,238 INFO: Epoch: 432 | PSNR: 30.1187 | Loss: 5.5187 | lr: 1.25e-04 | Best_PSNR: 30.1187 in Epoch [432]
2022-07-19 02:49:09,663 INFO: Epoch: 433 | PSNR: 30.1187 | Loss: 5.4873 | lr: 1.25e-04 | Best_PSNR: 30.1187 in Epoch [432]
2022-07-19 02:50:03,105 INFO: Epoch: 434 | PSNR: 30.1185 | Loss: 5.5378 | lr: 1.25e-04 | Best_PSNR: 30.1187 in Epoch [432]
2022-07-19 02:51:23,526 INFO: Epoch: 435 | PSNR: 30.1177 | Loss: 5.5489 | lr: 1.25e-04 | Best_PSNR: 30.1187 in Epoch [432]
2022-07-19 02:52:35,701 INFO: Epoch: 436 | PSNR: 30.1178 | Loss: 5.5611 | lr: 1.25e-04 | Best_PSNR: 30.1187 in Epoch [432]
2022-07-19 02:53:44,077 INFO: Epoch: 437 | PSNR: 30.1177 | Loss: 5.5034 | lr: 1.25e-04 | Best_PSNR: 30.1187 in Epoch [432]
2022-07-19 02:54:52,652 INFO: Epoch: 438 | PSNR: 30.1175 | Loss: 5.5432 | lr: 1.25e-04 | Best_PSNR: 30.1187 in Epoch [432]
2022-07-19 02:55:58,503 INFO: Epoch: 439 | PSNR: 30.1176 | Loss: 5.5412 | lr: 1.25e-04 | Best_PSNR: 30.1187 in Epoch [432]
2022-07-19 02:56:57,274 INFO: Epoch: 440 | PSNR: 30.1179 | Loss: 5.5490 | lr: 1.25e-04 | Best_PSNR: 30.1187 in Epoch [432]
2022-07-19 02:58:02,845 INFO: Epoch: 441 | PSNR: 30.1182 | Loss: 5.5424 | lr: 1.25e-04 | Best_PSNR: 30.1187 in Epoch [432]
2022-07-19 02:59:02,250 INFO: Epoch: 442 | PSNR: 30.1185 | Loss: 5.4941 | lr: 1.25e-04 | Best_PSNR: 30.1187 in Epoch [432]
2022-07-19 02:59:56,512 INFO: Epoch: 443 | PSNR: 30.1182 | Loss: 5.4703 | lr: 1.25e-04 | Best_PSNR: 30.1187 in Epoch [432]
2022-07-19 03:01:02,036 INFO: Epoch: 444 | PSNR: 30.1181 | Loss: 5.5264 | lr: 1.25e-04 | Best_PSNR: 30.1187 in Epoch [432]
2022-07-19 03:01:49,025 INFO: Epoch: 445 | PSNR: 30.1179 | Loss: 5.5052 | lr: 1.25e-04 | Best_PSNR: 30.1187 in Epoch [432]
2022-07-19 03:02:27,914 INFO: Epoch: 446 | PSNR: 30.1178 | Loss: 5.5859 | lr: 1.25e-04 | Best_PSNR: 30.1187 in Epoch [432]
2022-07-19 03:03:11,148 INFO: Epoch: 447 | PSNR: 30.1176 | Loss: 5.5286 | lr: 1.25e-04 | Best_PSNR: 30.1187 in Epoch [432]
2022-07-19 03:03:52,022 INFO: Epoch: 448 | PSNR: 30.1180 | Loss: 5.5179 | lr: 1.25e-04 | Best_PSNR: 30.1187 in Epoch [432]
2022-07-19 03:04:32,330 INFO: Epoch: 449 | PSNR: 30.1188 | Loss: 5.4952 | lr: 1.25e-04 | Best_PSNR: 30.1188 in Epoch [449]
2022-07-19 03:05:18,564 INFO: Epoch: 450 | PSNR: 30.1183 | Loss: 5.5223 | lr: 1.25e-04 | Best_PSNR: 30.1188 in Epoch [449]
2022-07-19 03:05:58,335 INFO: Epoch: 451 | PSNR: 30.1178 | Loss: 5.5027 | lr: 1.25e-04 | Best_PSNR: 30.1188 in Epoch [449]
2022-07-19 03:06:45,550 INFO: Epoch: 452 | PSNR: 30.1178 | Loss: 5.5601 | lr: 1.25e-04 | Best_PSNR: 30.1188 in Epoch [449]
2022-07-19 03:07:34,462 INFO: Epoch: 453 | PSNR: 30.1181 | Loss: 5.4949 | lr: 1.25e-04 | Best_PSNR: 30.1188 in Epoch [449]
2022-07-19 03:08:15,127 INFO: Epoch: 454 | PSNR: 30.1182 | Loss: 5.5334 | lr: 1.25e-04 | Best_PSNR: 30.1188 in Epoch [449]
2022-07-19 03:09:03,315 INFO: Epoch: 455 | PSNR: 30.1180 | Loss: 5.5339 | lr: 1.25e-04 | Best_PSNR: 30.1188 in Epoch [449]
2022-07-19 03:09:50,228 INFO: Epoch: 456 | PSNR: 30.1176 | Loss: 5.5383 | lr: 1.25e-04 | Best_PSNR: 30.1188 in Epoch [449]
2022-07-19 03:10:29,050 INFO: Epoch: 457 | PSNR: 30.1186 | Loss: 5.4901 | lr: 1.25e-04 | Best_PSNR: 30.1188 in Epoch [449]
2022-07-19 03:11:13,365 INFO: Epoch: 458 | PSNR: 30.1181 | Loss: 5.5206 | lr: 1.25e-04 | Best_PSNR: 30.1188 in Epoch [449]
2022-07-19 03:11:57,857 INFO: Epoch: 459 | PSNR: 30.1176 | Loss: 5.5378 | lr: 1.25e-04 | Best_PSNR: 30.1188 in Epoch [449]
2022-07-19 03:12:36,542 INFO: Epoch: 460 | PSNR: 30.1180 | Loss: 5.5110 | lr: 1.25e-04 | Best_PSNR: 30.1188 in Epoch [449]
2022-07-19 03:13:21,506 INFO: Epoch: 461 | PSNR: 30.1187 | Loss: 5.5160 | lr: 1.25e-04 | Best_PSNR: 30.1188 in Epoch [449]
2022-07-19 03:14:07,364 INFO: Epoch: 462 | PSNR: 30.1196 | Loss: 5.5198 | lr: 1.25e-04 | Best_PSNR: 30.1196 in Epoch [462]
2022-07-19 03:14:49,709 INFO: Epoch: 463 | PSNR: 30.1200 | Loss: 5.4910 | lr: 1.25e-04 | Best_PSNR: 30.1200 in Epoch [463]
2022-07-19 03:15:38,629 INFO: Epoch: 464 | PSNR: 30.1192 | Loss: 5.5145 | lr: 1.25e-04 | Best_PSNR: 30.1200 in Epoch [463]
2022-07-19 03:16:27,154 INFO: Epoch: 465 | PSNR: 30.1190 | Loss: 5.5601 | lr: 1.25e-04 | Best_PSNR: 30.1200 in Epoch [463]
2022-07-19 03:17:20,144 INFO: Epoch: 466 | PSNR: 30.1190 | Loss: 5.5736 | lr: 1.25e-04 | Best_PSNR: 30.1200 in Epoch [463]
2022-07-19 03:18:10,546 INFO: Epoch: 467 | PSNR: 30.1190 | Loss: 5.5394 | lr: 1.25e-04 | Best_PSNR: 30.1200 in Epoch [463]
2022-07-19 03:18:55,026 INFO: Epoch: 468 | PSNR: 30.1182 | Loss: 5.5396 | lr: 1.25e-04 | Best_PSNR: 30.1200 in Epoch [463]
2022-07-19 03:19:33,056 INFO: Epoch: 469 | PSNR: 30.1187 | Loss: 5.5342 | lr: 1.25e-04 | Best_PSNR: 30.1200 in Epoch [463]
2022-07-19 03:20:18,300 INFO: Epoch: 470 | PSNR: 30.1186 | Loss: 5.5309 | lr: 1.25e-04 | Best_PSNR: 30.1200 in Epoch [463]
2022-07-19 03:21:04,353 INFO: Epoch: 471 | PSNR: 30.1182 | Loss: 5.5452 | lr: 1.25e-04 | Best_PSNR: 30.1200 in Epoch [463]
2022-07-19 03:21:50,283 INFO: Epoch: 472 | PSNR: 30.1187 | Loss: 5.4867 | lr: 1.25e-04 | Best_PSNR: 30.1200 in Epoch [463]
2022-07-19 03:22:44,910 INFO: Epoch: 473 | PSNR: 30.1183 | Loss: 5.5744 | lr: 1.25e-04 | Best_PSNR: 30.1200 in Epoch [463]
2022-07-19 03:23:30,032 INFO: Epoch: 474 | PSNR: 30.1185 | Loss: 5.5052 | lr: 1.25e-04 | Best_PSNR: 30.1200 in Epoch [463]
2022-07-19 03:24:16,628 INFO: Epoch: 475 | PSNR: 30.1190 | Loss: 5.5771 | lr: 1.25e-04 | Best_PSNR: 30.1200 in Epoch [463]
2022-07-19 03:25:12,602 INFO: Epoch: 476 | PSNR: 30.1192 | Loss: 5.4809 | lr: 1.25e-04 | Best_PSNR: 30.1200 in Epoch [463]
2022-07-19 03:26:00,526 INFO: Epoch: 477 | PSNR: 30.1194 | Loss: 5.5144 | lr: 1.25e-04 | Best_PSNR: 30.1200 in Epoch [463]
2022-07-19 03:26:44,362 INFO: Epoch: 478 | PSNR: 30.1189 | Loss: 5.5305 | lr: 1.25e-04 | Best_PSNR: 30.1200 in Epoch [463]
2022-07-19 03:27:38,050 INFO: Epoch: 479 | PSNR: 30.1194 | Loss: 5.4714 | lr: 1.25e-04 | Best_PSNR: 30.1200 in Epoch [463]
2022-07-19 03:28:21,101 INFO: Epoch: 480 | PSNR: 30.1190 | Loss: 5.5171 | lr: 1.25e-04 | Best_PSNR: 30.1200 in Epoch [463]
2022-07-19 03:29:04,656 INFO: Epoch: 481 | PSNR: 30.1190 | Loss: 5.5464 | lr: 6.25e-05 | Best_PSNR: 30.1200 in Epoch [463]
2022-07-19 03:29:55,911 INFO: Epoch: 482 | PSNR: 30.1190 | Loss: 5.4944 | lr: 6.25e-05 | Best_PSNR: 30.1200 in Epoch [463]
2022-07-19 03:30:38,400 INFO: Epoch: 483 | PSNR: 30.1195 | Loss: 5.5006 | lr: 6.25e-05 | Best_PSNR: 30.1200 in Epoch [463]
2022-07-19 03:31:19,030 INFO: Epoch: 484 | PSNR: 30.1196 | Loss: 5.5066 | lr: 6.25e-05 | Best_PSNR: 30.1200 in Epoch [463]
2022-07-19 03:32:07,448 INFO: Epoch: 485 | PSNR: 30.1196 | Loss: 5.4871 | lr: 6.25e-05 | Best_PSNR: 30.1200 in Epoch [463]
2022-07-19 03:32:46,241 INFO: Epoch: 486 | PSNR: 30.1194 | Loss: 5.5220 | lr: 6.25e-05 | Best_PSNR: 30.1200 in Epoch [463]
2022-07-19 03:33:33,774 INFO: Epoch: 487 | PSNR: 30.1191 | Loss: 5.5023 | lr: 6.25e-05 | Best_PSNR: 30.1200 in Epoch [463]
2022-07-19 03:34:20,474 INFO: Epoch: 488 | PSNR: 30.1196 | Loss: 5.5060 | lr: 6.25e-05 | Best_PSNR: 30.1200 in Epoch [463]
2022-07-19 03:34:57,545 INFO: Epoch: 489 | PSNR: 30.1192 | Loss: 5.5089 | lr: 6.25e-05 | Best_PSNR: 30.1200 in Epoch [463]
2022-07-19 03:35:40,125 INFO: Epoch: 490 | PSNR: 30.1196 | Loss: 5.5230 | lr: 6.25e-05 | Best_PSNR: 30.1200 in Epoch [463]
2022-07-19 03:36:22,235 INFO: Epoch: 491 | PSNR: 30.1195 | Loss: 5.5155 | lr: 6.25e-05 | Best_PSNR: 30.1200 in Epoch [463]
2022-07-19 03:37:00,419 INFO: Epoch: 492 | PSNR: 30.1197 | Loss: 5.5331 | lr: 6.25e-05 | Best_PSNR: 30.1200 in Epoch [463]
2022-07-19 03:37:47,410 INFO: Epoch: 493 | PSNR: 30.1194 | Loss: 5.5501 | lr: 6.25e-05 | Best_PSNR: 30.1200 in Epoch [463]
2022-07-19 03:38:30,142 INFO: Epoch: 494 | PSNR: 30.1196 | Loss: 5.4926 | lr: 6.25e-05 | Best_PSNR: 30.1200 in Epoch [463]
2022-07-19 03:39:10,167 INFO: Epoch: 495 | PSNR: 30.1201 | Loss: 5.5185 | lr: 6.25e-05 | Best_PSNR: 30.1201 in Epoch [495]
2022-07-19 03:39:55,647 INFO: Epoch: 496 | PSNR: 30.1195 | Loss: 5.5564 | lr: 6.25e-05 | Best_PSNR: 30.1201 in Epoch [495]
2022-07-19 03:40:36,702 INFO: Epoch: 497 | PSNR: 30.1191 | Loss: 5.4761 | lr: 6.25e-05 | Best_PSNR: 30.1201 in Epoch [495]
2022-07-19 03:41:16,304 INFO: Epoch: 498 | PSNR: 30.1199 | Loss: 5.5006 | lr: 6.25e-05 | Best_PSNR: 30.1201 in Epoch [495]
2022-07-19 03:42:02,228 INFO: Epoch: 499 | PSNR: 30.1200 | Loss: 5.5437 | lr: 6.25e-05 | Best_PSNR: 30.1201 in Epoch [495]
2022-07-19 03:42:45,005 INFO: Epoch: 500 | PSNR: 30.1198 | Loss: 5.4841 | lr: 6.25e-05 | Best_PSNR: 30.1201 in Epoch [495]
2022-07-19 03:43:23,870 INFO: Epoch: 501 | PSNR: 30.1193 | Loss: 5.5091 | lr: 6.25e-05 | Best_PSNR: 30.1201 in Epoch [495]
2022-07-19 03:44:08,140 INFO: Epoch: 502 | PSNR: 30.1193 | Loss: 5.5353 | lr: 6.25e-05 | Best_PSNR: 30.1201 in Epoch [495]
2022-07-19 03:44:49,071 INFO: Epoch: 503 | PSNR: 30.1195 | Loss: 5.4825 | lr: 6.25e-05 | Best_PSNR: 30.1201 in Epoch [495]
2022-07-19 03:45:28,904 INFO: Epoch: 504 | PSNR: 30.1198 | Loss: 5.5032 | lr: 6.25e-05 | Best_PSNR: 30.1201 in Epoch [495]
2022-07-19 03:46:14,971 INFO: Epoch: 505 | PSNR: 30.1198 | Loss: 5.4919 | lr: 6.25e-05 | Best_PSNR: 30.1201 in Epoch [495]
2022-07-19 03:46:53,771 INFO: Epoch: 506 | PSNR: 30.1200 | Loss: 5.5149 | lr: 6.25e-05 | Best_PSNR: 30.1201 in Epoch [495]
2022-07-19 03:47:35,041 INFO: Epoch: 507 | PSNR: 30.1199 | Loss: 5.4934 | lr: 6.25e-05 | Best_PSNR: 30.1201 in Epoch [495]
2022-07-19 03:48:25,328 INFO: Epoch: 508 | PSNR: 30.1197 | Loss: 5.5352 | lr: 6.25e-05 | Best_PSNR: 30.1201 in Epoch [495]
2022-07-19 03:49:09,966 INFO: Epoch: 509 | PSNR: 30.1195 | Loss: 5.5336 | lr: 6.25e-05 | Best_PSNR: 30.1201 in Epoch [495]
2022-07-19 03:49:51,559 INFO: Epoch: 510 | PSNR: 30.1199 | Loss: 5.5132 | lr: 6.25e-05 | Best_PSNR: 30.1201 in Epoch [495]
2022-07-19 03:50:37,522 INFO: Epoch: 511 | PSNR: 30.1198 | Loss: 5.4958 | lr: 6.25e-05 | Best_PSNR: 30.1201 in Epoch [495]
2022-07-19 03:51:15,981 INFO: Epoch: 512 | PSNR: 30.1200 | Loss: 5.5119 | lr: 6.25e-05 | Best_PSNR: 30.1201 in Epoch [495]
2022-07-19 03:51:57,491 INFO: Epoch: 513 | PSNR: 30.1199 | Loss: 5.5686 | lr: 6.25e-05 | Best_PSNR: 30.1201 in Epoch [495]
2022-07-19 03:52:42,127 INFO: Epoch: 514 | PSNR: 30.1199 | Loss: 5.5256 | lr: 6.25e-05 | Best_PSNR: 30.1201 in Epoch [495]
2022-07-19 03:53:20,876 INFO: Epoch: 515 | PSNR: 30.1201 | Loss: 5.5418 | lr: 6.25e-05 | Best_PSNR: 30.1201 in Epoch [515]
2022-07-19 03:54:05,178 INFO: Epoch: 516 | PSNR: 30.1196 | Loss: 5.4977 | lr: 6.25e-05 | Best_PSNR: 30.1201 in Epoch [515]
2022-07-19 03:54:49,492 INFO: Epoch: 517 | PSNR: 30.1198 | Loss: 5.5062 | lr: 6.25e-05 | Best_PSNR: 30.1201 in Epoch [515]
2022-07-19 03:55:27,600 INFO: Epoch: 518 | PSNR: 30.1197 | Loss: 5.5191 | lr: 6.25e-05 | Best_PSNR: 30.1201 in Epoch [515]
2022-07-19 03:56:12,138 INFO: Epoch: 519 | PSNR: 30.1200 | Loss: 5.5694 | lr: 6.25e-05 | Best_PSNR: 30.1201 in Epoch [515]
2022-07-19 03:56:53,675 INFO: Epoch: 520 | PSNR: 30.1200 | Loss: 5.4981 | lr: 6.25e-05 | Best_PSNR: 30.1201 in Epoch [515]
2022-07-19 03:57:32,023 INFO: Epoch: 521 | PSNR: 30.1198 | Loss: 5.4812 | lr: 6.25e-05 | Best_PSNR: 30.1201 in Epoch [515]
2022-07-19 03:58:16,644 INFO: Epoch: 522 | PSNR: 30.1195 | Loss: 5.4377 | lr: 6.25e-05 | Best_PSNR: 30.1201 in Epoch [515]
2022-07-19 03:58:58,393 INFO: Epoch: 523 | PSNR: 30.1194 | Loss: 5.5260 | lr: 6.25e-05 | Best_PSNR: 30.1201 in Epoch [515]
2022-07-19 03:59:38,649 INFO: Epoch: 524 | PSNR: 30.1197 | Loss: 5.5407 | lr: 6.25e-05 | Best_PSNR: 30.1201 in Epoch [515]
2022-07-19 04:00:24,246 INFO: Epoch: 525 | PSNR: 30.1195 | Loss: 5.5308 | lr: 6.25e-05 | Best_PSNR: 30.1201 in Epoch [515]
2022-07-19 04:01:06,057 INFO: Epoch: 526 | PSNR: 30.1200 | Loss: 5.5427 | lr: 6.25e-05 | Best_PSNR: 30.1201 in Epoch [515]
2022-07-19 04:01:46,938 INFO: Epoch: 527 | PSNR: 30.1204 | Loss: 5.5116 | lr: 6.25e-05 | Best_PSNR: 30.1204 in Epoch [527]
2022-07-19 04:02:35,329 INFO: Epoch: 528 | PSNR: 30.1200 | Loss: 5.5419 | lr: 6.25e-05 | Best_PSNR: 30.1204 in Epoch [527]
2022-07-19 04:03:14,074 INFO: Epoch: 529 | PSNR: 30.1203 | Loss: 5.5062 | lr: 6.25e-05 | Best_PSNR: 30.1204 in Epoch [527]
2022-07-19 04:03:57,225 INFO: Epoch: 530 | PSNR: 30.1203 | Loss: 5.5947 | lr: 6.25e-05 | Best_PSNR: 30.1204 in Epoch [527]
2022-07-19 04:04:42,646 INFO: Epoch: 531 | PSNR: 30.1202 | Loss: 5.5508 | lr: 6.25e-05 | Best_PSNR: 30.1204 in Epoch [527]
2022-07-19 04:05:21,006 INFO: Epoch: 532 | PSNR: 30.1203 | Loss: 5.5587 | lr: 6.25e-05 | Best_PSNR: 30.1204 in Epoch [527]
2022-07-19 04:06:04,591 INFO: Epoch: 533 | PSNR: 30.1198 | Loss: 5.5318 | lr: 6.25e-05 | Best_PSNR: 30.1204 in Epoch [527]
2022-07-19 04:06:47,041 INFO: Epoch: 534 | PSNR: 30.1197 | Loss: 5.4970 | lr: 6.25e-05 | Best_PSNR: 30.1204 in Epoch [527]
2022-07-19 04:07:24,968 INFO: Epoch: 535 | PSNR: 30.1199 | Loss: 5.5577 | lr: 6.25e-05 | Best_PSNR: 30.1204 in Epoch [527]
2022-07-19 04:08:12,591 INFO: Epoch: 536 | PSNR: 30.1202 | Loss: 5.5371 | lr: 6.25e-05 | Best_PSNR: 30.1204 in Epoch [527]
2022-07-19 04:08:55,900 INFO: Epoch: 537 | PSNR: 30.1197 | Loss: 5.5114 | lr: 6.25e-05 | Best_PSNR: 30.1204 in Epoch [527]
2022-07-19 04:09:34,729 INFO: Epoch: 538 | PSNR: 30.1199 | Loss: 5.5348 | lr: 6.25e-05 | Best_PSNR: 30.1204 in Epoch [527]
2022-07-19 04:10:22,878 INFO: Epoch: 539 | PSNR: 30.1203 | Loss: 5.5257 | lr: 6.25e-05 | Best_PSNR: 30.1204 in Epoch [527]
2022-07-19 04:11:02,148 INFO: Epoch: 540 | PSNR: 30.1203 | Loss: 5.5002 | lr: 6.25e-05 | Best_PSNR: 30.1204 in Epoch [527]
2022-07-19 04:11:43,870 INFO: Epoch: 541 | PSNR: 30.1202 | Loss: 5.4897 | lr: 6.25e-05 | Best_PSNR: 30.1204 in Epoch [527]
2022-07-19 04:12:30,117 INFO: Epoch: 542 | PSNR: 30.1202 | Loss: 5.5024 | lr: 6.25e-05 | Best_PSNR: 30.1204 in Epoch [527]
2022-07-19 04:13:08,581 INFO: Epoch: 543 | PSNR: 30.1202 | Loss: 5.5082 | lr: 6.25e-05 | Best_PSNR: 30.1204 in Epoch [527]
2022-07-19 04:13:49,814 INFO: Epoch: 544 | PSNR: 30.1200 | Loss: 5.4946 | lr: 6.25e-05 | Best_PSNR: 30.1204 in Epoch [527]
2022-07-19 04:14:39,802 INFO: Epoch: 545 | PSNR: 30.1199 | Loss: 5.5270 | lr: 6.25e-05 | Best_PSNR: 30.1204 in Epoch [527]
2022-07-19 04:15:20,620 INFO: Epoch: 546 | PSNR: 30.1202 | Loss: 5.5131 | lr: 6.25e-05 | Best_PSNR: 30.1204 in Epoch [527]
2022-07-19 04:16:05,763 INFO: Epoch: 547 | PSNR: 30.1198 | Loss: 5.4883 | lr: 6.25e-05 | Best_PSNR: 30.1204 in Epoch [527]
2022-07-19 04:16:53,909 INFO: Epoch: 548 | PSNR: 30.1201 | Loss: 5.5569 | lr: 6.25e-05 | Best_PSNR: 30.1204 in Epoch [527]
2022-07-19 04:17:32,603 INFO: Epoch: 549 | PSNR: 30.1201 | Loss: 5.5064 | lr: 6.25e-05 | Best_PSNR: 30.1204 in Epoch [527]
2022-07-19 04:18:18,625 INFO: Epoch: 550 | PSNR: 30.1197 | Loss: 5.4723 | lr: 6.25e-05 | Best_PSNR: 30.1204 in Epoch [527]
2022-07-19 04:19:05,313 INFO: Epoch: 551 | PSNR: 30.1196 | Loss: 5.5479 | lr: 6.25e-05 | Best_PSNR: 30.1204 in Epoch [527]
2022-07-19 04:19:43,966 INFO: Epoch: 552 | PSNR: 30.1200 | Loss: 5.4988 | lr: 6.25e-05 | Best_PSNR: 30.1204 in Epoch [527]
2022-07-19 04:20:26,012 INFO: Epoch: 553 | PSNR: 30.1203 | Loss: 5.5037 | lr: 6.25e-05 | Best_PSNR: 30.1204 in Epoch [527]
2022-07-19 04:21:11,285 INFO: Epoch: 554 | PSNR: 30.1202 | Loss: 5.4906 | lr: 6.25e-05 | Best_PSNR: 30.1204 in Epoch [527]
2022-07-19 04:21:51,482 INFO: Epoch: 555 | PSNR: 30.1201 | Loss: 5.4702 | lr: 6.25e-05 | Best_PSNR: 30.1204 in Epoch [527]
2022-07-19 04:22:40,149 INFO: Epoch: 556 | PSNR: 30.1199 | Loss: 5.4729 | lr: 6.25e-05 | Best_PSNR: 30.1204 in Epoch [527]
2022-07-19 04:23:23,451 INFO: Epoch: 557 | PSNR: 30.1202 | Loss: 5.5514 | lr: 6.25e-05 | Best_PSNR: 30.1204 in Epoch [527]
2022-07-19 04:24:05,089 INFO: Epoch: 558 | PSNR: 30.1202 | Loss: 5.4936 | lr: 6.25e-05 | Best_PSNR: 30.1204 in Epoch [527]
2022-07-19 04:24:54,863 INFO: Epoch: 559 | PSNR: 30.1196 | Loss: 5.5095 | lr: 6.25e-05 | Best_PSNR: 30.1204 in Epoch [527]
2022-07-19 04:25:35,867 INFO: Epoch: 560 | PSNR: 30.1201 | Loss: 5.5470 | lr: 6.25e-05 | Best_PSNR: 30.1204 in Epoch [527]
2022-07-19 04:26:22,546 INFO: Epoch: 561 | PSNR: 30.1202 | Loss: 5.4844 | lr: 6.25e-05 | Best_PSNR: 30.1204 in Epoch [527]
2022-07-19 04:27:12,521 INFO: Epoch: 562 | PSNR: 30.1199 | Loss: 5.5083 | lr: 6.25e-05 | Best_PSNR: 30.1204 in Epoch [527]
2022-07-19 04:27:53,515 INFO: Epoch: 563 | PSNR: 30.1202 | Loss: 5.4875 | lr: 6.25e-05 | Best_PSNR: 30.1204 in Epoch [527]
2022-07-19 04:28:38,086 INFO: Epoch: 564 | PSNR: 30.1208 | Loss: 5.5272 | lr: 6.25e-05 | Best_PSNR: 30.1208 in Epoch [564]
2022-07-19 04:29:26,116 INFO: Epoch: 565 | PSNR: 30.1204 | Loss: 5.5401 | lr: 6.25e-05 | Best_PSNR: 30.1208 in Epoch [564]
2022-07-19 04:30:05,747 INFO: Epoch: 566 | PSNR: 30.1207 | Loss: 5.5431 | lr: 6.25e-05 | Best_PSNR: 30.1208 in Epoch [564]
2022-07-19 04:30:52,558 INFO: Epoch: 567 | PSNR: 30.1206 | Loss: 5.5061 | lr: 6.25e-05 | Best_PSNR: 30.1208 in Epoch [564]
2022-07-19 04:31:43,433 INFO: Epoch: 568 | PSNR: 30.1207 | Loss: 5.5135 | lr: 6.25e-05 | Best_PSNR: 30.1208 in Epoch [564]
2022-07-19 04:32:21,398 INFO: Epoch: 569 | PSNR: 30.1210 | Loss: 5.5337 | lr: 6.25e-05 | Best_PSNR: 30.1210 in Epoch [569]
2022-07-19 04:33:03,664 INFO: Epoch: 570 | PSNR: 30.1207 | Loss: 5.5945 | lr: 6.25e-05 | Best_PSNR: 30.1210 in Epoch [569]
2022-07-19 04:33:46,734 INFO: Epoch: 571 | PSNR: 30.1204 | Loss: 5.5015 | lr: 6.25e-05 | Best_PSNR: 30.1210 in Epoch [569]
2022-07-19 04:34:25,150 INFO: Epoch: 572 | PSNR: 30.1205 | Loss: 5.5149 | lr: 6.25e-05 | Best_PSNR: 30.1210 in Epoch [569]
2022-07-19 04:35:16,242 INFO: Epoch: 573 | PSNR: 30.1202 | Loss: 5.5335 | lr: 6.25e-05 | Best_PSNR: 30.1210 in Epoch [569]
2022-07-19 04:35:57,596 INFO: Epoch: 574 | PSNR: 30.1211 | Loss: 5.5376 | lr: 6.25e-05 | Best_PSNR: 30.1211 in Epoch [574]
2022-07-19 04:36:41,022 INFO: Epoch: 575 | PSNR: 30.1209 | Loss: 5.5026 | lr: 6.25e-05 | Best_PSNR: 30.1211 in Epoch [574]
2022-07-19 04:37:31,253 INFO: Epoch: 576 | PSNR: 30.1207 | Loss: 5.5301 | lr: 6.25e-05 | Best_PSNR: 30.1211 in Epoch [574]
2022-07-19 04:38:10,338 INFO: Epoch: 577 | PSNR: 30.1209 | Loss: 5.5725 | lr: 6.25e-05 | Best_PSNR: 30.1211 in Epoch [574]
2022-07-19 04:38:52,213 INFO: Epoch: 578 | PSNR: 30.1206 | Loss: 5.5020 | lr: 6.25e-05 | Best_PSNR: 30.1211 in Epoch [574]
2022-07-19 04:39:39,463 INFO: Epoch: 579 | PSNR: 30.1205 | Loss: 5.5436 | lr: 6.25e-05 | Best_PSNR: 30.1211 in Epoch [574]
2022-07-19 04:40:17,248 INFO: Epoch: 580 | PSNR: 30.1208 | Loss: 5.4752 | lr: 6.25e-05 | Best_PSNR: 30.1211 in Epoch [574]
2022-07-19 04:41:01,315 INFO: Epoch: 581 | PSNR: 30.1202 | Loss: 5.5211 | lr: 6.25e-05 | Best_PSNR: 30.1211 in Epoch [574]
2022-07-19 04:41:45,848 INFO: Epoch: 582 | PSNR: 30.1204 | Loss: 5.4710 | lr: 6.25e-05 | Best_PSNR: 30.1211 in Epoch [574]
2022-07-19 04:42:24,403 INFO: Epoch: 583 | PSNR: 30.1205 | Loss: 5.5094 | lr: 6.25e-05 | Best_PSNR: 30.1211 in Epoch [574]
2022-07-19 04:43:08,059 INFO: Epoch: 584 | PSNR: 30.1204 | Loss: 5.5635 | lr: 6.25e-05 | Best_PSNR: 30.1211 in Epoch [574]
2022-07-19 04:43:53,478 INFO: Epoch: 585 | PSNR: 30.1207 | Loss: 5.5105 | lr: 6.25e-05 | Best_PSNR: 30.1211 in Epoch [574]
2022-07-19 04:44:33,525 INFO: Epoch: 586 | PSNR: 30.1208 | Loss: 5.5341 | lr: 6.25e-05 | Best_PSNR: 30.1211 in Epoch [574]
2022-07-19 04:45:23,210 INFO: Epoch: 587 | PSNR: 30.1209 | Loss: 5.5325 | lr: 6.25e-05 | Best_PSNR: 30.1211 in Epoch [574]
2022-07-19 04:46:07,719 INFO: Epoch: 588 | PSNR: 30.1211 | Loss: 5.5480 | lr: 6.25e-05 | Best_PSNR: 30.1211 in Epoch [588]
2022-07-19 04:46:47,778 INFO: Epoch: 589 | PSNR: 30.1210 | Loss: 5.5232 | lr: 6.25e-05 | Best_PSNR: 30.1211 in Epoch [588]
2022-07-19 04:47:39,335 INFO: Epoch: 590 | PSNR: 30.1208 | Loss: 5.5096 | lr: 6.25e-05 | Best_PSNR: 30.1211 in Epoch [588]
2022-07-19 04:48:22,545 INFO: Epoch: 591 | PSNR: 30.1208 | Loss: 5.5683 | lr: 6.25e-05 | Best_PSNR: 30.1211 in Epoch [588]
2022-07-19 04:49:07,587 INFO: Epoch: 592 | PSNR: 30.1208 | Loss: 5.5508 | lr: 6.25e-05 | Best_PSNR: 30.1211 in Epoch [588]
2022-07-19 04:49:52,334 INFO: Epoch: 593 | PSNR: 30.1204 | Loss: 5.5069 | lr: 6.25e-05 | Best_PSNR: 30.1211 in Epoch [588]
2022-07-19 04:50:36,162 INFO: Epoch: 594 | PSNR: 30.1209 | Loss: 5.4523 | lr: 6.25e-05 | Best_PSNR: 30.1211 in Epoch [588]
2022-07-19 04:51:21,612 INFO: Epoch: 595 | PSNR: 30.1210 | Loss: 5.4865 | lr: 6.25e-05 | Best_PSNR: 30.1211 in Epoch [588]
2022-07-19 04:52:03,475 INFO: Epoch: 596 | PSNR: 30.1213 | Loss: 5.5179 | lr: 6.25e-05 | Best_PSNR: 30.1213 in Epoch [596]
2022-07-19 04:52:46,084 INFO: Epoch: 597 | PSNR: 30.1213 | Loss: 5.5441 | lr: 6.25e-05 | Best_PSNR: 30.1213 in Epoch [597]
2022-07-19 04:53:31,629 INFO: Epoch: 598 | PSNR: 30.1208 | Loss: 5.5386 | lr: 6.25e-05 | Best_PSNR: 30.1213 in Epoch [597]
2022-07-19 04:54:11,209 INFO: Epoch: 599 | PSNR: 30.1208 | Loss: 5.5513 | lr: 6.25e-05 | Best_PSNR: 30.1213 in Epoch [597]
2022-07-19 04:54:54,648 INFO: Epoch: 600 | PSNR: 30.1204 | Loss: 5.5332 | lr: 6.25e-05 | Best_PSNR: 30.1213 in Epoch [597]
