2022-07-09 16:31:59,648 INFO: Create train dataset successfully!
2022-07-09 16:31:59,649 INFO: Training: [1000] iterations for each epoch
2022-07-09 16:31:59,649 INFO: Create val dataset successfully!
2022-07-09 16:31:59,649 INFO: Validating: [100] iterations for each epoch
2022-07-09 16:32:03,471 INFO: Preparing for experiment: [trial4_qat]
2022-07-09 16:32:03,472 INFO: Loading pretrained model ...
2022-07-09 16:32:07,025 INFO: Start copying weights and annotate Lambda layer...
2022-07-09 16:32:07,147 INFO: Start annotating other parts of model...
2022-07-09 16:32:07,190 INFO: Creating quantize-aware model...
2022-07-09 16:32:10,180 INFO: Create model successfully! Params: [30.43]K
2022-07-09 16:35:08,587 INFO: Start training...
2022-07-09 16:35:38,641 INFO: Epoch: 1 | PSNR: 13.9226 | Loss: 77.7311 | lr: 5.00e-04 | Best_PSNR: 13.9226 in Epoch [1]
2022-07-09 16:36:08,250 INFO: Epoch: 2 | PSNR: 27.4159 | Loss: 18.1835 | lr: 5.00e-04 | Best_PSNR: 27.4159 in Epoch [2]
2022-07-09 16:36:34,188 INFO: Epoch: 3 | PSNR: 29.7799 | Loss: 6.1780 | lr: 5.00e-04 | Best_PSNR: 29.7799 in Epoch [3]
2022-07-09 16:36:59,529 INFO: Epoch: 4 | PSNR: 29.9515 | Loss: 5.7347 | lr: 5.00e-04 | Best_PSNR: 29.9515 in Epoch [4]
2022-07-09 16:37:22,767 INFO: Epoch: 5 | PSNR: 29.9435 | Loss: 5.5606 | lr: 5.00e-04 | Best_PSNR: 29.9515 in Epoch [4]
2022-07-09 16:37:48,891 INFO: Epoch: 6 | PSNR: 29.9677 | Loss: 5.6762 | lr: 5.00e-04 | Best_PSNR: 29.9677 in Epoch [6]
2022-07-09 16:38:14,419 INFO: Epoch: 7 | PSNR: 29.9726 | Loss: 5.6343 | lr: 5.00e-04 | Best_PSNR: 29.9726 in Epoch [7]
2022-07-09 16:38:40,137 INFO: Epoch: 8 | PSNR: 29.9866 | Loss: 5.6556 | lr: 5.00e-04 | Best_PSNR: 29.9866 in Epoch [8]
2022-07-09 16:39:03,752 INFO: Epoch: 9 | PSNR: 29.9758 | Loss: 5.6462 | lr: 5.00e-04 | Best_PSNR: 29.9866 in Epoch [8]
2022-07-09 16:39:27,061 INFO: Epoch: 10 | PSNR: 29.9865 | Loss: 5.6823 | lr: 5.00e-04 | Best_PSNR: 29.9866 in Epoch [8]
2022-07-09 16:39:50,661 INFO: Epoch: 11 | PSNR: 29.9843 | Loss: 5.6490 | lr: 5.00e-04 | Best_PSNR: 29.9866 in Epoch [8]
2022-07-09 16:40:13,788 INFO: Epoch: 12 | PSNR: 29.9718 | Loss: 5.6639 | lr: 5.00e-04 | Best_PSNR: 29.9866 in Epoch [8]
2022-07-09 16:40:37,265 INFO: Epoch: 13 | PSNR: 29.9341 | Loss: 5.6733 | lr: 5.00e-04 | Best_PSNR: 29.9866 in Epoch [8]
2022-07-09 16:41:03,439 INFO: Epoch: 14 | PSNR: 30.0040 | Loss: 5.6048 | lr: 5.00e-04 | Best_PSNR: 30.0040 in Epoch [14]
2022-07-09 16:41:30,708 INFO: Epoch: 15 | PSNR: 30.0045 | Loss: 5.6100 | lr: 5.00e-04 | Best_PSNR: 30.0045 in Epoch [15]
2022-07-09 16:41:53,647 INFO: Epoch: 16 | PSNR: 29.9570 | Loss: 5.5894 | lr: 5.00e-04 | Best_PSNR: 30.0045 in Epoch [15]
2022-07-09 16:42:17,186 INFO: Epoch: 17 | PSNR: 29.9766 | Loss: 5.5804 | lr: 5.00e-04 | Best_PSNR: 30.0045 in Epoch [15]
2022-07-09 16:42:41,198 INFO: Epoch: 18 | PSNR: 29.9963 | Loss: 5.5784 | lr: 5.00e-04 | Best_PSNR: 30.0045 in Epoch [15]
2022-07-09 16:43:04,290 INFO: Epoch: 19 | PSNR: 29.9834 | Loss: 5.6232 | lr: 5.00e-04 | Best_PSNR: 30.0045 in Epoch [15]
2022-07-09 16:43:28,136 INFO: Epoch: 20 | PSNR: 29.9913 | Loss: 5.6322 | lr: 5.00e-04 | Best_PSNR: 30.0045 in Epoch [15]
2022-07-09 16:43:51,997 INFO: Epoch: 21 | PSNR: 29.9749 | Loss: 5.6092 | lr: 5.00e-04 | Best_PSNR: 30.0045 in Epoch [15]
2022-07-09 16:44:15,208 INFO: Epoch: 22 | PSNR: 29.9983 | Loss: 5.6383 | lr: 5.00e-04 | Best_PSNR: 30.0045 in Epoch [15]
2022-07-09 16:44:39,793 INFO: Epoch: 23 | PSNR: 29.9773 | Loss: 5.6241 | lr: 5.00e-04 | Best_PSNR: 30.0045 in Epoch [15]
2022-07-09 16:45:04,626 INFO: Epoch: 24 | PSNR: 29.9842 | Loss: 5.6299 | lr: 5.00e-04 | Best_PSNR: 30.0045 in Epoch [15]
2022-07-09 16:45:28,753 INFO: Epoch: 25 | PSNR: 29.9754 | Loss: 5.6206 | lr: 5.00e-04 | Best_PSNR: 30.0045 in Epoch [15]
2022-07-09 16:45:53,647 INFO: Epoch: 26 | PSNR: 29.9648 | Loss: 5.6256 | lr: 5.00e-04 | Best_PSNR: 30.0045 in Epoch [15]
2022-07-09 16:46:18,038 INFO: Epoch: 27 | PSNR: 29.9838 | Loss: 5.6104 | lr: 5.00e-04 | Best_PSNR: 30.0045 in Epoch [15]
2022-07-09 16:46:42,727 INFO: Epoch: 28 | PSNR: 29.9894 | Loss: 5.6155 | lr: 5.00e-04 | Best_PSNR: 30.0045 in Epoch [15]
2022-07-09 16:47:08,096 INFO: Epoch: 29 | PSNR: 30.0015 | Loss: 5.5979 | lr: 5.00e-04 | Best_PSNR: 30.0045 in Epoch [15]
2022-07-09 16:47:32,543 INFO: Epoch: 30 | PSNR: 29.9939 | Loss: 5.6380 | lr: 5.00e-04 | Best_PSNR: 30.0045 in Epoch [15]
2022-07-09 16:47:56,233 INFO: Epoch: 31 | PSNR: 29.9899 | Loss: 5.5819 | lr: 5.00e-04 | Best_PSNR: 30.0045 in Epoch [15]
2022-07-09 16:48:19,594 INFO: Epoch: 32 | PSNR: 29.9734 | Loss: 5.6475 | lr: 5.00e-04 | Best_PSNR: 30.0045 in Epoch [15]
2022-07-09 16:48:43,311 INFO: Epoch: 33 | PSNR: 29.9903 | Loss: 5.6270 | lr: 5.00e-04 | Best_PSNR: 30.0045 in Epoch [15]
2022-07-09 16:49:06,361 INFO: Epoch: 34 | PSNR: 29.9776 | Loss: 5.6350 | lr: 5.00e-04 | Best_PSNR: 30.0045 in Epoch [15]
2022-07-09 16:49:30,156 INFO: Epoch: 35 | PSNR: 29.9724 | Loss: 5.6027 | lr: 5.00e-04 | Best_PSNR: 30.0045 in Epoch [15]
2022-07-09 16:49:53,544 INFO: Epoch: 36 | PSNR: 29.9615 | Loss: 5.6457 | lr: 5.00e-04 | Best_PSNR: 30.0045 in Epoch [15]
2022-07-09 16:50:17,264 INFO: Epoch: 37 | PSNR: 29.9854 | Loss: 5.6244 | lr: 5.00e-04 | Best_PSNR: 30.0045 in Epoch [15]
2022-07-09 16:50:41,355 INFO: Epoch: 38 | PSNR: 29.9740 | Loss: 5.5783 | lr: 5.00e-04 | Best_PSNR: 30.0045 in Epoch [15]
2022-07-09 16:51:04,930 INFO: Epoch: 39 | PSNR: 29.9754 | Loss: 5.6061 | lr: 5.00e-04 | Best_PSNR: 30.0045 in Epoch [15]
2022-07-09 16:51:29,314 INFO: Epoch: 40 | PSNR: 29.9834 | Loss: 5.5771 | lr: 5.00e-04 | Best_PSNR: 30.0045 in Epoch [15]
2022-07-09 16:51:52,759 INFO: Epoch: 41 | PSNR: 29.9800 | Loss: 5.5880 | lr: 5.00e-04 | Best_PSNR: 30.0045 in Epoch [15]
2022-07-09 16:52:16,785 INFO: Epoch: 42 | PSNR: 29.9892 | Loss: 5.5966 | lr: 5.00e-04 | Best_PSNR: 30.0045 in Epoch [15]
2022-07-09 16:52:42,882 INFO: Epoch: 43 | PSNR: 29.9654 | Loss: 5.6733 | lr: 5.00e-04 | Best_PSNR: 30.0045 in Epoch [15]
2022-07-09 16:53:07,933 INFO: Epoch: 44 | PSNR: 29.9885 | Loss: 5.5986 | lr: 5.00e-04 | Best_PSNR: 30.0045 in Epoch [15]
2022-07-09 16:53:33,689 INFO: Epoch: 45 | PSNR: 29.9699 | Loss: 5.6195 | lr: 5.00e-04 | Best_PSNR: 30.0045 in Epoch [15]
2022-07-09 16:53:58,446 INFO: Epoch: 46 | PSNR: 29.9722 | Loss: 5.6010 | lr: 5.00e-04 | Best_PSNR: 30.0045 in Epoch [15]
2022-07-09 16:54:23,937 INFO: Epoch: 47 | PSNR: 29.9908 | Loss: 5.6214 | lr: 5.00e-04 | Best_PSNR: 30.0045 in Epoch [15]
2022-07-09 16:54:49,716 INFO: Epoch: 48 | PSNR: 29.9695 | Loss: 5.6252 | lr: 5.00e-04 | Best_PSNR: 30.0045 in Epoch [15]
2022-07-09 16:55:13,733 INFO: Epoch: 49 | PSNR: 29.9975 | Loss: 5.6388 | lr: 5.00e-04 | Best_PSNR: 30.0045 in Epoch [15]
2022-07-09 16:55:37,913 INFO: Epoch: 50 | PSNR: 29.9765 | Loss: 5.6367 | lr: 5.00e-04 | Best_PSNR: 30.0045 in Epoch [15]
2022-07-09 16:56:01,939 INFO: Epoch: 51 | PSNR: 29.9938 | Loss: 5.6386 | lr: 2.50e-04 | Best_PSNR: 30.0045 in Epoch [15]
2022-07-09 16:56:25,167 INFO: Epoch: 52 | PSNR: 29.9899 | Loss: 5.5695 | lr: 2.50e-04 | Best_PSNR: 30.0045 in Epoch [15]
2022-07-09 16:56:48,909 INFO: Epoch: 53 | PSNR: 29.9841 | Loss: 5.5996 | lr: 2.50e-04 | Best_PSNR: 30.0045 in Epoch [15]
2022-07-09 16:57:12,307 INFO: Epoch: 54 | PSNR: 29.9894 | Loss: 5.6126 | lr: 2.50e-04 | Best_PSNR: 30.0045 in Epoch [15]
2022-07-09 16:57:35,751 INFO: Epoch: 55 | PSNR: 29.9973 | Loss: 5.5922 | lr: 2.50e-04 | Best_PSNR: 30.0045 in Epoch [15]
2022-07-09 16:57:59,603 INFO: Epoch: 56 | PSNR: 29.9959 | Loss: 5.6019 | lr: 2.50e-04 | Best_PSNR: 30.0045 in Epoch [15]
2022-07-09 16:58:23,820 INFO: Epoch: 57 | PSNR: 30.0006 | Loss: 5.6056 | lr: 2.50e-04 | Best_PSNR: 30.0045 in Epoch [15]
2022-07-09 16:58:47,403 INFO: Epoch: 58 | PSNR: 29.9885 | Loss: 5.5921 | lr: 2.50e-04 | Best_PSNR: 30.0045 in Epoch [15]
2022-07-09 16:59:11,258 INFO: Epoch: 59 | PSNR: 29.9965 | Loss: 5.5867 | lr: 2.50e-04 | Best_PSNR: 30.0045 in Epoch [15]
2022-07-09 16:59:34,698 INFO: Epoch: 60 | PSNR: 29.9988 | Loss: 5.5900 | lr: 2.50e-04 | Best_PSNR: 30.0045 in Epoch [15]
2022-07-09 16:59:58,073 INFO: Epoch: 61 | PSNR: 30.0032 | Loss: 5.5876 | lr: 2.50e-04 | Best_PSNR: 30.0045 in Epoch [15]
2022-07-09 17:00:22,165 INFO: Epoch: 62 | PSNR: 29.9903 | Loss: 5.6218 | lr: 2.50e-04 | Best_PSNR: 30.0045 in Epoch [15]
2022-07-09 17:00:46,513 INFO: Epoch: 63 | PSNR: 29.9876 | Loss: 5.6085 | lr: 2.50e-04 | Best_PSNR: 30.0045 in Epoch [15]
2022-07-09 17:01:13,648 INFO: Epoch: 64 | PSNR: 30.0068 | Loss: 5.6165 | lr: 2.50e-04 | Best_PSNR: 30.0068 in Epoch [64]
2022-07-09 17:01:41,196 INFO: Epoch: 65 | PSNR: 30.0172 | Loss: 5.5821 | lr: 2.50e-04 | Best_PSNR: 30.0172 in Epoch [65]
2022-07-09 17:02:05,756 INFO: Epoch: 66 | PSNR: 30.0147 | Loss: 5.6186 | lr: 2.50e-04 | Best_PSNR: 30.0172 in Epoch [65]
2022-07-09 17:02:30,924 INFO: Epoch: 67 | PSNR: 30.0061 | Loss: 5.5961 | lr: 2.50e-04 | Best_PSNR: 30.0172 in Epoch [65]
2022-07-09 17:02:56,447 INFO: Epoch: 68 | PSNR: 29.9568 | Loss: 5.6025 | lr: 2.50e-04 | Best_PSNR: 30.0172 in Epoch [65]
2022-07-09 17:03:21,170 INFO: Epoch: 69 | PSNR: 30.0006 | Loss: 5.6085 | lr: 2.50e-04 | Best_PSNR: 30.0172 in Epoch [65]
2022-07-09 17:03:46,046 INFO: Epoch: 70 | PSNR: 29.9988 | Loss: 5.6197 | lr: 2.50e-04 | Best_PSNR: 30.0172 in Epoch [65]
2022-07-09 17:04:11,655 INFO: Epoch: 71 | PSNR: 29.9934 | Loss: 5.5690 | lr: 2.50e-04 | Best_PSNR: 30.0172 in Epoch [65]
2022-07-09 17:04:36,826 INFO: Epoch: 72 | PSNR: 30.0151 | Loss: 5.5703 | lr: 2.50e-04 | Best_PSNR: 30.0172 in Epoch [65]
2022-07-09 17:05:02,270 INFO: Epoch: 73 | PSNR: 29.9918 | Loss: 5.5776 | lr: 2.50e-04 | Best_PSNR: 30.0172 in Epoch [65]
2022-07-09 17:05:26,419 INFO: Epoch: 74 | PSNR: 30.0057 | Loss: 5.5875 | lr: 2.50e-04 | Best_PSNR: 30.0172 in Epoch [65]
2022-07-09 17:05:50,035 INFO: Epoch: 75 | PSNR: 29.9992 | Loss: 5.6132 | lr: 2.50e-04 | Best_PSNR: 30.0172 in Epoch [65]
2022-07-09 17:06:13,067 INFO: Epoch: 76 | PSNR: 30.0012 | Loss: 5.5835 | lr: 2.50e-04 | Best_PSNR: 30.0172 in Epoch [65]
2022-07-09 17:06:36,224 INFO: Epoch: 77 | PSNR: 30.0077 | Loss: 5.6008 | lr: 2.50e-04 | Best_PSNR: 30.0172 in Epoch [65]
2022-07-09 17:06:59,413 INFO: Epoch: 78 | PSNR: 30.0094 | Loss: 5.6028 | lr: 2.50e-04 | Best_PSNR: 30.0172 in Epoch [65]
2022-07-09 17:07:23,007 INFO: Epoch: 79 | PSNR: 29.9671 | Loss: 5.5837 | lr: 2.50e-04 | Best_PSNR: 30.0172 in Epoch [65]
2022-07-09 17:07:46,101 INFO: Epoch: 80 | PSNR: 30.0080 | Loss: 5.6059 | lr: 2.50e-04 | Best_PSNR: 30.0172 in Epoch [65]
2022-07-09 17:08:09,716 INFO: Epoch: 81 | PSNR: 30.0026 | Loss: 5.6225 | lr: 2.50e-04 | Best_PSNR: 30.0172 in Epoch [65]
2022-07-09 17:08:33,232 INFO: Epoch: 82 | PSNR: 29.9827 | Loss: 5.6069 | lr: 2.50e-04 | Best_PSNR: 30.0172 in Epoch [65]
2022-07-09 17:08:56,808 INFO: Epoch: 83 | PSNR: 30.0065 | Loss: 5.5827 | lr: 2.50e-04 | Best_PSNR: 30.0172 in Epoch [65]
2022-07-09 17:09:20,456 INFO: Epoch: 84 | PSNR: 29.9995 | Loss: 5.5874 | lr: 2.50e-04 | Best_PSNR: 30.0172 in Epoch [65]
2022-07-09 17:09:43,345 INFO: Epoch: 85 | PSNR: 29.9929 | Loss: 5.6104 | lr: 2.50e-04 | Best_PSNR: 30.0172 in Epoch [65]
2022-07-09 17:10:06,759 INFO: Epoch: 86 | PSNR: 29.9929 | Loss: 5.5606 | lr: 2.50e-04 | Best_PSNR: 30.0172 in Epoch [65]
2022-07-09 17:10:30,375 INFO: Epoch: 87 | PSNR: 30.0031 | Loss: 5.5862 | lr: 2.50e-04 | Best_PSNR: 30.0172 in Epoch [65]
2022-07-09 17:10:53,930 INFO: Epoch: 88 | PSNR: 29.9969 | Loss: 5.6137 | lr: 2.50e-04 | Best_PSNR: 30.0172 in Epoch [65]
2022-07-09 17:11:17,748 INFO: Epoch: 89 | PSNR: 30.0019 | Loss: 5.6295 | lr: 2.50e-04 | Best_PSNR: 30.0172 in Epoch [65]
2022-07-09 17:11:44,272 INFO: Epoch: 90 | PSNR: 30.0128 | Loss: 5.6209 | lr: 2.50e-04 | Best_PSNR: 30.0172 in Epoch [65]
2022-07-09 17:12:08,754 INFO: Epoch: 91 | PSNR: 29.9998 | Loss: 5.6207 | lr: 2.50e-04 | Best_PSNR: 30.0172 in Epoch [65]
2022-07-09 17:12:34,351 INFO: Epoch: 92 | PSNR: 30.0148 | Loss: 5.6494 | lr: 2.50e-04 | Best_PSNR: 30.0172 in Epoch [65]
2022-07-09 17:13:00,211 INFO: Epoch: 93 | PSNR: 29.9871 | Loss: 5.6254 | lr: 2.50e-04 | Best_PSNR: 30.0172 in Epoch [65]
2022-07-09 17:13:25,425 INFO: Epoch: 94 | PSNR: 30.0033 | Loss: 5.6532 | lr: 2.50e-04 | Best_PSNR: 30.0172 in Epoch [65]
2022-07-09 17:13:50,523 INFO: Epoch: 95 | PSNR: 29.9999 | Loss: 5.5870 | lr: 2.50e-04 | Best_PSNR: 30.0172 in Epoch [65]
2022-07-09 17:14:15,215 INFO: Epoch: 96 | PSNR: 30.0069 | Loss: 5.5799 | lr: 2.50e-04 | Best_PSNR: 30.0172 in Epoch [65]
2022-07-09 17:14:39,584 INFO: Epoch: 97 | PSNR: 30.0104 | Loss: 5.6136 | lr: 2.50e-04 | Best_PSNR: 30.0172 in Epoch [65]
2022-07-09 17:15:03,411 INFO: Epoch: 98 | PSNR: 29.9826 | Loss: 5.6155 | lr: 2.50e-04 | Best_PSNR: 30.0172 in Epoch [65]
2022-07-09 17:15:27,305 INFO: Epoch: 99 | PSNR: 29.9927 | Loss: 5.6076 | lr: 2.50e-04 | Best_PSNR: 30.0172 in Epoch [65]
2022-07-09 17:15:51,373 INFO: Epoch: 100 | PSNR: 30.0097 | Loss: 5.6098 | lr: 2.50e-04 | Best_PSNR: 30.0172 in Epoch [65]
2022-07-09 17:16:15,123 INFO: Epoch: 101 | PSNR: 30.0083 | Loss: 5.5805 | lr: 1.25e-04 | Best_PSNR: 30.0172 in Epoch [65]
2022-07-09 17:16:39,333 INFO: Epoch: 102 | PSNR: 29.9860 | Loss: 5.5812 | lr: 1.25e-04 | Best_PSNR: 30.0172 in Epoch [65]
2022-07-09 17:17:03,473 INFO: Epoch: 103 | PSNR: 30.0085 | Loss: 5.5813 | lr: 1.25e-04 | Best_PSNR: 30.0172 in Epoch [65]
2022-07-09 17:17:27,674 INFO: Epoch: 104 | PSNR: 30.0149 | Loss: 5.6475 | lr: 1.25e-04 | Best_PSNR: 30.0172 in Epoch [65]
2022-07-09 17:17:51,712 INFO: Epoch: 105 | PSNR: 30.0017 | Loss: 5.5817 | lr: 1.25e-04 | Best_PSNR: 30.0172 in Epoch [65]
2022-07-09 17:18:15,700 INFO: Epoch: 106 | PSNR: 30.0149 | Loss: 5.6074 | lr: 1.25e-04 | Best_PSNR: 30.0172 in Epoch [65]
2022-07-09 17:18:39,528 INFO: Epoch: 107 | PSNR: 30.0137 | Loss: 5.6006 | lr: 1.25e-04 | Best_PSNR: 30.0172 in Epoch [65]
2022-07-09 17:19:03,394 INFO: Epoch: 108 | PSNR: 30.0101 | Loss: 5.6039 | lr: 1.25e-04 | Best_PSNR: 30.0172 in Epoch [65]
2022-07-09 17:19:27,411 INFO: Epoch: 109 | PSNR: 30.0042 | Loss: 5.6271 | lr: 1.25e-04 | Best_PSNR: 30.0172 in Epoch [65]
2022-07-09 17:19:50,978 INFO: Epoch: 110 | PSNR: 30.0109 | Loss: 5.5931 | lr: 1.25e-04 | Best_PSNR: 30.0172 in Epoch [65]
2022-07-09 17:20:14,812 INFO: Epoch: 111 | PSNR: 30.0007 | Loss: 5.6046 | lr: 1.25e-04 | Best_PSNR: 30.0172 in Epoch [65]
2022-07-09 17:20:38,668 INFO: Epoch: 112 | PSNR: 30.0159 | Loss: 5.6311 | lr: 1.25e-04 | Best_PSNR: 30.0172 in Epoch [65]
2022-07-09 17:21:06,708 INFO: Epoch: 113 | PSNR: 30.0232 | Loss: 5.6121 | lr: 1.25e-04 | Best_PSNR: 30.0232 in Epoch [113]
2022-07-09 17:21:31,710 INFO: Epoch: 114 | PSNR: 29.9890 | Loss: 5.5808 | lr: 1.25e-04 | Best_PSNR: 30.0232 in Epoch [113]
2022-07-09 17:21:57,132 INFO: Epoch: 115 | PSNR: 29.9947 | Loss: 5.5837 | lr: 1.25e-04 | Best_PSNR: 30.0232 in Epoch [113]
2022-07-09 17:22:22,574 INFO: Epoch: 116 | PSNR: 30.0043 | Loss: 5.5741 | lr: 1.25e-04 | Best_PSNR: 30.0232 in Epoch [113]
2022-07-09 17:22:48,626 INFO: Epoch: 117 | PSNR: 30.0104 | Loss: 5.5836 | lr: 1.25e-04 | Best_PSNR: 30.0232 in Epoch [113]
2022-07-09 17:23:13,660 INFO: Epoch: 118 | PSNR: 30.0127 | Loss: 5.6221 | lr: 1.25e-04 | Best_PSNR: 30.0232 in Epoch [113]
2022-07-09 17:23:38,719 INFO: Epoch: 119 | PSNR: 30.0075 | Loss: 5.5978 | lr: 1.25e-04 | Best_PSNR: 30.0232 in Epoch [113]
2022-07-09 17:24:03,175 INFO: Epoch: 120 | PSNR: 30.0003 | Loss: 5.6125 | lr: 1.25e-04 | Best_PSNR: 30.0232 in Epoch [113]
2022-07-09 17:24:28,328 INFO: Epoch: 121 | PSNR: 30.0074 | Loss: 5.6369 | lr: 1.25e-04 | Best_PSNR: 30.0232 in Epoch [113]
2022-07-09 17:24:52,912 INFO: Epoch: 122 | PSNR: 30.0083 | Loss: 5.6141 | lr: 1.25e-04 | Best_PSNR: 30.0232 in Epoch [113]
2022-07-09 17:25:17,400 INFO: Epoch: 123 | PSNR: 30.0046 | Loss: 5.5724 | lr: 1.25e-04 | Best_PSNR: 30.0232 in Epoch [113]
2022-07-09 17:25:42,891 INFO: Epoch: 124 | PSNR: 30.0069 | Loss: 5.6251 | lr: 1.25e-04 | Best_PSNR: 30.0232 in Epoch [113]
2022-07-09 17:26:07,637 INFO: Epoch: 125 | PSNR: 30.0129 | Loss: 5.6213 | lr: 1.25e-04 | Best_PSNR: 30.0232 in Epoch [113]
2022-07-09 17:26:32,691 INFO: Epoch: 126 | PSNR: 29.9971 | Loss: 5.5822 | lr: 1.25e-04 | Best_PSNR: 30.0232 in Epoch [113]
2022-07-09 17:26:57,473 INFO: Epoch: 127 | PSNR: 30.0160 | Loss: 5.6093 | lr: 1.25e-04 | Best_PSNR: 30.0232 in Epoch [113]
2022-07-09 17:27:22,262 INFO: Epoch: 128 | PSNR: 30.0143 | Loss: 5.6488 | lr: 1.25e-04 | Best_PSNR: 30.0232 in Epoch [113]
2022-07-09 17:27:48,604 INFO: Epoch: 129 | PSNR: 30.0146 | Loss: 5.6052 | lr: 1.25e-04 | Best_PSNR: 30.0232 in Epoch [113]
2022-07-09 17:28:13,732 INFO: Epoch: 130 | PSNR: 29.9910 | Loss: 5.5932 | lr: 1.25e-04 | Best_PSNR: 30.0232 in Epoch [113]
2022-07-09 17:28:37,668 INFO: Epoch: 131 | PSNR: 30.0108 | Loss: 5.6461 | lr: 1.25e-04 | Best_PSNR: 30.0232 in Epoch [113]
2022-07-09 17:29:03,428 INFO: Epoch: 132 | PSNR: 30.0141 | Loss: 5.5764 | lr: 1.25e-04 | Best_PSNR: 30.0232 in Epoch [113]
2022-07-09 17:29:28,213 INFO: Epoch: 133 | PSNR: 30.0224 | Loss: 5.6827 | lr: 1.25e-04 | Best_PSNR: 30.0232 in Epoch [113]
2022-07-09 17:29:53,372 INFO: Epoch: 134 | PSNR: 30.0088 | Loss: 5.6086 | lr: 1.25e-04 | Best_PSNR: 30.0232 in Epoch [113]
2022-07-09 17:30:19,391 INFO: Epoch: 135 | PSNR: 30.0075 | Loss: 5.6048 | lr: 1.25e-04 | Best_PSNR: 30.0232 in Epoch [113]
2022-07-09 17:30:43,849 INFO: Epoch: 136 | PSNR: 29.9976 | Loss: 5.5956 | lr: 1.25e-04 | Best_PSNR: 30.0232 in Epoch [113]
2022-07-09 17:31:08,949 INFO: Epoch: 137 | PSNR: 30.0047 | Loss: 5.6236 | lr: 1.25e-04 | Best_PSNR: 30.0232 in Epoch [113]
2022-07-09 17:31:34,157 INFO: Epoch: 138 | PSNR: 30.0053 | Loss: 5.5547 | lr: 1.25e-04 | Best_PSNR: 30.0232 in Epoch [113]
2022-07-09 17:31:58,737 INFO: Epoch: 139 | PSNR: 30.0118 | Loss: 5.5339 | lr: 1.25e-04 | Best_PSNR: 30.0232 in Epoch [113]
2022-07-09 17:32:23,509 INFO: Epoch: 140 | PSNR: 30.0060 | Loss: 5.5939 | lr: 1.25e-04 | Best_PSNR: 30.0232 in Epoch [113]
2022-07-09 17:32:48,037 INFO: Epoch: 141 | PSNR: 30.0012 | Loss: 5.5765 | lr: 1.25e-04 | Best_PSNR: 30.0232 in Epoch [113]
2022-07-09 17:33:13,058 INFO: Epoch: 142 | PSNR: 29.9933 | Loss: 5.5823 | lr: 1.25e-04 | Best_PSNR: 30.0232 in Epoch [113]
2022-07-09 17:33:39,519 INFO: Epoch: 143 | PSNR: 30.0158 | Loss: 5.6055 | lr: 1.25e-04 | Best_PSNR: 30.0232 in Epoch [113]
2022-07-09 17:34:07,953 INFO: Epoch: 144 | PSNR: 29.9923 | Loss: 5.6737 | lr: 1.25e-04 | Best_PSNR: 30.0232 in Epoch [113]
2022-07-09 17:34:35,865 INFO: Epoch: 145 | PSNR: 30.0141 | Loss: 5.6401 | lr: 1.25e-04 | Best_PSNR: 30.0232 in Epoch [113]
2022-07-09 17:35:03,050 INFO: Epoch: 146 | PSNR: 30.0162 | Loss: 5.5714 | lr: 1.25e-04 | Best_PSNR: 30.0232 in Epoch [113]
2022-07-09 17:35:30,704 INFO: Epoch: 147 | PSNR: 29.9782 | Loss: 5.5933 | lr: 1.25e-04 | Best_PSNR: 30.0232 in Epoch [113]
2022-07-09 17:35:56,846 INFO: Epoch: 148 | PSNR: 30.0176 | Loss: 5.5930 | lr: 1.25e-04 | Best_PSNR: 30.0232 in Epoch [113]
2022-07-09 17:36:24,651 INFO: Epoch: 149 | PSNR: 29.9753 | Loss: 5.6278 | lr: 1.25e-04 | Best_PSNR: 30.0232 in Epoch [113]
2022-07-09 17:36:53,203 INFO: Epoch: 150 | PSNR: 29.9861 | Loss: 5.6188 | lr: 1.25e-04 | Best_PSNR: 30.0232 in Epoch [113]
2022-07-09 17:37:33,375 INFO: Epoch: 151 | PSNR: 30.0163 | Loss: 5.6212 | lr: 6.25e-05 | Best_PSNR: 30.0232 in Epoch [113]
2022-07-09 17:38:01,326 INFO: Epoch: 152 | PSNR: 30.0139 | Loss: 5.6539 | lr: 6.25e-05 | Best_PSNR: 30.0232 in Epoch [113]
2022-07-09 17:38:30,117 INFO: Epoch: 153 | PSNR: 30.0075 | Loss: 5.5429 | lr: 6.25e-05 | Best_PSNR: 30.0232 in Epoch [113]
2022-07-09 17:39:00,139 INFO: Epoch: 154 | PSNR: 30.0075 | Loss: 5.5792 | lr: 6.25e-05 | Best_PSNR: 30.0232 in Epoch [113]
2022-07-09 17:39:29,085 INFO: Epoch: 155 | PSNR: 30.0171 | Loss: 5.5399 | lr: 6.25e-05 | Best_PSNR: 30.0232 in Epoch [113]
2022-07-09 17:40:00,018 INFO: Epoch: 156 | PSNR: 30.0030 | Loss: 5.5804 | lr: 6.25e-05 | Best_PSNR: 30.0232 in Epoch [113]
2022-07-09 17:40:35,064 INFO: Epoch: 157 | PSNR: 30.0150 | Loss: 5.5818 | lr: 6.25e-05 | Best_PSNR: 30.0232 in Epoch [113]
2022-07-09 17:41:09,113 INFO: Epoch: 158 | PSNR: 30.0124 | Loss: 5.6062 | lr: 6.25e-05 | Best_PSNR: 30.0232 in Epoch [113]
2022-07-09 17:41:44,506 INFO: Epoch: 159 | PSNR: 30.0093 | Loss: 5.6028 | lr: 6.25e-05 | Best_PSNR: 30.0232 in Epoch [113]
2022-07-09 17:42:21,235 INFO: Epoch: 160 | PSNR: 30.0142 | Loss: 5.6030 | lr: 6.25e-05 | Best_PSNR: 30.0232 in Epoch [113]
2022-07-09 17:42:59,701 INFO: Epoch: 161 | PSNR: 30.0025 | Loss: 5.6361 | lr: 6.25e-05 | Best_PSNR: 30.0232 in Epoch [113]
2022-07-09 17:43:34,831 INFO: Epoch: 162 | PSNR: 30.0097 | Loss: 5.5603 | lr: 6.25e-05 | Best_PSNR: 30.0232 in Epoch [113]
2022-07-09 17:44:14,222 INFO: Epoch: 163 | PSNR: 30.0166 | Loss: 5.5833 | lr: 6.25e-05 | Best_PSNR: 30.0232 in Epoch [113]
2022-07-09 17:44:44,924 INFO: Epoch: 164 | PSNR: 30.0013 | Loss: 5.5870 | lr: 6.25e-05 | Best_PSNR: 30.0232 in Epoch [113]
2022-07-09 17:45:14,625 INFO: Epoch: 165 | PSNR: 30.0067 | Loss: 5.5538 | lr: 6.25e-05 | Best_PSNR: 30.0232 in Epoch [113]
2022-07-09 17:45:48,290 INFO: Epoch: 166 | PSNR: 30.0202 | Loss: 5.6534 | lr: 6.25e-05 | Best_PSNR: 30.0232 in Epoch [113]
2022-07-09 17:46:21,381 INFO: Epoch: 167 | PSNR: 30.0162 | Loss: 5.6113 | lr: 6.25e-05 | Best_PSNR: 30.0232 in Epoch [113]
2022-07-09 17:47:00,690 INFO: Epoch: 168 | PSNR: 30.0245 | Loss: 5.5821 | lr: 6.25e-05 | Best_PSNR: 30.0245 in Epoch [168]
2022-07-09 17:47:32,903 INFO: Epoch: 169 | PSNR: 30.0236 | Loss: 5.5591 | lr: 6.25e-05 | Best_PSNR: 30.0245 in Epoch [168]
2022-07-09 17:48:02,164 INFO: Epoch: 170 | PSNR: 30.0106 | Loss: 5.5791 | lr: 6.25e-05 | Best_PSNR: 30.0245 in Epoch [168]
2022-07-09 17:48:35,736 INFO: Epoch: 171 | PSNR: 30.0103 | Loss: 5.5913 | lr: 6.25e-05 | Best_PSNR: 30.0245 in Epoch [168]
2022-07-09 17:49:07,964 INFO: Epoch: 172 | PSNR: 30.0177 | Loss: 5.6543 | lr: 6.25e-05 | Best_PSNR: 30.0245 in Epoch [168]
2022-07-09 17:49:39,086 INFO: Epoch: 173 | PSNR: 30.0074 | Loss: 5.6165 | lr: 6.25e-05 | Best_PSNR: 30.0245 in Epoch [168]
2022-07-09 17:50:11,827 INFO: Epoch: 174 | PSNR: 30.0163 | Loss: 5.5512 | lr: 6.25e-05 | Best_PSNR: 30.0245 in Epoch [168]
2022-07-09 17:50:44,741 INFO: Epoch: 175 | PSNR: 30.0122 | Loss: 5.6000 | lr: 6.25e-05 | Best_PSNR: 30.0245 in Epoch [168]
2022-07-09 17:51:18,644 INFO: Epoch: 176 | PSNR: 30.0156 | Loss: 5.6310 | lr: 6.25e-05 | Best_PSNR: 30.0245 in Epoch [168]
2022-07-09 17:51:50,950 INFO: Epoch: 177 | PSNR: 30.0137 | Loss: 5.6101 | lr: 6.25e-05 | Best_PSNR: 30.0245 in Epoch [168]
2022-07-09 17:52:19,857 INFO: Epoch: 178 | PSNR: 30.0072 | Loss: 5.5390 | lr: 6.25e-05 | Best_PSNR: 30.0245 in Epoch [168]
2022-07-09 17:52:49,661 INFO: Epoch: 179 | PSNR: 30.0171 | Loss: 5.6364 | lr: 6.25e-05 | Best_PSNR: 30.0245 in Epoch [168]
2022-07-09 17:53:20,487 INFO: Epoch: 180 | PSNR: 30.0137 | Loss: 5.6370 | lr: 6.25e-05 | Best_PSNR: 30.0245 in Epoch [168]
2022-07-09 17:53:51,388 INFO: Epoch: 181 | PSNR: 29.9980 | Loss: 5.6168 | lr: 6.25e-05 | Best_PSNR: 30.0245 in Epoch [168]
2022-07-09 17:54:21,663 INFO: Epoch: 182 | PSNR: 30.0065 | Loss: 5.5518 | lr: 6.25e-05 | Best_PSNR: 30.0245 in Epoch [168]
2022-07-09 17:54:51,622 INFO: Epoch: 183 | PSNR: 30.0215 | Loss: 5.5909 | lr: 6.25e-05 | Best_PSNR: 30.0245 in Epoch [168]
2022-07-09 17:55:21,112 INFO: Epoch: 184 | PSNR: 30.0101 | Loss: 5.6264 | lr: 6.25e-05 | Best_PSNR: 30.0245 in Epoch [168]
2022-07-09 17:55:52,484 INFO: Epoch: 185 | PSNR: 30.0300 | Loss: 5.5907 | lr: 6.25e-05 | Best_PSNR: 30.0300 in Epoch [185]
2022-07-09 17:56:25,937 INFO: Epoch: 186 | PSNR: 30.0090 | Loss: 5.5947 | lr: 6.25e-05 | Best_PSNR: 30.0300 in Epoch [185]
2022-07-09 17:56:59,790 INFO: Epoch: 187 | PSNR: 30.0167 | Loss: 5.6310 | lr: 6.25e-05 | Best_PSNR: 30.0300 in Epoch [185]
2022-07-09 17:57:30,385 INFO: Epoch: 188 | PSNR: 30.0065 | Loss: 5.6174 | lr: 6.25e-05 | Best_PSNR: 30.0300 in Epoch [185]
2022-07-09 17:58:02,113 INFO: Epoch: 189 | PSNR: 30.0135 | Loss: 5.5572 | lr: 6.25e-05 | Best_PSNR: 30.0300 in Epoch [185]
2022-07-09 17:58:34,729 INFO: Epoch: 190 | PSNR: 30.0197 | Loss: 5.5520 | lr: 6.25e-05 | Best_PSNR: 30.0300 in Epoch [185]
2022-07-09 17:59:07,729 INFO: Epoch: 191 | PSNR: 30.0123 | Loss: 5.5532 | lr: 6.25e-05 | Best_PSNR: 30.0300 in Epoch [185]
2022-07-09 17:59:39,591 INFO: Epoch: 192 | PSNR: 30.0100 | Loss: 5.6242 | lr: 6.25e-05 | Best_PSNR: 30.0300 in Epoch [185]
2022-07-09 18:00:07,561 INFO: Epoch: 193 | PSNR: 30.0129 | Loss: 5.6085 | lr: 6.25e-05 | Best_PSNR: 30.0300 in Epoch [185]
2022-07-09 18:00:39,802 INFO: Epoch: 194 | PSNR: 30.0201 | Loss: 5.5950 | lr: 6.25e-05 | Best_PSNR: 30.0300 in Epoch [185]
2022-07-09 18:01:09,363 INFO: Epoch: 195 | PSNR: 30.0176 | Loss: 5.6559 | lr: 6.25e-05 | Best_PSNR: 30.0300 in Epoch [185]
2022-07-09 18:01:41,604 INFO: Epoch: 196 | PSNR: 30.0249 | Loss: 5.6113 | lr: 6.25e-05 | Best_PSNR: 30.0300 in Epoch [185]
2022-07-09 18:02:14,283 INFO: Epoch: 197 | PSNR: 30.0204 | Loss: 5.6090 | lr: 6.25e-05 | Best_PSNR: 30.0300 in Epoch [185]
2022-07-09 18:02:46,975 INFO: Epoch: 198 | PSNR: 29.9988 | Loss: 5.6382 | lr: 6.25e-05 | Best_PSNR: 30.0300 in Epoch [185]
2022-07-09 18:03:24,323 INFO: Epoch: 199 | PSNR: 30.0209 | Loss: 5.5921 | lr: 6.25e-05 | Best_PSNR: 30.0300 in Epoch [185]
2022-07-09 18:04:01,149 INFO: Epoch: 200 | PSNR: 30.0020 | Loss: 5.6498 | lr: 6.25e-05 | Best_PSNR: 30.0300 in Epoch [185]
2022-07-09 18:04:38,244 INFO: Epoch: 201 | PSNR: 30.0109 | Loss: 5.5723 | lr: 3.13e-05 | Best_PSNR: 30.0300 in Epoch [185]
2022-07-09 18:05:11,530 INFO: Epoch: 202 | PSNR: 30.0215 | Loss: 5.5814 | lr: 3.13e-05 | Best_PSNR: 30.0300 in Epoch [185]
2022-07-09 18:05:37,617 INFO: Epoch: 203 | PSNR: 30.0143 | Loss: 5.5441 | lr: 3.13e-05 | Best_PSNR: 30.0300 in Epoch [185]
2022-07-09 18:06:07,206 INFO: Epoch: 204 | PSNR: 30.0270 | Loss: 5.5973 | lr: 3.13e-05 | Best_PSNR: 30.0300 in Epoch [185]
2022-07-09 18:06:31,788 INFO: Epoch: 205 | PSNR: 30.0214 | Loss: 5.5838 | lr: 3.13e-05 | Best_PSNR: 30.0300 in Epoch [185]
2022-07-09 18:06:55,915 INFO: Epoch: 206 | PSNR: 30.0211 | Loss: 5.5437 | lr: 3.13e-05 | Best_PSNR: 30.0300 in Epoch [185]
2022-07-09 18:07:21,330 INFO: Epoch: 207 | PSNR: 30.0117 | Loss: 5.5810 | lr: 3.13e-05 | Best_PSNR: 30.0300 in Epoch [185]
2022-07-09 18:07:45,953 INFO: Epoch: 208 | PSNR: 30.0195 | Loss: 5.5558 | lr: 3.13e-05 | Best_PSNR: 30.0300 in Epoch [185]
2022-07-09 18:08:10,493 INFO: Epoch: 209 | PSNR: 30.0129 | Loss: 5.5617 | lr: 3.13e-05 | Best_PSNR: 30.0300 in Epoch [185]
2022-07-09 18:08:36,269 INFO: Epoch: 210 | PSNR: 30.0225 | Loss: 5.6223 | lr: 3.13e-05 | Best_PSNR: 30.0300 in Epoch [185]
2022-07-09 18:09:01,637 INFO: Epoch: 211 | PSNR: 30.0069 | Loss: 5.5777 | lr: 3.13e-05 | Best_PSNR: 30.0300 in Epoch [185]
2022-07-09 18:09:26,233 INFO: Epoch: 212 | PSNR: 30.0177 | Loss: 5.6129 | lr: 3.13e-05 | Best_PSNR: 30.0300 in Epoch [185]
2022-07-09 18:09:50,239 INFO: Epoch: 213 | PSNR: 30.0130 | Loss: 5.5808 | lr: 3.13e-05 | Best_PSNR: 30.0300 in Epoch [185]
2022-07-09 18:10:13,959 INFO: Epoch: 214 | PSNR: 30.0226 | Loss: 5.5622 | lr: 3.13e-05 | Best_PSNR: 30.0300 in Epoch [185]
2022-07-09 18:10:38,393 INFO: Epoch: 215 | PSNR: 30.0215 | Loss: 5.6053 | lr: 3.13e-05 | Best_PSNR: 30.0300 in Epoch [185]
2022-07-09 18:11:02,694 INFO: Epoch: 216 | PSNR: 30.0154 | Loss: 5.5493 | lr: 3.13e-05 | Best_PSNR: 30.0300 in Epoch [185]
2022-07-09 18:11:28,247 INFO: Epoch: 217 | PSNR: 30.0065 | Loss: 5.5614 | lr: 3.13e-05 | Best_PSNR: 30.0300 in Epoch [185]
2022-07-09 18:11:52,809 INFO: Epoch: 218 | PSNR: 30.0212 | Loss: 5.6038 | lr: 3.13e-05 | Best_PSNR: 30.0300 in Epoch [185]
2022-07-09 18:12:17,080 INFO: Epoch: 219 | PSNR: 30.0222 | Loss: 5.6213 | lr: 3.13e-05 | Best_PSNR: 30.0300 in Epoch [185]
2022-07-09 18:12:40,920 INFO: Epoch: 220 | PSNR: 30.0230 | Loss: 5.6491 | lr: 3.13e-05 | Best_PSNR: 30.0300 in Epoch [185]
