2022-07-18 12:27:07,952 INFO: Create train dataset successfully!
2022-07-18 12:27:07,952 INFO: Training: [1000] iterations for each epoch
2022-07-18 12:27:07,952 INFO: Create val dataset successfully!
2022-07-18 12:27:07,952 INFO: Validating: [100] iterations for each epoch
2022-07-18 12:27:07,952 INFO: Preparing for experiment: [trial10]
2022-07-18 12:27:08,596 INFO: Create model successfully! Params: [96.17]K
2022-07-18 12:27:08,597 INFO: Model: "model"
2022-07-18 12:27:08,597 INFO: __________________________________________________________________________________________________
2022-07-18 12:27:08,597 INFO: Layer (type)                    Output Shape         Param #     Connected to                     
2022-07-18 12:27:08,597 INFO: ==================================================================================================
2022-07-18 12:27:08,597 INFO: input_1 (InputLayer)            [(None, None, None,  0                                            
2022-07-18 12:27:08,597 INFO: __________________________________________________________________________________________________
2022-07-18 12:27:08,597 INFO: conv2d (Conv2D)                 (None, None, None, 4 1344        input_1[0][0]                    
2022-07-18 12:27:08,597 INFO: __________________________________________________________________________________________________
2022-07-18 12:27:08,597 INFO: conv2d_1 (Conv2D)               (None, None, None, 4 20784       conv2d[0][0]                     
2022-07-18 12:27:08,598 INFO: __________________________________________________________________________________________________
2022-07-18 12:27:08,598 INFO: conv2d_2 (Conv2D)               (None, None, None, 4 20784       conv2d_1[0][0]                   
2022-07-18 12:27:08,598 INFO: __________________________________________________________________________________________________
2022-07-18 12:27:08,598 INFO: conv2d_3 (Conv2D)               (None, None, None, 4 20784       conv2d_2[0][0]                   
2022-07-18 12:27:08,598 INFO: __________________________________________________________________________________________________
2022-07-18 12:27:08,598 INFO: conv2d_4 (Conv2D)               (None, None, None, 4 20784       conv2d_3[0][0]                   
2022-07-18 12:27:08,598 INFO: __________________________________________________________________________________________________
2022-07-18 12:27:08,598 INFO: lambda (Lambda)                 (None, None, None, 2 0           input_1[0][0]                    
2022-07-18 12:27:08,598 INFO:                                                                  input_1[0][0]                    
2022-07-18 12:27:08,598 INFO:                                                                  input_1[0][0]                    
2022-07-18 12:27:08,598 INFO:                                                                  input_1[0][0]                    
2022-07-18 12:27:08,598 INFO:                                                                  input_1[0][0]                    
2022-07-18 12:27:08,598 INFO:                                                                  input_1[0][0]                    
2022-07-18 12:27:08,598 INFO:                                                                  input_1[0][0]                    
2022-07-18 12:27:08,598 INFO:                                                                  input_1[0][0]                    
2022-07-18 12:27:08,598 INFO:                                                                  input_1[0][0]                    
2022-07-18 12:27:08,598 INFO: __________________________________________________________________________________________________
2022-07-18 12:27:08,599 INFO: conv2d_5 (Conv2D)               (None, None, None, 2 11691       conv2d_4[0][0]                   
2022-07-18 12:27:08,599 INFO: __________________________________________________________________________________________________
2022-07-18 12:27:08,599 INFO: add (Add)                       (None, None, None, 2 0           lambda[0][0]                     
2022-07-18 12:27:08,599 INFO:                                                                  conv2d_5[0][0]                   
2022-07-18 12:27:08,599 INFO: __________________________________________________________________________________________________
2022-07-18 12:27:08,599 INFO: lambda_1 (Lambda)               (None, None, None, 3 0           add[0][0]                        
2022-07-18 12:27:08,599 INFO: ==================================================================================================
2022-07-18 12:27:08,599 INFO: Total params: 96,171
2022-07-18 12:27:08,599 INFO: Trainable params: 96,171
2022-07-18 12:27:08,599 INFO: Non-trainable params: 0
2022-07-18 12:27:08,599 INFO: __________________________________________________________________________________________________
2022-07-18 12:27:08,600 INFO: Start training...
2022-07-18 12:28:10,662 INFO: Epoch: 1 | PSNR: 26.8765 | Loss: 6.3415 | lr: 1.00e-03 | Best_PSNR: 26.8765 in Epoch [1]
2022-07-18 12:29:16,388 INFO: Epoch: 2 | PSNR: 28.0651 | Loss: 5.9292 | lr: 1.00e-03 | Best_PSNR: 28.0651 in Epoch [2]
2022-07-18 12:30:16,313 INFO: Epoch: 3 | PSNR: 29.1129 | Loss: 5.8604 | lr: 1.00e-03 | Best_PSNR: 29.1129 in Epoch [3]
2022-07-18 12:31:17,339 INFO: Epoch: 4 | PSNR: 29.5479 | Loss: 5.7755 | lr: 1.00e-03 | Best_PSNR: 29.5479 in Epoch [4]
2022-07-18 12:32:12,110 INFO: Epoch: 5 | PSNR: 29.6924 | Loss: 5.6737 | lr: 1.00e-03 | Best_PSNR: 29.6924 in Epoch [5]
2022-07-18 12:33:07,983 INFO: Epoch: 6 | PSNR: 29.8249 | Loss: 5.6949 | lr: 1.00e-03 | Best_PSNR: 29.8249 in Epoch [6]
2022-07-18 12:34:08,985 INFO: Epoch: 7 | PSNR: 29.8829 | Loss: 5.6200 | lr: 1.00e-03 | Best_PSNR: 29.8829 in Epoch [7]
2022-07-18 12:35:10,835 INFO: Epoch: 8 | PSNR: 29.9219 | Loss: 5.6399 | lr: 1.00e-03 | Best_PSNR: 29.9219 in Epoch [8]
2022-07-18 12:36:14,277 INFO: Epoch: 9 | PSNR: 29.9496 | Loss: 5.6592 | lr: 1.00e-03 | Best_PSNR: 29.9496 in Epoch [9]
2022-07-18 12:37:13,205 INFO: Epoch: 10 | PSNR: 29.9168 | Loss: 5.6811 | lr: 1.00e-03 | Best_PSNR: 29.9496 in Epoch [9]
2022-07-18 12:38:13,450 INFO: Epoch: 11 | PSNR: 29.9671 | Loss: 5.6204 | lr: 1.00e-03 | Best_PSNR: 29.9671 in Epoch [11]
2022-07-18 12:39:11,649 INFO: Epoch: 12 | PSNR: 29.9928 | Loss: 5.6244 | lr: 1.00e-03 | Best_PSNR: 29.9928 in Epoch [12]
2022-07-18 12:40:07,228 INFO: Epoch: 13 | PSNR: 30.0051 | Loss: 5.6070 | lr: 1.00e-03 | Best_PSNR: 30.0051 in Epoch [13]
2022-07-18 12:41:08,400 INFO: Epoch: 14 | PSNR: 30.0086 | Loss: 5.6091 | lr: 1.00e-03 | Best_PSNR: 30.0086 in Epoch [14]
2022-07-18 12:42:00,617 INFO: Epoch: 15 | PSNR: 30.0252 | Loss: 5.5874 | lr: 1.00e-03 | Best_PSNR: 30.0252 in Epoch [15]
2022-07-18 12:42:55,759 INFO: Epoch: 16 | PSNR: 30.0276 | Loss: 5.6399 | lr: 1.00e-03 | Best_PSNR: 30.0276 in Epoch [16]
2022-07-18 12:43:47,676 INFO: Epoch: 17 | PSNR: 30.0299 | Loss: 5.6241 | lr: 1.00e-03 | Best_PSNR: 30.0299 in Epoch [17]
2022-07-18 12:44:38,837 INFO: Epoch: 18 | PSNR: 30.0417 | Loss: 5.5847 | lr: 1.00e-03 | Best_PSNR: 30.0417 in Epoch [18]
2022-07-18 12:45:49,481 INFO: Epoch: 19 | PSNR: 30.0261 | Loss: 5.5431 | lr: 1.00e-03 | Best_PSNR: 30.0417 in Epoch [18]
2022-07-18 12:46:47,852 INFO: Epoch: 20 | PSNR: 30.0474 | Loss: 5.6403 | lr: 1.00e-03 | Best_PSNR: 30.0474 in Epoch [20]
2022-07-18 12:47:56,081 INFO: Epoch: 21 | PSNR: 30.0491 | Loss: 5.5501 | lr: 1.00e-03 | Best_PSNR: 30.0491 in Epoch [21]
2022-07-18 12:49:06,183 INFO: Epoch: 22 | PSNR: 30.0595 | Loss: 5.5840 | lr: 1.00e-03 | Best_PSNR: 30.0595 in Epoch [22]
2022-07-18 12:50:25,774 INFO: Epoch: 23 | PSNR: 30.0698 | Loss: 5.5138 | lr: 1.00e-03 | Best_PSNR: 30.0698 in Epoch [23]
2022-07-18 12:51:44,108 INFO: Epoch: 24 | PSNR: 30.0756 | Loss: 5.5656 | lr: 1.00e-03 | Best_PSNR: 30.0756 in Epoch [24]
2022-07-18 12:52:57,915 INFO: Epoch: 25 | PSNR: 30.0762 | Loss: 5.6101 | lr: 1.00e-03 | Best_PSNR: 30.0762 in Epoch [25]
2022-07-18 12:54:14,543 INFO: Epoch: 26 | PSNR: 30.0793 | Loss: 5.5512 | lr: 1.00e-03 | Best_PSNR: 30.0793 in Epoch [26]
2022-07-18 12:55:29,847 INFO: Epoch: 27 | PSNR: 30.0853 | Loss: 5.5830 | lr: 1.00e-03 | Best_PSNR: 30.0853 in Epoch [27]
2022-07-18 12:56:38,485 INFO: Epoch: 28 | PSNR: 30.0884 | Loss: 5.4947 | lr: 1.00e-03 | Best_PSNR: 30.0884 in Epoch [28]
2022-07-18 12:57:44,748 INFO: Epoch: 29 | PSNR: 30.0928 | Loss: 5.6166 | lr: 1.00e-03 | Best_PSNR: 30.0928 in Epoch [29]
2022-07-18 12:58:51,386 INFO: Epoch: 30 | PSNR: 30.0936 | Loss: 5.5939 | lr: 1.00e-03 | Best_PSNR: 30.0936 in Epoch [30]
2022-07-18 13:00:01,856 INFO: Epoch: 31 | PSNR: 30.0986 | Loss: 5.5840 | lr: 1.00e-03 | Best_PSNR: 30.0986 in Epoch [31]
2022-07-18 13:01:20,080 INFO: Epoch: 32 | PSNR: 30.0986 | Loss: 5.5755 | lr: 1.00e-03 | Best_PSNR: 30.0986 in Epoch [32]
2022-07-18 13:02:32,148 INFO: Epoch: 33 | PSNR: 30.1028 | Loss: 5.5493 | lr: 1.00e-03 | Best_PSNR: 30.1028 in Epoch [33]
2022-07-18 13:03:51,472 INFO: Epoch: 34 | PSNR: 30.1043 | Loss: 5.5901 | lr: 1.00e-03 | Best_PSNR: 30.1043 in Epoch [34]
2022-07-18 13:05:04,933 INFO: Epoch: 35 | PSNR: 30.0965 | Loss: 5.5547 | lr: 1.00e-03 | Best_PSNR: 30.1043 in Epoch [34]
2022-07-18 13:06:24,083 INFO: Epoch: 36 | PSNR: 30.1048 | Loss: 5.6196 | lr: 1.00e-03 | Best_PSNR: 30.1048 in Epoch [36]
2022-07-18 13:07:35,017 INFO: Epoch: 37 | PSNR: 30.1114 | Loss: 5.5344 | lr: 1.00e-03 | Best_PSNR: 30.1114 in Epoch [37]
2022-07-18 13:08:43,267 INFO: Epoch: 38 | PSNR: 30.1090 | Loss: 5.5500 | lr: 1.00e-03 | Best_PSNR: 30.1114 in Epoch [37]
2022-07-18 13:09:53,312 INFO: Epoch: 39 | PSNR: 30.0750 | Loss: 5.5349 | lr: 1.00e-03 | Best_PSNR: 30.1114 in Epoch [37]
2022-07-18 13:11:04,958 INFO: Epoch: 40 | PSNR: 30.1042 | Loss: 5.5150 | lr: 1.00e-03 | Best_PSNR: 30.1114 in Epoch [37]
2022-07-18 13:12:20,757 INFO: Epoch: 41 | PSNR: 30.1139 | Loss: 5.5862 | lr: 1.00e-03 | Best_PSNR: 30.1139 in Epoch [41]
2022-07-18 13:13:32,667 INFO: Epoch: 42 | PSNR: 30.1139 | Loss: 5.4995 | lr: 1.00e-03 | Best_PSNR: 30.1139 in Epoch [41]
2022-07-18 13:14:45,096 INFO: Epoch: 43 | PSNR: 30.1172 | Loss: 5.5928 | lr: 1.00e-03 | Best_PSNR: 30.1172 in Epoch [43]
2022-07-18 13:15:56,760 INFO: Epoch: 44 | PSNR: 30.1225 | Loss: 5.5696 | lr: 1.00e-03 | Best_PSNR: 30.1225 in Epoch [44]
2022-07-18 13:17:10,580 INFO: Epoch: 45 | PSNR: 30.1240 | Loss: 5.5444 | lr: 1.00e-03 | Best_PSNR: 30.1240 in Epoch [45]
2022-07-18 13:18:24,764 INFO: Epoch: 46 | PSNR: 30.1272 | Loss: 5.5509 | lr: 1.00e-03 | Best_PSNR: 30.1272 in Epoch [46]
2022-07-18 13:19:37,822 INFO: Epoch: 47 | PSNR: 30.1260 | Loss: 5.6126 | lr: 1.00e-03 | Best_PSNR: 30.1272 in Epoch [46]
2022-07-18 13:20:53,759 INFO: Epoch: 48 | PSNR: 30.1286 | Loss: 5.5578 | lr: 1.00e-03 | Best_PSNR: 30.1286 in Epoch [48]
2022-07-18 13:22:08,941 INFO: Epoch: 49 | PSNR: 30.1278 | Loss: 5.5380 | lr: 1.00e-03 | Best_PSNR: 30.1286 in Epoch [48]
2022-07-18 13:23:24,127 INFO: Epoch: 50 | PSNR: 30.1300 | Loss: 5.5133 | lr: 1.00e-03 | Best_PSNR: 30.1300 in Epoch [50]
2022-07-18 13:24:36,352 INFO: Epoch: 51 | PSNR: 30.1247 | Loss: 5.5474 | lr: 1.00e-03 | Best_PSNR: 30.1300 in Epoch [50]
2022-07-18 13:25:51,376 INFO: Epoch: 52 | PSNR: 30.1333 | Loss: 5.5670 | lr: 1.00e-03 | Best_PSNR: 30.1333 in Epoch [52]
2022-07-18 13:27:05,943 INFO: Epoch: 53 | PSNR: 30.1326 | Loss: 5.5830 | lr: 1.00e-03 | Best_PSNR: 30.1333 in Epoch [52]
2022-07-18 13:28:15,213 INFO: Epoch: 54 | PSNR: 30.1369 | Loss: 5.5379 | lr: 1.00e-03 | Best_PSNR: 30.1369 in Epoch [54]
2022-07-18 13:29:29,935 INFO: Epoch: 55 | PSNR: 30.1382 | Loss: 5.5887 | lr: 1.00e-03 | Best_PSNR: 30.1382 in Epoch [55]
2022-07-18 13:30:54,799 INFO: Epoch: 56 | PSNR: 30.1394 | Loss: 5.5068 | lr: 1.00e-03 | Best_PSNR: 30.1394 in Epoch [56]
2022-07-18 13:32:11,910 INFO: Epoch: 57 | PSNR: 30.1401 | Loss: 5.5413 | lr: 1.00e-03 | Best_PSNR: 30.1401 in Epoch [57]
2022-07-18 13:33:26,847 INFO: Epoch: 58 | PSNR: 30.1433 | Loss: 5.5247 | lr: 1.00e-03 | Best_PSNR: 30.1433 in Epoch [58]
2022-07-18 13:34:39,694 INFO: Epoch: 59 | PSNR: 30.1414 | Loss: 5.5995 | lr: 1.00e-03 | Best_PSNR: 30.1433 in Epoch [58]
2022-07-18 13:35:52,959 INFO: Epoch: 60 | PSNR: 30.1411 | Loss: 5.5069 | lr: 1.00e-03 | Best_PSNR: 30.1433 in Epoch [58]
2022-07-18 13:37:09,516 INFO: Epoch: 61 | PSNR: 30.1426 | Loss: 5.4846 | lr: 1.00e-03 | Best_PSNR: 30.1433 in Epoch [58]
2022-07-18 13:38:21,972 INFO: Epoch: 62 | PSNR: 30.1456 | Loss: 5.5578 | lr: 1.00e-03 | Best_PSNR: 30.1456 in Epoch [62]
2022-07-18 13:39:34,100 INFO: Epoch: 63 | PSNR: 30.1446 | Loss: 5.5081 | lr: 1.00e-03 | Best_PSNR: 30.1456 in Epoch [62]
2022-07-18 13:40:48,951 INFO: Epoch: 64 | PSNR: 30.1481 | Loss: 5.5245 | lr: 1.00e-03 | Best_PSNR: 30.1481 in Epoch [64]
2022-07-18 13:42:03,988 INFO: Epoch: 65 | PSNR: 30.1492 | Loss: 5.5280 | lr: 1.00e-03 | Best_PSNR: 30.1492 in Epoch [65]
2022-07-18 13:43:25,171 INFO: Epoch: 66 | PSNR: 30.1495 | Loss: 5.4904 | lr: 1.00e-03 | Best_PSNR: 30.1495 in Epoch [66]
2022-07-18 13:44:47,576 INFO: Epoch: 67 | PSNR: 30.1508 | Loss: 5.6027 | lr: 1.00e-03 | Best_PSNR: 30.1508 in Epoch [67]
2022-07-18 13:46:07,222 INFO: Epoch: 68 | PSNR: 30.1515 | Loss: 5.4983 | lr: 1.00e-03 | Best_PSNR: 30.1515 in Epoch [68]
2022-07-18 13:47:27,034 INFO: Epoch: 69 | PSNR: 30.1538 | Loss: 5.5658 | lr: 1.00e-03 | Best_PSNR: 30.1538 in Epoch [69]
2022-07-18 13:48:45,450 INFO: Epoch: 70 | PSNR: 30.1495 | Loss: 5.4906 | lr: 1.00e-03 | Best_PSNR: 30.1538 in Epoch [69]
2022-07-18 13:50:05,959 INFO: Epoch: 71 | PSNR: 30.1528 | Loss: 5.5460 | lr: 1.00e-03 | Best_PSNR: 30.1538 in Epoch [69]
2022-07-18 13:51:22,864 INFO: Epoch: 72 | PSNR: 30.1537 | Loss: 5.5532 | lr: 1.00e-03 | Best_PSNR: 30.1538 in Epoch [69]
2022-07-18 13:52:40,214 INFO: Epoch: 73 | PSNR: 30.1541 | Loss: 5.5027 | lr: 1.00e-03 | Best_PSNR: 30.1541 in Epoch [73]
2022-07-18 13:53:54,306 INFO: Epoch: 74 | PSNR: 30.1559 | Loss: 5.5168 | lr: 1.00e-03 | Best_PSNR: 30.1559 in Epoch [74]
2022-07-18 13:55:16,035 INFO: Epoch: 75 | PSNR: 30.1549 | Loss: 5.5009 | lr: 1.00e-03 | Best_PSNR: 30.1559 in Epoch [74]
2022-07-18 13:56:38,679 INFO: Epoch: 76 | PSNR: 30.1578 | Loss: 5.5658 | lr: 1.00e-03 | Best_PSNR: 30.1578 in Epoch [76]
2022-07-18 13:58:01,858 INFO: Epoch: 77 | PSNR: 30.1570 | Loss: 5.5354 | lr: 1.00e-03 | Best_PSNR: 30.1578 in Epoch [76]
2022-07-18 13:59:24,137 INFO: Epoch: 78 | PSNR: 30.1594 | Loss: 5.4971 | lr: 1.00e-03 | Best_PSNR: 30.1594 in Epoch [78]
2022-07-18 14:00:39,482 INFO: Epoch: 79 | PSNR: 30.1594 | Loss: 5.5535 | lr: 1.00e-03 | Best_PSNR: 30.1594 in Epoch [79]
2022-07-18 14:01:59,298 INFO: Epoch: 80 | PSNR: 30.1621 | Loss: 5.5249 | lr: 1.00e-03 | Best_PSNR: 30.1621 in Epoch [80]
2022-07-18 14:03:20,072 INFO: Epoch: 81 | PSNR: 30.1630 | Loss: 5.4598 | lr: 1.00e-03 | Best_PSNR: 30.1630 in Epoch [81]
2022-07-18 14:04:45,925 INFO: Epoch: 82 | PSNR: 30.1643 | Loss: 5.4385 | lr: 1.00e-03 | Best_PSNR: 30.1643 in Epoch [82]
2022-07-18 14:06:01,485 INFO: Epoch: 83 | PSNR: 30.1625 | Loss: 5.5190 | lr: 1.00e-03 | Best_PSNR: 30.1643 in Epoch [82]
2022-07-18 14:07:15,188 INFO: Epoch: 84 | PSNR: 30.1616 | Loss: 5.4973 | lr: 1.00e-03 | Best_PSNR: 30.1643 in Epoch [82]
2022-07-18 14:08:28,295 INFO: Epoch: 85 | PSNR: 30.1635 | Loss: 5.5260 | lr: 1.00e-03 | Best_PSNR: 30.1643 in Epoch [82]
2022-07-18 14:09:43,921 INFO: Epoch: 86 | PSNR: 30.1641 | Loss: 5.5629 | lr: 1.00e-03 | Best_PSNR: 30.1643 in Epoch [82]
2022-07-18 14:10:59,556 INFO: Epoch: 87 | PSNR: 30.1659 | Loss: 5.5396 | lr: 1.00e-03 | Best_PSNR: 30.1659 in Epoch [87]
2022-07-18 14:12:24,375 INFO: Epoch: 88 | PSNR: 30.1659 | Loss: 5.5524 | lr: 1.00e-03 | Best_PSNR: 30.1659 in Epoch [88]
2022-07-18 14:13:44,706 INFO: Epoch: 89 | PSNR: 30.1617 | Loss: 5.5287 | lr: 1.00e-03 | Best_PSNR: 30.1659 in Epoch [88]
2022-07-18 14:15:06,653 INFO: Epoch: 90 | PSNR: 30.1683 | Loss: 5.5114 | lr: 1.00e-03 | Best_PSNR: 30.1683 in Epoch [90]
2022-07-18 14:16:27,533 INFO: Epoch: 91 | PSNR: 30.1697 | Loss: 5.5385 | lr: 1.00e-03 | Best_PSNR: 30.1697 in Epoch [91]
2022-07-18 14:17:50,631 INFO: Epoch: 92 | PSNR: 30.1702 | Loss: 5.5104 | lr: 1.00e-03 | Best_PSNR: 30.1702 in Epoch [92]
2022-07-18 14:19:09,661 INFO: Epoch: 93 | PSNR: 30.1698 | Loss: 5.4640 | lr: 1.00e-03 | Best_PSNR: 30.1702 in Epoch [92]
2022-07-18 14:20:27,488 INFO: Epoch: 94 | PSNR: 30.1712 | Loss: 5.5413 | lr: 1.00e-03 | Best_PSNR: 30.1712 in Epoch [94]
2022-07-18 14:21:39,737 INFO: Epoch: 95 | PSNR: 30.1703 | Loss: 5.5349 | lr: 1.00e-03 | Best_PSNR: 30.1712 in Epoch [94]
2022-07-18 14:22:53,218 INFO: Epoch: 96 | PSNR: 30.1737 | Loss: 5.5188 | lr: 1.00e-03 | Best_PSNR: 30.1737 in Epoch [96]
2022-07-18 14:24:05,390 INFO: Epoch: 97 | PSNR: 30.1731 | Loss: 5.5325 | lr: 1.00e-03 | Best_PSNR: 30.1737 in Epoch [96]
2022-07-18 14:25:20,881 INFO: Epoch: 98 | PSNR: 30.1733 | Loss: 5.4773 | lr: 1.00e-03 | Best_PSNR: 30.1737 in Epoch [96]
2022-07-18 14:26:39,441 INFO: Epoch: 99 | PSNR: 30.1736 | Loss: 5.4997 | lr: 1.00e-03 | Best_PSNR: 30.1737 in Epoch [96]
2022-07-18 14:27:51,692 INFO: Epoch: 100 | PSNR: 30.1712 | Loss: 5.4886 | lr: 1.00e-03 | Best_PSNR: 30.1737 in Epoch [96]
2022-07-18 14:29:03,135 INFO: Epoch: 101 | PSNR: 30.1729 | Loss: 5.4755 | lr: 1.00e-03 | Best_PSNR: 30.1737 in Epoch [96]
2022-07-18 14:30:14,997 INFO: Epoch: 102 | PSNR: 30.1714 | Loss: 5.5169 | lr: 1.00e-03 | Best_PSNR: 30.1737 in Epoch [96]
2022-07-18 14:31:27,153 INFO: Epoch: 103 | PSNR: 30.1737 | Loss: 5.5201 | lr: 1.00e-03 | Best_PSNR: 30.1737 in Epoch [96]
2022-07-18 14:32:41,546 INFO: Epoch: 104 | PSNR: 30.1719 | Loss: 5.5139 | lr: 1.00e-03 | Best_PSNR: 30.1737 in Epoch [96]
2022-07-18 14:33:54,142 INFO: Epoch: 105 | PSNR: 30.1736 | Loss: 5.4700 | lr: 1.00e-03 | Best_PSNR: 30.1737 in Epoch [96]
2022-07-18 14:35:15,812 INFO: Epoch: 106 | PSNR: 30.1753 | Loss: 5.5336 | lr: 1.00e-03 | Best_PSNR: 30.1753 in Epoch [106]
2022-07-18 14:36:34,207 INFO: Epoch: 107 | PSNR: 30.1777 | Loss: 5.4981 | lr: 1.00e-03 | Best_PSNR: 30.1777 in Epoch [107]
2022-07-18 14:37:58,878 INFO: Epoch: 108 | PSNR: 30.1767 | Loss: 5.4598 | lr: 1.00e-03 | Best_PSNR: 30.1777 in Epoch [107]
2022-07-18 14:39:17,517 INFO: Epoch: 109 | PSNR: 30.1769 | Loss: 5.5063 | lr: 1.00e-03 | Best_PSNR: 30.1777 in Epoch [107]
2022-07-18 14:40:28,824 INFO: Epoch: 110 | PSNR: 30.1773 | Loss: 5.5248 | lr: 1.00e-03 | Best_PSNR: 30.1777 in Epoch [107]
2022-07-18 14:41:42,189 INFO: Epoch: 111 | PSNR: 30.1790 | Loss: 5.4829 | lr: 1.00e-03 | Best_PSNR: 30.1790 in Epoch [111]
2022-07-18 14:43:15,969 INFO: Epoch: 112 | PSNR: 30.1777 | Loss: 5.4995 | lr: 1.00e-03 | Best_PSNR: 30.1790 in Epoch [111]
2022-07-18 14:44:32,096 INFO: Epoch: 113 | PSNR: 30.1777 | Loss: 5.5056 | lr: 1.00e-03 | Best_PSNR: 30.1790 in Epoch [111]
2022-07-18 14:45:42,764 INFO: Epoch: 114 | PSNR: 30.1767 | Loss: 5.4984 | lr: 1.00e-03 | Best_PSNR: 30.1790 in Epoch [111]
2022-07-18 14:46:53,789 INFO: Epoch: 115 | PSNR: 30.1794 | Loss: 5.5220 | lr: 1.00e-03 | Best_PSNR: 30.1794 in Epoch [115]
2022-07-18 14:48:06,660 INFO: Epoch: 116 | PSNR: 30.1798 | Loss: 5.5213 | lr: 1.00e-03 | Best_PSNR: 30.1798 in Epoch [116]
2022-07-18 14:49:17,761 INFO: Epoch: 117 | PSNR: 30.1792 | Loss: 5.5007 | lr: 1.00e-03 | Best_PSNR: 30.1798 in Epoch [116]
2022-07-18 14:50:32,831 INFO: Epoch: 118 | PSNR: 30.1798 | Loss: 5.4904 | lr: 1.00e-03 | Best_PSNR: 30.1798 in Epoch [118]
2022-07-18 14:51:47,038 INFO: Epoch: 119 | PSNR: 30.1773 | Loss: 5.5080 | lr: 1.00e-03 | Best_PSNR: 30.1798 in Epoch [118]
2022-07-18 14:52:55,476 INFO: Epoch: 120 | PSNR: 30.1797 | Loss: 5.4620 | lr: 1.00e-03 | Best_PSNR: 30.1798 in Epoch [118]
2022-07-18 14:54:08,884 INFO: Epoch: 121 | PSNR: 30.1850 | Loss: 5.4572 | lr: 5.00e-04 | Best_PSNR: 30.1850 in Epoch [121]
2022-07-18 14:55:25,306 INFO: Epoch: 122 | PSNR: 30.1883 | Loss: 5.4444 | lr: 5.00e-04 | Best_PSNR: 30.1883 in Epoch [122]
2022-07-18 14:56:40,001 INFO: Epoch: 123 | PSNR: 30.1907 | Loss: 5.5226 | lr: 5.00e-04 | Best_PSNR: 30.1907 in Epoch [123]
2022-07-18 14:57:50,266 INFO: Epoch: 124 | PSNR: 30.1916 | Loss: 5.4730 | lr: 5.00e-04 | Best_PSNR: 30.1916 in Epoch [124]
2022-07-18 14:59:01,920 INFO: Epoch: 125 | PSNR: 30.1934 | Loss: 5.4587 | lr: 5.00e-04 | Best_PSNR: 30.1934 in Epoch [125]
2022-07-18 15:00:26,626 INFO: Epoch: 126 | PSNR: 30.1941 | Loss: 5.4874 | lr: 5.00e-04 | Best_PSNR: 30.1941 in Epoch [126]
2022-07-18 15:01:42,330 INFO: Epoch: 127 | PSNR: 30.1941 | Loss: 5.4542 | lr: 5.00e-04 | Best_PSNR: 30.1941 in Epoch [127]
2022-07-18 15:02:58,765 INFO: Epoch: 128 | PSNR: 30.1943 | Loss: 5.4243 | lr: 5.00e-04 | Best_PSNR: 30.1943 in Epoch [128]
2022-07-18 15:04:16,846 INFO: Epoch: 129 | PSNR: 30.1953 | Loss: 5.4783 | lr: 5.00e-04 | Best_PSNR: 30.1953 in Epoch [129]
2022-07-18 15:05:40,401 INFO: Epoch: 130 | PSNR: 30.1959 | Loss: 5.4432 | lr: 5.00e-04 | Best_PSNR: 30.1959 in Epoch [130]
2022-07-18 15:07:09,872 INFO: Epoch: 131 | PSNR: 30.1956 | Loss: 5.5221 | lr: 5.00e-04 | Best_PSNR: 30.1959 in Epoch [130]
2022-07-18 15:08:21,490 INFO: Epoch: 132 | PSNR: 30.1964 | Loss: 5.4158 | lr: 5.00e-04 | Best_PSNR: 30.1964 in Epoch [132]
2022-07-18 15:09:35,364 INFO: Epoch: 133 | PSNR: 30.1967 | Loss: 5.4478 | lr: 5.00e-04 | Best_PSNR: 30.1967 in Epoch [133]
2022-07-18 15:10:50,815 INFO: Epoch: 134 | PSNR: 30.1985 | Loss: 5.5283 | lr: 5.00e-04 | Best_PSNR: 30.1985 in Epoch [134]
2022-07-18 15:12:02,865 INFO: Epoch: 135 | PSNR: 30.1994 | Loss: 5.4678 | lr: 5.00e-04 | Best_PSNR: 30.1994 in Epoch [135]
2022-07-18 15:13:20,290 INFO: Epoch: 136 | PSNR: 30.1996 | Loss: 5.5239 | lr: 5.00e-04 | Best_PSNR: 30.1996 in Epoch [136]
2022-07-18 15:14:49,974 INFO: Epoch: 137 | PSNR: 30.2004 | Loss: 5.4751 | lr: 5.00e-04 | Best_PSNR: 30.2004 in Epoch [137]
2022-07-18 15:16:07,238 INFO: Epoch: 138 | PSNR: 30.2029 | Loss: 5.4542 | lr: 5.00e-04 | Best_PSNR: 30.2029 in Epoch [138]
2022-07-18 15:17:32,118 INFO: Epoch: 139 | PSNR: 30.2064 | Loss: 5.4819 | lr: 5.00e-04 | Best_PSNR: 30.2064 in Epoch [139]
2022-07-18 15:18:43,685 INFO: Epoch: 140 | PSNR: 30.2111 | Loss: 5.4604 | lr: 5.00e-04 | Best_PSNR: 30.2111 in Epoch [140]
2022-07-18 15:19:55,175 INFO: Epoch: 141 | PSNR: 30.2144 | Loss: 5.4471 | lr: 5.00e-04 | Best_PSNR: 30.2144 in Epoch [141]
2022-07-18 15:21:21,295 INFO: Epoch: 142 | PSNR: 30.2186 | Loss: 5.4613 | lr: 5.00e-04 | Best_PSNR: 30.2186 in Epoch [142]
2022-07-18 15:22:33,948 INFO: Epoch: 143 | PSNR: 30.2212 | Loss: 5.5042 | lr: 5.00e-04 | Best_PSNR: 30.2212 in Epoch [143]
2022-07-18 15:24:06,638 INFO: Epoch: 144 | PSNR: 30.2242 | Loss: 5.4840 | lr: 5.00e-04 | Best_PSNR: 30.2242 in Epoch [144]
2022-07-18 15:25:24,004 INFO: Epoch: 145 | PSNR: 30.2276 | Loss: 5.4466 | lr: 5.00e-04 | Best_PSNR: 30.2276 in Epoch [145]
2022-07-18 15:26:38,265 INFO: Epoch: 146 | PSNR: 30.2298 | Loss: 5.4897 | lr: 5.00e-04 | Best_PSNR: 30.2298 in Epoch [146]
2022-07-18 15:27:52,159 INFO: Epoch: 147 | PSNR: 30.2321 | Loss: 5.4351 | lr: 5.00e-04 | Best_PSNR: 30.2321 in Epoch [147]
2022-07-18 15:29:10,692 INFO: Epoch: 148 | PSNR: 30.2356 | Loss: 5.4758 | lr: 5.00e-04 | Best_PSNR: 30.2356 in Epoch [148]
2022-07-18 15:30:29,841 INFO: Epoch: 149 | PSNR: 30.2411 | Loss: 5.4350 | lr: 5.00e-04 | Best_PSNR: 30.2411 in Epoch [149]
2022-07-18 15:32:00,820 INFO: Epoch: 150 | PSNR: 30.2467 | Loss: 5.4804 | lr: 5.00e-04 | Best_PSNR: 30.2467 in Epoch [150]
2022-07-18 15:33:31,592 INFO: Epoch: 151 | PSNR: 30.2495 | Loss: 5.4771 | lr: 5.00e-04 | Best_PSNR: 30.2495 in Epoch [151]
2022-07-18 15:34:56,661 INFO: Epoch: 152 | PSNR: 30.2504 | Loss: 5.5012 | lr: 5.00e-04 | Best_PSNR: 30.2504 in Epoch [152]
2022-07-18 15:36:24,065 INFO: Epoch: 153 | PSNR: 30.2530 | Loss: 5.4614 | lr: 5.00e-04 | Best_PSNR: 30.2530 in Epoch [153]
2022-07-18 15:37:48,749 INFO: Epoch: 154 | PSNR: 30.2541 | Loss: 5.4969 | lr: 5.00e-04 | Best_PSNR: 30.2541 in Epoch [154]
2022-07-18 15:39:16,320 INFO: Epoch: 155 | PSNR: 30.2562 | Loss: 5.4421 | lr: 5.00e-04 | Best_PSNR: 30.2562 in Epoch [155]
2022-07-18 15:40:40,449 INFO: Epoch: 156 | PSNR: 30.2579 | Loss: 5.4549 | lr: 5.00e-04 | Best_PSNR: 30.2579 in Epoch [156]
2022-07-18 15:41:54,180 INFO: Epoch: 157 | PSNR: 30.2595 | Loss: 5.4464 | lr: 5.00e-04 | Best_PSNR: 30.2595 in Epoch [157]
2022-07-18 15:43:17,580 INFO: Epoch: 158 | PSNR: 30.2599 | Loss: 5.4514 | lr: 5.00e-04 | Best_PSNR: 30.2599 in Epoch [158]
2022-07-18 15:44:36,861 INFO: Epoch: 159 | PSNR: 30.2620 | Loss: 5.4565 | lr: 5.00e-04 | Best_PSNR: 30.2620 in Epoch [159]
2022-07-18 15:45:57,358 INFO: Epoch: 160 | PSNR: 30.2636 | Loss: 5.4836 | lr: 5.00e-04 | Best_PSNR: 30.2636 in Epoch [160]
2022-07-18 15:47:22,085 INFO: Epoch: 161 | PSNR: 30.2651 | Loss: 5.4456 | lr: 5.00e-04 | Best_PSNR: 30.2651 in Epoch [161]
2022-07-18 15:48:45,354 INFO: Epoch: 162 | PSNR: 30.2656 | Loss: 5.4740 | lr: 5.00e-04 | Best_PSNR: 30.2656 in Epoch [162]
2022-07-18 15:49:56,001 INFO: Epoch: 163 | PSNR: 30.2675 | Loss: 5.4613 | lr: 5.00e-04 | Best_PSNR: 30.2675 in Epoch [163]
2022-07-18 15:51:07,580 INFO: Epoch: 164 | PSNR: 30.2686 | Loss: 5.4157 | lr: 5.00e-04 | Best_PSNR: 30.2686 in Epoch [164]
2022-07-18 15:52:27,658 INFO: Epoch: 165 | PSNR: 30.2690 | Loss: 5.4527 | lr: 5.00e-04 | Best_PSNR: 30.2690 in Epoch [165]
2022-07-18 15:53:38,159 INFO: Epoch: 166 | PSNR: 30.2700 | Loss: 5.4848 | lr: 5.00e-04 | Best_PSNR: 30.2700 in Epoch [166]
2022-07-18 15:54:49,513 INFO: Epoch: 167 | PSNR: 30.2712 | Loss: 5.4345 | lr: 5.00e-04 | Best_PSNR: 30.2712 in Epoch [167]
2022-07-18 15:56:03,782 INFO: Epoch: 168 | PSNR: 30.2723 | Loss: 5.4556 | lr: 5.00e-04 | Best_PSNR: 30.2723 in Epoch [168]
2022-07-18 15:57:19,212 INFO: Epoch: 169 | PSNR: 30.2724 | Loss: 5.4711 | lr: 5.00e-04 | Best_PSNR: 30.2724 in Epoch [169]
2022-07-18 15:58:35,021 INFO: Epoch: 170 | PSNR: 30.2738 | Loss: 5.4391 | lr: 5.00e-04 | Best_PSNR: 30.2738 in Epoch [170]
2022-07-18 15:59:57,380 INFO: Epoch: 171 | PSNR: 30.2743 | Loss: 5.4519 | lr: 5.00e-04 | Best_PSNR: 30.2743 in Epoch [171]
2022-07-18 16:01:14,037 INFO: Epoch: 172 | PSNR: 30.2750 | Loss: 5.4080 | lr: 5.00e-04 | Best_PSNR: 30.2750 in Epoch [172]
2022-07-18 16:02:31,494 INFO: Epoch: 173 | PSNR: 30.2746 | Loss: 5.4590 | lr: 5.00e-04 | Best_PSNR: 30.2750 in Epoch [172]
2022-07-18 16:03:51,982 INFO: Epoch: 174 | PSNR: 30.2755 | Loss: 5.4438 | lr: 5.00e-04 | Best_PSNR: 30.2755 in Epoch [174]
2022-07-18 16:05:15,850 INFO: Epoch: 175 | PSNR: 30.2762 | Loss: 5.4052 | lr: 5.00e-04 | Best_PSNR: 30.2762 in Epoch [175]
2022-07-18 16:06:38,547 INFO: Epoch: 176 | PSNR: 30.2775 | Loss: 5.4456 | lr: 5.00e-04 | Best_PSNR: 30.2775 in Epoch [176]
2022-07-18 16:07:51,614 INFO: Epoch: 177 | PSNR: 30.2783 | Loss: 5.4613 | lr: 5.00e-04 | Best_PSNR: 30.2783 in Epoch [177]
2022-07-18 16:09:07,791 INFO: Epoch: 178 | PSNR: 30.2786 | Loss: 5.4329 | lr: 5.00e-04 | Best_PSNR: 30.2786 in Epoch [178]
2022-07-18 16:10:40,198 INFO: Epoch: 179 | PSNR: 30.2780 | Loss: 5.4412 | lr: 5.00e-04 | Best_PSNR: 30.2786 in Epoch [178]
2022-07-18 16:11:54,677 INFO: Epoch: 180 | PSNR: 30.2786 | Loss: 5.4399 | lr: 5.00e-04 | Best_PSNR: 30.2786 in Epoch [180]
2022-07-18 16:13:13,619 INFO: Epoch: 181 | PSNR: 30.2790 | Loss: 5.4673 | lr: 5.00e-04 | Best_PSNR: 30.2790 in Epoch [181]
2022-07-18 16:14:35,834 INFO: Epoch: 182 | PSNR: 30.2796 | Loss: 5.4569 | lr: 5.00e-04 | Best_PSNR: 30.2796 in Epoch [182]
2022-07-18 16:16:01,766 INFO: Epoch: 183 | PSNR: 30.2803 | Loss: 5.4702 | lr: 5.00e-04 | Best_PSNR: 30.2803 in Epoch [183]
2022-07-18 16:17:21,041 INFO: Epoch: 184 | PSNR: 30.2795 | Loss: 5.4598 | lr: 5.00e-04 | Best_PSNR: 30.2803 in Epoch [183]
2022-07-18 16:18:34,884 INFO: Epoch: 185 | PSNR: 30.2801 | Loss: 5.4392 | lr: 5.00e-04 | Best_PSNR: 30.2803 in Epoch [183]
2022-07-18 16:19:49,199 INFO: Epoch: 186 | PSNR: 30.2819 | Loss: 5.4444 | lr: 5.00e-04 | Best_PSNR: 30.2819 in Epoch [186]
2022-07-18 16:21:11,189 INFO: Epoch: 187 | PSNR: 30.2815 | Loss: 5.4583 | lr: 5.00e-04 | Best_PSNR: 30.2819 in Epoch [186]
2022-07-18 16:22:37,173 INFO: Epoch: 188 | PSNR: 30.2817 | Loss: 5.4443 | lr: 5.00e-04 | Best_PSNR: 30.2819 in Epoch [186]
2022-07-18 16:23:59,433 INFO: Epoch: 189 | PSNR: 30.2821 | Loss: 5.4475 | lr: 5.00e-04 | Best_PSNR: 30.2821 in Epoch [189]
2022-07-18 16:25:23,186 INFO: Epoch: 190 | PSNR: 30.2826 | Loss: 5.3897 | lr: 5.00e-04 | Best_PSNR: 30.2826 in Epoch [190]
2022-07-18 16:26:41,711 INFO: Epoch: 191 | PSNR: 30.2830 | Loss: 5.4218 | lr: 5.00e-04 | Best_PSNR: 30.2830 in Epoch [191]
2022-07-18 16:28:02,553 INFO: Epoch: 192 | PSNR: 30.2834 | Loss: 5.4068 | lr: 5.00e-04 | Best_PSNR: 30.2834 in Epoch [192]
2022-07-18 16:29:17,663 INFO: Epoch: 193 | PSNR: 30.2840 | Loss: 5.4524 | lr: 5.00e-04 | Best_PSNR: 30.2840 in Epoch [193]
2022-07-18 16:30:46,026 INFO: Epoch: 194 | PSNR: 30.2841 | Loss: 5.4641 | lr: 5.00e-04 | Best_PSNR: 30.2841 in Epoch [194]
2022-07-18 16:32:04,148 INFO: Epoch: 195 | PSNR: 30.2834 | Loss: 5.4838 | lr: 5.00e-04 | Best_PSNR: 30.2841 in Epoch [194]
2022-07-18 16:33:15,021 INFO: Epoch: 196 | PSNR: 30.2853 | Loss: 5.4435 | lr: 5.00e-04 | Best_PSNR: 30.2853 in Epoch [196]
2022-07-18 16:34:35,842 INFO: Epoch: 197 | PSNR: 30.2860 | Loss: 5.4009 | lr: 5.00e-04 | Best_PSNR: 30.2860 in Epoch [197]
2022-07-18 16:35:55,645 INFO: Epoch: 198 | PSNR: 30.2859 | Loss: 5.4868 | lr: 5.00e-04 | Best_PSNR: 30.2860 in Epoch [197]
2022-07-18 16:37:10,808 INFO: Epoch: 199 | PSNR: 30.2856 | Loss: 5.4413 | lr: 5.00e-04 | Best_PSNR: 30.2860 in Epoch [197]
2022-07-18 16:38:33,080 INFO: Epoch: 200 | PSNR: 30.2856 | Loss: 5.4629 | lr: 5.00e-04 | Best_PSNR: 30.2860 in Epoch [197]
2022-07-18 16:40:05,285 INFO: Epoch: 201 | PSNR: 30.2856 | Loss: 5.4062 | lr: 5.00e-04 | Best_PSNR: 30.2860 in Epoch [197]
2022-07-18 16:41:17,338 INFO: Epoch: 202 | PSNR: 30.2858 | Loss: 5.4347 | lr: 5.00e-04 | Best_PSNR: 30.2860 in Epoch [197]
2022-07-18 16:42:35,202 INFO: Epoch: 203 | PSNR: 30.2863 | Loss: 5.4612 | lr: 5.00e-04 | Best_PSNR: 30.2863 in Epoch [203]
2022-07-18 16:43:54,404 INFO: Epoch: 204 | PSNR: 30.2863 | Loss: 5.4881 | lr: 5.00e-04 | Best_PSNR: 30.2863 in Epoch [203]
2022-07-18 16:45:23,620 INFO: Epoch: 205 | PSNR: 30.2876 | Loss: 5.4031 | lr: 5.00e-04 | Best_PSNR: 30.2876 in Epoch [205]
2022-07-18 16:46:38,950 INFO: Epoch: 206 | PSNR: 30.2881 | Loss: 5.4275 | lr: 5.00e-04 | Best_PSNR: 30.2881 in Epoch [206]
2022-07-18 16:48:06,462 INFO: Epoch: 207 | PSNR: 30.2878 | Loss: 5.4323 | lr: 5.00e-04 | Best_PSNR: 30.2881 in Epoch [206]
2022-07-18 16:49:37,246 INFO: Epoch: 208 | PSNR: 30.2877 | Loss: 5.4415 | lr: 5.00e-04 | Best_PSNR: 30.2881 in Epoch [206]
2022-07-18 16:51:04,090 INFO: Epoch: 209 | PSNR: 30.2880 | Loss: 5.4593 | lr: 5.00e-04 | Best_PSNR: 30.2881 in Epoch [206]
2022-07-18 16:52:24,232 INFO: Epoch: 210 | PSNR: 30.2887 | Loss: 5.4807 | lr: 5.00e-04 | Best_PSNR: 30.2887 in Epoch [210]
2022-07-18 16:53:36,813 INFO: Epoch: 211 | PSNR: 30.2889 | Loss: 5.3859 | lr: 5.00e-04 | Best_PSNR: 30.2889 in Epoch [211]
2022-07-18 16:55:11,158 INFO: Epoch: 212 | PSNR: 30.2887 | Loss: 5.4632 | lr: 5.00e-04 | Best_PSNR: 30.2889 in Epoch [211]
2022-07-18 16:56:32,236 INFO: Epoch: 213 | PSNR: 30.2896 | Loss: 5.4490 | lr: 5.00e-04 | Best_PSNR: 30.2896 in Epoch [213]
2022-07-18 16:57:52,214 INFO: Epoch: 214 | PSNR: 30.2897 | Loss: 5.4426 | lr: 5.00e-04 | Best_PSNR: 30.2897 in Epoch [214]
2022-07-18 16:59:12,256 INFO: Epoch: 215 | PSNR: 30.2904 | Loss: 5.3839 | lr: 5.00e-04 | Best_PSNR: 30.2904 in Epoch [215]
2022-07-18 17:00:26,326 INFO: Epoch: 216 | PSNR: 30.2908 | Loss: 5.4290 | lr: 5.00e-04 | Best_PSNR: 30.2908 in Epoch [216]
2022-07-18 17:01:44,837 INFO: Epoch: 217 | PSNR: 30.2906 | Loss: 5.4645 | lr: 5.00e-04 | Best_PSNR: 30.2908 in Epoch [216]
2022-07-18 17:03:05,686 INFO: Epoch: 218 | PSNR: 30.2910 | Loss: 5.4229 | lr: 5.00e-04 | Best_PSNR: 30.2910 in Epoch [218]
2022-07-18 17:04:28,684 INFO: Epoch: 219 | PSNR: 30.2901 | Loss: 5.4666 | lr: 5.00e-04 | Best_PSNR: 30.2910 in Epoch [218]
2022-07-18 17:05:53,873 INFO: Epoch: 220 | PSNR: 30.2910 | Loss: 5.4633 | lr: 5.00e-04 | Best_PSNR: 30.2910 in Epoch [220]
2022-07-18 17:07:15,846 INFO: Epoch: 221 | PSNR: 30.2907 | Loss: 5.4398 | lr: 5.00e-04 | Best_PSNR: 30.2910 in Epoch [220]
2022-07-18 17:08:44,690 INFO: Epoch: 222 | PSNR: 30.2915 | Loss: 5.4338 | lr: 5.00e-04 | Best_PSNR: 30.2915 in Epoch [222]
2022-07-18 17:10:05,402 INFO: Epoch: 223 | PSNR: 30.2925 | Loss: 5.4917 | lr: 5.00e-04 | Best_PSNR: 30.2925 in Epoch [223]
2022-07-18 17:11:43,633 INFO: Epoch: 224 | PSNR: 30.2912 | Loss: 5.4576 | lr: 5.00e-04 | Best_PSNR: 30.2925 in Epoch [223]
2022-07-18 17:12:59,187 INFO: Epoch: 225 | PSNR: 30.2919 | Loss: 5.4304 | lr: 5.00e-04 | Best_PSNR: 30.2925 in Epoch [223]
2022-07-18 17:14:33,326 INFO: Epoch: 226 | PSNR: 30.2933 | Loss: 5.4174 | lr: 5.00e-04 | Best_PSNR: 30.2933 in Epoch [226]
2022-07-18 17:15:52,069 INFO: Epoch: 227 | PSNR: 30.2927 | Loss: 5.4417 | lr: 5.00e-04 | Best_PSNR: 30.2933 in Epoch [226]
2022-07-18 17:17:28,977 INFO: Epoch: 228 | PSNR: 30.2935 | Loss: 5.4470 | lr: 5.00e-04 | Best_PSNR: 30.2935 in Epoch [228]
2022-07-18 17:18:56,787 INFO: Epoch: 229 | PSNR: 30.2939 | Loss: 5.3867 | lr: 5.00e-04 | Best_PSNR: 30.2939 in Epoch [229]
2022-07-18 17:20:33,763 INFO: Epoch: 230 | PSNR: 30.2942 | Loss: 5.4505 | lr: 5.00e-04 | Best_PSNR: 30.2942 in Epoch [230]
2022-07-18 17:21:56,142 INFO: Epoch: 231 | PSNR: 30.2945 | Loss: 5.4006 | lr: 5.00e-04 | Best_PSNR: 30.2945 in Epoch [231]
2022-07-18 17:23:40,406 INFO: Epoch: 232 | PSNR: 30.2937 | Loss: 5.4419 | lr: 5.00e-04 | Best_PSNR: 30.2945 in Epoch [231]
2022-07-18 17:25:05,768 INFO: Epoch: 233 | PSNR: 30.2934 | Loss: 5.4436 | lr: 5.00e-04 | Best_PSNR: 30.2945 in Epoch [231]
2022-07-18 17:26:26,241 INFO: Epoch: 234 | PSNR: 30.2942 | Loss: 5.4484 | lr: 5.00e-04 | Best_PSNR: 30.2945 in Epoch [231]
2022-07-18 17:27:50,988 INFO: Epoch: 235 | PSNR: 30.2949 | Loss: 5.4586 | lr: 5.00e-04 | Best_PSNR: 30.2949 in Epoch [235]
2022-07-18 17:29:11,725 INFO: Epoch: 236 | PSNR: 30.2937 | Loss: 5.5047 | lr: 5.00e-04 | Best_PSNR: 30.2949 in Epoch [235]
2022-07-18 17:30:41,941 INFO: Epoch: 237 | PSNR: 30.2944 | Loss: 5.4475 | lr: 5.00e-04 | Best_PSNR: 30.2949 in Epoch [235]
2022-07-18 17:32:09,000 INFO: Epoch: 238 | PSNR: 30.2950 | Loss: 5.4210 | lr: 5.00e-04 | Best_PSNR: 30.2950 in Epoch [238]
2022-07-18 17:33:40,210 INFO: Epoch: 239 | PSNR: 30.2960 | Loss: 5.4071 | lr: 5.00e-04 | Best_PSNR: 30.2960 in Epoch [239]
2022-07-18 17:34:58,439 INFO: Epoch: 240 | PSNR: 30.2962 | Loss: 5.3874 | lr: 5.00e-04 | Best_PSNR: 30.2962 in Epoch [240]
2022-07-18 17:36:34,440 INFO: Epoch: 241 | PSNR: 30.2980 | Loss: 5.3496 | lr: 2.50e-04 | Best_PSNR: 30.2980 in Epoch [241]
2022-07-18 17:38:06,172 INFO: Epoch: 242 | PSNR: 30.2987 | Loss: 5.4137 | lr: 2.50e-04 | Best_PSNR: 30.2987 in Epoch [242]
2022-07-18 17:39:42,494 INFO: Epoch: 243 | PSNR: 30.2993 | Loss: 5.4119 | lr: 2.50e-04 | Best_PSNR: 30.2993 in Epoch [243]
2022-07-18 17:41:04,544 INFO: Epoch: 244 | PSNR: 30.2993 | Loss: 5.3555 | lr: 2.50e-04 | Best_PSNR: 30.2993 in Epoch [244]
2022-07-18 17:42:28,233 INFO: Epoch: 245 | PSNR: 30.3002 | Loss: 5.3821 | lr: 2.50e-04 | Best_PSNR: 30.3002 in Epoch [245]
2022-07-18 17:43:41,889 INFO: Epoch: 246 | PSNR: 30.3007 | Loss: 5.4561 | lr: 2.50e-04 | Best_PSNR: 30.3007 in Epoch [246]
2022-07-18 17:45:01,330 INFO: Epoch: 247 | PSNR: 30.3016 | Loss: 5.4322 | lr: 2.50e-04 | Best_PSNR: 30.3016 in Epoch [247]
2022-07-18 17:46:28,743 INFO: Epoch: 248 | PSNR: 30.3014 | Loss: 5.4032 | lr: 2.50e-04 | Best_PSNR: 30.3016 in Epoch [247]
2022-07-18 17:48:09,089 INFO: Epoch: 249 | PSNR: 30.3011 | Loss: 5.4286 | lr: 2.50e-04 | Best_PSNR: 30.3016 in Epoch [247]
2022-07-18 17:49:34,492 INFO: Epoch: 250 | PSNR: 30.3020 | Loss: 5.4323 | lr: 2.50e-04 | Best_PSNR: 30.3020 in Epoch [250]
2022-07-18 17:51:10,793 INFO: Epoch: 251 | PSNR: 30.3029 | Loss: 5.4095 | lr: 2.50e-04 | Best_PSNR: 30.3029 in Epoch [251]
2022-07-18 17:52:38,280 INFO: Epoch: 252 | PSNR: 30.3032 | Loss: 5.3994 | lr: 2.50e-04 | Best_PSNR: 30.3032 in Epoch [252]
2022-07-18 17:54:22,381 INFO: Epoch: 253 | PSNR: 30.3024 | Loss: 5.4133 | lr: 2.50e-04 | Best_PSNR: 30.3032 in Epoch [252]
2022-07-18 17:55:41,751 INFO: Epoch: 254 | PSNR: 30.3024 | Loss: 5.4334 | lr: 2.50e-04 | Best_PSNR: 30.3032 in Epoch [252]
2022-07-18 17:57:10,527 INFO: Epoch: 255 | PSNR: 30.3029 | Loss: 5.3807 | lr: 2.50e-04 | Best_PSNR: 30.3032 in Epoch [252]
2022-07-18 17:58:34,825 INFO: Epoch: 256 | PSNR: 30.3033 | Loss: 5.4344 | lr: 2.50e-04 | Best_PSNR: 30.3033 in Epoch [256]
2022-07-18 17:59:56,414 INFO: Epoch: 257 | PSNR: 30.3031 | Loss: 5.4072 | lr: 2.50e-04 | Best_PSNR: 30.3033 in Epoch [256]
2022-07-18 18:01:23,004 INFO: Epoch: 258 | PSNR: 30.3035 | Loss: 5.3629 | lr: 2.50e-04 | Best_PSNR: 30.3035 in Epoch [258]
2022-07-18 18:02:56,245 INFO: Epoch: 259 | PSNR: 30.3040 | Loss: 5.3892 | lr: 2.50e-04 | Best_PSNR: 30.3040 in Epoch [259]
2022-07-18 18:04:25,172 INFO: Epoch: 260 | PSNR: 30.3041 | Loss: 5.4276 | lr: 2.50e-04 | Best_PSNR: 30.3041 in Epoch [260]
2022-07-18 18:05:53,135 INFO: Epoch: 261 | PSNR: 30.3040 | Loss: 5.4466 | lr: 2.50e-04 | Best_PSNR: 30.3041 in Epoch [260]
2022-07-18 18:07:18,382 INFO: Epoch: 262 | PSNR: 30.3050 | Loss: 5.4179 | lr: 2.50e-04 | Best_PSNR: 30.3050 in Epoch [262]
2022-07-18 18:08:53,179 INFO: Epoch: 263 | PSNR: 30.3046 | Loss: 5.4339 | lr: 2.50e-04 | Best_PSNR: 30.3050 in Epoch [262]
2022-07-18 18:10:11,749 INFO: Epoch: 264 | PSNR: 30.3047 | Loss: 5.4228 | lr: 2.50e-04 | Best_PSNR: 30.3050 in Epoch [262]
2022-07-18 18:11:38,518 INFO: Epoch: 265 | PSNR: 30.3046 | Loss: 5.4477 | lr: 2.50e-04 | Best_PSNR: 30.3050 in Epoch [262]
2022-07-18 18:13:01,844 INFO: Epoch: 266 | PSNR: 30.3055 | Loss: 5.3595 | lr: 2.50e-04 | Best_PSNR: 30.3055 in Epoch [266]
2022-07-18 18:14:20,793 INFO: Epoch: 267 | PSNR: 30.3057 | Loss: 5.4326 | lr: 2.50e-04 | Best_PSNR: 30.3057 in Epoch [267]
2022-07-18 18:15:42,682 INFO: Epoch: 268 | PSNR: 30.3054 | Loss: 5.3943 | lr: 2.50e-04 | Best_PSNR: 30.3057 in Epoch [267]
2022-07-18 18:16:55,454 INFO: Epoch: 269 | PSNR: 30.3056 | Loss: 5.4294 | lr: 2.50e-04 | Best_PSNR: 30.3057 in Epoch [267]
2022-07-18 18:18:18,725 INFO: Epoch: 270 | PSNR: 30.3053 | Loss: 5.3828 | lr: 2.50e-04 | Best_PSNR: 30.3057 in Epoch [267]
2022-07-18 18:19:45,426 INFO: Epoch: 271 | PSNR: 30.3053 | Loss: 5.4048 | lr: 2.50e-04 | Best_PSNR: 30.3057 in Epoch [267]
2022-07-18 18:21:03,830 INFO: Epoch: 272 | PSNR: 30.3060 | Loss: 5.4329 | lr: 2.50e-04 | Best_PSNR: 30.3060 in Epoch [272]
2022-07-18 18:22:28,225 INFO: Epoch: 273 | PSNR: 30.3063 | Loss: 5.3518 | lr: 2.50e-04 | Best_PSNR: 30.3063 in Epoch [273]
2022-07-18 18:23:53,582 INFO: Epoch: 274 | PSNR: 30.3066 | Loss: 5.4607 | lr: 2.50e-04 | Best_PSNR: 30.3066 in Epoch [274]
2022-07-18 18:25:11,202 INFO: Epoch: 275 | PSNR: 30.3065 | Loss: 5.4260 | lr: 2.50e-04 | Best_PSNR: 30.3066 in Epoch [274]
2022-07-18 18:26:36,692 INFO: Epoch: 276 | PSNR: 30.3064 | Loss: 5.3707 | lr: 2.50e-04 | Best_PSNR: 30.3066 in Epoch [274]
2022-07-18 18:27:53,794 INFO: Epoch: 277 | PSNR: 30.3061 | Loss: 5.3947 | lr: 2.50e-04 | Best_PSNR: 30.3066 in Epoch [274]
2022-07-18 18:29:33,738 INFO: Epoch: 278 | PSNR: 30.3065 | Loss: 5.3983 | lr: 2.50e-04 | Best_PSNR: 30.3066 in Epoch [274]
2022-07-18 18:31:33,291 INFO: Epoch: 279 | PSNR: 30.3069 | Loss: 5.4241 | lr: 2.50e-04 | Best_PSNR: 30.3069 in Epoch [279]
2022-07-18 18:32:30,821 INFO: Epoch: 280 | PSNR: 30.3077 | Loss: 5.3929 | lr: 2.50e-04 | Best_PSNR: 30.3077 in Epoch [280]
2022-07-18 18:33:42,512 INFO: Epoch: 281 | PSNR: 30.3080 | Loss: 5.3999 | lr: 2.50e-04 | Best_PSNR: 30.3080 in Epoch [281]
2022-07-18 18:34:52,343 INFO: Epoch: 282 | PSNR: 30.3076 | Loss: 5.4081 | lr: 2.50e-04 | Best_PSNR: 30.3080 in Epoch [281]
2022-07-18 18:36:03,233 INFO: Epoch: 283 | PSNR: 30.3071 | Loss: 5.3905 | lr: 2.50e-04 | Best_PSNR: 30.3080 in Epoch [281]
2022-07-18 18:37:16,666 INFO: Epoch: 284 | PSNR: 30.3066 | Loss: 5.3544 | lr: 2.50e-04 | Best_PSNR: 30.3080 in Epoch [281]
2022-07-18 18:38:32,653 INFO: Epoch: 285 | PSNR: 30.3066 | Loss: 5.4286 | lr: 2.50e-04 | Best_PSNR: 30.3080 in Epoch [281]
2022-07-18 18:39:57,104 INFO: Epoch: 286 | PSNR: 30.3078 | Loss: 5.4007 | lr: 2.50e-04 | Best_PSNR: 30.3080 in Epoch [281]
2022-07-18 18:41:30,036 INFO: Epoch: 287 | PSNR: 30.3083 | Loss: 5.3527 | lr: 2.50e-04 | Best_PSNR: 30.3083 in Epoch [287]
2022-07-18 18:42:47,150 INFO: Epoch: 288 | PSNR: 30.3081 | Loss: 5.3835 | lr: 2.50e-04 | Best_PSNR: 30.3083 in Epoch [287]
2022-07-18 18:44:11,233 INFO: Epoch: 289 | PSNR: 30.3080 | Loss: 5.3558 | lr: 2.50e-04 | Best_PSNR: 30.3083 in Epoch [287]
2022-07-18 18:45:27,746 INFO: Epoch: 290 | PSNR: 30.3084 | Loss: 5.4260 | lr: 2.50e-04 | Best_PSNR: 30.3084 in Epoch [290]
2022-07-18 18:46:38,680 INFO: Epoch: 291 | PSNR: 30.3078 | Loss: 5.4046 | lr: 2.50e-04 | Best_PSNR: 30.3084 in Epoch [290]
2022-07-18 18:47:50,141 INFO: Epoch: 292 | PSNR: 30.3087 | Loss: 5.4437 | lr: 2.50e-04 | Best_PSNR: 30.3087 in Epoch [292]
2022-07-18 18:49:01,090 INFO: Epoch: 293 | PSNR: 30.3082 | Loss: 5.3817 | lr: 2.50e-04 | Best_PSNR: 30.3087 in Epoch [292]
2022-07-18 18:50:12,314 INFO: Epoch: 294 | PSNR: 30.3080 | Loss: 5.3980 | lr: 2.50e-04 | Best_PSNR: 30.3087 in Epoch [292]
2022-07-18 18:51:32,781 INFO: Epoch: 295 | PSNR: 30.3080 | Loss: 5.4334 | lr: 2.50e-04 | Best_PSNR: 30.3087 in Epoch [292]
2022-07-18 18:53:02,234 INFO: Epoch: 296 | PSNR: 30.3086 | Loss: 5.4043 | lr: 2.50e-04 | Best_PSNR: 30.3087 in Epoch [292]
2022-07-18 18:54:19,963 INFO: Epoch: 297 | PSNR: 30.3092 | Loss: 5.4304 | lr: 2.50e-04 | Best_PSNR: 30.3092 in Epoch [297]
2022-07-18 18:55:43,546 INFO: Epoch: 298 | PSNR: 30.3096 | Loss: 5.4152 | lr: 2.50e-04 | Best_PSNR: 30.3096 in Epoch [298]
2022-07-18 18:57:13,031 INFO: Epoch: 299 | PSNR: 30.3096 | Loss: 5.4095 | lr: 2.50e-04 | Best_PSNR: 30.3096 in Epoch [299]
2022-07-18 18:58:42,497 INFO: Epoch: 300 | PSNR: 30.3098 | Loss: 5.4016 | lr: 2.50e-04 | Best_PSNR: 30.3098 in Epoch [300]
2022-07-18 18:59:36,668 INFO: Epoch: 301 | PSNR: 30.3096 | Loss: 5.4233 | lr: 2.50e-04 | Best_PSNR: 30.3098 in Epoch [300]
2022-07-18 19:00:42,668 INFO: Epoch: 302 | PSNR: 30.3098 | Loss: 5.4477 | lr: 2.50e-04 | Best_PSNR: 30.3098 in Epoch [300]
2022-07-18 19:01:58,372 INFO: Epoch: 303 | PSNR: 30.3096 | Loss: 5.4484 | lr: 2.50e-04 | Best_PSNR: 30.3098 in Epoch [300]
2022-07-18 19:03:15,461 INFO: Epoch: 304 | PSNR: 30.3095 | Loss: 5.3898 | lr: 2.50e-04 | Best_PSNR: 30.3098 in Epoch [300]
2022-07-18 19:04:28,387 INFO: Epoch: 305 | PSNR: 30.3091 | Loss: 5.4046 | lr: 2.50e-04 | Best_PSNR: 30.3098 in Epoch [300]
2022-07-18 19:05:24,471 INFO: Epoch: 306 | PSNR: 30.3095 | Loss: 5.3851 | lr: 2.50e-04 | Best_PSNR: 30.3098 in Epoch [300]
2022-07-18 19:06:16,740 INFO: Epoch: 307 | PSNR: 30.3099 | Loss: 5.4324 | lr: 2.50e-04 | Best_PSNR: 30.3099 in Epoch [307]
2022-07-18 19:07:11,783 INFO: Epoch: 308 | PSNR: 30.3102 | Loss: 5.4066 | lr: 2.50e-04 | Best_PSNR: 30.3102 in Epoch [308]
2022-07-18 19:08:05,606 INFO: Epoch: 309 | PSNR: 30.3104 | Loss: 5.4216 | lr: 2.50e-04 | Best_PSNR: 30.3104 in Epoch [309]
2022-07-18 19:09:03,740 INFO: Epoch: 310 | PSNR: 30.3107 | Loss: 5.3968 | lr: 2.50e-04 | Best_PSNR: 30.3107 in Epoch [310]
2022-07-18 19:10:11,604 INFO: Epoch: 311 | PSNR: 30.3112 | Loss: 5.3397 | lr: 2.50e-04 | Best_PSNR: 30.3112 in Epoch [311]
2022-07-18 19:11:22,101 INFO: Epoch: 312 | PSNR: 30.3112 | Loss: 5.4475 | lr: 2.50e-04 | Best_PSNR: 30.3112 in Epoch [311]
2022-07-18 19:12:41,344 INFO: Epoch: 313 | PSNR: 30.3105 | Loss: 5.3620 | lr: 2.50e-04 | Best_PSNR: 30.3112 in Epoch [311]
2022-07-18 19:13:56,007 INFO: Epoch: 314 | PSNR: 30.3104 | Loss: 5.4290 | lr: 2.50e-04 | Best_PSNR: 30.3112 in Epoch [311]
2022-07-18 19:15:16,195 INFO: Epoch: 315 | PSNR: 30.3107 | Loss: 5.4362 | lr: 2.50e-04 | Best_PSNR: 30.3112 in Epoch [311]
2022-07-18 19:16:37,878 INFO: Epoch: 316 | PSNR: 30.3116 | Loss: 5.4266 | lr: 2.50e-04 | Best_PSNR: 30.3116 in Epoch [316]
2022-07-18 19:17:54,490 INFO: Epoch: 317 | PSNR: 30.3113 | Loss: 5.4143 | lr: 2.50e-04 | Best_PSNR: 30.3116 in Epoch [316]
2022-07-18 19:18:59,703 INFO: Epoch: 318 | PSNR: 30.3106 | Loss: 5.4264 | lr: 2.50e-04 | Best_PSNR: 30.3116 in Epoch [316]
2022-07-18 19:20:21,902 INFO: Epoch: 319 | PSNR: 30.3106 | Loss: 5.4361 | lr: 2.50e-04 | Best_PSNR: 30.3116 in Epoch [316]
2022-07-18 19:21:42,468 INFO: Epoch: 320 | PSNR: 30.3111 | Loss: 5.3842 | lr: 2.50e-04 | Best_PSNR: 30.3116 in Epoch [316]
2022-07-18 19:23:02,092 INFO: Epoch: 321 | PSNR: 30.3113 | Loss: 5.4105 | lr: 2.50e-04 | Best_PSNR: 30.3116 in Epoch [316]
2022-07-18 19:23:59,019 INFO: Epoch: 322 | PSNR: 30.3112 | Loss: 5.3584 | lr: 2.50e-04 | Best_PSNR: 30.3116 in Epoch [316]
2022-07-18 19:24:58,058 INFO: Epoch: 323 | PSNR: 30.3114 | Loss: 5.3960 | lr: 2.50e-04 | Best_PSNR: 30.3116 in Epoch [316]
2022-07-18 19:26:14,081 INFO: Epoch: 324 | PSNR: 30.3114 | Loss: 5.4151 | lr: 2.50e-04 | Best_PSNR: 30.3116 in Epoch [316]
2022-07-18 19:27:28,355 INFO: Epoch: 325 | PSNR: 30.3122 | Loss: 5.4045 | lr: 2.50e-04 | Best_PSNR: 30.3122 in Epoch [325]
2022-07-18 19:28:39,207 INFO: Epoch: 326 | PSNR: 30.3127 | Loss: 5.4118 | lr: 2.50e-04 | Best_PSNR: 30.3127 in Epoch [326]
2022-07-18 19:29:41,941 INFO: Epoch: 327 | PSNR: 30.3122 | Loss: 5.3922 | lr: 2.50e-04 | Best_PSNR: 30.3127 in Epoch [326]
2022-07-18 19:30:49,993 INFO: Epoch: 328 | PSNR: 30.3116 | Loss: 5.4027 | lr: 2.50e-04 | Best_PSNR: 30.3127 in Epoch [326]
2022-07-18 19:31:55,053 INFO: Epoch: 329 | PSNR: 30.3115 | Loss: 5.4296 | lr: 2.50e-04 | Best_PSNR: 30.3127 in Epoch [326]
2022-07-18 19:33:05,312 INFO: Epoch: 330 | PSNR: 30.3116 | Loss: 5.4131 | lr: 2.50e-04 | Best_PSNR: 30.3127 in Epoch [326]
2022-07-18 19:34:18,813 INFO: Epoch: 331 | PSNR: 30.3110 | Loss: 5.4259 | lr: 2.50e-04 | Best_PSNR: 30.3127 in Epoch [326]
2022-07-18 19:35:33,128 INFO: Epoch: 332 | PSNR: 30.3115 | Loss: 5.3967 | lr: 2.50e-04 | Best_PSNR: 30.3127 in Epoch [326]
2022-07-18 19:36:41,425 INFO: Epoch: 333 | PSNR: 30.3111 | Loss: 5.3927 | lr: 2.50e-04 | Best_PSNR: 30.3127 in Epoch [326]
2022-07-18 19:37:53,252 INFO: Epoch: 334 | PSNR: 30.3109 | Loss: 5.4103 | lr: 2.50e-04 | Best_PSNR: 30.3127 in Epoch [326]
2022-07-18 19:39:02,643 INFO: Epoch: 335 | PSNR: 30.3111 | Loss: 5.3856 | lr: 2.50e-04 | Best_PSNR: 30.3127 in Epoch [326]
2022-07-18 19:40:11,047 INFO: Epoch: 336 | PSNR: 30.3107 | Loss: 5.4360 | lr: 2.50e-04 | Best_PSNR: 30.3127 in Epoch [326]
2022-07-18 19:41:28,544 INFO: Epoch: 337 | PSNR: 30.3105 | Loss: 5.4403 | lr: 2.50e-04 | Best_PSNR: 30.3127 in Epoch [326]
2022-07-18 19:42:38,385 INFO: Epoch: 338 | PSNR: 30.3112 | Loss: 5.4670 | lr: 2.50e-04 | Best_PSNR: 30.3127 in Epoch [326]
2022-07-18 19:43:48,429 INFO: Epoch: 339 | PSNR: 30.3110 | Loss: 5.4176 | lr: 2.50e-04 | Best_PSNR: 30.3127 in Epoch [326]
2022-07-18 19:44:58,822 INFO: Epoch: 340 | PSNR: 30.3116 | Loss: 5.4323 | lr: 2.50e-04 | Best_PSNR: 30.3127 in Epoch [326]
2022-07-18 19:46:09,408 INFO: Epoch: 341 | PSNR: 30.3119 | Loss: 5.4427 | lr: 2.50e-04 | Best_PSNR: 30.3127 in Epoch [326]
2022-07-18 19:47:18,384 INFO: Epoch: 342 | PSNR: 30.3116 | Loss: 5.4161 | lr: 2.50e-04 | Best_PSNR: 30.3127 in Epoch [326]
2022-07-18 19:48:28,292 INFO: Epoch: 343 | PSNR: 30.3114 | Loss: 5.4566 | lr: 2.50e-04 | Best_PSNR: 30.3127 in Epoch [326]
2022-07-18 19:49:40,588 INFO: Epoch: 344 | PSNR: 30.3121 | Loss: 5.4138 | lr: 2.50e-04 | Best_PSNR: 30.3127 in Epoch [326]
2022-07-18 19:50:55,688 INFO: Epoch: 345 | PSNR: 30.3123 | Loss: 5.3688 | lr: 2.50e-04 | Best_PSNR: 30.3127 in Epoch [326]
2022-07-18 19:52:19,042 INFO: Epoch: 346 | PSNR: 30.3129 | Loss: 5.4255 | lr: 2.50e-04 | Best_PSNR: 30.3129 in Epoch [346]
2022-07-18 19:53:31,339 INFO: Epoch: 347 | PSNR: 30.3130 | Loss: 5.4532 | lr: 2.50e-04 | Best_PSNR: 30.3130 in Epoch [347]
2022-07-18 19:54:38,976 INFO: Epoch: 348 | PSNR: 30.3123 | Loss: 5.4400 | lr: 2.50e-04 | Best_PSNR: 30.3130 in Epoch [347]
2022-07-18 19:55:49,129 INFO: Epoch: 349 | PSNR: 30.3125 | Loss: 5.4496 | lr: 2.50e-04 | Best_PSNR: 30.3130 in Epoch [347]
2022-07-18 19:57:02,816 INFO: Epoch: 350 | PSNR: 30.3128 | Loss: 5.3794 | lr: 2.50e-04 | Best_PSNR: 30.3130 in Epoch [347]
2022-07-18 19:58:26,277 INFO: Epoch: 351 | PSNR: 30.3132 | Loss: 5.4139 | lr: 2.50e-04 | Best_PSNR: 30.3132 in Epoch [351]
2022-07-18 19:59:37,718 INFO: Epoch: 352 | PSNR: 30.3127 | Loss: 5.4367 | lr: 2.50e-04 | Best_PSNR: 30.3132 in Epoch [351]
2022-07-18 20:00:46,719 INFO: Epoch: 353 | PSNR: 30.3127 | Loss: 5.4020 | lr: 2.50e-04 | Best_PSNR: 30.3132 in Epoch [351]
2022-07-18 20:01:54,833 INFO: Epoch: 354 | PSNR: 30.3128 | Loss: 5.4332 | lr: 2.50e-04 | Best_PSNR: 30.3132 in Epoch [351]
2022-07-18 20:03:04,702 INFO: Epoch: 355 | PSNR: 30.3135 | Loss: 5.3841 | lr: 2.50e-04 | Best_PSNR: 30.3135 in Epoch [355]
2022-07-18 20:04:14,423 INFO: Epoch: 356 | PSNR: 30.3137 | Loss: 5.3878 | lr: 2.50e-04 | Best_PSNR: 30.3137 in Epoch [356]
2022-07-18 20:05:29,344 INFO: Epoch: 357 | PSNR: 30.3138 | Loss: 5.4225 | lr: 2.50e-04 | Best_PSNR: 30.3138 in Epoch [357]
2022-07-18 20:06:46,366 INFO: Epoch: 358 | PSNR: 30.3134 | Loss: 5.4028 | lr: 2.50e-04 | Best_PSNR: 30.3138 in Epoch [357]
2022-07-18 20:08:00,570 INFO: Epoch: 359 | PSNR: 30.3129 | Loss: 5.4045 | lr: 2.50e-04 | Best_PSNR: 30.3138 in Epoch [357]
2022-07-18 20:09:12,296 INFO: Epoch: 360 | PSNR: 30.3131 | Loss: 5.3781 | lr: 2.50e-04 | Best_PSNR: 30.3138 in Epoch [357]
2022-07-18 20:10:28,011 INFO: Epoch: 361 | PSNR: 30.3137 | Loss: 5.3654 | lr: 1.25e-04 | Best_PSNR: 30.3138 in Epoch [357]
2022-07-18 20:11:40,447 INFO: Epoch: 362 | PSNR: 30.3144 | Loss: 5.4468 | lr: 1.25e-04 | Best_PSNR: 30.3144 in Epoch [362]
2022-07-18 20:12:53,251 INFO: Epoch: 363 | PSNR: 30.3148 | Loss: 5.4274 | lr: 1.25e-04 | Best_PSNR: 30.3148 in Epoch [363]
2022-07-18 20:14:14,972 INFO: Epoch: 364 | PSNR: 30.3142 | Loss: 5.4067 | lr: 1.25e-04 | Best_PSNR: 30.3148 in Epoch [363]
2022-07-18 20:15:47,882 INFO: Epoch: 365 | PSNR: 30.3149 | Loss: 5.4448 | lr: 1.25e-04 | Best_PSNR: 30.3149 in Epoch [365]
2022-07-18 20:17:11,525 INFO: Epoch: 366 | PSNR: 30.3150 | Loss: 5.3737 | lr: 1.25e-04 | Best_PSNR: 30.3150 in Epoch [366]
2022-07-18 20:18:13,460 INFO: Epoch: 367 | PSNR: 30.3149 | Loss: 5.4294 | lr: 1.25e-04 | Best_PSNR: 30.3150 in Epoch [366]
2022-07-18 20:19:22,545 INFO: Epoch: 368 | PSNR: 30.3154 | Loss: 5.3488 | lr: 1.25e-04 | Best_PSNR: 30.3154 in Epoch [368]
2022-07-18 20:20:34,752 INFO: Epoch: 369 | PSNR: 30.3160 | Loss: 5.4402 | lr: 1.25e-04 | Best_PSNR: 30.3160 in Epoch [369]
2022-07-18 20:21:43,871 INFO: Epoch: 370 | PSNR: 30.3165 | Loss: 5.3820 | lr: 1.25e-04 | Best_PSNR: 30.3165 in Epoch [370]
2022-07-18 20:22:58,031 INFO: Epoch: 371 | PSNR: 30.3161 | Loss: 5.3866 | lr: 1.25e-04 | Best_PSNR: 30.3165 in Epoch [370]
2022-07-18 20:24:22,016 INFO: Epoch: 372 | PSNR: 30.3161 | Loss: 5.3826 | lr: 1.25e-04 | Best_PSNR: 30.3165 in Epoch [370]
2022-07-18 20:25:40,316 INFO: Epoch: 373 | PSNR: 30.3167 | Loss: 5.4183 | lr: 1.25e-04 | Best_PSNR: 30.3167 in Epoch [373]
2022-07-18 20:26:54,989 INFO: Epoch: 374 | PSNR: 30.3166 | Loss: 5.3889 | lr: 1.25e-04 | Best_PSNR: 30.3167 in Epoch [373]
2022-07-18 20:28:08,914 INFO: Epoch: 375 | PSNR: 30.3163 | Loss: 5.3975 | lr: 1.25e-04 | Best_PSNR: 30.3167 in Epoch [373]
2022-07-18 20:29:20,599 INFO: Epoch: 376 | PSNR: 30.3163 | Loss: 5.3809 | lr: 1.25e-04 | Best_PSNR: 30.3167 in Epoch [373]
2022-07-18 20:30:30,143 INFO: Epoch: 377 | PSNR: 30.3162 | Loss: 5.4061 | lr: 1.25e-04 | Best_PSNR: 30.3167 in Epoch [373]
2022-07-18 20:31:42,198 INFO: Epoch: 378 | PSNR: 30.3167 | Loss: 5.4021 | lr: 1.25e-04 | Best_PSNR: 30.3167 in Epoch [378]
2022-07-18 20:32:54,708 INFO: Epoch: 379 | PSNR: 30.3167 | Loss: 5.3656 | lr: 1.25e-04 | Best_PSNR: 30.3167 in Epoch [379]
2022-07-18 20:34:11,130 INFO: Epoch: 380 | PSNR: 30.3162 | Loss: 5.4519 | lr: 1.25e-04 | Best_PSNR: 30.3167 in Epoch [379]
2022-07-18 20:35:29,382 INFO: Epoch: 381 | PSNR: 30.3165 | Loss: 5.4209 | lr: 1.25e-04 | Best_PSNR: 30.3167 in Epoch [379]
2022-07-18 20:36:40,220 INFO: Epoch: 382 | PSNR: 30.3162 | Loss: 5.4299 | lr: 1.25e-04 | Best_PSNR: 30.3167 in Epoch [379]
2022-07-18 20:37:56,961 INFO: Epoch: 383 | PSNR: 30.3167 | Loss: 5.4037 | lr: 1.25e-04 | Best_PSNR: 30.3167 in Epoch [379]
2022-07-18 20:39:07,025 INFO: Epoch: 384 | PSNR: 30.3171 | Loss: 5.3781 | lr: 1.25e-04 | Best_PSNR: 30.3171 in Epoch [384]
2022-07-18 20:40:22,224 INFO: Epoch: 385 | PSNR: 30.3174 | Loss: 5.4080 | lr: 1.25e-04 | Best_PSNR: 30.3174 in Epoch [385]
2022-07-18 20:41:34,852 INFO: Epoch: 386 | PSNR: 30.3172 | Loss: 5.3715 | lr: 1.25e-04 | Best_PSNR: 30.3174 in Epoch [385]
2022-07-18 20:42:46,025 INFO: Epoch: 387 | PSNR: 30.3167 | Loss: 5.4008 | lr: 1.25e-04 | Best_PSNR: 30.3174 in Epoch [385]
2022-07-18 20:44:03,236 INFO: Epoch: 388 | PSNR: 30.3171 | Loss: 5.4045 | lr: 1.25e-04 | Best_PSNR: 30.3174 in Epoch [385]
2022-07-18 20:45:15,375 INFO: Epoch: 389 | PSNR: 30.3161 | Loss: 5.3911 | lr: 1.25e-04 | Best_PSNR: 30.3174 in Epoch [385]
2022-07-18 20:46:23,648 INFO: Epoch: 390 | PSNR: 30.3161 | Loss: 5.3868 | lr: 1.25e-04 | Best_PSNR: 30.3174 in Epoch [385]
2022-07-18 20:47:30,903 INFO: Epoch: 391 | PSNR: 30.3165 | Loss: 5.3675 | lr: 1.25e-04 | Best_PSNR: 30.3174 in Epoch [385]
2022-07-18 20:48:46,325 INFO: Epoch: 392 | PSNR: 30.3165 | Loss: 5.3866 | lr: 1.25e-04 | Best_PSNR: 30.3174 in Epoch [385]
2022-07-18 20:50:01,187 INFO: Epoch: 393 | PSNR: 30.3170 | Loss: 5.4321 | lr: 1.25e-04 | Best_PSNR: 30.3174 in Epoch [385]
2022-07-18 20:51:12,775 INFO: Epoch: 394 | PSNR: 30.3172 | Loss: 5.3441 | lr: 1.25e-04 | Best_PSNR: 30.3174 in Epoch [385]
2022-07-18 20:52:24,689 INFO: Epoch: 395 | PSNR: 30.3172 | Loss: 5.3556 | lr: 1.25e-04 | Best_PSNR: 30.3174 in Epoch [385]
2022-07-18 20:53:31,222 INFO: Epoch: 396 | PSNR: 30.3167 | Loss: 5.4258 | lr: 1.25e-04 | Best_PSNR: 30.3174 in Epoch [385]
2022-07-18 20:54:41,122 INFO: Epoch: 397 | PSNR: 30.3165 | Loss: 5.3830 | lr: 1.25e-04 | Best_PSNR: 30.3174 in Epoch [385]
2022-07-18 20:56:00,594 INFO: Epoch: 398 | PSNR: 30.3164 | Loss: 5.3849 | lr: 1.25e-04 | Best_PSNR: 30.3174 in Epoch [385]
2022-07-18 20:57:12,239 INFO: Epoch: 399 | PSNR: 30.3164 | Loss: 5.4072 | lr: 1.25e-04 | Best_PSNR: 30.3174 in Epoch [385]
2022-07-18 20:58:27,092 INFO: Epoch: 400 | PSNR: 30.3168 | Loss: 5.4136 | lr: 1.25e-04 | Best_PSNR: 30.3174 in Epoch [385]
2022-07-18 20:59:38,266 INFO: Epoch: 401 | PSNR: 30.3173 | Loss: 5.3898 | lr: 1.25e-04 | Best_PSNR: 30.3174 in Epoch [385]
2022-07-18 21:00:52,111 INFO: Epoch: 402 | PSNR: 30.3172 | Loss: 5.4050 | lr: 1.25e-04 | Best_PSNR: 30.3174 in Epoch [385]
2022-07-18 21:02:23,340 INFO: Epoch: 403 | PSNR: 30.3177 | Loss: 5.4565 | lr: 1.25e-04 | Best_PSNR: 30.3177 in Epoch [403]
2022-07-18 21:03:55,158 INFO: Epoch: 404 | PSNR: 30.3173 | Loss: 5.3929 | lr: 1.25e-04 | Best_PSNR: 30.3177 in Epoch [403]
2022-07-18 21:05:22,350 INFO: Epoch: 405 | PSNR: 30.3173 | Loss: 5.4075 | lr: 1.25e-04 | Best_PSNR: 30.3177 in Epoch [403]
2022-07-18 21:06:49,530 INFO: Epoch: 406 | PSNR: 30.3179 | Loss: 5.3814 | lr: 1.25e-04 | Best_PSNR: 30.3179 in Epoch [406]
2022-07-18 21:08:10,602 INFO: Epoch: 407 | PSNR: 30.3179 | Loss: 5.4193 | lr: 1.25e-04 | Best_PSNR: 30.3179 in Epoch [407]
2022-07-18 21:09:33,633 INFO: Epoch: 408 | PSNR: 30.3177 | Loss: 5.4255 | lr: 1.25e-04 | Best_PSNR: 30.3179 in Epoch [407]
2022-07-18 21:10:46,081 INFO: Epoch: 409 | PSNR: 30.3177 | Loss: 5.3798 | lr: 1.25e-04 | Best_PSNR: 30.3179 in Epoch [407]
2022-07-18 21:12:11,655 INFO: Epoch: 410 | PSNR: 30.3176 | Loss: 5.4231 | lr: 1.25e-04 | Best_PSNR: 30.3179 in Epoch [407]
2022-07-18 21:13:27,675 INFO: Epoch: 411 | PSNR: 30.3180 | Loss: 5.3835 | lr: 1.25e-04 | Best_PSNR: 30.3180 in Epoch [411]
2022-07-18 21:14:42,196 INFO: Epoch: 412 | PSNR: 30.3180 | Loss: 5.4012 | lr: 1.25e-04 | Best_PSNR: 30.3180 in Epoch [412]
2022-07-18 21:15:55,499 INFO: Epoch: 413 | PSNR: 30.3181 | Loss: 5.4491 | lr: 1.25e-04 | Best_PSNR: 30.3181 in Epoch [413]
2022-07-18 21:17:05,466 INFO: Epoch: 414 | PSNR: 30.3177 | Loss: 5.3842 | lr: 1.25e-04 | Best_PSNR: 30.3181 in Epoch [413]
2022-07-18 21:18:19,597 INFO: Epoch: 415 | PSNR: 30.3175 | Loss: 5.4278 | lr: 1.25e-04 | Best_PSNR: 30.3181 in Epoch [413]
2022-07-18 21:19:11,356 INFO: Epoch: 416 | PSNR: 30.3173 | Loss: 5.4347 | lr: 1.25e-04 | Best_PSNR: 30.3181 in Epoch [413]
2022-07-18 21:20:04,755 INFO: Epoch: 417 | PSNR: 30.3172 | Loss: 5.3914 | lr: 1.25e-04 | Best_PSNR: 30.3181 in Epoch [413]
2022-07-18 21:20:55,614 INFO: Epoch: 418 | PSNR: 30.3180 | Loss: 5.4205 | lr: 1.25e-04 | Best_PSNR: 30.3181 in Epoch [413]
2022-07-18 21:21:46,601 INFO: Epoch: 419 | PSNR: 30.3178 | Loss: 5.4199 | lr: 1.25e-04 | Best_PSNR: 30.3181 in Epoch [413]
2022-07-18 21:22:37,432 INFO: Epoch: 420 | PSNR: 30.3181 | Loss: 5.3836 | lr: 1.25e-04 | Best_PSNR: 30.3181 in Epoch [420]
2022-07-18 21:23:27,361 INFO: Epoch: 421 | PSNR: 30.3189 | Loss: 5.3973 | lr: 1.25e-04 | Best_PSNR: 30.3189 in Epoch [421]
2022-07-18 21:24:15,518 INFO: Epoch: 422 | PSNR: 30.3187 | Loss: 5.4019 | lr: 1.25e-04 | Best_PSNR: 30.3189 in Epoch [421]
2022-07-18 21:25:04,509 INFO: Epoch: 423 | PSNR: 30.3187 | Loss: 5.4153 | lr: 1.25e-04 | Best_PSNR: 30.3189 in Epoch [421]
2022-07-18 21:25:53,849 INFO: Epoch: 424 | PSNR: 30.3182 | Loss: 5.4136 | lr: 1.25e-04 | Best_PSNR: 30.3189 in Epoch [421]
2022-07-18 21:26:42,306 INFO: Epoch: 425 | PSNR: 30.3184 | Loss: 5.4127 | lr: 1.25e-04 | Best_PSNR: 30.3189 in Epoch [421]
2022-07-18 21:27:31,393 INFO: Epoch: 426 | PSNR: 30.3178 | Loss: 5.3791 | lr: 1.25e-04 | Best_PSNR: 30.3189 in Epoch [421]
2022-07-18 21:28:21,708 INFO: Epoch: 427 | PSNR: 30.3173 | Loss: 5.3355 | lr: 1.25e-04 | Best_PSNR: 30.3189 in Epoch [421]
2022-07-18 21:29:12,453 INFO: Epoch: 428 | PSNR: 30.3179 | Loss: 5.4124 | lr: 1.25e-04 | Best_PSNR: 30.3189 in Epoch [421]
2022-07-18 21:30:08,972 INFO: Epoch: 429 | PSNR: 30.3183 | Loss: 5.3993 | lr: 1.25e-04 | Best_PSNR: 30.3189 in Epoch [421]
2022-07-18 21:31:00,136 INFO: Epoch: 430 | PSNR: 30.3183 | Loss: 5.4094 | lr: 1.25e-04 | Best_PSNR: 30.3189 in Epoch [421]
2022-07-18 21:31:52,341 INFO: Epoch: 431 | PSNR: 30.3185 | Loss: 5.4207 | lr: 1.25e-04 | Best_PSNR: 30.3189 in Epoch [421]
2022-07-18 21:32:41,098 INFO: Epoch: 432 | PSNR: 30.3183 | Loss: 5.3678 | lr: 1.25e-04 | Best_PSNR: 30.3189 in Epoch [421]
2022-07-18 21:33:32,901 INFO: Epoch: 433 | PSNR: 30.3189 | Loss: 5.4533 | lr: 1.25e-04 | Best_PSNR: 30.3189 in Epoch [433]
2022-07-18 21:34:22,168 INFO: Epoch: 434 | PSNR: 30.3189 | Loss: 5.3485 | lr: 1.25e-04 | Best_PSNR: 30.3189 in Epoch [434]
2022-07-18 21:35:12,438 INFO: Epoch: 435 | PSNR: 30.3193 | Loss: 5.4230 | lr: 1.25e-04 | Best_PSNR: 30.3193 in Epoch [435]
2022-07-18 21:36:00,276 INFO: Epoch: 436 | PSNR: 30.3188 | Loss: 5.3995 | lr: 1.25e-04 | Best_PSNR: 30.3193 in Epoch [435]
2022-07-18 21:36:49,741 INFO: Epoch: 437 | PSNR: 30.3186 | Loss: 5.4643 | lr: 1.25e-04 | Best_PSNR: 30.3193 in Epoch [435]
2022-07-18 21:37:41,122 INFO: Epoch: 438 | PSNR: 30.3188 | Loss: 5.4307 | lr: 1.25e-04 | Best_PSNR: 30.3193 in Epoch [435]
2022-07-18 21:38:32,864 INFO: Epoch: 439 | PSNR: 30.3182 | Loss: 5.3928 | lr: 1.25e-04 | Best_PSNR: 30.3193 in Epoch [435]
2022-07-18 21:39:25,584 INFO: Epoch: 440 | PSNR: 30.3183 | Loss: 5.3913 | lr: 1.25e-04 | Best_PSNR: 30.3193 in Epoch [435]
2022-07-18 21:40:16,795 INFO: Epoch: 441 | PSNR: 30.3190 | Loss: 5.4119 | lr: 1.25e-04 | Best_PSNR: 30.3193 in Epoch [435]
2022-07-18 21:41:08,316 INFO: Epoch: 442 | PSNR: 30.3192 | Loss: 5.4495 | lr: 1.25e-04 | Best_PSNR: 30.3193 in Epoch [435]
2022-07-18 21:41:59,415 INFO: Epoch: 443 | PSNR: 30.3192 | Loss: 5.4100 | lr: 1.25e-04 | Best_PSNR: 30.3193 in Epoch [435]
2022-07-18 21:42:52,855 INFO: Epoch: 444 | PSNR: 30.3196 | Loss: 5.3911 | lr: 1.25e-04 | Best_PSNR: 30.3196 in Epoch [444]
2022-07-18 21:43:43,460 INFO: Epoch: 445 | PSNR: 30.3195 | Loss: 5.4334 | lr: 1.25e-04 | Best_PSNR: 30.3196 in Epoch [444]
2022-07-18 21:44:38,631 INFO: Epoch: 446 | PSNR: 30.3195 | Loss: 5.4278 | lr: 1.25e-04 | Best_PSNR: 30.3196 in Epoch [444]
2022-07-18 21:45:27,040 INFO: Epoch: 447 | PSNR: 30.3189 | Loss: 5.3398 | lr: 1.25e-04 | Best_PSNR: 30.3196 in Epoch [444]
2022-07-18 21:46:16,736 INFO: Epoch: 448 | PSNR: 30.3186 | Loss: 5.4198 | lr: 1.25e-04 | Best_PSNR: 30.3196 in Epoch [444]
2022-07-18 21:47:06,991 INFO: Epoch: 449 | PSNR: 30.3185 | Loss: 5.3830 | lr: 1.25e-04 | Best_PSNR: 30.3196 in Epoch [444]
2022-07-18 21:47:56,392 INFO: Epoch: 450 | PSNR: 30.3189 | Loss: 5.3884 | lr: 1.25e-04 | Best_PSNR: 30.3196 in Epoch [444]
2022-07-18 21:48:44,637 INFO: Epoch: 451 | PSNR: 30.3187 | Loss: 5.4020 | lr: 1.25e-04 | Best_PSNR: 30.3196 in Epoch [444]
2022-07-18 21:49:36,808 INFO: Epoch: 452 | PSNR: 30.3191 | Loss: 5.3999 | lr: 1.25e-04 | Best_PSNR: 30.3196 in Epoch [444]
2022-07-18 21:50:26,793 INFO: Epoch: 453 | PSNR: 30.3193 | Loss: 5.3449 | lr: 1.25e-04 | Best_PSNR: 30.3196 in Epoch [444]
2022-07-18 21:51:20,408 INFO: Epoch: 454 | PSNR: 30.3189 | Loss: 5.4399 | lr: 1.25e-04 | Best_PSNR: 30.3196 in Epoch [444]
2022-07-18 21:52:14,214 INFO: Epoch: 455 | PSNR: 30.3195 | Loss: 5.3834 | lr: 1.25e-04 | Best_PSNR: 30.3196 in Epoch [444]
2022-07-18 21:53:09,768 INFO: Epoch: 456 | PSNR: 30.3192 | Loss: 5.4025 | lr: 1.25e-04 | Best_PSNR: 30.3196 in Epoch [444]
2022-07-18 21:53:59,576 INFO: Epoch: 457 | PSNR: 30.3193 | Loss: 5.3674 | lr: 1.25e-04 | Best_PSNR: 30.3196 in Epoch [444]
2022-07-18 21:54:49,344 INFO: Epoch: 458 | PSNR: 30.3186 | Loss: 5.3465 | lr: 1.25e-04 | Best_PSNR: 30.3196 in Epoch [444]
2022-07-18 21:55:38,005 INFO: Epoch: 459 | PSNR: 30.3193 | Loss: 5.4276 | lr: 1.25e-04 | Best_PSNR: 30.3196 in Epoch [444]
2022-07-18 21:56:28,616 INFO: Epoch: 460 | PSNR: 30.3193 | Loss: 5.3927 | lr: 1.25e-04 | Best_PSNR: 30.3196 in Epoch [444]
2022-07-18 21:57:16,075 INFO: Epoch: 461 | PSNR: 30.3196 | Loss: 5.3693 | lr: 1.25e-04 | Best_PSNR: 30.3196 in Epoch [444]
2022-07-18 21:58:05,616 INFO: Epoch: 462 | PSNR: 30.3199 | Loss: 5.4259 | lr: 1.25e-04 | Best_PSNR: 30.3199 in Epoch [462]
2022-07-18 21:58:58,383 INFO: Epoch: 463 | PSNR: 30.3201 | Loss: 5.4214 | lr: 1.25e-04 | Best_PSNR: 30.3201 in Epoch [463]
2022-07-18 21:59:49,163 INFO: Epoch: 464 | PSNR: 30.3207 | Loss: 5.3999 | lr: 1.25e-04 | Best_PSNR: 30.3207 in Epoch [464]
2022-07-18 22:00:47,474 INFO: Epoch: 465 | PSNR: 30.3206 | Loss: 5.3914 | lr: 1.25e-04 | Best_PSNR: 30.3207 in Epoch [464]
2022-07-18 22:01:39,618 INFO: Epoch: 466 | PSNR: 30.3206 | Loss: 5.4067 | lr: 1.25e-04 | Best_PSNR: 30.3207 in Epoch [464]
2022-07-18 22:02:30,044 INFO: Epoch: 467 | PSNR: 30.3206 | Loss: 5.3709 | lr: 1.25e-04 | Best_PSNR: 30.3207 in Epoch [464]
2022-07-18 22:03:23,874 INFO: Epoch: 468 | PSNR: 30.3201 | Loss: 5.3867 | lr: 1.25e-04 | Best_PSNR: 30.3207 in Epoch [464]
2022-07-18 22:04:35,473 INFO: Epoch: 469 | PSNR: 30.3198 | Loss: 5.4279 | lr: 1.25e-04 | Best_PSNR: 30.3207 in Epoch [464]
2022-07-18 22:05:36,170 INFO: Epoch: 470 | PSNR: 30.3202 | Loss: 5.4013 | lr: 1.25e-04 | Best_PSNR: 30.3207 in Epoch [464]
2022-07-18 22:06:39,382 INFO: Epoch: 471 | PSNR: 30.3203 | Loss: 5.3935 | lr: 1.25e-04 | Best_PSNR: 30.3207 in Epoch [464]
2022-07-18 22:07:52,632 INFO: Epoch: 472 | PSNR: 30.3197 | Loss: 5.3790 | lr: 1.25e-04 | Best_PSNR: 30.3207 in Epoch [464]
2022-07-18 22:09:03,749 INFO: Epoch: 473 | PSNR: 30.3197 | Loss: 5.3481 | lr: 1.25e-04 | Best_PSNR: 30.3207 in Epoch [464]
2022-07-18 22:10:03,943 INFO: Epoch: 474 | PSNR: 30.3198 | Loss: 5.4384 | lr: 1.25e-04 | Best_PSNR: 30.3207 in Epoch [464]
2022-07-18 22:11:12,379 INFO: Epoch: 475 | PSNR: 30.3200 | Loss: 5.3961 | lr: 1.25e-04 | Best_PSNR: 30.3207 in Epoch [464]
2022-07-18 22:12:26,463 INFO: Epoch: 476 | PSNR: 30.3200 | Loss: 5.3582 | lr: 1.25e-04 | Best_PSNR: 30.3207 in Epoch [464]
2022-07-18 22:13:45,141 INFO: Epoch: 477 | PSNR: 30.3201 | Loss: 5.3888 | lr: 1.25e-04 | Best_PSNR: 30.3207 in Epoch [464]
2022-07-18 22:14:56,525 INFO: Epoch: 478 | PSNR: 30.3202 | Loss: 5.3931 | lr: 1.25e-04 | Best_PSNR: 30.3207 in Epoch [464]
2022-07-18 22:15:58,999 INFO: Epoch: 479 | PSNR: 30.3202 | Loss: 5.4767 | lr: 1.25e-04 | Best_PSNR: 30.3207 in Epoch [464]
2022-07-18 22:16:59,703 INFO: Epoch: 480 | PSNR: 30.3204 | Loss: 5.4891 | lr: 1.25e-04 | Best_PSNR: 30.3207 in Epoch [464]
2022-07-18 22:18:14,401 INFO: Epoch: 481 | PSNR: 30.3205 | Loss: 5.4458 | lr: 6.25e-05 | Best_PSNR: 30.3207 in Epoch [464]
2022-07-18 22:19:36,613 INFO: Epoch: 482 | PSNR: 30.3209 | Loss: 5.4514 | lr: 6.25e-05 | Best_PSNR: 30.3209 in Epoch [482]
2022-07-18 22:20:50,618 INFO: Epoch: 483 | PSNR: 30.3208 | Loss: 5.4279 | lr: 6.25e-05 | Best_PSNR: 30.3209 in Epoch [482]
2022-07-18 22:21:57,493 INFO: Epoch: 484 | PSNR: 30.3206 | Loss: 5.3710 | lr: 6.25e-05 | Best_PSNR: 30.3209 in Epoch [482]
2022-07-18 22:23:05,159 INFO: Epoch: 485 | PSNR: 30.3212 | Loss: 5.4090 | lr: 6.25e-05 | Best_PSNR: 30.3212 in Epoch [485]
2022-07-18 22:24:20,841 INFO: Epoch: 486 | PSNR: 30.3213 | Loss: 5.3912 | lr: 6.25e-05 | Best_PSNR: 30.3213 in Epoch [486]
2022-07-18 22:25:39,264 INFO: Epoch: 487 | PSNR: 30.3212 | Loss: 5.3582 | lr: 6.25e-05 | Best_PSNR: 30.3213 in Epoch [486]
2022-07-18 22:26:46,997 INFO: Epoch: 488 | PSNR: 30.3218 | Loss: 5.3825 | lr: 6.25e-05 | Best_PSNR: 30.3218 in Epoch [488]
2022-07-18 22:28:02,098 INFO: Epoch: 489 | PSNR: 30.3212 | Loss: 5.3699 | lr: 6.25e-05 | Best_PSNR: 30.3218 in Epoch [488]
2022-07-18 22:29:15,652 INFO: Epoch: 490 | PSNR: 30.3216 | Loss: 5.4135 | lr: 6.25e-05 | Best_PSNR: 30.3218 in Epoch [488]
2022-07-18 22:30:31,864 INFO: Epoch: 491 | PSNR: 30.3215 | Loss: 5.4452 | lr: 6.25e-05 | Best_PSNR: 30.3218 in Epoch [488]
2022-07-18 22:31:48,396 INFO: Epoch: 492 | PSNR: 30.3215 | Loss: 5.4132 | lr: 6.25e-05 | Best_PSNR: 30.3218 in Epoch [488]
2022-07-18 22:33:04,861 INFO: Epoch: 493 | PSNR: 30.3215 | Loss: 5.3903 | lr: 6.25e-05 | Best_PSNR: 30.3218 in Epoch [488]
2022-07-18 22:34:12,496 INFO: Epoch: 494 | PSNR: 30.3215 | Loss: 5.4087 | lr: 6.25e-05 | Best_PSNR: 30.3218 in Epoch [488]
2022-07-18 22:35:12,648 INFO: Epoch: 495 | PSNR: 30.3215 | Loss: 5.3807 | lr: 6.25e-05 | Best_PSNR: 30.3218 in Epoch [488]
2022-07-18 22:36:16,498 INFO: Epoch: 496 | PSNR: 30.3215 | Loss: 5.4093 | lr: 6.25e-05 | Best_PSNR: 30.3218 in Epoch [488]
2022-07-18 22:37:37,606 INFO: Epoch: 497 | PSNR: 30.3217 | Loss: 5.4000 | lr: 6.25e-05 | Best_PSNR: 30.3218 in Epoch [488]
2022-07-18 22:38:55,928 INFO: Epoch: 498 | PSNR: 30.3223 | Loss: 5.3792 | lr: 6.25e-05 | Best_PSNR: 30.3223 in Epoch [498]
2022-07-18 22:40:10,673 INFO: Epoch: 499 | PSNR: 30.3218 | Loss: 5.3681 | lr: 6.25e-05 | Best_PSNR: 30.3223 in Epoch [498]
2022-07-18 22:41:21,623 INFO: Epoch: 500 | PSNR: 30.3216 | Loss: 5.3620 | lr: 6.25e-05 | Best_PSNR: 30.3223 in Epoch [498]
2022-07-18 22:42:27,542 INFO: Epoch: 501 | PSNR: 30.3216 | Loss: 5.4203 | lr: 6.25e-05 | Best_PSNR: 30.3223 in Epoch [498]
2022-07-18 22:43:50,799 INFO: Epoch: 502 | PSNR: 30.3215 | Loss: 5.3896 | lr: 6.25e-05 | Best_PSNR: 30.3223 in Epoch [498]
2022-07-18 22:45:06,312 INFO: Epoch: 503 | PSNR: 30.3214 | Loss: 5.4108 | lr: 6.25e-05 | Best_PSNR: 30.3223 in Epoch [498]
2022-07-18 22:46:20,468 INFO: Epoch: 504 | PSNR: 30.3217 | Loss: 5.3833 | lr: 6.25e-05 | Best_PSNR: 30.3223 in Epoch [498]
2022-07-18 22:47:36,355 INFO: Epoch: 505 | PSNR: 30.3222 | Loss: 5.4102 | lr: 6.25e-05 | Best_PSNR: 30.3223 in Epoch [498]
2022-07-18 22:48:43,991 INFO: Epoch: 506 | PSNR: 30.3220 | Loss: 5.3683 | lr: 6.25e-05 | Best_PSNR: 30.3223 in Epoch [498]
2022-07-18 22:49:50,942 INFO: Epoch: 507 | PSNR: 30.3221 | Loss: 5.4043 | lr: 6.25e-05 | Best_PSNR: 30.3223 in Epoch [498]
2022-07-18 22:50:59,972 INFO: Epoch: 508 | PSNR: 30.3223 | Loss: 5.3632 | lr: 6.25e-05 | Best_PSNR: 30.3223 in Epoch [508]
2022-07-18 22:52:12,373 INFO: Epoch: 509 | PSNR: 30.3220 | Loss: 5.4353 | lr: 6.25e-05 | Best_PSNR: 30.3223 in Epoch [508]
2022-07-18 22:53:24,830 INFO: Epoch: 510 | PSNR: 30.3218 | Loss: 5.3953 | lr: 6.25e-05 | Best_PSNR: 30.3223 in Epoch [508]
2022-07-18 22:54:25,896 INFO: Epoch: 511 | PSNR: 30.3216 | Loss: 5.4151 | lr: 6.25e-05 | Best_PSNR: 30.3223 in Epoch [508]
2022-07-18 22:55:24,831 INFO: Epoch: 512 | PSNR: 30.3222 | Loss: 5.3961 | lr: 6.25e-05 | Best_PSNR: 30.3223 in Epoch [508]
2022-07-18 22:56:47,331 INFO: Epoch: 513 | PSNR: 30.3221 | Loss: 5.3949 | lr: 6.25e-05 | Best_PSNR: 30.3223 in Epoch [508]
2022-07-18 22:58:20,624 INFO: Epoch: 514 | PSNR: 30.3228 | Loss: 5.3336 | lr: 6.25e-05 | Best_PSNR: 30.3228 in Epoch [514]
2022-07-18 22:59:33,227 INFO: Epoch: 515 | PSNR: 30.3225 | Loss: 5.3823 | lr: 6.25e-05 | Best_PSNR: 30.3228 in Epoch [514]
2022-07-18 23:00:40,404 INFO: Epoch: 516 | PSNR: 30.3222 | Loss: 5.4052 | lr: 6.25e-05 | Best_PSNR: 30.3228 in Epoch [514]
2022-07-18 23:01:47,830 INFO: Epoch: 517 | PSNR: 30.3219 | Loss: 5.4061 | lr: 6.25e-05 | Best_PSNR: 30.3228 in Epoch [514]
2022-07-18 23:03:05,520 INFO: Epoch: 518 | PSNR: 30.3216 | Loss: 5.3485 | lr: 6.25e-05 | Best_PSNR: 30.3228 in Epoch [514]
2022-07-18 23:04:19,891 INFO: Epoch: 519 | PSNR: 30.3222 | Loss: 5.4012 | lr: 6.25e-05 | Best_PSNR: 30.3228 in Epoch [514]
2022-07-18 23:05:31,938 INFO: Epoch: 520 | PSNR: 30.3223 | Loss: 5.4384 | lr: 6.25e-05 | Best_PSNR: 30.3228 in Epoch [514]
2022-07-18 23:06:50,366 INFO: Epoch: 521 | PSNR: 30.3223 | Loss: 5.4011 | lr: 6.25e-05 | Best_PSNR: 30.3228 in Epoch [514]
2022-07-18 23:08:00,544 INFO: Epoch: 522 | PSNR: 30.3223 | Loss: 5.3430 | lr: 6.25e-05 | Best_PSNR: 30.3228 in Epoch [514]
2022-07-18 23:09:16,860 INFO: Epoch: 523 | PSNR: 30.3227 | Loss: 5.3913 | lr: 6.25e-05 | Best_PSNR: 30.3228 in Epoch [514]
2022-07-18 23:10:36,111 INFO: Epoch: 524 | PSNR: 30.3220 | Loss: 5.3901 | lr: 6.25e-05 | Best_PSNR: 30.3228 in Epoch [514]
2022-07-18 23:11:56,558 INFO: Epoch: 525 | PSNR: 30.3219 | Loss: 5.4189 | lr: 6.25e-05 | Best_PSNR: 30.3228 in Epoch [514]
2022-07-18 23:13:14,253 INFO: Epoch: 526 | PSNR: 30.3225 | Loss: 5.3820 | lr: 6.25e-05 | Best_PSNR: 30.3228 in Epoch [514]
2022-07-18 23:14:22,159 INFO: Epoch: 527 | PSNR: 30.3222 | Loss: 5.4110 | lr: 6.25e-05 | Best_PSNR: 30.3228 in Epoch [514]
2022-07-18 23:15:36,151 INFO: Epoch: 528 | PSNR: 30.3230 | Loss: 5.3961 | lr: 6.25e-05 | Best_PSNR: 30.3230 in Epoch [528]
2022-07-18 23:16:59,021 INFO: Epoch: 529 | PSNR: 30.3222 | Loss: 5.4213 | lr: 6.25e-05 | Best_PSNR: 30.3230 in Epoch [528]
2022-07-18 23:18:08,463 INFO: Epoch: 530 | PSNR: 30.3222 | Loss: 5.3947 | lr: 6.25e-05 | Best_PSNR: 30.3230 in Epoch [528]
2022-07-18 23:19:18,012 INFO: Epoch: 531 | PSNR: 30.3221 | Loss: 5.4269 | lr: 6.25e-05 | Best_PSNR: 30.3230 in Epoch [528]
2022-07-18 23:20:26,976 INFO: Epoch: 532 | PSNR: 30.3218 | Loss: 5.3896 | lr: 6.25e-05 | Best_PSNR: 30.3230 in Epoch [528]
2022-07-18 23:21:27,041 INFO: Epoch: 533 | PSNR: 30.3228 | Loss: 5.4224 | lr: 6.25e-05 | Best_PSNR: 30.3230 in Epoch [528]
2022-07-18 23:22:46,065 INFO: Epoch: 534 | PSNR: 30.3225 | Loss: 5.4185 | lr: 6.25e-05 | Best_PSNR: 30.3230 in Epoch [528]
2022-07-18 23:24:17,425 INFO: Epoch: 535 | PSNR: 30.3225 | Loss: 5.3829 | lr: 6.25e-05 | Best_PSNR: 30.3230 in Epoch [528]
2022-07-18 23:25:45,350 INFO: Epoch: 536 | PSNR: 30.3224 | Loss: 5.4442 | lr: 6.25e-05 | Best_PSNR: 30.3230 in Epoch [528]
2022-07-18 23:27:16,145 INFO: Epoch: 537 | PSNR: 30.3226 | Loss: 5.3853 | lr: 6.25e-05 | Best_PSNR: 30.3230 in Epoch [528]
2022-07-18 23:28:34,276 INFO: Epoch: 538 | PSNR: 30.3229 | Loss: 5.4036 | lr: 6.25e-05 | Best_PSNR: 30.3230 in Epoch [528]
2022-07-18 23:29:44,656 INFO: Epoch: 539 | PSNR: 30.3232 | Loss: 5.4077 | lr: 6.25e-05 | Best_PSNR: 30.3232 in Epoch [539]
2022-07-18 23:30:52,174 INFO: Epoch: 540 | PSNR: 30.3230 | Loss: 5.3507 | lr: 6.25e-05 | Best_PSNR: 30.3232 in Epoch [539]
2022-07-18 23:32:09,043 INFO: Epoch: 541 | PSNR: 30.3225 | Loss: 5.4531 | lr: 6.25e-05 | Best_PSNR: 30.3232 in Epoch [539]
2022-07-18 23:33:19,397 INFO: Epoch: 542 | PSNR: 30.3225 | Loss: 5.3755 | lr: 6.25e-05 | Best_PSNR: 30.3232 in Epoch [539]
2022-07-18 23:34:25,359 INFO: Epoch: 543 | PSNR: 30.3220 | Loss: 5.3741 | lr: 6.25e-05 | Best_PSNR: 30.3232 in Epoch [539]
2022-07-18 23:35:20,592 INFO: Epoch: 544 | PSNR: 30.3222 | Loss: 5.3859 | lr: 6.25e-05 | Best_PSNR: 30.3232 in Epoch [539]
2022-07-18 23:36:31,068 INFO: Epoch: 545 | PSNR: 30.3222 | Loss: 5.3818 | lr: 6.25e-05 | Best_PSNR: 30.3232 in Epoch [539]
2022-07-18 23:37:41,416 INFO: Epoch: 546 | PSNR: 30.3222 | Loss: 5.3943 | lr: 6.25e-05 | Best_PSNR: 30.3232 in Epoch [539]
2022-07-18 23:38:54,759 INFO: Epoch: 547 | PSNR: 30.3228 | Loss: 5.4194 | lr: 6.25e-05 | Best_PSNR: 30.3232 in Epoch [539]
2022-07-18 23:40:06,645 INFO: Epoch: 548 | PSNR: 30.3228 | Loss: 5.3210 | lr: 6.25e-05 | Best_PSNR: 30.3232 in Epoch [539]
2022-07-18 23:41:17,343 INFO: Epoch: 549 | PSNR: 30.3228 | Loss: 5.3962 | lr: 6.25e-05 | Best_PSNR: 30.3232 in Epoch [539]
2022-07-18 23:42:18,989 INFO: Epoch: 550 | PSNR: 30.3228 | Loss: 5.4236 | lr: 6.25e-05 | Best_PSNR: 30.3232 in Epoch [539]
2022-07-18 23:43:36,742 INFO: Epoch: 551 | PSNR: 30.3224 | Loss: 5.4149 | lr: 6.25e-05 | Best_PSNR: 30.3232 in Epoch [539]
2022-07-18 23:44:55,014 INFO: Epoch: 552 | PSNR: 30.3225 | Loss: 5.3876 | lr: 6.25e-05 | Best_PSNR: 30.3232 in Epoch [539]
2022-07-18 23:46:10,961 INFO: Epoch: 553 | PSNR: 30.3225 | Loss: 5.4055 | lr: 6.25e-05 | Best_PSNR: 30.3232 in Epoch [539]
2022-07-18 23:47:34,705 INFO: Epoch: 554 | PSNR: 30.3228 | Loss: 5.3895 | lr: 6.25e-05 | Best_PSNR: 30.3232 in Epoch [539]
2022-07-18 23:48:46,788 INFO: Epoch: 555 | PSNR: 30.3233 | Loss: 5.4578 | lr: 6.25e-05 | Best_PSNR: 30.3233 in Epoch [555]
2022-07-18 23:49:52,439 INFO: Epoch: 556 | PSNR: 30.3237 | Loss: 5.3530 | lr: 6.25e-05 | Best_PSNR: 30.3237 in Epoch [556]
2022-07-18 23:51:11,059 INFO: Epoch: 557 | PSNR: 30.3234 | Loss: 5.4231 | lr: 6.25e-05 | Best_PSNR: 30.3237 in Epoch [556]
2022-07-18 23:52:22,174 INFO: Epoch: 558 | PSNR: 30.3235 | Loss: 5.3885 | lr: 6.25e-05 | Best_PSNR: 30.3237 in Epoch [556]
2022-07-18 23:53:39,046 INFO: Epoch: 559 | PSNR: 30.3233 | Loss: 5.3828 | lr: 6.25e-05 | Best_PSNR: 30.3237 in Epoch [556]
2022-07-18 23:54:51,535 INFO: Epoch: 560 | PSNR: 30.3234 | Loss: 5.4402 | lr: 6.25e-05 | Best_PSNR: 30.3237 in Epoch [556]
2022-07-18 23:56:01,892 INFO: Epoch: 561 | PSNR: 30.3230 | Loss: 5.3956 | lr: 6.25e-05 | Best_PSNR: 30.3237 in Epoch [556]
2022-07-18 23:57:15,057 INFO: Epoch: 562 | PSNR: 30.3232 | Loss: 5.4395 | lr: 6.25e-05 | Best_PSNR: 30.3237 in Epoch [556]
2022-07-18 23:58:42,612 INFO: Epoch: 563 | PSNR: 30.3234 | Loss: 5.4020 | lr: 6.25e-05 | Best_PSNR: 30.3237 in Epoch [556]
2022-07-18 23:59:53,049 INFO: Epoch: 564 | PSNR: 30.3235 | Loss: 5.4076 | lr: 6.25e-05 | Best_PSNR: 30.3237 in Epoch [556]
2022-07-19 00:01:03,145 INFO: Epoch: 565 | PSNR: 30.3229 | Loss: 5.3550 | lr: 6.25e-05 | Best_PSNR: 30.3237 in Epoch [556]
2022-07-19 00:02:14,790 INFO: Epoch: 566 | PSNR: 30.3234 | Loss: 5.3695 | lr: 6.25e-05 | Best_PSNR: 30.3237 in Epoch [556]
2022-07-19 00:03:28,742 INFO: Epoch: 567 | PSNR: 30.3235 | Loss: 5.4395 | lr: 6.25e-05 | Best_PSNR: 30.3237 in Epoch [556]
2022-07-19 00:04:43,875 INFO: Epoch: 568 | PSNR: 30.3232 | Loss: 5.3778 | lr: 6.25e-05 | Best_PSNR: 30.3237 in Epoch [556]
2022-07-19 00:05:59,568 INFO: Epoch: 569 | PSNR: 30.3233 | Loss: 5.3863 | lr: 6.25e-05 | Best_PSNR: 30.3237 in Epoch [556]
2022-07-19 00:07:00,413 INFO: Epoch: 570 | PSNR: 30.3230 | Loss: 5.3887 | lr: 6.25e-05 | Best_PSNR: 30.3237 in Epoch [556]
2022-07-19 00:08:01,702 INFO: Epoch: 571 | PSNR: 30.3228 | Loss: 5.3578 | lr: 6.25e-05 | Best_PSNR: 30.3237 in Epoch [556]
2022-07-19 00:09:09,800 INFO: Epoch: 572 | PSNR: 30.3236 | Loss: 5.3801 | lr: 6.25e-05 | Best_PSNR: 30.3237 in Epoch [556]
2022-07-19 00:10:27,153 INFO: Epoch: 573 | PSNR: 30.3239 | Loss: 5.3510 | lr: 6.25e-05 | Best_PSNR: 30.3239 in Epoch [573]
2022-07-19 00:11:47,372 INFO: Epoch: 574 | PSNR: 30.3235 | Loss: 5.3807 | lr: 6.25e-05 | Best_PSNR: 30.3239 in Epoch [573]
2022-07-19 00:13:05,579 INFO: Epoch: 575 | PSNR: 30.3233 | Loss: 5.4182 | lr: 6.25e-05 | Best_PSNR: 30.3239 in Epoch [573]
2022-07-19 00:14:14,126 INFO: Epoch: 576 | PSNR: 30.3235 | Loss: 5.3550 | lr: 6.25e-05 | Best_PSNR: 30.3239 in Epoch [573]
2022-07-19 00:15:24,646 INFO: Epoch: 577 | PSNR: 30.3234 | Loss: 5.4034 | lr: 6.25e-05 | Best_PSNR: 30.3239 in Epoch [573]
2022-07-19 00:16:36,429 INFO: Epoch: 578 | PSNR: 30.3227 | Loss: 5.4487 | lr: 6.25e-05 | Best_PSNR: 30.3239 in Epoch [573]
2022-07-19 00:17:43,379 INFO: Epoch: 579 | PSNR: 30.3227 | Loss: 5.4239 | lr: 6.25e-05 | Best_PSNR: 30.3239 in Epoch [573]
2022-07-19 00:18:49,905 INFO: Epoch: 580 | PSNR: 30.3225 | Loss: 5.3691 | lr: 6.25e-05 | Best_PSNR: 30.3239 in Epoch [573]
2022-07-19 00:20:04,894 INFO: Epoch: 581 | PSNR: 30.3229 | Loss: 5.4149 | lr: 6.25e-05 | Best_PSNR: 30.3239 in Epoch [573]
2022-07-19 00:21:10,829 INFO: Epoch: 582 | PSNR: 30.3230 | Loss: 5.3779 | lr: 6.25e-05 | Best_PSNR: 30.3239 in Epoch [573]
2022-07-19 00:22:16,614 INFO: Epoch: 583 | PSNR: 30.3233 | Loss: 5.3627 | lr: 6.25e-05 | Best_PSNR: 30.3239 in Epoch [573]
2022-07-19 00:23:19,216 INFO: Epoch: 584 | PSNR: 30.3234 | Loss: 5.3883 | lr: 6.25e-05 | Best_PSNR: 30.3239 in Epoch [573]
2022-07-19 00:24:28,819 INFO: Epoch: 585 | PSNR: 30.3238 | Loss: 5.3455 | lr: 6.25e-05 | Best_PSNR: 30.3239 in Epoch [573]
2022-07-19 00:25:44,333 INFO: Epoch: 586 | PSNR: 30.3236 | Loss: 5.3724 | lr: 6.25e-05 | Best_PSNR: 30.3239 in Epoch [573]
2022-07-19 00:26:58,578 INFO: Epoch: 587 | PSNR: 30.3235 | Loss: 5.4625 | lr: 6.25e-05 | Best_PSNR: 30.3239 in Epoch [573]
2022-07-19 00:28:11,910 INFO: Epoch: 588 | PSNR: 30.3241 | Loss: 5.3952 | lr: 6.25e-05 | Best_PSNR: 30.3241 in Epoch [588]
2022-07-19 00:29:19,964 INFO: Epoch: 589 | PSNR: 30.3242 | Loss: 5.4033 | lr: 6.25e-05 | Best_PSNR: 30.3242 in Epoch [589]
2022-07-19 00:30:32,800 INFO: Epoch: 590 | PSNR: 30.3242 | Loss: 5.4287 | lr: 6.25e-05 | Best_PSNR: 30.3242 in Epoch [590]
2022-07-19 00:31:45,424 INFO: Epoch: 591 | PSNR: 30.3238 | Loss: 5.4388 | lr: 6.25e-05 | Best_PSNR: 30.3242 in Epoch [590]
2022-07-19 00:33:00,611 INFO: Epoch: 592 | PSNR: 30.3238 | Loss: 5.3975 | lr: 6.25e-05 | Best_PSNR: 30.3242 in Epoch [590]
2022-07-19 00:34:17,558 INFO: Epoch: 593 | PSNR: 30.3236 | Loss: 5.3809 | lr: 6.25e-05 | Best_PSNR: 30.3242 in Epoch [590]
2022-07-19 00:35:25,729 INFO: Epoch: 594 | PSNR: 30.3242 | Loss: 5.4057 | lr: 6.25e-05 | Best_PSNR: 30.3242 in Epoch [590]
2022-07-19 00:36:32,589 INFO: Epoch: 595 | PSNR: 30.3236 | Loss: 5.3955 | lr: 6.25e-05 | Best_PSNR: 30.3242 in Epoch [590]
2022-07-19 00:37:40,432 INFO: Epoch: 596 | PSNR: 30.3239 | Loss: 5.3634 | lr: 6.25e-05 | Best_PSNR: 30.3242 in Epoch [590]
2022-07-19 00:38:49,113 INFO: Epoch: 597 | PSNR: 30.3237 | Loss: 5.3386 | lr: 6.25e-05 | Best_PSNR: 30.3242 in Epoch [590]
2022-07-19 00:40:03,690 INFO: Epoch: 598 | PSNR: 30.3238 | Loss: 5.4309 | lr: 6.25e-05 | Best_PSNR: 30.3242 in Epoch [590]
2022-07-19 00:41:15,954 INFO: Epoch: 599 | PSNR: 30.3244 | Loss: 5.4192 | lr: 6.25e-05 | Best_PSNR: 30.3244 in Epoch [599]
2022-07-19 00:42:26,893 INFO: Epoch: 600 | PSNR: 30.3242 | Loss: 5.4243 | lr: 6.25e-05 | Best_PSNR: 30.3244 in Epoch [599]
