2022-07-14 00:48:38,758 INFO: Create train dataset successfully!
2022-07-14 00:48:38,758 INFO: Training: [1000] iterations for each epoch
2022-07-14 00:48:38,758 INFO: Create val dataset successfully!
2022-07-14 00:48:38,758 INFO: Validating: [100] iterations for each epoch
2022-07-14 00:48:38,758 INFO: Preparing for experiment: [trial7_qat]
2022-07-14 00:48:38,758 INFO: Loading pretrained model ...
2022-07-14 00:48:43,217 INFO: Start copying weights and annotate Lambda layer...
2022-07-14 00:48:43,296 INFO: Start annotating other parts of model...
2022-07-14 00:48:43,329 INFO: Creating quantize-aware model...
2022-07-14 00:48:44,845 INFO: Create model successfully! Params: [37.04]K
2022-07-14 00:48:44,845 INFO: Model: "model"
2022-07-14 00:48:44,845 INFO: __________________________________________________________________________________________________
2022-07-14 00:48:44,845 INFO: Layer (type)                    Output Shape         Param #     Connected to                     
2022-07-14 00:48:44,845 INFO: ==================================================================================================
2022-07-14 00:48:44,845 INFO: input_1 (InputLayer)            [(None, None, None,  0                                            
2022-07-14 00:48:44,845 INFO: __________________________________________________________________________________________________
2022-07-14 00:48:44,845 INFO: quantize_layer (QuantizeLayer)  (None, None, None, 3 3           input_1[0][0]                    
2022-07-14 00:48:44,845 INFO: __________________________________________________________________________________________________
2022-07-14 00:48:44,845 INFO: quant_conv2d (QuantizeWrapperV2 (None, None, None, 2 843         quantize_layer[1][0]             
2022-07-14 00:48:44,845 INFO: __________________________________________________________________________________________________
2022-07-14 00:48:44,846 INFO: quant_conv2d_1 (QuantizeWrapper (None, None, None, 2 7143        quant_conv2d[0][0]               
2022-07-14 00:48:44,846 INFO: __________________________________________________________________________________________________
2022-07-14 00:48:44,846 INFO: quant_conv2d_2 (QuantizeWrapper (None, None, None, 2 7143        quant_conv2d_1[0][0]             
2022-07-14 00:48:44,846 INFO: __________________________________________________________________________________________________
2022-07-14 00:48:44,846 INFO: quant_conv2d_3 (QuantizeWrapper (None, None, None, 2 7143        quant_conv2d_2[0][0]             
2022-07-14 00:48:44,846 INFO: __________________________________________________________________________________________________
2022-07-14 00:48:44,846 INFO: quant_conv2d_4 (QuantizeWrapper (None, None, None, 2 7143        quant_conv2d_3[0][0]             
2022-07-14 00:48:44,846 INFO: __________________________________________________________________________________________________
2022-07-14 00:48:44,846 INFO: quant_concatenate (QuantizeWrap (None, None, None, 3 3           quant_conv2d_4[0][0]             
2022-07-14 00:48:44,846 INFO:                                                                  quantize_layer[1][0]             
2022-07-14 00:48:44,846 INFO: __________________________________________________________________________________________________
2022-07-14 00:48:44,846 INFO: quant_simulation_residual (Quan (None, None, None, 2 7617        quant_concatenate[0][0]          
2022-07-14 00:48:44,846 INFO: __________________________________________________________________________________________________
2022-07-14 00:48:44,846 INFO: quant_lambda (QuantizeWrapperV2 (None, None, None, 3 1           quant_simulation_residual[0][0]  
2022-07-14 00:48:44,847 INFO: ==================================================================================================
2022-07-14 00:48:44,847 INFO: Total params: 37,039
2022-07-14 00:48:44,847 INFO: Trainable params: 36,680
2022-07-14 00:48:44,847 INFO: Non-trainable params: 359
2022-07-14 00:48:44,847 INFO: __________________________________________________________________________________________________
2022-07-14 00:48:44,848 INFO: Start training...
2022-07-14 00:49:42,933 INFO: Epoch: 1 | PSNR: 14.9390 | Loss: 74.8922 | lr: 1.00e-03 | Best_PSNR: 14.9390 in Epoch [1]
2022-07-14 00:50:38,736 INFO: Epoch: 2 | PSNR: 28.2118 | Loss: 15.1843 | lr: 1.00e-03 | Best_PSNR: 28.2118 in Epoch [2]
2022-07-14 00:51:27,683 INFO: Epoch: 3 | PSNR: 29.8035 | Loss: 6.0811 | lr: 1.00e-03 | Best_PSNR: 29.8035 in Epoch [3]
2022-07-14 00:52:20,617 INFO: Epoch: 4 | PSNR: 30.0068 | Loss: 5.6959 | lr: 1.00e-03 | Best_PSNR: 30.0068 in Epoch [4]
2022-07-14 00:53:09,935 INFO: Epoch: 5 | PSNR: 30.0155 | Loss: 5.6391 | lr: 1.00e-03 | Best_PSNR: 30.0155 in Epoch [5]
2022-07-14 00:53:59,225 INFO: Epoch: 6 | PSNR: 30.0396 | Loss: 5.6175 | lr: 1.00e-03 | Best_PSNR: 30.0396 in Epoch [6]
2022-07-14 00:54:47,851 INFO: Epoch: 7 | PSNR: 30.0409 | Loss: 5.6644 | lr: 1.00e-03 | Best_PSNR: 30.0409 in Epoch [7]
2022-07-14 00:55:37,029 INFO: Epoch: 8 | PSNR: 30.0485 | Loss: 5.6192 | lr: 1.00e-03 | Best_PSNR: 30.0485 in Epoch [8]
2022-07-14 00:56:23,679 INFO: Epoch: 9 | PSNR: 30.0430 | Loss: 5.6089 | lr: 1.00e-03 | Best_PSNR: 30.0485 in Epoch [8]
2022-07-14 00:57:10,434 INFO: Epoch: 10 | PSNR: 30.0518 | Loss: 5.6594 | lr: 1.00e-03 | Best_PSNR: 30.0518 in Epoch [10]
2022-07-14 00:57:58,487 INFO: Epoch: 11 | PSNR: 30.0518 | Loss: 5.6424 | lr: 1.00e-03 | Best_PSNR: 30.0518 in Epoch [11]
2022-07-14 00:58:47,386 INFO: Epoch: 12 | PSNR: 30.0563 | Loss: 5.6196 | lr: 1.00e-03 | Best_PSNR: 30.0563 in Epoch [12]
2022-07-14 00:59:34,322 INFO: Epoch: 13 | PSNR: 30.0551 | Loss: 5.6099 | lr: 1.00e-03 | Best_PSNR: 30.0563 in Epoch [12]
2022-07-14 01:00:22,819 INFO: Epoch: 14 | PSNR: 30.0605 | Loss: 5.6583 | lr: 1.00e-03 | Best_PSNR: 30.0605 in Epoch [14]
2022-07-14 01:01:11,339 INFO: Epoch: 15 | PSNR: 30.0624 | Loss: 5.6354 | lr: 1.00e-03 | Best_PSNR: 30.0624 in Epoch [15]
2022-07-14 01:01:59,390 INFO: Epoch: 16 | PSNR: 30.0537 | Loss: 5.6361 | lr: 1.00e-03 | Best_PSNR: 30.0624 in Epoch [15]
2022-07-14 01:02:46,492 INFO: Epoch: 17 | PSNR: 30.0628 | Loss: 5.6412 | lr: 1.00e-03 | Best_PSNR: 30.0628 in Epoch [17]
2022-07-14 01:03:34,130 INFO: Epoch: 18 | PSNR: 30.0622 | Loss: 5.6410 | lr: 1.00e-03 | Best_PSNR: 30.0628 in Epoch [17]
2022-07-14 01:04:21,087 INFO: Epoch: 19 | PSNR: 30.0595 | Loss: 5.6198 | lr: 1.00e-03 | Best_PSNR: 30.0628 in Epoch [17]
2022-07-14 01:05:08,199 INFO: Epoch: 20 | PSNR: 30.0622 | Loss: 5.6043 | lr: 1.00e-03 | Best_PSNR: 30.0628 in Epoch [17]
2022-07-14 01:05:57,129 INFO: Epoch: 21 | PSNR: 30.0636 | Loss: 5.6283 | lr: 1.00e-03 | Best_PSNR: 30.0636 in Epoch [21]
2022-07-14 01:06:45,315 INFO: Epoch: 22 | PSNR: 30.0633 | Loss: 5.6064 | lr: 1.00e-03 | Best_PSNR: 30.0636 in Epoch [21]
2022-07-14 01:07:33,534 INFO: Epoch: 23 | PSNR: 30.0643 | Loss: 5.5869 | lr: 1.00e-03 | Best_PSNR: 30.0643 in Epoch [23]
2022-07-14 01:08:20,300 INFO: Epoch: 24 | PSNR: 30.0607 | Loss: 5.6207 | lr: 1.00e-03 | Best_PSNR: 30.0643 in Epoch [23]
2022-07-14 01:09:08,157 INFO: Epoch: 25 | PSNR: 30.0616 | Loss: 5.6525 | lr: 1.00e-03 | Best_PSNR: 30.0643 in Epoch [23]
2022-07-14 01:09:55,620 INFO: Epoch: 26 | PSNR: 30.0544 | Loss: 5.6275 | lr: 1.00e-03 | Best_PSNR: 30.0643 in Epoch [23]
2022-07-14 01:10:42,990 INFO: Epoch: 27 | PSNR: 30.0606 | Loss: 5.5898 | lr: 1.00e-03 | Best_PSNR: 30.0643 in Epoch [23]
2022-07-14 01:11:29,741 INFO: Epoch: 28 | PSNR: 30.0587 | Loss: 5.6266 | lr: 1.00e-03 | Best_PSNR: 30.0643 in Epoch [23]
2022-07-14 01:12:19,634 INFO: Epoch: 29 | PSNR: 30.0644 | Loss: 5.5866 | lr: 1.00e-03 | Best_PSNR: 30.0644 in Epoch [29]
2022-07-14 01:13:05,355 INFO: Epoch: 30 | PSNR: 30.0608 | Loss: 5.5778 | lr: 1.00e-03 | Best_PSNR: 30.0644 in Epoch [29]
2022-07-14 01:13:51,938 INFO: Epoch: 31 | PSNR: 30.0598 | Loss: 5.6545 | lr: 1.00e-03 | Best_PSNR: 30.0644 in Epoch [29]
2022-07-14 01:14:38,601 INFO: Epoch: 32 | PSNR: 30.0615 | Loss: 5.6505 | lr: 1.00e-03 | Best_PSNR: 30.0644 in Epoch [29]
2022-07-14 01:15:26,832 INFO: Epoch: 33 | PSNR: 30.0668 | Loss: 5.6202 | lr: 1.00e-03 | Best_PSNR: 30.0668 in Epoch [33]
2022-07-14 01:16:14,049 INFO: Epoch: 34 | PSNR: 30.0651 | Loss: 5.6045 | lr: 1.00e-03 | Best_PSNR: 30.0668 in Epoch [33]
2022-07-14 01:17:02,116 INFO: Epoch: 35 | PSNR: 30.0583 | Loss: 5.5989 | lr: 1.00e-03 | Best_PSNR: 30.0668 in Epoch [33]
2022-07-14 01:17:49,486 INFO: Epoch: 36 | PSNR: 30.0619 | Loss: 5.6240 | lr: 1.00e-03 | Best_PSNR: 30.0668 in Epoch [33]
2022-07-14 01:18:36,749 INFO: Epoch: 37 | PSNR: 30.0666 | Loss: 5.6241 | lr: 1.00e-03 | Best_PSNR: 30.0668 in Epoch [33]
2022-07-14 01:19:23,727 INFO: Epoch: 38 | PSNR: 30.0625 | Loss: 5.5928 | lr: 1.00e-03 | Best_PSNR: 30.0668 in Epoch [33]
2022-07-14 01:20:11,300 INFO: Epoch: 39 | PSNR: 30.0672 | Loss: 5.6298 | lr: 1.00e-03 | Best_PSNR: 30.0672 in Epoch [39]
2022-07-14 01:20:58,647 INFO: Epoch: 40 | PSNR: 30.0709 | Loss: 5.5596 | lr: 1.00e-03 | Best_PSNR: 30.0709 in Epoch [40]
2022-07-14 01:21:45,706 INFO: Epoch: 41 | PSNR: 30.0702 | Loss: 5.5975 | lr: 1.00e-03 | Best_PSNR: 30.0709 in Epoch [40]
2022-07-14 01:22:33,499 INFO: Epoch: 42 | PSNR: 30.0686 | Loss: 5.6710 | lr: 1.00e-03 | Best_PSNR: 30.0709 in Epoch [40]
2022-07-14 01:23:21,648 INFO: Epoch: 43 | PSNR: 30.0705 | Loss: 5.5850 | lr: 1.00e-03 | Best_PSNR: 30.0709 in Epoch [40]
2022-07-14 01:24:08,334 INFO: Epoch: 44 | PSNR: 30.0701 | Loss: 5.5824 | lr: 1.00e-03 | Best_PSNR: 30.0709 in Epoch [40]
2022-07-14 01:24:56,712 INFO: Epoch: 45 | PSNR: 30.0719 | Loss: 5.6392 | lr: 1.00e-03 | Best_PSNR: 30.0719 in Epoch [45]
2022-07-14 01:25:46,220 INFO: Epoch: 46 | PSNR: 30.0703 | Loss: 5.5858 | lr: 1.00e-03 | Best_PSNR: 30.0719 in Epoch [45]
2022-07-14 01:26:33,525 INFO: Epoch: 47 | PSNR: 30.0714 | Loss: 5.6166 | lr: 1.00e-03 | Best_PSNR: 30.0719 in Epoch [45]
2022-07-14 01:27:20,480 INFO: Epoch: 48 | PSNR: 30.0671 | Loss: 5.6663 | lr: 1.00e-03 | Best_PSNR: 30.0719 in Epoch [45]
2022-07-14 01:28:06,734 INFO: Epoch: 49 | PSNR: 30.0682 | Loss: 5.5975 | lr: 1.00e-03 | Best_PSNR: 30.0719 in Epoch [45]
2022-07-14 01:28:53,264 INFO: Epoch: 50 | PSNR: 30.0681 | Loss: 5.5842 | lr: 1.00e-03 | Best_PSNR: 30.0719 in Epoch [45]
2022-07-14 01:29:42,938 INFO: Epoch: 51 | PSNR: 30.0732 | Loss: 5.6084 | lr: 5.00e-04 | Best_PSNR: 30.0732 in Epoch [51]
2022-07-14 01:30:30,941 INFO: Epoch: 52 | PSNR: 30.0827 | Loss: 5.5692 | lr: 5.00e-04 | Best_PSNR: 30.0827 in Epoch [52]
2022-07-14 01:31:18,580 INFO: Epoch: 53 | PSNR: 30.0780 | Loss: 5.5314 | lr: 5.00e-04 | Best_PSNR: 30.0827 in Epoch [52]
2022-07-14 01:32:05,096 INFO: Epoch: 54 | PSNR: 30.0801 | Loss: 5.6120 | lr: 5.00e-04 | Best_PSNR: 30.0827 in Epoch [52]
2022-07-14 01:32:53,330 INFO: Epoch: 55 | PSNR: 30.0790 | Loss: 5.6138 | lr: 5.00e-04 | Best_PSNR: 30.0827 in Epoch [52]
2022-07-14 01:33:41,226 INFO: Epoch: 56 | PSNR: 30.0814 | Loss: 5.6192 | lr: 5.00e-04 | Best_PSNR: 30.0827 in Epoch [52]
2022-07-14 01:34:28,435 INFO: Epoch: 57 | PSNR: 30.0798 | Loss: 5.5670 | lr: 5.00e-04 | Best_PSNR: 30.0827 in Epoch [52]
2022-07-14 01:35:16,014 INFO: Epoch: 58 | PSNR: 30.0864 | Loss: 5.5329 | lr: 5.00e-04 | Best_PSNR: 30.0864 in Epoch [58]
2022-07-14 01:36:03,057 INFO: Epoch: 59 | PSNR: 30.0853 | Loss: 5.5978 | lr: 5.00e-04 | Best_PSNR: 30.0864 in Epoch [58]
2022-07-14 01:36:50,249 INFO: Epoch: 60 | PSNR: 30.0851 | Loss: 5.5757 | lr: 5.00e-04 | Best_PSNR: 30.0864 in Epoch [58]
2022-07-14 01:37:37,310 INFO: Epoch: 61 | PSNR: 30.0843 | Loss: 5.5650 | lr: 5.00e-04 | Best_PSNR: 30.0864 in Epoch [58]
2022-07-14 01:38:25,212 INFO: Epoch: 62 | PSNR: 30.0857 | Loss: 5.5979 | lr: 5.00e-04 | Best_PSNR: 30.0864 in Epoch [58]
2022-07-14 01:39:12,385 INFO: Epoch: 63 | PSNR: 30.0805 | Loss: 5.6422 | lr: 5.00e-04 | Best_PSNR: 30.0864 in Epoch [58]
2022-07-14 01:39:58,298 INFO: Epoch: 64 | PSNR: 30.0853 | Loss: 5.5774 | lr: 5.00e-04 | Best_PSNR: 30.0864 in Epoch [58]
2022-07-14 01:40:44,154 INFO: Epoch: 65 | PSNR: 30.0842 | Loss: 5.5197 | lr: 5.00e-04 | Best_PSNR: 30.0864 in Epoch [58]
2022-07-14 01:41:30,196 INFO: Epoch: 66 | PSNR: 30.0807 | Loss: 5.5984 | lr: 5.00e-04 | Best_PSNR: 30.0864 in Epoch [58]
2022-07-14 01:42:16,339 INFO: Epoch: 67 | PSNR: 30.0861 | Loss: 5.5651 | lr: 5.00e-04 | Best_PSNR: 30.0864 in Epoch [58]
2022-07-14 01:43:03,288 INFO: Epoch: 68 | PSNR: 30.0875 | Loss: 5.5629 | lr: 5.00e-04 | Best_PSNR: 30.0875 in Epoch [68]
2022-07-14 01:43:50,987 INFO: Epoch: 69 | PSNR: 30.0896 | Loss: 5.6182 | lr: 5.00e-04 | Best_PSNR: 30.0896 in Epoch [69]
2022-07-14 01:44:38,339 INFO: Epoch: 70 | PSNR: 30.0827 | Loss: 5.5650 | lr: 5.00e-04 | Best_PSNR: 30.0896 in Epoch [69]
2022-07-14 01:45:25,707 INFO: Epoch: 71 | PSNR: 30.0855 | Loss: 5.5851 | lr: 5.00e-04 | Best_PSNR: 30.0896 in Epoch [69]
2022-07-14 01:46:13,891 INFO: Epoch: 72 | PSNR: 30.0820 | Loss: 5.5443 | lr: 5.00e-04 | Best_PSNR: 30.0896 in Epoch [69]
2022-07-14 01:47:01,161 INFO: Epoch: 73 | PSNR: 30.0853 | Loss: 5.6426 | lr: 5.00e-04 | Best_PSNR: 30.0896 in Epoch [69]
2022-07-14 01:47:47,258 INFO: Epoch: 74 | PSNR: 30.0843 | Loss: 5.5779 | lr: 5.00e-04 | Best_PSNR: 30.0896 in Epoch [69]
2022-07-14 01:48:34,144 INFO: Epoch: 75 | PSNR: 30.0826 | Loss: 5.6122 | lr: 5.00e-04 | Best_PSNR: 30.0896 in Epoch [69]
2022-07-14 01:49:20,044 INFO: Epoch: 76 | PSNR: 30.0889 | Loss: 5.6200 | lr: 5.00e-04 | Best_PSNR: 30.0896 in Epoch [69]
2022-07-14 01:50:05,904 INFO: Epoch: 77 | PSNR: 30.0878 | Loss: 5.6404 | lr: 5.00e-04 | Best_PSNR: 30.0896 in Epoch [69]
2022-07-14 01:50:51,932 INFO: Epoch: 78 | PSNR: 30.0862 | Loss: 5.5616 | lr: 5.00e-04 | Best_PSNR: 30.0896 in Epoch [69]
2022-07-14 01:51:38,678 INFO: Epoch: 79 | PSNR: 30.0829 | Loss: 5.5926 | lr: 5.00e-04 | Best_PSNR: 30.0896 in Epoch [69]
2022-07-14 01:52:25,091 INFO: Epoch: 80 | PSNR: 30.0895 | Loss: 5.6156 | lr: 5.00e-04 | Best_PSNR: 30.0896 in Epoch [69]
2022-07-14 01:53:10,052 INFO: Epoch: 81 | PSNR: 30.0855 | Loss: 5.5044 | lr: 5.00e-04 | Best_PSNR: 30.0896 in Epoch [69]
2022-07-14 01:53:54,646 INFO: Epoch: 82 | PSNR: 30.0819 | Loss: 5.6068 | lr: 5.00e-04 | Best_PSNR: 30.0896 in Epoch [69]
2022-07-14 01:54:39,336 INFO: Epoch: 83 | PSNR: 30.0852 | Loss: 5.6063 | lr: 5.00e-04 | Best_PSNR: 30.0896 in Epoch [69]
2022-07-14 01:55:24,819 INFO: Epoch: 84 | PSNR: 30.0875 | Loss: 5.5989 | lr: 5.00e-04 | Best_PSNR: 30.0896 in Epoch [69]
2022-07-14 01:56:09,716 INFO: Epoch: 85 | PSNR: 30.0858 | Loss: 5.5853 | lr: 5.00e-04 | Best_PSNR: 30.0896 in Epoch [69]
2022-07-14 01:56:55,532 INFO: Epoch: 86 | PSNR: 30.0888 | Loss: 5.5947 | lr: 5.00e-04 | Best_PSNR: 30.0896 in Epoch [69]
2022-07-14 01:57:44,382 INFO: Epoch: 87 | PSNR: 30.0905 | Loss: 5.5535 | lr: 5.00e-04 | Best_PSNR: 30.0905 in Epoch [87]
2022-07-14 01:58:34,219 INFO: Epoch: 88 | PSNR: 30.0895 | Loss: 5.6038 | lr: 5.00e-04 | Best_PSNR: 30.0905 in Epoch [87]
2022-07-14 01:59:21,518 INFO: Epoch: 89 | PSNR: 30.0901 | Loss: 5.5923 | lr: 5.00e-04 | Best_PSNR: 30.0905 in Epoch [87]
2022-07-14 02:00:08,814 INFO: Epoch: 90 | PSNR: 30.0905 | Loss: 5.6616 | lr: 5.00e-04 | Best_PSNR: 30.0905 in Epoch [87]
2022-07-14 02:00:55,554 INFO: Epoch: 91 | PSNR: 30.0908 | Loss: 5.6183 | lr: 5.00e-04 | Best_PSNR: 30.0908 in Epoch [91]
2022-07-14 02:01:41,860 INFO: Epoch: 92 | PSNR: 30.0845 | Loss: 5.6187 | lr: 5.00e-04 | Best_PSNR: 30.0908 in Epoch [91]
2022-07-14 02:02:27,930 INFO: Epoch: 93 | PSNR: 30.0880 | Loss: 5.6093 | lr: 5.00e-04 | Best_PSNR: 30.0908 in Epoch [91]
2022-07-14 02:03:15,057 INFO: Epoch: 94 | PSNR: 30.0862 | Loss: 5.5667 | lr: 5.00e-04 | Best_PSNR: 30.0908 in Epoch [91]
2022-07-14 02:03:59,910 INFO: Epoch: 95 | PSNR: 30.0846 | Loss: 5.5432 | lr: 5.00e-04 | Best_PSNR: 30.0908 in Epoch [91]
2022-07-14 02:04:47,106 INFO: Epoch: 96 | PSNR: 30.0866 | Loss: 5.5552 | lr: 5.00e-04 | Best_PSNR: 30.0908 in Epoch [91]
2022-07-14 02:05:36,457 INFO: Epoch: 97 | PSNR: 30.0888 | Loss: 5.6087 | lr: 5.00e-04 | Best_PSNR: 30.0908 in Epoch [91]
2022-07-14 02:06:23,665 INFO: Epoch: 98 | PSNR: 30.0889 | Loss: 5.5940 | lr: 5.00e-04 | Best_PSNR: 30.0908 in Epoch [91]
2022-07-14 02:07:11,409 INFO: Epoch: 99 | PSNR: 30.0931 | Loss: 5.5675 | lr: 5.00e-04 | Best_PSNR: 30.0931 in Epoch [99]
2022-07-14 02:07:58,568 INFO: Epoch: 100 | PSNR: 30.0854 | Loss: 5.6126 | lr: 5.00e-04 | Best_PSNR: 30.0931 in Epoch [99]
2022-07-14 02:08:44,410 INFO: Epoch: 101 | PSNR: 30.0913 | Loss: 5.5191 | lr: 2.50e-04 | Best_PSNR: 30.0931 in Epoch [99]
2022-07-14 02:09:31,873 INFO: Epoch: 102 | PSNR: 30.1002 | Loss: 5.5852 | lr: 2.50e-04 | Best_PSNR: 30.1002 in Epoch [102]
2022-07-14 02:10:18,091 INFO: Epoch: 103 | PSNR: 30.1044 | Loss: 5.6294 | lr: 2.50e-04 | Best_PSNR: 30.1044 in Epoch [103]
2022-07-14 02:11:05,178 INFO: Epoch: 104 | PSNR: 30.1045 | Loss: 5.5938 | lr: 2.50e-04 | Best_PSNR: 30.1045 in Epoch [104]
2022-07-14 02:11:53,395 INFO: Epoch: 105 | PSNR: 30.1029 | Loss: 5.5980 | lr: 2.50e-04 | Best_PSNR: 30.1045 in Epoch [104]
2022-07-14 02:12:39,431 INFO: Epoch: 106 | PSNR: 30.0920 | Loss: 5.5823 | lr: 2.50e-04 | Best_PSNR: 30.1045 in Epoch [104]
2022-07-14 02:13:26,172 INFO: Epoch: 107 | PSNR: 30.1024 | Loss: 5.5683 | lr: 2.50e-04 | Best_PSNR: 30.1045 in Epoch [104]
2022-07-14 02:14:11,597 INFO: Epoch: 108 | PSNR: 30.1014 | Loss: 5.6061 | lr: 2.50e-04 | Best_PSNR: 30.1045 in Epoch [104]
2022-07-14 02:14:57,404 INFO: Epoch: 109 | PSNR: 30.1037 | Loss: 5.5813 | lr: 2.50e-04 | Best_PSNR: 30.1045 in Epoch [104]
2022-07-14 02:15:43,785 INFO: Epoch: 110 | PSNR: 30.0971 | Loss: 5.5275 | lr: 2.50e-04 | Best_PSNR: 30.1045 in Epoch [104]
2022-07-14 02:16:30,177 INFO: Epoch: 111 | PSNR: 30.1032 | Loss: 5.5732 | lr: 2.50e-04 | Best_PSNR: 30.1045 in Epoch [104]
2022-07-14 02:17:16,901 INFO: Epoch: 112 | PSNR: 30.1041 | Loss: 5.5569 | lr: 2.50e-04 | Best_PSNR: 30.1045 in Epoch [104]
2022-07-14 02:18:02,849 INFO: Epoch: 113 | PSNR: 30.0964 | Loss: 5.5826 | lr: 2.50e-04 | Best_PSNR: 30.1045 in Epoch [104]
2022-07-14 02:18:49,049 INFO: Epoch: 114 | PSNR: 30.0977 | Loss: 5.5603 | lr: 2.50e-04 | Best_PSNR: 30.1045 in Epoch [104]
2022-07-14 02:19:36,050 INFO: Epoch: 115 | PSNR: 30.1050 | Loss: 5.5716 | lr: 2.50e-04 | Best_PSNR: 30.1050 in Epoch [115]
2022-07-14 02:20:21,700 INFO: Epoch: 116 | PSNR: 30.1045 | Loss: 5.5407 | lr: 2.50e-04 | Best_PSNR: 30.1050 in Epoch [115]
2022-07-14 02:21:08,082 INFO: Epoch: 117 | PSNR: 30.1029 | Loss: 5.5414 | lr: 2.50e-04 | Best_PSNR: 30.1050 in Epoch [115]
2022-07-14 02:21:55,071 INFO: Epoch: 118 | PSNR: 30.1022 | Loss: 5.5568 | lr: 2.50e-04 | Best_PSNR: 30.1050 in Epoch [115]
2022-07-14 02:22:41,596 INFO: Epoch: 119 | PSNR: 30.0996 | Loss: 5.5824 | lr: 2.50e-04 | Best_PSNR: 30.1050 in Epoch [115]
2022-07-14 02:23:28,335 INFO: Epoch: 120 | PSNR: 30.1051 | Loss: 5.5759 | lr: 2.50e-04 | Best_PSNR: 30.1051 in Epoch [120]
2022-07-14 02:24:15,804 INFO: Epoch: 121 | PSNR: 30.0922 | Loss: 5.5546 | lr: 2.50e-04 | Best_PSNR: 30.1051 in Epoch [120]
2022-07-14 02:25:02,267 INFO: Epoch: 122 | PSNR: 30.0930 | Loss: 5.6003 | lr: 2.50e-04 | Best_PSNR: 30.1051 in Epoch [120]
2022-07-14 02:25:49,073 INFO: Epoch: 123 | PSNR: 30.0999 | Loss: 5.5370 | lr: 2.50e-04 | Best_PSNR: 30.1051 in Epoch [120]
2022-07-14 02:26:35,991 INFO: Epoch: 124 | PSNR: 30.0979 | Loss: 5.5233 | lr: 2.50e-04 | Best_PSNR: 30.1051 in Epoch [120]
2022-07-14 02:27:22,957 INFO: Epoch: 125 | PSNR: 30.0895 | Loss: 5.6187 | lr: 2.50e-04 | Best_PSNR: 30.1051 in Epoch [120]
2022-07-14 02:28:09,614 INFO: Epoch: 126 | PSNR: 30.1025 | Loss: 5.5514 | lr: 2.50e-04 | Best_PSNR: 30.1051 in Epoch [120]
2022-07-14 02:28:56,662 INFO: Epoch: 127 | PSNR: 30.1037 | Loss: 5.6055 | lr: 2.50e-04 | Best_PSNR: 30.1051 in Epoch [120]
2022-07-14 02:29:43,513 INFO: Epoch: 128 | PSNR: 30.1038 | Loss: 5.5787 | lr: 2.50e-04 | Best_PSNR: 30.1051 in Epoch [120]
2022-07-14 02:30:30,795 INFO: Epoch: 129 | PSNR: 30.0912 | Loss: 5.5771 | lr: 2.50e-04 | Best_PSNR: 30.1051 in Epoch [120]
2022-07-14 02:31:17,569 INFO: Epoch: 130 | PSNR: 30.1038 | Loss: 5.5848 | lr: 2.50e-04 | Best_PSNR: 30.1051 in Epoch [120]
2022-07-14 02:32:04,377 INFO: Epoch: 131 | PSNR: 30.1030 | Loss: 5.5893 | lr: 2.50e-04 | Best_PSNR: 30.1051 in Epoch [120]
2022-07-14 02:32:50,974 INFO: Epoch: 132 | PSNR: 30.1063 | Loss: 5.5849 | lr: 2.50e-04 | Best_PSNR: 30.1063 in Epoch [132]
2022-07-14 02:33:37,732 INFO: Epoch: 133 | PSNR: 30.1017 | Loss: 5.5913 | lr: 2.50e-04 | Best_PSNR: 30.1063 in Epoch [132]
2022-07-14 02:34:24,196 INFO: Epoch: 134 | PSNR: 30.1026 | Loss: 5.6143 | lr: 2.50e-04 | Best_PSNR: 30.1063 in Epoch [132]
2022-07-14 02:35:10,000 INFO: Epoch: 135 | PSNR: 30.1029 | Loss: 5.5846 | lr: 2.50e-04 | Best_PSNR: 30.1063 in Epoch [132]
2022-07-14 02:35:56,574 INFO: Epoch: 136 | PSNR: 30.0986 | Loss: 5.5652 | lr: 2.50e-04 | Best_PSNR: 30.1063 in Epoch [132]
2022-07-14 02:36:42,176 INFO: Epoch: 137 | PSNR: 30.1046 | Loss: 5.5933 | lr: 2.50e-04 | Best_PSNR: 30.1063 in Epoch [132]
2022-07-14 02:37:29,169 INFO: Epoch: 138 | PSNR: 30.1076 | Loss: 5.5467 | lr: 2.50e-04 | Best_PSNR: 30.1076 in Epoch [138]
2022-07-14 02:38:14,713 INFO: Epoch: 139 | PSNR: 30.1046 | Loss: 5.5655 | lr: 2.50e-04 | Best_PSNR: 30.1076 in Epoch [138]
2022-07-14 02:39:00,904 INFO: Epoch: 140 | PSNR: 30.1068 | Loss: 5.5970 | lr: 2.50e-04 | Best_PSNR: 30.1076 in Epoch [138]
2022-07-14 02:39:47,563 INFO: Epoch: 141 | PSNR: 30.1074 | Loss: 5.5596 | lr: 2.50e-04 | Best_PSNR: 30.1076 in Epoch [138]
2022-07-14 02:40:34,994 INFO: Epoch: 142 | PSNR: 30.1084 | Loss: 5.6178 | lr: 2.50e-04 | Best_PSNR: 30.1084 in Epoch [142]
2022-07-14 02:41:22,501 INFO: Epoch: 143 | PSNR: 30.1059 | Loss: 5.4980 | lr: 2.50e-04 | Best_PSNR: 30.1084 in Epoch [142]
2022-07-14 02:42:10,213 INFO: Epoch: 144 | PSNR: 30.1077 | Loss: 5.5014 | lr: 2.50e-04 | Best_PSNR: 30.1084 in Epoch [142]
2022-07-14 02:42:57,078 INFO: Epoch: 145 | PSNR: 30.1067 | Loss: 5.5696 | lr: 2.50e-04 | Best_PSNR: 30.1084 in Epoch [142]
2022-07-14 02:43:43,427 INFO: Epoch: 146 | PSNR: 30.0958 | Loss: 5.6103 | lr: 2.50e-04 | Best_PSNR: 30.1084 in Epoch [142]
2022-07-14 02:44:29,809 INFO: Epoch: 147 | PSNR: 30.0996 | Loss: 5.5816 | lr: 2.50e-04 | Best_PSNR: 30.1084 in Epoch [142]
2022-07-14 02:45:16,511 INFO: Epoch: 148 | PSNR: 30.0985 | Loss: 5.6353 | lr: 2.50e-04 | Best_PSNR: 30.1084 in Epoch [142]
2022-07-14 02:46:03,102 INFO: Epoch: 149 | PSNR: 30.1006 | Loss: 5.6078 | lr: 2.50e-04 | Best_PSNR: 30.1084 in Epoch [142]
2022-07-14 02:46:48,908 INFO: Epoch: 150 | PSNR: 30.1009 | Loss: 5.5278 | lr: 2.50e-04 | Best_PSNR: 30.1084 in Epoch [142]
2022-07-14 02:47:33,790 INFO: Epoch: 151 | PSNR: 30.1050 | Loss: 5.6230 | lr: 1.25e-04 | Best_PSNR: 30.1084 in Epoch [142]
2022-07-14 02:48:19,289 INFO: Epoch: 152 | PSNR: 30.1043 | Loss: 5.5812 | lr: 1.25e-04 | Best_PSNR: 30.1084 in Epoch [142]
2022-07-14 02:49:04,685 INFO: Epoch: 153 | PSNR: 30.1046 | Loss: 5.5669 | lr: 1.25e-04 | Best_PSNR: 30.1084 in Epoch [142]
2022-07-14 02:49:49,776 INFO: Epoch: 154 | PSNR: 30.1048 | Loss: 5.5986 | lr: 1.25e-04 | Best_PSNR: 30.1084 in Epoch [142]
2022-07-14 02:50:36,209 INFO: Epoch: 155 | PSNR: 30.1095 | Loss: 5.6043 | lr: 1.25e-04 | Best_PSNR: 30.1095 in Epoch [155]
2022-07-14 02:51:21,911 INFO: Epoch: 156 | PSNR: 30.1038 | Loss: 5.5505 | lr: 1.25e-04 | Best_PSNR: 30.1095 in Epoch [155]
2022-07-14 02:52:06,587 INFO: Epoch: 157 | PSNR: 30.1032 | Loss: 5.5879 | lr: 1.25e-04 | Best_PSNR: 30.1095 in Epoch [155]
2022-07-14 02:52:52,515 INFO: Epoch: 158 | PSNR: 30.1023 | Loss: 5.5630 | lr: 1.25e-04 | Best_PSNR: 30.1095 in Epoch [155]
2022-07-14 02:53:39,959 INFO: Epoch: 159 | PSNR: 30.1041 | Loss: 5.5045 | lr: 1.25e-04 | Best_PSNR: 30.1095 in Epoch [155]
2022-07-14 02:54:25,119 INFO: Epoch: 160 | PSNR: 30.1079 | Loss: 5.4762 | lr: 1.25e-04 | Best_PSNR: 30.1095 in Epoch [155]
2022-07-14 02:55:12,624 INFO: Epoch: 161 | PSNR: 30.1100 | Loss: 5.5591 | lr: 1.25e-04 | Best_PSNR: 30.1100 in Epoch [161]
2022-07-14 02:55:59,808 INFO: Epoch: 162 | PSNR: 30.1110 | Loss: 5.5856 | lr: 1.25e-04 | Best_PSNR: 30.1110 in Epoch [162]
2022-07-14 02:56:47,480 INFO: Epoch: 163 | PSNR: 30.1114 | Loss: 5.5893 | lr: 1.25e-04 | Best_PSNR: 30.1114 in Epoch [163]
2022-07-14 02:57:34,096 INFO: Epoch: 164 | PSNR: 30.1095 | Loss: 5.5831 | lr: 1.25e-04 | Best_PSNR: 30.1114 in Epoch [163]
2022-07-14 02:58:20,097 INFO: Epoch: 165 | PSNR: 30.1075 | Loss: 5.5872 | lr: 1.25e-04 | Best_PSNR: 30.1114 in Epoch [163]
2022-07-14 02:59:05,961 INFO: Epoch: 166 | PSNR: 30.1106 | Loss: 5.5730 | lr: 1.25e-04 | Best_PSNR: 30.1114 in Epoch [163]
2022-07-14 02:59:52,722 INFO: Epoch: 167 | PSNR: 30.1102 | Loss: 5.5233 | lr: 1.25e-04 | Best_PSNR: 30.1114 in Epoch [163]
2022-07-14 03:00:38,363 INFO: Epoch: 168 | PSNR: 30.1047 | Loss: 5.5768 | lr: 1.25e-04 | Best_PSNR: 30.1114 in Epoch [163]
2022-07-14 03:01:23,504 INFO: Epoch: 169 | PSNR: 30.0999 | Loss: 5.5649 | lr: 1.25e-04 | Best_PSNR: 30.1114 in Epoch [163]
2022-07-14 03:02:08,693 INFO: Epoch: 170 | PSNR: 30.1086 | Loss: 5.5446 | lr: 1.25e-04 | Best_PSNR: 30.1114 in Epoch [163]
2022-07-14 03:02:54,262 INFO: Epoch: 171 | PSNR: 30.1064 | Loss: 5.6046 | lr: 1.25e-04 | Best_PSNR: 30.1114 in Epoch [163]
2022-07-14 03:03:40,250 INFO: Epoch: 172 | PSNR: 30.1066 | Loss: 5.5547 | lr: 1.25e-04 | Best_PSNR: 30.1114 in Epoch [163]
2022-07-14 03:04:26,600 INFO: Epoch: 173 | PSNR: 30.1061 | Loss: 5.5998 | lr: 1.25e-04 | Best_PSNR: 30.1114 in Epoch [163]
2022-07-14 03:05:11,519 INFO: Epoch: 174 | PSNR: 30.1072 | Loss: 5.5466 | lr: 1.25e-04 | Best_PSNR: 30.1114 in Epoch [163]
2022-07-14 03:05:56,900 INFO: Epoch: 175 | PSNR: 30.1085 | Loss: 5.6111 | lr: 1.25e-04 | Best_PSNR: 30.1114 in Epoch [163]
2022-07-14 03:06:42,712 INFO: Epoch: 176 | PSNR: 30.1022 | Loss: 5.5779 | lr: 1.25e-04 | Best_PSNR: 30.1114 in Epoch [163]
2022-07-14 03:07:28,454 INFO: Epoch: 177 | PSNR: 30.1042 | Loss: 5.5577 | lr: 1.25e-04 | Best_PSNR: 30.1114 in Epoch [163]
2022-07-14 03:08:14,977 INFO: Epoch: 178 | PSNR: 30.0995 | Loss: 5.5329 | lr: 1.25e-04 | Best_PSNR: 30.1114 in Epoch [163]
2022-07-14 03:09:00,406 INFO: Epoch: 179 | PSNR: 30.0995 | Loss: 5.5585 | lr: 1.25e-04 | Best_PSNR: 30.1114 in Epoch [163]
2022-07-14 03:09:45,986 INFO: Epoch: 180 | PSNR: 30.0972 | Loss: 5.5323 | lr: 1.25e-04 | Best_PSNR: 30.1114 in Epoch [163]
2022-07-14 03:10:32,778 INFO: Epoch: 181 | PSNR: 30.1063 | Loss: 5.5663 | lr: 1.25e-04 | Best_PSNR: 30.1114 in Epoch [163]
2022-07-14 03:11:20,030 INFO: Epoch: 182 | PSNR: 30.1088 | Loss: 5.5515 | lr: 1.25e-04 | Best_PSNR: 30.1114 in Epoch [163]
2022-07-14 03:12:05,978 INFO: Epoch: 183 | PSNR: 30.1083 | Loss: 5.5587 | lr: 1.25e-04 | Best_PSNR: 30.1114 in Epoch [163]
2022-07-14 03:12:52,281 INFO: Epoch: 184 | PSNR: 30.1006 | Loss: 5.5922 | lr: 1.25e-04 | Best_PSNR: 30.1114 in Epoch [163]
2022-07-14 03:13:41,516 INFO: Epoch: 185 | PSNR: 30.1079 | Loss: 5.5457 | lr: 1.25e-04 | Best_PSNR: 30.1114 in Epoch [163]
2022-07-14 03:14:27,508 INFO: Epoch: 186 | PSNR: 30.1011 | Loss: 5.5493 | lr: 1.25e-04 | Best_PSNR: 30.1114 in Epoch [163]
2022-07-14 03:15:13,324 INFO: Epoch: 187 | PSNR: 30.1054 | Loss: 5.5514 | lr: 1.25e-04 | Best_PSNR: 30.1114 in Epoch [163]
2022-07-14 03:16:00,857 INFO: Epoch: 188 | PSNR: 30.1068 | Loss: 5.6057 | lr: 1.25e-04 | Best_PSNR: 30.1114 in Epoch [163]
2022-07-14 03:16:49,071 INFO: Epoch: 189 | PSNR: 30.0996 | Loss: 5.5990 | lr: 1.25e-04 | Best_PSNR: 30.1114 in Epoch [163]
2022-07-14 03:17:35,553 INFO: Epoch: 190 | PSNR: 30.1100 | Loss: 5.5618 | lr: 1.25e-04 | Best_PSNR: 30.1114 in Epoch [163]
2022-07-14 03:18:23,588 INFO: Epoch: 191 | PSNR: 30.1121 | Loss: 5.5549 | lr: 1.25e-04 | Best_PSNR: 30.1121 in Epoch [191]
2022-07-14 03:19:09,008 INFO: Epoch: 192 | PSNR: 30.1108 | Loss: 5.5830 | lr: 1.25e-04 | Best_PSNR: 30.1121 in Epoch [191]
2022-07-14 03:19:56,586 INFO: Epoch: 193 | PSNR: 30.1017 | Loss: 5.6263 | lr: 1.25e-04 | Best_PSNR: 30.1121 in Epoch [191]
2022-07-14 03:20:42,120 INFO: Epoch: 194 | PSNR: 30.1039 | Loss: 5.6279 | lr: 1.25e-04 | Best_PSNR: 30.1121 in Epoch [191]
2022-07-14 03:21:28,011 INFO: Epoch: 195 | PSNR: 30.1041 | Loss: 5.5528 | lr: 1.25e-04 | Best_PSNR: 30.1121 in Epoch [191]
2022-07-14 03:22:16,538 INFO: Epoch: 196 | PSNR: 30.1125 | Loss: 5.5975 | lr: 1.25e-04 | Best_PSNR: 30.1125 in Epoch [196]
2022-07-14 03:23:03,236 INFO: Epoch: 197 | PSNR: 30.1087 | Loss: 5.5947 | lr: 1.25e-04 | Best_PSNR: 30.1125 in Epoch [196]
2022-07-14 03:23:51,037 INFO: Epoch: 198 | PSNR: 30.1095 | Loss: 5.6134 | lr: 1.25e-04 | Best_PSNR: 30.1125 in Epoch [196]
2022-07-14 03:24:41,543 INFO: Epoch: 199 | PSNR: 30.1081 | Loss: 5.5603 | lr: 1.25e-04 | Best_PSNR: 30.1125 in Epoch [196]
2022-07-14 03:25:27,218 INFO: Epoch: 200 | PSNR: 30.1051 | Loss: 5.5423 | lr: 1.25e-04 | Best_PSNR: 30.1125 in Epoch [196]
2022-07-14 03:26:14,055 INFO: Epoch: 201 | PSNR: 30.1106 | Loss: 5.5349 | lr: 6.25e-05 | Best_PSNR: 30.1125 in Epoch [196]
2022-07-14 03:26:59,406 INFO: Epoch: 202 | PSNR: 30.1095 | Loss: 5.5485 | lr: 6.25e-05 | Best_PSNR: 30.1125 in Epoch [196]
2022-07-14 03:27:46,063 INFO: Epoch: 203 | PSNR: 30.1115 | Loss: 5.5678 | lr: 6.25e-05 | Best_PSNR: 30.1125 in Epoch [196]
2022-07-14 03:28:33,508 INFO: Epoch: 204 | PSNR: 30.1112 | Loss: 5.5481 | lr: 6.25e-05 | Best_PSNR: 30.1125 in Epoch [196]
2022-07-14 03:29:19,621 INFO: Epoch: 205 | PSNR: 30.1105 | Loss: 5.5828 | lr: 6.25e-05 | Best_PSNR: 30.1125 in Epoch [196]
2022-07-14 03:30:05,534 INFO: Epoch: 206 | PSNR: 30.1093 | Loss: 5.5432 | lr: 6.25e-05 | Best_PSNR: 30.1125 in Epoch [196]
2022-07-14 03:30:53,216 INFO: Epoch: 207 | PSNR: 30.1120 | Loss: 5.5675 | lr: 6.25e-05 | Best_PSNR: 30.1125 in Epoch [196]
2022-07-14 03:31:42,126 INFO: Epoch: 208 | PSNR: 30.1125 | Loss: 5.5648 | lr: 6.25e-05 | Best_PSNR: 30.1125 in Epoch [208]
2022-07-14 03:32:28,317 INFO: Epoch: 209 | PSNR: 30.1115 | Loss: 5.5702 | lr: 6.25e-05 | Best_PSNR: 30.1125 in Epoch [208]
2022-07-14 03:33:16,810 INFO: Epoch: 210 | PSNR: 30.1117 | Loss: 5.5576 | lr: 6.25e-05 | Best_PSNR: 30.1125 in Epoch [208]
2022-07-14 03:34:03,860 INFO: Epoch: 211 | PSNR: 30.1139 | Loss: 5.5498 | lr: 6.25e-05 | Best_PSNR: 30.1139 in Epoch [211]
2022-07-14 03:34:49,748 INFO: Epoch: 212 | PSNR: 30.1044 | Loss: 5.5603 | lr: 6.25e-05 | Best_PSNR: 30.1139 in Epoch [211]
2022-07-14 03:35:35,894 INFO: Epoch: 213 | PSNR: 30.1092 | Loss: 5.5377 | lr: 6.25e-05 | Best_PSNR: 30.1139 in Epoch [211]
2022-07-14 03:36:22,208 INFO: Epoch: 214 | PSNR: 30.1073 | Loss: 5.5861 | lr: 6.25e-05 | Best_PSNR: 30.1139 in Epoch [211]
2022-07-14 03:37:08,011 INFO: Epoch: 215 | PSNR: 30.1100 | Loss: 5.5711 | lr: 6.25e-05 | Best_PSNR: 30.1139 in Epoch [211]
2022-07-14 03:37:53,746 INFO: Epoch: 216 | PSNR: 30.1093 | Loss: 5.5019 | lr: 6.25e-05 | Best_PSNR: 30.1139 in Epoch [211]
2022-07-14 03:38:39,885 INFO: Epoch: 217 | PSNR: 30.1110 | Loss: 5.6225 | lr: 6.25e-05 | Best_PSNR: 30.1139 in Epoch [211]
2022-07-14 03:39:25,618 INFO: Epoch: 218 | PSNR: 30.1116 | Loss: 5.5270 | lr: 6.25e-05 | Best_PSNR: 30.1139 in Epoch [211]
2022-07-14 03:40:10,870 INFO: Epoch: 219 | PSNR: 30.1112 | Loss: 5.5663 | lr: 6.25e-05 | Best_PSNR: 30.1139 in Epoch [211]
2022-07-14 03:40:56,554 INFO: Epoch: 220 | PSNR: 30.1101 | Loss: 5.4901 | lr: 6.25e-05 | Best_PSNR: 30.1139 in Epoch [211]
2022-07-14 03:41:41,934 INFO: Epoch: 221 | PSNR: 30.1086 | Loss: 5.6044 | lr: 6.25e-05 | Best_PSNR: 30.1139 in Epoch [211]
2022-07-14 03:42:27,170 INFO: Epoch: 222 | PSNR: 30.1095 | Loss: 5.5365 | lr: 6.25e-05 | Best_PSNR: 30.1139 in Epoch [211]
2022-07-14 03:43:13,092 INFO: Epoch: 223 | PSNR: 30.1098 | Loss: 5.5368 | lr: 6.25e-05 | Best_PSNR: 30.1139 in Epoch [211]
2022-07-14 03:43:59,404 INFO: Epoch: 224 | PSNR: 30.1118 | Loss: 5.5501 | lr: 6.25e-05 | Best_PSNR: 30.1139 in Epoch [211]
2022-07-14 03:44:45,556 INFO: Epoch: 225 | PSNR: 30.1130 | Loss: 5.6289 | lr: 6.25e-05 | Best_PSNR: 30.1139 in Epoch [211]
2022-07-14 03:45:31,797 INFO: Epoch: 226 | PSNR: 30.1106 | Loss: 5.5613 | lr: 6.25e-05 | Best_PSNR: 30.1139 in Epoch [211]
2022-07-14 03:46:17,511 INFO: Epoch: 227 | PSNR: 30.1119 | Loss: 5.5464 | lr: 6.25e-05 | Best_PSNR: 30.1139 in Epoch [211]
2022-07-14 03:47:04,747 INFO: Epoch: 228 | PSNR: 30.1127 | Loss: 5.5398 | lr: 6.25e-05 | Best_PSNR: 30.1139 in Epoch [211]
2022-07-14 03:47:51,154 INFO: Epoch: 229 | PSNR: 30.1123 | Loss: 5.5366 | lr: 6.25e-05 | Best_PSNR: 30.1139 in Epoch [211]
2022-07-14 03:48:38,228 INFO: Epoch: 230 | PSNR: 30.1146 | Loss: 5.5198 | lr: 6.25e-05 | Best_PSNR: 30.1146 in Epoch [230]
2022-07-14 03:49:25,060 INFO: Epoch: 231 | PSNR: 30.1113 | Loss: 5.5534 | lr: 6.25e-05 | Best_PSNR: 30.1146 in Epoch [230]
2022-07-14 03:50:46,261 INFO: Epoch: 232 | PSNR: 30.1134 | Loss: 5.5266 | lr: 6.25e-05 | Best_PSNR: 30.1146 in Epoch [230]
2022-07-14 03:51:34,081 INFO: Epoch: 233 | PSNR: 30.1130 | Loss: 5.5899 | lr: 6.25e-05 | Best_PSNR: 30.1146 in Epoch [230]
2022-07-14 03:52:21,659 INFO: Epoch: 234 | PSNR: 30.1136 | Loss: 5.6090 | lr: 6.25e-05 | Best_PSNR: 30.1146 in Epoch [230]
2022-07-14 03:53:09,692 INFO: Epoch: 235 | PSNR: 30.1117 | Loss: 5.5788 | lr: 6.25e-05 | Best_PSNR: 30.1146 in Epoch [230]
2022-07-14 03:53:56,848 INFO: Epoch: 236 | PSNR: 30.1107 | Loss: 5.5754 | lr: 6.25e-05 | Best_PSNR: 30.1146 in Epoch [230]
2022-07-14 03:54:43,356 INFO: Epoch: 237 | PSNR: 30.1143 | Loss: 5.5563 | lr: 6.25e-05 | Best_PSNR: 30.1146 in Epoch [230]
2022-07-14 03:55:31,294 INFO: Epoch: 238 | PSNR: 30.1114 | Loss: 5.5594 | lr: 6.25e-05 | Best_PSNR: 30.1146 in Epoch [230]
2022-07-14 03:56:17,322 INFO: Epoch: 239 | PSNR: 30.1117 | Loss: 5.5942 | lr: 6.25e-05 | Best_PSNR: 30.1146 in Epoch [230]
2022-07-14 03:57:03,387 INFO: Epoch: 240 | PSNR: 30.1103 | Loss: 5.5568 | lr: 6.25e-05 | Best_PSNR: 30.1146 in Epoch [230]
2022-07-14 03:57:48,428 INFO: Epoch: 241 | PSNR: 30.1123 | Loss: 5.5899 | lr: 6.25e-05 | Best_PSNR: 30.1146 in Epoch [230]
2022-07-14 03:58:33,288 INFO: Epoch: 242 | PSNR: 30.1095 | Loss: 5.5265 | lr: 6.25e-05 | Best_PSNR: 30.1146 in Epoch [230]
2022-07-14 03:59:19,439 INFO: Epoch: 243 | PSNR: 30.1143 | Loss: 5.5499 | lr: 6.25e-05 | Best_PSNR: 30.1146 in Epoch [230]
2022-07-14 04:00:05,329 INFO: Epoch: 244 | PSNR: 30.1116 | Loss: 5.5383 | lr: 6.25e-05 | Best_PSNR: 30.1146 in Epoch [230]
2022-07-14 04:00:51,116 INFO: Epoch: 245 | PSNR: 30.1088 | Loss: 5.5837 | lr: 6.25e-05 | Best_PSNR: 30.1146 in Epoch [230]
2022-07-14 04:01:37,389 INFO: Epoch: 246 | PSNR: 30.1099 | Loss: 5.5510 | lr: 6.25e-05 | Best_PSNR: 30.1146 in Epoch [230]
2022-07-14 04:02:25,068 INFO: Epoch: 247 | PSNR: 30.1148 | Loss: 5.5557 | lr: 6.25e-05 | Best_PSNR: 30.1148 in Epoch [247]
2022-07-14 04:03:11,099 INFO: Epoch: 248 | PSNR: 30.1121 | Loss: 5.5621 | lr: 6.25e-05 | Best_PSNR: 30.1148 in Epoch [247]
2022-07-14 04:03:56,891 INFO: Epoch: 249 | PSNR: 30.1134 | Loss: 5.5809 | lr: 6.25e-05 | Best_PSNR: 30.1148 in Epoch [247]
2022-07-14 04:04:42,056 INFO: Epoch: 250 | PSNR: 30.1108 | Loss: 5.5723 | lr: 6.25e-05 | Best_PSNR: 30.1148 in Epoch [247]
2022-07-14 04:05:27,326 INFO: Epoch: 251 | PSNR: 30.1108 | Loss: 5.5739 | lr: 3.13e-05 | Best_PSNR: 30.1148 in Epoch [247]
2022-07-14 04:06:13,346 INFO: Epoch: 252 | PSNR: 30.1112 | Loss: 5.6018 | lr: 3.13e-05 | Best_PSNR: 30.1148 in Epoch [247]
2022-07-14 04:06:59,913 INFO: Epoch: 253 | PSNR: 30.1114 | Loss: 5.5754 | lr: 3.13e-05 | Best_PSNR: 30.1148 in Epoch [247]
2022-07-14 04:07:48,432 INFO: Epoch: 254 | PSNR: 30.1129 | Loss: 5.6170 | lr: 3.13e-05 | Best_PSNR: 30.1148 in Epoch [247]
2022-07-14 04:08:35,293 INFO: Epoch: 255 | PSNR: 30.1119 | Loss: 5.5730 | lr: 3.13e-05 | Best_PSNR: 30.1148 in Epoch [247]
2022-07-14 04:09:23,641 INFO: Epoch: 256 | PSNR: 30.1137 | Loss: 5.5303 | lr: 3.13e-05 | Best_PSNR: 30.1148 in Epoch [247]
2022-07-14 04:10:11,152 INFO: Epoch: 257 | PSNR: 30.1121 | Loss: 5.5880 | lr: 3.13e-05 | Best_PSNR: 30.1148 in Epoch [247]
2022-07-14 04:10:57,115 INFO: Epoch: 258 | PSNR: 30.1121 | Loss: 5.5744 | lr: 3.13e-05 | Best_PSNR: 30.1148 in Epoch [247]
2022-07-14 04:11:43,980 INFO: Epoch: 259 | PSNR: 30.1110 | Loss: 5.5131 | lr: 3.13e-05 | Best_PSNR: 30.1148 in Epoch [247]
2022-07-14 04:12:29,433 INFO: Epoch: 260 | PSNR: 30.1108 | Loss: 5.5768 | lr: 3.13e-05 | Best_PSNR: 30.1148 in Epoch [247]
2022-07-14 04:13:16,070 INFO: Epoch: 261 | PSNR: 30.1121 | Loss: 5.5734 | lr: 3.13e-05 | Best_PSNR: 30.1148 in Epoch [247]
2022-07-14 04:14:02,173 INFO: Epoch: 262 | PSNR: 30.1140 | Loss: 5.5505 | lr: 3.13e-05 | Best_PSNR: 30.1148 in Epoch [247]
2022-07-14 04:14:48,377 INFO: Epoch: 263 | PSNR: 30.1105 | Loss: 5.5551 | lr: 3.13e-05 | Best_PSNR: 30.1148 in Epoch [247]
2022-07-14 04:15:35,370 INFO: Epoch: 264 | PSNR: 30.1131 | Loss: 5.5930 | lr: 3.13e-05 | Best_PSNR: 30.1148 in Epoch [247]
2022-07-14 04:16:22,426 INFO: Epoch: 265 | PSNR: 30.1129 | Loss: 5.6041 | lr: 3.13e-05 | Best_PSNR: 30.1148 in Epoch [247]
2022-07-14 04:17:09,832 INFO: Epoch: 266 | PSNR: 30.1143 | Loss: 5.6144 | lr: 3.13e-05 | Best_PSNR: 30.1148 in Epoch [247]
2022-07-14 04:17:56,670 INFO: Epoch: 267 | PSNR: 30.1149 | Loss: 5.5859 | lr: 3.13e-05 | Best_PSNR: 30.1149 in Epoch [267]
2022-07-14 04:18:41,978 INFO: Epoch: 268 | PSNR: 30.1141 | Loss: 5.5705 | lr: 3.13e-05 | Best_PSNR: 30.1149 in Epoch [267]
2022-07-14 04:19:28,716 INFO: Epoch: 269 | PSNR: 30.1124 | Loss: 5.5814 | lr: 3.13e-05 | Best_PSNR: 30.1149 in Epoch [267]
2022-07-14 04:20:14,796 INFO: Epoch: 270 | PSNR: 30.1143 | Loss: 5.5514 | lr: 3.13e-05 | Best_PSNR: 30.1149 in Epoch [267]
2022-07-14 04:21:00,634 INFO: Epoch: 271 | PSNR: 30.1139 | Loss: 5.5539 | lr: 3.13e-05 | Best_PSNR: 30.1149 in Epoch [267]
2022-07-14 04:21:46,796 INFO: Epoch: 272 | PSNR: 30.1050 | Loss: 5.5617 | lr: 3.13e-05 | Best_PSNR: 30.1149 in Epoch [267]
2022-07-14 04:22:31,905 INFO: Epoch: 273 | PSNR: 30.1136 | Loss: 5.5465 | lr: 3.13e-05 | Best_PSNR: 30.1149 in Epoch [267]
2022-07-14 04:23:17,946 INFO: Epoch: 274 | PSNR: 30.1101 | Loss: 5.5805 | lr: 3.13e-05 | Best_PSNR: 30.1149 in Epoch [267]
2022-07-14 04:24:04,038 INFO: Epoch: 275 | PSNR: 30.1095 | Loss: 5.5865 | lr: 3.13e-05 | Best_PSNR: 30.1149 in Epoch [267]
2022-07-14 04:24:52,147 INFO: Epoch: 276 | PSNR: 30.1152 | Loss: 5.5932 | lr: 3.13e-05 | Best_PSNR: 30.1152 in Epoch [276]
2022-07-14 04:25:40,461 INFO: Epoch: 277 | PSNR: 30.1119 | Loss: 5.5701 | lr: 3.13e-05 | Best_PSNR: 30.1152 in Epoch [276]
2022-07-14 04:26:29,410 INFO: Epoch: 278 | PSNR: 30.1067 | Loss: 5.5994 | lr: 3.13e-05 | Best_PSNR: 30.1152 in Epoch [276]
2022-07-14 04:27:14,606 INFO: Epoch: 279 | PSNR: 30.1114 | Loss: 5.5707 | lr: 3.13e-05 | Best_PSNR: 30.1152 in Epoch [276]
2022-07-14 04:28:01,058 INFO: Epoch: 280 | PSNR: 30.1118 | Loss: 5.5777 | lr: 3.13e-05 | Best_PSNR: 30.1152 in Epoch [276]
2022-07-14 04:28:46,350 INFO: Epoch: 281 | PSNR: 30.1124 | Loss: 5.5438 | lr: 3.13e-05 | Best_PSNR: 30.1152 in Epoch [276]
2022-07-14 04:29:32,362 INFO: Epoch: 282 | PSNR: 30.1115 | Loss: 5.5767 | lr: 3.13e-05 | Best_PSNR: 30.1152 in Epoch [276]
2022-07-14 04:30:19,210 INFO: Epoch: 283 | PSNR: 30.1098 | Loss: 5.5349 | lr: 3.13e-05 | Best_PSNR: 30.1152 in Epoch [276]
2022-07-14 04:31:06,571 INFO: Epoch: 284 | PSNR: 30.1149 | Loss: 5.5304 | lr: 3.13e-05 | Best_PSNR: 30.1152 in Epoch [276]
2022-07-14 04:31:53,806 INFO: Epoch: 285 | PSNR: 30.1115 | Loss: 5.5288 | lr: 3.13e-05 | Best_PSNR: 30.1152 in Epoch [276]
2022-07-14 04:32:40,923 INFO: Epoch: 286 | PSNR: 30.1154 | Loss: 5.5924 | lr: 3.13e-05 | Best_PSNR: 30.1154 in Epoch [286]
2022-07-14 04:33:28,114 INFO: Epoch: 287 | PSNR: 30.1141 | Loss: 5.5915 | lr: 3.13e-05 | Best_PSNR: 30.1154 in Epoch [286]
2022-07-14 04:34:13,707 INFO: Epoch: 288 | PSNR: 30.1132 | Loss: 5.5694 | lr: 3.13e-05 | Best_PSNR: 30.1154 in Epoch [286]
2022-07-14 04:34:58,441 INFO: Epoch: 289 | PSNR: 30.1136 | Loss: 5.5182 | lr: 3.13e-05 | Best_PSNR: 30.1154 in Epoch [286]
2022-07-14 04:35:44,225 INFO: Epoch: 290 | PSNR: 30.1125 | Loss: 5.6538 | lr: 3.13e-05 | Best_PSNR: 30.1154 in Epoch [286]
2022-07-14 04:36:29,883 INFO: Epoch: 291 | PSNR: 30.1128 | Loss: 5.5715 | lr: 3.13e-05 | Best_PSNR: 30.1154 in Epoch [286]
2022-07-14 04:37:15,687 INFO: Epoch: 292 | PSNR: 30.1104 | Loss: 5.5357 | lr: 3.13e-05 | Best_PSNR: 30.1154 in Epoch [286]
2022-07-14 04:38:02,657 INFO: Epoch: 293 | PSNR: 30.1125 | Loss: 5.5381 | lr: 3.13e-05 | Best_PSNR: 30.1154 in Epoch [286]
2022-07-14 04:38:48,384 INFO: Epoch: 294 | PSNR: 30.1114 | Loss: 5.5698 | lr: 3.13e-05 | Best_PSNR: 30.1154 in Epoch [286]
2022-07-14 04:39:35,889 INFO: Epoch: 295 | PSNR: 30.1142 | Loss: 5.5625 | lr: 3.13e-05 | Best_PSNR: 30.1154 in Epoch [286]
2022-07-14 04:40:22,108 INFO: Epoch: 296 | PSNR: 30.1135 | Loss: 5.5517 | lr: 3.13e-05 | Best_PSNR: 30.1154 in Epoch [286]
2022-07-14 04:41:06,886 INFO: Epoch: 297 | PSNR: 30.1150 | Loss: 5.5983 | lr: 3.13e-05 | Best_PSNR: 30.1154 in Epoch [286]
2022-07-14 04:41:52,012 INFO: Epoch: 298 | PSNR: 30.1121 | Loss: 5.5434 | lr: 3.13e-05 | Best_PSNR: 30.1154 in Epoch [286]
2022-07-14 04:42:38,760 INFO: Epoch: 299 | PSNR: 30.1141 | Loss: 5.5406 | lr: 3.13e-05 | Best_PSNR: 30.1154 in Epoch [286]
2022-07-14 04:43:25,362 INFO: Epoch: 300 | PSNR: 30.1137 | Loss: 5.5300 | lr: 3.13e-05 | Best_PSNR: 30.1154 in Epoch [286]
2022-07-14 04:44:11,709 INFO: Epoch: 301 | PSNR: 30.1161 | Loss: 5.5876 | lr: 1.56e-05 | Best_PSNR: 30.1161 in Epoch [301]
2022-07-14 04:44:58,451 INFO: Epoch: 302 | PSNR: 30.1152 | Loss: 5.5754 | lr: 1.56e-05 | Best_PSNR: 30.1161 in Epoch [301]
2022-07-14 04:45:45,753 INFO: Epoch: 303 | PSNR: 30.1134 | Loss: 5.6114 | lr: 1.56e-05 | Best_PSNR: 30.1161 in Epoch [301]
2022-07-14 04:46:32,558 INFO: Epoch: 304 | PSNR: 30.1154 | Loss: 5.5679 | lr: 1.56e-05 | Best_PSNR: 30.1161 in Epoch [301]
2022-07-14 04:47:20,693 INFO: Epoch: 305 | PSNR: 30.1153 | Loss: 5.5210 | lr: 1.56e-05 | Best_PSNR: 30.1161 in Epoch [301]
2022-07-14 04:48:07,474 INFO: Epoch: 306 | PSNR: 30.1134 | Loss: 5.5858 | lr: 1.56e-05 | Best_PSNR: 30.1161 in Epoch [301]
2022-07-14 04:48:53,665 INFO: Epoch: 307 | PSNR: 30.1141 | Loss: 5.5402 | lr: 1.56e-05 | Best_PSNR: 30.1161 in Epoch [301]
2022-07-14 04:49:40,658 INFO: Epoch: 308 | PSNR: 30.1131 | Loss: 5.5610 | lr: 1.56e-05 | Best_PSNR: 30.1161 in Epoch [301]
2022-07-14 04:50:26,987 INFO: Epoch: 309 | PSNR: 30.1102 | Loss: 5.6111 | lr: 1.56e-05 | Best_PSNR: 30.1161 in Epoch [301]
2022-07-14 04:51:13,608 INFO: Epoch: 310 | PSNR: 30.1140 | Loss: 5.5728 | lr: 1.56e-05 | Best_PSNR: 30.1161 in Epoch [301]
2022-07-14 04:52:00,427 INFO: Epoch: 311 | PSNR: 30.1150 | Loss: 5.6148 | lr: 1.56e-05 | Best_PSNR: 30.1161 in Epoch [301]
2022-07-14 04:52:45,870 INFO: Epoch: 312 | PSNR: 30.1097 | Loss: 5.5422 | lr: 1.56e-05 | Best_PSNR: 30.1161 in Epoch [301]
2022-07-14 04:53:31,857 INFO: Epoch: 313 | PSNR: 30.1106 | Loss: 5.5512 | lr: 1.56e-05 | Best_PSNR: 30.1161 in Epoch [301]
2022-07-14 04:54:17,470 INFO: Epoch: 314 | PSNR: 30.1125 | Loss: 5.5803 | lr: 1.56e-05 | Best_PSNR: 30.1161 in Epoch [301]
2022-07-14 04:55:04,211 INFO: Epoch: 315 | PSNR: 30.1152 | Loss: 5.5388 | lr: 1.56e-05 | Best_PSNR: 30.1161 in Epoch [301]
2022-07-14 04:55:50,740 INFO: Epoch: 316 | PSNR: 30.1147 | Loss: 5.5485 | lr: 1.56e-05 | Best_PSNR: 30.1161 in Epoch [301]
2022-07-14 04:56:35,852 INFO: Epoch: 317 | PSNR: 30.1098 | Loss: 5.5411 | lr: 1.56e-05 | Best_PSNR: 30.1161 in Epoch [301]
2022-07-14 04:57:22,249 INFO: Epoch: 318 | PSNR: 30.1108 | Loss: 5.5597 | lr: 1.56e-05 | Best_PSNR: 30.1161 in Epoch [301]
2022-07-14 04:58:08,337 INFO: Epoch: 319 | PSNR: 30.1127 | Loss: 5.5660 | lr: 1.56e-05 | Best_PSNR: 30.1161 in Epoch [301]
2022-07-14 04:58:53,929 INFO: Epoch: 320 | PSNR: 30.1128 | Loss: 5.5411 | lr: 1.56e-05 | Best_PSNR: 30.1161 in Epoch [301]
2022-07-14 04:59:41,324 INFO: Epoch: 321 | PSNR: 30.1162 | Loss: 5.5443 | lr: 1.56e-05 | Best_PSNR: 30.1162 in Epoch [321]
2022-07-14 05:00:26,321 INFO: Epoch: 322 | PSNR: 30.1113 | Loss: 5.5453 | lr: 1.56e-05 | Best_PSNR: 30.1162 in Epoch [321]
2022-07-14 05:01:12,269 INFO: Epoch: 323 | PSNR: 30.1117 | Loss: 5.5833 | lr: 1.56e-05 | Best_PSNR: 30.1162 in Epoch [321]
2022-07-14 05:01:57,783 INFO: Epoch: 324 | PSNR: 30.1148 | Loss: 5.5504 | lr: 1.56e-05 | Best_PSNR: 30.1162 in Epoch [321]
2022-07-14 05:02:43,213 INFO: Epoch: 325 | PSNR: 30.1138 | Loss: 5.5874 | lr: 1.56e-05 | Best_PSNR: 30.1162 in Epoch [321]
2022-07-14 05:03:29,526 INFO: Epoch: 326 | PSNR: 30.1141 | Loss: 5.5658 | lr: 1.56e-05 | Best_PSNR: 30.1162 in Epoch [321]
2022-07-14 05:04:16,210 INFO: Epoch: 327 | PSNR: 30.1161 | Loss: 5.5485 | lr: 1.56e-05 | Best_PSNR: 30.1162 in Epoch [321]
2022-07-14 05:05:02,357 INFO: Epoch: 328 | PSNR: 30.1108 | Loss: 5.5461 | lr: 1.56e-05 | Best_PSNR: 30.1162 in Epoch [321]
2022-07-14 05:05:49,371 INFO: Epoch: 329 | PSNR: 30.1105 | Loss: 5.5876 | lr: 1.56e-05 | Best_PSNR: 30.1162 in Epoch [321]
2022-07-14 05:06:36,420 INFO: Epoch: 330 | PSNR: 30.1116 | Loss: 5.5863 | lr: 1.56e-05 | Best_PSNR: 30.1162 in Epoch [321]
2022-07-14 05:07:27,088 INFO: Epoch: 331 | PSNR: 30.1148 | Loss: 5.5313 | lr: 1.56e-05 | Best_PSNR: 30.1162 in Epoch [321]
2022-07-14 05:08:19,732 INFO: Epoch: 332 | PSNR: 30.1165 | Loss: 5.5756 | lr: 1.56e-05 | Best_PSNR: 30.1165 in Epoch [332]
2022-07-14 05:09:08,012 INFO: Epoch: 333 | PSNR: 30.1159 | Loss: 5.5916 | lr: 1.56e-05 | Best_PSNR: 30.1165 in Epoch [332]
2022-07-14 05:09:53,206 INFO: Epoch: 334 | PSNR: 30.1146 | Loss: 5.5620 | lr: 1.56e-05 | Best_PSNR: 30.1165 in Epoch [332]
2022-07-14 05:10:37,916 INFO: Epoch: 335 | PSNR: 30.1129 | Loss: 5.5872 | lr: 1.56e-05 | Best_PSNR: 30.1165 in Epoch [332]
2022-07-14 05:11:23,866 INFO: Epoch: 336 | PSNR: 30.1148 | Loss: 5.5693 | lr: 1.56e-05 | Best_PSNR: 30.1165 in Epoch [332]
2022-07-14 05:12:09,498 INFO: Epoch: 337 | PSNR: 30.1125 | Loss: 5.5445 | lr: 1.56e-05 | Best_PSNR: 30.1165 in Epoch [332]
2022-07-14 05:12:56,185 INFO: Epoch: 338 | PSNR: 30.1123 | Loss: 5.5893 | lr: 1.56e-05 | Best_PSNR: 30.1165 in Epoch [332]
2022-07-14 05:13:42,644 INFO: Epoch: 339 | PSNR: 30.1149 | Loss: 5.5859 | lr: 1.56e-05 | Best_PSNR: 30.1165 in Epoch [332]
2022-07-14 05:14:27,455 INFO: Epoch: 340 | PSNR: 30.1122 | Loss: 5.5479 | lr: 1.56e-05 | Best_PSNR: 30.1165 in Epoch [332]
2022-07-14 05:15:12,609 INFO: Epoch: 341 | PSNR: 30.1140 | Loss: 5.5721 | lr: 1.56e-05 | Best_PSNR: 30.1165 in Epoch [332]
2022-07-14 05:15:59,369 INFO: Epoch: 342 | PSNR: 30.1161 | Loss: 5.5694 | lr: 1.56e-05 | Best_PSNR: 30.1165 in Epoch [332]
2022-07-14 05:16:44,375 INFO: Epoch: 343 | PSNR: 30.1145 | Loss: 5.5671 | lr: 1.56e-05 | Best_PSNR: 30.1165 in Epoch [332]
2022-07-14 05:17:30,610 INFO: Epoch: 344 | PSNR: 30.1136 | Loss: 5.5582 | lr: 1.56e-05 | Best_PSNR: 30.1165 in Epoch [332]
2022-07-14 05:18:17,500 INFO: Epoch: 345 | PSNR: 30.1144 | Loss: 5.5153 | lr: 1.56e-05 | Best_PSNR: 30.1165 in Epoch [332]
2022-07-14 05:19:04,277 INFO: Epoch: 346 | PSNR: 30.1132 | Loss: 5.5736 | lr: 1.56e-05 | Best_PSNR: 30.1165 in Epoch [332]
2022-07-14 05:19:51,038 INFO: Epoch: 347 | PSNR: 30.1145 | Loss: 5.5334 | lr: 1.56e-05 | Best_PSNR: 30.1165 in Epoch [332]
2022-07-14 05:20:36,402 INFO: Epoch: 348 | PSNR: 30.1155 | Loss: 5.5432 | lr: 1.56e-05 | Best_PSNR: 30.1165 in Epoch [332]
2022-07-14 05:21:23,143 INFO: Epoch: 349 | PSNR: 30.1146 | Loss: 5.5091 | lr: 1.56e-05 | Best_PSNR: 30.1165 in Epoch [332]
2022-07-14 05:22:09,951 INFO: Epoch: 350 | PSNR: 30.1169 | Loss: 5.5723 | lr: 1.56e-05 | Best_PSNR: 30.1169 in Epoch [350]
