2022-07-13 19:08:25,056 INFO: Create train dataset successfully!
2022-07-13 19:08:25,056 INFO: Training: [1000] iterations for each epoch
2022-07-13 19:08:25,056 INFO: Create val dataset successfully!
2022-07-13 19:08:25,056 INFO: Validating: [100] iterations for each epoch
2022-07-13 19:08:25,056 INFO: Preparing for experiment: [trial7]
2022-07-13 19:08:25,683 INFO: Create model successfully! Params: [35.95]K
2022-07-13 19:08:25,684 INFO: Model: "model"
2022-07-13 19:08:25,684 INFO: __________________________________________________________________________________________________
2022-07-13 19:08:25,685 INFO: Layer (type)                    Output Shape         Param #     Connected to                     
2022-07-13 19:08:25,685 INFO: ==================================================================================================
2022-07-13 19:08:25,685 INFO: input_1 (InputLayer)            [(None, None, None,  0                                            
2022-07-13 19:08:25,685 INFO: __________________________________________________________________________________________________
2022-07-13 19:08:25,685 INFO: conv2d (Conv2D)                 (None, None, None, 2 784         input_1[0][0]                    
2022-07-13 19:08:25,685 INFO: __________________________________________________________________________________________________
2022-07-13 19:08:25,685 INFO: conv2d_1 (Conv2D)               (None, None, None, 2 7084        conv2d[0][0]                     
2022-07-13 19:08:25,685 INFO: __________________________________________________________________________________________________
2022-07-13 19:08:25,685 INFO: conv2d_2 (Conv2D)               (None, None, None, 2 7084        conv2d_1[0][0]                   
2022-07-13 19:08:25,685 INFO: __________________________________________________________________________________________________
2022-07-13 19:08:25,686 INFO: conv2d_3 (Conv2D)               (None, None, None, 2 7084        conv2d_2[0][0]                   
2022-07-13 19:08:25,686 INFO: __________________________________________________________________________________________________
2022-07-13 19:08:25,686 INFO: conv2d_4 (Conv2D)               (None, None, None, 2 7084        conv2d_3[0][0]                   
2022-07-13 19:08:25,686 INFO: __________________________________________________________________________________________________
2022-07-13 19:08:25,686 INFO: lambda (Lambda)                 (None, None, None, 2 0           input_1[0][0]                    
2022-07-13 19:08:25,686 INFO:                                                                  input_1[0][0]                    
2022-07-13 19:08:25,686 INFO:                                                                  input_1[0][0]                    
2022-07-13 19:08:25,686 INFO:                                                                  input_1[0][0]                    
2022-07-13 19:08:25,686 INFO:                                                                  input_1[0][0]                    
2022-07-13 19:08:25,686 INFO:                                                                  input_1[0][0]                    
2022-07-13 19:08:25,686 INFO:                                                                  input_1[0][0]                    
2022-07-13 19:08:25,686 INFO:                                                                  input_1[0][0]                    
2022-07-13 19:08:25,686 INFO:                                                                  input_1[0][0]                    
2022-07-13 19:08:25,686 INFO: __________________________________________________________________________________________________
2022-07-13 19:08:25,686 INFO: conv2d_5 (Conv2D)               (None, None, None, 2 6831        conv2d_4[0][0]                   
2022-07-13 19:08:25,686 INFO: __________________________________________________________________________________________________
2022-07-13 19:08:25,687 INFO: add (Add)                       (None, None, None, 2 0           lambda[0][0]                     
2022-07-13 19:08:25,687 INFO:                                                                  conv2d_5[0][0]                   
2022-07-13 19:08:25,687 INFO: __________________________________________________________________________________________________
2022-07-13 19:08:25,687 INFO: lambda_1 (Lambda)               (None, None, None, 3 0           add[0][0]                        
2022-07-13 19:08:25,687 INFO: ==================================================================================================
2022-07-13 19:08:25,687 INFO: Total params: 35,951
2022-07-13 19:08:25,687 INFO: Trainable params: 35,951
2022-07-13 19:08:25,687 INFO: Non-trainable params: 0
2022-07-13 19:08:25,687 INFO: __________________________________________________________________________________________________
2022-07-13 19:08:25,688 INFO: Start training...
2022-07-13 19:09:06,177 INFO: Epoch: 1 | PSNR: 26.9244 | Loss: 6.3204 | lr: 1.00e-03 | Best_PSNR: 26.9244 in Epoch [1]
2022-07-13 19:09:41,401 INFO: Epoch: 2 | PSNR: 28.1046 | Loss: 5.9771 | lr: 1.00e-03 | Best_PSNR: 28.1046 in Epoch [2]
2022-07-13 19:10:14,250 INFO: Epoch: 3 | PSNR: 29.1048 | Loss: 5.8771 | lr: 1.00e-03 | Best_PSNR: 29.1048 in Epoch [3]
2022-07-13 19:10:48,538 INFO: Epoch: 4 | PSNR: 29.4982 | Loss: 5.7916 | lr: 1.00e-03 | Best_PSNR: 29.4982 in Epoch [4]
2022-07-13 19:11:21,330 INFO: Epoch: 5 | PSNR: 29.6674 | Loss: 5.7506 | lr: 1.00e-03 | Best_PSNR: 29.6674 in Epoch [5]
2022-07-13 19:11:54,845 INFO: Epoch: 6 | PSNR: 29.7401 | Loss: 5.7579 | lr: 1.00e-03 | Best_PSNR: 29.7401 in Epoch [6]
2022-07-13 19:12:27,037 INFO: Epoch: 7 | PSNR: 29.7768 | Loss: 5.7579 | lr: 1.00e-03 | Best_PSNR: 29.7768 in Epoch [7]
2022-07-13 19:12:59,584 INFO: Epoch: 8 | PSNR: 29.7985 | Loss: 5.7240 | lr: 1.00e-03 | Best_PSNR: 29.7985 in Epoch [8]
2022-07-13 19:13:33,171 INFO: Epoch: 9 | PSNR: 29.8228 | Loss: 5.7038 | lr: 1.00e-03 | Best_PSNR: 29.8228 in Epoch [9]
2022-07-13 19:14:05,223 INFO: Epoch: 10 | PSNR: 29.8115 | Loss: 5.6960 | lr: 1.00e-03 | Best_PSNR: 29.8228 in Epoch [9]
2022-07-13 19:14:37,685 INFO: Epoch: 11 | PSNR: 29.8401 | Loss: 5.6556 | lr: 1.00e-03 | Best_PSNR: 29.8401 in Epoch [11]
2022-07-13 19:15:10,813 INFO: Epoch: 12 | PSNR: 29.8603 | Loss: 5.6431 | lr: 1.00e-03 | Best_PSNR: 29.8603 in Epoch [12]
2022-07-13 19:15:43,758 INFO: Epoch: 13 | PSNR: 29.8733 | Loss: 5.6825 | lr: 1.00e-03 | Best_PSNR: 29.8733 in Epoch [13]
2022-07-13 19:16:16,319 INFO: Epoch: 14 | PSNR: 29.8762 | Loss: 5.6987 | lr: 1.00e-03 | Best_PSNR: 29.8762 in Epoch [14]
2022-07-13 19:16:48,496 INFO: Epoch: 15 | PSNR: 29.8819 | Loss: 5.7109 | lr: 1.00e-03 | Best_PSNR: 29.8819 in Epoch [15]
2022-07-13 19:17:20,928 INFO: Epoch: 16 | PSNR: 29.8927 | Loss: 5.6693 | lr: 1.00e-03 | Best_PSNR: 29.8927 in Epoch [16]
2022-07-13 19:17:52,901 INFO: Epoch: 17 | PSNR: 29.8977 | Loss: 5.6617 | lr: 1.00e-03 | Best_PSNR: 29.8977 in Epoch [17]
2022-07-13 19:18:24,713 INFO: Epoch: 18 | PSNR: 29.9069 | Loss: 5.6956 | lr: 1.00e-03 | Best_PSNR: 29.9069 in Epoch [18]
2022-07-13 19:18:56,786 INFO: Epoch: 19 | PSNR: 29.9104 | Loss: 5.6860 | lr: 1.00e-03 | Best_PSNR: 29.9104 in Epoch [19]
2022-07-13 19:19:28,483 INFO: Epoch: 20 | PSNR: 29.9147 | Loss: 5.6324 | lr: 1.00e-03 | Best_PSNR: 29.9147 in Epoch [20]
2022-07-13 19:20:00,307 INFO: Epoch: 21 | PSNR: 29.9196 | Loss: 5.5743 | lr: 1.00e-03 | Best_PSNR: 29.9196 in Epoch [21]
2022-07-13 19:20:32,369 INFO: Epoch: 22 | PSNR: 29.9232 | Loss: 5.6586 | lr: 1.00e-03 | Best_PSNR: 29.9232 in Epoch [22]
2022-07-13 19:21:04,482 INFO: Epoch: 23 | PSNR: 29.9296 | Loss: 5.5840 | lr: 1.00e-03 | Best_PSNR: 29.9296 in Epoch [23]
2022-07-13 19:21:36,766 INFO: Epoch: 24 | PSNR: 29.9320 | Loss: 5.6237 | lr: 1.00e-03 | Best_PSNR: 29.9320 in Epoch [24]
2022-07-13 19:22:09,403 INFO: Epoch: 25 | PSNR: 29.9372 | Loss: 5.6403 | lr: 1.00e-03 | Best_PSNR: 29.9372 in Epoch [25]
2022-07-13 19:22:42,087 INFO: Epoch: 26 | PSNR: 29.9410 | Loss: 5.6133 | lr: 1.00e-03 | Best_PSNR: 29.9410 in Epoch [26]
2022-07-13 19:23:13,875 INFO: Epoch: 27 | PSNR: 29.9221 | Loss: 5.6395 | lr: 1.00e-03 | Best_PSNR: 29.9410 in Epoch [26]
2022-07-13 19:23:46,985 INFO: Epoch: 28 | PSNR: 29.9395 | Loss: 5.6628 | lr: 1.00e-03 | Best_PSNR: 29.9410 in Epoch [26]
2022-07-13 19:24:19,362 INFO: Epoch: 29 | PSNR: 29.9432 | Loss: 5.6523 | lr: 1.00e-03 | Best_PSNR: 29.9432 in Epoch [29]
2022-07-13 19:24:51,626 INFO: Epoch: 30 | PSNR: 29.9470 | Loss: 5.6539 | lr: 1.00e-03 | Best_PSNR: 29.9470 in Epoch [30]
2022-07-13 19:25:23,346 INFO: Epoch: 31 | PSNR: 29.9520 | Loss: 5.6444 | lr: 1.00e-03 | Best_PSNR: 29.9520 in Epoch [31]
2022-07-13 19:25:55,456 INFO: Epoch: 32 | PSNR: 29.9548 | Loss: 5.6066 | lr: 1.00e-03 | Best_PSNR: 29.9548 in Epoch [32]
2022-07-13 19:26:26,874 INFO: Epoch: 33 | PSNR: 29.9522 | Loss: 5.6431 | lr: 1.00e-03 | Best_PSNR: 29.9548 in Epoch [32]
2022-07-13 19:26:59,376 INFO: Epoch: 34 | PSNR: 29.9553 | Loss: 5.5906 | lr: 1.00e-03 | Best_PSNR: 29.9553 in Epoch [34]
2022-07-13 19:27:32,086 INFO: Epoch: 35 | PSNR: 29.9582 | Loss: 5.6830 | lr: 1.00e-03 | Best_PSNR: 29.9582 in Epoch [35]
2022-07-13 19:28:03,593 INFO: Epoch: 36 | PSNR: 29.9618 | Loss: 5.6358 | lr: 1.00e-03 | Best_PSNR: 29.9618 in Epoch [36]
2022-07-13 19:28:35,717 INFO: Epoch: 37 | PSNR: 29.9647 | Loss: 5.6126 | lr: 1.00e-03 | Best_PSNR: 29.9647 in Epoch [37]
2022-07-13 19:29:09,837 INFO: Epoch: 38 | PSNR: 29.9687 | Loss: 5.6274 | lr: 1.00e-03 | Best_PSNR: 29.9687 in Epoch [38]
2022-07-13 19:29:41,294 INFO: Epoch: 39 | PSNR: 29.9448 | Loss: 5.6232 | lr: 1.00e-03 | Best_PSNR: 29.9687 in Epoch [38]
2022-07-13 19:30:12,189 INFO: Epoch: 40 | PSNR: 29.9655 | Loss: 5.5710 | lr: 1.00e-03 | Best_PSNR: 29.9687 in Epoch [38]
2022-07-13 19:30:43,947 INFO: Epoch: 41 | PSNR: 29.9633 | Loss: 5.6859 | lr: 1.00e-03 | Best_PSNR: 29.9687 in Epoch [38]
2022-07-13 19:31:15,427 INFO: Epoch: 42 | PSNR: 29.9638 | Loss: 5.6185 | lr: 1.00e-03 | Best_PSNR: 29.9687 in Epoch [38]
2022-07-13 19:31:48,324 INFO: Epoch: 43 | PSNR: 29.9729 | Loss: 5.6276 | lr: 1.00e-03 | Best_PSNR: 29.9729 in Epoch [43]
2022-07-13 19:32:19,881 INFO: Epoch: 44 | PSNR: 29.9787 | Loss: 5.6201 | lr: 1.00e-03 | Best_PSNR: 29.9787 in Epoch [44]
2022-07-13 19:32:51,354 INFO: Epoch: 45 | PSNR: 29.9790 | Loss: 5.6324 | lr: 1.00e-03 | Best_PSNR: 29.9790 in Epoch [45]
2022-07-13 19:33:22,755 INFO: Epoch: 46 | PSNR: 29.9751 | Loss: 5.6022 | lr: 1.00e-03 | Best_PSNR: 29.9790 in Epoch [45]
2022-07-13 19:33:54,984 INFO: Epoch: 47 | PSNR: 29.9810 | Loss: 5.6020 | lr: 1.00e-03 | Best_PSNR: 29.9810 in Epoch [47]
2022-07-13 19:34:26,390 INFO: Epoch: 48 | PSNR: 29.9799 | Loss: 5.6347 | lr: 1.00e-03 | Best_PSNR: 29.9810 in Epoch [47]
2022-07-13 19:34:59,302 INFO: Epoch: 49 | PSNR: 29.9834 | Loss: 5.5944 | lr: 1.00e-03 | Best_PSNR: 29.9834 in Epoch [49]
2022-07-13 19:35:30,946 INFO: Epoch: 50 | PSNR: 29.9843 | Loss: 5.6424 | lr: 1.00e-03 | Best_PSNR: 29.9843 in Epoch [50]
2022-07-13 19:36:03,454 INFO: Epoch: 51 | PSNR: 29.9867 | Loss: 5.5618 | lr: 1.00e-03 | Best_PSNR: 29.9867 in Epoch [51]
2022-07-13 19:36:35,691 INFO: Epoch: 52 | PSNR: 29.9892 | Loss: 5.6545 | lr: 1.00e-03 | Best_PSNR: 29.9892 in Epoch [52]
2022-07-13 19:37:08,170 INFO: Epoch: 53 | PSNR: 29.9898 | Loss: 5.6493 | lr: 1.00e-03 | Best_PSNR: 29.9898 in Epoch [53]
2022-07-13 19:37:41,098 INFO: Epoch: 54 | PSNR: 29.9866 | Loss: 5.5990 | lr: 1.00e-03 | Best_PSNR: 29.9898 in Epoch [53]
2022-07-13 19:38:14,299 INFO: Epoch: 55 | PSNR: 29.9913 | Loss: 5.5915 | lr: 1.00e-03 | Best_PSNR: 29.9913 in Epoch [55]
2022-07-13 19:38:47,028 INFO: Epoch: 56 | PSNR: 29.9925 | Loss: 5.6186 | lr: 1.00e-03 | Best_PSNR: 29.9925 in Epoch [56]
2022-07-13 19:39:20,383 INFO: Epoch: 57 | PSNR: 29.9939 | Loss: 5.6531 | lr: 1.00e-03 | Best_PSNR: 29.9939 in Epoch [57]
2022-07-13 19:39:53,004 INFO: Epoch: 58 | PSNR: 29.9938 | Loss: 5.5548 | lr: 1.00e-03 | Best_PSNR: 29.9939 in Epoch [57]
2022-07-13 19:40:25,454 INFO: Epoch: 59 | PSNR: 29.9951 | Loss: 5.6356 | lr: 1.00e-03 | Best_PSNR: 29.9951 in Epoch [59]
2022-07-13 19:40:58,125 INFO: Epoch: 60 | PSNR: 29.9967 | Loss: 5.6062 | lr: 1.00e-03 | Best_PSNR: 29.9967 in Epoch [60]
2022-07-13 19:41:31,004 INFO: Epoch: 61 | PSNR: 29.9980 | Loss: 5.6050 | lr: 1.00e-03 | Best_PSNR: 29.9980 in Epoch [61]
2022-07-13 19:42:03,345 INFO: Epoch: 62 | PSNR: 30.0005 | Loss: 5.6694 | lr: 1.00e-03 | Best_PSNR: 30.0005 in Epoch [62]
2022-07-13 19:42:36,705 INFO: Epoch: 63 | PSNR: 29.9960 | Loss: 5.5905 | lr: 1.00e-03 | Best_PSNR: 30.0005 in Epoch [62]
2022-07-13 19:43:08,129 INFO: Epoch: 64 | PSNR: 29.9990 | Loss: 5.6023 | lr: 1.00e-03 | Best_PSNR: 30.0005 in Epoch [62]
2022-07-13 19:43:39,939 INFO: Epoch: 65 | PSNR: 29.9854 | Loss: 5.6498 | lr: 1.00e-03 | Best_PSNR: 30.0005 in Epoch [62]
2022-07-13 19:44:11,480 INFO: Epoch: 66 | PSNR: 29.9940 | Loss: 5.5562 | lr: 1.00e-03 | Best_PSNR: 30.0005 in Epoch [62]
2022-07-13 19:44:43,072 INFO: Epoch: 67 | PSNR: 29.9974 | Loss: 5.5765 | lr: 1.00e-03 | Best_PSNR: 30.0005 in Epoch [62]
2022-07-13 19:45:17,146 INFO: Epoch: 68 | PSNR: 30.0022 | Loss: 5.6064 | lr: 1.00e-03 | Best_PSNR: 30.0022 in Epoch [68]
2022-07-13 19:45:48,755 INFO: Epoch: 69 | PSNR: 30.0026 | Loss: 5.6291 | lr: 1.00e-03 | Best_PSNR: 30.0026 in Epoch [69]
2022-07-13 19:46:20,727 INFO: Epoch: 70 | PSNR: 30.0053 | Loss: 5.5782 | lr: 1.00e-03 | Best_PSNR: 30.0053 in Epoch [70]
2022-07-13 19:46:52,159 INFO: Epoch: 71 | PSNR: 30.0066 | Loss: 5.6301 | lr: 1.00e-03 | Best_PSNR: 30.0066 in Epoch [71]
2022-07-13 19:47:24,306 INFO: Epoch: 72 | PSNR: 30.0069 | Loss: 5.6238 | lr: 1.00e-03 | Best_PSNR: 30.0069 in Epoch [72]
2022-07-13 19:47:56,918 INFO: Epoch: 73 | PSNR: 30.0077 | Loss: 5.5668 | lr: 1.00e-03 | Best_PSNR: 30.0077 in Epoch [73]
2022-07-13 19:48:29,591 INFO: Epoch: 74 | PSNR: 30.0080 | Loss: 5.6070 | lr: 1.00e-03 | Best_PSNR: 30.0080 in Epoch [74]
2022-07-13 19:49:01,969 INFO: Epoch: 75 | PSNR: 30.0080 | Loss: 5.5885 | lr: 1.00e-03 | Best_PSNR: 30.0080 in Epoch [75]
2022-07-13 19:49:34,893 INFO: Epoch: 76 | PSNR: 30.0095 | Loss: 5.6419 | lr: 1.00e-03 | Best_PSNR: 30.0095 in Epoch [76]
2022-07-13 19:50:07,361 INFO: Epoch: 77 | PSNR: 30.0100 | Loss: 5.5810 | lr: 1.00e-03 | Best_PSNR: 30.0100 in Epoch [77]
2022-07-13 19:50:39,348 INFO: Epoch: 78 | PSNR: 30.0042 | Loss: 5.5728 | lr: 1.00e-03 | Best_PSNR: 30.0100 in Epoch [77]
2022-07-13 19:51:11,149 INFO: Epoch: 79 | PSNR: 30.0099 | Loss: 5.5621 | lr: 1.00e-03 | Best_PSNR: 30.0100 in Epoch [77]
2022-07-13 19:51:45,384 INFO: Epoch: 80 | PSNR: 30.0109 | Loss: 5.5562 | lr: 1.00e-03 | Best_PSNR: 30.0109 in Epoch [80]
2022-07-13 19:52:17,796 INFO: Epoch: 81 | PSNR: 30.0107 | Loss: 5.6005 | lr: 1.00e-03 | Best_PSNR: 30.0109 in Epoch [80]
2022-07-13 19:52:49,957 INFO: Epoch: 82 | PSNR: 30.0127 | Loss: 5.6371 | lr: 1.00e-03 | Best_PSNR: 30.0127 in Epoch [82]
2022-07-13 19:53:21,370 INFO: Epoch: 83 | PSNR: 30.0100 | Loss: 5.6249 | lr: 1.00e-03 | Best_PSNR: 30.0127 in Epoch [82]
2022-07-13 19:53:53,063 INFO: Epoch: 84 | PSNR: 30.0126 | Loss: 5.6101 | lr: 1.00e-03 | Best_PSNR: 30.0127 in Epoch [82]
2022-07-13 19:54:25,061 INFO: Epoch: 85 | PSNR: 30.0137 | Loss: 5.5765 | lr: 1.00e-03 | Best_PSNR: 30.0137 in Epoch [85]
2022-07-13 19:54:56,044 INFO: Epoch: 86 | PSNR: 30.0152 | Loss: 5.6348 | lr: 1.00e-03 | Best_PSNR: 30.0152 in Epoch [86]
2022-07-13 19:55:28,386 INFO: Epoch: 87 | PSNR: 30.0175 | Loss: 5.5938 | lr: 1.00e-03 | Best_PSNR: 30.0175 in Epoch [87]
2022-07-13 19:56:00,086 INFO: Epoch: 88 | PSNR: 30.0170 | Loss: 5.5881 | lr: 1.00e-03 | Best_PSNR: 30.0175 in Epoch [87]
2022-07-13 19:56:32,622 INFO: Epoch: 89 | PSNR: 30.0170 | Loss: 5.6059 | lr: 1.00e-03 | Best_PSNR: 30.0175 in Epoch [87]
2022-07-13 19:57:04,352 INFO: Epoch: 90 | PSNR: 30.0171 | Loss: 5.5429 | lr: 1.00e-03 | Best_PSNR: 30.0175 in Epoch [87]
2022-07-13 19:57:37,905 INFO: Epoch: 91 | PSNR: 30.0175 | Loss: 5.5776 | lr: 1.00e-03 | Best_PSNR: 30.0175 in Epoch [91]
2022-07-13 19:58:10,647 INFO: Epoch: 92 | PSNR: 30.0178 | Loss: 5.5838 | lr: 1.00e-03 | Best_PSNR: 30.0178 in Epoch [92]
2022-07-13 19:58:42,377 INFO: Epoch: 93 | PSNR: 30.0173 | Loss: 5.6112 | lr: 1.00e-03 | Best_PSNR: 30.0178 in Epoch [92]
2022-07-13 19:59:15,535 INFO: Epoch: 94 | PSNR: 30.0190 | Loss: 5.5773 | lr: 1.00e-03 | Best_PSNR: 30.0190 in Epoch [94]
2022-07-13 19:59:48,471 INFO: Epoch: 95 | PSNR: 30.0217 | Loss: 5.5788 | lr: 1.00e-03 | Best_PSNR: 30.0217 in Epoch [95]
2022-07-13 20:00:19,900 INFO: Epoch: 96 | PSNR: 30.0193 | Loss: 5.5356 | lr: 1.00e-03 | Best_PSNR: 30.0217 in Epoch [95]
2022-07-13 20:00:52,511 INFO: Epoch: 97 | PSNR: 30.0196 | Loss: 5.6182 | lr: 1.00e-03 | Best_PSNR: 30.0217 in Epoch [95]
2022-07-13 20:01:24,882 INFO: Epoch: 98 | PSNR: 30.0225 | Loss: 5.6206 | lr: 1.00e-03 | Best_PSNR: 30.0225 in Epoch [98]
2022-07-13 20:02:01,137 INFO: Epoch: 99 | PSNR: 30.0231 | Loss: 5.5661 | lr: 1.00e-03 | Best_PSNR: 30.0231 in Epoch [99]
2022-07-13 20:02:34,444 INFO: Epoch: 100 | PSNR: 30.0242 | Loss: 5.6092 | lr: 1.00e-03 | Best_PSNR: 30.0242 in Epoch [100]
2022-07-13 20:03:06,784 INFO: Epoch: 101 | PSNR: 30.0240 | Loss: 5.6330 | lr: 1.00e-03 | Best_PSNR: 30.0242 in Epoch [100]
2022-07-13 20:03:38,749 INFO: Epoch: 102 | PSNR: 30.0241 | Loss: 5.6029 | lr: 1.00e-03 | Best_PSNR: 30.0242 in Epoch [100]
2022-07-13 20:04:11,119 INFO: Epoch: 103 | PSNR: 30.0251 | Loss: 5.5980 | lr: 1.00e-03 | Best_PSNR: 30.0251 in Epoch [103]
2022-07-13 20:04:42,997 INFO: Epoch: 104 | PSNR: 30.0242 | Loss: 5.6054 | lr: 1.00e-03 | Best_PSNR: 30.0251 in Epoch [103]
2022-07-13 20:05:17,233 INFO: Epoch: 105 | PSNR: 30.0248 | Loss: 5.6282 | lr: 1.00e-03 | Best_PSNR: 30.0251 in Epoch [103]
2022-07-13 20:05:49,262 INFO: Epoch: 106 | PSNR: 30.0247 | Loss: 5.6085 | lr: 1.00e-03 | Best_PSNR: 30.0251 in Epoch [103]
2022-07-13 20:06:23,591 INFO: Epoch: 107 | PSNR: 30.0202 | Loss: 5.6168 | lr: 1.00e-03 | Best_PSNR: 30.0251 in Epoch [103]
2022-07-13 20:06:56,188 INFO: Epoch: 108 | PSNR: 30.0229 | Loss: 5.5656 | lr: 1.00e-03 | Best_PSNR: 30.0251 in Epoch [103]
2022-07-13 20:07:28,295 INFO: Epoch: 109 | PSNR: 30.0270 | Loss: 5.5520 | lr: 1.00e-03 | Best_PSNR: 30.0270 in Epoch [109]
2022-07-13 20:08:00,027 INFO: Epoch: 110 | PSNR: 30.0285 | Loss: 5.5482 | lr: 1.00e-03 | Best_PSNR: 30.0285 in Epoch [110]
2022-07-13 20:08:32,595 INFO: Epoch: 111 | PSNR: 30.0292 | Loss: 5.5823 | lr: 1.00e-03 | Best_PSNR: 30.0292 in Epoch [111]
2022-07-13 20:09:06,252 INFO: Epoch: 112 | PSNR: 30.0217 | Loss: 5.6390 | lr: 1.00e-03 | Best_PSNR: 30.0292 in Epoch [111]
2022-07-13 20:09:40,134 INFO: Epoch: 113 | PSNR: 30.0282 | Loss: 5.5800 | lr: 1.00e-03 | Best_PSNR: 30.0292 in Epoch [111]
2022-07-13 20:10:12,682 INFO: Epoch: 114 | PSNR: 30.0268 | Loss: 5.6581 | lr: 1.00e-03 | Best_PSNR: 30.0292 in Epoch [111]
2022-07-13 20:10:44,819 INFO: Epoch: 115 | PSNR: 30.0289 | Loss: 5.5874 | lr: 1.00e-03 | Best_PSNR: 30.0292 in Epoch [111]
2022-07-13 20:11:18,191 INFO: Epoch: 116 | PSNR: 30.0295 | Loss: 5.5861 | lr: 1.00e-03 | Best_PSNR: 30.0295 in Epoch [116]
2022-07-13 20:11:51,907 INFO: Epoch: 117 | PSNR: 30.0278 | Loss: 5.6116 | lr: 1.00e-03 | Best_PSNR: 30.0295 in Epoch [116]
2022-07-13 20:12:24,476 INFO: Epoch: 118 | PSNR: 30.0321 | Loss: 5.5547 | lr: 1.00e-03 | Best_PSNR: 30.0321 in Epoch [118]
2022-07-13 20:12:56,449 INFO: Epoch: 119 | PSNR: 30.0317 | Loss: 5.5914 | lr: 1.00e-03 | Best_PSNR: 30.0321 in Epoch [118]
2022-07-13 20:13:33,060 INFO: Epoch: 120 | PSNR: 30.0325 | Loss: 5.5923 | lr: 1.00e-03 | Best_PSNR: 30.0325 in Epoch [120]
2022-07-13 20:14:05,940 INFO: Epoch: 121 | PSNR: 30.0377 | Loss: 5.5407 | lr: 5.00e-04 | Best_PSNR: 30.0377 in Epoch [121]
2022-07-13 20:14:39,471 INFO: Epoch: 122 | PSNR: 30.0405 | Loss: 5.5599 | lr: 5.00e-04 | Best_PSNR: 30.0405 in Epoch [122]
2022-07-13 20:15:12,224 INFO: Epoch: 123 | PSNR: 30.0411 | Loss: 5.5474 | lr: 5.00e-04 | Best_PSNR: 30.0411 in Epoch [123]
2022-07-13 20:15:44,716 INFO: Epoch: 124 | PSNR: 30.0425 | Loss: 5.5508 | lr: 5.00e-04 | Best_PSNR: 30.0425 in Epoch [124]
2022-07-13 20:16:17,368 INFO: Epoch: 125 | PSNR: 30.0429 | Loss: 5.5464 | lr: 5.00e-04 | Best_PSNR: 30.0429 in Epoch [125]
2022-07-13 20:16:52,070 INFO: Epoch: 126 | PSNR: 30.0448 | Loss: 5.5370 | lr: 5.00e-04 | Best_PSNR: 30.0448 in Epoch [126]
2022-07-13 20:17:25,800 INFO: Epoch: 127 | PSNR: 30.0452 | Loss: 5.5521 | lr: 5.00e-04 | Best_PSNR: 30.0452 in Epoch [127]
2022-07-13 20:17:57,916 INFO: Epoch: 128 | PSNR: 30.0448 | Loss: 5.5660 | lr: 5.00e-04 | Best_PSNR: 30.0452 in Epoch [127]
2022-07-13 20:18:30,682 INFO: Epoch: 129 | PSNR: 30.0462 | Loss: 5.5273 | lr: 5.00e-04 | Best_PSNR: 30.0462 in Epoch [129]
2022-07-13 20:19:02,985 INFO: Epoch: 130 | PSNR: 30.0475 | Loss: 5.5708 | lr: 5.00e-04 | Best_PSNR: 30.0475 in Epoch [130]
2022-07-13 20:19:35,361 INFO: Epoch: 131 | PSNR: 30.0474 | Loss: 5.5423 | lr: 5.00e-04 | Best_PSNR: 30.0475 in Epoch [130]
2022-07-13 20:20:06,977 INFO: Epoch: 132 | PSNR: 30.0477 | Loss: 5.5268 | lr: 5.00e-04 | Best_PSNR: 30.0477 in Epoch [132]
2022-07-13 20:20:38,729 INFO: Epoch: 133 | PSNR: 30.0479 | Loss: 5.5158 | lr: 5.00e-04 | Best_PSNR: 30.0479 in Epoch [133]
2022-07-13 20:21:10,278 INFO: Epoch: 134 | PSNR: 30.0485 | Loss: 5.5533 | lr: 5.00e-04 | Best_PSNR: 30.0485 in Epoch [134]
2022-07-13 20:21:41,965 INFO: Epoch: 135 | PSNR: 30.0491 | Loss: 5.5651 | lr: 5.00e-04 | Best_PSNR: 30.0491 in Epoch [135]
2022-07-13 20:22:15,004 INFO: Epoch: 136 | PSNR: 30.0493 | Loss: 5.6188 | lr: 5.00e-04 | Best_PSNR: 30.0493 in Epoch [136]
2022-07-13 20:22:48,613 INFO: Epoch: 137 | PSNR: 30.0495 | Loss: 5.5520 | lr: 5.00e-04 | Best_PSNR: 30.0495 in Epoch [137]
2022-07-13 20:23:22,391 INFO: Epoch: 138 | PSNR: 30.0500 | Loss: 5.5412 | lr: 5.00e-04 | Best_PSNR: 30.0500 in Epoch [138]
2022-07-13 20:23:54,566 INFO: Epoch: 139 | PSNR: 30.0499 | Loss: 5.5815 | lr: 5.00e-04 | Best_PSNR: 30.0500 in Epoch [138]
2022-07-13 20:24:27,684 INFO: Epoch: 140 | PSNR: 30.0506 | Loss: 5.5713 | lr: 5.00e-04 | Best_PSNR: 30.0506 in Epoch [140]
2022-07-13 20:25:08,569 INFO: Epoch: 141 | PSNR: 30.0511 | Loss: 5.5782 | lr: 5.00e-04 | Best_PSNR: 30.0511 in Epoch [141]
2022-07-13 20:25:41,552 INFO: Epoch: 142 | PSNR: 30.0507 | Loss: 5.5286 | lr: 5.00e-04 | Best_PSNR: 30.0511 in Epoch [141]
2022-07-13 20:26:13,184 INFO: Epoch: 143 | PSNR: 30.0503 | Loss: 5.5551 | lr: 5.00e-04 | Best_PSNR: 30.0511 in Epoch [141]
2022-07-13 20:26:44,886 INFO: Epoch: 144 | PSNR: 30.0506 | Loss: 5.5697 | lr: 5.00e-04 | Best_PSNR: 30.0511 in Epoch [141]
2022-07-13 20:27:21,315 INFO: Epoch: 145 | PSNR: 30.0509 | Loss: 5.5337 | lr: 5.00e-04 | Best_PSNR: 30.0511 in Epoch [141]
2022-07-13 20:27:54,139 INFO: Epoch: 146 | PSNR: 30.0520 | Loss: 5.5290 | lr: 5.00e-04 | Best_PSNR: 30.0520 in Epoch [146]
2022-07-13 20:28:26,189 INFO: Epoch: 147 | PSNR: 30.0524 | Loss: 5.5891 | lr: 5.00e-04 | Best_PSNR: 30.0524 in Epoch [147]
2022-07-13 20:28:59,387 INFO: Epoch: 148 | PSNR: 30.0529 | Loss: 5.5278 | lr: 5.00e-04 | Best_PSNR: 30.0529 in Epoch [148]
2022-07-13 20:29:30,440 INFO: Epoch: 149 | PSNR: 30.0524 | Loss: 5.5728 | lr: 5.00e-04 | Best_PSNR: 30.0529 in Epoch [148]
2022-07-13 20:30:01,778 INFO: Epoch: 150 | PSNR: 30.0524 | Loss: 5.5418 | lr: 5.00e-04 | Best_PSNR: 30.0529 in Epoch [148]
2022-07-13 20:30:32,886 INFO: Epoch: 151 | PSNR: 30.0527 | Loss: 5.5475 | lr: 5.00e-04 | Best_PSNR: 30.0529 in Epoch [148]
2022-07-13 20:31:06,383 INFO: Epoch: 152 | PSNR: 30.0533 | Loss: 5.5297 | lr: 5.00e-04 | Best_PSNR: 30.0533 in Epoch [152]
2022-07-13 20:31:39,168 INFO: Epoch: 153 | PSNR: 30.0535 | Loss: 5.5381 | lr: 5.00e-04 | Best_PSNR: 30.0535 in Epoch [153]
2022-07-13 20:32:10,641 INFO: Epoch: 154 | PSNR: 30.0543 | Loss: 5.5553 | lr: 5.00e-04 | Best_PSNR: 30.0543 in Epoch [154]
2022-07-13 20:32:42,562 INFO: Epoch: 155 | PSNR: 30.0544 | Loss: 5.5140 | lr: 5.00e-04 | Best_PSNR: 30.0544 in Epoch [155]
2022-07-13 20:33:14,483 INFO: Epoch: 156 | PSNR: 30.0537 | Loss: 5.6017 | lr: 5.00e-04 | Best_PSNR: 30.0544 in Epoch [155]
2022-07-13 20:33:45,837 INFO: Epoch: 157 | PSNR: 30.0536 | Loss: 5.5497 | lr: 5.00e-04 | Best_PSNR: 30.0544 in Epoch [155]
2022-07-13 20:34:18,357 INFO: Epoch: 158 | PSNR: 30.0544 | Loss: 5.5785 | lr: 5.00e-04 | Best_PSNR: 30.0544 in Epoch [155]
2022-07-13 20:34:51,352 INFO: Epoch: 159 | PSNR: 30.0547 | Loss: 5.5824 | lr: 5.00e-04 | Best_PSNR: 30.0547 in Epoch [159]
2022-07-13 20:35:26,088 INFO: Epoch: 160 | PSNR: 30.0551 | Loss: 5.5662 | lr: 5.00e-04 | Best_PSNR: 30.0551 in Epoch [160]
2022-07-13 20:35:58,737 INFO: Epoch: 161 | PSNR: 30.0553 | Loss: 5.5062 | lr: 5.00e-04 | Best_PSNR: 30.0553 in Epoch [161]
2022-07-13 20:36:30,851 INFO: Epoch: 162 | PSNR: 30.0549 | Loss: 5.5751 | lr: 5.00e-04 | Best_PSNR: 30.0553 in Epoch [161]
2022-07-13 20:37:03,654 INFO: Epoch: 163 | PSNR: 30.0554 | Loss: 5.5264 | lr: 5.00e-04 | Best_PSNR: 30.0554 in Epoch [163]
2022-07-13 20:37:35,290 INFO: Epoch: 164 | PSNR: 30.0553 | Loss: 5.5261 | lr: 5.00e-04 | Best_PSNR: 30.0554 in Epoch [163]
2022-07-13 20:38:07,362 INFO: Epoch: 165 | PSNR: 30.0554 | Loss: 5.5349 | lr: 5.00e-04 | Best_PSNR: 30.0554 in Epoch [165]
2022-07-13 20:38:39,167 INFO: Epoch: 166 | PSNR: 30.0561 | Loss: 5.6278 | lr: 5.00e-04 | Best_PSNR: 30.0561 in Epoch [166]
2022-07-13 20:39:10,827 INFO: Epoch: 167 | PSNR: 30.0556 | Loss: 5.5645 | lr: 5.00e-04 | Best_PSNR: 30.0561 in Epoch [166]
2022-07-13 20:39:42,836 INFO: Epoch: 168 | PSNR: 30.0559 | Loss: 5.5560 | lr: 5.00e-04 | Best_PSNR: 30.0561 in Epoch [166]
2022-07-13 20:40:16,769 INFO: Epoch: 169 | PSNR: 30.0565 | Loss: 5.5788 | lr: 5.00e-04 | Best_PSNR: 30.0565 in Epoch [169]
2022-07-13 20:40:49,434 INFO: Epoch: 170 | PSNR: 30.0561 | Loss: 5.5644 | lr: 5.00e-04 | Best_PSNR: 30.0565 in Epoch [169]
2022-07-13 20:41:22,848 INFO: Epoch: 171 | PSNR: 30.0566 | Loss: 5.5253 | lr: 5.00e-04 | Best_PSNR: 30.0566 in Epoch [171]
2022-07-13 20:41:55,543 INFO: Epoch: 172 | PSNR: 30.0560 | Loss: 5.5357 | lr: 5.00e-04 | Best_PSNR: 30.0566 in Epoch [171]
2022-07-13 20:42:30,681 INFO: Epoch: 173 | PSNR: 30.0567 | Loss: 5.5251 | lr: 5.00e-04 | Best_PSNR: 30.0567 in Epoch [173]
2022-07-13 20:43:03,532 INFO: Epoch: 174 | PSNR: 30.0566 | Loss: 5.5624 | lr: 5.00e-04 | Best_PSNR: 30.0567 in Epoch [173]
2022-07-13 20:43:37,006 INFO: Epoch: 175 | PSNR: 30.0571 | Loss: 5.5866 | lr: 5.00e-04 | Best_PSNR: 30.0571 in Epoch [175]
2022-07-13 20:44:10,807 INFO: Epoch: 176 | PSNR: 30.0577 | Loss: 5.5117 | lr: 5.00e-04 | Best_PSNR: 30.0577 in Epoch [176]
2022-07-13 20:44:44,685 INFO: Epoch: 177 | PSNR: 30.0575 | Loss: 5.4904 | lr: 5.00e-04 | Best_PSNR: 30.0577 in Epoch [176]
2022-07-13 20:45:17,750 INFO: Epoch: 178 | PSNR: 30.0576 | Loss: 5.5453 | lr: 5.00e-04 | Best_PSNR: 30.0577 in Epoch [176]
2022-07-13 20:45:49,973 INFO: Epoch: 179 | PSNR: 30.0580 | Loss: 5.6007 | lr: 5.00e-04 | Best_PSNR: 30.0580 in Epoch [179]
2022-07-13 20:46:21,965 INFO: Epoch: 180 | PSNR: 30.0579 | Loss: 5.5676 | lr: 5.00e-04 | Best_PSNR: 30.0580 in Epoch [179]
2022-07-13 20:46:54,131 INFO: Epoch: 181 | PSNR: 30.0579 | Loss: 5.5901 | lr: 5.00e-04 | Best_PSNR: 30.0580 in Epoch [179]
2022-07-13 20:47:27,422 INFO: Epoch: 182 | PSNR: 30.0581 | Loss: 5.5723 | lr: 5.00e-04 | Best_PSNR: 30.0581 in Epoch [182]
2022-07-13 20:48:00,866 INFO: Epoch: 183 | PSNR: 30.0583 | Loss: 5.6039 | lr: 5.00e-04 | Best_PSNR: 30.0583 in Epoch [183]
2022-07-13 20:48:33,564 INFO: Epoch: 184 | PSNR: 30.0579 | Loss: 5.5731 | lr: 5.00e-04 | Best_PSNR: 30.0583 in Epoch [183]
2022-07-13 20:49:06,591 INFO: Epoch: 185 | PSNR: 30.0585 | Loss: 5.5578 | lr: 5.00e-04 | Best_PSNR: 30.0585 in Epoch [185]
2022-07-13 20:49:39,681 INFO: Epoch: 186 | PSNR: 30.0591 | Loss: 5.5406 | lr: 5.00e-04 | Best_PSNR: 30.0591 in Epoch [186]
2022-07-13 20:50:12,905 INFO: Epoch: 187 | PSNR: 30.0601 | Loss: 5.5169 | lr: 5.00e-04 | Best_PSNR: 30.0601 in Epoch [187]
2022-07-13 20:50:45,386 INFO: Epoch: 188 | PSNR: 30.0593 | Loss: 5.5560 | lr: 5.00e-04 | Best_PSNR: 30.0601 in Epoch [187]
2022-07-13 20:51:16,871 INFO: Epoch: 189 | PSNR: 30.0592 | Loss: 5.4874 | lr: 5.00e-04 | Best_PSNR: 30.0601 in Epoch [187]
2022-07-13 20:51:49,170 INFO: Epoch: 190 | PSNR: 30.0605 | Loss: 5.5402 | lr: 5.00e-04 | Best_PSNR: 30.0605 in Epoch [190]
2022-07-13 20:52:21,632 INFO: Epoch: 191 | PSNR: 30.0605 | Loss: 5.5601 | lr: 5.00e-04 | Best_PSNR: 30.0605 in Epoch [190]
2022-07-13 20:52:53,545 INFO: Epoch: 192 | PSNR: 30.0606 | Loss: 5.5752 | lr: 5.00e-04 | Best_PSNR: 30.0606 in Epoch [192]
2022-07-13 20:53:25,236 INFO: Epoch: 193 | PSNR: 30.0599 | Loss: 5.6346 | lr: 5.00e-04 | Best_PSNR: 30.0606 in Epoch [192]
2022-07-13 20:53:56,691 INFO: Epoch: 194 | PSNR: 30.0604 | Loss: 5.5055 | lr: 5.00e-04 | Best_PSNR: 30.0606 in Epoch [192]
2022-07-13 20:54:27,992 INFO: Epoch: 195 | PSNR: 30.0595 | Loss: 5.5866 | lr: 5.00e-04 | Best_PSNR: 30.0606 in Epoch [192]
2022-07-13 20:54:59,451 INFO: Epoch: 196 | PSNR: 30.0603 | Loss: 5.5890 | lr: 5.00e-04 | Best_PSNR: 30.0606 in Epoch [192]
2022-07-13 20:55:31,550 INFO: Epoch: 197 | PSNR: 30.0602 | Loss: 5.5072 | lr: 5.00e-04 | Best_PSNR: 30.0606 in Epoch [192]
2022-07-13 20:56:03,903 INFO: Epoch: 198 | PSNR: 30.0603 | Loss: 5.5237 | lr: 5.00e-04 | Best_PSNR: 30.0606 in Epoch [192]
2022-07-13 20:56:37,167 INFO: Epoch: 199 | PSNR: 30.0615 | Loss: 5.5249 | lr: 5.00e-04 | Best_PSNR: 30.0615 in Epoch [199]
2022-07-13 20:57:09,224 INFO: Epoch: 200 | PSNR: 30.0620 | Loss: 5.5055 | lr: 5.00e-04 | Best_PSNR: 30.0620 in Epoch [200]
2022-07-13 20:57:40,842 INFO: Epoch: 201 | PSNR: 30.0615 | Loss: 5.6323 | lr: 5.00e-04 | Best_PSNR: 30.0620 in Epoch [200]
2022-07-13 20:58:12,458 INFO: Epoch: 202 | PSNR: 30.0608 | Loss: 5.5353 | lr: 5.00e-04 | Best_PSNR: 30.0620 in Epoch [200]
2022-07-13 20:58:44,142 INFO: Epoch: 203 | PSNR: 30.0609 | Loss: 5.5826 | lr: 5.00e-04 | Best_PSNR: 30.0620 in Epoch [200]
2022-07-13 20:59:16,483 INFO: Epoch: 204 | PSNR: 30.0613 | Loss: 5.5695 | lr: 5.00e-04 | Best_PSNR: 30.0620 in Epoch [200]
2022-07-13 20:59:47,698 INFO: Epoch: 205 | PSNR: 30.0616 | Loss: 5.5446 | lr: 5.00e-04 | Best_PSNR: 30.0620 in Epoch [200]
2022-07-13 21:00:19,336 INFO: Epoch: 206 | PSNR: 30.0615 | Loss: 5.5980 | lr: 5.00e-04 | Best_PSNR: 30.0620 in Epoch [200]
2022-07-13 21:00:51,248 INFO: Epoch: 207 | PSNR: 30.0621 | Loss: 5.5367 | lr: 5.00e-04 | Best_PSNR: 30.0621 in Epoch [207]
2022-07-13 21:01:23,306 INFO: Epoch: 208 | PSNR: 30.0623 | Loss: 5.5881 | lr: 5.00e-04 | Best_PSNR: 30.0623 in Epoch [208]
2022-07-13 21:01:56,368 INFO: Epoch: 209 | PSNR: 30.0627 | Loss: 5.5157 | lr: 5.00e-04 | Best_PSNR: 30.0627 in Epoch [209]
2022-07-13 21:02:28,638 INFO: Epoch: 210 | PSNR: 30.0628 | Loss: 5.5200 | lr: 5.00e-04 | Best_PSNR: 30.0628 in Epoch [210]
2022-07-13 21:03:01,122 INFO: Epoch: 211 | PSNR: 30.0631 | Loss: 5.5637 | lr: 5.00e-04 | Best_PSNR: 30.0631 in Epoch [211]
2022-07-13 21:03:32,032 INFO: Epoch: 212 | PSNR: 30.0620 | Loss: 5.6029 | lr: 5.00e-04 | Best_PSNR: 30.0631 in Epoch [211]
2022-07-13 21:04:04,848 INFO: Epoch: 213 | PSNR: 30.0620 | Loss: 5.5377 | lr: 5.00e-04 | Best_PSNR: 30.0631 in Epoch [211]
2022-07-13 21:04:36,815 INFO: Epoch: 214 | PSNR: 30.0631 | Loss: 5.5425 | lr: 5.00e-04 | Best_PSNR: 30.0631 in Epoch [211]
2022-07-13 21:05:09,887 INFO: Epoch: 215 | PSNR: 30.0635 | Loss: 5.5543 | lr: 5.00e-04 | Best_PSNR: 30.0635 in Epoch [215]
2022-07-13 21:05:41,815 INFO: Epoch: 216 | PSNR: 30.0635 | Loss: 5.6037 | lr: 5.00e-04 | Best_PSNR: 30.0635 in Epoch [215]
2022-07-13 21:06:13,639 INFO: Epoch: 217 | PSNR: 30.0630 | Loss: 5.5692 | lr: 5.00e-04 | Best_PSNR: 30.0635 in Epoch [215]
2022-07-13 21:06:44,894 INFO: Epoch: 218 | PSNR: 30.0633 | Loss: 5.5394 | lr: 5.00e-04 | Best_PSNR: 30.0635 in Epoch [215]
2022-07-13 21:07:16,508 INFO: Epoch: 219 | PSNR: 30.0634 | Loss: 5.5820 | lr: 5.00e-04 | Best_PSNR: 30.0635 in Epoch [215]
2022-07-13 21:07:47,547 INFO: Epoch: 220 | PSNR: 30.0635 | Loss: 5.5573 | lr: 5.00e-04 | Best_PSNR: 30.0635 in Epoch [215]
2022-07-13 21:08:19,251 INFO: Epoch: 221 | PSNR: 30.0635 | Loss: 5.5583 | lr: 5.00e-04 | Best_PSNR: 30.0635 in Epoch [221]
2022-07-13 21:08:49,961 INFO: Epoch: 222 | PSNR: 30.0635 | Loss: 5.5759 | lr: 5.00e-04 | Best_PSNR: 30.0635 in Epoch [221]
2022-07-13 21:09:21,767 INFO: Epoch: 223 | PSNR: 30.0639 | Loss: 5.5369 | lr: 5.00e-04 | Best_PSNR: 30.0639 in Epoch [223]
2022-07-13 21:09:53,077 INFO: Epoch: 224 | PSNR: 30.0642 | Loss: 5.5490 | lr: 5.00e-04 | Best_PSNR: 30.0642 in Epoch [224]
2022-07-13 21:10:24,149 INFO: Epoch: 225 | PSNR: 30.0639 | Loss: 5.5570 | lr: 5.00e-04 | Best_PSNR: 30.0642 in Epoch [224]
2022-07-13 21:10:55,305 INFO: Epoch: 226 | PSNR: 30.0636 | Loss: 5.5424 | lr: 5.00e-04 | Best_PSNR: 30.0642 in Epoch [224]
2022-07-13 21:11:26,174 INFO: Epoch: 227 | PSNR: 30.0638 | Loss: 5.5408 | lr: 5.00e-04 | Best_PSNR: 30.0642 in Epoch [224]
2022-07-13 21:11:57,125 INFO: Epoch: 228 | PSNR: 30.0638 | Loss: 5.5207 | lr: 5.00e-04 | Best_PSNR: 30.0642 in Epoch [224]
2022-07-13 21:12:29,262 INFO: Epoch: 229 | PSNR: 30.0642 | Loss: 5.5258 | lr: 5.00e-04 | Best_PSNR: 30.0642 in Epoch [229]
2022-07-13 21:13:00,929 INFO: Epoch: 230 | PSNR: 30.0644 | Loss: 5.5161 | lr: 5.00e-04 | Best_PSNR: 30.0644 in Epoch [230]
2022-07-13 21:13:33,164 INFO: Epoch: 231 | PSNR: 30.0647 | Loss: 5.5069 | lr: 5.00e-04 | Best_PSNR: 30.0647 in Epoch [231]
2022-07-13 21:14:05,597 INFO: Epoch: 232 | PSNR: 30.0650 | Loss: 5.5015 | lr: 5.00e-04 | Best_PSNR: 30.0650 in Epoch [232]
2022-07-13 21:14:37,970 INFO: Epoch: 233 | PSNR: 30.0655 | Loss: 5.5796 | lr: 5.00e-04 | Best_PSNR: 30.0655 in Epoch [233]
2022-07-13 21:15:09,446 INFO: Epoch: 234 | PSNR: 30.0649 | Loss: 5.5891 | lr: 5.00e-04 | Best_PSNR: 30.0655 in Epoch [233]
2022-07-13 21:15:41,013 INFO: Epoch: 235 | PSNR: 30.0650 | Loss: 5.5510 | lr: 5.00e-04 | Best_PSNR: 30.0655 in Epoch [233]
2022-07-13 21:16:14,174 INFO: Epoch: 236 | PSNR: 30.0661 | Loss: 5.5322 | lr: 5.00e-04 | Best_PSNR: 30.0661 in Epoch [236]
2022-07-13 21:16:46,243 INFO: Epoch: 237 | PSNR: 30.0664 | Loss: 5.5949 | lr: 5.00e-04 | Best_PSNR: 30.0664 in Epoch [237]
2022-07-13 21:17:17,313 INFO: Epoch: 238 | PSNR: 30.0664 | Loss: 5.5633 | lr: 5.00e-04 | Best_PSNR: 30.0664 in Epoch [237]
2022-07-13 21:17:49,601 INFO: Epoch: 239 | PSNR: 30.0663 | Loss: 5.5436 | lr: 5.00e-04 | Best_PSNR: 30.0664 in Epoch [237]
2022-07-13 21:18:20,809 INFO: Epoch: 240 | PSNR: 30.0661 | Loss: 5.5630 | lr: 5.00e-04 | Best_PSNR: 30.0664 in Epoch [237]
2022-07-13 21:18:54,018 INFO: Epoch: 241 | PSNR: 30.0677 | Loss: 5.5570 | lr: 2.50e-04 | Best_PSNR: 30.0677 in Epoch [241]
2022-07-13 21:19:26,207 INFO: Epoch: 242 | PSNR: 30.0686 | Loss: 5.5279 | lr: 2.50e-04 | Best_PSNR: 30.0686 in Epoch [242]
2022-07-13 21:19:58,982 INFO: Epoch: 243 | PSNR: 30.0689 | Loss: 5.5133 | lr: 2.50e-04 | Best_PSNR: 30.0689 in Epoch [243]
2022-07-13 21:20:30,571 INFO: Epoch: 244 | PSNR: 30.0691 | Loss: 5.5592 | lr: 2.50e-04 | Best_PSNR: 30.0691 in Epoch [244]
2022-07-13 21:21:01,652 INFO: Epoch: 245 | PSNR: 30.0690 | Loss: 5.5410 | lr: 2.50e-04 | Best_PSNR: 30.0691 in Epoch [244]
2022-07-13 21:21:33,524 INFO: Epoch: 246 | PSNR: 30.0688 | Loss: 5.5728 | lr: 2.50e-04 | Best_PSNR: 30.0691 in Epoch [244]
2022-07-13 21:22:05,918 INFO: Epoch: 247 | PSNR: 30.0698 | Loss: 5.5494 | lr: 2.50e-04 | Best_PSNR: 30.0698 in Epoch [247]
2022-07-13 21:22:38,272 INFO: Epoch: 248 | PSNR: 30.0701 | Loss: 5.6136 | lr: 2.50e-04 | Best_PSNR: 30.0701 in Epoch [248]
2022-07-13 21:23:10,698 INFO: Epoch: 249 | PSNR: 30.0706 | Loss: 5.5583 | lr: 2.50e-04 | Best_PSNR: 30.0706 in Epoch [249]
2022-07-13 21:23:42,271 INFO: Epoch: 250 | PSNR: 30.0708 | Loss: 5.5369 | lr: 2.50e-04 | Best_PSNR: 30.0708 in Epoch [250]
2022-07-13 21:24:15,002 INFO: Epoch: 251 | PSNR: 30.0714 | Loss: 5.5641 | lr: 2.50e-04 | Best_PSNR: 30.0714 in Epoch [251]
2022-07-13 21:24:46,573 INFO: Epoch: 252 | PSNR: 30.0712 | Loss: 5.5425 | lr: 2.50e-04 | Best_PSNR: 30.0714 in Epoch [251]
2022-07-13 21:25:18,331 INFO: Epoch: 253 | PSNR: 30.0713 | Loss: 5.5549 | lr: 2.50e-04 | Best_PSNR: 30.0714 in Epoch [251]
2022-07-13 21:25:52,645 INFO: Epoch: 254 | PSNR: 30.0719 | Loss: 5.4917 | lr: 2.50e-04 | Best_PSNR: 30.0719 in Epoch [254]
2022-07-13 21:26:26,312 INFO: Epoch: 255 | PSNR: 30.0722 | Loss: 5.5155 | lr: 2.50e-04 | Best_PSNR: 30.0722 in Epoch [255]
2022-07-13 21:26:58,445 INFO: Epoch: 256 | PSNR: 30.0715 | Loss: 5.5156 | lr: 2.50e-04 | Best_PSNR: 30.0722 in Epoch [255]
2022-07-13 21:27:30,503 INFO: Epoch: 257 | PSNR: 30.0717 | Loss: 5.5293 | lr: 2.50e-04 | Best_PSNR: 30.0722 in Epoch [255]
2022-07-13 21:28:02,593 INFO: Epoch: 258 | PSNR: 30.0721 | Loss: 5.4937 | lr: 2.50e-04 | Best_PSNR: 30.0722 in Epoch [255]
2022-07-13 21:28:34,824 INFO: Epoch: 259 | PSNR: 30.0724 | Loss: 5.5680 | lr: 2.50e-04 | Best_PSNR: 30.0724 in Epoch [259]
2022-07-13 21:29:05,777 INFO: Epoch: 260 | PSNR: 30.0721 | Loss: 5.5265 | lr: 2.50e-04 | Best_PSNR: 30.0724 in Epoch [259]
2022-07-13 21:29:37,876 INFO: Epoch: 261 | PSNR: 30.0718 | Loss: 5.5155 | lr: 2.50e-04 | Best_PSNR: 30.0724 in Epoch [259]
2022-07-13 21:30:09,148 INFO: Epoch: 262 | PSNR: 30.0723 | Loss: 5.5401 | lr: 2.50e-04 | Best_PSNR: 30.0724 in Epoch [259]
2022-07-13 21:30:41,386 INFO: Epoch: 263 | PSNR: 30.0724 | Loss: 5.6038 | lr: 2.50e-04 | Best_PSNR: 30.0724 in Epoch [263]
2022-07-13 21:31:13,916 INFO: Epoch: 264 | PSNR: 30.0720 | Loss: 5.5375 | lr: 2.50e-04 | Best_PSNR: 30.0724 in Epoch [263]
2022-07-13 21:31:46,162 INFO: Epoch: 265 | PSNR: 30.0719 | Loss: 5.5045 | lr: 2.50e-04 | Best_PSNR: 30.0724 in Epoch [263]
2022-07-13 21:32:17,752 INFO: Epoch: 266 | PSNR: 30.0719 | Loss: 5.4944 | lr: 2.50e-04 | Best_PSNR: 30.0724 in Epoch [263]
2022-07-13 21:32:49,640 INFO: Epoch: 267 | PSNR: 30.0721 | Loss: 5.5522 | lr: 2.50e-04 | Best_PSNR: 30.0724 in Epoch [263]
2022-07-13 21:33:22,782 INFO: Epoch: 268 | PSNR: 30.0727 | Loss: 5.5791 | lr: 2.50e-04 | Best_PSNR: 30.0727 in Epoch [268]
2022-07-13 21:33:55,761 INFO: Epoch: 269 | PSNR: 30.0730 | Loss: 5.5269 | lr: 2.50e-04 | Best_PSNR: 30.0730 in Epoch [269]
2022-07-13 21:34:29,181 INFO: Epoch: 270 | PSNR: 30.0735 | Loss: 5.4913 | lr: 2.50e-04 | Best_PSNR: 30.0735 in Epoch [270]
2022-07-13 21:35:00,448 INFO: Epoch: 271 | PSNR: 30.0730 | Loss: 5.5747 | lr: 2.50e-04 | Best_PSNR: 30.0735 in Epoch [270]
2022-07-13 21:35:31,672 INFO: Epoch: 272 | PSNR: 30.0730 | Loss: 5.5608 | lr: 2.50e-04 | Best_PSNR: 30.0735 in Epoch [270]
2022-07-13 21:36:03,434 INFO: Epoch: 273 | PSNR: 30.0732 | Loss: 5.5287 | lr: 2.50e-04 | Best_PSNR: 30.0735 in Epoch [270]
2022-07-13 21:36:35,098 INFO: Epoch: 274 | PSNR: 30.0735 | Loss: 5.5221 | lr: 2.50e-04 | Best_PSNR: 30.0735 in Epoch [270]
2022-07-13 21:37:07,236 INFO: Epoch: 275 | PSNR: 30.0741 | Loss: 5.5662 | lr: 2.50e-04 | Best_PSNR: 30.0741 in Epoch [275]
2022-07-13 21:37:38,837 INFO: Epoch: 276 | PSNR: 30.0735 | Loss: 5.5245 | lr: 2.50e-04 | Best_PSNR: 30.0741 in Epoch [275]
2022-07-13 21:38:10,798 INFO: Epoch: 277 | PSNR: 30.0733 | Loss: 5.5355 | lr: 2.50e-04 | Best_PSNR: 30.0741 in Epoch [275]
2022-07-13 21:38:42,386 INFO: Epoch: 278 | PSNR: 30.0740 | Loss: 5.4962 | lr: 2.50e-04 | Best_PSNR: 30.0741 in Epoch [275]
2022-07-13 21:39:15,591 INFO: Epoch: 279 | PSNR: 30.0741 | Loss: 5.5120 | lr: 2.50e-04 | Best_PSNR: 30.0741 in Epoch [275]
2022-07-13 21:39:48,689 INFO: Epoch: 280 | PSNR: 30.0742 | Loss: 5.5872 | lr: 2.50e-04 | Best_PSNR: 30.0742 in Epoch [280]
2022-07-13 21:40:21,756 INFO: Epoch: 281 | PSNR: 30.0743 | Loss: 5.4850 | lr: 2.50e-04 | Best_PSNR: 30.0743 in Epoch [281]
2022-07-13 21:40:54,714 INFO: Epoch: 282 | PSNR: 30.0739 | Loss: 5.5509 | lr: 2.50e-04 | Best_PSNR: 30.0743 in Epoch [281]
2022-07-13 21:41:27,459 INFO: Epoch: 283 | PSNR: 30.0751 | Loss: 5.5474 | lr: 2.50e-04 | Best_PSNR: 30.0751 in Epoch [283]
2022-07-13 21:42:00,011 INFO: Epoch: 284 | PSNR: 30.0754 | Loss: 5.5104 | lr: 2.50e-04 | Best_PSNR: 30.0754 in Epoch [284]
2022-07-13 21:42:32,424 INFO: Epoch: 285 | PSNR: 30.0753 | Loss: 5.5434 | lr: 2.50e-04 | Best_PSNR: 30.0754 in Epoch [284]
2022-07-13 21:43:04,585 INFO: Epoch: 286 | PSNR: 30.0750 | Loss: 5.5610 | lr: 2.50e-04 | Best_PSNR: 30.0754 in Epoch [284]
2022-07-13 21:43:36,654 INFO: Epoch: 287 | PSNR: 30.0751 | Loss: 5.5557 | lr: 2.50e-04 | Best_PSNR: 30.0754 in Epoch [284]
2022-07-13 21:44:10,069 INFO: Epoch: 288 | PSNR: 30.0746 | Loss: 5.4843 | lr: 2.50e-04 | Best_PSNR: 30.0754 in Epoch [284]
2022-07-13 21:44:41,141 INFO: Epoch: 289 | PSNR: 30.0748 | Loss: 5.5386 | lr: 2.50e-04 | Best_PSNR: 30.0754 in Epoch [284]
2022-07-13 21:45:13,082 INFO: Epoch: 290 | PSNR: 30.0746 | Loss: 5.5814 | lr: 2.50e-04 | Best_PSNR: 30.0754 in Epoch [284]
2022-07-13 21:45:44,033 INFO: Epoch: 291 | PSNR: 30.0745 | Loss: 5.5345 | lr: 2.50e-04 | Best_PSNR: 30.0754 in Epoch [284]
2022-07-13 21:46:15,839 INFO: Epoch: 292 | PSNR: 30.0750 | Loss: 5.5523 | lr: 2.50e-04 | Best_PSNR: 30.0754 in Epoch [284]
2022-07-13 21:46:47,074 INFO: Epoch: 293 | PSNR: 30.0753 | Loss: 5.5392 | lr: 2.50e-04 | Best_PSNR: 30.0754 in Epoch [284]
2022-07-13 21:47:18,303 INFO: Epoch: 294 | PSNR: 30.0752 | Loss: 5.5518 | lr: 2.50e-04 | Best_PSNR: 30.0754 in Epoch [284]
2022-07-13 21:47:49,880 INFO: Epoch: 295 | PSNR: 30.0753 | Loss: 5.5713 | lr: 2.50e-04 | Best_PSNR: 30.0754 in Epoch [284]
2022-07-13 21:48:22,053 INFO: Epoch: 296 | PSNR: 30.0755 | Loss: 5.5069 | lr: 2.50e-04 | Best_PSNR: 30.0755 in Epoch [296]
2022-07-13 21:48:53,924 INFO: Epoch: 297 | PSNR: 30.0762 | Loss: 5.5254 | lr: 2.50e-04 | Best_PSNR: 30.0762 in Epoch [297]
2022-07-13 21:49:26,055 INFO: Epoch: 298 | PSNR: 30.0762 | Loss: 5.5364 | lr: 2.50e-04 | Best_PSNR: 30.0762 in Epoch [298]
2022-07-13 21:49:58,006 INFO: Epoch: 299 | PSNR: 30.0764 | Loss: 5.5031 | lr: 2.50e-04 | Best_PSNR: 30.0764 in Epoch [299]
2022-07-13 21:50:29,848 INFO: Epoch: 300 | PSNR: 30.0766 | Loss: 5.4973 | lr: 2.50e-04 | Best_PSNR: 30.0766 in Epoch [300]
2022-07-13 21:51:04,225 INFO: Epoch: 301 | PSNR: 30.0767 | Loss: 5.5103 | lr: 2.50e-04 | Best_PSNR: 30.0767 in Epoch [301]
2022-07-13 21:51:38,148 INFO: Epoch: 302 | PSNR: 30.0771 | Loss: 5.5339 | lr: 2.50e-04 | Best_PSNR: 30.0771 in Epoch [302]
2022-07-13 21:52:12,856 INFO: Epoch: 303 | PSNR: 30.0775 | Loss: 5.5665 | lr: 2.50e-04 | Best_PSNR: 30.0775 in Epoch [303]
2022-07-13 21:52:44,272 INFO: Epoch: 304 | PSNR: 30.0772 | Loss: 5.5152 | lr: 2.50e-04 | Best_PSNR: 30.0775 in Epoch [303]
2022-07-13 21:53:16,787 INFO: Epoch: 305 | PSNR: 30.0780 | Loss: 5.5319 | lr: 2.50e-04 | Best_PSNR: 30.0780 in Epoch [305]
2022-07-13 21:53:51,356 INFO: Epoch: 306 | PSNR: 30.0789 | Loss: 5.5829 | lr: 2.50e-04 | Best_PSNR: 30.0789 in Epoch [306]
2022-07-13 21:54:23,425 INFO: Epoch: 307 | PSNR: 30.0801 | Loss: 5.5224 | lr: 2.50e-04 | Best_PSNR: 30.0801 in Epoch [307]
2022-07-13 21:54:56,155 INFO: Epoch: 308 | PSNR: 30.0806 | Loss: 5.5257 | lr: 2.50e-04 | Best_PSNR: 30.0806 in Epoch [308]
2022-07-13 21:55:31,731 INFO: Epoch: 309 | PSNR: 30.0818 | Loss: 5.4932 | lr: 2.50e-04 | Best_PSNR: 30.0818 in Epoch [309]
2022-07-13 21:56:04,591 INFO: Epoch: 310 | PSNR: 30.0831 | Loss: 5.5533 | lr: 2.50e-04 | Best_PSNR: 30.0831 in Epoch [310]
2022-07-13 21:56:39,620 INFO: Epoch: 311 | PSNR: 30.0849 | Loss: 5.5787 | lr: 2.50e-04 | Best_PSNR: 30.0849 in Epoch [311]
2022-07-13 21:57:15,174 INFO: Epoch: 312 | PSNR: 30.0864 | Loss: 5.5836 | lr: 2.50e-04 | Best_PSNR: 30.0864 in Epoch [312]
2022-07-13 21:57:47,369 INFO: Epoch: 313 | PSNR: 30.0879 | Loss: 5.5530 | lr: 2.50e-04 | Best_PSNR: 30.0879 in Epoch [313]
2022-07-13 21:58:21,225 INFO: Epoch: 314 | PSNR: 30.0895 | Loss: 5.5167 | lr: 2.50e-04 | Best_PSNR: 30.0895 in Epoch [314]
2022-07-13 21:59:00,567 INFO: Epoch: 315 | PSNR: 30.0902 | Loss: 5.5294 | lr: 2.50e-04 | Best_PSNR: 30.0902 in Epoch [315]
2022-07-13 21:59:32,472 INFO: Epoch: 316 | PSNR: 30.0921 | Loss: 5.4750 | lr: 2.50e-04 | Best_PSNR: 30.0921 in Epoch [316]
2022-07-13 22:00:04,686 INFO: Epoch: 317 | PSNR: 30.0938 | Loss: 5.5638 | lr: 2.50e-04 | Best_PSNR: 30.0938 in Epoch [317]
2022-07-13 22:00:37,611 INFO: Epoch: 318 | PSNR: 30.0947 | Loss: 5.5293 | lr: 2.50e-04 | Best_PSNR: 30.0947 in Epoch [318]
2022-07-13 22:01:10,244 INFO: Epoch: 319 | PSNR: 30.0960 | Loss: 5.5226 | lr: 2.50e-04 | Best_PSNR: 30.0960 in Epoch [319]
2022-07-13 22:01:42,649 INFO: Epoch: 320 | PSNR: 30.0970 | Loss: 5.5113 | lr: 2.50e-04 | Best_PSNR: 30.0970 in Epoch [320]
2022-07-13 22:02:15,315 INFO: Epoch: 321 | PSNR: 30.0973 | Loss: 5.5106 | lr: 2.50e-04 | Best_PSNR: 30.0973 in Epoch [321]
2022-07-13 22:02:48,230 INFO: Epoch: 322 | PSNR: 30.0987 | Loss: 5.5042 | lr: 2.50e-04 | Best_PSNR: 30.0987 in Epoch [322]
2022-07-13 22:03:22,532 INFO: Epoch: 323 | PSNR: 30.0997 | Loss: 5.4958 | lr: 2.50e-04 | Best_PSNR: 30.0997 in Epoch [323]
2022-07-13 22:03:55,470 INFO: Epoch: 324 | PSNR: 30.1012 | Loss: 5.5393 | lr: 2.50e-04 | Best_PSNR: 30.1012 in Epoch [324]
2022-07-13 22:04:28,439 INFO: Epoch: 325 | PSNR: 30.1014 | Loss: 5.5257 | lr: 2.50e-04 | Best_PSNR: 30.1014 in Epoch [325]
2022-07-13 22:05:01,430 INFO: Epoch: 326 | PSNR: 30.1024 | Loss: 5.4945 | lr: 2.50e-04 | Best_PSNR: 30.1024 in Epoch [326]
2022-07-13 22:05:34,848 INFO: Epoch: 327 | PSNR: 30.1034 | Loss: 5.5538 | lr: 2.50e-04 | Best_PSNR: 30.1034 in Epoch [327]
2022-07-13 22:06:07,506 INFO: Epoch: 328 | PSNR: 30.1052 | Loss: 5.5259 | lr: 2.50e-04 | Best_PSNR: 30.1052 in Epoch [328]
2022-07-13 22:06:40,388 INFO: Epoch: 329 | PSNR: 30.1065 | Loss: 5.4854 | lr: 2.50e-04 | Best_PSNR: 30.1065 in Epoch [329]
2022-07-13 22:07:14,278 INFO: Epoch: 330 | PSNR: 30.1071 | Loss: 5.5688 | lr: 2.50e-04 | Best_PSNR: 30.1071 in Epoch [330]
2022-07-13 22:07:46,753 INFO: Epoch: 331 | PSNR: 30.1088 | Loss: 5.5390 | lr: 2.50e-04 | Best_PSNR: 30.1088 in Epoch [331]
2022-07-13 22:08:20,321 INFO: Epoch: 332 | PSNR: 30.1103 | Loss: 5.5567 | lr: 2.50e-04 | Best_PSNR: 30.1103 in Epoch [332]
2022-07-13 22:08:52,289 INFO: Epoch: 333 | PSNR: 30.1122 | Loss: 5.4695 | lr: 2.50e-04 | Best_PSNR: 30.1122 in Epoch [333]
2022-07-13 22:09:24,595 INFO: Epoch: 334 | PSNR: 30.1134 | Loss: 5.5736 | lr: 2.50e-04 | Best_PSNR: 30.1134 in Epoch [334]
2022-07-13 22:09:57,238 INFO: Epoch: 335 | PSNR: 30.1162 | Loss: 5.5498 | lr: 2.50e-04 | Best_PSNR: 30.1162 in Epoch [335]
2022-07-13 22:10:29,065 INFO: Epoch: 336 | PSNR: 30.1179 | Loss: 5.4907 | lr: 2.50e-04 | Best_PSNR: 30.1179 in Epoch [336]
2022-07-13 22:11:03,718 INFO: Epoch: 337 | PSNR: 30.1205 | Loss: 5.5380 | lr: 2.50e-04 | Best_PSNR: 30.1205 in Epoch [337]
2022-07-13 22:11:35,603 INFO: Epoch: 338 | PSNR: 30.1225 | Loss: 5.5444 | lr: 2.50e-04 | Best_PSNR: 30.1225 in Epoch [338]
2022-07-13 22:12:07,738 INFO: Epoch: 339 | PSNR: 30.1239 | Loss: 5.4980 | lr: 2.50e-04 | Best_PSNR: 30.1239 in Epoch [339]
2022-07-13 22:12:39,338 INFO: Epoch: 340 | PSNR: 30.1250 | Loss: 5.5540 | lr: 2.50e-04 | Best_PSNR: 30.1250 in Epoch [340]
2022-07-13 22:13:11,238 INFO: Epoch: 341 | PSNR: 30.1270 | Loss: 5.5102 | lr: 2.50e-04 | Best_PSNR: 30.1270 in Epoch [341]
2022-07-13 22:13:42,760 INFO: Epoch: 342 | PSNR: 30.1285 | Loss: 5.5254 | lr: 2.50e-04 | Best_PSNR: 30.1285 in Epoch [342]
2022-07-13 22:14:14,546 INFO: Epoch: 343 | PSNR: 30.1296 | Loss: 5.5232 | lr: 2.50e-04 | Best_PSNR: 30.1296 in Epoch [343]
2022-07-13 22:14:46,527 INFO: Epoch: 344 | PSNR: 30.1308 | Loss: 5.5452 | lr: 2.50e-04 | Best_PSNR: 30.1308 in Epoch [344]
2022-07-13 22:15:18,843 INFO: Epoch: 345 | PSNR: 30.1320 | Loss: 5.4742 | lr: 2.50e-04 | Best_PSNR: 30.1320 in Epoch [345]
2022-07-13 22:15:50,556 INFO: Epoch: 346 | PSNR: 30.1322 | Loss: 5.5209 | lr: 2.50e-04 | Best_PSNR: 30.1322 in Epoch [346]
2022-07-13 22:16:22,460 INFO: Epoch: 347 | PSNR: 30.1333 | Loss: 5.5158 | lr: 2.50e-04 | Best_PSNR: 30.1333 in Epoch [347]
2022-07-13 22:16:54,321 INFO: Epoch: 348 | PSNR: 30.1340 | Loss: 5.4963 | lr: 2.50e-04 | Best_PSNR: 30.1340 in Epoch [348]
2022-07-13 22:17:25,852 INFO: Epoch: 349 | PSNR: 30.1345 | Loss: 5.5778 | lr: 2.50e-04 | Best_PSNR: 30.1345 in Epoch [349]
2022-07-13 22:17:57,853 INFO: Epoch: 350 | PSNR: 30.1350 | Loss: 5.5494 | lr: 2.50e-04 | Best_PSNR: 30.1350 in Epoch [350]
2022-07-13 22:18:30,272 INFO: Epoch: 351 | PSNR: 30.1352 | Loss: 5.5587 | lr: 2.50e-04 | Best_PSNR: 30.1352 in Epoch [351]
2022-07-13 22:19:01,701 INFO: Epoch: 352 | PSNR: 30.1363 | Loss: 5.5310 | lr: 2.50e-04 | Best_PSNR: 30.1363 in Epoch [352]
2022-07-13 22:19:33,576 INFO: Epoch: 353 | PSNR: 30.1371 | Loss: 5.5431 | lr: 2.50e-04 | Best_PSNR: 30.1371 in Epoch [353]
2022-07-13 22:20:05,331 INFO: Epoch: 354 | PSNR: 30.1368 | Loss: 5.5002 | lr: 2.50e-04 | Best_PSNR: 30.1371 in Epoch [353]
2022-07-13 22:20:36,757 INFO: Epoch: 355 | PSNR: 30.1381 | Loss: 5.5150 | lr: 2.50e-04 | Best_PSNR: 30.1381 in Epoch [355]
2022-07-13 22:21:09,109 INFO: Epoch: 356 | PSNR: 30.1383 | Loss: 5.5379 | lr: 2.50e-04 | Best_PSNR: 30.1383 in Epoch [356]
2022-07-13 22:21:42,629 INFO: Epoch: 357 | PSNR: 30.1384 | Loss: 5.4940 | lr: 2.50e-04 | Best_PSNR: 30.1384 in Epoch [357]
2022-07-13 22:22:15,631 INFO: Epoch: 358 | PSNR: 30.1395 | Loss: 5.5319 | lr: 2.50e-04 | Best_PSNR: 30.1395 in Epoch [358]
2022-07-13 22:22:47,682 INFO: Epoch: 359 | PSNR: 30.1403 | Loss: 5.4923 | lr: 2.50e-04 | Best_PSNR: 30.1403 in Epoch [359]
2022-07-13 22:23:18,948 INFO: Epoch: 360 | PSNR: 30.1401 | Loss: 5.4850 | lr: 2.50e-04 | Best_PSNR: 30.1403 in Epoch [359]
2022-07-13 22:23:51,998 INFO: Epoch: 361 | PSNR: 30.1412 | Loss: 5.5388 | lr: 1.25e-04 | Best_PSNR: 30.1412 in Epoch [361]
2022-07-13 22:24:23,834 INFO: Epoch: 362 | PSNR: 30.1416 | Loss: 5.5119 | lr: 1.25e-04 | Best_PSNR: 30.1416 in Epoch [362]
2022-07-13 22:24:55,450 INFO: Epoch: 363 | PSNR: 30.1427 | Loss: 5.4805 | lr: 1.25e-04 | Best_PSNR: 30.1427 in Epoch [363]
2022-07-13 22:25:26,493 INFO: Epoch: 364 | PSNR: 30.1426 | Loss: 5.5259 | lr: 1.25e-04 | Best_PSNR: 30.1427 in Epoch [363]
2022-07-13 22:25:59,783 INFO: Epoch: 365 | PSNR: 30.1433 | Loss: 5.5112 | lr: 1.25e-04 | Best_PSNR: 30.1433 in Epoch [365]
2022-07-13 22:26:31,842 INFO: Epoch: 366 | PSNR: 30.1433 | Loss: 5.5186 | lr: 1.25e-04 | Best_PSNR: 30.1433 in Epoch [366]
2022-07-13 22:27:04,864 INFO: Epoch: 367 | PSNR: 30.1438 | Loss: 5.4951 | lr: 1.25e-04 | Best_PSNR: 30.1438 in Epoch [367]
2022-07-13 22:27:37,163 INFO: Epoch: 368 | PSNR: 30.1441 | Loss: 5.5355 | lr: 1.25e-04 | Best_PSNR: 30.1441 in Epoch [368]
2022-07-13 22:28:10,104 INFO: Epoch: 369 | PSNR: 30.1447 | Loss: 5.5162 | lr: 1.25e-04 | Best_PSNR: 30.1447 in Epoch [369]
2022-07-13 22:28:44,113 INFO: Epoch: 370 | PSNR: 30.1446 | Loss: 5.5175 | lr: 1.25e-04 | Best_PSNR: 30.1447 in Epoch [369]
2022-07-13 22:29:17,338 INFO: Epoch: 371 | PSNR: 30.1446 | Loss: 5.5337 | lr: 1.25e-04 | Best_PSNR: 30.1447 in Epoch [369]
2022-07-13 22:29:50,538 INFO: Epoch: 372 | PSNR: 30.1448 | Loss: 5.5123 | lr: 1.25e-04 | Best_PSNR: 30.1448 in Epoch [372]
2022-07-13 22:30:23,037 INFO: Epoch: 373 | PSNR: 30.1454 | Loss: 5.4958 | lr: 1.25e-04 | Best_PSNR: 30.1454 in Epoch [373]
2022-07-13 22:30:54,277 INFO: Epoch: 374 | PSNR: 30.1453 | Loss: 5.5154 | lr: 1.25e-04 | Best_PSNR: 30.1454 in Epoch [373]
2022-07-13 22:31:26,655 INFO: Epoch: 375 | PSNR: 30.1463 | Loss: 5.4857 | lr: 1.25e-04 | Best_PSNR: 30.1463 in Epoch [375]
2022-07-13 22:31:59,105 INFO: Epoch: 376 | PSNR: 30.1461 | Loss: 5.5181 | lr: 1.25e-04 | Best_PSNR: 30.1463 in Epoch [375]
2022-07-13 22:32:34,761 INFO: Epoch: 377 | PSNR: 30.1461 | Loss: 5.4768 | lr: 1.25e-04 | Best_PSNR: 30.1463 in Epoch [375]
2022-07-13 22:33:08,643 INFO: Epoch: 378 | PSNR: 30.1463 | Loss: 5.5481 | lr: 1.25e-04 | Best_PSNR: 30.1463 in Epoch [378]
2022-07-13 22:33:40,495 INFO: Epoch: 379 | PSNR: 30.1463 | Loss: 5.5545 | lr: 1.25e-04 | Best_PSNR: 30.1463 in Epoch [378]
2022-07-13 22:34:11,766 INFO: Epoch: 380 | PSNR: 30.1463 | Loss: 5.4498 | lr: 1.25e-04 | Best_PSNR: 30.1463 in Epoch [378]
2022-07-13 22:34:44,867 INFO: Epoch: 381 | PSNR: 30.1473 | Loss: 5.4527 | lr: 1.25e-04 | Best_PSNR: 30.1473 in Epoch [381]
2022-07-13 22:35:16,967 INFO: Epoch: 382 | PSNR: 30.1477 | Loss: 5.4964 | lr: 1.25e-04 | Best_PSNR: 30.1477 in Epoch [382]
2022-07-13 22:35:49,193 INFO: Epoch: 383 | PSNR: 30.1473 | Loss: 5.4959 | lr: 1.25e-04 | Best_PSNR: 30.1477 in Epoch [382]
2022-07-13 22:36:21,944 INFO: Epoch: 384 | PSNR: 30.1472 | Loss: 5.5107 | lr: 1.25e-04 | Best_PSNR: 30.1477 in Epoch [382]
2022-07-13 22:36:54,415 INFO: Epoch: 385 | PSNR: 30.1473 | Loss: 5.5406 | lr: 1.25e-04 | Best_PSNR: 30.1477 in Epoch [382]
2022-07-13 22:37:26,928 INFO: Epoch: 386 | PSNR: 30.1473 | Loss: 5.5081 | lr: 1.25e-04 | Best_PSNR: 30.1477 in Epoch [382]
2022-07-13 22:37:59,841 INFO: Epoch: 387 | PSNR: 30.1478 | Loss: 5.5040 | lr: 1.25e-04 | Best_PSNR: 30.1478 in Epoch [387]
2022-07-13 22:38:32,152 INFO: Epoch: 388 | PSNR: 30.1483 | Loss: 5.4397 | lr: 1.25e-04 | Best_PSNR: 30.1483 in Epoch [388]
2022-07-13 22:39:04,221 INFO: Epoch: 389 | PSNR: 30.1481 | Loss: 5.4886 | lr: 1.25e-04 | Best_PSNR: 30.1483 in Epoch [388]
2022-07-13 22:39:36,093 INFO: Epoch: 390 | PSNR: 30.1480 | Loss: 5.5516 | lr: 1.25e-04 | Best_PSNR: 30.1483 in Epoch [388]
2022-07-13 22:40:08,605 INFO: Epoch: 391 | PSNR: 30.1482 | Loss: 5.4425 | lr: 1.25e-04 | Best_PSNR: 30.1483 in Epoch [388]
2022-07-13 22:40:40,140 INFO: Epoch: 392 | PSNR: 30.1481 | Loss: 5.4726 | lr: 1.25e-04 | Best_PSNR: 30.1483 in Epoch [388]
2022-07-13 22:41:12,641 INFO: Epoch: 393 | PSNR: 30.1487 | Loss: 5.5238 | lr: 1.25e-04 | Best_PSNR: 30.1487 in Epoch [393]
2022-07-13 22:41:44,939 INFO: Epoch: 394 | PSNR: 30.1488 | Loss: 5.4721 | lr: 1.25e-04 | Best_PSNR: 30.1488 in Epoch [394]
2022-07-13 22:42:18,670 INFO: Epoch: 395 | PSNR: 30.1483 | Loss: 5.5294 | lr: 1.25e-04 | Best_PSNR: 30.1488 in Epoch [394]
2022-07-13 22:42:50,442 INFO: Epoch: 396 | PSNR: 30.1486 | Loss: 5.5169 | lr: 1.25e-04 | Best_PSNR: 30.1488 in Epoch [394]
2022-07-13 22:43:23,066 INFO: Epoch: 397 | PSNR: 30.1488 | Loss: 5.4614 | lr: 1.25e-04 | Best_PSNR: 30.1488 in Epoch [397]
2022-07-13 22:43:55,824 INFO: Epoch: 398 | PSNR: 30.1491 | Loss: 5.4927 | lr: 1.25e-04 | Best_PSNR: 30.1491 in Epoch [398]
2022-07-13 22:44:28,183 INFO: Epoch: 399 | PSNR: 30.1497 | Loss: 5.4905 | lr: 1.25e-04 | Best_PSNR: 30.1497 in Epoch [399]
2022-07-13 22:44:59,375 INFO: Epoch: 400 | PSNR: 30.1492 | Loss: 5.5050 | lr: 1.25e-04 | Best_PSNR: 30.1497 in Epoch [399]
2022-07-13 22:45:30,551 INFO: Epoch: 401 | PSNR: 30.1495 | Loss: 5.5133 | lr: 1.25e-04 | Best_PSNR: 30.1497 in Epoch [399]
2022-07-13 22:46:02,899 INFO: Epoch: 402 | PSNR: 30.1500 | Loss: 5.4774 | lr: 1.25e-04 | Best_PSNR: 30.1500 in Epoch [402]
2022-07-13 22:46:34,902 INFO: Epoch: 403 | PSNR: 30.1497 | Loss: 5.5173 | lr: 1.25e-04 | Best_PSNR: 30.1500 in Epoch [402]
2022-07-13 22:47:06,798 INFO: Epoch: 404 | PSNR: 30.1499 | Loss: 5.4632 | lr: 1.25e-04 | Best_PSNR: 30.1500 in Epoch [402]
2022-07-13 22:47:39,101 INFO: Epoch: 405 | PSNR: 30.1507 | Loss: 5.4984 | lr: 1.25e-04 | Best_PSNR: 30.1507 in Epoch [405]
2022-07-13 22:48:11,029 INFO: Epoch: 406 | PSNR: 30.1507 | Loss: 5.4766 | lr: 1.25e-04 | Best_PSNR: 30.1507 in Epoch [406]
2022-07-13 22:48:41,736 INFO: Epoch: 407 | PSNR: 30.1503 | Loss: 5.5006 | lr: 1.25e-04 | Best_PSNR: 30.1507 in Epoch [406]
2022-07-13 22:49:13,314 INFO: Epoch: 408 | PSNR: 30.1507 | Loss: 5.4823 | lr: 1.25e-04 | Best_PSNR: 30.1507 in Epoch [408]
2022-07-13 22:49:45,652 INFO: Epoch: 409 | PSNR: 30.1513 | Loss: 5.5005 | lr: 1.25e-04 | Best_PSNR: 30.1513 in Epoch [409]
2022-07-13 22:50:17,389 INFO: Epoch: 410 | PSNR: 30.1516 | Loss: 5.5049 | lr: 1.25e-04 | Best_PSNR: 30.1516 in Epoch [410]
2022-07-13 22:50:49,122 INFO: Epoch: 411 | PSNR: 30.1511 | Loss: 5.4867 | lr: 1.25e-04 | Best_PSNR: 30.1516 in Epoch [410]
2022-07-13 22:51:21,162 INFO: Epoch: 412 | PSNR: 30.1510 | Loss: 5.5526 | lr: 1.25e-04 | Best_PSNR: 30.1516 in Epoch [410]
2022-07-13 22:51:53,127 INFO: Epoch: 413 | PSNR: 30.1508 | Loss: 5.5308 | lr: 1.25e-04 | Best_PSNR: 30.1516 in Epoch [410]
2022-07-13 22:52:25,079 INFO: Epoch: 414 | PSNR: 30.1515 | Loss: 5.4605 | lr: 1.25e-04 | Best_PSNR: 30.1516 in Epoch [410]
2022-07-13 22:52:58,573 INFO: Epoch: 415 | PSNR: 30.1514 | Loss: 5.4658 | lr: 1.25e-04 | Best_PSNR: 30.1516 in Epoch [410]
2022-07-13 22:53:32,515 INFO: Epoch: 416 | PSNR: 30.1516 | Loss: 5.5043 | lr: 1.25e-04 | Best_PSNR: 30.1516 in Epoch [410]
2022-07-13 22:54:05,126 INFO: Epoch: 417 | PSNR: 30.1517 | Loss: 5.4820 | lr: 1.25e-04 | Best_PSNR: 30.1517 in Epoch [417]
2022-07-13 22:54:39,488 INFO: Epoch: 418 | PSNR: 30.1517 | Loss: 5.4735 | lr: 1.25e-04 | Best_PSNR: 30.1517 in Epoch [418]
2022-07-13 22:55:12,790 INFO: Epoch: 419 | PSNR: 30.1517 | Loss: 5.5009 | lr: 1.25e-04 | Best_PSNR: 30.1517 in Epoch [418]
2022-07-13 22:55:47,060 INFO: Epoch: 420 | PSNR: 30.1521 | Loss: 5.4928 | lr: 1.25e-04 | Best_PSNR: 30.1521 in Epoch [420]
2022-07-13 22:56:20,257 INFO: Epoch: 421 | PSNR: 30.1522 | Loss: 5.4864 | lr: 1.25e-04 | Best_PSNR: 30.1522 in Epoch [421]
2022-07-13 22:56:53,196 INFO: Epoch: 422 | PSNR: 30.1527 | Loss: 5.4359 | lr: 1.25e-04 | Best_PSNR: 30.1527 in Epoch [422]
2022-07-13 22:57:26,232 INFO: Epoch: 423 | PSNR: 30.1522 | Loss: 5.4999 | lr: 1.25e-04 | Best_PSNR: 30.1527 in Epoch [422]
2022-07-13 22:57:58,209 INFO: Epoch: 424 | PSNR: 30.1519 | Loss: 5.4751 | lr: 1.25e-04 | Best_PSNR: 30.1527 in Epoch [422]
2022-07-13 22:58:29,006 INFO: Epoch: 425 | PSNR: 30.1525 | Loss: 5.5517 | lr: 1.25e-04 | Best_PSNR: 30.1527 in Epoch [422]
2022-07-13 22:59:01,162 INFO: Epoch: 426 | PSNR: 30.1532 | Loss: 5.4835 | lr: 1.25e-04 | Best_PSNR: 30.1532 in Epoch [426]
2022-07-13 22:59:32,414 INFO: Epoch: 427 | PSNR: 30.1529 | Loss: 5.5424 | lr: 1.25e-04 | Best_PSNR: 30.1532 in Epoch [426]
2022-07-13 23:00:03,824 INFO: Epoch: 428 | PSNR: 30.1519 | Loss: 5.5457 | lr: 1.25e-04 | Best_PSNR: 30.1532 in Epoch [426]
2022-07-13 23:00:35,323 INFO: Epoch: 429 | PSNR: 30.1520 | Loss: 5.5455 | lr: 1.25e-04 | Best_PSNR: 30.1532 in Epoch [426]
2022-07-13 23:01:07,380 INFO: Epoch: 430 | PSNR: 30.1525 | Loss: 5.5163 | lr: 1.25e-04 | Best_PSNR: 30.1532 in Epoch [426]
2022-07-13 23:01:39,799 INFO: Epoch: 431 | PSNR: 30.1526 | Loss: 5.4808 | lr: 1.25e-04 | Best_PSNR: 30.1532 in Epoch [426]
2022-07-13 23:02:12,597 INFO: Epoch: 432 | PSNR: 30.1534 | Loss: 5.4657 | lr: 1.25e-04 | Best_PSNR: 30.1534 in Epoch [432]
2022-07-13 23:02:45,040 INFO: Epoch: 433 | PSNR: 30.1530 | Loss: 5.4329 | lr: 1.25e-04 | Best_PSNR: 30.1534 in Epoch [432]
2022-07-13 23:03:16,507 INFO: Epoch: 434 | PSNR: 30.1530 | Loss: 5.5145 | lr: 1.25e-04 | Best_PSNR: 30.1534 in Epoch [432]
2022-07-13 23:03:47,617 INFO: Epoch: 435 | PSNR: 30.1530 | Loss: 5.5025 | lr: 1.25e-04 | Best_PSNR: 30.1534 in Epoch [432]
2022-07-13 23:04:19,678 INFO: Epoch: 436 | PSNR: 30.1528 | Loss: 5.4923 | lr: 1.25e-04 | Best_PSNR: 30.1534 in Epoch [432]
2022-07-13 23:04:51,447 INFO: Epoch: 437 | PSNR: 30.1529 | Loss: 5.5051 | lr: 1.25e-04 | Best_PSNR: 30.1534 in Epoch [432]
2022-07-13 23:05:23,618 INFO: Epoch: 438 | PSNR: 30.1535 | Loss: 5.4706 | lr: 1.25e-04 | Best_PSNR: 30.1535 in Epoch [438]
2022-07-13 23:05:55,604 INFO: Epoch: 439 | PSNR: 30.1538 | Loss: 5.5019 | lr: 1.25e-04 | Best_PSNR: 30.1538 in Epoch [439]
2022-07-13 23:06:28,191 INFO: Epoch: 440 | PSNR: 30.1545 | Loss: 5.4736 | lr: 1.25e-04 | Best_PSNR: 30.1545 in Epoch [440]
2022-07-13 23:06:59,825 INFO: Epoch: 441 | PSNR: 30.1539 | Loss: 5.5316 | lr: 1.25e-04 | Best_PSNR: 30.1545 in Epoch [440]
2022-07-13 23:07:31,320 INFO: Epoch: 442 | PSNR: 30.1542 | Loss: 5.5184 | lr: 1.25e-04 | Best_PSNR: 30.1545 in Epoch [440]
2022-07-13 23:08:03,157 INFO: Epoch: 443 | PSNR: 30.1543 | Loss: 5.4571 | lr: 1.25e-04 | Best_PSNR: 30.1545 in Epoch [440]
2022-07-13 23:08:34,528 INFO: Epoch: 444 | PSNR: 30.1542 | Loss: 5.4856 | lr: 1.25e-04 | Best_PSNR: 30.1545 in Epoch [440]
2022-07-13 23:09:06,411 INFO: Epoch: 445 | PSNR: 30.1542 | Loss: 5.5359 | lr: 1.25e-04 | Best_PSNR: 30.1545 in Epoch [440]
2022-07-13 23:09:37,616 INFO: Epoch: 446 | PSNR: 30.1544 | Loss: 5.4937 | lr: 1.25e-04 | Best_PSNR: 30.1545 in Epoch [440]
2022-07-13 23:10:09,474 INFO: Epoch: 447 | PSNR: 30.1546 | Loss: 5.5481 | lr: 1.25e-04 | Best_PSNR: 30.1546 in Epoch [447]
2022-07-13 23:10:40,866 INFO: Epoch: 448 | PSNR: 30.1543 | Loss: 5.4971 | lr: 1.25e-04 | Best_PSNR: 30.1546 in Epoch [447]
2022-07-13 23:11:12,027 INFO: Epoch: 449 | PSNR: 30.1545 | Loss: 5.5067 | lr: 1.25e-04 | Best_PSNR: 30.1546 in Epoch [447]
2022-07-13 23:11:43,771 INFO: Epoch: 450 | PSNR: 30.1549 | Loss: 5.5254 | lr: 1.25e-04 | Best_PSNR: 30.1549 in Epoch [450]
2022-07-13 23:12:15,386 INFO: Epoch: 451 | PSNR: 30.1551 | Loss: 5.5000 | lr: 1.25e-04 | Best_PSNR: 30.1551 in Epoch [451]
2022-07-13 23:12:46,692 INFO: Epoch: 452 | PSNR: 30.1549 | Loss: 5.4608 | lr: 1.25e-04 | Best_PSNR: 30.1551 in Epoch [451]
2022-07-13 23:13:17,521 INFO: Epoch: 453 | PSNR: 30.1551 | Loss: 5.4713 | lr: 1.25e-04 | Best_PSNR: 30.1551 in Epoch [451]
2022-07-13 23:13:49,424 INFO: Epoch: 454 | PSNR: 30.1549 | Loss: 5.4973 | lr: 1.25e-04 | Best_PSNR: 30.1551 in Epoch [451]
2022-07-13 23:14:20,540 INFO: Epoch: 455 | PSNR: 30.1551 | Loss: 5.4811 | lr: 1.25e-04 | Best_PSNR: 30.1551 in Epoch [451]
2022-07-13 23:14:51,070 INFO: Epoch: 456 | PSNR: 30.1553 | Loss: 5.5128 | lr: 1.25e-04 | Best_PSNR: 30.1553 in Epoch [456]
2022-07-13 23:15:23,702 INFO: Epoch: 457 | PSNR: 30.1554 | Loss: 5.5297 | lr: 1.25e-04 | Best_PSNR: 30.1554 in Epoch [457]
2022-07-13 23:15:55,386 INFO: Epoch: 458 | PSNR: 30.1549 | Loss: 5.4642 | lr: 1.25e-04 | Best_PSNR: 30.1554 in Epoch [457]
2022-07-13 23:16:28,784 INFO: Epoch: 459 | PSNR: 30.1557 | Loss: 5.5227 | lr: 1.25e-04 | Best_PSNR: 30.1557 in Epoch [459]
2022-07-13 23:17:00,677 INFO: Epoch: 460 | PSNR: 30.1557 | Loss: 5.5123 | lr: 1.25e-04 | Best_PSNR: 30.1557 in Epoch [459]
2022-07-13 23:17:32,987 INFO: Epoch: 461 | PSNR: 30.1556 | Loss: 5.4784 | lr: 1.25e-04 | Best_PSNR: 30.1557 in Epoch [459]
2022-07-13 23:18:07,171 INFO: Epoch: 462 | PSNR: 30.1554 | Loss: 5.5337 | lr: 1.25e-04 | Best_PSNR: 30.1557 in Epoch [459]
2022-07-13 23:18:38,604 INFO: Epoch: 463 | PSNR: 30.1554 | Loss: 5.4718 | lr: 1.25e-04 | Best_PSNR: 30.1557 in Epoch [459]
2022-07-13 23:19:09,768 INFO: Epoch: 464 | PSNR: 30.1557 | Loss: 5.5186 | lr: 1.25e-04 | Best_PSNR: 30.1557 in Epoch [459]
2022-07-13 23:19:40,897 INFO: Epoch: 465 | PSNR: 30.1555 | Loss: 5.4967 | lr: 1.25e-04 | Best_PSNR: 30.1557 in Epoch [459]
2022-07-13 23:20:12,957 INFO: Epoch: 466 | PSNR: 30.1554 | Loss: 5.5163 | lr: 1.25e-04 | Best_PSNR: 30.1557 in Epoch [459]
2022-07-13 23:20:45,478 INFO: Epoch: 467 | PSNR: 30.1554 | Loss: 5.5065 | lr: 1.25e-04 | Best_PSNR: 30.1557 in Epoch [459]
2022-07-13 23:21:17,760 INFO: Epoch: 468 | PSNR: 30.1553 | Loss: 5.5075 | lr: 1.25e-04 | Best_PSNR: 30.1557 in Epoch [459]
2022-07-13 23:21:49,045 INFO: Epoch: 469 | PSNR: 30.1556 | Loss: 5.4766 | lr: 1.25e-04 | Best_PSNR: 30.1557 in Epoch [459]
2022-07-13 23:22:21,207 INFO: Epoch: 470 | PSNR: 30.1562 | Loss: 5.4853 | lr: 1.25e-04 | Best_PSNR: 30.1562 in Epoch [470]
2022-07-13 23:22:53,176 INFO: Epoch: 471 | PSNR: 30.1557 | Loss: 5.5050 | lr: 1.25e-04 | Best_PSNR: 30.1562 in Epoch [470]
2022-07-13 23:23:24,635 INFO: Epoch: 472 | PSNR: 30.1558 | Loss: 5.4669 | lr: 1.25e-04 | Best_PSNR: 30.1562 in Epoch [470]
2022-07-13 23:23:57,056 INFO: Epoch: 473 | PSNR: 30.1558 | Loss: 5.4706 | lr: 1.25e-04 | Best_PSNR: 30.1562 in Epoch [470]
2022-07-13 23:24:29,696 INFO: Epoch: 474 | PSNR: 30.1562 | Loss: 5.5051 | lr: 1.25e-04 | Best_PSNR: 30.1562 in Epoch [470]
2022-07-13 23:25:02,617 INFO: Epoch: 475 | PSNR: 30.1567 | Loss: 5.4294 | lr: 1.25e-04 | Best_PSNR: 30.1567 in Epoch [475]
2022-07-13 23:25:35,049 INFO: Epoch: 476 | PSNR: 30.1567 | Loss: 5.4694 | lr: 1.25e-04 | Best_PSNR: 30.1567 in Epoch [476]
2022-07-13 23:26:12,041 INFO: Epoch: 477 | PSNR: 30.1566 | Loss: 5.4835 | lr: 1.25e-04 | Best_PSNR: 30.1567 in Epoch [476]
2022-07-13 23:26:44,121 INFO: Epoch: 478 | PSNR: 30.1565 | Loss: 5.4744 | lr: 1.25e-04 | Best_PSNR: 30.1567 in Epoch [476]
2022-07-13 23:27:16,936 INFO: Epoch: 479 | PSNR: 30.1568 | Loss: 5.4616 | lr: 1.25e-04 | Best_PSNR: 30.1568 in Epoch [479]
2022-07-13 23:27:52,334 INFO: Epoch: 480 | PSNR: 30.1575 | Loss: 5.4843 | lr: 1.25e-04 | Best_PSNR: 30.1575 in Epoch [480]
2022-07-13 23:28:25,364 INFO: Epoch: 481 | PSNR: 30.1574 | Loss: 5.4826 | lr: 6.25e-05 | Best_PSNR: 30.1575 in Epoch [480]
2022-07-13 23:28:58,955 INFO: Epoch: 482 | PSNR: 30.1571 | Loss: 5.5093 | lr: 6.25e-05 | Best_PSNR: 30.1575 in Epoch [480]
2022-07-13 23:29:32,100 INFO: Epoch: 483 | PSNR: 30.1576 | Loss: 5.5010 | lr: 6.25e-05 | Best_PSNR: 30.1576 in Epoch [483]
2022-07-13 23:30:04,893 INFO: Epoch: 484 | PSNR: 30.1577 | Loss: 5.4831 | lr: 6.25e-05 | Best_PSNR: 30.1577 in Epoch [484]
2022-07-13 23:30:36,867 INFO: Epoch: 485 | PSNR: 30.1574 | Loss: 5.4951 | lr: 6.25e-05 | Best_PSNR: 30.1577 in Epoch [484]
2022-07-13 23:31:08,569 INFO: Epoch: 486 | PSNR: 30.1577 | Loss: 5.5072 | lr: 6.25e-05 | Best_PSNR: 30.1577 in Epoch [486]
2022-07-13 23:31:40,455 INFO: Epoch: 487 | PSNR: 30.1577 | Loss: 5.4945 | lr: 6.25e-05 | Best_PSNR: 30.1577 in Epoch [487]
2022-07-13 23:32:12,535 INFO: Epoch: 488 | PSNR: 30.1579 | Loss: 5.5230 | lr: 6.25e-05 | Best_PSNR: 30.1579 in Epoch [488]
2022-07-13 23:32:44,881 INFO: Epoch: 489 | PSNR: 30.1584 | Loss: 5.4676 | lr: 6.25e-05 | Best_PSNR: 30.1584 in Epoch [489]
2022-07-13 23:33:16,856 INFO: Epoch: 490 | PSNR: 30.1584 | Loss: 5.4894 | lr: 6.25e-05 | Best_PSNR: 30.1584 in Epoch [490]
2022-07-13 23:33:49,384 INFO: Epoch: 491 | PSNR: 30.1588 | Loss: 5.4948 | lr: 6.25e-05 | Best_PSNR: 30.1588 in Epoch [491]
2022-07-13 23:34:22,574 INFO: Epoch: 492 | PSNR: 30.1582 | Loss: 5.5084 | lr: 6.25e-05 | Best_PSNR: 30.1588 in Epoch [491]
2022-07-13 23:34:55,658 INFO: Epoch: 493 | PSNR: 30.1582 | Loss: 5.4871 | lr: 6.25e-05 | Best_PSNR: 30.1588 in Epoch [491]
2022-07-13 23:35:27,701 INFO: Epoch: 494 | PSNR: 30.1582 | Loss: 5.5238 | lr: 6.25e-05 | Best_PSNR: 30.1588 in Epoch [491]
2022-07-13 23:36:00,217 INFO: Epoch: 495 | PSNR: 30.1583 | Loss: 5.4877 | lr: 6.25e-05 | Best_PSNR: 30.1588 in Epoch [491]
2022-07-13 23:36:31,713 INFO: Epoch: 496 | PSNR: 30.1579 | Loss: 5.4749 | lr: 6.25e-05 | Best_PSNR: 30.1588 in Epoch [491]
2022-07-13 23:37:03,862 INFO: Epoch: 497 | PSNR: 30.1577 | Loss: 5.5019 | lr: 6.25e-05 | Best_PSNR: 30.1588 in Epoch [491]
2022-07-13 23:37:35,207 INFO: Epoch: 498 | PSNR: 30.1579 | Loss: 5.4700 | lr: 6.25e-05 | Best_PSNR: 30.1588 in Epoch [491]
2022-07-13 23:38:06,637 INFO: Epoch: 499 | PSNR: 30.1584 | Loss: 5.4657 | lr: 6.25e-05 | Best_PSNR: 30.1588 in Epoch [491]
2022-07-13 23:38:37,907 INFO: Epoch: 500 | PSNR: 30.1586 | Loss: 5.4870 | lr: 6.25e-05 | Best_PSNR: 30.1588 in Epoch [491]
2022-07-13 23:39:09,911 INFO: Epoch: 501 | PSNR: 30.1582 | Loss: 5.5111 | lr: 6.25e-05 | Best_PSNR: 30.1588 in Epoch [491]
2022-07-13 23:39:41,830 INFO: Epoch: 502 | PSNR: 30.1586 | Loss: 5.5073 | lr: 6.25e-05 | Best_PSNR: 30.1588 in Epoch [491]
2022-07-13 23:40:13,446 INFO: Epoch: 503 | PSNR: 30.1592 | Loss: 5.4837 | lr: 6.25e-05 | Best_PSNR: 30.1592 in Epoch [503]
2022-07-13 23:40:44,306 INFO: Epoch: 504 | PSNR: 30.1586 | Loss: 5.4882 | lr: 6.25e-05 | Best_PSNR: 30.1592 in Epoch [503]
2022-07-13 23:41:15,512 INFO: Epoch: 505 | PSNR: 30.1584 | Loss: 5.5256 | lr: 6.25e-05 | Best_PSNR: 30.1592 in Epoch [503]
2022-07-13 23:41:47,120 INFO: Epoch: 506 | PSNR: 30.1587 | Loss: 5.4802 | lr: 6.25e-05 | Best_PSNR: 30.1592 in Epoch [503]
2022-07-13 23:42:18,722 INFO: Epoch: 507 | PSNR: 30.1586 | Loss: 5.4891 | lr: 6.25e-05 | Best_PSNR: 30.1592 in Epoch [503]
2022-07-13 23:42:50,591 INFO: Epoch: 508 | PSNR: 30.1587 | Loss: 5.4939 | lr: 6.25e-05 | Best_PSNR: 30.1592 in Epoch [503]
2022-07-13 23:43:22,564 INFO: Epoch: 509 | PSNR: 30.1587 | Loss: 5.4550 | lr: 6.25e-05 | Best_PSNR: 30.1592 in Epoch [503]
2022-07-13 23:43:54,646 INFO: Epoch: 510 | PSNR: 30.1592 | Loss: 5.5348 | lr: 6.25e-05 | Best_PSNR: 30.1592 in Epoch [503]
2022-07-13 23:44:27,183 INFO: Epoch: 511 | PSNR: 30.1592 | Loss: 5.5237 | lr: 6.25e-05 | Best_PSNR: 30.1592 in Epoch [511]
2022-07-13 23:44:59,783 INFO: Epoch: 512 | PSNR: 30.1595 | Loss: 5.4706 | lr: 6.25e-05 | Best_PSNR: 30.1595 in Epoch [512]
2022-07-13 23:45:31,388 INFO: Epoch: 513 | PSNR: 30.1594 | Loss: 5.5003 | lr: 6.25e-05 | Best_PSNR: 30.1595 in Epoch [512]
2022-07-13 23:46:02,516 INFO: Epoch: 514 | PSNR: 30.1589 | Loss: 5.5042 | lr: 6.25e-05 | Best_PSNR: 30.1595 in Epoch [512]
2022-07-13 23:46:34,070 INFO: Epoch: 515 | PSNR: 30.1589 | Loss: 5.4866 | lr: 6.25e-05 | Best_PSNR: 30.1595 in Epoch [512]
2022-07-13 23:47:05,411 INFO: Epoch: 516 | PSNR: 30.1591 | Loss: 5.5188 | lr: 6.25e-05 | Best_PSNR: 30.1595 in Epoch [512]
2022-07-13 23:47:39,122 INFO: Epoch: 517 | PSNR: 30.1593 | Loss: 5.4497 | lr: 6.25e-05 | Best_PSNR: 30.1595 in Epoch [512]
2022-07-13 23:48:10,879 INFO: Epoch: 518 | PSNR: 30.1595 | Loss: 5.4475 | lr: 6.25e-05 | Best_PSNR: 30.1595 in Epoch [512]
2022-07-13 23:48:43,308 INFO: Epoch: 519 | PSNR: 30.1600 | Loss: 5.5127 | lr: 6.25e-05 | Best_PSNR: 30.1600 in Epoch [519]
2022-07-13 23:49:15,783 INFO: Epoch: 520 | PSNR: 30.1593 | Loss: 5.5112 | lr: 6.25e-05 | Best_PSNR: 30.1600 in Epoch [519]
2022-07-13 23:49:48,631 INFO: Epoch: 521 | PSNR: 30.1595 | Loss: 5.5655 | lr: 6.25e-05 | Best_PSNR: 30.1600 in Epoch [519]
2022-07-13 23:50:19,970 INFO: Epoch: 522 | PSNR: 30.1595 | Loss: 5.5238 | lr: 6.25e-05 | Best_PSNR: 30.1600 in Epoch [519]
2022-07-13 23:50:51,862 INFO: Epoch: 523 | PSNR: 30.1594 | Loss: 5.5088 | lr: 6.25e-05 | Best_PSNR: 30.1600 in Epoch [519]
2022-07-13 23:51:24,026 INFO: Epoch: 524 | PSNR: 30.1596 | Loss: 5.5066 | lr: 6.25e-05 | Best_PSNR: 30.1600 in Epoch [519]
2022-07-13 23:51:56,579 INFO: Epoch: 525 | PSNR: 30.1600 | Loss: 5.5077 | lr: 6.25e-05 | Best_PSNR: 30.1600 in Epoch [525]
2022-07-13 23:52:28,130 INFO: Epoch: 526 | PSNR: 30.1602 | Loss: 5.4872 | lr: 6.25e-05 | Best_PSNR: 30.1602 in Epoch [526]
2022-07-13 23:52:59,802 INFO: Epoch: 527 | PSNR: 30.1600 | Loss: 5.5078 | lr: 6.25e-05 | Best_PSNR: 30.1602 in Epoch [526]
2022-07-13 23:53:32,242 INFO: Epoch: 528 | PSNR: 30.1594 | Loss: 5.5470 | lr: 6.25e-05 | Best_PSNR: 30.1602 in Epoch [526]
2022-07-13 23:54:05,792 INFO: Epoch: 529 | PSNR: 30.1597 | Loss: 5.5061 | lr: 6.25e-05 | Best_PSNR: 30.1602 in Epoch [526]
2022-07-13 23:54:38,419 INFO: Epoch: 530 | PSNR: 30.1598 | Loss: 5.4791 | lr: 6.25e-05 | Best_PSNR: 30.1602 in Epoch [526]
2022-07-13 23:55:11,289 INFO: Epoch: 531 | PSNR: 30.1595 | Loss: 5.5737 | lr: 6.25e-05 | Best_PSNR: 30.1602 in Epoch [526]
2022-07-13 23:55:43,259 INFO: Epoch: 532 | PSNR: 30.1599 | Loss: 5.4506 | lr: 6.25e-05 | Best_PSNR: 30.1602 in Epoch [526]
2022-07-13 23:56:15,122 INFO: Epoch: 533 | PSNR: 30.1598 | Loss: 5.5270 | lr: 6.25e-05 | Best_PSNR: 30.1602 in Epoch [526]
2022-07-13 23:56:47,158 INFO: Epoch: 534 | PSNR: 30.1604 | Loss: 5.5193 | lr: 6.25e-05 | Best_PSNR: 30.1604 in Epoch [534]
2022-07-13 23:57:20,543 INFO: Epoch: 535 | PSNR: 30.1604 | Loss: 5.5128 | lr: 6.25e-05 | Best_PSNR: 30.1604 in Epoch [535]
2022-07-13 23:57:52,305 INFO: Epoch: 536 | PSNR: 30.1605 | Loss: 5.5014 | lr: 6.25e-05 | Best_PSNR: 30.1605 in Epoch [536]
2022-07-13 23:58:25,011 INFO: Epoch: 537 | PSNR: 30.1603 | Loss: 5.4898 | lr: 6.25e-05 | Best_PSNR: 30.1605 in Epoch [536]
2022-07-13 23:58:56,188 INFO: Epoch: 538 | PSNR: 30.1603 | Loss: 5.5316 | lr: 6.25e-05 | Best_PSNR: 30.1605 in Epoch [536]
2022-07-13 23:59:27,856 INFO: Epoch: 539 | PSNR: 30.1605 | Loss: 5.5047 | lr: 6.25e-05 | Best_PSNR: 30.1605 in Epoch [539]
2022-07-13 23:59:59,047 INFO: Epoch: 540 | PSNR: 30.1601 | Loss: 5.5164 | lr: 6.25e-05 | Best_PSNR: 30.1605 in Epoch [539]
2022-07-14 00:00:30,736 INFO: Epoch: 541 | PSNR: 30.1600 | Loss: 5.4797 | lr: 6.25e-05 | Best_PSNR: 30.1605 in Epoch [539]
2022-07-14 00:01:02,795 INFO: Epoch: 542 | PSNR: 30.1603 | Loss: 5.4561 | lr: 6.25e-05 | Best_PSNR: 30.1605 in Epoch [539]
2022-07-14 00:01:34,448 INFO: Epoch: 543 | PSNR: 30.1606 | Loss: 5.4945 | lr: 6.25e-05 | Best_PSNR: 30.1606 in Epoch [543]
2022-07-14 00:02:06,288 INFO: Epoch: 544 | PSNR: 30.1609 | Loss: 5.4746 | lr: 6.25e-05 | Best_PSNR: 30.1609 in Epoch [544]
2022-07-14 00:02:37,241 INFO: Epoch: 545 | PSNR: 30.1607 | Loss: 5.5085 | lr: 6.25e-05 | Best_PSNR: 30.1609 in Epoch [544]
2022-07-14 00:03:08,330 INFO: Epoch: 546 | PSNR: 30.1608 | Loss: 5.4684 | lr: 6.25e-05 | Best_PSNR: 30.1609 in Epoch [544]
2022-07-14 00:03:39,054 INFO: Epoch: 547 | PSNR: 30.1605 | Loss: 5.5441 | lr: 6.25e-05 | Best_PSNR: 30.1609 in Epoch [544]
2022-07-14 00:04:09,736 INFO: Epoch: 548 | PSNR: 30.1606 | Loss: 5.4644 | lr: 6.25e-05 | Best_PSNR: 30.1609 in Epoch [544]
2022-07-14 00:04:40,709 INFO: Epoch: 549 | PSNR: 30.1607 | Loss: 5.5272 | lr: 6.25e-05 | Best_PSNR: 30.1609 in Epoch [544]
2022-07-14 00:05:11,805 INFO: Epoch: 550 | PSNR: 30.1609 | Loss: 5.5329 | lr: 6.25e-05 | Best_PSNR: 30.1609 in Epoch [544]
2022-07-14 00:05:42,760 INFO: Epoch: 551 | PSNR: 30.1605 | Loss: 5.5533 | lr: 6.25e-05 | Best_PSNR: 30.1609 in Epoch [544]
2022-07-14 00:06:16,027 INFO: Epoch: 552 | PSNR: 30.1604 | Loss: 5.5402 | lr: 6.25e-05 | Best_PSNR: 30.1609 in Epoch [544]
2022-07-14 00:06:47,670 INFO: Epoch: 553 | PSNR: 30.1609 | Loss: 5.5041 | lr: 6.25e-05 | Best_PSNR: 30.1609 in Epoch [544]
2022-07-14 00:07:20,247 INFO: Epoch: 554 | PSNR: 30.1613 | Loss: 5.5117 | lr: 6.25e-05 | Best_PSNR: 30.1613 in Epoch [554]
2022-07-14 00:07:53,683 INFO: Epoch: 555 | PSNR: 30.1613 | Loss: 5.4766 | lr: 6.25e-05 | Best_PSNR: 30.1613 in Epoch [555]
2022-07-14 00:08:25,187 INFO: Epoch: 556 | PSNR: 30.1611 | Loss: 5.4907 | lr: 6.25e-05 | Best_PSNR: 30.1613 in Epoch [555]
2022-07-14 00:08:57,449 INFO: Epoch: 557 | PSNR: 30.1609 | Loss: 5.4939 | lr: 6.25e-05 | Best_PSNR: 30.1613 in Epoch [555]
2022-07-14 00:09:29,623 INFO: Epoch: 558 | PSNR: 30.1614 | Loss: 5.5178 | lr: 6.25e-05 | Best_PSNR: 30.1614 in Epoch [558]
2022-07-14 00:10:01,507 INFO: Epoch: 559 | PSNR: 30.1612 | Loss: 5.4758 | lr: 6.25e-05 | Best_PSNR: 30.1614 in Epoch [558]
2022-07-14 00:10:34,011 INFO: Epoch: 560 | PSNR: 30.1615 | Loss: 5.4773 | lr: 6.25e-05 | Best_PSNR: 30.1615 in Epoch [560]
2022-07-14 00:11:05,971 INFO: Epoch: 561 | PSNR: 30.1613 | Loss: 5.4958 | lr: 6.25e-05 | Best_PSNR: 30.1615 in Epoch [560]
2022-07-14 00:11:37,350 INFO: Epoch: 562 | PSNR: 30.1608 | Loss: 5.4883 | lr: 6.25e-05 | Best_PSNR: 30.1615 in Epoch [560]
2022-07-14 00:12:10,319 INFO: Epoch: 563 | PSNR: 30.1611 | Loss: 5.4318 | lr: 6.25e-05 | Best_PSNR: 30.1615 in Epoch [560]
2022-07-14 00:12:42,795 INFO: Epoch: 564 | PSNR: 30.1614 | Loss: 5.4740 | lr: 6.25e-05 | Best_PSNR: 30.1615 in Epoch [560]
2022-07-14 00:13:16,246 INFO: Epoch: 565 | PSNR: 30.1613 | Loss: 5.4561 | lr: 6.25e-05 | Best_PSNR: 30.1615 in Epoch [560]
2022-07-14 00:13:50,007 INFO: Epoch: 566 | PSNR: 30.1617 | Loss: 5.5098 | lr: 6.25e-05 | Best_PSNR: 30.1617 in Epoch [566]
2022-07-14 00:14:22,246 INFO: Epoch: 567 | PSNR: 30.1617 | Loss: 5.4881 | lr: 6.25e-05 | Best_PSNR: 30.1617 in Epoch [567]
2022-07-14 00:14:55,697 INFO: Epoch: 568 | PSNR: 30.1615 | Loss: 5.4885 | lr: 6.25e-05 | Best_PSNR: 30.1617 in Epoch [567]
2022-07-14 00:15:28,153 INFO: Epoch: 569 | PSNR: 30.1613 | Loss: 5.4552 | lr: 6.25e-05 | Best_PSNR: 30.1617 in Epoch [567]
2022-07-14 00:16:00,800 INFO: Epoch: 570 | PSNR: 30.1618 | Loss: 5.4401 | lr: 6.25e-05 | Best_PSNR: 30.1618 in Epoch [570]
2022-07-14 00:16:32,736 INFO: Epoch: 571 | PSNR: 30.1617 | Loss: 5.5386 | lr: 6.25e-05 | Best_PSNR: 30.1618 in Epoch [570]
2022-07-14 00:17:04,227 INFO: Epoch: 572 | PSNR: 30.1620 | Loss: 5.4950 | lr: 6.25e-05 | Best_PSNR: 30.1620 in Epoch [572]
2022-07-14 00:17:35,874 INFO: Epoch: 573 | PSNR: 30.1624 | Loss: 5.5436 | lr: 6.25e-05 | Best_PSNR: 30.1624 in Epoch [573]
2022-07-14 00:18:07,956 INFO: Epoch: 574 | PSNR: 30.1622 | Loss: 5.5051 | lr: 6.25e-05 | Best_PSNR: 30.1624 in Epoch [573]
2022-07-14 00:18:40,403 INFO: Epoch: 575 | PSNR: 30.1619 | Loss: 5.5014 | lr: 6.25e-05 | Best_PSNR: 30.1624 in Epoch [573]
2022-07-14 00:19:12,158 INFO: Epoch: 576 | PSNR: 30.1622 | Loss: 5.4859 | lr: 6.25e-05 | Best_PSNR: 30.1624 in Epoch [573]
2022-07-14 00:19:43,657 INFO: Epoch: 577 | PSNR: 30.1618 | Loss: 5.4956 | lr: 6.25e-05 | Best_PSNR: 30.1624 in Epoch [573]
2022-07-14 00:20:15,106 INFO: Epoch: 578 | PSNR: 30.1621 | Loss: 5.5155 | lr: 6.25e-05 | Best_PSNR: 30.1624 in Epoch [573]
2022-07-14 00:20:48,371 INFO: Epoch: 579 | PSNR: 30.1626 | Loss: 5.5207 | lr: 6.25e-05 | Best_PSNR: 30.1626 in Epoch [579]
2022-07-14 00:21:20,483 INFO: Epoch: 580 | PSNR: 30.1627 | Loss: 5.5079 | lr: 6.25e-05 | Best_PSNR: 30.1627 in Epoch [580]
2022-07-14 00:21:54,499 INFO: Epoch: 581 | PSNR: 30.1619 | Loss: 5.5205 | lr: 6.25e-05 | Best_PSNR: 30.1627 in Epoch [580]
2022-07-14 00:22:26,100 INFO: Epoch: 582 | PSNR: 30.1626 | Loss: 5.5047 | lr: 6.25e-05 | Best_PSNR: 30.1627 in Epoch [580]
2022-07-14 00:22:57,216 INFO: Epoch: 583 | PSNR: 30.1620 | Loss: 5.5075 | lr: 6.25e-05 | Best_PSNR: 30.1627 in Epoch [580]
2022-07-14 00:23:28,263 INFO: Epoch: 584 | PSNR: 30.1621 | Loss: 5.5296 | lr: 6.25e-05 | Best_PSNR: 30.1627 in Epoch [580]
2022-07-14 00:24:00,453 INFO: Epoch: 585 | PSNR: 30.1626 | Loss: 5.5123 | lr: 6.25e-05 | Best_PSNR: 30.1627 in Epoch [580]
2022-07-14 00:24:32,601 INFO: Epoch: 586 | PSNR: 30.1625 | Loss: 5.5222 | lr: 6.25e-05 | Best_PSNR: 30.1627 in Epoch [580]
2022-07-14 00:25:04,872 INFO: Epoch: 587 | PSNR: 30.1627 | Loss: 5.5064 | lr: 6.25e-05 | Best_PSNR: 30.1627 in Epoch [587]
2022-07-14 00:25:36,701 INFO: Epoch: 588 | PSNR: 30.1624 | Loss: 5.4495 | lr: 6.25e-05 | Best_PSNR: 30.1627 in Epoch [587]
2022-07-14 00:26:09,037 INFO: Epoch: 589 | PSNR: 30.1626 | Loss: 5.5250 | lr: 6.25e-05 | Best_PSNR: 30.1627 in Epoch [587]
2022-07-14 00:26:41,444 INFO: Epoch: 590 | PSNR: 30.1632 | Loss: 5.4539 | lr: 6.25e-05 | Best_PSNR: 30.1632 in Epoch [590]
2022-07-14 00:27:13,387 INFO: Epoch: 591 | PSNR: 30.1625 | Loss: 5.5178 | lr: 6.25e-05 | Best_PSNR: 30.1632 in Epoch [590]
2022-07-14 00:27:44,984 INFO: Epoch: 592 | PSNR: 30.1621 | Loss: 5.4865 | lr: 6.25e-05 | Best_PSNR: 30.1632 in Epoch [590]
2022-07-14 00:28:15,852 INFO: Epoch: 593 | PSNR: 30.1630 | Loss: 5.5044 | lr: 6.25e-05 | Best_PSNR: 30.1632 in Epoch [590]
2022-07-14 00:28:46,908 INFO: Epoch: 594 | PSNR: 30.1631 | Loss: 5.5022 | lr: 6.25e-05 | Best_PSNR: 30.1632 in Epoch [590]
2022-07-14 00:29:18,936 INFO: Epoch: 595 | PSNR: 30.1628 | Loss: 5.4756 | lr: 6.25e-05 | Best_PSNR: 30.1632 in Epoch [590]
2022-07-14 00:29:52,842 INFO: Epoch: 596 | PSNR: 30.1625 | Loss: 5.5122 | lr: 6.25e-05 | Best_PSNR: 30.1632 in Epoch [590]
2022-07-14 00:30:23,496 INFO: Epoch: 597 | PSNR: 30.1627 | Loss: 5.4957 | lr: 6.25e-05 | Best_PSNR: 30.1632 in Epoch [590]
2022-07-14 00:30:56,122 INFO: Epoch: 598 | PSNR: 30.1625 | Loss: 5.5098 | lr: 6.25e-05 | Best_PSNR: 30.1632 in Epoch [590]
2022-07-14 00:31:27,662 INFO: Epoch: 599 | PSNR: 30.1621 | Loss: 5.4587 | lr: 6.25e-05 | Best_PSNR: 30.1632 in Epoch [590]
2022-07-14 00:31:59,314 INFO: Epoch: 600 | PSNR: 30.1627 | Loss: 5.5400 | lr: 6.25e-05 | Best_PSNR: 30.1632 in Epoch [590]
