2022-07-23 12:42:40,478 INFO: Create train dataset successfully!
2022-07-23 12:42:40,478 INFO: Training: [1000] iterations for each epoch
2022-07-23 12:42:40,478 INFO: Create val dataset successfully!
2022-07-23 12:42:40,478 INFO: Validating: [100] iterations for each epoch
2022-07-23 12:42:40,478 INFO: Preparing for experiment: [trial15]
2022-07-23 12:42:41,118 INFO: Create model successfully! Params: [34.47]K
2022-07-23 12:42:41,118 INFO: Model: "model"
2022-07-23 12:42:41,118 INFO: _________________________________________________________________
2022-07-23 12:42:41,118 INFO: Layer (type)                 Output Shape              Param #   
2022-07-23 12:42:41,118 INFO: =================================================================
2022-07-23 12:42:41,118 INFO: input_1 (InputLayer)         [(None, None, None, 3)]   0         
2022-07-23 12:42:41,118 INFO: _________________________________________________________________
2022-07-23 12:42:41,118 INFO: conv2d (Conv2D)              (None, None, None, 31)    868       
2022-07-23 12:42:41,118 INFO: _________________________________________________________________
2022-07-23 12:42:41,118 INFO: conv2d_1 (Conv2D)            (None, None, None, 31)    8680      
2022-07-23 12:42:41,118 INFO: _________________________________________________________________
2022-07-23 12:42:41,119 INFO: conv2d_2 (Conv2D)            (None, None, None, 31)    8680      
2022-07-23 12:42:41,119 INFO: _________________________________________________________________
2022-07-23 12:42:41,119 INFO: conv2d_3 (Conv2D)            (None, None, None, 31)    8680      
2022-07-23 12:42:41,119 INFO: _________________________________________________________________
2022-07-23 12:42:41,119 INFO: conv2d_4 (Conv2D)            (None, None, None, 27)    7560      
2022-07-23 12:42:41,119 INFO: _________________________________________________________________
2022-07-23 12:42:41,119 INFO: lambda (Lambda)              (None, None, None, 3)     0         
2022-07-23 12:42:41,119 INFO: =================================================================
2022-07-23 12:42:41,119 INFO: Total params: 34,468
2022-07-23 12:42:41,119 INFO: Trainable params: 34,468
2022-07-23 12:42:41,119 INFO: Non-trainable params: 0
2022-07-23 12:42:41,119 INFO: _________________________________________________________________
2022-07-23 12:42:41,120 INFO: Start training...
2022-07-23 12:43:27,364 INFO: Epoch: 1 | PSNR: 9.8195 | Loss: 11.3732 | lr: 1.00e-03 | Best_PSNR: 9.8195 | max_value: 124.4696273803711 in Epoch [1]
2022-07-23 12:44:07,501 INFO: Epoch: 2 | PSNR: 16.1748 | Loss: 8.1953 | lr: 1.00e-03 | Best_PSNR: 16.1748 | max_value: 225.72174072265625 in Epoch [2]
2022-07-23 12:44:44,915 INFO: Epoch: 3 | PSNR: 22.3243 | Loss: 7.6512 | lr: 1.00e-03 | Best_PSNR: 22.3243 | max_value: 255.0 in Epoch [3]
2022-07-23 12:45:23,614 INFO: Epoch: 4 | PSNR: 26.2218 | Loss: 7.3835 | lr: 1.00e-03 | Best_PSNR: 26.2218 | max_value: 255.0 in Epoch [4]
2022-07-23 12:46:03,454 INFO: Epoch: 5 | PSNR: 27.8290 | Loss: 7.2030 | lr: 1.00e-03 | Best_PSNR: 27.8290 | max_value: 255.0 in Epoch [5]
2022-07-23 12:46:40,979 INFO: Epoch: 6 | PSNR: 28.4596 | Loss: 7.0384 | lr: 1.00e-03 | Best_PSNR: 28.4596 | max_value: 255.0 in Epoch [6]
2022-07-23 12:47:21,008 INFO: Epoch: 7 | PSNR: 28.7776 | Loss: 6.9698 | lr: 1.00e-03 | Best_PSNR: 28.7776 | max_value: 255.0 in Epoch [7]
2022-07-23 12:47:58,413 INFO: Epoch: 8 | PSNR: 28.9784 | Loss: 6.7683 | lr: 1.00e-03 | Best_PSNR: 28.9784 | max_value: 255.0 in Epoch [8]
2022-07-23 12:48:39,194 INFO: Epoch: 9 | PSNR: 29.1141 | Loss: 6.7030 | lr: 1.00e-03 | Best_PSNR: 29.1141 | max_value: 255.0 in Epoch [9]
2022-07-23 12:49:16,218 INFO: Epoch: 10 | PSNR: 29.1653 | Loss: 6.8628 | lr: 1.00e-03 | Best_PSNR: 29.1653 | max_value: 255.0 in Epoch [10]
2022-07-23 12:49:55,888 INFO: Epoch: 11 | PSNR: 29.2264 | Loss: 6.7050 | lr: 1.00e-03 | Best_PSNR: 29.2264 | max_value: 255.0 in Epoch [11]
2022-07-23 12:50:33,528 INFO: Epoch: 12 | PSNR: 29.2921 | Loss: 6.6257 | lr: 1.00e-03 | Best_PSNR: 29.2921 | max_value: 255.0 in Epoch [12]
2022-07-23 12:51:11,721 INFO: Epoch: 13 | PSNR: 29.3404 | Loss: 6.6148 | lr: 1.00e-03 | Best_PSNR: 29.3404 | max_value: 255.0 in Epoch [13]
2022-07-23 12:51:49,252 INFO: Epoch: 14 | PSNR: 29.3411 | Loss: 6.6902 | lr: 1.00e-03 | Best_PSNR: 29.3411 | max_value: 255.0 in Epoch [14]
2022-07-23 12:52:25,845 INFO: Epoch: 15 | PSNR: 29.3986 | Loss: 6.5097 | lr: 1.00e-03 | Best_PSNR: 29.3986 | max_value: 255.0 in Epoch [15]
2022-07-23 12:53:02,184 INFO: Epoch: 16 | PSNR: 29.4408 | Loss: 6.4744 | lr: 1.00e-03 | Best_PSNR: 29.4408 | max_value: 255.0 in Epoch [16]
2022-07-23 12:53:40,781 INFO: Epoch: 17 | PSNR: 29.4580 | Loss: 6.6223 | lr: 1.00e-03 | Best_PSNR: 29.4580 | max_value: 255.0 in Epoch [17]
2022-07-23 12:54:18,832 INFO: Epoch: 18 | PSNR: 29.4835 | Loss: 6.4151 | lr: 1.00e-03 | Best_PSNR: 29.4835 | max_value: 255.0 in Epoch [18]
2022-07-23 12:54:56,495 INFO: Epoch: 19 | PSNR: 29.5020 | Loss: 6.4899 | lr: 1.00e-03 | Best_PSNR: 29.5020 | max_value: 255.0 in Epoch [19]
2022-07-23 12:55:33,743 INFO: Epoch: 20 | PSNR: 29.5265 | Loss: 6.3326 | lr: 1.00e-03 | Best_PSNR: 29.5265 | max_value: 255.0 in Epoch [20]
2022-07-23 12:56:10,434 INFO: Epoch: 21 | PSNR: 29.5359 | Loss: 6.2934 | lr: 1.00e-03 | Best_PSNR: 29.5359 | max_value: 255.0 in Epoch [21]
2022-07-23 12:56:47,661 INFO: Epoch: 22 | PSNR: 29.5507 | Loss: 6.4040 | lr: 1.00e-03 | Best_PSNR: 29.5507 | max_value: 255.0 in Epoch [22]
2022-07-23 12:57:22,678 INFO: Epoch: 23 | PSNR: 29.5464 | Loss: 6.3664 | lr: 1.00e-03 | Best_PSNR: 29.5507 | max_value: 255.0 in Epoch [22]
2022-07-23 12:57:59,027 INFO: Epoch: 24 | PSNR: 29.5627 | Loss: 6.2652 | lr: 1.00e-03 | Best_PSNR: 29.5627 | max_value: 255.0 in Epoch [24]
2022-07-23 12:58:35,537 INFO: Epoch: 25 | PSNR: 29.5887 | Loss: 6.3093 | lr: 1.00e-03 | Best_PSNR: 29.5887 | max_value: 255.0 in Epoch [25]
2022-07-23 12:59:16,269 INFO: Epoch: 26 | PSNR: 29.6108 | Loss: 6.2597 | lr: 1.00e-03 | Best_PSNR: 29.6108 | max_value: 255.0 in Epoch [26]
2022-07-23 12:59:54,443 INFO: Epoch: 27 | PSNR: 29.6245 | Loss: 6.2820 | lr: 1.00e-03 | Best_PSNR: 29.6245 | max_value: 255.0 in Epoch [27]
2022-07-23 13:00:34,350 INFO: Epoch: 28 | PSNR: 29.6416 | Loss: 6.2402 | lr: 1.00e-03 | Best_PSNR: 29.6416 | max_value: 255.0 in Epoch [28]
2022-07-23 13:01:11,779 INFO: Epoch: 29 | PSNR: 29.6409 | Loss: 6.3041 | lr: 1.00e-03 | Best_PSNR: 29.6416 | max_value: 255.0 in Epoch [28]
2022-07-23 13:01:48,821 INFO: Epoch: 30 | PSNR: 29.6641 | Loss: 6.1254 | lr: 1.00e-03 | Best_PSNR: 29.6641 | max_value: 255.0 in Epoch [30]
2022-07-23 13:02:24,632 INFO: Epoch: 31 | PSNR: 29.6650 | Loss: 6.2185 | lr: 1.00e-03 | Best_PSNR: 29.6650 | max_value: 255.0 in Epoch [31]
2022-07-23 13:03:01,002 INFO: Epoch: 32 | PSNR: 29.6777 | Loss: 6.2183 | lr: 1.00e-03 | Best_PSNR: 29.6777 | max_value: 255.0 in Epoch [32]
2022-07-23 13:03:37,964 INFO: Epoch: 33 | PSNR: 29.6874 | Loss: 6.2024 | lr: 1.00e-03 | Best_PSNR: 29.6874 | max_value: 255.0 in Epoch [33]
2022-07-23 13:04:15,301 INFO: Epoch: 34 | PSNR: 29.7005 | Loss: 6.1328 | lr: 1.00e-03 | Best_PSNR: 29.7005 | max_value: 255.0 in Epoch [34]
2022-07-23 13:04:52,360 INFO: Epoch: 35 | PSNR: 29.6752 | Loss: 6.2069 | lr: 1.00e-03 | Best_PSNR: 29.7005 | max_value: 255.0 in Epoch [34]
2022-07-23 13:05:29,909 INFO: Epoch: 36 | PSNR: 29.6854 | Loss: 6.1890 | lr: 1.00e-03 | Best_PSNR: 29.7005 | max_value: 255.0 in Epoch [34]
2022-07-23 13:06:08,791 INFO: Epoch: 37 | PSNR: 29.7093 | Loss: 6.0936 | lr: 1.00e-03 | Best_PSNR: 29.7093 | max_value: 255.0 in Epoch [37]
2022-07-23 13:06:50,805 INFO: Epoch: 38 | PSNR: 29.7233 | Loss: 6.1924 | lr: 1.00e-03 | Best_PSNR: 29.7233 | max_value: 255.0 in Epoch [38]
2022-07-23 13:07:32,836 INFO: Epoch: 39 | PSNR: 29.7345 | Loss: 6.1573 | lr: 1.00e-03 | Best_PSNR: 29.7345 | max_value: 255.0 in Epoch [39]
2022-07-23 13:08:11,492 INFO: Epoch: 40 | PSNR: 29.7475 | Loss: 6.0762 | lr: 1.00e-03 | Best_PSNR: 29.7475 | max_value: 255.0 in Epoch [40]
2022-07-23 13:08:51,796 INFO: Epoch: 41 | PSNR: 29.7367 | Loss: 6.1794 | lr: 1.00e-03 | Best_PSNR: 29.7475 | max_value: 255.0 in Epoch [40]
2022-07-23 13:09:31,915 INFO: Epoch: 42 | PSNR: 29.7523 | Loss: 6.0864 | lr: 1.00e-03 | Best_PSNR: 29.7523 | max_value: 255.0 in Epoch [42]
2022-07-23 13:10:12,356 INFO: Epoch: 43 | PSNR: 29.7539 | Loss: 6.1414 | lr: 1.00e-03 | Best_PSNR: 29.7539 | max_value: 255.0 in Epoch [43]
2022-07-23 13:10:51,854 INFO: Epoch: 44 | PSNR: 29.7655 | Loss: 6.0939 | lr: 1.00e-03 | Best_PSNR: 29.7655 | max_value: 255.0 in Epoch [44]
2022-07-23 13:11:33,094 INFO: Epoch: 45 | PSNR: 29.7736 | Loss: 6.0195 | lr: 1.00e-03 | Best_PSNR: 29.7736 | max_value: 255.0 in Epoch [45]
2022-07-23 13:12:12,136 INFO: Epoch: 46 | PSNR: 29.7824 | Loss: 6.0702 | lr: 1.00e-03 | Best_PSNR: 29.7824 | max_value: 255.0 in Epoch [46]
2022-07-23 13:12:47,212 INFO: Epoch: 47 | PSNR: 29.7836 | Loss: 6.1229 | lr: 1.00e-03 | Best_PSNR: 29.7836 | max_value: 255.0 in Epoch [47]
2022-07-23 13:13:22,138 INFO: Epoch: 48 | PSNR: 29.7915 | Loss: 6.0553 | lr: 1.00e-03 | Best_PSNR: 29.7915 | max_value: 255.0 in Epoch [48]
2022-07-23 13:13:57,085 INFO: Epoch: 49 | PSNR: 29.7950 | Loss: 6.1009 | lr: 1.00e-03 | Best_PSNR: 29.7950 | max_value: 255.0 in Epoch [49]
2022-07-23 13:14:30,717 INFO: Epoch: 50 | PSNR: 29.7947 | Loss: 5.9968 | lr: 1.00e-03 | Best_PSNR: 29.7950 | max_value: 255.0 in Epoch [49]
2022-07-23 13:15:04,996 INFO: Epoch: 51 | PSNR: 29.8017 | Loss: 6.0565 | lr: 1.00e-03 | Best_PSNR: 29.8017 | max_value: 255.0 in Epoch [51]
2022-07-23 13:15:39,284 INFO: Epoch: 52 | PSNR: 29.8097 | Loss: 6.0112 | lr: 1.00e-03 | Best_PSNR: 29.8097 | max_value: 255.0 in Epoch [52]
2022-07-23 13:16:13,658 INFO: Epoch: 53 | PSNR: 29.7947 | Loss: 6.1088 | lr: 1.00e-03 | Best_PSNR: 29.8097 | max_value: 255.0 in Epoch [52]
2022-07-23 13:16:47,907 INFO: Epoch: 54 | PSNR: 29.8070 | Loss: 6.0504 | lr: 1.00e-03 | Best_PSNR: 29.8097 | max_value: 255.0 in Epoch [52]
2022-07-23 13:17:22,249 INFO: Epoch: 55 | PSNR: 29.8129 | Loss: 6.0873 | lr: 1.00e-03 | Best_PSNR: 29.8129 | max_value: 255.0 in Epoch [55]
2022-07-23 13:17:57,174 INFO: Epoch: 56 | PSNR: 29.8149 | Loss: 6.0049 | lr: 1.00e-03 | Best_PSNR: 29.8149 | max_value: 255.0 in Epoch [56]
2022-07-23 13:18:32,201 INFO: Epoch: 57 | PSNR: 29.8168 | Loss: 6.0722 | lr: 1.00e-03 | Best_PSNR: 29.8168 | max_value: 255.0 in Epoch [57]
2022-07-23 13:19:07,183 INFO: Epoch: 58 | PSNR: 29.8193 | Loss: 6.0608 | lr: 1.00e-03 | Best_PSNR: 29.8193 | max_value: 255.0 in Epoch [58]
2022-07-23 13:19:41,490 INFO: Epoch: 59 | PSNR: 29.8226 | Loss: 6.0007 | lr: 1.00e-03 | Best_PSNR: 29.8226 | max_value: 255.0 in Epoch [59]
2022-07-23 13:20:16,403 INFO: Epoch: 60 | PSNR: 29.8247 | Loss: 6.0768 | lr: 1.00e-03 | Best_PSNR: 29.8247 | max_value: 255.0 in Epoch [60]
2022-07-23 13:20:51,404 INFO: Epoch: 61 | PSNR: 29.8282 | Loss: 6.0495 | lr: 1.00e-03 | Best_PSNR: 29.8282 | max_value: 255.0 in Epoch [61]
2022-07-23 13:21:27,246 INFO: Epoch: 62 | PSNR: 29.8286 | Loss: 6.0448 | lr: 1.00e-03 | Best_PSNR: 29.8286 | max_value: 255.0 in Epoch [62]
2022-07-23 13:22:03,380 INFO: Epoch: 63 | PSNR: 29.8348 | Loss: 5.9385 | lr: 1.00e-03 | Best_PSNR: 29.8348 | max_value: 255.0 in Epoch [63]
2022-07-23 13:22:37,696 INFO: Epoch: 64 | PSNR: 29.8326 | Loss: 6.0411 | lr: 1.00e-03 | Best_PSNR: 29.8348 | max_value: 255.0 in Epoch [63]
2022-07-23 13:23:12,186 INFO: Epoch: 65 | PSNR: 29.8339 | Loss: 6.0322 | lr: 1.00e-03 | Best_PSNR: 29.8348 | max_value: 255.0 in Epoch [63]
2022-07-23 13:23:46,498 INFO: Epoch: 66 | PSNR: 29.8012 | Loss: 6.0558 | lr: 1.00e-03 | Best_PSNR: 29.8348 | max_value: 255.0 in Epoch [63]
2022-07-23 13:24:21,032 INFO: Epoch: 67 | PSNR: 29.8192 | Loss: 6.0026 | lr: 1.00e-03 | Best_PSNR: 29.8348 | max_value: 255.0 in Epoch [63]
2022-07-23 13:24:55,655 INFO: Epoch: 68 | PSNR: 29.8108 | Loss: 6.0720 | lr: 1.00e-03 | Best_PSNR: 29.8348 | max_value: 255.0 in Epoch [63]
2022-07-23 13:25:30,874 INFO: Epoch: 69 | PSNR: 29.8244 | Loss: 6.0094 | lr: 1.00e-03 | Best_PSNR: 29.8348 | max_value: 255.0 in Epoch [63]
2022-07-23 13:26:06,176 INFO: Epoch: 70 | PSNR: 29.8377 | Loss: 5.9163 | lr: 1.00e-03 | Best_PSNR: 29.8377 | max_value: 255.0 in Epoch [70]
2022-07-23 13:26:40,871 INFO: Epoch: 71 | PSNR: 29.8430 | Loss: 6.0188 | lr: 1.00e-03 | Best_PSNR: 29.8430 | max_value: 255.0 in Epoch [71]
2022-07-23 13:27:15,518 INFO: Epoch: 72 | PSNR: 29.8450 | Loss: 5.9431 | lr: 1.00e-03 | Best_PSNR: 29.8450 | max_value: 255.0 in Epoch [72]
2022-07-23 13:27:49,941 INFO: Epoch: 73 | PSNR: 29.8461 | Loss: 5.9905 | lr: 1.00e-03 | Best_PSNR: 29.8461 | max_value: 255.0 in Epoch [73]
2022-07-23 13:28:24,352 INFO: Epoch: 74 | PSNR: 29.8485 | Loss: 5.9197 | lr: 1.00e-03 | Best_PSNR: 29.8485 | max_value: 255.0 in Epoch [74]
2022-07-23 13:28:58,399 INFO: Epoch: 75 | PSNR: 29.8513 | Loss: 5.9870 | lr: 1.00e-03 | Best_PSNR: 29.8513 | max_value: 255.0 in Epoch [75]
2022-07-23 13:29:32,693 INFO: Epoch: 76 | PSNR: 29.8549 | Loss: 5.9644 | lr: 1.00e-03 | Best_PSNR: 29.8549 | max_value: 255.0 in Epoch [76]
2022-07-23 13:30:06,423 INFO: Epoch: 77 | PSNR: 29.8511 | Loss: 6.0229 | lr: 1.00e-03 | Best_PSNR: 29.8549 | max_value: 255.0 in Epoch [76]
2022-07-23 13:30:40,121 INFO: Epoch: 78 | PSNR: 29.8574 | Loss: 5.9536 | lr: 1.00e-03 | Best_PSNR: 29.8574 | max_value: 255.0 in Epoch [78]
2022-07-23 13:31:13,891 INFO: Epoch: 79 | PSNR: 29.8567 | Loss: 5.9468 | lr: 1.00e-03 | Best_PSNR: 29.8574 | max_value: 255.0 in Epoch [78]
2022-07-23 13:31:48,439 INFO: Epoch: 80 | PSNR: 29.8632 | Loss: 5.9431 | lr: 1.00e-03 | Best_PSNR: 29.8632 | max_value: 255.0 in Epoch [80]
2022-07-23 13:32:21,555 INFO: Epoch: 81 | PSNR: 29.8631 | Loss: 5.8943 | lr: 1.00e-03 | Best_PSNR: 29.8632 | max_value: 255.0 in Epoch [80]
2022-07-23 13:32:55,826 INFO: Epoch: 82 | PSNR: 29.8647 | Loss: 5.9789 | lr: 1.00e-03 | Best_PSNR: 29.8647 | max_value: 255.0 in Epoch [82]
2022-07-23 13:33:29,399 INFO: Epoch: 83 | PSNR: 29.8671 | Loss: 5.9133 | lr: 1.00e-03 | Best_PSNR: 29.8671 | max_value: 255.0 in Epoch [83]
2022-07-23 13:34:02,714 INFO: Epoch: 84 | PSNR: 29.8666 | Loss: 5.9639 | lr: 1.00e-03 | Best_PSNR: 29.8671 | max_value: 255.0 in Epoch [83]
2022-07-23 13:34:36,334 INFO: Epoch: 85 | PSNR: 29.8659 | Loss: 5.9705 | lr: 1.00e-03 | Best_PSNR: 29.8671 | max_value: 255.0 in Epoch [83]
2022-07-23 13:35:10,162 INFO: Epoch: 86 | PSNR: 29.8679 | Loss: 5.9350 | lr: 1.00e-03 | Best_PSNR: 29.8679 | max_value: 255.0 in Epoch [86]
2022-07-23 13:35:44,264 INFO: Epoch: 87 | PSNR: 29.8698 | Loss: 5.9764 | lr: 1.00e-03 | Best_PSNR: 29.8698 | max_value: 255.0 in Epoch [87]
2022-07-23 13:36:18,603 INFO: Epoch: 88 | PSNR: 29.8709 | Loss: 5.9342 | lr: 1.00e-03 | Best_PSNR: 29.8709 | max_value: 255.0 in Epoch [88]
2022-07-23 13:36:53,241 INFO: Epoch: 89 | PSNR: 29.8726 | Loss: 5.9037 | lr: 1.00e-03 | Best_PSNR: 29.8726 | max_value: 255.0 in Epoch [89]
2022-07-23 13:37:28,360 INFO: Epoch: 90 | PSNR: 29.8733 | Loss: 5.9382 | lr: 1.00e-03 | Best_PSNR: 29.8733 | max_value: 255.0 in Epoch [90]
2022-07-23 13:38:02,732 INFO: Epoch: 91 | PSNR: 29.8783 | Loss: 5.9318 | lr: 1.00e-03 | Best_PSNR: 29.8783 | max_value: 255.0 in Epoch [91]
2022-07-23 13:38:37,198 INFO: Epoch: 92 | PSNR: 29.8806 | Loss: 5.8730 | lr: 1.00e-03 | Best_PSNR: 29.8806 | max_value: 255.0 in Epoch [92]
2022-07-23 13:39:10,940 INFO: Epoch: 93 | PSNR: 29.8777 | Loss: 5.8315 | lr: 1.00e-03 | Best_PSNR: 29.8806 | max_value: 255.0 in Epoch [92]
2022-07-23 13:39:44,096 INFO: Epoch: 94 | PSNR: 29.8774 | Loss: 5.9507 | lr: 1.00e-03 | Best_PSNR: 29.8806 | max_value: 255.0 in Epoch [92]
2022-07-23 13:40:17,641 INFO: Epoch: 95 | PSNR: 29.8851 | Loss: 5.8955 | lr: 1.00e-03 | Best_PSNR: 29.8851 | max_value: 255.0 in Epoch [95]
2022-07-23 13:40:52,040 INFO: Epoch: 96 | PSNR: 29.8888 | Loss: 5.8958 | lr: 1.00e-03 | Best_PSNR: 29.8888 | max_value: 255.0 in Epoch [96]
2022-07-23 13:41:25,884 INFO: Epoch: 97 | PSNR: 29.8838 | Loss: 5.9912 | lr: 1.00e-03 | Best_PSNR: 29.8888 | max_value: 255.0 in Epoch [96]
2022-07-23 13:41:59,143 INFO: Epoch: 98 | PSNR: 29.8846 | Loss: 5.9900 | lr: 1.00e-03 | Best_PSNR: 29.8888 | max_value: 255.0 in Epoch [96]
2022-07-23 13:42:33,109 INFO: Epoch: 99 | PSNR: 29.8843 | Loss: 5.9762 | lr: 1.00e-03 | Best_PSNR: 29.8888 | max_value: 255.0 in Epoch [96]
2022-07-23 13:43:07,599 INFO: Epoch: 100 | PSNR: 29.8905 | Loss: 5.9421 | lr: 1.00e-03 | Best_PSNR: 29.8905 | max_value: 255.0 in Epoch [100]
2022-07-23 13:43:41,662 INFO: Epoch: 101 | PSNR: 29.8914 | Loss: 5.9636 | lr: 1.00e-03 | Best_PSNR: 29.8914 | max_value: 255.0 in Epoch [101]
2022-07-23 13:44:15,607 INFO: Epoch: 102 | PSNR: 29.8957 | Loss: 5.9043 | lr: 1.00e-03 | Best_PSNR: 29.8957 | max_value: 255.0 in Epoch [102]
2022-07-23 13:44:49,432 INFO: Epoch: 103 | PSNR: 29.8942 | Loss: 5.9515 | lr: 1.00e-03 | Best_PSNR: 29.8957 | max_value: 255.0 in Epoch [102]
2022-07-23 13:45:23,795 INFO: Epoch: 104 | PSNR: 29.9007 | Loss: 5.8635 | lr: 1.00e-03 | Best_PSNR: 29.9007 | max_value: 255.0 in Epoch [104]
2022-07-23 13:45:58,047 INFO: Epoch: 105 | PSNR: 29.9030 | Loss: 5.8972 | lr: 1.00e-03 | Best_PSNR: 29.9030 | max_value: 255.0 in Epoch [105]
2022-07-23 13:46:31,813 INFO: Epoch: 106 | PSNR: 29.8973 | Loss: 5.9395 | lr: 1.00e-03 | Best_PSNR: 29.9030 | max_value: 255.0 in Epoch [105]
2022-07-23 13:47:05,807 INFO: Epoch: 107 | PSNR: 29.9021 | Loss: 5.9674 | lr: 1.00e-03 | Best_PSNR: 29.9030 | max_value: 255.0 in Epoch [105]
2022-07-23 13:47:40,133 INFO: Epoch: 108 | PSNR: 29.9056 | Loss: 5.9310 | lr: 1.00e-03 | Best_PSNR: 29.9056 | max_value: 255.0 in Epoch [108]
2022-07-23 13:48:14,303 INFO: Epoch: 109 | PSNR: 29.9063 | Loss: 5.9314 | lr: 1.00e-03 | Best_PSNR: 29.9063 | max_value: 255.0 in Epoch [109]
2022-07-23 13:48:48,698 INFO: Epoch: 110 | PSNR: 29.9090 | Loss: 5.8967 | lr: 1.00e-03 | Best_PSNR: 29.9090 | max_value: 255.0 in Epoch [110]
2022-07-23 13:49:23,559 INFO: Epoch: 111 | PSNR: 29.9117 | Loss: 5.9191 | lr: 1.00e-03 | Best_PSNR: 29.9117 | max_value: 255.0 in Epoch [111]
2022-07-23 13:49:58,441 INFO: Epoch: 112 | PSNR: 29.9121 | Loss: 5.9050 | lr: 1.00e-03 | Best_PSNR: 29.9121 | max_value: 255.0 in Epoch [112]
2022-07-23 13:50:32,835 INFO: Epoch: 113 | PSNR: 29.9126 | Loss: 5.8707 | lr: 1.00e-03 | Best_PSNR: 29.9126 | max_value: 255.0 in Epoch [113]
2022-07-23 13:51:07,143 INFO: Epoch: 114 | PSNR: 29.9106 | Loss: 5.9159 | lr: 1.00e-03 | Best_PSNR: 29.9126 | max_value: 255.0 in Epoch [113]
2022-07-23 13:51:41,519 INFO: Epoch: 115 | PSNR: 29.9116 | Loss: 5.9149 | lr: 1.00e-03 | Best_PSNR: 29.9126 | max_value: 255.0 in Epoch [113]
2022-07-23 13:52:16,081 INFO: Epoch: 116 | PSNR: 29.9150 | Loss: 5.8754 | lr: 1.00e-03 | Best_PSNR: 29.9150 | max_value: 255.0 in Epoch [116]
2022-07-23 13:52:50,314 INFO: Epoch: 117 | PSNR: 29.9155 | Loss: 5.8873 | lr: 1.00e-03 | Best_PSNR: 29.9155 | max_value: 255.0 in Epoch [117]
2022-07-23 13:53:24,691 INFO: Epoch: 118 | PSNR: 29.9170 | Loss: 5.8964 | lr: 1.00e-03 | Best_PSNR: 29.9170 | max_value: 255.0 in Epoch [118]
2022-07-23 13:53:58,431 INFO: Epoch: 119 | PSNR: 29.9161 | Loss: 5.9956 | lr: 1.00e-03 | Best_PSNR: 29.9170 | max_value: 255.0 in Epoch [118]
2022-07-23 13:54:32,563 INFO: Epoch: 120 | PSNR: 29.9177 | Loss: 5.9091 | lr: 1.00e-03 | Best_PSNR: 29.9177 | max_value: 255.0 in Epoch [120]
2022-07-23 13:55:07,151 INFO: Epoch: 121 | PSNR: 29.9294 | Loss: 5.6977 | lr: 5.00e-04 | Best_PSNR: 29.9294 | max_value: 255.0 in Epoch [121]
2022-07-23 13:55:42,189 INFO: Epoch: 122 | PSNR: 29.9345 | Loss: 5.7279 | lr: 5.00e-04 | Best_PSNR: 29.9345 | max_value: 255.0 in Epoch [122]
2022-07-23 13:56:16,886 INFO: Epoch: 123 | PSNR: 29.9383 | Loss: 5.7327 | lr: 5.00e-04 | Best_PSNR: 29.9383 | max_value: 255.0 in Epoch [123]
2022-07-23 13:56:51,024 INFO: Epoch: 124 | PSNR: 29.9412 | Loss: 5.7026 | lr: 5.00e-04 | Best_PSNR: 29.9412 | max_value: 255.0 in Epoch [124]
2022-07-23 13:57:24,882 INFO: Epoch: 125 | PSNR: 29.9427 | Loss: 5.7582 | lr: 5.00e-04 | Best_PSNR: 29.9427 | max_value: 255.0 in Epoch [125]
2022-07-23 13:57:58,504 INFO: Epoch: 126 | PSNR: 29.9442 | Loss: 5.7341 | lr: 5.00e-04 | Best_PSNR: 29.9442 | max_value: 255.0 in Epoch [126]
2022-07-23 13:58:32,633 INFO: Epoch: 127 | PSNR: 29.9466 | Loss: 5.7307 | lr: 5.00e-04 | Best_PSNR: 29.9466 | max_value: 255.0 in Epoch [127]
2022-07-23 13:59:06,305 INFO: Epoch: 128 | PSNR: 29.9485 | Loss: 5.7294 | lr: 5.00e-04 | Best_PSNR: 29.9485 | max_value: 255.0 in Epoch [128]
2022-07-23 13:59:40,365 INFO: Epoch: 129 | PSNR: 29.9487 | Loss: 5.6984 | lr: 5.00e-04 | Best_PSNR: 29.9487 | max_value: 255.0 in Epoch [129]
2022-07-23 14:00:14,674 INFO: Epoch: 130 | PSNR: 29.9494 | Loss: 5.6795 | lr: 5.00e-04 | Best_PSNR: 29.9494 | max_value: 255.0 in Epoch [130]
2022-07-23 14:00:49,123 INFO: Epoch: 131 | PSNR: 29.9514 | Loss: 5.6954 | lr: 5.00e-04 | Best_PSNR: 29.9514 | max_value: 255.0 in Epoch [131]
2022-07-23 14:01:24,049 INFO: Epoch: 132 | PSNR: 29.9523 | Loss: 5.7279 | lr: 5.00e-04 | Best_PSNR: 29.9523 | max_value: 255.0 in Epoch [132]
2022-07-23 14:01:57,820 INFO: Epoch: 133 | PSNR: 29.9521 | Loss: 5.6858 | lr: 5.00e-04 | Best_PSNR: 29.9523 | max_value: 255.0 in Epoch [132]
2022-07-23 14:02:32,554 INFO: Epoch: 134 | PSNR: 29.9533 | Loss: 5.6824 | lr: 5.00e-04 | Best_PSNR: 29.9533 | max_value: 255.0 in Epoch [134]
2022-07-23 14:03:07,853 INFO: Epoch: 135 | PSNR: 29.9539 | Loss: 5.7079 | lr: 5.00e-04 | Best_PSNR: 29.9539 | max_value: 255.0 in Epoch [135]
2022-07-23 14:03:42,268 INFO: Epoch: 136 | PSNR: 29.9543 | Loss: 5.7484 | lr: 5.00e-04 | Best_PSNR: 29.9543 | max_value: 255.0 in Epoch [136]
2022-07-23 14:04:16,429 INFO: Epoch: 137 | PSNR: 29.9560 | Loss: 5.7230 | lr: 5.00e-04 | Best_PSNR: 29.9560 | max_value: 255.0 in Epoch [137]
2022-07-23 14:04:50,031 INFO: Epoch: 138 | PSNR: 29.9559 | Loss: 5.7084 | lr: 5.00e-04 | Best_PSNR: 29.9560 | max_value: 255.0 in Epoch [137]
2022-07-23 14:05:24,557 INFO: Epoch: 139 | PSNR: 29.9575 | Loss: 5.6503 | lr: 5.00e-04 | Best_PSNR: 29.9575 | max_value: 255.0 in Epoch [139]
2022-07-23 14:06:00,238 INFO: Epoch: 140 | PSNR: 29.9587 | Loss: 5.6976 | lr: 5.00e-04 | Best_PSNR: 29.9587 | max_value: 255.0 in Epoch [140]
2022-07-23 14:06:35,547 INFO: Epoch: 141 | PSNR: 29.9596 | Loss: 5.7053 | lr: 5.00e-04 | Best_PSNR: 29.9596 | max_value: 255.0 in Epoch [141]
2022-07-23 14:07:10,511 INFO: Epoch: 142 | PSNR: 29.9613 | Loss: 5.6592 | lr: 5.00e-04 | Best_PSNR: 29.9613 | max_value: 255.0 in Epoch [142]
2022-07-23 14:07:44,925 INFO: Epoch: 143 | PSNR: 29.9603 | Loss: 5.7497 | lr: 5.00e-04 | Best_PSNR: 29.9613 | max_value: 255.0 in Epoch [142]
2022-07-23 14:08:19,291 INFO: Epoch: 144 | PSNR: 29.9593 | Loss: 5.7112 | lr: 5.00e-04 | Best_PSNR: 29.9613 | max_value: 255.0 in Epoch [142]
2022-07-23 14:08:54,243 INFO: Epoch: 145 | PSNR: 29.9620 | Loss: 5.6921 | lr: 5.00e-04 | Best_PSNR: 29.9620 | max_value: 255.0 in Epoch [145]
2022-07-23 14:09:28,179 INFO: Epoch: 146 | PSNR: 29.9627 | Loss: 5.7205 | lr: 5.00e-04 | Best_PSNR: 29.9627 | max_value: 255.0 in Epoch [146]
2022-07-23 14:10:02,975 INFO: Epoch: 147 | PSNR: 29.9651 | Loss: 5.6679 | lr: 5.00e-04 | Best_PSNR: 29.9651 | max_value: 255.0 in Epoch [147]
2022-07-23 14:10:37,327 INFO: Epoch: 148 | PSNR: 29.9660 | Loss: 5.7071 | lr: 5.00e-04 | Best_PSNR: 29.9660 | max_value: 255.0 in Epoch [148]
2022-07-23 14:11:12,755 INFO: Epoch: 149 | PSNR: 29.9663 | Loss: 5.7079 | lr: 5.00e-04 | Best_PSNR: 29.9663 | max_value: 255.0 in Epoch [149]
2022-07-23 14:11:48,087 INFO: Epoch: 150 | PSNR: 29.9674 | Loss: 5.6816 | lr: 5.00e-04 | Best_PSNR: 29.9674 | max_value: 255.0 in Epoch [150]
2022-07-23 14:12:22,978 INFO: Epoch: 151 | PSNR: 29.9689 | Loss: 5.6973 | lr: 5.00e-04 | Best_PSNR: 29.9689 | max_value: 255.0 in Epoch [151]
2022-07-23 14:12:57,736 INFO: Epoch: 152 | PSNR: 29.9693 | Loss: 5.6909 | lr: 5.00e-04 | Best_PSNR: 29.9693 | max_value: 255.0 in Epoch [152]
2022-07-23 14:13:32,108 INFO: Epoch: 153 | PSNR: 29.9705 | Loss: 5.7038 | lr: 5.00e-04 | Best_PSNR: 29.9705 | max_value: 255.0 in Epoch [153]
2022-07-23 14:14:07,137 INFO: Epoch: 154 | PSNR: 29.9709 | Loss: 5.7351 | lr: 5.00e-04 | Best_PSNR: 29.9709 | max_value: 255.0 in Epoch [154]
2022-07-23 14:14:41,863 INFO: Epoch: 155 | PSNR: 29.9723 | Loss: 5.7187 | lr: 5.00e-04 | Best_PSNR: 29.9723 | max_value: 255.0 in Epoch [155]
2022-07-23 14:15:16,749 INFO: Epoch: 156 | PSNR: 29.9727 | Loss: 5.6660 | lr: 5.00e-04 | Best_PSNR: 29.9727 | max_value: 255.0 in Epoch [156]
2022-07-23 14:15:51,435 INFO: Epoch: 157 | PSNR: 29.9728 | Loss: 5.7492 | lr: 5.00e-04 | Best_PSNR: 29.9728 | max_value: 255.0 in Epoch [157]
2022-07-23 14:16:26,114 INFO: Epoch: 158 | PSNR: 29.9739 | Loss: 5.6887 | lr: 5.00e-04 | Best_PSNR: 29.9739 | max_value: 255.0 in Epoch [158]
2022-07-23 14:17:00,576 INFO: Epoch: 159 | PSNR: 29.9748 | Loss: 5.7028 | lr: 5.00e-04 | Best_PSNR: 29.9748 | max_value: 255.0 in Epoch [159]
2022-07-23 14:17:34,762 INFO: Epoch: 160 | PSNR: 29.9751 | Loss: 5.6665 | lr: 5.00e-04 | Best_PSNR: 29.9751 | max_value: 255.0 in Epoch [160]
2022-07-23 14:18:09,141 INFO: Epoch: 161 | PSNR: 29.9763 | Loss: 5.6449 | lr: 5.00e-04 | Best_PSNR: 29.9763 | max_value: 255.0 in Epoch [161]
2022-07-23 14:18:44,003 INFO: Epoch: 162 | PSNR: 29.9768 | Loss: 5.7503 | lr: 5.00e-04 | Best_PSNR: 29.9768 | max_value: 255.0 in Epoch [162]
2022-07-23 14:19:18,308 INFO: Epoch: 163 | PSNR: 29.9781 | Loss: 5.7380 | lr: 5.00e-04 | Best_PSNR: 29.9781 | max_value: 255.0 in Epoch [163]
2022-07-23 14:19:52,469 INFO: Epoch: 164 | PSNR: 29.9784 | Loss: 5.7020 | lr: 5.00e-04 | Best_PSNR: 29.9784 | max_value: 255.0 in Epoch [164]
2022-07-23 14:20:27,079 INFO: Epoch: 165 | PSNR: 29.9784 | Loss: 5.6784 | lr: 5.00e-04 | Best_PSNR: 29.9784 | max_value: 255.0 in Epoch [165]
2022-07-23 14:21:01,550 INFO: Epoch: 166 | PSNR: 29.9787 | Loss: 5.6960 | lr: 5.00e-04 | Best_PSNR: 29.9787 | max_value: 255.0 in Epoch [166]
2022-07-23 14:21:36,120 INFO: Epoch: 167 | PSNR: 29.9791 | Loss: 5.7380 | lr: 5.00e-04 | Best_PSNR: 29.9791 | max_value: 255.0 in Epoch [167]
2022-07-23 14:22:10,717 INFO: Epoch: 168 | PSNR: 29.9803 | Loss: 5.6775 | lr: 5.00e-04 | Best_PSNR: 29.9803 | max_value: 255.0 in Epoch [168]
2022-07-23 14:22:45,117 INFO: Epoch: 169 | PSNR: 29.9794 | Loss: 5.7157 | lr: 5.00e-04 | Best_PSNR: 29.9803 | max_value: 255.0 in Epoch [168]
2022-07-23 14:23:19,862 INFO: Epoch: 170 | PSNR: 29.9805 | Loss: 5.7095 | lr: 5.00e-04 | Best_PSNR: 29.9805 | max_value: 255.0 in Epoch [170]
2022-07-23 14:23:54,644 INFO: Epoch: 171 | PSNR: 29.9820 | Loss: 5.6746 | lr: 5.00e-04 | Best_PSNR: 29.9820 | max_value: 255.0 in Epoch [171]
2022-07-23 14:24:28,987 INFO: Epoch: 172 | PSNR: 29.9816 | Loss: 5.6805 | lr: 5.00e-04 | Best_PSNR: 29.9820 | max_value: 255.0 in Epoch [171]
2022-07-23 14:25:03,435 INFO: Epoch: 173 | PSNR: 29.9814 | Loss: 5.7095 | lr: 5.00e-04 | Best_PSNR: 29.9820 | max_value: 255.0 in Epoch [171]
2022-07-23 14:25:36,969 INFO: Epoch: 174 | PSNR: 29.9820 | Loss: 5.6907 | lr: 5.00e-04 | Best_PSNR: 29.9820 | max_value: 255.0 in Epoch [171]
2022-07-23 14:26:11,802 INFO: Epoch: 175 | PSNR: 29.9826 | Loss: 5.6791 | lr: 5.00e-04 | Best_PSNR: 29.9826 | max_value: 255.0 in Epoch [175]
2022-07-23 14:26:46,413 INFO: Epoch: 176 | PSNR: 29.9838 | Loss: 5.7214 | lr: 5.00e-04 | Best_PSNR: 29.9838 | max_value: 255.0 in Epoch [176]
2022-07-23 14:27:20,603 INFO: Epoch: 177 | PSNR: 29.9842 | Loss: 5.7394 | lr: 5.00e-04 | Best_PSNR: 29.9842 | max_value: 255.0 in Epoch [177]
2022-07-23 14:27:55,376 INFO: Epoch: 178 | PSNR: 29.9846 | Loss: 5.7047 | lr: 5.00e-04 | Best_PSNR: 29.9846 | max_value: 255.0 in Epoch [178]
2022-07-23 14:28:29,942 INFO: Epoch: 179 | PSNR: 29.9855 | Loss: 5.6629 | lr: 5.00e-04 | Best_PSNR: 29.9855 | max_value: 255.0 in Epoch [179]
2022-07-23 14:29:03,704 INFO: Epoch: 180 | PSNR: 29.9853 | Loss: 5.6964 | lr: 5.00e-04 | Best_PSNR: 29.9855 | max_value: 255.0 in Epoch [179]
2022-07-23 14:29:37,771 INFO: Epoch: 181 | PSNR: 29.9854 | Loss: 5.6751 | lr: 5.00e-04 | Best_PSNR: 29.9855 | max_value: 255.0 in Epoch [179]
2022-07-23 14:30:12,381 INFO: Epoch: 182 | PSNR: 29.9859 | Loss: 5.6777 | lr: 5.00e-04 | Best_PSNR: 29.9859 | max_value: 255.0 in Epoch [182]
2022-07-23 14:30:47,930 INFO: Epoch: 183 | PSNR: 29.9870 | Loss: 5.7368 | lr: 5.00e-04 | Best_PSNR: 29.9870 | max_value: 255.0 in Epoch [183]
2022-07-23 14:31:21,604 INFO: Epoch: 184 | PSNR: 29.9865 | Loss: 5.7130 | lr: 5.00e-04 | Best_PSNR: 29.9870 | max_value: 255.0 in Epoch [183]
2022-07-23 14:31:55,200 INFO: Epoch: 185 | PSNR: 29.9863 | Loss: 5.7300 | lr: 5.00e-04 | Best_PSNR: 29.9870 | max_value: 255.0 in Epoch [183]
2022-07-23 14:32:30,020 INFO: Epoch: 186 | PSNR: 29.9866 | Loss: 5.6863 | lr: 5.00e-04 | Best_PSNR: 29.9870 | max_value: 255.0 in Epoch [183]
2022-07-23 14:33:04,558 INFO: Epoch: 187 | PSNR: 29.9877 | Loss: 5.6939 | lr: 5.00e-04 | Best_PSNR: 29.9877 | max_value: 255.0 in Epoch [187]
2022-07-23 14:33:39,277 INFO: Epoch: 188 | PSNR: 29.9884 | Loss: 5.6981 | lr: 5.00e-04 | Best_PSNR: 29.9884 | max_value: 255.0 in Epoch [188]
2022-07-23 14:34:13,366 INFO: Epoch: 189 | PSNR: 29.9867 | Loss: 5.7094 | lr: 5.00e-04 | Best_PSNR: 29.9884 | max_value: 255.0 in Epoch [188]
2022-07-23 14:34:48,207 INFO: Epoch: 190 | PSNR: 29.9877 | Loss: 5.7113 | lr: 5.00e-04 | Best_PSNR: 29.9884 | max_value: 255.0 in Epoch [188]
2022-07-23 14:35:22,488 INFO: Epoch: 191 | PSNR: 29.9882 | Loss: 5.6720 | lr: 5.00e-04 | Best_PSNR: 29.9884 | max_value: 255.0 in Epoch [188]
2022-07-23 14:35:57,989 INFO: Epoch: 192 | PSNR: 29.9892 | Loss: 5.7024 | lr: 5.00e-04 | Best_PSNR: 29.9892 | max_value: 255.0 in Epoch [192]
2022-07-23 14:36:32,023 INFO: Epoch: 193 | PSNR: 29.9890 | Loss: 5.7036 | lr: 5.00e-04 | Best_PSNR: 29.9892 | max_value: 255.0 in Epoch [192]
2022-07-23 14:37:07,288 INFO: Epoch: 194 | PSNR: 29.9900 | Loss: 5.6694 | lr: 5.00e-04 | Best_PSNR: 29.9900 | max_value: 255.0 in Epoch [194]
2022-07-23 14:37:41,915 INFO: Epoch: 195 | PSNR: 29.9898 | Loss: 5.6441 | lr: 5.00e-04 | Best_PSNR: 29.9900 | max_value: 255.0 in Epoch [194]
2022-07-23 14:38:16,264 INFO: Epoch: 196 | PSNR: 29.9903 | Loss: 5.7691 | lr: 5.00e-04 | Best_PSNR: 29.9903 | max_value: 255.0 in Epoch [196]
2022-07-23 14:38:50,806 INFO: Epoch: 197 | PSNR: 29.9895 | Loss: 5.7445 | lr: 5.00e-04 | Best_PSNR: 29.9903 | max_value: 255.0 in Epoch [196]
2022-07-23 14:39:25,038 INFO: Epoch: 198 | PSNR: 29.9916 | Loss: 5.6677 | lr: 5.00e-04 | Best_PSNR: 29.9916 | max_value: 255.0 in Epoch [198]
2022-07-23 14:39:59,930 INFO: Epoch: 199 | PSNR: 29.9916 | Loss: 5.7369 | lr: 5.00e-04 | Best_PSNR: 29.9916 | max_value: 255.0 in Epoch [199]
2022-07-23 14:40:34,701 INFO: Epoch: 200 | PSNR: 29.9922 | Loss: 5.7510 | lr: 5.00e-04 | Best_PSNR: 29.9922 | max_value: 255.0 in Epoch [200]
2022-07-23 14:41:08,942 INFO: Epoch: 201 | PSNR: 29.9929 | Loss: 5.7228 | lr: 5.00e-04 | Best_PSNR: 29.9929 | max_value: 255.0 in Epoch [201]
2022-07-23 14:41:43,905 INFO: Epoch: 202 | PSNR: 29.9931 | Loss: 5.7031 | lr: 5.00e-04 | Best_PSNR: 29.9931 | max_value: 255.0 in Epoch [202]
2022-07-23 14:42:18,951 INFO: Epoch: 203 | PSNR: 29.9933 | Loss: 5.7135 | lr: 5.00e-04 | Best_PSNR: 29.9933 | max_value: 255.0 in Epoch [203]
2022-07-23 14:42:54,401 INFO: Epoch: 204 | PSNR: 29.9944 | Loss: 5.6933 | lr: 5.00e-04 | Best_PSNR: 29.9944 | max_value: 255.0 in Epoch [204]
2022-07-23 14:43:29,021 INFO: Epoch: 205 | PSNR: 29.9946 | Loss: 5.6811 | lr: 5.00e-04 | Best_PSNR: 29.9946 | max_value: 255.0 in Epoch [205]
2022-07-23 14:44:04,059 INFO: Epoch: 206 | PSNR: 29.9954 | Loss: 5.6807 | lr: 5.00e-04 | Best_PSNR: 29.9954 | max_value: 255.0 in Epoch [206]
2022-07-23 14:44:38,420 INFO: Epoch: 207 | PSNR: 29.9952 | Loss: 5.6724 | lr: 5.00e-04 | Best_PSNR: 29.9954 | max_value: 255.0 in Epoch [206]
2022-07-23 14:45:13,091 INFO: Epoch: 208 | PSNR: 29.9963 | Loss: 5.6505 | lr: 5.00e-04 | Best_PSNR: 29.9963 | max_value: 255.0 in Epoch [208]
2022-07-23 14:45:51,540 INFO: Epoch: 209 | PSNR: 29.9972 | Loss: 5.6984 | lr: 5.00e-04 | Best_PSNR: 29.9972 | max_value: 255.0 in Epoch [209]
2022-07-23 14:46:32,404 INFO: Epoch: 210 | PSNR: 29.9972 | Loss: 5.6851 | lr: 5.00e-04 | Best_PSNR: 29.9972 | max_value: 255.0 in Epoch [209]
2022-07-23 14:47:12,559 INFO: Epoch: 211 | PSNR: 29.9959 | Loss: 5.7077 | lr: 5.00e-04 | Best_PSNR: 29.9972 | max_value: 255.0 in Epoch [209]
2022-07-23 14:47:54,442 INFO: Epoch: 212 | PSNR: 29.9972 | Loss: 5.6565 | lr: 5.00e-04 | Best_PSNR: 29.9972 | max_value: 255.0 in Epoch [212]
2022-07-23 14:48:39,889 INFO: Epoch: 213 | PSNR: 29.9970 | Loss: 5.7037 | lr: 5.00e-04 | Best_PSNR: 29.9972 | max_value: 255.0 in Epoch [212]
2022-07-23 14:49:20,667 INFO: Epoch: 214 | PSNR: 29.9986 | Loss: 5.6768 | lr: 5.00e-04 | Best_PSNR: 29.9986 | max_value: 255.0 in Epoch [214]
2022-07-23 14:50:00,650 INFO: Epoch: 215 | PSNR: 29.9974 | Loss: 5.6728 | lr: 5.00e-04 | Best_PSNR: 29.9986 | max_value: 255.0 in Epoch [214]
2022-07-23 14:50:42,854 INFO: Epoch: 216 | PSNR: 29.9994 | Loss: 5.6491 | lr: 5.00e-04 | Best_PSNR: 29.9994 | max_value: 255.0 in Epoch [216]
2022-07-23 14:51:21,059 INFO: Epoch: 217 | PSNR: 29.9989 | Loss: 5.6997 | lr: 5.00e-04 | Best_PSNR: 29.9994 | max_value: 255.0 in Epoch [216]
2022-07-23 14:52:05,303 INFO: Epoch: 218 | PSNR: 29.9997 | Loss: 5.6869 | lr: 5.00e-04 | Best_PSNR: 29.9997 | max_value: 255.0 in Epoch [218]
2022-07-23 14:52:45,361 INFO: Epoch: 219 | PSNR: 29.9995 | Loss: 5.6912 | lr: 5.00e-04 | Best_PSNR: 29.9997 | max_value: 255.0 in Epoch [218]
2022-07-23 14:53:26,198 INFO: Epoch: 220 | PSNR: 29.9997 | Loss: 5.7529 | lr: 5.00e-04 | Best_PSNR: 29.9997 | max_value: 255.0 in Epoch [220]
2022-07-23 14:54:08,713 INFO: Epoch: 221 | PSNR: 29.9995 | Loss: 5.7235 | lr: 5.00e-04 | Best_PSNR: 29.9997 | max_value: 255.0 in Epoch [220]
2022-07-23 14:54:50,914 INFO: Epoch: 222 | PSNR: 30.0004 | Loss: 5.6855 | lr: 5.00e-04 | Best_PSNR: 30.0004 | max_value: 255.0 in Epoch [222]
2022-07-23 14:55:33,451 INFO: Epoch: 223 | PSNR: 30.0015 | Loss: 5.6652 | lr: 5.00e-04 | Best_PSNR: 30.0015 | max_value: 255.0 in Epoch [223]
2022-07-23 14:56:17,053 INFO: Epoch: 224 | PSNR: 30.0018 | Loss: 5.7583 | lr: 5.00e-04 | Best_PSNR: 30.0018 | max_value: 255.0 in Epoch [224]
2022-07-23 14:57:01,806 INFO: Epoch: 225 | PSNR: 30.0025 | Loss: 5.7034 | lr: 5.00e-04 | Best_PSNR: 30.0025 | max_value: 255.0 in Epoch [225]
2022-07-23 14:57:43,126 INFO: Epoch: 226 | PSNR: 30.0028 | Loss: 5.7692 | lr: 5.00e-04 | Best_PSNR: 30.0028 | max_value: 255.0 in Epoch [226]
2022-07-23 14:58:27,350 INFO: Epoch: 227 | PSNR: 30.0022 | Loss: 5.7021 | lr: 5.00e-04 | Best_PSNR: 30.0028 | max_value: 255.0 in Epoch [226]
2022-07-23 14:59:11,621 INFO: Epoch: 228 | PSNR: 30.0032 | Loss: 5.6968 | lr: 5.00e-04 | Best_PSNR: 30.0032 | max_value: 255.0 in Epoch [228]
2022-07-23 15:00:00,744 INFO: Epoch: 229 | PSNR: 30.0035 | Loss: 5.6854 | lr: 5.00e-04 | Best_PSNR: 30.0035 | max_value: 255.0 in Epoch [229]
2022-07-23 15:00:58,333 INFO: Epoch: 230 | PSNR: 30.0031 | Loss: 5.6570 | lr: 5.00e-04 | Best_PSNR: 30.0035 | max_value: 255.0 in Epoch [229]
2022-07-23 15:01:50,703 INFO: Epoch: 231 | PSNR: 30.0032 | Loss: 5.6745 | lr: 5.00e-04 | Best_PSNR: 30.0035 | max_value: 255.0 in Epoch [229]
2022-07-23 15:02:32,911 INFO: Epoch: 232 | PSNR: 30.0008 | Loss: 5.7194 | lr: 5.00e-04 | Best_PSNR: 30.0035 | max_value: 255.0 in Epoch [229]
2022-07-23 15:03:19,103 INFO: Epoch: 233 | PSNR: 30.0031 | Loss: 5.6801 | lr: 5.00e-04 | Best_PSNR: 30.0035 | max_value: 255.0 in Epoch [229]
2022-07-23 15:04:00,407 INFO: Epoch: 234 | PSNR: 30.0029 | Loss: 5.7145 | lr: 5.00e-04 | Best_PSNR: 30.0035 | max_value: 255.0 in Epoch [229]
2022-07-23 15:04:42,632 INFO: Epoch: 235 | PSNR: 30.0039 | Loss: 5.6567 | lr: 5.00e-04 | Best_PSNR: 30.0039 | max_value: 255.0 in Epoch [235]
2022-07-23 15:05:29,524 INFO: Epoch: 236 | PSNR: 30.0042 | Loss: 5.7235 | lr: 5.00e-04 | Best_PSNR: 30.0042 | max_value: 255.0 in Epoch [236]
2022-07-23 15:06:25,867 INFO: Epoch: 237 | PSNR: 30.0048 | Loss: 5.7102 | lr: 5.00e-04 | Best_PSNR: 30.0048 | max_value: 255.0 in Epoch [237]
2022-07-23 15:07:06,125 INFO: Epoch: 238 | PSNR: 30.0052 | Loss: 5.6660 | lr: 5.00e-04 | Best_PSNR: 30.0052 | max_value: 255.0 in Epoch [238]
2022-07-23 15:07:50,239 INFO: Epoch: 239 | PSNR: 30.0051 | Loss: 5.7159 | lr: 5.00e-04 | Best_PSNR: 30.0052 | max_value: 255.0 in Epoch [238]
2022-07-23 15:08:28,584 INFO: Epoch: 240 | PSNR: 30.0053 | Loss: 5.6658 | lr: 5.00e-04 | Best_PSNR: 30.0053 | max_value: 255.0 in Epoch [240]
2022-07-23 15:09:07,987 INFO: Epoch: 241 | PSNR: 30.0078 | Loss: 5.6353 | lr: 2.50e-04 | Best_PSNR: 30.0078 | max_value: 255.0 in Epoch [241]
2022-07-23 15:09:51,583 INFO: Epoch: 242 | PSNR: 30.0098 | Loss: 5.6482 | lr: 2.50e-04 | Best_PSNR: 30.0098 | max_value: 255.0 in Epoch [242]
2022-07-23 15:10:33,086 INFO: Epoch: 243 | PSNR: 30.0110 | Loss: 5.6001 | lr: 2.50e-04 | Best_PSNR: 30.0110 | max_value: 255.0 in Epoch [243]
2022-07-23 15:11:15,165 INFO: Epoch: 244 | PSNR: 30.0115 | Loss: 5.6023 | lr: 2.50e-04 | Best_PSNR: 30.0115 | max_value: 255.0 in Epoch [244]
2022-07-23 15:12:03,128 INFO: Epoch: 245 | PSNR: 30.0112 | Loss: 5.6302 | lr: 2.50e-04 | Best_PSNR: 30.0115 | max_value: 255.0 in Epoch [244]
2022-07-23 15:12:45,769 INFO: Epoch: 246 | PSNR: 30.0117 | Loss: 5.6360 | lr: 2.50e-04 | Best_PSNR: 30.0117 | max_value: 255.0 in Epoch [246]
2022-07-23 15:13:26,946 INFO: Epoch: 247 | PSNR: 30.0117 | Loss: 5.6069 | lr: 2.50e-04 | Best_PSNR: 30.0117 | max_value: 255.0 in Epoch [246]
2022-07-23 15:14:11,633 INFO: Epoch: 248 | PSNR: 30.0124 | Loss: 5.6331 | lr: 2.50e-04 | Best_PSNR: 30.0124 | max_value: 255.0 in Epoch [248]
2022-07-23 15:14:52,503 INFO: Epoch: 249 | PSNR: 30.0128 | Loss: 5.6542 | lr: 2.50e-04 | Best_PSNR: 30.0128 | max_value: 255.0 in Epoch [249]
2022-07-23 15:15:34,976 INFO: Epoch: 250 | PSNR: 30.0133 | Loss: 5.6263 | lr: 2.50e-04 | Best_PSNR: 30.0133 | max_value: 255.0 in Epoch [250]
2022-07-23 15:16:18,893 INFO: Epoch: 251 | PSNR: 30.0130 | Loss: 5.5696 | lr: 2.50e-04 | Best_PSNR: 30.0133 | max_value: 255.0 in Epoch [250]
2022-07-23 15:16:57,326 INFO: Epoch: 252 | PSNR: 30.0127 | Loss: 5.6143 | lr: 2.50e-04 | Best_PSNR: 30.0133 | max_value: 255.0 in Epoch [250]
2022-07-23 15:17:42,071 INFO: Epoch: 253 | PSNR: 30.0133 | Loss: 5.6661 | lr: 2.50e-04 | Best_PSNR: 30.0133 | max_value: 255.0 in Epoch [250]
2022-07-23 15:18:25,846 INFO: Epoch: 254 | PSNR: 30.0137 | Loss: 5.6306 | lr: 2.50e-04 | Best_PSNR: 30.0137 | max_value: 255.0 in Epoch [254]
2022-07-23 15:19:05,920 INFO: Epoch: 255 | PSNR: 30.0145 | Loss: 5.6563 | lr: 2.50e-04 | Best_PSNR: 30.0145 | max_value: 255.0 in Epoch [255]
2022-07-23 15:19:49,139 INFO: Epoch: 256 | PSNR: 30.0149 | Loss: 5.6207 | lr: 2.50e-04 | Best_PSNR: 30.0149 | max_value: 255.0 in Epoch [256]
2022-07-23 15:20:29,534 INFO: Epoch: 257 | PSNR: 30.0147 | Loss: 5.6145 | lr: 2.50e-04 | Best_PSNR: 30.0149 | max_value: 255.0 in Epoch [256]
2022-07-23 15:21:08,921 INFO: Epoch: 258 | PSNR: 30.0147 | Loss: 5.5824 | lr: 2.50e-04 | Best_PSNR: 30.0149 | max_value: 255.0 in Epoch [256]
2022-07-23 15:21:51,948 INFO: Epoch: 259 | PSNR: 30.0150 | Loss: 5.6491 | lr: 2.50e-04 | Best_PSNR: 30.0150 | max_value: 255.0 in Epoch [259]
2022-07-23 15:22:33,961 INFO: Epoch: 260 | PSNR: 30.0154 | Loss: 5.6135 | lr: 2.50e-04 | Best_PSNR: 30.0154 | max_value: 255.0 in Epoch [260]
2022-07-23 15:23:14,875 INFO: Epoch: 261 | PSNR: 30.0156 | Loss: 5.5655 | lr: 2.50e-04 | Best_PSNR: 30.0156 | max_value: 255.0 in Epoch [261]
2022-07-23 15:23:56,810 INFO: Epoch: 262 | PSNR: 30.0162 | Loss: 5.6805 | lr: 2.50e-04 | Best_PSNR: 30.0162 | max_value: 255.0 in Epoch [262]
2022-07-23 15:24:39,129 INFO: Epoch: 263 | PSNR: 30.0167 | Loss: 5.5748 | lr: 2.50e-04 | Best_PSNR: 30.0167 | max_value: 255.0 in Epoch [263]
2022-07-23 15:25:19,888 INFO: Epoch: 264 | PSNR: 30.0162 | Loss: 5.6129 | lr: 2.50e-04 | Best_PSNR: 30.0167 | max_value: 255.0 in Epoch [263]
2022-07-23 15:26:03,234 INFO: Epoch: 265 | PSNR: 30.0161 | Loss: 5.6364 | lr: 2.50e-04 | Best_PSNR: 30.0167 | max_value: 255.0 in Epoch [263]
2022-07-23 15:26:48,131 INFO: Epoch: 266 | PSNR: 30.0167 | Loss: 5.6279 | lr: 2.50e-04 | Best_PSNR: 30.0167 | max_value: 255.0 in Epoch [263]
2022-07-23 15:27:29,834 INFO: Epoch: 267 | PSNR: 30.0168 | Loss: 5.5998 | lr: 2.50e-04 | Best_PSNR: 30.0168 | max_value: 255.0 in Epoch [267]
2022-07-23 15:28:12,964 INFO: Epoch: 268 | PSNR: 30.0172 | Loss: 5.6590 | lr: 2.50e-04 | Best_PSNR: 30.0172 | max_value: 255.0 in Epoch [268]
2022-07-23 15:28:53,373 INFO: Epoch: 269 | PSNR: 30.0175 | Loss: 5.6177 | lr: 2.50e-04 | Best_PSNR: 30.0175 | max_value: 255.0 in Epoch [269]
2022-07-23 15:29:31,937 INFO: Epoch: 270 | PSNR: 30.0172 | Loss: 5.6140 | lr: 2.50e-04 | Best_PSNR: 30.0175 | max_value: 255.0 in Epoch [269]
2022-07-23 15:30:11,598 INFO: Epoch: 271 | PSNR: 30.0170 | Loss: 5.6381 | lr: 2.50e-04 | Best_PSNR: 30.0175 | max_value: 255.0 in Epoch [269]
2022-07-23 15:30:51,193 INFO: Epoch: 272 | PSNR: 30.0181 | Loss: 5.6450 | lr: 2.50e-04 | Best_PSNR: 30.0181 | max_value: 255.0 in Epoch [272]
2022-07-23 15:31:28,857 INFO: Epoch: 273 | PSNR: 30.0181 | Loss: 5.6168 | lr: 2.50e-04 | Best_PSNR: 30.0181 | max_value: 255.0 in Epoch [272]
2022-07-23 15:32:03,953 INFO: Epoch: 274 | PSNR: 30.0178 | Loss: 5.6457 | lr: 2.50e-04 | Best_PSNR: 30.0181 | max_value: 255.0 in Epoch [272]
2022-07-23 15:32:41,372 INFO: Epoch: 275 | PSNR: 30.0188 | Loss: 5.5917 | lr: 2.50e-04 | Best_PSNR: 30.0188 | max_value: 255.0 in Epoch [275]
2022-07-23 15:33:19,171 INFO: Epoch: 276 | PSNR: 30.0190 | Loss: 5.6034 | lr: 2.50e-04 | Best_PSNR: 30.0190 | max_value: 255.0 in Epoch [276]
2022-07-23 15:33:59,417 INFO: Epoch: 277 | PSNR: 30.0191 | Loss: 5.6641 | lr: 2.50e-04 | Best_PSNR: 30.0191 | max_value: 255.0 in Epoch [277]
2022-07-23 15:34:40,528 INFO: Epoch: 278 | PSNR: 30.0190 | Loss: 5.6186 | lr: 2.50e-04 | Best_PSNR: 30.0191 | max_value: 255.0 in Epoch [277]
2022-07-23 15:35:20,737 INFO: Epoch: 279 | PSNR: 30.0187 | Loss: 5.6188 | lr: 2.50e-04 | Best_PSNR: 30.0191 | max_value: 255.0 in Epoch [277]
2022-07-23 15:36:01,655 INFO: Epoch: 280 | PSNR: 30.0190 | Loss: 5.6173 | lr: 2.50e-04 | Best_PSNR: 30.0191 | max_value: 255.0 in Epoch [277]
2022-07-23 15:36:44,707 INFO: Epoch: 281 | PSNR: 30.0196 | Loss: 5.6172 | lr: 2.50e-04 | Best_PSNR: 30.0196 | max_value: 255.0 in Epoch [281]
2022-07-23 15:37:25,164 INFO: Epoch: 282 | PSNR: 30.0201 | Loss: 5.5841 | lr: 2.50e-04 | Best_PSNR: 30.0201 | max_value: 255.0 in Epoch [282]
2022-07-23 15:38:05,713 INFO: Epoch: 283 | PSNR: 30.0191 | Loss: 5.6306 | lr: 2.50e-04 | Best_PSNR: 30.0201 | max_value: 255.0 in Epoch [282]
2022-07-23 15:38:47,737 INFO: Epoch: 284 | PSNR: 30.0197 | Loss: 5.6444 | lr: 2.50e-04 | Best_PSNR: 30.0201 | max_value: 255.0 in Epoch [282]
2022-07-23 15:39:29,951 INFO: Epoch: 285 | PSNR: 30.0199 | Loss: 5.5831 | lr: 2.50e-04 | Best_PSNR: 30.0201 | max_value: 255.0 in Epoch [282]
2022-07-23 15:40:10,719 INFO: Epoch: 286 | PSNR: 30.0199 | Loss: 5.6141 | lr: 2.50e-04 | Best_PSNR: 30.0201 | max_value: 255.0 in Epoch [282]
2022-07-23 15:40:53,096 INFO: Epoch: 287 | PSNR: 30.0198 | Loss: 5.6385 | lr: 2.50e-04 | Best_PSNR: 30.0201 | max_value: 255.0 in Epoch [282]
2022-07-23 15:41:36,668 INFO: Epoch: 288 | PSNR: 30.0201 | Loss: 5.5750 | lr: 2.50e-04 | Best_PSNR: 30.0201 | max_value: 255.0 in Epoch [288]
2022-07-23 15:42:17,253 INFO: Epoch: 289 | PSNR: 30.0211 | Loss: 5.6378 | lr: 2.50e-04 | Best_PSNR: 30.0211 | max_value: 255.0 in Epoch [289]
2022-07-23 15:42:58,383 INFO: Epoch: 290 | PSNR: 30.0212 | Loss: 5.5985 | lr: 2.50e-04 | Best_PSNR: 30.0212 | max_value: 255.0 in Epoch [290]
2022-07-23 15:43:40,317 INFO: Epoch: 291 | PSNR: 30.0213 | Loss: 5.6121 | lr: 2.50e-04 | Best_PSNR: 30.0213 | max_value: 255.0 in Epoch [291]
2022-07-23 15:44:23,580 INFO: Epoch: 292 | PSNR: 30.0214 | Loss: 5.6100 | lr: 2.50e-04 | Best_PSNR: 30.0214 | max_value: 255.0 in Epoch [292]
2022-07-23 15:45:06,435 INFO: Epoch: 293 | PSNR: 30.0219 | Loss: 5.6392 | lr: 2.50e-04 | Best_PSNR: 30.0219 | max_value: 255.0 in Epoch [293]
2022-07-23 15:45:48,987 INFO: Epoch: 294 | PSNR: 30.0220 | Loss: 5.6242 | lr: 2.50e-04 | Best_PSNR: 30.0220 | max_value: 255.0 in Epoch [294]
2022-07-23 15:46:32,310 INFO: Epoch: 295 | PSNR: 30.0210 | Loss: 5.6211 | lr: 2.50e-04 | Best_PSNR: 30.0220 | max_value: 255.0 in Epoch [294]
2022-07-23 15:47:13,493 INFO: Epoch: 296 | PSNR: 30.0214 | Loss: 5.6108 | lr: 2.50e-04 | Best_PSNR: 30.0220 | max_value: 255.0 in Epoch [294]
2022-07-23 15:47:55,753 INFO: Epoch: 297 | PSNR: 30.0219 | Loss: 5.6057 | lr: 2.50e-04 | Best_PSNR: 30.0220 | max_value: 255.0 in Epoch [294]
2022-07-23 15:48:39,782 INFO: Epoch: 298 | PSNR: 30.0219 | Loss: 5.5956 | lr: 2.50e-04 | Best_PSNR: 30.0220 | max_value: 255.0 in Epoch [294]
2022-07-23 15:49:20,279 INFO: Epoch: 299 | PSNR: 30.0221 | Loss: 5.6159 | lr: 2.50e-04 | Best_PSNR: 30.0221 | max_value: 255.0 in Epoch [299]
2022-07-23 15:50:02,779 INFO: Epoch: 300 | PSNR: 30.0226 | Loss: 5.6085 | lr: 2.50e-04 | Best_PSNR: 30.0226 | max_value: 255.0 in Epoch [300]
2022-07-23 15:50:47,581 INFO: Epoch: 301 | PSNR: 30.0233 | Loss: 5.6171 | lr: 2.50e-04 | Best_PSNR: 30.0233 | max_value: 255.0 in Epoch [301]
2022-07-23 15:51:27,507 INFO: Epoch: 302 | PSNR: 30.0226 | Loss: 5.6626 | lr: 2.50e-04 | Best_PSNR: 30.0233 | max_value: 255.0 in Epoch [301]
2022-07-23 15:52:09,518 INFO: Epoch: 303 | PSNR: 30.0232 | Loss: 5.6263 | lr: 2.50e-04 | Best_PSNR: 30.0233 | max_value: 255.0 in Epoch [301]
2022-07-23 15:52:52,087 INFO: Epoch: 304 | PSNR: 30.0232 | Loss: 5.5814 | lr: 2.50e-04 | Best_PSNR: 30.0233 | max_value: 255.0 in Epoch [301]
2022-07-23 15:53:33,940 INFO: Epoch: 305 | PSNR: 30.0234 | Loss: 5.6310 | lr: 2.50e-04 | Best_PSNR: 30.0234 | max_value: 255.0 in Epoch [305]
2022-07-23 15:54:18,927 INFO: Epoch: 306 | PSNR: 30.0233 | Loss: 5.6272 | lr: 2.50e-04 | Best_PSNR: 30.0234 | max_value: 255.0 in Epoch [305]
2022-07-23 15:55:01,994 INFO: Epoch: 307 | PSNR: 30.0234 | Loss: 5.6072 | lr: 2.50e-04 | Best_PSNR: 30.0234 | max_value: 255.0 in Epoch [307]
2022-07-23 15:55:43,960 INFO: Epoch: 308 | PSNR: 30.0240 | Loss: 5.5745 | lr: 2.50e-04 | Best_PSNR: 30.0240 | max_value: 255.0 in Epoch [308]
2022-07-23 15:56:25,532 INFO: Epoch: 309 | PSNR: 30.0245 | Loss: 5.6294 | lr: 2.50e-04 | Best_PSNR: 30.0245 | max_value: 255.0 in Epoch [309]
2022-07-23 15:57:08,735 INFO: Epoch: 310 | PSNR: 30.0239 | Loss: 5.6553 | lr: 2.50e-04 | Best_PSNR: 30.0245 | max_value: 255.0 in Epoch [309]
2022-07-23 15:57:48,215 INFO: Epoch: 311 | PSNR: 30.0238 | Loss: 5.6151 | lr: 2.50e-04 | Best_PSNR: 30.0245 | max_value: 255.0 in Epoch [309]
2022-07-23 15:58:29,346 INFO: Epoch: 312 | PSNR: 30.0233 | Loss: 5.6038 | lr: 2.50e-04 | Best_PSNR: 30.0245 | max_value: 255.0 in Epoch [309]
2022-07-23 15:59:12,052 INFO: Epoch: 313 | PSNR: 30.0238 | Loss: 5.5968 | lr: 2.50e-04 | Best_PSNR: 30.0245 | max_value: 255.0 in Epoch [309]
2022-07-23 15:59:53,607 INFO: Epoch: 314 | PSNR: 30.0237 | Loss: 5.6009 | lr: 2.50e-04 | Best_PSNR: 30.0245 | max_value: 255.0 in Epoch [309]
2022-07-23 16:00:34,469 INFO: Epoch: 315 | PSNR: 30.0243 | Loss: 5.6274 | lr: 2.50e-04 | Best_PSNR: 30.0245 | max_value: 255.0 in Epoch [309]
2022-07-23 16:01:12,199 INFO: Epoch: 316 | PSNR: 30.0246 | Loss: 5.5746 | lr: 2.50e-04 | Best_PSNR: 30.0246 | max_value: 255.0 in Epoch [316]
2022-07-23 16:01:53,293 INFO: Epoch: 317 | PSNR: 30.0249 | Loss: 5.6393 | lr: 2.50e-04 | Best_PSNR: 30.0249 | max_value: 255.0 in Epoch [317]
2022-07-23 16:02:31,192 INFO: Epoch: 318 | PSNR: 30.0255 | Loss: 5.5778 | lr: 2.50e-04 | Best_PSNR: 30.0255 | max_value: 255.0 in Epoch [318]
2022-07-23 16:03:10,214 INFO: Epoch: 319 | PSNR: 30.0256 | Loss: 5.6187 | lr: 2.50e-04 | Best_PSNR: 30.0256 | max_value: 255.0 in Epoch [319]
2022-07-23 16:03:46,617 INFO: Epoch: 320 | PSNR: 30.0256 | Loss: 5.6380 | lr: 2.50e-04 | Best_PSNR: 30.0256 | max_value: 255.0 in Epoch [319]
2022-07-23 16:04:26,584 INFO: Epoch: 321 | PSNR: 30.0260 | Loss: 5.6258 | lr: 2.50e-04 | Best_PSNR: 30.0260 | max_value: 255.0 in Epoch [321]
2022-07-23 16:05:02,360 INFO: Epoch: 322 | PSNR: 30.0259 | Loss: 5.6026 | lr: 2.50e-04 | Best_PSNR: 30.0260 | max_value: 255.0 in Epoch [321]
2022-07-23 16:05:38,901 INFO: Epoch: 323 | PSNR: 30.0254 | Loss: 5.6325 | lr: 2.50e-04 | Best_PSNR: 30.0260 | max_value: 255.0 in Epoch [321]
2022-07-23 16:06:15,447 INFO: Epoch: 324 | PSNR: 30.0251 | Loss: 5.6108 | lr: 2.50e-04 | Best_PSNR: 30.0260 | max_value: 255.0 in Epoch [321]
2022-07-23 16:06:54,095 INFO: Epoch: 325 | PSNR: 30.0247 | Loss: 5.6463 | lr: 2.50e-04 | Best_PSNR: 30.0260 | max_value: 255.0 in Epoch [321]
2022-07-23 16:07:30,564 INFO: Epoch: 326 | PSNR: 30.0255 | Loss: 5.6082 | lr: 2.50e-04 | Best_PSNR: 30.0260 | max_value: 255.0 in Epoch [321]
2022-07-23 16:08:09,068 INFO: Epoch: 327 | PSNR: 30.0258 | Loss: 5.5851 | lr: 2.50e-04 | Best_PSNR: 30.0260 | max_value: 255.0 in Epoch [321]
2022-07-23 16:08:45,502 INFO: Epoch: 328 | PSNR: 30.0258 | Loss: 5.6129 | lr: 2.50e-04 | Best_PSNR: 30.0260 | max_value: 255.0 in Epoch [321]
2022-07-23 16:09:25,176 INFO: Epoch: 329 | PSNR: 30.0263 | Loss: 5.6062 | lr: 2.50e-04 | Best_PSNR: 30.0263 | max_value: 255.0 in Epoch [329]
2022-07-23 16:10:05,051 INFO: Epoch: 330 | PSNR: 30.0267 | Loss: 5.5986 | lr: 2.50e-04 | Best_PSNR: 30.0267 | max_value: 255.0 in Epoch [330]
2022-07-23 16:10:43,139 INFO: Epoch: 331 | PSNR: 30.0272 | Loss: 5.5964 | lr: 2.50e-04 | Best_PSNR: 30.0272 | max_value: 255.0 in Epoch [331]
2022-07-23 16:11:20,649 INFO: Epoch: 332 | PSNR: 30.0272 | Loss: 5.5772 | lr: 2.50e-04 | Best_PSNR: 30.0272 | max_value: 255.0 in Epoch [332]
2022-07-23 16:11:58,762 INFO: Epoch: 333 | PSNR: 30.0271 | Loss: 5.6242 | lr: 2.50e-04 | Best_PSNR: 30.0272 | max_value: 255.0 in Epoch [332]
2022-07-23 16:12:35,352 INFO: Epoch: 334 | PSNR: 30.0266 | Loss: 5.6526 | lr: 2.50e-04 | Best_PSNR: 30.0272 | max_value: 255.0 in Epoch [332]
2022-07-23 16:13:12,776 INFO: Epoch: 335 | PSNR: 30.0267 | Loss: 5.6395 | lr: 2.50e-04 | Best_PSNR: 30.0272 | max_value: 255.0 in Epoch [332]
2022-07-23 16:13:49,729 INFO: Epoch: 336 | PSNR: 30.0270 | Loss: 5.6221 | lr: 2.50e-04 | Best_PSNR: 30.0272 | max_value: 255.0 in Epoch [332]
2022-07-23 16:14:27,372 INFO: Epoch: 337 | PSNR: 30.0271 | Loss: 5.5941 | lr: 2.50e-04 | Best_PSNR: 30.0272 | max_value: 255.0 in Epoch [332]
2022-07-23 16:15:04,023 INFO: Epoch: 338 | PSNR: 30.0272 | Loss: 5.5781 | lr: 2.50e-04 | Best_PSNR: 30.0272 | max_value: 255.0 in Epoch [338]
2022-07-23 16:15:40,169 INFO: Epoch: 339 | PSNR: 30.0273 | Loss: 5.6275 | lr: 2.50e-04 | Best_PSNR: 30.0273 | max_value: 255.0 in Epoch [339]
2022-07-23 16:16:15,871 INFO: Epoch: 340 | PSNR: 30.0275 | Loss: 5.6125 | lr: 2.50e-04 | Best_PSNR: 30.0275 | max_value: 255.0 in Epoch [340]
2022-07-23 16:16:54,880 INFO: Epoch: 341 | PSNR: 30.0276 | Loss: 5.6146 | lr: 2.50e-04 | Best_PSNR: 30.0276 | max_value: 255.0 in Epoch [341]
2022-07-23 16:17:32,132 INFO: Epoch: 342 | PSNR: 30.0280 | Loss: 5.6131 | lr: 2.50e-04 | Best_PSNR: 30.0280 | max_value: 255.0 in Epoch [342]
2022-07-23 16:18:14,453 INFO: Epoch: 343 | PSNR: 30.0283 | Loss: 5.6775 | lr: 2.50e-04 | Best_PSNR: 30.0283 | max_value: 255.0 in Epoch [343]
2022-07-23 16:18:53,144 INFO: Epoch: 344 | PSNR: 30.0280 | Loss: 5.6305 | lr: 2.50e-04 | Best_PSNR: 30.0283 | max_value: 255.0 in Epoch [343]
2022-07-23 16:19:28,430 INFO: Epoch: 345 | PSNR: 30.0279 | Loss: 5.6093 | lr: 2.50e-04 | Best_PSNR: 30.0283 | max_value: 255.0 in Epoch [343]
2022-07-23 16:20:06,141 INFO: Epoch: 346 | PSNR: 30.0278 | Loss: 5.6282 | lr: 2.50e-04 | Best_PSNR: 30.0283 | max_value: 255.0 in Epoch [343]
2022-07-23 16:20:44,073 INFO: Epoch: 347 | PSNR: 30.0285 | Loss: 5.5900 | lr: 2.50e-04 | Best_PSNR: 30.0285 | max_value: 255.0 in Epoch [347]
2022-07-23 16:21:20,459 INFO: Epoch: 348 | PSNR: 30.0289 | Loss: 5.6345 | lr: 2.50e-04 | Best_PSNR: 30.0289 | max_value: 255.0 in Epoch [348]
2022-07-23 16:22:00,016 INFO: Epoch: 349 | PSNR: 30.0289 | Loss: 5.6505 | lr: 2.50e-04 | Best_PSNR: 30.0289 | max_value: 255.0 in Epoch [349]
2022-07-23 16:22:44,095 INFO: Epoch: 350 | PSNR: 30.0289 | Loss: 5.6407 | lr: 2.50e-04 | Best_PSNR: 30.0289 | max_value: 255.0 in Epoch [349]
2022-07-23 16:23:26,495 INFO: Epoch: 351 | PSNR: 30.0286 | Loss: 5.6134 | lr: 2.50e-04 | Best_PSNR: 30.0289 | max_value: 255.0 in Epoch [349]
2022-07-23 16:24:05,057 INFO: Epoch: 352 | PSNR: 30.0287 | Loss: 5.5856 | lr: 2.50e-04 | Best_PSNR: 30.0289 | max_value: 255.0 in Epoch [349]
2022-07-23 16:24:44,454 INFO: Epoch: 353 | PSNR: 30.0290 | Loss: 5.6317 | lr: 2.50e-04 | Best_PSNR: 30.0290 | max_value: 255.0 in Epoch [353]
2022-07-23 16:25:25,722 INFO: Epoch: 354 | PSNR: 30.0292 | Loss: 5.6059 | lr: 2.50e-04 | Best_PSNR: 30.0292 | max_value: 255.0 in Epoch [354]
2022-07-23 16:26:04,376 INFO: Epoch: 355 | PSNR: 30.0297 | Loss: 5.5469 | lr: 2.50e-04 | Best_PSNR: 30.0297 | max_value: 255.0 in Epoch [355]
2022-07-23 16:26:43,792 INFO: Epoch: 356 | PSNR: 30.0293 | Loss: 5.5975 | lr: 2.50e-04 | Best_PSNR: 30.0297 | max_value: 255.0 in Epoch [355]
2022-07-23 16:27:20,564 INFO: Epoch: 357 | PSNR: 30.0291 | Loss: 5.5791 | lr: 2.50e-04 | Best_PSNR: 30.0297 | max_value: 255.0 in Epoch [355]
2022-07-23 16:27:55,805 INFO: Epoch: 358 | PSNR: 30.0299 | Loss: 5.6177 | lr: 2.50e-04 | Best_PSNR: 30.0299 | max_value: 255.0 in Epoch [358]
2022-07-23 16:28:34,661 INFO: Epoch: 359 | PSNR: 30.0303 | Loss: 5.6418 | lr: 2.50e-04 | Best_PSNR: 30.0303 | max_value: 255.0 in Epoch [359]
2022-07-23 16:29:12,366 INFO: Epoch: 360 | PSNR: 30.0295 | Loss: 5.6204 | lr: 2.50e-04 | Best_PSNR: 30.0303 | max_value: 255.0 in Epoch [359]
2022-07-23 16:29:50,489 INFO: Epoch: 361 | PSNR: 30.0306 | Loss: 5.5788 | lr: 1.25e-04 | Best_PSNR: 30.0306 | max_value: 255.0 in Epoch [361]
2022-07-23 16:30:27,894 INFO: Epoch: 362 | PSNR: 30.0307 | Loss: 5.5642 | lr: 1.25e-04 | Best_PSNR: 30.0307 | max_value: 255.0 in Epoch [362]
2022-07-23 16:31:04,070 INFO: Epoch: 363 | PSNR: 30.0313 | Loss: 5.6317 | lr: 1.25e-04 | Best_PSNR: 30.0313 | max_value: 255.0 in Epoch [363]
2022-07-23 16:31:42,890 INFO: Epoch: 364 | PSNR: 30.0324 | Loss: 5.6350 | lr: 1.25e-04 | Best_PSNR: 30.0324 | max_value: 255.0 in Epoch [364]
2022-07-23 16:32:18,263 INFO: Epoch: 365 | PSNR: 30.0321 | Loss: 5.5848 | lr: 1.25e-04 | Best_PSNR: 30.0324 | max_value: 255.0 in Epoch [364]
2022-07-23 16:32:54,923 INFO: Epoch: 366 | PSNR: 30.0324 | Loss: 5.6139 | lr: 1.25e-04 | Best_PSNR: 30.0324 | max_value: 255.0 in Epoch [366]
2022-07-23 16:33:29,630 INFO: Epoch: 367 | PSNR: 30.0324 | Loss: 5.5851 | lr: 1.25e-04 | Best_PSNR: 30.0324 | max_value: 255.0 in Epoch [366]
2022-07-23 16:34:06,471 INFO: Epoch: 368 | PSNR: 30.0318 | Loss: 5.5695 | lr: 1.25e-04 | Best_PSNR: 30.0324 | max_value: 255.0 in Epoch [366]
2022-07-23 16:34:43,233 INFO: Epoch: 369 | PSNR: 30.0329 | Loss: 5.5584 | lr: 1.25e-04 | Best_PSNR: 30.0329 | max_value: 255.0 in Epoch [369]
2022-07-23 16:35:21,626 INFO: Epoch: 370 | PSNR: 30.0320 | Loss: 5.5792 | lr: 1.25e-04 | Best_PSNR: 30.0329 | max_value: 255.0 in Epoch [369]
2022-07-23 16:35:58,831 INFO: Epoch: 371 | PSNR: 30.0327 | Loss: 5.5600 | lr: 1.25e-04 | Best_PSNR: 30.0329 | max_value: 255.0 in Epoch [369]
2022-07-23 16:36:34,931 INFO: Epoch: 372 | PSNR: 30.0328 | Loss: 5.5465 | lr: 1.25e-04 | Best_PSNR: 30.0329 | max_value: 255.0 in Epoch [369]
2022-07-23 16:37:13,749 INFO: Epoch: 373 | PSNR: 30.0335 | Loss: 5.5537 | lr: 1.25e-04 | Best_PSNR: 30.0335 | max_value: 255.0 in Epoch [373]
2022-07-23 16:37:53,224 INFO: Epoch: 374 | PSNR: 30.0336 | Loss: 5.6121 | lr: 1.25e-04 | Best_PSNR: 30.0336 | max_value: 255.0 in Epoch [374]
2022-07-23 16:38:31,877 INFO: Epoch: 375 | PSNR: 30.0337 | Loss: 5.5851 | lr: 1.25e-04 | Best_PSNR: 30.0337 | max_value: 255.0 in Epoch [375]
2022-07-23 16:39:11,062 INFO: Epoch: 376 | PSNR: 30.0338 | Loss: 5.6029 | lr: 1.25e-04 | Best_PSNR: 30.0338 | max_value: 255.0 in Epoch [376]
2022-07-23 16:39:46,951 INFO: Epoch: 377 | PSNR: 30.0343 | Loss: 5.5443 | lr: 1.25e-04 | Best_PSNR: 30.0343 | max_value: 255.0 in Epoch [377]
2022-07-23 16:40:24,854 INFO: Epoch: 378 | PSNR: 30.0342 | Loss: 5.6026 | lr: 1.25e-04 | Best_PSNR: 30.0343 | max_value: 255.0 in Epoch [377]
2022-07-23 16:41:01,118 INFO: Epoch: 379 | PSNR: 30.0340 | Loss: 5.6468 | lr: 1.25e-04 | Best_PSNR: 30.0343 | max_value: 255.0 in Epoch [377]
2022-07-23 16:41:38,455 INFO: Epoch: 380 | PSNR: 30.0343 | Loss: 5.5902 | lr: 1.25e-04 | Best_PSNR: 30.0343 | max_value: 255.0 in Epoch [380]
2022-07-23 16:42:15,791 INFO: Epoch: 381 | PSNR: 30.0334 | Loss: 5.5829 | lr: 1.25e-04 | Best_PSNR: 30.0343 | max_value: 255.0 in Epoch [380]
2022-07-23 16:42:51,840 INFO: Epoch: 382 | PSNR: 30.0338 | Loss: 5.5546 | lr: 1.25e-04 | Best_PSNR: 30.0343 | max_value: 255.0 in Epoch [380]
2022-07-23 16:43:29,397 INFO: Epoch: 383 | PSNR: 30.0337 | Loss: 5.6240 | lr: 1.25e-04 | Best_PSNR: 30.0343 | max_value: 255.0 in Epoch [380]
2022-07-23 16:44:03,903 INFO: Epoch: 384 | PSNR: 30.0333 | Loss: 5.5712 | lr: 1.25e-04 | Best_PSNR: 30.0343 | max_value: 255.0 in Epoch [380]
2022-07-23 16:44:40,263 INFO: Epoch: 385 | PSNR: 30.0342 | Loss: 5.5961 | lr: 1.25e-04 | Best_PSNR: 30.0343 | max_value: 255.0 in Epoch [380]
2022-07-23 16:45:15,133 INFO: Epoch: 386 | PSNR: 30.0344 | Loss: 5.5687 | lr: 1.25e-04 | Best_PSNR: 30.0344 | max_value: 255.0 in Epoch [386]
2022-07-23 16:45:52,250 INFO: Epoch: 387 | PSNR: 30.0345 | Loss: 5.5987 | lr: 1.25e-04 | Best_PSNR: 30.0345 | max_value: 255.0 in Epoch [387]
2022-07-23 16:46:29,688 INFO: Epoch: 388 | PSNR: 30.0341 | Loss: 5.6009 | lr: 1.25e-04 | Best_PSNR: 30.0345 | max_value: 255.0 in Epoch [387]
2022-07-23 16:47:09,883 INFO: Epoch: 389 | PSNR: 30.0342 | Loss: 5.5952 | lr: 1.25e-04 | Best_PSNR: 30.0345 | max_value: 255.0 in Epoch [387]
2022-07-23 16:47:48,514 INFO: Epoch: 390 | PSNR: 30.0351 | Loss: 5.5549 | lr: 1.25e-04 | Best_PSNR: 30.0351 | max_value: 255.0 in Epoch [390]
2022-07-23 16:48:23,404 INFO: Epoch: 391 | PSNR: 30.0348 | Loss: 5.6122 | lr: 1.25e-04 | Best_PSNR: 30.0351 | max_value: 255.0 in Epoch [390]
2022-07-23 16:49:01,383 INFO: Epoch: 392 | PSNR: 30.0344 | Loss: 5.6013 | lr: 1.25e-04 | Best_PSNR: 30.0351 | max_value: 255.0 in Epoch [390]
2022-07-23 16:49:37,800 INFO: Epoch: 393 | PSNR: 30.0346 | Loss: 5.5808 | lr: 1.25e-04 | Best_PSNR: 30.0351 | max_value: 255.0 in Epoch [390]
2022-07-23 16:50:16,331 INFO: Epoch: 394 | PSNR: 30.0345 | Loss: 5.5454 | lr: 1.25e-04 | Best_PSNR: 30.0351 | max_value: 255.0 in Epoch [390]
2022-07-23 16:50:53,209 INFO: Epoch: 395 | PSNR: 30.0347 | Loss: 5.5821 | lr: 1.25e-04 | Best_PSNR: 30.0351 | max_value: 255.0 in Epoch [390]
2022-07-23 16:51:29,462 INFO: Epoch: 396 | PSNR: 30.0353 | Loss: 5.5965 | lr: 1.25e-04 | Best_PSNR: 30.0353 | max_value: 255.0 in Epoch [396]
2022-07-23 16:52:04,219 INFO: Epoch: 397 | PSNR: 30.0353 | Loss: 5.6281 | lr: 1.25e-04 | Best_PSNR: 30.0353 | max_value: 255.0 in Epoch [397]
2022-07-23 16:52:39,918 INFO: Epoch: 398 | PSNR: 30.0351 | Loss: 5.5348 | lr: 1.25e-04 | Best_PSNR: 30.0353 | max_value: 255.0 in Epoch [397]
2022-07-23 16:53:14,986 INFO: Epoch: 399 | PSNR: 30.0353 | Loss: 5.5850 | lr: 1.25e-04 | Best_PSNR: 30.0353 | max_value: 255.0 in Epoch [399]
2022-07-23 16:53:53,249 INFO: Epoch: 400 | PSNR: 30.0356 | Loss: 5.6091 | lr: 1.25e-04 | Best_PSNR: 30.0356 | max_value: 255.0 in Epoch [400]
2022-07-23 16:54:29,488 INFO: Epoch: 401 | PSNR: 30.0357 | Loss: 5.5923 | lr: 1.25e-04 | Best_PSNR: 30.0357 | max_value: 255.0 in Epoch [401]
2022-07-23 16:55:04,895 INFO: Epoch: 402 | PSNR: 30.0355 | Loss: 5.6068 | lr: 1.25e-04 | Best_PSNR: 30.0357 | max_value: 255.0 in Epoch [401]
2022-07-23 16:55:40,683 INFO: Epoch: 403 | PSNR: 30.0355 | Loss: 5.6135 | lr: 1.25e-04 | Best_PSNR: 30.0357 | max_value: 255.0 in Epoch [401]
2022-07-23 16:56:17,742 INFO: Epoch: 404 | PSNR: 30.0363 | Loss: 5.5920 | lr: 1.25e-04 | Best_PSNR: 30.0363 | max_value: 255.0 in Epoch [404]
2022-07-23 16:56:53,969 INFO: Epoch: 405 | PSNR: 30.0361 | Loss: 5.6332 | lr: 1.25e-04 | Best_PSNR: 30.0363 | max_value: 255.0 in Epoch [404]
2022-07-23 16:57:29,927 INFO: Epoch: 406 | PSNR: 30.0362 | Loss: 5.6280 | lr: 1.25e-04 | Best_PSNR: 30.0363 | max_value: 255.0 in Epoch [404]
2022-07-23 16:58:05,367 INFO: Epoch: 407 | PSNR: 30.0360 | Loss: 5.5288 | lr: 1.25e-04 | Best_PSNR: 30.0363 | max_value: 255.0 in Epoch [404]
2022-07-23 16:58:41,237 INFO: Epoch: 408 | PSNR: 30.0359 | Loss: 5.5955 | lr: 1.25e-04 | Best_PSNR: 30.0363 | max_value: 255.0 in Epoch [404]
2022-07-23 16:59:20,674 INFO: Epoch: 409 | PSNR: 30.0363 | Loss: 5.5727 | lr: 1.25e-04 | Best_PSNR: 30.0363 | max_value: 255.0 in Epoch [409]
2022-07-23 16:59:58,412 INFO: Epoch: 410 | PSNR: 30.0364 | Loss: 5.5430 | lr: 1.25e-04 | Best_PSNR: 30.0364 | max_value: 255.0 in Epoch [410]
2022-07-23 17:00:36,927 INFO: Epoch: 411 | PSNR: 30.0367 | Loss: 5.5759 | lr: 1.25e-04 | Best_PSNR: 30.0367 | max_value: 255.0 in Epoch [411]
2022-07-23 17:01:14,313 INFO: Epoch: 412 | PSNR: 30.0371 | Loss: 5.5590 | lr: 1.25e-04 | Best_PSNR: 30.0371 | max_value: 255.0 in Epoch [412]
2022-07-23 17:01:54,240 INFO: Epoch: 413 | PSNR: 30.0375 | Loss: 5.5888 | lr: 1.25e-04 | Best_PSNR: 30.0375 | max_value: 255.0 in Epoch [413]
2022-07-23 17:02:33,906 INFO: Epoch: 414 | PSNR: 30.0368 | Loss: 5.5703 | lr: 1.25e-04 | Best_PSNR: 30.0375 | max_value: 255.0 in Epoch [413]
2022-07-23 17:03:13,936 INFO: Epoch: 415 | PSNR: 30.0371 | Loss: 5.6116 | lr: 1.25e-04 | Best_PSNR: 30.0375 | max_value: 255.0 in Epoch [413]
2022-07-23 17:03:55,582 INFO: Epoch: 416 | PSNR: 30.0374 | Loss: 5.5834 | lr: 1.25e-04 | Best_PSNR: 30.0375 | max_value: 255.0 in Epoch [413]
2022-07-23 17:04:41,279 INFO: Epoch: 417 | PSNR: 30.0370 | Loss: 5.6021 | lr: 1.25e-04 | Best_PSNR: 30.0375 | max_value: 255.0 in Epoch [413]
2022-07-23 17:05:20,462 INFO: Epoch: 418 | PSNR: 30.0368 | Loss: 5.5923 | lr: 1.25e-04 | Best_PSNR: 30.0375 | max_value: 255.0 in Epoch [413]
2022-07-23 17:06:02,838 INFO: Epoch: 419 | PSNR: 30.0368 | Loss: 5.5798 | lr: 1.25e-04 | Best_PSNR: 30.0375 | max_value: 255.0 in Epoch [413]
2022-07-23 17:06:45,018 INFO: Epoch: 420 | PSNR: 30.0376 | Loss: 5.5715 | lr: 1.25e-04 | Best_PSNR: 30.0376 | max_value: 255.0 in Epoch [420]
2022-07-23 17:07:24,676 INFO: Epoch: 421 | PSNR: 30.0377 | Loss: 5.5874 | lr: 1.25e-04 | Best_PSNR: 30.0377 | max_value: 255.0 in Epoch [421]
2022-07-23 17:08:07,914 INFO: Epoch: 422 | PSNR: 30.0377 | Loss: 5.6061 | lr: 1.25e-04 | Best_PSNR: 30.0377 | max_value: 255.0 in Epoch [422]
2022-07-23 17:08:49,281 INFO: Epoch: 423 | PSNR: 30.0377 | Loss: 5.5689 | lr: 1.25e-04 | Best_PSNR: 30.0377 | max_value: 255.0 in Epoch [422]
2022-07-23 17:09:29,900 INFO: Epoch: 424 | PSNR: 30.0378 | Loss: 5.6047 | lr: 1.25e-04 | Best_PSNR: 30.0378 | max_value: 255.0 in Epoch [424]
2022-07-23 17:10:14,539 INFO: Epoch: 425 | PSNR: 30.0381 | Loss: 5.6002 | lr: 1.25e-04 | Best_PSNR: 30.0381 | max_value: 255.0 in Epoch [425]
2022-07-23 17:10:56,169 INFO: Epoch: 426 | PSNR: 30.0376 | Loss: 5.5713 | lr: 1.25e-04 | Best_PSNR: 30.0381 | max_value: 255.0 in Epoch [425]
2022-07-23 17:11:36,254 INFO: Epoch: 427 | PSNR: 30.0382 | Loss: 5.5664 | lr: 1.25e-04 | Best_PSNR: 30.0382 | max_value: 255.0 in Epoch [427]
2022-07-23 17:12:13,931 INFO: Epoch: 428 | PSNR: 30.0381 | Loss: 5.5585 | lr: 1.25e-04 | Best_PSNR: 30.0382 | max_value: 255.0 in Epoch [427]
2022-07-23 17:12:54,781 INFO: Epoch: 429 | PSNR: 30.0382 | Loss: 5.5608 | lr: 1.25e-04 | Best_PSNR: 30.0382 | max_value: 255.0 in Epoch [429]
2022-07-23 17:13:31,361 INFO: Epoch: 430 | PSNR: 30.0389 | Loss: 5.5652 | lr: 1.25e-04 | Best_PSNR: 30.0389 | max_value: 255.0 in Epoch [430]
2022-07-23 17:14:09,920 INFO: Epoch: 431 | PSNR: 30.0393 | Loss: 5.5983 | lr: 1.25e-04 | Best_PSNR: 30.0393 | max_value: 255.0 in Epoch [431]
2022-07-23 17:14:46,582 INFO: Epoch: 432 | PSNR: 30.0391 | Loss: 5.5501 | lr: 1.25e-04 | Best_PSNR: 30.0393 | max_value: 255.0 in Epoch [431]
2022-07-23 17:15:23,576 INFO: Epoch: 433 | PSNR: 30.0392 | Loss: 5.5744 | lr: 1.25e-04 | Best_PSNR: 30.0393 | max_value: 255.0 in Epoch [431]
2022-07-23 17:16:00,947 INFO: Epoch: 434 | PSNR: 30.0393 | Loss: 5.5255 | lr: 1.25e-04 | Best_PSNR: 30.0393 | max_value: 255.0 in Epoch [431]
2022-07-23 17:16:39,059 INFO: Epoch: 435 | PSNR: 30.0389 | Loss: 5.5843 | lr: 1.25e-04 | Best_PSNR: 30.0393 | max_value: 255.0 in Epoch [431]
2022-07-23 17:17:15,358 INFO: Epoch: 436 | PSNR: 30.0389 | Loss: 5.5996 | lr: 1.25e-04 | Best_PSNR: 30.0393 | max_value: 255.0 in Epoch [431]
2022-07-23 17:17:53,011 INFO: Epoch: 437 | PSNR: 30.0391 | Loss: 5.5928 | lr: 1.25e-04 | Best_PSNR: 30.0393 | max_value: 255.0 in Epoch [431]
2022-07-23 17:18:31,396 INFO: Epoch: 438 | PSNR: 30.0394 | Loss: 5.6039 | lr: 1.25e-04 | Best_PSNR: 30.0394 | max_value: 255.0 in Epoch [438]
2022-07-23 17:19:08,813 INFO: Epoch: 439 | PSNR: 30.0391 | Loss: 5.5470 | lr: 1.25e-04 | Best_PSNR: 30.0394 | max_value: 255.0 in Epoch [438]
2022-07-23 17:19:48,867 INFO: Epoch: 440 | PSNR: 30.0388 | Loss: 5.5776 | lr: 1.25e-04 | Best_PSNR: 30.0394 | max_value: 255.0 in Epoch [438]
2022-07-23 17:20:26,838 INFO: Epoch: 441 | PSNR: 30.0397 | Loss: 5.6402 | lr: 1.25e-04 | Best_PSNR: 30.0397 | max_value: 255.0 in Epoch [441]
2022-07-23 17:21:07,969 INFO: Epoch: 442 | PSNR: 30.0395 | Loss: 5.5536 | lr: 1.25e-04 | Best_PSNR: 30.0397 | max_value: 255.0 in Epoch [441]
2022-07-23 17:21:45,803 INFO: Epoch: 443 | PSNR: 30.0395 | Loss: 5.5761 | lr: 1.25e-04 | Best_PSNR: 30.0397 | max_value: 255.0 in Epoch [441]
2022-07-23 17:22:24,465 INFO: Epoch: 444 | PSNR: 30.0402 | Loss: 5.5644 | lr: 1.25e-04 | Best_PSNR: 30.0402 | max_value: 255.0 in Epoch [444]
2022-07-23 17:23:02,161 INFO: Epoch: 445 | PSNR: 30.0401 | Loss: 5.5747 | lr: 1.25e-04 | Best_PSNR: 30.0402 | max_value: 255.0 in Epoch [444]
2022-07-23 17:23:42,693 INFO: Epoch: 446 | PSNR: 30.0400 | Loss: 5.5218 | lr: 1.25e-04 | Best_PSNR: 30.0402 | max_value: 255.0 in Epoch [444]
2022-07-23 17:24:22,982 INFO: Epoch: 447 | PSNR: 30.0403 | Loss: 5.5670 | lr: 1.25e-04 | Best_PSNR: 30.0403 | max_value: 255.0 in Epoch [447]
2022-07-23 17:25:01,752 INFO: Epoch: 448 | PSNR: 30.0395 | Loss: 5.5918 | lr: 1.25e-04 | Best_PSNR: 30.0403 | max_value: 255.0 in Epoch [447]
2022-07-23 17:25:42,718 INFO: Epoch: 449 | PSNR: 30.0393 | Loss: 5.5654 | lr: 1.25e-04 | Best_PSNR: 30.0403 | max_value: 255.0 in Epoch [447]
2022-07-23 17:26:22,103 INFO: Epoch: 450 | PSNR: 30.0392 | Loss: 5.6032 | lr: 1.25e-04 | Best_PSNR: 30.0403 | max_value: 255.0 in Epoch [447]
2022-07-23 17:27:05,816 INFO: Epoch: 451 | PSNR: 30.0402 | Loss: 5.5840 | lr: 1.25e-04 | Best_PSNR: 30.0403 | max_value: 255.0 in Epoch [447]
2022-07-23 17:27:48,856 INFO: Epoch: 452 | PSNR: 30.0408 | Loss: 5.5668 | lr: 1.25e-04 | Best_PSNR: 30.0408 | max_value: 255.0 in Epoch [452]
2022-07-23 17:28:28,357 INFO: Epoch: 453 | PSNR: 30.0402 | Loss: 5.5807 | lr: 1.25e-04 | Best_PSNR: 30.0408 | max_value: 255.0 in Epoch [452]
2022-07-23 17:29:11,874 INFO: Epoch: 454 | PSNR: 30.0399 | Loss: 5.5869 | lr: 1.25e-04 | Best_PSNR: 30.0408 | max_value: 255.0 in Epoch [452]
2022-07-23 17:29:55,205 INFO: Epoch: 455 | PSNR: 30.0404 | Loss: 5.6410 | lr: 1.25e-04 | Best_PSNR: 30.0408 | max_value: 255.0 in Epoch [452]
2022-07-23 17:30:34,608 INFO: Epoch: 456 | PSNR: 30.0402 | Loss: 5.6041 | lr: 1.25e-04 | Best_PSNR: 30.0408 | max_value: 255.0 in Epoch [452]
2022-07-23 17:31:15,201 INFO: Epoch: 457 | PSNR: 30.0402 | Loss: 5.5751 | lr: 1.25e-04 | Best_PSNR: 30.0408 | max_value: 255.0 in Epoch [452]
2022-07-23 17:31:57,736 INFO: Epoch: 458 | PSNR: 30.0403 | Loss: 5.5735 | lr: 1.25e-04 | Best_PSNR: 30.0408 | max_value: 255.0 in Epoch [452]
2022-07-23 17:32:37,392 INFO: Epoch: 459 | PSNR: 30.0406 | Loss: 5.5507 | lr: 1.25e-04 | Best_PSNR: 30.0408 | max_value: 255.0 in Epoch [452]
2022-07-23 17:33:19,456 INFO: Epoch: 460 | PSNR: 30.0407 | Loss: 5.5854 | lr: 1.25e-04 | Best_PSNR: 30.0408 | max_value: 255.0 in Epoch [452]
2022-07-23 17:33:58,730 INFO: Epoch: 461 | PSNR: 30.0407 | Loss: 5.5293 | lr: 1.25e-04 | Best_PSNR: 30.0408 | max_value: 255.0 in Epoch [452]
2022-07-23 17:34:37,673 INFO: Epoch: 462 | PSNR: 30.0410 | Loss: 5.5773 | lr: 1.25e-04 | Best_PSNR: 30.0410 | max_value: 255.0 in Epoch [462]
2022-07-23 17:35:15,472 INFO: Epoch: 463 | PSNR: 30.0408 | Loss: 5.5693 | lr: 1.25e-04 | Best_PSNR: 30.0410 | max_value: 255.0 in Epoch [462]
2022-07-23 17:35:54,273 INFO: Epoch: 464 | PSNR: 30.0412 | Loss: 5.5984 | lr: 1.25e-04 | Best_PSNR: 30.0412 | max_value: 255.0 in Epoch [464]
2022-07-23 17:36:31,789 INFO: Epoch: 465 | PSNR: 30.0415 | Loss: 5.5312 | lr: 1.25e-04 | Best_PSNR: 30.0415 | max_value: 255.0 in Epoch [465]
2022-07-23 17:37:09,961 INFO: Epoch: 466 | PSNR: 30.0411 | Loss: 5.5667 | lr: 1.25e-04 | Best_PSNR: 30.0415 | max_value: 255.0 in Epoch [465]
2022-07-23 17:37:49,305 INFO: Epoch: 467 | PSNR: 30.0414 | Loss: 5.5665 | lr: 1.25e-04 | Best_PSNR: 30.0415 | max_value: 255.0 in Epoch [465]
2022-07-23 17:38:26,271 INFO: Epoch: 468 | PSNR: 30.0419 | Loss: 5.5578 | lr: 1.25e-04 | Best_PSNR: 30.0419 | max_value: 255.0 in Epoch [468]
2022-07-23 17:39:02,600 INFO: Epoch: 469 | PSNR: 30.0419 | Loss: 5.6100 | lr: 1.25e-04 | Best_PSNR: 30.0419 | max_value: 255.0 in Epoch [468]
2022-07-23 17:39:41,755 INFO: Epoch: 470 | PSNR: 30.0419 | Loss: 5.6005 | lr: 1.25e-04 | Best_PSNR: 30.0419 | max_value: 255.0 in Epoch [470]
2022-07-23 17:40:17,931 INFO: Epoch: 471 | PSNR: 30.0417 | Loss: 5.5630 | lr: 1.25e-04 | Best_PSNR: 30.0419 | max_value: 255.0 in Epoch [470]
2022-07-23 17:40:54,226 INFO: Epoch: 472 | PSNR: 30.0414 | Loss: 5.6039 | lr: 1.25e-04 | Best_PSNR: 30.0419 | max_value: 255.0 in Epoch [470]
2022-07-23 17:41:30,302 INFO: Epoch: 473 | PSNR: 30.0415 | Loss: 5.5540 | lr: 1.25e-04 | Best_PSNR: 30.0419 | max_value: 255.0 in Epoch [470]
2022-07-23 17:42:07,035 INFO: Epoch: 474 | PSNR: 30.0414 | Loss: 5.5739 | lr: 1.25e-04 | Best_PSNR: 30.0419 | max_value: 255.0 in Epoch [470]
2022-07-23 17:42:43,786 INFO: Epoch: 475 | PSNR: 30.0423 | Loss: 5.5549 | lr: 1.25e-04 | Best_PSNR: 30.0423 | max_value: 255.0 in Epoch [475]
2022-07-23 17:43:23,311 INFO: Epoch: 476 | PSNR: 30.0424 | Loss: 5.5733 | lr: 1.25e-04 | Best_PSNR: 30.0424 | max_value: 255.0 in Epoch [476]
2022-07-23 17:44:01,119 INFO: Epoch: 477 | PSNR: 30.0426 | Loss: 5.5942 | lr: 1.25e-04 | Best_PSNR: 30.0426 | max_value: 255.0 in Epoch [477]
2022-07-23 17:44:39,645 INFO: Epoch: 478 | PSNR: 30.0423 | Loss: 5.5934 | lr: 1.25e-04 | Best_PSNR: 30.0426 | max_value: 255.0 in Epoch [477]
2022-07-23 17:45:16,838 INFO: Epoch: 479 | PSNR: 30.0423 | Loss: 5.5769 | lr: 1.25e-04 | Best_PSNR: 30.0426 | max_value: 255.0 in Epoch [477]
2022-07-23 17:45:53,294 INFO: Epoch: 480 | PSNR: 30.0426 | Loss: 5.5488 | lr: 1.25e-04 | Best_PSNR: 30.0426 | max_value: 255.0 in Epoch [480]
2022-07-23 17:46:29,506 INFO: Epoch: 481 | PSNR: 30.0430 | Loss: 5.5825 | lr: 6.25e-05 | Best_PSNR: 30.0430 | max_value: 255.0 in Epoch [481]
2022-07-23 17:47:07,141 INFO: Epoch: 482 | PSNR: 30.0429 | Loss: 5.5932 | lr: 6.25e-05 | Best_PSNR: 30.0430 | max_value: 255.0 in Epoch [481]
2022-07-23 17:47:44,988 INFO: Epoch: 483 | PSNR: 30.0430 | Loss: 5.5705 | lr: 6.25e-05 | Best_PSNR: 30.0430 | max_value: 255.0 in Epoch [483]
2022-07-23 17:48:22,913 INFO: Epoch: 484 | PSNR: 30.0436 | Loss: 5.5961 | lr: 6.25e-05 | Best_PSNR: 30.0436 | max_value: 255.0 in Epoch [484]
2022-07-23 17:49:01,552 INFO: Epoch: 485 | PSNR: 30.0437 | Loss: 5.5232 | lr: 6.25e-05 | Best_PSNR: 30.0437 | max_value: 255.0 in Epoch [485]
2022-07-23 17:49:41,028 INFO: Epoch: 486 | PSNR: 30.0440 | Loss: 5.5344 | lr: 6.25e-05 | Best_PSNR: 30.0440 | max_value: 255.0 in Epoch [486]
2022-07-23 17:50:16,407 INFO: Epoch: 487 | PSNR: 30.0435 | Loss: 5.5551 | lr: 6.25e-05 | Best_PSNR: 30.0440 | max_value: 255.0 in Epoch [486]
2022-07-23 17:50:52,131 INFO: Epoch: 488 | PSNR: 30.0434 | Loss: 5.6011 | lr: 6.25e-05 | Best_PSNR: 30.0440 | max_value: 255.0 in Epoch [486]
2022-07-23 17:51:29,254 INFO: Epoch: 489 | PSNR: 30.0435 | Loss: 5.5909 | lr: 6.25e-05 | Best_PSNR: 30.0440 | max_value: 255.0 in Epoch [486]
2022-07-23 17:52:06,349 INFO: Epoch: 490 | PSNR: 30.0438 | Loss: 5.5229 | lr: 6.25e-05 | Best_PSNR: 30.0440 | max_value: 255.0 in Epoch [486]
2022-07-23 17:52:42,395 INFO: Epoch: 491 | PSNR: 30.0437 | Loss: 5.5799 | lr: 6.25e-05 | Best_PSNR: 30.0440 | max_value: 255.0 in Epoch [486]
2022-07-23 17:53:20,946 INFO: Epoch: 492 | PSNR: 30.0437 | Loss: 5.5926 | lr: 6.25e-05 | Best_PSNR: 30.0440 | max_value: 255.0 in Epoch [486]
2022-07-23 17:54:01,731 INFO: Epoch: 493 | PSNR: 30.0436 | Loss: 5.5932 | lr: 6.25e-05 | Best_PSNR: 30.0440 | max_value: 255.0 in Epoch [486]
2022-07-23 17:54:40,091 INFO: Epoch: 494 | PSNR: 30.0437 | Loss: 5.6015 | lr: 6.25e-05 | Best_PSNR: 30.0440 | max_value: 255.0 in Epoch [486]
2022-07-23 17:55:18,286 INFO: Epoch: 495 | PSNR: 30.0438 | Loss: 5.5520 | lr: 6.25e-05 | Best_PSNR: 30.0440 | max_value: 255.0 in Epoch [486]
2022-07-23 17:55:56,927 INFO: Epoch: 496 | PSNR: 30.0437 | Loss: 5.6058 | lr: 6.25e-05 | Best_PSNR: 30.0440 | max_value: 255.0 in Epoch [486]
2022-07-23 17:56:34,799 INFO: Epoch: 497 | PSNR: 30.0436 | Loss: 5.5841 | lr: 6.25e-05 | Best_PSNR: 30.0440 | max_value: 255.0 in Epoch [486]
2022-07-23 17:57:11,718 INFO: Epoch: 498 | PSNR: 30.0437 | Loss: 5.5974 | lr: 6.25e-05 | Best_PSNR: 30.0440 | max_value: 255.0 in Epoch [486]
2022-07-23 17:57:50,001 INFO: Epoch: 499 | PSNR: 30.0436 | Loss: 5.5995 | lr: 6.25e-05 | Best_PSNR: 30.0440 | max_value: 255.0 in Epoch [486]
2022-07-23 17:58:29,458 INFO: Epoch: 500 | PSNR: 30.0438 | Loss: 5.5887 | lr: 6.25e-05 | Best_PSNR: 30.0440 | max_value: 255.0 in Epoch [486]
2022-07-23 17:59:06,442 INFO: Epoch: 501 | PSNR: 30.0439 | Loss: 5.5642 | lr: 6.25e-05 | Best_PSNR: 30.0440 | max_value: 255.0 in Epoch [486]
2022-07-23 17:59:44,424 INFO: Epoch: 502 | PSNR: 30.0439 | Loss: 5.5411 | lr: 6.25e-05 | Best_PSNR: 30.0440 | max_value: 255.0 in Epoch [486]
2022-07-23 18:00:23,839 INFO: Epoch: 503 | PSNR: 30.0441 | Loss: 5.5632 | lr: 6.25e-05 | Best_PSNR: 30.0441 | max_value: 255.0 in Epoch [503]
2022-07-23 18:01:01,530 INFO: Epoch: 504 | PSNR: 30.0440 | Loss: 5.5802 | lr: 6.25e-05 | Best_PSNR: 30.0441 | max_value: 255.0 in Epoch [503]
2022-07-23 18:01:40,950 INFO: Epoch: 505 | PSNR: 30.0442 | Loss: 5.6018 | lr: 6.25e-05 | Best_PSNR: 30.0442 | max_value: 255.0 in Epoch [505]
2022-07-23 18:02:20,070 INFO: Epoch: 506 | PSNR: 30.0445 | Loss: 5.6453 | lr: 6.25e-05 | Best_PSNR: 30.0445 | max_value: 255.0 in Epoch [506]
2022-07-23 18:02:58,197 INFO: Epoch: 507 | PSNR: 30.0446 | Loss: 5.5503 | lr: 6.25e-05 | Best_PSNR: 30.0446 | max_value: 255.0 in Epoch [507]
2022-07-23 18:03:36,800 INFO: Epoch: 508 | PSNR: 30.0443 | Loss: 5.5735 | lr: 6.25e-05 | Best_PSNR: 30.0446 | max_value: 255.0 in Epoch [507]
2022-07-23 18:04:15,132 INFO: Epoch: 509 | PSNR: 30.0440 | Loss: 5.5345 | lr: 6.25e-05 | Best_PSNR: 30.0446 | max_value: 255.0 in Epoch [507]
2022-07-23 18:04:52,699 INFO: Epoch: 510 | PSNR: 30.0440 | Loss: 5.5896 | lr: 6.25e-05 | Best_PSNR: 30.0446 | max_value: 255.0 in Epoch [507]
2022-07-23 18:05:31,190 INFO: Epoch: 511 | PSNR: 30.0447 | Loss: 5.5286 | lr: 6.25e-05 | Best_PSNR: 30.0447 | max_value: 255.0 in Epoch [511]
2022-07-23 18:06:09,198 INFO: Epoch: 512 | PSNR: 30.0448 | Loss: 5.5929 | lr: 6.25e-05 | Best_PSNR: 30.0448 | max_value: 255.0 in Epoch [512]
2022-07-23 18:06:46,380 INFO: Epoch: 513 | PSNR: 30.0447 | Loss: 5.5727 | lr: 6.25e-05 | Best_PSNR: 30.0448 | max_value: 255.0 in Epoch [512]
2022-07-23 18:07:23,716 INFO: Epoch: 514 | PSNR: 30.0447 | Loss: 5.5915 | lr: 6.25e-05 | Best_PSNR: 30.0448 | max_value: 255.0 in Epoch [512]
2022-07-23 18:08:01,484 INFO: Epoch: 515 | PSNR: 30.0449 | Loss: 5.5482 | lr: 6.25e-05 | Best_PSNR: 30.0449 | max_value: 255.0 in Epoch [515]
2022-07-23 18:08:39,998 INFO: Epoch: 516 | PSNR: 30.0450 | Loss: 5.6210 | lr: 6.25e-05 | Best_PSNR: 30.0450 | max_value: 255.0 in Epoch [516]
2022-07-23 18:09:21,074 INFO: Epoch: 517 | PSNR: 30.0448 | Loss: 5.5361 | lr: 6.25e-05 | Best_PSNR: 30.0450 | max_value: 255.0 in Epoch [516]
2022-07-23 18:09:57,247 INFO: Epoch: 518 | PSNR: 30.0451 | Loss: 5.5598 | lr: 6.25e-05 | Best_PSNR: 30.0451 | max_value: 255.0 in Epoch [518]
2022-07-23 18:10:35,185 INFO: Epoch: 519 | PSNR: 30.0455 | Loss: 5.5483 | lr: 6.25e-05 | Best_PSNR: 30.0455 | max_value: 255.0 in Epoch [519]
2022-07-23 18:11:12,347 INFO: Epoch: 520 | PSNR: 30.0454 | Loss: 5.5739 | lr: 6.25e-05 | Best_PSNR: 30.0455 | max_value: 255.0 in Epoch [519]
2022-07-23 18:11:48,143 INFO: Epoch: 521 | PSNR: 30.0452 | Loss: 5.5528 | lr: 6.25e-05 | Best_PSNR: 30.0455 | max_value: 255.0 in Epoch [519]
2022-07-23 18:12:23,667 INFO: Epoch: 522 | PSNR: 30.0451 | Loss: 5.5211 | lr: 6.25e-05 | Best_PSNR: 30.0455 | max_value: 255.0 in Epoch [519]
2022-07-23 18:13:00,890 INFO: Epoch: 523 | PSNR: 30.0454 | Loss: 5.6103 | lr: 6.25e-05 | Best_PSNR: 30.0455 | max_value: 255.0 in Epoch [519]
2022-07-23 18:13:37,241 INFO: Epoch: 524 | PSNR: 30.0455 | Loss: 5.5697 | lr: 6.25e-05 | Best_PSNR: 30.0455 | max_value: 255.0 in Epoch [519]
2022-07-23 18:14:17,580 INFO: Epoch: 525 | PSNR: 30.0453 | Loss: 5.5443 | lr: 6.25e-05 | Best_PSNR: 30.0455 | max_value: 255.0 in Epoch [519]
2022-07-23 18:14:54,459 INFO: Epoch: 526 | PSNR: 30.0448 | Loss: 5.5375 | lr: 6.25e-05 | Best_PSNR: 30.0455 | max_value: 255.0 in Epoch [519]
2022-07-23 18:15:30,549 INFO: Epoch: 527 | PSNR: 30.0450 | Loss: 5.5817 | lr: 6.25e-05 | Best_PSNR: 30.0455 | max_value: 255.0 in Epoch [519]
2022-07-23 18:16:06,758 INFO: Epoch: 528 | PSNR: 30.0454 | Loss: 5.5325 | lr: 6.25e-05 | Best_PSNR: 30.0455 | max_value: 255.0 in Epoch [519]
2022-07-23 18:16:44,039 INFO: Epoch: 529 | PSNR: 30.0456 | Loss: 5.5250 | lr: 6.25e-05 | Best_PSNR: 30.0456 | max_value: 255.0 in Epoch [529]
2022-07-23 18:17:22,439 INFO: Epoch: 530 | PSNR: 30.0459 | Loss: 5.5178 | lr: 6.25e-05 | Best_PSNR: 30.0459 | max_value: 255.0 in Epoch [530]
2022-07-23 18:17:59,151 INFO: Epoch: 531 | PSNR: 30.0457 | Loss: 5.5927 | lr: 6.25e-05 | Best_PSNR: 30.0459 | max_value: 255.0 in Epoch [530]
2022-07-23 18:18:37,443 INFO: Epoch: 532 | PSNR: 30.0457 | Loss: 5.6055 | lr: 6.25e-05 | Best_PSNR: 30.0459 | max_value: 255.0 in Epoch [530]
2022-07-23 18:19:15,815 INFO: Epoch: 533 | PSNR: 30.0458 | Loss: 5.6051 | lr: 6.25e-05 | Best_PSNR: 30.0459 | max_value: 255.0 in Epoch [530]
2022-07-23 18:19:53,416 INFO: Epoch: 534 | PSNR: 30.0461 | Loss: 5.5279 | lr: 6.25e-05 | Best_PSNR: 30.0461 | max_value: 255.0 in Epoch [534]
2022-07-23 18:20:37,530 INFO: Epoch: 535 | PSNR: 30.0456 | Loss: 5.5367 | lr: 6.25e-05 | Best_PSNR: 30.0461 | max_value: 255.0 in Epoch [534]
2022-07-23 18:21:21,451 INFO: Epoch: 536 | PSNR: 30.0458 | Loss: 5.5241 | lr: 6.25e-05 | Best_PSNR: 30.0461 | max_value: 255.0 in Epoch [534]
2022-07-23 18:22:00,049 INFO: Epoch: 537 | PSNR: 30.0457 | Loss: 5.5514 | lr: 6.25e-05 | Best_PSNR: 30.0461 | max_value: 255.0 in Epoch [534]
2022-07-23 18:22:39,052 INFO: Epoch: 538 | PSNR: 30.0460 | Loss: 5.5365 | lr: 6.25e-05 | Best_PSNR: 30.0461 | max_value: 255.0 in Epoch [534]
2022-07-23 18:23:22,427 INFO: Epoch: 539 | PSNR: 30.0462 | Loss: 5.5009 | lr: 6.25e-05 | Best_PSNR: 30.0462 | max_value: 255.0 in Epoch [539]
2022-07-23 18:23:58,995 INFO: Epoch: 540 | PSNR: 30.0463 | Loss: 5.5366 | lr: 6.25e-05 | Best_PSNR: 30.0463 | max_value: 255.0 in Epoch [540]
2022-07-23 18:24:32,493 INFO: Epoch: 541 | PSNR: 30.0462 | Loss: 5.5473 | lr: 6.25e-05 | Best_PSNR: 30.0463 | max_value: 255.0 in Epoch [540]
2022-07-23 18:25:05,892 INFO: Epoch: 542 | PSNR: 30.0461 | Loss: 5.5827 | lr: 6.25e-05 | Best_PSNR: 30.0463 | max_value: 255.0 in Epoch [540]
2022-07-23 18:25:39,243 INFO: Epoch: 543 | PSNR: 30.0462 | Loss: 5.5653 | lr: 6.25e-05 | Best_PSNR: 30.0463 | max_value: 255.0 in Epoch [540]
2022-07-23 18:26:13,633 INFO: Epoch: 544 | PSNR: 30.0461 | Loss: 5.5949 | lr: 6.25e-05 | Best_PSNR: 30.0463 | max_value: 255.0 in Epoch [540]
2022-07-23 18:26:46,577 INFO: Epoch: 545 | PSNR: 30.0462 | Loss: 5.5887 | lr: 6.25e-05 | Best_PSNR: 30.0463 | max_value: 255.0 in Epoch [540]
2022-07-23 18:27:20,151 INFO: Epoch: 546 | PSNR: 30.0466 | Loss: 5.5564 | lr: 6.25e-05 | Best_PSNR: 30.0466 | max_value: 255.0 in Epoch [546]
2022-07-23 18:27:53,484 INFO: Epoch: 547 | PSNR: 30.0464 | Loss: 5.5707 | lr: 6.25e-05 | Best_PSNR: 30.0466 | max_value: 255.0 in Epoch [546]
2022-07-23 18:28:27,016 INFO: Epoch: 548 | PSNR: 30.0461 | Loss: 5.5824 | lr: 6.25e-05 | Best_PSNR: 30.0466 | max_value: 255.0 in Epoch [546]
2022-07-23 18:29:00,187 INFO: Epoch: 549 | PSNR: 30.0461 | Loss: 5.5591 | lr: 6.25e-05 | Best_PSNR: 30.0466 | max_value: 255.0 in Epoch [546]
2022-07-23 18:29:33,914 INFO: Epoch: 550 | PSNR: 30.0461 | Loss: 5.5756 | lr: 6.25e-05 | Best_PSNR: 30.0466 | max_value: 255.0 in Epoch [546]
2022-07-23 18:30:07,433 INFO: Epoch: 551 | PSNR: 30.0463 | Loss: 5.5200 | lr: 6.25e-05 | Best_PSNR: 30.0466 | max_value: 255.0 in Epoch [546]
2022-07-23 18:30:40,909 INFO: Epoch: 552 | PSNR: 30.0462 | Loss: 5.5849 | lr: 6.25e-05 | Best_PSNR: 30.0466 | max_value: 255.0 in Epoch [546]
2022-07-23 18:31:14,338 INFO: Epoch: 553 | PSNR: 30.0458 | Loss: 5.5965 | lr: 6.25e-05 | Best_PSNR: 30.0466 | max_value: 255.0 in Epoch [546]
2022-07-23 18:31:47,698 INFO: Epoch: 554 | PSNR: 30.0462 | Loss: 5.5642 | lr: 6.25e-05 | Best_PSNR: 30.0466 | max_value: 255.0 in Epoch [546]
2022-07-23 18:32:21,223 INFO: Epoch: 555 | PSNR: 30.0464 | Loss: 5.5235 | lr: 6.25e-05 | Best_PSNR: 30.0466 | max_value: 255.0 in Epoch [546]
2022-07-23 18:32:54,459 INFO: Epoch: 556 | PSNR: 30.0463 | Loss: 5.5987 | lr: 6.25e-05 | Best_PSNR: 30.0466 | max_value: 255.0 in Epoch [546]
2022-07-23 18:33:28,089 INFO: Epoch: 557 | PSNR: 30.0465 | Loss: 5.5996 | lr: 6.25e-05 | Best_PSNR: 30.0466 | max_value: 255.0 in Epoch [546]
2022-07-23 18:34:02,525 INFO: Epoch: 558 | PSNR: 30.0462 | Loss: 5.5951 | lr: 6.25e-05 | Best_PSNR: 30.0466 | max_value: 255.0 in Epoch [546]
2022-07-23 18:34:36,160 INFO: Epoch: 559 | PSNR: 30.0460 | Loss: 5.5610 | lr: 6.25e-05 | Best_PSNR: 30.0466 | max_value: 255.0 in Epoch [546]
2022-07-23 18:35:10,130 INFO: Epoch: 560 | PSNR: 30.0463 | Loss: 5.5195 | lr: 6.25e-05 | Best_PSNR: 30.0466 | max_value: 255.0 in Epoch [546]
2022-07-23 18:35:44,325 INFO: Epoch: 561 | PSNR: 30.0469 | Loss: 5.5551 | lr: 6.25e-05 | Best_PSNR: 30.0469 | max_value: 255.0 in Epoch [561]
2022-07-23 18:36:18,080 INFO: Epoch: 562 | PSNR: 30.0467 | Loss: 5.6010 | lr: 6.25e-05 | Best_PSNR: 30.0469 | max_value: 255.0 in Epoch [561]
2022-07-23 18:36:51,538 INFO: Epoch: 563 | PSNR: 30.0462 | Loss: 5.5608 | lr: 6.25e-05 | Best_PSNR: 30.0469 | max_value: 255.0 in Epoch [561]
2022-07-23 18:37:25,084 INFO: Epoch: 564 | PSNR: 30.0468 | Loss: 5.5058 | lr: 6.25e-05 | Best_PSNR: 30.0469 | max_value: 255.0 in Epoch [561]
2022-07-23 18:37:58,634 INFO: Epoch: 565 | PSNR: 30.0469 | Loss: 5.5671 | lr: 6.25e-05 | Best_PSNR: 30.0469 | max_value: 255.0 in Epoch [561]
2022-07-23 18:38:31,600 INFO: Epoch: 566 | PSNR: 30.0468 | Loss: 5.5144 | lr: 6.25e-05 | Best_PSNR: 30.0469 | max_value: 255.0 in Epoch [561]
2022-07-23 18:39:06,398 INFO: Epoch: 567 | PSNR: 30.0471 | Loss: 5.5302 | lr: 6.25e-05 | Best_PSNR: 30.0471 | max_value: 255.0 in Epoch [567]
2022-07-23 18:39:39,725 INFO: Epoch: 568 | PSNR: 30.0470 | Loss: 5.5629 | lr: 6.25e-05 | Best_PSNR: 30.0471 | max_value: 255.0 in Epoch [567]
2022-07-23 18:40:13,644 INFO: Epoch: 569 | PSNR: 30.0469 | Loss: 5.5893 | lr: 6.25e-05 | Best_PSNR: 30.0471 | max_value: 255.0 in Epoch [567]
2022-07-23 18:40:47,023 INFO: Epoch: 570 | PSNR: 30.0465 | Loss: 5.5882 | lr: 6.25e-05 | Best_PSNR: 30.0471 | max_value: 255.0 in Epoch [567]
2022-07-23 18:41:21,067 INFO: Epoch: 571 | PSNR: 30.0469 | Loss: 5.5681 | lr: 6.25e-05 | Best_PSNR: 30.0471 | max_value: 255.0 in Epoch [567]
2022-07-23 18:41:54,298 INFO: Epoch: 572 | PSNR: 30.0471 | Loss: 5.5875 | lr: 6.25e-05 | Best_PSNR: 30.0471 | max_value: 255.0 in Epoch [567]
2022-07-23 18:42:27,397 INFO: Epoch: 573 | PSNR: 30.0470 | Loss: 5.5633 | lr: 6.25e-05 | Best_PSNR: 30.0471 | max_value: 255.0 in Epoch [567]
2022-07-23 18:43:02,013 INFO: Epoch: 574 | PSNR: 30.0473 | Loss: 5.5432 | lr: 6.25e-05 | Best_PSNR: 30.0473 | max_value: 255.0 in Epoch [574]
2022-07-23 18:43:35,466 INFO: Epoch: 575 | PSNR: 30.0469 | Loss: 5.6010 | lr: 6.25e-05 | Best_PSNR: 30.0473 | max_value: 255.0 in Epoch [574]
2022-07-23 18:44:09,059 INFO: Epoch: 576 | PSNR: 30.0472 | Loss: 5.5950 | lr: 6.25e-05 | Best_PSNR: 30.0473 | max_value: 255.0 in Epoch [574]
2022-07-23 18:44:43,144 INFO: Epoch: 577 | PSNR: 30.0473 | Loss: 5.5658 | lr: 6.25e-05 | Best_PSNR: 30.0473 | max_value: 255.0 in Epoch [574]
2022-07-23 18:45:17,185 INFO: Epoch: 578 | PSNR: 30.0474 | Loss: 5.5306 | lr: 6.25e-05 | Best_PSNR: 30.0474 | max_value: 255.0 in Epoch [578]
2022-07-23 18:45:51,448 INFO: Epoch: 579 | PSNR: 30.0472 | Loss: 5.5715 | lr: 6.25e-05 | Best_PSNR: 30.0474 | max_value: 255.0 in Epoch [578]
2022-07-23 18:46:25,079 INFO: Epoch: 580 | PSNR: 30.0472 | Loss: 5.6053 | lr: 6.25e-05 | Best_PSNR: 30.0474 | max_value: 255.0 in Epoch [578]
2022-07-23 18:46:59,631 INFO: Epoch: 581 | PSNR: 30.0476 | Loss: 5.5571 | lr: 6.25e-05 | Best_PSNR: 30.0476 | max_value: 255.0 in Epoch [581]
2022-07-23 18:47:32,443 INFO: Epoch: 582 | PSNR: 30.0475 | Loss: 5.5314 | lr: 6.25e-05 | Best_PSNR: 30.0476 | max_value: 255.0 in Epoch [581]
2022-07-23 18:48:06,388 INFO: Epoch: 583 | PSNR: 30.0471 | Loss: 5.5344 | lr: 6.25e-05 | Best_PSNR: 30.0476 | max_value: 255.0 in Epoch [581]
2022-07-23 18:48:39,335 INFO: Epoch: 584 | PSNR: 30.0474 | Loss: 5.5590 | lr: 6.25e-05 | Best_PSNR: 30.0476 | max_value: 255.0 in Epoch [581]
2022-07-23 18:49:14,075 INFO: Epoch: 585 | PSNR: 30.0479 | Loss: 5.5475 | lr: 6.25e-05 | Best_PSNR: 30.0479 | max_value: 255.0 in Epoch [585]
2022-07-23 18:49:54,320 INFO: Epoch: 586 | PSNR: 30.0480 | Loss: 5.5290 | lr: 6.25e-05 | Best_PSNR: 30.0480 | max_value: 255.0 in Epoch [586]
2022-07-23 18:50:29,822 INFO: Epoch: 587 | PSNR: 30.0475 | Loss: 5.5809 | lr: 6.25e-05 | Best_PSNR: 30.0480 | max_value: 255.0 in Epoch [586]
2022-07-23 18:51:04,356 INFO: Epoch: 588 | PSNR: 30.0478 | Loss: 5.5399 | lr: 6.25e-05 | Best_PSNR: 30.0480 | max_value: 255.0 in Epoch [586]
2022-07-23 18:51:41,255 INFO: Epoch: 589 | PSNR: 30.0480 | Loss: 5.6009 | lr: 6.25e-05 | Best_PSNR: 30.0480 | max_value: 255.0 in Epoch [589]
2022-07-23 18:52:18,395 INFO: Epoch: 590 | PSNR: 30.0482 | Loss: 5.5789 | lr: 6.25e-05 | Best_PSNR: 30.0482 | max_value: 255.0 in Epoch [590]
2022-07-23 18:52:56,267 INFO: Epoch: 591 | PSNR: 30.0479 | Loss: 5.5418 | lr: 6.25e-05 | Best_PSNR: 30.0482 | max_value: 255.0 in Epoch [590]
2022-07-23 18:53:40,145 INFO: Epoch: 592 | PSNR: 30.0481 | Loss: 5.5504 | lr: 6.25e-05 | Best_PSNR: 30.0482 | max_value: 255.0 in Epoch [590]
2022-07-23 18:54:28,312 INFO: Epoch: 593 | PSNR: 30.0481 | Loss: 5.5142 | lr: 6.25e-05 | Best_PSNR: 30.0482 | max_value: 255.0 in Epoch [590]
2022-07-23 18:55:10,416 INFO: Epoch: 594 | PSNR: 30.0479 | Loss: 5.5555 | lr: 6.25e-05 | Best_PSNR: 30.0482 | max_value: 255.0 in Epoch [590]
2022-07-23 18:55:51,035 INFO: Epoch: 595 | PSNR: 30.0479 | Loss: 5.5208 | lr: 6.25e-05 | Best_PSNR: 30.0482 | max_value: 255.0 in Epoch [590]
2022-07-23 18:56:36,812 INFO: Epoch: 596 | PSNR: 30.0476 | Loss: 5.5374 | lr: 6.25e-05 | Best_PSNR: 30.0482 | max_value: 255.0 in Epoch [590]
2022-07-23 18:57:19,601 INFO: Epoch: 597 | PSNR: 30.0479 | Loss: 5.4764 | lr: 6.25e-05 | Best_PSNR: 30.0482 | max_value: 255.0 in Epoch [590]
2022-07-23 18:57:58,486 INFO: Epoch: 598 | PSNR: 30.0482 | Loss: 5.5769 | lr: 6.25e-05 | Best_PSNR: 30.0482 | max_value: 255.0 in Epoch [590]
2022-07-23 18:58:36,759 INFO: Epoch: 599 | PSNR: 30.0482 | Loss: 5.5894 | lr: 6.25e-05 | Best_PSNR: 30.0482 | max_value: 255.0 in Epoch [590]
2022-07-23 18:59:17,724 INFO: Epoch: 600 | PSNR: 30.0483 | Loss: 5.5555 | lr: 6.25e-05 | Best_PSNR: 30.0483 | max_value: 255.0 in Epoch [600]
