2022-07-19 01:24:19,178 INFO: Create train dataset successfully!
2022-07-19 01:24:19,178 INFO: Training: [1000] iterations for each epoch
2022-07-19 01:24:19,179 INFO: Create val dataset successfully!
2022-07-19 01:24:19,179 INFO: Validating: [100] iterations for each epoch
2022-07-19 01:24:19,179 INFO: Preparing for experiment: [trial10_qat]
2022-07-19 01:24:19,179 INFO: Loading pretrained model ...
2022-07-19 01:24:24,330 INFO: Start copying weights and annotate Lambda layer...
2022-07-19 01:24:24,404 INFO: Start annotating other parts of model...
2022-07-19 01:24:24,433 INFO: Creating quantize-aware model...
2022-07-19 01:24:25,994 INFO: Create model successfully! Params: [97.46]K
2022-07-19 01:24:25,994 INFO: Model: "model"
2022-07-19 01:24:25,994 INFO: __________________________________________________________________________________________________
2022-07-19 01:24:25,994 INFO: Layer (type)                    Output Shape         Param #     Connected to                     
2022-07-19 01:24:25,994 INFO: ==================================================================================================
2022-07-19 01:24:25,994 INFO: input_1 (InputLayer)            [(None, None, None,  0                                            
2022-07-19 01:24:25,994 INFO: __________________________________________________________________________________________________
2022-07-19 01:24:25,994 INFO: quantize_layer (QuantizeLayer)  (None, None, None, 3 3           input_1[0][0]                    
2022-07-19 01:24:25,994 INFO: __________________________________________________________________________________________________
2022-07-19 01:24:25,995 INFO: quant_conv2d (QuantizeWrapperV2 (None, None, None, 4 1443        quantize_layer[1][0]             
2022-07-19 01:24:25,995 INFO: __________________________________________________________________________________________________
2022-07-19 01:24:25,995 INFO: quant_conv2d_1 (QuantizeWrapper (None, None, None, 4 20883       quant_conv2d[0][0]               
2022-07-19 01:24:25,995 INFO: __________________________________________________________________________________________________
2022-07-19 01:24:25,995 INFO: quant_conv2d_2 (QuantizeWrapper (None, None, None, 4 20883       quant_conv2d_1[0][0]             
2022-07-19 01:24:25,995 INFO: __________________________________________________________________________________________________
2022-07-19 01:24:25,995 INFO: quant_conv2d_3 (QuantizeWrapper (None, None, None, 4 20883       quant_conv2d_2[0][0]             
2022-07-19 01:24:25,995 INFO: __________________________________________________________________________________________________
2022-07-19 01:24:25,995 INFO: quant_conv2d_4 (QuantizeWrapper (None, None, None, 4 20883       quant_conv2d_3[0][0]             
2022-07-19 01:24:25,995 INFO: __________________________________________________________________________________________________
2022-07-19 01:24:25,996 INFO: quant_concatenate (QuantizeWrap (None, None, None, 5 3           quant_conv2d_4[0][0]             
2022-07-19 01:24:25,996 INFO:                                                                  quantize_layer[1][0]             
2022-07-19 01:24:25,996 INFO: __________________________________________________________________________________________________
2022-07-19 01:24:25,996 INFO: quant_simulation_residual (Quan (None, None, None, 2 12477       quant_concatenate[0][0]          
2022-07-19 01:24:25,996 INFO: __________________________________________________________________________________________________
2022-07-19 01:24:25,996 INFO: quant_lambda (QuantizeWrapperV2 (None, None, None, 3 1           quant_simulation_residual[0][0]  
2022-07-19 01:24:25,996 INFO: ==================================================================================================
2022-07-19 01:24:25,996 INFO: Total params: 97,459
2022-07-19 01:24:25,996 INFO: Trainable params: 96,900
2022-07-19 01:24:25,996 INFO: Non-trainable params: 559
2022-07-19 01:24:25,997 INFO: __________________________________________________________________________________________________
2022-07-19 01:24:25,997 INFO: Start training...
2022-07-19 01:26:07,905 INFO: Epoch: 1 | PSNR: 15.5449 | Loss: 74.5575 | lr: 1.00e-03 | Best_PSNR: 15.5449 in Epoch [1]
2022-07-19 01:27:41,515 INFO: Epoch: 2 | PSNR: 28.3238 | Loss: 14.1429 | lr: 1.00e-03 | Best_PSNR: 28.3238 in Epoch [2]
2022-07-19 01:29:10,119 INFO: Epoch: 3 | PSNR: 29.8958 | Loss: 6.0453 | lr: 1.00e-03 | Best_PSNR: 29.8958 in Epoch [3]
2022-07-19 01:30:49,696 INFO: Epoch: 4 | PSNR: 30.0734 | Loss: 5.7095 | lr: 1.00e-03 | Best_PSNR: 30.0734 in Epoch [4]
2022-07-19 01:32:21,909 INFO: Epoch: 5 | PSNR: 30.0934 | Loss: 5.5877 | lr: 1.00e-03 | Best_PSNR: 30.0934 in Epoch [5]
2022-07-19 01:33:51,247 INFO: Epoch: 6 | PSNR: 30.1085 | Loss: 5.6028 | lr: 1.00e-03 | Best_PSNR: 30.1085 in Epoch [6]
2022-07-19 01:35:12,554 INFO: Epoch: 7 | PSNR: 30.1254 | Loss: 5.5576 | lr: 1.00e-03 | Best_PSNR: 30.1254 in Epoch [7]
2022-07-19 01:36:57,452 INFO: Epoch: 8 | PSNR: 30.1379 | Loss: 5.5173 | lr: 1.00e-03 | Best_PSNR: 30.1379 in Epoch [8]
2022-07-19 01:38:22,368 INFO: Epoch: 9 | PSNR: 30.1850 | Loss: 5.5576 | lr: 1.00e-03 | Best_PSNR: 30.1850 in Epoch [9]
2022-07-19 01:40:04,024 INFO: Epoch: 10 | PSNR: 30.1899 | Loss: 5.5885 | lr: 1.00e-03 | Best_PSNR: 30.1899 in Epoch [10]
2022-07-19 01:41:25,947 INFO: Epoch: 11 | PSNR: 30.1971 | Loss: 5.5399 | lr: 1.00e-03 | Best_PSNR: 30.1971 in Epoch [11]
2022-07-19 01:42:47,733 INFO: Epoch: 12 | PSNR: 30.1881 | Loss: 5.5248 | lr: 1.00e-03 | Best_PSNR: 30.1971 in Epoch [11]
2022-07-19 01:44:10,269 INFO: Epoch: 13 | PSNR: 30.1898 | Loss: 5.5408 | lr: 1.00e-03 | Best_PSNR: 30.1971 in Epoch [11]
2022-07-19 01:45:34,492 INFO: Epoch: 14 | PSNR: 30.1945 | Loss: 5.5829 | lr: 1.00e-03 | Best_PSNR: 30.1971 in Epoch [11]
2022-07-19 01:47:02,594 INFO: Epoch: 15 | PSNR: 30.2024 | Loss: 5.5689 | lr: 1.00e-03 | Best_PSNR: 30.2024 in Epoch [15]
2022-07-19 01:48:20,516 INFO: Epoch: 16 | PSNR: 30.2020 | Loss: 5.5898 | lr: 1.00e-03 | Best_PSNR: 30.2024 in Epoch [15]
2022-07-19 01:50:02,828 INFO: Epoch: 17 | PSNR: 30.2013 | Loss: 5.5710 | lr: 1.00e-03 | Best_PSNR: 30.2024 in Epoch [15]
2022-07-19 01:51:27,930 INFO: Epoch: 18 | PSNR: 30.1993 | Loss: 5.5507 | lr: 1.00e-03 | Best_PSNR: 30.2024 in Epoch [15]
2022-07-19 01:52:58,037 INFO: Epoch: 19 | PSNR: 30.2095 | Loss: 5.5415 | lr: 1.00e-03 | Best_PSNR: 30.2095 in Epoch [19]
2022-07-19 01:54:32,347 INFO: Epoch: 20 | PSNR: 30.2106 | Loss: 5.5622 | lr: 1.00e-03 | Best_PSNR: 30.2106 in Epoch [20]
2022-07-19 01:56:08,614 INFO: Epoch: 21 | PSNR: 30.2076 | Loss: 5.5289 | lr: 1.00e-03 | Best_PSNR: 30.2106 in Epoch [20]
2022-07-19 01:57:38,213 INFO: Epoch: 22 | PSNR: 30.2039 | Loss: 5.5005 | lr: 1.00e-03 | Best_PSNR: 30.2106 in Epoch [20]
2022-07-19 01:59:04,516 INFO: Epoch: 23 | PSNR: 30.2095 | Loss: 5.5333 | lr: 1.00e-03 | Best_PSNR: 30.2106 in Epoch [20]
2022-07-19 02:00:42,283 INFO: Epoch: 24 | PSNR: 30.2041 | Loss: 5.5282 | lr: 1.00e-03 | Best_PSNR: 30.2106 in Epoch [20]
2022-07-19 02:02:03,307 INFO: Epoch: 25 | PSNR: 30.2101 | Loss: 5.5261 | lr: 1.00e-03 | Best_PSNR: 30.2106 in Epoch [20]
2022-07-19 02:03:31,877 INFO: Epoch: 26 | PSNR: 30.2093 | Loss: 5.5182 | lr: 1.00e-03 | Best_PSNR: 30.2106 in Epoch [20]
2022-07-19 02:04:56,955 INFO: Epoch: 27 | PSNR: 30.2087 | Loss: 5.5848 | lr: 1.00e-03 | Best_PSNR: 30.2106 in Epoch [20]
2022-07-19 02:06:20,442 INFO: Epoch: 28 | PSNR: 30.2086 | Loss: 5.5465 | lr: 1.00e-03 | Best_PSNR: 30.2106 in Epoch [20]
2022-07-19 02:07:39,937 INFO: Epoch: 29 | PSNR: 30.2100 | Loss: 5.5753 | lr: 1.00e-03 | Best_PSNR: 30.2106 in Epoch [20]
2022-07-19 02:09:20,012 INFO: Epoch: 30 | PSNR: 30.2076 | Loss: 5.5627 | lr: 1.00e-03 | Best_PSNR: 30.2106 in Epoch [20]
2022-07-19 02:10:44,978 INFO: Epoch: 31 | PSNR: 30.2056 | Loss: 5.5405 | lr: 1.00e-03 | Best_PSNR: 30.2106 in Epoch [20]
2022-07-19 02:12:10,306 INFO: Epoch: 32 | PSNR: 30.2075 | Loss: 5.5368 | lr: 1.00e-03 | Best_PSNR: 30.2106 in Epoch [20]
2022-07-19 02:13:38,934 INFO: Epoch: 33 | PSNR: 30.2140 | Loss: 5.4894 | lr: 1.00e-03 | Best_PSNR: 30.2140 in Epoch [33]
2022-07-19 02:15:21,819 INFO: Epoch: 34 | PSNR: 30.2067 | Loss: 5.5492 | lr: 1.00e-03 | Best_PSNR: 30.2140 in Epoch [33]
2022-07-19 02:16:59,649 INFO: Epoch: 35 | PSNR: 30.2089 | Loss: 5.5720 | lr: 1.00e-03 | Best_PSNR: 30.2140 in Epoch [33]
2022-07-19 02:18:39,461 INFO: Epoch: 36 | PSNR: 30.2120 | Loss: 5.5337 | lr: 1.00e-03 | Best_PSNR: 30.2140 in Epoch [33]
2022-07-19 02:19:54,508 INFO: Epoch: 37 | PSNR: 30.2124 | Loss: 5.5687 | lr: 1.00e-03 | Best_PSNR: 30.2140 in Epoch [33]
2022-07-19 02:21:26,143 INFO: Epoch: 38 | PSNR: 30.2136 | Loss: 5.5368 | lr: 1.00e-03 | Best_PSNR: 30.2140 in Epoch [33]
2022-07-19 02:22:46,493 INFO: Epoch: 39 | PSNR: 30.2068 | Loss: 5.5271 | lr: 1.00e-03 | Best_PSNR: 30.2140 in Epoch [33]
2022-07-19 02:24:13,247 INFO: Epoch: 40 | PSNR: 30.2079 | Loss: 5.4920 | lr: 1.00e-03 | Best_PSNR: 30.2140 in Epoch [33]
2022-07-19 02:25:36,023 INFO: Epoch: 41 | PSNR: 30.2123 | Loss: 5.5480 | lr: 1.00e-03 | Best_PSNR: 30.2140 in Epoch [33]
2022-07-19 02:27:04,616 INFO: Epoch: 42 | PSNR: 30.2110 | Loss: 5.5110 | lr: 1.00e-03 | Best_PSNR: 30.2140 in Epoch [33]
2022-07-19 02:28:28,342 INFO: Epoch: 43 | PSNR: 30.2100 | Loss: 5.5143 | lr: 1.00e-03 | Best_PSNR: 30.2140 in Epoch [33]
2022-07-19 02:29:47,595 INFO: Epoch: 44 | PSNR: 30.2061 | Loss: 5.5058 | lr: 1.00e-03 | Best_PSNR: 30.2140 in Epoch [33]
2022-07-19 02:31:16,525 INFO: Epoch: 45 | PSNR: 30.2097 | Loss: 5.5641 | lr: 1.00e-03 | Best_PSNR: 30.2140 in Epoch [33]
2022-07-19 02:32:59,087 INFO: Epoch: 46 | PSNR: 30.2122 | Loss: 5.5495 | lr: 1.00e-03 | Best_PSNR: 30.2140 in Epoch [33]
2022-07-19 02:34:18,497 INFO: Epoch: 47 | PSNR: 30.2122 | Loss: 5.5347 | lr: 1.00e-03 | Best_PSNR: 30.2140 in Epoch [33]
2022-07-19 02:35:55,402 INFO: Epoch: 48 | PSNR: 30.2174 | Loss: 5.5240 | lr: 1.00e-03 | Best_PSNR: 30.2174 in Epoch [48]
2022-07-19 02:37:22,327 INFO: Epoch: 49 | PSNR: 30.2194 | Loss: 5.5519 | lr: 1.00e-03 | Best_PSNR: 30.2194 in Epoch [49]
2022-07-19 02:38:56,945 INFO: Epoch: 50 | PSNR: 30.2173 | Loss: 5.5513 | lr: 1.00e-03 | Best_PSNR: 30.2194 in Epoch [49]
2022-07-19 02:40:30,078 INFO: Epoch: 51 | PSNR: 30.2198 | Loss: 5.5048 | lr: 5.00e-04 | Best_PSNR: 30.2198 in Epoch [51]
2022-07-19 02:42:12,671 INFO: Epoch: 52 | PSNR: 30.2296 | Loss: 5.5228 | lr: 5.00e-04 | Best_PSNR: 30.2296 in Epoch [52]
2022-07-19 02:43:38,943 INFO: Epoch: 53 | PSNR: 30.2283 | Loss: 5.5146 | lr: 5.00e-04 | Best_PSNR: 30.2296 in Epoch [52]
2022-07-19 02:45:20,828 INFO: Epoch: 54 | PSNR: 30.2272 | Loss: 5.5056 | lr: 5.00e-04 | Best_PSNR: 30.2296 in Epoch [52]
2022-07-19 02:46:54,740 INFO: Epoch: 55 | PSNR: 30.2219 | Loss: 5.5102 | lr: 5.00e-04 | Best_PSNR: 30.2296 in Epoch [52]
2022-07-19 02:48:25,970 INFO: Epoch: 56 | PSNR: 30.2297 | Loss: 5.4697 | lr: 5.00e-04 | Best_PSNR: 30.2297 in Epoch [56]
2022-07-19 02:49:58,816 INFO: Epoch: 57 | PSNR: 30.2291 | Loss: 5.5314 | lr: 5.00e-04 | Best_PSNR: 30.2297 in Epoch [56]
2022-07-19 02:51:35,489 INFO: Epoch: 58 | PSNR: 30.2335 | Loss: 5.5432 | lr: 5.00e-04 | Best_PSNR: 30.2335 in Epoch [58]
2022-07-19 02:53:20,586 INFO: Epoch: 59 | PSNR: 30.2336 | Loss: 5.5068 | lr: 5.00e-04 | Best_PSNR: 30.2336 in Epoch [59]
2022-07-19 02:54:58,812 INFO: Epoch: 60 | PSNR: 30.2330 | Loss: 5.5038 | lr: 5.00e-04 | Best_PSNR: 30.2336 in Epoch [59]
2022-07-19 02:56:42,063 INFO: Epoch: 61 | PSNR: 30.2338 | Loss: 5.5158 | lr: 5.00e-04 | Best_PSNR: 30.2338 in Epoch [61]
2022-07-19 02:58:24,118 INFO: Epoch: 62 | PSNR: 30.2348 | Loss: 5.5050 | lr: 5.00e-04 | Best_PSNR: 30.2348 in Epoch [62]
2022-07-19 02:59:47,756 INFO: Epoch: 63 | PSNR: 30.2350 | Loss: 5.5405 | lr: 5.00e-04 | Best_PSNR: 30.2350 in Epoch [63]
2022-07-19 03:01:15,723 INFO: Epoch: 64 | PSNR: 30.2358 | Loss: 5.5083 | lr: 5.00e-04 | Best_PSNR: 30.2358 in Epoch [64]
2022-07-19 03:02:22,083 INFO: Epoch: 65 | PSNR: 30.2340 | Loss: 5.5247 | lr: 5.00e-04 | Best_PSNR: 30.2358 in Epoch [64]
2022-07-19 03:03:28,817 INFO: Epoch: 66 | PSNR: 30.2447 | Loss: 5.4984 | lr: 5.00e-04 | Best_PSNR: 30.2447 in Epoch [66]
2022-07-19 03:04:32,836 INFO: Epoch: 67 | PSNR: 30.2347 | Loss: 5.4864 | lr: 5.00e-04 | Best_PSNR: 30.2447 in Epoch [66]
2022-07-19 03:05:44,155 INFO: Epoch: 68 | PSNR: 30.2373 | Loss: 5.4711 | lr: 5.00e-04 | Best_PSNR: 30.2447 in Epoch [66]
2022-07-19 03:06:52,612 INFO: Epoch: 69 | PSNR: 30.2377 | Loss: 5.5124 | lr: 5.00e-04 | Best_PSNR: 30.2447 in Epoch [66]
2022-07-19 03:08:05,183 INFO: Epoch: 70 | PSNR: 30.2387 | Loss: 5.5432 | lr: 5.00e-04 | Best_PSNR: 30.2447 in Epoch [66]
2022-07-19 03:09:12,937 INFO: Epoch: 71 | PSNR: 30.2384 | Loss: 5.4991 | lr: 5.00e-04 | Best_PSNR: 30.2447 in Epoch [66]
2022-07-19 03:10:19,633 INFO: Epoch: 72 | PSNR: 30.2438 | Loss: 5.5007 | lr: 5.00e-04 | Best_PSNR: 30.2447 in Epoch [66]
2022-07-19 03:11:26,641 INFO: Epoch: 73 | PSNR: 30.2481 | Loss: 5.5113 | lr: 5.00e-04 | Best_PSNR: 30.2481 in Epoch [73]
2022-07-19 03:12:29,767 INFO: Epoch: 74 | PSNR: 30.2425 | Loss: 5.4885 | lr: 5.00e-04 | Best_PSNR: 30.2481 in Epoch [73]
2022-07-19 03:13:34,991 INFO: Epoch: 75 | PSNR: 30.2392 | Loss: 5.4816 | lr: 5.00e-04 | Best_PSNR: 30.2481 in Epoch [73]
2022-07-19 03:14:40,145 INFO: Epoch: 76 | PSNR: 30.2404 | Loss: 5.4973 | lr: 5.00e-04 | Best_PSNR: 30.2481 in Epoch [73]
2022-07-19 03:15:47,119 INFO: Epoch: 77 | PSNR: 30.2443 | Loss: 5.4830 | lr: 5.00e-04 | Best_PSNR: 30.2481 in Epoch [73]
2022-07-19 03:17:03,251 INFO: Epoch: 78 | PSNR: 30.2476 | Loss: 5.5401 | lr: 5.00e-04 | Best_PSNR: 30.2481 in Epoch [73]
2022-07-19 03:18:19,903 INFO: Epoch: 79 | PSNR: 30.2433 | Loss: 5.4877 | lr: 5.00e-04 | Best_PSNR: 30.2481 in Epoch [73]
2022-07-19 03:19:25,930 INFO: Epoch: 80 | PSNR: 30.2383 | Loss: 5.4977 | lr: 5.00e-04 | Best_PSNR: 30.2481 in Epoch [73]
2022-07-19 03:20:32,026 INFO: Epoch: 81 | PSNR: 30.2467 | Loss: 5.5405 | lr: 5.00e-04 | Best_PSNR: 30.2481 in Epoch [73]
2022-07-19 03:21:42,194 INFO: Epoch: 82 | PSNR: 30.2480 | Loss: 5.5037 | lr: 5.00e-04 | Best_PSNR: 30.2481 in Epoch [73]
2022-07-19 03:22:58,086 INFO: Epoch: 83 | PSNR: 30.2467 | Loss: 5.4923 | lr: 5.00e-04 | Best_PSNR: 30.2481 in Epoch [73]
2022-07-19 03:24:11,405 INFO: Epoch: 84 | PSNR: 30.2364 | Loss: 5.5484 | lr: 5.00e-04 | Best_PSNR: 30.2481 in Epoch [73]
2022-07-19 03:25:33,019 INFO: Epoch: 85 | PSNR: 30.2415 | Loss: 5.5128 | lr: 5.00e-04 | Best_PSNR: 30.2481 in Epoch [73]
2022-07-19 03:26:44,007 INFO: Epoch: 86 | PSNR: 30.2464 | Loss: 5.5526 | lr: 5.00e-04 | Best_PSNR: 30.2481 in Epoch [73]
2022-07-19 03:27:56,005 INFO: Epoch: 87 | PSNR: 30.2429 | Loss: 5.4798 | lr: 5.00e-04 | Best_PSNR: 30.2481 in Epoch [73]
2022-07-19 03:29:00,693 INFO: Epoch: 88 | PSNR: 30.2454 | Loss: 5.5426 | lr: 5.00e-04 | Best_PSNR: 30.2481 in Epoch [73]
2022-07-19 03:30:13,069 INFO: Epoch: 89 | PSNR: 30.2453 | Loss: 5.4558 | lr: 5.00e-04 | Best_PSNR: 30.2481 in Epoch [73]
2022-07-19 03:31:22,546 INFO: Epoch: 90 | PSNR: 30.2492 | Loss: 5.4781 | lr: 5.00e-04 | Best_PSNR: 30.2492 in Epoch [90]
2022-07-19 03:32:33,731 INFO: Epoch: 91 | PSNR: 30.2471 | Loss: 5.4812 | lr: 5.00e-04 | Best_PSNR: 30.2492 in Epoch [90]
2022-07-19 03:33:43,282 INFO: Epoch: 92 | PSNR: 30.2422 | Loss: 5.5331 | lr: 5.00e-04 | Best_PSNR: 30.2492 in Epoch [90]
2022-07-19 03:34:50,126 INFO: Epoch: 93 | PSNR: 30.2503 | Loss: 5.5410 | lr: 5.00e-04 | Best_PSNR: 30.2503 in Epoch [93]
2022-07-19 03:35:54,459 INFO: Epoch: 94 | PSNR: 30.2382 | Loss: 5.5173 | lr: 5.00e-04 | Best_PSNR: 30.2503 in Epoch [93]
2022-07-19 03:36:56,754 INFO: Epoch: 95 | PSNR: 30.2403 | Loss: 5.5010 | lr: 5.00e-04 | Best_PSNR: 30.2503 in Epoch [93]
2022-07-19 03:38:03,186 INFO: Epoch: 96 | PSNR: 30.2494 | Loss: 5.5349 | lr: 5.00e-04 | Best_PSNR: 30.2503 in Epoch [93]
2022-07-19 03:39:07,470 INFO: Epoch: 97 | PSNR: 30.2505 | Loss: 5.5240 | lr: 5.00e-04 | Best_PSNR: 30.2505 in Epoch [97]
2022-07-19 03:40:12,815 INFO: Epoch: 98 | PSNR: 30.2419 | Loss: 5.5356 | lr: 5.00e-04 | Best_PSNR: 30.2505 in Epoch [97]
2022-07-19 03:41:14,476 INFO: Epoch: 99 | PSNR: 30.2457 | Loss: 5.5401 | lr: 5.00e-04 | Best_PSNR: 30.2505 in Epoch [97]
2022-07-19 03:42:18,769 INFO: Epoch: 100 | PSNR: 30.2432 | Loss: 5.4876 | lr: 5.00e-04 | Best_PSNR: 30.2505 in Epoch [97]
2022-07-19 03:43:21,274 INFO: Epoch: 101 | PSNR: 30.2547 | Loss: 5.5007 | lr: 2.50e-04 | Best_PSNR: 30.2547 in Epoch [101]
2022-07-19 03:44:26,588 INFO: Epoch: 102 | PSNR: 30.2534 | Loss: 5.4442 | lr: 2.50e-04 | Best_PSNR: 30.2547 in Epoch [101]
2022-07-19 03:45:28,311 INFO: Epoch: 103 | PSNR: 30.2521 | Loss: 5.4605 | lr: 2.50e-04 | Best_PSNR: 30.2547 in Epoch [101]
2022-07-19 03:46:38,062 INFO: Epoch: 104 | PSNR: 30.2570 | Loss: 5.4743 | lr: 2.50e-04 | Best_PSNR: 30.2570 in Epoch [104]
2022-07-19 03:47:40,320 INFO: Epoch: 105 | PSNR: 30.2526 | Loss: 5.4996 | lr: 2.50e-04 | Best_PSNR: 30.2570 in Epoch [104]
2022-07-19 03:48:51,023 INFO: Epoch: 106 | PSNR: 30.2539 | Loss: 5.4908 | lr: 2.50e-04 | Best_PSNR: 30.2570 in Epoch [104]
2022-07-19 03:49:52,708 INFO: Epoch: 107 | PSNR: 30.2586 | Loss: 5.4827 | lr: 2.50e-04 | Best_PSNR: 30.2586 in Epoch [107]
2022-07-19 03:51:01,198 INFO: Epoch: 108 | PSNR: 30.2600 | Loss: 5.4447 | lr: 2.50e-04 | Best_PSNR: 30.2600 in Epoch [108]
2022-07-19 03:52:02,144 INFO: Epoch: 109 | PSNR: 30.2540 | Loss: 5.4389 | lr: 2.50e-04 | Best_PSNR: 30.2600 in Epoch [108]
2022-07-19 03:53:09,052 INFO: Epoch: 110 | PSNR: 30.2475 | Loss: 5.4616 | lr: 2.50e-04 | Best_PSNR: 30.2600 in Epoch [108]
2022-07-19 03:54:12,810 INFO: Epoch: 111 | PSNR: 30.2543 | Loss: 5.4791 | lr: 2.50e-04 | Best_PSNR: 30.2600 in Epoch [108]
2022-07-19 03:55:19,146 INFO: Epoch: 112 | PSNR: 30.2576 | Loss: 5.4859 | lr: 2.50e-04 | Best_PSNR: 30.2600 in Epoch [108]
2022-07-19 03:56:25,647 INFO: Epoch: 113 | PSNR: 30.2600 | Loss: 5.5034 | lr: 2.50e-04 | Best_PSNR: 30.2600 in Epoch [113]
2022-07-19 03:57:27,998 INFO: Epoch: 114 | PSNR: 30.2581 | Loss: 5.4885 | lr: 2.50e-04 | Best_PSNR: 30.2600 in Epoch [113]
2022-07-19 03:58:34,890 INFO: Epoch: 115 | PSNR: 30.2574 | Loss: 5.4665 | lr: 2.50e-04 | Best_PSNR: 30.2600 in Epoch [113]
2022-07-19 03:59:35,032 INFO: Epoch: 116 | PSNR: 30.2559 | Loss: 5.4995 | lr: 2.50e-04 | Best_PSNR: 30.2600 in Epoch [113]
2022-07-19 04:00:42,487 INFO: Epoch: 117 | PSNR: 30.2554 | Loss: 5.4609 | lr: 2.50e-04 | Best_PSNR: 30.2600 in Epoch [113]
2022-07-19 04:01:45,963 INFO: Epoch: 118 | PSNR: 30.2597 | Loss: 5.4809 | lr: 2.50e-04 | Best_PSNR: 30.2600 in Epoch [113]
2022-07-19 04:02:58,714 INFO: Epoch: 119 | PSNR: 30.2565 | Loss: 5.5083 | lr: 2.50e-04 | Best_PSNR: 30.2600 in Epoch [113]
2022-07-19 04:04:02,429 INFO: Epoch: 120 | PSNR: 30.2587 | Loss: 5.5251 | lr: 2.50e-04 | Best_PSNR: 30.2600 in Epoch [113]
2022-07-19 04:05:10,739 INFO: Epoch: 121 | PSNR: 30.2592 | Loss: 5.5017 | lr: 2.50e-04 | Best_PSNR: 30.2600 in Epoch [113]
2022-07-19 04:06:16,028 INFO: Epoch: 122 | PSNR: 30.2586 | Loss: 5.4644 | lr: 2.50e-04 | Best_PSNR: 30.2600 in Epoch [113]
2022-07-19 04:07:18,810 INFO: Epoch: 123 | PSNR: 30.2563 | Loss: 5.4957 | lr: 2.50e-04 | Best_PSNR: 30.2600 in Epoch [113]
2022-07-19 04:08:26,066 INFO: Epoch: 124 | PSNR: 30.2586 | Loss: 5.5009 | lr: 2.50e-04 | Best_PSNR: 30.2600 in Epoch [113]
2022-07-19 04:09:32,421 INFO: Epoch: 125 | PSNR: 30.2588 | Loss: 5.4767 | lr: 2.50e-04 | Best_PSNR: 30.2600 in Epoch [113]
2022-07-19 04:10:43,726 INFO: Epoch: 126 | PSNR: 30.2541 | Loss: 5.5330 | lr: 2.50e-04 | Best_PSNR: 30.2600 in Epoch [113]
2022-07-19 04:11:47,354 INFO: Epoch: 127 | PSNR: 30.2597 | Loss: 5.4765 | lr: 2.50e-04 | Best_PSNR: 30.2600 in Epoch [113]
2022-07-19 04:12:53,290 INFO: Epoch: 128 | PSNR: 30.2582 | Loss: 5.4632 | lr: 2.50e-04 | Best_PSNR: 30.2600 in Epoch [113]
2022-07-19 04:13:54,329 INFO: Epoch: 129 | PSNR: 30.2557 | Loss: 5.4560 | lr: 2.50e-04 | Best_PSNR: 30.2600 in Epoch [113]
2022-07-19 04:15:05,216 INFO: Epoch: 130 | PSNR: 30.2567 | Loss: 5.4789 | lr: 2.50e-04 | Best_PSNR: 30.2600 in Epoch [113]
2022-07-19 04:16:10,640 INFO: Epoch: 131 | PSNR: 30.2606 | Loss: 5.5199 | lr: 2.50e-04 | Best_PSNR: 30.2606 in Epoch [131]
2022-07-19 04:17:21,202 INFO: Epoch: 132 | PSNR: 30.2583 | Loss: 5.4688 | lr: 2.50e-04 | Best_PSNR: 30.2606 in Epoch [131]
2022-07-19 04:18:27,293 INFO: Epoch: 133 | PSNR: 30.2567 | Loss: 5.4930 | lr: 2.50e-04 | Best_PSNR: 30.2606 in Epoch [131]
2022-07-19 04:19:34,022 INFO: Epoch: 134 | PSNR: 30.2600 | Loss: 5.5054 | lr: 2.50e-04 | Best_PSNR: 30.2606 in Epoch [131]
2022-07-19 04:20:38,832 INFO: Epoch: 135 | PSNR: 30.2606 | Loss: 5.4790 | lr: 2.50e-04 | Best_PSNR: 30.2606 in Epoch [135]
2022-07-19 04:21:46,767 INFO: Epoch: 136 | PSNR: 30.2586 | Loss: 5.4800 | lr: 2.50e-04 | Best_PSNR: 30.2606 in Epoch [135]
2022-07-19 04:22:56,926 INFO: Epoch: 137 | PSNR: 30.2586 | Loss: 5.4806 | lr: 2.50e-04 | Best_PSNR: 30.2606 in Epoch [135]
2022-07-19 04:24:03,788 INFO: Epoch: 138 | PSNR: 30.2551 | Loss: 5.4668 | lr: 2.50e-04 | Best_PSNR: 30.2606 in Epoch [135]
2022-07-19 04:25:16,137 INFO: Epoch: 139 | PSNR: 30.2542 | Loss: 5.5134 | lr: 2.50e-04 | Best_PSNR: 30.2606 in Epoch [135]
2022-07-19 04:26:21,923 INFO: Epoch: 140 | PSNR: 30.2564 | Loss: 5.4966 | lr: 2.50e-04 | Best_PSNR: 30.2606 in Epoch [135]
2022-07-19 04:27:36,168 INFO: Epoch: 141 | PSNR: 30.2590 | Loss: 5.5080 | lr: 2.50e-04 | Best_PSNR: 30.2606 in Epoch [135]
2022-07-19 04:28:46,102 INFO: Epoch: 142 | PSNR: 30.2602 | Loss: 5.4552 | lr: 2.50e-04 | Best_PSNR: 30.2606 in Epoch [135]
2022-07-19 04:29:56,251 INFO: Epoch: 143 | PSNR: 30.2585 | Loss: 5.4538 | lr: 2.50e-04 | Best_PSNR: 30.2606 in Epoch [135]
2022-07-19 04:31:01,796 INFO: Epoch: 144 | PSNR: 30.2543 | Loss: 5.5381 | lr: 2.50e-04 | Best_PSNR: 30.2606 in Epoch [135]
2022-07-19 04:32:11,981 INFO: Epoch: 145 | PSNR: 30.2510 | Loss: 5.5207 | lr: 2.50e-04 | Best_PSNR: 30.2606 in Epoch [135]
2022-07-19 04:33:14,946 INFO: Epoch: 146 | PSNR: 30.2586 | Loss: 5.4800 | lr: 2.50e-04 | Best_PSNR: 30.2606 in Epoch [135]
2022-07-19 04:34:22,042 INFO: Epoch: 147 | PSNR: 30.2612 | Loss: 5.5110 | lr: 2.50e-04 | Best_PSNR: 30.2612 in Epoch [147]
2022-07-19 04:35:35,237 INFO: Epoch: 148 | PSNR: 30.2561 | Loss: 5.4777 | lr: 2.50e-04 | Best_PSNR: 30.2612 in Epoch [147]
2022-07-19 04:36:42,610 INFO: Epoch: 149 | PSNR: 30.2624 | Loss: 5.4667 | lr: 2.50e-04 | Best_PSNR: 30.2624 in Epoch [149]
2022-07-19 04:37:55,245 INFO: Epoch: 150 | PSNR: 30.2594 | Loss: 5.5129 | lr: 2.50e-04 | Best_PSNR: 30.2624 in Epoch [149]
2022-07-19 04:38:57,082 INFO: Epoch: 151 | PSNR: 30.2616 | Loss: 5.5168 | lr: 1.25e-04 | Best_PSNR: 30.2624 in Epoch [149]
2022-07-19 04:40:05,358 INFO: Epoch: 152 | PSNR: 30.2638 | Loss: 5.5110 | lr: 1.25e-04 | Best_PSNR: 30.2638 in Epoch [152]
2022-07-19 04:41:11,590 INFO: Epoch: 153 | PSNR: 30.2644 | Loss: 5.4557 | lr: 1.25e-04 | Best_PSNR: 30.2644 in Epoch [153]
2022-07-19 04:42:17,245 INFO: Epoch: 154 | PSNR: 30.2646 | Loss: 5.4707 | lr: 1.25e-04 | Best_PSNR: 30.2646 in Epoch [154]
2022-07-19 04:43:23,775 INFO: Epoch: 155 | PSNR: 30.2643 | Loss: 5.4748 | lr: 1.25e-04 | Best_PSNR: 30.2646 in Epoch [154]
2022-07-19 04:44:29,549 INFO: Epoch: 156 | PSNR: 30.2615 | Loss: 5.4873 | lr: 1.25e-04 | Best_PSNR: 30.2646 in Epoch [154]
2022-07-19 04:45:41,576 INFO: Epoch: 157 | PSNR: 30.2647 | Loss: 5.4204 | lr: 1.25e-04 | Best_PSNR: 30.2647 in Epoch [157]
2022-07-19 04:46:47,317 INFO: Epoch: 158 | PSNR: 30.2659 | Loss: 5.4877 | lr: 1.25e-04 | Best_PSNR: 30.2659 in Epoch [158]
2022-07-19 04:48:04,195 INFO: Epoch: 159 | PSNR: 30.2665 | Loss: 5.4708 | lr: 1.25e-04 | Best_PSNR: 30.2665 in Epoch [159]
2022-07-19 04:49:26,718 INFO: Epoch: 160 | PSNR: 30.2666 | Loss: 5.4459 | lr: 1.25e-04 | Best_PSNR: 30.2666 in Epoch [160]
2022-07-19 04:50:33,377 INFO: Epoch: 161 | PSNR: 30.2627 | Loss: 5.4337 | lr: 1.25e-04 | Best_PSNR: 30.2666 in Epoch [160]
2022-07-19 04:51:39,657 INFO: Epoch: 162 | PSNR: 30.2641 | Loss: 5.4975 | lr: 1.25e-04 | Best_PSNR: 30.2666 in Epoch [160]
2022-07-19 04:52:45,156 INFO: Epoch: 163 | PSNR: 30.2640 | Loss: 5.4726 | lr: 1.25e-04 | Best_PSNR: 30.2666 in Epoch [160]
2022-07-19 04:53:53,628 INFO: Epoch: 164 | PSNR: 30.2642 | Loss: 5.4373 | lr: 1.25e-04 | Best_PSNR: 30.2666 in Epoch [160]
2022-07-19 04:54:57,430 INFO: Epoch: 165 | PSNR: 30.2646 | Loss: 5.4290 | lr: 1.25e-04 | Best_PSNR: 30.2666 in Epoch [160]
2022-07-19 04:55:47,925 INFO: Epoch: 166 | PSNR: 30.2679 | Loss: 5.4776 | lr: 1.25e-04 | Best_PSNR: 30.2679 in Epoch [166]
2022-07-19 04:56:38,658 INFO: Epoch: 167 | PSNR: 30.2669 | Loss: 5.4605 | lr: 1.25e-04 | Best_PSNR: 30.2679 in Epoch [166]
2022-07-19 04:57:28,753 INFO: Epoch: 168 | PSNR: 30.2654 | Loss: 5.4554 | lr: 1.25e-04 | Best_PSNR: 30.2679 in Epoch [166]
2022-07-19 04:58:19,186 INFO: Epoch: 169 | PSNR: 30.2638 | Loss: 5.4920 | lr: 1.25e-04 | Best_PSNR: 30.2679 in Epoch [166]
2022-07-19 04:59:09,283 INFO: Epoch: 170 | PSNR: 30.2606 | Loss: 5.4895 | lr: 1.25e-04 | Best_PSNR: 30.2679 in Epoch [166]
2022-07-19 04:59:59,040 INFO: Epoch: 171 | PSNR: 30.2639 | Loss: 5.4419 | lr: 1.25e-04 | Best_PSNR: 30.2679 in Epoch [166]
2022-07-19 05:00:48,621 INFO: Epoch: 172 | PSNR: 30.2650 | Loss: 5.4614 | lr: 1.25e-04 | Best_PSNR: 30.2679 in Epoch [166]
2022-07-19 05:01:38,773 INFO: Epoch: 173 | PSNR: 30.2629 | Loss: 5.4848 | lr: 1.25e-04 | Best_PSNR: 30.2679 in Epoch [166]
2022-07-19 05:02:28,459 INFO: Epoch: 174 | PSNR: 30.2630 | Loss: 5.4562 | lr: 1.25e-04 | Best_PSNR: 30.2679 in Epoch [166]
2022-07-19 05:03:19,138 INFO: Epoch: 175 | PSNR: 30.2649 | Loss: 5.4802 | lr: 1.25e-04 | Best_PSNR: 30.2679 in Epoch [166]
2022-07-19 05:04:10,154 INFO: Epoch: 176 | PSNR: 30.2661 | Loss: 5.5129 | lr: 1.25e-04 | Best_PSNR: 30.2679 in Epoch [166]
2022-07-19 05:05:00,368 INFO: Epoch: 177 | PSNR: 30.2656 | Loss: 5.4538 | lr: 1.25e-04 | Best_PSNR: 30.2679 in Epoch [166]
2022-07-19 05:05:49,944 INFO: Epoch: 178 | PSNR: 30.2651 | Loss: 5.4987 | lr: 1.25e-04 | Best_PSNR: 30.2679 in Epoch [166]
2022-07-19 05:06:42,453 INFO: Epoch: 179 | PSNR: 30.2663 | Loss: 5.4683 | lr: 1.25e-04 | Best_PSNR: 30.2679 in Epoch [166]
2022-07-19 05:07:33,556 INFO: Epoch: 180 | PSNR: 30.2644 | Loss: 5.4588 | lr: 1.25e-04 | Best_PSNR: 30.2679 in Epoch [166]
2022-07-19 05:08:25,172 INFO: Epoch: 181 | PSNR: 30.2663 | Loss: 5.4554 | lr: 1.25e-04 | Best_PSNR: 30.2679 in Epoch [166]
2022-07-19 05:09:15,796 INFO: Epoch: 182 | PSNR: 30.2652 | Loss: 5.4716 | lr: 1.25e-04 | Best_PSNR: 30.2679 in Epoch [166]
2022-07-19 05:10:06,262 INFO: Epoch: 183 | PSNR: 30.2669 | Loss: 5.5024 | lr: 1.25e-04 | Best_PSNR: 30.2679 in Epoch [166]
2022-07-19 05:10:56,706 INFO: Epoch: 184 | PSNR: 30.2663 | Loss: 5.4445 | lr: 1.25e-04 | Best_PSNR: 30.2679 in Epoch [166]
2022-07-19 05:11:46,671 INFO: Epoch: 185 | PSNR: 30.2608 | Loss: 5.4521 | lr: 1.25e-04 | Best_PSNR: 30.2679 in Epoch [166]
2022-07-19 05:12:36,921 INFO: Epoch: 186 | PSNR: 30.2603 | Loss: 5.4924 | lr: 1.25e-04 | Best_PSNR: 30.2679 in Epoch [166]
2022-07-19 05:13:26,859 INFO: Epoch: 187 | PSNR: 30.2635 | Loss: 5.4991 | lr: 1.25e-04 | Best_PSNR: 30.2679 in Epoch [166]
2022-07-19 05:14:16,744 INFO: Epoch: 188 | PSNR: 30.2596 | Loss: 5.4775 | lr: 1.25e-04 | Best_PSNR: 30.2679 in Epoch [166]
2022-07-19 05:15:06,185 INFO: Epoch: 189 | PSNR: 30.2629 | Loss: 5.4197 | lr: 1.25e-04 | Best_PSNR: 30.2679 in Epoch [166]
2022-07-19 05:15:57,026 INFO: Epoch: 190 | PSNR: 30.2642 | Loss: 5.4937 | lr: 1.25e-04 | Best_PSNR: 30.2679 in Epoch [166]
2022-07-19 05:16:50,370 INFO: Epoch: 191 | PSNR: 30.2680 | Loss: 5.4735 | lr: 1.25e-04 | Best_PSNR: 30.2680 in Epoch [191]
2022-07-19 05:17:42,654 INFO: Epoch: 192 | PSNR: 30.2666 | Loss: 5.4869 | lr: 1.25e-04 | Best_PSNR: 30.2680 in Epoch [191]
2022-07-19 05:18:33,677 INFO: Epoch: 193 | PSNR: 30.2622 | Loss: 5.5024 | lr: 1.25e-04 | Best_PSNR: 30.2680 in Epoch [191]
2022-07-19 05:19:24,781 INFO: Epoch: 194 | PSNR: 30.2651 | Loss: 5.4606 | lr: 1.25e-04 | Best_PSNR: 30.2680 in Epoch [191]
2022-07-19 05:20:15,231 INFO: Epoch: 195 | PSNR: 30.2647 | Loss: 5.4953 | lr: 1.25e-04 | Best_PSNR: 30.2680 in Epoch [191]
2022-07-19 05:21:07,319 INFO: Epoch: 196 | PSNR: 30.2623 | Loss: 5.4766 | lr: 1.25e-04 | Best_PSNR: 30.2680 in Epoch [191]
2022-07-19 05:21:59,860 INFO: Epoch: 197 | PSNR: 30.2667 | Loss: 5.4780 | lr: 1.25e-04 | Best_PSNR: 30.2680 in Epoch [191]
2022-07-19 05:22:51,689 INFO: Epoch: 198 | PSNR: 30.2629 | Loss: 5.4764 | lr: 1.25e-04 | Best_PSNR: 30.2680 in Epoch [191]
2022-07-19 05:23:46,787 INFO: Epoch: 199 | PSNR: 30.2625 | Loss: 5.5269 | lr: 1.25e-04 | Best_PSNR: 30.2680 in Epoch [191]
2022-07-19 05:24:41,839 INFO: Epoch: 200 | PSNR: 30.2656 | Loss: 5.4687 | lr: 1.25e-04 | Best_PSNR: 30.2680 in Epoch [191]
2022-07-19 05:25:32,657 INFO: Epoch: 201 | PSNR: 30.2684 | Loss: 5.4941 | lr: 6.25e-05 | Best_PSNR: 30.2684 in Epoch [201]
2022-07-19 05:26:23,020 INFO: Epoch: 202 | PSNR: 30.2664 | Loss: 5.4785 | lr: 6.25e-05 | Best_PSNR: 30.2684 in Epoch [201]
2022-07-19 05:27:14,894 INFO: Epoch: 203 | PSNR: 30.2688 | Loss: 5.4677 | lr: 6.25e-05 | Best_PSNR: 30.2688 in Epoch [203]
2022-07-19 05:28:06,849 INFO: Epoch: 204 | PSNR: 30.2669 | Loss: 5.4981 | lr: 6.25e-05 | Best_PSNR: 30.2688 in Epoch [203]
2022-07-19 05:28:59,082 INFO: Epoch: 205 | PSNR: 30.2688 | Loss: 5.4513 | lr: 6.25e-05 | Best_PSNR: 30.2688 in Epoch [205]
2022-07-19 05:29:50,946 INFO: Epoch: 206 | PSNR: 30.2698 | Loss: 5.4990 | lr: 6.25e-05 | Best_PSNR: 30.2698 in Epoch [206]
2022-07-19 05:30:42,339 INFO: Epoch: 207 | PSNR: 30.2669 | Loss: 5.4814 | lr: 6.25e-05 | Best_PSNR: 30.2698 in Epoch [206]
2022-07-19 05:31:33,247 INFO: Epoch: 208 | PSNR: 30.2640 | Loss: 5.4222 | lr: 6.25e-05 | Best_PSNR: 30.2698 in Epoch [206]
2022-07-19 05:32:22,509 INFO: Epoch: 209 | PSNR: 30.2672 | Loss: 5.4393 | lr: 6.25e-05 | Best_PSNR: 30.2698 in Epoch [206]
2022-07-19 05:33:17,405 INFO: Epoch: 210 | PSNR: 30.2703 | Loss: 5.5077 | lr: 6.25e-05 | Best_PSNR: 30.2703 in Epoch [210]
2022-07-19 05:34:16,505 INFO: Epoch: 211 | PSNR: 30.2675 | Loss: 5.4401 | lr: 6.25e-05 | Best_PSNR: 30.2703 in Epoch [210]
2022-07-19 05:35:12,538 INFO: Epoch: 212 | PSNR: 30.2643 | Loss: 5.4178 | lr: 6.25e-05 | Best_PSNR: 30.2703 in Epoch [210]
2022-07-19 05:36:06,638 INFO: Epoch: 213 | PSNR: 30.2691 | Loss: 5.4836 | lr: 6.25e-05 | Best_PSNR: 30.2703 in Epoch [210]
2022-07-19 05:37:09,544 INFO: Epoch: 214 | PSNR: 30.2710 | Loss: 5.4982 | lr: 6.25e-05 | Best_PSNR: 30.2710 in Epoch [214]
2022-07-19 05:38:07,161 INFO: Epoch: 215 | PSNR: 30.2678 | Loss: 5.4766 | lr: 6.25e-05 | Best_PSNR: 30.2710 in Epoch [214]
2022-07-19 05:39:04,301 INFO: Epoch: 216 | PSNR: 30.2698 | Loss: 5.4909 | lr: 6.25e-05 | Best_PSNR: 30.2710 in Epoch [214]
2022-07-19 05:40:05,983 INFO: Epoch: 217 | PSNR: 30.2671 | Loss: 5.4898 | lr: 6.25e-05 | Best_PSNR: 30.2710 in Epoch [214]
2022-07-19 05:40:59,017 INFO: Epoch: 218 | PSNR: 30.2705 | Loss: 5.4101 | lr: 6.25e-05 | Best_PSNR: 30.2710 in Epoch [214]
2022-07-19 05:41:49,854 INFO: Epoch: 219 | PSNR: 30.2698 | Loss: 5.4841 | lr: 6.25e-05 | Best_PSNR: 30.2710 in Epoch [214]
2022-07-19 05:42:42,738 INFO: Epoch: 220 | PSNR: 30.2672 | Loss: 5.4383 | lr: 6.25e-05 | Best_PSNR: 30.2710 in Epoch [214]
2022-07-19 05:43:45,609 INFO: Epoch: 221 | PSNR: 30.2688 | Loss: 5.4788 | lr: 6.25e-05 | Best_PSNR: 30.2710 in Epoch [214]
2022-07-19 05:44:41,909 INFO: Epoch: 222 | PSNR: 30.2719 | Loss: 5.4309 | lr: 6.25e-05 | Best_PSNR: 30.2719 in Epoch [222]
2022-07-19 05:45:34,413 INFO: Epoch: 223 | PSNR: 30.2709 | Loss: 5.5049 | lr: 6.25e-05 | Best_PSNR: 30.2719 in Epoch [222]
2022-07-19 05:46:26,569 INFO: Epoch: 224 | PSNR: 30.2711 | Loss: 5.4993 | lr: 6.25e-05 | Best_PSNR: 30.2719 in Epoch [222]
2022-07-19 05:47:19,400 INFO: Epoch: 225 | PSNR: 30.2675 | Loss: 5.4621 | lr: 6.25e-05 | Best_PSNR: 30.2719 in Epoch [222]
2022-07-19 05:48:18,698 INFO: Epoch: 226 | PSNR: 30.2667 | Loss: 5.4776 | lr: 6.25e-05 | Best_PSNR: 30.2719 in Epoch [222]
2022-07-19 05:49:35,841 INFO: Epoch: 227 | PSNR: 30.2704 | Loss: 5.4387 | lr: 6.25e-05 | Best_PSNR: 30.2719 in Epoch [222]
2022-07-19 05:50:34,075 INFO: Epoch: 228 | PSNR: 30.2688 | Loss: 5.4786 | lr: 6.25e-05 | Best_PSNR: 30.2719 in Epoch [222]
2022-07-19 05:51:25,590 INFO: Epoch: 229 | PSNR: 30.2701 | Loss: 5.4623 | lr: 6.25e-05 | Best_PSNR: 30.2719 in Epoch [222]
2022-07-19 05:52:16,526 INFO: Epoch: 230 | PSNR: 30.2679 | Loss: 5.4800 | lr: 6.25e-05 | Best_PSNR: 30.2719 in Epoch [222]
2022-07-19 05:53:09,134 INFO: Epoch: 231 | PSNR: 30.2676 | Loss: 5.4704 | lr: 6.25e-05 | Best_PSNR: 30.2719 in Epoch [222]
2022-07-19 05:54:16,435 INFO: Epoch: 232 | PSNR: 30.2704 | Loss: 5.4761 | lr: 6.25e-05 | Best_PSNR: 30.2719 in Epoch [222]
2022-07-19 05:55:10,778 INFO: Epoch: 233 | PSNR: 30.2683 | Loss: 5.4760 | lr: 6.25e-05 | Best_PSNR: 30.2719 in Epoch [222]
2022-07-19 05:56:12,580 INFO: Epoch: 234 | PSNR: 30.2694 | Loss: 5.5272 | lr: 6.25e-05 | Best_PSNR: 30.2719 in Epoch [222]
2022-07-19 05:57:04,520 INFO: Epoch: 235 | PSNR: 30.2711 | Loss: 5.4237 | lr: 6.25e-05 | Best_PSNR: 30.2719 in Epoch [222]
2022-07-19 05:57:58,384 INFO: Epoch: 236 | PSNR: 30.2706 | Loss: 5.4749 | lr: 6.25e-05 | Best_PSNR: 30.2719 in Epoch [222]
2022-07-19 05:58:50,873 INFO: Epoch: 237 | PSNR: 30.2708 | Loss: 5.4920 | lr: 6.25e-05 | Best_PSNR: 30.2719 in Epoch [222]
2022-07-19 05:59:43,573 INFO: Epoch: 238 | PSNR: 30.2640 | Loss: 5.4816 | lr: 6.25e-05 | Best_PSNR: 30.2719 in Epoch [222]
2022-07-19 06:00:35,891 INFO: Epoch: 239 | PSNR: 30.2699 | Loss: 5.4666 | lr: 6.25e-05 | Best_PSNR: 30.2719 in Epoch [222]
2022-07-19 06:01:27,720 INFO: Epoch: 240 | PSNR: 30.2679 | Loss: 5.4922 | lr: 6.25e-05 | Best_PSNR: 30.2719 in Epoch [222]
2022-07-19 06:02:20,205 INFO: Epoch: 241 | PSNR: 30.2692 | Loss: 5.5243 | lr: 6.25e-05 | Best_PSNR: 30.2719 in Epoch [222]
2022-07-19 06:03:12,712 INFO: Epoch: 242 | PSNR: 30.2666 | Loss: 5.4605 | lr: 6.25e-05 | Best_PSNR: 30.2719 in Epoch [222]
2022-07-19 06:04:04,522 INFO: Epoch: 243 | PSNR: 30.2699 | Loss: 5.5092 | lr: 6.25e-05 | Best_PSNR: 30.2719 in Epoch [222]
2022-07-19 06:04:54,875 INFO: Epoch: 244 | PSNR: 30.2712 | Loss: 5.3995 | lr: 6.25e-05 | Best_PSNR: 30.2719 in Epoch [222]
2022-07-19 06:05:46,256 INFO: Epoch: 245 | PSNR: 30.2690 | Loss: 5.4803 | lr: 6.25e-05 | Best_PSNR: 30.2719 in Epoch [222]
2022-07-19 06:06:37,658 INFO: Epoch: 246 | PSNR: 30.2674 | Loss: 5.4953 | lr: 6.25e-05 | Best_PSNR: 30.2719 in Epoch [222]
2022-07-19 06:07:29,436 INFO: Epoch: 247 | PSNR: 30.2734 | Loss: 5.4741 | lr: 6.25e-05 | Best_PSNR: 30.2734 in Epoch [247]
2022-07-19 06:08:20,533 INFO: Epoch: 248 | PSNR: 30.2711 | Loss: 5.4406 | lr: 6.25e-05 | Best_PSNR: 30.2734 in Epoch [247]
2022-07-19 06:09:10,401 INFO: Epoch: 249 | PSNR: 30.2715 | Loss: 5.4849 | lr: 6.25e-05 | Best_PSNR: 30.2734 in Epoch [247]
2022-07-19 06:10:01,228 INFO: Epoch: 250 | PSNR: 30.2701 | Loss: 5.4583 | lr: 6.25e-05 | Best_PSNR: 30.2734 in Epoch [247]
2022-07-19 06:10:52,221 INFO: Epoch: 251 | PSNR: 30.2711 | Loss: 5.4757 | lr: 3.13e-05 | Best_PSNR: 30.2734 in Epoch [247]
2022-07-19 06:11:44,363 INFO: Epoch: 252 | PSNR: 30.2719 | Loss: 5.4316 | lr: 3.13e-05 | Best_PSNR: 30.2734 in Epoch [247]
2022-07-19 06:12:36,255 INFO: Epoch: 253 | PSNR: 30.2734 | Loss: 5.4732 | lr: 3.13e-05 | Best_PSNR: 30.2734 in Epoch [253]
2022-07-19 06:13:30,277 INFO: Epoch: 254 | PSNR: 30.2740 | Loss: 5.4229 | lr: 3.13e-05 | Best_PSNR: 30.2740 in Epoch [254]
2022-07-19 06:14:22,845 INFO: Epoch: 255 | PSNR: 30.2716 | Loss: 5.5133 | lr: 3.13e-05 | Best_PSNR: 30.2740 in Epoch [254]
2022-07-19 06:15:14,171 INFO: Epoch: 256 | PSNR: 30.2729 | Loss: 5.4869 | lr: 3.13e-05 | Best_PSNR: 30.2740 in Epoch [254]
2022-07-19 06:16:05,757 INFO: Epoch: 257 | PSNR: 30.2723 | Loss: 5.4696 | lr: 3.13e-05 | Best_PSNR: 30.2740 in Epoch [254]
2022-07-19 06:16:56,699 INFO: Epoch: 258 | PSNR: 30.2711 | Loss: 5.4788 | lr: 3.13e-05 | Best_PSNR: 30.2740 in Epoch [254]
2022-07-19 06:17:46,462 INFO: Epoch: 259 | PSNR: 30.2713 | Loss: 5.4297 | lr: 3.13e-05 | Best_PSNR: 30.2740 in Epoch [254]
2022-07-19 06:18:36,639 INFO: Epoch: 260 | PSNR: 30.2698 | Loss: 5.4382 | lr: 3.13e-05 | Best_PSNR: 30.2740 in Epoch [254]
2022-07-19 06:19:30,134 INFO: Epoch: 261 | PSNR: 30.2695 | Loss: 5.4415 | lr: 3.13e-05 | Best_PSNR: 30.2740 in Epoch [254]
2022-07-19 06:20:21,530 INFO: Epoch: 262 | PSNR: 30.2694 | Loss: 5.4485 | lr: 3.13e-05 | Best_PSNR: 30.2740 in Epoch [254]
2022-07-19 06:21:13,651 INFO: Epoch: 263 | PSNR: 30.2696 | Loss: 5.4271 | lr: 3.13e-05 | Best_PSNR: 30.2740 in Epoch [254]
2022-07-19 06:22:04,103 INFO: Epoch: 264 | PSNR: 30.2735 | Loss: 5.4988 | lr: 3.13e-05 | Best_PSNR: 30.2740 in Epoch [254]
2022-07-19 06:22:58,795 INFO: Epoch: 265 | PSNR: 30.2763 | Loss: 5.4315 | lr: 3.13e-05 | Best_PSNR: 30.2763 in Epoch [265]
2022-07-19 06:23:48,578 INFO: Epoch: 266 | PSNR: 30.2747 | Loss: 5.4599 | lr: 3.13e-05 | Best_PSNR: 30.2763 in Epoch [265]
2022-07-19 06:24:39,757 INFO: Epoch: 267 | PSNR: 30.2685 | Loss: 5.4611 | lr: 3.13e-05 | Best_PSNR: 30.2763 in Epoch [265]
2022-07-19 06:25:31,607 INFO: Epoch: 268 | PSNR: 30.2738 | Loss: 5.4637 | lr: 3.13e-05 | Best_PSNR: 30.2763 in Epoch [265]
2022-07-19 06:26:23,850 INFO: Epoch: 269 | PSNR: 30.2717 | Loss: 5.4541 | lr: 3.13e-05 | Best_PSNR: 30.2763 in Epoch [265]
2022-07-19 06:27:15,889 INFO: Epoch: 270 | PSNR: 30.2719 | Loss: 5.4516 | lr: 3.13e-05 | Best_PSNR: 30.2763 in Epoch [265]
2022-07-19 06:28:07,162 INFO: Epoch: 271 | PSNR: 30.2726 | Loss: 5.4608 | lr: 3.13e-05 | Best_PSNR: 30.2763 in Epoch [265]
2022-07-19 06:28:57,197 INFO: Epoch: 272 | PSNR: 30.2701 | Loss: 5.4934 | lr: 3.13e-05 | Best_PSNR: 30.2763 in Epoch [265]
2022-07-19 06:29:47,335 INFO: Epoch: 273 | PSNR: 30.2727 | Loss: 5.5128 | lr: 3.13e-05 | Best_PSNR: 30.2763 in Epoch [265]
2022-07-19 06:30:38,319 INFO: Epoch: 274 | PSNR: 30.2743 | Loss: 5.4602 | lr: 3.13e-05 | Best_PSNR: 30.2763 in Epoch [265]
2022-07-19 06:31:30,514 INFO: Epoch: 275 | PSNR: 30.2694 | Loss: 5.4661 | lr: 3.13e-05 | Best_PSNR: 30.2763 in Epoch [265]
2022-07-19 06:32:22,484 INFO: Epoch: 276 | PSNR: 30.2717 | Loss: 5.4316 | lr: 3.13e-05 | Best_PSNR: 30.2763 in Epoch [265]
2022-07-19 06:33:19,061 INFO: Epoch: 277 | PSNR: 30.2694 | Loss: 5.4787 | lr: 3.13e-05 | Best_PSNR: 30.2763 in Epoch [265]
2022-07-19 06:34:13,105 INFO: Epoch: 278 | PSNR: 30.2706 | Loss: 5.4304 | lr: 3.13e-05 | Best_PSNR: 30.2763 in Epoch [265]
2022-07-19 06:35:05,168 INFO: Epoch: 279 | PSNR: 30.2657 | Loss: 5.4998 | lr: 3.13e-05 | Best_PSNR: 30.2763 in Epoch [265]
2022-07-19 06:35:57,190 INFO: Epoch: 280 | PSNR: 30.2719 | Loss: 5.4537 | lr: 3.13e-05 | Best_PSNR: 30.2763 in Epoch [265]
2022-07-19 06:36:50,011 INFO: Epoch: 281 | PSNR: 30.2700 | Loss: 5.4624 | lr: 3.13e-05 | Best_PSNR: 30.2763 in Epoch [265]
2022-07-19 06:37:42,813 INFO: Epoch: 282 | PSNR: 30.2705 | Loss: 5.4565 | lr: 3.13e-05 | Best_PSNR: 30.2763 in Epoch [265]
2022-07-19 06:38:39,032 INFO: Epoch: 283 | PSNR: 30.2724 | Loss: 5.4790 | lr: 3.13e-05 | Best_PSNR: 30.2763 in Epoch [265]
2022-07-19 06:39:29,174 INFO: Epoch: 284 | PSNR: 30.2688 | Loss: 5.4421 | lr: 3.13e-05 | Best_PSNR: 30.2763 in Epoch [265]
2022-07-19 06:40:19,359 INFO: Epoch: 285 | PSNR: 30.2682 | Loss: 5.4789 | lr: 3.13e-05 | Best_PSNR: 30.2763 in Epoch [265]
2022-07-19 06:41:10,954 INFO: Epoch: 286 | PSNR: 30.2690 | Loss: 5.4684 | lr: 3.13e-05 | Best_PSNR: 30.2763 in Epoch [265]
2022-07-19 06:42:01,730 INFO: Epoch: 287 | PSNR: 30.2733 | Loss: 5.4842 | lr: 3.13e-05 | Best_PSNR: 30.2763 in Epoch [265]
2022-07-19 06:42:54,577 INFO: Epoch: 288 | PSNR: 30.2718 | Loss: 5.4605 | lr: 3.13e-05 | Best_PSNR: 30.2763 in Epoch [265]
2022-07-19 06:43:45,735 INFO: Epoch: 289 | PSNR: 30.2706 | Loss: 5.4215 | lr: 3.13e-05 | Best_PSNR: 30.2763 in Epoch [265]
2022-07-19 06:44:36,470 INFO: Epoch: 290 | PSNR: 30.2727 | Loss: 5.4701 | lr: 3.13e-05 | Best_PSNR: 30.2763 in Epoch [265]
2022-07-19 06:45:27,531 INFO: Epoch: 291 | PSNR: 30.2699 | Loss: 5.4828 | lr: 3.13e-05 | Best_PSNR: 30.2763 in Epoch [265]
2022-07-19 06:46:19,511 INFO: Epoch: 292 | PSNR: 30.2708 | Loss: 5.4520 | lr: 3.13e-05 | Best_PSNR: 30.2763 in Epoch [265]
2022-07-19 06:47:11,725 INFO: Epoch: 293 | PSNR: 30.2696 | Loss: 5.4413 | lr: 3.13e-05 | Best_PSNR: 30.2763 in Epoch [265]
2022-07-19 06:48:04,512 INFO: Epoch: 294 | PSNR: 30.2668 | Loss: 5.5017 | lr: 3.13e-05 | Best_PSNR: 30.2763 in Epoch [265]
2022-07-19 06:48:55,710 INFO: Epoch: 295 | PSNR: 30.2706 | Loss: 5.4749 | lr: 3.13e-05 | Best_PSNR: 30.2763 in Epoch [265]
2022-07-19 06:49:46,486 INFO: Epoch: 296 | PSNR: 30.2719 | Loss: 5.4496 | lr: 3.13e-05 | Best_PSNR: 30.2763 in Epoch [265]
2022-07-19 06:50:43,969 INFO: Epoch: 297 | PSNR: 30.2726 | Loss: 5.4630 | lr: 3.13e-05 | Best_PSNR: 30.2763 in Epoch [265]
2022-07-19 06:51:39,392 INFO: Epoch: 298 | PSNR: 30.2683 | Loss: 5.5103 | lr: 3.13e-05 | Best_PSNR: 30.2763 in Epoch [265]
2022-07-19 06:52:42,456 INFO: Epoch: 299 | PSNR: 30.2689 | Loss: 5.4334 | lr: 3.13e-05 | Best_PSNR: 30.2763 in Epoch [265]
2022-07-19 06:53:41,049 INFO: Epoch: 300 | PSNR: 30.2709 | Loss: 5.4894 | lr: 3.13e-05 | Best_PSNR: 30.2763 in Epoch [265]
2022-07-19 06:54:41,205 INFO: Epoch: 301 | PSNR: 30.2714 | Loss: 5.4828 | lr: 1.56e-05 | Best_PSNR: 30.2763 in Epoch [265]
2022-07-19 06:56:01,967 INFO: Epoch: 302 | PSNR: 30.2724 | Loss: 5.4484 | lr: 1.56e-05 | Best_PSNR: 30.2763 in Epoch [265]
2022-07-19 06:56:55,542 INFO: Epoch: 303 | PSNR: 30.2767 | Loss: 5.4868 | lr: 1.56e-05 | Best_PSNR: 30.2767 in Epoch [303]
2022-07-19 06:57:47,365 INFO: Epoch: 304 | PSNR: 30.2745 | Loss: 5.4359 | lr: 1.56e-05 | Best_PSNR: 30.2767 in Epoch [303]
2022-07-19 06:58:38,922 INFO: Epoch: 305 | PSNR: 30.2723 | Loss: 5.4498 | lr: 1.56e-05 | Best_PSNR: 30.2767 in Epoch [303]
2022-07-19 06:59:30,182 INFO: Epoch: 306 | PSNR: 30.2760 | Loss: 5.5317 | lr: 1.56e-05 | Best_PSNR: 30.2767 in Epoch [303]
2022-07-19 07:00:20,873 INFO: Epoch: 307 | PSNR: 30.2738 | Loss: 5.5028 | lr: 1.56e-05 | Best_PSNR: 30.2767 in Epoch [303]
2022-07-19 07:01:11,620 INFO: Epoch: 308 | PSNR: 30.2718 | Loss: 5.4613 | lr: 1.56e-05 | Best_PSNR: 30.2767 in Epoch [303]
2022-07-19 07:02:02,714 INFO: Epoch: 309 | PSNR: 30.2752 | Loss: 5.4503 | lr: 1.56e-05 | Best_PSNR: 30.2767 in Epoch [303]
2022-07-19 07:02:53,833 INFO: Epoch: 310 | PSNR: 30.2695 | Loss: 5.4769 | lr: 1.56e-05 | Best_PSNR: 30.2767 in Epoch [303]
2022-07-19 07:03:44,623 INFO: Epoch: 311 | PSNR: 30.2764 | Loss: 5.4537 | lr: 1.56e-05 | Best_PSNR: 30.2767 in Epoch [303]
2022-07-19 07:04:35,591 INFO: Epoch: 312 | PSNR: 30.2752 | Loss: 5.4756 | lr: 1.56e-05 | Best_PSNR: 30.2767 in Epoch [303]
2022-07-19 07:05:25,556 INFO: Epoch: 313 | PSNR: 30.2696 | Loss: 5.4371 | lr: 1.56e-05 | Best_PSNR: 30.2767 in Epoch [303]
2022-07-19 07:06:16,801 INFO: Epoch: 314 | PSNR: 30.2740 | Loss: 5.4924 | lr: 1.56e-05 | Best_PSNR: 30.2767 in Epoch [303]
2022-07-19 07:07:07,277 INFO: Epoch: 315 | PSNR: 30.2675 | Loss: 5.4742 | lr: 1.56e-05 | Best_PSNR: 30.2767 in Epoch [303]
2022-07-19 07:07:58,253 INFO: Epoch: 316 | PSNR: 30.2687 | Loss: 5.4128 | lr: 1.56e-05 | Best_PSNR: 30.2767 in Epoch [303]
2022-07-19 07:08:47,716 INFO: Epoch: 317 | PSNR: 30.2694 | Loss: 5.4275 | lr: 1.56e-05 | Best_PSNR: 30.2767 in Epoch [303]
2022-07-19 07:09:38,295 INFO: Epoch: 318 | PSNR: 30.2722 | Loss: 5.4263 | lr: 1.56e-05 | Best_PSNR: 30.2767 in Epoch [303]
2022-07-19 07:10:29,323 INFO: Epoch: 319 | PSNR: 30.2695 | Loss: 5.4687 | lr: 1.56e-05 | Best_PSNR: 30.2767 in Epoch [303]
2022-07-19 07:11:20,294 INFO: Epoch: 320 | PSNR: 30.2702 | Loss: 5.4621 | lr: 1.56e-05 | Best_PSNR: 30.2767 in Epoch [303]
