2022-07-19 16:18:54,277 INFO: Create train dataset successfully!
2022-07-19 16:18:54,277 INFO: Training: [1000] iterations for each epoch
2022-07-19 16:18:54,277 INFO: Create val dataset successfully!
2022-07-19 16:18:54,277 INFO: Validating: [100] iterations for each epoch
2022-07-19 16:18:54,277 INFO: Preparing for experiment: [trial12_qat]
2022-07-19 16:18:54,277 INFO: Loading pretrained model ...
2022-07-19 16:18:55,130 INFO: Start copying weights and annotate Lambda layer...
2022-07-19 16:18:55,199 INFO: Start annotating other parts of model...
2022-07-19 16:18:55,226 INFO: Creating quantize-aware model...
2022-07-19 16:18:56,763 INFO: Create model successfully! Params: [30.43]K
2022-07-19 16:18:56,764 INFO: Model: "model"
2022-07-19 16:18:56,764 INFO: __________________________________________________________________________________________________
2022-07-19 16:18:56,764 INFO: Layer (type)                    Output Shape         Param #     Connected to                     
2022-07-19 16:18:56,764 INFO: ==================================================================================================
2022-07-19 16:18:56,764 INFO: input_1 (InputLayer)            [(None, None, None,  0                                            
2022-07-19 16:18:56,764 INFO: __________________________________________________________________________________________________
2022-07-19 16:18:56,764 INFO: quantize_layer (QuantizeLayer)  (None, None, None, 3 3           input_1[0][0]                    
2022-07-19 16:18:56,764 INFO: __________________________________________________________________________________________________
2022-07-19 16:18:56,764 INFO: quant_conv2d (QuantizeWrapperV2 (None, None, None, 3 963         quantize_layer[1][0]             
2022-07-19 16:18:56,764 INFO: __________________________________________________________________________________________________
2022-07-19 16:18:56,764 INFO: quant_conv2d_1 (QuantizeWrapper (None, None, None, 3 9315        quant_conv2d[0][0]               
2022-07-19 16:18:56,764 INFO: __________________________________________________________________________________________________
2022-07-19 16:18:56,765 INFO: quant_conv2d_2 (QuantizeWrapper (None, None, None, 3 1123        quant_conv2d_1[0][0]             
2022-07-19 16:18:56,765 INFO: __________________________________________________________________________________________________
2022-07-19 16:18:56,765 INFO: quant_conv2d_3 (QuantizeWrapper (None, None, None, 3 9315        quant_conv2d_2[0][0]             
2022-07-19 16:18:56,765 INFO: __________________________________________________________________________________________________
2022-07-19 16:18:56,765 INFO: quant_conv2d_4 (QuantizeWrapper (None, None, None, 3 1123        quant_conv2d_3[0][0]             
2022-07-19 16:18:56,765 INFO: __________________________________________________________________________________________________
2022-07-19 16:18:56,765 INFO: quant_concatenate (QuantizeWrap (None, None, None, 3 3           quant_conv2d_4[0][0]             
2022-07-19 16:18:56,765 INFO:                                                                  quantize_layer[1][0]             
2022-07-19 16:18:56,765 INFO: __________________________________________________________________________________________________
2022-07-19 16:18:56,765 INFO: quant_conv2d_5 (QuantizeWrapper (None, None, None, 2 8589        quant_concatenate[0][0]          
2022-07-19 16:18:56,765 INFO: __________________________________________________________________________________________________
2022-07-19 16:18:56,765 INFO: quant_lambda (QuantizeWrapperV2 (None, None, None, 3 1           quant_conv2d_5[0][0]             
2022-07-19 16:18:56,765 INFO: ==================================================================================================
2022-07-19 16:18:56,766 INFO: Total params: 30,435
2022-07-19 16:18:56,766 INFO: Trainable params: 30,036
2022-07-19 16:18:56,766 INFO: Non-trainable params: 399
2022-07-19 16:18:56,766 INFO: __________________________________________________________________________________________________
2022-07-19 16:18:57,055 INFO: Start training...
2022-07-19 16:19:58,648 INFO: Epoch: 1 | PSNR: 14.6699 | Loss: 74.4454 | lr: 1.00e-03 | Best_PSNR: 14.6699 in Epoch [1]
2022-07-19 16:21:14,499 INFO: Epoch: 2 | PSNR: 27.6852 | Loss: 16.3352 | lr: 1.00e-03 | Best_PSNR: 27.6852 in Epoch [2]
2022-07-19 16:22:06,612 INFO: Epoch: 3 | PSNR: 29.2898 | Loss: 6.1277 | lr: 1.00e-03 | Best_PSNR: 29.2898 in Epoch [3]
2022-07-19 16:22:58,903 INFO: Epoch: 4 | PSNR: 29.3394 | Loss: 5.7656 | lr: 1.00e-03 | Best_PSNR: 29.3394 in Epoch [4]
2022-07-19 16:24:30,416 INFO: Epoch: 5 | PSNR: 29.4971 | Loss: 5.6851 | lr: 1.00e-03 | Best_PSNR: 29.4971 in Epoch [5]
2022-07-19 16:25:30,884 INFO: Epoch: 6 | PSNR: 29.6427 | Loss: 5.6203 | lr: 1.00e-03 | Best_PSNR: 29.6427 in Epoch [6]
2022-07-19 16:26:31,624 INFO: Epoch: 7 | PSNR: 29.8555 | Loss: 5.5929 | lr: 1.00e-03 | Best_PSNR: 29.8555 in Epoch [7]
2022-07-19 16:27:44,971 INFO: Epoch: 8 | PSNR: 30.0046 | Loss: 5.6545 | lr: 1.00e-03 | Best_PSNR: 30.0046 in Epoch [8]
2022-07-19 16:29:01,786 INFO: Epoch: 9 | PSNR: 30.0179 | Loss: 5.6616 | lr: 1.00e-03 | Best_PSNR: 30.0179 in Epoch [9]
2022-07-19 16:30:19,959 INFO: Epoch: 10 | PSNR: 30.0401 | Loss: 5.5766 | lr: 1.00e-03 | Best_PSNR: 30.0401 in Epoch [10]
2022-07-19 16:31:24,920 INFO: Epoch: 11 | PSNR: 30.0394 | Loss: 5.6164 | lr: 1.00e-03 | Best_PSNR: 30.0401 in Epoch [10]
2022-07-19 16:32:25,269 INFO: Epoch: 12 | PSNR: 30.0404 | Loss: 5.6068 | lr: 1.00e-03 | Best_PSNR: 30.0404 in Epoch [12]
2022-07-19 16:33:29,496 INFO: Epoch: 13 | PSNR: 30.0400 | Loss: 5.6090 | lr: 1.00e-03 | Best_PSNR: 30.0404 in Epoch [12]
2022-07-19 16:34:35,100 INFO: Epoch: 14 | PSNR: 30.0407 | Loss: 5.5908 | lr: 1.00e-03 | Best_PSNR: 30.0407 in Epoch [14]
2022-07-19 16:35:42,206 INFO: Epoch: 15 | PSNR: 30.0407 | Loss: 5.6160 | lr: 1.00e-03 | Best_PSNR: 30.0407 in Epoch [15]
2022-07-19 16:36:48,307 INFO: Epoch: 16 | PSNR: 30.0431 | Loss: 5.6327 | lr: 1.00e-03 | Best_PSNR: 30.0431 in Epoch [16]
2022-07-19 16:37:51,987 INFO: Epoch: 17 | PSNR: 30.0396 | Loss: 5.6394 | lr: 1.00e-03 | Best_PSNR: 30.0431 in Epoch [16]
2022-07-19 16:39:00,461 INFO: Epoch: 18 | PSNR: 30.0410 | Loss: 5.6211 | lr: 1.00e-03 | Best_PSNR: 30.0431 in Epoch [16]
2022-07-19 16:40:08,695 INFO: Epoch: 19 | PSNR: 30.0373 | Loss: 5.6164 | lr: 1.00e-03 | Best_PSNR: 30.0431 in Epoch [16]
2022-07-19 16:41:10,725 INFO: Epoch: 20 | PSNR: 30.0414 | Loss: 5.6170 | lr: 1.00e-03 | Best_PSNR: 30.0431 in Epoch [16]
2022-07-19 16:42:22,908 INFO: Epoch: 21 | PSNR: 30.0413 | Loss: 5.6309 | lr: 1.00e-03 | Best_PSNR: 30.0431 in Epoch [16]
2022-07-19 16:43:29,607 INFO: Epoch: 22 | PSNR: 30.0438 | Loss: 5.6302 | lr: 1.00e-03 | Best_PSNR: 30.0438 in Epoch [22]
2022-07-19 16:44:36,862 INFO: Epoch: 23 | PSNR: 30.0415 | Loss: 5.5977 | lr: 1.00e-03 | Best_PSNR: 30.0438 in Epoch [22]
2022-07-19 16:46:03,472 INFO: Epoch: 24 | PSNR: 30.0384 | Loss: 5.6571 | lr: 1.00e-03 | Best_PSNR: 30.0438 in Epoch [22]
2022-07-19 16:47:10,187 INFO: Epoch: 25 | PSNR: 30.0406 | Loss: 5.5963 | lr: 1.00e-03 | Best_PSNR: 30.0438 in Epoch [22]
2022-07-19 16:48:18,795 INFO: Epoch: 26 | PSNR: 30.0446 | Loss: 5.6221 | lr: 1.00e-03 | Best_PSNR: 30.0446 in Epoch [26]
2022-07-19 16:49:25,763 INFO: Epoch: 27 | PSNR: 30.0462 | Loss: 5.6527 | lr: 1.00e-03 | Best_PSNR: 30.0462 in Epoch [27]
2022-07-19 16:50:35,044 INFO: Epoch: 28 | PSNR: 30.0437 | Loss: 5.6398 | lr: 1.00e-03 | Best_PSNR: 30.0462 in Epoch [27]
2022-07-19 16:51:38,469 INFO: Epoch: 29 | PSNR: 30.0422 | Loss: 5.5856 | lr: 1.00e-03 | Best_PSNR: 30.0462 in Epoch [27]
2022-07-19 16:52:38,423 INFO: Epoch: 30 | PSNR: 30.0443 | Loss: 5.6093 | lr: 1.00e-03 | Best_PSNR: 30.0462 in Epoch [27]
2022-07-19 16:53:37,518 INFO: Epoch: 31 | PSNR: 30.0445 | Loss: 5.6464 | lr: 1.00e-03 | Best_PSNR: 30.0462 in Epoch [27]
2022-07-19 16:54:39,774 INFO: Epoch: 32 | PSNR: 30.0431 | Loss: 5.6242 | lr: 1.00e-03 | Best_PSNR: 30.0462 in Epoch [27]
2022-07-19 16:55:42,914 INFO: Epoch: 33 | PSNR: 30.0444 | Loss: 5.6061 | lr: 1.00e-03 | Best_PSNR: 30.0462 in Epoch [27]
2022-07-19 16:56:50,886 INFO: Epoch: 34 | PSNR: 30.0426 | Loss: 5.5719 | lr: 1.00e-03 | Best_PSNR: 30.0462 in Epoch [27]
2022-07-19 16:58:03,371 INFO: Epoch: 35 | PSNR: 30.0423 | Loss: 5.5870 | lr: 1.00e-03 | Best_PSNR: 30.0462 in Epoch [27]
2022-07-19 16:59:24,453 INFO: Epoch: 36 | PSNR: 30.0471 | Loss: 5.6236 | lr: 1.00e-03 | Best_PSNR: 30.0471 in Epoch [36]
2022-07-19 17:00:33,389 INFO: Epoch: 37 | PSNR: 30.0422 | Loss: 5.6035 | lr: 1.00e-03 | Best_PSNR: 30.0471 in Epoch [36]
2022-07-19 17:01:50,959 INFO: Epoch: 38 | PSNR: 30.0434 | Loss: 5.6658 | lr: 1.00e-03 | Best_PSNR: 30.0471 in Epoch [36]
2022-07-19 17:03:19,321 INFO: Epoch: 39 | PSNR: 30.0466 | Loss: 5.5649 | lr: 1.00e-03 | Best_PSNR: 30.0471 in Epoch [36]
2022-07-19 17:04:47,043 INFO: Epoch: 40 | PSNR: 30.0447 | Loss: 5.6343 | lr: 1.00e-03 | Best_PSNR: 30.0471 in Epoch [36]
2022-07-19 17:06:05,256 INFO: Epoch: 41 | PSNR: 30.0409 | Loss: 5.6333 | lr: 1.00e-03 | Best_PSNR: 30.0471 in Epoch [36]
2022-07-19 17:07:21,341 INFO: Epoch: 42 | PSNR: 30.0399 | Loss: 5.5720 | lr: 1.00e-03 | Best_PSNR: 30.0471 in Epoch [36]
2022-07-19 17:08:34,817 INFO: Epoch: 43 | PSNR: 30.0469 | Loss: 5.6206 | lr: 1.00e-03 | Best_PSNR: 30.0471 in Epoch [36]
2022-07-19 17:09:56,980 INFO: Epoch: 44 | PSNR: 30.0443 | Loss: 5.6067 | lr: 1.00e-03 | Best_PSNR: 30.0471 in Epoch [36]
2022-07-19 17:11:11,172 INFO: Epoch: 45 | PSNR: 30.0446 | Loss: 5.5947 | lr: 1.00e-03 | Best_PSNR: 30.0471 in Epoch [36]
2022-07-19 17:12:20,328 INFO: Epoch: 46 | PSNR: 30.0440 | Loss: 5.6186 | lr: 1.00e-03 | Best_PSNR: 30.0471 in Epoch [36]
2022-07-19 17:13:50,199 INFO: Epoch: 47 | PSNR: 30.0442 | Loss: 5.6521 | lr: 1.00e-03 | Best_PSNR: 30.0471 in Epoch [36]
2022-07-19 17:15:05,502 INFO: Epoch: 48 | PSNR: 30.0435 | Loss: 5.5996 | lr: 1.00e-03 | Best_PSNR: 30.0471 in Epoch [36]
2022-07-19 17:16:31,035 INFO: Epoch: 49 | PSNR: 30.0465 | Loss: 5.5969 | lr: 1.00e-03 | Best_PSNR: 30.0471 in Epoch [36]
2022-07-19 17:18:02,786 INFO: Epoch: 50 | PSNR: 30.0428 | Loss: 5.6220 | lr: 1.00e-03 | Best_PSNR: 30.0471 in Epoch [36]
2022-07-19 17:19:34,408 INFO: Epoch: 51 | PSNR: 30.0483 | Loss: 5.5954 | lr: 5.00e-04 | Best_PSNR: 30.0483 in Epoch [51]
2022-07-19 17:21:01,747 INFO: Epoch: 52 | PSNR: 30.0493 | Loss: 5.5308 | lr: 5.00e-04 | Best_PSNR: 30.0493 in Epoch [52]
2022-07-19 17:22:24,767 INFO: Epoch: 53 | PSNR: 30.0496 | Loss: 5.5846 | lr: 5.00e-04 | Best_PSNR: 30.0496 in Epoch [53]
2022-07-19 17:23:50,256 INFO: Epoch: 54 | PSNR: 30.0531 | Loss: 5.6031 | lr: 5.00e-04 | Best_PSNR: 30.0531 in Epoch [54]
2022-07-19 17:25:21,817 INFO: Epoch: 55 | PSNR: 30.0502 | Loss: 5.5594 | lr: 5.00e-04 | Best_PSNR: 30.0531 in Epoch [54]
2022-07-19 17:26:49,628 INFO: Epoch: 56 | PSNR: 30.0522 | Loss: 5.5887 | lr: 5.00e-04 | Best_PSNR: 30.0531 in Epoch [54]
2022-07-19 17:28:12,270 INFO: Epoch: 57 | PSNR: 30.0511 | Loss: 5.5955 | lr: 5.00e-04 | Best_PSNR: 30.0531 in Epoch [54]
2022-07-19 17:29:44,325 INFO: Epoch: 58 | PSNR: 30.0461 | Loss: 5.6013 | lr: 5.00e-04 | Best_PSNR: 30.0531 in Epoch [54]
2022-07-19 17:31:18,870 INFO: Epoch: 59 | PSNR: 30.0550 | Loss: 5.5474 | lr: 5.00e-04 | Best_PSNR: 30.0550 in Epoch [59]
2022-07-19 17:32:41,181 INFO: Epoch: 60 | PSNR: 30.0535 | Loss: 5.6089 | lr: 5.00e-04 | Best_PSNR: 30.0550 in Epoch [59]
2022-07-19 17:33:49,967 INFO: Epoch: 61 | PSNR: 30.0479 | Loss: 5.6270 | lr: 5.00e-04 | Best_PSNR: 30.0550 in Epoch [59]
2022-07-19 17:34:49,563 INFO: Epoch: 62 | PSNR: 30.0515 | Loss: 5.5657 | lr: 5.00e-04 | Best_PSNR: 30.0550 in Epoch [59]
2022-07-19 17:35:47,492 INFO: Epoch: 63 | PSNR: 30.0502 | Loss: 5.5831 | lr: 5.00e-04 | Best_PSNR: 30.0550 in Epoch [59]
2022-07-19 17:37:11,852 INFO: Epoch: 64 | PSNR: 30.0520 | Loss: 5.5938 | lr: 5.00e-04 | Best_PSNR: 30.0550 in Epoch [59]
2022-07-19 17:38:33,448 INFO: Epoch: 65 | PSNR: 30.0547 | Loss: 5.5497 | lr: 5.00e-04 | Best_PSNR: 30.0550 in Epoch [59]
2022-07-19 17:40:06,598 INFO: Epoch: 66 | PSNR: 30.0513 | Loss: 5.5514 | lr: 5.00e-04 | Best_PSNR: 30.0550 in Epoch [59]
2022-07-19 17:41:26,157 INFO: Epoch: 67 | PSNR: 30.0532 | Loss: 5.5629 | lr: 5.00e-04 | Best_PSNR: 30.0550 in Epoch [59]
2022-07-19 17:43:05,658 INFO: Epoch: 68 | PSNR: 30.0543 | Loss: 5.6002 | lr: 5.00e-04 | Best_PSNR: 30.0550 in Epoch [59]
2022-07-19 17:44:31,850 INFO: Epoch: 69 | PSNR: 30.0537 | Loss: 5.5583 | lr: 5.00e-04 | Best_PSNR: 30.0550 in Epoch [59]
2022-07-19 17:46:00,625 INFO: Epoch: 70 | PSNR: 30.0515 | Loss: 5.6096 | lr: 5.00e-04 | Best_PSNR: 30.0550 in Epoch [59]
2022-07-19 17:47:25,307 INFO: Epoch: 71 | PSNR: 30.0536 | Loss: 5.6573 | lr: 5.00e-04 | Best_PSNR: 30.0550 in Epoch [59]
2022-07-19 17:48:55,125 INFO: Epoch: 72 | PSNR: 30.0529 | Loss: 5.6099 | lr: 5.00e-04 | Best_PSNR: 30.0550 in Epoch [59]
2022-07-19 17:50:17,795 INFO: Epoch: 73 | PSNR: 30.0503 | Loss: 5.5951 | lr: 5.00e-04 | Best_PSNR: 30.0550 in Epoch [59]
2022-07-19 17:51:46,683 INFO: Epoch: 74 | PSNR: 30.0522 | Loss: 5.5984 | lr: 5.00e-04 | Best_PSNR: 30.0550 in Epoch [59]
2022-07-19 17:53:11,669 INFO: Epoch: 75 | PSNR: 30.0523 | Loss: 5.6209 | lr: 5.00e-04 | Best_PSNR: 30.0550 in Epoch [59]
2022-07-19 17:54:23,613 INFO: Epoch: 76 | PSNR: 30.0532 | Loss: 5.5941 | lr: 5.00e-04 | Best_PSNR: 30.0550 in Epoch [59]
2022-07-19 17:55:42,686 INFO: Epoch: 77 | PSNR: 30.0522 | Loss: 5.5779 | lr: 5.00e-04 | Best_PSNR: 30.0550 in Epoch [59]
2022-07-19 17:57:12,993 INFO: Epoch: 78 | PSNR: 30.0559 | Loss: 5.6031 | lr: 5.00e-04 | Best_PSNR: 30.0559 in Epoch [78]
2022-07-19 17:58:54,127 INFO: Epoch: 79 | PSNR: 30.0557 | Loss: 5.5714 | lr: 5.00e-04 | Best_PSNR: 30.0559 in Epoch [78]
2022-07-19 18:00:24,767 INFO: Epoch: 80 | PSNR: 30.0550 | Loss: 5.6270 | lr: 5.00e-04 | Best_PSNR: 30.0559 in Epoch [78]
2022-07-19 18:01:47,075 INFO: Epoch: 81 | PSNR: 30.0568 | Loss: 5.5814 | lr: 5.00e-04 | Best_PSNR: 30.0568 in Epoch [81]
2022-07-19 18:03:19,444 INFO: Epoch: 82 | PSNR: 30.0540 | Loss: 5.6039 | lr: 5.00e-04 | Best_PSNR: 30.0568 in Epoch [81]
2022-07-19 18:04:35,377 INFO: Epoch: 83 | PSNR: 30.0483 | Loss: 5.5949 | lr: 5.00e-04 | Best_PSNR: 30.0568 in Epoch [81]
2022-07-19 18:06:04,785 INFO: Epoch: 84 | PSNR: 30.0529 | Loss: 5.5741 | lr: 5.00e-04 | Best_PSNR: 30.0568 in Epoch [81]
2022-07-19 18:07:24,600 INFO: Epoch: 85 | PSNR: 30.0550 | Loss: 5.5658 | lr: 5.00e-04 | Best_PSNR: 30.0568 in Epoch [81]
2022-07-19 18:08:37,460 INFO: Epoch: 86 | PSNR: 30.0552 | Loss: 5.6034 | lr: 5.00e-04 | Best_PSNR: 30.0568 in Epoch [81]
2022-07-19 18:09:58,801 INFO: Epoch: 87 | PSNR: 30.0538 | Loss: 5.6011 | lr: 5.00e-04 | Best_PSNR: 30.0568 in Epoch [81]
2022-07-19 18:11:17,451 INFO: Epoch: 88 | PSNR: 30.0567 | Loss: 5.5712 | lr: 5.00e-04 | Best_PSNR: 30.0568 in Epoch [81]
2022-07-19 18:12:29,394 INFO: Epoch: 89 | PSNR: 30.0558 | Loss: 5.6293 | lr: 5.00e-04 | Best_PSNR: 30.0568 in Epoch [81]
2022-07-19 18:13:46,314 INFO: Epoch: 90 | PSNR: 30.0546 | Loss: 5.5317 | lr: 5.00e-04 | Best_PSNR: 30.0568 in Epoch [81]
2022-07-19 18:15:15,282 INFO: Epoch: 91 | PSNR: 30.0548 | Loss: 5.5912 | lr: 5.00e-04 | Best_PSNR: 30.0568 in Epoch [81]
2022-07-19 18:16:34,406 INFO: Epoch: 92 | PSNR: 30.0551 | Loss: 5.6292 | lr: 5.00e-04 | Best_PSNR: 30.0568 in Epoch [81]
2022-07-19 18:17:51,648 INFO: Epoch: 93 | PSNR: 30.0553 | Loss: 5.5880 | lr: 5.00e-04 | Best_PSNR: 30.0568 in Epoch [81]
2022-07-19 18:19:14,336 INFO: Epoch: 94 | PSNR: 30.0556 | Loss: 5.5657 | lr: 5.00e-04 | Best_PSNR: 30.0568 in Epoch [81]
2022-07-19 18:20:28,981 INFO: Epoch: 95 | PSNR: 30.0575 | Loss: 5.5910 | lr: 5.00e-04 | Best_PSNR: 30.0575 in Epoch [95]
2022-07-19 18:21:54,897 INFO: Epoch: 96 | PSNR: 30.0589 | Loss: 5.5773 | lr: 5.00e-04 | Best_PSNR: 30.0589 in Epoch [96]
2022-07-19 18:23:21,608 INFO: Epoch: 97 | PSNR: 30.0562 | Loss: 5.6214 | lr: 5.00e-04 | Best_PSNR: 30.0589 in Epoch [96]
2022-07-19 18:24:44,901 INFO: Epoch: 98 | PSNR: 30.0562 | Loss: 5.5978 | lr: 5.00e-04 | Best_PSNR: 30.0589 in Epoch [96]
2022-07-19 18:26:24,812 INFO: Epoch: 99 | PSNR: 30.0587 | Loss: 5.5577 | lr: 5.00e-04 | Best_PSNR: 30.0589 in Epoch [96]
2022-07-19 18:27:49,497 INFO: Epoch: 100 | PSNR: 30.0551 | Loss: 5.5437 | lr: 5.00e-04 | Best_PSNR: 30.0589 in Epoch [96]
2022-07-19 18:29:19,807 INFO: Epoch: 101 | PSNR: 30.0583 | Loss: 5.5811 | lr: 2.50e-04 | Best_PSNR: 30.0589 in Epoch [96]
2022-07-19 18:30:43,045 INFO: Epoch: 102 | PSNR: 30.0574 | Loss: 5.5771 | lr: 2.50e-04 | Best_PSNR: 30.0589 in Epoch [96]
2022-07-19 18:32:05,318 INFO: Epoch: 103 | PSNR: 30.0585 | Loss: 5.5525 | lr: 2.50e-04 | Best_PSNR: 30.0589 in Epoch [96]
2022-07-19 18:33:24,064 INFO: Epoch: 104 | PSNR: 30.0607 | Loss: 5.6333 | lr: 2.50e-04 | Best_PSNR: 30.0607 in Epoch [104]
2022-07-19 18:34:49,580 INFO: Epoch: 105 | PSNR: 30.0595 | Loss: 5.5842 | lr: 2.50e-04 | Best_PSNR: 30.0607 in Epoch [104]
2022-07-19 18:36:06,393 INFO: Epoch: 106 | PSNR: 30.0596 | Loss: 5.5885 | lr: 2.50e-04 | Best_PSNR: 30.0607 in Epoch [104]
2022-07-19 18:37:09,723 INFO: Epoch: 107 | PSNR: 30.0578 | Loss: 5.5926 | lr: 2.50e-04 | Best_PSNR: 30.0607 in Epoch [104]
2022-07-19 18:38:19,789 INFO: Epoch: 108 | PSNR: 30.0562 | Loss: 5.6100 | lr: 2.50e-04 | Best_PSNR: 30.0607 in Epoch [104]
2022-07-19 18:39:42,172 INFO: Epoch: 109 | PSNR: 30.0579 | Loss: 5.5424 | lr: 2.50e-04 | Best_PSNR: 30.0607 in Epoch [104]
2022-07-19 18:40:47,508 INFO: Epoch: 110 | PSNR: 30.0569 | Loss: 5.5425 | lr: 2.50e-04 | Best_PSNR: 30.0607 in Epoch [104]
2022-07-19 18:41:53,798 INFO: Epoch: 111 | PSNR: 30.0569 | Loss: 5.5773 | lr: 2.50e-04 | Best_PSNR: 30.0607 in Epoch [104]
2022-07-19 18:43:07,839 INFO: Epoch: 112 | PSNR: 30.0593 | Loss: 5.5950 | lr: 2.50e-04 | Best_PSNR: 30.0607 in Epoch [104]
2022-07-19 18:44:12,314 INFO: Epoch: 113 | PSNR: 30.0580 | Loss: 5.5840 | lr: 2.50e-04 | Best_PSNR: 30.0607 in Epoch [104]
2022-07-19 18:45:21,761 INFO: Epoch: 114 | PSNR: 30.0603 | Loss: 5.6081 | lr: 2.50e-04 | Best_PSNR: 30.0607 in Epoch [104]
2022-07-19 18:46:30,624 INFO: Epoch: 115 | PSNR: 30.0578 | Loss: 5.5537 | lr: 2.50e-04 | Best_PSNR: 30.0607 in Epoch [104]
2022-07-19 18:47:35,685 INFO: Epoch: 116 | PSNR: 30.0561 | Loss: 5.5802 | lr: 2.50e-04 | Best_PSNR: 30.0607 in Epoch [104]
2022-07-19 18:48:52,625 INFO: Epoch: 117 | PSNR: 30.0547 | Loss: 5.6091 | lr: 2.50e-04 | Best_PSNR: 30.0607 in Epoch [104]
2022-07-19 18:49:56,211 INFO: Epoch: 118 | PSNR: 30.0551 | Loss: 5.5997 | lr: 2.50e-04 | Best_PSNR: 30.0607 in Epoch [104]
2022-07-19 18:51:06,464 INFO: Epoch: 119 | PSNR: 30.0567 | Loss: 5.6184 | lr: 2.50e-04 | Best_PSNR: 30.0607 in Epoch [104]
2022-07-19 18:52:16,710 INFO: Epoch: 120 | PSNR: 30.0578 | Loss: 5.5599 | lr: 2.50e-04 | Best_PSNR: 30.0607 in Epoch [104]
2022-07-19 18:53:21,967 INFO: Epoch: 121 | PSNR: 30.0571 | Loss: 5.6089 | lr: 2.50e-04 | Best_PSNR: 30.0607 in Epoch [104]
2022-07-19 18:54:24,024 INFO: Epoch: 122 | PSNR: 30.0588 | Loss: 5.5457 | lr: 2.50e-04 | Best_PSNR: 30.0607 in Epoch [104]
2022-07-19 18:55:22,628 INFO: Epoch: 123 | PSNR: 30.0566 | Loss: 5.5799 | lr: 2.50e-04 | Best_PSNR: 30.0607 in Epoch [104]
2022-07-19 18:56:36,637 INFO: Epoch: 124 | PSNR: 30.0583 | Loss: 5.4705 | lr: 2.50e-04 | Best_PSNR: 30.0607 in Epoch [104]
2022-07-19 18:57:40,703 INFO: Epoch: 125 | PSNR: 30.0589 | Loss: 5.5937 | lr: 2.50e-04 | Best_PSNR: 30.0607 in Epoch [104]
2022-07-19 18:58:49,719 INFO: Epoch: 126 | PSNR: 30.0610 | Loss: 5.6238 | lr: 2.50e-04 | Best_PSNR: 30.0610 in Epoch [126]
2022-07-19 18:59:56,608 INFO: Epoch: 127 | PSNR: 30.0604 | Loss: 5.5820 | lr: 2.50e-04 | Best_PSNR: 30.0610 in Epoch [126]
2022-07-19 19:01:02,971 INFO: Epoch: 128 | PSNR: 30.0614 | Loss: 5.5721 | lr: 2.50e-04 | Best_PSNR: 30.0614 in Epoch [128]
2022-07-19 19:02:08,853 INFO: Epoch: 129 | PSNR: 30.0598 | Loss: 5.6207 | lr: 2.50e-04 | Best_PSNR: 30.0614 in Epoch [128]
2022-07-19 19:03:13,849 INFO: Epoch: 130 | PSNR: 30.0570 | Loss: 5.5932 | lr: 2.50e-04 | Best_PSNR: 30.0614 in Epoch [128]
2022-07-19 19:04:23,926 INFO: Epoch: 131 | PSNR: 30.0557 | Loss: 5.6012 | lr: 2.50e-04 | Best_PSNR: 30.0614 in Epoch [128]
2022-07-19 19:05:28,842 INFO: Epoch: 132 | PSNR: 30.0595 | Loss: 5.5473 | lr: 2.50e-04 | Best_PSNR: 30.0614 in Epoch [128]
2022-07-19 19:06:38,872 INFO: Epoch: 133 | PSNR: 30.0621 | Loss: 5.5590 | lr: 2.50e-04 | Best_PSNR: 30.0621 in Epoch [133]
2022-07-19 19:07:43,639 INFO: Epoch: 134 | PSNR: 30.0621 | Loss: 5.5806 | lr: 2.50e-04 | Best_PSNR: 30.0621 in Epoch [134]
2022-07-19 19:08:52,753 INFO: Epoch: 135 | PSNR: 30.0616 | Loss: 5.5989 | lr: 2.50e-04 | Best_PSNR: 30.0621 in Epoch [134]
2022-07-19 19:10:00,357 INFO: Epoch: 136 | PSNR: 30.0596 | Loss: 5.5691 | lr: 2.50e-04 | Best_PSNR: 30.0621 in Epoch [134]
2022-07-19 19:11:11,078 INFO: Epoch: 137 | PSNR: 30.0620 | Loss: 5.5699 | lr: 2.50e-04 | Best_PSNR: 30.0621 in Epoch [134]
2022-07-19 19:12:24,716 INFO: Epoch: 138 | PSNR: 30.0628 | Loss: 5.6018 | lr: 2.50e-04 | Best_PSNR: 30.0628 in Epoch [138]
2022-07-19 19:13:30,936 INFO: Epoch: 139 | PSNR: 30.0643 | Loss: 5.5719 | lr: 2.50e-04 | Best_PSNR: 30.0643 in Epoch [139]
2022-07-19 19:14:35,656 INFO: Epoch: 140 | PSNR: 30.0630 | Loss: 5.5584 | lr: 2.50e-04 | Best_PSNR: 30.0643 in Epoch [139]
2022-07-19 19:15:40,074 INFO: Epoch: 141 | PSNR: 30.0614 | Loss: 5.6426 | lr: 2.50e-04 | Best_PSNR: 30.0643 in Epoch [139]
2022-07-19 19:16:52,768 INFO: Epoch: 142 | PSNR: 30.0609 | Loss: 5.6148 | lr: 2.50e-04 | Best_PSNR: 30.0643 in Epoch [139]
2022-07-19 19:17:54,068 INFO: Epoch: 143 | PSNR: 30.0616 | Loss: 5.5544 | lr: 2.50e-04 | Best_PSNR: 30.0643 in Epoch [139]
2022-07-19 19:18:48,311 INFO: Epoch: 144 | PSNR: 30.0642 | Loss: 5.5830 | lr: 2.50e-04 | Best_PSNR: 30.0643 in Epoch [139]
2022-07-19 19:19:57,741 INFO: Epoch: 145 | PSNR: 30.0619 | Loss: 5.5981 | lr: 2.50e-04 | Best_PSNR: 30.0643 in Epoch [139]
2022-07-19 19:21:11,159 INFO: Epoch: 146 | PSNR: 30.0651 | Loss: 5.5679 | lr: 2.50e-04 | Best_PSNR: 30.0651 in Epoch [146]
2022-07-19 19:22:20,153 INFO: Epoch: 147 | PSNR: 30.0636 | Loss: 5.6224 | lr: 2.50e-04 | Best_PSNR: 30.0651 in Epoch [146]
2022-07-19 19:23:32,359 INFO: Epoch: 148 | PSNR: 30.0642 | Loss: 5.5496 | lr: 2.50e-04 | Best_PSNR: 30.0651 in Epoch [146]
2022-07-19 19:24:38,110 INFO: Epoch: 149 | PSNR: 30.0641 | Loss: 5.5250 | lr: 2.50e-04 | Best_PSNR: 30.0651 in Epoch [146]
2022-07-19 19:25:46,561 INFO: Epoch: 150 | PSNR: 30.0646 | Loss: 5.5653 | lr: 2.50e-04 | Best_PSNR: 30.0651 in Epoch [146]
2022-07-19 19:26:55,013 INFO: Epoch: 151 | PSNR: 30.0661 | Loss: 5.5851 | lr: 1.25e-04 | Best_PSNR: 30.0661 in Epoch [151]
2022-07-19 19:27:59,431 INFO: Epoch: 152 | PSNR: 30.0633 | Loss: 5.5646 | lr: 1.25e-04 | Best_PSNR: 30.0661 in Epoch [151]
2022-07-19 19:29:13,503 INFO: Epoch: 153 | PSNR: 30.0653 | Loss: 5.5968 | lr: 1.25e-04 | Best_PSNR: 30.0661 in Epoch [151]
2022-07-19 19:30:22,109 INFO: Epoch: 154 | PSNR: 30.0649 | Loss: 5.5503 | lr: 1.25e-04 | Best_PSNR: 30.0661 in Epoch [151]
2022-07-19 19:31:48,203 INFO: Epoch: 155 | PSNR: 30.0638 | Loss: 5.5380 | lr: 1.25e-04 | Best_PSNR: 30.0661 in Epoch [151]
2022-07-19 19:33:07,329 INFO: Epoch: 156 | PSNR: 30.0616 | Loss: 5.5559 | lr: 1.25e-04 | Best_PSNR: 30.0661 in Epoch [151]
2022-07-19 19:34:33,719 INFO: Epoch: 157 | PSNR: 30.0617 | Loss: 5.5688 | lr: 1.25e-04 | Best_PSNR: 30.0661 in Epoch [151]
2022-07-19 19:36:02,433 INFO: Epoch: 158 | PSNR: 30.0612 | Loss: 5.6123 | lr: 1.25e-04 | Best_PSNR: 30.0661 in Epoch [151]
2022-07-19 19:37:32,310 INFO: Epoch: 159 | PSNR: 30.0613 | Loss: 5.5231 | lr: 1.25e-04 | Best_PSNR: 30.0661 in Epoch [151]
2022-07-19 19:38:58,330 INFO: Epoch: 160 | PSNR: 30.0635 | Loss: 5.5320 | lr: 1.25e-04 | Best_PSNR: 30.0661 in Epoch [151]
2022-07-19 19:40:25,374 INFO: Epoch: 161 | PSNR: 30.0613 | Loss: 5.5970 | lr: 1.25e-04 | Best_PSNR: 30.0661 in Epoch [151]
2022-07-19 19:41:48,380 INFO: Epoch: 162 | PSNR: 30.0644 | Loss: 5.5665 | lr: 1.25e-04 | Best_PSNR: 30.0661 in Epoch [151]
2022-07-19 19:43:09,922 INFO: Epoch: 163 | PSNR: 30.0643 | Loss: 5.6281 | lr: 1.25e-04 | Best_PSNR: 30.0661 in Epoch [151]
2022-07-19 19:44:39,651 INFO: Epoch: 164 | PSNR: 30.0583 | Loss: 5.5654 | lr: 1.25e-04 | Best_PSNR: 30.0661 in Epoch [151]
2022-07-19 19:45:56,728 INFO: Epoch: 165 | PSNR: 30.0637 | Loss: 5.5845 | lr: 1.25e-04 | Best_PSNR: 30.0661 in Epoch [151]
2022-07-19 19:47:17,127 INFO: Epoch: 166 | PSNR: 30.0626 | Loss: 5.5228 | lr: 1.25e-04 | Best_PSNR: 30.0661 in Epoch [151]
2022-07-19 19:48:43,839 INFO: Epoch: 167 | PSNR: 30.0632 | Loss: 5.6259 | lr: 1.25e-04 | Best_PSNR: 30.0661 in Epoch [151]
2022-07-19 19:50:00,602 INFO: Epoch: 168 | PSNR: 30.0625 | Loss: 5.5875 | lr: 1.25e-04 | Best_PSNR: 30.0661 in Epoch [151]
2022-07-19 19:51:22,952 INFO: Epoch: 169 | PSNR: 30.0642 | Loss: 5.5981 | lr: 1.25e-04 | Best_PSNR: 30.0661 in Epoch [151]
2022-07-19 19:53:02,570 INFO: Epoch: 170 | PSNR: 30.0631 | Loss: 5.6089 | lr: 1.25e-04 | Best_PSNR: 30.0661 in Epoch [151]
2022-07-19 19:54:30,633 INFO: Epoch: 171 | PSNR: 30.0625 | Loss: 5.5694 | lr: 1.25e-04 | Best_PSNR: 30.0661 in Epoch [151]
2022-07-19 19:55:48,024 INFO: Epoch: 172 | PSNR: 30.0621 | Loss: 5.6523 | lr: 1.25e-04 | Best_PSNR: 30.0661 in Epoch [151]
2022-07-19 19:57:20,113 INFO: Epoch: 173 | PSNR: 30.0630 | Loss: 5.5600 | lr: 1.25e-04 | Best_PSNR: 30.0661 in Epoch [151]
2022-07-19 19:58:42,513 INFO: Epoch: 174 | PSNR: 30.0646 | Loss: 5.5425 | lr: 1.25e-04 | Best_PSNR: 30.0661 in Epoch [151]
2022-07-19 20:00:21,085 INFO: Epoch: 175 | PSNR: 30.0639 | Loss: 5.5768 | lr: 1.25e-04 | Best_PSNR: 30.0661 in Epoch [151]
2022-07-19 20:01:52,059 INFO: Epoch: 176 | PSNR: 30.0634 | Loss: 5.5893 | lr: 1.25e-04 | Best_PSNR: 30.0661 in Epoch [151]
2022-07-19 20:03:22,079 INFO: Epoch: 177 | PSNR: 30.0623 | Loss: 5.5661 | lr: 1.25e-04 | Best_PSNR: 30.0661 in Epoch [151]
2022-07-19 20:04:40,493 INFO: Epoch: 178 | PSNR: 30.0628 | Loss: 5.5819 | lr: 1.25e-04 | Best_PSNR: 30.0661 in Epoch [151]
2022-07-19 20:06:09,370 INFO: Epoch: 179 | PSNR: 30.0637 | Loss: 5.5553 | lr: 1.25e-04 | Best_PSNR: 30.0661 in Epoch [151]
2022-07-19 20:07:27,966 INFO: Epoch: 180 | PSNR: 30.0638 | Loss: 5.5537 | lr: 1.25e-04 | Best_PSNR: 30.0661 in Epoch [151]
2022-07-19 20:08:50,918 INFO: Epoch: 181 | PSNR: 30.0606 | Loss: 5.5631 | lr: 1.25e-04 | Best_PSNR: 30.0661 in Epoch [151]
2022-07-19 20:10:16,091 INFO: Epoch: 182 | PSNR: 30.0626 | Loss: 5.5902 | lr: 1.25e-04 | Best_PSNR: 30.0661 in Epoch [151]
2022-07-19 20:11:43,366 INFO: Epoch: 183 | PSNR: 30.0628 | Loss: 5.5817 | lr: 1.25e-04 | Best_PSNR: 30.0661 in Epoch [151]
2022-07-19 20:13:13,636 INFO: Epoch: 184 | PSNR: 30.0619 | Loss: 5.5978 | lr: 1.25e-04 | Best_PSNR: 30.0661 in Epoch [151]
2022-07-19 20:14:43,130 INFO: Epoch: 185 | PSNR: 30.0649 | Loss: 5.5482 | lr: 1.25e-04 | Best_PSNR: 30.0661 in Epoch [151]
2022-07-19 20:16:05,734 INFO: Epoch: 186 | PSNR: 30.0619 | Loss: 5.5259 | lr: 1.25e-04 | Best_PSNR: 30.0661 in Epoch [151]
2022-07-19 20:17:26,034 INFO: Epoch: 187 | PSNR: 30.0623 | Loss: 5.5380 | lr: 1.25e-04 | Best_PSNR: 30.0661 in Epoch [151]
2022-07-19 20:18:47,376 INFO: Epoch: 188 | PSNR: 30.0620 | Loss: 5.5731 | lr: 1.25e-04 | Best_PSNR: 30.0661 in Epoch [151]
2022-07-19 20:20:03,338 INFO: Epoch: 189 | PSNR: 30.0594 | Loss: 5.5678 | lr: 1.25e-04 | Best_PSNR: 30.0661 in Epoch [151]
