2022-07-06 11:08:36,941 INFO: Create train dataset successfully!
2022-07-06 11:08:36,941 INFO: Training: [1000] iterations for each epoch
2022-07-06 11:08:36,941 INFO: Create val dataset successfully!
2022-07-06 11:08:36,942 INFO: Validating: [100] iterations for each epoch
2022-07-06 11:08:36,942 INFO: Preparing for experiment: [baseline_qat]
2022-07-06 11:08:37,977 INFO: Create model successfully! Params: [42.54]K
2022-07-06 11:08:37,977 INFO: Start training...
2022-07-06 11:09:22,074 INFO: Epoch: 0 | PSNR: 29.1745 | Loss: 6.4685 | lr: 1.00e-03 | Best_PSNR: 29.1745 in Epoch [0]
2022-07-06 11:09:52,356 INFO: Epoch: 1 | PSNR: 29.3378 | Loss: 6.0308 | lr: 1.00e-03 | Best_PSNR: 29.3378 in Epoch [1]
2022-07-06 11:10:19,920 INFO: Epoch: 2 | PSNR: 29.4488 | Loss: 5.9423 | lr: 1.00e-03 | Best_PSNR: 29.4488 in Epoch [2]
2022-07-06 11:10:48,298 INFO: Epoch: 3 | PSNR: 29.4951 | Loss: 5.8990 | lr: 1.00e-03 | Best_PSNR: 29.4951 in Epoch [3]
2022-07-06 11:11:13,692 INFO: Epoch: 4 | PSNR: 29.5215 | Loss: 5.8878 | lr: 1.00e-03 | Best_PSNR: 29.5215 in Epoch [4]
2022-07-06 11:11:40,631 INFO: Epoch: 5 | PSNR: 29.5568 | Loss: 5.8588 | lr: 1.00e-03 | Best_PSNR: 29.5568 in Epoch [5]
2022-07-06 11:12:09,016 INFO: Epoch: 6 | PSNR: 29.5690 | Loss: 5.8254 | lr: 1.00e-03 | Best_PSNR: 29.5690 in Epoch [6]
2022-07-06 11:12:34,730 INFO: Epoch: 7 | PSNR: 29.5231 | Loss: 5.8076 | lr: 1.00e-03 | Best_PSNR: 29.5690 in Epoch [6]
2022-07-06 11:12:58,763 INFO: Epoch: 8 | PSNR: 29.5950 | Loss: 5.8167 | lr: 1.00e-03 | Best_PSNR: 29.5950 in Epoch [8]
2022-07-06 11:13:22,607 INFO: Epoch: 9 | PSNR: 29.6052 | Loss: 5.8262 | lr: 1.00e-03 | Best_PSNR: 29.6052 in Epoch [9]
2022-07-06 11:13:46,655 INFO: Epoch: 10 | PSNR: 29.6270 | Loss: 5.8070 | lr: 1.00e-03 | Best_PSNR: 29.6270 in Epoch [10]
2022-07-06 11:14:10,423 INFO: Epoch: 11 | PSNR: 29.6087 | Loss: 5.7987 | lr: 1.00e-03 | Best_PSNR: 29.6270 in Epoch [10]
2022-07-06 11:14:34,883 INFO: Epoch: 12 | PSNR: 29.6421 | Loss: 5.7870 | lr: 1.00e-03 | Best_PSNR: 29.6421 in Epoch [12]
2022-07-06 11:14:59,279 INFO: Epoch: 13 | PSNR: 29.6736 | Loss: 5.7757 | lr: 1.00e-03 | Best_PSNR: 29.6736 in Epoch [13]
2022-07-06 11:15:22,795 INFO: Epoch: 14 | PSNR: 29.6282 | Loss: 5.7696 | lr: 1.00e-03 | Best_PSNR: 29.6736 in Epoch [13]
2022-07-06 11:15:48,403 INFO: Epoch: 15 | PSNR: 29.7644 | Loss: 5.7823 | lr: 1.00e-03 | Best_PSNR: 29.7644 in Epoch [15]
2022-07-06 11:16:12,684 INFO: Epoch: 16 | PSNR: 29.7997 | Loss: 5.6868 | lr: 1.00e-03 | Best_PSNR: 29.7997 in Epoch [16]
2022-07-06 11:16:38,496 INFO: Epoch: 17 | PSNR: 29.8291 | Loss: 5.7338 | lr: 1.00e-03 | Best_PSNR: 29.8291 in Epoch [17]
2022-07-06 11:17:04,489 INFO: Epoch: 18 | PSNR: 29.8691 | Loss: 5.6753 | lr: 1.00e-03 | Best_PSNR: 29.8691 in Epoch [18]
2022-07-06 11:17:30,744 INFO: Epoch: 19 | PSNR: 29.8798 | Loss: 5.6582 | lr: 1.00e-03 | Best_PSNR: 29.8798 in Epoch [19]
2022-07-06 11:17:56,311 INFO: Epoch: 20 | PSNR: 29.8807 | Loss: 5.6932 | lr: 1.00e-03 | Best_PSNR: 29.8807 in Epoch [20]
2022-07-06 11:18:20,351 INFO: Epoch: 21 | PSNR: 29.8846 | Loss: 5.6462 | lr: 1.00e-03 | Best_PSNR: 29.8846 in Epoch [21]
2022-07-06 11:18:44,305 INFO: Epoch: 22 | PSNR: 29.9041 | Loss: 5.6496 | lr: 1.00e-03 | Best_PSNR: 29.9041 in Epoch [22]
2022-07-06 11:19:08,754 INFO: Epoch: 23 | PSNR: 29.9134 | Loss: 5.6523 | lr: 1.00e-03 | Best_PSNR: 29.9134 in Epoch [23]
2022-07-06 11:19:32,452 INFO: Epoch: 24 | PSNR: 29.9277 | Loss: 5.6808 | lr: 1.00e-03 | Best_PSNR: 29.9277 in Epoch [24]
2022-07-06 11:19:55,822 INFO: Epoch: 25 | PSNR: 29.9168 | Loss: 5.6618 | lr: 1.00e-03 | Best_PSNR: 29.9277 in Epoch [24]
2022-07-06 11:20:19,360 INFO: Epoch: 26 | PSNR: 29.9253 | Loss: 5.6325 | lr: 1.00e-03 | Best_PSNR: 29.9277 in Epoch [24]
2022-07-06 11:20:42,717 INFO: Epoch: 27 | PSNR: 29.9142 | Loss: 5.6161 | lr: 1.00e-03 | Best_PSNR: 29.9277 in Epoch [24]
2022-07-06 11:21:06,495 INFO: Epoch: 28 | PSNR: 29.9076 | Loss: 5.6277 | lr: 1.00e-03 | Best_PSNR: 29.9277 in Epoch [24]
2022-07-06 11:21:31,004 INFO: Epoch: 29 | PSNR: 29.9344 | Loss: 5.6293 | lr: 1.00e-03 | Best_PSNR: 29.9344 in Epoch [29]
2022-07-06 11:21:54,699 INFO: Epoch: 30 | PSNR: 29.9421 | Loss: 5.6513 | lr: 1.00e-03 | Best_PSNR: 29.9421 in Epoch [30]
2022-07-06 11:22:18,211 INFO: Epoch: 31 | PSNR: 29.8727 | Loss: 5.6308 | lr: 1.00e-03 | Best_PSNR: 29.9421 in Epoch [30]
2022-07-06 11:22:41,536 INFO: Epoch: 32 | PSNR: 29.9236 | Loss: 5.5932 | lr: 1.00e-03 | Best_PSNR: 29.9421 in Epoch [30]
2022-07-06 11:23:04,674 INFO: Epoch: 33 | PSNR: 29.9174 | Loss: 5.6662 | lr: 1.00e-03 | Best_PSNR: 29.9421 in Epoch [30]
2022-07-06 11:23:28,170 INFO: Epoch: 34 | PSNR: 29.9386 | Loss: 5.6536 | lr: 1.00e-03 | Best_PSNR: 29.9421 in Epoch [30]
2022-07-06 11:23:51,945 INFO: Epoch: 35 | PSNR: 29.9619 | Loss: 5.5961 | lr: 1.00e-03 | Best_PSNR: 29.9619 in Epoch [35]
2022-07-06 11:24:15,749 INFO: Epoch: 36 | PSNR: 29.9542 | Loss: 5.6118 | lr: 1.00e-03 | Best_PSNR: 29.9619 in Epoch [35]
2022-07-06 11:24:39,270 INFO: Epoch: 37 | PSNR: 29.9403 | Loss: 5.6084 | lr: 1.00e-03 | Best_PSNR: 29.9619 in Epoch [35]
2022-07-06 11:25:02,710 INFO: Epoch: 38 | PSNR: 29.9268 | Loss: 5.6369 | lr: 1.00e-03 | Best_PSNR: 29.9619 in Epoch [35]
2022-07-06 11:25:27,233 INFO: Epoch: 39 | PSNR: 29.9849 | Loss: 5.6151 | lr: 1.00e-03 | Best_PSNR: 29.9849 in Epoch [39]
2022-07-06 11:25:51,480 INFO: Epoch: 40 | PSNR: 29.9782 | Loss: 5.5541 | lr: 1.00e-03 | Best_PSNR: 29.9849 in Epoch [39]
2022-07-06 11:26:14,929 INFO: Epoch: 41 | PSNR: 29.9529 | Loss: 5.6553 | lr: 1.00e-03 | Best_PSNR: 29.9849 in Epoch [39]
2022-07-06 11:26:38,208 INFO: Epoch: 42 | PSNR: 29.9721 | Loss: 5.6021 | lr: 1.00e-03 | Best_PSNR: 29.9849 in Epoch [39]
2022-07-06 11:27:01,691 INFO: Epoch: 43 | PSNR: 29.9110 | Loss: 5.5370 | lr: 1.00e-03 | Best_PSNR: 29.9849 in Epoch [39]
2022-07-06 11:27:24,965 INFO: Epoch: 44 | PSNR: 29.9840 | Loss: 5.5411 | lr: 1.00e-03 | Best_PSNR: 29.9849 in Epoch [39]
2022-07-06 11:27:48,319 INFO: Epoch: 45 | PSNR: 29.9387 | Loss: 5.5382 | lr: 1.00e-03 | Best_PSNR: 29.9849 in Epoch [39]
2022-07-06 11:28:12,376 INFO: Epoch: 46 | PSNR: 29.9940 | Loss: 5.5657 | lr: 1.00e-03 | Best_PSNR: 29.9940 in Epoch [46]
2022-07-06 11:28:35,516 INFO: Epoch: 47 | PSNR: 29.9346 | Loss: 5.6537 | lr: 1.00e-03 | Best_PSNR: 29.9940 in Epoch [46]
2022-07-06 11:28:58,769 INFO: Epoch: 48 | PSNR: 29.9840 | Loss: 5.5603 | lr: 1.00e-03 | Best_PSNR: 29.9940 in Epoch [46]
2022-07-06 11:29:21,965 INFO: Epoch: 49 | PSNR: 29.9736 | Loss: 5.5792 | lr: 1.00e-03 | Best_PSNR: 29.9940 in Epoch [46]
2022-07-06 11:29:45,221 INFO: Epoch: 50 | PSNR: 29.9856 | Loss: 5.6264 | lr: 1.00e-03 | Best_PSNR: 29.9940 in Epoch [46]
2022-07-06 11:30:09,005 INFO: Epoch: 51 | PSNR: 30.0047 | Loss: 5.5915 | lr: 1.00e-03 | Best_PSNR: 30.0047 in Epoch [51]
2022-07-06 11:30:32,340 INFO: Epoch: 52 | PSNR: 29.9951 | Loss: 5.5957 | lr: 1.00e-03 | Best_PSNR: 30.0047 in Epoch [51]
2022-07-06 11:30:55,700 INFO: Epoch: 53 | PSNR: 30.0043 | Loss: 5.5771 | lr: 1.00e-03 | Best_PSNR: 30.0047 in Epoch [51]
2022-07-06 11:31:19,331 INFO: Epoch: 54 | PSNR: 29.9668 | Loss: 5.5866 | lr: 1.00e-03 | Best_PSNR: 30.0047 in Epoch [51]
2022-07-06 11:31:42,845 INFO: Epoch: 55 | PSNR: 29.9609 | Loss: 5.5299 | lr: 1.00e-03 | Best_PSNR: 30.0047 in Epoch [51]
2022-07-06 11:32:06,808 INFO: Epoch: 56 | PSNR: 29.9554 | Loss: 5.5456 | lr: 1.00e-03 | Best_PSNR: 30.0047 in Epoch [51]
2022-07-06 11:32:30,982 INFO: Epoch: 57 | PSNR: 29.9930 | Loss: 5.5777 | lr: 1.00e-03 | Best_PSNR: 30.0047 in Epoch [51]
2022-07-06 11:32:55,027 INFO: Epoch: 58 | PSNR: 29.9661 | Loss: 5.5716 | lr: 1.00e-03 | Best_PSNR: 30.0047 in Epoch [51]
2022-07-06 11:33:18,738 INFO: Epoch: 59 | PSNR: 29.9938 | Loss: 5.5800 | lr: 1.00e-03 | Best_PSNR: 30.0047 in Epoch [51]
2022-07-06 11:33:41,917 INFO: Epoch: 60 | PSNR: 29.8417 | Loss: 5.5827 | lr: 1.00e-03 | Best_PSNR: 30.0047 in Epoch [51]
2022-07-06 11:34:06,276 INFO: Epoch: 61 | PSNR: 30.0118 | Loss: 5.6403 | lr: 1.00e-03 | Best_PSNR: 30.0118 in Epoch [61]
2022-07-06 11:34:29,566 INFO: Epoch: 62 | PSNR: 29.9957 | Loss: 5.5588 | lr: 1.00e-03 | Best_PSNR: 30.0118 in Epoch [61]
2022-07-06 11:34:52,806 INFO: Epoch: 63 | PSNR: 29.9969 | Loss: 5.6032 | lr: 1.00e-03 | Best_PSNR: 30.0118 in Epoch [61]
2022-07-06 11:35:15,811 INFO: Epoch: 64 | PSNR: 29.9618 | Loss: 5.5634 | lr: 1.00e-03 | Best_PSNR: 30.0118 in Epoch [61]
2022-07-06 11:35:39,274 INFO: Epoch: 65 | PSNR: 30.0007 | Loss: 5.5880 | lr: 1.00e-03 | Best_PSNR: 30.0118 in Epoch [61]
2022-07-06 11:36:02,538 INFO: Epoch: 66 | PSNR: 29.9993 | Loss: 5.5889 | lr: 1.00e-03 | Best_PSNR: 30.0118 in Epoch [61]
2022-07-06 11:36:26,155 INFO: Epoch: 67 | PSNR: 30.0037 | Loss: 5.5320 | lr: 1.00e-03 | Best_PSNR: 30.0118 in Epoch [61]
2022-07-06 11:36:49,433 INFO: Epoch: 68 | PSNR: 30.0083 | Loss: 5.5573 | lr: 1.00e-03 | Best_PSNR: 30.0118 in Epoch [61]
2022-07-06 11:37:12,760 INFO: Epoch: 69 | PSNR: 30.0067 | Loss: 5.5517 | lr: 1.00e-03 | Best_PSNR: 30.0118 in Epoch [61]
2022-07-06 11:37:36,080 INFO: Epoch: 70 | PSNR: 29.9876 | Loss: 5.5957 | lr: 1.00e-03 | Best_PSNR: 30.0118 in Epoch [61]
2022-07-06 11:37:59,407 INFO: Epoch: 71 | PSNR: 29.9922 | Loss: 5.5599 | lr: 1.00e-03 | Best_PSNR: 30.0118 in Epoch [61]
2022-07-06 11:38:23,046 INFO: Epoch: 72 | PSNR: 29.9958 | Loss: 5.6596 | lr: 1.00e-03 | Best_PSNR: 30.0118 in Epoch [61]
2022-07-06 11:38:45,921 INFO: Epoch: 73 | PSNR: 29.9492 | Loss: 5.5757 | lr: 1.00e-03 | Best_PSNR: 30.0118 in Epoch [61]
2022-07-06 11:39:08,464 INFO: Epoch: 74 | PSNR: 29.9987 | Loss: 5.6119 | lr: 1.00e-03 | Best_PSNR: 30.0118 in Epoch [61]
2022-07-06 11:39:32,411 INFO: Epoch: 75 | PSNR: 30.0140 | Loss: 5.5521 | lr: 1.00e-03 | Best_PSNR: 30.0140 in Epoch [75]
2022-07-06 11:39:55,474 INFO: Epoch: 76 | PSNR: 29.9796 | Loss: 5.6150 | lr: 1.00e-03 | Best_PSNR: 30.0140 in Epoch [75]
2022-07-06 11:40:19,135 INFO: Epoch: 77 | PSNR: 30.0284 | Loss: 5.5814 | lr: 1.00e-03 | Best_PSNR: 30.0284 in Epoch [77]
2022-07-06 11:40:42,144 INFO: Epoch: 78 | PSNR: 29.9784 | Loss: 5.5863 | lr: 1.00e-03 | Best_PSNR: 30.0284 in Epoch [77]
2022-07-06 11:41:05,212 INFO: Epoch: 79 | PSNR: 29.9885 | Loss: 5.5769 | lr: 1.00e-03 | Best_PSNR: 30.0284 in Epoch [77]
2022-07-06 11:41:28,147 INFO: Epoch: 80 | PSNR: 29.9897 | Loss: 5.5529 | lr: 1.00e-03 | Best_PSNR: 30.0284 in Epoch [77]
2022-07-06 11:41:51,144 INFO: Epoch: 81 | PSNR: 30.0103 | Loss: 5.5861 | lr: 1.00e-03 | Best_PSNR: 30.0284 in Epoch [77]
2022-07-06 11:42:14,109 INFO: Epoch: 82 | PSNR: 29.9085 | Loss: 5.5886 | lr: 1.00e-03 | Best_PSNR: 30.0284 in Epoch [77]
2022-07-06 11:42:37,427 INFO: Epoch: 83 | PSNR: 30.0106 | Loss: 5.6007 | lr: 1.00e-03 | Best_PSNR: 30.0284 in Epoch [77]
2022-07-06 11:43:01,344 INFO: Epoch: 84 | PSNR: 30.0296 | Loss: 5.6200 | lr: 1.00e-03 | Best_PSNR: 30.0296 in Epoch [84]
2022-07-06 11:43:24,356 INFO: Epoch: 85 | PSNR: 30.0052 | Loss: 5.5673 | lr: 1.00e-03 | Best_PSNR: 30.0296 in Epoch [84]
2022-07-06 11:43:47,304 INFO: Epoch: 86 | PSNR: 30.0292 | Loss: 5.5685 | lr: 1.00e-03 | Best_PSNR: 30.0296 in Epoch [84]
2022-07-06 11:44:10,634 INFO: Epoch: 87 | PSNR: 30.0114 | Loss: 5.5674 | lr: 1.00e-03 | Best_PSNR: 30.0296 in Epoch [84]
2022-07-06 11:44:34,199 INFO: Epoch: 88 | PSNR: 30.0159 | Loss: 5.5324 | lr: 1.00e-03 | Best_PSNR: 30.0296 in Epoch [84]
2022-07-06 11:44:57,385 INFO: Epoch: 89 | PSNR: 30.0188 | Loss: 5.5631 | lr: 1.00e-03 | Best_PSNR: 30.0296 in Epoch [84]
2022-07-06 11:45:20,654 INFO: Epoch: 90 | PSNR: 29.9456 | Loss: 5.5947 | lr: 1.00e-03 | Best_PSNR: 30.0296 in Epoch [84]
2022-07-06 11:45:43,700 INFO: Epoch: 91 | PSNR: 30.0062 | Loss: 5.5592 | lr: 1.00e-03 | Best_PSNR: 30.0296 in Epoch [84]
2022-07-06 11:46:06,840 INFO: Epoch: 92 | PSNR: 29.9980 | Loss: 5.5824 | lr: 1.00e-03 | Best_PSNR: 30.0296 in Epoch [84]
2022-07-06 11:46:32,423 INFO: Epoch: 93 | PSNR: 30.0006 | Loss: 5.6046 | lr: 1.00e-03 | Best_PSNR: 30.0296 in Epoch [84]
2022-07-06 11:46:55,448 INFO: Epoch: 94 | PSNR: 30.0255 | Loss: 5.5312 | lr: 1.00e-03 | Best_PSNR: 30.0296 in Epoch [84]
2022-07-06 11:47:19,138 INFO: Epoch: 95 | PSNR: 30.0349 | Loss: 5.5256 | lr: 1.00e-03 | Best_PSNR: 30.0349 in Epoch [95]
2022-07-06 11:47:42,420 INFO: Epoch: 96 | PSNR: 30.0244 | Loss: 5.5813 | lr: 1.00e-03 | Best_PSNR: 30.0349 in Epoch [95]
2022-07-06 11:48:05,838 INFO: Epoch: 97 | PSNR: 29.9912 | Loss: 5.5699 | lr: 1.00e-03 | Best_PSNR: 30.0349 in Epoch [95]
2022-07-06 11:48:30,432 INFO: Epoch: 98 | PSNR: 30.0260 | Loss: 5.5272 | lr: 1.00e-03 | Best_PSNR: 30.0349 in Epoch [95]
2022-07-06 11:48:54,762 INFO: Epoch: 99 | PSNR: 30.0282 | Loss: 5.5874 | lr: 1.00e-03 | Best_PSNR: 30.0349 in Epoch [95]
2022-07-06 11:49:18,815 INFO: Epoch: 100 | PSNR: 29.9808 | Loss: 5.6119 | lr: 1.00e-03 | Best_PSNR: 30.0349 in Epoch [95]
2022-07-06 11:49:43,751 INFO: Epoch: 101 | PSNR: 29.9488 | Loss: 5.5798 | lr: 1.00e-03 | Best_PSNR: 30.0349 in Epoch [95]
2022-07-06 11:50:08,848 INFO: Epoch: 102 | PSNR: 29.9963 | Loss: 5.5357 | lr: 1.00e-03 | Best_PSNR: 30.0349 in Epoch [95]
2022-07-06 11:50:34,464 INFO: Epoch: 103 | PSNR: 30.0260 | Loss: 5.5925 | lr: 1.00e-03 | Best_PSNR: 30.0349 in Epoch [95]
2022-07-06 11:50:57,695 INFO: Epoch: 104 | PSNR: 29.8263 | Loss: 5.5706 | lr: 1.00e-03 | Best_PSNR: 30.0349 in Epoch [95]
2022-07-06 11:51:20,996 INFO: Epoch: 105 | PSNR: 30.0222 | Loss: 5.5584 | lr: 1.00e-03 | Best_PSNR: 30.0349 in Epoch [95]
2022-07-06 11:51:43,939 INFO: Epoch: 106 | PSNR: 30.0115 | Loss: 5.4843 | lr: 1.00e-03 | Best_PSNR: 30.0349 in Epoch [95]
2022-07-06 11:52:08,885 INFO: Epoch: 107 | PSNR: 29.9415 | Loss: 5.5715 | lr: 1.00e-03 | Best_PSNR: 30.0349 in Epoch [95]
2022-07-06 11:52:31,943 INFO: Epoch: 108 | PSNR: 30.0250 | Loss: 5.5627 | lr: 1.00e-03 | Best_PSNR: 30.0349 in Epoch [95]
2022-07-06 11:52:54,961 INFO: Epoch: 109 | PSNR: 30.0042 | Loss: 5.4963 | lr: 1.00e-03 | Best_PSNR: 30.0349 in Epoch [95]
2022-07-06 11:53:20,303 INFO: Epoch: 110 | PSNR: 30.0007 | Loss: 5.5257 | lr: 1.00e-03 | Best_PSNR: 30.0349 in Epoch [95]
2022-07-06 11:53:45,748 INFO: Epoch: 111 | PSNR: 30.0354 | Loss: 5.5657 | lr: 1.00e-03 | Best_PSNR: 30.0354 in Epoch [111]
2022-07-06 11:54:08,874 INFO: Epoch: 112 | PSNR: 30.0150 | Loss: 5.5664 | lr: 1.00e-03 | Best_PSNR: 30.0354 in Epoch [111]
2022-07-06 11:54:32,300 INFO: Epoch: 113 | PSNR: 30.0195 | Loss: 5.5666 | lr: 1.00e-03 | Best_PSNR: 30.0354 in Epoch [111]
2022-07-06 11:54:55,223 INFO: Epoch: 114 | PSNR: 30.0283 | Loss: 5.5213 | lr: 1.00e-03 | Best_PSNR: 30.0354 in Epoch [111]
2022-07-06 11:55:18,238 INFO: Epoch: 115 | PSNR: 30.0178 | Loss: 5.5656 | lr: 1.00e-03 | Best_PSNR: 30.0354 in Epoch [111]
2022-07-06 11:55:41,823 INFO: Epoch: 116 | PSNR: 30.0356 | Loss: 5.5525 | lr: 1.00e-03 | Best_PSNR: 30.0356 in Epoch [116]
2022-07-06 11:56:05,080 INFO: Epoch: 117 | PSNR: 30.0371 | Loss: 5.5530 | lr: 1.00e-03 | Best_PSNR: 30.0371 in Epoch [117]
2022-07-06 11:56:27,878 INFO: Epoch: 118 | PSNR: 30.0309 | Loss: 5.5518 | lr: 1.00e-03 | Best_PSNR: 30.0371 in Epoch [117]
2022-07-06 11:56:50,942 INFO: Epoch: 119 | PSNR: 30.0243 | Loss: 5.5699 | lr: 1.00e-03 | Best_PSNR: 30.0371 in Epoch [117]
2022-07-06 11:57:14,199 INFO: Epoch: 120 | PSNR: 30.0573 | Loss: 5.4995 | lr: 5.00e-04 | Best_PSNR: 30.0573 in Epoch [120]
2022-07-06 11:57:37,520 INFO: Epoch: 121 | PSNR: 30.0328 | Loss: 5.5572 | lr: 5.00e-04 | Best_PSNR: 30.0573 in Epoch [120]
2022-07-06 11:58:00,591 INFO: Epoch: 122 | PSNR: 30.0507 | Loss: 5.4964 | lr: 5.00e-04 | Best_PSNR: 30.0573 in Epoch [120]
2022-07-06 11:58:24,131 INFO: Epoch: 123 | PSNR: 30.0676 | Loss: 5.5742 | lr: 5.00e-04 | Best_PSNR: 30.0676 in Epoch [123]
2022-07-06 11:58:46,908 INFO: Epoch: 124 | PSNR: 30.0594 | Loss: 5.4671 | lr: 5.00e-04 | Best_PSNR: 30.0676 in Epoch [123]
2022-07-06 11:59:09,906 INFO: Epoch: 125 | PSNR: 30.0663 | Loss: 5.5238 | lr: 5.00e-04 | Best_PSNR: 30.0676 in Epoch [123]
2022-07-06 11:59:33,832 INFO: Epoch: 126 | PSNR: 30.0677 | Loss: 5.5371 | lr: 5.00e-04 | Best_PSNR: 30.0677 in Epoch [126]
2022-07-06 11:59:56,967 INFO: Epoch: 127 | PSNR: 30.0648 | Loss: 5.5468 | lr: 5.00e-04 | Best_PSNR: 30.0677 in Epoch [126]
2022-07-06 12:00:20,814 INFO: Epoch: 128 | PSNR: 30.0683 | Loss: 5.5377 | lr: 5.00e-04 | Best_PSNR: 30.0683 in Epoch [128]
2022-07-06 12:00:44,754 INFO: Epoch: 129 | PSNR: 30.0689 | Loss: 5.5890 | lr: 5.00e-04 | Best_PSNR: 30.0689 in Epoch [129]
2022-07-06 12:01:08,392 INFO: Epoch: 130 | PSNR: 30.0747 | Loss: 5.5234 | lr: 5.00e-04 | Best_PSNR: 30.0747 in Epoch [130]
2022-07-06 12:01:31,538 INFO: Epoch: 131 | PSNR: 30.0681 | Loss: 5.5029 | lr: 5.00e-04 | Best_PSNR: 30.0747 in Epoch [130]
2022-07-06 12:01:54,656 INFO: Epoch: 132 | PSNR: 30.0743 | Loss: 5.5590 | lr: 5.00e-04 | Best_PSNR: 30.0747 in Epoch [130]
2022-07-06 12:02:17,639 INFO: Epoch: 133 | PSNR: 30.0736 | Loss: 5.4913 | lr: 5.00e-04 | Best_PSNR: 30.0747 in Epoch [130]
2022-07-06 12:02:40,816 INFO: Epoch: 134 | PSNR: 30.0679 | Loss: 5.5173 | lr: 5.00e-04 | Best_PSNR: 30.0747 in Epoch [130]
2022-07-06 12:03:03,661 INFO: Epoch: 135 | PSNR: 30.0575 | Loss: 5.4708 | lr: 5.00e-04 | Best_PSNR: 30.0747 in Epoch [130]
2022-07-06 12:03:27,334 INFO: Epoch: 136 | PSNR: 30.0784 | Loss: 5.5171 | lr: 5.00e-04 | Best_PSNR: 30.0784 in Epoch [136]
2022-07-06 12:03:50,475 INFO: Epoch: 137 | PSNR: 30.0717 | Loss: 5.5550 | lr: 5.00e-04 | Best_PSNR: 30.0784 in Epoch [136]
2022-07-06 12:04:13,544 INFO: Epoch: 138 | PSNR: 30.0574 | Loss: 5.4814 | lr: 5.00e-04 | Best_PSNR: 30.0784 in Epoch [136]
2022-07-06 12:04:36,850 INFO: Epoch: 139 | PSNR: 30.0755 | Loss: 5.5363 | lr: 5.00e-04 | Best_PSNR: 30.0784 in Epoch [136]
2022-07-06 12:05:00,157 INFO: Epoch: 140 | PSNR: 30.0610 | Loss: 5.5566 | lr: 5.00e-04 | Best_PSNR: 30.0784 in Epoch [136]
2022-07-06 12:05:23,403 INFO: Epoch: 141 | PSNR: 30.0704 | Loss: 5.5203 | lr: 5.00e-04 | Best_PSNR: 30.0784 in Epoch [136]
2022-07-06 12:05:46,440 INFO: Epoch: 142 | PSNR: 30.0485 | Loss: 5.5123 | lr: 5.00e-04 | Best_PSNR: 30.0784 in Epoch [136]
2022-07-06 12:06:09,953 INFO: Epoch: 143 | PSNR: 30.0736 | Loss: 5.5307 | lr: 5.00e-04 | Best_PSNR: 30.0784 in Epoch [136]
2022-07-06 12:06:33,404 INFO: Epoch: 144 | PSNR: 30.0705 | Loss: 5.5316 | lr: 5.00e-04 | Best_PSNR: 30.0784 in Epoch [136]
2022-07-06 12:06:56,504 INFO: Epoch: 145 | PSNR: 30.0646 | Loss: 5.5404 | lr: 5.00e-04 | Best_PSNR: 30.0784 in Epoch [136]
2022-07-06 12:07:19,789 INFO: Epoch: 146 | PSNR: 30.0663 | Loss: 5.5729 | lr: 5.00e-04 | Best_PSNR: 30.0784 in Epoch [136]
2022-07-06 12:07:43,073 INFO: Epoch: 147 | PSNR: 30.0783 | Loss: 5.5255 | lr: 5.00e-04 | Best_PSNR: 30.0784 in Epoch [136]
2022-07-06 12:08:08,122 INFO: Epoch: 148 | PSNR: 30.0671 | Loss: 5.5753 | lr: 5.00e-04 | Best_PSNR: 30.0784 in Epoch [136]
2022-07-06 12:08:31,328 INFO: Epoch: 149 | PSNR: 30.0743 | Loss: 5.5762 | lr: 5.00e-04 | Best_PSNR: 30.0784 in Epoch [136]
2022-07-06 12:08:56,652 INFO: Epoch: 150 | PSNR: 30.0763 | Loss: 5.5783 | lr: 5.00e-04 | Best_PSNR: 30.0784 in Epoch [136]
2022-07-06 12:09:21,850 INFO: Epoch: 151 | PSNR: 30.0662 | Loss: 5.5482 | lr: 5.00e-04 | Best_PSNR: 30.0784 in Epoch [136]
2022-07-06 12:09:45,424 INFO: Epoch: 152 | PSNR: 30.0789 | Loss: 5.5407 | lr: 5.00e-04 | Best_PSNR: 30.0789 in Epoch [152]
2022-07-06 12:10:08,633 INFO: Epoch: 153 | PSNR: 30.0697 | Loss: 5.5117 | lr: 5.00e-04 | Best_PSNR: 30.0789 in Epoch [152]
2022-07-06 12:10:31,915 INFO: Epoch: 154 | PSNR: 30.0605 | Loss: 5.5665 | lr: 5.00e-04 | Best_PSNR: 30.0789 in Epoch [152]
2022-07-06 12:10:54,773 INFO: Epoch: 155 | PSNR: 30.0667 | Loss: 5.5562 | lr: 5.00e-04 | Best_PSNR: 30.0789 in Epoch [152]
2022-07-06 12:11:17,529 INFO: Epoch: 156 | PSNR: 30.0483 | Loss: 5.4459 | lr: 5.00e-04 | Best_PSNR: 30.0789 in Epoch [152]
2022-07-06 12:11:40,702 INFO: Epoch: 157 | PSNR: 30.0784 | Loss: 5.5344 | lr: 5.00e-04 | Best_PSNR: 30.0789 in Epoch [152]
2022-07-06 12:12:03,767 INFO: Epoch: 158 | PSNR: 30.0733 | Loss: 5.5110 | lr: 5.00e-04 | Best_PSNR: 30.0789 in Epoch [152]
2022-07-06 12:12:26,957 INFO: Epoch: 159 | PSNR: 30.0717 | Loss: 5.5404 | lr: 5.00e-04 | Best_PSNR: 30.0789 in Epoch [152]
2022-07-06 12:12:49,860 INFO: Epoch: 160 | PSNR: 30.0766 | Loss: 5.5833 | lr: 5.00e-04 | Best_PSNR: 30.0789 in Epoch [152]
2022-07-06 12:13:12,945 INFO: Epoch: 161 | PSNR: 30.0575 | Loss: 5.5603 | lr: 5.00e-04 | Best_PSNR: 30.0789 in Epoch [152]
2022-07-06 12:13:35,998 INFO: Epoch: 162 | PSNR: 30.0319 | Loss: 5.5424 | lr: 5.00e-04 | Best_PSNR: 30.0789 in Epoch [152]
2022-07-06 12:13:59,156 INFO: Epoch: 163 | PSNR: 30.0587 | Loss: 5.5375 | lr: 5.00e-04 | Best_PSNR: 30.0789 in Epoch [152]
2022-07-06 12:14:22,132 INFO: Epoch: 164 | PSNR: 30.0776 | Loss: 5.5713 | lr: 5.00e-04 | Best_PSNR: 30.0789 in Epoch [152]
2022-07-06 12:14:45,242 INFO: Epoch: 165 | PSNR: 30.0533 | Loss: 5.5100 | lr: 5.00e-04 | Best_PSNR: 30.0789 in Epoch [152]
2022-07-06 12:15:08,059 INFO: Epoch: 166 | PSNR: 30.0527 | Loss: 5.5324 | lr: 5.00e-04 | Best_PSNR: 30.0789 in Epoch [152]
2022-07-06 12:15:30,705 INFO: Epoch: 167 | PSNR: 30.0684 | Loss: 5.5060 | lr: 5.00e-04 | Best_PSNR: 30.0789 in Epoch [152]
2022-07-06 12:15:53,456 INFO: Epoch: 168 | PSNR: 30.0747 | Loss: 5.5990 | lr: 5.00e-04 | Best_PSNR: 30.0789 in Epoch [152]
2022-07-06 12:16:16,348 INFO: Epoch: 169 | PSNR: 30.0756 | Loss: 5.5041 | lr: 5.00e-04 | Best_PSNR: 30.0789 in Epoch [152]
2022-07-06 12:16:39,665 INFO: Epoch: 170 | PSNR: 30.0776 | Loss: 5.5336 | lr: 5.00e-04 | Best_PSNR: 30.0789 in Epoch [152]
2022-07-06 12:17:02,697 INFO: Epoch: 171 | PSNR: 30.0608 | Loss: 5.6029 | lr: 5.00e-04 | Best_PSNR: 30.0789 in Epoch [152]
2022-07-06 12:17:25,457 INFO: Epoch: 172 | PSNR: 30.0705 | Loss: 5.5494 | lr: 5.00e-04 | Best_PSNR: 30.0789 in Epoch [152]
2022-07-06 12:17:48,310 INFO: Epoch: 173 | PSNR: 30.0786 | Loss: 5.4878 | lr: 5.00e-04 | Best_PSNR: 30.0789 in Epoch [152]
2022-07-06 12:18:11,419 INFO: Epoch: 174 | PSNR: 30.0747 | Loss: 5.4884 | lr: 5.00e-04 | Best_PSNR: 30.0789 in Epoch [152]
2022-07-06 12:18:35,109 INFO: Epoch: 175 | PSNR: 30.0861 | Loss: 5.5499 | lr: 5.00e-04 | Best_PSNR: 30.0861 in Epoch [175]
2022-07-06 12:18:58,196 INFO: Epoch: 176 | PSNR: 30.0618 | Loss: 5.5279 | lr: 5.00e-04 | Best_PSNR: 30.0861 in Epoch [175]
2022-07-06 12:19:21,377 INFO: Epoch: 177 | PSNR: 30.0784 | Loss: 5.4876 | lr: 5.00e-04 | Best_PSNR: 30.0861 in Epoch [175]
2022-07-06 12:19:44,394 INFO: Epoch: 178 | PSNR: 30.0853 | Loss: 5.5626 | lr: 5.00e-04 | Best_PSNR: 30.0861 in Epoch [175]
2022-07-06 12:20:07,203 INFO: Epoch: 179 | PSNR: 30.0628 | Loss: 5.5476 | lr: 5.00e-04 | Best_PSNR: 30.0861 in Epoch [175]
2022-07-06 12:20:30,471 INFO: Epoch: 180 | PSNR: 30.0553 | Loss: 5.5776 | lr: 5.00e-04 | Best_PSNR: 30.0861 in Epoch [175]
2022-07-06 12:20:53,550 INFO: Epoch: 181 | PSNR: 30.0738 | Loss: 5.5832 | lr: 5.00e-04 | Best_PSNR: 30.0861 in Epoch [175]
2022-07-06 12:21:16,554 INFO: Epoch: 182 | PSNR: 30.0576 | Loss: 5.5085 | lr: 5.00e-04 | Best_PSNR: 30.0861 in Epoch [175]
2022-07-06 12:21:39,618 INFO: Epoch: 183 | PSNR: 30.0755 | Loss: 5.5141 | lr: 5.00e-04 | Best_PSNR: 30.0861 in Epoch [175]
2022-07-06 12:22:02,726 INFO: Epoch: 184 | PSNR: 30.0723 | Loss: 5.5379 | lr: 5.00e-04 | Best_PSNR: 30.0861 in Epoch [175]
2022-07-06 12:22:24,752 INFO: Epoch: 185 | PSNR: 30.0762 | Loss: 5.5180 | lr: 5.00e-04 | Best_PSNR: 30.0861 in Epoch [175]
2022-07-06 12:22:47,944 INFO: Epoch: 186 | PSNR: 30.0544 | Loss: 5.5375 | lr: 5.00e-04 | Best_PSNR: 30.0861 in Epoch [175]
2022-07-06 12:23:10,782 INFO: Epoch: 187 | PSNR: 30.0768 | Loss: 5.5481 | lr: 5.00e-04 | Best_PSNR: 30.0861 in Epoch [175]
2022-07-06 12:23:33,801 INFO: Epoch: 188 | PSNR: 30.0683 | Loss: 5.5305 | lr: 5.00e-04 | Best_PSNR: 30.0861 in Epoch [175]
2022-07-06 12:23:56,999 INFO: Epoch: 189 | PSNR: 30.0787 | Loss: 5.5193 | lr: 5.00e-04 | Best_PSNR: 30.0861 in Epoch [175]
2022-07-06 12:24:19,905 INFO: Epoch: 190 | PSNR: 30.0822 | Loss: 5.5243 | lr: 5.00e-04 | Best_PSNR: 30.0861 in Epoch [175]
2022-07-06 12:24:42,892 INFO: Epoch: 191 | PSNR: 30.0768 | Loss: 5.5440 | lr: 5.00e-04 | Best_PSNR: 30.0861 in Epoch [175]
2022-07-06 12:25:05,715 INFO: Epoch: 192 | PSNR: 30.0744 | Loss: 5.6030 | lr: 5.00e-04 | Best_PSNR: 30.0861 in Epoch [175]
2022-07-06 12:25:28,690 INFO: Epoch: 193 | PSNR: 30.0813 | Loss: 5.5017 | lr: 5.00e-04 | Best_PSNR: 30.0861 in Epoch [175]
2022-07-06 12:25:51,639 INFO: Epoch: 194 | PSNR: 30.0723 | Loss: 5.5315 | lr: 5.00e-04 | Best_PSNR: 30.0861 in Epoch [175]
2022-07-06 12:26:14,638 INFO: Epoch: 195 | PSNR: 30.0763 | Loss: 5.4935 | lr: 5.00e-04 | Best_PSNR: 30.0861 in Epoch [175]
2022-07-06 12:26:37,825 INFO: Epoch: 196 | PSNR: 30.0813 | Loss: 5.5422 | lr: 5.00e-04 | Best_PSNR: 30.0861 in Epoch [175]
2022-07-06 12:27:00,824 INFO: Epoch: 197 | PSNR: 30.0777 | Loss: 5.5426 | lr: 5.00e-04 | Best_PSNR: 30.0861 in Epoch [175]
2022-07-06 12:27:23,725 INFO: Epoch: 198 | PSNR: 30.0737 | Loss: 5.5430 | lr: 5.00e-04 | Best_PSNR: 30.0861 in Epoch [175]
2022-07-06 12:27:46,855 INFO: Epoch: 199 | PSNR: 30.0741 | Loss: 5.5277 | lr: 5.00e-04 | Best_PSNR: 30.0861 in Epoch [175]
2022-07-06 12:28:10,377 INFO: Epoch: 200 | PSNR: 30.0864 | Loss: 5.5518 | lr: 5.00e-04 | Best_PSNR: 30.0864 in Epoch [200]
2022-07-06 12:28:33,670 INFO: Epoch: 201 | PSNR: 30.0823 | Loss: 5.5138 | lr: 5.00e-04 | Best_PSNR: 30.0864 in Epoch [200]
2022-07-06 12:28:56,565 INFO: Epoch: 202 | PSNR: 30.0834 | Loss: 5.5317 | lr: 5.00e-04 | Best_PSNR: 30.0864 in Epoch [200]
2022-07-06 12:29:19,481 INFO: Epoch: 203 | PSNR: 30.0675 | Loss: 5.5003 | lr: 5.00e-04 | Best_PSNR: 30.0864 in Epoch [200]
2022-07-06 12:29:42,821 INFO: Epoch: 204 | PSNR: 30.0788 | Loss: 5.5332 | lr: 5.00e-04 | Best_PSNR: 30.0864 in Epoch [200]
2022-07-06 12:30:05,973 INFO: Epoch: 205 | PSNR: 30.0858 | Loss: 5.5296 | lr: 5.00e-04 | Best_PSNR: 30.0864 in Epoch [200]
2022-07-06 12:30:29,354 INFO: Epoch: 206 | PSNR: 30.0753 | Loss: 5.5495 | lr: 5.00e-04 | Best_PSNR: 30.0864 in Epoch [200]
2022-07-06 12:30:52,729 INFO: Epoch: 207 | PSNR: 30.0781 | Loss: 5.5041 | lr: 5.00e-04 | Best_PSNR: 30.0864 in Epoch [200]
2022-07-06 12:31:18,079 INFO: Epoch: 208 | PSNR: 30.0515 | Loss: 5.5344 | lr: 5.00e-04 | Best_PSNR: 30.0864 in Epoch [200]
2022-07-06 12:31:43,542 INFO: Epoch: 209 | PSNR: 30.0793 | Loss: 5.5179 | lr: 5.00e-04 | Best_PSNR: 30.0864 in Epoch [200]
2022-07-06 12:32:09,053 INFO: Epoch: 210 | PSNR: 30.0644 | Loss: 5.5355 | lr: 5.00e-04 | Best_PSNR: 30.0864 in Epoch [200]
2022-07-06 12:32:32,160 INFO: Epoch: 211 | PSNR: 30.0695 | Loss: 5.5338 | lr: 5.00e-04 | Best_PSNR: 30.0864 in Epoch [200]
2022-07-06 12:32:55,653 INFO: Epoch: 212 | PSNR: 30.0638 | Loss: 5.5237 | lr: 5.00e-04 | Best_PSNR: 30.0864 in Epoch [200]
2022-07-06 12:33:18,992 INFO: Epoch: 213 | PSNR: 30.0741 | Loss: 5.5081 | lr: 5.00e-04 | Best_PSNR: 30.0864 in Epoch [200]
2022-07-06 12:33:42,102 INFO: Epoch: 214 | PSNR: 30.0817 | Loss: 5.5291 | lr: 5.00e-04 | Best_PSNR: 30.0864 in Epoch [200]
2022-07-06 12:34:05,279 INFO: Epoch: 215 | PSNR: 30.0702 | Loss: 5.4777 | lr: 5.00e-04 | Best_PSNR: 30.0864 in Epoch [200]
2022-07-06 12:34:28,500 INFO: Epoch: 216 | PSNR: 30.0741 | Loss: 5.5646 | lr: 5.00e-04 | Best_PSNR: 30.0864 in Epoch [200]
2022-07-06 12:34:51,471 INFO: Epoch: 217 | PSNR: 30.0438 | Loss: 5.5096 | lr: 5.00e-04 | Best_PSNR: 30.0864 in Epoch [200]
2022-07-06 12:35:16,691 INFO: Epoch: 218 | PSNR: 30.0814 | Loss: 5.5656 | lr: 5.00e-04 | Best_PSNR: 30.0864 in Epoch [200]
2022-07-06 12:35:40,516 INFO: Epoch: 219 | PSNR: 30.0880 | Loss: 5.5676 | lr: 5.00e-04 | Best_PSNR: 30.0880 in Epoch [219]
2022-07-06 12:36:04,137 INFO: Epoch: 220 | PSNR: 30.0908 | Loss: 5.4998 | lr: 5.00e-04 | Best_PSNR: 30.0908 in Epoch [220]
2022-07-06 12:36:27,478 INFO: Epoch: 221 | PSNR: 30.0846 | Loss: 5.5112 | lr: 5.00e-04 | Best_PSNR: 30.0908 in Epoch [220]
2022-07-06 12:36:50,759 INFO: Epoch: 222 | PSNR: 30.0853 | Loss: 5.5462 | lr: 5.00e-04 | Best_PSNR: 30.0908 in Epoch [220]
2022-07-06 12:37:14,037 INFO: Epoch: 223 | PSNR: 30.0636 | Loss: 5.5477 | lr: 5.00e-04 | Best_PSNR: 30.0908 in Epoch [220]
2022-07-06 12:37:36,782 INFO: Epoch: 224 | PSNR: 30.0763 | Loss: 5.5494 | lr: 5.00e-04 | Best_PSNR: 30.0908 in Epoch [220]
2022-07-06 12:37:59,856 INFO: Epoch: 225 | PSNR: 30.0795 | Loss: 5.4586 | lr: 5.00e-04 | Best_PSNR: 30.0908 in Epoch [220]
2022-07-06 12:38:23,333 INFO: Epoch: 226 | PSNR: 30.0853 | Loss: 5.5125 | lr: 5.00e-04 | Best_PSNR: 30.0908 in Epoch [220]
2022-07-06 12:38:46,600 INFO: Epoch: 227 | PSNR: 30.0879 | Loss: 5.5748 | lr: 5.00e-04 | Best_PSNR: 30.0908 in Epoch [220]
2022-07-06 12:39:09,473 INFO: Epoch: 228 | PSNR: 30.0543 | Loss: 5.5254 | lr: 5.00e-04 | Best_PSNR: 30.0908 in Epoch [220]
2022-07-06 12:39:32,422 INFO: Epoch: 229 | PSNR: 30.0855 | Loss: 5.5331 | lr: 5.00e-04 | Best_PSNR: 30.0908 in Epoch [220]
2022-07-06 12:39:56,171 INFO: Epoch: 230 | PSNR: 30.0939 | Loss: 5.5341 | lr: 5.00e-04 | Best_PSNR: 30.0939 in Epoch [230]
2022-07-06 12:40:19,244 INFO: Epoch: 231 | PSNR: 30.0818 | Loss: 5.5394 | lr: 5.00e-04 | Best_PSNR: 30.0939 in Epoch [230]
2022-07-06 12:40:42,691 INFO: Epoch: 232 | PSNR: 30.0903 | Loss: 5.5281 | lr: 5.00e-04 | Best_PSNR: 30.0939 in Epoch [230]
2022-07-06 12:41:06,067 INFO: Epoch: 233 | PSNR: 30.0907 | Loss: 5.5343 | lr: 5.00e-04 | Best_PSNR: 30.0939 in Epoch [230]
2022-07-06 12:41:29,318 INFO: Epoch: 234 | PSNR: 30.0772 | Loss: 5.4899 | lr: 5.00e-04 | Best_PSNR: 30.0939 in Epoch [230]
2022-07-06 12:41:52,547 INFO: Epoch: 235 | PSNR: 30.0860 | Loss: 5.5004 | lr: 5.00e-04 | Best_PSNR: 30.0939 in Epoch [230]
2022-07-06 12:42:15,947 INFO: Epoch: 236 | PSNR: 30.0782 | Loss: 5.5705 | lr: 5.00e-04 | Best_PSNR: 30.0939 in Epoch [230]
2022-07-06 12:42:39,222 INFO: Epoch: 237 | PSNR: 30.0844 | Loss: 5.5149 | lr: 5.00e-04 | Best_PSNR: 30.0939 in Epoch [230]
2022-07-06 12:43:02,418 INFO: Epoch: 238 | PSNR: 30.0689 | Loss: 5.4916 | lr: 5.00e-04 | Best_PSNR: 30.0939 in Epoch [230]
2022-07-06 12:43:25,792 INFO: Epoch: 239 | PSNR: 30.0610 | Loss: 5.5303 | lr: 5.00e-04 | Best_PSNR: 30.0939 in Epoch [230]
2022-07-06 12:43:49,480 INFO: Epoch: 240 | PSNR: 30.0960 | Loss: 5.5016 | lr: 2.50e-04 | Best_PSNR: 30.0960 in Epoch [240]
2022-07-06 12:44:12,470 INFO: Epoch: 241 | PSNR: 30.0882 | Loss: 5.5577 | lr: 2.50e-04 | Best_PSNR: 30.0960 in Epoch [240]
2022-07-06 12:44:35,435 INFO: Epoch: 242 | PSNR: 30.0725 | Loss: 5.4737 | lr: 2.50e-04 | Best_PSNR: 30.0960 in Epoch [240]
2022-07-06 12:44:58,842 INFO: Epoch: 243 | PSNR: 30.0811 | Loss: 5.5207 | lr: 2.50e-04 | Best_PSNR: 30.0960 in Epoch [240]
2022-07-06 12:45:22,595 INFO: Epoch: 244 | PSNR: 30.0963 | Loss: 5.5713 | lr: 2.50e-04 | Best_PSNR: 30.0963 in Epoch [244]
2022-07-06 12:45:45,762 INFO: Epoch: 245 | PSNR: 30.0930 | Loss: 5.5098 | lr: 2.50e-04 | Best_PSNR: 30.0963 in Epoch [244]
2022-07-06 12:46:08,845 INFO: Epoch: 246 | PSNR: 30.0942 | Loss: 5.5108 | lr: 2.50e-04 | Best_PSNR: 30.0963 in Epoch [244]
2022-07-06 12:46:32,819 INFO: Epoch: 247 | PSNR: 30.0985 | Loss: 5.5350 | lr: 2.50e-04 | Best_PSNR: 30.0985 in Epoch [247]
2022-07-06 12:46:56,627 INFO: Epoch: 248 | PSNR: 30.1077 | Loss: 5.5390 | lr: 2.50e-04 | Best_PSNR: 30.1077 in Epoch [248]
2022-07-06 12:47:19,933 INFO: Epoch: 249 | PSNR: 30.0911 | Loss: 5.5471 | lr: 2.50e-04 | Best_PSNR: 30.1077 in Epoch [248]
2022-07-06 12:47:42,994 INFO: Epoch: 250 | PSNR: 30.1009 | Loss: 5.4766 | lr: 2.50e-04 | Best_PSNR: 30.1077 in Epoch [248]
2022-07-06 12:48:06,872 INFO: Epoch: 251 | PSNR: 30.0909 | Loss: 5.5760 | lr: 2.50e-04 | Best_PSNR: 30.1077 in Epoch [248]
2022-07-06 12:48:30,517 INFO: Epoch: 252 | PSNR: 30.0850 | Loss: 5.5338 | lr: 2.50e-04 | Best_PSNR: 30.1077 in Epoch [248]
2022-07-06 12:48:53,666 INFO: Epoch: 253 | PSNR: 30.1054 | Loss: 5.5405 | lr: 2.50e-04 | Best_PSNR: 30.1077 in Epoch [248]
2022-07-06 12:49:16,854 INFO: Epoch: 254 | PSNR: 30.1035 | Loss: 5.5367 | lr: 2.50e-04 | Best_PSNR: 30.1077 in Epoch [248]
2022-07-06 12:49:40,027 INFO: Epoch: 255 | PSNR: 30.0965 | Loss: 5.4847 | lr: 2.50e-04 | Best_PSNR: 30.1077 in Epoch [248]
2022-07-06 12:50:03,150 INFO: Epoch: 256 | PSNR: 30.0915 | Loss: 5.4875 | lr: 2.50e-04 | Best_PSNR: 30.1077 in Epoch [248]
2022-07-06 12:50:26,548 INFO: Epoch: 257 | PSNR: 30.0887 | Loss: 5.5204 | lr: 2.50e-04 | Best_PSNR: 30.1077 in Epoch [248]
2022-07-06 12:50:49,867 INFO: Epoch: 258 | PSNR: 30.0958 | Loss: 5.5011 | lr: 2.50e-04 | Best_PSNR: 30.1077 in Epoch [248]
2022-07-06 12:51:12,981 INFO: Epoch: 259 | PSNR: 30.0963 | Loss: 5.5456 | lr: 2.50e-04 | Best_PSNR: 30.1077 in Epoch [248]
2022-07-06 12:51:36,065 INFO: Epoch: 260 | PSNR: 30.1037 | Loss: 5.5353 | lr: 2.50e-04 | Best_PSNR: 30.1077 in Epoch [248]
2022-07-06 12:51:59,177 INFO: Epoch: 261 | PSNR: 30.0944 | Loss: 5.5051 | lr: 2.50e-04 | Best_PSNR: 30.1077 in Epoch [248]
2022-07-06 12:52:22,227 INFO: Epoch: 262 | PSNR: 30.1013 | Loss: 5.5203 | lr: 2.50e-04 | Best_PSNR: 30.1077 in Epoch [248]
2022-07-06 12:52:45,378 INFO: Epoch: 263 | PSNR: 30.0835 | Loss: 5.5288 | lr: 2.50e-04 | Best_PSNR: 30.1077 in Epoch [248]
2022-07-06 12:53:08,734 INFO: Epoch: 264 | PSNR: 30.1070 | Loss: 5.4823 | lr: 2.50e-04 | Best_PSNR: 30.1077 in Epoch [248]
2022-07-06 12:53:32,236 INFO: Epoch: 265 | PSNR: 30.0892 | Loss: 5.5139 | lr: 2.50e-04 | Best_PSNR: 30.1077 in Epoch [248]
2022-07-06 12:53:55,347 INFO: Epoch: 266 | PSNR: 30.0909 | Loss: 5.5164 | lr: 2.50e-04 | Best_PSNR: 30.1077 in Epoch [248]
2022-07-06 12:54:18,632 INFO: Epoch: 267 | PSNR: 30.0947 | Loss: 5.4980 | lr: 2.50e-04 | Best_PSNR: 30.1077 in Epoch [248]
2022-07-06 12:54:41,503 INFO: Epoch: 268 | PSNR: 30.0937 | Loss: 5.4983 | lr: 2.50e-04 | Best_PSNR: 30.1077 in Epoch [248]
2022-07-06 12:55:05,183 INFO: Epoch: 269 | PSNR: 30.1053 | Loss: 5.5315 | lr: 2.50e-04 | Best_PSNR: 30.1077 in Epoch [248]
2022-07-06 12:55:28,461 INFO: Epoch: 270 | PSNR: 30.0959 | Loss: 5.4703 | lr: 2.50e-04 | Best_PSNR: 30.1077 in Epoch [248]
2022-07-06 12:55:51,481 INFO: Epoch: 271 | PSNR: 30.0970 | Loss: 5.5560 | lr: 2.50e-04 | Best_PSNR: 30.1077 in Epoch [248]
2022-07-06 12:56:15,164 INFO: Epoch: 272 | PSNR: 30.1077 | Loss: 5.5374 | lr: 2.50e-04 | Best_PSNR: 30.1077 in Epoch [272]
2022-07-06 12:56:38,263 INFO: Epoch: 273 | PSNR: 30.0932 | Loss: 5.5156 | lr: 2.50e-04 | Best_PSNR: 30.1077 in Epoch [272]
2022-07-06 12:57:01,467 INFO: Epoch: 274 | PSNR: 30.0952 | Loss: 5.5237 | lr: 2.50e-04 | Best_PSNR: 30.1077 in Epoch [272]
2022-07-06 12:57:24,572 INFO: Epoch: 275 | PSNR: 30.1045 | Loss: 5.5297 | lr: 2.50e-04 | Best_PSNR: 30.1077 in Epoch [272]
2022-07-06 12:57:47,550 INFO: Epoch: 276 | PSNR: 30.0971 | Loss: 5.5312 | lr: 2.50e-04 | Best_PSNR: 30.1077 in Epoch [272]
2022-07-06 12:58:11,381 INFO: Epoch: 277 | PSNR: 30.1008 | Loss: 5.5231 | lr: 2.50e-04 | Best_PSNR: 30.1077 in Epoch [272]
2022-07-06 12:58:34,206 INFO: Epoch: 278 | PSNR: 30.0874 | Loss: 5.4947 | lr: 2.50e-04 | Best_PSNR: 30.1077 in Epoch [272]
2022-07-06 12:58:57,012 INFO: Epoch: 279 | PSNR: 30.0913 | Loss: 5.5235 | lr: 2.50e-04 | Best_PSNR: 30.1077 in Epoch [272]
2022-07-06 12:59:19,975 INFO: Epoch: 280 | PSNR: 30.1044 | Loss: 5.4930 | lr: 2.50e-04 | Best_PSNR: 30.1077 in Epoch [272]
2022-07-06 12:59:43,028 INFO: Epoch: 281 | PSNR: 30.0971 | Loss: 5.5336 | lr: 2.50e-04 | Best_PSNR: 30.1077 in Epoch [272]
2022-07-06 13:00:06,303 INFO: Epoch: 282 | PSNR: 30.0919 | Loss: 5.4719 | lr: 2.50e-04 | Best_PSNR: 30.1077 in Epoch [272]
2022-07-06 13:00:30,040 INFO: Epoch: 283 | PSNR: 30.1085 | Loss: 5.5075 | lr: 2.50e-04 | Best_PSNR: 30.1085 in Epoch [283]
2022-07-06 13:00:53,481 INFO: Epoch: 284 | PSNR: 30.0878 | Loss: 5.4707 | lr: 2.50e-04 | Best_PSNR: 30.1085 in Epoch [283]
2022-07-06 13:01:16,671 INFO: Epoch: 285 | PSNR: 30.1046 | Loss: 5.5207 | lr: 2.50e-04 | Best_PSNR: 30.1085 in Epoch [283]
2022-07-06 13:01:40,004 INFO: Epoch: 286 | PSNR: 30.1006 | Loss: 5.5433 | lr: 2.50e-04 | Best_PSNR: 30.1085 in Epoch [283]
2022-07-06 13:02:03,169 INFO: Epoch: 287 | PSNR: 30.1008 | Loss: 5.4678 | lr: 2.50e-04 | Best_PSNR: 30.1085 in Epoch [283]
2022-07-06 13:02:27,104 INFO: Epoch: 288 | PSNR: 30.1107 | Loss: 5.4711 | lr: 2.50e-04 | Best_PSNR: 30.1107 in Epoch [288]
2022-07-06 13:02:50,453 INFO: Epoch: 289 | PSNR: 30.1088 | Loss: 5.5184 | lr: 2.50e-04 | Best_PSNR: 30.1107 in Epoch [288]
2022-07-06 13:03:13,702 INFO: Epoch: 290 | PSNR: 30.1050 | Loss: 5.5030 | lr: 2.50e-04 | Best_PSNR: 30.1107 in Epoch [288]
2022-07-06 13:03:37,209 INFO: Epoch: 291 | PSNR: 30.0995 | Loss: 5.4915 | lr: 2.50e-04 | Best_PSNR: 30.1107 in Epoch [288]
2022-07-06 13:04:00,508 INFO: Epoch: 292 | PSNR: 30.1025 | Loss: 5.5456 | lr: 2.50e-04 | Best_PSNR: 30.1107 in Epoch [288]
2022-07-06 13:04:23,823 INFO: Epoch: 293 | PSNR: 30.1034 | Loss: 5.5600 | lr: 2.50e-04 | Best_PSNR: 30.1107 in Epoch [288]
2022-07-06 13:04:47,139 INFO: Epoch: 294 | PSNR: 30.1048 | Loss: 5.5272 | lr: 2.50e-04 | Best_PSNR: 30.1107 in Epoch [288]
2022-07-06 13:05:10,421 INFO: Epoch: 295 | PSNR: 30.1075 | Loss: 5.5155 | lr: 2.50e-04 | Best_PSNR: 30.1107 in Epoch [288]
2022-07-06 13:05:33,892 INFO: Epoch: 296 | PSNR: 30.1050 | Loss: 5.5227 | lr: 2.50e-04 | Best_PSNR: 30.1107 in Epoch [288]
2022-07-06 13:05:57,061 INFO: Epoch: 297 | PSNR: 30.1076 | Loss: 5.5313 | lr: 2.50e-04 | Best_PSNR: 30.1107 in Epoch [288]
2022-07-06 13:06:20,106 INFO: Epoch: 298 | PSNR: 30.0971 | Loss: 5.5498 | lr: 2.50e-04 | Best_PSNR: 30.1107 in Epoch [288]
2022-07-06 13:06:43,581 INFO: Epoch: 299 | PSNR: 30.1077 | Loss: 5.5302 | lr: 2.50e-04 | Best_PSNR: 30.1107 in Epoch [288]
2022-07-06 13:07:06,967 INFO: Epoch: 300 | PSNR: 30.1040 | Loss: 5.5057 | lr: 2.50e-04 | Best_PSNR: 30.1107 in Epoch [288]
2022-07-06 13:07:30,054 INFO: Epoch: 301 | PSNR: 30.1041 | Loss: 5.5125 | lr: 2.50e-04 | Best_PSNR: 30.1107 in Epoch [288]
2022-07-06 13:07:53,350 INFO: Epoch: 302 | PSNR: 30.1086 | Loss: 5.5046 | lr: 2.50e-04 | Best_PSNR: 30.1107 in Epoch [288]
2022-07-06 13:08:16,355 INFO: Epoch: 303 | PSNR: 30.1012 | Loss: 5.5186 | lr: 2.50e-04 | Best_PSNR: 30.1107 in Epoch [288]
2022-07-06 13:08:39,583 INFO: Epoch: 304 | PSNR: 30.0958 | Loss: 5.5121 | lr: 2.50e-04 | Best_PSNR: 30.1107 in Epoch [288]
2022-07-06 13:09:02,782 INFO: Epoch: 305 | PSNR: 30.1040 | Loss: 5.5172 | lr: 2.50e-04 | Best_PSNR: 30.1107 in Epoch [288]
2022-07-06 13:09:26,107 INFO: Epoch: 306 | PSNR: 30.1050 | Loss: 5.5254 | lr: 2.50e-04 | Best_PSNR: 30.1107 in Epoch [288]
2022-07-06 13:09:48,735 INFO: Epoch: 307 | PSNR: 30.1041 | Loss: 5.5022 | lr: 2.50e-04 | Best_PSNR: 30.1107 in Epoch [288]
2022-07-06 13:10:11,884 INFO: Epoch: 308 | PSNR: 30.0925 | Loss: 5.5256 | lr: 2.50e-04 | Best_PSNR: 30.1107 in Epoch [288]
2022-07-06 13:10:34,894 INFO: Epoch: 309 | PSNR: 30.1078 | Loss: 5.4712 | lr: 2.50e-04 | Best_PSNR: 30.1107 in Epoch [288]
2022-07-06 13:10:58,104 INFO: Epoch: 310 | PSNR: 30.1077 | Loss: 5.4759 | lr: 2.50e-04 | Best_PSNR: 30.1107 in Epoch [288]
2022-07-06 13:11:21,167 INFO: Epoch: 311 | PSNR: 30.1031 | Loss: 5.4884 | lr: 2.50e-04 | Best_PSNR: 30.1107 in Epoch [288]
2022-07-06 13:11:44,251 INFO: Epoch: 312 | PSNR: 30.0988 | Loss: 5.5339 | lr: 2.50e-04 | Best_PSNR: 30.1107 in Epoch [288]
2022-07-06 13:12:07,120 INFO: Epoch: 313 | PSNR: 30.0987 | Loss: 5.4585 | lr: 2.50e-04 | Best_PSNR: 30.1107 in Epoch [288]
2022-07-06 13:12:30,389 INFO: Epoch: 314 | PSNR: 30.1030 | Loss: 5.5068 | lr: 2.50e-04 | Best_PSNR: 30.1107 in Epoch [288]
2022-07-06 13:12:53,472 INFO: Epoch: 315 | PSNR: 30.1002 | Loss: 5.4758 | lr: 2.50e-04 | Best_PSNR: 30.1107 in Epoch [288]
2022-07-06 13:13:16,863 INFO: Epoch: 316 | PSNR: 30.0964 | Loss: 5.5224 | lr: 2.50e-04 | Best_PSNR: 30.1107 in Epoch [288]
2022-07-06 13:13:39,744 INFO: Epoch: 317 | PSNR: 30.0842 | Loss: 5.5121 | lr: 2.50e-04 | Best_PSNR: 30.1107 in Epoch [288]
2022-07-06 13:14:02,986 INFO: Epoch: 318 | PSNR: 30.1104 | Loss: 5.5174 | lr: 2.50e-04 | Best_PSNR: 30.1107 in Epoch [288]
2022-07-06 13:14:25,927 INFO: Epoch: 319 | PSNR: 30.0951 | Loss: 5.5068 | lr: 2.50e-04 | Best_PSNR: 30.1107 in Epoch [288]
2022-07-06 13:14:49,002 INFO: Epoch: 320 | PSNR: 30.1019 | Loss: 5.5051 | lr: 2.50e-04 | Best_PSNR: 30.1107 in Epoch [288]
2022-07-06 13:15:12,259 INFO: Epoch: 321 | PSNR: 30.1036 | Loss: 5.5278 | lr: 2.50e-04 | Best_PSNR: 30.1107 in Epoch [288]
2022-07-06 13:15:35,342 INFO: Epoch: 322 | PSNR: 30.1067 | Loss: 5.5146 | lr: 2.50e-04 | Best_PSNR: 30.1107 in Epoch [288]
2022-07-06 13:15:58,591 INFO: Epoch: 323 | PSNR: 30.1079 | Loss: 5.4982 | lr: 2.50e-04 | Best_PSNR: 30.1107 in Epoch [288]
2022-07-06 13:16:21,601 INFO: Epoch: 324 | PSNR: 30.0914 | Loss: 5.4669 | lr: 2.50e-04 | Best_PSNR: 30.1107 in Epoch [288]
2022-07-06 13:16:44,715 INFO: Epoch: 325 | PSNR: 30.0892 | Loss: 5.4958 | lr: 2.50e-04 | Best_PSNR: 30.1107 in Epoch [288]
2022-07-06 13:17:08,163 INFO: Epoch: 326 | PSNR: 30.1065 | Loss: 5.5523 | lr: 2.50e-04 | Best_PSNR: 30.1107 in Epoch [288]
2022-07-06 13:17:31,431 INFO: Epoch: 327 | PSNR: 30.1099 | Loss: 5.4775 | lr: 2.50e-04 | Best_PSNR: 30.1107 in Epoch [288]
2022-07-06 13:17:54,747 INFO: Epoch: 328 | PSNR: 30.0942 | Loss: 5.5148 | lr: 2.50e-04 | Best_PSNR: 30.1107 in Epoch [288]
2022-07-06 13:18:18,186 INFO: Epoch: 329 | PSNR: 30.1053 | Loss: 5.4936 | lr: 2.50e-04 | Best_PSNR: 30.1107 in Epoch [288]
2022-07-06 13:18:41,468 INFO: Epoch: 330 | PSNR: 30.1038 | Loss: 5.5045 | lr: 2.50e-04 | Best_PSNR: 30.1107 in Epoch [288]
2022-07-06 13:19:05,701 INFO: Epoch: 331 | PSNR: 30.1136 | Loss: 5.5055 | lr: 2.50e-04 | Best_PSNR: 30.1136 in Epoch [331]
2022-07-06 13:19:28,990 INFO: Epoch: 332 | PSNR: 30.1086 | Loss: 5.4787 | lr: 2.50e-04 | Best_PSNR: 30.1136 in Epoch [331]
2022-07-06 13:19:52,294 INFO: Epoch: 333 | PSNR: 30.1108 | Loss: 5.5204 | lr: 2.50e-04 | Best_PSNR: 30.1136 in Epoch [331]
2022-07-06 13:20:15,665 INFO: Epoch: 334 | PSNR: 30.1041 | Loss: 5.5282 | lr: 2.50e-04 | Best_PSNR: 30.1136 in Epoch [331]
2022-07-06 13:20:38,770 INFO: Epoch: 335 | PSNR: 30.0996 | Loss: 5.5353 | lr: 2.50e-04 | Best_PSNR: 30.1136 in Epoch [331]
2022-07-06 13:21:01,958 INFO: Epoch: 336 | PSNR: 30.1080 | Loss: 5.5326 | lr: 2.50e-04 | Best_PSNR: 30.1136 in Epoch [331]
2022-07-06 13:21:25,251 INFO: Epoch: 337 | PSNR: 30.0947 | Loss: 5.5021 | lr: 2.50e-04 | Best_PSNR: 30.1136 in Epoch [331]
2022-07-06 13:21:48,708 INFO: Epoch: 338 | PSNR: 30.0984 | Loss: 5.5136 | lr: 2.50e-04 | Best_PSNR: 30.1136 in Epoch [331]
2022-07-06 13:22:11,804 INFO: Epoch: 339 | PSNR: 30.0996 | Loss: 5.5181 | lr: 2.50e-04 | Best_PSNR: 30.1136 in Epoch [331]
2022-07-06 13:22:34,976 INFO: Epoch: 340 | PSNR: 30.1097 | Loss: 5.5037 | lr: 2.50e-04 | Best_PSNR: 30.1136 in Epoch [331]
2022-07-06 13:22:58,914 INFO: Epoch: 341 | PSNR: 30.1151 | Loss: 5.5256 | lr: 2.50e-04 | Best_PSNR: 30.1151 in Epoch [341]
2022-07-06 13:23:21,856 INFO: Epoch: 342 | PSNR: 30.1034 | Loss: 5.4832 | lr: 2.50e-04 | Best_PSNR: 30.1151 in Epoch [341]
2022-07-06 13:23:45,033 INFO: Epoch: 343 | PSNR: 30.1069 | Loss: 5.5363 | lr: 2.50e-04 | Best_PSNR: 30.1151 in Epoch [341]
2022-07-06 13:24:08,340 INFO: Epoch: 344 | PSNR: 30.1027 | Loss: 5.5043 | lr: 2.50e-04 | Best_PSNR: 30.1151 in Epoch [341]
2022-07-06 13:24:31,514 INFO: Epoch: 345 | PSNR: 30.1026 | Loss: 5.5402 | lr: 2.50e-04 | Best_PSNR: 30.1151 in Epoch [341]
2022-07-06 13:24:54,499 INFO: Epoch: 346 | PSNR: 30.1043 | Loss: 5.5201 | lr: 2.50e-04 | Best_PSNR: 30.1151 in Epoch [341]
2022-07-06 13:25:17,398 INFO: Epoch: 347 | PSNR: 30.1117 | Loss: 5.4916 | lr: 2.50e-04 | Best_PSNR: 30.1151 in Epoch [341]
2022-07-06 13:25:41,098 INFO: Epoch: 348 | PSNR: 30.1091 | Loss: 5.5154 | lr: 2.50e-04 | Best_PSNR: 30.1151 in Epoch [341]
2022-07-06 13:26:04,332 INFO: Epoch: 349 | PSNR: 30.1020 | Loss: 5.5334 | lr: 2.50e-04 | Best_PSNR: 30.1151 in Epoch [341]
2022-07-06 13:26:27,647 INFO: Epoch: 350 | PSNR: 30.0997 | Loss: 5.5163 | lr: 2.50e-04 | Best_PSNR: 30.1151 in Epoch [341]
2022-07-06 13:26:50,989 INFO: Epoch: 351 | PSNR: 30.1084 | Loss: 5.5196 | lr: 2.50e-04 | Best_PSNR: 30.1151 in Epoch [341]
2022-07-06 13:27:14,630 INFO: Epoch: 352 | PSNR: 30.0933 | Loss: 5.5138 | lr: 2.50e-04 | Best_PSNR: 30.1151 in Epoch [341]
2022-07-06 13:27:37,713 INFO: Epoch: 353 | PSNR: 30.1059 | Loss: 5.4713 | lr: 2.50e-04 | Best_PSNR: 30.1151 in Epoch [341]
2022-07-06 13:28:01,032 INFO: Epoch: 354 | PSNR: 30.1048 | Loss: 5.4588 | lr: 2.50e-04 | Best_PSNR: 30.1151 in Epoch [341]
2022-07-06 13:28:24,194 INFO: Epoch: 355 | PSNR: 30.1142 | Loss: 5.5651 | lr: 2.50e-04 | Best_PSNR: 30.1151 in Epoch [341]
2022-07-06 13:28:47,486 INFO: Epoch: 356 | PSNR: 30.0972 | Loss: 5.5009 | lr: 2.50e-04 | Best_PSNR: 30.1151 in Epoch [341]
2022-07-06 13:29:10,753 INFO: Epoch: 357 | PSNR: 30.1076 | Loss: 5.4470 | lr: 2.50e-04 | Best_PSNR: 30.1151 in Epoch [341]
2022-07-06 13:29:34,071 INFO: Epoch: 358 | PSNR: 30.1052 | Loss: 5.5429 | lr: 2.50e-04 | Best_PSNR: 30.1151 in Epoch [341]
2022-07-06 13:29:57,639 INFO: Epoch: 359 | PSNR: 30.0972 | Loss: 5.5266 | lr: 2.50e-04 | Best_PSNR: 30.1151 in Epoch [341]
2022-07-06 13:30:21,654 INFO: Epoch: 360 | PSNR: 30.1173 | Loss: 5.5250 | lr: 1.25e-04 | Best_PSNR: 30.1173 in Epoch [360]
2022-07-06 13:30:45,599 INFO: Epoch: 361 | PSNR: 30.1177 | Loss: 5.4922 | lr: 1.25e-04 | Best_PSNR: 30.1177 in Epoch [361]
2022-07-06 13:31:08,880 INFO: Epoch: 362 | PSNR: 30.1168 | Loss: 5.5214 | lr: 1.25e-04 | Best_PSNR: 30.1177 in Epoch [361]
2022-07-06 13:31:31,870 INFO: Epoch: 363 | PSNR: 30.1139 | Loss: 5.5039 | lr: 1.25e-04 | Best_PSNR: 30.1177 in Epoch [361]
2022-07-06 13:31:55,102 INFO: Epoch: 364 | PSNR: 30.1147 | Loss: 5.4842 | lr: 1.25e-04 | Best_PSNR: 30.1177 in Epoch [361]
2022-07-06 13:32:18,870 INFO: Epoch: 365 | PSNR: 30.1177 | Loss: 5.5048 | lr: 1.25e-04 | Best_PSNR: 30.1177 in Epoch [365]
2022-07-06 13:32:42,046 INFO: Epoch: 366 | PSNR: 30.1156 | Loss: 5.5329 | lr: 1.25e-04 | Best_PSNR: 30.1177 in Epoch [365]
2022-07-06 13:33:05,436 INFO: Epoch: 367 | PSNR: 30.1084 | Loss: 5.4985 | lr: 1.25e-04 | Best_PSNR: 30.1177 in Epoch [365]
2022-07-06 13:33:28,740 INFO: Epoch: 368 | PSNR: 30.1148 | Loss: 5.5309 | lr: 1.25e-04 | Best_PSNR: 30.1177 in Epoch [365]
2022-07-06 13:33:52,192 INFO: Epoch: 369 | PSNR: 30.1141 | Loss: 5.4689 | lr: 1.25e-04 | Best_PSNR: 30.1177 in Epoch [365]
2022-07-06 13:34:15,499 INFO: Epoch: 370 | PSNR: 30.1134 | Loss: 5.5036 | lr: 1.25e-04 | Best_PSNR: 30.1177 in Epoch [365]
2022-07-06 13:34:39,015 INFO: Epoch: 371 | PSNR: 30.1167 | Loss: 5.4787 | lr: 1.25e-04 | Best_PSNR: 30.1177 in Epoch [365]
2022-07-06 13:35:02,271 INFO: Epoch: 372 | PSNR: 30.1113 | Loss: 5.4540 | lr: 1.25e-04 | Best_PSNR: 30.1177 in Epoch [365]
2022-07-06 13:35:25,930 INFO: Epoch: 373 | PSNR: 30.1119 | Loss: 5.5357 | lr: 1.25e-04 | Best_PSNR: 30.1177 in Epoch [365]
2022-07-06 13:35:49,173 INFO: Epoch: 374 | PSNR: 30.1153 | Loss: 5.5114 | lr: 1.25e-04 | Best_PSNR: 30.1177 in Epoch [365]
2022-07-06 13:36:12,164 INFO: Epoch: 375 | PSNR: 30.1157 | Loss: 5.5311 | lr: 1.25e-04 | Best_PSNR: 30.1177 in Epoch [365]
2022-07-06 13:36:35,342 INFO: Epoch: 376 | PSNR: 30.1152 | Loss: 5.5067 | lr: 1.25e-04 | Best_PSNR: 30.1177 in Epoch [365]
2022-07-06 13:36:58,314 INFO: Epoch: 377 | PSNR: 30.1141 | Loss: 5.4487 | lr: 1.25e-04 | Best_PSNR: 30.1177 in Epoch [365]
2022-07-06 13:37:21,420 INFO: Epoch: 378 | PSNR: 30.1111 | Loss: 5.4897 | lr: 1.25e-04 | Best_PSNR: 30.1177 in Epoch [365]
2022-07-06 13:37:45,258 INFO: Epoch: 379 | PSNR: 30.1188 | Loss: 5.5072 | lr: 1.25e-04 | Best_PSNR: 30.1188 in Epoch [379]
2022-07-06 13:38:08,339 INFO: Epoch: 380 | PSNR: 30.1150 | Loss: 5.4502 | lr: 1.25e-04 | Best_PSNR: 30.1188 in Epoch [379]
2022-07-06 13:38:31,996 INFO: Epoch: 381 | PSNR: 30.1198 | Loss: 5.5286 | lr: 1.25e-04 | Best_PSNR: 30.1198 in Epoch [381]
2022-07-06 13:38:54,209 INFO: Epoch: 382 | PSNR: 30.1145 | Loss: 5.4688 | lr: 1.25e-04 | Best_PSNR: 30.1198 in Epoch [381]
2022-07-06 13:39:17,644 INFO: Epoch: 383 | PSNR: 30.1161 | Loss: 5.5198 | lr: 1.25e-04 | Best_PSNR: 30.1198 in Epoch [381]
2022-07-06 13:39:40,874 INFO: Epoch: 384 | PSNR: 30.0997 | Loss: 5.5276 | lr: 1.25e-04 | Best_PSNR: 30.1198 in Epoch [381]
2022-07-06 13:40:04,195 INFO: Epoch: 385 | PSNR: 30.1142 | Loss: 5.4712 | lr: 1.25e-04 | Best_PSNR: 30.1198 in Epoch [381]
2022-07-06 13:40:27,446 INFO: Epoch: 386 | PSNR: 30.1136 | Loss: 5.4983 | lr: 1.25e-04 | Best_PSNR: 30.1198 in Epoch [381]
2022-07-06 13:40:50,500 INFO: Epoch: 387 | PSNR: 30.1157 | Loss: 5.4888 | lr: 1.25e-04 | Best_PSNR: 30.1198 in Epoch [381]
2022-07-06 13:41:14,047 INFO: Epoch: 388 | PSNR: 30.1197 | Loss: 5.5368 | lr: 1.25e-04 | Best_PSNR: 30.1198 in Epoch [381]
2022-07-06 13:41:37,366 INFO: Epoch: 389 | PSNR: 30.1142 | Loss: 5.4782 | lr: 1.25e-04 | Best_PSNR: 30.1198 in Epoch [381]
2022-07-06 13:42:00,622 INFO: Epoch: 390 | PSNR: 30.1172 | Loss: 5.5216 | lr: 1.25e-04 | Best_PSNR: 30.1198 in Epoch [381]
2022-07-06 13:42:24,137 INFO: Epoch: 391 | PSNR: 30.1063 | Loss: 5.4804 | lr: 1.25e-04 | Best_PSNR: 30.1198 in Epoch [381]
2022-07-06 13:42:47,433 INFO: Epoch: 392 | PSNR: 30.1171 | Loss: 5.4991 | lr: 1.25e-04 | Best_PSNR: 30.1198 in Epoch [381]
2022-07-06 13:43:10,894 INFO: Epoch: 393 | PSNR: 30.1119 | Loss: 5.5102 | lr: 1.25e-04 | Best_PSNR: 30.1198 in Epoch [381]
2022-07-06 13:43:34,257 INFO: Epoch: 394 | PSNR: 30.1141 | Loss: 5.5064 | lr: 1.25e-04 | Best_PSNR: 30.1198 in Epoch [381]
2022-07-06 13:43:57,228 INFO: Epoch: 395 | PSNR: 30.1099 | Loss: 5.5146 | lr: 1.25e-04 | Best_PSNR: 30.1198 in Epoch [381]
2022-07-06 13:44:20,490 INFO: Epoch: 396 | PSNR: 30.1144 | Loss: 5.5207 | lr: 1.25e-04 | Best_PSNR: 30.1198 in Epoch [381]
2022-07-06 13:44:43,736 INFO: Epoch: 397 | PSNR: 30.1158 | Loss: 5.5023 | lr: 1.25e-04 | Best_PSNR: 30.1198 in Epoch [381]
2022-07-06 13:45:07,186 INFO: Epoch: 398 | PSNR: 30.1088 | Loss: 5.5244 | lr: 1.25e-04 | Best_PSNR: 30.1198 in Epoch [381]
2022-07-06 13:45:30,513 INFO: Epoch: 399 | PSNR: 30.1053 | Loss: 5.5239 | lr: 1.25e-04 | Best_PSNR: 30.1198 in Epoch [381]
2022-07-06 13:45:53,695 INFO: Epoch: 400 | PSNR: 30.1128 | Loss: 5.4967 | lr: 1.25e-04 | Best_PSNR: 30.1198 in Epoch [381]
2022-07-06 13:46:17,050 INFO: Epoch: 401 | PSNR: 30.1157 | Loss: 5.5175 | lr: 1.25e-04 | Best_PSNR: 30.1198 in Epoch [381]
2022-07-06 13:46:40,419 INFO: Epoch: 402 | PSNR: 30.1157 | Loss: 5.5028 | lr: 1.25e-04 | Best_PSNR: 30.1198 in Epoch [381]
2022-07-06 13:47:04,173 INFO: Epoch: 403 | PSNR: 30.1190 | Loss: 5.4734 | lr: 1.25e-04 | Best_PSNR: 30.1198 in Epoch [381]
2022-07-06 13:47:27,525 INFO: Epoch: 404 | PSNR: 30.1119 | Loss: 5.5081 | lr: 1.25e-04 | Best_PSNR: 30.1198 in Epoch [381]
2022-07-06 13:47:50,871 INFO: Epoch: 405 | PSNR: 30.1085 | Loss: 5.5041 | lr: 1.25e-04 | Best_PSNR: 30.1198 in Epoch [381]
2022-07-06 13:48:14,285 INFO: Epoch: 406 | PSNR: 30.1181 | Loss: 5.5075 | lr: 1.25e-04 | Best_PSNR: 30.1198 in Epoch [381]
2022-07-06 13:48:37,596 INFO: Epoch: 407 | PSNR: 30.1196 | Loss: 5.4932 | lr: 1.25e-04 | Best_PSNR: 30.1198 in Epoch [381]
2022-07-06 13:49:00,861 INFO: Epoch: 408 | PSNR: 30.1131 | Loss: 5.5150 | lr: 1.25e-04 | Best_PSNR: 30.1198 in Epoch [381]
2022-07-06 13:49:24,730 INFO: Epoch: 409 | PSNR: 30.1114 | Loss: 5.5033 | lr: 1.25e-04 | Best_PSNR: 30.1198 in Epoch [381]
2022-07-06 13:49:48,171 INFO: Epoch: 410 | PSNR: 30.1113 | Loss: 5.5094 | lr: 1.25e-04 | Best_PSNR: 30.1198 in Epoch [381]
2022-07-06 13:50:11,396 INFO: Epoch: 411 | PSNR: 30.1143 | Loss: 5.4428 | lr: 1.25e-04 | Best_PSNR: 30.1198 in Epoch [381]
2022-07-06 13:50:34,699 INFO: Epoch: 412 | PSNR: 30.1150 | Loss: 5.5334 | lr: 1.25e-04 | Best_PSNR: 30.1198 in Epoch [381]
2022-07-06 13:50:57,823 INFO: Epoch: 413 | PSNR: 30.1155 | Loss: 5.5266 | lr: 1.25e-04 | Best_PSNR: 30.1198 in Epoch [381]
2022-07-06 13:51:21,251 INFO: Epoch: 414 | PSNR: 30.1178 | Loss: 5.4861 | lr: 1.25e-04 | Best_PSNR: 30.1198 in Epoch [381]
2022-07-06 13:51:44,425 INFO: Epoch: 415 | PSNR: 30.1151 | Loss: 5.5809 | lr: 1.25e-04 | Best_PSNR: 30.1198 in Epoch [381]
2022-07-06 13:52:07,666 INFO: Epoch: 416 | PSNR: 30.1139 | Loss: 5.5371 | lr: 1.25e-04 | Best_PSNR: 30.1198 in Epoch [381]
2022-07-06 13:52:30,744 INFO: Epoch: 417 | PSNR: 30.1170 | Loss: 5.5035 | lr: 1.25e-04 | Best_PSNR: 30.1198 in Epoch [381]
2022-07-06 13:52:54,152 INFO: Epoch: 418 | PSNR: 30.1063 | Loss: 5.5007 | lr: 1.25e-04 | Best_PSNR: 30.1198 in Epoch [381]
2022-07-06 13:53:17,477 INFO: Epoch: 419 | PSNR: 30.1184 | Loss: 5.4465 | lr: 1.25e-04 | Best_PSNR: 30.1198 in Epoch [381]
2022-07-06 13:53:40,720 INFO: Epoch: 420 | PSNR: 30.1144 | Loss: 5.4954 | lr: 1.25e-04 | Best_PSNR: 30.1198 in Epoch [381]
2022-07-06 13:54:03,880 INFO: Epoch: 421 | PSNR: 30.1174 | Loss: 5.5556 | lr: 1.25e-04 | Best_PSNR: 30.1198 in Epoch [381]
2022-07-06 13:54:27,249 INFO: Epoch: 422 | PSNR: 30.1177 | Loss: 5.4948 | lr: 1.25e-04 | Best_PSNR: 30.1198 in Epoch [381]
2022-07-06 13:54:50,705 INFO: Epoch: 423 | PSNR: 30.1178 | Loss: 5.5087 | lr: 1.25e-04 | Best_PSNR: 30.1198 in Epoch [381]
2022-07-06 13:55:14,260 INFO: Epoch: 424 | PSNR: 30.1163 | Loss: 5.5027 | lr: 1.25e-04 | Best_PSNR: 30.1198 in Epoch [381]
2022-07-06 13:55:37,897 INFO: Epoch: 425 | PSNR: 30.1165 | Loss: 5.5149 | lr: 1.25e-04 | Best_PSNR: 30.1198 in Epoch [381]
2022-07-06 13:56:01,025 INFO: Epoch: 426 | PSNR: 30.1015 | Loss: 5.4825 | lr: 1.25e-04 | Best_PSNR: 30.1198 in Epoch [381]
2022-07-06 13:56:25,076 INFO: Epoch: 427 | PSNR: 30.1212 | Loss: 5.4902 | lr: 1.25e-04 | Best_PSNR: 30.1212 in Epoch [427]
2022-07-06 13:56:48,349 INFO: Epoch: 428 | PSNR: 30.1188 | Loss: 5.4556 | lr: 1.25e-04 | Best_PSNR: 30.1212 in Epoch [427]
2022-07-06 13:57:11,740 INFO: Epoch: 429 | PSNR: 30.1116 | Loss: 5.5540 | lr: 1.25e-04 | Best_PSNR: 30.1212 in Epoch [427]
2022-07-06 13:57:35,077 INFO: Epoch: 430 | PSNR: 30.1191 | Loss: 5.4837 | lr: 1.25e-04 | Best_PSNR: 30.1212 in Epoch [427]
2022-07-06 13:57:58,965 INFO: Epoch: 431 | PSNR: 30.1167 | Loss: 5.5039 | lr: 1.25e-04 | Best_PSNR: 30.1212 in Epoch [427]
2022-07-06 13:58:22,746 INFO: Epoch: 432 | PSNR: 30.1117 | Loss: 5.5332 | lr: 1.25e-04 | Best_PSNR: 30.1212 in Epoch [427]
2022-07-06 13:58:46,221 INFO: Epoch: 433 | PSNR: 30.1082 | Loss: 5.5005 | lr: 1.25e-04 | Best_PSNR: 30.1212 in Epoch [427]
2022-07-06 13:59:10,317 INFO: Epoch: 434 | PSNR: 30.1185 | Loss: 5.4794 | lr: 1.25e-04 | Best_PSNR: 30.1212 in Epoch [427]
2022-07-06 13:59:33,868 INFO: Epoch: 435 | PSNR: 30.1202 | Loss: 5.5056 | lr: 1.25e-04 | Best_PSNR: 30.1212 in Epoch [427]
2022-07-06 13:59:57,256 INFO: Epoch: 436 | PSNR: 30.1170 | Loss: 5.4636 | lr: 1.25e-04 | Best_PSNR: 30.1212 in Epoch [427]
2022-07-06 14:00:20,611 INFO: Epoch: 437 | PSNR: 30.1149 | Loss: 5.4780 | lr: 1.25e-04 | Best_PSNR: 30.1212 in Epoch [427]
2022-07-06 14:00:43,904 INFO: Epoch: 438 | PSNR: 30.1200 | Loss: 5.4672 | lr: 1.25e-04 | Best_PSNR: 30.1212 in Epoch [427]
2022-07-06 14:01:07,493 INFO: Epoch: 439 | PSNR: 30.1066 | Loss: 5.4773 | lr: 1.25e-04 | Best_PSNR: 30.1212 in Epoch [427]
2022-07-06 14:01:30,834 INFO: Epoch: 440 | PSNR: 30.1133 | Loss: 5.5531 | lr: 1.25e-04 | Best_PSNR: 30.1212 in Epoch [427]
2022-07-06 14:01:54,022 INFO: Epoch: 441 | PSNR: 30.1209 | Loss: 5.4576 | lr: 1.25e-04 | Best_PSNR: 30.1212 in Epoch [427]
2022-07-06 14:02:17,559 INFO: Epoch: 442 | PSNR: 30.1151 | Loss: 5.4845 | lr: 1.25e-04 | Best_PSNR: 30.1212 in Epoch [427]
2022-07-06 14:02:41,074 INFO: Epoch: 443 | PSNR: 30.1191 | Loss: 5.4910 | lr: 1.25e-04 | Best_PSNR: 30.1212 in Epoch [427]
2022-07-06 14:03:04,564 INFO: Epoch: 444 | PSNR: 30.1198 | Loss: 5.4948 | lr: 1.25e-04 | Best_PSNR: 30.1212 in Epoch [427]
2022-07-06 14:03:28,462 INFO: Epoch: 445 | PSNR: 30.1180 | Loss: 5.4626 | lr: 1.25e-04 | Best_PSNR: 30.1212 in Epoch [427]
2022-07-06 14:03:51,762 INFO: Epoch: 446 | PSNR: 30.1179 | Loss: 5.4749 | lr: 1.25e-04 | Best_PSNR: 30.1212 in Epoch [427]
2022-07-06 14:04:15,528 INFO: Epoch: 447 | PSNR: 30.1085 | Loss: 5.5525 | lr: 1.25e-04 | Best_PSNR: 30.1212 in Epoch [427]
2022-07-06 14:04:39,194 INFO: Epoch: 448 | PSNR: 30.1182 | Loss: 5.5386 | lr: 1.25e-04 | Best_PSNR: 30.1212 in Epoch [427]
2022-07-06 14:05:02,552 INFO: Epoch: 449 | PSNR: 30.1200 | Loss: 5.5200 | lr: 1.25e-04 | Best_PSNR: 30.1212 in Epoch [427]
2022-07-06 14:05:26,176 INFO: Epoch: 450 | PSNR: 30.1189 | Loss: 5.4989 | lr: 1.25e-04 | Best_PSNR: 30.1212 in Epoch [427]
2022-07-06 14:05:49,608 INFO: Epoch: 451 | PSNR: 30.1175 | Loss: 5.5249 | lr: 1.25e-04 | Best_PSNR: 30.1212 in Epoch [427]
2022-07-06 14:06:13,173 INFO: Epoch: 452 | PSNR: 30.1154 | Loss: 5.5414 | lr: 1.25e-04 | Best_PSNR: 30.1212 in Epoch [427]
2022-07-06 14:06:36,935 INFO: Epoch: 453 | PSNR: 30.1193 | Loss: 5.5343 | lr: 1.25e-04 | Best_PSNR: 30.1212 in Epoch [427]
2022-07-06 14:07:00,248 INFO: Epoch: 454 | PSNR: 30.1156 | Loss: 5.5363 | lr: 1.25e-04 | Best_PSNR: 30.1212 in Epoch [427]
2022-07-06 14:07:23,816 INFO: Epoch: 455 | PSNR: 30.1133 | Loss: 5.5238 | lr: 1.25e-04 | Best_PSNR: 30.1212 in Epoch [427]
2022-07-06 14:07:46,824 INFO: Epoch: 456 | PSNR: 30.1156 | Loss: 5.5327 | lr: 1.25e-04 | Best_PSNR: 30.1212 in Epoch [427]
2022-07-06 14:08:10,306 INFO: Epoch: 457 | PSNR: 30.1163 | Loss: 5.5177 | lr: 1.25e-04 | Best_PSNR: 30.1212 in Epoch [427]
2022-07-06 14:08:33,574 INFO: Epoch: 458 | PSNR: 30.1063 | Loss: 5.4703 | lr: 1.25e-04 | Best_PSNR: 30.1212 in Epoch [427]
2022-07-06 14:08:57,112 INFO: Epoch: 459 | PSNR: 30.1209 | Loss: 5.5151 | lr: 1.25e-04 | Best_PSNR: 30.1212 in Epoch [427]
2022-07-06 14:09:20,394 INFO: Epoch: 460 | PSNR: 30.1139 | Loss: 5.5173 | lr: 1.25e-04 | Best_PSNR: 30.1212 in Epoch [427]
2022-07-06 14:09:43,989 INFO: Epoch: 461 | PSNR: 30.1140 | Loss: 5.4909 | lr: 1.25e-04 | Best_PSNR: 30.1212 in Epoch [427]
2022-07-06 14:10:07,268 INFO: Epoch: 462 | PSNR: 30.1198 | Loss: 5.5139 | lr: 1.25e-04 | Best_PSNR: 30.1212 in Epoch [427]
2022-07-06 14:10:31,109 INFO: Epoch: 463 | PSNR: 30.1062 | Loss: 5.5891 | lr: 1.25e-04 | Best_PSNR: 30.1212 in Epoch [427]
2022-07-06 14:10:54,498 INFO: Epoch: 464 | PSNR: 30.1179 | Loss: 5.4791 | lr: 1.25e-04 | Best_PSNR: 30.1212 in Epoch [427]
2022-07-06 14:11:18,632 INFO: Epoch: 465 | PSNR: 30.1223 | Loss: 5.5132 | lr: 1.25e-04 | Best_PSNR: 30.1223 in Epoch [465]
2022-07-06 14:11:42,156 INFO: Epoch: 466 | PSNR: 30.1180 | Loss: 5.4894 | lr: 1.25e-04 | Best_PSNR: 30.1223 in Epoch [465]
2022-07-06 14:12:05,882 INFO: Epoch: 467 | PSNR: 30.1110 | Loss: 5.4796 | lr: 1.25e-04 | Best_PSNR: 30.1223 in Epoch [465]
2022-07-06 14:12:29,523 INFO: Epoch: 468 | PSNR: 30.1208 | Loss: 5.4969 | lr: 1.25e-04 | Best_PSNR: 30.1223 in Epoch [465]
2022-07-06 14:12:52,015 INFO: Epoch: 469 | PSNR: 30.1159 | Loss: 5.4706 | lr: 1.25e-04 | Best_PSNR: 30.1223 in Epoch [465]
2022-07-06 14:13:15,581 INFO: Epoch: 470 | PSNR: 30.1198 | Loss: 5.4677 | lr: 1.25e-04 | Best_PSNR: 30.1223 in Epoch [465]
2022-07-06 14:13:39,046 INFO: Epoch: 471 | PSNR: 30.1181 | Loss: 5.5211 | lr: 1.25e-04 | Best_PSNR: 30.1223 in Epoch [465]
2022-07-06 14:14:02,862 INFO: Epoch: 472 | PSNR: 30.1185 | Loss: 5.4775 | lr: 1.25e-04 | Best_PSNR: 30.1223 in Epoch [465]
2022-07-06 14:14:27,167 INFO: Epoch: 473 | PSNR: 30.1241 | Loss: 5.4918 | lr: 1.25e-04 | Best_PSNR: 30.1241 in Epoch [473]
2022-07-06 14:14:51,685 INFO: Epoch: 474 | PSNR: 30.1167 | Loss: 5.4775 | lr: 1.25e-04 | Best_PSNR: 30.1241 in Epoch [473]
2022-07-06 14:15:15,116 INFO: Epoch: 475 | PSNR: 30.1200 | Loss: 5.4554 | lr: 1.25e-04 | Best_PSNR: 30.1241 in Epoch [473]
2022-07-06 14:15:38,926 INFO: Epoch: 476 | PSNR: 30.1216 | Loss: 5.4818 | lr: 1.25e-04 | Best_PSNR: 30.1241 in Epoch [473]
2022-07-06 14:16:02,791 INFO: Epoch: 477 | PSNR: 30.1159 | Loss: 5.4170 | lr: 1.25e-04 | Best_PSNR: 30.1241 in Epoch [473]
2022-07-06 14:16:26,393 INFO: Epoch: 478 | PSNR: 30.1159 | Loss: 5.4583 | lr: 1.25e-04 | Best_PSNR: 30.1241 in Epoch [473]
2022-07-06 14:16:50,095 INFO: Epoch: 479 | PSNR: 30.1238 | Loss: 5.5252 | lr: 1.25e-04 | Best_PSNR: 30.1241 in Epoch [473]
2022-07-06 14:17:14,302 INFO: Epoch: 480 | PSNR: 30.1256 | Loss: 5.5059 | lr: 6.25e-05 | Best_PSNR: 30.1256 in Epoch [480]
2022-07-06 14:17:37,852 INFO: Epoch: 481 | PSNR: 30.1194 | Loss: 5.4772 | lr: 6.25e-05 | Best_PSNR: 30.1256 in Epoch [480]
2022-07-06 14:18:01,555 INFO: Epoch: 482 | PSNR: 30.1172 | Loss: 5.5142 | lr: 6.25e-05 | Best_PSNR: 30.1256 in Epoch [480]
2022-07-06 14:18:25,772 INFO: Epoch: 483 | PSNR: 30.1263 | Loss: 5.4932 | lr: 6.25e-05 | Best_PSNR: 30.1263 in Epoch [483]
2022-07-06 14:18:49,320 INFO: Epoch: 484 | PSNR: 30.1248 | Loss: 5.4864 | lr: 6.25e-05 | Best_PSNR: 30.1263 in Epoch [483]
2022-07-06 14:19:12,729 INFO: Epoch: 485 | PSNR: 30.1229 | Loss: 5.5191 | lr: 6.25e-05 | Best_PSNR: 30.1263 in Epoch [483]
2022-07-06 14:19:36,014 INFO: Epoch: 486 | PSNR: 30.1209 | Loss: 5.5002 | lr: 6.25e-05 | Best_PSNR: 30.1263 in Epoch [483]
2022-07-06 14:20:02,368 INFO: Epoch: 487 | PSNR: 30.1238 | Loss: 5.4730 | lr: 6.25e-05 | Best_PSNR: 30.1263 in Epoch [483]
2022-07-06 14:20:25,791 INFO: Epoch: 488 | PSNR: 30.1239 | Loss: 5.4638 | lr: 6.25e-05 | Best_PSNR: 30.1263 in Epoch [483]
2022-07-06 14:20:49,386 INFO: Epoch: 489 | PSNR: 30.1198 | Loss: 5.5138 | lr: 6.25e-05 | Best_PSNR: 30.1263 in Epoch [483]
2022-07-06 14:21:13,249 INFO: Epoch: 490 | PSNR: 30.1244 | Loss: 5.5202 | lr: 6.25e-05 | Best_PSNR: 30.1263 in Epoch [483]
2022-07-06 14:21:37,026 INFO: Epoch: 491 | PSNR: 30.1208 | Loss: 5.4794 | lr: 6.25e-05 | Best_PSNR: 30.1263 in Epoch [483]
2022-07-06 14:22:00,579 INFO: Epoch: 492 | PSNR: 30.1237 | Loss: 5.4995 | lr: 6.25e-05 | Best_PSNR: 30.1263 in Epoch [483]
2022-07-06 14:22:24,184 INFO: Epoch: 493 | PSNR: 30.1231 | Loss: 5.5014 | lr: 6.25e-05 | Best_PSNR: 30.1263 in Epoch [483]
2022-07-06 14:22:47,806 INFO: Epoch: 494 | PSNR: 30.1239 | Loss: 5.4932 | lr: 6.25e-05 | Best_PSNR: 30.1263 in Epoch [483]
2022-07-06 14:23:11,865 INFO: Epoch: 495 | PSNR: 30.1277 | Loss: 5.5036 | lr: 6.25e-05 | Best_PSNR: 30.1277 in Epoch [495]
2022-07-06 14:23:37,269 INFO: Epoch: 496 | PSNR: 30.1220 | Loss: 5.5064 | lr: 6.25e-05 | Best_PSNR: 30.1277 in Epoch [495]
2022-07-06 14:24:01,159 INFO: Epoch: 497 | PSNR: 30.1203 | Loss: 5.4577 | lr: 6.25e-05 | Best_PSNR: 30.1277 in Epoch [495]
2022-07-06 14:24:24,568 INFO: Epoch: 498 | PSNR: 30.1209 | Loss: 5.4778 | lr: 6.25e-05 | Best_PSNR: 30.1277 in Epoch [495]
2022-07-06 14:24:48,165 INFO: Epoch: 499 | PSNR: 30.1216 | Loss: 5.5466 | lr: 6.25e-05 | Best_PSNR: 30.1277 in Epoch [495]
2022-07-06 14:25:13,386 INFO: Epoch: 500 | PSNR: 30.1241 | Loss: 5.4663 | lr: 6.25e-05 | Best_PSNR: 30.1277 in Epoch [495]
2022-07-06 14:25:37,822 INFO: Epoch: 501 | PSNR: 30.1246 | Loss: 5.4977 | lr: 6.25e-05 | Best_PSNR: 30.1277 in Epoch [495]
2022-07-06 14:26:01,526 INFO: Epoch: 502 | PSNR: 30.1191 | Loss: 5.4820 | lr: 6.25e-05 | Best_PSNR: 30.1277 in Epoch [495]
2022-07-06 14:26:27,856 INFO: Epoch: 503 | PSNR: 30.1239 | Loss: 5.5682 | lr: 6.25e-05 | Best_PSNR: 30.1277 in Epoch [495]
2022-07-06 14:26:51,742 INFO: Epoch: 504 | PSNR: 30.1265 | Loss: 5.4627 | lr: 6.25e-05 | Best_PSNR: 30.1277 in Epoch [495]
2022-07-06 14:27:18,631 INFO: Epoch: 505 | PSNR: 30.1255 | Loss: 5.4905 | lr: 6.25e-05 | Best_PSNR: 30.1277 in Epoch [495]
2022-07-06 14:27:42,244 INFO: Epoch: 506 | PSNR: 30.1239 | Loss: 5.4547 | lr: 6.25e-05 | Best_PSNR: 30.1277 in Epoch [495]
2022-07-06 14:28:08,735 INFO: Epoch: 507 | PSNR: 30.1213 | Loss: 5.4857 | lr: 6.25e-05 | Best_PSNR: 30.1277 in Epoch [495]
2022-07-06 14:28:32,422 INFO: Epoch: 508 | PSNR: 30.1269 | Loss: 5.4935 | lr: 6.25e-05 | Best_PSNR: 30.1277 in Epoch [495]
2022-07-06 14:28:58,595 INFO: Epoch: 509 | PSNR: 30.1241 | Loss: 5.4484 | lr: 6.25e-05 | Best_PSNR: 30.1277 in Epoch [495]
2022-07-06 14:29:22,196 INFO: Epoch: 510 | PSNR: 30.1239 | Loss: 5.5521 | lr: 6.25e-05 | Best_PSNR: 30.1277 in Epoch [495]
2022-07-06 14:29:48,475 INFO: Epoch: 511 | PSNR: 30.1246 | Loss: 5.5217 | lr: 6.25e-05 | Best_PSNR: 30.1277 in Epoch [495]
2022-07-06 14:30:12,108 INFO: Epoch: 512 | PSNR: 30.1220 | Loss: 5.5317 | lr: 6.25e-05 | Best_PSNR: 30.1277 in Epoch [495]
2022-07-06 14:30:35,969 INFO: Epoch: 513 | PSNR: 30.1216 | Loss: 5.4769 | lr: 6.25e-05 | Best_PSNR: 30.1277 in Epoch [495]
2022-07-06 14:30:59,830 INFO: Epoch: 514 | PSNR: 30.1243 | Loss: 5.4585 | lr: 6.25e-05 | Best_PSNR: 30.1277 in Epoch [495]
2022-07-06 14:31:23,892 INFO: Epoch: 515 | PSNR: 30.1271 | Loss: 5.4806 | lr: 6.25e-05 | Best_PSNR: 30.1277 in Epoch [495]
2022-07-06 14:31:47,351 INFO: Epoch: 516 | PSNR: 30.1227 | Loss: 5.5212 | lr: 6.25e-05 | Best_PSNR: 30.1277 in Epoch [495]
2022-07-06 14:32:13,694 INFO: Epoch: 517 | PSNR: 30.1255 | Loss: 5.5156 | lr: 6.25e-05 | Best_PSNR: 30.1277 in Epoch [495]
2022-07-06 14:32:36,874 INFO: Epoch: 518 | PSNR: 30.1246 | Loss: 5.4648 | lr: 6.25e-05 | Best_PSNR: 30.1277 in Epoch [495]
2022-07-06 14:33:00,269 INFO: Epoch: 519 | PSNR: 30.1189 | Loss: 5.4921 | lr: 6.25e-05 | Best_PSNR: 30.1277 in Epoch [495]
2022-07-06 14:33:24,082 INFO: Epoch: 520 | PSNR: 30.1230 | Loss: 5.4755 | lr: 6.25e-05 | Best_PSNR: 30.1277 in Epoch [495]
2022-07-06 14:33:47,564 INFO: Epoch: 521 | PSNR: 30.1153 | Loss: 5.5160 | lr: 6.25e-05 | Best_PSNR: 30.1277 in Epoch [495]
2022-07-06 14:34:11,537 INFO: Epoch: 522 | PSNR: 30.1264 | Loss: 5.5363 | lr: 6.25e-05 | Best_PSNR: 30.1277 in Epoch [495]
2022-07-06 14:34:35,583 INFO: Epoch: 523 | PSNR: 30.1283 | Loss: 5.4920 | lr: 6.25e-05 | Best_PSNR: 30.1283 in Epoch [523]
2022-07-06 14:35:00,888 INFO: Epoch: 524 | PSNR: 30.1228 | Loss: 5.5384 | lr: 6.25e-05 | Best_PSNR: 30.1283 in Epoch [523]
2022-07-06 14:35:38,398 INFO: Epoch: 525 | PSNR: 30.1238 | Loss: 5.4592 | lr: 6.25e-05 | Best_PSNR: 30.1283 in Epoch [523]
2022-07-06 14:36:04,549 INFO: Epoch: 526 | PSNR: 30.1271 | Loss: 5.5131 | lr: 6.25e-05 | Best_PSNR: 30.1283 in Epoch [523]
2022-07-06 14:36:27,833 INFO: Epoch: 527 | PSNR: 30.1245 | Loss: 5.4761 | lr: 6.25e-05 | Best_PSNR: 30.1283 in Epoch [523]
2022-07-06 14:36:51,387 INFO: Epoch: 528 | PSNR: 30.1222 | Loss: 5.4722 | lr: 6.25e-05 | Best_PSNR: 30.1283 in Epoch [523]
2022-07-06 14:37:15,244 INFO: Epoch: 529 | PSNR: 30.1095 | Loss: 5.5269 | lr: 6.25e-05 | Best_PSNR: 30.1283 in Epoch [523]
2022-07-06 14:37:39,254 INFO: Epoch: 530 | PSNR: 30.1244 | Loss: 5.4683 | lr: 6.25e-05 | Best_PSNR: 30.1283 in Epoch [523]
2022-07-06 14:38:02,789 INFO: Epoch: 531 | PSNR: 30.1231 | Loss: 5.5261 | lr: 6.25e-05 | Best_PSNR: 30.1283 in Epoch [523]
2022-07-06 14:38:26,270 INFO: Epoch: 532 | PSNR: 30.1245 | Loss: 5.4961 | lr: 6.25e-05 | Best_PSNR: 30.1283 in Epoch [523]
2022-07-06 14:38:49,619 INFO: Epoch: 533 | PSNR: 30.1216 | Loss: 5.5613 | lr: 6.25e-05 | Best_PSNR: 30.1283 in Epoch [523]
2022-07-06 14:39:13,143 INFO: Epoch: 534 | PSNR: 30.1229 | Loss: 5.4445 | lr: 6.25e-05 | Best_PSNR: 30.1283 in Epoch [523]
2022-07-06 14:39:36,656 INFO: Epoch: 535 | PSNR: 30.1246 | Loss: 5.5070 | lr: 6.25e-05 | Best_PSNR: 30.1283 in Epoch [523]
2022-07-06 14:40:00,134 INFO: Epoch: 536 | PSNR: 30.1261 | Loss: 5.4954 | lr: 6.25e-05 | Best_PSNR: 30.1283 in Epoch [523]
2022-07-06 14:40:23,566 INFO: Epoch: 537 | PSNR: 30.1220 | Loss: 5.4896 | lr: 6.25e-05 | Best_PSNR: 30.1283 in Epoch [523]
2022-07-06 14:40:47,403 INFO: Epoch: 538 | PSNR: 30.1190 | Loss: 5.5319 | lr: 6.25e-05 | Best_PSNR: 30.1283 in Epoch [523]
2022-07-06 14:41:11,053 INFO: Epoch: 539 | PSNR: 30.1240 | Loss: 5.5343 | lr: 6.25e-05 | Best_PSNR: 30.1283 in Epoch [523]
2022-07-06 14:41:34,858 INFO: Epoch: 540 | PSNR: 30.1271 | Loss: 5.5242 | lr: 6.25e-05 | Best_PSNR: 30.1283 in Epoch [523]
2022-07-06 14:42:07,382 INFO: Epoch: 541 | PSNR: 30.1240 | Loss: 5.4836 | lr: 6.25e-05 | Best_PSNR: 30.1283 in Epoch [523]
2022-07-06 14:42:38,036 INFO: Epoch: 542 | PSNR: 30.1220 | Loss: 5.5409 | lr: 6.25e-05 | Best_PSNR: 30.1283 in Epoch [523]
2022-07-06 14:43:03,705 INFO: Epoch: 543 | PSNR: 30.1225 | Loss: 5.4504 | lr: 6.25e-05 | Best_PSNR: 30.1283 in Epoch [523]
2022-07-06 14:43:32,138 INFO: Epoch: 544 | PSNR: 30.1258 | Loss: 5.4997 | lr: 6.25e-05 | Best_PSNR: 30.1283 in Epoch [523]
2022-07-06 14:43:59,701 INFO: Epoch: 545 | PSNR: 30.1209 | Loss: 5.5455 | lr: 6.25e-05 | Best_PSNR: 30.1283 in Epoch [523]
2022-07-06 14:44:27,790 INFO: Epoch: 546 | PSNR: 30.1264 | Loss: 5.4864 | lr: 6.25e-05 | Best_PSNR: 30.1283 in Epoch [523]
2022-07-06 14:44:51,317 INFO: Epoch: 547 | PSNR: 30.1256 | Loss: 5.5370 | lr: 6.25e-05 | Best_PSNR: 30.1283 in Epoch [523]
2022-07-06 14:45:17,806 INFO: Epoch: 548 | PSNR: 30.1212 | Loss: 5.5504 | lr: 6.25e-05 | Best_PSNR: 30.1283 in Epoch [523]
2022-07-06 14:45:41,986 INFO: Epoch: 549 | PSNR: 30.1184 | Loss: 5.4544 | lr: 6.25e-05 | Best_PSNR: 30.1283 in Epoch [523]
2022-07-06 14:46:05,321 INFO: Epoch: 550 | PSNR: 30.1233 | Loss: 5.4549 | lr: 6.25e-05 | Best_PSNR: 30.1283 in Epoch [523]
2022-07-06 14:46:28,715 INFO: Epoch: 551 | PSNR: 30.1241 | Loss: 5.5451 | lr: 6.25e-05 | Best_PSNR: 30.1283 in Epoch [523]
2022-07-06 14:46:52,563 INFO: Epoch: 552 | PSNR: 30.1240 | Loss: 5.4973 | lr: 6.25e-05 | Best_PSNR: 30.1283 in Epoch [523]
2022-07-06 14:47:15,918 INFO: Epoch: 553 | PSNR: 30.1256 | Loss: 5.5144 | lr: 6.25e-05 | Best_PSNR: 30.1283 in Epoch [523]
2022-07-06 14:47:41,691 INFO: Epoch: 554 | PSNR: 30.1278 | Loss: 5.4895 | lr: 6.25e-05 | Best_PSNR: 30.1283 in Epoch [523]
2022-07-06 14:48:05,457 INFO: Epoch: 555 | PSNR: 30.1196 | Loss: 5.4788 | lr: 6.25e-05 | Best_PSNR: 30.1283 in Epoch [523]
2022-07-06 14:48:28,668 INFO: Epoch: 556 | PSNR: 30.1226 | Loss: 5.5335 | lr: 6.25e-05 | Best_PSNR: 30.1283 in Epoch [523]
2022-07-06 14:48:52,619 INFO: Epoch: 557 | PSNR: 30.1285 | Loss: 5.5177 | lr: 6.25e-05 | Best_PSNR: 30.1285 in Epoch [557]
2022-07-06 14:49:19,251 INFO: Epoch: 558 | PSNR: 30.1243 | Loss: 5.5472 | lr: 6.25e-05 | Best_PSNR: 30.1285 in Epoch [557]
2022-07-06 14:49:42,799 INFO: Epoch: 559 | PSNR: 30.1276 | Loss: 5.4807 | lr: 6.25e-05 | Best_PSNR: 30.1285 in Epoch [557]
2022-07-06 14:50:06,125 INFO: Epoch: 560 | PSNR: 30.1250 | Loss: 5.4899 | lr: 6.25e-05 | Best_PSNR: 30.1285 in Epoch [557]
2022-07-06 14:50:29,458 INFO: Epoch: 561 | PSNR: 30.1240 | Loss: 5.5333 | lr: 6.25e-05 | Best_PSNR: 30.1285 in Epoch [557]
2022-07-06 14:50:52,610 INFO: Epoch: 562 | PSNR: 30.1249 | Loss: 5.4627 | lr: 6.25e-05 | Best_PSNR: 30.1285 in Epoch [557]
2022-07-06 14:51:15,782 INFO: Epoch: 563 | PSNR: 30.1277 | Loss: 5.5317 | lr: 6.25e-05 | Best_PSNR: 30.1285 in Epoch [557]
2022-07-06 14:51:39,331 INFO: Epoch: 564 | PSNR: 30.1198 | Loss: 5.5276 | lr: 6.25e-05 | Best_PSNR: 30.1285 in Epoch [557]
2022-07-06 14:52:02,839 INFO: Epoch: 565 | PSNR: 30.1237 | Loss: 5.4389 | lr: 6.25e-05 | Best_PSNR: 30.1285 in Epoch [557]
2022-07-06 14:52:26,171 INFO: Epoch: 566 | PSNR: 30.1214 | Loss: 5.5078 | lr: 6.25e-05 | Best_PSNR: 30.1285 in Epoch [557]
2022-07-06 14:52:49,749 INFO: Epoch: 567 | PSNR: 30.1245 | Loss: 5.5078 | lr: 6.25e-05 | Best_PSNR: 30.1285 in Epoch [557]
2022-07-06 14:53:13,299 INFO: Epoch: 568 | PSNR: 30.1242 | Loss: 5.4848 | lr: 6.25e-05 | Best_PSNR: 30.1285 in Epoch [557]
2022-07-06 14:53:37,044 INFO: Epoch: 569 | PSNR: 30.1266 | Loss: 5.5026 | lr: 6.25e-05 | Best_PSNR: 30.1285 in Epoch [557]
2022-07-06 14:54:00,576 INFO: Epoch: 570 | PSNR: 30.1262 | Loss: 5.5255 | lr: 6.25e-05 | Best_PSNR: 30.1285 in Epoch [557]
2022-07-06 14:54:23,929 INFO: Epoch: 571 | PSNR: 30.1252 | Loss: 5.5099 | lr: 6.25e-05 | Best_PSNR: 30.1285 in Epoch [557]
2022-07-06 14:54:47,339 INFO: Epoch: 572 | PSNR: 30.1269 | Loss: 5.4758 | lr: 6.25e-05 | Best_PSNR: 30.1285 in Epoch [557]
2022-07-06 14:55:11,107 INFO: Epoch: 573 | PSNR: 30.1225 | Loss: 5.4999 | lr: 6.25e-05 | Best_PSNR: 30.1285 in Epoch [557]
2022-07-06 14:55:34,604 INFO: Epoch: 574 | PSNR: 30.1226 | Loss: 5.4848 | lr: 6.25e-05 | Best_PSNR: 30.1285 in Epoch [557]
2022-07-06 14:55:58,129 INFO: Epoch: 575 | PSNR: 30.1256 | Loss: 5.4497 | lr: 6.25e-05 | Best_PSNR: 30.1285 in Epoch [557]
2022-07-06 14:56:21,472 INFO: Epoch: 576 | PSNR: 30.1269 | Loss: 5.4674 | lr: 6.25e-05 | Best_PSNR: 30.1285 in Epoch [557]
2022-07-06 14:56:45,038 INFO: Epoch: 577 | PSNR: 30.1227 | Loss: 5.5477 | lr: 6.25e-05 | Best_PSNR: 30.1285 in Epoch [557]
2022-07-06 14:57:08,739 INFO: Epoch: 578 | PSNR: 30.1251 | Loss: 5.4904 | lr: 6.25e-05 | Best_PSNR: 30.1285 in Epoch [557]
2022-07-06 14:57:32,705 INFO: Epoch: 579 | PSNR: 30.1254 | Loss: 5.4803 | lr: 6.25e-05 | Best_PSNR: 30.1285 in Epoch [557]
2022-07-06 14:57:56,239 INFO: Epoch: 580 | PSNR: 30.1205 | Loss: 5.5076 | lr: 6.25e-05 | Best_PSNR: 30.1285 in Epoch [557]
2022-07-06 14:58:19,571 INFO: Epoch: 581 | PSNR: 30.1266 | Loss: 5.5123 | lr: 6.25e-05 | Best_PSNR: 30.1285 in Epoch [557]
2022-07-06 14:58:43,416 INFO: Epoch: 582 | PSNR: 30.1278 | Loss: 5.4757 | lr: 6.25e-05 | Best_PSNR: 30.1285 in Epoch [557]
2022-07-06 14:59:07,097 INFO: Epoch: 583 | PSNR: 30.1278 | Loss: 5.5212 | lr: 6.25e-05 | Best_PSNR: 30.1285 in Epoch [557]
2022-07-06 14:59:30,470 INFO: Epoch: 584 | PSNR: 30.1267 | Loss: 5.4791 | lr: 6.25e-05 | Best_PSNR: 30.1285 in Epoch [557]
2022-07-06 14:59:54,377 INFO: Epoch: 585 | PSNR: 30.1248 | Loss: 5.5215 | lr: 6.25e-05 | Best_PSNR: 30.1285 in Epoch [557]
2022-07-06 15:00:17,869 INFO: Epoch: 586 | PSNR: 30.1223 | Loss: 5.4832 | lr: 6.25e-05 | Best_PSNR: 30.1285 in Epoch [557]
2022-07-06 15:00:41,378 INFO: Epoch: 587 | PSNR: 30.1243 | Loss: 5.4933 | lr: 6.25e-05 | Best_PSNR: 30.1285 in Epoch [557]
2022-07-06 15:01:04,882 INFO: Epoch: 588 | PSNR: 30.1187 | Loss: 5.5194 | lr: 6.25e-05 | Best_PSNR: 30.1285 in Epoch [557]
2022-07-06 15:01:28,454 INFO: Epoch: 589 | PSNR: 30.1235 | Loss: 5.4431 | lr: 6.25e-05 | Best_PSNR: 30.1285 in Epoch [557]
2022-07-06 15:01:52,088 INFO: Epoch: 590 | PSNR: 30.1205 | Loss: 5.5208 | lr: 6.25e-05 | Best_PSNR: 30.1285 in Epoch [557]
2022-07-06 15:02:15,847 INFO: Epoch: 591 | PSNR: 30.1240 | Loss: 5.4861 | lr: 6.25e-05 | Best_PSNR: 30.1285 in Epoch [557]
2022-07-06 15:02:39,520 INFO: Epoch: 592 | PSNR: 30.1223 | Loss: 5.4861 | lr: 6.25e-05 | Best_PSNR: 30.1285 in Epoch [557]
2022-07-06 15:03:03,096 INFO: Epoch: 593 | PSNR: 30.1254 | Loss: 5.4931 | lr: 6.25e-05 | Best_PSNR: 30.1285 in Epoch [557]
2022-07-06 15:03:26,734 INFO: Epoch: 594 | PSNR: 30.1207 | Loss: 5.4693 | lr: 6.25e-05 | Best_PSNR: 30.1285 in Epoch [557]
2022-07-06 15:03:50,559 INFO: Epoch: 595 | PSNR: 30.1228 | Loss: 5.4472 | lr: 6.25e-05 | Best_PSNR: 30.1285 in Epoch [557]
2022-07-06 15:04:14,407 INFO: Epoch: 596 | PSNR: 30.1237 | Loss: 5.5281 | lr: 6.25e-05 | Best_PSNR: 30.1285 in Epoch [557]
2022-07-06 15:04:37,849 INFO: Epoch: 597 | PSNR: 30.1261 | Loss: 5.4711 | lr: 6.25e-05 | Best_PSNR: 30.1285 in Epoch [557]
2022-07-06 15:05:01,250 INFO: Epoch: 598 | PSNR: 30.1254 | Loss: 5.4759 | lr: 6.25e-05 | Best_PSNR: 30.1285 in Epoch [557]
2022-07-06 15:05:24,735 INFO: Epoch: 599 | PSNR: 30.1259 | Loss: 5.4454 | lr: 6.25e-05 | Best_PSNR: 30.1285 in Epoch [557]
