2022-07-23 01:59:11,246 INFO: Create train dataset successfully!
2022-07-23 01:59:11,246 INFO: Training: [1000] iterations for each epoch
2022-07-23 01:59:11,246 INFO: Create val dataset successfully!
2022-07-23 01:59:11,246 INFO: Validating: [100] iterations for each epoch
2022-07-23 01:59:11,246 INFO: Preparing for experiment: [trial16]
2022-07-23 01:59:12,293 INFO: Create model successfully! Params: [32.57]K
2022-07-23 01:59:12,293 INFO: Model: "model"
2022-07-23 01:59:12,293 INFO: __________________________________________________________________________________________________
2022-07-23 01:59:12,293 INFO: Layer (type)                    Output Shape         Param #     Connected to                     
2022-07-23 01:59:12,293 INFO: ==================================================================================================
2022-07-23 01:59:12,293 INFO: input_1 (InputLayer)            [(None, None, None,  0                                            
2022-07-23 01:59:12,293 INFO: __________________________________________________________________________________________________
2022-07-23 01:59:12,293 INFO: conv2d (Conv2D)                 (None, None, None, 2 672         input_1[0][0]                    
2022-07-23 01:59:12,293 INFO: __________________________________________________________________________________________________
2022-07-23 01:59:12,294 INFO: conv2d_1 (Conv2D)               (None, None, None, 2 5208        conv2d[0][0]                     
2022-07-23 01:59:12,294 INFO: __________________________________________________________________________________________________
2022-07-23 01:59:12,294 INFO: conv2d_2 (Conv2D)               (None, None, None, 2 5208        conv2d_1[0][0]                   
2022-07-23 01:59:12,294 INFO: __________________________________________________________________________________________________
2022-07-23 01:59:12,294 INFO: conv2d_3 (Conv2D)               (None, None, None, 2 5208        conv2d_2[0][0]                   
2022-07-23 01:59:12,294 INFO: __________________________________________________________________________________________________
2022-07-23 01:59:12,294 INFO: conv2d_4 (Conv2D)               (None, None, None, 2 5208        conv2d_3[0][0]                   
2022-07-23 01:59:12,294 INFO: __________________________________________________________________________________________________
2022-07-23 01:59:12,294 INFO: conv2d_5 (Conv2D)               (None, None, None, 2 5208        conv2d_4[0][0]                   
2022-07-23 01:59:12,294 INFO: __________________________________________________________________________________________________
2022-07-23 01:59:12,294 INFO: lambda (Lambda)                 (None, None, None, 2 0           input_1[0][0]                    
2022-07-23 01:59:12,294 INFO:                                                                  input_1[0][0]                    
2022-07-23 01:59:12,294 INFO:                                                                  input_1[0][0]                    
2022-07-23 01:59:12,294 INFO:                                                                  input_1[0][0]                    
2022-07-23 01:59:12,294 INFO:                                                                  input_1[0][0]                    
2022-07-23 01:59:12,294 INFO:                                                                  input_1[0][0]                    
2022-07-23 01:59:12,295 INFO:                                                                  input_1[0][0]                    
2022-07-23 01:59:12,295 INFO:                                                                  input_1[0][0]                    
2022-07-23 01:59:12,295 INFO:                                                                  input_1[0][0]                    
2022-07-23 01:59:12,295 INFO: __________________________________________________________________________________________________
2022-07-23 01:59:12,295 INFO: conv2d_6 (Conv2D)               (None, None, None, 2 5859        conv2d_5[0][0]                   
2022-07-23 01:59:12,295 INFO: __________________________________________________________________________________________________
2022-07-23 01:59:12,295 INFO: add (Add)                       (None, None, None, 2 0           lambda[0][0]                     
2022-07-23 01:59:12,295 INFO:                                                                  conv2d_6[0][0]                   
2022-07-23 01:59:12,295 INFO: __________________________________________________________________________________________________
2022-07-23 01:59:12,295 INFO: lambda_1 (Lambda)               (None, None, None, 3 0           add[0][0]                        
2022-07-23 01:59:12,295 INFO: ==================================================================================================
2022-07-23 01:59:12,295 INFO: Total params: 32,571
2022-07-23 01:59:12,295 INFO: Trainable params: 32,571
2022-07-23 01:59:12,295 INFO: Non-trainable params: 0
2022-07-23 01:59:12,295 INFO: __________________________________________________________________________________________________
2022-07-23 01:59:12,296 INFO: Start training...
2022-07-23 01:59:55,724 INFO: Epoch: 1 | PSNR: 26.9528 | Loss: 6.3162 | lr: 1.00e-03 | Best_PSNR: 26.9528 | max_value: 255.0 in Epoch [1]
2022-07-23 02:00:24,711 INFO: Epoch: 2 | PSNR: 28.1616 | Loss: 5.9417 | lr: 1.00e-03 | Best_PSNR: 28.1616 | max_value: 255.0 in Epoch [2]
2022-07-23 02:00:53,166 INFO: Epoch: 3 | PSNR: 29.0833 | Loss: 5.8855 | lr: 1.00e-03 | Best_PSNR: 29.0833 | max_value: 255.0 in Epoch [3]
2022-07-23 02:01:27,159 INFO: Epoch: 4 | PSNR: 29.4013 | Loss: 5.8529 | lr: 1.00e-03 | Best_PSNR: 29.4013 | max_value: 255.0 in Epoch [4]
2022-07-23 02:02:00,427 INFO: Epoch: 5 | PSNR: 29.5200 | Loss: 5.8326 | lr: 1.00e-03 | Best_PSNR: 29.5200 | max_value: 255.0 in Epoch [5]
2022-07-23 02:02:33,336 INFO: Epoch: 6 | PSNR: 29.5815 | Loss: 5.8559 | lr: 1.00e-03 | Best_PSNR: 29.5815 | max_value: 255.0 in Epoch [6]
2022-07-23 02:03:06,155 INFO: Epoch: 7 | PSNR: 29.6518 | Loss: 5.8546 | lr: 1.00e-03 | Best_PSNR: 29.6518 | max_value: 255.0 in Epoch [7]
2022-07-23 02:03:39,570 INFO: Epoch: 8 | PSNR: 29.7183 | Loss: 5.8125 | lr: 1.00e-03 | Best_PSNR: 29.7183 | max_value: 255.0 in Epoch [8]
2022-07-23 02:04:17,738 INFO: Epoch: 9 | PSNR: 29.7679 | Loss: 5.7252 | lr: 1.00e-03 | Best_PSNR: 29.7679 | max_value: 255.0 in Epoch [9]
2022-07-23 02:04:53,376 INFO: Epoch: 10 | PSNR: 29.8013 | Loss: 5.7177 | lr: 1.00e-03 | Best_PSNR: 29.8013 | max_value: 255.0 in Epoch [10]
2022-07-23 02:05:29,843 INFO: Epoch: 11 | PSNR: 29.8247 | Loss: 5.6962 | lr: 1.00e-03 | Best_PSNR: 29.8247 | max_value: 255.0 in Epoch [11]
2022-07-23 02:06:08,455 INFO: Epoch: 12 | PSNR: 29.8429 | Loss: 5.7330 | lr: 1.00e-03 | Best_PSNR: 29.8429 | max_value: 255.0 in Epoch [12]
2022-07-23 02:06:50,046 INFO: Epoch: 13 | PSNR: 29.8571 | Loss: 5.7016 | lr: 1.00e-03 | Best_PSNR: 29.8571 | max_value: 255.0 in Epoch [13]
2022-07-23 02:07:17,985 INFO: Epoch: 14 | PSNR: 29.8662 | Loss: 5.6706 | lr: 1.00e-03 | Best_PSNR: 29.8662 | max_value: 255.0 in Epoch [14]
2022-07-23 02:07:43,226 INFO: Epoch: 15 | PSNR: 29.8769 | Loss: 5.7111 | lr: 1.00e-03 | Best_PSNR: 29.8769 | max_value: 255.0 in Epoch [15]
2022-07-23 02:08:07,772 INFO: Epoch: 16 | PSNR: 29.8809 | Loss: 5.6710 | lr: 1.00e-03 | Best_PSNR: 29.8809 | max_value: 255.0 in Epoch [16]
2022-07-23 02:08:32,523 INFO: Epoch: 17 | PSNR: 29.8925 | Loss: 5.6636 | lr: 1.00e-03 | Best_PSNR: 29.8925 | max_value: 255.0 in Epoch [17]
2022-07-23 02:08:57,069 INFO: Epoch: 18 | PSNR: 29.9000 | Loss: 5.6117 | lr: 1.00e-03 | Best_PSNR: 29.9000 | max_value: 255.0 in Epoch [18]
2022-07-23 02:09:21,530 INFO: Epoch: 19 | PSNR: 29.9035 | Loss: 5.6242 | lr: 1.00e-03 | Best_PSNR: 29.9035 | max_value: 255.0 in Epoch [19]
2022-07-23 02:09:46,132 INFO: Epoch: 20 | PSNR: 29.9100 | Loss: 5.6775 | lr: 1.00e-03 | Best_PSNR: 29.9100 | max_value: 255.0 in Epoch [20]
2022-07-23 02:10:10,844 INFO: Epoch: 21 | PSNR: 29.9149 | Loss: 5.6784 | lr: 1.00e-03 | Best_PSNR: 29.9149 | max_value: 255.0 in Epoch [21]
2022-07-23 02:10:35,606 INFO: Epoch: 22 | PSNR: 29.9206 | Loss: 5.6367 | lr: 1.00e-03 | Best_PSNR: 29.9206 | max_value: 255.0 in Epoch [22]
2022-07-23 02:11:00,572 INFO: Epoch: 23 | PSNR: 29.9256 | Loss: 5.6318 | lr: 1.00e-03 | Best_PSNR: 29.9256 | max_value: 255.0 in Epoch [23]
2022-07-23 02:11:25,325 INFO: Epoch: 24 | PSNR: 29.9290 | Loss: 5.6280 | lr: 1.00e-03 | Best_PSNR: 29.9290 | max_value: 255.0 in Epoch [24]
2022-07-23 02:11:50,311 INFO: Epoch: 25 | PSNR: 29.9317 | Loss: 5.6705 | lr: 1.00e-03 | Best_PSNR: 29.9317 | max_value: 255.0 in Epoch [25]
2022-07-23 02:12:14,767 INFO: Epoch: 26 | PSNR: 29.9366 | Loss: 5.6281 | lr: 1.00e-03 | Best_PSNR: 29.9366 | max_value: 255.0 in Epoch [26]
2022-07-23 02:12:39,150 INFO: Epoch: 27 | PSNR: 29.9336 | Loss: 5.6343 | lr: 1.00e-03 | Best_PSNR: 29.9366 | max_value: 255.0 in Epoch [26]
2022-07-23 02:13:03,872 INFO: Epoch: 28 | PSNR: 29.9417 | Loss: 5.6366 | lr: 1.00e-03 | Best_PSNR: 29.9417 | max_value: 255.0 in Epoch [28]
2022-07-23 02:13:27,782 INFO: Epoch: 29 | PSNR: 29.9369 | Loss: 5.6883 | lr: 1.00e-03 | Best_PSNR: 29.9417 | max_value: 255.0 in Epoch [28]
2022-07-23 02:13:52,651 INFO: Epoch: 30 | PSNR: 29.9449 | Loss: 5.6314 | lr: 1.00e-03 | Best_PSNR: 29.9449 | max_value: 255.0 in Epoch [30]
2022-07-23 02:14:16,846 INFO: Epoch: 31 | PSNR: 29.9443 | Loss: 5.6424 | lr: 1.00e-03 | Best_PSNR: 29.9449 | max_value: 255.0 in Epoch [30]
2022-07-23 02:14:41,350 INFO: Epoch: 32 | PSNR: 29.9474 | Loss: 5.5904 | lr: 1.00e-03 | Best_PSNR: 29.9474 | max_value: 255.0 in Epoch [32]
2022-07-23 02:15:05,803 INFO: Epoch: 33 | PSNR: 29.9527 | Loss: 5.6388 | lr: 1.00e-03 | Best_PSNR: 29.9527 | max_value: 255.0 in Epoch [33]
2022-07-23 02:15:30,837 INFO: Epoch: 34 | PSNR: 29.9583 | Loss: 5.6649 | lr: 1.00e-03 | Best_PSNR: 29.9583 | max_value: 255.0 in Epoch [34]
2022-07-23 02:15:55,971 INFO: Epoch: 35 | PSNR: 29.9607 | Loss: 5.6594 | lr: 1.00e-03 | Best_PSNR: 29.9607 | max_value: 255.0 in Epoch [35]
2022-07-23 02:16:20,986 INFO: Epoch: 36 | PSNR: 29.9635 | Loss: 5.5702 | lr: 1.00e-03 | Best_PSNR: 29.9635 | max_value: 255.0 in Epoch [36]
2022-07-23 02:16:45,995 INFO: Epoch: 37 | PSNR: 29.9661 | Loss: 5.6295 | lr: 1.00e-03 | Best_PSNR: 29.9661 | max_value: 255.0 in Epoch [37]
2022-07-23 02:17:11,199 INFO: Epoch: 38 | PSNR: 29.9691 | Loss: 5.6334 | lr: 1.00e-03 | Best_PSNR: 29.9691 | max_value: 255.0 in Epoch [38]
2022-07-23 02:17:35,959 INFO: Epoch: 39 | PSNR: 29.9707 | Loss: 5.6454 | lr: 1.00e-03 | Best_PSNR: 29.9707 | max_value: 255.0 in Epoch [39]
2022-07-23 02:18:01,067 INFO: Epoch: 40 | PSNR: 29.9724 | Loss: 5.5948 | lr: 1.00e-03 | Best_PSNR: 29.9724 | max_value: 255.0 in Epoch [40]
2022-07-23 02:18:26,187 INFO: Epoch: 41 | PSNR: 29.9733 | Loss: 5.6102 | lr: 1.00e-03 | Best_PSNR: 29.9733 | max_value: 255.0 in Epoch [41]
2022-07-23 02:18:51,255 INFO: Epoch: 42 | PSNR: 29.9760 | Loss: 5.5953 | lr: 1.00e-03 | Best_PSNR: 29.9760 | max_value: 255.0 in Epoch [42]
2022-07-23 02:19:16,133 INFO: Epoch: 43 | PSNR: 29.9780 | Loss: 5.6094 | lr: 1.00e-03 | Best_PSNR: 29.9780 | max_value: 255.0 in Epoch [43]
2022-07-23 02:19:41,228 INFO: Epoch: 44 | PSNR: 29.9801 | Loss: 5.6366 | lr: 1.00e-03 | Best_PSNR: 29.9801 | max_value: 255.0 in Epoch [44]
2022-07-23 02:20:06,051 INFO: Epoch: 45 | PSNR: 29.9782 | Loss: 5.6335 | lr: 1.00e-03 | Best_PSNR: 29.9801 | max_value: 255.0 in Epoch [44]
2022-07-23 02:20:31,272 INFO: Epoch: 46 | PSNR: 29.9826 | Loss: 5.6524 | lr: 1.00e-03 | Best_PSNR: 29.9826 | max_value: 255.0 in Epoch [46]
2022-07-23 02:20:56,041 INFO: Epoch: 47 | PSNR: 29.9860 | Loss: 5.6285 | lr: 1.00e-03 | Best_PSNR: 29.9860 | max_value: 255.0 in Epoch [47]
2022-07-23 02:21:20,805 INFO: Epoch: 48 | PSNR: 29.9862 | Loss: 5.6309 | lr: 1.00e-03 | Best_PSNR: 29.9862 | max_value: 255.0 in Epoch [48]
2022-07-23 02:21:45,501 INFO: Epoch: 49 | PSNR: 29.9883 | Loss: 5.6305 | lr: 1.00e-03 | Best_PSNR: 29.9883 | max_value: 255.0 in Epoch [49]
2022-07-23 02:22:10,433 INFO: Epoch: 50 | PSNR: 29.9896 | Loss: 5.6236 | lr: 1.00e-03 | Best_PSNR: 29.9896 | max_value: 255.0 in Epoch [50]
2022-07-23 02:22:35,411 INFO: Epoch: 51 | PSNR: 29.9917 | Loss: 5.6072 | lr: 1.00e-03 | Best_PSNR: 29.9917 | max_value: 255.0 in Epoch [51]
2022-07-23 02:23:00,307 INFO: Epoch: 52 | PSNR: 29.9936 | Loss: 5.6303 | lr: 1.00e-03 | Best_PSNR: 29.9936 | max_value: 255.0 in Epoch [52]
2022-07-23 02:23:25,449 INFO: Epoch: 53 | PSNR: 29.9958 | Loss: 5.6218 | lr: 1.00e-03 | Best_PSNR: 29.9958 | max_value: 255.0 in Epoch [53]
2022-07-23 02:23:50,906 INFO: Epoch: 54 | PSNR: 29.9970 | Loss: 5.6011 | lr: 1.00e-03 | Best_PSNR: 29.9970 | max_value: 255.0 in Epoch [54]
2022-07-23 02:24:15,710 INFO: Epoch: 55 | PSNR: 29.9983 | Loss: 5.5680 | lr: 1.00e-03 | Best_PSNR: 29.9983 | max_value: 255.0 in Epoch [55]
2022-07-23 02:24:40,734 INFO: Epoch: 56 | PSNR: 29.9992 | Loss: 5.6097 | lr: 1.00e-03 | Best_PSNR: 29.9992 | max_value: 255.0 in Epoch [56]
2022-07-23 02:25:05,399 INFO: Epoch: 57 | PSNR: 30.0011 | Loss: 5.6091 | lr: 1.00e-03 | Best_PSNR: 30.0011 | max_value: 255.0 in Epoch [57]
2022-07-23 02:25:30,701 INFO: Epoch: 58 | PSNR: 30.0026 | Loss: 5.6461 | lr: 1.00e-03 | Best_PSNR: 30.0026 | max_value: 255.0 in Epoch [58]
2022-07-23 02:25:55,610 INFO: Epoch: 59 | PSNR: 30.0040 | Loss: 5.5717 | lr: 1.00e-03 | Best_PSNR: 30.0040 | max_value: 255.0 in Epoch [59]
2022-07-23 02:26:20,613 INFO: Epoch: 60 | PSNR: 30.0051 | Loss: 5.6543 | lr: 1.00e-03 | Best_PSNR: 30.0051 | max_value: 255.0 in Epoch [60]
2022-07-23 02:26:45,560 INFO: Epoch: 61 | PSNR: 30.0072 | Loss: 5.6119 | lr: 1.00e-03 | Best_PSNR: 30.0072 | max_value: 255.0 in Epoch [61]
2022-07-23 02:27:10,343 INFO: Epoch: 62 | PSNR: 30.0081 | Loss: 5.5888 | lr: 1.00e-03 | Best_PSNR: 30.0081 | max_value: 255.0 in Epoch [62]
2022-07-23 02:27:35,199 INFO: Epoch: 63 | PSNR: 30.0094 | Loss: 5.6240 | lr: 1.00e-03 | Best_PSNR: 30.0094 | max_value: 255.0 in Epoch [63]
2022-07-23 02:28:00,205 INFO: Epoch: 64 | PSNR: 30.0097 | Loss: 5.6169 | lr: 1.00e-03 | Best_PSNR: 30.0097 | max_value: 255.0 in Epoch [64]
2022-07-23 02:28:24,891 INFO: Epoch: 65 | PSNR: 30.0114 | Loss: 5.6019 | lr: 1.00e-03 | Best_PSNR: 30.0114 | max_value: 255.0 in Epoch [65]
2022-07-23 02:28:49,594 INFO: Epoch: 66 | PSNR: 30.0125 | Loss: 5.6188 | lr: 1.00e-03 | Best_PSNR: 30.0125 | max_value: 255.0 in Epoch [66]
2022-07-23 02:29:14,354 INFO: Epoch: 67 | PSNR: 30.0146 | Loss: 5.5997 | lr: 1.00e-03 | Best_PSNR: 30.0146 | max_value: 255.0 in Epoch [67]
2022-07-23 02:29:38,654 INFO: Epoch: 68 | PSNR: 30.0138 | Loss: 5.6321 | lr: 1.00e-03 | Best_PSNR: 30.0146 | max_value: 255.0 in Epoch [67]
2022-07-23 02:30:03,834 INFO: Epoch: 69 | PSNR: 30.0148 | Loss: 5.5759 | lr: 1.00e-03 | Best_PSNR: 30.0148 | max_value: 255.0 in Epoch [69]
2022-07-23 02:30:28,619 INFO: Epoch: 70 | PSNR: 30.0164 | Loss: 5.5445 | lr: 1.00e-03 | Best_PSNR: 30.0164 | max_value: 255.0 in Epoch [70]
2022-07-23 02:30:53,338 INFO: Epoch: 71 | PSNR: 30.0183 | Loss: 5.5820 | lr: 1.00e-03 | Best_PSNR: 30.0183 | max_value: 255.0 in Epoch [71]
2022-07-23 02:31:18,401 INFO: Epoch: 72 | PSNR: 30.0200 | Loss: 5.5972 | lr: 1.00e-03 | Best_PSNR: 30.0200 | max_value: 255.0 in Epoch [72]
2022-07-23 02:31:43,218 INFO: Epoch: 73 | PSNR: 30.0219 | Loss: 5.6593 | lr: 1.00e-03 | Best_PSNR: 30.0219 | max_value: 255.0 in Epoch [73]
2022-07-23 02:32:08,324 INFO: Epoch: 74 | PSNR: 30.0220 | Loss: 5.6201 | lr: 1.00e-03 | Best_PSNR: 30.0220 | max_value: 255.0 in Epoch [74]
2022-07-23 02:32:33,261 INFO: Epoch: 75 | PSNR: 30.0226 | Loss: 5.5874 | lr: 1.00e-03 | Best_PSNR: 30.0226 | max_value: 255.0 in Epoch [75]
2022-07-23 02:32:57,397 INFO: Epoch: 76 | PSNR: 30.0224 | Loss: 5.6141 | lr: 1.00e-03 | Best_PSNR: 30.0226 | max_value: 255.0 in Epoch [75]
2022-07-23 02:33:21,613 INFO: Epoch: 77 | PSNR: 30.0167 | Loss: 5.5654 | lr: 1.00e-03 | Best_PSNR: 30.0226 | max_value: 255.0 in Epoch [75]
2022-07-23 02:33:46,165 INFO: Epoch: 78 | PSNR: 30.0226 | Loss: 5.5694 | lr: 1.00e-03 | Best_PSNR: 30.0226 | max_value: 255.0 in Epoch [75]
2022-07-23 02:34:11,475 INFO: Epoch: 79 | PSNR: 30.0241 | Loss: 5.5869 | lr: 1.00e-03 | Best_PSNR: 30.0241 | max_value: 255.0 in Epoch [79]
2022-07-23 02:34:36,326 INFO: Epoch: 80 | PSNR: 30.0278 | Loss: 5.6233 | lr: 1.00e-03 | Best_PSNR: 30.0278 | max_value: 255.0 in Epoch [80]
2022-07-23 02:35:00,598 INFO: Epoch: 81 | PSNR: 30.0281 | Loss: 5.5832 | lr: 1.00e-03 | Best_PSNR: 30.0281 | max_value: 255.0 in Epoch [81]
2022-07-23 02:35:25,212 INFO: Epoch: 82 | PSNR: 30.0296 | Loss: 5.6158 | lr: 1.00e-03 | Best_PSNR: 30.0296 | max_value: 255.0 in Epoch [82]
2022-07-23 02:35:49,759 INFO: Epoch: 83 | PSNR: 30.0316 | Loss: 5.5637 | lr: 1.00e-03 | Best_PSNR: 30.0316 | max_value: 255.0 in Epoch [83]
2022-07-23 02:36:15,003 INFO: Epoch: 84 | PSNR: 30.0320 | Loss: 5.6098 | lr: 1.00e-03 | Best_PSNR: 30.0320 | max_value: 255.0 in Epoch [84]
2022-07-23 02:36:39,723 INFO: Epoch: 85 | PSNR: 30.0324 | Loss: 5.5756 | lr: 1.00e-03 | Best_PSNR: 30.0324 | max_value: 255.0 in Epoch [85]
2022-07-23 02:37:04,385 INFO: Epoch: 86 | PSNR: 30.0334 | Loss: 5.5617 | lr: 1.00e-03 | Best_PSNR: 30.0334 | max_value: 255.0 in Epoch [86]
2022-07-23 02:37:29,374 INFO: Epoch: 87 | PSNR: 30.0353 | Loss: 5.5670 | lr: 1.00e-03 | Best_PSNR: 30.0353 | max_value: 255.0 in Epoch [87]
2022-07-23 02:37:53,373 INFO: Epoch: 88 | PSNR: 30.0307 | Loss: 5.5508 | lr: 1.00e-03 | Best_PSNR: 30.0353 | max_value: 255.0 in Epoch [87]
2022-07-23 02:38:18,100 INFO: Epoch: 89 | PSNR: 30.0337 | Loss: 5.4996 | lr: 1.00e-03 | Best_PSNR: 30.0353 | max_value: 255.0 in Epoch [87]
2022-07-23 02:38:42,312 INFO: Epoch: 90 | PSNR: 30.0328 | Loss: 5.5926 | lr: 1.00e-03 | Best_PSNR: 30.0353 | max_value: 255.0 in Epoch [87]
2022-07-23 02:39:06,764 INFO: Epoch: 91 | PSNR: 30.0340 | Loss: 5.5676 | lr: 1.00e-03 | Best_PSNR: 30.0353 | max_value: 255.0 in Epoch [87]
2022-07-23 02:39:31,652 INFO: Epoch: 92 | PSNR: 30.0362 | Loss: 5.5844 | lr: 1.00e-03 | Best_PSNR: 30.0362 | max_value: 255.0 in Epoch [92]
2022-07-23 02:39:56,337 INFO: Epoch: 93 | PSNR: 30.0381 | Loss: 5.5856 | lr: 1.00e-03 | Best_PSNR: 30.0381 | max_value: 255.0 in Epoch [93]
2022-07-23 02:40:20,903 INFO: Epoch: 94 | PSNR: 30.0385 | Loss: 5.5615 | lr: 1.00e-03 | Best_PSNR: 30.0385 | max_value: 255.0 in Epoch [94]
2022-07-23 02:40:45,269 INFO: Epoch: 95 | PSNR: 30.0396 | Loss: 5.5925 | lr: 1.00e-03 | Best_PSNR: 30.0396 | max_value: 255.0 in Epoch [95]
2022-07-23 02:41:09,973 INFO: Epoch: 96 | PSNR: 30.0406 | Loss: 5.5932 | lr: 1.00e-03 | Best_PSNR: 30.0406 | max_value: 255.0 in Epoch [96]
2022-07-23 02:41:34,002 INFO: Epoch: 97 | PSNR: 30.0395 | Loss: 5.6259 | lr: 1.00e-03 | Best_PSNR: 30.0406 | max_value: 255.0 in Epoch [96]
2022-07-23 02:41:58,958 INFO: Epoch: 98 | PSNR: 30.0417 | Loss: 5.5909 | lr: 1.00e-03 | Best_PSNR: 30.0417 | max_value: 255.0 in Epoch [98]
2022-07-23 02:42:23,991 INFO: Epoch: 99 | PSNR: 30.0422 | Loss: 5.5820 | lr: 1.00e-03 | Best_PSNR: 30.0422 | max_value: 255.0 in Epoch [99]
2022-07-23 02:42:48,899 INFO: Epoch: 100 | PSNR: 30.0427 | Loss: 5.5910 | lr: 1.00e-03 | Best_PSNR: 30.0427 | max_value: 255.0 in Epoch [100]
2022-07-23 02:43:13,513 INFO: Epoch: 101 | PSNR: 30.0206 | Loss: 5.5401 | lr: 1.00e-03 | Best_PSNR: 30.0427 | max_value: 255.0 in Epoch [100]
2022-07-23 02:43:37,833 INFO: Epoch: 102 | PSNR: 30.0363 | Loss: 5.5540 | lr: 1.00e-03 | Best_PSNR: 30.0427 | max_value: 255.0 in Epoch [100]
2022-07-23 02:44:02,584 INFO: Epoch: 103 | PSNR: 30.0407 | Loss: 5.5583 | lr: 1.00e-03 | Best_PSNR: 30.0427 | max_value: 255.0 in Epoch [100]
2022-07-23 02:44:27,426 INFO: Epoch: 104 | PSNR: 30.0430 | Loss: 5.5136 | lr: 1.00e-03 | Best_PSNR: 30.0430 | max_value: 255.0 in Epoch [104]
2022-07-23 02:44:52,463 INFO: Epoch: 105 | PSNR: 30.0433 | Loss: 5.5665 | lr: 1.00e-03 | Best_PSNR: 30.0433 | max_value: 255.0 in Epoch [105]
2022-07-23 02:45:17,019 INFO: Epoch: 106 | PSNR: 30.0435 | Loss: 5.5880 | lr: 1.00e-03 | Best_PSNR: 30.0435 | max_value: 255.0 in Epoch [106]
2022-07-23 02:45:41,537 INFO: Epoch: 107 | PSNR: 30.0453 | Loss: 5.5937 | lr: 1.00e-03 | Best_PSNR: 30.0453 | max_value: 255.0 in Epoch [107]
2022-07-23 02:46:06,339 INFO: Epoch: 108 | PSNR: 30.0451 | Loss: 5.5169 | lr: 1.00e-03 | Best_PSNR: 30.0453 | max_value: 255.0 in Epoch [107]
2022-07-23 02:46:31,080 INFO: Epoch: 109 | PSNR: 30.0462 | Loss: 5.5632 | lr: 1.00e-03 | Best_PSNR: 30.0462 | max_value: 255.0 in Epoch [109]
2022-07-23 02:46:56,059 INFO: Epoch: 110 | PSNR: 30.0475 | Loss: 5.5567 | lr: 1.00e-03 | Best_PSNR: 30.0475 | max_value: 255.0 in Epoch [110]
2022-07-23 02:47:20,460 INFO: Epoch: 111 | PSNR: 30.0478 | Loss: 5.5772 | lr: 1.00e-03 | Best_PSNR: 30.0478 | max_value: 255.0 in Epoch [111]
2022-07-23 02:47:44,725 INFO: Epoch: 112 | PSNR: 30.0473 | Loss: 5.5435 | lr: 1.00e-03 | Best_PSNR: 30.0478 | max_value: 255.0 in Epoch [111]
2022-07-23 02:48:09,723 INFO: Epoch: 113 | PSNR: 30.0486 | Loss: 5.6351 | lr: 1.00e-03 | Best_PSNR: 30.0486 | max_value: 255.0 in Epoch [113]
2022-07-23 02:48:34,384 INFO: Epoch: 114 | PSNR: 30.0494 | Loss: 5.5930 | lr: 1.00e-03 | Best_PSNR: 30.0494 | max_value: 255.0 in Epoch [114]
2022-07-23 02:48:59,302 INFO: Epoch: 115 | PSNR: 30.0500 | Loss: 5.6052 | lr: 1.00e-03 | Best_PSNR: 30.0500 | max_value: 255.0 in Epoch [115]
2022-07-23 02:49:23,616 INFO: Epoch: 116 | PSNR: 30.0500 | Loss: 5.5807 | lr: 1.00e-03 | Best_PSNR: 30.0500 | max_value: 255.0 in Epoch [115]
2022-07-23 02:49:48,076 INFO: Epoch: 117 | PSNR: 30.0492 | Loss: 5.5901 | lr: 1.00e-03 | Best_PSNR: 30.0500 | max_value: 255.0 in Epoch [115]
2022-07-23 02:50:12,814 INFO: Epoch: 118 | PSNR: 30.0506 | Loss: 5.5461 | lr: 1.00e-03 | Best_PSNR: 30.0506 | max_value: 255.0 in Epoch [118]
2022-07-23 02:50:37,047 INFO: Epoch: 119 | PSNR: 30.0470 | Loss: 5.6520 | lr: 1.00e-03 | Best_PSNR: 30.0506 | max_value: 255.0 in Epoch [118]
2022-07-23 02:51:01,430 INFO: Epoch: 120 | PSNR: 30.0503 | Loss: 5.5480 | lr: 1.00e-03 | Best_PSNR: 30.0506 | max_value: 255.0 in Epoch [118]
2022-07-23 02:51:26,467 INFO: Epoch: 121 | PSNR: 30.0556 | Loss: 5.5800 | lr: 5.00e-04 | Best_PSNR: 30.0556 | max_value: 255.0 in Epoch [121]
2022-07-23 02:51:51,211 INFO: Epoch: 122 | PSNR: 30.0582 | Loss: 5.5772 | lr: 5.00e-04 | Best_PSNR: 30.0582 | max_value: 255.0 in Epoch [122]
2022-07-23 02:52:16,432 INFO: Epoch: 123 | PSNR: 30.0605 | Loss: 5.5446 | lr: 5.00e-04 | Best_PSNR: 30.0605 | max_value: 255.0 in Epoch [123]
2022-07-23 02:52:41,291 INFO: Epoch: 124 | PSNR: 30.0609 | Loss: 5.6142 | lr: 5.00e-04 | Best_PSNR: 30.0609 | max_value: 255.0 in Epoch [124]
2022-07-23 02:53:06,257 INFO: Epoch: 125 | PSNR: 30.0625 | Loss: 5.5052 | lr: 5.00e-04 | Best_PSNR: 30.0625 | max_value: 255.0 in Epoch [125]
2022-07-23 02:53:30,404 INFO: Epoch: 126 | PSNR: 30.0624 | Loss: 5.5149 | lr: 5.00e-04 | Best_PSNR: 30.0625 | max_value: 255.0 in Epoch [125]
2022-07-23 02:53:55,221 INFO: Epoch: 127 | PSNR: 30.0631 | Loss: 5.4920 | lr: 5.00e-04 | Best_PSNR: 30.0631 | max_value: 255.0 in Epoch [127]
2022-07-23 02:54:20,072 INFO: Epoch: 128 | PSNR: 30.0636 | Loss: 5.5561 | lr: 5.00e-04 | Best_PSNR: 30.0636 | max_value: 255.0 in Epoch [128]
2022-07-23 02:54:45,077 INFO: Epoch: 129 | PSNR: 30.0638 | Loss: 5.5924 | lr: 5.00e-04 | Best_PSNR: 30.0638 | max_value: 255.0 in Epoch [129]
2022-07-23 02:55:09,712 INFO: Epoch: 130 | PSNR: 30.0641 | Loss: 5.5605 | lr: 5.00e-04 | Best_PSNR: 30.0641 | max_value: 255.0 in Epoch [130]
2022-07-23 02:55:34,389 INFO: Epoch: 131 | PSNR: 30.0644 | Loss: 5.5210 | lr: 5.00e-04 | Best_PSNR: 30.0644 | max_value: 255.0 in Epoch [131]
2022-07-23 02:55:59,221 INFO: Epoch: 132 | PSNR: 30.0645 | Loss: 5.5787 | lr: 5.00e-04 | Best_PSNR: 30.0645 | max_value: 255.0 in Epoch [132]
2022-07-23 02:56:24,238 INFO: Epoch: 133 | PSNR: 30.0656 | Loss: 5.6097 | lr: 5.00e-04 | Best_PSNR: 30.0656 | max_value: 255.0 in Epoch [133]
2022-07-23 02:56:48,842 INFO: Epoch: 134 | PSNR: 30.0669 | Loss: 5.5615 | lr: 5.00e-04 | Best_PSNR: 30.0669 | max_value: 255.0 in Epoch [134]
2022-07-23 02:57:13,419 INFO: Epoch: 135 | PSNR: 30.0675 | Loss: 5.5278 | lr: 5.00e-04 | Best_PSNR: 30.0675 | max_value: 255.0 in Epoch [135]
2022-07-23 02:57:37,481 INFO: Epoch: 136 | PSNR: 30.0674 | Loss: 5.6297 | lr: 5.00e-04 | Best_PSNR: 30.0675 | max_value: 255.0 in Epoch [135]
2022-07-23 02:58:01,801 INFO: Epoch: 137 | PSNR: 30.0673 | Loss: 5.5628 | lr: 5.00e-04 | Best_PSNR: 30.0675 | max_value: 255.0 in Epoch [135]
2022-07-23 02:58:27,085 INFO: Epoch: 138 | PSNR: 30.0677 | Loss: 5.5189 | lr: 5.00e-04 | Best_PSNR: 30.0677 | max_value: 255.0 in Epoch [138]
2022-07-23 02:58:51,516 INFO: Epoch: 139 | PSNR: 30.0687 | Loss: 5.5803 | lr: 5.00e-04 | Best_PSNR: 30.0687 | max_value: 255.0 in Epoch [139]
2022-07-23 02:59:15,799 INFO: Epoch: 140 | PSNR: 30.0687 | Loss: 5.5399 | lr: 5.00e-04 | Best_PSNR: 30.0687 | max_value: 255.0 in Epoch [139]
2022-07-23 02:59:40,927 INFO: Epoch: 141 | PSNR: 30.0695 | Loss: 5.5308 | lr: 5.00e-04 | Best_PSNR: 30.0695 | max_value: 255.0 in Epoch [141]
2022-07-23 03:00:06,227 INFO: Epoch: 142 | PSNR: 30.0699 | Loss: 5.5353 | lr: 5.00e-04 | Best_PSNR: 30.0699 | max_value: 255.0 in Epoch [142]
2022-07-23 03:00:30,962 INFO: Epoch: 143 | PSNR: 30.0701 | Loss: 5.5229 | lr: 5.00e-04 | Best_PSNR: 30.0701 | max_value: 255.0 in Epoch [143]
2022-07-23 03:00:55,565 INFO: Epoch: 144 | PSNR: 30.0698 | Loss: 5.5310 | lr: 5.00e-04 | Best_PSNR: 30.0701 | max_value: 255.0 in Epoch [143]
2022-07-23 03:01:20,063 INFO: Epoch: 145 | PSNR: 30.0699 | Loss: 5.5355 | lr: 5.00e-04 | Best_PSNR: 30.0701 | max_value: 255.0 in Epoch [143]
2022-07-23 03:01:45,138 INFO: Epoch: 146 | PSNR: 30.0706 | Loss: 5.4998 | lr: 5.00e-04 | Best_PSNR: 30.0706 | max_value: 255.0 in Epoch [146]
2022-07-23 03:02:09,794 INFO: Epoch: 147 | PSNR: 30.0713 | Loss: 5.5729 | lr: 5.00e-04 | Best_PSNR: 30.0713 | max_value: 255.0 in Epoch [147]
2022-07-23 03:02:34,848 INFO: Epoch: 148 | PSNR: 30.0716 | Loss: 5.5497 | lr: 5.00e-04 | Best_PSNR: 30.0716 | max_value: 255.0 in Epoch [148]
2022-07-23 03:02:59,722 INFO: Epoch: 149 | PSNR: 30.0722 | Loss: 5.5081 | lr: 5.00e-04 | Best_PSNR: 30.0722 | max_value: 255.0 in Epoch [149]
2022-07-23 03:03:24,334 INFO: Epoch: 150 | PSNR: 30.0724 | Loss: 5.5146 | lr: 5.00e-04 | Best_PSNR: 30.0724 | max_value: 255.0 in Epoch [150]
2022-07-23 03:03:48,862 INFO: Epoch: 151 | PSNR: 30.0717 | Loss: 5.5634 | lr: 5.00e-04 | Best_PSNR: 30.0724 | max_value: 255.0 in Epoch [150]
2022-07-23 03:04:13,462 INFO: Epoch: 152 | PSNR: 30.0720 | Loss: 5.5524 | lr: 5.00e-04 | Best_PSNR: 30.0724 | max_value: 255.0 in Epoch [150]
2022-07-23 03:04:38,588 INFO: Epoch: 153 | PSNR: 30.0729 | Loss: 5.6029 | lr: 5.00e-04 | Best_PSNR: 30.0729 | max_value: 255.0 in Epoch [153]
2022-07-23 03:05:03,472 INFO: Epoch: 154 | PSNR: 30.0732 | Loss: 5.4802 | lr: 5.00e-04 | Best_PSNR: 30.0732 | max_value: 255.0 in Epoch [154]
2022-07-23 03:05:28,160 INFO: Epoch: 155 | PSNR: 30.0728 | Loss: 5.5679 | lr: 5.00e-04 | Best_PSNR: 30.0732 | max_value: 255.0 in Epoch [154]
2022-07-23 03:05:52,457 INFO: Epoch: 156 | PSNR: 30.0729 | Loss: 5.5564 | lr: 5.00e-04 | Best_PSNR: 30.0732 | max_value: 255.0 in Epoch [154]
2022-07-23 03:06:17,600 INFO: Epoch: 157 | PSNR: 30.0732 | Loss: 5.5776 | lr: 5.00e-04 | Best_PSNR: 30.0732 | max_value: 255.0 in Epoch [157]
2022-07-23 03:06:42,086 INFO: Epoch: 158 | PSNR: 30.0737 | Loss: 5.5853 | lr: 5.00e-04 | Best_PSNR: 30.0737 | max_value: 255.0 in Epoch [158]
2022-07-23 03:07:06,702 INFO: Epoch: 159 | PSNR: 30.0741 | Loss: 5.5397 | lr: 5.00e-04 | Best_PSNR: 30.0741 | max_value: 255.0 in Epoch [159]
2022-07-23 03:07:30,796 INFO: Epoch: 160 | PSNR: 30.0741 | Loss: 5.5448 | lr: 5.00e-04 | Best_PSNR: 30.0741 | max_value: 255.0 in Epoch [159]
2022-07-23 03:07:55,384 INFO: Epoch: 161 | PSNR: 30.0744 | Loss: 5.5415 | lr: 5.00e-04 | Best_PSNR: 30.0744 | max_value: 255.0 in Epoch [161]
2022-07-23 03:08:20,632 INFO: Epoch: 162 | PSNR: 30.0748 | Loss: 5.5793 | lr: 5.00e-04 | Best_PSNR: 30.0748 | max_value: 255.0 in Epoch [162]
2022-07-23 03:08:45,137 INFO: Epoch: 163 | PSNR: 30.0742 | Loss: 5.5629 | lr: 5.00e-04 | Best_PSNR: 30.0748 | max_value: 255.0 in Epoch [162]
2022-07-23 03:09:10,128 INFO: Epoch: 164 | PSNR: 30.0748 | Loss: 5.5865 | lr: 5.00e-04 | Best_PSNR: 30.0748 | max_value: 255.0 in Epoch [164]
2022-07-23 03:09:34,857 INFO: Epoch: 165 | PSNR: 30.0757 | Loss: 5.5177 | lr: 5.00e-04 | Best_PSNR: 30.0757 | max_value: 255.0 in Epoch [165]
2022-07-23 03:09:59,232 INFO: Epoch: 166 | PSNR: 30.0755 | Loss: 5.5521 | lr: 5.00e-04 | Best_PSNR: 30.0757 | max_value: 255.0 in Epoch [165]
2022-07-23 03:10:24,225 INFO: Epoch: 167 | PSNR: 30.0760 | Loss: 5.5338 | lr: 5.00e-04 | Best_PSNR: 30.0760 | max_value: 255.0 in Epoch [167]
2022-07-23 03:10:48,189 INFO: Epoch: 168 | PSNR: 30.0760 | Loss: 5.5728 | lr: 5.00e-04 | Best_PSNR: 30.0760 | max_value: 255.0 in Epoch [167]
2022-07-23 03:11:12,865 INFO: Epoch: 169 | PSNR: 30.0768 | Loss: 5.5534 | lr: 5.00e-04 | Best_PSNR: 30.0768 | max_value: 255.0 in Epoch [169]
2022-07-23 03:11:36,863 INFO: Epoch: 170 | PSNR: 30.0765 | Loss: 5.5459 | lr: 5.00e-04 | Best_PSNR: 30.0768 | max_value: 255.0 in Epoch [169]
2022-07-23 03:12:00,802 INFO: Epoch: 171 | PSNR: 30.0765 | Loss: 5.4958 | lr: 5.00e-04 | Best_PSNR: 30.0768 | max_value: 255.0 in Epoch [169]
2022-07-23 03:12:25,514 INFO: Epoch: 172 | PSNR: 30.0767 | Loss: 5.5998 | lr: 5.00e-04 | Best_PSNR: 30.0768 | max_value: 255.0 in Epoch [169]
2022-07-23 03:12:50,342 INFO: Epoch: 173 | PSNR: 30.0769 | Loss: 5.5380 | lr: 5.00e-04 | Best_PSNR: 30.0769 | max_value: 255.0 in Epoch [173]
2022-07-23 03:13:15,331 INFO: Epoch: 174 | PSNR: 30.0770 | Loss: 5.5320 | lr: 5.00e-04 | Best_PSNR: 30.0770 | max_value: 255.0 in Epoch [174]
2022-07-23 03:13:40,109 INFO: Epoch: 175 | PSNR: 30.0771 | Loss: 5.5964 | lr: 5.00e-04 | Best_PSNR: 30.0771 | max_value: 255.0 in Epoch [175]
2022-07-23 03:14:04,539 INFO: Epoch: 176 | PSNR: 30.0768 | Loss: 5.5344 | lr: 5.00e-04 | Best_PSNR: 30.0771 | max_value: 255.0 in Epoch [175]
2022-07-23 03:14:29,763 INFO: Epoch: 177 | PSNR: 30.0771 | Loss: 5.5487 | lr: 5.00e-04 | Best_PSNR: 30.0771 | max_value: 255.0 in Epoch [177]
2022-07-23 03:14:54,315 INFO: Epoch: 178 | PSNR: 30.0768 | Loss: 5.5501 | lr: 5.00e-04 | Best_PSNR: 30.0771 | max_value: 255.0 in Epoch [177]
2022-07-23 03:15:19,199 INFO: Epoch: 179 | PSNR: 30.0780 | Loss: 5.5426 | lr: 5.00e-04 | Best_PSNR: 30.0780 | max_value: 255.0 in Epoch [179]
2022-07-23 03:15:44,140 INFO: Epoch: 180 | PSNR: 30.0783 | Loss: 5.5839 | lr: 5.00e-04 | Best_PSNR: 30.0783 | max_value: 255.0 in Epoch [180]
2022-07-23 03:16:08,842 INFO: Epoch: 181 | PSNR: 30.0783 | Loss: 5.5302 | lr: 5.00e-04 | Best_PSNR: 30.0783 | max_value: 255.0 in Epoch [180]
2022-07-23 03:16:34,407 INFO: Epoch: 182 | PSNR: 30.0784 | Loss: 5.5204 | lr: 5.00e-04 | Best_PSNR: 30.0784 | max_value: 255.0 in Epoch [182]
2022-07-23 03:16:59,875 INFO: Epoch: 183 | PSNR: 30.0783 | Loss: 5.4550 | lr: 5.00e-04 | Best_PSNR: 30.0784 | max_value: 255.0 in Epoch [182]
2022-07-23 03:17:25,358 INFO: Epoch: 184 | PSNR: 30.0785 | Loss: 5.5758 | lr: 5.00e-04 | Best_PSNR: 30.0785 | max_value: 255.0 in Epoch [184]
2022-07-23 03:17:50,641 INFO: Epoch: 185 | PSNR: 30.0790 | Loss: 5.5326 | lr: 5.00e-04 | Best_PSNR: 30.0790 | max_value: 255.0 in Epoch [185]
2022-07-23 03:18:16,022 INFO: Epoch: 186 | PSNR: 30.0794 | Loss: 5.5117 | lr: 5.00e-04 | Best_PSNR: 30.0794 | max_value: 255.0 in Epoch [186]
2022-07-23 03:18:41,255 INFO: Epoch: 187 | PSNR: 30.0794 | Loss: 5.5063 | lr: 5.00e-04 | Best_PSNR: 30.0794 | max_value: 255.0 in Epoch [187]
2022-07-23 03:19:05,753 INFO: Epoch: 188 | PSNR: 30.0792 | Loss: 5.5610 | lr: 5.00e-04 | Best_PSNR: 30.0794 | max_value: 255.0 in Epoch [187]
2022-07-23 03:19:30,555 INFO: Epoch: 189 | PSNR: 30.0799 | Loss: 5.4887 | lr: 5.00e-04 | Best_PSNR: 30.0799 | max_value: 255.0 in Epoch [189]
2022-07-23 03:19:55,437 INFO: Epoch: 190 | PSNR: 30.0804 | Loss: 5.5529 | lr: 5.00e-04 | Best_PSNR: 30.0804 | max_value: 255.0 in Epoch [190]
2022-07-23 03:20:20,775 INFO: Epoch: 191 | PSNR: 30.0805 | Loss: 5.5586 | lr: 5.00e-04 | Best_PSNR: 30.0805 | max_value: 255.0 in Epoch [191]
2022-07-23 03:20:45,910 INFO: Epoch: 192 | PSNR: 30.0806 | Loss: 5.5534 | lr: 5.00e-04 | Best_PSNR: 30.0806 | max_value: 255.0 in Epoch [192]
2022-07-23 03:21:10,964 INFO: Epoch: 193 | PSNR: 30.0813 | Loss: 5.5578 | lr: 5.00e-04 | Best_PSNR: 30.0813 | max_value: 255.0 in Epoch [193]
2022-07-23 03:21:36,045 INFO: Epoch: 194 | PSNR: 30.0813 | Loss: 5.5398 | lr: 5.00e-04 | Best_PSNR: 30.0813 | max_value: 255.0 in Epoch [194]
2022-07-23 03:22:00,753 INFO: Epoch: 195 | PSNR: 30.0810 | Loss: 5.5260 | lr: 5.00e-04 | Best_PSNR: 30.0813 | max_value: 255.0 in Epoch [194]
2022-07-23 03:22:25,733 INFO: Epoch: 196 | PSNR: 30.0810 | Loss: 5.5424 | lr: 5.00e-04 | Best_PSNR: 30.0813 | max_value: 255.0 in Epoch [194]
2022-07-23 03:22:50,555 INFO: Epoch: 197 | PSNR: 30.0818 | Loss: 5.5397 | lr: 5.00e-04 | Best_PSNR: 30.0818 | max_value: 255.0 in Epoch [197]
2022-07-23 03:23:16,345 INFO: Epoch: 198 | PSNR: 30.0821 | Loss: 5.5560 | lr: 5.00e-04 | Best_PSNR: 30.0821 | max_value: 255.0 in Epoch [198]
2022-07-23 03:23:42,294 INFO: Epoch: 199 | PSNR: 30.0823 | Loss: 5.5893 | lr: 5.00e-04 | Best_PSNR: 30.0823 | max_value: 255.0 in Epoch [199]
2022-07-23 03:24:08,319 INFO: Epoch: 200 | PSNR: 30.0820 | Loss: 5.4984 | lr: 5.00e-04 | Best_PSNR: 30.0823 | max_value: 255.0 in Epoch [199]
2022-07-23 03:24:34,365 INFO: Epoch: 201 | PSNR: 30.0816 | Loss: 5.5818 | lr: 5.00e-04 | Best_PSNR: 30.0823 | max_value: 255.0 in Epoch [199]
2022-07-23 03:25:00,040 INFO: Epoch: 202 | PSNR: 30.0823 | Loss: 5.5722 | lr: 5.00e-04 | Best_PSNR: 30.0823 | max_value: 255.0 in Epoch [202]
2022-07-23 03:25:26,351 INFO: Epoch: 203 | PSNR: 30.0825 | Loss: 5.4885 | lr: 5.00e-04 | Best_PSNR: 30.0825 | max_value: 255.0 in Epoch [203]
2022-07-23 03:25:51,411 INFO: Epoch: 204 | PSNR: 30.0825 | Loss: 5.5508 | lr: 5.00e-04 | Best_PSNR: 30.0825 | max_value: 255.0 in Epoch [203]
2022-07-23 03:26:16,816 INFO: Epoch: 205 | PSNR: 30.0824 | Loss: 5.5435 | lr: 5.00e-04 | Best_PSNR: 30.0825 | max_value: 255.0 in Epoch [203]
2022-07-23 03:26:42,597 INFO: Epoch: 206 | PSNR: 30.0829 | Loss: 5.5349 | lr: 5.00e-04 | Best_PSNR: 30.0829 | max_value: 255.0 in Epoch [206]
2022-07-23 03:27:08,374 INFO: Epoch: 207 | PSNR: 30.0832 | Loss: 5.4810 | lr: 5.00e-04 | Best_PSNR: 30.0832 | max_value: 255.0 in Epoch [207]
2022-07-23 03:27:33,558 INFO: Epoch: 208 | PSNR: 30.0835 | Loss: 5.5632 | lr: 5.00e-04 | Best_PSNR: 30.0835 | max_value: 255.0 in Epoch [208]
2022-07-23 03:27:58,864 INFO: Epoch: 209 | PSNR: 30.0833 | Loss: 5.4743 | lr: 5.00e-04 | Best_PSNR: 30.0835 | max_value: 255.0 in Epoch [208]
2022-07-23 03:28:24,163 INFO: Epoch: 210 | PSNR: 30.0837 | Loss: 5.5726 | lr: 5.00e-04 | Best_PSNR: 30.0837 | max_value: 255.0 in Epoch [210]
2022-07-23 03:28:49,247 INFO: Epoch: 211 | PSNR: 30.0839 | Loss: 5.6087 | lr: 5.00e-04 | Best_PSNR: 30.0839 | max_value: 255.0 in Epoch [211]
2022-07-23 03:29:15,233 INFO: Epoch: 212 | PSNR: 30.0844 | Loss: 5.5325 | lr: 5.00e-04 | Best_PSNR: 30.0844 | max_value: 255.0 in Epoch [212]
2022-07-23 03:29:41,234 INFO: Epoch: 213 | PSNR: 30.0844 | Loss: 5.5018 | lr: 5.00e-04 | Best_PSNR: 30.0844 | max_value: 255.0 in Epoch [213]
2022-07-23 03:30:06,942 INFO: Epoch: 214 | PSNR: 30.0843 | Loss: 5.5580 | lr: 5.00e-04 | Best_PSNR: 30.0844 | max_value: 255.0 in Epoch [213]
2022-07-23 03:30:32,423 INFO: Epoch: 215 | PSNR: 30.0837 | Loss: 5.5301 | lr: 5.00e-04 | Best_PSNR: 30.0844 | max_value: 255.0 in Epoch [213]
2022-07-23 03:30:56,482 INFO: Epoch: 216 | PSNR: 30.0839 | Loss: 5.5413 | lr: 5.00e-04 | Best_PSNR: 30.0844 | max_value: 255.0 in Epoch [213]
2022-07-23 03:31:20,717 INFO: Epoch: 217 | PSNR: 30.0844 | Loss: 5.5218 | lr: 5.00e-04 | Best_PSNR: 30.0844 | max_value: 255.0 in Epoch [213]
2022-07-23 03:31:45,382 INFO: Epoch: 218 | PSNR: 30.0846 | Loss: 5.5897 | lr: 5.00e-04 | Best_PSNR: 30.0846 | max_value: 255.0 in Epoch [218]
2022-07-23 03:32:10,383 INFO: Epoch: 219 | PSNR: 30.0847 | Loss: 5.5369 | lr: 5.00e-04 | Best_PSNR: 30.0847 | max_value: 255.0 in Epoch [219]
2022-07-23 03:32:34,894 INFO: Epoch: 220 | PSNR: 30.0846 | Loss: 5.5420 | lr: 5.00e-04 | Best_PSNR: 30.0847 | max_value: 255.0 in Epoch [219]
2022-07-23 03:32:59,397 INFO: Epoch: 221 | PSNR: 30.0838 | Loss: 5.5900 | lr: 5.00e-04 | Best_PSNR: 30.0847 | max_value: 255.0 in Epoch [219]
2022-07-23 03:33:23,871 INFO: Epoch: 222 | PSNR: 30.0844 | Loss: 5.5560 | lr: 5.00e-04 | Best_PSNR: 30.0847 | max_value: 255.0 in Epoch [219]
2022-07-23 03:33:49,075 INFO: Epoch: 223 | PSNR: 30.0848 | Loss: 5.5696 | lr: 5.00e-04 | Best_PSNR: 30.0848 | max_value: 255.0 in Epoch [223]
2022-07-23 03:34:14,083 INFO: Epoch: 224 | PSNR: 30.0851 | Loss: 5.5484 | lr: 5.00e-04 | Best_PSNR: 30.0851 | max_value: 255.0 in Epoch [224]
2022-07-23 03:34:39,370 INFO: Epoch: 225 | PSNR: 30.0854 | Loss: 5.5035 | lr: 5.00e-04 | Best_PSNR: 30.0854 | max_value: 255.0 in Epoch [225]
2022-07-23 03:35:04,641 INFO: Epoch: 226 | PSNR: 30.0858 | Loss: 5.5934 | lr: 5.00e-04 | Best_PSNR: 30.0858 | max_value: 255.0 in Epoch [226]
2022-07-23 03:35:29,034 INFO: Epoch: 227 | PSNR: 30.0858 | Loss: 5.5407 | lr: 5.00e-04 | Best_PSNR: 30.0858 | max_value: 255.0 in Epoch [226]
2022-07-23 03:35:53,288 INFO: Epoch: 228 | PSNR: 30.0856 | Loss: 5.5495 | lr: 5.00e-04 | Best_PSNR: 30.0858 | max_value: 255.0 in Epoch [226]
2022-07-23 03:36:18,081 INFO: Epoch: 229 | PSNR: 30.0858 | Loss: 5.5686 | lr: 5.00e-04 | Best_PSNR: 30.0858 | max_value: 255.0 in Epoch [229]
2022-07-23 03:36:42,714 INFO: Epoch: 230 | PSNR: 30.0855 | Loss: 5.5843 | lr: 5.00e-04 | Best_PSNR: 30.0858 | max_value: 255.0 in Epoch [229]
2022-07-23 03:37:07,573 INFO: Epoch: 231 | PSNR: 30.0860 | Loss: 5.5907 | lr: 5.00e-04 | Best_PSNR: 30.0860 | max_value: 255.0 in Epoch [231]
2022-07-23 03:37:32,318 INFO: Epoch: 232 | PSNR: 30.0858 | Loss: 5.5295 | lr: 5.00e-04 | Best_PSNR: 30.0860 | max_value: 255.0 in Epoch [231]
2022-07-23 03:37:56,927 INFO: Epoch: 233 | PSNR: 30.0857 | Loss: 5.5134 | lr: 5.00e-04 | Best_PSNR: 30.0860 | max_value: 255.0 in Epoch [231]
2022-07-23 03:38:21,799 INFO: Epoch: 234 | PSNR: 30.0856 | Loss: 5.5440 | lr: 5.00e-04 | Best_PSNR: 30.0860 | max_value: 255.0 in Epoch [231]
2022-07-23 03:38:46,846 INFO: Epoch: 235 | PSNR: 30.0863 | Loss: 5.5563 | lr: 5.00e-04 | Best_PSNR: 30.0863 | max_value: 255.0 in Epoch [235]
2022-07-23 03:39:11,572 INFO: Epoch: 236 | PSNR: 30.0874 | Loss: 5.5745 | lr: 5.00e-04 | Best_PSNR: 30.0874 | max_value: 255.0 in Epoch [236]
2022-07-23 03:39:36,843 INFO: Epoch: 237 | PSNR: 30.0878 | Loss: 5.5031 | lr: 5.00e-04 | Best_PSNR: 30.0878 | max_value: 255.0 in Epoch [237]
2022-07-23 03:40:01,098 INFO: Epoch: 238 | PSNR: 30.0875 | Loss: 5.5128 | lr: 5.00e-04 | Best_PSNR: 30.0878 | max_value: 255.0 in Epoch [237]
2022-07-23 03:40:26,391 INFO: Epoch: 239 | PSNR: 30.0878 | Loss: 5.5168 | lr: 5.00e-04 | Best_PSNR: 30.0878 | max_value: 255.0 in Epoch [239]
2022-07-23 03:40:51,365 INFO: Epoch: 240 | PSNR: 30.0882 | Loss: 5.4995 | lr: 5.00e-04 | Best_PSNR: 30.0882 | max_value: 255.0 in Epoch [240]
2022-07-23 03:41:16,514 INFO: Epoch: 241 | PSNR: 30.0887 | Loss: 5.5468 | lr: 2.50e-04 | Best_PSNR: 30.0887 | max_value: 255.0 in Epoch [241]
2022-07-23 03:41:41,395 INFO: Epoch: 242 | PSNR: 30.0889 | Loss: 5.5612 | lr: 2.50e-04 | Best_PSNR: 30.0889 | max_value: 255.0 in Epoch [242]
2022-07-23 03:42:06,354 INFO: Epoch: 243 | PSNR: 30.0897 | Loss: 5.5472 | lr: 2.50e-04 | Best_PSNR: 30.0897 | max_value: 255.0 in Epoch [243]
2022-07-23 03:42:31,301 INFO: Epoch: 244 | PSNR: 30.0896 | Loss: 5.5162 | lr: 2.50e-04 | Best_PSNR: 30.0897 | max_value: 255.0 in Epoch [243]
2022-07-23 03:42:56,236 INFO: Epoch: 245 | PSNR: 30.0902 | Loss: 5.5573 | lr: 2.50e-04 | Best_PSNR: 30.0902 | max_value: 255.0 in Epoch [245]
2022-07-23 03:43:21,094 INFO: Epoch: 246 | PSNR: 30.0903 | Loss: 5.4814 | lr: 2.50e-04 | Best_PSNR: 30.0903 | max_value: 255.0 in Epoch [246]
2022-07-23 03:43:45,800 INFO: Epoch: 247 | PSNR: 30.0900 | Loss: 5.5190 | lr: 2.50e-04 | Best_PSNR: 30.0903 | max_value: 255.0 in Epoch [246]
2022-07-23 03:44:10,770 INFO: Epoch: 248 | PSNR: 30.0907 | Loss: 5.5591 | lr: 2.50e-04 | Best_PSNR: 30.0907 | max_value: 255.0 in Epoch [248]
2022-07-23 03:44:36,551 INFO: Epoch: 249 | PSNR: 30.0914 | Loss: 5.4896 | lr: 2.50e-04 | Best_PSNR: 30.0914 | max_value: 255.0 in Epoch [249]
2022-07-23 03:45:01,513 INFO: Epoch: 250 | PSNR: 30.0915 | Loss: 5.5200 | lr: 2.50e-04 | Best_PSNR: 30.0915 | max_value: 255.0 in Epoch [250]
2022-07-23 03:45:26,284 INFO: Epoch: 251 | PSNR: 30.0913 | Loss: 5.4974 | lr: 2.50e-04 | Best_PSNR: 30.0915 | max_value: 255.0 in Epoch [250]
2022-07-23 03:45:51,068 INFO: Epoch: 252 | PSNR: 30.0916 | Loss: 5.5234 | lr: 2.50e-04 | Best_PSNR: 30.0916 | max_value: 255.0 in Epoch [252]
2022-07-23 03:46:15,606 INFO: Epoch: 253 | PSNR: 30.0915 | Loss: 5.4965 | lr: 2.50e-04 | Best_PSNR: 30.0916 | max_value: 255.0 in Epoch [252]
2022-07-23 03:46:40,783 INFO: Epoch: 254 | PSNR: 30.0918 | Loss: 5.5026 | lr: 2.50e-04 | Best_PSNR: 30.0918 | max_value: 255.0 in Epoch [254]
2022-07-23 03:47:05,902 INFO: Epoch: 255 | PSNR: 30.0921 | Loss: 5.5211 | lr: 2.50e-04 | Best_PSNR: 30.0921 | max_value: 255.0 in Epoch [255]
2022-07-23 03:47:31,289 INFO: Epoch: 256 | PSNR: 30.0922 | Loss: 5.4879 | lr: 2.50e-04 | Best_PSNR: 30.0922 | max_value: 255.0 in Epoch [256]
2022-07-23 03:47:55,846 INFO: Epoch: 257 | PSNR: 30.0922 | Loss: 5.5263 | lr: 2.50e-04 | Best_PSNR: 30.0922 | max_value: 255.0 in Epoch [256]
2022-07-23 03:48:20,313 INFO: Epoch: 258 | PSNR: 30.0920 | Loss: 5.5035 | lr: 2.50e-04 | Best_PSNR: 30.0922 | max_value: 255.0 in Epoch [256]
2022-07-23 03:48:45,235 INFO: Epoch: 259 | PSNR: 30.0918 | Loss: 5.5787 | lr: 2.50e-04 | Best_PSNR: 30.0922 | max_value: 255.0 in Epoch [256]
2022-07-23 03:49:09,462 INFO: Epoch: 260 | PSNR: 30.0917 | Loss: 5.5235 | lr: 2.50e-04 | Best_PSNR: 30.0922 | max_value: 255.0 in Epoch [256]
2022-07-23 03:49:34,595 INFO: Epoch: 261 | PSNR: 30.0924 | Loss: 5.5447 | lr: 2.50e-04 | Best_PSNR: 30.0924 | max_value: 255.0 in Epoch [261]
2022-07-23 03:49:59,546 INFO: Epoch: 262 | PSNR: 30.0927 | Loss: 5.5389 | lr: 2.50e-04 | Best_PSNR: 30.0927 | max_value: 255.0 in Epoch [262]
2022-07-23 03:50:24,614 INFO: Epoch: 263 | PSNR: 30.0928 | Loss: 5.5180 | lr: 2.50e-04 | Best_PSNR: 30.0928 | max_value: 255.0 in Epoch [263]
2022-07-23 03:50:49,175 INFO: Epoch: 264 | PSNR: 30.0933 | Loss: 5.4950 | lr: 2.50e-04 | Best_PSNR: 30.0933 | max_value: 255.0 in Epoch [264]
2022-07-23 03:51:13,925 INFO: Epoch: 265 | PSNR: 30.0932 | Loss: 5.5057 | lr: 2.50e-04 | Best_PSNR: 30.0933 | max_value: 255.0 in Epoch [264]
2022-07-23 03:51:38,908 INFO: Epoch: 266 | PSNR: 30.0934 | Loss: 5.5005 | lr: 2.50e-04 | Best_PSNR: 30.0934 | max_value: 255.0 in Epoch [266]
2022-07-23 03:52:04,017 INFO: Epoch: 267 | PSNR: 30.0937 | Loss: 5.5969 | lr: 2.50e-04 | Best_PSNR: 30.0937 | max_value: 255.0 in Epoch [267]
2022-07-23 03:52:28,994 INFO: Epoch: 268 | PSNR: 30.0934 | Loss: 5.5417 | lr: 2.50e-04 | Best_PSNR: 30.0937 | max_value: 255.0 in Epoch [267]
2022-07-23 03:52:53,333 INFO: Epoch: 269 | PSNR: 30.0936 | Loss: 5.4871 | lr: 2.50e-04 | Best_PSNR: 30.0937 | max_value: 255.0 in Epoch [267]
2022-07-23 03:53:17,751 INFO: Epoch: 270 | PSNR: 30.0932 | Loss: 5.5142 | lr: 2.50e-04 | Best_PSNR: 30.0937 | max_value: 255.0 in Epoch [267]
2022-07-23 03:53:42,572 INFO: Epoch: 271 | PSNR: 30.0939 | Loss: 5.5330 | lr: 2.50e-04 | Best_PSNR: 30.0939 | max_value: 255.0 in Epoch [271]
2022-07-23 03:54:07,581 INFO: Epoch: 272 | PSNR: 30.0942 | Loss: 5.5274 | lr: 2.50e-04 | Best_PSNR: 30.0942 | max_value: 255.0 in Epoch [272]
2022-07-23 03:54:32,885 INFO: Epoch: 273 | PSNR: 30.0946 | Loss: 5.5090 | lr: 2.50e-04 | Best_PSNR: 30.0946 | max_value: 255.0 in Epoch [273]
2022-07-23 03:54:57,472 INFO: Epoch: 274 | PSNR: 30.0943 | Loss: 5.5435 | lr: 2.50e-04 | Best_PSNR: 30.0946 | max_value: 255.0 in Epoch [273]
2022-07-23 03:55:22,166 INFO: Epoch: 275 | PSNR: 30.0943 | Loss: 5.4894 | lr: 2.50e-04 | Best_PSNR: 30.0946 | max_value: 255.0 in Epoch [273]
2022-07-23 03:55:46,710 INFO: Epoch: 276 | PSNR: 30.0941 | Loss: 5.5498 | lr: 2.50e-04 | Best_PSNR: 30.0946 | max_value: 255.0 in Epoch [273]
2022-07-23 03:56:11,103 INFO: Epoch: 277 | PSNR: 30.0940 | Loss: 5.5277 | lr: 2.50e-04 | Best_PSNR: 30.0946 | max_value: 255.0 in Epoch [273]
2022-07-23 03:56:35,384 INFO: Epoch: 278 | PSNR: 30.0941 | Loss: 5.5321 | lr: 2.50e-04 | Best_PSNR: 30.0946 | max_value: 255.0 in Epoch [273]
2022-07-23 03:56:59,470 INFO: Epoch: 279 | PSNR: 30.0945 | Loss: 5.5348 | lr: 2.50e-04 | Best_PSNR: 30.0946 | max_value: 255.0 in Epoch [273]
2022-07-23 03:57:24,109 INFO: Epoch: 280 | PSNR: 30.0944 | Loss: 5.5259 | lr: 2.50e-04 | Best_PSNR: 30.0946 | max_value: 255.0 in Epoch [273]
2022-07-23 03:57:49,317 INFO: Epoch: 281 | PSNR: 30.0947 | Loss: 5.5180 | lr: 2.50e-04 | Best_PSNR: 30.0947 | max_value: 255.0 in Epoch [281]
2022-07-23 03:58:13,893 INFO: Epoch: 282 | PSNR: 30.0946 | Loss: 5.5644 | lr: 2.50e-04 | Best_PSNR: 30.0947 | max_value: 255.0 in Epoch [281]
2022-07-23 03:58:39,177 INFO: Epoch: 283 | PSNR: 30.0948 | Loss: 5.4618 | lr: 2.50e-04 | Best_PSNR: 30.0948 | max_value: 255.0 in Epoch [283]
2022-07-23 03:59:03,574 INFO: Epoch: 284 | PSNR: 30.0945 | Loss: 5.5202 | lr: 2.50e-04 | Best_PSNR: 30.0948 | max_value: 255.0 in Epoch [283]
2022-07-23 03:59:27,837 INFO: Epoch: 285 | PSNR: 30.0945 | Loss: 5.5223 | lr: 2.50e-04 | Best_PSNR: 30.0948 | max_value: 255.0 in Epoch [283]
2022-07-23 03:59:52,214 INFO: Epoch: 286 | PSNR: 30.0944 | Loss: 5.5547 | lr: 2.50e-04 | Best_PSNR: 30.0948 | max_value: 255.0 in Epoch [283]
2022-07-23 04:00:16,381 INFO: Epoch: 287 | PSNR: 30.0939 | Loss: 5.5770 | lr: 2.50e-04 | Best_PSNR: 30.0948 | max_value: 255.0 in Epoch [283]
2022-07-23 04:00:40,851 INFO: Epoch: 288 | PSNR: 30.0944 | Loss: 5.5134 | lr: 2.50e-04 | Best_PSNR: 30.0948 | max_value: 255.0 in Epoch [283]
2022-07-23 04:01:05,442 INFO: Epoch: 289 | PSNR: 30.0957 | Loss: 5.4888 | lr: 2.50e-04 | Best_PSNR: 30.0957 | max_value: 255.0 in Epoch [289]
2022-07-23 04:01:29,573 INFO: Epoch: 290 | PSNR: 30.0955 | Loss: 5.5359 | lr: 2.50e-04 | Best_PSNR: 30.0957 | max_value: 255.0 in Epoch [289]
2022-07-23 04:01:53,839 INFO: Epoch: 291 | PSNR: 30.0956 | Loss: 5.4717 | lr: 2.50e-04 | Best_PSNR: 30.0957 | max_value: 255.0 in Epoch [289]
2022-07-23 04:02:18,123 INFO: Epoch: 292 | PSNR: 30.0953 | Loss: 5.5233 | lr: 2.50e-04 | Best_PSNR: 30.0957 | max_value: 255.0 in Epoch [289]
2022-07-23 04:02:42,829 INFO: Epoch: 293 | PSNR: 30.0953 | Loss: 5.5473 | lr: 2.50e-04 | Best_PSNR: 30.0957 | max_value: 255.0 in Epoch [289]
2022-07-23 04:03:07,051 INFO: Epoch: 294 | PSNR: 30.0954 | Loss: 5.5605 | lr: 2.50e-04 | Best_PSNR: 30.0957 | max_value: 255.0 in Epoch [289]
2022-07-23 04:03:31,867 INFO: Epoch: 295 | PSNR: 30.0962 | Loss: 5.4796 | lr: 2.50e-04 | Best_PSNR: 30.0962 | max_value: 255.0 in Epoch [295]
2022-07-23 04:03:56,329 INFO: Epoch: 296 | PSNR: 30.0959 | Loss: 5.5030 | lr: 2.50e-04 | Best_PSNR: 30.0962 | max_value: 255.0 in Epoch [295]
2022-07-23 04:04:20,907 INFO: Epoch: 297 | PSNR: 30.0957 | Loss: 5.5579 | lr: 2.50e-04 | Best_PSNR: 30.0962 | max_value: 255.0 in Epoch [295]
2022-07-23 04:04:45,820 INFO: Epoch: 298 | PSNR: 30.0956 | Loss: 5.5009 | lr: 2.50e-04 | Best_PSNR: 30.0962 | max_value: 255.0 in Epoch [295]
2022-07-23 04:05:10,076 INFO: Epoch: 299 | PSNR: 30.0954 | Loss: 5.4878 | lr: 2.50e-04 | Best_PSNR: 30.0962 | max_value: 255.0 in Epoch [295]
2022-07-23 04:05:34,633 INFO: Epoch: 300 | PSNR: 30.0955 | Loss: 5.5284 | lr: 2.50e-04 | Best_PSNR: 30.0962 | max_value: 255.0 in Epoch [295]
2022-07-23 04:05:58,682 INFO: Epoch: 301 | PSNR: 30.0954 | Loss: 5.5523 | lr: 2.50e-04 | Best_PSNR: 30.0962 | max_value: 255.0 in Epoch [295]
2022-07-23 04:06:22,930 INFO: Epoch: 302 | PSNR: 30.0948 | Loss: 5.5636 | lr: 2.50e-04 | Best_PSNR: 30.0962 | max_value: 255.0 in Epoch [295]
2022-07-23 04:06:47,952 INFO: Epoch: 303 | PSNR: 30.0945 | Loss: 5.5618 | lr: 2.50e-04 | Best_PSNR: 30.0962 | max_value: 255.0 in Epoch [295]
2022-07-23 04:07:12,307 INFO: Epoch: 304 | PSNR: 30.0956 | Loss: 5.4833 | lr: 2.50e-04 | Best_PSNR: 30.0962 | max_value: 255.0 in Epoch [295]
2022-07-23 04:07:36,637 INFO: Epoch: 305 | PSNR: 30.0956 | Loss: 5.5548 | lr: 2.50e-04 | Best_PSNR: 30.0962 | max_value: 255.0 in Epoch [295]
2022-07-23 04:08:01,350 INFO: Epoch: 306 | PSNR: 30.0958 | Loss: 5.5519 | lr: 2.50e-04 | Best_PSNR: 30.0962 | max_value: 255.0 in Epoch [295]
2022-07-23 04:08:25,693 INFO: Epoch: 307 | PSNR: 30.0958 | Loss: 5.5465 | lr: 2.50e-04 | Best_PSNR: 30.0962 | max_value: 255.0 in Epoch [295]
2022-07-23 04:08:50,591 INFO: Epoch: 308 | PSNR: 30.0959 | Loss: 5.5112 | lr: 2.50e-04 | Best_PSNR: 30.0962 | max_value: 255.0 in Epoch [295]
2022-07-23 04:09:15,539 INFO: Epoch: 309 | PSNR: 30.0964 | Loss: 5.5109 | lr: 2.50e-04 | Best_PSNR: 30.0964 | max_value: 255.0 in Epoch [309]
2022-07-23 04:09:40,057 INFO: Epoch: 310 | PSNR: 30.0959 | Loss: 5.4935 | lr: 2.50e-04 | Best_PSNR: 30.0964 | max_value: 255.0 in Epoch [309]
2022-07-23 04:10:04,587 INFO: Epoch: 311 | PSNR: 30.0960 | Loss: 5.5093 | lr: 2.50e-04 | Best_PSNR: 30.0964 | max_value: 255.0 in Epoch [309]
2022-07-23 04:10:29,114 INFO: Epoch: 312 | PSNR: 30.0958 | Loss: 5.5584 | lr: 2.50e-04 | Best_PSNR: 30.0964 | max_value: 255.0 in Epoch [309]
2022-07-23 04:10:53,856 INFO: Epoch: 313 | PSNR: 30.0963 | Loss: 5.5744 | lr: 2.50e-04 | Best_PSNR: 30.0964 | max_value: 255.0 in Epoch [309]
2022-07-23 04:11:18,059 INFO: Epoch: 314 | PSNR: 30.0959 | Loss: 5.4958 | lr: 2.50e-04 | Best_PSNR: 30.0964 | max_value: 255.0 in Epoch [309]
2022-07-23 04:11:42,995 INFO: Epoch: 315 | PSNR: 30.0969 | Loss: 5.5088 | lr: 2.50e-04 | Best_PSNR: 30.0969 | max_value: 255.0 in Epoch [315]
2022-07-23 04:12:07,451 INFO: Epoch: 316 | PSNR: 30.0967 | Loss: 5.5537 | lr: 2.50e-04 | Best_PSNR: 30.0969 | max_value: 255.0 in Epoch [315]
2022-07-23 04:12:32,115 INFO: Epoch: 317 | PSNR: 30.0964 | Loss: 5.4973 | lr: 2.50e-04 | Best_PSNR: 30.0969 | max_value: 255.0 in Epoch [315]
2022-07-23 04:12:56,957 INFO: Epoch: 318 | PSNR: 30.0963 | Loss: 5.5228 | lr: 2.50e-04 | Best_PSNR: 30.0969 | max_value: 255.0 in Epoch [315]
2022-07-23 04:13:21,365 INFO: Epoch: 319 | PSNR: 30.0969 | Loss: 5.5286 | lr: 2.50e-04 | Best_PSNR: 30.0969 | max_value: 255.0 in Epoch [315]
2022-07-23 04:13:46,576 INFO: Epoch: 320 | PSNR: 30.0973 | Loss: 5.4903 | lr: 2.50e-04 | Best_PSNR: 30.0973 | max_value: 255.0 in Epoch [320]
2022-07-23 04:14:11,758 INFO: Epoch: 321 | PSNR: 30.0970 | Loss: 5.5573 | lr: 2.50e-04 | Best_PSNR: 30.0973 | max_value: 255.0 in Epoch [320]
2022-07-23 04:14:37,087 INFO: Epoch: 322 | PSNR: 30.0971 | Loss: 5.4894 | lr: 2.50e-04 | Best_PSNR: 30.0973 | max_value: 255.0 in Epoch [320]
2022-07-23 04:15:02,350 INFO: Epoch: 323 | PSNR: 30.0970 | Loss: 5.5227 | lr: 2.50e-04 | Best_PSNR: 30.0973 | max_value: 255.0 in Epoch [320]
2022-07-23 04:15:27,012 INFO: Epoch: 324 | PSNR: 30.0972 | Loss: 5.5190 | lr: 2.50e-04 | Best_PSNR: 30.0973 | max_value: 255.0 in Epoch [320]
2022-07-23 04:15:51,896 INFO: Epoch: 325 | PSNR: 30.0970 | Loss: 5.5248 | lr: 2.50e-04 | Best_PSNR: 30.0973 | max_value: 255.0 in Epoch [320]
2022-07-23 04:16:17,712 INFO: Epoch: 326 | PSNR: 30.0971 | Loss: 5.5315 | lr: 2.50e-04 | Best_PSNR: 30.0973 | max_value: 255.0 in Epoch [320]
2022-07-23 04:16:43,233 INFO: Epoch: 327 | PSNR: 30.0973 | Loss: 5.5299 | lr: 2.50e-04 | Best_PSNR: 30.0973 | max_value: 255.0 in Epoch [320]
2022-07-23 04:17:07,720 INFO: Epoch: 328 | PSNR: 30.0966 | Loss: 5.5198 | lr: 2.50e-04 | Best_PSNR: 30.0973 | max_value: 255.0 in Epoch [320]
2022-07-23 04:17:32,725 INFO: Epoch: 329 | PSNR: 30.0970 | Loss: 5.5454 | lr: 2.50e-04 | Best_PSNR: 30.0973 | max_value: 255.0 in Epoch [320]
2022-07-23 04:17:57,540 INFO: Epoch: 330 | PSNR: 30.0967 | Loss: 5.4829 | lr: 2.50e-04 | Best_PSNR: 30.0973 | max_value: 255.0 in Epoch [320]
2022-07-23 04:18:23,002 INFO: Epoch: 331 | PSNR: 30.0969 | Loss: 5.5253 | lr: 2.50e-04 | Best_PSNR: 30.0973 | max_value: 255.0 in Epoch [320]
2022-07-23 04:18:48,281 INFO: Epoch: 332 | PSNR: 30.0970 | Loss: 5.5126 | lr: 2.50e-04 | Best_PSNR: 30.0973 | max_value: 255.0 in Epoch [320]
2022-07-23 04:19:13,225 INFO: Epoch: 333 | PSNR: 30.0971 | Loss: 5.4937 | lr: 2.50e-04 | Best_PSNR: 30.0973 | max_value: 255.0 in Epoch [320]
2022-07-23 04:19:38,918 INFO: Epoch: 334 | PSNR: 30.0966 | Loss: 5.5516 | lr: 2.50e-04 | Best_PSNR: 30.0973 | max_value: 255.0 in Epoch [320]
2022-07-23 04:20:04,196 INFO: Epoch: 335 | PSNR: 30.0974 | Loss: 5.5023 | lr: 2.50e-04 | Best_PSNR: 30.0974 | max_value: 255.0 in Epoch [335]
2022-07-23 04:20:30,886 INFO: Epoch: 336 | PSNR: 30.0976 | Loss: 5.5390 | lr: 2.50e-04 | Best_PSNR: 30.0976 | max_value: 255.0 in Epoch [336]
2022-07-23 04:20:56,280 INFO: Epoch: 337 | PSNR: 30.0976 | Loss: 5.5068 | lr: 2.50e-04 | Best_PSNR: 30.0976 | max_value: 255.0 in Epoch [336]
2022-07-23 04:21:21,405 INFO: Epoch: 338 | PSNR: 30.0974 | Loss: 5.5328 | lr: 2.50e-04 | Best_PSNR: 30.0976 | max_value: 255.0 in Epoch [336]
2022-07-23 04:21:47,891 INFO: Epoch: 339 | PSNR: 30.0976 | Loss: 5.5179 | lr: 2.50e-04 | Best_PSNR: 30.0976 | max_value: 255.0 in Epoch [339]
2022-07-23 04:22:13,928 INFO: Epoch: 340 | PSNR: 30.0980 | Loss: 5.5406 | lr: 2.50e-04 | Best_PSNR: 30.0980 | max_value: 255.0 in Epoch [340]
2022-07-23 04:22:39,583 INFO: Epoch: 341 | PSNR: 30.0977 | Loss: 5.5003 | lr: 2.50e-04 | Best_PSNR: 30.0980 | max_value: 255.0 in Epoch [340]
2022-07-23 04:23:04,558 INFO: Epoch: 342 | PSNR: 30.0972 | Loss: 5.4915 | lr: 2.50e-04 | Best_PSNR: 30.0980 | max_value: 255.0 in Epoch [340]
2022-07-23 04:23:31,228 INFO: Epoch: 343 | PSNR: 30.0981 | Loss: 5.5155 | lr: 2.50e-04 | Best_PSNR: 30.0981 | max_value: 255.0 in Epoch [343]
2022-07-23 04:23:56,781 INFO: Epoch: 344 | PSNR: 30.0980 | Loss: 5.4847 | lr: 2.50e-04 | Best_PSNR: 30.0981 | max_value: 255.0 in Epoch [343]
2022-07-23 04:24:22,382 INFO: Epoch: 345 | PSNR: 30.0981 | Loss: 5.5378 | lr: 2.50e-04 | Best_PSNR: 30.0981 | max_value: 255.0 in Epoch [345]
2022-07-23 04:24:48,114 INFO: Epoch: 346 | PSNR: 30.0986 | Loss: 5.5910 | lr: 2.50e-04 | Best_PSNR: 30.0986 | max_value: 255.0 in Epoch [346]
2022-07-23 04:25:13,389 INFO: Epoch: 347 | PSNR: 30.0987 | Loss: 5.5413 | lr: 2.50e-04 | Best_PSNR: 30.0987 | max_value: 255.0 in Epoch [347]
2022-07-23 04:25:39,139 INFO: Epoch: 348 | PSNR: 30.0990 | Loss: 5.5037 | lr: 2.50e-04 | Best_PSNR: 30.0990 | max_value: 255.0 in Epoch [348]
2022-07-23 04:26:03,309 INFO: Epoch: 349 | PSNR: 30.0985 | Loss: 5.5299 | lr: 2.50e-04 | Best_PSNR: 30.0990 | max_value: 255.0 in Epoch [348]
2022-07-23 04:26:28,114 INFO: Epoch: 350 | PSNR: 30.0981 | Loss: 5.5123 | lr: 2.50e-04 | Best_PSNR: 30.0990 | max_value: 255.0 in Epoch [348]
2022-07-23 04:26:52,571 INFO: Epoch: 351 | PSNR: 30.0977 | Loss: 5.5154 | lr: 2.50e-04 | Best_PSNR: 30.0990 | max_value: 255.0 in Epoch [348]
2022-07-23 04:27:16,806 INFO: Epoch: 352 | PSNR: 30.0981 | Loss: 5.5600 | lr: 2.50e-04 | Best_PSNR: 30.0990 | max_value: 255.0 in Epoch [348]
2022-07-23 04:27:40,762 INFO: Epoch: 353 | PSNR: 30.0984 | Loss: 5.5217 | lr: 2.50e-04 | Best_PSNR: 30.0990 | max_value: 255.0 in Epoch [348]
2022-07-23 04:28:04,916 INFO: Epoch: 354 | PSNR: 30.0986 | Loss: 5.5285 | lr: 2.50e-04 | Best_PSNR: 30.0990 | max_value: 255.0 in Epoch [348]
2022-07-23 04:28:29,207 INFO: Epoch: 355 | PSNR: 30.0986 | Loss: 5.5163 | lr: 2.50e-04 | Best_PSNR: 30.0990 | max_value: 255.0 in Epoch [348]
2022-07-23 04:28:53,489 INFO: Epoch: 356 | PSNR: 30.0985 | Loss: 5.4740 | lr: 2.50e-04 | Best_PSNR: 30.0990 | max_value: 255.0 in Epoch [348]
2022-07-23 04:29:17,983 INFO: Epoch: 357 | PSNR: 30.0985 | Loss: 5.5482 | lr: 2.50e-04 | Best_PSNR: 30.0990 | max_value: 255.0 in Epoch [348]
2022-07-23 04:29:41,985 INFO: Epoch: 358 | PSNR: 30.0989 | Loss: 5.5170 | lr: 2.50e-04 | Best_PSNR: 30.0990 | max_value: 255.0 in Epoch [348]
2022-07-23 04:30:06,100 INFO: Epoch: 359 | PSNR: 30.0988 | Loss: 5.5275 | lr: 2.50e-04 | Best_PSNR: 30.0990 | max_value: 255.0 in Epoch [348]
2022-07-23 04:30:30,405 INFO: Epoch: 360 | PSNR: 30.0983 | Loss: 5.5557 | lr: 2.50e-04 | Best_PSNR: 30.0990 | max_value: 255.0 in Epoch [348]
2022-07-23 04:30:55,284 INFO: Epoch: 361 | PSNR: 30.0985 | Loss: 5.5625 | lr: 1.25e-04 | Best_PSNR: 30.0990 | max_value: 255.0 in Epoch [348]
2022-07-23 04:31:20,061 INFO: Epoch: 362 | PSNR: 30.0991 | Loss: 5.5357 | lr: 1.25e-04 | Best_PSNR: 30.0991 | max_value: 255.0 in Epoch [362]
2022-07-23 04:31:45,115 INFO: Epoch: 363 | PSNR: 30.0993 | Loss: 5.4633 | lr: 1.25e-04 | Best_PSNR: 30.0993 | max_value: 255.0 in Epoch [363]
2022-07-23 04:32:09,120 INFO: Epoch: 364 | PSNR: 30.0993 | Loss: 5.5192 | lr: 1.25e-04 | Best_PSNR: 30.0993 | max_value: 255.0 in Epoch [363]
2022-07-23 04:32:34,041 INFO: Epoch: 365 | PSNR: 30.0995 | Loss: 5.4930 | lr: 1.25e-04 | Best_PSNR: 30.0995 | max_value: 255.0 in Epoch [365]
2022-07-23 04:32:58,939 INFO: Epoch: 366 | PSNR: 30.1002 | Loss: 5.5422 | lr: 1.25e-04 | Best_PSNR: 30.1002 | max_value: 255.0 in Epoch [366]
2022-07-23 04:33:23,141 INFO: Epoch: 367 | PSNR: 30.1001 | Loss: 5.4759 | lr: 1.25e-04 | Best_PSNR: 30.1002 | max_value: 255.0 in Epoch [366]
2022-07-23 04:33:47,362 INFO: Epoch: 368 | PSNR: 30.0998 | Loss: 5.5213 | lr: 1.25e-04 | Best_PSNR: 30.1002 | max_value: 255.0 in Epoch [366]
2022-07-23 04:34:11,980 INFO: Epoch: 369 | PSNR: 30.1001 | Loss: 5.4962 | lr: 1.25e-04 | Best_PSNR: 30.1002 | max_value: 255.0 in Epoch [366]
2022-07-23 04:34:36,541 INFO: Epoch: 370 | PSNR: 30.0996 | Loss: 5.5490 | lr: 1.25e-04 | Best_PSNR: 30.1002 | max_value: 255.0 in Epoch [366]
2022-07-23 04:35:01,179 INFO: Epoch: 371 | PSNR: 30.0998 | Loss: 5.4748 | lr: 1.25e-04 | Best_PSNR: 30.1002 | max_value: 255.0 in Epoch [366]
2022-07-23 04:35:25,831 INFO: Epoch: 372 | PSNR: 30.0995 | Loss: 5.4969 | lr: 1.25e-04 | Best_PSNR: 30.1002 | max_value: 255.0 in Epoch [366]
2022-07-23 04:35:49,994 INFO: Epoch: 373 | PSNR: 30.0999 | Loss: 5.5044 | lr: 1.25e-04 | Best_PSNR: 30.1002 | max_value: 255.0 in Epoch [366]
2022-07-23 04:36:15,023 INFO: Epoch: 374 | PSNR: 30.1006 | Loss: 5.4863 | lr: 1.25e-04 | Best_PSNR: 30.1006 | max_value: 255.0 in Epoch [374]
2022-07-23 04:36:39,657 INFO: Epoch: 375 | PSNR: 30.1007 | Loss: 5.5030 | lr: 1.25e-04 | Best_PSNR: 30.1007 | max_value: 255.0 in Epoch [375]
2022-07-23 04:37:04,028 INFO: Epoch: 376 | PSNR: 30.1004 | Loss: 5.4986 | lr: 1.25e-04 | Best_PSNR: 30.1007 | max_value: 255.0 in Epoch [375]
2022-07-23 04:37:28,445 INFO: Epoch: 377 | PSNR: 30.0998 | Loss: 5.5345 | lr: 1.25e-04 | Best_PSNR: 30.1007 | max_value: 255.0 in Epoch [375]
2022-07-23 04:37:53,765 INFO: Epoch: 378 | PSNR: 30.1007 | Loss: 5.5348 | lr: 1.25e-04 | Best_PSNR: 30.1007 | max_value: 255.0 in Epoch [378]
2022-07-23 04:38:18,354 INFO: Epoch: 379 | PSNR: 30.1009 | Loss: 5.5164 | lr: 1.25e-04 | Best_PSNR: 30.1009 | max_value: 255.0 in Epoch [379]
2022-07-23 04:38:42,831 INFO: Epoch: 380 | PSNR: 30.1001 | Loss: 5.5453 | lr: 1.25e-04 | Best_PSNR: 30.1009 | max_value: 255.0 in Epoch [379]
2022-07-23 04:39:07,494 INFO: Epoch: 381 | PSNR: 30.1004 | Loss: 5.5051 | lr: 1.25e-04 | Best_PSNR: 30.1009 | max_value: 255.0 in Epoch [379]
2022-07-23 04:39:32,063 INFO: Epoch: 382 | PSNR: 30.1002 | Loss: 5.5121 | lr: 1.25e-04 | Best_PSNR: 30.1009 | max_value: 255.0 in Epoch [379]
2022-07-23 04:39:55,708 INFO: Epoch: 383 | PSNR: 30.1003 | Loss: 5.5209 | lr: 1.25e-04 | Best_PSNR: 30.1009 | max_value: 255.0 in Epoch [379]
2022-07-23 04:40:20,142 INFO: Epoch: 384 | PSNR: 30.1005 | Loss: 5.5000 | lr: 1.25e-04 | Best_PSNR: 30.1009 | max_value: 255.0 in Epoch [379]
2022-07-23 04:40:44,702 INFO: Epoch: 385 | PSNR: 30.1006 | Loss: 5.4903 | lr: 1.25e-04 | Best_PSNR: 30.1009 | max_value: 255.0 in Epoch [379]
2022-07-23 04:41:09,132 INFO: Epoch: 386 | PSNR: 30.1005 | Loss: 5.4920 | lr: 1.25e-04 | Best_PSNR: 30.1009 | max_value: 255.0 in Epoch [379]
2022-07-23 04:41:33,729 INFO: Epoch: 387 | PSNR: 30.1004 | Loss: 5.4672 | lr: 1.25e-04 | Best_PSNR: 30.1009 | max_value: 255.0 in Epoch [379]
2022-07-23 04:41:58,137 INFO: Epoch: 388 | PSNR: 30.1002 | Loss: 5.5486 | lr: 1.25e-04 | Best_PSNR: 30.1009 | max_value: 255.0 in Epoch [379]
2022-07-23 04:42:22,472 INFO: Epoch: 389 | PSNR: 30.1003 | Loss: 5.5261 | lr: 1.25e-04 | Best_PSNR: 30.1009 | max_value: 255.0 in Epoch [379]
2022-07-23 04:42:47,652 INFO: Epoch: 390 | PSNR: 30.1010 | Loss: 5.5461 | lr: 1.25e-04 | Best_PSNR: 30.1010 | max_value: 255.0 in Epoch [390]
2022-07-23 04:43:12,857 INFO: Epoch: 391 | PSNR: 30.1011 | Loss: 5.5781 | lr: 1.25e-04 | Best_PSNR: 30.1011 | max_value: 255.0 in Epoch [391]
2022-07-23 04:43:37,645 INFO: Epoch: 392 | PSNR: 30.1011 | Loss: 5.4854 | lr: 1.25e-04 | Best_PSNR: 30.1011 | max_value: 255.0 in Epoch [392]
2022-07-23 04:44:01,975 INFO: Epoch: 393 | PSNR: 30.1008 | Loss: 5.5396 | lr: 1.25e-04 | Best_PSNR: 30.1011 | max_value: 255.0 in Epoch [392]
2022-07-23 04:44:26,761 INFO: Epoch: 394 | PSNR: 30.1012 | Loss: 5.5008 | lr: 1.25e-04 | Best_PSNR: 30.1012 | max_value: 255.0 in Epoch [394]
2022-07-23 04:44:51,889 INFO: Epoch: 395 | PSNR: 30.1015 | Loss: 5.4786 | lr: 1.25e-04 | Best_PSNR: 30.1015 | max_value: 255.0 in Epoch [395]
2022-07-23 04:45:17,402 INFO: Epoch: 396 | PSNR: 30.1019 | Loss: 5.4939 | lr: 1.25e-04 | Best_PSNR: 30.1019 | max_value: 255.0 in Epoch [396]
2022-07-23 04:45:41,711 INFO: Epoch: 397 | PSNR: 30.1017 | Loss: 5.5061 | lr: 1.25e-04 | Best_PSNR: 30.1019 | max_value: 255.0 in Epoch [396]
2022-07-23 04:46:05,953 INFO: Epoch: 398 | PSNR: 30.1009 | Loss: 5.4965 | lr: 1.25e-04 | Best_PSNR: 30.1019 | max_value: 255.0 in Epoch [396]
2022-07-23 04:46:30,580 INFO: Epoch: 399 | PSNR: 30.1007 | Loss: 5.5266 | lr: 1.25e-04 | Best_PSNR: 30.1019 | max_value: 255.0 in Epoch [396]
2022-07-23 04:46:55,284 INFO: Epoch: 400 | PSNR: 30.1009 | Loss: 5.5297 | lr: 1.25e-04 | Best_PSNR: 30.1019 | max_value: 255.0 in Epoch [396]
2022-07-23 04:47:19,638 INFO: Epoch: 401 | PSNR: 30.1011 | Loss: 5.4859 | lr: 1.25e-04 | Best_PSNR: 30.1019 | max_value: 255.0 in Epoch [396]
2022-07-23 04:47:44,392 INFO: Epoch: 402 | PSNR: 30.1006 | Loss: 5.5568 | lr: 1.25e-04 | Best_PSNR: 30.1019 | max_value: 255.0 in Epoch [396]
2022-07-23 04:48:09,078 INFO: Epoch: 403 | PSNR: 30.1012 | Loss: 5.5479 | lr: 1.25e-04 | Best_PSNR: 30.1019 | max_value: 255.0 in Epoch [396]
2022-07-23 04:48:34,132 INFO: Epoch: 404 | PSNR: 30.1021 | Loss: 5.4901 | lr: 1.25e-04 | Best_PSNR: 30.1021 | max_value: 255.0 in Epoch [404]
2022-07-23 04:48:58,942 INFO: Epoch: 405 | PSNR: 30.1016 | Loss: 5.4908 | lr: 1.25e-04 | Best_PSNR: 30.1021 | max_value: 255.0 in Epoch [404]
2022-07-23 04:49:23,660 INFO: Epoch: 406 | PSNR: 30.1017 | Loss: 5.5102 | lr: 1.25e-04 | Best_PSNR: 30.1021 | max_value: 255.0 in Epoch [404]
2022-07-23 04:49:47,975 INFO: Epoch: 407 | PSNR: 30.1019 | Loss: 5.5469 | lr: 1.25e-04 | Best_PSNR: 30.1021 | max_value: 255.0 in Epoch [404]
2022-07-23 04:50:12,429 INFO: Epoch: 408 | PSNR: 30.1013 | Loss: 5.5384 | lr: 1.25e-04 | Best_PSNR: 30.1021 | max_value: 255.0 in Epoch [404]
2022-07-23 04:50:36,968 INFO: Epoch: 409 | PSNR: 30.1019 | Loss: 5.4755 | lr: 1.25e-04 | Best_PSNR: 30.1021 | max_value: 255.0 in Epoch [404]
2022-07-23 04:51:01,860 INFO: Epoch: 410 | PSNR: 30.1015 | Loss: 5.5322 | lr: 1.25e-04 | Best_PSNR: 30.1021 | max_value: 255.0 in Epoch [404]
2022-07-23 04:51:26,586 INFO: Epoch: 411 | PSNR: 30.1013 | Loss: 5.5078 | lr: 1.25e-04 | Best_PSNR: 30.1021 | max_value: 255.0 in Epoch [404]
2022-07-23 04:51:51,126 INFO: Epoch: 412 | PSNR: 30.1016 | Loss: 5.5546 | lr: 1.25e-04 | Best_PSNR: 30.1021 | max_value: 255.0 in Epoch [404]
2022-07-23 04:52:15,530 INFO: Epoch: 413 | PSNR: 30.1017 | Loss: 5.5085 | lr: 1.25e-04 | Best_PSNR: 30.1021 | max_value: 255.0 in Epoch [404]
2022-07-23 04:52:40,069 INFO: Epoch: 414 | PSNR: 30.1017 | Loss: 5.5540 | lr: 1.25e-04 | Best_PSNR: 30.1021 | max_value: 255.0 in Epoch [404]
2022-07-23 04:53:05,173 INFO: Epoch: 415 | PSNR: 30.1025 | Loss: 5.4544 | lr: 1.25e-04 | Best_PSNR: 30.1025 | max_value: 255.0 in Epoch [415]
2022-07-23 04:53:29,800 INFO: Epoch: 416 | PSNR: 30.1022 | Loss: 5.5533 | lr: 1.25e-04 | Best_PSNR: 30.1025 | max_value: 255.0 in Epoch [415]
2022-07-23 04:53:53,926 INFO: Epoch: 417 | PSNR: 30.1021 | Loss: 5.4892 | lr: 1.25e-04 | Best_PSNR: 30.1025 | max_value: 255.0 in Epoch [415]
2022-07-23 04:54:18,322 INFO: Epoch: 418 | PSNR: 30.1018 | Loss: 5.5217 | lr: 1.25e-04 | Best_PSNR: 30.1025 | max_value: 255.0 in Epoch [415]
2022-07-23 04:54:42,576 INFO: Epoch: 419 | PSNR: 30.1018 | Loss: 5.5127 | lr: 1.25e-04 | Best_PSNR: 30.1025 | max_value: 255.0 in Epoch [415]
2022-07-23 04:55:07,231 INFO: Epoch: 420 | PSNR: 30.1021 | Loss: 5.4849 | lr: 1.25e-04 | Best_PSNR: 30.1025 | max_value: 255.0 in Epoch [415]
2022-07-23 04:55:31,753 INFO: Epoch: 421 | PSNR: 30.1019 | Loss: 5.4679 | lr: 1.25e-04 | Best_PSNR: 30.1025 | max_value: 255.0 in Epoch [415]
2022-07-23 04:55:56,058 INFO: Epoch: 422 | PSNR: 30.1022 | Loss: 5.5334 | lr: 1.25e-04 | Best_PSNR: 30.1025 | max_value: 255.0 in Epoch [415]
2022-07-23 04:56:20,608 INFO: Epoch: 423 | PSNR: 30.1015 | Loss: 5.5538 | lr: 1.25e-04 | Best_PSNR: 30.1025 | max_value: 255.0 in Epoch [415]
2022-07-23 04:56:45,024 INFO: Epoch: 424 | PSNR: 30.1019 | Loss: 5.5589 | lr: 1.25e-04 | Best_PSNR: 30.1025 | max_value: 255.0 in Epoch [415]
2022-07-23 04:57:09,533 INFO: Epoch: 425 | PSNR: 30.1018 | Loss: 5.4770 | lr: 1.25e-04 | Best_PSNR: 30.1025 | max_value: 255.0 in Epoch [415]
2022-07-23 04:57:34,147 INFO: Epoch: 426 | PSNR: 30.1015 | Loss: 5.4795 | lr: 1.25e-04 | Best_PSNR: 30.1025 | max_value: 255.0 in Epoch [415]
2022-07-23 04:57:58,747 INFO: Epoch: 427 | PSNR: 30.1020 | Loss: 5.4853 | lr: 1.25e-04 | Best_PSNR: 30.1025 | max_value: 255.0 in Epoch [415]
2022-07-23 04:58:23,321 INFO: Epoch: 428 | PSNR: 30.1015 | Loss: 5.5439 | lr: 1.25e-04 | Best_PSNR: 30.1025 | max_value: 255.0 in Epoch [415]
2022-07-23 04:58:47,791 INFO: Epoch: 429 | PSNR: 30.1019 | Loss: 5.5277 | lr: 1.25e-04 | Best_PSNR: 30.1025 | max_value: 255.0 in Epoch [415]
2022-07-23 04:59:12,482 INFO: Epoch: 430 | PSNR: 30.1024 | Loss: 5.4887 | lr: 1.25e-04 | Best_PSNR: 30.1025 | max_value: 255.0 in Epoch [415]
2022-07-23 04:59:37,113 INFO: Epoch: 431 | PSNR: 30.1020 | Loss: 5.4930 | lr: 1.25e-04 | Best_PSNR: 30.1025 | max_value: 255.0 in Epoch [415]
2022-07-23 05:00:01,748 INFO: Epoch: 432 | PSNR: 30.1021 | Loss: 5.5260 | lr: 1.25e-04 | Best_PSNR: 30.1025 | max_value: 255.0 in Epoch [415]
2022-07-23 05:00:26,173 INFO: Epoch: 433 | PSNR: 30.1022 | Loss: 5.5077 | lr: 1.25e-04 | Best_PSNR: 30.1025 | max_value: 255.0 in Epoch [415]
2022-07-23 05:00:50,826 INFO: Epoch: 434 | PSNR: 30.1018 | Loss: 5.5088 | lr: 1.25e-04 | Best_PSNR: 30.1025 | max_value: 255.0 in Epoch [415]
2022-07-23 05:01:15,526 INFO: Epoch: 435 | PSNR: 30.1023 | Loss: 5.5260 | lr: 1.25e-04 | Best_PSNR: 30.1025 | max_value: 255.0 in Epoch [415]
2022-07-23 05:01:40,743 INFO: Epoch: 436 | PSNR: 30.1026 | Loss: 5.5290 | lr: 1.25e-04 | Best_PSNR: 30.1026 | max_value: 255.0 in Epoch [436]
2022-07-23 05:02:06,000 INFO: Epoch: 437 | PSNR: 30.1028 | Loss: 5.4937 | lr: 1.25e-04 | Best_PSNR: 30.1028 | max_value: 255.0 in Epoch [437]
2022-07-23 05:02:30,290 INFO: Epoch: 438 | PSNR: 30.1027 | Loss: 5.4920 | lr: 1.25e-04 | Best_PSNR: 30.1028 | max_value: 255.0 in Epoch [437]
2022-07-23 05:02:55,536 INFO: Epoch: 439 | PSNR: 30.1028 | Loss: 5.5295 | lr: 1.25e-04 | Best_PSNR: 30.1028 | max_value: 255.0 in Epoch [439]
2022-07-23 05:03:19,923 INFO: Epoch: 440 | PSNR: 30.1026 | Loss: 5.5201 | lr: 1.25e-04 | Best_PSNR: 30.1028 | max_value: 255.0 in Epoch [439]
2022-07-23 05:03:44,173 INFO: Epoch: 441 | PSNR: 30.1025 | Loss: 5.5694 | lr: 1.25e-04 | Best_PSNR: 30.1028 | max_value: 255.0 in Epoch [439]
2022-07-23 05:04:09,419 INFO: Epoch: 442 | PSNR: 30.1031 | Loss: 5.5543 | lr: 1.25e-04 | Best_PSNR: 30.1031 | max_value: 255.0 in Epoch [442]
2022-07-23 05:04:33,983 INFO: Epoch: 443 | PSNR: 30.1028 | Loss: 5.4997 | lr: 1.25e-04 | Best_PSNR: 30.1031 | max_value: 255.0 in Epoch [442]
2022-07-23 05:04:58,545 INFO: Epoch: 444 | PSNR: 30.1022 | Loss: 5.5063 | lr: 1.25e-04 | Best_PSNR: 30.1031 | max_value: 255.0 in Epoch [442]
2022-07-23 05:05:23,071 INFO: Epoch: 445 | PSNR: 30.1026 | Loss: 5.4538 | lr: 1.25e-04 | Best_PSNR: 30.1031 | max_value: 255.0 in Epoch [442]
2022-07-23 05:05:47,710 INFO: Epoch: 446 | PSNR: 30.1028 | Loss: 5.5250 | lr: 1.25e-04 | Best_PSNR: 30.1031 | max_value: 255.0 in Epoch [442]
2022-07-23 05:06:12,023 INFO: Epoch: 447 | PSNR: 30.1028 | Loss: 5.5178 | lr: 1.25e-04 | Best_PSNR: 30.1031 | max_value: 255.0 in Epoch [442]
2022-07-23 05:06:36,779 INFO: Epoch: 448 | PSNR: 30.1029 | Loss: 5.5117 | lr: 1.25e-04 | Best_PSNR: 30.1031 | max_value: 255.0 in Epoch [442]
2022-07-23 05:07:01,349 INFO: Epoch: 449 | PSNR: 30.1030 | Loss: 5.5457 | lr: 1.25e-04 | Best_PSNR: 30.1031 | max_value: 255.0 in Epoch [442]
2022-07-23 05:07:25,482 INFO: Epoch: 450 | PSNR: 30.1028 | Loss: 5.5387 | lr: 1.25e-04 | Best_PSNR: 30.1031 | max_value: 255.0 in Epoch [442]
2022-07-23 05:07:50,919 INFO: Epoch: 451 | PSNR: 30.1033 | Loss: 5.5154 | lr: 1.25e-04 | Best_PSNR: 30.1033 | max_value: 255.0 in Epoch [451]
2022-07-23 05:08:15,656 INFO: Epoch: 452 | PSNR: 30.1032 | Loss: 5.5097 | lr: 1.25e-04 | Best_PSNR: 30.1033 | max_value: 255.0 in Epoch [451]
2022-07-23 05:08:40,383 INFO: Epoch: 453 | PSNR: 30.1034 | Loss: 5.4718 | lr: 1.25e-04 | Best_PSNR: 30.1034 | max_value: 255.0 in Epoch [453]
2022-07-23 05:09:05,278 INFO: Epoch: 454 | PSNR: 30.1025 | Loss: 5.4834 | lr: 1.25e-04 | Best_PSNR: 30.1034 | max_value: 255.0 in Epoch [453]
2022-07-23 05:09:29,865 INFO: Epoch: 455 | PSNR: 30.1032 | Loss: 5.5327 | lr: 1.25e-04 | Best_PSNR: 30.1034 | max_value: 255.0 in Epoch [453]
2022-07-23 05:09:54,193 INFO: Epoch: 456 | PSNR: 30.1032 | Loss: 5.5163 | lr: 1.25e-04 | Best_PSNR: 30.1034 | max_value: 255.0 in Epoch [453]
2022-07-23 05:10:18,714 INFO: Epoch: 457 | PSNR: 30.1033 | Loss: 5.4822 | lr: 1.25e-04 | Best_PSNR: 30.1034 | max_value: 255.0 in Epoch [453]
2022-07-23 05:10:43,641 INFO: Epoch: 458 | PSNR: 30.1031 | Loss: 5.5457 | lr: 1.25e-04 | Best_PSNR: 30.1034 | max_value: 255.0 in Epoch [453]
2022-07-23 05:11:08,474 INFO: Epoch: 459 | PSNR: 30.1029 | Loss: 5.5528 | lr: 1.25e-04 | Best_PSNR: 30.1034 | max_value: 255.0 in Epoch [453]
2022-07-23 05:11:32,888 INFO: Epoch: 460 | PSNR: 30.1028 | Loss: 5.5226 | lr: 1.25e-04 | Best_PSNR: 30.1034 | max_value: 255.0 in Epoch [453]
2022-07-23 05:11:56,839 INFO: Epoch: 461 | PSNR: 30.1031 | Loss: 5.5080 | lr: 1.25e-04 | Best_PSNR: 30.1034 | max_value: 255.0 in Epoch [453]
2022-07-23 05:12:21,702 INFO: Epoch: 462 | PSNR: 30.1028 | Loss: 5.4967 | lr: 1.25e-04 | Best_PSNR: 30.1034 | max_value: 255.0 in Epoch [453]
2022-07-23 05:12:45,905 INFO: Epoch: 463 | PSNR: 30.1028 | Loss: 5.5054 | lr: 1.25e-04 | Best_PSNR: 30.1034 | max_value: 255.0 in Epoch [453]
2022-07-23 05:13:10,762 INFO: Epoch: 464 | PSNR: 30.1027 | Loss: 5.4859 | lr: 1.25e-04 | Best_PSNR: 30.1034 | max_value: 255.0 in Epoch [453]
2022-07-23 05:13:34,893 INFO: Epoch: 465 | PSNR: 30.1030 | Loss: 5.4827 | lr: 1.25e-04 | Best_PSNR: 30.1034 | max_value: 255.0 in Epoch [453]
2022-07-23 05:13:59,648 INFO: Epoch: 466 | PSNR: 30.1027 | Loss: 5.5144 | lr: 1.25e-04 | Best_PSNR: 30.1034 | max_value: 255.0 in Epoch [453]
2022-07-23 05:14:24,901 INFO: Epoch: 467 | PSNR: 30.1038 | Loss: 5.4729 | lr: 1.25e-04 | Best_PSNR: 30.1038 | max_value: 255.0 in Epoch [467]
2022-07-23 05:14:49,276 INFO: Epoch: 468 | PSNR: 30.1035 | Loss: 5.5200 | lr: 1.25e-04 | Best_PSNR: 30.1038 | max_value: 255.0 in Epoch [467]
2022-07-23 05:15:14,065 INFO: Epoch: 469 | PSNR: 30.1034 | Loss: 5.5335 | lr: 1.25e-04 | Best_PSNR: 30.1038 | max_value: 255.0 in Epoch [467]
2022-07-23 05:15:38,606 INFO: Epoch: 470 | PSNR: 30.1031 | Loss: 5.5145 | lr: 1.25e-04 | Best_PSNR: 30.1038 | max_value: 255.0 in Epoch [467]
2022-07-23 05:16:03,047 INFO: Epoch: 471 | PSNR: 30.1033 | Loss: 5.5380 | lr: 1.25e-04 | Best_PSNR: 30.1038 | max_value: 255.0 in Epoch [467]
2022-07-23 05:16:27,761 INFO: Epoch: 472 | PSNR: 30.1030 | Loss: 5.5421 | lr: 1.25e-04 | Best_PSNR: 30.1038 | max_value: 255.0 in Epoch [467]
2022-07-23 05:16:52,092 INFO: Epoch: 473 | PSNR: 30.1031 | Loss: 5.4886 | lr: 1.25e-04 | Best_PSNR: 30.1038 | max_value: 255.0 in Epoch [467]
2022-07-23 05:17:17,134 INFO: Epoch: 474 | PSNR: 30.1029 | Loss: 5.5296 | lr: 1.25e-04 | Best_PSNR: 30.1038 | max_value: 255.0 in Epoch [467]
2022-07-23 05:17:41,556 INFO: Epoch: 475 | PSNR: 30.1034 | Loss: 5.5036 | lr: 1.25e-04 | Best_PSNR: 30.1038 | max_value: 255.0 in Epoch [467]
2022-07-23 05:18:06,241 INFO: Epoch: 476 | PSNR: 30.1036 | Loss: 5.4646 | lr: 1.25e-04 | Best_PSNR: 30.1038 | max_value: 255.0 in Epoch [467]
2022-07-23 05:18:30,865 INFO: Epoch: 477 | PSNR: 30.1036 | Loss: 5.5162 | lr: 1.25e-04 | Best_PSNR: 30.1038 | max_value: 255.0 in Epoch [467]
2022-07-23 05:18:56,015 INFO: Epoch: 478 | PSNR: 30.1039 | Loss: 5.4874 | lr: 1.25e-04 | Best_PSNR: 30.1039 | max_value: 255.0 in Epoch [478]
2022-07-23 05:19:20,676 INFO: Epoch: 479 | PSNR: 30.1034 | Loss: 5.5623 | lr: 1.25e-04 | Best_PSNR: 30.1039 | max_value: 255.0 in Epoch [478]
2022-07-23 05:19:45,144 INFO: Epoch: 480 | PSNR: 30.1031 | Loss: 5.5087 | lr: 1.25e-04 | Best_PSNR: 30.1039 | max_value: 255.0 in Epoch [478]
2022-07-23 05:20:09,794 INFO: Epoch: 481 | PSNR: 30.1036 | Loss: 5.4935 | lr: 6.25e-05 | Best_PSNR: 30.1039 | max_value: 255.0 in Epoch [478]
2022-07-23 05:20:34,551 INFO: Epoch: 482 | PSNR: 30.1041 | Loss: 5.4724 | lr: 6.25e-05 | Best_PSNR: 30.1041 | max_value: 255.0 in Epoch [482]
2022-07-23 05:20:59,814 INFO: Epoch: 483 | PSNR: 30.1041 | Loss: 5.5417 | lr: 6.25e-05 | Best_PSNR: 30.1041 | max_value: 255.0 in Epoch [483]
2022-07-23 05:21:24,480 INFO: Epoch: 484 | PSNR: 30.1035 | Loss: 5.5090 | lr: 6.25e-05 | Best_PSNR: 30.1041 | max_value: 255.0 in Epoch [483]
2022-07-23 05:21:49,094 INFO: Epoch: 485 | PSNR: 30.1037 | Loss: 5.4852 | lr: 6.25e-05 | Best_PSNR: 30.1041 | max_value: 255.0 in Epoch [483]
2022-07-23 05:22:13,535 INFO: Epoch: 486 | PSNR: 30.1040 | Loss: 5.4788 | lr: 6.25e-05 | Best_PSNR: 30.1041 | max_value: 255.0 in Epoch [483]
2022-07-23 05:22:38,093 INFO: Epoch: 487 | PSNR: 30.1041 | Loss: 5.5330 | lr: 6.25e-05 | Best_PSNR: 30.1041 | max_value: 255.0 in Epoch [483]
2022-07-23 05:23:03,425 INFO: Epoch: 488 | PSNR: 30.1043 | Loss: 5.5125 | lr: 6.25e-05 | Best_PSNR: 30.1043 | max_value: 255.0 in Epoch [488]
2022-07-23 05:23:28,868 INFO: Epoch: 489 | PSNR: 30.1046 | Loss: 5.4926 | lr: 6.25e-05 | Best_PSNR: 30.1046 | max_value: 255.0 in Epoch [489]
2022-07-23 05:23:53,404 INFO: Epoch: 490 | PSNR: 30.1044 | Loss: 5.5306 | lr: 6.25e-05 | Best_PSNR: 30.1046 | max_value: 255.0 in Epoch [489]
2022-07-23 05:24:18,536 INFO: Epoch: 491 | PSNR: 30.1046 | Loss: 5.5388 | lr: 6.25e-05 | Best_PSNR: 30.1046 | max_value: 255.0 in Epoch [491]
2022-07-23 05:24:43,022 INFO: Epoch: 492 | PSNR: 30.1046 | Loss: 5.5012 | lr: 6.25e-05 | Best_PSNR: 30.1046 | max_value: 255.0 in Epoch [491]
2022-07-23 05:25:08,175 INFO: Epoch: 493 | PSNR: 30.1047 | Loss: 5.5045 | lr: 6.25e-05 | Best_PSNR: 30.1047 | max_value: 255.0 in Epoch [493]
2022-07-23 05:25:32,881 INFO: Epoch: 494 | PSNR: 30.1046 | Loss: 5.5467 | lr: 6.25e-05 | Best_PSNR: 30.1047 | max_value: 255.0 in Epoch [493]
2022-07-23 05:25:58,269 INFO: Epoch: 495 | PSNR: 30.1048 | Loss: 5.5273 | lr: 6.25e-05 | Best_PSNR: 30.1048 | max_value: 255.0 in Epoch [495]
2022-07-23 05:26:22,999 INFO: Epoch: 496 | PSNR: 30.1041 | Loss: 5.5124 | lr: 6.25e-05 | Best_PSNR: 30.1048 | max_value: 255.0 in Epoch [495]
2022-07-23 05:26:47,588 INFO: Epoch: 497 | PSNR: 30.1037 | Loss: 5.4824 | lr: 6.25e-05 | Best_PSNR: 30.1048 | max_value: 255.0 in Epoch [495]
2022-07-23 05:27:12,525 INFO: Epoch: 498 | PSNR: 30.1043 | Loss: 5.5250 | lr: 6.25e-05 | Best_PSNR: 30.1048 | max_value: 255.0 in Epoch [495]
2022-07-23 05:27:37,865 INFO: Epoch: 499 | PSNR: 30.1042 | Loss: 5.5310 | lr: 6.25e-05 | Best_PSNR: 30.1048 | max_value: 255.0 in Epoch [495]
2022-07-23 05:28:03,512 INFO: Epoch: 500 | PSNR: 30.1041 | Loss: 5.4896 | lr: 6.25e-05 | Best_PSNR: 30.1048 | max_value: 255.0 in Epoch [495]
2022-07-23 05:28:28,737 INFO: Epoch: 501 | PSNR: 30.1041 | Loss: 5.5645 | lr: 6.25e-05 | Best_PSNR: 30.1048 | max_value: 255.0 in Epoch [495]
2022-07-23 05:28:53,382 INFO: Epoch: 502 | PSNR: 30.1040 | Loss: 5.5289 | lr: 6.25e-05 | Best_PSNR: 30.1048 | max_value: 255.0 in Epoch [495]
2022-07-23 05:29:18,129 INFO: Epoch: 503 | PSNR: 30.1042 | Loss: 5.4987 | lr: 6.25e-05 | Best_PSNR: 30.1048 | max_value: 255.0 in Epoch [495]
2022-07-23 05:29:42,610 INFO: Epoch: 504 | PSNR: 30.1044 | Loss: 5.4913 | lr: 6.25e-05 | Best_PSNR: 30.1048 | max_value: 255.0 in Epoch [495]
2022-07-23 05:30:08,665 INFO: Epoch: 505 | PSNR: 30.1044 | Loss: 5.5124 | lr: 6.25e-05 | Best_PSNR: 30.1048 | max_value: 255.0 in Epoch [495]
2022-07-23 05:30:33,309 INFO: Epoch: 506 | PSNR: 30.1046 | Loss: 5.5118 | lr: 6.25e-05 | Best_PSNR: 30.1048 | max_value: 255.0 in Epoch [495]
2022-07-23 05:30:58,108 INFO: Epoch: 507 | PSNR: 30.1046 | Loss: 5.5334 | lr: 6.25e-05 | Best_PSNR: 30.1048 | max_value: 255.0 in Epoch [495]
2022-07-23 05:31:23,334 INFO: Epoch: 508 | PSNR: 30.1046 | Loss: 5.4938 | lr: 6.25e-05 | Best_PSNR: 30.1048 | max_value: 255.0 in Epoch [495]
2022-07-23 05:31:48,573 INFO: Epoch: 509 | PSNR: 30.1045 | Loss: 5.5175 | lr: 6.25e-05 | Best_PSNR: 30.1048 | max_value: 255.0 in Epoch [495]
2022-07-23 05:32:13,377 INFO: Epoch: 510 | PSNR: 30.1043 | Loss: 5.5033 | lr: 6.25e-05 | Best_PSNR: 30.1048 | max_value: 255.0 in Epoch [495]
2022-07-23 05:32:38,209 INFO: Epoch: 511 | PSNR: 30.1042 | Loss: 5.4915 | lr: 6.25e-05 | Best_PSNR: 30.1048 | max_value: 255.0 in Epoch [495]
2022-07-23 05:33:03,250 INFO: Epoch: 512 | PSNR: 30.1043 | Loss: 5.4997 | lr: 6.25e-05 | Best_PSNR: 30.1048 | max_value: 255.0 in Epoch [495]
2022-07-23 05:33:28,250 INFO: Epoch: 513 | PSNR: 30.1044 | Loss: 5.5131 | lr: 6.25e-05 | Best_PSNR: 30.1048 | max_value: 255.0 in Epoch [495]
2022-07-23 05:33:53,103 INFO: Epoch: 514 | PSNR: 30.1040 | Loss: 5.5259 | lr: 6.25e-05 | Best_PSNR: 30.1048 | max_value: 255.0 in Epoch [495]
2022-07-23 05:34:18,597 INFO: Epoch: 515 | PSNR: 30.1040 | Loss: 5.5287 | lr: 6.25e-05 | Best_PSNR: 30.1048 | max_value: 255.0 in Epoch [495]
2022-07-23 05:34:43,101 INFO: Epoch: 516 | PSNR: 30.1042 | Loss: 5.5094 | lr: 6.25e-05 | Best_PSNR: 30.1048 | max_value: 255.0 in Epoch [495]
2022-07-23 05:35:07,739 INFO: Epoch: 517 | PSNR: 30.1043 | Loss: 5.5033 | lr: 6.25e-05 | Best_PSNR: 30.1048 | max_value: 255.0 in Epoch [495]
2022-07-23 05:35:31,948 INFO: Epoch: 518 | PSNR: 30.1044 | Loss: 5.4830 | lr: 6.25e-05 | Best_PSNR: 30.1048 | max_value: 255.0 in Epoch [495]
2022-07-23 05:35:57,131 INFO: Epoch: 519 | PSNR: 30.1049 | Loss: 5.4687 | lr: 6.25e-05 | Best_PSNR: 30.1049 | max_value: 255.0 in Epoch [519]
2022-07-23 05:36:21,494 INFO: Epoch: 520 | PSNR: 30.1046 | Loss: 5.5255 | lr: 6.25e-05 | Best_PSNR: 30.1049 | max_value: 255.0 in Epoch [519]
2022-07-23 05:36:45,849 INFO: Epoch: 521 | PSNR: 30.1045 | Loss: 5.5396 | lr: 6.25e-05 | Best_PSNR: 30.1049 | max_value: 255.0 in Epoch [519]
2022-07-23 05:37:10,589 INFO: Epoch: 522 | PSNR: 30.1048 | Loss: 5.5283 | lr: 6.25e-05 | Best_PSNR: 30.1049 | max_value: 255.0 in Epoch [519]
2022-07-23 05:37:35,364 INFO: Epoch: 523 | PSNR: 30.1051 | Loss: 5.4772 | lr: 6.25e-05 | Best_PSNR: 30.1051 | max_value: 255.0 in Epoch [523]
2022-07-23 05:37:59,427 INFO: Epoch: 524 | PSNR: 30.1047 | Loss: 5.5460 | lr: 6.25e-05 | Best_PSNR: 30.1051 | max_value: 255.0 in Epoch [523]
2022-07-23 05:38:23,398 INFO: Epoch: 525 | PSNR: 30.1047 | Loss: 5.4839 | lr: 6.25e-05 | Best_PSNR: 30.1051 | max_value: 255.0 in Epoch [523]
2022-07-23 05:38:47,577 INFO: Epoch: 526 | PSNR: 30.1050 | Loss: 5.4874 | lr: 6.25e-05 | Best_PSNR: 30.1051 | max_value: 255.0 in Epoch [523]
2022-07-23 05:39:11,838 INFO: Epoch: 527 | PSNR: 30.1048 | Loss: 5.5095 | lr: 6.25e-05 | Best_PSNR: 30.1051 | max_value: 255.0 in Epoch [523]
2022-07-23 05:39:35,677 INFO: Epoch: 528 | PSNR: 30.1048 | Loss: 5.4916 | lr: 6.25e-05 | Best_PSNR: 30.1051 | max_value: 255.0 in Epoch [523]
2022-07-23 05:39:59,812 INFO: Epoch: 529 | PSNR: 30.1050 | Loss: 5.4705 | lr: 6.25e-05 | Best_PSNR: 30.1051 | max_value: 255.0 in Epoch [523]
2022-07-23 05:40:23,967 INFO: Epoch: 530 | PSNR: 30.1049 | Loss: 5.4947 | lr: 6.25e-05 | Best_PSNR: 30.1051 | max_value: 255.0 in Epoch [523]
2022-07-23 05:40:48,540 INFO: Epoch: 531 | PSNR: 30.1048 | Loss: 5.5450 | lr: 6.25e-05 | Best_PSNR: 30.1051 | max_value: 255.0 in Epoch [523]
2022-07-23 05:41:13,238 INFO: Epoch: 532 | PSNR: 30.1046 | Loss: 5.5217 | lr: 6.25e-05 | Best_PSNR: 30.1051 | max_value: 255.0 in Epoch [523]
2022-07-23 05:41:37,495 INFO: Epoch: 533 | PSNR: 30.1045 | Loss: 5.4683 | lr: 6.25e-05 | Best_PSNR: 30.1051 | max_value: 255.0 in Epoch [523]
2022-07-23 05:42:02,069 INFO: Epoch: 534 | PSNR: 30.1044 | Loss: 5.5158 | lr: 6.25e-05 | Best_PSNR: 30.1051 | max_value: 255.0 in Epoch [523]
2022-07-23 05:42:26,554 INFO: Epoch: 535 | PSNR: 30.1048 | Loss: 5.5266 | lr: 6.25e-05 | Best_PSNR: 30.1051 | max_value: 255.0 in Epoch [523]
2022-07-23 05:42:51,338 INFO: Epoch: 536 | PSNR: 30.1046 | Loss: 5.4682 | lr: 6.25e-05 | Best_PSNR: 30.1051 | max_value: 255.0 in Epoch [523]
2022-07-23 05:43:15,993 INFO: Epoch: 537 | PSNR: 30.1047 | Loss: 5.5159 | lr: 6.25e-05 | Best_PSNR: 30.1051 | max_value: 255.0 in Epoch [523]
2022-07-23 05:43:40,655 INFO: Epoch: 538 | PSNR: 30.1045 | Loss: 5.5473 | lr: 6.25e-05 | Best_PSNR: 30.1051 | max_value: 255.0 in Epoch [523]
2022-07-23 05:44:05,428 INFO: Epoch: 539 | PSNR: 30.1040 | Loss: 5.5704 | lr: 6.25e-05 | Best_PSNR: 30.1051 | max_value: 255.0 in Epoch [523]
2022-07-23 05:44:29,976 INFO: Epoch: 540 | PSNR: 30.1048 | Loss: 5.4975 | lr: 6.25e-05 | Best_PSNR: 30.1051 | max_value: 255.0 in Epoch [523]
2022-07-23 05:44:54,799 INFO: Epoch: 541 | PSNR: 30.1043 | Loss: 5.4567 | lr: 6.25e-05 | Best_PSNR: 30.1051 | max_value: 255.0 in Epoch [523]
2022-07-23 05:45:19,640 INFO: Epoch: 542 | PSNR: 30.1042 | Loss: 5.5071 | lr: 6.25e-05 | Best_PSNR: 30.1051 | max_value: 255.0 in Epoch [523]
2022-07-23 05:45:44,059 INFO: Epoch: 543 | PSNR: 30.1045 | Loss: 5.5128 | lr: 6.25e-05 | Best_PSNR: 30.1051 | max_value: 255.0 in Epoch [523]
2022-07-23 05:46:08,769 INFO: Epoch: 544 | PSNR: 30.1046 | Loss: 5.5760 | lr: 6.25e-05 | Best_PSNR: 30.1051 | max_value: 255.0 in Epoch [523]
2022-07-23 05:46:33,188 INFO: Epoch: 545 | PSNR: 30.1049 | Loss: 5.5033 | lr: 6.25e-05 | Best_PSNR: 30.1051 | max_value: 255.0 in Epoch [523]
2022-07-23 05:46:58,002 INFO: Epoch: 546 | PSNR: 30.1048 | Loss: 5.5124 | lr: 6.25e-05 | Best_PSNR: 30.1051 | max_value: 255.0 in Epoch [523]
2022-07-23 05:47:22,450 INFO: Epoch: 547 | PSNR: 30.1049 | Loss: 5.5079 | lr: 6.25e-05 | Best_PSNR: 30.1051 | max_value: 255.0 in Epoch [523]
2022-07-23 05:47:47,439 INFO: Epoch: 548 | PSNR: 30.1050 | Loss: 5.4599 | lr: 6.25e-05 | Best_PSNR: 30.1051 | max_value: 255.0 in Epoch [523]
2022-07-23 05:48:12,101 INFO: Epoch: 549 | PSNR: 30.1042 | Loss: 5.5230 | lr: 6.25e-05 | Best_PSNR: 30.1051 | max_value: 255.0 in Epoch [523]
2022-07-23 05:48:36,488 INFO: Epoch: 550 | PSNR: 30.1047 | Loss: 5.4919 | lr: 6.25e-05 | Best_PSNR: 30.1051 | max_value: 255.0 in Epoch [523]
2022-07-23 05:49:00,944 INFO: Epoch: 551 | PSNR: 30.1048 | Loss: 5.5817 | lr: 6.25e-05 | Best_PSNR: 30.1051 | max_value: 255.0 in Epoch [523]
2022-07-23 05:49:25,661 INFO: Epoch: 552 | PSNR: 30.1048 | Loss: 5.5195 | lr: 6.25e-05 | Best_PSNR: 30.1051 | max_value: 255.0 in Epoch [523]
2022-07-23 05:49:50,319 INFO: Epoch: 553 | PSNR: 30.1049 | Loss: 5.5481 | lr: 6.25e-05 | Best_PSNR: 30.1051 | max_value: 255.0 in Epoch [523]
2022-07-23 05:50:14,560 INFO: Epoch: 554 | PSNR: 30.1047 | Loss: 5.5661 | lr: 6.25e-05 | Best_PSNR: 30.1051 | max_value: 255.0 in Epoch [523]
2022-07-23 05:50:39,182 INFO: Epoch: 555 | PSNR: 30.1050 | Loss: 5.5165 | lr: 6.25e-05 | Best_PSNR: 30.1051 | max_value: 255.0 in Epoch [523]
2022-07-23 05:51:03,782 INFO: Epoch: 556 | PSNR: 30.1047 | Loss: 5.4980 | lr: 6.25e-05 | Best_PSNR: 30.1051 | max_value: 255.0 in Epoch [523]
2022-07-23 05:51:29,046 INFO: Epoch: 557 | PSNR: 30.1051 | Loss: 5.5068 | lr: 6.25e-05 | Best_PSNR: 30.1051 | max_value: 255.0 in Epoch [557]
2022-07-23 05:51:54,173 INFO: Epoch: 558 | PSNR: 30.1053 | Loss: 5.4821 | lr: 6.25e-05 | Best_PSNR: 30.1053 | max_value: 255.0 in Epoch [558]
2022-07-23 05:52:18,561 INFO: Epoch: 559 | PSNR: 30.1047 | Loss: 5.5713 | lr: 6.25e-05 | Best_PSNR: 30.1053 | max_value: 255.0 in Epoch [558]
2022-07-23 05:52:43,056 INFO: Epoch: 560 | PSNR: 30.1051 | Loss: 5.5155 | lr: 6.25e-05 | Best_PSNR: 30.1053 | max_value: 255.0 in Epoch [558]
2022-07-23 05:53:08,011 INFO: Epoch: 561 | PSNR: 30.1053 | Loss: 5.5310 | lr: 6.25e-05 | Best_PSNR: 30.1053 | max_value: 255.0 in Epoch [561]
2022-07-23 05:53:32,816 INFO: Epoch: 562 | PSNR: 30.1051 | Loss: 5.5418 | lr: 6.25e-05 | Best_PSNR: 30.1053 | max_value: 255.0 in Epoch [561]
2022-07-23 05:53:57,595 INFO: Epoch: 563 | PSNR: 30.1048 | Loss: 5.5123 | lr: 6.25e-05 | Best_PSNR: 30.1053 | max_value: 255.0 in Epoch [561]
2022-07-23 05:54:22,875 INFO: Epoch: 564 | PSNR: 30.1054 | Loss: 5.5331 | lr: 6.25e-05 | Best_PSNR: 30.1054 | max_value: 255.0 in Epoch [564]
2022-07-23 05:54:47,617 INFO: Epoch: 565 | PSNR: 30.1050 | Loss: 5.4674 | lr: 6.25e-05 | Best_PSNR: 30.1054 | max_value: 255.0 in Epoch [564]
2022-07-23 05:55:12,319 INFO: Epoch: 566 | PSNR: 30.1047 | Loss: 5.5671 | lr: 6.25e-05 | Best_PSNR: 30.1054 | max_value: 255.0 in Epoch [564]
2022-07-23 05:55:37,253 INFO: Epoch: 567 | PSNR: 30.1049 | Loss: 5.5190 | lr: 6.25e-05 | Best_PSNR: 30.1054 | max_value: 255.0 in Epoch [564]
2022-07-23 05:56:01,893 INFO: Epoch: 568 | PSNR: 30.1047 | Loss: 5.4609 | lr: 6.25e-05 | Best_PSNR: 30.1054 | max_value: 255.0 in Epoch [564]
2022-07-23 05:56:26,298 INFO: Epoch: 569 | PSNR: 30.1047 | Loss: 5.4719 | lr: 6.25e-05 | Best_PSNR: 30.1054 | max_value: 255.0 in Epoch [564]
2022-07-23 05:56:50,585 INFO: Epoch: 570 | PSNR: 30.1047 | Loss: 5.5510 | lr: 6.25e-05 | Best_PSNR: 30.1054 | max_value: 255.0 in Epoch [564]
2022-07-23 05:57:15,324 INFO: Epoch: 571 | PSNR: 30.1051 | Loss: 5.4728 | lr: 6.25e-05 | Best_PSNR: 30.1054 | max_value: 255.0 in Epoch [564]
2022-07-23 05:57:40,716 INFO: Epoch: 572 | PSNR: 30.1055 | Loss: 5.4801 | lr: 6.25e-05 | Best_PSNR: 30.1055 | max_value: 255.0 in Epoch [572]
2022-07-23 05:58:06,470 INFO: Epoch: 573 | PSNR: 30.1056 | Loss: 5.5056 | lr: 6.25e-05 | Best_PSNR: 30.1056 | max_value: 255.0 in Epoch [573]
2022-07-23 05:58:31,929 INFO: Epoch: 574 | PSNR: 30.1054 | Loss: 5.4666 | lr: 6.25e-05 | Best_PSNR: 30.1056 | max_value: 255.0 in Epoch [573]
2022-07-23 05:58:57,513 INFO: Epoch: 575 | PSNR: 30.1051 | Loss: 5.5392 | lr: 6.25e-05 | Best_PSNR: 30.1056 | max_value: 255.0 in Epoch [573]
2022-07-23 05:59:23,498 INFO: Epoch: 576 | PSNR: 30.1054 | Loss: 5.5102 | lr: 6.25e-05 | Best_PSNR: 30.1056 | max_value: 255.0 in Epoch [573]
2022-07-23 05:59:47,822 INFO: Epoch: 577 | PSNR: 30.1052 | Loss: 5.5099 | lr: 6.25e-05 | Best_PSNR: 30.1056 | max_value: 255.0 in Epoch [573]
2022-07-23 06:00:12,498 INFO: Epoch: 578 | PSNR: 30.1053 | Loss: 5.4804 | lr: 6.25e-05 | Best_PSNR: 30.1056 | max_value: 255.0 in Epoch [573]
2022-07-23 06:00:36,917 INFO: Epoch: 579 | PSNR: 30.1056 | Loss: 5.4679 | lr: 6.25e-05 | Best_PSNR: 30.1056 | max_value: 255.0 in Epoch [573]
2022-07-23 06:01:01,517 INFO: Epoch: 580 | PSNR: 30.1055 | Loss: 5.5042 | lr: 6.25e-05 | Best_PSNR: 30.1056 | max_value: 255.0 in Epoch [573]
2022-07-23 06:01:26,259 INFO: Epoch: 581 | PSNR: 30.1055 | Loss: 5.5044 | lr: 6.25e-05 | Best_PSNR: 30.1056 | max_value: 255.0 in Epoch [573]
2022-07-23 06:01:50,754 INFO: Epoch: 582 | PSNR: 30.1054 | Loss: 5.5042 | lr: 6.25e-05 | Best_PSNR: 30.1056 | max_value: 255.0 in Epoch [573]
2022-07-23 06:02:15,478 INFO: Epoch: 583 | PSNR: 30.1052 | Loss: 5.5369 | lr: 6.25e-05 | Best_PSNR: 30.1056 | max_value: 255.0 in Epoch [573]
2022-07-23 06:02:40,420 INFO: Epoch: 584 | PSNR: 30.1059 | Loss: 5.4771 | lr: 6.25e-05 | Best_PSNR: 30.1059 | max_value: 255.0 in Epoch [584]
2022-07-23 06:03:04,725 INFO: Epoch: 585 | PSNR: 30.1059 | Loss: 5.4685 | lr: 6.25e-05 | Best_PSNR: 30.1059 | max_value: 255.0 in Epoch [584]
2022-07-23 06:03:29,870 INFO: Epoch: 586 | PSNR: 30.1054 | Loss: 5.5193 | lr: 6.25e-05 | Best_PSNR: 30.1059 | max_value: 255.0 in Epoch [584]
2022-07-23 06:03:54,681 INFO: Epoch: 587 | PSNR: 30.1055 | Loss: 5.5219 | lr: 6.25e-05 | Best_PSNR: 30.1059 | max_value: 255.0 in Epoch [584]
2022-07-23 06:04:19,222 INFO: Epoch: 588 | PSNR: 30.1052 | Loss: 5.5372 | lr: 6.25e-05 | Best_PSNR: 30.1059 | max_value: 255.0 in Epoch [584]
2022-07-23 06:04:43,850 INFO: Epoch: 589 | PSNR: 30.1052 | Loss: 5.5161 | lr: 6.25e-05 | Best_PSNR: 30.1059 | max_value: 255.0 in Epoch [584]
2022-07-23 06:05:08,827 INFO: Epoch: 590 | PSNR: 30.1059 | Loss: 5.4720 | lr: 6.25e-05 | Best_PSNR: 30.1059 | max_value: 255.0 in Epoch [584]
2022-07-23 06:05:33,517 INFO: Epoch: 591 | PSNR: 30.1055 | Loss: 5.5050 | lr: 6.25e-05 | Best_PSNR: 30.1059 | max_value: 255.0 in Epoch [584]
2022-07-23 06:05:58,379 INFO: Epoch: 592 | PSNR: 30.1054 | Loss: 5.5174 | lr: 6.25e-05 | Best_PSNR: 30.1059 | max_value: 255.0 in Epoch [584]
2022-07-23 06:06:23,121 INFO: Epoch: 593 | PSNR: 30.1057 | Loss: 5.5558 | lr: 6.25e-05 | Best_PSNR: 30.1059 | max_value: 255.0 in Epoch [584]
2022-07-23 06:06:47,960 INFO: Epoch: 594 | PSNR: 30.1058 | Loss: 5.4915 | lr: 6.25e-05 | Best_PSNR: 30.1059 | max_value: 255.0 in Epoch [584]
2022-07-23 06:07:13,207 INFO: Epoch: 595 | PSNR: 30.1062 | Loss: 5.4853 | lr: 6.25e-05 | Best_PSNR: 30.1062 | max_value: 255.0 in Epoch [595]
2022-07-23 06:07:38,259 INFO: Epoch: 596 | PSNR: 30.1055 | Loss: 5.5297 | lr: 6.25e-05 | Best_PSNR: 30.1062 | max_value: 255.0 in Epoch [595]
2022-07-23 06:08:03,179 INFO: Epoch: 597 | PSNR: 30.1055 | Loss: 5.5436 | lr: 6.25e-05 | Best_PSNR: 30.1062 | max_value: 255.0 in Epoch [595]
2022-07-23 06:08:27,806 INFO: Epoch: 598 | PSNR: 30.1058 | Loss: 5.4906 | lr: 6.25e-05 | Best_PSNR: 30.1062 | max_value: 255.0 in Epoch [595]
2022-07-23 06:08:52,620 INFO: Epoch: 599 | PSNR: 30.1059 | Loss: 5.5137 | lr: 6.25e-05 | Best_PSNR: 30.1062 | max_value: 255.0 in Epoch [595]
2022-07-23 06:09:17,381 INFO: Epoch: 600 | PSNR: 30.1061 | Loss: 5.5235 | lr: 6.25e-05 | Best_PSNR: 30.1062 | max_value: 255.0 in Epoch [595]
