2022-07-18 11:01:23,124 INFO: Create train dataset successfully!
2022-07-18 11:01:23,124 INFO: Training: [1000] iterations for each epoch
2022-07-18 11:01:23,124 INFO: Create val dataset successfully!
2022-07-18 11:01:23,124 INFO: Validating: [100] iterations for each epoch
2022-07-18 11:01:23,124 INFO: Preparing for experiment: [trial9]
2022-07-18 11:01:23,850 INFO: Create model successfully! Params: [28.87]K
2022-07-18 11:01:23,851 INFO: Model: "model"
2022-07-18 11:01:23,851 INFO: __________________________________________________________________________________________________
2022-07-18 11:01:23,851 INFO: Layer (type)                    Output Shape         Param #     Connected to                     
2022-07-18 11:01:23,851 INFO: ==================================================================================================
2022-07-18 11:01:23,852 INFO: input_1 (InputLayer)            [(None, None, None,  0                                            
2022-07-18 11:01:23,852 INFO: __________________________________________________________________________________________________
2022-07-18 11:01:23,852 INFO: conv2d (Conv2D)                 (None, None, None, 2 784         input_1[0][0]                    
2022-07-18 11:01:23,853 INFO: __________________________________________________________________________________________________
2022-07-18 11:01:23,853 INFO: conv2d_1 (Conv2D)               (None, None, None, 2 7084        conv2d[0][0]                     
2022-07-18 11:01:23,853 INFO: __________________________________________________________________________________________________
2022-07-18 11:01:23,853 INFO: conv2d_2 (Conv2D)               (None, None, None, 2 7084        conv2d_1[0][0]                   
2022-07-18 11:01:23,853 INFO: __________________________________________________________________________________________________
2022-07-18 11:01:23,853 INFO: conv2d_3 (Conv2D)               (None, None, None, 2 7084        conv2d_2[0][0]                   
2022-07-18 11:01:23,853 INFO: __________________________________________________________________________________________________
2022-07-18 11:01:23,854 INFO: lambda (Lambda)                 (None, None, None, 2 0           input_1[0][0]                    
2022-07-18 11:01:23,854 INFO:                                                                  input_1[0][0]                    
2022-07-18 11:01:23,854 INFO:                                                                  input_1[0][0]                    
2022-07-18 11:01:23,854 INFO:                                                                  input_1[0][0]                    
2022-07-18 11:01:23,854 INFO:                                                                  input_1[0][0]                    
2022-07-18 11:01:23,854 INFO:                                                                  input_1[0][0]                    
2022-07-18 11:01:23,854 INFO:                                                                  input_1[0][0]                    
2022-07-18 11:01:23,854 INFO:                                                                  input_1[0][0]                    
2022-07-18 11:01:23,854 INFO:                                                                  input_1[0][0]                    
2022-07-18 11:01:23,854 INFO: __________________________________________________________________________________________________
2022-07-18 11:01:23,854 INFO: conv2d_4 (Conv2D)               (None, None, None, 2 6831        conv2d_3[0][0]                   
2022-07-18 11:01:23,855 INFO: __________________________________________________________________________________________________
2022-07-18 11:01:23,855 INFO: add (Add)                       (None, None, None, 2 0           lambda[0][0]                     
2022-07-18 11:01:23,855 INFO:                                                                  conv2d_4[0][0]                   
2022-07-18 11:01:23,855 INFO: __________________________________________________________________________________________________
2022-07-18 11:01:23,855 INFO: lambda_1 (Lambda)               (None, None, None, 3 0           add[0][0]                        
2022-07-18 11:01:23,855 INFO: ==================================================================================================
2022-07-18 11:01:23,855 INFO: Total params: 28,867
2022-07-18 11:01:23,856 INFO: Trainable params: 28,867
2022-07-18 11:01:23,856 INFO: Non-trainable params: 0
2022-07-18 11:01:23,856 INFO: __________________________________________________________________________________________________
2022-07-18 11:01:23,857 INFO: Start training...
2022-07-18 11:02:09,459 INFO: Epoch: 1 | PSNR: 27.0542 | Loss: 6.3848 | lr: 1.00e-03 | Best_PSNR: 27.0542 in Epoch [1]
2022-07-18 11:02:47,557 INFO: Epoch: 2 | PSNR: 28.2612 | Loss: 5.9638 | lr: 1.00e-03 | Best_PSNR: 28.2612 in Epoch [2]
2022-07-18 11:03:22,553 INFO: Epoch: 3 | PSNR: 29.1331 | Loss: 5.8959 | lr: 1.00e-03 | Best_PSNR: 29.1331 in Epoch [3]
2022-07-18 11:03:57,429 INFO: Epoch: 4 | PSNR: 29.4752 | Loss: 5.7885 | lr: 1.00e-03 | Best_PSNR: 29.4752 in Epoch [4]
2022-07-18 11:04:32,596 INFO: Epoch: 5 | PSNR: 29.6128 | Loss: 5.8172 | lr: 1.00e-03 | Best_PSNR: 29.6128 in Epoch [5]
2022-07-18 11:05:08,904 INFO: Epoch: 6 | PSNR: 29.6778 | Loss: 5.8201 | lr: 1.00e-03 | Best_PSNR: 29.6778 in Epoch [6]
2022-07-18 11:05:43,900 INFO: Epoch: 7 | PSNR: 29.7167 | Loss: 5.8101 | lr: 1.00e-03 | Best_PSNR: 29.7167 in Epoch [7]
2022-07-18 11:06:17,749 INFO: Epoch: 8 | PSNR: 29.7009 | Loss: 5.7813 | lr: 1.00e-03 | Best_PSNR: 29.7167 in Epoch [7]
2022-07-18 11:06:54,042 INFO: Epoch: 9 | PSNR: 29.7569 | Loss: 5.7312 | lr: 1.00e-03 | Best_PSNR: 29.7569 in Epoch [9]
2022-07-18 11:07:28,720 INFO: Epoch: 10 | PSNR: 29.7909 | Loss: 5.7100 | lr: 1.00e-03 | Best_PSNR: 29.7909 in Epoch [10]
2022-07-18 11:08:03,295 INFO: Epoch: 11 | PSNR: 29.8135 | Loss: 5.7699 | lr: 1.00e-03 | Best_PSNR: 29.8135 in Epoch [11]
2022-07-18 11:08:38,757 INFO: Epoch: 12 | PSNR: 29.8204 | Loss: 5.6900 | lr: 1.00e-03 | Best_PSNR: 29.8204 in Epoch [12]
2022-07-18 11:09:13,619 INFO: Epoch: 13 | PSNR: 29.8351 | Loss: 5.6964 | lr: 1.00e-03 | Best_PSNR: 29.8351 in Epoch [13]
2022-07-18 11:09:49,615 INFO: Epoch: 14 | PSNR: 29.8447 | Loss: 5.7223 | lr: 1.00e-03 | Best_PSNR: 29.8447 in Epoch [14]
2022-07-18 11:10:26,371 INFO: Epoch: 15 | PSNR: 29.8291 | Loss: 5.6930 | lr: 1.00e-03 | Best_PSNR: 29.8447 in Epoch [14]
2022-07-18 11:11:02,745 INFO: Epoch: 16 | PSNR: 29.8479 | Loss: 5.6460 | lr: 1.00e-03 | Best_PSNR: 29.8479 in Epoch [16]
2022-07-18 11:11:37,982 INFO: Epoch: 17 | PSNR: 29.8654 | Loss: 5.6794 | lr: 1.00e-03 | Best_PSNR: 29.8654 in Epoch [17]
2022-07-18 11:12:14,567 INFO: Epoch: 18 | PSNR: 29.8785 | Loss: 5.7182 | lr: 1.00e-03 | Best_PSNR: 29.8785 in Epoch [18]
2022-07-18 11:12:51,718 INFO: Epoch: 19 | PSNR: 29.8873 | Loss: 5.6978 | lr: 1.00e-03 | Best_PSNR: 29.8873 in Epoch [19]
2022-07-18 11:13:27,782 INFO: Epoch: 20 | PSNR: 29.8897 | Loss: 5.7711 | lr: 1.00e-03 | Best_PSNR: 29.8897 in Epoch [20]
2022-07-18 11:14:02,912 INFO: Epoch: 21 | PSNR: 29.9013 | Loss: 5.6071 | lr: 1.00e-03 | Best_PSNR: 29.9013 in Epoch [21]
2022-07-18 11:14:38,942 INFO: Epoch: 22 | PSNR: 29.9083 | Loss: 5.6631 | lr: 1.00e-03 | Best_PSNR: 29.9083 in Epoch [22]
2022-07-18 11:15:19,113 INFO: Epoch: 23 | PSNR: 29.9136 | Loss: 5.6634 | lr: 1.00e-03 | Best_PSNR: 29.9136 in Epoch [23]
2022-07-18 11:15:54,147 INFO: Epoch: 24 | PSNR: 29.9215 | Loss: 5.6345 | lr: 1.00e-03 | Best_PSNR: 29.9215 in Epoch [24]
2022-07-18 11:16:29,048 INFO: Epoch: 25 | PSNR: 29.9239 | Loss: 5.6719 | lr: 1.00e-03 | Best_PSNR: 29.9239 in Epoch [25]
2022-07-18 11:17:05,021 INFO: Epoch: 26 | PSNR: 29.9321 | Loss: 5.6622 | lr: 1.00e-03 | Best_PSNR: 29.9321 in Epoch [26]
2022-07-18 11:17:40,155 INFO: Epoch: 27 | PSNR: 29.9305 | Loss: 5.6052 | lr: 1.00e-03 | Best_PSNR: 29.9321 in Epoch [26]
2022-07-18 11:18:15,414 INFO: Epoch: 28 | PSNR: 29.9375 | Loss: 5.6424 | lr: 1.00e-03 | Best_PSNR: 29.9375 in Epoch [28]
2022-07-18 11:18:50,700 INFO: Epoch: 29 | PSNR: 29.9405 | Loss: 5.6255 | lr: 1.00e-03 | Best_PSNR: 29.9405 in Epoch [29]
2022-07-18 11:19:25,976 INFO: Epoch: 30 | PSNR: 29.9452 | Loss: 5.6144 | lr: 1.00e-03 | Best_PSNR: 29.9452 in Epoch [30]
2022-07-18 11:19:59,847 INFO: Epoch: 31 | PSNR: 29.9514 | Loss: 5.6518 | lr: 1.00e-03 | Best_PSNR: 29.9514 in Epoch [31]
2022-07-18 11:20:36,887 INFO: Epoch: 32 | PSNR: 29.9543 | Loss: 5.5999 | lr: 1.00e-03 | Best_PSNR: 29.9543 in Epoch [32]
2022-07-18 11:21:12,824 INFO: Epoch: 33 | PSNR: 29.9591 | Loss: 5.6739 | lr: 1.00e-03 | Best_PSNR: 29.9591 in Epoch [33]
2022-07-18 11:21:47,907 INFO: Epoch: 34 | PSNR: 29.9610 | Loss: 5.6357 | lr: 1.00e-03 | Best_PSNR: 29.9610 in Epoch [34]
2022-07-18 11:22:25,448 INFO: Epoch: 35 | PSNR: 29.9627 | Loss: 5.6199 | lr: 1.00e-03 | Best_PSNR: 29.9627 in Epoch [35]
2022-07-18 11:23:01,821 INFO: Epoch: 36 | PSNR: 29.9644 | Loss: 5.6240 | lr: 1.00e-03 | Best_PSNR: 29.9644 in Epoch [36]
2022-07-18 11:23:38,102 INFO: Epoch: 37 | PSNR: 29.9652 | Loss: 5.6115 | lr: 1.00e-03 | Best_PSNR: 29.9652 in Epoch [37]
2022-07-18 11:24:15,100 INFO: Epoch: 38 | PSNR: 29.9659 | Loss: 5.6516 | lr: 1.00e-03 | Best_PSNR: 29.9659 in Epoch [38]
2022-07-18 11:24:54,011 INFO: Epoch: 39 | PSNR: 29.9723 | Loss: 5.6073 | lr: 1.00e-03 | Best_PSNR: 29.9723 in Epoch [39]
2022-07-18 11:25:31,402 INFO: Epoch: 40 | PSNR: 29.9756 | Loss: 5.6478 | lr: 1.00e-03 | Best_PSNR: 29.9756 in Epoch [40]
2022-07-18 11:26:09,283 INFO: Epoch: 41 | PSNR: 29.9756 | Loss: 5.6165 | lr: 1.00e-03 | Best_PSNR: 29.9756 in Epoch [40]
2022-07-18 11:26:46,847 INFO: Epoch: 42 | PSNR: 29.9769 | Loss: 5.6575 | lr: 1.00e-03 | Best_PSNR: 29.9769 in Epoch [42]
2022-07-18 11:27:23,286 INFO: Epoch: 43 | PSNR: 29.9673 | Loss: 5.6136 | lr: 1.00e-03 | Best_PSNR: 29.9769 in Epoch [42]
2022-07-18 11:27:59,726 INFO: Epoch: 44 | PSNR: 29.9785 | Loss: 5.5523 | lr: 1.00e-03 | Best_PSNR: 29.9785 in Epoch [44]
2022-07-18 11:28:36,419 INFO: Epoch: 45 | PSNR: 29.9810 | Loss: 5.6325 | lr: 1.00e-03 | Best_PSNR: 29.9810 in Epoch [45]
2022-07-18 11:29:15,036 INFO: Epoch: 46 | PSNR: 29.9840 | Loss: 5.6129 | lr: 1.00e-03 | Best_PSNR: 29.9840 in Epoch [46]
2022-07-18 11:29:55,574 INFO: Epoch: 47 | PSNR: 29.9860 | Loss: 5.6436 | lr: 1.00e-03 | Best_PSNR: 29.9860 in Epoch [47]
2022-07-18 11:30:32,581 INFO: Epoch: 48 | PSNR: 29.9837 | Loss: 5.5574 | lr: 1.00e-03 | Best_PSNR: 29.9860 in Epoch [47]
2022-07-18 11:31:09,726 INFO: Epoch: 49 | PSNR: 29.9887 | Loss: 5.6886 | lr: 1.00e-03 | Best_PSNR: 29.9887 in Epoch [49]
2022-07-18 11:31:47,855 INFO: Epoch: 50 | PSNR: 29.9643 | Loss: 5.5821 | lr: 1.00e-03 | Best_PSNR: 29.9887 in Epoch [49]
2022-07-18 11:32:23,545 INFO: Epoch: 51 | PSNR: 29.9779 | Loss: 5.6609 | lr: 1.00e-03 | Best_PSNR: 29.9887 in Epoch [49]
2022-07-18 11:32:59,157 INFO: Epoch: 52 | PSNR: 29.9867 | Loss: 5.6560 | lr: 1.00e-03 | Best_PSNR: 29.9887 in Epoch [49]
2022-07-18 11:33:35,304 INFO: Epoch: 53 | PSNR: 29.9881 | Loss: 5.6408 | lr: 1.00e-03 | Best_PSNR: 29.9887 in Epoch [49]
2022-07-18 11:34:15,827 INFO: Epoch: 54 | PSNR: 29.9950 | Loss: 5.6274 | lr: 1.00e-03 | Best_PSNR: 29.9950 in Epoch [54]
2022-07-18 11:34:52,187 INFO: Epoch: 55 | PSNR: 29.9960 | Loss: 5.6262 | lr: 1.00e-03 | Best_PSNR: 29.9960 in Epoch [55]
2022-07-18 11:35:29,630 INFO: Epoch: 56 | PSNR: 29.9974 | Loss: 5.5942 | lr: 1.00e-03 | Best_PSNR: 29.9974 in Epoch [56]
2022-07-18 11:36:09,013 INFO: Epoch: 57 | PSNR: 29.9989 | Loss: 5.6497 | lr: 1.00e-03 | Best_PSNR: 29.9989 in Epoch [57]
2022-07-18 11:36:45,277 INFO: Epoch: 58 | PSNR: 29.9803 | Loss: 5.6110 | lr: 1.00e-03 | Best_PSNR: 29.9989 in Epoch [57]
2022-07-18 11:37:23,753 INFO: Epoch: 59 | PSNR: 29.9913 | Loss: 5.6713 | lr: 1.00e-03 | Best_PSNR: 29.9989 in Epoch [57]
2022-07-18 11:37:59,598 INFO: Epoch: 60 | PSNR: 29.9967 | Loss: 5.5842 | lr: 1.00e-03 | Best_PSNR: 29.9989 in Epoch [57]
2022-07-18 11:38:37,266 INFO: Epoch: 61 | PSNR: 30.0004 | Loss: 5.6386 | lr: 1.00e-03 | Best_PSNR: 30.0004 in Epoch [61]
2022-07-18 11:39:18,455 INFO: Epoch: 62 | PSNR: 30.0039 | Loss: 5.5688 | lr: 1.00e-03 | Best_PSNR: 30.0039 in Epoch [62]
2022-07-18 11:39:59,743 INFO: Epoch: 63 | PSNR: 30.0051 | Loss: 5.5890 | lr: 1.00e-03 | Best_PSNR: 30.0051 in Epoch [63]
2022-07-18 11:40:39,224 INFO: Epoch: 64 | PSNR: 30.0066 | Loss: 5.6510 | lr: 1.00e-03 | Best_PSNR: 30.0066 in Epoch [64]
2022-07-18 11:41:16,974 INFO: Epoch: 65 | PSNR: 30.0075 | Loss: 5.6002 | lr: 1.00e-03 | Best_PSNR: 30.0075 in Epoch [65]
2022-07-18 11:41:55,114 INFO: Epoch: 66 | PSNR: 30.0090 | Loss: 5.6175 | lr: 1.00e-03 | Best_PSNR: 30.0090 in Epoch [66]
2022-07-18 11:42:31,066 INFO: Epoch: 67 | PSNR: 30.0055 | Loss: 5.6429 | lr: 1.00e-03 | Best_PSNR: 30.0090 in Epoch [66]
2022-07-18 11:43:07,117 INFO: Epoch: 68 | PSNR: 30.0083 | Loss: 5.6293 | lr: 1.00e-03 | Best_PSNR: 30.0090 in Epoch [66]
2022-07-18 11:43:46,042 INFO: Epoch: 69 | PSNR: 30.0098 | Loss: 5.5572 | lr: 1.00e-03 | Best_PSNR: 30.0098 in Epoch [69]
2022-07-18 11:44:21,141 INFO: Epoch: 70 | PSNR: 30.0099 | Loss: 5.6240 | lr: 1.00e-03 | Best_PSNR: 30.0099 in Epoch [70]
2022-07-18 11:44:57,525 INFO: Epoch: 71 | PSNR: 30.0128 | Loss: 5.6182 | lr: 1.00e-03 | Best_PSNR: 30.0128 in Epoch [71]
2022-07-18 11:45:34,130 INFO: Epoch: 72 | PSNR: 30.0132 | Loss: 5.5981 | lr: 1.00e-03 | Best_PSNR: 30.0132 in Epoch [72]
2022-07-18 11:46:11,451 INFO: Epoch: 73 | PSNR: 30.0126 | Loss: 5.5934 | lr: 1.00e-03 | Best_PSNR: 30.0132 in Epoch [72]
2022-07-18 11:46:50,638 INFO: Epoch: 74 | PSNR: 30.0140 | Loss: 5.6195 | lr: 1.00e-03 | Best_PSNR: 30.0140 in Epoch [74]
2022-07-18 11:47:27,108 INFO: Epoch: 75 | PSNR: 30.0160 | Loss: 5.5976 | lr: 1.00e-03 | Best_PSNR: 30.0160 in Epoch [75]
2022-07-18 11:48:01,202 INFO: Epoch: 76 | PSNR: 30.0154 | Loss: 5.5971 | lr: 1.00e-03 | Best_PSNR: 30.0160 in Epoch [75]
2022-07-18 11:48:38,565 INFO: Epoch: 77 | PSNR: 30.0162 | Loss: 5.6023 | lr: 1.00e-03 | Best_PSNR: 30.0162 in Epoch [77]
2022-07-18 11:49:17,209 INFO: Epoch: 78 | PSNR: 30.0179 | Loss: 5.5970 | lr: 1.00e-03 | Best_PSNR: 30.0179 in Epoch [78]
2022-07-18 11:49:54,191 INFO: Epoch: 79 | PSNR: 30.0193 | Loss: 5.6122 | lr: 1.00e-03 | Best_PSNR: 30.0193 in Epoch [79]
2022-07-18 11:50:30,715 INFO: Epoch: 80 | PSNR: 30.0188 | Loss: 5.5908 | lr: 1.00e-03 | Best_PSNR: 30.0193 in Epoch [79]
2022-07-18 11:51:09,031 INFO: Epoch: 81 | PSNR: 30.0219 | Loss: 5.5644 | lr: 1.00e-03 | Best_PSNR: 30.0219 in Epoch [81]
2022-07-18 11:51:44,658 INFO: Epoch: 82 | PSNR: 30.0212 | Loss: 5.5862 | lr: 1.00e-03 | Best_PSNR: 30.0219 in Epoch [81]
2022-07-18 11:52:21,776 INFO: Epoch: 83 | PSNR: 30.0221 | Loss: 5.6024 | lr: 1.00e-03 | Best_PSNR: 30.0221 in Epoch [83]
2022-07-18 11:52:58,611 INFO: Epoch: 84 | PSNR: 30.0241 | Loss: 5.6206 | lr: 1.00e-03 | Best_PSNR: 30.0241 in Epoch [84]
2022-07-18 11:53:34,322 INFO: Epoch: 85 | PSNR: 30.0234 | Loss: 5.5861 | lr: 1.00e-03 | Best_PSNR: 30.0241 in Epoch [84]
2022-07-18 11:54:11,308 INFO: Epoch: 86 | PSNR: 30.0232 | Loss: 5.6108 | lr: 1.00e-03 | Best_PSNR: 30.0241 in Epoch [84]
2022-07-18 11:54:48,837 INFO: Epoch: 87 | PSNR: 30.0252 | Loss: 5.6253 | lr: 1.00e-03 | Best_PSNR: 30.0252 in Epoch [87]
2022-07-18 11:55:25,368 INFO: Epoch: 88 | PSNR: 30.0241 | Loss: 5.5844 | lr: 1.00e-03 | Best_PSNR: 30.0252 in Epoch [87]
2022-07-18 11:56:04,449 INFO: Epoch: 89 | PSNR: 30.0258 | Loss: 5.5750 | lr: 1.00e-03 | Best_PSNR: 30.0258 in Epoch [89]
2022-07-18 11:56:40,191 INFO: Epoch: 90 | PSNR: 30.0292 | Loss: 5.5942 | lr: 1.00e-03 | Best_PSNR: 30.0292 in Epoch [90]
2022-07-18 11:57:16,497 INFO: Epoch: 91 | PSNR: 30.0290 | Loss: 5.5818 | lr: 1.00e-03 | Best_PSNR: 30.0292 in Epoch [90]
2022-07-18 11:57:51,598 INFO: Epoch: 92 | PSNR: 30.0296 | Loss: 5.5679 | lr: 1.00e-03 | Best_PSNR: 30.0296 in Epoch [92]
2022-07-18 11:58:28,467 INFO: Epoch: 93 | PSNR: 30.0306 | Loss: 5.5492 | lr: 1.00e-03 | Best_PSNR: 30.0306 in Epoch [93]
2022-07-18 11:59:04,622 INFO: Epoch: 94 | PSNR: 30.0315 | Loss: 5.5888 | lr: 1.00e-03 | Best_PSNR: 30.0315 in Epoch [94]
2022-07-18 11:59:40,100 INFO: Epoch: 95 | PSNR: 30.0307 | Loss: 5.5718 | lr: 1.00e-03 | Best_PSNR: 30.0315 in Epoch [94]
2022-07-18 12:00:16,954 INFO: Epoch: 96 | PSNR: 30.0324 | Loss: 5.5846 | lr: 1.00e-03 | Best_PSNR: 30.0324 in Epoch [96]
2022-07-18 12:00:52,590 INFO: Epoch: 97 | PSNR: 30.0330 | Loss: 5.6005 | lr: 1.00e-03 | Best_PSNR: 30.0330 in Epoch [97]
2022-07-18 12:01:31,668 INFO: Epoch: 98 | PSNR: 30.0335 | Loss: 5.6253 | lr: 1.00e-03 | Best_PSNR: 30.0335 in Epoch [98]
2022-07-18 12:02:08,482 INFO: Epoch: 99 | PSNR: 30.0351 | Loss: 5.5600 | lr: 1.00e-03 | Best_PSNR: 30.0351 in Epoch [99]
2022-07-18 12:02:44,258 INFO: Epoch: 100 | PSNR: 30.0337 | Loss: 5.5768 | lr: 1.00e-03 | Best_PSNR: 30.0351 in Epoch [99]
2022-07-18 12:03:18,947 INFO: Epoch: 101 | PSNR: 30.0319 | Loss: 5.5694 | lr: 1.00e-03 | Best_PSNR: 30.0351 in Epoch [99]
2022-07-18 12:03:54,436 INFO: Epoch: 102 | PSNR: 30.0336 | Loss: 5.5794 | lr: 1.00e-03 | Best_PSNR: 30.0351 in Epoch [99]
2022-07-18 12:04:32,033 INFO: Epoch: 103 | PSNR: 30.0352 | Loss: 5.5933 | lr: 1.00e-03 | Best_PSNR: 30.0352 in Epoch [103]
2022-07-18 12:05:08,819 INFO: Epoch: 104 | PSNR: 30.0211 | Loss: 5.5778 | lr: 1.00e-03 | Best_PSNR: 30.0352 in Epoch [103]
2022-07-18 12:05:46,440 INFO: Epoch: 105 | PSNR: 30.0326 | Loss: 5.5754 | lr: 1.00e-03 | Best_PSNR: 30.0352 in Epoch [103]
2022-07-18 12:06:22,910 INFO: Epoch: 106 | PSNR: 30.0314 | Loss: 5.6057 | lr: 1.00e-03 | Best_PSNR: 30.0352 in Epoch [103]
2022-07-18 12:07:00,086 INFO: Epoch: 107 | PSNR: 30.0328 | Loss: 5.6364 | lr: 1.00e-03 | Best_PSNR: 30.0352 in Epoch [103]
2022-07-18 12:07:37,636 INFO: Epoch: 108 | PSNR: 30.0353 | Loss: 5.5682 | lr: 1.00e-03 | Best_PSNR: 30.0353 in Epoch [108]
2022-07-18 12:08:16,328 INFO: Epoch: 109 | PSNR: 30.0369 | Loss: 5.5809 | lr: 1.00e-03 | Best_PSNR: 30.0369 in Epoch [109]
2022-07-18 12:08:56,693 INFO: Epoch: 110 | PSNR: 30.0386 | Loss: 5.6210 | lr: 1.00e-03 | Best_PSNR: 30.0386 in Epoch [110]
2022-07-18 12:09:41,214 INFO: Epoch: 111 | PSNR: 30.0398 | Loss: 5.5584 | lr: 1.00e-03 | Best_PSNR: 30.0398 in Epoch [111]
2022-07-18 12:10:17,251 INFO: Epoch: 112 | PSNR: 30.0396 | Loss: 5.6372 | lr: 1.00e-03 | Best_PSNR: 30.0398 in Epoch [111]
2022-07-18 12:10:52,911 INFO: Epoch: 113 | PSNR: 30.0411 | Loss: 5.5450 | lr: 1.00e-03 | Best_PSNR: 30.0411 in Epoch [113]
2022-07-18 12:11:27,294 INFO: Epoch: 114 | PSNR: 30.0420 | Loss: 5.5873 | lr: 1.00e-03 | Best_PSNR: 30.0420 in Epoch [114]
2022-07-18 12:12:03,787 INFO: Epoch: 115 | PSNR: 30.0427 | Loss: 5.6187 | lr: 1.00e-03 | Best_PSNR: 30.0427 in Epoch [115]
2022-07-18 12:12:38,559 INFO: Epoch: 116 | PSNR: 30.0436 | Loss: 5.5464 | lr: 1.00e-03 | Best_PSNR: 30.0436 in Epoch [116]
2022-07-18 12:13:12,036 INFO: Epoch: 117 | PSNR: 30.0381 | Loss: 5.5747 | lr: 1.00e-03 | Best_PSNR: 30.0436 in Epoch [116]
2022-07-18 12:13:46,322 INFO: Epoch: 118 | PSNR: 30.0406 | Loss: 5.5837 | lr: 1.00e-03 | Best_PSNR: 30.0436 in Epoch [116]
2022-07-18 12:14:19,432 INFO: Epoch: 119 | PSNR: 30.0424 | Loss: 5.5840 | lr: 1.00e-03 | Best_PSNR: 30.0436 in Epoch [116]
2022-07-18 12:14:55,037 INFO: Epoch: 120 | PSNR: 30.0447 | Loss: 5.5893 | lr: 1.00e-03 | Best_PSNR: 30.0447 in Epoch [120]
2022-07-18 12:15:32,441 INFO: Epoch: 121 | PSNR: 30.0486 | Loss: 5.5537 | lr: 5.00e-04 | Best_PSNR: 30.0486 in Epoch [121]
2022-07-18 12:16:09,917 INFO: Epoch: 122 | PSNR: 30.0517 | Loss: 5.5517 | lr: 5.00e-04 | Best_PSNR: 30.0517 in Epoch [122]
2022-07-18 12:16:50,146 INFO: Epoch: 123 | PSNR: 30.0527 | Loss: 5.5995 | lr: 5.00e-04 | Best_PSNR: 30.0527 in Epoch [123]
2022-07-18 12:17:27,820 INFO: Epoch: 124 | PSNR: 30.0535 | Loss: 5.5136 | lr: 5.00e-04 | Best_PSNR: 30.0535 in Epoch [124]
2022-07-18 12:18:06,496 INFO: Epoch: 125 | PSNR: 30.0535 | Loss: 5.5552 | lr: 5.00e-04 | Best_PSNR: 30.0535 in Epoch [124]
2022-07-18 12:18:54,613 INFO: Epoch: 126 | PSNR: 30.0541 | Loss: 5.5918 | lr: 5.00e-04 | Best_PSNR: 30.0541 in Epoch [126]
2022-07-18 12:19:30,933 INFO: Epoch: 127 | PSNR: 30.0555 | Loss: 5.5301 | lr: 5.00e-04 | Best_PSNR: 30.0555 in Epoch [127]
2022-07-18 12:20:15,568 INFO: Epoch: 128 | PSNR: 30.0560 | Loss: 5.5105 | lr: 5.00e-04 | Best_PSNR: 30.0560 in Epoch [128]
2022-07-18 12:21:04,215 INFO: Epoch: 129 | PSNR: 30.0561 | Loss: 5.5716 | lr: 5.00e-04 | Best_PSNR: 30.0561 in Epoch [129]
2022-07-18 12:21:47,276 INFO: Epoch: 130 | PSNR: 30.0564 | Loss: 5.5344 | lr: 5.00e-04 | Best_PSNR: 30.0564 in Epoch [130]
2022-07-18 12:22:32,839 INFO: Epoch: 131 | PSNR: 30.0563 | Loss: 5.5612 | lr: 5.00e-04 | Best_PSNR: 30.0564 in Epoch [130]
2022-07-18 12:23:14,014 INFO: Epoch: 132 | PSNR: 30.0575 | Loss: 5.4998 | lr: 5.00e-04 | Best_PSNR: 30.0575 in Epoch [132]
2022-07-18 12:23:47,849 INFO: Epoch: 133 | PSNR: 30.0576 | Loss: 5.5026 | lr: 5.00e-04 | Best_PSNR: 30.0576 in Epoch [133]
2022-07-18 12:24:27,014 INFO: Epoch: 134 | PSNR: 30.0583 | Loss: 5.5586 | lr: 5.00e-04 | Best_PSNR: 30.0583 in Epoch [134]
2022-07-18 12:25:05,641 INFO: Epoch: 135 | PSNR: 30.0579 | Loss: 5.5683 | lr: 5.00e-04 | Best_PSNR: 30.0583 in Epoch [134]
2022-07-18 12:25:54,292 INFO: Epoch: 136 | PSNR: 30.0582 | Loss: 5.5557 | lr: 5.00e-04 | Best_PSNR: 30.0583 in Epoch [134]
2022-07-18 12:26:41,492 INFO: Epoch: 137 | PSNR: 30.0588 | Loss: 5.5433 | lr: 5.00e-04 | Best_PSNR: 30.0588 in Epoch [137]
2022-07-18 12:27:23,403 INFO: Epoch: 138 | PSNR: 30.0590 | Loss: 5.5843 | lr: 5.00e-04 | Best_PSNR: 30.0590 in Epoch [138]
2022-07-18 12:28:05,189 INFO: Epoch: 139 | PSNR: 30.0591 | Loss: 5.6080 | lr: 5.00e-04 | Best_PSNR: 30.0591 in Epoch [139]
2022-07-18 12:29:00,300 INFO: Epoch: 140 | PSNR: 30.0599 | Loss: 5.5957 | lr: 5.00e-04 | Best_PSNR: 30.0599 in Epoch [140]
2022-07-18 12:29:52,662 INFO: Epoch: 141 | PSNR: 30.0600 | Loss: 5.5443 | lr: 5.00e-04 | Best_PSNR: 30.0600 in Epoch [141]
2022-07-18 12:30:41,396 INFO: Epoch: 142 | PSNR: 30.0611 | Loss: 5.5396 | lr: 5.00e-04 | Best_PSNR: 30.0611 in Epoch [142]
2022-07-18 12:31:33,883 INFO: Epoch: 143 | PSNR: 30.0607 | Loss: 5.5388 | lr: 5.00e-04 | Best_PSNR: 30.0611 in Epoch [142]
2022-07-18 12:32:19,195 INFO: Epoch: 144 | PSNR: 30.0609 | Loss: 5.5994 | lr: 5.00e-04 | Best_PSNR: 30.0611 in Epoch [142]
2022-07-18 12:33:09,195 INFO: Epoch: 145 | PSNR: 30.0615 | Loss: 5.5832 | lr: 5.00e-04 | Best_PSNR: 30.0615 in Epoch [145]
2022-07-18 12:34:03,023 INFO: Epoch: 146 | PSNR: 30.0606 | Loss: 5.5757 | lr: 5.00e-04 | Best_PSNR: 30.0615 in Epoch [145]
2022-07-18 12:34:52,661 INFO: Epoch: 147 | PSNR: 30.0608 | Loss: 5.5891 | lr: 5.00e-04 | Best_PSNR: 30.0615 in Epoch [145]
2022-07-18 12:35:42,440 INFO: Epoch: 148 | PSNR: 30.0606 | Loss: 5.5371 | lr: 5.00e-04 | Best_PSNR: 30.0615 in Epoch [145]
2022-07-18 12:36:28,681 INFO: Epoch: 149 | PSNR: 30.0613 | Loss: 5.5465 | lr: 5.00e-04 | Best_PSNR: 30.0615 in Epoch [145]
2022-07-18 12:37:19,677 INFO: Epoch: 150 | PSNR: 30.0616 | Loss: 5.5749 | lr: 5.00e-04 | Best_PSNR: 30.0616 in Epoch [150]
2022-07-18 12:38:12,763 INFO: Epoch: 151 | PSNR: 30.0623 | Loss: 5.5437 | lr: 5.00e-04 | Best_PSNR: 30.0623 in Epoch [151]
2022-07-18 12:39:06,410 INFO: Epoch: 152 | PSNR: 30.0629 | Loss: 5.5770 | lr: 5.00e-04 | Best_PSNR: 30.0629 in Epoch [152]
2022-07-18 12:39:57,883 INFO: Epoch: 153 | PSNR: 30.0630 | Loss: 5.5759 | lr: 5.00e-04 | Best_PSNR: 30.0630 in Epoch [153]
2022-07-18 12:40:50,480 INFO: Epoch: 154 | PSNR: 30.0629 | Loss: 5.5517 | lr: 5.00e-04 | Best_PSNR: 30.0630 in Epoch [153]
2022-07-18 12:41:39,853 INFO: Epoch: 155 | PSNR: 30.0632 | Loss: 5.5207 | lr: 5.00e-04 | Best_PSNR: 30.0632 in Epoch [155]
2022-07-18 12:42:32,560 INFO: Epoch: 156 | PSNR: 30.0624 | Loss: 5.6029 | lr: 5.00e-04 | Best_PSNR: 30.0632 in Epoch [155]
2022-07-18 12:43:18,714 INFO: Epoch: 157 | PSNR: 30.0636 | Loss: 5.5317 | lr: 5.00e-04 | Best_PSNR: 30.0636 in Epoch [157]
2022-07-18 12:44:03,779 INFO: Epoch: 158 | PSNR: 30.0637 | Loss: 5.5509 | lr: 5.00e-04 | Best_PSNR: 30.0637 in Epoch [158]
2022-07-18 12:44:50,201 INFO: Epoch: 159 | PSNR: 30.0637 | Loss: 5.5334 | lr: 5.00e-04 | Best_PSNR: 30.0637 in Epoch [158]
2022-07-18 12:46:13,090 INFO: Epoch: 160 | PSNR: 30.0638 | Loss: 5.5438 | lr: 5.00e-04 | Best_PSNR: 30.0638 in Epoch [160]
2022-07-18 12:47:15,284 INFO: Epoch: 161 | PSNR: 30.0644 | Loss: 5.6024 | lr: 5.00e-04 | Best_PSNR: 30.0644 in Epoch [161]
2022-07-18 12:48:15,667 INFO: Epoch: 162 | PSNR: 30.0645 | Loss: 5.5465 | lr: 5.00e-04 | Best_PSNR: 30.0645 in Epoch [162]
2022-07-18 12:49:21,948 INFO: Epoch: 163 | PSNR: 30.0649 | Loss: 5.4965 | lr: 5.00e-04 | Best_PSNR: 30.0649 in Epoch [163]
2022-07-18 12:50:32,837 INFO: Epoch: 164 | PSNR: 30.0647 | Loss: 5.5654 | lr: 5.00e-04 | Best_PSNR: 30.0649 in Epoch [163]
2022-07-18 12:51:45,800 INFO: Epoch: 165 | PSNR: 30.0645 | Loss: 5.5952 | lr: 5.00e-04 | Best_PSNR: 30.0649 in Epoch [163]
2022-07-18 12:53:01,585 INFO: Epoch: 166 | PSNR: 30.0655 | Loss: 5.5641 | lr: 5.00e-04 | Best_PSNR: 30.0655 in Epoch [166]
2022-07-18 12:54:18,056 INFO: Epoch: 167 | PSNR: 30.0661 | Loss: 5.5544 | lr: 5.00e-04 | Best_PSNR: 30.0661 in Epoch [167]
2022-07-18 12:55:28,753 INFO: Epoch: 168 | PSNR: 30.0656 | Loss: 5.5623 | lr: 5.00e-04 | Best_PSNR: 30.0661 in Epoch [167]
2022-07-18 12:56:35,444 INFO: Epoch: 169 | PSNR: 30.0659 | Loss: 5.5185 | lr: 5.00e-04 | Best_PSNR: 30.0661 in Epoch [167]
2022-07-18 12:57:42,637 INFO: Epoch: 170 | PSNR: 30.0663 | Loss: 5.5507 | lr: 5.00e-04 | Best_PSNR: 30.0663 in Epoch [170]
2022-07-18 12:58:50,873 INFO: Epoch: 171 | PSNR: 30.0664 | Loss: 5.6004 | lr: 5.00e-04 | Best_PSNR: 30.0664 in Epoch [171]
2022-07-18 12:59:58,861 INFO: Epoch: 172 | PSNR: 30.0671 | Loss: 5.5548 | lr: 5.00e-04 | Best_PSNR: 30.0671 in Epoch [172]
2022-07-18 13:01:11,379 INFO: Epoch: 173 | PSNR: 30.0675 | Loss: 5.5265 | lr: 5.00e-04 | Best_PSNR: 30.0675 in Epoch [173]
2022-07-18 13:02:21,738 INFO: Epoch: 174 | PSNR: 30.0675 | Loss: 5.5317 | lr: 5.00e-04 | Best_PSNR: 30.0675 in Epoch [173]
2022-07-18 13:03:43,065 INFO: Epoch: 175 | PSNR: 30.0670 | Loss: 5.5617 | lr: 5.00e-04 | Best_PSNR: 30.0675 in Epoch [173]
2022-07-18 13:04:55,041 INFO: Epoch: 176 | PSNR: 30.0671 | Loss: 5.5220 | lr: 5.00e-04 | Best_PSNR: 30.0675 in Epoch [173]
2022-07-18 13:06:11,368 INFO: Epoch: 177 | PSNR: 30.0671 | Loss: 5.5330 | lr: 5.00e-04 | Best_PSNR: 30.0675 in Epoch [173]
2022-07-18 13:07:26,673 INFO: Epoch: 178 | PSNR: 30.0679 | Loss: 5.6264 | lr: 5.00e-04 | Best_PSNR: 30.0679 in Epoch [178]
2022-07-18 13:08:33,245 INFO: Epoch: 179 | PSNR: 30.0679 | Loss: 5.5380 | lr: 5.00e-04 | Best_PSNR: 30.0679 in Epoch [179]
2022-07-18 13:09:39,470 INFO: Epoch: 180 | PSNR: 30.0683 | Loss: 5.5451 | lr: 5.00e-04 | Best_PSNR: 30.0683 in Epoch [180]
2022-07-18 13:10:45,210 INFO: Epoch: 181 | PSNR: 30.0687 | Loss: 5.5422 | lr: 5.00e-04 | Best_PSNR: 30.0687 in Epoch [181]
2022-07-18 13:11:51,475 INFO: Epoch: 182 | PSNR: 30.0688 | Loss: 5.5628 | lr: 5.00e-04 | Best_PSNR: 30.0688 in Epoch [182]
2022-07-18 13:12:57,855 INFO: Epoch: 183 | PSNR: 30.0682 | Loss: 5.5414 | lr: 5.00e-04 | Best_PSNR: 30.0688 in Epoch [182]
2022-07-18 13:14:06,126 INFO: Epoch: 184 | PSNR: 30.0691 | Loss: 5.5860 | lr: 5.00e-04 | Best_PSNR: 30.0691 in Epoch [184]
2022-07-18 13:15:13,448 INFO: Epoch: 185 | PSNR: 30.0685 | Loss: 5.5831 | lr: 5.00e-04 | Best_PSNR: 30.0691 in Epoch [184]
2022-07-18 13:16:25,656 INFO: Epoch: 186 | PSNR: 30.0692 | Loss: 5.5377 | lr: 5.00e-04 | Best_PSNR: 30.0692 in Epoch [186]
2022-07-18 13:17:35,367 INFO: Epoch: 187 | PSNR: 30.0685 | Loss: 5.5344 | lr: 5.00e-04 | Best_PSNR: 30.0692 in Epoch [186]
2022-07-18 13:18:43,971 INFO: Epoch: 188 | PSNR: 30.0693 | Loss: 5.6034 | lr: 5.00e-04 | Best_PSNR: 30.0693 in Epoch [188]
2022-07-18 13:19:53,949 INFO: Epoch: 189 | PSNR: 30.0692 | Loss: 5.5501 | lr: 5.00e-04 | Best_PSNR: 30.0693 in Epoch [188]
2022-07-18 13:21:04,278 INFO: Epoch: 190 | PSNR: 30.0694 | Loss: 5.5315 | lr: 5.00e-04 | Best_PSNR: 30.0694 in Epoch [190]
2022-07-18 13:22:15,095 INFO: Epoch: 191 | PSNR: 30.0692 | Loss: 5.6017 | lr: 5.00e-04 | Best_PSNR: 30.0694 in Epoch [190]
2022-07-18 13:23:24,441 INFO: Epoch: 192 | PSNR: 30.0698 | Loss: 5.5759 | lr: 5.00e-04 | Best_PSNR: 30.0698 in Epoch [192]
2022-07-18 13:24:34,783 INFO: Epoch: 193 | PSNR: 30.0700 | Loss: 5.5516 | lr: 5.00e-04 | Best_PSNR: 30.0700 in Epoch [193]
2022-07-18 13:25:43,766 INFO: Epoch: 194 | PSNR: 30.0696 | Loss: 5.5813 | lr: 5.00e-04 | Best_PSNR: 30.0700 in Epoch [193]
2022-07-18 13:26:52,905 INFO: Epoch: 195 | PSNR: 30.0699 | Loss: 5.5873 | lr: 5.00e-04 | Best_PSNR: 30.0700 in Epoch [193]
2022-07-18 13:28:06,592 INFO: Epoch: 196 | PSNR: 30.0703 | Loss: 5.5171 | lr: 5.00e-04 | Best_PSNR: 30.0703 in Epoch [196]
2022-07-18 13:29:13,414 INFO: Epoch: 197 | PSNR: 30.0684 | Loss: 5.5649 | lr: 5.00e-04 | Best_PSNR: 30.0703 in Epoch [196]
2022-07-18 13:30:21,867 INFO: Epoch: 198 | PSNR: 30.0703 | Loss: 5.5345 | lr: 5.00e-04 | Best_PSNR: 30.0703 in Epoch [196]
2022-07-18 13:31:27,270 INFO: Epoch: 199 | PSNR: 30.0705 | Loss: 5.5574 | lr: 5.00e-04 | Best_PSNR: 30.0705 in Epoch [199]
2022-07-18 13:32:37,135 INFO: Epoch: 200 | PSNR: 30.0712 | Loss: 5.6267 | lr: 5.00e-04 | Best_PSNR: 30.0712 in Epoch [200]
2022-07-18 13:33:41,641 INFO: Epoch: 201 | PSNR: 30.0709 | Loss: 5.5974 | lr: 5.00e-04 | Best_PSNR: 30.0712 in Epoch [200]
2022-07-18 13:34:54,095 INFO: Epoch: 202 | PSNR: 30.0709 | Loss: 5.5818 | lr: 5.00e-04 | Best_PSNR: 30.0712 in Epoch [200]
2022-07-18 13:36:08,640 INFO: Epoch: 203 | PSNR: 30.0711 | Loss: 5.5329 | lr: 5.00e-04 | Best_PSNR: 30.0712 in Epoch [200]
2022-07-18 13:37:19,993 INFO: Epoch: 204 | PSNR: 30.0713 | Loss: 5.5226 | lr: 5.00e-04 | Best_PSNR: 30.0713 in Epoch [204]
2022-07-18 13:38:28,688 INFO: Epoch: 205 | PSNR: 30.0711 | Loss: 5.5874 | lr: 5.00e-04 | Best_PSNR: 30.0713 in Epoch [204]
2022-07-18 13:39:35,110 INFO: Epoch: 206 | PSNR: 30.0711 | Loss: 5.5860 | lr: 5.00e-04 | Best_PSNR: 30.0713 in Epoch [204]
2022-07-18 13:40:48,145 INFO: Epoch: 207 | PSNR: 30.0720 | Loss: 5.5216 | lr: 5.00e-04 | Best_PSNR: 30.0720 in Epoch [207]
2022-07-18 13:42:02,349 INFO: Epoch: 208 | PSNR: 30.0728 | Loss: 5.5832 | lr: 5.00e-04 | Best_PSNR: 30.0728 in Epoch [208]
2022-07-18 13:43:16,651 INFO: Epoch: 209 | PSNR: 30.0723 | Loss: 5.5746 | lr: 5.00e-04 | Best_PSNR: 30.0728 in Epoch [208]
2022-07-18 13:44:34,292 INFO: Epoch: 210 | PSNR: 30.0725 | Loss: 5.5671 | lr: 5.00e-04 | Best_PSNR: 30.0728 in Epoch [208]
2022-07-18 13:45:48,857 INFO: Epoch: 211 | PSNR: 30.0740 | Loss: 5.5261 | lr: 5.00e-04 | Best_PSNR: 30.0740 in Epoch [211]
2022-07-18 13:46:59,765 INFO: Epoch: 212 | PSNR: 30.0720 | Loss: 5.5352 | lr: 5.00e-04 | Best_PSNR: 30.0740 in Epoch [211]
2022-07-18 13:48:09,732 INFO: Epoch: 213 | PSNR: 30.0724 | Loss: 5.5161 | lr: 5.00e-04 | Best_PSNR: 30.0740 in Epoch [211]
2022-07-18 13:49:16,984 INFO: Epoch: 214 | PSNR: 30.0738 | Loss: 5.5587 | lr: 5.00e-04 | Best_PSNR: 30.0740 in Epoch [211]
2022-07-18 13:50:30,153 INFO: Epoch: 215 | PSNR: 30.0738 | Loss: 5.5896 | lr: 5.00e-04 | Best_PSNR: 30.0740 in Epoch [211]
2022-07-18 13:51:50,486 INFO: Epoch: 216 | PSNR: 30.0742 | Loss: 5.5504 | lr: 5.00e-04 | Best_PSNR: 30.0742 in Epoch [216]
2022-07-18 13:53:05,135 INFO: Epoch: 217 | PSNR: 30.0742 | Loss: 5.5870 | lr: 5.00e-04 | Best_PSNR: 30.0742 in Epoch [216]
2022-07-18 13:54:14,576 INFO: Epoch: 218 | PSNR: 30.0739 | Loss: 5.5382 | lr: 5.00e-04 | Best_PSNR: 30.0742 in Epoch [216]
2022-07-18 13:55:27,293 INFO: Epoch: 219 | PSNR: 30.0739 | Loss: 5.5493 | lr: 5.00e-04 | Best_PSNR: 30.0742 in Epoch [216]
2022-07-18 13:56:43,991 INFO: Epoch: 220 | PSNR: 30.0735 | Loss: 5.5471 | lr: 5.00e-04 | Best_PSNR: 30.0742 in Epoch [216]
2022-07-18 13:58:01,044 INFO: Epoch: 221 | PSNR: 30.0735 | Loss: 5.5820 | lr: 5.00e-04 | Best_PSNR: 30.0742 in Epoch [216]
2022-07-18 13:59:16,132 INFO: Epoch: 222 | PSNR: 30.0730 | Loss: 5.5539 | lr: 5.00e-04 | Best_PSNR: 30.0742 in Epoch [216]
2022-07-18 14:00:29,238 INFO: Epoch: 223 | PSNR: 30.0724 | Loss: 5.5442 | lr: 5.00e-04 | Best_PSNR: 30.0742 in Epoch [216]
2022-07-18 14:01:41,389 INFO: Epoch: 224 | PSNR: 30.0729 | Loss: 5.5432 | lr: 5.00e-04 | Best_PSNR: 30.0742 in Epoch [216]
2022-07-18 14:02:51,457 INFO: Epoch: 225 | PSNR: 30.0732 | Loss: 5.6072 | lr: 5.00e-04 | Best_PSNR: 30.0742 in Epoch [216]
2022-07-18 14:03:56,497 INFO: Epoch: 226 | PSNR: 30.0735 | Loss: 5.6035 | lr: 5.00e-04 | Best_PSNR: 30.0742 in Epoch [216]
2022-07-18 14:05:09,463 INFO: Epoch: 227 | PSNR: 30.0748 | Loss: 5.5666 | lr: 5.00e-04 | Best_PSNR: 30.0748 in Epoch [227]
2022-07-18 14:06:15,742 INFO: Epoch: 228 | PSNR: 30.0739 | Loss: 5.5695 | lr: 5.00e-04 | Best_PSNR: 30.0748 in Epoch [227]
2022-07-18 14:07:32,458 INFO: Epoch: 229 | PSNR: 30.0748 | Loss: 5.5698 | lr: 5.00e-04 | Best_PSNR: 30.0748 in Epoch [227]
2022-07-18 14:08:50,288 INFO: Epoch: 230 | PSNR: 30.0745 | Loss: 5.5396 | lr: 5.00e-04 | Best_PSNR: 30.0748 in Epoch [227]
2022-07-18 14:10:06,010 INFO: Epoch: 231 | PSNR: 30.0745 | Loss: 5.5654 | lr: 5.00e-04 | Best_PSNR: 30.0748 in Epoch [227]
2022-07-18 14:11:13,062 INFO: Epoch: 232 | PSNR: 30.0753 | Loss: 5.5378 | lr: 5.00e-04 | Best_PSNR: 30.0753 in Epoch [232]
2022-07-18 14:12:23,894 INFO: Epoch: 233 | PSNR: 30.0751 | Loss: 5.6053 | lr: 5.00e-04 | Best_PSNR: 30.0753 in Epoch [232]
2022-07-18 14:13:43,452 INFO: Epoch: 234 | PSNR: 30.0749 | Loss: 5.5098 | lr: 5.00e-04 | Best_PSNR: 30.0753 in Epoch [232]
2022-07-18 14:14:59,151 INFO: Epoch: 235 | PSNR: 30.0754 | Loss: 5.5755 | lr: 5.00e-04 | Best_PSNR: 30.0754 in Epoch [235]
2022-07-18 14:16:12,015 INFO: Epoch: 236 | PSNR: 30.0752 | Loss: 5.5269 | lr: 5.00e-04 | Best_PSNR: 30.0754 in Epoch [235]
2022-07-18 14:17:23,036 INFO: Epoch: 237 | PSNR: 30.0740 | Loss: 5.5304 | lr: 5.00e-04 | Best_PSNR: 30.0754 in Epoch [235]
2022-07-18 14:18:32,760 INFO: Epoch: 238 | PSNR: 30.0747 | Loss: 5.5644 | lr: 5.00e-04 | Best_PSNR: 30.0754 in Epoch [235]
2022-07-18 14:19:42,104 INFO: Epoch: 239 | PSNR: 30.0755 | Loss: 5.5656 | lr: 5.00e-04 | Best_PSNR: 30.0755 in Epoch [239]
2022-07-18 14:20:47,399 INFO: Epoch: 240 | PSNR: 30.0755 | Loss: 5.5599 | lr: 5.00e-04 | Best_PSNR: 30.0755 in Epoch [239]
2022-07-18 14:21:55,504 INFO: Epoch: 241 | PSNR: 30.0774 | Loss: 5.5457 | lr: 2.50e-04 | Best_PSNR: 30.0774 in Epoch [241]
2022-07-18 14:23:03,990 INFO: Epoch: 242 | PSNR: 30.0783 | Loss: 5.5175 | lr: 2.50e-04 | Best_PSNR: 30.0783 in Epoch [242]
2022-07-18 14:24:14,396 INFO: Epoch: 243 | PSNR: 30.0787 | Loss: 5.5345 | lr: 2.50e-04 | Best_PSNR: 30.0787 in Epoch [243]
2022-07-18 14:25:24,029 INFO: Epoch: 244 | PSNR: 30.0793 | Loss: 5.5590 | lr: 2.50e-04 | Best_PSNR: 30.0793 in Epoch [244]
2022-07-18 14:26:29,688 INFO: Epoch: 245 | PSNR: 30.0792 | Loss: 5.5399 | lr: 2.50e-04 | Best_PSNR: 30.0793 in Epoch [244]
2022-07-18 14:27:38,776 INFO: Epoch: 246 | PSNR: 30.0798 | Loss: 5.5277 | lr: 2.50e-04 | Best_PSNR: 30.0798 in Epoch [246]
2022-07-18 14:28:48,405 INFO: Epoch: 247 | PSNR: 30.0799 | Loss: 5.5224 | lr: 2.50e-04 | Best_PSNR: 30.0799 in Epoch [247]
2022-07-18 14:29:55,896 INFO: Epoch: 248 | PSNR: 30.0797 | Loss: 5.5165 | lr: 2.50e-04 | Best_PSNR: 30.0799 in Epoch [247]
2022-07-18 14:31:03,948 INFO: Epoch: 249 | PSNR: 30.0804 | Loss: 5.5135 | lr: 2.50e-04 | Best_PSNR: 30.0804 in Epoch [249]
2022-07-18 14:32:13,726 INFO: Epoch: 250 | PSNR: 30.0795 | Loss: 5.5112 | lr: 2.50e-04 | Best_PSNR: 30.0804 in Epoch [249]
2022-07-18 14:33:28,176 INFO: Epoch: 251 | PSNR: 30.0802 | Loss: 5.5274 | lr: 2.50e-04 | Best_PSNR: 30.0804 in Epoch [249]
2022-07-18 14:34:53,138 INFO: Epoch: 252 | PSNR: 30.0806 | Loss: 5.5350 | lr: 2.50e-04 | Best_PSNR: 30.0806 in Epoch [252]
2022-07-18 14:36:12,299 INFO: Epoch: 253 | PSNR: 30.0804 | Loss: 5.5285 | lr: 2.50e-04 | Best_PSNR: 30.0806 in Epoch [252]
2022-07-18 14:37:18,027 INFO: Epoch: 254 | PSNR: 30.0807 | Loss: 5.5521 | lr: 2.50e-04 | Best_PSNR: 30.0807 in Epoch [254]
2022-07-18 14:38:33,755 INFO: Epoch: 255 | PSNR: 30.0810 | Loss: 5.5409 | lr: 2.50e-04 | Best_PSNR: 30.0810 in Epoch [255]
2022-07-18 14:39:41,586 INFO: Epoch: 256 | PSNR: 30.0808 | Loss: 5.5483 | lr: 2.50e-04 | Best_PSNR: 30.0810 in Epoch [255]
2022-07-18 14:40:47,170 INFO: Epoch: 257 | PSNR: 30.0810 | Loss: 5.5068 | lr: 2.50e-04 | Best_PSNR: 30.0810 in Epoch [255]
2022-07-18 14:41:50,175 INFO: Epoch: 258 | PSNR: 30.0806 | Loss: 5.5270 | lr: 2.50e-04 | Best_PSNR: 30.0810 in Epoch [255]
2022-07-18 14:43:07,764 INFO: Epoch: 259 | PSNR: 30.0808 | Loss: 5.5466 | lr: 2.50e-04 | Best_PSNR: 30.0810 in Epoch [255]
2022-07-18 14:44:25,792 INFO: Epoch: 260 | PSNR: 30.0809 | Loss: 5.5388 | lr: 2.50e-04 | Best_PSNR: 30.0810 in Epoch [255]
2022-07-18 14:45:38,712 INFO: Epoch: 261 | PSNR: 30.0808 | Loss: 5.5407 | lr: 2.50e-04 | Best_PSNR: 30.0810 in Epoch [255]
2022-07-18 14:46:45,877 INFO: Epoch: 262 | PSNR: 30.0801 | Loss: 5.5421 | lr: 2.50e-04 | Best_PSNR: 30.0810 in Epoch [255]
2022-07-18 14:47:54,083 INFO: Epoch: 263 | PSNR: 30.0813 | Loss: 5.5268 | lr: 2.50e-04 | Best_PSNR: 30.0813 in Epoch [263]
2022-07-18 14:49:03,338 INFO: Epoch: 264 | PSNR: 30.0814 | Loss: 5.5470 | lr: 2.50e-04 | Best_PSNR: 30.0814 in Epoch [264]
2022-07-18 14:50:14,768 INFO: Epoch: 265 | PSNR: 30.0815 | Loss: 5.5103 | lr: 2.50e-04 | Best_PSNR: 30.0815 in Epoch [265]
2022-07-18 14:51:22,516 INFO: Epoch: 266 | PSNR: 30.0815 | Loss: 5.5163 | lr: 2.50e-04 | Best_PSNR: 30.0815 in Epoch [265]
2022-07-18 14:52:33,128 INFO: Epoch: 267 | PSNR: 30.0819 | Loss: 5.5376 | lr: 2.50e-04 | Best_PSNR: 30.0819 in Epoch [267]
2022-07-18 14:53:42,286 INFO: Epoch: 268 | PSNR: 30.0816 | Loss: 5.5442 | lr: 2.50e-04 | Best_PSNR: 30.0819 in Epoch [267]
2022-07-18 14:54:47,329 INFO: Epoch: 269 | PSNR: 30.0821 | Loss: 5.5532 | lr: 2.50e-04 | Best_PSNR: 30.0821 in Epoch [269]
2022-07-18 14:55:53,559 INFO: Epoch: 270 | PSNR: 30.0819 | Loss: 5.5321 | lr: 2.50e-04 | Best_PSNR: 30.0821 in Epoch [269]
2022-07-18 14:56:58,359 INFO: Epoch: 271 | PSNR: 30.0822 | Loss: 5.5721 | lr: 2.50e-04 | Best_PSNR: 30.0822 in Epoch [271]
2022-07-18 14:58:06,901 INFO: Epoch: 272 | PSNR: 30.0821 | Loss: 5.5603 | lr: 2.50e-04 | Best_PSNR: 30.0822 in Epoch [271]
2022-07-18 14:59:14,272 INFO: Epoch: 273 | PSNR: 30.0820 | Loss: 5.5299 | lr: 2.50e-04 | Best_PSNR: 30.0822 in Epoch [271]
2022-07-18 15:00:31,169 INFO: Epoch: 274 | PSNR: 30.0820 | Loss: 5.5355 | lr: 2.50e-04 | Best_PSNR: 30.0822 in Epoch [271]
2022-07-18 15:01:39,867 INFO: Epoch: 275 | PSNR: 30.0816 | Loss: 5.5511 | lr: 2.50e-04 | Best_PSNR: 30.0822 in Epoch [271]
2022-07-18 15:02:53,923 INFO: Epoch: 276 | PSNR: 30.0823 | Loss: 5.4957 | lr: 2.50e-04 | Best_PSNR: 30.0823 in Epoch [276]
2022-07-18 15:04:05,840 INFO: Epoch: 277 | PSNR: 30.0828 | Loss: 5.5437 | lr: 2.50e-04 | Best_PSNR: 30.0828 in Epoch [277]
2022-07-18 15:05:20,330 INFO: Epoch: 278 | PSNR: 30.0822 | Loss: 5.5951 | lr: 2.50e-04 | Best_PSNR: 30.0828 in Epoch [277]
2022-07-18 15:06:37,934 INFO: Epoch: 279 | PSNR: 30.0823 | Loss: 5.5626 | lr: 2.50e-04 | Best_PSNR: 30.0828 in Epoch [277]
2022-07-18 15:07:55,016 INFO: Epoch: 280 | PSNR: 30.0825 | Loss: 5.5584 | lr: 2.50e-04 | Best_PSNR: 30.0828 in Epoch [277]
2022-07-18 15:09:03,181 INFO: Epoch: 281 | PSNR: 30.0834 | Loss: 5.5406 | lr: 2.50e-04 | Best_PSNR: 30.0834 in Epoch [281]
2022-07-18 15:10:06,219 INFO: Epoch: 282 | PSNR: 30.0834 | Loss: 5.5549 | lr: 2.50e-04 | Best_PSNR: 30.0834 in Epoch [281]
2022-07-18 15:11:12,679 INFO: Epoch: 283 | PSNR: 30.0835 | Loss: 5.5375 | lr: 2.50e-04 | Best_PSNR: 30.0835 in Epoch [283]
2022-07-18 15:12:20,456 INFO: Epoch: 284 | PSNR: 30.0833 | Loss: 5.5993 | lr: 2.50e-04 | Best_PSNR: 30.0835 in Epoch [283]
2022-07-18 15:13:34,817 INFO: Epoch: 285 | PSNR: 30.0829 | Loss: 5.5800 | lr: 2.50e-04 | Best_PSNR: 30.0835 in Epoch [283]
2022-07-18 15:14:49,759 INFO: Epoch: 286 | PSNR: 30.0824 | Loss: 5.5662 | lr: 2.50e-04 | Best_PSNR: 30.0835 in Epoch [283]
2022-07-18 15:15:58,370 INFO: Epoch: 287 | PSNR: 30.0825 | Loss: 5.5424 | lr: 2.50e-04 | Best_PSNR: 30.0835 in Epoch [283]
2022-07-18 15:17:13,120 INFO: Epoch: 288 | PSNR: 30.0830 | Loss: 5.5799 | lr: 2.50e-04 | Best_PSNR: 30.0835 in Epoch [283]
2022-07-18 15:18:21,757 INFO: Epoch: 289 | PSNR: 30.0833 | Loss: 5.5107 | lr: 2.50e-04 | Best_PSNR: 30.0835 in Epoch [283]
2022-07-18 15:19:29,390 INFO: Epoch: 290 | PSNR: 30.0829 | Loss: 5.4988 | lr: 2.50e-04 | Best_PSNR: 30.0835 in Epoch [283]
2022-07-18 15:21:03,311 INFO: Epoch: 291 | PSNR: 30.0824 | Loss: 5.5319 | lr: 2.50e-04 | Best_PSNR: 30.0835 in Epoch [283]
2022-07-18 15:22:12,271 INFO: Epoch: 292 | PSNR: 30.0828 | Loss: 5.5639 | lr: 2.50e-04 | Best_PSNR: 30.0835 in Epoch [283]
2022-07-18 15:23:30,153 INFO: Epoch: 293 | PSNR: 30.0837 | Loss: 5.5283 | lr: 2.50e-04 | Best_PSNR: 30.0837 in Epoch [293]
2022-07-18 15:24:37,847 INFO: Epoch: 294 | PSNR: 30.0837 | Loss: 5.5985 | lr: 2.50e-04 | Best_PSNR: 30.0837 in Epoch [294]
2022-07-18 15:25:42,082 INFO: Epoch: 295 | PSNR: 30.0834 | Loss: 5.5181 | lr: 2.50e-04 | Best_PSNR: 30.0837 in Epoch [294]
2022-07-18 15:26:49,854 INFO: Epoch: 296 | PSNR: 30.0833 | Loss: 5.5669 | lr: 2.50e-04 | Best_PSNR: 30.0837 in Epoch [294]
2022-07-18 15:27:59,278 INFO: Epoch: 297 | PSNR: 30.0833 | Loss: 5.5363 | lr: 2.50e-04 | Best_PSNR: 30.0837 in Epoch [294]
2022-07-18 15:29:07,406 INFO: Epoch: 298 | PSNR: 30.0830 | Loss: 5.5940 | lr: 2.50e-04 | Best_PSNR: 30.0837 in Epoch [294]
2022-07-18 15:30:20,251 INFO: Epoch: 299 | PSNR: 30.0833 | Loss: 5.5945 | lr: 2.50e-04 | Best_PSNR: 30.0837 in Epoch [294]
2022-07-18 15:31:40,730 INFO: Epoch: 300 | PSNR: 30.0837 | Loss: 5.6029 | lr: 2.50e-04 | Best_PSNR: 30.0837 in Epoch [294]
2022-07-18 15:32:54,938 INFO: Epoch: 301 | PSNR: 30.0835 | Loss: 5.5507 | lr: 2.50e-04 | Best_PSNR: 30.0837 in Epoch [294]
2022-07-18 15:34:10,218 INFO: Epoch: 302 | PSNR: 30.0826 | Loss: 5.5288 | lr: 2.50e-04 | Best_PSNR: 30.0837 in Epoch [294]
2022-07-18 15:35:19,093 INFO: Epoch: 303 | PSNR: 30.0826 | Loss: 5.5625 | lr: 2.50e-04 | Best_PSNR: 30.0837 in Epoch [294]
2022-07-18 15:36:28,155 INFO: Epoch: 304 | PSNR: 30.0830 | Loss: 5.4839 | lr: 2.50e-04 | Best_PSNR: 30.0837 in Epoch [294]
2022-07-18 15:37:42,092 INFO: Epoch: 305 | PSNR: 30.0827 | Loss: 5.5725 | lr: 2.50e-04 | Best_PSNR: 30.0837 in Epoch [294]
2022-07-18 15:39:00,827 INFO: Epoch: 306 | PSNR: 30.0829 | Loss: 5.5510 | lr: 2.50e-04 | Best_PSNR: 30.0837 in Epoch [294]
2022-07-18 15:40:06,264 INFO: Epoch: 307 | PSNR: 30.0833 | Loss: 5.5503 | lr: 2.50e-04 | Best_PSNR: 30.0837 in Epoch [294]
2022-07-18 15:41:10,779 INFO: Epoch: 308 | PSNR: 30.0835 | Loss: 5.5803 | lr: 2.50e-04 | Best_PSNR: 30.0837 in Epoch [294]
2022-07-18 15:42:09,612 INFO: Epoch: 309 | PSNR: 30.0837 | Loss: 5.5728 | lr: 2.50e-04 | Best_PSNR: 30.0837 in Epoch [294]
2022-07-18 15:43:17,708 INFO: Epoch: 310 | PSNR: 30.0832 | Loss: 5.5235 | lr: 2.50e-04 | Best_PSNR: 30.0837 in Epoch [294]
2022-07-18 15:44:28,228 INFO: Epoch: 311 | PSNR: 30.0837 | Loss: 5.4397 | lr: 2.50e-04 | Best_PSNR: 30.0837 in Epoch [294]
2022-07-18 15:45:40,603 INFO: Epoch: 312 | PSNR: 30.0830 | Loss: 5.5581 | lr: 2.50e-04 | Best_PSNR: 30.0837 in Epoch [294]
2022-07-18 15:46:55,334 INFO: Epoch: 313 | PSNR: 30.0835 | Loss: 5.5429 | lr: 2.50e-04 | Best_PSNR: 30.0837 in Epoch [294]
2022-07-18 15:48:10,754 INFO: Epoch: 314 | PSNR: 30.0842 | Loss: 5.5337 | lr: 2.50e-04 | Best_PSNR: 30.0842 in Epoch [314]
2022-07-18 15:49:21,305 INFO: Epoch: 315 | PSNR: 30.0848 | Loss: 5.5838 | lr: 2.50e-04 | Best_PSNR: 30.0848 in Epoch [315]
2022-07-18 15:50:26,879 INFO: Epoch: 316 | PSNR: 30.0851 | Loss: 5.5407 | lr: 2.50e-04 | Best_PSNR: 30.0851 in Epoch [316]
2022-07-18 15:51:49,556 INFO: Epoch: 317 | PSNR: 30.0844 | Loss: 5.5728 | lr: 2.50e-04 | Best_PSNR: 30.0851 in Epoch [316]
2022-07-18 15:53:03,663 INFO: Epoch: 318 | PSNR: 30.0844 | Loss: 5.5337 | lr: 2.50e-04 | Best_PSNR: 30.0851 in Epoch [316]
2022-07-18 15:54:05,252 INFO: Epoch: 319 | PSNR: 30.0838 | Loss: 5.5248 | lr: 2.50e-04 | Best_PSNR: 30.0851 in Epoch [316]
2022-07-18 15:55:10,507 INFO: Epoch: 320 | PSNR: 30.0835 | Loss: 5.5878 | lr: 2.50e-04 | Best_PSNR: 30.0851 in Epoch [316]
2022-07-18 15:56:17,799 INFO: Epoch: 321 | PSNR: 30.0835 | Loss: 5.5370 | lr: 2.50e-04 | Best_PSNR: 30.0851 in Epoch [316]
2022-07-18 15:57:21,192 INFO: Epoch: 322 | PSNR: 30.0835 | Loss: 5.5466 | lr: 2.50e-04 | Best_PSNR: 30.0851 in Epoch [316]
2022-07-18 15:58:32,513 INFO: Epoch: 323 | PSNR: 30.0839 | Loss: 5.5298 | lr: 2.50e-04 | Best_PSNR: 30.0851 in Epoch [316]
2022-07-18 15:59:48,373 INFO: Epoch: 324 | PSNR: 30.0846 | Loss: 5.5189 | lr: 2.50e-04 | Best_PSNR: 30.0851 in Epoch [316]
2022-07-18 16:00:58,915 INFO: Epoch: 325 | PSNR: 30.0846 | Loss: 5.5605 | lr: 2.50e-04 | Best_PSNR: 30.0851 in Epoch [316]
2022-07-18 16:02:21,614 INFO: Epoch: 326 | PSNR: 30.0851 | Loss: 5.6027 | lr: 2.50e-04 | Best_PSNR: 30.0851 in Epoch [316]
2022-07-18 16:03:30,889 INFO: Epoch: 327 | PSNR: 30.0853 | Loss: 5.5344 | lr: 2.50e-04 | Best_PSNR: 30.0853 in Epoch [327]
2022-07-18 16:04:45,749 INFO: Epoch: 328 | PSNR: 30.0857 | Loss: 5.5430 | lr: 2.50e-04 | Best_PSNR: 30.0857 in Epoch [328]
2022-07-18 16:06:00,787 INFO: Epoch: 329 | PSNR: 30.0852 | Loss: 5.5105 | lr: 2.50e-04 | Best_PSNR: 30.0857 in Epoch [328]
2022-07-18 16:07:11,035 INFO: Epoch: 330 | PSNR: 30.0845 | Loss: 5.5452 | lr: 2.50e-04 | Best_PSNR: 30.0857 in Epoch [328]
2022-07-18 16:08:24,027 INFO: Epoch: 331 | PSNR: 30.0848 | Loss: 5.5427 | lr: 2.50e-04 | Best_PSNR: 30.0857 in Epoch [328]
2022-07-18 16:09:31,586 INFO: Epoch: 332 | PSNR: 30.0847 | Loss: 5.5153 | lr: 2.50e-04 | Best_PSNR: 30.0857 in Epoch [328]
2022-07-18 16:10:46,259 INFO: Epoch: 333 | PSNR: 30.0849 | Loss: 5.5217 | lr: 2.50e-04 | Best_PSNR: 30.0857 in Epoch [328]
2022-07-18 16:11:55,001 INFO: Epoch: 334 | PSNR: 30.0849 | Loss: 5.5307 | lr: 2.50e-04 | Best_PSNR: 30.0857 in Epoch [328]
2022-07-18 16:13:02,842 INFO: Epoch: 335 | PSNR: 30.0850 | Loss: 5.5379 | lr: 2.50e-04 | Best_PSNR: 30.0857 in Epoch [328]
2022-07-18 16:14:15,624 INFO: Epoch: 336 | PSNR: 30.0853 | Loss: 5.5697 | lr: 2.50e-04 | Best_PSNR: 30.0857 in Epoch [328]
2022-07-18 16:15:28,952 INFO: Epoch: 337 | PSNR: 30.0857 | Loss: 5.5239 | lr: 2.50e-04 | Best_PSNR: 30.0857 in Epoch [337]
2022-07-18 16:16:39,143 INFO: Epoch: 338 | PSNR: 30.0858 | Loss: 5.5209 | lr: 2.50e-04 | Best_PSNR: 30.0858 in Epoch [338]
2022-07-18 16:17:46,630 INFO: Epoch: 339 | PSNR: 30.0857 | Loss: 5.5556 | lr: 2.50e-04 | Best_PSNR: 30.0858 in Epoch [338]
2022-07-18 16:18:50,541 INFO: Epoch: 340 | PSNR: 30.0859 | Loss: 5.5693 | lr: 2.50e-04 | Best_PSNR: 30.0859 in Epoch [340]
2022-07-18 16:20:02,646 INFO: Epoch: 341 | PSNR: 30.0854 | Loss: 5.5475 | lr: 2.50e-04 | Best_PSNR: 30.0859 in Epoch [340]
2022-07-18 16:21:19,241 INFO: Epoch: 342 | PSNR: 30.0850 | Loss: 5.5587 | lr: 2.50e-04 | Best_PSNR: 30.0859 in Epoch [340]
2022-07-18 16:22:32,098 INFO: Epoch: 343 | PSNR: 30.0851 | Loss: 5.5547 | lr: 2.50e-04 | Best_PSNR: 30.0859 in Epoch [340]
2022-07-18 16:23:49,646 INFO: Epoch: 344 | PSNR: 30.0856 | Loss: 5.5478 | lr: 2.50e-04 | Best_PSNR: 30.0859 in Epoch [340]
2022-07-18 16:25:01,066 INFO: Epoch: 345 | PSNR: 30.0859 | Loss: 5.5195 | lr: 2.50e-04 | Best_PSNR: 30.0859 in Epoch [345]
2022-07-18 16:26:08,587 INFO: Epoch: 346 | PSNR: 30.0853 | Loss: 5.5526 | lr: 2.50e-04 | Best_PSNR: 30.0859 in Epoch [345]
2022-07-18 16:27:20,570 INFO: Epoch: 347 | PSNR: 30.0860 | Loss: 5.5803 | lr: 2.50e-04 | Best_PSNR: 30.0860 in Epoch [347]
2022-07-18 16:28:25,308 INFO: Epoch: 348 | PSNR: 30.0863 | Loss: 5.5588 | lr: 2.50e-04 | Best_PSNR: 30.0863 in Epoch [348]
2022-07-18 16:29:38,029 INFO: Epoch: 349 | PSNR: 30.0860 | Loss: 5.5517 | lr: 2.50e-04 | Best_PSNR: 30.0863 in Epoch [348]
2022-07-18 16:30:53,753 INFO: Epoch: 350 | PSNR: 30.0861 | Loss: 5.5294 | lr: 2.50e-04 | Best_PSNR: 30.0863 in Epoch [348]
2022-07-18 16:32:03,063 INFO: Epoch: 351 | PSNR: 30.0860 | Loss: 5.5579 | lr: 2.50e-04 | Best_PSNR: 30.0863 in Epoch [348]
2022-07-18 16:33:09,308 INFO: Epoch: 352 | PSNR: 30.0859 | Loss: 5.5886 | lr: 2.50e-04 | Best_PSNR: 30.0863 in Epoch [348]
2022-07-18 16:34:16,272 INFO: Epoch: 353 | PSNR: 30.0863 | Loss: 5.5510 | lr: 2.50e-04 | Best_PSNR: 30.0863 in Epoch [353]
2022-07-18 16:35:28,074 INFO: Epoch: 354 | PSNR: 30.0864 | Loss: 5.5303 | lr: 2.50e-04 | Best_PSNR: 30.0864 in Epoch [354]
2022-07-18 16:36:40,974 INFO: Epoch: 355 | PSNR: 30.0863 | Loss: 5.5126 | lr: 2.50e-04 | Best_PSNR: 30.0864 in Epoch [354]
2022-07-18 16:37:58,588 INFO: Epoch: 356 | PSNR: 30.0858 | Loss: 5.5335 | lr: 2.50e-04 | Best_PSNR: 30.0864 in Epoch [354]
2022-07-18 16:39:09,292 INFO: Epoch: 357 | PSNR: 30.0859 | Loss: 5.5108 | lr: 2.50e-04 | Best_PSNR: 30.0864 in Epoch [354]
2022-07-18 16:40:19,887 INFO: Epoch: 358 | PSNR: 30.0858 | Loss: 5.5962 | lr: 2.50e-04 | Best_PSNR: 30.0864 in Epoch [354]
2022-07-18 16:41:26,911 INFO: Epoch: 359 | PSNR: 30.0858 | Loss: 5.5896 | lr: 2.50e-04 | Best_PSNR: 30.0864 in Epoch [354]
2022-07-18 16:42:35,648 INFO: Epoch: 360 | PSNR: 30.0860 | Loss: 5.5224 | lr: 2.50e-04 | Best_PSNR: 30.0864 in Epoch [354]
2022-07-18 16:43:45,423 INFO: Epoch: 361 | PSNR: 30.0863 | Loss: 5.5139 | lr: 1.25e-04 | Best_PSNR: 30.0864 in Epoch [354]
2022-07-18 16:45:10,397 INFO: Epoch: 362 | PSNR: 30.0871 | Loss: 5.5528 | lr: 1.25e-04 | Best_PSNR: 30.0871 in Epoch [362]
2022-07-18 16:46:17,379 INFO: Epoch: 363 | PSNR: 30.0870 | Loss: 5.5249 | lr: 1.25e-04 | Best_PSNR: 30.0871 in Epoch [362]
2022-07-18 16:47:30,936 INFO: Epoch: 364 | PSNR: 30.0877 | Loss: 5.5282 | lr: 1.25e-04 | Best_PSNR: 30.0877 in Epoch [364]
2022-07-18 16:48:53,623 INFO: Epoch: 365 | PSNR: 30.0870 | Loss: 5.5107 | lr: 1.25e-04 | Best_PSNR: 30.0877 in Epoch [364]
2022-07-18 16:50:20,562 INFO: Epoch: 366 | PSNR: 30.0874 | Loss: 5.5759 | lr: 1.25e-04 | Best_PSNR: 30.0877 in Epoch [364]
2022-07-18 16:51:37,161 INFO: Epoch: 367 | PSNR: 30.0873 | Loss: 5.5527 | lr: 1.25e-04 | Best_PSNR: 30.0877 in Epoch [364]
2022-07-18 16:52:39,181 INFO: Epoch: 368 | PSNR: 30.0874 | Loss: 5.5363 | lr: 1.25e-04 | Best_PSNR: 30.0877 in Epoch [364]
2022-07-18 16:53:49,536 INFO: Epoch: 369 | PSNR: 30.0880 | Loss: 5.5235 | lr: 1.25e-04 | Best_PSNR: 30.0880 in Epoch [369]
2022-07-18 16:55:11,297 INFO: Epoch: 370 | PSNR: 30.0883 | Loss: 5.5292 | lr: 1.25e-04 | Best_PSNR: 30.0883 in Epoch [370]
2022-07-18 16:56:31,216 INFO: Epoch: 371 | PSNR: 30.0883 | Loss: 5.5104 | lr: 1.25e-04 | Best_PSNR: 30.0883 in Epoch [371]
2022-07-18 16:57:45,374 INFO: Epoch: 372 | PSNR: 30.0879 | Loss: 5.5197 | lr: 1.25e-04 | Best_PSNR: 30.0883 in Epoch [371]
2022-07-18 16:58:57,580 INFO: Epoch: 373 | PSNR: 30.0882 | Loss: 5.4777 | lr: 1.25e-04 | Best_PSNR: 30.0883 in Epoch [371]
2022-07-18 17:00:05,685 INFO: Epoch: 374 | PSNR: 30.0881 | Loss: 5.5449 | lr: 1.25e-04 | Best_PSNR: 30.0883 in Epoch [371]
2022-07-18 17:01:12,586 INFO: Epoch: 375 | PSNR: 30.0883 | Loss: 5.5365 | lr: 1.25e-04 | Best_PSNR: 30.0883 in Epoch [375]
2022-07-18 17:02:20,765 INFO: Epoch: 376 | PSNR: 30.0882 | Loss: 5.5664 | lr: 1.25e-04 | Best_PSNR: 30.0883 in Epoch [375]
2022-07-18 17:03:34,044 INFO: Epoch: 377 | PSNR: 30.0882 | Loss: 5.5146 | lr: 1.25e-04 | Best_PSNR: 30.0883 in Epoch [375]
2022-07-18 17:04:49,438 INFO: Epoch: 378 | PSNR: 30.0884 | Loss: 5.5291 | lr: 1.25e-04 | Best_PSNR: 30.0884 in Epoch [378]
2022-07-18 17:06:09,257 INFO: Epoch: 379 | PSNR: 30.0885 | Loss: 5.5450 | lr: 1.25e-04 | Best_PSNR: 30.0885 in Epoch [379]
2022-07-18 17:07:18,356 INFO: Epoch: 380 | PSNR: 30.0885 | Loss: 5.5811 | lr: 1.25e-04 | Best_PSNR: 30.0885 in Epoch [379]
2022-07-18 17:08:30,995 INFO: Epoch: 381 | PSNR: 30.0880 | Loss: 5.5098 | lr: 1.25e-04 | Best_PSNR: 30.0885 in Epoch [379]
2022-07-18 17:09:48,285 INFO: Epoch: 382 | PSNR: 30.0880 | Loss: 5.5458 | lr: 1.25e-04 | Best_PSNR: 30.0885 in Epoch [379]
2022-07-18 17:10:59,548 INFO: Epoch: 383 | PSNR: 30.0885 | Loss: 5.5634 | lr: 1.25e-04 | Best_PSNR: 30.0885 in Epoch [379]
2022-07-18 17:12:08,753 INFO: Epoch: 384 | PSNR: 30.0883 | Loss: 5.4958 | lr: 1.25e-04 | Best_PSNR: 30.0885 in Epoch [379]
2022-07-18 17:13:21,874 INFO: Epoch: 385 | PSNR: 30.0885 | Loss: 5.5052 | lr: 1.25e-04 | Best_PSNR: 30.0885 in Epoch [379]
2022-07-18 17:14:36,994 INFO: Epoch: 386 | PSNR: 30.0887 | Loss: 5.5288 | lr: 1.25e-04 | Best_PSNR: 30.0887 in Epoch [386]
2022-07-18 17:15:49,827 INFO: Epoch: 387 | PSNR: 30.0890 | Loss: 5.5386 | lr: 1.25e-04 | Best_PSNR: 30.0890 in Epoch [387]
2022-07-18 17:17:15,206 INFO: Epoch: 388 | PSNR: 30.0889 | Loss: 5.5244 | lr: 1.25e-04 | Best_PSNR: 30.0890 in Epoch [387]
2022-07-18 17:18:30,866 INFO: Epoch: 389 | PSNR: 30.0886 | Loss: 5.5823 | lr: 1.25e-04 | Best_PSNR: 30.0890 in Epoch [387]
2022-07-18 17:19:35,594 INFO: Epoch: 390 | PSNR: 30.0889 | Loss: 5.5070 | lr: 1.25e-04 | Best_PSNR: 30.0890 in Epoch [387]
2022-07-18 17:20:39,224 INFO: Epoch: 391 | PSNR: 30.0894 | Loss: 5.5313 | lr: 1.25e-04 | Best_PSNR: 30.0894 in Epoch [391]
2022-07-18 17:21:49,760 INFO: Epoch: 392 | PSNR: 30.0889 | Loss: 5.4919 | lr: 1.25e-04 | Best_PSNR: 30.0894 in Epoch [391]
2022-07-18 17:23:10,872 INFO: Epoch: 393 | PSNR: 30.0890 | Loss: 5.5276 | lr: 1.25e-04 | Best_PSNR: 30.0894 in Epoch [391]
2022-07-18 17:24:25,163 INFO: Epoch: 394 | PSNR: 30.0891 | Loss: 5.5436 | lr: 1.25e-04 | Best_PSNR: 30.0894 in Epoch [391]
2022-07-18 17:25:43,180 INFO: Epoch: 395 | PSNR: 30.0891 | Loss: 5.5655 | lr: 1.25e-04 | Best_PSNR: 30.0894 in Epoch [391]
2022-07-18 17:26:49,683 INFO: Epoch: 396 | PSNR: 30.0893 | Loss: 5.5381 | lr: 1.25e-04 | Best_PSNR: 30.0894 in Epoch [391]
2022-07-18 17:27:57,680 INFO: Epoch: 397 | PSNR: 30.0897 | Loss: 5.5362 | lr: 1.25e-04 | Best_PSNR: 30.0897 in Epoch [397]
2022-07-18 17:29:12,078 INFO: Epoch: 398 | PSNR: 30.0900 | Loss: 5.5051 | lr: 1.25e-04 | Best_PSNR: 30.0900 in Epoch [398]
2022-07-18 17:30:32,215 INFO: Epoch: 399 | PSNR: 30.0902 | Loss: 5.5279 | lr: 1.25e-04 | Best_PSNR: 30.0902 in Epoch [399]
2022-07-18 17:31:41,809 INFO: Epoch: 400 | PSNR: 30.0899 | Loss: 5.5389 | lr: 1.25e-04 | Best_PSNR: 30.0902 in Epoch [399]
2022-07-18 17:32:52,646 INFO: Epoch: 401 | PSNR: 30.0899 | Loss: 5.5754 | lr: 1.25e-04 | Best_PSNR: 30.0902 in Epoch [399]
2022-07-18 17:34:04,199 INFO: Epoch: 402 | PSNR: 30.0900 | Loss: 5.5403 | lr: 1.25e-04 | Best_PSNR: 30.0902 in Epoch [399]
2022-07-18 17:35:21,927 INFO: Epoch: 403 | PSNR: 30.0895 | Loss: 5.5399 | lr: 1.25e-04 | Best_PSNR: 30.0902 in Epoch [399]
2022-07-18 17:36:32,492 INFO: Epoch: 404 | PSNR: 30.0897 | Loss: 5.5608 | lr: 1.25e-04 | Best_PSNR: 30.0902 in Epoch [399]
2022-07-18 17:37:50,038 INFO: Epoch: 405 | PSNR: 30.0899 | Loss: 5.4946 | lr: 1.25e-04 | Best_PSNR: 30.0902 in Epoch [399]
2022-07-18 17:39:17,669 INFO: Epoch: 406 | PSNR: 30.0902 | Loss: 5.5253 | lr: 1.25e-04 | Best_PSNR: 30.0902 in Epoch [399]
2022-07-18 17:40:36,953 INFO: Epoch: 407 | PSNR: 30.0901 | Loss: 5.4786 | lr: 1.25e-04 | Best_PSNR: 30.0902 in Epoch [399]
2022-07-18 17:41:42,410 INFO: Epoch: 408 | PSNR: 30.0898 | Loss: 5.5313 | lr: 1.25e-04 | Best_PSNR: 30.0902 in Epoch [399]
2022-07-18 17:42:55,167 INFO: Epoch: 409 | PSNR: 30.0891 | Loss: 5.5538 | lr: 1.25e-04 | Best_PSNR: 30.0902 in Epoch [399]
2022-07-18 17:44:04,268 INFO: Epoch: 410 | PSNR: 30.0896 | Loss: 5.6076 | lr: 1.25e-04 | Best_PSNR: 30.0902 in Epoch [399]
2022-07-18 17:45:11,460 INFO: Epoch: 411 | PSNR: 30.0892 | Loss: 5.5390 | lr: 1.25e-04 | Best_PSNR: 30.0902 in Epoch [399]
2022-07-18 17:46:27,262 INFO: Epoch: 412 | PSNR: 30.0901 | Loss: 5.4879 | lr: 1.25e-04 | Best_PSNR: 30.0902 in Epoch [399]
2022-07-18 17:47:46,120 INFO: Epoch: 413 | PSNR: 30.0903 | Loss: 5.5357 | lr: 1.25e-04 | Best_PSNR: 30.0903 in Epoch [413]
2022-07-18 17:49:01,864 INFO: Epoch: 414 | PSNR: 30.0899 | Loss: 5.5379 | lr: 1.25e-04 | Best_PSNR: 30.0903 in Epoch [413]
2022-07-18 17:50:04,289 INFO: Epoch: 415 | PSNR: 30.0898 | Loss: 5.4982 | lr: 1.25e-04 | Best_PSNR: 30.0903 in Epoch [413]
2022-07-18 17:51:14,637 INFO: Epoch: 416 | PSNR: 30.0892 | Loss: 5.5020 | lr: 1.25e-04 | Best_PSNR: 30.0903 in Epoch [413]
2022-07-18 17:52:31,124 INFO: Epoch: 417 | PSNR: 30.0889 | Loss: 5.5210 | lr: 1.25e-04 | Best_PSNR: 30.0903 in Epoch [413]
2022-07-18 17:53:46,131 INFO: Epoch: 418 | PSNR: 30.0896 | Loss: 5.5701 | lr: 1.25e-04 | Best_PSNR: 30.0903 in Epoch [413]
2022-07-18 17:55:05,245 INFO: Epoch: 419 | PSNR: 30.0897 | Loss: 5.5419 | lr: 1.25e-04 | Best_PSNR: 30.0903 in Epoch [413]
2022-07-18 17:56:24,776 INFO: Epoch: 420 | PSNR: 30.0900 | Loss: 5.5388 | lr: 1.25e-04 | Best_PSNR: 30.0903 in Epoch [413]
2022-07-18 17:57:33,406 INFO: Epoch: 421 | PSNR: 30.0901 | Loss: 5.5197 | lr: 1.25e-04 | Best_PSNR: 30.0903 in Epoch [413]
2022-07-18 17:58:42,685 INFO: Epoch: 422 | PSNR: 30.0899 | Loss: 5.5720 | lr: 1.25e-04 | Best_PSNR: 30.0903 in Epoch [413]
2022-07-18 17:59:57,996 INFO: Epoch: 423 | PSNR: 30.0899 | Loss: 5.5508 | lr: 1.25e-04 | Best_PSNR: 30.0903 in Epoch [413]
2022-07-18 18:01:15,152 INFO: Epoch: 424 | PSNR: 30.0897 | Loss: 5.5374 | lr: 1.25e-04 | Best_PSNR: 30.0903 in Epoch [413]
2022-07-18 18:02:24,993 INFO: Epoch: 425 | PSNR: 30.0898 | Loss: 5.5505 | lr: 1.25e-04 | Best_PSNR: 30.0903 in Epoch [413]
2022-07-18 18:03:29,106 INFO: Epoch: 426 | PSNR: 30.0899 | Loss: 5.5063 | lr: 1.25e-04 | Best_PSNR: 30.0903 in Epoch [413]
2022-07-18 18:04:39,964 INFO: Epoch: 427 | PSNR: 30.0903 | Loss: 5.5220 | lr: 1.25e-04 | Best_PSNR: 30.0903 in Epoch [427]
2022-07-18 18:05:59,790 INFO: Epoch: 428 | PSNR: 30.0906 | Loss: 5.4646 | lr: 1.25e-04 | Best_PSNR: 30.0906 in Epoch [428]
2022-07-18 18:07:13,881 INFO: Epoch: 429 | PSNR: 30.0903 | Loss: 5.5043 | lr: 1.25e-04 | Best_PSNR: 30.0906 in Epoch [428]
2022-07-18 18:08:28,980 INFO: Epoch: 430 | PSNR: 30.0896 | Loss: 5.5592 | lr: 1.25e-04 | Best_PSNR: 30.0906 in Epoch [428]
2022-07-18 18:09:51,321 INFO: Epoch: 431 | PSNR: 30.0896 | Loss: 5.5647 | lr: 1.25e-04 | Best_PSNR: 30.0906 in Epoch [428]
2022-07-18 18:11:03,293 INFO: Epoch: 432 | PSNR: 30.0903 | Loss: 5.5211 | lr: 1.25e-04 | Best_PSNR: 30.0906 in Epoch [428]
2022-07-18 18:12:10,509 INFO: Epoch: 433 | PSNR: 30.0901 | Loss: 5.5565 | lr: 1.25e-04 | Best_PSNR: 30.0906 in Epoch [428]
2022-07-18 18:13:22,590 INFO: Epoch: 434 | PSNR: 30.0898 | Loss: 5.5025 | lr: 1.25e-04 | Best_PSNR: 30.0906 in Epoch [428]
2022-07-18 18:14:39,200 INFO: Epoch: 435 | PSNR: 30.0903 | Loss: 5.5264 | lr: 1.25e-04 | Best_PSNR: 30.0906 in Epoch [428]
2022-07-18 18:15:51,897 INFO: Epoch: 436 | PSNR: 30.0899 | Loss: 5.5040 | lr: 1.25e-04 | Best_PSNR: 30.0906 in Epoch [428]
2022-07-18 18:17:01,485 INFO: Epoch: 437 | PSNR: 30.0900 | Loss: 5.5188 | lr: 1.25e-04 | Best_PSNR: 30.0906 in Epoch [428]
2022-07-18 18:18:14,715 INFO: Epoch: 438 | PSNR: 30.0904 | Loss: 5.4939 | lr: 1.25e-04 | Best_PSNR: 30.0906 in Epoch [428]
2022-07-18 18:19:30,782 INFO: Epoch: 439 | PSNR: 30.0904 | Loss: 5.5263 | lr: 1.25e-04 | Best_PSNR: 30.0906 in Epoch [428]
2022-07-18 18:20:53,530 INFO: Epoch: 440 | PSNR: 30.0903 | Loss: 5.4931 | lr: 1.25e-04 | Best_PSNR: 30.0906 in Epoch [428]
2022-07-18 18:22:05,581 INFO: Epoch: 441 | PSNR: 30.0902 | Loss: 5.5561 | lr: 1.25e-04 | Best_PSNR: 30.0906 in Epoch [428]
2022-07-18 18:23:19,213 INFO: Epoch: 442 | PSNR: 30.0900 | Loss: 5.4964 | lr: 1.25e-04 | Best_PSNR: 30.0906 in Epoch [428]
2022-07-18 18:24:33,296 INFO: Epoch: 443 | PSNR: 30.0905 | Loss: 5.4969 | lr: 1.25e-04 | Best_PSNR: 30.0906 in Epoch [428]
2022-07-18 18:25:36,840 INFO: Epoch: 444 | PSNR: 30.0906 | Loss: 5.5468 | lr: 1.25e-04 | Best_PSNR: 30.0906 in Epoch [428]
2022-07-18 18:26:51,027 INFO: Epoch: 445 | PSNR: 30.0901 | Loss: 5.6042 | lr: 1.25e-04 | Best_PSNR: 30.0906 in Epoch [428]
2022-07-18 18:28:01,182 INFO: Epoch: 446 | PSNR: 30.0908 | Loss: 5.5211 | lr: 1.25e-04 | Best_PSNR: 30.0908 in Epoch [446]
2022-07-18 18:29:20,858 INFO: Epoch: 447 | PSNR: 30.0907 | Loss: 5.5023 | lr: 1.25e-04 | Best_PSNR: 30.0908 in Epoch [446]
2022-07-18 18:30:14,447 INFO: Epoch: 448 | PSNR: 30.0906 | Loss: 5.4797 | lr: 1.25e-04 | Best_PSNR: 30.0908 in Epoch [446]
2022-07-18 18:31:25,257 INFO: Epoch: 449 | PSNR: 30.0910 | Loss: 5.5331 | lr: 1.25e-04 | Best_PSNR: 30.0910 in Epoch [449]
2022-07-18 18:32:19,655 INFO: Epoch: 450 | PSNR: 30.0912 | Loss: 5.5040 | lr: 1.25e-04 | Best_PSNR: 30.0912 in Epoch [450]
2022-07-18 18:33:17,632 INFO: Epoch: 451 | PSNR: 30.0907 | Loss: 5.5407 | lr: 1.25e-04 | Best_PSNR: 30.0912 in Epoch [450]
2022-07-18 18:34:17,853 INFO: Epoch: 452 | PSNR: 30.0908 | Loss: 5.4936 | lr: 1.25e-04 | Best_PSNR: 30.0912 in Epoch [450]
2022-07-18 18:35:23,169 INFO: Epoch: 453 | PSNR: 30.0911 | Loss: 5.5141 | lr: 1.25e-04 | Best_PSNR: 30.0912 in Epoch [450]
2022-07-18 18:36:30,733 INFO: Epoch: 454 | PSNR: 30.0913 | Loss: 5.5284 | lr: 1.25e-04 | Best_PSNR: 30.0913 in Epoch [454]
2022-07-18 18:37:33,283 INFO: Epoch: 455 | PSNR: 30.0903 | Loss: 5.5339 | lr: 1.25e-04 | Best_PSNR: 30.0913 in Epoch [454]
2022-07-18 18:38:39,426 INFO: Epoch: 456 | PSNR: 30.0908 | Loss: 5.5311 | lr: 1.25e-04 | Best_PSNR: 30.0913 in Epoch [454]
2022-07-18 18:39:52,696 INFO: Epoch: 457 | PSNR: 30.0907 | Loss: 5.4912 | lr: 1.25e-04 | Best_PSNR: 30.0913 in Epoch [454]
2022-07-18 18:41:07,812 INFO: Epoch: 458 | PSNR: 30.0907 | Loss: 5.5431 | lr: 1.25e-04 | Best_PSNR: 30.0913 in Epoch [454]
2022-07-18 18:42:19,471 INFO: Epoch: 459 | PSNR: 30.0909 | Loss: 5.5290 | lr: 1.25e-04 | Best_PSNR: 30.0913 in Epoch [454]
2022-07-18 18:43:31,208 INFO: Epoch: 460 | PSNR: 30.0910 | Loss: 5.5239 | lr: 1.25e-04 | Best_PSNR: 30.0913 in Epoch [454]
2022-07-18 18:44:38,940 INFO: Epoch: 461 | PSNR: 30.0916 | Loss: 5.5283 | lr: 1.25e-04 | Best_PSNR: 30.0916 in Epoch [461]
2022-07-18 18:45:46,488 INFO: Epoch: 462 | PSNR: 30.0916 | Loss: 5.5548 | lr: 1.25e-04 | Best_PSNR: 30.0916 in Epoch [462]
2022-07-18 18:46:58,962 INFO: Epoch: 463 | PSNR: 30.0918 | Loss: 5.5203 | lr: 1.25e-04 | Best_PSNR: 30.0918 in Epoch [463]
2022-07-18 18:48:09,455 INFO: Epoch: 464 | PSNR: 30.0917 | Loss: 5.5379 | lr: 1.25e-04 | Best_PSNR: 30.0918 in Epoch [463]
2022-07-18 18:49:24,600 INFO: Epoch: 465 | PSNR: 30.0911 | Loss: 5.5555 | lr: 1.25e-04 | Best_PSNR: 30.0918 in Epoch [463]
2022-07-18 18:50:36,033 INFO: Epoch: 466 | PSNR: 30.0909 | Loss: 5.5065 | lr: 1.25e-04 | Best_PSNR: 30.0918 in Epoch [463]
2022-07-18 18:51:42,004 INFO: Epoch: 467 | PSNR: 30.0914 | Loss: 5.5438 | lr: 1.25e-04 | Best_PSNR: 30.0918 in Epoch [463]
2022-07-18 18:52:49,946 INFO: Epoch: 468 | PSNR: 30.0914 | Loss: 5.5630 | lr: 1.25e-04 | Best_PSNR: 30.0918 in Epoch [463]
2022-07-18 18:53:44,467 INFO: Epoch: 469 | PSNR: 30.0912 | Loss: 5.5275 | lr: 1.25e-04 | Best_PSNR: 30.0918 in Epoch [463]
2022-07-18 18:54:42,121 INFO: Epoch: 470 | PSNR: 30.0914 | Loss: 5.5363 | lr: 1.25e-04 | Best_PSNR: 30.0918 in Epoch [463]
2022-07-18 18:55:46,179 INFO: Epoch: 471 | PSNR: 30.0916 | Loss: 5.5654 | lr: 1.25e-04 | Best_PSNR: 30.0918 in Epoch [463]
2022-07-18 18:56:57,206 INFO: Epoch: 472 | PSNR: 30.0913 | Loss: 5.5703 | lr: 1.25e-04 | Best_PSNR: 30.0918 in Epoch [463]
2022-07-18 18:58:04,507 INFO: Epoch: 473 | PSNR: 30.0905 | Loss: 5.5704 | lr: 1.25e-04 | Best_PSNR: 30.0918 in Epoch [463]
2022-07-18 18:59:14,557 INFO: Epoch: 474 | PSNR: 30.0902 | Loss: 5.5922 | lr: 1.25e-04 | Best_PSNR: 30.0918 in Epoch [463]
2022-07-18 19:00:14,649 INFO: Epoch: 475 | PSNR: 30.0907 | Loss: 5.5334 | lr: 1.25e-04 | Best_PSNR: 30.0918 in Epoch [463]
2022-07-18 19:01:09,250 INFO: Epoch: 476 | PSNR: 30.0913 | Loss: 5.5165 | lr: 1.25e-04 | Best_PSNR: 30.0918 in Epoch [463]
2022-07-18 19:02:14,629 INFO: Epoch: 477 | PSNR: 30.0910 | Loss: 5.5506 | lr: 1.25e-04 | Best_PSNR: 30.0918 in Epoch [463]
2022-07-18 19:03:23,975 INFO: Epoch: 478 | PSNR: 30.0912 | Loss: 5.5393 | lr: 1.25e-04 | Best_PSNR: 30.0918 in Epoch [463]
2022-07-18 19:04:28,314 INFO: Epoch: 479 | PSNR: 30.0916 | Loss: 5.4899 | lr: 1.25e-04 | Best_PSNR: 30.0918 in Epoch [463]
2022-07-18 19:05:17,930 INFO: Epoch: 480 | PSNR: 30.0913 | Loss: 5.5330 | lr: 1.25e-04 | Best_PSNR: 30.0918 in Epoch [463]
2022-07-18 19:06:03,536 INFO: Epoch: 481 | PSNR: 30.0918 | Loss: 5.5767 | lr: 6.25e-05 | Best_PSNR: 30.0918 in Epoch [463]
2022-07-18 19:06:51,739 INFO: Epoch: 482 | PSNR: 30.0917 | Loss: 5.5115 | lr: 6.25e-05 | Best_PSNR: 30.0918 in Epoch [463]
2022-07-18 19:07:38,922 INFO: Epoch: 483 | PSNR: 30.0918 | Loss: 5.4903 | lr: 6.25e-05 | Best_PSNR: 30.0918 in Epoch [483]
2022-07-18 19:08:23,338 INFO: Epoch: 484 | PSNR: 30.0919 | Loss: 5.5653 | lr: 6.25e-05 | Best_PSNR: 30.0919 in Epoch [484]
2022-07-18 19:09:11,824 INFO: Epoch: 485 | PSNR: 30.0920 | Loss: 5.5535 | lr: 6.25e-05 | Best_PSNR: 30.0920 in Epoch [485]
2022-07-18 19:10:10,836 INFO: Epoch: 486 | PSNR: 30.0921 | Loss: 5.5340 | lr: 6.25e-05 | Best_PSNR: 30.0921 in Epoch [486]
2022-07-18 19:11:15,659 INFO: Epoch: 487 | PSNR: 30.0926 | Loss: 5.5661 | lr: 6.25e-05 | Best_PSNR: 30.0926 in Epoch [487]
2022-07-18 19:12:19,804 INFO: Epoch: 488 | PSNR: 30.0926 | Loss: 5.5258 | lr: 6.25e-05 | Best_PSNR: 30.0926 in Epoch [488]
2022-07-18 19:13:29,818 INFO: Epoch: 489 | PSNR: 30.0928 | Loss: 5.5932 | lr: 6.25e-05 | Best_PSNR: 30.0928 in Epoch [489]
2022-07-18 19:14:35,312 INFO: Epoch: 490 | PSNR: 30.0926 | Loss: 5.5383 | lr: 6.25e-05 | Best_PSNR: 30.0928 in Epoch [489]
2022-07-18 19:15:40,606 INFO: Epoch: 491 | PSNR: 30.0928 | Loss: 5.5172 | lr: 6.25e-05 | Best_PSNR: 30.0928 in Epoch [491]
2022-07-18 19:16:46,557 INFO: Epoch: 492 | PSNR: 30.0926 | Loss: 5.5244 | lr: 6.25e-05 | Best_PSNR: 30.0928 in Epoch [491]
2022-07-18 19:17:54,485 INFO: Epoch: 493 | PSNR: 30.0923 | Loss: 5.5294 | lr: 6.25e-05 | Best_PSNR: 30.0928 in Epoch [491]
2022-07-18 19:19:00,596 INFO: Epoch: 494 | PSNR: 30.0928 | Loss: 5.5072 | lr: 6.25e-05 | Best_PSNR: 30.0928 in Epoch [494]
2022-07-18 19:20:10,735 INFO: Epoch: 495 | PSNR: 30.0926 | Loss: 5.5452 | lr: 6.25e-05 | Best_PSNR: 30.0928 in Epoch [494]
2022-07-18 19:21:16,678 INFO: Epoch: 496 | PSNR: 30.0923 | Loss: 5.5507 | lr: 6.25e-05 | Best_PSNR: 30.0928 in Epoch [494]
2022-07-18 19:22:14,258 INFO: Epoch: 497 | PSNR: 30.0929 | Loss: 5.5206 | lr: 6.25e-05 | Best_PSNR: 30.0929 in Epoch [497]
2022-07-18 19:23:17,816 INFO: Epoch: 498 | PSNR: 30.0930 | Loss: 5.4912 | lr: 6.25e-05 | Best_PSNR: 30.0930 in Epoch [498]
2022-07-18 19:24:18,978 INFO: Epoch: 499 | PSNR: 30.0928 | Loss: 5.5494 | lr: 6.25e-05 | Best_PSNR: 30.0930 in Epoch [498]
2022-07-18 19:25:13,917 INFO: Epoch: 500 | PSNR: 30.0931 | Loss: 5.5197 | lr: 6.25e-05 | Best_PSNR: 30.0931 in Epoch [500]
2022-07-18 19:26:12,676 INFO: Epoch: 501 | PSNR: 30.0924 | Loss: 5.5576 | lr: 6.25e-05 | Best_PSNR: 30.0931 in Epoch [500]
2022-07-18 19:27:21,201 INFO: Epoch: 502 | PSNR: 30.0925 | Loss: 5.5467 | lr: 6.25e-05 | Best_PSNR: 30.0931 in Epoch [500]
2022-07-18 19:28:31,354 INFO: Epoch: 503 | PSNR: 30.0922 | Loss: 5.5517 | lr: 6.25e-05 | Best_PSNR: 30.0931 in Epoch [500]
2022-07-18 19:29:39,059 INFO: Epoch: 504 | PSNR: 30.0919 | Loss: 5.5088 | lr: 6.25e-05 | Best_PSNR: 30.0931 in Epoch [500]
2022-07-18 19:30:46,507 INFO: Epoch: 505 | PSNR: 30.0917 | Loss: 5.5529 | lr: 6.25e-05 | Best_PSNR: 30.0931 in Epoch [500]
2022-07-18 19:31:52,775 INFO: Epoch: 506 | PSNR: 30.0912 | Loss: 5.5324 | lr: 6.25e-05 | Best_PSNR: 30.0931 in Epoch [500]
2022-07-18 19:32:58,955 INFO: Epoch: 507 | PSNR: 30.0920 | Loss: 5.5533 | lr: 6.25e-05 | Best_PSNR: 30.0931 in Epoch [500]
2022-07-18 19:34:01,984 INFO: Epoch: 508 | PSNR: 30.0920 | Loss: 5.4971 | lr: 6.25e-05 | Best_PSNR: 30.0931 in Epoch [500]
2022-07-18 19:35:03,160 INFO: Epoch: 509 | PSNR: 30.0921 | Loss: 5.5289 | lr: 6.25e-05 | Best_PSNR: 30.0931 in Epoch [500]
2022-07-18 19:36:06,932 INFO: Epoch: 510 | PSNR: 30.0924 | Loss: 5.5250 | lr: 6.25e-05 | Best_PSNR: 30.0931 in Epoch [500]
2022-07-18 19:37:08,703 INFO: Epoch: 511 | PSNR: 30.0926 | Loss: 5.5247 | lr: 6.25e-05 | Best_PSNR: 30.0931 in Epoch [500]
2022-07-18 19:38:11,669 INFO: Epoch: 512 | PSNR: 30.0927 | Loss: 5.5003 | lr: 6.25e-05 | Best_PSNR: 30.0931 in Epoch [500]
2022-07-18 19:39:20,299 INFO: Epoch: 513 | PSNR: 30.0925 | Loss: 5.5306 | lr: 6.25e-05 | Best_PSNR: 30.0931 in Epoch [500]
2022-07-18 19:40:21,367 INFO: Epoch: 514 | PSNR: 30.0927 | Loss: 5.5261 | lr: 6.25e-05 | Best_PSNR: 30.0931 in Epoch [500]
2022-07-18 19:41:24,197 INFO: Epoch: 515 | PSNR: 30.0925 | Loss: 5.5183 | lr: 6.25e-05 | Best_PSNR: 30.0931 in Epoch [500]
2022-07-18 19:42:31,232 INFO: Epoch: 516 | PSNR: 30.0923 | Loss: 5.5267 | lr: 6.25e-05 | Best_PSNR: 30.0931 in Epoch [500]
2022-07-18 19:43:39,202 INFO: Epoch: 517 | PSNR: 30.0923 | Loss: 5.5279 | lr: 6.25e-05 | Best_PSNR: 30.0931 in Epoch [500]
2022-07-18 19:44:51,203 INFO: Epoch: 518 | PSNR: 30.0927 | Loss: 5.4920 | lr: 6.25e-05 | Best_PSNR: 30.0931 in Epoch [500]
2022-07-18 19:46:01,715 INFO: Epoch: 519 | PSNR: 30.0929 | Loss: 5.5437 | lr: 6.25e-05 | Best_PSNR: 30.0931 in Epoch [500]
2022-07-18 19:47:09,082 INFO: Epoch: 520 | PSNR: 30.0927 | Loss: 5.5093 | lr: 6.25e-05 | Best_PSNR: 30.0931 in Epoch [500]
2022-07-18 19:48:21,120 INFO: Epoch: 521 | PSNR: 30.0930 | Loss: 5.5204 | lr: 6.25e-05 | Best_PSNR: 30.0931 in Epoch [500]
2022-07-18 19:49:31,629 INFO: Epoch: 522 | PSNR: 30.0933 | Loss: 5.5787 | lr: 6.25e-05 | Best_PSNR: 30.0933 in Epoch [522]
2022-07-18 19:50:44,108 INFO: Epoch: 523 | PSNR: 30.0928 | Loss: 5.5194 | lr: 6.25e-05 | Best_PSNR: 30.0933 in Epoch [522]
2022-07-18 19:51:55,311 INFO: Epoch: 524 | PSNR: 30.0930 | Loss: 5.5724 | lr: 6.25e-05 | Best_PSNR: 30.0933 in Epoch [522]
2022-07-18 19:53:03,104 INFO: Epoch: 525 | PSNR: 30.0934 | Loss: 5.5248 | lr: 6.25e-05 | Best_PSNR: 30.0934 in Epoch [525]
2022-07-18 19:54:11,630 INFO: Epoch: 526 | PSNR: 30.0935 | Loss: 5.5520 | lr: 6.25e-05 | Best_PSNR: 30.0935 in Epoch [526]
2022-07-18 19:55:10,649 INFO: Epoch: 527 | PSNR: 30.0934 | Loss: 5.5201 | lr: 6.25e-05 | Best_PSNR: 30.0935 in Epoch [526]
2022-07-18 19:56:10,829 INFO: Epoch: 528 | PSNR: 30.0933 | Loss: 5.5397 | lr: 6.25e-05 | Best_PSNR: 30.0935 in Epoch [526]
2022-07-18 19:57:17,187 INFO: Epoch: 529 | PSNR: 30.0931 | Loss: 5.5764 | lr: 6.25e-05 | Best_PSNR: 30.0935 in Epoch [526]
2022-07-18 19:58:17,692 INFO: Epoch: 530 | PSNR: 30.0933 | Loss: 5.5111 | lr: 6.25e-05 | Best_PSNR: 30.0935 in Epoch [526]
2022-07-18 19:59:27,542 INFO: Epoch: 531 | PSNR: 30.0929 | Loss: 5.5292 | lr: 6.25e-05 | Best_PSNR: 30.0935 in Epoch [526]
2022-07-18 20:00:37,200 INFO: Epoch: 532 | PSNR: 30.0932 | Loss: 5.5189 | lr: 6.25e-05 | Best_PSNR: 30.0935 in Epoch [526]
2022-07-18 20:01:46,244 INFO: Epoch: 533 | PSNR: 30.0934 | Loss: 5.4960 | lr: 6.25e-05 | Best_PSNR: 30.0935 in Epoch [526]
2022-07-18 20:02:58,119 INFO: Epoch: 534 | PSNR: 30.0937 | Loss: 5.5588 | lr: 6.25e-05 | Best_PSNR: 30.0937 in Epoch [534]
2022-07-18 20:04:05,928 INFO: Epoch: 535 | PSNR: 30.0932 | Loss: 5.5545 | lr: 6.25e-05 | Best_PSNR: 30.0937 in Epoch [534]
2022-07-18 20:05:18,878 INFO: Epoch: 536 | PSNR: 30.0927 | Loss: 5.5525 | lr: 6.25e-05 | Best_PSNR: 30.0937 in Epoch [534]
2022-07-18 20:06:30,520 INFO: Epoch: 537 | PSNR: 30.0930 | Loss: 5.5355 | lr: 6.25e-05 | Best_PSNR: 30.0937 in Epoch [534]
2022-07-18 20:07:39,321 INFO: Epoch: 538 | PSNR: 30.0929 | Loss: 5.4901 | lr: 6.25e-05 | Best_PSNR: 30.0937 in Epoch [534]
2022-07-18 20:08:43,019 INFO: Epoch: 539 | PSNR: 30.0928 | Loss: 5.5927 | lr: 6.25e-05 | Best_PSNR: 30.0937 in Epoch [534]
2022-07-18 20:09:50,525 INFO: Epoch: 540 | PSNR: 30.0927 | Loss: 5.5804 | lr: 6.25e-05 | Best_PSNR: 30.0937 in Epoch [534]
2022-07-18 20:10:56,932 INFO: Epoch: 541 | PSNR: 30.0927 | Loss: 5.5217 | lr: 6.25e-05 | Best_PSNR: 30.0937 in Epoch [534]
2022-07-18 20:12:00,778 INFO: Epoch: 542 | PSNR: 30.0923 | Loss: 5.5281 | lr: 6.25e-05 | Best_PSNR: 30.0937 in Epoch [534]
2022-07-18 20:13:05,657 INFO: Epoch: 543 | PSNR: 30.0924 | Loss: 5.5243 | lr: 6.25e-05 | Best_PSNR: 30.0937 in Epoch [534]
2022-07-18 20:14:12,141 INFO: Epoch: 544 | PSNR: 30.0927 | Loss: 5.4916 | lr: 6.25e-05 | Best_PSNR: 30.0937 in Epoch [534]
2022-07-18 20:15:26,822 INFO: Epoch: 545 | PSNR: 30.0924 | Loss: 5.5606 | lr: 6.25e-05 | Best_PSNR: 30.0937 in Epoch [534]
2022-07-18 20:16:37,182 INFO: Epoch: 546 | PSNR: 30.0922 | Loss: 5.4945 | lr: 6.25e-05 | Best_PSNR: 30.0937 in Epoch [534]
2022-07-18 20:17:43,714 INFO: Epoch: 547 | PSNR: 30.0923 | Loss: 5.5500 | lr: 6.25e-05 | Best_PSNR: 30.0937 in Epoch [534]
2022-07-18 20:18:43,744 INFO: Epoch: 548 | PSNR: 30.0922 | Loss: 5.5302 | lr: 6.25e-05 | Best_PSNR: 30.0937 in Epoch [534]
2022-07-18 20:19:41,031 INFO: Epoch: 549 | PSNR: 30.0924 | Loss: 5.5522 | lr: 6.25e-05 | Best_PSNR: 30.0937 in Epoch [534]
2022-07-18 20:20:40,668 INFO: Epoch: 550 | PSNR: 30.0923 | Loss: 5.5532 | lr: 6.25e-05 | Best_PSNR: 30.0937 in Epoch [534]
2022-07-18 20:21:43,334 INFO: Epoch: 551 | PSNR: 30.0929 | Loss: 5.5500 | lr: 6.25e-05 | Best_PSNR: 30.0937 in Epoch [534]
2022-07-18 20:22:51,508 INFO: Epoch: 552 | PSNR: 30.0932 | Loss: 5.4732 | lr: 6.25e-05 | Best_PSNR: 30.0937 in Epoch [534]
2022-07-18 20:23:57,840 INFO: Epoch: 553 | PSNR: 30.0934 | Loss: 5.5508 | lr: 6.25e-05 | Best_PSNR: 30.0937 in Epoch [534]
2022-07-18 20:25:01,585 INFO: Epoch: 554 | PSNR: 30.0937 | Loss: 5.5838 | lr: 6.25e-05 | Best_PSNR: 30.0937 in Epoch [534]
2022-07-18 20:26:03,824 INFO: Epoch: 555 | PSNR: 30.0931 | Loss: 5.5307 | lr: 6.25e-05 | Best_PSNR: 30.0937 in Epoch [534]
2022-07-18 20:27:10,479 INFO: Epoch: 556 | PSNR: 30.0931 | Loss: 5.5315 | lr: 6.25e-05 | Best_PSNR: 30.0937 in Epoch [534]
2022-07-18 20:28:18,004 INFO: Epoch: 557 | PSNR: 30.0927 | Loss: 5.5039 | lr: 6.25e-05 | Best_PSNR: 30.0937 in Epoch [534]
2022-07-18 20:29:27,587 INFO: Epoch: 558 | PSNR: 30.0928 | Loss: 5.5540 | lr: 6.25e-05 | Best_PSNR: 30.0937 in Epoch [534]
2022-07-18 20:30:32,217 INFO: Epoch: 559 | PSNR: 30.0930 | Loss: 5.5353 | lr: 6.25e-05 | Best_PSNR: 30.0937 in Epoch [534]
2022-07-18 20:31:38,089 INFO: Epoch: 560 | PSNR: 30.0935 | Loss: 5.5840 | lr: 6.25e-05 | Best_PSNR: 30.0937 in Epoch [534]
2022-07-18 20:32:45,848 INFO: Epoch: 561 | PSNR: 30.0937 | Loss: 5.4679 | lr: 6.25e-05 | Best_PSNR: 30.0937 in Epoch [534]
2022-07-18 20:33:55,358 INFO: Epoch: 562 | PSNR: 30.0934 | Loss: 5.5797 | lr: 6.25e-05 | Best_PSNR: 30.0937 in Epoch [534]
2022-07-18 20:35:08,849 INFO: Epoch: 563 | PSNR: 30.0933 | Loss: 5.5070 | lr: 6.25e-05 | Best_PSNR: 30.0937 in Epoch [534]
2022-07-18 20:36:15,751 INFO: Epoch: 564 | PSNR: 30.0935 | Loss: 5.5198 | lr: 6.25e-05 | Best_PSNR: 30.0937 in Epoch [534]
2022-07-18 20:37:23,199 INFO: Epoch: 565 | PSNR: 30.0936 | Loss: 5.5101 | lr: 6.25e-05 | Best_PSNR: 30.0937 in Epoch [534]
2022-07-18 20:38:25,818 INFO: Epoch: 566 | PSNR: 30.0939 | Loss: 5.5203 | lr: 6.25e-05 | Best_PSNR: 30.0939 in Epoch [566]
2022-07-18 20:39:25,941 INFO: Epoch: 567 | PSNR: 30.0935 | Loss: 5.5629 | lr: 6.25e-05 | Best_PSNR: 30.0939 in Epoch [566]
2022-07-18 20:40:38,899 INFO: Epoch: 568 | PSNR: 30.0933 | Loss: 5.5410 | lr: 6.25e-05 | Best_PSNR: 30.0939 in Epoch [566]
2022-07-18 20:41:45,412 INFO: Epoch: 569 | PSNR: 30.0933 | Loss: 5.5741 | lr: 6.25e-05 | Best_PSNR: 30.0939 in Epoch [566]
2022-07-18 20:43:01,581 INFO: Epoch: 570 | PSNR: 30.0929 | Loss: 5.5378 | lr: 6.25e-05 | Best_PSNR: 30.0939 in Epoch [566]
2022-07-18 20:44:13,990 INFO: Epoch: 571 | PSNR: 30.0930 | Loss: 5.4885 | lr: 6.25e-05 | Best_PSNR: 30.0939 in Epoch [566]
2022-07-18 20:45:25,791 INFO: Epoch: 572 | PSNR: 30.0935 | Loss: 5.5208 | lr: 6.25e-05 | Best_PSNR: 30.0939 in Epoch [566]
2022-07-18 20:46:32,503 INFO: Epoch: 573 | PSNR: 30.0932 | Loss: 5.5122 | lr: 6.25e-05 | Best_PSNR: 30.0939 in Epoch [566]
2022-07-18 20:47:38,411 INFO: Epoch: 574 | PSNR: 30.0929 | Loss: 5.5220 | lr: 6.25e-05 | Best_PSNR: 30.0939 in Epoch [566]
2022-07-18 20:48:43,433 INFO: Epoch: 575 | PSNR: 30.0935 | Loss: 5.5231 | lr: 6.25e-05 | Best_PSNR: 30.0939 in Epoch [566]
2022-07-18 20:49:51,876 INFO: Epoch: 576 | PSNR: 30.0935 | Loss: 5.4985 | lr: 6.25e-05 | Best_PSNR: 30.0939 in Epoch [566]
2022-07-18 20:50:59,646 INFO: Epoch: 577 | PSNR: 30.0933 | Loss: 5.5214 | lr: 6.25e-05 | Best_PSNR: 30.0939 in Epoch [566]
2022-07-18 20:52:06,183 INFO: Epoch: 578 | PSNR: 30.0937 | Loss: 5.4941 | lr: 6.25e-05 | Best_PSNR: 30.0939 in Epoch [566]
2022-07-18 20:53:15,820 INFO: Epoch: 579 | PSNR: 30.0935 | Loss: 5.5180 | lr: 6.25e-05 | Best_PSNR: 30.0939 in Epoch [566]
2022-07-18 20:54:23,094 INFO: Epoch: 580 | PSNR: 30.0936 | Loss: 5.4989 | lr: 6.25e-05 | Best_PSNR: 30.0939 in Epoch [566]
2022-07-18 20:55:41,352 INFO: Epoch: 581 | PSNR: 30.0937 | Loss: 5.5178 | lr: 6.25e-05 | Best_PSNR: 30.0939 in Epoch [566]
2022-07-18 20:56:50,288 INFO: Epoch: 582 | PSNR: 30.0929 | Loss: 5.5445 | lr: 6.25e-05 | Best_PSNR: 30.0939 in Epoch [566]
2022-07-18 20:58:05,490 INFO: Epoch: 583 | PSNR: 30.0936 | Loss: 5.5532 | lr: 6.25e-05 | Best_PSNR: 30.0939 in Epoch [566]
2022-07-18 20:59:12,056 INFO: Epoch: 584 | PSNR: 30.0938 | Loss: 5.5128 | lr: 6.25e-05 | Best_PSNR: 30.0939 in Epoch [566]
2022-07-18 21:00:19,485 INFO: Epoch: 585 | PSNR: 30.0939 | Loss: 5.5633 | lr: 6.25e-05 | Best_PSNR: 30.0939 in Epoch [585]
2022-07-18 21:01:46,247 INFO: Epoch: 586 | PSNR: 30.0938 | Loss: 5.5313 | lr: 6.25e-05 | Best_PSNR: 30.0939 in Epoch [585]
2022-07-18 21:03:11,301 INFO: Epoch: 587 | PSNR: 30.0933 | Loss: 5.5662 | lr: 6.25e-05 | Best_PSNR: 30.0939 in Epoch [585]
2022-07-18 21:04:36,027 INFO: Epoch: 588 | PSNR: 30.0932 | Loss: 5.5091 | lr: 6.25e-05 | Best_PSNR: 30.0939 in Epoch [585]
2022-07-18 21:06:01,335 INFO: Epoch: 589 | PSNR: 30.0935 | Loss: 5.5295 | lr: 6.25e-05 | Best_PSNR: 30.0939 in Epoch [585]
2022-07-18 21:07:11,591 INFO: Epoch: 590 | PSNR: 30.0931 | Loss: 5.5033 | lr: 6.25e-05 | Best_PSNR: 30.0939 in Epoch [585]
2022-07-18 21:08:15,528 INFO: Epoch: 591 | PSNR: 30.0931 | Loss: 5.5566 | lr: 6.25e-05 | Best_PSNR: 30.0939 in Epoch [585]
2022-07-18 21:09:23,335 INFO: Epoch: 592 | PSNR: 30.0934 | Loss: 5.5289 | lr: 6.25e-05 | Best_PSNR: 30.0939 in Epoch [585]
2022-07-18 21:10:30,244 INFO: Epoch: 593 | PSNR: 30.0938 | Loss: 5.5016 | lr: 6.25e-05 | Best_PSNR: 30.0939 in Epoch [585]
2022-07-18 21:11:49,489 INFO: Epoch: 594 | PSNR: 30.0939 | Loss: 5.5577 | lr: 6.25e-05 | Best_PSNR: 30.0939 in Epoch [594]
2022-07-18 21:12:57,312 INFO: Epoch: 595 | PSNR: 30.0940 | Loss: 5.5393 | lr: 6.25e-05 | Best_PSNR: 30.0940 in Epoch [595]
2022-07-18 21:14:03,304 INFO: Epoch: 596 | PSNR: 30.0941 | Loss: 5.4905 | lr: 6.25e-05 | Best_PSNR: 30.0941 in Epoch [596]
2022-07-18 21:15:05,935 INFO: Epoch: 597 | PSNR: 30.0940 | Loss: 5.5455 | lr: 6.25e-05 | Best_PSNR: 30.0941 in Epoch [596]
2022-07-18 21:16:20,859 INFO: Epoch: 598 | PSNR: 30.0941 | Loss: 5.5511 | lr: 6.25e-05 | Best_PSNR: 30.0941 in Epoch [598]
2022-07-18 21:17:27,528 INFO: Epoch: 599 | PSNR: 30.0938 | Loss: 5.5556 | lr: 6.25e-05 | Best_PSNR: 30.0941 in Epoch [598]
2022-07-18 21:18:31,347 INFO: Epoch: 600 | PSNR: 30.0931 | Loss: 5.5302 | lr: 6.25e-05 | Best_PSNR: 30.0941 in Epoch [598]
