2022-07-07 19:52:59,195 INFO: Create train dataset successfully!
2022-07-07 19:52:59,195 INFO: Training: [1000] iterations for each epoch
2022-07-07 19:52:59,195 INFO: Create val dataset successfully!
2022-07-07 19:52:59,195 INFO: Validating: [100] iterations for each epoch
2022-07-07 19:52:59,195 INFO: Preparing for experiment: [trial2]
2022-07-07 19:53:00,210 INFO: Create model successfully! Params: [29.31]K
2022-07-07 19:53:00,211 INFO: Start training...
2022-07-07 19:53:55,438 INFO: Epoch: 1 | PSNR: 29.1216 | Loss: 6.6041 | lr: 1.00e-03 | Best_PSNR: 29.1216 in Epoch [1]
2022-07-07 19:54:35,461 INFO: Epoch: 2 | PSNR: 29.2964 | Loss: 6.0271 | lr: 1.00e-03 | Best_PSNR: 29.2964 in Epoch [2]
2022-07-07 19:55:12,483 INFO: Epoch: 3 | PSNR: 29.4745 | Loss: 5.9740 | lr: 1.00e-03 | Best_PSNR: 29.4745 in Epoch [3]
2022-07-07 19:55:49,168 INFO: Epoch: 4 | PSNR: 29.5901 | Loss: 5.8940 | lr: 1.00e-03 | Best_PSNR: 29.5901 in Epoch [4]
2022-07-07 19:56:26,213 INFO: Epoch: 5 | PSNR: 29.6597 | Loss: 5.8388 | lr: 1.00e-03 | Best_PSNR: 29.6597 in Epoch [5]
2022-07-07 19:57:03,136 INFO: Epoch: 6 | PSNR: 29.7032 | Loss: 5.7592 | lr: 1.00e-03 | Best_PSNR: 29.7032 in Epoch [6]
2022-07-07 19:57:39,539 INFO: Epoch: 7 | PSNR: 29.7004 | Loss: 5.7125 | lr: 1.00e-03 | Best_PSNR: 29.7032 in Epoch [6]
2022-07-07 19:58:16,195 INFO: Epoch: 8 | PSNR: 29.7075 | Loss: 5.7145 | lr: 1.00e-03 | Best_PSNR: 29.7075 in Epoch [8]
2022-07-07 19:58:53,132 INFO: Epoch: 9 | PSNR: 29.7432 | Loss: 5.7398 | lr: 1.00e-03 | Best_PSNR: 29.7432 in Epoch [9]
2022-07-07 19:59:29,810 INFO: Epoch: 10 | PSNR: 29.7826 | Loss: 5.7166 | lr: 1.00e-03 | Best_PSNR: 29.7826 in Epoch [10]
2022-07-07 20:00:06,941 INFO: Epoch: 11 | PSNR: 29.7842 | Loss: 5.7159 | lr: 1.00e-03 | Best_PSNR: 29.7842 in Epoch [11]
2022-07-07 20:00:43,890 INFO: Epoch: 12 | PSNR: 29.7932 | Loss: 5.7023 | lr: 1.00e-03 | Best_PSNR: 29.7932 in Epoch [12]
2022-07-07 20:01:20,599 INFO: Epoch: 13 | PSNR: 29.8007 | Loss: 5.6567 | lr: 1.00e-03 | Best_PSNR: 29.8007 in Epoch [13]
2022-07-07 20:01:56,873 INFO: Epoch: 14 | PSNR: 29.7943 | Loss: 5.6973 | lr: 1.00e-03 | Best_PSNR: 29.8007 in Epoch [13]
2022-07-07 20:02:33,599 INFO: Epoch: 15 | PSNR: 29.8270 | Loss: 5.6687 | lr: 1.00e-03 | Best_PSNR: 29.8270 in Epoch [15]
2022-07-07 20:03:10,931 INFO: Epoch: 16 | PSNR: 29.8351 | Loss: 5.6688 | lr: 1.00e-03 | Best_PSNR: 29.8351 in Epoch [16]
2022-07-07 20:03:47,258 INFO: Epoch: 17 | PSNR: 29.7671 | Loss: 5.6576 | lr: 1.00e-03 | Best_PSNR: 29.8351 in Epoch [16]
2022-07-07 20:04:24,079 INFO: Epoch: 18 | PSNR: 29.8598 | Loss: 5.7092 | lr: 1.00e-03 | Best_PSNR: 29.8598 in Epoch [18]
2022-07-07 20:05:00,937 INFO: Epoch: 19 | PSNR: 29.8455 | Loss: 5.6737 | lr: 1.00e-03 | Best_PSNR: 29.8598 in Epoch [18]
2022-07-07 20:05:38,109 INFO: Epoch: 20 | PSNR: 29.8660 | Loss: 5.6722 | lr: 1.00e-03 | Best_PSNR: 29.8660 in Epoch [20]
2022-07-07 20:06:15,345 INFO: Epoch: 21 | PSNR: 29.8829 | Loss: 5.6224 | lr: 1.00e-03 | Best_PSNR: 29.8829 in Epoch [21]
2022-07-07 20:06:52,338 INFO: Epoch: 22 | PSNR: 29.8580 | Loss: 5.6166 | lr: 1.00e-03 | Best_PSNR: 29.8829 in Epoch [21]
2022-07-07 20:07:29,349 INFO: Epoch: 23 | PSNR: 29.9146 | Loss: 5.6416 | lr: 1.00e-03 | Best_PSNR: 29.9146 in Epoch [23]
2022-07-07 20:08:05,609 INFO: Epoch: 24 | PSNR: 29.9080 | Loss: 5.6512 | lr: 1.00e-03 | Best_PSNR: 29.9146 in Epoch [23]
2022-07-07 20:08:42,686 INFO: Epoch: 25 | PSNR: 29.9171 | Loss: 5.5967 | lr: 1.00e-03 | Best_PSNR: 29.9171 in Epoch [25]
2022-07-07 20:09:19,256 INFO: Epoch: 26 | PSNR: 29.9051 | Loss: 5.6747 | lr: 1.00e-03 | Best_PSNR: 29.9171 in Epoch [25]
2022-07-07 20:09:55,767 INFO: Epoch: 27 | PSNR: 29.9118 | Loss: 5.6446 | lr: 1.00e-03 | Best_PSNR: 29.9171 in Epoch [25]
2022-07-07 20:10:32,639 INFO: Epoch: 28 | PSNR: 29.9281 | Loss: 5.6307 | lr: 1.00e-03 | Best_PSNR: 29.9281 in Epoch [28]
2022-07-07 20:11:10,119 INFO: Epoch: 29 | PSNR: 29.9363 | Loss: 5.6160 | lr: 1.00e-03 | Best_PSNR: 29.9363 in Epoch [29]
2022-07-07 20:11:46,882 INFO: Epoch: 30 | PSNR: 29.9454 | Loss: 5.6163 | lr: 1.00e-03 | Best_PSNR: 29.9454 in Epoch [30]
2022-07-07 20:12:23,068 INFO: Epoch: 31 | PSNR: 29.9101 | Loss: 5.6294 | lr: 1.00e-03 | Best_PSNR: 29.9454 in Epoch [30]
2022-07-07 20:12:59,300 INFO: Epoch: 32 | PSNR: 29.9369 | Loss: 5.6336 | lr: 1.00e-03 | Best_PSNR: 29.9454 in Epoch [30]
2022-07-07 20:13:35,882 INFO: Epoch: 33 | PSNR: 29.9121 | Loss: 5.5637 | lr: 1.00e-03 | Best_PSNR: 29.9454 in Epoch [30]
2022-07-07 20:14:12,031 INFO: Epoch: 34 | PSNR: 29.9440 | Loss: 5.6394 | lr: 1.00e-03 | Best_PSNR: 29.9454 in Epoch [30]
2022-07-07 20:14:48,377 INFO: Epoch: 35 | PSNR: 29.9521 | Loss: 5.6207 | lr: 1.00e-03 | Best_PSNR: 29.9521 in Epoch [35]
2022-07-07 20:15:24,594 INFO: Epoch: 36 | PSNR: 29.9485 | Loss: 5.6337 | lr: 1.00e-03 | Best_PSNR: 29.9521 in Epoch [35]
2022-07-07 20:16:01,393 INFO: Epoch: 37 | PSNR: 29.9638 | Loss: 5.5749 | lr: 1.00e-03 | Best_PSNR: 29.9638 in Epoch [37]
2022-07-07 20:16:37,977 INFO: Epoch: 38 | PSNR: 29.9552 | Loss: 5.5787 | lr: 1.00e-03 | Best_PSNR: 29.9638 in Epoch [37]
2022-07-07 20:17:16,730 INFO: Epoch: 39 | PSNR: 29.9420 | Loss: 5.6192 | lr: 1.00e-03 | Best_PSNR: 29.9638 in Epoch [37]
2022-07-07 20:17:53,497 INFO: Epoch: 40 | PSNR: 29.9551 | Loss: 5.6082 | lr: 1.00e-03 | Best_PSNR: 29.9638 in Epoch [37]
2022-07-07 20:18:29,986 INFO: Epoch: 41 | PSNR: 29.9598 | Loss: 5.6098 | lr: 1.00e-03 | Best_PSNR: 29.9638 in Epoch [37]
2022-07-07 20:19:06,728 INFO: Epoch: 42 | PSNR: 29.9566 | Loss: 5.5773 | lr: 1.00e-03 | Best_PSNR: 29.9638 in Epoch [37]
2022-07-07 20:19:43,281 INFO: Epoch: 43 | PSNR: 29.9523 | Loss: 5.5861 | lr: 1.00e-03 | Best_PSNR: 29.9638 in Epoch [37]
2022-07-07 20:20:20,203 INFO: Epoch: 44 | PSNR: 29.9529 | Loss: 5.6526 | lr: 1.00e-03 | Best_PSNR: 29.9638 in Epoch [37]
2022-07-07 20:20:57,770 INFO: Epoch: 45 | PSNR: 29.9662 | Loss: 5.6055 | lr: 1.00e-03 | Best_PSNR: 29.9662 in Epoch [45]
2022-07-07 20:21:35,232 INFO: Epoch: 46 | PSNR: 29.9711 | Loss: 5.6449 | lr: 1.00e-03 | Best_PSNR: 29.9711 in Epoch [46]
2022-07-07 20:22:12,690 INFO: Epoch: 47 | PSNR: 29.9761 | Loss: 5.6020 | lr: 1.00e-03 | Best_PSNR: 29.9761 in Epoch [47]
2022-07-07 20:22:49,785 INFO: Epoch: 48 | PSNR: 29.9768 | Loss: 5.6291 | lr: 1.00e-03 | Best_PSNR: 29.9768 in Epoch [48]
2022-07-07 20:23:27,114 INFO: Epoch: 49 | PSNR: 29.9774 | Loss: 5.5844 | lr: 1.00e-03 | Best_PSNR: 29.9774 in Epoch [49]
2022-07-07 20:24:03,922 INFO: Epoch: 50 | PSNR: 29.9706 | Loss: 5.6113 | lr: 1.00e-03 | Best_PSNR: 29.9774 in Epoch [49]
2022-07-07 20:24:40,820 INFO: Epoch: 51 | PSNR: 29.9536 | Loss: 5.5777 | lr: 1.00e-03 | Best_PSNR: 29.9774 in Epoch [49]
2022-07-07 20:25:17,588 INFO: Epoch: 52 | PSNR: 29.9572 | Loss: 5.5844 | lr: 1.00e-03 | Best_PSNR: 29.9774 in Epoch [49]
2022-07-07 20:25:54,207 INFO: Epoch: 53 | PSNR: 29.9853 | Loss: 5.5874 | lr: 1.00e-03 | Best_PSNR: 29.9853 in Epoch [53]
2022-07-07 20:26:31,034 INFO: Epoch: 54 | PSNR: 29.9818 | Loss: 5.5929 | lr: 1.00e-03 | Best_PSNR: 29.9853 in Epoch [53]
2022-07-07 20:27:08,019 INFO: Epoch: 55 | PSNR: 29.9746 | Loss: 5.6178 | lr: 1.00e-03 | Best_PSNR: 29.9853 in Epoch [53]
2022-07-07 20:27:44,402 INFO: Epoch: 56 | PSNR: 29.9783 | Loss: 5.5941 | lr: 1.00e-03 | Best_PSNR: 29.9853 in Epoch [53]
2022-07-07 20:28:20,633 INFO: Epoch: 57 | PSNR: 29.9558 | Loss: 5.5860 | lr: 1.00e-03 | Best_PSNR: 29.9853 in Epoch [53]
2022-07-07 20:28:57,068 INFO: Epoch: 58 | PSNR: 29.9723 | Loss: 5.5736 | lr: 1.00e-03 | Best_PSNR: 29.9853 in Epoch [53]
2022-07-07 20:29:33,697 INFO: Epoch: 59 | PSNR: 29.9735 | Loss: 5.5859 | lr: 1.00e-03 | Best_PSNR: 29.9853 in Epoch [53]
2022-07-07 20:30:10,860 INFO: Epoch: 60 | PSNR: 29.9882 | Loss: 5.6231 | lr: 1.00e-03 | Best_PSNR: 29.9882 in Epoch [60]
2022-07-07 20:30:48,028 INFO: Epoch: 61 | PSNR: 29.9886 | Loss: 5.6058 | lr: 1.00e-03 | Best_PSNR: 29.9886 in Epoch [61]
2022-07-07 20:31:24,749 INFO: Epoch: 62 | PSNR: 30.0059 | Loss: 5.5812 | lr: 1.00e-03 | Best_PSNR: 30.0059 in Epoch [62]
2022-07-07 20:32:00,745 INFO: Epoch: 63 | PSNR: 29.9862 | Loss: 5.5515 | lr: 1.00e-03 | Best_PSNR: 30.0059 in Epoch [62]
2022-07-07 20:32:36,902 INFO: Epoch: 64 | PSNR: 29.9712 | Loss: 5.6097 | lr: 1.00e-03 | Best_PSNR: 30.0059 in Epoch [62]
2022-07-07 20:33:13,073 INFO: Epoch: 65 | PSNR: 30.0028 | Loss: 5.5638 | lr: 1.00e-03 | Best_PSNR: 30.0059 in Epoch [62]
2022-07-07 20:33:49,033 INFO: Epoch: 66 | PSNR: 29.9809 | Loss: 5.5988 | lr: 1.00e-03 | Best_PSNR: 30.0059 in Epoch [62]
2022-07-07 20:34:24,966 INFO: Epoch: 67 | PSNR: 30.0007 | Loss: 5.5746 | lr: 1.00e-03 | Best_PSNR: 30.0059 in Epoch [62]
2022-07-07 20:35:01,075 INFO: Epoch: 68 | PSNR: 29.9718 | Loss: 5.5922 | lr: 1.00e-03 | Best_PSNR: 30.0059 in Epoch [62]
2022-07-07 20:35:37,404 INFO: Epoch: 69 | PSNR: 30.0017 | Loss: 5.5595 | lr: 1.00e-03 | Best_PSNR: 30.0059 in Epoch [62]
2022-07-07 20:36:13,649 INFO: Epoch: 70 | PSNR: 29.9702 | Loss: 5.5689 | lr: 1.00e-03 | Best_PSNR: 30.0059 in Epoch [62]
2022-07-07 20:36:49,805 INFO: Epoch: 71 | PSNR: 30.0044 | Loss: 5.5901 | lr: 1.00e-03 | Best_PSNR: 30.0059 in Epoch [62]
2022-07-07 20:37:26,224 INFO: Epoch: 72 | PSNR: 30.0008 | Loss: 5.5487 | lr: 1.00e-03 | Best_PSNR: 30.0059 in Epoch [62]
2022-07-07 20:38:02,300 INFO: Epoch: 73 | PSNR: 30.0038 | Loss: 5.5568 | lr: 1.00e-03 | Best_PSNR: 30.0059 in Epoch [62]
2022-07-07 20:38:38,913 INFO: Epoch: 74 | PSNR: 30.0061 | Loss: 5.6106 | lr: 1.00e-03 | Best_PSNR: 30.0061 in Epoch [74]
2022-07-07 20:39:15,377 INFO: Epoch: 75 | PSNR: 29.9602 | Loss: 5.5673 | lr: 1.00e-03 | Best_PSNR: 30.0061 in Epoch [74]
2022-07-07 20:39:51,656 INFO: Epoch: 76 | PSNR: 29.9920 | Loss: 5.5880 | lr: 1.00e-03 | Best_PSNR: 30.0061 in Epoch [74]
2022-07-07 20:40:27,781 INFO: Epoch: 77 | PSNR: 29.9847 | Loss: 5.5721 | lr: 1.00e-03 | Best_PSNR: 30.0061 in Epoch [74]
2022-07-07 20:41:04,201 INFO: Epoch: 78 | PSNR: 29.9830 | Loss: 5.6059 | lr: 1.00e-03 | Best_PSNR: 30.0061 in Epoch [74]
2022-07-07 20:41:40,077 INFO: Epoch: 79 | PSNR: 29.9903 | Loss: 5.5826 | lr: 1.00e-03 | Best_PSNR: 30.0061 in Epoch [74]
2022-07-07 20:42:16,397 INFO: Epoch: 80 | PSNR: 29.9788 | Loss: 5.5814 | lr: 1.00e-03 | Best_PSNR: 30.0061 in Epoch [74]
2022-07-07 20:42:52,498 INFO: Epoch: 81 | PSNR: 29.9914 | Loss: 5.6044 | lr: 1.00e-03 | Best_PSNR: 30.0061 in Epoch [74]
2022-07-07 20:43:29,643 INFO: Epoch: 82 | PSNR: 30.0098 | Loss: 5.5797 | lr: 1.00e-03 | Best_PSNR: 30.0098 in Epoch [82]
2022-07-07 20:44:06,534 INFO: Epoch: 83 | PSNR: 30.0137 | Loss: 5.5981 | lr: 1.00e-03 | Best_PSNR: 30.0137 in Epoch [83]
2022-07-07 20:44:42,802 INFO: Epoch: 84 | PSNR: 29.9998 | Loss: 5.5668 | lr: 1.00e-03 | Best_PSNR: 30.0137 in Epoch [83]
2022-07-07 20:45:19,070 INFO: Epoch: 85 | PSNR: 30.0106 | Loss: 5.5175 | lr: 1.00e-03 | Best_PSNR: 30.0137 in Epoch [83]
2022-07-07 20:45:55,451 INFO: Epoch: 86 | PSNR: 30.0246 | Loss: 5.5712 | lr: 1.00e-03 | Best_PSNR: 30.0246 in Epoch [86]
2022-07-07 20:46:31,571 INFO: Epoch: 87 | PSNR: 30.0018 | Loss: 5.6058 | lr: 1.00e-03 | Best_PSNR: 30.0246 in Epoch [86]
2022-07-07 20:47:07,616 INFO: Epoch: 88 | PSNR: 30.0139 | Loss: 5.5419 | lr: 1.00e-03 | Best_PSNR: 30.0246 in Epoch [86]
2022-07-07 20:47:43,561 INFO: Epoch: 89 | PSNR: 29.9962 | Loss: 5.5637 | lr: 1.00e-03 | Best_PSNR: 30.0246 in Epoch [86]
2022-07-07 20:48:19,807 INFO: Epoch: 90 | PSNR: 29.9623 | Loss: 5.6061 | lr: 1.00e-03 | Best_PSNR: 30.0246 in Epoch [86]
2022-07-07 20:48:55,979 INFO: Epoch: 91 | PSNR: 29.9688 | Loss: 5.5747 | lr: 1.00e-03 | Best_PSNR: 30.0246 in Epoch [86]
2022-07-07 20:49:32,207 INFO: Epoch: 92 | PSNR: 29.9925 | Loss: 5.5454 | lr: 1.00e-03 | Best_PSNR: 30.0246 in Epoch [86]
2022-07-07 20:50:08,532 INFO: Epoch: 93 | PSNR: 30.0145 | Loss: 5.5826 | lr: 1.00e-03 | Best_PSNR: 30.0246 in Epoch [86]
2022-07-07 20:50:45,242 INFO: Epoch: 94 | PSNR: 29.9998 | Loss: 5.5838 | lr: 1.00e-03 | Best_PSNR: 30.0246 in Epoch [86]
2022-07-07 20:51:21,447 INFO: Epoch: 95 | PSNR: 30.0051 | Loss: 5.5963 | lr: 1.00e-03 | Best_PSNR: 30.0246 in Epoch [86]
2022-07-07 20:51:57,737 INFO: Epoch: 96 | PSNR: 30.0234 | Loss: 5.5780 | lr: 1.00e-03 | Best_PSNR: 30.0246 in Epoch [86]
2022-07-07 20:52:33,942 INFO: Epoch: 97 | PSNR: 30.0206 | Loss: 5.5584 | lr: 1.00e-03 | Best_PSNR: 30.0246 in Epoch [86]
2022-07-07 20:53:10,133 INFO: Epoch: 98 | PSNR: 30.0042 | Loss: 5.5647 | lr: 1.00e-03 | Best_PSNR: 30.0246 in Epoch [86]
2022-07-07 20:53:46,252 INFO: Epoch: 99 | PSNR: 29.9800 | Loss: 5.5768 | lr: 1.00e-03 | Best_PSNR: 30.0246 in Epoch [86]
2022-07-07 20:54:22,254 INFO: Epoch: 100 | PSNR: 30.0065 | Loss: 5.5552 | lr: 1.00e-03 | Best_PSNR: 30.0246 in Epoch [86]
2022-07-07 20:54:58,201 INFO: Epoch: 101 | PSNR: 30.0076 | Loss: 5.5948 | lr: 1.00e-03 | Best_PSNR: 30.0246 in Epoch [86]
2022-07-07 20:55:34,273 INFO: Epoch: 102 | PSNR: 30.0197 | Loss: 5.5367 | lr: 1.00e-03 | Best_PSNR: 30.0246 in Epoch [86]
2022-07-07 20:56:09,955 INFO: Epoch: 103 | PSNR: 30.0045 | Loss: 5.5826 | lr: 1.00e-03 | Best_PSNR: 30.0246 in Epoch [86]
2022-07-07 20:56:45,842 INFO: Epoch: 104 | PSNR: 30.0206 | Loss: 5.5597 | lr: 1.00e-03 | Best_PSNR: 30.0246 in Epoch [86]
2022-07-07 20:57:21,772 INFO: Epoch: 105 | PSNR: 29.9602 | Loss: 5.5874 | lr: 1.00e-03 | Best_PSNR: 30.0246 in Epoch [86]
2022-07-07 20:57:57,200 INFO: Epoch: 106 | PSNR: 30.0182 | Loss: 5.5903 | lr: 1.00e-03 | Best_PSNR: 30.0246 in Epoch [86]
2022-07-07 20:58:32,927 INFO: Epoch: 107 | PSNR: 30.0065 | Loss: 5.5481 | lr: 1.00e-03 | Best_PSNR: 30.0246 in Epoch [86]
2022-07-07 20:59:08,705 INFO: Epoch: 108 | PSNR: 30.0083 | Loss: 5.5674 | lr: 1.00e-03 | Best_PSNR: 30.0246 in Epoch [86]
2022-07-07 20:59:44,687 INFO: Epoch: 109 | PSNR: 30.0185 | Loss: 5.5359 | lr: 1.00e-03 | Best_PSNR: 30.0246 in Epoch [86]
2022-07-07 21:00:20,395 INFO: Epoch: 110 | PSNR: 29.9958 | Loss: 5.5999 | lr: 1.00e-03 | Best_PSNR: 30.0246 in Epoch [86]
2022-07-07 21:00:56,029 INFO: Epoch: 111 | PSNR: 30.0236 | Loss: 5.5823 | lr: 1.00e-03 | Best_PSNR: 30.0246 in Epoch [86]
2022-07-07 21:01:31,867 INFO: Epoch: 112 | PSNR: 30.0180 | Loss: 5.5869 | lr: 1.00e-03 | Best_PSNR: 30.0246 in Epoch [86]
2022-07-07 21:02:07,539 INFO: Epoch: 113 | PSNR: 30.0112 | Loss: 5.5619 | lr: 1.00e-03 | Best_PSNR: 30.0246 in Epoch [86]
2022-07-07 21:02:43,217 INFO: Epoch: 114 | PSNR: 30.0092 | Loss: 5.5652 | lr: 1.00e-03 | Best_PSNR: 30.0246 in Epoch [86]
2022-07-07 21:03:18,960 INFO: Epoch: 115 | PSNR: 30.0199 | Loss: 5.5641 | lr: 1.00e-03 | Best_PSNR: 30.0246 in Epoch [86]
2022-07-07 21:03:54,651 INFO: Epoch: 116 | PSNR: 30.0146 | Loss: 5.5833 | lr: 1.00e-03 | Best_PSNR: 30.0246 in Epoch [86]
2022-07-07 21:04:30,691 INFO: Epoch: 117 | PSNR: 30.0123 | Loss: 5.5952 | lr: 1.00e-03 | Best_PSNR: 30.0246 in Epoch [86]
2022-07-07 21:05:06,422 INFO: Epoch: 118 | PSNR: 30.0170 | Loss: 5.5747 | lr: 1.00e-03 | Best_PSNR: 30.0246 in Epoch [86]
2022-07-07 21:05:42,780 INFO: Epoch: 119 | PSNR: 30.0200 | Loss: 5.5974 | lr: 1.00e-03 | Best_PSNR: 30.0246 in Epoch [86]
2022-07-07 21:06:19,007 INFO: Epoch: 120 | PSNR: 30.0294 | Loss: 5.6121 | lr: 1.00e-03 | Best_PSNR: 30.0294 in Epoch [120]
2022-07-07 21:06:55,345 INFO: Epoch: 121 | PSNR: 30.0439 | Loss: 5.5547 | lr: 5.00e-04 | Best_PSNR: 30.0439 in Epoch [121]
2022-07-07 21:07:32,126 INFO: Epoch: 122 | PSNR: 30.0483 | Loss: 5.5719 | lr: 5.00e-04 | Best_PSNR: 30.0483 in Epoch [122]
2022-07-07 21:08:07,870 INFO: Epoch: 123 | PSNR: 30.0219 | Loss: 5.5506 | lr: 5.00e-04 | Best_PSNR: 30.0483 in Epoch [122]
2022-07-07 21:08:43,275 INFO: Epoch: 124 | PSNR: 30.0474 | Loss: 5.5679 | lr: 5.00e-04 | Best_PSNR: 30.0483 in Epoch [122]
2022-07-07 21:09:19,148 INFO: Epoch: 125 | PSNR: 30.0313 | Loss: 5.5390 | lr: 5.00e-04 | Best_PSNR: 30.0483 in Epoch [122]
2022-07-07 21:09:55,022 INFO: Epoch: 126 | PSNR: 30.0400 | Loss: 5.5219 | lr: 5.00e-04 | Best_PSNR: 30.0483 in Epoch [122]
2022-07-07 21:10:31,171 INFO: Epoch: 127 | PSNR: 30.0495 | Loss: 5.5685 | lr: 5.00e-04 | Best_PSNR: 30.0495 in Epoch [127]
2022-07-07 21:11:07,510 INFO: Epoch: 128 | PSNR: 30.0418 | Loss: 5.5588 | lr: 5.00e-04 | Best_PSNR: 30.0495 in Epoch [127]
2022-07-07 21:11:43,910 INFO: Epoch: 129 | PSNR: 30.0231 | Loss: 5.5563 | lr: 5.00e-04 | Best_PSNR: 30.0495 in Epoch [127]
2022-07-07 21:12:25,169 INFO: Epoch: 130 | PSNR: 30.0497 | Loss: 5.5403 | lr: 5.00e-04 | Best_PSNR: 30.0497 in Epoch [130]
2022-07-07 21:13:07,033 INFO: Epoch: 131 | PSNR: 30.0325 | Loss: 5.5315 | lr: 5.00e-04 | Best_PSNR: 30.0497 in Epoch [130]
2022-07-07 21:13:43,577 INFO: Epoch: 132 | PSNR: 30.0372 | Loss: 5.5267 | lr: 5.00e-04 | Best_PSNR: 30.0497 in Epoch [130]
2022-07-07 21:14:19,822 INFO: Epoch: 133 | PSNR: 30.0467 | Loss: 5.5515 | lr: 5.00e-04 | Best_PSNR: 30.0497 in Epoch [130]
2022-07-07 21:14:56,092 INFO: Epoch: 134 | PSNR: 30.0453 | Loss: 5.5259 | lr: 5.00e-04 | Best_PSNR: 30.0497 in Epoch [130]
2022-07-07 21:15:32,823 INFO: Epoch: 135 | PSNR: 30.0507 | Loss: 5.5456 | lr: 5.00e-04 | Best_PSNR: 30.0507 in Epoch [135]
2022-07-07 21:16:09,022 INFO: Epoch: 136 | PSNR: 30.0367 | Loss: 5.5529 | lr: 5.00e-04 | Best_PSNR: 30.0507 in Epoch [135]
2022-07-07 21:16:45,075 INFO: Epoch: 137 | PSNR: 30.0473 | Loss: 5.5556 | lr: 5.00e-04 | Best_PSNR: 30.0507 in Epoch [135]
2022-07-07 21:17:21,444 INFO: Epoch: 138 | PSNR: 30.0235 | Loss: 5.5404 | lr: 5.00e-04 | Best_PSNR: 30.0507 in Epoch [135]
2022-07-07 21:17:57,818 INFO: Epoch: 139 | PSNR: 30.0408 | Loss: 5.5608 | lr: 5.00e-04 | Best_PSNR: 30.0507 in Epoch [135]
2022-07-07 21:18:34,162 INFO: Epoch: 140 | PSNR: 30.0473 | Loss: 5.5656 | lr: 5.00e-04 | Best_PSNR: 30.0507 in Epoch [135]
2022-07-07 21:19:15,020 INFO: Epoch: 141 | PSNR: 30.0479 | Loss: 5.5925 | lr: 5.00e-04 | Best_PSNR: 30.0507 in Epoch [135]
2022-07-07 21:19:50,819 INFO: Epoch: 142 | PSNR: 30.0333 | Loss: 5.5506 | lr: 5.00e-04 | Best_PSNR: 30.0507 in Epoch [135]
2022-07-07 21:20:26,985 INFO: Epoch: 143 | PSNR: 30.0498 | Loss: 5.5221 | lr: 5.00e-04 | Best_PSNR: 30.0507 in Epoch [135]
2022-07-07 21:21:03,503 INFO: Epoch: 144 | PSNR: 30.0330 | Loss: 5.5344 | lr: 5.00e-04 | Best_PSNR: 30.0507 in Epoch [135]
2022-07-07 21:21:40,563 INFO: Epoch: 145 | PSNR: 30.0507 | Loss: 5.5562 | lr: 5.00e-04 | Best_PSNR: 30.0507 in Epoch [145]
2022-07-07 21:22:16,785 INFO: Epoch: 146 | PSNR: 30.0337 | Loss: 5.5699 | lr: 5.00e-04 | Best_PSNR: 30.0507 in Epoch [145]
2022-07-07 21:22:53,244 INFO: Epoch: 147 | PSNR: 30.0583 | Loss: 5.5562 | lr: 5.00e-04 | Best_PSNR: 30.0583 in Epoch [147]
2022-07-07 21:23:29,670 INFO: Epoch: 148 | PSNR: 30.0400 | Loss: 5.5344 | lr: 5.00e-04 | Best_PSNR: 30.0583 in Epoch [147]
2022-07-07 21:24:06,000 INFO: Epoch: 149 | PSNR: 30.0414 | Loss: 5.6010 | lr: 5.00e-04 | Best_PSNR: 30.0583 in Epoch [147]
2022-07-07 21:24:42,523 INFO: Epoch: 150 | PSNR: 30.0479 | Loss: 5.5774 | lr: 5.00e-04 | Best_PSNR: 30.0583 in Epoch [147]
2022-07-07 21:25:18,866 INFO: Epoch: 151 | PSNR: 30.0439 | Loss: 5.5616 | lr: 5.00e-04 | Best_PSNR: 30.0583 in Epoch [147]
2022-07-07 21:25:55,236 INFO: Epoch: 152 | PSNR: 30.0185 | Loss: 5.5424 | lr: 5.00e-04 | Best_PSNR: 30.0583 in Epoch [147]
2022-07-07 21:26:31,237 INFO: Epoch: 153 | PSNR: 30.0432 | Loss: 5.5274 | lr: 5.00e-04 | Best_PSNR: 30.0583 in Epoch [147]
2022-07-07 21:27:06,917 INFO: Epoch: 154 | PSNR: 30.0543 | Loss: 5.5518 | lr: 5.00e-04 | Best_PSNR: 30.0583 in Epoch [147]
2022-07-07 21:27:42,908 INFO: Epoch: 155 | PSNR: 30.0459 | Loss: 5.5688 | lr: 5.00e-04 | Best_PSNR: 30.0583 in Epoch [147]
2022-07-07 21:28:19,104 INFO: Epoch: 156 | PSNR: 30.0371 | Loss: 5.5320 | lr: 5.00e-04 | Best_PSNR: 30.0583 in Epoch [147]
2022-07-07 21:28:54,803 INFO: Epoch: 157 | PSNR: 30.0533 | Loss: 5.5358 | lr: 5.00e-04 | Best_PSNR: 30.0583 in Epoch [147]
2022-07-07 21:29:30,906 INFO: Epoch: 158 | PSNR: 30.0325 | Loss: 5.5429 | lr: 5.00e-04 | Best_PSNR: 30.0583 in Epoch [147]
2022-07-07 21:30:13,387 INFO: Epoch: 159 | PSNR: 30.0422 | Loss: 5.5166 | lr: 5.00e-04 | Best_PSNR: 30.0583 in Epoch [147]
2022-07-07 21:30:50,223 INFO: Epoch: 160 | PSNR: 30.0620 | Loss: 5.5546 | lr: 5.00e-04 | Best_PSNR: 30.0620 in Epoch [160]
2022-07-07 21:31:26,691 INFO: Epoch: 161 | PSNR: 30.0524 | Loss: 5.5165 | lr: 5.00e-04 | Best_PSNR: 30.0620 in Epoch [160]
2022-07-07 21:32:02,913 INFO: Epoch: 162 | PSNR: 30.0505 | Loss: 5.5336 | lr: 5.00e-04 | Best_PSNR: 30.0620 in Epoch [160]
2022-07-07 21:32:39,068 INFO: Epoch: 163 | PSNR: 30.0454 | Loss: 5.5219 | lr: 5.00e-04 | Best_PSNR: 30.0620 in Epoch [160]
2022-07-07 21:33:14,705 INFO: Epoch: 164 | PSNR: 30.0510 | Loss: 5.5451 | lr: 5.00e-04 | Best_PSNR: 30.0620 in Epoch [160]
2022-07-07 21:33:51,182 INFO: Epoch: 165 | PSNR: 30.0424 | Loss: 5.5701 | lr: 5.00e-04 | Best_PSNR: 30.0620 in Epoch [160]
2022-07-07 21:34:27,511 INFO: Epoch: 166 | PSNR: 30.0387 | Loss: 5.5710 | lr: 5.00e-04 | Best_PSNR: 30.0620 in Epoch [160]
2022-07-07 21:35:03,378 INFO: Epoch: 167 | PSNR: 30.0551 | Loss: 5.5559 | lr: 5.00e-04 | Best_PSNR: 30.0620 in Epoch [160]
2022-07-07 21:35:39,562 INFO: Epoch: 168 | PSNR: 30.0441 | Loss: 5.5762 | lr: 5.00e-04 | Best_PSNR: 30.0620 in Epoch [160]
2022-07-07 21:36:15,320 INFO: Epoch: 169 | PSNR: 30.0382 | Loss: 5.5634 | lr: 5.00e-04 | Best_PSNR: 30.0620 in Epoch [160]
2022-07-07 21:36:51,336 INFO: Epoch: 170 | PSNR: 30.0407 | Loss: 5.5185 | lr: 5.00e-04 | Best_PSNR: 30.0620 in Epoch [160]
2022-07-07 21:37:27,126 INFO: Epoch: 171 | PSNR: 30.0575 | Loss: 5.5221 | lr: 5.00e-04 | Best_PSNR: 30.0620 in Epoch [160]
2022-07-07 21:38:02,862 INFO: Epoch: 172 | PSNR: 30.0487 | Loss: 5.5512 | lr: 5.00e-04 | Best_PSNR: 30.0620 in Epoch [160]
2022-07-07 21:38:38,573 INFO: Epoch: 173 | PSNR: 30.0451 | Loss: 5.5481 | lr: 5.00e-04 | Best_PSNR: 30.0620 in Epoch [160]
2022-07-07 21:39:14,241 INFO: Epoch: 174 | PSNR: 30.0594 | Loss: 5.5650 | lr: 5.00e-04 | Best_PSNR: 30.0620 in Epoch [160]
2022-07-07 21:39:50,402 INFO: Epoch: 175 | PSNR: 30.0567 | Loss: 5.6007 | lr: 5.00e-04 | Best_PSNR: 30.0620 in Epoch [160]
2022-07-07 21:40:26,354 INFO: Epoch: 176 | PSNR: 30.0468 | Loss: 5.5238 | lr: 5.00e-04 | Best_PSNR: 30.0620 in Epoch [160]
2022-07-07 21:41:02,644 INFO: Epoch: 177 | PSNR: 30.0621 | Loss: 5.5380 | lr: 5.00e-04 | Best_PSNR: 30.0621 in Epoch [177]
2022-07-07 21:41:38,683 INFO: Epoch: 178 | PSNR: 30.0464 | Loss: 5.5314 | lr: 5.00e-04 | Best_PSNR: 30.0621 in Epoch [177]
2022-07-07 21:42:14,574 INFO: Epoch: 179 | PSNR: 30.0415 | Loss: 5.5199 | lr: 5.00e-04 | Best_PSNR: 30.0621 in Epoch [177]
2022-07-07 21:42:50,401 INFO: Epoch: 180 | PSNR: 30.0479 | Loss: 5.5390 | lr: 5.00e-04 | Best_PSNR: 30.0621 in Epoch [177]
2022-07-07 21:43:26,050 INFO: Epoch: 181 | PSNR: 30.0561 | Loss: 5.5383 | lr: 5.00e-04 | Best_PSNR: 30.0621 in Epoch [177]
2022-07-07 21:44:01,661 INFO: Epoch: 182 | PSNR: 30.0342 | Loss: 5.5631 | lr: 5.00e-04 | Best_PSNR: 30.0621 in Epoch [177]
2022-07-07 21:44:37,228 INFO: Epoch: 183 | PSNR: 30.0412 | Loss: 5.5377 | lr: 5.00e-04 | Best_PSNR: 30.0621 in Epoch [177]
2022-07-07 21:45:12,813 INFO: Epoch: 184 | PSNR: 30.0494 | Loss: 5.5353 | lr: 5.00e-04 | Best_PSNR: 30.0621 in Epoch [177]
2022-07-07 21:45:48,621 INFO: Epoch: 185 | PSNR: 30.0277 | Loss: 5.5199 | lr: 5.00e-04 | Best_PSNR: 30.0621 in Epoch [177]
2022-07-07 21:46:24,175 INFO: Epoch: 186 | PSNR: 30.0506 | Loss: 5.5625 | lr: 5.00e-04 | Best_PSNR: 30.0621 in Epoch [177]
2022-07-07 21:46:59,729 INFO: Epoch: 187 | PSNR: 30.0438 | Loss: 5.5239 | lr: 5.00e-04 | Best_PSNR: 30.0621 in Epoch [177]
2022-07-07 21:47:35,126 INFO: Epoch: 188 | PSNR: 30.0566 | Loss: 5.5363 | lr: 5.00e-04 | Best_PSNR: 30.0621 in Epoch [177]
2022-07-07 21:48:10,584 INFO: Epoch: 189 | PSNR: 30.0413 | Loss: 5.5366 | lr: 5.00e-04 | Best_PSNR: 30.0621 in Epoch [177]
2022-07-07 21:48:46,161 INFO: Epoch: 190 | PSNR: 30.0438 | Loss: 5.5315 | lr: 5.00e-04 | Best_PSNR: 30.0621 in Epoch [177]
2022-07-07 21:49:21,876 INFO: Epoch: 191 | PSNR: 30.0375 | Loss: 5.5197 | lr: 5.00e-04 | Best_PSNR: 30.0621 in Epoch [177]
2022-07-07 21:49:57,929 INFO: Epoch: 192 | PSNR: 30.0579 | Loss: 5.5509 | lr: 5.00e-04 | Best_PSNR: 30.0621 in Epoch [177]
2022-07-07 21:50:33,655 INFO: Epoch: 193 | PSNR: 30.0569 | Loss: 5.5402 | lr: 5.00e-04 | Best_PSNR: 30.0621 in Epoch [177]
2022-07-07 21:51:09,253 INFO: Epoch: 194 | PSNR: 30.0394 | Loss: 5.5180 | lr: 5.00e-04 | Best_PSNR: 30.0621 in Epoch [177]
2022-07-07 21:51:45,163 INFO: Epoch: 195 | PSNR: 30.0563 | Loss: 5.5328 | lr: 5.00e-04 | Best_PSNR: 30.0621 in Epoch [177]
2022-07-07 21:52:21,175 INFO: Epoch: 196 | PSNR: 30.0637 | Loss: 5.5299 | lr: 5.00e-04 | Best_PSNR: 30.0637 in Epoch [196]
2022-07-07 21:52:56,796 INFO: Epoch: 197 | PSNR: 30.0604 | Loss: 5.5530 | lr: 5.00e-04 | Best_PSNR: 30.0637 in Epoch [196]
2022-07-07 21:53:32,444 INFO: Epoch: 198 | PSNR: 30.0525 | Loss: 5.5356 | lr: 5.00e-04 | Best_PSNR: 30.0637 in Epoch [196]
2022-07-07 21:54:08,087 INFO: Epoch: 199 | PSNR: 30.0369 | Loss: 5.5490 | lr: 5.00e-04 | Best_PSNR: 30.0637 in Epoch [196]
2022-07-07 21:54:43,941 INFO: Epoch: 200 | PSNR: 30.0507 | Loss: 5.5469 | lr: 5.00e-04 | Best_PSNR: 30.0637 in Epoch [196]
2022-07-07 21:55:19,496 INFO: Epoch: 201 | PSNR: 30.0592 | Loss: 5.4917 | lr: 5.00e-04 | Best_PSNR: 30.0637 in Epoch [196]
2022-07-07 21:55:55,603 INFO: Epoch: 202 | PSNR: 30.0553 | Loss: 5.5604 | lr: 5.00e-04 | Best_PSNR: 30.0637 in Epoch [196]
2022-07-07 21:56:31,402 INFO: Epoch: 203 | PSNR: 30.0179 | Loss: 5.5058 | lr: 5.00e-04 | Best_PSNR: 30.0637 in Epoch [196]
2022-07-07 21:57:06,892 INFO: Epoch: 204 | PSNR: 30.0572 | Loss: 5.5470 | lr: 5.00e-04 | Best_PSNR: 30.0637 in Epoch [196]
2022-07-07 21:57:42,953 INFO: Epoch: 205 | PSNR: 30.0433 | Loss: 5.5307 | lr: 5.00e-04 | Best_PSNR: 30.0637 in Epoch [196]
2022-07-07 21:58:18,515 INFO: Epoch: 206 | PSNR: 30.0575 | Loss: 5.5381 | lr: 5.00e-04 | Best_PSNR: 30.0637 in Epoch [196]
2022-07-07 21:58:54,002 INFO: Epoch: 207 | PSNR: 30.0448 | Loss: 5.5403 | lr: 5.00e-04 | Best_PSNR: 30.0637 in Epoch [196]
2022-07-07 21:59:29,681 INFO: Epoch: 208 | PSNR: 30.0562 | Loss: 5.5593 | lr: 5.00e-04 | Best_PSNR: 30.0637 in Epoch [196]
2022-07-07 22:00:05,943 INFO: Epoch: 209 | PSNR: 30.0642 | Loss: 5.5165 | lr: 5.00e-04 | Best_PSNR: 30.0642 in Epoch [209]
2022-07-07 22:00:41,488 INFO: Epoch: 210 | PSNR: 30.0562 | Loss: 5.5536 | lr: 5.00e-04 | Best_PSNR: 30.0642 in Epoch [209]
2022-07-07 22:01:17,052 INFO: Epoch: 211 | PSNR: 30.0575 | Loss: 5.5421 | lr: 5.00e-04 | Best_PSNR: 30.0642 in Epoch [209]
2022-07-07 22:01:52,830 INFO: Epoch: 212 | PSNR: 30.0566 | Loss: 5.5207 | lr: 5.00e-04 | Best_PSNR: 30.0642 in Epoch [209]
2022-07-07 22:02:28,488 INFO: Epoch: 213 | PSNR: 30.0565 | Loss: 5.5689 | lr: 5.00e-04 | Best_PSNR: 30.0642 in Epoch [209]
2022-07-07 22:03:04,127 INFO: Epoch: 214 | PSNR: 30.0387 | Loss: 5.5542 | lr: 5.00e-04 | Best_PSNR: 30.0642 in Epoch [209]
2022-07-07 22:03:39,738 INFO: Epoch: 215 | PSNR: 30.0447 | Loss: 5.4977 | lr: 5.00e-04 | Best_PSNR: 30.0642 in Epoch [209]
2022-07-07 22:04:15,323 INFO: Epoch: 216 | PSNR: 30.0561 | Loss: 5.5327 | lr: 5.00e-04 | Best_PSNR: 30.0642 in Epoch [209]
2022-07-07 22:04:51,021 INFO: Epoch: 217 | PSNR: 30.0437 | Loss: 5.5446 | lr: 5.00e-04 | Best_PSNR: 30.0642 in Epoch [209]
2022-07-07 22:05:27,053 INFO: Epoch: 218 | PSNR: 30.0496 | Loss: 5.5307 | lr: 5.00e-04 | Best_PSNR: 30.0642 in Epoch [209]
2022-07-07 22:06:03,016 INFO: Epoch: 219 | PSNR: 30.0269 | Loss: 5.5300 | lr: 5.00e-04 | Best_PSNR: 30.0642 in Epoch [209]
2022-07-07 22:06:39,293 INFO: Epoch: 220 | PSNR: 30.0690 | Loss: 5.5156 | lr: 5.00e-04 | Best_PSNR: 30.0690 in Epoch [220]
2022-07-07 22:07:15,096 INFO: Epoch: 221 | PSNR: 30.0646 | Loss: 5.5149 | lr: 5.00e-04 | Best_PSNR: 30.0690 in Epoch [220]
2022-07-07 22:07:50,689 INFO: Epoch: 222 | PSNR: 30.0501 | Loss: 5.5223 | lr: 5.00e-04 | Best_PSNR: 30.0690 in Epoch [220]
2022-07-07 22:08:26,409 INFO: Epoch: 223 | PSNR: 30.0663 | Loss: 5.5543 | lr: 5.00e-04 | Best_PSNR: 30.0690 in Epoch [220]
2022-07-07 22:09:02,193 INFO: Epoch: 224 | PSNR: 30.0276 | Loss: 5.5626 | lr: 5.00e-04 | Best_PSNR: 30.0690 in Epoch [220]
2022-07-07 22:09:37,941 INFO: Epoch: 225 | PSNR: 30.0563 | Loss: 5.5307 | lr: 5.00e-04 | Best_PSNR: 30.0690 in Epoch [220]
2022-07-07 22:10:13,707 INFO: Epoch: 226 | PSNR: 30.0547 | Loss: 5.5449 | lr: 5.00e-04 | Best_PSNR: 30.0690 in Epoch [220]
2022-07-07 22:10:49,338 INFO: Epoch: 227 | PSNR: 30.0606 | Loss: 5.5562 | lr: 5.00e-04 | Best_PSNR: 30.0690 in Epoch [220]
2022-07-07 22:11:24,947 INFO: Epoch: 228 | PSNR: 30.0487 | Loss: 5.5394 | lr: 5.00e-04 | Best_PSNR: 30.0690 in Epoch [220]
2022-07-07 22:12:00,976 INFO: Epoch: 229 | PSNR: 30.0539 | Loss: 5.5917 | lr: 5.00e-04 | Best_PSNR: 30.0690 in Epoch [220]
2022-07-07 22:12:36,717 INFO: Epoch: 230 | PSNR: 30.0668 | Loss: 5.5452 | lr: 5.00e-04 | Best_PSNR: 30.0690 in Epoch [220]
2022-07-07 22:13:12,208 INFO: Epoch: 231 | PSNR: 30.0597 | Loss: 5.5626 | lr: 5.00e-04 | Best_PSNR: 30.0690 in Epoch [220]
2022-07-07 22:13:48,010 INFO: Epoch: 232 | PSNR: 30.0531 | Loss: 5.5307 | lr: 5.00e-04 | Best_PSNR: 30.0690 in Epoch [220]
2022-07-07 22:14:23,556 INFO: Epoch: 233 | PSNR: 30.0651 | Loss: 5.5450 | lr: 5.00e-04 | Best_PSNR: 30.0690 in Epoch [220]
2022-07-07 22:14:59,076 INFO: Epoch: 234 | PSNR: 30.0492 | Loss: 5.5743 | lr: 5.00e-04 | Best_PSNR: 30.0690 in Epoch [220]
2022-07-07 22:15:34,656 INFO: Epoch: 235 | PSNR: 30.0674 | Loss: 5.5297 | lr: 5.00e-04 | Best_PSNR: 30.0690 in Epoch [220]
2022-07-07 22:16:10,270 INFO: Epoch: 236 | PSNR: 30.0590 | Loss: 5.5551 | lr: 5.00e-04 | Best_PSNR: 30.0690 in Epoch [220]
2022-07-07 22:16:45,757 INFO: Epoch: 237 | PSNR: 30.0671 | Loss: 5.5390 | lr: 5.00e-04 | Best_PSNR: 30.0690 in Epoch [220]
2022-07-07 22:17:21,369 INFO: Epoch: 238 | PSNR: 30.0566 | Loss: 5.5361 | lr: 5.00e-04 | Best_PSNR: 30.0690 in Epoch [220]
2022-07-07 22:17:57,653 INFO: Epoch: 239 | PSNR: 30.0514 | Loss: 5.5360 | lr: 5.00e-04 | Best_PSNR: 30.0690 in Epoch [220]
2022-07-07 22:18:33,069 INFO: Epoch: 240 | PSNR: 30.0625 | Loss: 5.5343 | lr: 5.00e-04 | Best_PSNR: 30.0690 in Epoch [220]
2022-07-07 22:19:09,085 INFO: Epoch: 241 | PSNR: 30.0744 | Loss: 5.5325 | lr: 2.50e-04 | Best_PSNR: 30.0744 in Epoch [241]
2022-07-07 22:19:44,917 INFO: Epoch: 242 | PSNR: 30.0741 | Loss: 5.5299 | lr: 2.50e-04 | Best_PSNR: 30.0744 in Epoch [241]
2022-07-07 22:20:20,364 INFO: Epoch: 243 | PSNR: 30.0720 | Loss: 5.5505 | lr: 2.50e-04 | Best_PSNR: 30.0744 in Epoch [241]
2022-07-07 22:20:56,095 INFO: Epoch: 244 | PSNR: 30.0691 | Loss: 5.5251 | lr: 2.50e-04 | Best_PSNR: 30.0744 in Epoch [241]
2022-07-07 22:21:31,734 INFO: Epoch: 245 | PSNR: 30.0733 | Loss: 5.5263 | lr: 2.50e-04 | Best_PSNR: 30.0744 in Epoch [241]
2022-07-07 22:22:07,594 INFO: Epoch: 246 | PSNR: 30.0655 | Loss: 5.5223 | lr: 2.50e-04 | Best_PSNR: 30.0744 in Epoch [241]
2022-07-07 22:22:43,224 INFO: Epoch: 247 | PSNR: 30.0685 | Loss: 5.5507 | lr: 2.50e-04 | Best_PSNR: 30.0744 in Epoch [241]
2022-07-07 22:23:19,486 INFO: Epoch: 248 | PSNR: 30.0747 | Loss: 5.5521 | lr: 2.50e-04 | Best_PSNR: 30.0747 in Epoch [248]
2022-07-07 22:23:56,143 INFO: Epoch: 249 | PSNR: 30.0764 | Loss: 5.5153 | lr: 2.50e-04 | Best_PSNR: 30.0764 in Epoch [249]
2022-07-07 22:24:31,836 INFO: Epoch: 250 | PSNR: 30.0596 | Loss: 5.5265 | lr: 2.50e-04 | Best_PSNR: 30.0764 in Epoch [249]
2022-07-07 22:25:07,476 INFO: Epoch: 251 | PSNR: 30.0546 | Loss: 5.5354 | lr: 2.50e-04 | Best_PSNR: 30.0764 in Epoch [249]
2022-07-07 22:25:43,273 INFO: Epoch: 252 | PSNR: 30.0725 | Loss: 5.5520 | lr: 2.50e-04 | Best_PSNR: 30.0764 in Epoch [249]
2022-07-07 22:26:19,205 INFO: Epoch: 253 | PSNR: 30.0666 | Loss: 5.5313 | lr: 2.50e-04 | Best_PSNR: 30.0764 in Epoch [249]
2022-07-07 22:26:54,809 INFO: Epoch: 254 | PSNR: 30.0684 | Loss: 5.5521 | lr: 2.50e-04 | Best_PSNR: 30.0764 in Epoch [249]
2022-07-07 22:27:30,602 INFO: Epoch: 255 | PSNR: 30.0743 | Loss: 5.5286 | lr: 2.50e-04 | Best_PSNR: 30.0764 in Epoch [249]
2022-07-07 22:28:06,499 INFO: Epoch: 256 | PSNR: 30.0647 | Loss: 5.5064 | lr: 2.50e-04 | Best_PSNR: 30.0764 in Epoch [249]
2022-07-07 22:28:41,951 INFO: Epoch: 257 | PSNR: 30.0656 | Loss: 5.5003 | lr: 2.50e-04 | Best_PSNR: 30.0764 in Epoch [249]
2022-07-07 22:29:17,828 INFO: Epoch: 258 | PSNR: 30.0735 | Loss: 5.5055 | lr: 2.50e-04 | Best_PSNR: 30.0764 in Epoch [249]
2022-07-07 22:29:53,800 INFO: Epoch: 259 | PSNR: 30.0572 | Loss: 5.5263 | lr: 2.50e-04 | Best_PSNR: 30.0764 in Epoch [249]
2022-07-07 22:30:29,458 INFO: Epoch: 260 | PSNR: 30.0633 | Loss: 5.5166 | lr: 2.50e-04 | Best_PSNR: 30.0764 in Epoch [249]
2022-07-07 22:31:05,171 INFO: Epoch: 261 | PSNR: 30.0569 | Loss: 5.5142 | lr: 2.50e-04 | Best_PSNR: 30.0764 in Epoch [249]
2022-07-07 22:31:40,926 INFO: Epoch: 262 | PSNR: 30.0695 | Loss: 5.5272 | lr: 2.50e-04 | Best_PSNR: 30.0764 in Epoch [249]
2022-07-07 22:32:16,930 INFO: Epoch: 263 | PSNR: 30.0706 | Loss: 5.5237 | lr: 2.50e-04 | Best_PSNR: 30.0764 in Epoch [249]
2022-07-07 22:32:52,735 INFO: Epoch: 264 | PSNR: 30.0695 | Loss: 5.5170 | lr: 2.50e-04 | Best_PSNR: 30.0764 in Epoch [249]
2022-07-07 22:33:28,376 INFO: Epoch: 265 | PSNR: 30.0697 | Loss: 5.5010 | lr: 2.50e-04 | Best_PSNR: 30.0764 in Epoch [249]
2022-07-07 22:34:04,274 INFO: Epoch: 266 | PSNR: 30.0682 | Loss: 5.5522 | lr: 2.50e-04 | Best_PSNR: 30.0764 in Epoch [249]
2022-07-07 22:34:39,962 INFO: Epoch: 267 | PSNR: 30.0733 | Loss: 5.5137 | lr: 2.50e-04 | Best_PSNR: 30.0764 in Epoch [249]
2022-07-07 22:35:15,684 INFO: Epoch: 268 | PSNR: 30.0739 | Loss: 5.5495 | lr: 2.50e-04 | Best_PSNR: 30.0764 in Epoch [249]
2022-07-07 22:35:51,583 INFO: Epoch: 269 | PSNR: 30.0755 | Loss: 5.5368 | lr: 2.50e-04 | Best_PSNR: 30.0764 in Epoch [249]
2022-07-07 22:36:27,310 INFO: Epoch: 270 | PSNR: 30.0683 | Loss: 5.5298 | lr: 2.50e-04 | Best_PSNR: 30.0764 in Epoch [249]
2022-07-07 22:37:03,447 INFO: Epoch: 271 | PSNR: 30.0783 | Loss: 5.5177 | lr: 2.50e-04 | Best_PSNR: 30.0783 in Epoch [271]
2022-07-07 22:37:39,130 INFO: Epoch: 272 | PSNR: 30.0754 | Loss: 5.5095 | lr: 2.50e-04 | Best_PSNR: 30.0783 in Epoch [271]
2022-07-07 22:38:15,105 INFO: Epoch: 273 | PSNR: 30.0580 | Loss: 5.5489 | lr: 2.50e-04 | Best_PSNR: 30.0783 in Epoch [271]
2022-07-07 22:38:50,817 INFO: Epoch: 274 | PSNR: 30.0719 | Loss: 5.5062 | lr: 2.50e-04 | Best_PSNR: 30.0783 in Epoch [271]
2022-07-07 22:39:26,346 INFO: Epoch: 275 | PSNR: 30.0649 | Loss: 5.5418 | lr: 2.50e-04 | Best_PSNR: 30.0783 in Epoch [271]
2022-07-07 22:40:02,238 INFO: Epoch: 276 | PSNR: 30.0747 | Loss: 5.5380 | lr: 2.50e-04 | Best_PSNR: 30.0783 in Epoch [271]
2022-07-07 22:40:38,195 INFO: Epoch: 277 | PSNR: 30.0749 | Loss: 5.5152 | lr: 2.50e-04 | Best_PSNR: 30.0783 in Epoch [271]
2022-07-07 22:41:13,903 INFO: Epoch: 278 | PSNR: 30.0729 | Loss: 5.5584 | lr: 2.50e-04 | Best_PSNR: 30.0783 in Epoch [271]
2022-07-07 22:41:49,644 INFO: Epoch: 279 | PSNR: 30.0767 | Loss: 5.5645 | lr: 2.50e-04 | Best_PSNR: 30.0783 in Epoch [271]
2022-07-07 22:42:25,548 INFO: Epoch: 280 | PSNR: 30.0768 | Loss: 5.5360 | lr: 2.50e-04 | Best_PSNR: 30.0783 in Epoch [271]
2022-07-07 22:43:01,346 INFO: Epoch: 281 | PSNR: 30.0691 | Loss: 5.5278 | lr: 2.50e-04 | Best_PSNR: 30.0783 in Epoch [271]
2022-07-07 22:43:36,987 INFO: Epoch: 282 | PSNR: 30.0688 | Loss: 5.5233 | lr: 2.50e-04 | Best_PSNR: 30.0783 in Epoch [271]
2022-07-07 22:44:13,024 INFO: Epoch: 283 | PSNR: 30.0746 | Loss: 5.5376 | lr: 2.50e-04 | Best_PSNR: 30.0783 in Epoch [271]
2022-07-07 22:44:48,663 INFO: Epoch: 284 | PSNR: 30.0715 | Loss: 5.5222 | lr: 2.50e-04 | Best_PSNR: 30.0783 in Epoch [271]
2022-07-07 22:45:24,368 INFO: Epoch: 285 | PSNR: 30.0701 | Loss: 5.5014 | lr: 2.50e-04 | Best_PSNR: 30.0783 in Epoch [271]
2022-07-07 22:46:00,385 INFO: Epoch: 286 | PSNR: 30.0646 | Loss: 5.5479 | lr: 2.50e-04 | Best_PSNR: 30.0783 in Epoch [271]
2022-07-07 22:46:35,953 INFO: Epoch: 287 | PSNR: 30.0479 | Loss: 5.5438 | lr: 2.50e-04 | Best_PSNR: 30.0783 in Epoch [271]
2022-07-07 22:47:11,595 INFO: Epoch: 288 | PSNR: 30.0668 | Loss: 5.5337 | lr: 2.50e-04 | Best_PSNR: 30.0783 in Epoch [271]
2022-07-07 22:47:46,948 INFO: Epoch: 289 | PSNR: 30.0783 | Loss: 5.5505 | lr: 2.50e-04 | Best_PSNR: 30.0783 in Epoch [271]
2022-07-07 22:48:22,921 INFO: Epoch: 290 | PSNR: 30.0736 | Loss: 5.5241 | lr: 2.50e-04 | Best_PSNR: 30.0783 in Epoch [271]
2022-07-07 22:48:58,750 INFO: Epoch: 291 | PSNR: 30.0669 | Loss: 5.5526 | lr: 2.50e-04 | Best_PSNR: 30.0783 in Epoch [271]
2022-07-07 22:49:34,461 INFO: Epoch: 292 | PSNR: 30.0694 | Loss: 5.5285 | lr: 2.50e-04 | Best_PSNR: 30.0783 in Epoch [271]
2022-07-07 22:50:10,557 INFO: Epoch: 293 | PSNR: 30.0682 | Loss: 5.5393 | lr: 2.50e-04 | Best_PSNR: 30.0783 in Epoch [271]
2022-07-07 22:50:46,321 INFO: Epoch: 294 | PSNR: 30.0697 | Loss: 5.5247 | lr: 2.50e-04 | Best_PSNR: 30.0783 in Epoch [271]
2022-07-07 22:51:22,059 INFO: Epoch: 295 | PSNR: 30.0694 | Loss: 5.5327 | lr: 2.50e-04 | Best_PSNR: 30.0783 in Epoch [271]
2022-07-07 22:51:57,889 INFO: Epoch: 296 | PSNR: 30.0757 | Loss: 5.5290 | lr: 2.50e-04 | Best_PSNR: 30.0783 in Epoch [271]
2022-07-07 22:52:33,566 INFO: Epoch: 297 | PSNR: 30.0741 | Loss: 5.5406 | lr: 2.50e-04 | Best_PSNR: 30.0783 in Epoch [271]
2022-07-07 22:53:09,334 INFO: Epoch: 298 | PSNR: 30.0642 | Loss: 5.5081 | lr: 2.50e-04 | Best_PSNR: 30.0783 in Epoch [271]
2022-07-07 22:53:45,019 INFO: Epoch: 299 | PSNR: 30.0742 | Loss: 5.5174 | lr: 2.50e-04 | Best_PSNR: 30.0783 in Epoch [271]
2022-07-07 22:54:20,931 INFO: Epoch: 300 | PSNR: 30.0763 | Loss: 5.5652 | lr: 2.50e-04 | Best_PSNR: 30.0783 in Epoch [271]
2022-07-07 22:54:56,398 INFO: Epoch: 301 | PSNR: 30.0752 | Loss: 5.5405 | lr: 2.50e-04 | Best_PSNR: 30.0783 in Epoch [271]
2022-07-07 22:55:31,922 INFO: Epoch: 302 | PSNR: 30.0759 | Loss: 5.5250 | lr: 2.50e-04 | Best_PSNR: 30.0783 in Epoch [271]
2022-07-07 22:56:07,588 INFO: Epoch: 303 | PSNR: 30.0693 | Loss: 5.5382 | lr: 2.50e-04 | Best_PSNR: 30.0783 in Epoch [271]
2022-07-07 22:56:43,307 INFO: Epoch: 304 | PSNR: 30.0644 | Loss: 5.5389 | lr: 2.50e-04 | Best_PSNR: 30.0783 in Epoch [271]
2022-07-07 22:57:18,856 INFO: Epoch: 305 | PSNR: 30.0654 | Loss: 5.5120 | lr: 2.50e-04 | Best_PSNR: 30.0783 in Epoch [271]
2022-07-07 22:57:55,261 INFO: Epoch: 306 | PSNR: 30.0789 | Loss: 5.5450 | lr: 2.50e-04 | Best_PSNR: 30.0789 in Epoch [306]
2022-07-07 22:58:31,092 INFO: Epoch: 307 | PSNR: 30.0694 | Loss: 5.5661 | lr: 2.50e-04 | Best_PSNR: 30.0789 in Epoch [306]
2022-07-07 22:59:06,887 INFO: Epoch: 308 | PSNR: 30.0697 | Loss: 5.5433 | lr: 2.50e-04 | Best_PSNR: 30.0789 in Epoch [306]
2022-07-07 22:59:43,068 INFO: Epoch: 309 | PSNR: 30.0802 | Loss: 5.5403 | lr: 2.50e-04 | Best_PSNR: 30.0802 in Epoch [309]
2022-07-07 23:00:18,927 INFO: Epoch: 310 | PSNR: 30.0775 | Loss: 5.5340 | lr: 2.50e-04 | Best_PSNR: 30.0802 in Epoch [309]
2022-07-07 23:00:54,852 INFO: Epoch: 311 | PSNR: 30.0753 | Loss: 5.5207 | lr: 2.50e-04 | Best_PSNR: 30.0802 in Epoch [309]
2022-07-07 23:01:30,506 INFO: Epoch: 312 | PSNR: 30.0780 | Loss: 5.5494 | lr: 2.50e-04 | Best_PSNR: 30.0802 in Epoch [309]
2022-07-07 23:02:06,239 INFO: Epoch: 313 | PSNR: 30.0755 | Loss: 5.5047 | lr: 2.50e-04 | Best_PSNR: 30.0802 in Epoch [309]
2022-07-07 23:02:41,770 INFO: Epoch: 314 | PSNR: 30.0757 | Loss: 5.5065 | lr: 2.50e-04 | Best_PSNR: 30.0802 in Epoch [309]
2022-07-07 23:03:17,275 INFO: Epoch: 315 | PSNR: 30.0794 | Loss: 5.4991 | lr: 2.50e-04 | Best_PSNR: 30.0802 in Epoch [309]
2022-07-07 23:03:52,986 INFO: Epoch: 316 | PSNR: 30.0784 | Loss: 5.5073 | lr: 2.50e-04 | Best_PSNR: 30.0802 in Epoch [309]
2022-07-07 23:04:28,787 INFO: Epoch: 317 | PSNR: 30.0711 | Loss: 5.5254 | lr: 2.50e-04 | Best_PSNR: 30.0802 in Epoch [309]
2022-07-07 23:05:04,270 INFO: Epoch: 318 | PSNR: 30.0646 | Loss: 5.5102 | lr: 2.50e-04 | Best_PSNR: 30.0802 in Epoch [309]
2022-07-07 23:05:39,693 INFO: Epoch: 319 | PSNR: 30.0710 | Loss: 5.5013 | lr: 2.50e-04 | Best_PSNR: 30.0802 in Epoch [309]
2022-07-07 23:06:15,540 INFO: Epoch: 320 | PSNR: 30.0758 | Loss: 5.5070 | lr: 2.50e-04 | Best_PSNR: 30.0802 in Epoch [309]
2022-07-07 23:06:50,910 INFO: Epoch: 321 | PSNR: 30.0701 | Loss: 5.5649 | lr: 2.50e-04 | Best_PSNR: 30.0802 in Epoch [309]
2022-07-07 23:07:26,611 INFO: Epoch: 322 | PSNR: 30.0803 | Loss: 5.5173 | lr: 2.50e-04 | Best_PSNR: 30.0803 in Epoch [322]
2022-07-07 23:08:02,208 INFO: Epoch: 323 | PSNR: 30.0654 | Loss: 5.5577 | lr: 2.50e-04 | Best_PSNR: 30.0803 in Epoch [322]
2022-07-07 23:08:37,760 INFO: Epoch: 324 | PSNR: 30.0678 | Loss: 5.5305 | lr: 2.50e-04 | Best_PSNR: 30.0803 in Epoch [322]
2022-07-07 23:09:13,395 INFO: Epoch: 325 | PSNR: 30.0558 | Loss: 5.5675 | lr: 2.50e-04 | Best_PSNR: 30.0803 in Epoch [322]
2022-07-07 23:09:49,016 INFO: Epoch: 326 | PSNR: 30.0765 | Loss: 5.5685 | lr: 2.50e-04 | Best_PSNR: 30.0803 in Epoch [322]
2022-07-07 23:10:24,495 INFO: Epoch: 327 | PSNR: 30.0762 | Loss: 5.5201 | lr: 2.50e-04 | Best_PSNR: 30.0803 in Epoch [322]
2022-07-07 23:11:00,069 INFO: Epoch: 328 | PSNR: 30.0679 | Loss: 5.5178 | lr: 2.50e-04 | Best_PSNR: 30.0803 in Epoch [322]
2022-07-07 23:11:35,762 INFO: Epoch: 329 | PSNR: 30.0724 | Loss: 5.5245 | lr: 2.50e-04 | Best_PSNR: 30.0803 in Epoch [322]
2022-07-07 23:12:11,455 INFO: Epoch: 330 | PSNR: 30.0710 | Loss: 5.5377 | lr: 2.50e-04 | Best_PSNR: 30.0803 in Epoch [322]
2022-07-07 23:12:47,008 INFO: Epoch: 331 | PSNR: 30.0736 | Loss: 5.5086 | lr: 2.50e-04 | Best_PSNR: 30.0803 in Epoch [322]
2022-07-07 23:13:22,461 INFO: Epoch: 332 | PSNR: 30.0766 | Loss: 5.5549 | lr: 2.50e-04 | Best_PSNR: 30.0803 in Epoch [322]
2022-07-07 23:13:58,275 INFO: Epoch: 333 | PSNR: 30.0670 | Loss: 5.5360 | lr: 2.50e-04 | Best_PSNR: 30.0803 in Epoch [322]
2022-07-07 23:14:34,194 INFO: Epoch: 334 | PSNR: 30.0735 | Loss: 5.5252 | lr: 2.50e-04 | Best_PSNR: 30.0803 in Epoch [322]
2022-07-07 23:15:09,782 INFO: Epoch: 335 | PSNR: 30.0795 | Loss: 5.5259 | lr: 2.50e-04 | Best_PSNR: 30.0803 in Epoch [322]
2022-07-07 23:15:45,455 INFO: Epoch: 336 | PSNR: 30.0713 | Loss: 5.5476 | lr: 2.50e-04 | Best_PSNR: 30.0803 in Epoch [322]
2022-07-07 23:16:21,027 INFO: Epoch: 337 | PSNR: 30.0624 | Loss: 5.5360 | lr: 2.50e-04 | Best_PSNR: 30.0803 in Epoch [322]
2022-07-07 23:16:56,787 INFO: Epoch: 338 | PSNR: 30.0718 | Loss: 5.5460 | lr: 2.50e-04 | Best_PSNR: 30.0803 in Epoch [322]
2022-07-07 23:17:32,603 INFO: Epoch: 339 | PSNR: 30.0697 | Loss: 5.5350 | lr: 2.50e-04 | Best_PSNR: 30.0803 in Epoch [322]
2022-07-07 23:18:08,655 INFO: Epoch: 340 | PSNR: 30.0799 | Loss: 5.5209 | lr: 2.50e-04 | Best_PSNR: 30.0803 in Epoch [322]
2022-07-07 23:18:44,350 INFO: Epoch: 341 | PSNR: 30.0729 | Loss: 5.5432 | lr: 2.50e-04 | Best_PSNR: 30.0803 in Epoch [322]
2022-07-07 23:19:20,501 INFO: Epoch: 342 | PSNR: 30.0835 | Loss: 5.4977 | lr: 2.50e-04 | Best_PSNR: 30.0835 in Epoch [342]
2022-07-07 23:19:56,049 INFO: Epoch: 343 | PSNR: 30.0756 | Loss: 5.5347 | lr: 2.50e-04 | Best_PSNR: 30.0835 in Epoch [342]
2022-07-07 23:20:31,845 INFO: Epoch: 344 | PSNR: 30.0722 | Loss: 5.5651 | lr: 2.50e-04 | Best_PSNR: 30.0835 in Epoch [342]
2022-07-07 23:21:07,777 INFO: Epoch: 345 | PSNR: 30.0767 | Loss: 5.5047 | lr: 2.50e-04 | Best_PSNR: 30.0835 in Epoch [342]
2022-07-07 23:21:43,606 INFO: Epoch: 346 | PSNR: 30.0700 | Loss: 5.5213 | lr: 2.50e-04 | Best_PSNR: 30.0835 in Epoch [342]
2022-07-07 23:22:19,722 INFO: Epoch: 347 | PSNR: 30.0761 | Loss: 5.5089 | lr: 2.50e-04 | Best_PSNR: 30.0835 in Epoch [342]
2022-07-07 23:22:55,256 INFO: Epoch: 348 | PSNR: 30.0710 | Loss: 5.5150 | lr: 2.50e-04 | Best_PSNR: 30.0835 in Epoch [342]
2022-07-07 23:23:30,936 INFO: Epoch: 349 | PSNR: 30.0662 | Loss: 5.4794 | lr: 2.50e-04 | Best_PSNR: 30.0835 in Epoch [342]
2022-07-07 23:24:06,769 INFO: Epoch: 350 | PSNR: 30.0665 | Loss: 5.5658 | lr: 2.50e-04 | Best_PSNR: 30.0835 in Epoch [342]
2022-07-07 23:24:42,585 INFO: Epoch: 351 | PSNR: 30.0701 | Loss: 5.5373 | lr: 2.50e-04 | Best_PSNR: 30.0835 in Epoch [342]
2022-07-07 23:25:18,323 INFO: Epoch: 352 | PSNR: 30.0761 | Loss: 5.5332 | lr: 2.50e-04 | Best_PSNR: 30.0835 in Epoch [342]
2022-07-07 23:25:53,985 INFO: Epoch: 353 | PSNR: 30.0684 | Loss: 5.5399 | lr: 2.50e-04 | Best_PSNR: 30.0835 in Epoch [342]
2022-07-07 23:26:29,994 INFO: Epoch: 354 | PSNR: 30.0785 | Loss: 5.5208 | lr: 2.50e-04 | Best_PSNR: 30.0835 in Epoch [342]
2022-07-07 23:27:05,734 INFO: Epoch: 355 | PSNR: 30.0701 | Loss: 5.4940 | lr: 2.50e-04 | Best_PSNR: 30.0835 in Epoch [342]
2022-07-07 23:27:41,403 INFO: Epoch: 356 | PSNR: 30.0807 | Loss: 5.5169 | lr: 2.50e-04 | Best_PSNR: 30.0835 in Epoch [342]
2022-07-07 23:28:17,325 INFO: Epoch: 357 | PSNR: 30.0794 | Loss: 5.5352 | lr: 2.50e-04 | Best_PSNR: 30.0835 in Epoch [342]
2022-07-07 23:28:52,881 INFO: Epoch: 358 | PSNR: 30.0667 | Loss: 5.5012 | lr: 2.50e-04 | Best_PSNR: 30.0835 in Epoch [342]
2022-07-07 23:29:28,202 INFO: Epoch: 359 | PSNR: 30.0727 | Loss: 5.5380 | lr: 2.50e-04 | Best_PSNR: 30.0835 in Epoch [342]
2022-07-07 23:30:03,692 INFO: Epoch: 360 | PSNR: 30.0779 | Loss: 5.5332 | lr: 2.50e-04 | Best_PSNR: 30.0835 in Epoch [342]
2022-07-07 23:30:39,378 INFO: Epoch: 361 | PSNR: 30.0775 | Loss: 5.5476 | lr: 1.25e-04 | Best_PSNR: 30.0835 in Epoch [342]
2022-07-07 23:31:15,225 INFO: Epoch: 362 | PSNR: 30.0743 | Loss: 5.5339 | lr: 1.25e-04 | Best_PSNR: 30.0835 in Epoch [342]
2022-07-07 23:31:50,965 INFO: Epoch: 363 | PSNR: 30.0752 | Loss: 5.5499 | lr: 1.25e-04 | Best_PSNR: 30.0835 in Epoch [342]
2022-07-07 23:32:26,766 INFO: Epoch: 364 | PSNR: 30.0830 | Loss: 5.5383 | lr: 1.25e-04 | Best_PSNR: 30.0835 in Epoch [342]
2022-07-07 23:33:02,428 INFO: Epoch: 365 | PSNR: 30.0800 | Loss: 5.5239 | lr: 1.25e-04 | Best_PSNR: 30.0835 in Epoch [342]
2022-07-07 23:33:38,097 INFO: Epoch: 366 | PSNR: 30.0816 | Loss: 5.4986 | lr: 1.25e-04 | Best_PSNR: 30.0835 in Epoch [342]
2022-07-07 23:34:14,106 INFO: Epoch: 367 | PSNR: 30.0768 | Loss: 5.5116 | lr: 1.25e-04 | Best_PSNR: 30.0835 in Epoch [342]
2022-07-07 23:34:49,756 INFO: Epoch: 368 | PSNR: 30.0805 | Loss: 5.5427 | lr: 1.25e-04 | Best_PSNR: 30.0835 in Epoch [342]
2022-07-07 23:35:25,486 INFO: Epoch: 369 | PSNR: 30.0774 | Loss: 5.5404 | lr: 1.25e-04 | Best_PSNR: 30.0835 in Epoch [342]
2022-07-07 23:36:01,266 INFO: Epoch: 370 | PSNR: 30.0833 | Loss: 5.5036 | lr: 1.25e-04 | Best_PSNR: 30.0835 in Epoch [342]
2022-07-07 23:36:37,853 INFO: Epoch: 371 | PSNR: 30.0844 | Loss: 5.5209 | lr: 1.25e-04 | Best_PSNR: 30.0844 in Epoch [371]
2022-07-07 23:37:13,701 INFO: Epoch: 372 | PSNR: 30.0799 | Loss: 5.5293 | lr: 1.25e-04 | Best_PSNR: 30.0844 in Epoch [371]
2022-07-07 23:37:49,283 INFO: Epoch: 373 | PSNR: 30.0747 | Loss: 5.4932 | lr: 1.25e-04 | Best_PSNR: 30.0844 in Epoch [371]
2022-07-07 23:38:25,656 INFO: Epoch: 374 | PSNR: 30.0883 | Loss: 5.4987 | lr: 1.25e-04 | Best_PSNR: 30.0883 in Epoch [374]
2022-07-07 23:39:01,268 INFO: Epoch: 375 | PSNR: 30.0782 | Loss: 5.5318 | lr: 1.25e-04 | Best_PSNR: 30.0883 in Epoch [374]
2022-07-07 23:39:36,705 INFO: Epoch: 376 | PSNR: 30.0859 | Loss: 5.5602 | lr: 1.25e-04 | Best_PSNR: 30.0883 in Epoch [374]
2022-07-07 23:40:12,240 INFO: Epoch: 377 | PSNR: 30.0805 | Loss: 5.5572 | lr: 1.25e-04 | Best_PSNR: 30.0883 in Epoch [374]
2022-07-07 23:40:47,985 INFO: Epoch: 378 | PSNR: 30.0800 | Loss: 5.5709 | lr: 1.25e-04 | Best_PSNR: 30.0883 in Epoch [374]
2022-07-07 23:41:23,555 INFO: Epoch: 379 | PSNR: 30.0825 | Loss: 5.5347 | lr: 1.25e-04 | Best_PSNR: 30.0883 in Epoch [374]
2022-07-07 23:41:59,267 INFO: Epoch: 380 | PSNR: 30.0797 | Loss: 5.5403 | lr: 1.25e-04 | Best_PSNR: 30.0883 in Epoch [374]
2022-07-07 23:42:34,916 INFO: Epoch: 381 | PSNR: 30.0836 | Loss: 5.5367 | lr: 1.25e-04 | Best_PSNR: 30.0883 in Epoch [374]
2022-07-07 23:43:10,327 INFO: Epoch: 382 | PSNR: 30.0853 | Loss: 5.5424 | lr: 1.25e-04 | Best_PSNR: 30.0883 in Epoch [374]
2022-07-07 23:43:45,885 INFO: Epoch: 383 | PSNR: 30.0834 | Loss: 5.5448 | lr: 1.25e-04 | Best_PSNR: 30.0883 in Epoch [374]
2022-07-07 23:44:21,543 INFO: Epoch: 384 | PSNR: 30.0837 | Loss: 5.5231 | lr: 1.25e-04 | Best_PSNR: 30.0883 in Epoch [374]
2022-07-07 23:44:56,761 INFO: Epoch: 385 | PSNR: 30.0858 | Loss: 5.5093 | lr: 1.25e-04 | Best_PSNR: 30.0883 in Epoch [374]
2022-07-07 23:45:32,338 INFO: Epoch: 386 | PSNR: 30.0763 | Loss: 5.5485 | lr: 1.25e-04 | Best_PSNR: 30.0883 in Epoch [374]
2022-07-07 23:46:07,911 INFO: Epoch: 387 | PSNR: 30.0844 | Loss: 5.4948 | lr: 1.25e-04 | Best_PSNR: 30.0883 in Epoch [374]
2022-07-07 23:46:43,544 INFO: Epoch: 388 | PSNR: 30.0804 | Loss: 5.5282 | lr: 1.25e-04 | Best_PSNR: 30.0883 in Epoch [374]
2022-07-07 23:47:18,967 INFO: Epoch: 389 | PSNR: 30.0850 | Loss: 5.5478 | lr: 1.25e-04 | Best_PSNR: 30.0883 in Epoch [374]
2022-07-07 23:47:54,196 INFO: Epoch: 390 | PSNR: 30.0829 | Loss: 5.4983 | lr: 1.25e-04 | Best_PSNR: 30.0883 in Epoch [374]
2022-07-07 23:48:29,956 INFO: Epoch: 391 | PSNR: 30.0862 | Loss: 5.5199 | lr: 1.25e-04 | Best_PSNR: 30.0883 in Epoch [374]
2022-07-07 23:49:05,269 INFO: Epoch: 392 | PSNR: 30.0818 | Loss: 5.5653 | lr: 1.25e-04 | Best_PSNR: 30.0883 in Epoch [374]
2022-07-07 23:49:40,669 INFO: Epoch: 393 | PSNR: 30.0781 | Loss: 5.5228 | lr: 1.25e-04 | Best_PSNR: 30.0883 in Epoch [374]
2022-07-07 23:50:15,883 INFO: Epoch: 394 | PSNR: 30.0844 | Loss: 5.5353 | lr: 1.25e-04 | Best_PSNR: 30.0883 in Epoch [374]
2022-07-07 23:50:51,578 INFO: Epoch: 395 | PSNR: 30.0803 | Loss: 5.4867 | lr: 1.25e-04 | Best_PSNR: 30.0883 in Epoch [374]
2022-07-07 23:51:27,026 INFO: Epoch: 396 | PSNR: 30.0786 | Loss: 5.5130 | lr: 1.25e-04 | Best_PSNR: 30.0883 in Epoch [374]
2022-07-07 23:52:02,660 INFO: Epoch: 397 | PSNR: 30.0810 | Loss: 5.5068 | lr: 1.25e-04 | Best_PSNR: 30.0883 in Epoch [374]
2022-07-07 23:52:38,381 INFO: Epoch: 398 | PSNR: 30.0825 | Loss: 5.5307 | lr: 1.25e-04 | Best_PSNR: 30.0883 in Epoch [374]
2022-07-07 23:53:13,965 INFO: Epoch: 399 | PSNR: 30.0852 | Loss: 5.5552 | lr: 1.25e-04 | Best_PSNR: 30.0883 in Epoch [374]
2022-07-07 23:53:49,508 INFO: Epoch: 400 | PSNR: 30.0793 | Loss: 5.5319 | lr: 1.25e-04 | Best_PSNR: 30.0883 in Epoch [374]
2022-07-07 23:54:25,070 INFO: Epoch: 401 | PSNR: 30.0830 | Loss: 5.5133 | lr: 1.25e-04 | Best_PSNR: 30.0883 in Epoch [374]
2022-07-07 23:55:01,184 INFO: Epoch: 402 | PSNR: 30.0846 | Loss: 5.5778 | lr: 1.25e-04 | Best_PSNR: 30.0883 in Epoch [374]
2022-07-07 23:55:36,845 INFO: Epoch: 403 | PSNR: 30.0821 | Loss: 5.4825 | lr: 1.25e-04 | Best_PSNR: 30.0883 in Epoch [374]
2022-07-07 23:56:13,798 INFO: Epoch: 404 | PSNR: 30.0823 | Loss: 5.5398 | lr: 1.25e-04 | Best_PSNR: 30.0883 in Epoch [374]
2022-07-07 23:56:50,402 INFO: Epoch: 405 | PSNR: 30.0849 | Loss: 5.5494 | lr: 1.25e-04 | Best_PSNR: 30.0883 in Epoch [374]
2022-07-07 23:57:26,787 INFO: Epoch: 406 | PSNR: 30.0812 | Loss: 5.5215 | lr: 1.25e-04 | Best_PSNR: 30.0883 in Epoch [374]
2022-07-07 23:58:03,640 INFO: Epoch: 407 | PSNR: 30.0780 | Loss: 5.5465 | lr: 1.25e-04 | Best_PSNR: 30.0883 in Epoch [374]
2022-07-07 23:58:40,020 INFO: Epoch: 408 | PSNR: 30.0816 | Loss: 5.4808 | lr: 1.25e-04 | Best_PSNR: 30.0883 in Epoch [374]
2022-07-07 23:59:16,228 INFO: Epoch: 409 | PSNR: 30.0801 | Loss: 5.5369 | lr: 1.25e-04 | Best_PSNR: 30.0883 in Epoch [374]
2022-07-07 23:59:52,053 INFO: Epoch: 410 | PSNR: 30.0816 | Loss: 5.5131 | lr: 1.25e-04 | Best_PSNR: 30.0883 in Epoch [374]
2022-07-08 00:00:28,663 INFO: Epoch: 411 | PSNR: 30.0729 | Loss: 5.5207 | lr: 1.25e-04 | Best_PSNR: 30.0883 in Epoch [374]
2022-07-08 00:01:05,357 INFO: Epoch: 412 | PSNR: 30.0834 | Loss: 5.5251 | lr: 1.25e-04 | Best_PSNR: 30.0883 in Epoch [374]
2022-07-08 00:01:40,878 INFO: Epoch: 413 | PSNR: 30.0824 | Loss: 5.5330 | lr: 1.25e-04 | Best_PSNR: 30.0883 in Epoch [374]
2022-07-08 00:02:16,776 INFO: Epoch: 414 | PSNR: 30.0850 | Loss: 5.5335 | lr: 1.25e-04 | Best_PSNR: 30.0883 in Epoch [374]
2022-07-08 00:02:54,170 INFO: Epoch: 415 | PSNR: 30.0805 | Loss: 5.5389 | lr: 1.25e-04 | Best_PSNR: 30.0883 in Epoch [374]
2022-07-08 00:03:30,812 INFO: Epoch: 416 | PSNR: 30.0818 | Loss: 5.5221 | lr: 1.25e-04 | Best_PSNR: 30.0883 in Epoch [374]
2022-07-08 00:04:07,128 INFO: Epoch: 417 | PSNR: 30.0837 | Loss: 5.5160 | lr: 1.25e-04 | Best_PSNR: 30.0883 in Epoch [374]
2022-07-08 00:04:44,727 INFO: Epoch: 418 | PSNR: 30.0857 | Loss: 5.5342 | lr: 1.25e-04 | Best_PSNR: 30.0883 in Epoch [374]
2022-07-08 00:05:20,279 INFO: Epoch: 419 | PSNR: 30.0818 | Loss: 5.5052 | lr: 1.25e-04 | Best_PSNR: 30.0883 in Epoch [374]
2022-07-08 00:05:56,256 INFO: Epoch: 420 | PSNR: 30.0816 | Loss: 5.5290 | lr: 1.25e-04 | Best_PSNR: 30.0883 in Epoch [374]
2022-07-08 00:06:32,177 INFO: Epoch: 421 | PSNR: 30.0826 | Loss: 5.5463 | lr: 1.25e-04 | Best_PSNR: 30.0883 in Epoch [374]
2022-07-08 00:07:08,016 INFO: Epoch: 422 | PSNR: 30.0798 | Loss: 5.5159 | lr: 1.25e-04 | Best_PSNR: 30.0883 in Epoch [374]
2022-07-08 00:07:44,940 INFO: Epoch: 423 | PSNR: 30.0764 | Loss: 5.5222 | lr: 1.25e-04 | Best_PSNR: 30.0883 in Epoch [374]
2022-07-08 00:08:21,710 INFO: Epoch: 424 | PSNR: 30.0843 | Loss: 5.5665 | lr: 1.25e-04 | Best_PSNR: 30.0883 in Epoch [374]
2022-07-08 00:08:58,020 INFO: Epoch: 425 | PSNR: 30.0860 | Loss: 5.5398 | lr: 1.25e-04 | Best_PSNR: 30.0883 in Epoch [374]
2022-07-08 00:09:34,549 INFO: Epoch: 426 | PSNR: 30.0810 | Loss: 5.5379 | lr: 1.25e-04 | Best_PSNR: 30.0883 in Epoch [374]
2022-07-08 00:10:11,043 INFO: Epoch: 427 | PSNR: 30.0857 | Loss: 5.5276 | lr: 1.25e-04 | Best_PSNR: 30.0883 in Epoch [374]
2022-07-08 00:10:48,538 INFO: Epoch: 428 | PSNR: 30.0793 | Loss: 5.5022 | lr: 1.25e-04 | Best_PSNR: 30.0883 in Epoch [374]
2022-07-08 00:11:24,904 INFO: Epoch: 429 | PSNR: 30.0862 | Loss: 5.5226 | lr: 1.25e-04 | Best_PSNR: 30.0883 in Epoch [374]
2022-07-08 00:12:01,506 INFO: Epoch: 430 | PSNR: 30.0844 | Loss: 5.5388 | lr: 1.25e-04 | Best_PSNR: 30.0883 in Epoch [374]
2022-07-08 00:12:37,825 INFO: Epoch: 431 | PSNR: 30.0707 | Loss: 5.5623 | lr: 1.25e-04 | Best_PSNR: 30.0883 in Epoch [374]
2022-07-08 00:13:13,689 INFO: Epoch: 432 | PSNR: 30.0867 | Loss: 5.5530 | lr: 1.25e-04 | Best_PSNR: 30.0883 in Epoch [374]
2022-07-08 00:13:51,021 INFO: Epoch: 433 | PSNR: 30.0809 | Loss: 5.5160 | lr: 1.25e-04 | Best_PSNR: 30.0883 in Epoch [374]
2022-07-08 00:14:28,165 INFO: Epoch: 434 | PSNR: 30.0826 | Loss: 5.5254 | lr: 1.25e-04 | Best_PSNR: 30.0883 in Epoch [374]
2022-07-08 00:15:05,055 INFO: Epoch: 435 | PSNR: 30.0804 | Loss: 5.5322 | lr: 1.25e-04 | Best_PSNR: 30.0883 in Epoch [374]
2022-07-08 00:15:41,655 INFO: Epoch: 436 | PSNR: 30.0865 | Loss: 5.5577 | lr: 1.25e-04 | Best_PSNR: 30.0883 in Epoch [374]
2022-07-08 00:16:18,121 INFO: Epoch: 437 | PSNR: 30.0844 | Loss: 5.5262 | lr: 1.25e-04 | Best_PSNR: 30.0883 in Epoch [374]
2022-07-08 00:16:53,909 INFO: Epoch: 438 | PSNR: 30.0778 | Loss: 5.5370 | lr: 1.25e-04 | Best_PSNR: 30.0883 in Epoch [374]
2022-07-08 00:17:29,721 INFO: Epoch: 439 | PSNR: 30.0781 | Loss: 5.5041 | lr: 1.25e-04 | Best_PSNR: 30.0883 in Epoch [374]
2022-07-08 00:18:05,365 INFO: Epoch: 440 | PSNR: 30.0812 | Loss: 5.4845 | lr: 1.25e-04 | Best_PSNR: 30.0883 in Epoch [374]
2022-07-08 00:18:41,257 INFO: Epoch: 441 | PSNR: 30.0860 | Loss: 5.5280 | lr: 1.25e-04 | Best_PSNR: 30.0883 in Epoch [374]
2022-07-08 00:19:17,269 INFO: Epoch: 442 | PSNR: 30.0855 | Loss: 5.5110 | lr: 1.25e-04 | Best_PSNR: 30.0883 in Epoch [374]
2022-07-08 00:19:52,855 INFO: Epoch: 443 | PSNR: 30.0818 | Loss: 5.5106 | lr: 1.25e-04 | Best_PSNR: 30.0883 in Epoch [374]
2022-07-08 00:20:28,466 INFO: Epoch: 444 | PSNR: 30.0654 | Loss: 5.5534 | lr: 1.25e-04 | Best_PSNR: 30.0883 in Epoch [374]
2022-07-08 00:21:04,644 INFO: Epoch: 445 | PSNR: 30.0777 | Loss: 5.5483 | lr: 1.25e-04 | Best_PSNR: 30.0883 in Epoch [374]
2022-07-08 00:21:41,002 INFO: Epoch: 446 | PSNR: 30.0842 | Loss: 5.5037 | lr: 1.25e-04 | Best_PSNR: 30.0883 in Epoch [374]
2022-07-08 00:22:16,480 INFO: Epoch: 447 | PSNR: 30.0849 | Loss: 5.5269 | lr: 1.25e-04 | Best_PSNR: 30.0883 in Epoch [374]
2022-07-08 00:22:52,389 INFO: Epoch: 448 | PSNR: 30.0814 | Loss: 5.5174 | lr: 1.25e-04 | Best_PSNR: 30.0883 in Epoch [374]
2022-07-08 00:23:28,241 INFO: Epoch: 449 | PSNR: 30.0833 | Loss: 5.5214 | lr: 1.25e-04 | Best_PSNR: 30.0883 in Epoch [374]
2022-07-08 00:24:04,450 INFO: Epoch: 450 | PSNR: 30.0836 | Loss: 5.5192 | lr: 1.25e-04 | Best_PSNR: 30.0883 in Epoch [374]
2022-07-08 00:24:40,480 INFO: Epoch: 451 | PSNR: 30.0857 | Loss: 5.4947 | lr: 1.25e-04 | Best_PSNR: 30.0883 in Epoch [374]
2022-07-08 00:25:16,472 INFO: Epoch: 452 | PSNR: 30.0840 | Loss: 5.5610 | lr: 1.25e-04 | Best_PSNR: 30.0883 in Epoch [374]
2022-07-08 00:25:52,098 INFO: Epoch: 453 | PSNR: 30.0811 | Loss: 5.5147 | lr: 1.25e-04 | Best_PSNR: 30.0883 in Epoch [374]
2022-07-08 00:26:27,664 INFO: Epoch: 454 | PSNR: 30.0812 | Loss: 5.5035 | lr: 1.25e-04 | Best_PSNR: 30.0883 in Epoch [374]
2022-07-08 00:27:03,554 INFO: Epoch: 455 | PSNR: 30.0809 | Loss: 5.5252 | lr: 1.25e-04 | Best_PSNR: 30.0883 in Epoch [374]
2022-07-08 00:27:39,117 INFO: Epoch: 456 | PSNR: 30.0861 | Loss: 5.5216 | lr: 1.25e-04 | Best_PSNR: 30.0883 in Epoch [374]
2022-07-08 00:28:14,931 INFO: Epoch: 457 | PSNR: 30.0867 | Loss: 5.5451 | lr: 1.25e-04 | Best_PSNR: 30.0883 in Epoch [374]
2022-07-08 00:28:50,887 INFO: Epoch: 458 | PSNR: 30.0865 | Loss: 5.5165 | lr: 1.25e-04 | Best_PSNR: 30.0883 in Epoch [374]
2022-07-08 00:29:26,806 INFO: Epoch: 459 | PSNR: 30.0770 | Loss: 5.5620 | lr: 1.25e-04 | Best_PSNR: 30.0883 in Epoch [374]
2022-07-08 00:30:02,430 INFO: Epoch: 460 | PSNR: 30.0810 | Loss: 5.5511 | lr: 1.25e-04 | Best_PSNR: 30.0883 in Epoch [374]
2022-07-08 00:30:38,169 INFO: Epoch: 461 | PSNR: 30.0759 | Loss: 5.5540 | lr: 1.25e-04 | Best_PSNR: 30.0883 in Epoch [374]
2022-07-08 00:31:13,838 INFO: Epoch: 462 | PSNR: 30.0785 | Loss: 5.5175 | lr: 1.25e-04 | Best_PSNR: 30.0883 in Epoch [374]
2022-07-08 00:31:49,887 INFO: Epoch: 463 | PSNR: 30.0922 | Loss: 5.5326 | lr: 1.25e-04 | Best_PSNR: 30.0922 in Epoch [463]
2022-07-08 00:32:25,306 INFO: Epoch: 464 | PSNR: 30.0831 | Loss: 5.5722 | lr: 1.25e-04 | Best_PSNR: 30.0922 in Epoch [463]
2022-07-08 00:33:00,849 INFO: Epoch: 465 | PSNR: 30.0814 | Loss: 5.5359 | lr: 1.25e-04 | Best_PSNR: 30.0922 in Epoch [463]
2022-07-08 00:33:36,173 INFO: Epoch: 466 | PSNR: 30.0850 | Loss: 5.5116 | lr: 1.25e-04 | Best_PSNR: 30.0922 in Epoch [463]
2022-07-08 00:34:11,838 INFO: Epoch: 467 | PSNR: 30.0885 | Loss: 5.5093 | lr: 1.25e-04 | Best_PSNR: 30.0922 in Epoch [463]
2022-07-08 00:34:47,346 INFO: Epoch: 468 | PSNR: 30.0870 | Loss: 5.5346 | lr: 1.25e-04 | Best_PSNR: 30.0922 in Epoch [463]
2022-07-08 00:35:22,889 INFO: Epoch: 469 | PSNR: 30.0842 | Loss: 5.5036 | lr: 1.25e-04 | Best_PSNR: 30.0922 in Epoch [463]
2022-07-08 00:35:58,440 INFO: Epoch: 470 | PSNR: 30.0827 | Loss: 5.5092 | lr: 1.25e-04 | Best_PSNR: 30.0922 in Epoch [463]
2022-07-08 00:36:33,920 INFO: Epoch: 471 | PSNR: 30.0722 | Loss: 5.5050 | lr: 1.25e-04 | Best_PSNR: 30.0922 in Epoch [463]
2022-07-08 00:37:09,737 INFO: Epoch: 472 | PSNR: 30.0794 | Loss: 5.5276 | lr: 1.25e-04 | Best_PSNR: 30.0922 in Epoch [463]
2022-07-08 00:37:45,169 INFO: Epoch: 473 | PSNR: 30.0802 | Loss: 5.5115 | lr: 1.25e-04 | Best_PSNR: 30.0922 in Epoch [463]
2022-07-08 00:38:20,969 INFO: Epoch: 474 | PSNR: 30.0849 | Loss: 5.5350 | lr: 1.25e-04 | Best_PSNR: 30.0922 in Epoch [463]
2022-07-08 00:38:56,631 INFO: Epoch: 475 | PSNR: 30.0861 | Loss: 5.5395 | lr: 1.25e-04 | Best_PSNR: 30.0922 in Epoch [463]
2022-07-08 00:39:32,287 INFO: Epoch: 476 | PSNR: 30.0780 | Loss: 5.5003 | lr: 1.25e-04 | Best_PSNR: 30.0922 in Epoch [463]
2022-07-08 00:40:08,128 INFO: Epoch: 477 | PSNR: 30.0880 | Loss: 5.4942 | lr: 1.25e-04 | Best_PSNR: 30.0922 in Epoch [463]
2022-07-08 00:40:43,803 INFO: Epoch: 478 | PSNR: 30.0838 | Loss: 5.5190 | lr: 1.25e-04 | Best_PSNR: 30.0922 in Epoch [463]
2022-07-08 00:41:19,428 INFO: Epoch: 479 | PSNR: 30.0778 | Loss: 5.5290 | lr: 1.25e-04 | Best_PSNR: 30.0922 in Epoch [463]
2022-07-08 00:41:55,084 INFO: Epoch: 480 | PSNR: 30.0849 | Loss: 5.4954 | lr: 1.25e-04 | Best_PSNR: 30.0922 in Epoch [463]
2022-07-08 00:42:30,643 INFO: Epoch: 481 | PSNR: 30.0914 | Loss: 5.5177 | lr: 6.25e-05 | Best_PSNR: 30.0922 in Epoch [463]
2022-07-08 00:43:06,436 INFO: Epoch: 482 | PSNR: 30.0868 | Loss: 5.5100 | lr: 6.25e-05 | Best_PSNR: 30.0922 in Epoch [463]
2022-07-08 00:43:42,028 INFO: Epoch: 483 | PSNR: 30.0909 | Loss: 5.5004 | lr: 6.25e-05 | Best_PSNR: 30.0922 in Epoch [463]
2022-07-08 00:44:17,923 INFO: Epoch: 484 | PSNR: 30.0815 | Loss: 5.5396 | lr: 6.25e-05 | Best_PSNR: 30.0922 in Epoch [463]
2022-07-08 00:44:53,805 INFO: Epoch: 485 | PSNR: 30.0909 | Loss: 5.5472 | lr: 6.25e-05 | Best_PSNR: 30.0922 in Epoch [463]
2022-07-08 00:45:29,451 INFO: Epoch: 486 | PSNR: 30.0865 | Loss: 5.5086 | lr: 6.25e-05 | Best_PSNR: 30.0922 in Epoch [463]
2022-07-08 00:46:04,956 INFO: Epoch: 487 | PSNR: 30.0863 | Loss: 5.5121 | lr: 6.25e-05 | Best_PSNR: 30.0922 in Epoch [463]
2022-07-08 00:46:40,443 INFO: Epoch: 488 | PSNR: 30.0899 | Loss: 5.5138 | lr: 6.25e-05 | Best_PSNR: 30.0922 in Epoch [463]
2022-07-08 00:47:15,985 INFO: Epoch: 489 | PSNR: 30.0876 | Loss: 5.5316 | lr: 6.25e-05 | Best_PSNR: 30.0922 in Epoch [463]
2022-07-08 00:47:51,270 INFO: Epoch: 490 | PSNR: 30.0848 | Loss: 5.5213 | lr: 6.25e-05 | Best_PSNR: 30.0922 in Epoch [463]
2022-07-08 00:48:26,721 INFO: Epoch: 491 | PSNR: 30.0897 | Loss: 5.5261 | lr: 6.25e-05 | Best_PSNR: 30.0922 in Epoch [463]
2022-07-08 00:49:02,505 INFO: Epoch: 492 | PSNR: 30.0888 | Loss: 5.5450 | lr: 6.25e-05 | Best_PSNR: 30.0922 in Epoch [463]
2022-07-08 00:49:38,092 INFO: Epoch: 493 | PSNR: 30.0874 | Loss: 5.5384 | lr: 6.25e-05 | Best_PSNR: 30.0922 in Epoch [463]
2022-07-08 00:50:13,786 INFO: Epoch: 494 | PSNR: 30.0861 | Loss: 5.5321 | lr: 6.25e-05 | Best_PSNR: 30.0922 in Epoch [463]
2022-07-08 00:50:49,566 INFO: Epoch: 495 | PSNR: 30.0896 | Loss: 5.4910 | lr: 6.25e-05 | Best_PSNR: 30.0922 in Epoch [463]
2022-07-08 00:51:25,304 INFO: Epoch: 496 | PSNR: 30.0881 | Loss: 5.5064 | lr: 6.25e-05 | Best_PSNR: 30.0922 in Epoch [463]
2022-07-08 00:52:00,981 INFO: Epoch: 497 | PSNR: 30.0827 | Loss: 5.5101 | lr: 6.25e-05 | Best_PSNR: 30.0922 in Epoch [463]
2022-07-08 00:52:36,458 INFO: Epoch: 498 | PSNR: 30.0869 | Loss: 5.5078 | lr: 6.25e-05 | Best_PSNR: 30.0922 in Epoch [463]
2022-07-08 00:53:12,212 INFO: Epoch: 499 | PSNR: 30.0896 | Loss: 5.4939 | lr: 6.25e-05 | Best_PSNR: 30.0922 in Epoch [463]
2022-07-08 00:53:47,727 INFO: Epoch: 500 | PSNR: 30.0904 | Loss: 5.5248 | lr: 6.25e-05 | Best_PSNR: 30.0922 in Epoch [463]
2022-07-08 00:54:23,038 INFO: Epoch: 501 | PSNR: 30.0890 | Loss: 5.5133 | lr: 6.25e-05 | Best_PSNR: 30.0922 in Epoch [463]
2022-07-08 00:54:58,568 INFO: Epoch: 502 | PSNR: 30.0888 | Loss: 5.4854 | lr: 6.25e-05 | Best_PSNR: 30.0922 in Epoch [463]
2022-07-08 00:55:34,279 INFO: Epoch: 503 | PSNR: 30.0886 | Loss: 5.5314 | lr: 6.25e-05 | Best_PSNR: 30.0922 in Epoch [463]
2022-07-08 00:56:10,029 INFO: Epoch: 504 | PSNR: 30.0899 | Loss: 5.5256 | lr: 6.25e-05 | Best_PSNR: 30.0922 in Epoch [463]
2022-07-08 00:56:45,664 INFO: Epoch: 505 | PSNR: 30.0775 | Loss: 5.5445 | lr: 6.25e-05 | Best_PSNR: 30.0922 in Epoch [463]
2022-07-08 00:57:21,291 INFO: Epoch: 506 | PSNR: 30.0829 | Loss: 5.5431 | lr: 6.25e-05 | Best_PSNR: 30.0922 in Epoch [463]
2022-07-08 00:57:56,809 INFO: Epoch: 507 | PSNR: 30.0883 | Loss: 5.5234 | lr: 6.25e-05 | Best_PSNR: 30.0922 in Epoch [463]
2022-07-08 00:58:32,343 INFO: Epoch: 508 | PSNR: 30.0919 | Loss: 5.4923 | lr: 6.25e-05 | Best_PSNR: 30.0922 in Epoch [463]
2022-07-08 00:59:08,116 INFO: Epoch: 509 | PSNR: 30.0889 | Loss: 5.5305 | lr: 6.25e-05 | Best_PSNR: 30.0922 in Epoch [463]
2022-07-08 00:59:43,945 INFO: Epoch: 510 | PSNR: 30.0891 | Loss: 5.5281 | lr: 6.25e-05 | Best_PSNR: 30.0922 in Epoch [463]
2022-07-08 01:00:19,393 INFO: Epoch: 511 | PSNR: 30.0869 | Loss: 5.5237 | lr: 6.25e-05 | Best_PSNR: 30.0922 in Epoch [463]
2022-07-08 01:00:55,042 INFO: Epoch: 512 | PSNR: 30.0909 | Loss: 5.5190 | lr: 6.25e-05 | Best_PSNR: 30.0922 in Epoch [463]
2022-07-08 01:01:30,501 INFO: Epoch: 513 | PSNR: 30.0891 | Loss: 5.5389 | lr: 6.25e-05 | Best_PSNR: 30.0922 in Epoch [463]
2022-07-08 01:02:06,119 INFO: Epoch: 514 | PSNR: 30.0900 | Loss: 5.5304 | lr: 6.25e-05 | Best_PSNR: 30.0922 in Epoch [463]
2022-07-08 01:02:42,359 INFO: Epoch: 515 | PSNR: 30.0929 | Loss: 5.5150 | lr: 6.25e-05 | Best_PSNR: 30.0929 in Epoch [515]
2022-07-08 01:03:18,145 INFO: Epoch: 516 | PSNR: 30.0859 | Loss: 5.5405 | lr: 6.25e-05 | Best_PSNR: 30.0929 in Epoch [515]
2022-07-08 01:03:54,018 INFO: Epoch: 517 | PSNR: 30.0860 | Loss: 5.4887 | lr: 6.25e-05 | Best_PSNR: 30.0929 in Epoch [515]
2022-07-08 01:04:29,717 INFO: Epoch: 518 | PSNR: 30.0883 | Loss: 5.5333 | lr: 6.25e-05 | Best_PSNR: 30.0929 in Epoch [515]
2022-07-08 01:05:05,655 INFO: Epoch: 519 | PSNR: 30.0857 | Loss: 5.5004 | lr: 6.25e-05 | Best_PSNR: 30.0929 in Epoch [515]
2022-07-08 01:05:41,778 INFO: Epoch: 520 | PSNR: 30.0860 | Loss: 5.5315 | lr: 6.25e-05 | Best_PSNR: 30.0929 in Epoch [515]
2022-07-08 01:06:17,361 INFO: Epoch: 521 | PSNR: 30.0877 | Loss: 5.5089 | lr: 6.25e-05 | Best_PSNR: 30.0929 in Epoch [515]
2022-07-08 01:06:53,276 INFO: Epoch: 522 | PSNR: 30.0848 | Loss: 5.5018 | lr: 6.25e-05 | Best_PSNR: 30.0929 in Epoch [515]
2022-07-08 01:07:28,742 INFO: Epoch: 523 | PSNR: 30.0892 | Loss: 5.5024 | lr: 6.25e-05 | Best_PSNR: 30.0929 in Epoch [515]
2022-07-08 01:08:04,112 INFO: Epoch: 524 | PSNR: 30.0891 | Loss: 5.4944 | lr: 6.25e-05 | Best_PSNR: 30.0929 in Epoch [515]
2022-07-08 01:08:39,656 INFO: Epoch: 525 | PSNR: 30.0894 | Loss: 5.5376 | lr: 6.25e-05 | Best_PSNR: 30.0929 in Epoch [515]
2022-07-08 01:09:15,312 INFO: Epoch: 526 | PSNR: 30.0846 | Loss: 5.5362 | lr: 6.25e-05 | Best_PSNR: 30.0929 in Epoch [515]
2022-07-08 01:09:50,910 INFO: Epoch: 527 | PSNR: 30.0864 | Loss: 5.5353 | lr: 6.25e-05 | Best_PSNR: 30.0929 in Epoch [515]
2022-07-08 01:10:26,564 INFO: Epoch: 528 | PSNR: 30.0918 | Loss: 5.5143 | lr: 6.25e-05 | Best_PSNR: 30.0929 in Epoch [515]
2022-07-08 01:11:02,607 INFO: Epoch: 529 | PSNR: 30.0893 | Loss: 5.5078 | lr: 6.25e-05 | Best_PSNR: 30.0929 in Epoch [515]
2022-07-08 01:11:38,013 INFO: Epoch: 530 | PSNR: 30.0871 | Loss: 5.5256 | lr: 6.25e-05 | Best_PSNR: 30.0929 in Epoch [515]
2022-07-08 01:12:13,801 INFO: Epoch: 531 | PSNR: 30.0906 | Loss: 5.5100 | lr: 6.25e-05 | Best_PSNR: 30.0929 in Epoch [515]
2022-07-08 01:12:49,377 INFO: Epoch: 532 | PSNR: 30.0879 | Loss: 5.5190 | lr: 6.25e-05 | Best_PSNR: 30.0929 in Epoch [515]
2022-07-08 01:13:25,174 INFO: Epoch: 533 | PSNR: 30.0865 | Loss: 5.5319 | lr: 6.25e-05 | Best_PSNR: 30.0929 in Epoch [515]
2022-07-08 01:14:00,727 INFO: Epoch: 534 | PSNR: 30.0892 | Loss: 5.5396 | lr: 6.25e-05 | Best_PSNR: 30.0929 in Epoch [515]
2022-07-08 01:14:36,318 INFO: Epoch: 535 | PSNR: 30.0856 | Loss: 5.5427 | lr: 6.25e-05 | Best_PSNR: 30.0929 in Epoch [515]
2022-07-08 01:15:12,009 INFO: Epoch: 536 | PSNR: 30.0896 | Loss: 5.5168 | lr: 6.25e-05 | Best_PSNR: 30.0929 in Epoch [515]
2022-07-08 01:15:47,665 INFO: Epoch: 537 | PSNR: 30.0831 | Loss: 5.5286 | lr: 6.25e-05 | Best_PSNR: 30.0929 in Epoch [515]
2022-07-08 01:16:23,251 INFO: Epoch: 538 | PSNR: 30.0870 | Loss: 5.5301 | lr: 6.25e-05 | Best_PSNR: 30.0929 in Epoch [515]
2022-07-08 01:16:59,199 INFO: Epoch: 539 | PSNR: 30.0913 | Loss: 5.4887 | lr: 6.25e-05 | Best_PSNR: 30.0929 in Epoch [515]
2022-07-08 01:17:34,828 INFO: Epoch: 540 | PSNR: 30.0889 | Loss: 5.5319 | lr: 6.25e-05 | Best_PSNR: 30.0929 in Epoch [515]
2022-07-08 01:18:10,536 INFO: Epoch: 541 | PSNR: 30.0889 | Loss: 5.5394 | lr: 6.25e-05 | Best_PSNR: 30.0929 in Epoch [515]
2022-07-08 01:18:45,956 INFO: Epoch: 542 | PSNR: 30.0842 | Loss: 5.5250 | lr: 6.25e-05 | Best_PSNR: 30.0929 in Epoch [515]
2022-07-08 01:19:21,974 INFO: Epoch: 543 | PSNR: 30.0889 | Loss: 5.5314 | lr: 6.25e-05 | Best_PSNR: 30.0929 in Epoch [515]
2022-07-08 01:19:57,519 INFO: Epoch: 544 | PSNR: 30.0882 | Loss: 5.5456 | lr: 6.25e-05 | Best_PSNR: 30.0929 in Epoch [515]
2022-07-08 01:20:33,118 INFO: Epoch: 545 | PSNR: 30.0877 | Loss: 5.5250 | lr: 6.25e-05 | Best_PSNR: 30.0929 in Epoch [515]
2022-07-08 01:21:08,902 INFO: Epoch: 546 | PSNR: 30.0886 | Loss: 5.5326 | lr: 6.25e-05 | Best_PSNR: 30.0929 in Epoch [515]
2022-07-08 01:21:44,511 INFO: Epoch: 547 | PSNR: 30.0898 | Loss: 5.5007 | lr: 6.25e-05 | Best_PSNR: 30.0929 in Epoch [515]
2022-07-08 01:22:20,189 INFO: Epoch: 548 | PSNR: 30.0878 | Loss: 5.5302 | lr: 6.25e-05 | Best_PSNR: 30.0929 in Epoch [515]
2022-07-08 01:22:56,084 INFO: Epoch: 549 | PSNR: 30.0899 | Loss: 5.5037 | lr: 6.25e-05 | Best_PSNR: 30.0929 in Epoch [515]
2022-07-08 01:23:31,838 INFO: Epoch: 550 | PSNR: 30.0907 | Loss: 5.5155 | lr: 6.25e-05 | Best_PSNR: 30.0929 in Epoch [515]
2022-07-08 01:24:07,452 INFO: Epoch: 551 | PSNR: 30.0910 | Loss: 5.4836 | lr: 6.25e-05 | Best_PSNR: 30.0929 in Epoch [515]
2022-07-08 01:24:43,004 INFO: Epoch: 552 | PSNR: 30.0886 | Loss: 5.5010 | lr: 6.25e-05 | Best_PSNR: 30.0929 in Epoch [515]
2022-07-08 01:25:18,911 INFO: Epoch: 553 | PSNR: 30.0856 | Loss: 5.5590 | lr: 6.25e-05 | Best_PSNR: 30.0929 in Epoch [515]
2022-07-08 01:25:54,628 INFO: Epoch: 554 | PSNR: 30.0875 | Loss: 5.4816 | lr: 6.25e-05 | Best_PSNR: 30.0929 in Epoch [515]
2022-07-08 01:26:30,144 INFO: Epoch: 555 | PSNR: 30.0849 | Loss: 5.5302 | lr: 6.25e-05 | Best_PSNR: 30.0929 in Epoch [515]
2022-07-08 01:27:05,794 INFO: Epoch: 556 | PSNR: 30.0889 | Loss: 5.5412 | lr: 6.25e-05 | Best_PSNR: 30.0929 in Epoch [515]
2022-07-08 01:27:41,483 INFO: Epoch: 557 | PSNR: 30.0867 | Loss: 5.4981 | lr: 6.25e-05 | Best_PSNR: 30.0929 in Epoch [515]
2022-07-08 01:28:17,200 INFO: Epoch: 558 | PSNR: 30.0839 | Loss: 5.5250 | lr: 6.25e-05 | Best_PSNR: 30.0929 in Epoch [515]
2022-07-08 01:28:52,832 INFO: Epoch: 559 | PSNR: 30.0899 | Loss: 5.5168 | lr: 6.25e-05 | Best_PSNR: 30.0929 in Epoch [515]
2022-07-08 01:29:29,115 INFO: Epoch: 560 | PSNR: 30.0863 | Loss: 5.5302 | lr: 6.25e-05 | Best_PSNR: 30.0929 in Epoch [515]
2022-07-08 01:30:04,862 INFO: Epoch: 561 | PSNR: 30.0913 | Loss: 5.5380 | lr: 6.25e-05 | Best_PSNR: 30.0929 in Epoch [515]
2022-07-08 01:30:41,128 INFO: Epoch: 562 | PSNR: 30.0937 | Loss: 5.4992 | lr: 6.25e-05 | Best_PSNR: 30.0937 in Epoch [562]
2022-07-08 01:31:16,783 INFO: Epoch: 563 | PSNR: 30.0906 | Loss: 5.5215 | lr: 6.25e-05 | Best_PSNR: 30.0937 in Epoch [562]
2022-07-08 01:31:52,726 INFO: Epoch: 564 | PSNR: 30.0886 | Loss: 5.5088 | lr: 6.25e-05 | Best_PSNR: 30.0937 in Epoch [562]
2022-07-08 01:32:28,431 INFO: Epoch: 565 | PSNR: 30.0883 | Loss: 5.5342 | lr: 6.25e-05 | Best_PSNR: 30.0937 in Epoch [562]
2022-07-08 01:33:03,928 INFO: Epoch: 566 | PSNR: 30.0892 | Loss: 5.5433 | lr: 6.25e-05 | Best_PSNR: 30.0937 in Epoch [562]
2022-07-08 01:33:39,365 INFO: Epoch: 567 | PSNR: 30.0878 | Loss: 5.5005 | lr: 6.25e-05 | Best_PSNR: 30.0937 in Epoch [562]
2022-07-08 01:34:15,581 INFO: Epoch: 568 | PSNR: 30.0898 | Loss: 5.5353 | lr: 6.25e-05 | Best_PSNR: 30.0937 in Epoch [562]
2022-07-08 01:34:51,197 INFO: Epoch: 569 | PSNR: 30.0901 | Loss: 5.4729 | lr: 6.25e-05 | Best_PSNR: 30.0937 in Epoch [562]
2022-07-08 01:35:26,882 INFO: Epoch: 570 | PSNR: 30.0841 | Loss: 5.5071 | lr: 6.25e-05 | Best_PSNR: 30.0937 in Epoch [562]
2022-07-08 01:36:02,713 INFO: Epoch: 571 | PSNR: 30.0897 | Loss: 5.5383 | lr: 6.25e-05 | Best_PSNR: 30.0937 in Epoch [562]
2022-07-08 01:36:38,470 INFO: Epoch: 572 | PSNR: 30.0922 | Loss: 5.5551 | lr: 6.25e-05 | Best_PSNR: 30.0937 in Epoch [562]
2022-07-08 01:37:14,214 INFO: Epoch: 573 | PSNR: 30.0888 | Loss: 5.5010 | lr: 6.25e-05 | Best_PSNR: 30.0937 in Epoch [562]
2022-07-08 01:37:49,836 INFO: Epoch: 574 | PSNR: 30.0873 | Loss: 5.5355 | lr: 6.25e-05 | Best_PSNR: 30.0937 in Epoch [562]
2022-07-08 01:38:25,558 INFO: Epoch: 575 | PSNR: 30.0876 | Loss: 5.5535 | lr: 6.25e-05 | Best_PSNR: 30.0937 in Epoch [562]
2022-07-08 01:39:01,576 INFO: Epoch: 576 | PSNR: 30.0875 | Loss: 5.5190 | lr: 6.25e-05 | Best_PSNR: 30.0937 in Epoch [562]
2022-07-08 01:39:37,572 INFO: Epoch: 577 | PSNR: 30.0891 | Loss: 5.5291 | lr: 6.25e-05 | Best_PSNR: 30.0937 in Epoch [562]
2022-07-08 01:40:14,421 INFO: Epoch: 578 | PSNR: 30.0859 | Loss: 5.5154 | lr: 6.25e-05 | Best_PSNR: 30.0937 in Epoch [562]
2022-07-08 01:40:50,986 INFO: Epoch: 579 | PSNR: 30.0889 | Loss: 5.5292 | lr: 6.25e-05 | Best_PSNR: 30.0937 in Epoch [562]
2022-07-08 01:41:27,075 INFO: Epoch: 580 | PSNR: 30.0872 | Loss: 5.5125 | lr: 6.25e-05 | Best_PSNR: 30.0937 in Epoch [562]
2022-07-08 01:42:02,886 INFO: Epoch: 581 | PSNR: 30.0878 | Loss: 5.5101 | lr: 6.25e-05 | Best_PSNR: 30.0937 in Epoch [562]
2022-07-08 01:42:38,778 INFO: Epoch: 582 | PSNR: 30.0888 | Loss: 5.5231 | lr: 6.25e-05 | Best_PSNR: 30.0937 in Epoch [562]
2022-07-08 01:43:14,754 INFO: Epoch: 583 | PSNR: 30.0910 | Loss: 5.5114 | lr: 6.25e-05 | Best_PSNR: 30.0937 in Epoch [562]
2022-07-08 01:43:50,992 INFO: Epoch: 584 | PSNR: 30.0892 | Loss: 5.5625 | lr: 6.25e-05 | Best_PSNR: 30.0937 in Epoch [562]
2022-07-08 01:44:26,896 INFO: Epoch: 585 | PSNR: 30.0861 | Loss: 5.5201 | lr: 6.25e-05 | Best_PSNR: 30.0937 in Epoch [562]
2022-07-08 01:45:02,536 INFO: Epoch: 586 | PSNR: 30.0905 | Loss: 5.5200 | lr: 6.25e-05 | Best_PSNR: 30.0937 in Epoch [562]
2022-07-08 01:45:38,670 INFO: Epoch: 587 | PSNR: 30.0903 | Loss: 5.5394 | lr: 6.25e-05 | Best_PSNR: 30.0937 in Epoch [562]
2022-07-08 01:46:14,246 INFO: Epoch: 588 | PSNR: 30.0897 | Loss: 5.5027 | lr: 6.25e-05 | Best_PSNR: 30.0937 in Epoch [562]
2022-07-08 01:46:50,082 INFO: Epoch: 589 | PSNR: 30.0892 | Loss: 5.5406 | lr: 6.25e-05 | Best_PSNR: 30.0937 in Epoch [562]
2022-07-08 01:47:26,044 INFO: Epoch: 590 | PSNR: 30.0903 | Loss: 5.5376 | lr: 6.25e-05 | Best_PSNR: 30.0937 in Epoch [562]
2022-07-08 01:48:01,645 INFO: Epoch: 591 | PSNR: 30.0802 | Loss: 5.5397 | lr: 6.25e-05 | Best_PSNR: 30.0937 in Epoch [562]
2022-07-08 01:48:37,345 INFO: Epoch: 592 | PSNR: 30.0867 | Loss: 5.5210 | lr: 6.25e-05 | Best_PSNR: 30.0937 in Epoch [562]
2022-07-08 01:49:13,487 INFO: Epoch: 593 | PSNR: 30.0897 | Loss: 5.4925 | lr: 6.25e-05 | Best_PSNR: 30.0937 in Epoch [562]
2022-07-08 01:49:49,308 INFO: Epoch: 594 | PSNR: 30.0850 | Loss: 5.5388 | lr: 6.25e-05 | Best_PSNR: 30.0937 in Epoch [562]
2022-07-08 01:50:24,990 INFO: Epoch: 595 | PSNR: 30.0852 | Loss: 5.5091 | lr: 6.25e-05 | Best_PSNR: 30.0937 in Epoch [562]
2022-07-08 01:51:00,552 INFO: Epoch: 596 | PSNR: 30.0872 | Loss: 5.5436 | lr: 6.25e-05 | Best_PSNR: 30.0937 in Epoch [562]
2022-07-08 01:51:36,538 INFO: Epoch: 597 | PSNR: 30.0917 | Loss: 5.5214 | lr: 6.25e-05 | Best_PSNR: 30.0937 in Epoch [562]
2022-07-08 01:52:12,235 INFO: Epoch: 598 | PSNR: 30.0837 | Loss: 5.5198 | lr: 6.25e-05 | Best_PSNR: 30.0937 in Epoch [562]
2022-07-08 01:52:47,994 INFO: Epoch: 599 | PSNR: 30.0841 | Loss: 5.5245 | lr: 6.25e-05 | Best_PSNR: 30.0937 in Epoch [562]
2022-07-08 01:53:24,012 INFO: Epoch: 600 | PSNR: 30.0851 | Loss: 5.4900 | lr: 6.25e-05 | Best_PSNR: 30.0937 in Epoch [562]
