2022-07-18 22:03:50,199 INFO: Create train dataset successfully!
2022-07-18 22:03:50,199 INFO: Training: [1000] iterations for each epoch
2022-07-18 22:03:50,199 INFO: Create val dataset successfully!
2022-07-18 22:03:50,199 INFO: Validating: [100] iterations for each epoch
2022-07-18 22:03:50,199 INFO: Preparing for experiment: [trial9_qat]
2022-07-18 22:03:50,199 INFO: Loading pretrained model ...
2022-07-18 22:03:55,649 INFO: Start copying weights and annotate Lambda layer...
2022-07-18 22:03:55,721 INFO: Start annotating other parts of model...
2022-07-18 22:03:55,745 INFO: Creating quantize-aware model...
2022-07-18 22:03:57,189 INFO: Create model successfully! Params: [29.90]K
2022-07-18 22:03:57,190 INFO: Model: "model"
2022-07-18 22:03:57,190 INFO: __________________________________________________________________________________________________
2022-07-18 22:03:57,190 INFO: Layer (type)                    Output Shape         Param #     Connected to                     
2022-07-18 22:03:57,190 INFO: ==================================================================================================
2022-07-18 22:03:57,190 INFO: input_1 (InputLayer)            [(None, None, None,  0                                            
2022-07-18 22:03:57,190 INFO: __________________________________________________________________________________________________
2022-07-18 22:03:57,190 INFO: quantize_layer (QuantizeLayer)  (None, None, None, 3 3           input_1[0][0]                    
2022-07-18 22:03:57,190 INFO: __________________________________________________________________________________________________
2022-07-18 22:03:57,190 INFO: quant_conv2d (QuantizeWrapperV2 (None, None, None, 2 843         quantize_layer[1][0]             
2022-07-18 22:03:57,190 INFO: __________________________________________________________________________________________________
2022-07-18 22:03:57,190 INFO: quant_conv2d_1 (QuantizeWrapper (None, None, None, 2 7143        quant_conv2d[0][0]               
2022-07-18 22:03:57,190 INFO: __________________________________________________________________________________________________
2022-07-18 22:03:57,190 INFO: quant_conv2d_2 (QuantizeWrapper (None, None, None, 2 7143        quant_conv2d_1[0][0]             
2022-07-18 22:03:57,190 INFO: __________________________________________________________________________________________________
2022-07-18 22:03:57,191 INFO: quant_conv2d_3 (QuantizeWrapper (None, None, None, 2 7143        quant_conv2d_2[0][0]             
2022-07-18 22:03:57,191 INFO: __________________________________________________________________________________________________
2022-07-18 22:03:57,191 INFO: quant_concatenate (QuantizeWrap (None, None, None, 3 3           quant_conv2d_3[0][0]             
2022-07-18 22:03:57,191 INFO:                                                                  quantize_layer[1][0]             
2022-07-18 22:03:57,191 INFO: __________________________________________________________________________________________________
2022-07-18 22:03:57,191 INFO: quant_simulation_residual (Quan (None, None, None, 2 7617        quant_concatenate[0][0]          
2022-07-18 22:03:57,191 INFO: __________________________________________________________________________________________________
2022-07-18 22:03:57,191 INFO: quant_lambda (QuantizeWrapperV2 (None, None, None, 3 1           quant_simulation_residual[0][0]  
2022-07-18 22:03:57,191 INFO: ==================================================================================================
2022-07-18 22:03:57,191 INFO: Total params: 29,896
2022-07-18 22:03:57,191 INFO: Trainable params: 29,596
2022-07-18 22:03:57,191 INFO: Non-trainable params: 300
2022-07-18 22:03:57,192 INFO: __________________________________________________________________________________________________
2022-07-18 22:03:57,192 INFO: Start training...
2022-07-18 22:05:20,791 INFO: Epoch: 1 | PSNR: 15.8292 | Loss: 73.5422 | lr: 1.00e-03 | Best_PSNR: 15.8292 in Epoch [1]
2022-07-18 22:06:43,547 INFO: Epoch: 2 | PSNR: 28.1969 | Loss: 13.6566 | lr: 1.00e-03 | Best_PSNR: 28.1969 in Epoch [2]
2022-07-18 22:08:17,254 INFO: Epoch: 3 | PSNR: 29.8568 | Loss: 6.1024 | lr: 1.00e-03 | Best_PSNR: 29.8568 in Epoch [3]
2022-07-18 22:09:47,499 INFO: Epoch: 4 | PSNR: 29.9732 | Loss: 5.6632 | lr: 1.00e-03 | Best_PSNR: 29.9732 in Epoch [4]
2022-07-18 22:11:06,391 INFO: Epoch: 5 | PSNR: 29.9884 | Loss: 5.6587 | lr: 1.00e-03 | Best_PSNR: 29.9884 in Epoch [5]
2022-07-18 22:12:35,359 INFO: Epoch: 6 | PSNR: 29.9843 | Loss: 5.6731 | lr: 1.00e-03 | Best_PSNR: 29.9884 in Epoch [5]
2022-07-18 22:14:07,060 INFO: Epoch: 7 | PSNR: 29.9869 | Loss: 5.7233 | lr: 1.00e-03 | Best_PSNR: 29.9884 in Epoch [5]
2022-07-18 22:15:28,647 INFO: Epoch: 8 | PSNR: 29.9848 | Loss: 5.6151 | lr: 1.00e-03 | Best_PSNR: 29.9884 in Epoch [5]
2022-07-18 22:16:49,964 INFO: Epoch: 9 | PSNR: 29.9914 | Loss: 5.6610 | lr: 1.00e-03 | Best_PSNR: 29.9914 in Epoch [9]
2022-07-18 22:18:09,330 INFO: Epoch: 10 | PSNR: 29.9896 | Loss: 5.6969 | lr: 1.00e-03 | Best_PSNR: 29.9914 in Epoch [9]
2022-07-18 22:19:57,627 INFO: Epoch: 11 | PSNR: 29.9987 | Loss: 5.6910 | lr: 1.00e-03 | Best_PSNR: 29.9987 in Epoch [11]
2022-07-18 22:21:21,954 INFO: Epoch: 12 | PSNR: 30.0074 | Loss: 5.6808 | lr: 1.00e-03 | Best_PSNR: 30.0074 in Epoch [12]
2022-07-18 22:22:58,630 INFO: Epoch: 13 | PSNR: 30.0084 | Loss: 5.6146 | lr: 1.00e-03 | Best_PSNR: 30.0084 in Epoch [13]
2022-07-18 22:24:24,850 INFO: Epoch: 14 | PSNR: 30.0059 | Loss: 5.6629 | lr: 1.00e-03 | Best_PSNR: 30.0084 in Epoch [13]
2022-07-18 22:26:09,304 INFO: Epoch: 15 | PSNR: 30.0070 | Loss: 5.6691 | lr: 1.00e-03 | Best_PSNR: 30.0084 in Epoch [13]
2022-07-18 22:27:32,316 INFO: Epoch: 16 | PSNR: 30.0049 | Loss: 5.6331 | lr: 1.00e-03 | Best_PSNR: 30.0084 in Epoch [13]
2022-07-18 22:28:56,782 INFO: Epoch: 17 | PSNR: 30.0042 | Loss: 5.6258 | lr: 1.00e-03 | Best_PSNR: 30.0084 in Epoch [13]
2022-07-18 22:30:25,839 INFO: Epoch: 18 | PSNR: 30.0042 | Loss: 5.6447 | lr: 1.00e-03 | Best_PSNR: 30.0084 in Epoch [13]
2022-07-18 22:31:57,870 INFO: Epoch: 19 | PSNR: 30.0096 | Loss: 5.6326 | lr: 1.00e-03 | Best_PSNR: 30.0096 in Epoch [19]
2022-07-18 22:33:23,813 INFO: Epoch: 20 | PSNR: 30.0055 | Loss: 5.6446 | lr: 1.00e-03 | Best_PSNR: 30.0096 in Epoch [19]
2022-07-18 22:34:59,099 INFO: Epoch: 21 | PSNR: 30.0094 | Loss: 5.6092 | lr: 1.00e-03 | Best_PSNR: 30.0096 in Epoch [19]
2022-07-18 22:36:15,947 INFO: Epoch: 22 | PSNR: 30.0058 | Loss: 5.6483 | lr: 1.00e-03 | Best_PSNR: 30.0096 in Epoch [19]
2022-07-18 22:37:49,210 INFO: Epoch: 23 | PSNR: 30.0087 | Loss: 5.6533 | lr: 1.00e-03 | Best_PSNR: 30.0096 in Epoch [19]
2022-07-18 22:39:30,882 INFO: Epoch: 24 | PSNR: 30.0104 | Loss: 5.6010 | lr: 1.00e-03 | Best_PSNR: 30.0104 in Epoch [24]
2022-07-18 22:40:49,657 INFO: Epoch: 25 | PSNR: 30.0100 | Loss: 5.6665 | lr: 1.00e-03 | Best_PSNR: 30.0104 in Epoch [24]
2022-07-18 22:42:12,761 INFO: Epoch: 26 | PSNR: 30.0064 | Loss: 5.6517 | lr: 1.00e-03 | Best_PSNR: 30.0104 in Epoch [24]
2022-07-18 22:43:51,136 INFO: Epoch: 27 | PSNR: 30.0106 | Loss: 5.6346 | lr: 1.00e-03 | Best_PSNR: 30.0106 in Epoch [27]
2022-07-18 22:45:21,250 INFO: Epoch: 28 | PSNR: 30.0019 | Loss: 5.6601 | lr: 1.00e-03 | Best_PSNR: 30.0106 in Epoch [27]
2022-07-18 22:47:00,628 INFO: Epoch: 29 | PSNR: 30.0099 | Loss: 5.7025 | lr: 1.00e-03 | Best_PSNR: 30.0106 in Epoch [27]
2022-07-18 22:48:20,549 INFO: Epoch: 30 | PSNR: 30.0046 | Loss: 5.6377 | lr: 1.00e-03 | Best_PSNR: 30.0106 in Epoch [27]
2022-07-18 22:49:39,888 INFO: Epoch: 31 | PSNR: 30.0082 | Loss: 5.6163 | lr: 1.00e-03 | Best_PSNR: 30.0106 in Epoch [27]
2022-07-18 22:50:59,643 INFO: Epoch: 32 | PSNR: 30.0071 | Loss: 5.6507 | lr: 1.00e-03 | Best_PSNR: 30.0106 in Epoch [27]
2022-07-18 22:52:20,876 INFO: Epoch: 33 | PSNR: 30.0041 | Loss: 5.6093 | lr: 1.00e-03 | Best_PSNR: 30.0106 in Epoch [27]
2022-07-18 22:53:54,612 INFO: Epoch: 34 | PSNR: 30.0039 | Loss: 5.5944 | lr: 1.00e-03 | Best_PSNR: 30.0106 in Epoch [27]
2022-07-18 22:55:15,177 INFO: Epoch: 35 | PSNR: 30.0093 | Loss: 5.6590 | lr: 1.00e-03 | Best_PSNR: 30.0106 in Epoch [27]
2022-07-18 22:57:08,776 INFO: Epoch: 36 | PSNR: 30.0107 | Loss: 5.6252 | lr: 1.00e-03 | Best_PSNR: 30.0107 in Epoch [36]
2022-07-18 22:58:46,712 INFO: Epoch: 37 | PSNR: 30.0079 | Loss: 5.6158 | lr: 1.00e-03 | Best_PSNR: 30.0107 in Epoch [36]
2022-07-18 23:00:22,333 INFO: Epoch: 38 | PSNR: 30.0072 | Loss: 5.6190 | lr: 1.00e-03 | Best_PSNR: 30.0107 in Epoch [36]
2022-07-18 23:01:48,677 INFO: Epoch: 39 | PSNR: 30.0098 | Loss: 5.6368 | lr: 1.00e-03 | Best_PSNR: 30.0107 in Epoch [36]
2022-07-18 23:03:22,038 INFO: Epoch: 40 | PSNR: 30.0083 | Loss: 5.6475 | lr: 1.00e-03 | Best_PSNR: 30.0107 in Epoch [36]
2022-07-18 23:05:04,312 INFO: Epoch: 41 | PSNR: 30.0125 | Loss: 5.6764 | lr: 1.00e-03 | Best_PSNR: 30.0125 in Epoch [41]
2022-07-18 23:06:26,680 INFO: Epoch: 42 | PSNR: 30.0093 | Loss: 5.6269 | lr: 1.00e-03 | Best_PSNR: 30.0125 in Epoch [41]
2022-07-18 23:07:51,549 INFO: Epoch: 43 | PSNR: 30.0090 | Loss: 5.6113 | lr: 1.00e-03 | Best_PSNR: 30.0125 in Epoch [41]
2022-07-18 23:09:20,546 INFO: Epoch: 44 | PSNR: 30.0124 | Loss: 5.6337 | lr: 1.00e-03 | Best_PSNR: 30.0125 in Epoch [41]
2022-07-18 23:10:53,892 INFO: Epoch: 45 | PSNR: 30.0142 | Loss: 5.5857 | lr: 1.00e-03 | Best_PSNR: 30.0142 in Epoch [45]
2022-07-18 23:12:37,216 INFO: Epoch: 46 | PSNR: 30.0118 | Loss: 5.6698 | lr: 1.00e-03 | Best_PSNR: 30.0142 in Epoch [45]
2022-07-18 23:13:59,634 INFO: Epoch: 47 | PSNR: 30.0105 | Loss: 5.6815 | lr: 1.00e-03 | Best_PSNR: 30.0142 in Epoch [45]
2022-07-18 23:15:32,440 INFO: Epoch: 48 | PSNR: 30.0153 | Loss: 5.6249 | lr: 1.00e-03 | Best_PSNR: 30.0153 in Epoch [48]
2022-07-18 23:17:15,427 INFO: Epoch: 49 | PSNR: 30.0152 | Loss: 5.6350 | lr: 1.00e-03 | Best_PSNR: 30.0153 in Epoch [48]
2022-07-18 23:18:29,105 INFO: Epoch: 50 | PSNR: 30.0105 | Loss: 5.6204 | lr: 1.00e-03 | Best_PSNR: 30.0153 in Epoch [48]
2022-07-18 23:19:49,427 INFO: Epoch: 51 | PSNR: 30.0142 | Loss: 5.5875 | lr: 5.00e-04 | Best_PSNR: 30.0153 in Epoch [48]
2022-07-18 23:21:16,118 INFO: Epoch: 52 | PSNR: 30.0160 | Loss: 5.6281 | lr: 5.00e-04 | Best_PSNR: 30.0160 in Epoch [52]
2022-07-18 23:22:45,090 INFO: Epoch: 53 | PSNR: 30.0224 | Loss: 5.6314 | lr: 5.00e-04 | Best_PSNR: 30.0224 in Epoch [53]
2022-07-18 23:24:17,200 INFO: Epoch: 54 | PSNR: 30.0182 | Loss: 5.5996 | lr: 5.00e-04 | Best_PSNR: 30.0224 in Epoch [53]
2022-07-18 23:25:55,132 INFO: Epoch: 55 | PSNR: 30.0221 | Loss: 5.6001 | lr: 5.00e-04 | Best_PSNR: 30.0224 in Epoch [53]
2022-07-18 23:27:38,521 INFO: Epoch: 56 | PSNR: 30.0201 | Loss: 5.5710 | lr: 5.00e-04 | Best_PSNR: 30.0224 in Epoch [53]
2022-07-18 23:29:13,313 INFO: Epoch: 57 | PSNR: 30.0210 | Loss: 5.6253 | lr: 5.00e-04 | Best_PSNR: 30.0224 in Epoch [53]
2022-07-18 23:30:49,053 INFO: Epoch: 58 | PSNR: 30.0237 | Loss: 5.6545 | lr: 5.00e-04 | Best_PSNR: 30.0237 in Epoch [58]
2022-07-18 23:32:22,522 INFO: Epoch: 59 | PSNR: 30.0162 | Loss: 5.5795 | lr: 5.00e-04 | Best_PSNR: 30.0237 in Epoch [58]
2022-07-18 23:33:53,801 INFO: Epoch: 60 | PSNR: 30.0230 | Loss: 5.6447 | lr: 5.00e-04 | Best_PSNR: 30.0237 in Epoch [58]
2022-07-18 23:35:07,085 INFO: Epoch: 61 | PSNR: 30.0219 | Loss: 5.6535 | lr: 5.00e-04 | Best_PSNR: 30.0237 in Epoch [58]
2022-07-18 23:36:38,267 INFO: Epoch: 62 | PSNR: 30.0235 | Loss: 5.5974 | lr: 5.00e-04 | Best_PSNR: 30.0237 in Epoch [58]
2022-07-18 23:37:58,720 INFO: Epoch: 63 | PSNR: 30.0212 | Loss: 5.6539 | lr: 5.00e-04 | Best_PSNR: 30.0237 in Epoch [58]
2022-07-18 23:39:25,784 INFO: Epoch: 64 | PSNR: 30.0177 | Loss: 5.6018 | lr: 5.00e-04 | Best_PSNR: 30.0237 in Epoch [58]
2022-07-18 23:40:49,625 INFO: Epoch: 65 | PSNR: 30.0203 | Loss: 5.6271 | lr: 5.00e-04 | Best_PSNR: 30.0237 in Epoch [58]
2022-07-18 23:42:13,867 INFO: Epoch: 66 | PSNR: 30.0241 | Loss: 5.6584 | lr: 5.00e-04 | Best_PSNR: 30.0241 in Epoch [66]
2022-07-18 23:43:40,034 INFO: Epoch: 67 | PSNR: 30.0207 | Loss: 5.6265 | lr: 5.00e-04 | Best_PSNR: 30.0241 in Epoch [66]
2022-07-18 23:45:10,892 INFO: Epoch: 68 | PSNR: 30.0244 | Loss: 5.5681 | lr: 5.00e-04 | Best_PSNR: 30.0244 in Epoch [68]
2022-07-18 23:46:41,556 INFO: Epoch: 69 | PSNR: 30.0233 | Loss: 5.6100 | lr: 5.00e-04 | Best_PSNR: 30.0244 in Epoch [68]
2022-07-18 23:48:15,941 INFO: Epoch: 70 | PSNR: 30.0262 | Loss: 5.6147 | lr: 5.00e-04 | Best_PSNR: 30.0262 in Epoch [70]
2022-07-18 23:49:45,293 INFO: Epoch: 71 | PSNR: 30.0270 | Loss: 5.6039 | lr: 5.00e-04 | Best_PSNR: 30.0270 in Epoch [71]
2022-07-18 23:51:08,928 INFO: Epoch: 72 | PSNR: 30.0254 | Loss: 5.6342 | lr: 5.00e-04 | Best_PSNR: 30.0270 in Epoch [71]
2022-07-18 23:52:33,850 INFO: Epoch: 73 | PSNR: 30.0229 | Loss: 5.5910 | lr: 5.00e-04 | Best_PSNR: 30.0270 in Epoch [71]
2022-07-18 23:53:56,067 INFO: Epoch: 74 | PSNR: 30.0228 | Loss: 5.6286 | lr: 5.00e-04 | Best_PSNR: 30.0270 in Epoch [71]
2022-07-18 23:55:28,190 INFO: Epoch: 75 | PSNR: 30.0200 | Loss: 5.6183 | lr: 5.00e-04 | Best_PSNR: 30.0270 in Epoch [71]
2022-07-18 23:56:50,103 INFO: Epoch: 76 | PSNR: 30.0194 | Loss: 5.6518 | lr: 5.00e-04 | Best_PSNR: 30.0270 in Epoch [71]
2022-07-18 23:58:11,719 INFO: Epoch: 77 | PSNR: 30.0255 | Loss: 5.6352 | lr: 5.00e-04 | Best_PSNR: 30.0270 in Epoch [71]
2022-07-18 23:59:28,781 INFO: Epoch: 78 | PSNR: 30.0239 | Loss: 5.6251 | lr: 5.00e-04 | Best_PSNR: 30.0270 in Epoch [71]
2022-07-19 00:00:55,211 INFO: Epoch: 79 | PSNR: 30.0200 | Loss: 5.6048 | lr: 5.00e-04 | Best_PSNR: 30.0270 in Epoch [71]
2022-07-19 00:02:21,235 INFO: Epoch: 80 | PSNR: 30.0235 | Loss: 5.6473 | lr: 5.00e-04 | Best_PSNR: 30.0270 in Epoch [71]
2022-07-19 00:03:39,724 INFO: Epoch: 81 | PSNR: 30.0223 | Loss: 5.6251 | lr: 5.00e-04 | Best_PSNR: 30.0270 in Epoch [71]
2022-07-19 00:05:09,152 INFO: Epoch: 82 | PSNR: 30.0245 | Loss: 5.6408 | lr: 5.00e-04 | Best_PSNR: 30.0270 in Epoch [71]
2022-07-19 00:06:40,761 INFO: Epoch: 83 | PSNR: 30.0235 | Loss: 5.6409 | lr: 5.00e-04 | Best_PSNR: 30.0270 in Epoch [71]
2022-07-19 00:07:55,244 INFO: Epoch: 84 | PSNR: 30.0231 | Loss: 5.6611 | lr: 5.00e-04 | Best_PSNR: 30.0270 in Epoch [71]
2022-07-19 00:09:13,289 INFO: Epoch: 85 | PSNR: 30.0248 | Loss: 5.6297 | lr: 5.00e-04 | Best_PSNR: 30.0270 in Epoch [71]
2022-07-19 00:10:30,589 INFO: Epoch: 86 | PSNR: 30.0235 | Loss: 5.6378 | lr: 5.00e-04 | Best_PSNR: 30.0270 in Epoch [71]
2022-07-19 00:11:56,436 INFO: Epoch: 87 | PSNR: 30.0267 | Loss: 5.6270 | lr: 5.00e-04 | Best_PSNR: 30.0270 in Epoch [71]
2022-07-19 00:13:25,970 INFO: Epoch: 88 | PSNR: 30.0205 | Loss: 5.6039 | lr: 5.00e-04 | Best_PSNR: 30.0270 in Epoch [71]
2022-07-19 00:14:55,060 INFO: Epoch: 89 | PSNR: 30.0262 | Loss: 5.5951 | lr: 5.00e-04 | Best_PSNR: 30.0270 in Epoch [71]
2022-07-19 00:16:15,208 INFO: Epoch: 90 | PSNR: 30.0163 | Loss: 5.6810 | lr: 5.00e-04 | Best_PSNR: 30.0270 in Epoch [71]
2022-07-19 00:17:42,220 INFO: Epoch: 91 | PSNR: 30.0235 | Loss: 5.5847 | lr: 5.00e-04 | Best_PSNR: 30.0270 in Epoch [71]
2022-07-19 00:19:07,737 INFO: Epoch: 92 | PSNR: 30.0217 | Loss: 5.6189 | lr: 5.00e-04 | Best_PSNR: 30.0270 in Epoch [71]
2022-07-19 00:20:29,238 INFO: Epoch: 93 | PSNR: 30.0249 | Loss: 5.6333 | lr: 5.00e-04 | Best_PSNR: 30.0270 in Epoch [71]
2022-07-19 00:21:49,908 INFO: Epoch: 94 | PSNR: 30.0186 | Loss: 5.6149 | lr: 5.00e-04 | Best_PSNR: 30.0270 in Epoch [71]
2022-07-19 00:23:13,026 INFO: Epoch: 95 | PSNR: 30.0226 | Loss: 5.5821 | lr: 5.00e-04 | Best_PSNR: 30.0270 in Epoch [71]
2022-07-19 00:24:33,288 INFO: Epoch: 96 | PSNR: 30.0184 | Loss: 5.5926 | lr: 5.00e-04 | Best_PSNR: 30.0270 in Epoch [71]
2022-07-19 00:26:05,203 INFO: Epoch: 97 | PSNR: 30.0179 | Loss: 5.6336 | lr: 5.00e-04 | Best_PSNR: 30.0270 in Epoch [71]
2022-07-19 00:27:32,836 INFO: Epoch: 98 | PSNR: 30.0232 | Loss: 5.5980 | lr: 5.00e-04 | Best_PSNR: 30.0270 in Epoch [71]
2022-07-19 00:28:58,354 INFO: Epoch: 99 | PSNR: 30.0225 | Loss: 5.6475 | lr: 5.00e-04 | Best_PSNR: 30.0270 in Epoch [71]
2022-07-19 00:30:17,965 INFO: Epoch: 100 | PSNR: 30.0247 | Loss: 5.6763 | lr: 5.00e-04 | Best_PSNR: 30.0270 in Epoch [71]
2022-07-19 00:31:48,951 INFO: Epoch: 101 | PSNR: 30.0268 | Loss: 5.6185 | lr: 2.50e-04 | Best_PSNR: 30.0270 in Epoch [71]
2022-07-19 00:33:25,350 INFO: Epoch: 102 | PSNR: 30.0238 | Loss: 5.6108 | lr: 2.50e-04 | Best_PSNR: 30.0270 in Epoch [71]
2022-07-19 00:34:55,768 INFO: Epoch: 103 | PSNR: 30.0245 | Loss: 5.6102 | lr: 2.50e-04 | Best_PSNR: 30.0270 in Epoch [71]
2022-07-19 00:36:18,849 INFO: Epoch: 104 | PSNR: 30.0258 | Loss: 5.6114 | lr: 2.50e-04 | Best_PSNR: 30.0270 in Epoch [71]
2022-07-19 00:37:38,630 INFO: Epoch: 105 | PSNR: 30.0261 | Loss: 5.5964 | lr: 2.50e-04 | Best_PSNR: 30.0270 in Epoch [71]
2022-07-19 00:39:02,183 INFO: Epoch: 106 | PSNR: 30.0337 | Loss: 5.6255 | lr: 2.50e-04 | Best_PSNR: 30.0337 in Epoch [106]
2022-07-19 00:40:24,684 INFO: Epoch: 107 | PSNR: 30.0322 | Loss: 5.6315 | lr: 2.50e-04 | Best_PSNR: 30.0337 in Epoch [106]
2022-07-19 00:42:07,225 INFO: Epoch: 108 | PSNR: 30.0299 | Loss: 5.6316 | lr: 2.50e-04 | Best_PSNR: 30.0337 in Epoch [106]
2022-07-19 00:43:05,387 INFO: Epoch: 109 | PSNR: 30.0364 | Loss: 5.5744 | lr: 2.50e-04 | Best_PSNR: 30.0364 in Epoch [109]
2022-07-19 00:44:03,389 INFO: Epoch: 110 | PSNR: 30.0354 | Loss: 5.5844 | lr: 2.50e-04 | Best_PSNR: 30.0364 in Epoch [109]
2022-07-19 00:45:03,435 INFO: Epoch: 111 | PSNR: 30.0370 | Loss: 5.5726 | lr: 2.50e-04 | Best_PSNR: 30.0370 in Epoch [111]
2022-07-19 00:45:58,707 INFO: Epoch: 112 | PSNR: 30.0372 | Loss: 5.5927 | lr: 2.50e-04 | Best_PSNR: 30.0372 in Epoch [112]
2022-07-19 00:46:56,541 INFO: Epoch: 113 | PSNR: 30.0382 | Loss: 5.6050 | lr: 2.50e-04 | Best_PSNR: 30.0382 in Epoch [113]
2022-07-19 00:47:57,918 INFO: Epoch: 114 | PSNR: 30.0333 | Loss: 5.6089 | lr: 2.50e-04 | Best_PSNR: 30.0382 in Epoch [113]
2022-07-19 00:48:53,409 INFO: Epoch: 115 | PSNR: 30.0299 | Loss: 5.6138 | lr: 2.50e-04 | Best_PSNR: 30.0382 in Epoch [113]
2022-07-19 00:49:49,039 INFO: Epoch: 116 | PSNR: 30.0270 | Loss: 5.6017 | lr: 2.50e-04 | Best_PSNR: 30.0382 in Epoch [113]
2022-07-19 00:50:46,122 INFO: Epoch: 117 | PSNR: 30.0279 | Loss: 5.6513 | lr: 2.50e-04 | Best_PSNR: 30.0382 in Epoch [113]
2022-07-19 00:51:48,339 INFO: Epoch: 118 | PSNR: 30.0260 | Loss: 5.5784 | lr: 2.50e-04 | Best_PSNR: 30.0382 in Epoch [113]
2022-07-19 00:52:43,181 INFO: Epoch: 119 | PSNR: 30.0397 | Loss: 5.6113 | lr: 2.50e-04 | Best_PSNR: 30.0397 in Epoch [119]
2022-07-19 00:53:42,589 INFO: Epoch: 120 | PSNR: 30.0394 | Loss: 5.5697 | lr: 2.50e-04 | Best_PSNR: 30.0397 in Epoch [119]
2022-07-19 00:54:53,569 INFO: Epoch: 121 | PSNR: 30.0412 | Loss: 5.6186 | lr: 2.50e-04 | Best_PSNR: 30.0412 in Epoch [121]
2022-07-19 00:55:55,472 INFO: Epoch: 122 | PSNR: 30.0287 | Loss: 5.6237 | lr: 2.50e-04 | Best_PSNR: 30.0412 in Epoch [121]
2022-07-19 00:57:01,856 INFO: Epoch: 123 | PSNR: 30.0377 | Loss: 5.5958 | lr: 2.50e-04 | Best_PSNR: 30.0412 in Epoch [121]
2022-07-19 00:58:32,685 INFO: Epoch: 124 | PSNR: 30.0326 | Loss: 5.6394 | lr: 2.50e-04 | Best_PSNR: 30.0412 in Epoch [121]
2022-07-19 00:59:45,620 INFO: Epoch: 125 | PSNR: 30.0281 | Loss: 5.6270 | lr: 2.50e-04 | Best_PSNR: 30.0412 in Epoch [121]
2022-07-19 01:00:49,528 INFO: Epoch: 126 | PSNR: 30.0277 | Loss: 5.6427 | lr: 2.50e-04 | Best_PSNR: 30.0412 in Epoch [121]
2022-07-19 01:02:16,933 INFO: Epoch: 127 | PSNR: 30.0296 | Loss: 5.5829 | lr: 2.50e-04 | Best_PSNR: 30.0412 in Epoch [121]
2022-07-19 01:03:17,881 INFO: Epoch: 128 | PSNR: 30.0328 | Loss: 5.6178 | lr: 2.50e-04 | Best_PSNR: 30.0412 in Epoch [121]
2022-07-19 01:04:16,540 INFO: Epoch: 129 | PSNR: 30.0302 | Loss: 5.6311 | lr: 2.50e-04 | Best_PSNR: 30.0412 in Epoch [121]
2022-07-19 01:05:17,634 INFO: Epoch: 130 | PSNR: 30.0296 | Loss: 5.5923 | lr: 2.50e-04 | Best_PSNR: 30.0412 in Epoch [121]
2022-07-19 01:06:14,902 INFO: Epoch: 131 | PSNR: 30.0236 | Loss: 5.6451 | lr: 2.50e-04 | Best_PSNR: 30.0412 in Epoch [121]
2022-07-19 01:07:17,329 INFO: Epoch: 132 | PSNR: 30.0237 | Loss: 5.6379 | lr: 2.50e-04 | Best_PSNR: 30.0412 in Epoch [121]
2022-07-19 01:08:19,833 INFO: Epoch: 133 | PSNR: 30.0304 | Loss: 5.5951 | lr: 2.50e-04 | Best_PSNR: 30.0412 in Epoch [121]
2022-07-19 01:09:19,491 INFO: Epoch: 134 | PSNR: 30.0389 | Loss: 5.6041 | lr: 2.50e-04 | Best_PSNR: 30.0412 in Epoch [121]
2022-07-19 01:10:22,924 INFO: Epoch: 135 | PSNR: 30.0317 | Loss: 5.5811 | lr: 2.50e-04 | Best_PSNR: 30.0412 in Epoch [121]
2022-07-19 01:11:38,990 INFO: Epoch: 136 | PSNR: 30.0294 | Loss: 5.5972 | lr: 2.50e-04 | Best_PSNR: 30.0412 in Epoch [121]
2022-07-19 01:12:42,865 INFO: Epoch: 137 | PSNR: 30.0327 | Loss: 5.5882 | lr: 2.50e-04 | Best_PSNR: 30.0412 in Epoch [121]
2022-07-19 01:14:04,782 INFO: Epoch: 138 | PSNR: 30.0376 | Loss: 5.5870 | lr: 2.50e-04 | Best_PSNR: 30.0412 in Epoch [121]
2022-07-19 01:15:17,958 INFO: Epoch: 139 | PSNR: 30.0403 | Loss: 5.5860 | lr: 2.50e-04 | Best_PSNR: 30.0412 in Epoch [121]
2022-07-19 01:16:25,640 INFO: Epoch: 140 | PSNR: 30.0369 | Loss: 5.5591 | lr: 2.50e-04 | Best_PSNR: 30.0412 in Epoch [121]
2022-07-19 01:17:37,736 INFO: Epoch: 141 | PSNR: 30.0371 | Loss: 5.6462 | lr: 2.50e-04 | Best_PSNR: 30.0412 in Epoch [121]
2022-07-19 01:18:54,654 INFO: Epoch: 142 | PSNR: 30.0385 | Loss: 5.5989 | lr: 2.50e-04 | Best_PSNR: 30.0412 in Epoch [121]
2022-07-19 01:20:05,836 INFO: Epoch: 143 | PSNR: 30.0397 | Loss: 5.5909 | lr: 2.50e-04 | Best_PSNR: 30.0412 in Epoch [121]
2022-07-19 01:21:18,907 INFO: Epoch: 144 | PSNR: 30.0310 | Loss: 5.6123 | lr: 2.50e-04 | Best_PSNR: 30.0412 in Epoch [121]
2022-07-19 01:22:30,447 INFO: Epoch: 145 | PSNR: 30.0328 | Loss: 5.5637 | lr: 2.50e-04 | Best_PSNR: 30.0412 in Epoch [121]
2022-07-19 01:23:54,787 INFO: Epoch: 146 | PSNR: 30.0373 | Loss: 5.5878 | lr: 2.50e-04 | Best_PSNR: 30.0412 in Epoch [121]
2022-07-19 01:25:13,658 INFO: Epoch: 147 | PSNR: 30.0328 | Loss: 5.6290 | lr: 2.50e-04 | Best_PSNR: 30.0412 in Epoch [121]
2022-07-19 01:26:33,810 INFO: Epoch: 148 | PSNR: 30.0370 | Loss: 5.5698 | lr: 2.50e-04 | Best_PSNR: 30.0412 in Epoch [121]
2022-07-19 01:27:48,700 INFO: Epoch: 149 | PSNR: 30.0310 | Loss: 5.5546 | lr: 2.50e-04 | Best_PSNR: 30.0412 in Epoch [121]
2022-07-19 01:29:04,466 INFO: Epoch: 150 | PSNR: 30.0310 | Loss: 5.5663 | lr: 2.50e-04 | Best_PSNR: 30.0412 in Epoch [121]
2022-07-19 01:30:20,238 INFO: Epoch: 151 | PSNR: 30.0407 | Loss: 5.6106 | lr: 1.25e-04 | Best_PSNR: 30.0412 in Epoch [121]
2022-07-19 01:31:35,934 INFO: Epoch: 152 | PSNR: 30.0388 | Loss: 5.5744 | lr: 1.25e-04 | Best_PSNR: 30.0412 in Epoch [121]
2022-07-19 01:32:49,260 INFO: Epoch: 153 | PSNR: 30.0303 | Loss: 5.6240 | lr: 1.25e-04 | Best_PSNR: 30.0412 in Epoch [121]
2022-07-19 01:34:00,350 INFO: Epoch: 154 | PSNR: 30.0334 | Loss: 5.6212 | lr: 1.25e-04 | Best_PSNR: 30.0412 in Epoch [121]
2022-07-19 01:35:19,549 INFO: Epoch: 155 | PSNR: 30.0324 | Loss: 5.5907 | lr: 1.25e-04 | Best_PSNR: 30.0412 in Epoch [121]
2022-07-19 01:36:36,653 INFO: Epoch: 156 | PSNR: 30.0419 | Loss: 5.6278 | lr: 1.25e-04 | Best_PSNR: 30.0419 in Epoch [156]
2022-07-19 01:37:52,377 INFO: Epoch: 157 | PSNR: 30.0408 | Loss: 5.6062 | lr: 1.25e-04 | Best_PSNR: 30.0419 in Epoch [156]
2022-07-19 01:39:13,395 INFO: Epoch: 158 | PSNR: 30.0370 | Loss: 5.5709 | lr: 1.25e-04 | Best_PSNR: 30.0419 in Epoch [156]
2022-07-19 01:40:29,626 INFO: Epoch: 159 | PSNR: 30.0310 | Loss: 5.5978 | lr: 1.25e-04 | Best_PSNR: 30.0419 in Epoch [156]
2022-07-19 01:41:55,435 INFO: Epoch: 160 | PSNR: 30.0438 | Loss: 5.5650 | lr: 1.25e-04 | Best_PSNR: 30.0438 in Epoch [160]
2022-07-19 01:43:05,770 INFO: Epoch: 161 | PSNR: 30.0352 | Loss: 5.5809 | lr: 1.25e-04 | Best_PSNR: 30.0438 in Epoch [160]
2022-07-19 01:44:14,036 INFO: Epoch: 162 | PSNR: 30.0396 | Loss: 5.5843 | lr: 1.25e-04 | Best_PSNR: 30.0438 in Epoch [160]
2022-07-19 01:45:38,368 INFO: Epoch: 163 | PSNR: 30.0350 | Loss: 5.6353 | lr: 1.25e-04 | Best_PSNR: 30.0438 in Epoch [160]
2022-07-19 01:46:57,514 INFO: Epoch: 164 | PSNR: 30.0407 | Loss: 5.6591 | lr: 1.25e-04 | Best_PSNR: 30.0438 in Epoch [160]
2022-07-19 01:48:10,330 INFO: Epoch: 165 | PSNR: 30.0338 | Loss: 5.6279 | lr: 1.25e-04 | Best_PSNR: 30.0438 in Epoch [160]
2022-07-19 01:49:27,309 INFO: Epoch: 166 | PSNR: 30.0411 | Loss: 5.6157 | lr: 1.25e-04 | Best_PSNR: 30.0438 in Epoch [160]
2022-07-19 01:50:48,864 INFO: Epoch: 167 | PSNR: 30.0403 | Loss: 5.5728 | lr: 1.25e-04 | Best_PSNR: 30.0438 in Epoch [160]
2022-07-19 01:52:07,764 INFO: Epoch: 168 | PSNR: 30.0384 | Loss: 5.6319 | lr: 1.25e-04 | Best_PSNR: 30.0438 in Epoch [160]
2022-07-19 01:53:10,210 INFO: Epoch: 169 | PSNR: 30.0420 | Loss: 5.5642 | lr: 1.25e-04 | Best_PSNR: 30.0438 in Epoch [160]
2022-07-19 01:54:31,942 INFO: Epoch: 170 | PSNR: 30.0436 | Loss: 5.6350 | lr: 1.25e-04 | Best_PSNR: 30.0438 in Epoch [160]
2022-07-19 01:55:57,469 INFO: Epoch: 171 | PSNR: 30.0417 | Loss: 5.6367 | lr: 1.25e-04 | Best_PSNR: 30.0438 in Epoch [160]
2022-07-19 01:57:12,706 INFO: Epoch: 172 | PSNR: 30.0450 | Loss: 5.5939 | lr: 1.25e-04 | Best_PSNR: 30.0450 in Epoch [172]
2022-07-19 01:58:42,466 INFO: Epoch: 173 | PSNR: 30.0419 | Loss: 5.6109 | lr: 1.25e-04 | Best_PSNR: 30.0450 in Epoch [172]
2022-07-19 01:59:56,350 INFO: Epoch: 174 | PSNR: 30.0412 | Loss: 5.6084 | lr: 1.25e-04 | Best_PSNR: 30.0450 in Epoch [172]
2022-07-19 02:01:14,415 INFO: Epoch: 175 | PSNR: 30.0416 | Loss: 5.6221 | lr: 1.25e-04 | Best_PSNR: 30.0450 in Epoch [172]
2022-07-19 02:02:37,669 INFO: Epoch: 176 | PSNR: 30.0358 | Loss: 5.6164 | lr: 1.25e-04 | Best_PSNR: 30.0450 in Epoch [172]
2022-07-19 02:03:44,120 INFO: Epoch: 177 | PSNR: 30.0386 | Loss: 5.6181 | lr: 1.25e-04 | Best_PSNR: 30.0450 in Epoch [172]
2022-07-19 02:05:12,143 INFO: Epoch: 178 | PSNR: 30.0322 | Loss: 5.5654 | lr: 1.25e-04 | Best_PSNR: 30.0450 in Epoch [172]
2022-07-19 02:06:32,116 INFO: Epoch: 179 | PSNR: 30.0405 | Loss: 5.5684 | lr: 1.25e-04 | Best_PSNR: 30.0450 in Epoch [172]
2022-07-19 02:07:39,749 INFO: Epoch: 180 | PSNR: 30.0400 | Loss: 5.6244 | lr: 1.25e-04 | Best_PSNR: 30.0450 in Epoch [172]
2022-07-19 02:08:57,122 INFO: Epoch: 181 | PSNR: 30.0377 | Loss: 5.6237 | lr: 1.25e-04 | Best_PSNR: 30.0450 in Epoch [172]
2022-07-19 02:10:13,958 INFO: Epoch: 182 | PSNR: 30.0393 | Loss: 5.6025 | lr: 1.25e-04 | Best_PSNR: 30.0450 in Epoch [172]
2022-07-19 02:11:39,640 INFO: Epoch: 183 | PSNR: 30.0397 | Loss: 5.5695 | lr: 1.25e-04 | Best_PSNR: 30.0450 in Epoch [172]
2022-07-19 02:12:53,677 INFO: Epoch: 184 | PSNR: 30.0399 | Loss: 5.5777 | lr: 1.25e-04 | Best_PSNR: 30.0450 in Epoch [172]
2022-07-19 02:14:09,552 INFO: Epoch: 185 | PSNR: 30.0441 | Loss: 5.5843 | lr: 1.25e-04 | Best_PSNR: 30.0450 in Epoch [172]
2022-07-19 02:15:20,330 INFO: Epoch: 186 | PSNR: 30.0333 | Loss: 5.5960 | lr: 1.25e-04 | Best_PSNR: 30.0450 in Epoch [172]
2022-07-19 02:16:45,787 INFO: Epoch: 187 | PSNR: 30.0305 | Loss: 5.6220 | lr: 1.25e-04 | Best_PSNR: 30.0450 in Epoch [172]
2022-07-19 02:18:13,729 INFO: Epoch: 188 | PSNR: 30.0439 | Loss: 5.6125 | lr: 1.25e-04 | Best_PSNR: 30.0450 in Epoch [172]
2022-07-19 02:19:30,163 INFO: Epoch: 189 | PSNR: 30.0342 | Loss: 5.6055 | lr: 1.25e-04 | Best_PSNR: 30.0450 in Epoch [172]
2022-07-19 02:20:45,047 INFO: Epoch: 190 | PSNR: 30.0404 | Loss: 5.5766 | lr: 1.25e-04 | Best_PSNR: 30.0450 in Epoch [172]
2022-07-19 02:21:53,193 INFO: Epoch: 191 | PSNR: 30.0380 | Loss: 5.5765 | lr: 1.25e-04 | Best_PSNR: 30.0450 in Epoch [172]
2022-07-19 02:23:22,103 INFO: Epoch: 192 | PSNR: 30.0332 | Loss: 5.6131 | lr: 1.25e-04 | Best_PSNR: 30.0450 in Epoch [172]
2022-07-19 02:24:30,259 INFO: Epoch: 193 | PSNR: 30.0322 | Loss: 5.6151 | lr: 1.25e-04 | Best_PSNR: 30.0450 in Epoch [172]
2022-07-19 02:25:51,484 INFO: Epoch: 194 | PSNR: 30.0364 | Loss: 5.6593 | lr: 1.25e-04 | Best_PSNR: 30.0450 in Epoch [172]
2022-07-19 02:27:17,619 INFO: Epoch: 195 | PSNR: 30.0385 | Loss: 5.5892 | lr: 1.25e-04 | Best_PSNR: 30.0450 in Epoch [172]
2022-07-19 02:28:30,819 INFO: Epoch: 196 | PSNR: 30.0407 | Loss: 5.5637 | lr: 1.25e-04 | Best_PSNR: 30.0450 in Epoch [172]
2022-07-19 02:29:47,478 INFO: Epoch: 197 | PSNR: 30.0440 | Loss: 5.6168 | lr: 1.25e-04 | Best_PSNR: 30.0450 in Epoch [172]
2022-07-19 02:31:09,417 INFO: Epoch: 198 | PSNR: 30.0410 | Loss: 5.6445 | lr: 1.25e-04 | Best_PSNR: 30.0450 in Epoch [172]
2022-07-19 02:32:31,415 INFO: Epoch: 199 | PSNR: 30.0382 | Loss: 5.6208 | lr: 1.25e-04 | Best_PSNR: 30.0450 in Epoch [172]
2022-07-19 02:33:52,036 INFO: Epoch: 200 | PSNR: 30.0415 | Loss: 5.5895 | lr: 1.25e-04 | Best_PSNR: 30.0450 in Epoch [172]
2022-07-19 02:35:18,301 INFO: Epoch: 201 | PSNR: 30.0421 | Loss: 5.6261 | lr: 6.25e-05 | Best_PSNR: 30.0450 in Epoch [172]
2022-07-19 02:36:39,813 INFO: Epoch: 202 | PSNR: 30.0356 | Loss: 5.5975 | lr: 6.25e-05 | Best_PSNR: 30.0450 in Epoch [172]
2022-07-19 02:38:00,249 INFO: Epoch: 203 | PSNR: 30.0393 | Loss: 5.5941 | lr: 6.25e-05 | Best_PSNR: 30.0450 in Epoch [172]
2022-07-19 02:39:17,925 INFO: Epoch: 204 | PSNR: 30.0365 | Loss: 5.6239 | lr: 6.25e-05 | Best_PSNR: 30.0450 in Epoch [172]
2022-07-19 02:40:33,412 INFO: Epoch: 205 | PSNR: 30.0393 | Loss: 5.6070 | lr: 6.25e-05 | Best_PSNR: 30.0450 in Epoch [172]
2022-07-19 02:42:02,225 INFO: Epoch: 206 | PSNR: 30.0414 | Loss: 5.5229 | lr: 6.25e-05 | Best_PSNR: 30.0450 in Epoch [172]
2022-07-19 02:43:27,829 INFO: Epoch: 207 | PSNR: 30.0455 | Loss: 5.5954 | lr: 6.25e-05 | Best_PSNR: 30.0455 in Epoch [207]
2022-07-19 02:44:49,424 INFO: Epoch: 208 | PSNR: 30.0442 | Loss: 5.6073 | lr: 6.25e-05 | Best_PSNR: 30.0455 in Epoch [207]
2022-07-19 02:46:06,532 INFO: Epoch: 209 | PSNR: 30.0471 | Loss: 5.5866 | lr: 6.25e-05 | Best_PSNR: 30.0471 in Epoch [209]
2022-07-19 02:47:35,325 INFO: Epoch: 210 | PSNR: 30.0458 | Loss: 5.5900 | lr: 6.25e-05 | Best_PSNR: 30.0471 in Epoch [209]
2022-07-19 02:48:49,012 INFO: Epoch: 211 | PSNR: 30.0431 | Loss: 5.5866 | lr: 6.25e-05 | Best_PSNR: 30.0471 in Epoch [209]
2022-07-19 02:50:07,512 INFO: Epoch: 212 | PSNR: 30.0453 | Loss: 5.6110 | lr: 6.25e-05 | Best_PSNR: 30.0471 in Epoch [209]
2022-07-19 02:51:28,351 INFO: Epoch: 213 | PSNR: 30.0418 | Loss: 5.6067 | lr: 6.25e-05 | Best_PSNR: 30.0471 in Epoch [209]
2022-07-19 02:53:01,622 INFO: Epoch: 214 | PSNR: 30.0346 | Loss: 5.6069 | lr: 6.25e-05 | Best_PSNR: 30.0471 in Epoch [209]
2022-07-19 02:54:35,250 INFO: Epoch: 215 | PSNR: 30.0440 | Loss: 5.5744 | lr: 6.25e-05 | Best_PSNR: 30.0471 in Epoch [209]
2022-07-19 02:55:58,308 INFO: Epoch: 216 | PSNR: 30.0473 | Loss: 5.5639 | lr: 6.25e-05 | Best_PSNR: 30.0473 in Epoch [216]
2022-07-19 02:57:18,552 INFO: Epoch: 217 | PSNR: 30.0369 | Loss: 5.5841 | lr: 6.25e-05 | Best_PSNR: 30.0473 in Epoch [216]
2022-07-19 02:58:32,651 INFO: Epoch: 218 | PSNR: 30.0388 | Loss: 5.5714 | lr: 6.25e-05 | Best_PSNR: 30.0473 in Epoch [216]
2022-07-19 02:59:47,868 INFO: Epoch: 219 | PSNR: 30.0442 | Loss: 5.5614 | lr: 6.25e-05 | Best_PSNR: 30.0473 in Epoch [216]
2022-07-19 03:01:10,429 INFO: Epoch: 220 | PSNR: 30.0383 | Loss: 5.5727 | lr: 6.25e-05 | Best_PSNR: 30.0473 in Epoch [216]
