2022-07-08 13:37:20,021 INFO: Create train dataset successfully!
2022-07-08 13:37:20,021 INFO: Training: [1000] iterations for each epoch
2022-07-08 13:37:20,021 INFO: Create val dataset successfully!
2022-07-08 13:37:20,021 INFO: Validating: [100] iterations for each epoch
2022-07-08 13:37:20,021 INFO: Preparing for experiment: [baseline_typo_trans_qat]
2022-07-08 13:37:20,021 INFO: Loading pretrained model ...
2022-07-08 13:37:26,147 INFO: Start copying weights and annotate Lambda layer...
2022-07-08 13:37:26,197 INFO: Start annotating other parts of model...
2022-07-08 13:37:26,221 INFO: Creating quantize-aware model...
2022-07-08 13:37:27,318 INFO: Create model successfully! Params: [43.69]K
2022-07-08 13:37:27,319 INFO: Start training...
2022-07-08 13:38:42,263 INFO: Epoch: 1 | PSNR: 13.6441 | Loss: 78.1419 | lr: 1.00e-03 | Best_PSNR: 13.6441 in Epoch [1]
2022-07-08 13:39:41,540 INFO: Epoch: 2 | PSNR: 27.5981 | Loss: 18.7112 | lr: 1.00e-03 | Best_PSNR: 27.5981 in Epoch [2]
2022-07-08 13:40:37,447 INFO: Epoch: 3 | PSNR: 29.7298 | Loss: 6.2361 | lr: 1.00e-03 | Best_PSNR: 29.7298 in Epoch [3]
2022-07-08 13:41:33,136 INFO: Epoch: 4 | PSNR: 29.9184 | Loss: 5.7523 | lr: 1.00e-03 | Best_PSNR: 29.9184 in Epoch [4]
2022-07-08 13:42:29,606 INFO: Epoch: 5 | PSNR: 29.9233 | Loss: 5.6765 | lr: 1.00e-03 | Best_PSNR: 29.9233 in Epoch [5]
2022-07-08 13:43:23,882 INFO: Epoch: 6 | PSNR: 29.8571 | Loss: 5.6198 | lr: 1.00e-03 | Best_PSNR: 29.9233 in Epoch [5]
2022-07-08 13:44:19,563 INFO: Epoch: 7 | PSNR: 29.9298 | Loss: 5.7118 | lr: 1.00e-03 | Best_PSNR: 29.9298 in Epoch [7]
2022-07-08 13:45:14,904 INFO: Epoch: 8 | PSNR: 29.9519 | Loss: 5.6842 | lr: 1.00e-03 | Best_PSNR: 29.9519 in Epoch [8]
2022-07-08 13:46:09,610 INFO: Epoch: 9 | PSNR: 29.8904 | Loss: 5.6801 | lr: 1.00e-03 | Best_PSNR: 29.9519 in Epoch [8]
2022-07-08 13:47:03,780 INFO: Epoch: 10 | PSNR: 29.9211 | Loss: 5.6727 | lr: 1.00e-03 | Best_PSNR: 29.9519 in Epoch [8]
2022-07-08 13:47:58,165 INFO: Epoch: 11 | PSNR: 29.8856 | Loss: 5.6119 | lr: 1.00e-03 | Best_PSNR: 29.9519 in Epoch [8]
2022-07-08 13:48:52,746 INFO: Epoch: 12 | PSNR: 29.9196 | Loss: 5.6634 | lr: 1.00e-03 | Best_PSNR: 29.9519 in Epoch [8]
2022-07-08 13:49:47,444 INFO: Epoch: 13 | PSNR: 29.9380 | Loss: 5.6995 | lr: 1.00e-03 | Best_PSNR: 29.9519 in Epoch [8]
2022-07-08 13:50:41,966 INFO: Epoch: 14 | PSNR: 29.8797 | Loss: 5.6982 | lr: 1.00e-03 | Best_PSNR: 29.9519 in Epoch [8]
2022-07-08 13:51:36,541 INFO: Epoch: 15 | PSNR: 29.9298 | Loss: 5.6609 | lr: 1.00e-03 | Best_PSNR: 29.9519 in Epoch [8]
2022-07-08 13:52:31,055 INFO: Epoch: 16 | PSNR: 29.9227 | Loss: 5.7130 | lr: 1.00e-03 | Best_PSNR: 29.9519 in Epoch [8]
2022-07-08 13:53:25,491 INFO: Epoch: 17 | PSNR: 29.9287 | Loss: 5.6867 | lr: 1.00e-03 | Best_PSNR: 29.9519 in Epoch [8]
2022-07-08 13:54:20,662 INFO: Epoch: 18 | PSNR: 29.9252 | Loss: 5.7358 | lr: 1.00e-03 | Best_PSNR: 29.9519 in Epoch [8]
2022-07-08 13:55:16,134 INFO: Epoch: 19 | PSNR: 29.9107 | Loss: 5.6981 | lr: 1.00e-03 | Best_PSNR: 29.9519 in Epoch [8]
2022-07-08 13:56:11,738 INFO: Epoch: 20 | PSNR: 29.9228 | Loss: 5.6878 | lr: 1.00e-03 | Best_PSNR: 29.9519 in Epoch [8]
2022-07-08 13:57:06,670 INFO: Epoch: 21 | PSNR: 29.8803 | Loss: 5.6610 | lr: 1.00e-03 | Best_PSNR: 29.9519 in Epoch [8]
2022-07-08 13:58:02,365 INFO: Epoch: 22 | PSNR: 29.8752 | Loss: 5.6916 | lr: 1.00e-03 | Best_PSNR: 29.9519 in Epoch [8]
2022-07-08 13:58:57,785 INFO: Epoch: 23 | PSNR: 29.8797 | Loss: 5.7235 | lr: 1.00e-03 | Best_PSNR: 29.9519 in Epoch [8]
2022-07-08 13:59:53,149 INFO: Epoch: 24 | PSNR: 29.8975 | Loss: 5.7043 | lr: 1.00e-03 | Best_PSNR: 29.9519 in Epoch [8]
2022-07-08 14:00:48,669 INFO: Epoch: 25 | PSNR: 29.9064 | Loss: 5.6826 | lr: 1.00e-03 | Best_PSNR: 29.9519 in Epoch [8]
2022-07-08 14:01:42,866 INFO: Epoch: 26 | PSNR: 29.9126 | Loss: 5.7280 | lr: 1.00e-03 | Best_PSNR: 29.9519 in Epoch [8]
2022-07-08 14:02:37,622 INFO: Epoch: 27 | PSNR: 29.9196 | Loss: 5.7549 | lr: 1.00e-03 | Best_PSNR: 29.9519 in Epoch [8]
2022-07-08 14:03:32,006 INFO: Epoch: 28 | PSNR: 29.8779 | Loss: 5.6133 | lr: 1.00e-03 | Best_PSNR: 29.9519 in Epoch [8]
2022-07-08 14:04:26,491 INFO: Epoch: 29 | PSNR: 29.9241 | Loss: 5.7179 | lr: 1.00e-03 | Best_PSNR: 29.9519 in Epoch [8]
2022-07-08 14:05:20,821 INFO: Epoch: 30 | PSNR: 29.9048 | Loss: 5.6422 | lr: 1.00e-03 | Best_PSNR: 29.9519 in Epoch [8]
2022-07-08 14:06:15,352 INFO: Epoch: 31 | PSNR: 29.8409 | Loss: 5.7121 | lr: 1.00e-03 | Best_PSNR: 29.9519 in Epoch [8]
2022-07-08 14:07:09,308 INFO: Epoch: 32 | PSNR: 29.9072 | Loss: 5.6985 | lr: 1.00e-03 | Best_PSNR: 29.9519 in Epoch [8]
2022-07-08 14:07:55,958 INFO: Epoch: 33 | PSNR: 29.9189 | Loss: 5.6990 | lr: 1.00e-03 | Best_PSNR: 29.9519 in Epoch [8]
2022-07-08 14:08:50,702 INFO: Epoch: 34 | PSNR: 29.8971 | Loss: 5.6975 | lr: 1.00e-03 | Best_PSNR: 29.9519 in Epoch [8]
2022-07-08 14:09:45,271 INFO: Epoch: 35 | PSNR: 29.9264 | Loss: 5.7123 | lr: 1.00e-03 | Best_PSNR: 29.9519 in Epoch [8]
2022-07-08 14:10:39,806 INFO: Epoch: 36 | PSNR: 29.9155 | Loss: 5.6668 | lr: 1.00e-03 | Best_PSNR: 29.9519 in Epoch [8]
2022-07-08 14:11:34,109 INFO: Epoch: 37 | PSNR: 29.9132 | Loss: 5.6789 | lr: 1.00e-03 | Best_PSNR: 29.9519 in Epoch [8]
2022-07-08 14:12:28,914 INFO: Epoch: 38 | PSNR: 29.8983 | Loss: 5.7188 | lr: 1.00e-03 | Best_PSNR: 29.9519 in Epoch [8]
2022-07-08 14:13:23,076 INFO: Epoch: 39 | PSNR: 29.8731 | Loss: 5.7414 | lr: 1.00e-03 | Best_PSNR: 29.9519 in Epoch [8]
2022-07-08 14:14:17,502 INFO: Epoch: 40 | PSNR: 29.8707 | Loss: 5.7345 | lr: 1.00e-03 | Best_PSNR: 29.9519 in Epoch [8]
2022-07-08 14:15:11,827 INFO: Epoch: 41 | PSNR: 29.8817 | Loss: 5.7120 | lr: 1.00e-03 | Best_PSNR: 29.9519 in Epoch [8]
2022-07-08 14:16:06,044 INFO: Epoch: 42 | PSNR: 29.8778 | Loss: 5.7428 | lr: 1.00e-03 | Best_PSNR: 29.9519 in Epoch [8]
2022-07-08 14:17:00,486 INFO: Epoch: 43 | PSNR: 29.9175 | Loss: 5.6744 | lr: 1.00e-03 | Best_PSNR: 29.9519 in Epoch [8]
2022-07-08 14:17:54,604 INFO: Epoch: 44 | PSNR: 29.8469 | Loss: 5.7552 | lr: 1.00e-03 | Best_PSNR: 29.9519 in Epoch [8]
2022-07-08 14:18:49,267 INFO: Epoch: 45 | PSNR: 29.9277 | Loss: 5.6909 | lr: 1.00e-03 | Best_PSNR: 29.9519 in Epoch [8]
2022-07-08 14:19:43,569 INFO: Epoch: 46 | PSNR: 29.9113 | Loss: 5.6873 | lr: 1.00e-03 | Best_PSNR: 29.9519 in Epoch [8]
2022-07-08 14:20:37,873 INFO: Epoch: 47 | PSNR: 29.8827 | Loss: 5.6586 | lr: 1.00e-03 | Best_PSNR: 29.9519 in Epoch [8]
2022-07-08 14:21:32,670 INFO: Epoch: 48 | PSNR: 29.8689 | Loss: 5.7395 | lr: 1.00e-03 | Best_PSNR: 29.9519 in Epoch [8]
2022-07-08 14:22:27,401 INFO: Epoch: 49 | PSNR: 29.9021 | Loss: 5.7565 | lr: 1.00e-03 | Best_PSNR: 29.9519 in Epoch [8]
2022-07-08 14:23:21,950 INFO: Epoch: 50 | PSNR: 29.8919 | Loss: 5.7287 | lr: 1.00e-03 | Best_PSNR: 29.9519 in Epoch [8]
2022-07-08 14:24:16,547 INFO: Epoch: 51 | PSNR: 29.9292 | Loss: 5.7250 | lr: 5.00e-04 | Best_PSNR: 29.9519 in Epoch [8]
2022-07-08 14:25:10,826 INFO: Epoch: 52 | PSNR: 29.8914 | Loss: 5.6650 | lr: 5.00e-04 | Best_PSNR: 29.9519 in Epoch [8]
2022-07-08 14:26:05,580 INFO: Epoch: 53 | PSNR: 29.9002 | Loss: 5.7122 | lr: 5.00e-04 | Best_PSNR: 29.9519 in Epoch [8]
2022-07-08 14:27:00,328 INFO: Epoch: 54 | PSNR: 29.9093 | Loss: 5.6862 | lr: 5.00e-04 | Best_PSNR: 29.9519 in Epoch [8]
2022-07-08 14:27:56,148 INFO: Epoch: 55 | PSNR: 29.9102 | Loss: 5.6873 | lr: 5.00e-04 | Best_PSNR: 29.9519 in Epoch [8]
2022-07-08 14:28:51,305 INFO: Epoch: 56 | PSNR: 29.9066 | Loss: 5.7160 | lr: 5.00e-04 | Best_PSNR: 29.9519 in Epoch [8]
2022-07-08 14:29:46,460 INFO: Epoch: 57 | PSNR: 29.9195 | Loss: 5.6946 | lr: 5.00e-04 | Best_PSNR: 29.9519 in Epoch [8]
2022-07-08 14:30:41,150 INFO: Epoch: 58 | PSNR: 29.9264 | Loss: 5.6900 | lr: 5.00e-04 | Best_PSNR: 29.9519 in Epoch [8]
2022-07-08 14:31:36,351 INFO: Epoch: 59 | PSNR: 29.8962 | Loss: 5.6555 | lr: 5.00e-04 | Best_PSNR: 29.9519 in Epoch [8]
2022-07-08 14:32:31,293 INFO: Epoch: 60 | PSNR: 29.9268 | Loss: 5.7184 | lr: 5.00e-04 | Best_PSNR: 29.9519 in Epoch [8]
2022-07-08 14:33:26,098 INFO: Epoch: 61 | PSNR: 29.9184 | Loss: 5.7088 | lr: 5.00e-04 | Best_PSNR: 29.9519 in Epoch [8]
2022-07-08 14:34:21,160 INFO: Epoch: 62 | PSNR: 29.9045 | Loss: 5.7162 | lr: 5.00e-04 | Best_PSNR: 29.9519 in Epoch [8]
2022-07-08 14:35:16,294 INFO: Epoch: 63 | PSNR: 29.9058 | Loss: 5.6957 | lr: 5.00e-04 | Best_PSNR: 29.9519 in Epoch [8]
2022-07-08 14:36:10,951 INFO: Epoch: 64 | PSNR: 29.9137 | Loss: 5.6715 | lr: 5.00e-04 | Best_PSNR: 29.9519 in Epoch [8]
2022-07-08 14:37:05,150 INFO: Epoch: 65 | PSNR: 29.9368 | Loss: 5.7352 | lr: 5.00e-04 | Best_PSNR: 29.9519 in Epoch [8]
2022-07-08 14:37:59,225 INFO: Epoch: 66 | PSNR: 29.9057 | Loss: 5.7295 | lr: 5.00e-04 | Best_PSNR: 29.9519 in Epoch [8]
2022-07-08 14:38:53,824 INFO: Epoch: 67 | PSNR: 29.9163 | Loss: 5.7153 | lr: 5.00e-04 | Best_PSNR: 29.9519 in Epoch [8]
2022-07-08 14:39:48,157 INFO: Epoch: 68 | PSNR: 29.9073 | Loss: 5.6945 | lr: 5.00e-04 | Best_PSNR: 29.9519 in Epoch [8]
2022-07-08 14:40:42,897 INFO: Epoch: 69 | PSNR: 29.8835 | Loss: 5.7170 | lr: 5.00e-04 | Best_PSNR: 29.9519 in Epoch [8]
2022-07-08 14:41:37,354 INFO: Epoch: 70 | PSNR: 29.9212 | Loss: 5.7647 | lr: 5.00e-04 | Best_PSNR: 29.9519 in Epoch [8]
2022-07-08 14:42:31,511 INFO: Epoch: 71 | PSNR: 29.9167 | Loss: 5.7106 | lr: 5.00e-04 | Best_PSNR: 29.9519 in Epoch [8]
2022-07-08 14:43:25,883 INFO: Epoch: 72 | PSNR: 29.9335 | Loss: 5.7015 | lr: 5.00e-04 | Best_PSNR: 29.9519 in Epoch [8]
2022-07-08 14:44:20,232 INFO: Epoch: 73 | PSNR: 29.9134 | Loss: 5.7233 | lr: 5.00e-04 | Best_PSNR: 29.9519 in Epoch [8]
2022-07-08 14:45:06,962 INFO: Epoch: 74 | PSNR: 29.9212 | Loss: 5.7082 | lr: 5.00e-04 | Best_PSNR: 29.9519 in Epoch [8]
2022-07-08 14:46:01,314 INFO: Epoch: 75 | PSNR: 29.9064 | Loss: 5.7351 | lr: 5.00e-04 | Best_PSNR: 29.9519 in Epoch [8]
2022-07-08 14:46:55,572 INFO: Epoch: 76 | PSNR: 29.9259 | Loss: 5.7081 | lr: 5.00e-04 | Best_PSNR: 29.9519 in Epoch [8]
2022-07-08 14:47:50,051 INFO: Epoch: 77 | PSNR: 29.9502 | Loss: 5.7304 | lr: 5.00e-04 | Best_PSNR: 29.9519 in Epoch [8]
2022-07-08 14:48:44,770 INFO: Epoch: 78 | PSNR: 29.9361 | Loss: 5.7067 | lr: 5.00e-04 | Best_PSNR: 29.9519 in Epoch [8]
2022-07-08 14:49:38,911 INFO: Epoch: 79 | PSNR: 29.9422 | Loss: 5.6980 | lr: 5.00e-04 | Best_PSNR: 29.9519 in Epoch [8]
2022-07-08 14:50:33,259 INFO: Epoch: 80 | PSNR: 29.9330 | Loss: 5.7337 | lr: 5.00e-04 | Best_PSNR: 29.9519 in Epoch [8]
2022-07-08 14:51:27,924 INFO: Epoch: 81 | PSNR: 29.9222 | Loss: 5.7473 | lr: 5.00e-04 | Best_PSNR: 29.9519 in Epoch [8]
2022-07-08 14:52:22,419 INFO: Epoch: 82 | PSNR: 29.9363 | Loss: 5.6795 | lr: 5.00e-04 | Best_PSNR: 29.9519 in Epoch [8]
2022-07-08 14:53:16,646 INFO: Epoch: 83 | PSNR: 29.9490 | Loss: 5.6703 | lr: 5.00e-04 | Best_PSNR: 29.9519 in Epoch [8]
2022-07-08 14:54:11,052 INFO: Epoch: 84 | PSNR: 29.9161 | Loss: 5.7244 | lr: 5.00e-04 | Best_PSNR: 29.9519 in Epoch [8]
2022-07-08 14:55:06,863 INFO: Epoch: 85 | PSNR: 29.9636 | Loss: 5.7241 | lr: 5.00e-04 | Best_PSNR: 29.9636 in Epoch [85]
2022-07-08 14:56:01,314 INFO: Epoch: 86 | PSNR: 29.9222 | Loss: 5.7083 | lr: 5.00e-04 | Best_PSNR: 29.9636 in Epoch [85]
2022-07-08 14:56:56,167 INFO: Epoch: 87 | PSNR: 29.9197 | Loss: 5.7101 | lr: 5.00e-04 | Best_PSNR: 29.9636 in Epoch [85]
2022-07-08 14:57:50,469 INFO: Epoch: 88 | PSNR: 29.9485 | Loss: 5.7152 | lr: 5.00e-04 | Best_PSNR: 29.9636 in Epoch [85]
2022-07-08 14:58:45,044 INFO: Epoch: 89 | PSNR: 29.9116 | Loss: 5.7124 | lr: 5.00e-04 | Best_PSNR: 29.9636 in Epoch [85]
2022-07-08 14:59:39,461 INFO: Epoch: 90 | PSNR: 29.9339 | Loss: 5.6581 | lr: 5.00e-04 | Best_PSNR: 29.9636 in Epoch [85]
2022-07-08 15:00:34,045 INFO: Epoch: 91 | PSNR: 29.9391 | Loss: 5.7195 | lr: 5.00e-04 | Best_PSNR: 29.9636 in Epoch [85]
2022-07-08 15:01:28,326 INFO: Epoch: 92 | PSNR: 29.9481 | Loss: 5.7420 | lr: 5.00e-04 | Best_PSNR: 29.9636 in Epoch [85]
2022-07-08 15:02:22,934 INFO: Epoch: 93 | PSNR: 29.9115 | Loss: 5.7232 | lr: 5.00e-04 | Best_PSNR: 29.9636 in Epoch [85]
2022-07-08 15:03:17,013 INFO: Epoch: 94 | PSNR: 29.9240 | Loss: 5.7069 | lr: 5.00e-04 | Best_PSNR: 29.9636 in Epoch [85]
2022-07-08 15:04:11,313 INFO: Epoch: 95 | PSNR: 29.9085 | Loss: 5.7301 | lr: 5.00e-04 | Best_PSNR: 29.9636 in Epoch [85]
2022-07-08 15:05:06,048 INFO: Epoch: 96 | PSNR: 29.9446 | Loss: 5.6786 | lr: 5.00e-04 | Best_PSNR: 29.9636 in Epoch [85]
2022-07-08 15:06:00,771 INFO: Epoch: 97 | PSNR: 29.9455 | Loss: 5.7218 | lr: 5.00e-04 | Best_PSNR: 29.9636 in Epoch [85]
2022-07-08 15:06:55,292 INFO: Epoch: 98 | PSNR: 29.9412 | Loss: 5.6997 | lr: 5.00e-04 | Best_PSNR: 29.9636 in Epoch [85]
2022-07-08 15:07:49,368 INFO: Epoch: 99 | PSNR: 29.9497 | Loss: 5.6825 | lr: 5.00e-04 | Best_PSNR: 29.9636 in Epoch [85]
2022-07-08 15:08:43,749 INFO: Epoch: 100 | PSNR: 29.9172 | Loss: 5.7059 | lr: 5.00e-04 | Best_PSNR: 29.9636 in Epoch [85]
2022-07-08 15:09:38,044 INFO: Epoch: 101 | PSNR: 29.9482 | Loss: 5.6983 | lr: 2.50e-04 | Best_PSNR: 29.9636 in Epoch [85]
2022-07-08 15:10:32,556 INFO: Epoch: 102 | PSNR: 29.9453 | Loss: 5.7047 | lr: 2.50e-04 | Best_PSNR: 29.9636 in Epoch [85]
2022-07-08 15:11:27,178 INFO: Epoch: 103 | PSNR: 29.9577 | Loss: 5.6725 | lr: 2.50e-04 | Best_PSNR: 29.9636 in Epoch [85]
2022-07-08 15:12:21,993 INFO: Epoch: 104 | PSNR: 29.9571 | Loss: 5.6825 | lr: 2.50e-04 | Best_PSNR: 29.9636 in Epoch [85]
2022-07-08 15:13:17,937 INFO: Epoch: 105 | PSNR: 29.9738 | Loss: 5.6357 | lr: 2.50e-04 | Best_PSNR: 29.9738 in Epoch [105]
2022-07-08 15:14:12,111 INFO: Epoch: 106 | PSNR: 29.9572 | Loss: 5.6558 | lr: 2.50e-04 | Best_PSNR: 29.9738 in Epoch [105]
2022-07-08 15:15:06,372 INFO: Epoch: 107 | PSNR: 29.9565 | Loss: 5.6455 | lr: 2.50e-04 | Best_PSNR: 29.9738 in Epoch [105]
2022-07-08 15:16:00,812 INFO: Epoch: 108 | PSNR: 29.9706 | Loss: 5.6875 | lr: 2.50e-04 | Best_PSNR: 29.9738 in Epoch [105]
2022-07-08 15:16:55,447 INFO: Epoch: 109 | PSNR: 29.9634 | Loss: 5.7007 | lr: 2.50e-04 | Best_PSNR: 29.9738 in Epoch [105]
2022-07-08 15:17:49,876 INFO: Epoch: 110 | PSNR: 29.9659 | Loss: 5.6397 | lr: 2.50e-04 | Best_PSNR: 29.9738 in Epoch [105]
2022-07-08 15:18:44,394 INFO: Epoch: 111 | PSNR: 29.9536 | Loss: 5.6584 | lr: 2.50e-04 | Best_PSNR: 29.9738 in Epoch [105]
2022-07-08 15:19:38,646 INFO: Epoch: 112 | PSNR: 29.9666 | Loss: 5.6712 | lr: 2.50e-04 | Best_PSNR: 29.9738 in Epoch [105]
2022-07-08 15:20:32,998 INFO: Epoch: 113 | PSNR: 29.9543 | Loss: 5.6484 | lr: 2.50e-04 | Best_PSNR: 29.9738 in Epoch [105]
2022-07-08 15:21:22,476 INFO: Epoch: 114 | PSNR: 29.9432 | Loss: 5.6839 | lr: 2.50e-04 | Best_PSNR: 29.9738 in Epoch [105]
2022-07-08 15:22:16,752 INFO: Epoch: 115 | PSNR: 29.9559 | Loss: 5.6578 | lr: 2.50e-04 | Best_PSNR: 29.9738 in Epoch [105]
2022-07-08 15:23:11,341 INFO: Epoch: 116 | PSNR: 29.9706 | Loss: 5.6914 | lr: 2.50e-04 | Best_PSNR: 29.9738 in Epoch [105]
2022-07-08 15:24:05,339 INFO: Epoch: 117 | PSNR: 29.9387 | Loss: 5.6991 | lr: 2.50e-04 | Best_PSNR: 29.9738 in Epoch [105]
2022-07-08 15:24:59,833 INFO: Epoch: 118 | PSNR: 29.9705 | Loss: 5.6843 | lr: 2.50e-04 | Best_PSNR: 29.9738 in Epoch [105]
2022-07-08 15:25:53,884 INFO: Epoch: 119 | PSNR: 29.9601 | Loss: 5.7157 | lr: 2.50e-04 | Best_PSNR: 29.9738 in Epoch [105]
2022-07-08 15:26:48,271 INFO: Epoch: 120 | PSNR: 29.9716 | Loss: 5.6921 | lr: 2.50e-04 | Best_PSNR: 29.9738 in Epoch [105]
2022-07-08 15:27:42,591 INFO: Epoch: 121 | PSNR: 29.9686 | Loss: 5.6622 | lr: 2.50e-04 | Best_PSNR: 29.9738 in Epoch [105]
2022-07-08 15:28:36,803 INFO: Epoch: 122 | PSNR: 29.9687 | Loss: 5.6731 | lr: 2.50e-04 | Best_PSNR: 29.9738 in Epoch [105]
2022-07-08 15:29:31,060 INFO: Epoch: 123 | PSNR: 29.9500 | Loss: 5.6665 | lr: 2.50e-04 | Best_PSNR: 29.9738 in Epoch [105]
2022-07-08 15:30:25,298 INFO: Epoch: 124 | PSNR: 29.9527 | Loss: 5.6810 | lr: 2.50e-04 | Best_PSNR: 29.9738 in Epoch [105]
2022-07-08 15:31:19,552 INFO: Epoch: 125 | PSNR: 29.9531 | Loss: 5.6725 | lr: 2.50e-04 | Best_PSNR: 29.9738 in Epoch [105]
2022-07-08 15:32:13,936 INFO: Epoch: 126 | PSNR: 29.9491 | Loss: 5.7121 | lr: 2.50e-04 | Best_PSNR: 29.9738 in Epoch [105]
2022-07-08 15:33:08,437 INFO: Epoch: 127 | PSNR: 29.9517 | Loss: 5.6446 | lr: 2.50e-04 | Best_PSNR: 29.9738 in Epoch [105]
2022-07-08 15:34:02,450 INFO: Epoch: 128 | PSNR: 29.9487 | Loss: 5.6881 | lr: 2.50e-04 | Best_PSNR: 29.9738 in Epoch [105]
2022-07-08 15:34:56,816 INFO: Epoch: 129 | PSNR: 29.9655 | Loss: 5.7191 | lr: 2.50e-04 | Best_PSNR: 29.9738 in Epoch [105]
2022-07-08 15:35:50,812 INFO: Epoch: 130 | PSNR: 29.9517 | Loss: 5.6775 | lr: 2.50e-04 | Best_PSNR: 29.9738 in Epoch [105]
2022-07-08 15:36:46,617 INFO: Epoch: 131 | PSNR: 29.9745 | Loss: 5.6776 | lr: 2.50e-04 | Best_PSNR: 29.9745 in Epoch [131]
2022-07-08 15:37:40,852 INFO: Epoch: 132 | PSNR: 29.9637 | Loss: 5.6387 | lr: 2.50e-04 | Best_PSNR: 29.9745 in Epoch [131]
2022-07-08 15:38:35,222 INFO: Epoch: 133 | PSNR: 29.9484 | Loss: 5.6432 | lr: 2.50e-04 | Best_PSNR: 29.9745 in Epoch [131]
2022-07-08 15:39:30,931 INFO: Epoch: 134 | PSNR: 29.9766 | Loss: 5.7000 | lr: 2.50e-04 | Best_PSNR: 29.9766 in Epoch [134]
2022-07-08 15:40:24,932 INFO: Epoch: 135 | PSNR: 29.9606 | Loss: 5.6763 | lr: 2.50e-04 | Best_PSNR: 29.9766 in Epoch [134]
2022-07-08 15:41:19,112 INFO: Epoch: 136 | PSNR: 29.9324 | Loss: 5.6660 | lr: 2.50e-04 | Best_PSNR: 29.9766 in Epoch [134]
2022-07-08 15:42:14,869 INFO: Epoch: 137 | PSNR: 29.9781 | Loss: 5.7086 | lr: 2.50e-04 | Best_PSNR: 29.9781 in Epoch [137]
2022-07-08 15:43:09,331 INFO: Epoch: 138 | PSNR: 29.9521 | Loss: 5.6582 | lr: 2.50e-04 | Best_PSNR: 29.9781 in Epoch [137]
2022-07-08 15:44:03,779 INFO: Epoch: 139 | PSNR: 29.9622 | Loss: 5.6696 | lr: 2.50e-04 | Best_PSNR: 29.9781 in Epoch [137]
2022-07-08 15:44:58,217 INFO: Epoch: 140 | PSNR: 29.9705 | Loss: 5.6729 | lr: 2.50e-04 | Best_PSNR: 29.9781 in Epoch [137]
2022-07-08 15:45:52,538 INFO: Epoch: 141 | PSNR: 29.9757 | Loss: 5.6927 | lr: 2.50e-04 | Best_PSNR: 29.9781 in Epoch [137]
2022-07-08 15:46:47,194 INFO: Epoch: 142 | PSNR: 29.9485 | Loss: 5.6724 | lr: 2.50e-04 | Best_PSNR: 29.9781 in Epoch [137]
2022-07-08 15:47:42,074 INFO: Epoch: 143 | PSNR: 29.9046 | Loss: 5.6849 | lr: 2.50e-04 | Best_PSNR: 29.9781 in Epoch [137]
2022-07-08 15:48:36,440 INFO: Epoch: 144 | PSNR: 29.9740 | Loss: 5.6418 | lr: 2.50e-04 | Best_PSNR: 29.9781 in Epoch [137]
2022-07-08 15:49:32,084 INFO: Epoch: 145 | PSNR: 29.9815 | Loss: 5.6170 | lr: 2.50e-04 | Best_PSNR: 29.9815 in Epoch [145]
2022-07-08 15:50:26,609 INFO: Epoch: 146 | PSNR: 29.9712 | Loss: 5.7033 | lr: 2.50e-04 | Best_PSNR: 29.9815 in Epoch [145]
2022-07-08 15:51:21,046 INFO: Epoch: 147 | PSNR: 29.9348 | Loss: 5.6665 | lr: 2.50e-04 | Best_PSNR: 29.9815 in Epoch [145]
2022-07-08 15:52:15,576 INFO: Epoch: 148 | PSNR: 29.9781 | Loss: 5.6873 | lr: 2.50e-04 | Best_PSNR: 29.9815 in Epoch [145]
2022-07-08 15:53:10,329 INFO: Epoch: 149 | PSNR: 29.9558 | Loss: 5.6521 | lr: 2.50e-04 | Best_PSNR: 29.9815 in Epoch [145]
2022-07-08 15:54:04,854 INFO: Epoch: 150 | PSNR: 29.9508 | Loss: 5.6417 | lr: 2.50e-04 | Best_PSNR: 29.9815 in Epoch [145]
2022-07-08 15:54:59,437 INFO: Epoch: 151 | PSNR: 29.9739 | Loss: 5.6850 | lr: 1.25e-04 | Best_PSNR: 29.9815 in Epoch [145]
2022-07-08 15:55:53,654 INFO: Epoch: 152 | PSNR: 29.9491 | Loss: 5.7357 | lr: 1.25e-04 | Best_PSNR: 29.9815 in Epoch [145]
2022-07-08 15:56:48,071 INFO: Epoch: 153 | PSNR: 29.9667 | Loss: 5.7140 | lr: 1.25e-04 | Best_PSNR: 29.9815 in Epoch [145]
2022-07-08 15:57:43,998 INFO: Epoch: 154 | PSNR: 29.9837 | Loss: 5.6700 | lr: 1.25e-04 | Best_PSNR: 29.9837 in Epoch [154]
2022-07-08 15:58:31,455 INFO: Epoch: 155 | PSNR: 29.9723 | Loss: 5.6531 | lr: 1.25e-04 | Best_PSNR: 29.9837 in Epoch [154]
2022-07-08 15:59:25,805 INFO: Epoch: 156 | PSNR: 29.9744 | Loss: 5.6383 | lr: 1.25e-04 | Best_PSNR: 29.9837 in Epoch [154]
2022-07-08 16:00:19,839 INFO: Epoch: 157 | PSNR: 29.9752 | Loss: 5.6827 | lr: 1.25e-04 | Best_PSNR: 29.9837 in Epoch [154]
2022-07-08 16:01:15,599 INFO: Epoch: 158 | PSNR: 29.9871 | Loss: 5.6654 | lr: 1.25e-04 | Best_PSNR: 29.9871 in Epoch [158]
2022-07-08 16:02:09,771 INFO: Epoch: 159 | PSNR: 29.9725 | Loss: 5.6450 | lr: 1.25e-04 | Best_PSNR: 29.9871 in Epoch [158]
2022-07-08 16:03:04,165 INFO: Epoch: 160 | PSNR: 29.9706 | Loss: 5.6677 | lr: 1.25e-04 | Best_PSNR: 29.9871 in Epoch [158]
2022-07-08 16:03:58,674 INFO: Epoch: 161 | PSNR: 29.9745 | Loss: 5.6516 | lr: 1.25e-04 | Best_PSNR: 29.9871 in Epoch [158]
2022-07-08 16:04:53,266 INFO: Epoch: 162 | PSNR: 29.9732 | Loss: 5.6373 | lr: 1.25e-04 | Best_PSNR: 29.9871 in Epoch [158]
2022-07-08 16:05:47,214 INFO: Epoch: 163 | PSNR: 29.9701 | Loss: 5.6684 | lr: 1.25e-04 | Best_PSNR: 29.9871 in Epoch [158]
2022-07-08 16:06:41,733 INFO: Epoch: 164 | PSNR: 29.9781 | Loss: 5.6822 | lr: 1.25e-04 | Best_PSNR: 29.9871 in Epoch [158]
2022-07-08 16:07:36,080 INFO: Epoch: 165 | PSNR: 29.9671 | Loss: 5.6900 | lr: 1.25e-04 | Best_PSNR: 29.9871 in Epoch [158]
2022-07-08 16:08:30,344 INFO: Epoch: 166 | PSNR: 29.9692 | Loss: 5.6924 | lr: 1.25e-04 | Best_PSNR: 29.9871 in Epoch [158]
2022-07-08 16:09:24,877 INFO: Epoch: 167 | PSNR: 29.9766 | Loss: 5.6315 | lr: 1.25e-04 | Best_PSNR: 29.9871 in Epoch [158]
2022-07-08 16:10:18,808 INFO: Epoch: 168 | PSNR: 29.9724 | Loss: 5.6388 | lr: 1.25e-04 | Best_PSNR: 29.9871 in Epoch [158]
2022-07-08 16:11:13,240 INFO: Epoch: 169 | PSNR: 29.9710 | Loss: 5.7148 | lr: 1.25e-04 | Best_PSNR: 29.9871 in Epoch [158]
2022-07-08 16:12:07,754 INFO: Epoch: 170 | PSNR: 29.9716 | Loss: 5.6914 | lr: 1.25e-04 | Best_PSNR: 29.9871 in Epoch [158]
2022-07-08 16:13:02,189 INFO: Epoch: 171 | PSNR: 29.9677 | Loss: 5.6554 | lr: 1.25e-04 | Best_PSNR: 29.9871 in Epoch [158]
2022-07-08 16:13:56,553 INFO: Epoch: 172 | PSNR: 29.9750 | Loss: 5.6304 | lr: 1.25e-04 | Best_PSNR: 29.9871 in Epoch [158]
2022-07-08 16:14:50,904 INFO: Epoch: 173 | PSNR: 29.9651 | Loss: 5.6443 | lr: 1.25e-04 | Best_PSNR: 29.9871 in Epoch [158]
2022-07-08 16:15:45,217 INFO: Epoch: 174 | PSNR: 29.9865 | Loss: 5.7038 | lr: 1.25e-04 | Best_PSNR: 29.9871 in Epoch [158]
2022-07-08 16:16:39,522 INFO: Epoch: 175 | PSNR: 29.9667 | Loss: 5.6520 | lr: 1.25e-04 | Best_PSNR: 29.9871 in Epoch [158]
2022-07-08 16:17:33,984 INFO: Epoch: 176 | PSNR: 29.9673 | Loss: 5.6646 | lr: 1.25e-04 | Best_PSNR: 29.9871 in Epoch [158]
2022-07-08 16:18:28,118 INFO: Epoch: 177 | PSNR: 29.9698 | Loss: 5.7104 | lr: 1.25e-04 | Best_PSNR: 29.9871 in Epoch [158]
2022-07-08 16:19:22,349 INFO: Epoch: 178 | PSNR: 29.9619 | Loss: 5.6539 | lr: 1.25e-04 | Best_PSNR: 29.9871 in Epoch [158]
2022-07-08 16:20:16,416 INFO: Epoch: 179 | PSNR: 29.9605 | Loss: 5.6991 | lr: 1.25e-04 | Best_PSNR: 29.9871 in Epoch [158]
2022-07-08 16:21:11,326 INFO: Epoch: 180 | PSNR: 29.9759 | Loss: 5.6558 | lr: 1.25e-04 | Best_PSNR: 29.9871 in Epoch [158]
2022-07-08 16:22:05,541 INFO: Epoch: 181 | PSNR: 29.9582 | Loss: 5.7024 | lr: 1.25e-04 | Best_PSNR: 29.9871 in Epoch [158]
2022-07-08 16:23:00,284 INFO: Epoch: 182 | PSNR: 29.9714 | Loss: 5.6602 | lr: 1.25e-04 | Best_PSNR: 29.9871 in Epoch [158]
2022-07-08 16:23:54,722 INFO: Epoch: 183 | PSNR: 29.9640 | Loss: 5.6936 | lr: 1.25e-04 | Best_PSNR: 29.9871 in Epoch [158]
2022-07-08 16:24:49,337 INFO: Epoch: 184 | PSNR: 29.9794 | Loss: 5.6550 | lr: 1.25e-04 | Best_PSNR: 29.9871 in Epoch [158]
2022-07-08 16:25:43,567 INFO: Epoch: 185 | PSNR: 29.9595 | Loss: 5.6273 | lr: 1.25e-04 | Best_PSNR: 29.9871 in Epoch [158]
2022-07-08 16:26:37,978 INFO: Epoch: 186 | PSNR: 29.9661 | Loss: 5.6624 | lr: 1.25e-04 | Best_PSNR: 29.9871 in Epoch [158]
2022-07-08 16:27:32,529 INFO: Epoch: 187 | PSNR: 29.9615 | Loss: 5.6443 | lr: 1.25e-04 | Best_PSNR: 29.9871 in Epoch [158]
2022-07-08 16:28:26,766 INFO: Epoch: 188 | PSNR: 29.9763 | Loss: 5.6805 | lr: 1.25e-04 | Best_PSNR: 29.9871 in Epoch [158]
2022-07-08 16:29:21,484 INFO: Epoch: 189 | PSNR: 29.9560 | Loss: 5.6182 | lr: 1.25e-04 | Best_PSNR: 29.9871 in Epoch [158]
2022-07-08 16:30:15,487 INFO: Epoch: 190 | PSNR: 29.9767 | Loss: 5.6937 | lr: 1.25e-04 | Best_PSNR: 29.9871 in Epoch [158]
2022-07-08 16:31:10,133 INFO: Epoch: 191 | PSNR: 29.9779 | Loss: 5.6744 | lr: 1.25e-04 | Best_PSNR: 29.9871 in Epoch [158]
2022-07-08 16:32:04,264 INFO: Epoch: 192 | PSNR: 29.9766 | Loss: 5.6830 | lr: 1.25e-04 | Best_PSNR: 29.9871 in Epoch [158]
2022-07-08 16:32:58,767 INFO: Epoch: 193 | PSNR: 29.9703 | Loss: 5.6378 | lr: 1.25e-04 | Best_PSNR: 29.9871 in Epoch [158]
2022-07-08 16:33:53,103 INFO: Epoch: 194 | PSNR: 29.9751 | Loss: 5.7121 | lr: 1.25e-04 | Best_PSNR: 29.9871 in Epoch [158]
2022-07-08 16:34:47,691 INFO: Epoch: 195 | PSNR: 29.9657 | Loss: 5.6400 | lr: 1.25e-04 | Best_PSNR: 29.9871 in Epoch [158]
2022-07-08 16:35:34,487 INFO: Epoch: 196 | PSNR: 29.9693 | Loss: 5.6609 | lr: 1.25e-04 | Best_PSNR: 29.9871 in Epoch [158]
2022-07-08 16:36:29,047 INFO: Epoch: 197 | PSNR: 29.9857 | Loss: 5.6724 | lr: 1.25e-04 | Best_PSNR: 29.9871 in Epoch [158]
2022-07-08 16:37:23,204 INFO: Epoch: 198 | PSNR: 29.9739 | Loss: 5.6777 | lr: 1.25e-04 | Best_PSNR: 29.9871 in Epoch [158]
2022-07-08 16:38:17,644 INFO: Epoch: 199 | PSNR: 29.9776 | Loss: 5.6330 | lr: 1.25e-04 | Best_PSNR: 29.9871 in Epoch [158]
2022-07-08 16:39:12,257 INFO: Epoch: 200 | PSNR: 29.9758 | Loss: 5.6620 | lr: 1.25e-04 | Best_PSNR: 29.9871 in Epoch [158]
2022-07-08 16:40:08,109 INFO: Epoch: 201 | PSNR: 29.9913 | Loss: 5.6909 | lr: 6.25e-05 | Best_PSNR: 29.9913 in Epoch [201]
2022-07-08 16:41:02,604 INFO: Epoch: 202 | PSNR: 29.9889 | Loss: 5.6274 | lr: 6.25e-05 | Best_PSNR: 29.9913 in Epoch [201]
2022-07-08 16:41:57,169 INFO: Epoch: 203 | PSNR: 29.9857 | Loss: 5.5973 | lr: 6.25e-05 | Best_PSNR: 29.9913 in Epoch [201]
2022-07-08 16:42:51,794 INFO: Epoch: 204 | PSNR: 29.9823 | Loss: 5.6477 | lr: 6.25e-05 | Best_PSNR: 29.9913 in Epoch [201]
2022-07-08 16:43:46,369 INFO: Epoch: 205 | PSNR: 29.9607 | Loss: 5.6965 | lr: 6.25e-05 | Best_PSNR: 29.9913 in Epoch [201]
2022-07-08 16:44:40,976 INFO: Epoch: 206 | PSNR: 29.9790 | Loss: 5.6710 | lr: 6.25e-05 | Best_PSNR: 29.9913 in Epoch [201]
2022-07-08 16:45:35,699 INFO: Epoch: 207 | PSNR: 29.9708 | Loss: 5.7170 | lr: 6.25e-05 | Best_PSNR: 29.9913 in Epoch [201]
2022-07-08 16:46:30,677 INFO: Epoch: 208 | PSNR: 29.9784 | Loss: 5.6303 | lr: 6.25e-05 | Best_PSNR: 29.9913 in Epoch [201]
2022-07-08 16:47:25,435 INFO: Epoch: 209 | PSNR: 29.9704 | Loss: 5.6551 | lr: 6.25e-05 | Best_PSNR: 29.9913 in Epoch [201]
2022-07-08 16:48:20,011 INFO: Epoch: 210 | PSNR: 29.9613 | Loss: 5.6233 | lr: 6.25e-05 | Best_PSNR: 29.9913 in Epoch [201]
2022-07-08 16:49:14,665 INFO: Epoch: 211 | PSNR: 29.9693 | Loss: 5.6622 | lr: 6.25e-05 | Best_PSNR: 29.9913 in Epoch [201]
2022-07-08 16:50:09,332 INFO: Epoch: 212 | PSNR: 29.9553 | Loss: 5.6993 | lr: 6.25e-05 | Best_PSNR: 29.9913 in Epoch [201]
2022-07-08 16:51:03,807 INFO: Epoch: 213 | PSNR: 29.9698 | Loss: 5.6927 | lr: 6.25e-05 | Best_PSNR: 29.9913 in Epoch [201]
2022-07-08 16:51:58,258 INFO: Epoch: 214 | PSNR: 29.9743 | Loss: 5.6389 | lr: 6.25e-05 | Best_PSNR: 29.9913 in Epoch [201]
2022-07-08 16:52:52,724 INFO: Epoch: 215 | PSNR: 29.9737 | Loss: 5.6593 | lr: 6.25e-05 | Best_PSNR: 29.9913 in Epoch [201]
2022-07-08 16:53:47,280 INFO: Epoch: 216 | PSNR: 29.9822 | Loss: 5.6836 | lr: 6.25e-05 | Best_PSNR: 29.9913 in Epoch [201]
2022-07-08 16:54:41,862 INFO: Epoch: 217 | PSNR: 29.9765 | Loss: 5.6599 | lr: 6.25e-05 | Best_PSNR: 29.9913 in Epoch [201]
2022-07-08 16:55:36,776 INFO: Epoch: 218 | PSNR: 29.9695 | Loss: 5.6555 | lr: 6.25e-05 | Best_PSNR: 29.9913 in Epoch [201]
2022-07-08 16:56:31,592 INFO: Epoch: 219 | PSNR: 29.9704 | Loss: 5.6486 | lr: 6.25e-05 | Best_PSNR: 29.9913 in Epoch [201]
2022-07-08 16:57:26,412 INFO: Epoch: 220 | PSNR: 29.9811 | Loss: 5.6839 | lr: 6.25e-05 | Best_PSNR: 29.9913 in Epoch [201]
