2022-07-21 15:50:41,355 INFO: Create train dataset successfully!
2022-07-21 15:50:41,355 INFO: Training: [1000] iterations for each epoch
2022-07-21 15:50:41,355 INFO: Create val dataset successfully!
2022-07-21 15:50:41,355 INFO: Validating: [100] iterations for each epoch
2022-07-21 15:50:41,355 INFO: Preparing for experiment: [trial13_qat]
2022-07-21 15:50:41,355 INFO: Loading pretrained model ...
2022-07-21 15:50:44,291 INFO: Start copying weights and annotate Lambda layer...
2022-07-21 15:50:44,356 INFO: Start annotating other parts of model...
2022-07-21 15:50:44,379 INFO: Creating quantize-aware model...
2022-07-21 15:50:45,460 INFO: Create model successfully! Params: [34.79]K
2022-07-21 15:50:45,460 INFO: Model: "model"
2022-07-21 15:50:45,460 INFO: _________________________________________________________________
2022-07-21 15:50:45,460 INFO: Layer (type)                 Output Shape              Param #   
2022-07-21 15:50:45,460 INFO: =================================================================
2022-07-21 15:50:45,461 INFO: input_1 (InputLayer)         [(None, None, None, 3)]   0         
2022-07-21 15:50:45,461 INFO: _________________________________________________________________
2022-07-21 15:50:45,461 INFO: quantize_layer (QuantizeLaye (None, None, None, 3)     3         
2022-07-21 15:50:45,461 INFO: _________________________________________________________________
2022-07-21 15:50:45,461 INFO: quant_conv2d (QuantizeWrappe (None, None, None, 31)    933       
2022-07-21 15:50:45,461 INFO: _________________________________________________________________
2022-07-21 15:50:45,461 INFO: quant_conv2d_1 (QuantizeWrap (None, None, None, 31)    8745      
2022-07-21 15:50:45,461 INFO: _________________________________________________________________
2022-07-21 15:50:45,461 INFO: quant_conv2d_2 (QuantizeWrap (None, None, None, 31)    8745      
2022-07-21 15:50:45,461 INFO: _________________________________________________________________
2022-07-21 15:50:45,462 INFO: quant_conv2d_3 (QuantizeWrap (None, None, None, 31)    8745      
2022-07-21 15:50:45,462 INFO: _________________________________________________________________
2022-07-21 15:50:45,462 INFO: quant_conv2d_4 (QuantizeWrap (None, None, None, 27)    7617      
2022-07-21 15:50:45,462 INFO: _________________________________________________________________
2022-07-21 15:50:45,462 INFO: quant_lambda (QuantizeWrappe (None, None, None, 3)     1         
2022-07-21 15:50:45,462 INFO: =================================================================
2022-07-21 15:50:45,462 INFO: Total params: 34,789
2022-07-21 15:50:45,462 INFO: Trainable params: 34,468
2022-07-21 15:50:45,462 INFO: Non-trainable params: 321
2022-07-21 15:50:45,463 INFO: _________________________________________________________________
2022-07-21 15:50:45,463 INFO: Start training...
2022-07-21 15:51:43,019 INFO: Epoch: 1 | PSNR: 10.7112 | Loss: 91.0688 | lr: 5.00e-05 | Best_PSNR: 10.7112 in Epoch [1]
2022-07-21 15:52:36,351 INFO: Epoch: 2 | PSNR: 24.1685 | Loss: 30.2838 | lr: 5.00e-05 | Best_PSNR: 24.1685 in Epoch [2]
2022-07-21 15:53:28,654 INFO: Epoch: 3 | PSNR: 29.7907 | Loss: 7.0206 | lr: 5.00e-05 | Best_PSNR: 29.7907 in Epoch [3]
2022-07-21 15:54:20,432 INFO: Epoch: 4 | PSNR: 29.9474 | Loss: 5.7410 | lr: 5.00e-05 | Best_PSNR: 29.9474 in Epoch [4]
2022-07-21 15:55:12,555 INFO: Epoch: 5 | PSNR: 29.9757 | Loss: 5.7434 | lr: 5.00e-05 | Best_PSNR: 29.9757 in Epoch [5]
2022-07-21 15:56:03,865 INFO: Epoch: 6 | PSNR: 29.9806 | Loss: 5.6458 | lr: 5.00e-05 | Best_PSNR: 29.9806 in Epoch [6]
2022-07-21 15:57:01,807 INFO: Epoch: 7 | PSNR: 29.9795 | Loss: 5.6671 | lr: 5.00e-05 | Best_PSNR: 29.9806 in Epoch [6]
2022-07-21 15:58:02,928 INFO: Epoch: 8 | PSNR: 29.9812 | Loss: 5.6721 | lr: 5.00e-05 | Best_PSNR: 29.9812 in Epoch [8]
2022-07-21 15:59:01,606 INFO: Epoch: 9 | PSNR: 29.9897 | Loss: 5.7152 | lr: 5.00e-05 | Best_PSNR: 29.9897 in Epoch [9]
2022-07-21 16:00:02,887 INFO: Epoch: 10 | PSNR: 29.9888 | Loss: 5.6631 | lr: 5.00e-05 | Best_PSNR: 29.9897 in Epoch [9]
2022-07-21 16:01:05,117 INFO: Epoch: 11 | PSNR: 29.9955 | Loss: 5.6473 | lr: 5.00e-05 | Best_PSNR: 29.9955 in Epoch [11]
2022-07-21 16:02:00,636 INFO: Epoch: 12 | PSNR: 30.0001 | Loss: 5.6676 | lr: 5.00e-05 | Best_PSNR: 30.0001 in Epoch [12]
2022-07-21 16:03:00,163 INFO: Epoch: 13 | PSNR: 29.9910 | Loss: 5.6876 | lr: 5.00e-05 | Best_PSNR: 30.0001 in Epoch [12]
2022-07-21 16:03:52,471 INFO: Epoch: 14 | PSNR: 29.9893 | Loss: 5.6206 | lr: 5.00e-05 | Best_PSNR: 30.0001 in Epoch [12]
2022-07-21 16:04:41,690 INFO: Epoch: 15 | PSNR: 29.9888 | Loss: 5.6612 | lr: 5.00e-05 | Best_PSNR: 30.0001 in Epoch [12]
2022-07-21 16:05:30,854 INFO: Epoch: 16 | PSNR: 29.9896 | Loss: 5.6794 | lr: 5.00e-05 | Best_PSNR: 30.0001 in Epoch [12]
2022-07-21 16:06:20,633 INFO: Epoch: 17 | PSNR: 29.9854 | Loss: 5.6394 | lr: 5.00e-05 | Best_PSNR: 30.0001 in Epoch [12]
2022-07-21 16:07:10,301 INFO: Epoch: 18 | PSNR: 29.9845 | Loss: 5.6961 | lr: 5.00e-05 | Best_PSNR: 30.0001 in Epoch [12]
2022-07-21 16:07:59,240 INFO: Epoch: 19 | PSNR: 29.9839 | Loss: 5.6199 | lr: 5.00e-05 | Best_PSNR: 30.0001 in Epoch [12]
2022-07-21 16:08:47,961 INFO: Epoch: 20 | PSNR: 29.9842 | Loss: 5.6906 | lr: 5.00e-05 | Best_PSNR: 30.0001 in Epoch [12]
2022-07-21 16:09:38,354 INFO: Epoch: 21 | PSNR: 29.9869 | Loss: 5.6773 | lr: 5.00e-05 | Best_PSNR: 30.0001 in Epoch [12]
2022-07-21 16:10:27,273 INFO: Epoch: 22 | PSNR: 29.9843 | Loss: 5.6324 | lr: 5.00e-05 | Best_PSNR: 30.0001 in Epoch [12]
2022-07-21 16:11:15,293 INFO: Epoch: 23 | PSNR: 29.9908 | Loss: 5.6928 | lr: 5.00e-05 | Best_PSNR: 30.0001 in Epoch [12]
2022-07-21 16:12:01,688 INFO: Epoch: 24 | PSNR: 29.9859 | Loss: 5.6549 | lr: 5.00e-05 | Best_PSNR: 30.0001 in Epoch [12]
2022-07-21 16:12:48,702 INFO: Epoch: 25 | PSNR: 29.9846 | Loss: 5.6329 | lr: 5.00e-05 | Best_PSNR: 30.0001 in Epoch [12]
2022-07-21 16:13:35,487 INFO: Epoch: 26 | PSNR: 29.9821 | Loss: 5.6437 | lr: 5.00e-05 | Best_PSNR: 30.0001 in Epoch [12]
2022-07-21 16:14:23,739 INFO: Epoch: 27 | PSNR: 29.9839 | Loss: 5.6807 | lr: 5.00e-05 | Best_PSNR: 30.0001 in Epoch [12]
2022-07-21 16:15:10,136 INFO: Epoch: 28 | PSNR: 29.9880 | Loss: 5.6448 | lr: 5.00e-05 | Best_PSNR: 30.0001 in Epoch [12]
2022-07-21 16:15:56,193 INFO: Epoch: 29 | PSNR: 29.9950 | Loss: 5.6335 | lr: 5.00e-05 | Best_PSNR: 30.0001 in Epoch [12]
2022-07-21 16:16:42,664 INFO: Epoch: 30 | PSNR: 29.9926 | Loss: 5.6821 | lr: 5.00e-05 | Best_PSNR: 30.0001 in Epoch [12]
2022-07-21 16:17:28,879 INFO: Epoch: 31 | PSNR: 29.9970 | Loss: 5.6596 | lr: 5.00e-05 | Best_PSNR: 30.0001 in Epoch [12]
2022-07-21 16:18:15,090 INFO: Epoch: 32 | PSNR: 29.9886 | Loss: 5.6529 | lr: 5.00e-05 | Best_PSNR: 30.0001 in Epoch [12]
2022-07-21 16:19:01,214 INFO: Epoch: 33 | PSNR: 29.9919 | Loss: 5.6741 | lr: 5.00e-05 | Best_PSNR: 30.0001 in Epoch [12]
2022-07-21 16:19:46,758 INFO: Epoch: 34 | PSNR: 29.9952 | Loss: 5.6697 | lr: 5.00e-05 | Best_PSNR: 30.0001 in Epoch [12]
2022-07-21 16:20:33,232 INFO: Epoch: 35 | PSNR: 29.9941 | Loss: 5.6252 | lr: 5.00e-05 | Best_PSNR: 30.0001 in Epoch [12]
2022-07-21 16:21:20,154 INFO: Epoch: 36 | PSNR: 29.9960 | Loss: 5.6942 | lr: 5.00e-05 | Best_PSNR: 30.0001 in Epoch [12]
2022-07-21 16:22:07,108 INFO: Epoch: 37 | PSNR: 29.9927 | Loss: 5.6432 | lr: 5.00e-05 | Best_PSNR: 30.0001 in Epoch [12]
2022-07-21 16:22:53,013 INFO: Epoch: 38 | PSNR: 29.9991 | Loss: 5.6454 | lr: 5.00e-05 | Best_PSNR: 30.0001 in Epoch [12]
2022-07-21 16:23:38,793 INFO: Epoch: 39 | PSNR: 29.9928 | Loss: 5.7125 | lr: 5.00e-05 | Best_PSNR: 30.0001 in Epoch [12]
2022-07-21 16:24:24,444 INFO: Epoch: 40 | PSNR: 29.9887 | Loss: 5.6656 | lr: 5.00e-05 | Best_PSNR: 30.0001 in Epoch [12]
2022-07-21 16:25:10,444 INFO: Epoch: 41 | PSNR: 29.9895 | Loss: 5.6029 | lr: 5.00e-05 | Best_PSNR: 30.0001 in Epoch [12]
2022-07-21 16:25:56,290 INFO: Epoch: 42 | PSNR: 29.9910 | Loss: 5.7340 | lr: 5.00e-05 | Best_PSNR: 30.0001 in Epoch [12]
2022-07-21 16:26:42,906 INFO: Epoch: 43 | PSNR: 29.9955 | Loss: 5.6770 | lr: 5.00e-05 | Best_PSNR: 30.0001 in Epoch [12]
2022-07-21 16:27:28,861 INFO: Epoch: 44 | PSNR: 29.9935 | Loss: 5.6595 | lr: 5.00e-05 | Best_PSNR: 30.0001 in Epoch [12]
2022-07-21 16:28:19,516 INFO: Epoch: 45 | PSNR: 29.9905 | Loss: 5.6964 | lr: 5.00e-05 | Best_PSNR: 30.0001 in Epoch [12]
2022-07-21 16:29:13,837 INFO: Epoch: 46 | PSNR: 29.9982 | Loss: 5.6785 | lr: 5.00e-05 | Best_PSNR: 30.0001 in Epoch [12]
2022-07-21 16:30:06,501 INFO: Epoch: 47 | PSNR: 29.9959 | Loss: 5.5943 | lr: 5.00e-05 | Best_PSNR: 30.0001 in Epoch [12]
2022-07-21 16:31:02,901 INFO: Epoch: 48 | PSNR: 29.9958 | Loss: 5.6557 | lr: 5.00e-05 | Best_PSNR: 30.0001 in Epoch [12]
2022-07-21 16:31:59,833 INFO: Epoch: 49 | PSNR: 29.9989 | Loss: 5.6990 | lr: 5.00e-05 | Best_PSNR: 30.0001 in Epoch [12]
2022-07-21 16:32:51,535 INFO: Epoch: 50 | PSNR: 29.9988 | Loss: 5.6756 | lr: 5.00e-05 | Best_PSNR: 30.0001 in Epoch [12]
2022-07-21 16:33:40,424 INFO: Epoch: 51 | PSNR: 29.9987 | Loss: 5.6645 | lr: 2.50e-05 | Best_PSNR: 30.0001 in Epoch [12]
2022-07-21 16:34:28,978 INFO: Epoch: 52 | PSNR: 29.9961 | Loss: 5.6008 | lr: 2.50e-05 | Best_PSNR: 30.0001 in Epoch [12]
2022-07-21 16:35:21,039 INFO: Epoch: 53 | PSNR: 30.0040 | Loss: 5.6537 | lr: 2.50e-05 | Best_PSNR: 30.0040 in Epoch [53]
2022-07-21 16:36:10,950 INFO: Epoch: 54 | PSNR: 29.9977 | Loss: 5.6381 | lr: 2.50e-05 | Best_PSNR: 30.0040 in Epoch [53]
2022-07-21 16:37:04,533 INFO: Epoch: 55 | PSNR: 29.9911 | Loss: 5.6430 | lr: 2.50e-05 | Best_PSNR: 30.0040 in Epoch [53]
2022-07-21 16:37:53,685 INFO: Epoch: 56 | PSNR: 29.9943 | Loss: 5.6440 | lr: 2.50e-05 | Best_PSNR: 30.0040 in Epoch [53]
2022-07-21 16:38:44,149 INFO: Epoch: 57 | PSNR: 29.9980 | Loss: 5.6553 | lr: 2.50e-05 | Best_PSNR: 30.0040 in Epoch [53]
2022-07-21 16:39:35,343 INFO: Epoch: 58 | PSNR: 29.9984 | Loss: 5.6797 | lr: 2.50e-05 | Best_PSNR: 30.0040 in Epoch [53]
2022-07-21 16:40:25,238 INFO: Epoch: 59 | PSNR: 29.9971 | Loss: 5.6671 | lr: 2.50e-05 | Best_PSNR: 30.0040 in Epoch [53]
2022-07-21 16:41:18,454 INFO: Epoch: 60 | PSNR: 29.9919 | Loss: 5.6859 | lr: 2.50e-05 | Best_PSNR: 30.0040 in Epoch [53]
2022-07-21 16:42:15,023 INFO: Epoch: 61 | PSNR: 29.9951 | Loss: 5.6384 | lr: 2.50e-05 | Best_PSNR: 30.0040 in Epoch [53]
2022-07-21 16:43:11,914 INFO: Epoch: 62 | PSNR: 29.9952 | Loss: 5.6164 | lr: 2.50e-05 | Best_PSNR: 30.0040 in Epoch [53]
2022-07-21 16:44:06,877 INFO: Epoch: 63 | PSNR: 29.9973 | Loss: 5.6475 | lr: 2.50e-05 | Best_PSNR: 30.0040 in Epoch [53]
2022-07-21 16:45:07,548 INFO: Epoch: 64 | PSNR: 29.9895 | Loss: 5.6480 | lr: 2.50e-05 | Best_PSNR: 30.0040 in Epoch [53]
2022-07-21 16:46:05,338 INFO: Epoch: 65 | PSNR: 30.0060 | Loss: 5.7182 | lr: 2.50e-05 | Best_PSNR: 30.0060 in Epoch [65]
2022-07-21 16:47:02,665 INFO: Epoch: 66 | PSNR: 29.9908 | Loss: 5.6711 | lr: 2.50e-05 | Best_PSNR: 30.0060 in Epoch [65]
2022-07-21 16:48:01,805 INFO: Epoch: 67 | PSNR: 29.9981 | Loss: 5.6930 | lr: 2.50e-05 | Best_PSNR: 30.0060 in Epoch [65]
2022-07-21 16:49:00,037 INFO: Epoch: 68 | PSNR: 29.9929 | Loss: 5.6488 | lr: 2.50e-05 | Best_PSNR: 30.0060 in Epoch [65]
2022-07-21 16:49:59,910 INFO: Epoch: 69 | PSNR: 29.9941 | Loss: 5.6568 | lr: 2.50e-05 | Best_PSNR: 30.0060 in Epoch [65]
2022-07-21 16:50:57,751 INFO: Epoch: 70 | PSNR: 29.9914 | Loss: 5.6126 | lr: 2.50e-05 | Best_PSNR: 30.0060 in Epoch [65]
2022-07-21 16:51:49,210 INFO: Epoch: 71 | PSNR: 29.9895 | Loss: 5.6129 | lr: 2.50e-05 | Best_PSNR: 30.0060 in Epoch [65]
2022-07-21 16:52:38,702 INFO: Epoch: 72 | PSNR: 30.0032 | Loss: 5.6436 | lr: 2.50e-05 | Best_PSNR: 30.0060 in Epoch [65]
2022-07-21 16:53:28,621 INFO: Epoch: 73 | PSNR: 29.9990 | Loss: 5.6991 | lr: 2.50e-05 | Best_PSNR: 30.0060 in Epoch [65]
2022-07-21 16:54:18,351 INFO: Epoch: 74 | PSNR: 29.9890 | Loss: 5.6261 | lr: 2.50e-05 | Best_PSNR: 30.0060 in Epoch [65]
2022-07-21 16:55:07,606 INFO: Epoch: 75 | PSNR: 29.9887 | Loss: 5.6389 | lr: 2.50e-05 | Best_PSNR: 30.0060 in Epoch [65]
2022-07-21 16:55:55,896 INFO: Epoch: 76 | PSNR: 29.9980 | Loss: 5.7041 | lr: 2.50e-05 | Best_PSNR: 30.0060 in Epoch [65]
2022-07-21 16:56:45,887 INFO: Epoch: 77 | PSNR: 29.9932 | Loss: 5.6527 | lr: 2.50e-05 | Best_PSNR: 30.0060 in Epoch [65]
2022-07-21 16:57:35,441 INFO: Epoch: 78 | PSNR: 29.9978 | Loss: 5.6523 | lr: 2.50e-05 | Best_PSNR: 30.0060 in Epoch [65]
2022-07-21 16:58:26,798 INFO: Epoch: 79 | PSNR: 30.0017 | Loss: 5.6361 | lr: 2.50e-05 | Best_PSNR: 30.0060 in Epoch [65]
2022-07-21 16:59:17,361 INFO: Epoch: 80 | PSNR: 30.0001 | Loss: 5.6364 | lr: 2.50e-05 | Best_PSNR: 30.0060 in Epoch [65]
2022-07-21 17:00:08,213 INFO: Epoch: 81 | PSNR: 30.0009 | Loss: 5.6290 | lr: 2.50e-05 | Best_PSNR: 30.0060 in Epoch [65]
2022-07-21 17:01:00,525 INFO: Epoch: 82 | PSNR: 29.9983 | Loss: 5.6832 | lr: 2.50e-05 | Best_PSNR: 30.0060 in Epoch [65]
2022-07-21 17:01:54,660 INFO: Epoch: 83 | PSNR: 29.9881 | Loss: 5.6399 | lr: 2.50e-05 | Best_PSNR: 30.0060 in Epoch [65]
2022-07-21 17:02:56,057 INFO: Epoch: 84 | PSNR: 29.9999 | Loss: 5.5925 | lr: 2.50e-05 | Best_PSNR: 30.0060 in Epoch [65]
2022-07-21 17:03:52,053 INFO: Epoch: 85 | PSNR: 29.9964 | Loss: 5.6421 | lr: 2.50e-05 | Best_PSNR: 30.0060 in Epoch [65]
2022-07-21 17:04:52,524 INFO: Epoch: 86 | PSNR: 29.9929 | Loss: 5.6689 | lr: 2.50e-05 | Best_PSNR: 30.0060 in Epoch [65]
2022-07-21 17:05:48,592 INFO: Epoch: 87 | PSNR: 29.9924 | Loss: 5.6373 | lr: 2.50e-05 | Best_PSNR: 30.0060 in Epoch [65]
2022-07-21 17:06:44,808 INFO: Epoch: 88 | PSNR: 29.9966 | Loss: 5.6729 | lr: 2.50e-05 | Best_PSNR: 30.0060 in Epoch [65]
2022-07-21 17:07:40,846 INFO: Epoch: 89 | PSNR: 29.9832 | Loss: 5.6551 | lr: 2.50e-05 | Best_PSNR: 30.0060 in Epoch [65]
2022-07-21 17:08:35,530 INFO: Epoch: 90 | PSNR: 29.9831 | Loss: 5.6261 | lr: 2.50e-05 | Best_PSNR: 30.0060 in Epoch [65]
2022-07-21 17:09:26,405 INFO: Epoch: 91 | PSNR: 29.9934 | Loss: 5.6410 | lr: 2.50e-05 | Best_PSNR: 30.0060 in Epoch [65]
2022-07-21 17:10:17,161 INFO: Epoch: 92 | PSNR: 29.9976 | Loss: 5.6877 | lr: 2.50e-05 | Best_PSNR: 30.0060 in Epoch [65]
2022-07-21 17:11:08,748 INFO: Epoch: 93 | PSNR: 29.9973 | Loss: 5.6645 | lr: 2.50e-05 | Best_PSNR: 30.0060 in Epoch [65]
2022-07-21 17:11:59,323 INFO: Epoch: 94 | PSNR: 30.0008 | Loss: 5.6797 | lr: 2.50e-05 | Best_PSNR: 30.0060 in Epoch [65]
2022-07-21 17:12:48,728 INFO: Epoch: 95 | PSNR: 30.0014 | Loss: 5.6658 | lr: 2.50e-05 | Best_PSNR: 30.0060 in Epoch [65]
2022-07-21 17:13:37,318 INFO: Epoch: 96 | PSNR: 29.9982 | Loss: 5.6968 | lr: 2.50e-05 | Best_PSNR: 30.0060 in Epoch [65]
2022-07-21 17:14:26,220 INFO: Epoch: 97 | PSNR: 29.9994 | Loss: 5.6504 | lr: 2.50e-05 | Best_PSNR: 30.0060 in Epoch [65]
2022-07-21 17:15:15,751 INFO: Epoch: 98 | PSNR: 29.9966 | Loss: 5.6380 | lr: 2.50e-05 | Best_PSNR: 30.0060 in Epoch [65]
2022-07-21 17:16:03,584 INFO: Epoch: 99 | PSNR: 29.9995 | Loss: 5.6827 | lr: 2.50e-05 | Best_PSNR: 30.0060 in Epoch [65]
2022-07-21 17:16:51,260 INFO: Epoch: 100 | PSNR: 29.9929 | Loss: 5.7072 | lr: 2.50e-05 | Best_PSNR: 30.0060 in Epoch [65]
2022-07-21 17:17:39,138 INFO: Epoch: 101 | PSNR: 30.0026 | Loss: 5.6900 | lr: 1.25e-05 | Best_PSNR: 30.0060 in Epoch [65]
2022-07-21 17:18:29,130 INFO: Epoch: 102 | PSNR: 29.9976 | Loss: 5.7056 | lr: 1.25e-05 | Best_PSNR: 30.0060 in Epoch [65]
2022-07-21 17:19:18,529 INFO: Epoch: 103 | PSNR: 29.9951 | Loss: 5.6321 | lr: 1.25e-05 | Best_PSNR: 30.0060 in Epoch [65]
2022-07-21 17:20:07,403 INFO: Epoch: 104 | PSNR: 29.9954 | Loss: 5.6685 | lr: 1.25e-05 | Best_PSNR: 30.0060 in Epoch [65]
2022-07-21 17:20:56,416 INFO: Epoch: 105 | PSNR: 29.9969 | Loss: 5.6630 | lr: 1.25e-05 | Best_PSNR: 30.0060 in Epoch [65]
2022-07-21 17:21:45,826 INFO: Epoch: 106 | PSNR: 29.9944 | Loss: 5.6819 | lr: 1.25e-05 | Best_PSNR: 30.0060 in Epoch [65]
2022-07-21 17:22:35,825 INFO: Epoch: 107 | PSNR: 29.9921 | Loss: 5.6535 | lr: 1.25e-05 | Best_PSNR: 30.0060 in Epoch [65]
2022-07-21 17:23:25,092 INFO: Epoch: 108 | PSNR: 29.9949 | Loss: 5.6254 | lr: 1.25e-05 | Best_PSNR: 30.0060 in Epoch [65]
2022-07-21 17:24:14,980 INFO: Epoch: 109 | PSNR: 29.9951 | Loss: 5.6408 | lr: 1.25e-05 | Best_PSNR: 30.0060 in Epoch [65]
2022-07-21 17:25:04,774 INFO: Epoch: 110 | PSNR: 29.9910 | Loss: 5.6183 | lr: 1.25e-05 | Best_PSNR: 30.0060 in Epoch [65]
2022-07-21 17:25:53,817 INFO: Epoch: 111 | PSNR: 29.9948 | Loss: 5.6744 | lr: 1.25e-05 | Best_PSNR: 30.0060 in Epoch [65]
2022-07-21 17:26:43,460 INFO: Epoch: 112 | PSNR: 29.9955 | Loss: 5.6628 | lr: 1.25e-05 | Best_PSNR: 30.0060 in Epoch [65]
2022-07-21 17:27:31,517 INFO: Epoch: 113 | PSNR: 29.9908 | Loss: 5.6513 | lr: 1.25e-05 | Best_PSNR: 30.0060 in Epoch [65]
2022-07-21 17:28:20,968 INFO: Epoch: 114 | PSNR: 29.9902 | Loss: 5.6287 | lr: 1.25e-05 | Best_PSNR: 30.0060 in Epoch [65]
2022-07-21 17:29:09,441 INFO: Epoch: 115 | PSNR: 29.9966 | Loss: 5.6719 | lr: 1.25e-05 | Best_PSNR: 30.0060 in Epoch [65]
2022-07-21 17:29:59,342 INFO: Epoch: 116 | PSNR: 29.9971 | Loss: 5.6315 | lr: 1.25e-05 | Best_PSNR: 30.0060 in Epoch [65]
2022-07-21 17:30:49,839 INFO: Epoch: 117 | PSNR: 29.9952 | Loss: 5.6587 | lr: 1.25e-05 | Best_PSNR: 30.0060 in Epoch [65]
2022-07-21 17:31:39,806 INFO: Epoch: 118 | PSNR: 29.9957 | Loss: 5.6354 | lr: 1.25e-05 | Best_PSNR: 30.0060 in Epoch [65]
2022-07-21 17:32:32,241 INFO: Epoch: 119 | PSNR: 29.9923 | Loss: 5.6570 | lr: 1.25e-05 | Best_PSNR: 30.0060 in Epoch [65]
2022-07-21 17:33:22,530 INFO: Epoch: 120 | PSNR: 29.9915 | Loss: 5.6365 | lr: 1.25e-05 | Best_PSNR: 30.0060 in Epoch [65]
2022-07-21 17:34:12,753 INFO: Epoch: 121 | PSNR: 29.9940 | Loss: 5.7163 | lr: 1.25e-05 | Best_PSNR: 30.0060 in Epoch [65]
2022-07-21 17:35:01,761 INFO: Epoch: 122 | PSNR: 29.9917 | Loss: 5.6294 | lr: 1.25e-05 | Best_PSNR: 30.0060 in Epoch [65]
2022-07-21 17:35:51,542 INFO: Epoch: 123 | PSNR: 29.9895 | Loss: 5.6125 | lr: 1.25e-05 | Best_PSNR: 30.0060 in Epoch [65]
2022-07-21 17:36:41,014 INFO: Epoch: 124 | PSNR: 29.9964 | Loss: 5.6602 | lr: 1.25e-05 | Best_PSNR: 30.0060 in Epoch [65]
2022-07-21 17:37:30,924 INFO: Epoch: 125 | PSNR: 29.9929 | Loss: 5.6100 | lr: 1.25e-05 | Best_PSNR: 30.0060 in Epoch [65]
2022-07-21 17:38:21,505 INFO: Epoch: 126 | PSNR: 30.0017 | Loss: 5.7237 | lr: 1.25e-05 | Best_PSNR: 30.0060 in Epoch [65]
2022-07-21 17:39:09,487 INFO: Epoch: 127 | PSNR: 30.0000 | Loss: 5.6567 | lr: 1.25e-05 | Best_PSNR: 30.0060 in Epoch [65]
2022-07-21 17:39:58,320 INFO: Epoch: 128 | PSNR: 29.9972 | Loss: 5.7048 | lr: 1.25e-05 | Best_PSNR: 30.0060 in Epoch [65]
2022-07-21 17:40:47,976 INFO: Epoch: 129 | PSNR: 29.9993 | Loss: 5.6186 | lr: 1.25e-05 | Best_PSNR: 30.0060 in Epoch [65]
2022-07-21 17:41:36,085 INFO: Epoch: 130 | PSNR: 29.9963 | Loss: 5.6991 | lr: 1.25e-05 | Best_PSNR: 30.0060 in Epoch [65]
2022-07-21 17:42:25,038 INFO: Epoch: 131 | PSNR: 29.9994 | Loss: 5.6668 | lr: 1.25e-05 | Best_PSNR: 30.0060 in Epoch [65]
2022-07-21 17:43:14,377 INFO: Epoch: 132 | PSNR: 29.9923 | Loss: 5.6747 | lr: 1.25e-05 | Best_PSNR: 30.0060 in Epoch [65]
2022-07-21 17:44:02,546 INFO: Epoch: 133 | PSNR: 29.9938 | Loss: 5.6458 | lr: 1.25e-05 | Best_PSNR: 30.0060 in Epoch [65]
2022-07-21 17:44:49,278 INFO: Epoch: 134 | PSNR: 29.9963 | Loss: 5.6629 | lr: 1.25e-05 | Best_PSNR: 30.0060 in Epoch [65]
2022-07-21 17:45:39,937 INFO: Epoch: 135 | PSNR: 29.9967 | Loss: 5.5815 | lr: 1.25e-05 | Best_PSNR: 30.0060 in Epoch [65]
2022-07-21 17:46:28,268 INFO: Epoch: 136 | PSNR: 30.0045 | Loss: 5.6787 | lr: 1.25e-05 | Best_PSNR: 30.0060 in Epoch [65]
2022-07-21 17:47:16,989 INFO: Epoch: 137 | PSNR: 29.9941 | Loss: 5.6937 | lr: 1.25e-05 | Best_PSNR: 30.0060 in Epoch [65]
2022-07-21 17:48:06,275 INFO: Epoch: 138 | PSNR: 29.9995 | Loss: 5.6422 | lr: 1.25e-05 | Best_PSNR: 30.0060 in Epoch [65]
2022-07-21 17:48:54,821 INFO: Epoch: 139 | PSNR: 30.0007 | Loss: 5.6645 | lr: 1.25e-05 | Best_PSNR: 30.0060 in Epoch [65]
2022-07-21 17:49:43,985 INFO: Epoch: 140 | PSNR: 29.9902 | Loss: 5.6638 | lr: 1.25e-05 | Best_PSNR: 30.0060 in Epoch [65]
2022-07-21 17:50:32,486 INFO: Epoch: 141 | PSNR: 29.9954 | Loss: 5.6530 | lr: 1.25e-05 | Best_PSNR: 30.0060 in Epoch [65]
2022-07-21 17:51:21,534 INFO: Epoch: 142 | PSNR: 29.9961 | Loss: 5.6308 | lr: 1.25e-05 | Best_PSNR: 30.0060 in Epoch [65]
2022-07-21 17:52:10,586 INFO: Epoch: 143 | PSNR: 29.9930 | Loss: 5.6525 | lr: 1.25e-05 | Best_PSNR: 30.0060 in Epoch [65]
2022-07-21 17:52:58,822 INFO: Epoch: 144 | PSNR: 29.9969 | Loss: 5.6312 | lr: 1.25e-05 | Best_PSNR: 30.0060 in Epoch [65]
2022-07-21 17:53:48,936 INFO: Epoch: 145 | PSNR: 29.9907 | Loss: 5.6298 | lr: 1.25e-05 | Best_PSNR: 30.0060 in Epoch [65]
2022-07-21 17:54:38,921 INFO: Epoch: 146 | PSNR: 29.9932 | Loss: 5.6487 | lr: 1.25e-05 | Best_PSNR: 30.0060 in Epoch [65]
2022-07-21 17:55:27,943 INFO: Epoch: 147 | PSNR: 29.9924 | Loss: 5.6545 | lr: 1.25e-05 | Best_PSNR: 30.0060 in Epoch [65]
2022-07-21 17:56:17,438 INFO: Epoch: 148 | PSNR: 29.9911 | Loss: 5.6858 | lr: 1.25e-05 | Best_PSNR: 30.0060 in Epoch [65]
2022-07-21 17:57:07,510 INFO: Epoch: 149 | PSNR: 29.9992 | Loss: 5.7110 | lr: 1.25e-05 | Best_PSNR: 30.0060 in Epoch [65]
2022-07-21 17:57:56,633 INFO: Epoch: 150 | PSNR: 29.9978 | Loss: 5.6666 | lr: 1.25e-05 | Best_PSNR: 30.0060 in Epoch [65]
2022-07-21 17:58:46,295 INFO: Epoch: 151 | PSNR: 29.9944 | Loss: 5.6288 | lr: 6.25e-06 | Best_PSNR: 30.0060 in Epoch [65]
2022-07-21 17:59:35,781 INFO: Epoch: 152 | PSNR: 29.9974 | Loss: 5.6605 | lr: 6.25e-06 | Best_PSNR: 30.0060 in Epoch [65]
2022-07-21 18:00:24,490 INFO: Epoch: 153 | PSNR: 29.9933 | Loss: 5.6721 | lr: 6.25e-06 | Best_PSNR: 30.0060 in Epoch [65]
2022-07-21 18:01:13,326 INFO: Epoch: 154 | PSNR: 29.9958 | Loss: 5.6186 | lr: 6.25e-06 | Best_PSNR: 30.0060 in Epoch [65]
2022-07-21 18:02:01,582 INFO: Epoch: 155 | PSNR: 29.9960 | Loss: 5.6537 | lr: 6.25e-06 | Best_PSNR: 30.0060 in Epoch [65]
2022-07-21 18:02:51,292 INFO: Epoch: 156 | PSNR: 29.9983 | Loss: 5.5885 | lr: 6.25e-06 | Best_PSNR: 30.0060 in Epoch [65]
2022-07-21 18:03:40,418 INFO: Epoch: 157 | PSNR: 29.9942 | Loss: 5.6442 | lr: 6.25e-06 | Best_PSNR: 30.0060 in Epoch [65]
2022-07-21 18:04:30,239 INFO: Epoch: 158 | PSNR: 29.9915 | Loss: 5.6593 | lr: 6.25e-06 | Best_PSNR: 30.0060 in Epoch [65]
2022-07-21 18:05:19,428 INFO: Epoch: 159 | PSNR: 29.9949 | Loss: 5.6829 | lr: 6.25e-06 | Best_PSNR: 30.0060 in Epoch [65]
2022-07-21 18:06:07,239 INFO: Epoch: 160 | PSNR: 29.9909 | Loss: 5.6493 | lr: 6.25e-06 | Best_PSNR: 30.0060 in Epoch [65]
2022-07-21 18:06:56,806 INFO: Epoch: 161 | PSNR: 29.9899 | Loss: 5.6034 | lr: 6.25e-06 | Best_PSNR: 30.0060 in Epoch [65]
2022-07-21 18:07:45,962 INFO: Epoch: 162 | PSNR: 29.9987 | Loss: 5.6722 | lr: 6.25e-06 | Best_PSNR: 30.0060 in Epoch [65]
2022-07-21 18:08:34,992 INFO: Epoch: 163 | PSNR: 29.9874 | Loss: 5.6469 | lr: 6.25e-06 | Best_PSNR: 30.0060 in Epoch [65]
2022-07-21 18:09:23,504 INFO: Epoch: 164 | PSNR: 29.9979 | Loss: 5.7036 | lr: 6.25e-06 | Best_PSNR: 30.0060 in Epoch [65]
2022-07-21 18:10:11,711 INFO: Epoch: 165 | PSNR: 29.9957 | Loss: 5.6019 | lr: 6.25e-06 | Best_PSNR: 30.0060 in Epoch [65]
2022-07-21 18:10:59,119 INFO: Epoch: 166 | PSNR: 29.9914 | Loss: 5.6153 | lr: 6.25e-06 | Best_PSNR: 30.0060 in Epoch [65]
2022-07-21 18:11:46,325 INFO: Epoch: 167 | PSNR: 29.9922 | Loss: 5.6535 | lr: 6.25e-06 | Best_PSNR: 30.0060 in Epoch [65]
2022-07-21 18:12:34,133 INFO: Epoch: 168 | PSNR: 29.9880 | Loss: 5.6302 | lr: 6.25e-06 | Best_PSNR: 30.0060 in Epoch [65]
2022-07-21 18:13:23,934 INFO: Epoch: 169 | PSNR: 29.9891 | Loss: 5.6695 | lr: 6.25e-06 | Best_PSNR: 30.0060 in Epoch [65]
2022-07-21 18:14:11,781 INFO: Epoch: 170 | PSNR: 29.9947 | Loss: 5.6594 | lr: 6.25e-06 | Best_PSNR: 30.0060 in Epoch [65]
2022-07-21 18:15:01,370 INFO: Epoch: 171 | PSNR: 29.9966 | Loss: 5.6638 | lr: 6.25e-06 | Best_PSNR: 30.0060 in Epoch [65]
2022-07-21 18:15:50,846 INFO: Epoch: 172 | PSNR: 29.9947 | Loss: 5.6215 | lr: 6.25e-06 | Best_PSNR: 30.0060 in Epoch [65]
2022-07-21 18:16:40,859 INFO: Epoch: 173 | PSNR: 29.9954 | Loss: 5.6437 | lr: 6.25e-06 | Best_PSNR: 30.0060 in Epoch [65]
2022-07-21 18:17:29,896 INFO: Epoch: 174 | PSNR: 29.9890 | Loss: 5.5674 | lr: 6.25e-06 | Best_PSNR: 30.0060 in Epoch [65]
2022-07-21 18:18:17,184 INFO: Epoch: 175 | PSNR: 29.9952 | Loss: 5.6897 | lr: 6.25e-06 | Best_PSNR: 30.0060 in Epoch [65]
2022-07-21 18:19:05,449 INFO: Epoch: 176 | PSNR: 29.9928 | Loss: 5.6264 | lr: 6.25e-06 | Best_PSNR: 30.0060 in Epoch [65]
2022-07-21 18:19:53,098 INFO: Epoch: 177 | PSNR: 29.9940 | Loss: 5.6450 | lr: 6.25e-06 | Best_PSNR: 30.0060 in Epoch [65]
2022-07-21 18:20:41,245 INFO: Epoch: 178 | PSNR: 29.9880 | Loss: 5.6282 | lr: 6.25e-06 | Best_PSNR: 30.0060 in Epoch [65]
2022-07-21 18:21:29,205 INFO: Epoch: 179 | PSNR: 29.9911 | Loss: 5.6638 | lr: 6.25e-06 | Best_PSNR: 30.0060 in Epoch [65]
2022-07-21 18:22:17,118 INFO: Epoch: 180 | PSNR: 29.9911 | Loss: 5.6500 | lr: 6.25e-06 | Best_PSNR: 30.0060 in Epoch [65]
2022-07-21 18:23:05,481 INFO: Epoch: 181 | PSNR: 29.9951 | Loss: 5.6823 | lr: 6.25e-06 | Best_PSNR: 30.0060 in Epoch [65]
