2022-07-19 12:08:01,423 INFO: Create train dataset successfully!
2022-07-19 12:08:01,423 INFO: Training: [1000] iterations for each epoch
2022-07-19 12:08:01,423 INFO: Create val dataset successfully!
2022-07-19 12:08:01,423 INFO: Validating: [100] iterations for each epoch
2022-07-19 12:08:01,423 INFO: Preparing for experiment: [trial11_qat]
2022-07-19 12:08:01,423 INFO: Loading pretrained model ...
2022-07-19 12:08:02,253 INFO: Start copying weights and annotate Lambda layer...
2022-07-19 12:08:02,319 INFO: Start annotating other parts of model...
2022-07-19 12:08:02,330 INFO: Creating quantize-aware model...
2022-07-19 12:08:03,625 INFO: Create model successfully! Params: [0.82]K
2022-07-19 12:08:03,625 INFO: Model: "model"
2022-07-19 12:08:03,626 INFO: _________________________________________________________________
2022-07-19 12:08:03,626 INFO: Layer (type)                 Output Shape              Param #   
2022-07-19 12:08:03,626 INFO: =================================================================
2022-07-19 12:08:03,626 INFO: input_1 (InputLayer)         [(None, None, None, 3)]   0         
2022-07-19 12:08:03,626 INFO: _________________________________________________________________
2022-07-19 12:08:03,626 INFO: quantize_layer (QuantizeLaye (None, None, None, 3)     3         
2022-07-19 12:08:03,626 INFO: _________________________________________________________________
2022-07-19 12:08:03,626 INFO: quant_conv2d (QuantizeWrappe (None, None, None, 27)    813       
2022-07-19 12:08:03,626 INFO: _________________________________________________________________
2022-07-19 12:08:03,626 INFO: quant_lambda (QuantizeWrappe (None, None, None, 3)     1         
2022-07-19 12:08:03,626 INFO: =================================================================
2022-07-19 12:08:03,626 INFO: Total params: 817
2022-07-19 12:08:03,626 INFO: Trainable params: 756
2022-07-19 12:08:03,626 INFO: Non-trainable params: 61
2022-07-19 12:08:03,626 INFO: _________________________________________________________________
2022-07-19 12:08:03,628 INFO: Start training...
2022-07-19 12:08:54,296 INFO: Epoch: 1 | PSNR: 26.2312 | Loss: 35.0642 | lr: 1.00e-03 | Best_PSNR: 26.2312 in Epoch [1]
2022-07-19 12:09:41,021 INFO: Epoch: 2 | PSNR: 27.7947 | Loss: 7.5904 | lr: 1.00e-03 | Best_PSNR: 27.7947 in Epoch [2]
2022-07-19 12:10:23,517 INFO: Epoch: 3 | PSNR: 27.8436 | Loss: 7.5030 | lr: 1.00e-03 | Best_PSNR: 27.8436 in Epoch [3]
2022-07-19 12:11:46,773 INFO: Epoch: 4 | PSNR: 27.9322 | Loss: 7.5579 | lr: 1.00e-03 | Best_PSNR: 27.9322 in Epoch [4]
2022-07-19 12:12:29,605 INFO: Epoch: 5 | PSNR: 27.9466 | Loss: 7.5388 | lr: 1.00e-03 | Best_PSNR: 27.9466 in Epoch [5]
2022-07-19 12:13:12,099 INFO: Epoch: 6 | PSNR: 27.9414 | Loss: 7.5869 | lr: 1.00e-03 | Best_PSNR: 27.9466 in Epoch [5]
2022-07-19 12:13:55,839 INFO: Epoch: 7 | PSNR: 27.9745 | Loss: 7.5686 | lr: 1.00e-03 | Best_PSNR: 27.9745 in Epoch [7]
2022-07-19 12:14:38,916 INFO: Epoch: 8 | PSNR: 28.0393 | Loss: 7.6011 | lr: 1.00e-03 | Best_PSNR: 28.0393 in Epoch [8]
2022-07-19 12:15:22,226 INFO: Epoch: 9 | PSNR: 27.9976 | Loss: 7.6332 | lr: 1.00e-03 | Best_PSNR: 28.0393 in Epoch [8]
2022-07-19 12:16:07,792 INFO: Epoch: 10 | PSNR: 28.0345 | Loss: 7.6655 | lr: 1.00e-03 | Best_PSNR: 28.0393 in Epoch [8]
2022-07-19 12:16:53,398 INFO: Epoch: 11 | PSNR: 28.0152 | Loss: 7.7289 | lr: 1.00e-03 | Best_PSNR: 28.0393 in Epoch [8]
2022-07-19 12:17:39,138 INFO: Epoch: 12 | PSNR: 27.9819 | Loss: 7.7550 | lr: 1.00e-03 | Best_PSNR: 28.0393 in Epoch [8]
2022-07-19 12:18:25,731 INFO: Epoch: 13 | PSNR: 27.9875 | Loss: 7.7613 | lr: 1.00e-03 | Best_PSNR: 28.0393 in Epoch [8]
2022-07-19 12:19:14,988 INFO: Epoch: 14 | PSNR: 27.9305 | Loss: 7.7894 | lr: 1.00e-03 | Best_PSNR: 28.0393 in Epoch [8]
2022-07-19 12:20:01,554 INFO: Epoch: 15 | PSNR: 27.9810 | Loss: 7.8687 | lr: 1.00e-03 | Best_PSNR: 28.0393 in Epoch [8]
2022-07-19 12:20:46,934 INFO: Epoch: 16 | PSNR: 28.0466 | Loss: 7.8417 | lr: 1.00e-03 | Best_PSNR: 28.0466 in Epoch [16]
2022-07-19 12:21:33,509 INFO: Epoch: 17 | PSNR: 28.0012 | Loss: 7.8168 | lr: 1.00e-03 | Best_PSNR: 28.0466 in Epoch [16]
2022-07-19 12:22:17,319 INFO: Epoch: 18 | PSNR: 27.9942 | Loss: 7.9131 | lr: 1.00e-03 | Best_PSNR: 28.0466 in Epoch [16]
2022-07-19 12:23:02,266 INFO: Epoch: 19 | PSNR: 27.9118 | Loss: 7.9728 | lr: 1.00e-03 | Best_PSNR: 28.0466 in Epoch [16]
2022-07-19 12:23:47,970 INFO: Epoch: 20 | PSNR: 27.9351 | Loss: 7.9354 | lr: 1.00e-03 | Best_PSNR: 28.0466 in Epoch [16]
2022-07-19 12:24:32,364 INFO: Epoch: 21 | PSNR: 27.9934 | Loss: 7.9832 | lr: 1.00e-03 | Best_PSNR: 28.0466 in Epoch [16]
2022-07-19 12:25:20,602 INFO: Epoch: 22 | PSNR: 27.9376 | Loss: 8.0056 | lr: 1.00e-03 | Best_PSNR: 28.0466 in Epoch [16]
2022-07-19 12:26:05,741 INFO: Epoch: 23 | PSNR: 27.9422 | Loss: 8.0967 | lr: 1.00e-03 | Best_PSNR: 28.0466 in Epoch [16]
2022-07-19 12:26:51,271 INFO: Epoch: 24 | PSNR: 27.9605 | Loss: 8.0319 | lr: 1.00e-03 | Best_PSNR: 28.0466 in Epoch [16]
2022-07-19 12:27:39,126 INFO: Epoch: 25 | PSNR: 27.9545 | Loss: 7.9990 | lr: 1.00e-03 | Best_PSNR: 28.0466 in Epoch [16]
2022-07-19 12:28:24,356 INFO: Epoch: 26 | PSNR: 27.9623 | Loss: 8.0055 | lr: 1.00e-03 | Best_PSNR: 28.0466 in Epoch [16]
2022-07-19 12:29:10,113 INFO: Epoch: 27 | PSNR: 27.9604 | Loss: 8.0377 | lr: 1.00e-03 | Best_PSNR: 28.0466 in Epoch [16]
2022-07-19 12:30:02,018 INFO: Epoch: 28 | PSNR: 27.9652 | Loss: 7.9948 | lr: 1.00e-03 | Best_PSNR: 28.0466 in Epoch [16]
2022-07-19 12:30:49,696 INFO: Epoch: 29 | PSNR: 27.9219 | Loss: 8.0163 | lr: 1.00e-03 | Best_PSNR: 28.0466 in Epoch [16]
2022-07-19 12:31:35,192 INFO: Epoch: 30 | PSNR: 27.9344 | Loss: 7.9910 | lr: 1.00e-03 | Best_PSNR: 28.0466 in Epoch [16]
2022-07-19 12:32:20,239 INFO: Epoch: 31 | PSNR: 27.8935 | Loss: 8.0623 | lr: 1.00e-03 | Best_PSNR: 28.0466 in Epoch [16]
2022-07-19 12:33:43,573 INFO: Epoch: 32 | PSNR: 27.9423 | Loss: 7.9970 | lr: 1.00e-03 | Best_PSNR: 28.0466 in Epoch [16]
2022-07-19 12:34:36,156 INFO: Epoch: 33 | PSNR: 27.9333 | Loss: 8.0642 | lr: 1.00e-03 | Best_PSNR: 28.0466 in Epoch [16]
2022-07-19 12:35:20,174 INFO: Epoch: 34 | PSNR: 27.9130 | Loss: 8.0448 | lr: 1.00e-03 | Best_PSNR: 28.0466 in Epoch [16]
2022-07-19 12:36:03,279 INFO: Epoch: 35 | PSNR: 27.9418 | Loss: 8.0694 | lr: 1.00e-03 | Best_PSNR: 28.0466 in Epoch [16]
2022-07-19 12:36:46,174 INFO: Epoch: 36 | PSNR: 27.8825 | Loss: 8.0491 | lr: 1.00e-03 | Best_PSNR: 28.0466 in Epoch [16]
2022-07-19 12:37:25,855 INFO: Epoch: 37 | PSNR: 27.8599 | Loss: 8.0951 | lr: 1.00e-03 | Best_PSNR: 28.0466 in Epoch [16]
2022-07-19 12:38:06,444 INFO: Epoch: 38 | PSNR: 27.8667 | Loss: 8.1132 | lr: 1.00e-03 | Best_PSNR: 28.0466 in Epoch [16]
2022-07-19 12:38:45,519 INFO: Epoch: 39 | PSNR: 27.9106 | Loss: 8.1003 | lr: 1.00e-03 | Best_PSNR: 28.0466 in Epoch [16]
2022-07-19 12:39:25,248 INFO: Epoch: 40 | PSNR: 27.8962 | Loss: 8.0806 | lr: 1.00e-03 | Best_PSNR: 28.0466 in Epoch [16]
2022-07-19 12:40:03,866 INFO: Epoch: 41 | PSNR: 27.9482 | Loss: 8.0686 | lr: 1.00e-03 | Best_PSNR: 28.0466 in Epoch [16]
2022-07-19 12:40:41,592 INFO: Epoch: 42 | PSNR: 27.9184 | Loss: 8.0641 | lr: 1.00e-03 | Best_PSNR: 28.0466 in Epoch [16]
2022-07-19 12:41:17,033 INFO: Epoch: 43 | PSNR: 27.9916 | Loss: 8.0931 | lr: 1.00e-03 | Best_PSNR: 28.0466 in Epoch [16]
2022-07-19 12:41:57,193 INFO: Epoch: 44 | PSNR: 27.9130 | Loss: 8.0837 | lr: 1.00e-03 | Best_PSNR: 28.0466 in Epoch [16]
2022-07-19 12:42:40,302 INFO: Epoch: 45 | PSNR: 27.9573 | Loss: 8.0718 | lr: 1.00e-03 | Best_PSNR: 28.0466 in Epoch [16]
2022-07-19 12:43:19,155 INFO: Epoch: 46 | PSNR: 27.9640 | Loss: 8.1101 | lr: 1.00e-03 | Best_PSNR: 28.0466 in Epoch [16]
2022-07-19 12:44:00,473 INFO: Epoch: 47 | PSNR: 27.9166 | Loss: 8.1016 | lr: 1.00e-03 | Best_PSNR: 28.0466 in Epoch [16]
2022-07-19 12:44:40,982 INFO: Epoch: 48 | PSNR: 27.9229 | Loss: 8.0963 | lr: 1.00e-03 | Best_PSNR: 28.0466 in Epoch [16]
2022-07-19 12:45:16,990 INFO: Epoch: 49 | PSNR: 27.9704 | Loss: 8.0293 | lr: 1.00e-03 | Best_PSNR: 28.0466 in Epoch [16]
2022-07-19 12:45:59,498 INFO: Epoch: 50 | PSNR: 27.9700 | Loss: 8.0412 | lr: 1.00e-03 | Best_PSNR: 28.0466 in Epoch [16]
2022-07-19 12:47:08,579 INFO: Epoch: 51 | PSNR: 27.9947 | Loss: 7.8836 | lr: 5.00e-04 | Best_PSNR: 28.0466 in Epoch [16]
2022-07-19 12:47:49,616 INFO: Epoch: 52 | PSNR: 28.0257 | Loss: 8.0093 | lr: 5.00e-04 | Best_PSNR: 28.0466 in Epoch [16]
2022-07-19 12:48:49,185 INFO: Epoch: 53 | PSNR: 28.0333 | Loss: 7.9477 | lr: 5.00e-04 | Best_PSNR: 28.0466 in Epoch [16]
2022-07-19 12:49:32,770 INFO: Epoch: 54 | PSNR: 28.0430 | Loss: 8.0047 | lr: 5.00e-04 | Best_PSNR: 28.0466 in Epoch [16]
2022-07-19 12:50:16,002 INFO: Epoch: 55 | PSNR: 28.0441 | Loss: 7.9927 | lr: 5.00e-04 | Best_PSNR: 28.0466 in Epoch [16]
2022-07-19 12:50:58,983 INFO: Epoch: 56 | PSNR: 27.9915 | Loss: 8.0260 | lr: 5.00e-04 | Best_PSNR: 28.0466 in Epoch [16]
2022-07-19 12:51:45,270 INFO: Epoch: 57 | PSNR: 28.0080 | Loss: 8.0409 | lr: 5.00e-04 | Best_PSNR: 28.0466 in Epoch [16]
2022-07-19 12:52:26,230 INFO: Epoch: 58 | PSNR: 28.0364 | Loss: 8.0483 | lr: 5.00e-04 | Best_PSNR: 28.0466 in Epoch [16]
2022-07-19 12:53:07,815 INFO: Epoch: 59 | PSNR: 28.0301 | Loss: 8.0399 | lr: 5.00e-04 | Best_PSNR: 28.0466 in Epoch [16]
2022-07-19 12:53:48,128 INFO: Epoch: 60 | PSNR: 28.0516 | Loss: 8.0593 | lr: 5.00e-04 | Best_PSNR: 28.0516 in Epoch [60]
2022-07-19 12:54:30,699 INFO: Epoch: 61 | PSNR: 28.0463 | Loss: 8.0632 | lr: 5.00e-04 | Best_PSNR: 28.0516 in Epoch [60]
2022-07-19 12:55:51,896 INFO: Epoch: 62 | PSNR: 28.0221 | Loss: 8.0024 | lr: 5.00e-04 | Best_PSNR: 28.0516 in Epoch [60]
2022-07-19 12:56:35,852 INFO: Epoch: 63 | PSNR: 28.0338 | Loss: 8.0875 | lr: 5.00e-04 | Best_PSNR: 28.0516 in Epoch [60]
2022-07-19 12:57:22,529 INFO: Epoch: 64 | PSNR: 28.0131 | Loss: 8.0015 | lr: 5.00e-04 | Best_PSNR: 28.0516 in Epoch [60]
2022-07-19 12:58:07,753 INFO: Epoch: 65 | PSNR: 28.0017 | Loss: 8.0809 | lr: 5.00e-04 | Best_PSNR: 28.0516 in Epoch [60]
2022-07-19 12:58:52,755 INFO: Epoch: 66 | PSNR: 28.0292 | Loss: 8.0665 | lr: 5.00e-04 | Best_PSNR: 28.0516 in Epoch [60]
2022-07-19 12:59:34,628 INFO: Epoch: 67 | PSNR: 27.9928 | Loss: 8.0579 | lr: 5.00e-04 | Best_PSNR: 28.0516 in Epoch [60]
2022-07-19 13:00:20,657 INFO: Epoch: 68 | PSNR: 27.9574 | Loss: 8.0637 | lr: 5.00e-04 | Best_PSNR: 28.0516 in Epoch [60]
2022-07-19 13:01:04,672 INFO: Epoch: 69 | PSNR: 28.0188 | Loss: 8.1485 | lr: 5.00e-04 | Best_PSNR: 28.0516 in Epoch [60]
2022-07-19 13:01:53,036 INFO: Epoch: 70 | PSNR: 28.0087 | Loss: 8.0282 | lr: 5.00e-04 | Best_PSNR: 28.0516 in Epoch [60]
2022-07-19 13:02:39,789 INFO: Epoch: 71 | PSNR: 28.0243 | Loss: 8.0802 | lr: 5.00e-04 | Best_PSNR: 28.0516 in Epoch [60]
2022-07-19 13:03:24,040 INFO: Epoch: 72 | PSNR: 27.9706 | Loss: 8.1235 | lr: 5.00e-04 | Best_PSNR: 28.0516 in Epoch [60]
2022-07-19 13:04:08,941 INFO: Epoch: 73 | PSNR: 28.0064 | Loss: 8.0808 | lr: 5.00e-04 | Best_PSNR: 28.0516 in Epoch [60]
2022-07-19 13:04:53,798 INFO: Epoch: 74 | PSNR: 27.9999 | Loss: 8.0625 | lr: 5.00e-04 | Best_PSNR: 28.0516 in Epoch [60]
2022-07-19 13:05:38,184 INFO: Epoch: 75 | PSNR: 27.9976 | Loss: 8.0611 | lr: 5.00e-04 | Best_PSNR: 28.0516 in Epoch [60]
2022-07-19 13:06:22,218 INFO: Epoch: 76 | PSNR: 28.0157 | Loss: 8.1040 | lr: 5.00e-04 | Best_PSNR: 28.0516 in Epoch [60]
2022-07-19 13:07:06,674 INFO: Epoch: 77 | PSNR: 27.9642 | Loss: 8.0778 | lr: 5.00e-04 | Best_PSNR: 28.0516 in Epoch [60]
2022-07-19 13:07:49,984 INFO: Epoch: 78 | PSNR: 27.9702 | Loss: 8.0154 | lr: 5.00e-04 | Best_PSNR: 28.0516 in Epoch [60]
2022-07-19 13:08:30,265 INFO: Epoch: 79 | PSNR: 27.9215 | Loss: 7.9750 | lr: 5.00e-04 | Best_PSNR: 28.0516 in Epoch [60]
2022-07-19 13:09:15,238 INFO: Epoch: 80 | PSNR: 27.9750 | Loss: 8.0792 | lr: 5.00e-04 | Best_PSNR: 28.0516 in Epoch [60]
2022-07-19 13:10:15,217 INFO: Epoch: 81 | PSNR: 27.9335 | Loss: 8.0472 | lr: 5.00e-04 | Best_PSNR: 28.0516 in Epoch [60]
2022-07-19 13:11:01,860 INFO: Epoch: 82 | PSNR: 27.9477 | Loss: 8.0880 | lr: 5.00e-04 | Best_PSNR: 28.0516 in Epoch [60]
2022-07-19 13:11:43,910 INFO: Epoch: 83 | PSNR: 27.9404 | Loss: 8.0303 | lr: 5.00e-04 | Best_PSNR: 28.0516 in Epoch [60]
2022-07-19 13:12:25,904 INFO: Epoch: 84 | PSNR: 27.9565 | Loss: 7.9895 | lr: 5.00e-04 | Best_PSNR: 28.0516 in Epoch [60]
2022-07-19 13:13:12,486 INFO: Epoch: 85 | PSNR: 27.9599 | Loss: 8.0446 | lr: 5.00e-04 | Best_PSNR: 28.0516 in Epoch [60]
2022-07-19 13:13:58,120 INFO: Epoch: 86 | PSNR: 27.9914 | Loss: 8.0423 | lr: 5.00e-04 | Best_PSNR: 28.0516 in Epoch [60]
2022-07-19 13:14:52,098 INFO: Epoch: 87 | PSNR: 27.9736 | Loss: 8.0689 | lr: 5.00e-04 | Best_PSNR: 28.0516 in Epoch [60]
2022-07-19 13:15:35,601 INFO: Epoch: 88 | PSNR: 27.9689 | Loss: 8.0525 | lr: 5.00e-04 | Best_PSNR: 28.0516 in Epoch [60]
2022-07-19 13:16:17,730 INFO: Epoch: 89 | PSNR: 27.9310 | Loss: 8.0627 | lr: 5.00e-04 | Best_PSNR: 28.0516 in Epoch [60]
2022-07-19 13:17:05,115 INFO: Epoch: 90 | PSNR: 27.9632 | Loss: 8.0599 | lr: 5.00e-04 | Best_PSNR: 28.0516 in Epoch [60]
2022-07-19 13:17:51,278 INFO: Epoch: 91 | PSNR: 27.9751 | Loss: 8.0981 | lr: 5.00e-04 | Best_PSNR: 28.0516 in Epoch [60]
2022-07-19 13:18:36,252 INFO: Epoch: 92 | PSNR: 27.9908 | Loss: 8.0852 | lr: 5.00e-04 | Best_PSNR: 28.0516 in Epoch [60]
2022-07-19 13:19:25,046 INFO: Epoch: 93 | PSNR: 27.9776 | Loss: 8.1020 | lr: 5.00e-04 | Best_PSNR: 28.0516 in Epoch [60]
2022-07-19 13:20:11,419 INFO: Epoch: 94 | PSNR: 27.9946 | Loss: 8.0545 | lr: 5.00e-04 | Best_PSNR: 28.0516 in Epoch [60]
2022-07-19 13:20:56,044 INFO: Epoch: 95 | PSNR: 27.9708 | Loss: 8.0769 | lr: 5.00e-04 | Best_PSNR: 28.0516 in Epoch [60]
2022-07-19 13:21:43,007 INFO: Epoch: 96 | PSNR: 27.9572 | Loss: 8.0142 | lr: 5.00e-04 | Best_PSNR: 28.0516 in Epoch [60]
2022-07-19 13:22:26,808 INFO: Epoch: 97 | PSNR: 27.9494 | Loss: 8.1089 | lr: 5.00e-04 | Best_PSNR: 28.0516 in Epoch [60]
2022-07-19 13:23:16,079 INFO: Epoch: 98 | PSNR: 27.9270 | Loss: 8.1252 | lr: 5.00e-04 | Best_PSNR: 28.0516 in Epoch [60]
2022-07-19 13:24:02,797 INFO: Epoch: 99 | PSNR: 27.9144 | Loss: 8.1136 | lr: 5.00e-04 | Best_PSNR: 28.0516 in Epoch [60]
2022-07-19 13:25:06,807 INFO: Epoch: 100 | PSNR: 27.9762 | Loss: 8.1392 | lr: 5.00e-04 | Best_PSNR: 28.0516 in Epoch [60]
2022-07-19 13:25:55,892 INFO: Epoch: 101 | PSNR: 27.9418 | Loss: 7.9325 | lr: 2.50e-04 | Best_PSNR: 28.0516 in Epoch [60]
2022-07-19 13:26:42,828 INFO: Epoch: 102 | PSNR: 27.9874 | Loss: 8.0474 | lr: 2.50e-04 | Best_PSNR: 28.0516 in Epoch [60]
2022-07-19 13:27:28,533 INFO: Epoch: 103 | PSNR: 27.9653 | Loss: 8.0357 | lr: 2.50e-04 | Best_PSNR: 28.0516 in Epoch [60]
2022-07-19 13:28:20,044 INFO: Epoch: 104 | PSNR: 27.9727 | Loss: 8.0700 | lr: 2.50e-04 | Best_PSNR: 28.0516 in Epoch [60]
2022-07-19 13:29:09,824 INFO: Epoch: 105 | PSNR: 27.9606 | Loss: 8.0724 | lr: 2.50e-04 | Best_PSNR: 28.0516 in Epoch [60]
2022-07-19 13:29:51,888 INFO: Epoch: 106 | PSNR: 27.9672 | Loss: 8.0426 | lr: 2.50e-04 | Best_PSNR: 28.0516 in Epoch [60]
2022-07-19 13:30:37,048 INFO: Epoch: 107 | PSNR: 27.9299 | Loss: 8.0438 | lr: 2.50e-04 | Best_PSNR: 28.0516 in Epoch [60]
2022-07-19 13:31:25,619 INFO: Epoch: 108 | PSNR: 27.9930 | Loss: 8.1056 | lr: 2.50e-04 | Best_PSNR: 28.0516 in Epoch [60]
2022-07-19 13:32:14,190 INFO: Epoch: 109 | PSNR: 27.9806 | Loss: 8.0867 | lr: 2.50e-04 | Best_PSNR: 28.0516 in Epoch [60]
2022-07-19 13:33:04,376 INFO: Epoch: 110 | PSNR: 27.9809 | Loss: 8.0690 | lr: 2.50e-04 | Best_PSNR: 28.0516 in Epoch [60]
2022-07-19 13:33:56,915 INFO: Epoch: 111 | PSNR: 27.9627 | Loss: 8.0708 | lr: 2.50e-04 | Best_PSNR: 28.0516 in Epoch [60]
2022-07-19 13:34:54,354 INFO: Epoch: 112 | PSNR: 27.9516 | Loss: 8.1748 | lr: 2.50e-04 | Best_PSNR: 28.0516 in Epoch [60]
2022-07-19 13:35:40,878 INFO: Epoch: 113 | PSNR: 27.8822 | Loss: 8.1883 | lr: 2.50e-04 | Best_PSNR: 28.0516 in Epoch [60]
2022-07-19 13:36:23,790 INFO: Epoch: 114 | PSNR: 27.9353 | Loss: 8.1108 | lr: 2.50e-04 | Best_PSNR: 28.0516 in Epoch [60]
2022-07-19 13:37:05,065 INFO: Epoch: 115 | PSNR: 28.0011 | Loss: 8.1256 | lr: 2.50e-04 | Best_PSNR: 28.0516 in Epoch [60]
2022-07-19 13:37:50,547 INFO: Epoch: 116 | PSNR: 27.9970 | Loss: 8.1228 | lr: 2.50e-04 | Best_PSNR: 28.0516 in Epoch [60]
2022-07-19 13:38:35,703 INFO: Epoch: 117 | PSNR: 28.0037 | Loss: 8.0885 | lr: 2.50e-04 | Best_PSNR: 28.0516 in Epoch [60]
2022-07-19 13:39:23,465 INFO: Epoch: 118 | PSNR: 27.9561 | Loss: 8.1819 | lr: 2.50e-04 | Best_PSNR: 28.0516 in Epoch [60]
2022-07-19 13:40:47,149 INFO: Epoch: 119 | PSNR: 27.9468 | Loss: 8.1175 | lr: 2.50e-04 | Best_PSNR: 28.0516 in Epoch [60]
2022-07-19 13:41:33,271 INFO: Epoch: 120 | PSNR: 28.0120 | Loss: 8.0814 | lr: 2.50e-04 | Best_PSNR: 28.0516 in Epoch [60]
2022-07-19 13:42:23,698 INFO: Epoch: 121 | PSNR: 27.9956 | Loss: 8.0970 | lr: 2.50e-04 | Best_PSNR: 28.0516 in Epoch [60]
2022-07-19 13:43:12,678 INFO: Epoch: 122 | PSNR: 27.9268 | Loss: 8.1273 | lr: 2.50e-04 | Best_PSNR: 28.0516 in Epoch [60]
2022-07-19 13:44:02,836 INFO: Epoch: 123 | PSNR: 27.8907 | Loss: 8.0906 | lr: 2.50e-04 | Best_PSNR: 28.0516 in Epoch [60]
2022-07-19 13:44:55,578 INFO: Epoch: 124 | PSNR: 27.9005 | Loss: 8.1003 | lr: 2.50e-04 | Best_PSNR: 28.0516 in Epoch [60]
2022-07-19 13:45:41,838 INFO: Epoch: 125 | PSNR: 27.9779 | Loss: 8.1652 | lr: 2.50e-04 | Best_PSNR: 28.0516 in Epoch [60]
2022-07-19 13:46:30,002 INFO: Epoch: 126 | PSNR: 27.9558 | Loss: 8.0871 | lr: 2.50e-04 | Best_PSNR: 28.0516 in Epoch [60]
2022-07-19 13:47:14,630 INFO: Epoch: 127 | PSNR: 27.9657 | Loss: 8.1281 | lr: 2.50e-04 | Best_PSNR: 28.0516 in Epoch [60]
2022-07-19 13:48:01,888 INFO: Epoch: 128 | PSNR: 27.9896 | Loss: 8.1726 | lr: 2.50e-04 | Best_PSNR: 28.0516 in Epoch [60]
2022-07-19 13:49:25,004 INFO: Epoch: 129 | PSNR: 27.9398 | Loss: 8.1692 | lr: 2.50e-04 | Best_PSNR: 28.0516 in Epoch [60]
2022-07-19 13:50:11,354 INFO: Epoch: 130 | PSNR: 28.0136 | Loss: 8.1651 | lr: 2.50e-04 | Best_PSNR: 28.0516 in Epoch [60]
2022-07-19 13:50:59,019 INFO: Epoch: 131 | PSNR: 28.0005 | Loss: 8.1547 | lr: 2.50e-04 | Best_PSNR: 28.0516 in Epoch [60]
2022-07-19 13:51:45,136 INFO: Epoch: 132 | PSNR: 27.9228 | Loss: 8.1326 | lr: 2.50e-04 | Best_PSNR: 28.0516 in Epoch [60]
2022-07-19 13:52:28,541 INFO: Epoch: 133 | PSNR: 28.0043 | Loss: 8.1662 | lr: 2.50e-04 | Best_PSNR: 28.0516 in Epoch [60]
2022-07-19 13:53:12,388 INFO: Epoch: 134 | PSNR: 27.9981 | Loss: 8.1590 | lr: 2.50e-04 | Best_PSNR: 28.0516 in Epoch [60]
2022-07-19 13:53:56,445 INFO: Epoch: 135 | PSNR: 27.9951 | Loss: 8.1744 | lr: 2.50e-04 | Best_PSNR: 28.0516 in Epoch [60]
2022-07-19 13:54:39,951 INFO: Epoch: 136 | PSNR: 27.9385 | Loss: 8.1786 | lr: 2.50e-04 | Best_PSNR: 28.0516 in Epoch [60]
2022-07-19 13:55:23,525 INFO: Epoch: 137 | PSNR: 28.0103 | Loss: 8.1742 | lr: 2.50e-04 | Best_PSNR: 28.0516 in Epoch [60]
2022-07-19 13:56:05,140 INFO: Epoch: 138 | PSNR: 27.9533 | Loss: 8.1890 | lr: 2.50e-04 | Best_PSNR: 28.0516 in Epoch [60]
2022-07-19 13:56:49,689 INFO: Epoch: 139 | PSNR: 28.0033 | Loss: 8.1607 | lr: 2.50e-04 | Best_PSNR: 28.0516 in Epoch [60]
2022-07-19 13:57:34,192 INFO: Epoch: 140 | PSNR: 27.9549 | Loss: 8.1963 | lr: 2.50e-04 | Best_PSNR: 28.0516 in Epoch [60]
2022-07-19 13:58:18,659 INFO: Epoch: 141 | PSNR: 27.9520 | Loss: 8.1590 | lr: 2.50e-04 | Best_PSNR: 28.0516 in Epoch [60]
2022-07-19 13:59:09,764 INFO: Epoch: 142 | PSNR: 27.9903 | Loss: 8.1020 | lr: 2.50e-04 | Best_PSNR: 28.0516 in Epoch [60]
2022-07-19 13:59:54,614 INFO: Epoch: 143 | PSNR: 27.9750 | Loss: 8.1007 | lr: 2.50e-04 | Best_PSNR: 28.0516 in Epoch [60]
2022-07-19 14:00:40,527 INFO: Epoch: 144 | PSNR: 28.0061 | Loss: 8.1817 | lr: 2.50e-04 | Best_PSNR: 28.0516 in Epoch [60]
2022-07-19 14:01:23,894 INFO: Epoch: 145 | PSNR: 27.9875 | Loss: 8.1362 | lr: 2.50e-04 | Best_PSNR: 28.0516 in Epoch [60]
2022-07-19 14:02:14,157 INFO: Epoch: 146 | PSNR: 27.9735 | Loss: 8.1841 | lr: 2.50e-04 | Best_PSNR: 28.0516 in Epoch [60]
2022-07-19 14:03:02,661 INFO: Epoch: 147 | PSNR: 27.9521 | Loss: 8.1846 | lr: 2.50e-04 | Best_PSNR: 28.0516 in Epoch [60]
2022-07-19 14:03:45,190 INFO: Epoch: 148 | PSNR: 27.9544 | Loss: 8.1551 | lr: 2.50e-04 | Best_PSNR: 28.0516 in Epoch [60]
2022-07-19 14:04:30,628 INFO: Epoch: 149 | PSNR: 27.9334 | Loss: 8.1019 | lr: 2.50e-04 | Best_PSNR: 28.0516 in Epoch [60]
2022-07-19 14:05:16,457 INFO: Epoch: 150 | PSNR: 27.9774 | Loss: 8.0708 | lr: 2.50e-04 | Best_PSNR: 28.0516 in Epoch [60]
2022-07-19 14:06:01,860 INFO: Epoch: 151 | PSNR: 28.0008 | Loss: 7.8816 | lr: 1.25e-04 | Best_PSNR: 28.0516 in Epoch [60]
2022-07-19 14:06:45,208 INFO: Epoch: 152 | PSNR: 27.9923 | Loss: 7.9412 | lr: 1.25e-04 | Best_PSNR: 28.0516 in Epoch [60]
2022-07-19 14:07:29,753 INFO: Epoch: 153 | PSNR: 27.9711 | Loss: 8.0051 | lr: 1.25e-04 | Best_PSNR: 28.0516 in Epoch [60]
2022-07-19 14:08:14,855 INFO: Epoch: 154 | PSNR: 28.0038 | Loss: 8.0343 | lr: 1.25e-04 | Best_PSNR: 28.0516 in Epoch [60]
2022-07-19 14:09:03,207 INFO: Epoch: 155 | PSNR: 27.9930 | Loss: 8.0002 | lr: 1.25e-04 | Best_PSNR: 28.0516 in Epoch [60]
2022-07-19 14:09:52,638 INFO: Epoch: 156 | PSNR: 27.9901 | Loss: 8.0245 | lr: 1.25e-04 | Best_PSNR: 28.0516 in Epoch [60]
2022-07-19 14:10:41,733 INFO: Epoch: 157 | PSNR: 27.9822 | Loss: 8.0087 | lr: 1.25e-04 | Best_PSNR: 28.0516 in Epoch [60]
2022-07-19 14:11:27,220 INFO: Epoch: 158 | PSNR: 27.9836 | Loss: 8.0273 | lr: 1.25e-04 | Best_PSNR: 28.0516 in Epoch [60]
2022-07-19 14:12:21,355 INFO: Epoch: 159 | PSNR: 27.9738 | Loss: 8.1449 | lr: 1.25e-04 | Best_PSNR: 28.0516 in Epoch [60]
2022-07-19 14:13:08,906 INFO: Epoch: 160 | PSNR: 27.9985 | Loss: 8.0498 | lr: 1.25e-04 | Best_PSNR: 28.0516 in Epoch [60]
2022-07-19 14:13:52,011 INFO: Epoch: 161 | PSNR: 27.9456 | Loss: 8.0230 | lr: 1.25e-04 | Best_PSNR: 28.0516 in Epoch [60]
2022-07-19 14:15:21,346 INFO: Epoch: 162 | PSNR: 27.9608 | Loss: 8.0072 | lr: 1.25e-04 | Best_PSNR: 28.0516 in Epoch [60]
2022-07-19 14:16:07,418 INFO: Epoch: 163 | PSNR: 28.0018 | Loss: 8.0947 | lr: 1.25e-04 | Best_PSNR: 28.0516 in Epoch [60]
2022-07-19 14:16:51,518 INFO: Epoch: 164 | PSNR: 27.9860 | Loss: 8.0434 | lr: 1.25e-04 | Best_PSNR: 28.0516 in Epoch [60]
2022-07-19 14:17:33,522 INFO: Epoch: 165 | PSNR: 27.9749 | Loss: 8.1345 | lr: 1.25e-04 | Best_PSNR: 28.0516 in Epoch [60]
2022-07-19 14:18:23,960 INFO: Epoch: 166 | PSNR: 27.9832 | Loss: 8.0772 | lr: 1.25e-04 | Best_PSNR: 28.0516 in Epoch [60]
2022-07-19 14:19:06,471 INFO: Epoch: 167 | PSNR: 27.9688 | Loss: 8.0083 | lr: 1.25e-04 | Best_PSNR: 28.0516 in Epoch [60]
2022-07-19 14:19:49,308 INFO: Epoch: 168 | PSNR: 27.9794 | Loss: 8.0531 | lr: 1.25e-04 | Best_PSNR: 28.0516 in Epoch [60]
2022-07-19 14:20:31,942 INFO: Epoch: 169 | PSNR: 27.9864 | Loss: 8.0603 | lr: 1.25e-04 | Best_PSNR: 28.0516 in Epoch [60]
2022-07-19 14:21:18,182 INFO: Epoch: 170 | PSNR: 27.9815 | Loss: 8.0015 | lr: 1.25e-04 | Best_PSNR: 28.0516 in Epoch [60]
2022-07-19 14:22:02,396 INFO: Epoch: 171 | PSNR: 27.9664 | Loss: 8.0007 | lr: 1.25e-04 | Best_PSNR: 28.0516 in Epoch [60]
2022-07-19 14:22:48,932 INFO: Epoch: 172 | PSNR: 27.9597 | Loss: 8.0099 | lr: 1.25e-04 | Best_PSNR: 28.0516 in Epoch [60]
2022-07-19 14:23:36,765 INFO: Epoch: 173 | PSNR: 27.9778 | Loss: 8.0717 | lr: 1.25e-04 | Best_PSNR: 28.0516 in Epoch [60]
2022-07-19 14:24:23,813 INFO: Epoch: 174 | PSNR: 27.9711 | Loss: 8.0362 | lr: 1.25e-04 | Best_PSNR: 28.0516 in Epoch [60]
2022-07-19 14:25:07,079 INFO: Epoch: 175 | PSNR: 27.9454 | Loss: 8.0804 | lr: 1.25e-04 | Best_PSNR: 28.0516 in Epoch [60]
2022-07-19 14:25:47,308 INFO: Epoch: 176 | PSNR: 27.9612 | Loss: 8.0345 | lr: 1.25e-04 | Best_PSNR: 28.0516 in Epoch [60]
2022-07-19 14:26:24,434 INFO: Epoch: 177 | PSNR: 27.9516 | Loss: 8.1169 | lr: 1.25e-04 | Best_PSNR: 28.0516 in Epoch [60]
2022-07-19 14:27:02,742 INFO: Epoch: 178 | PSNR: 27.9496 | Loss: 8.1529 | lr: 1.25e-04 | Best_PSNR: 28.0516 in Epoch [60]
2022-07-19 14:27:39,823 INFO: Epoch: 179 | PSNR: 27.9615 | Loss: 8.0927 | lr: 1.25e-04 | Best_PSNR: 28.0516 in Epoch [60]
2022-07-19 14:28:16,749 INFO: Epoch: 180 | PSNR: 27.9898 | Loss: 8.0857 | lr: 1.25e-04 | Best_PSNR: 28.0516 in Epoch [60]
2022-07-19 14:28:53,607 INFO: Epoch: 181 | PSNR: 27.9835 | Loss: 8.0978 | lr: 1.25e-04 | Best_PSNR: 28.0516 in Epoch [60]
2022-07-19 14:29:34,126 INFO: Epoch: 182 | PSNR: 27.9992 | Loss: 8.0717 | lr: 1.25e-04 | Best_PSNR: 28.0516 in Epoch [60]
2022-07-19 14:30:16,480 INFO: Epoch: 183 | PSNR: 27.9949 | Loss: 8.0617 | lr: 1.25e-04 | Best_PSNR: 28.0516 in Epoch [60]
2022-07-19 14:31:00,365 INFO: Epoch: 184 | PSNR: 27.9904 | Loss: 8.0098 | lr: 1.25e-04 | Best_PSNR: 28.0516 in Epoch [60]
2022-07-19 14:31:42,600 INFO: Epoch: 185 | PSNR: 27.9595 | Loss: 8.0260 | lr: 1.25e-04 | Best_PSNR: 28.0516 in Epoch [60]
2022-07-19 14:32:22,574 INFO: Epoch: 186 | PSNR: 28.0000 | Loss: 8.0570 | lr: 1.25e-04 | Best_PSNR: 28.0516 in Epoch [60]
2022-07-19 14:33:04,605 INFO: Epoch: 187 | PSNR: 27.9693 | Loss: 8.0691 | lr: 1.25e-04 | Best_PSNR: 28.0516 in Epoch [60]
2022-07-19 14:33:47,283 INFO: Epoch: 188 | PSNR: 28.0039 | Loss: 8.1126 | lr: 1.25e-04 | Best_PSNR: 28.0516 in Epoch [60]
2022-07-19 14:35:09,780 INFO: Epoch: 189 | PSNR: 27.9923 | Loss: 8.1035 | lr: 1.25e-04 | Best_PSNR: 28.0516 in Epoch [60]
2022-07-19 14:35:52,527 INFO: Epoch: 190 | PSNR: 27.9783 | Loss: 8.0227 | lr: 1.25e-04 | Best_PSNR: 28.0516 in Epoch [60]
2022-07-19 14:36:31,038 INFO: Epoch: 191 | PSNR: 27.9492 | Loss: 8.1570 | lr: 1.25e-04 | Best_PSNR: 28.0516 in Epoch [60]
2022-07-19 14:37:07,476 INFO: Epoch: 192 | PSNR: 27.9464 | Loss: 8.0649 | lr: 1.25e-04 | Best_PSNR: 28.0516 in Epoch [60]
2022-07-19 14:37:45,407 INFO: Epoch: 193 | PSNR: 27.9578 | Loss: 8.1139 | lr: 1.25e-04 | Best_PSNR: 28.0516 in Epoch [60]
2022-07-19 14:38:32,340 INFO: Epoch: 194 | PSNR: 27.9277 | Loss: 8.0735 | lr: 1.25e-04 | Best_PSNR: 28.0516 in Epoch [60]
2022-07-19 14:39:24,749 INFO: Epoch: 195 | PSNR: 27.9090 | Loss: 8.1110 | lr: 1.25e-04 | Best_PSNR: 28.0516 in Epoch [60]
2022-07-19 14:40:04,964 INFO: Epoch: 196 | PSNR: 27.9133 | Loss: 8.1272 | lr: 1.25e-04 | Best_PSNR: 28.0516 in Epoch [60]
2022-07-19 14:40:49,401 INFO: Epoch: 197 | PSNR: 27.9827 | Loss: 8.0773 | lr: 1.25e-04 | Best_PSNR: 28.0516 in Epoch [60]
2022-07-19 14:41:30,655 INFO: Epoch: 198 | PSNR: 27.9752 | Loss: 8.1354 | lr: 1.25e-04 | Best_PSNR: 28.0516 in Epoch [60]
2022-07-19 14:42:11,568 INFO: Epoch: 199 | PSNR: 27.9568 | Loss: 8.0869 | lr: 1.25e-04 | Best_PSNR: 28.0516 in Epoch [60]
2022-07-19 14:42:48,996 INFO: Epoch: 200 | PSNR: 27.9884 | Loss: 8.0898 | lr: 1.25e-04 | Best_PSNR: 28.0516 in Epoch [60]
2022-07-19 14:43:34,265 INFO: Epoch: 201 | PSNR: 27.9642 | Loss: 7.8783 | lr: 6.25e-05 | Best_PSNR: 28.0516 in Epoch [60]
2022-07-19 14:44:15,353 INFO: Epoch: 202 | PSNR: 27.9594 | Loss: 7.9258 | lr: 6.25e-05 | Best_PSNR: 28.0516 in Epoch [60]
2022-07-19 14:44:56,983 INFO: Epoch: 203 | PSNR: 27.9487 | Loss: 8.0357 | lr: 6.25e-05 | Best_PSNR: 28.0516 in Epoch [60]
2022-07-19 14:45:37,644 INFO: Epoch: 204 | PSNR: 27.9678 | Loss: 8.0115 | lr: 6.25e-05 | Best_PSNR: 28.0516 in Epoch [60]
2022-07-19 14:46:19,114 INFO: Epoch: 205 | PSNR: 27.9442 | Loss: 8.0625 | lr: 6.25e-05 | Best_PSNR: 28.0516 in Epoch [60]
2022-07-19 14:46:57,256 INFO: Epoch: 206 | PSNR: 27.9867 | Loss: 8.0490 | lr: 6.25e-05 | Best_PSNR: 28.0516 in Epoch [60]
2022-07-19 14:47:34,839 INFO: Epoch: 207 | PSNR: 27.9883 | Loss: 8.0513 | lr: 6.25e-05 | Best_PSNR: 28.0516 in Epoch [60]
2022-07-19 14:48:15,891 INFO: Epoch: 208 | PSNR: 27.9663 | Loss: 8.0398 | lr: 6.25e-05 | Best_PSNR: 28.0516 in Epoch [60]
2022-07-19 14:48:58,056 INFO: Epoch: 209 | PSNR: 27.9609 | Loss: 8.0670 | lr: 6.25e-05 | Best_PSNR: 28.0516 in Epoch [60]
2022-07-19 14:49:41,757 INFO: Epoch: 210 | PSNR: 27.9610 | Loss: 8.0737 | lr: 6.25e-05 | Best_PSNR: 28.0516 in Epoch [60]
2022-07-19 14:50:21,471 INFO: Epoch: 211 | PSNR: 27.9397 | Loss: 8.1214 | lr: 6.25e-05 | Best_PSNR: 28.0516 in Epoch [60]
2022-07-19 14:51:01,064 INFO: Epoch: 212 | PSNR: 27.9303 | Loss: 8.0737 | lr: 6.25e-05 | Best_PSNR: 28.0516 in Epoch [60]
2022-07-19 14:51:44,722 INFO: Epoch: 213 | PSNR: 27.9234 | Loss: 8.0766 | lr: 6.25e-05 | Best_PSNR: 28.0516 in Epoch [60]
2022-07-19 14:52:25,183 INFO: Epoch: 214 | PSNR: 27.9025 | Loss: 8.0521 | lr: 6.25e-05 | Best_PSNR: 28.0516 in Epoch [60]
2022-07-19 14:53:05,656 INFO: Epoch: 215 | PSNR: 27.9427 | Loss: 8.1139 | lr: 6.25e-05 | Best_PSNR: 28.0516 in Epoch [60]
2022-07-19 14:53:46,536 INFO: Epoch: 216 | PSNR: 27.9698 | Loss: 8.0977 | lr: 6.25e-05 | Best_PSNR: 28.0516 in Epoch [60]
2022-07-19 14:54:27,658 INFO: Epoch: 217 | PSNR: 27.9551 | Loss: 8.1020 | lr: 6.25e-05 | Best_PSNR: 28.0516 in Epoch [60]
2022-07-19 14:55:08,927 INFO: Epoch: 218 | PSNR: 27.9657 | Loss: 8.0310 | lr: 6.25e-05 | Best_PSNR: 28.0516 in Epoch [60]
2022-07-19 14:55:52,750 INFO: Epoch: 219 | PSNR: 27.9474 | Loss: 8.1401 | lr: 6.25e-05 | Best_PSNR: 28.0516 in Epoch [60]
2022-07-19 14:56:33,063 INFO: Epoch: 220 | PSNR: 27.9329 | Loss: 8.0635 | lr: 6.25e-05 | Best_PSNR: 28.0516 in Epoch [60]
