2022-07-22 18:47:06,888 INFO: Create train dataset successfully!
2022-07-22 18:47:06,888 INFO: Training: [1000] iterations for each epoch
2022-07-22 18:47:06,888 INFO: Create val dataset successfully!
2022-07-22 18:47:06,888 INFO: Validating: [100] iterations for each epoch
2022-07-22 18:47:06,888 INFO: Preparing for experiment: [trial14]
2022-07-22 18:47:07,461 INFO: Create model successfully! Params: [27.20]K
2022-07-22 18:47:07,461 INFO: Model: "model"
2022-07-22 18:47:07,461 INFO: __________________________________________________________________________________________________
2022-07-22 18:47:07,461 INFO: Layer (type)                    Output Shape         Param #     Connected to                     
2022-07-22 18:47:07,461 INFO: ==================================================================================================
2022-07-22 18:47:07,461 INFO: input_1 (InputLayer)            [(None, None, None,  0                                            
2022-07-22 18:47:07,461 INFO: __________________________________________________________________________________________________
2022-07-22 18:47:07,461 INFO: conv2d (Conv2D)                 (None, None, None, 3 896         input_1[0][0]                    
2022-07-22 18:47:07,461 INFO: __________________________________________________________________________________________________
2022-07-22 18:47:07,461 INFO: conv2d_1 (Conv2D)               (None, None, None, 3 9248        conv2d[0][0]                     
2022-07-22 18:47:07,461 INFO: __________________________________________________________________________________________________
2022-07-22 18:47:07,462 INFO: conv2d_2 (Conv2D)               (None, None, None, 3 9248        conv2d_1[0][0]                   
2022-07-22 18:47:07,462 INFO: __________________________________________________________________________________________________
2022-07-22 18:47:07,462 INFO: lambda (Lambda)                 (None, None, None, 2 0           input_1[0][0]                    
2022-07-22 18:47:07,462 INFO:                                                                  input_1[0][0]                    
2022-07-22 18:47:07,462 INFO:                                                                  input_1[0][0]                    
2022-07-22 18:47:07,462 INFO:                                                                  input_1[0][0]                    
2022-07-22 18:47:07,462 INFO:                                                                  input_1[0][0]                    
2022-07-22 18:47:07,462 INFO:                                                                  input_1[0][0]                    
2022-07-22 18:47:07,462 INFO:                                                                  input_1[0][0]                    
2022-07-22 18:47:07,462 INFO:                                                                  input_1[0][0]                    
2022-07-22 18:47:07,462 INFO:                                                                  input_1[0][0]                    
2022-07-22 18:47:07,462 INFO: __________________________________________________________________________________________________
2022-07-22 18:47:07,462 INFO: conv2d_3 (Conv2D)               (None, None, None, 2 7803        conv2d_2[0][0]                   
2022-07-22 18:47:07,462 INFO: __________________________________________________________________________________________________
2022-07-22 18:47:07,462 INFO: add (Add)                       (None, None, None, 2 0           lambda[0][0]                     
2022-07-22 18:47:07,462 INFO:                                                                  conv2d_3[0][0]                   
2022-07-22 18:47:07,462 INFO: __________________________________________________________________________________________________
2022-07-22 18:47:07,462 INFO: lambda_1 (Lambda)               (None, None, None, 3 0           add[0][0]                        
2022-07-22 18:47:07,462 INFO: ==================================================================================================
2022-07-22 18:47:07,462 INFO: Total params: 27,195
2022-07-22 18:47:07,462 INFO: Trainable params: 27,195
2022-07-22 18:47:07,462 INFO: Non-trainable params: 0
2022-07-22 18:47:07,462 INFO: __________________________________________________________________________________________________
2022-07-22 18:47:07,463 INFO: Start training...
2022-07-22 18:47:43,497 INFO: Epoch: 1 | PSNR: 26.9126 | Loss: 6.3813 | lr: 1.00e-03 | Best_PSNR: 26.9126 | max_value: 255.0 in Epoch [1]
2022-07-22 18:48:17,563 INFO: Epoch: 2 | PSNR: 28.2201 | Loss: 6.0088 | lr: 1.00e-03 | Best_PSNR: 28.2201 | max_value: 255.0 in Epoch [2]
2022-07-22 18:48:48,879 INFO: Epoch: 3 | PSNR: 29.0752 | Loss: 5.9421 | lr: 1.00e-03 | Best_PSNR: 29.0752 | max_value: 255.0 in Epoch [3]
2022-07-22 18:49:19,962 INFO: Epoch: 4 | PSNR: 29.3996 | Loss: 5.8937 | lr: 1.00e-03 | Best_PSNR: 29.3996 | max_value: 255.0 in Epoch [4]
2022-07-22 18:49:52,457 INFO: Epoch: 5 | PSNR: 29.5190 | Loss: 5.8610 | lr: 1.00e-03 | Best_PSNR: 29.5190 | max_value: 255.0 in Epoch [5]
2022-07-22 18:50:23,860 INFO: Epoch: 6 | PSNR: 29.5756 | Loss: 5.7858 | lr: 1.00e-03 | Best_PSNR: 29.5756 | max_value: 255.0 in Epoch [6]
2022-07-22 18:50:56,149 INFO: Epoch: 7 | PSNR: 29.6134 | Loss: 5.8293 | lr: 1.00e-03 | Best_PSNR: 29.6134 | max_value: 255.0 in Epoch [7]
2022-07-22 18:51:29,176 INFO: Epoch: 8 | PSNR: 29.6551 | Loss: 5.7769 | lr: 1.00e-03 | Best_PSNR: 29.6551 | max_value: 255.0 in Epoch [8]
2022-07-22 18:52:01,940 INFO: Epoch: 9 | PSNR: 29.6800 | Loss: 5.7856 | lr: 1.00e-03 | Best_PSNR: 29.6800 | max_value: 255.0 in Epoch [9]
2022-07-22 18:52:34,340 INFO: Epoch: 10 | PSNR: 29.7112 | Loss: 5.7783 | lr: 1.00e-03 | Best_PSNR: 29.7112 | max_value: 255.0 in Epoch [10]
2022-07-22 18:53:08,414 INFO: Epoch: 11 | PSNR: 29.7331 | Loss: 5.7678 | lr: 1.00e-03 | Best_PSNR: 29.7331 | max_value: 255.0 in Epoch [11]
2022-07-22 18:53:45,527 INFO: Epoch: 12 | PSNR: 29.7489 | Loss: 5.7447 | lr: 1.00e-03 | Best_PSNR: 29.7489 | max_value: 255.0 in Epoch [12]
2022-07-22 18:54:20,190 INFO: Epoch: 13 | PSNR: 29.7616 | Loss: 5.7511 | lr: 1.00e-03 | Best_PSNR: 29.7616 | max_value: 255.0 in Epoch [13]
2022-07-22 18:54:55,136 INFO: Epoch: 14 | PSNR: 29.7689 | Loss: 5.7557 | lr: 1.00e-03 | Best_PSNR: 29.7689 | max_value: 255.0 in Epoch [14]
2022-07-22 18:55:30,039 INFO: Epoch: 15 | PSNR: 29.7788 | Loss: 5.7662 | lr: 1.00e-03 | Best_PSNR: 29.7788 | max_value: 255.0 in Epoch [15]
2022-07-22 18:56:04,866 INFO: Epoch: 16 | PSNR: 29.7886 | Loss: 5.7467 | lr: 1.00e-03 | Best_PSNR: 29.7886 | max_value: 255.0 in Epoch [16]
2022-07-22 18:56:41,442 INFO: Epoch: 17 | PSNR: 29.7980 | Loss: 5.7198 | lr: 1.00e-03 | Best_PSNR: 29.7980 | max_value: 255.0 in Epoch [17]
2022-07-22 18:57:16,443 INFO: Epoch: 18 | PSNR: 29.8064 | Loss: 5.6772 | lr: 1.00e-03 | Best_PSNR: 29.8064 | max_value: 255.0 in Epoch [18]
2022-07-22 18:57:51,885 INFO: Epoch: 19 | PSNR: 29.8121 | Loss: 5.7214 | lr: 1.00e-03 | Best_PSNR: 29.8121 | max_value: 255.0 in Epoch [19]
2022-07-22 18:58:26,467 INFO: Epoch: 20 | PSNR: 29.8197 | Loss: 5.6973 | lr: 1.00e-03 | Best_PSNR: 29.8197 | max_value: 255.0 in Epoch [20]
2022-07-22 18:59:01,698 INFO: Epoch: 21 | PSNR: 29.8273 | Loss: 5.7734 | lr: 1.00e-03 | Best_PSNR: 29.8273 | max_value: 255.0 in Epoch [21]
2022-07-22 18:59:36,334 INFO: Epoch: 22 | PSNR: 29.8322 | Loss: 5.7187 | lr: 1.00e-03 | Best_PSNR: 29.8322 | max_value: 255.0 in Epoch [22]
2022-07-22 19:00:11,511 INFO: Epoch: 23 | PSNR: 29.8381 | Loss: 5.6990 | lr: 1.00e-03 | Best_PSNR: 29.8381 | max_value: 255.0 in Epoch [23]
2022-07-22 19:00:47,668 INFO: Epoch: 24 | PSNR: 29.8413 | Loss: 5.6991 | lr: 1.00e-03 | Best_PSNR: 29.8413 | max_value: 255.0 in Epoch [24]
2022-07-22 19:01:22,246 INFO: Epoch: 25 | PSNR: 29.8459 | Loss: 5.6968 | lr: 1.00e-03 | Best_PSNR: 29.8459 | max_value: 255.0 in Epoch [25]
2022-07-22 19:01:56,504 INFO: Epoch: 26 | PSNR: 29.8459 | Loss: 5.7643 | lr: 1.00e-03 | Best_PSNR: 29.8459 | max_value: 255.0 in Epoch [26]
2022-07-22 19:02:31,637 INFO: Epoch: 27 | PSNR: 29.8503 | Loss: 5.7508 | lr: 1.00e-03 | Best_PSNR: 29.8503 | max_value: 255.0 in Epoch [27]
2022-07-22 19:03:06,189 INFO: Epoch: 28 | PSNR: 29.8444 | Loss: 5.7341 | lr: 1.00e-03 | Best_PSNR: 29.8503 | max_value: 255.0 in Epoch [27]
2022-07-22 19:03:41,222 INFO: Epoch: 29 | PSNR: 29.8561 | Loss: 5.7103 | lr: 1.00e-03 | Best_PSNR: 29.8561 | max_value: 255.0 in Epoch [29]
2022-07-22 19:04:16,368 INFO: Epoch: 30 | PSNR: 29.8626 | Loss: 5.6347 | lr: 1.00e-03 | Best_PSNR: 29.8626 | max_value: 255.0 in Epoch [30]
2022-07-22 19:04:50,341 INFO: Epoch: 31 | PSNR: 29.8543 | Loss: 5.6803 | lr: 1.00e-03 | Best_PSNR: 29.8626 | max_value: 255.0 in Epoch [30]
2022-07-22 19:05:25,839 INFO: Epoch: 32 | PSNR: 29.8628 | Loss: 5.6970 | lr: 1.00e-03 | Best_PSNR: 29.8628 | max_value: 255.0 in Epoch [32]
2022-07-22 19:06:00,520 INFO: Epoch: 33 | PSNR: 29.8675 | Loss: 5.6650 | lr: 1.00e-03 | Best_PSNR: 29.8675 | max_value: 255.0 in Epoch [33]
2022-07-22 19:06:35,909 INFO: Epoch: 34 | PSNR: 29.8703 | Loss: 5.7086 | lr: 1.00e-03 | Best_PSNR: 29.8703 | max_value: 255.0 in Epoch [34]
2022-07-22 19:07:11,268 INFO: Epoch: 35 | PSNR: 29.8739 | Loss: 5.6647 | lr: 1.00e-03 | Best_PSNR: 29.8739 | max_value: 255.0 in Epoch [35]
2022-07-22 19:07:46,274 INFO: Epoch: 36 | PSNR: 29.8757 | Loss: 5.7014 | lr: 1.00e-03 | Best_PSNR: 29.8757 | max_value: 255.0 in Epoch [36]
2022-07-22 19:08:21,458 INFO: Epoch: 37 | PSNR: 29.8778 | Loss: 5.6933 | lr: 1.00e-03 | Best_PSNR: 29.8778 | max_value: 255.0 in Epoch [37]
2022-07-22 19:08:55,847 INFO: Epoch: 38 | PSNR: 29.8810 | Loss: 5.6462 | lr: 1.00e-03 | Best_PSNR: 29.8810 | max_value: 255.0 in Epoch [38]
2022-07-22 19:09:30,367 INFO: Epoch: 39 | PSNR: 29.8821 | Loss: 5.6675 | lr: 1.00e-03 | Best_PSNR: 29.8821 | max_value: 255.0 in Epoch [39]
2022-07-22 19:10:05,918 INFO: Epoch: 40 | PSNR: 29.8834 | Loss: 5.7009 | lr: 1.00e-03 | Best_PSNR: 29.8834 | max_value: 255.0 in Epoch [40]
2022-07-22 19:10:40,976 INFO: Epoch: 41 | PSNR: 29.8837 | Loss: 5.6717 | lr: 1.00e-03 | Best_PSNR: 29.8837 | max_value: 255.0 in Epoch [41]
2022-07-22 19:11:16,618 INFO: Epoch: 42 | PSNR: 29.8856 | Loss: 5.6501 | lr: 1.00e-03 | Best_PSNR: 29.8856 | max_value: 255.0 in Epoch [42]
2022-07-22 19:11:51,301 INFO: Epoch: 43 | PSNR: 29.8869 | Loss: 5.6659 | lr: 1.00e-03 | Best_PSNR: 29.8869 | max_value: 255.0 in Epoch [43]
2022-07-22 19:12:26,092 INFO: Epoch: 44 | PSNR: 29.8884 | Loss: 5.6715 | lr: 1.00e-03 | Best_PSNR: 29.8884 | max_value: 255.0 in Epoch [44]
2022-07-22 19:13:01,053 INFO: Epoch: 45 | PSNR: 29.8894 | Loss: 5.6490 | lr: 1.00e-03 | Best_PSNR: 29.8894 | max_value: 255.0 in Epoch [45]
2022-07-22 19:13:35,681 INFO: Epoch: 46 | PSNR: 29.8915 | Loss: 5.7304 | lr: 1.00e-03 | Best_PSNR: 29.8915 | max_value: 255.0 in Epoch [46]
2022-07-22 19:14:11,183 INFO: Epoch: 47 | PSNR: 29.8924 | Loss: 5.7285 | lr: 1.00e-03 | Best_PSNR: 29.8924 | max_value: 255.0 in Epoch [47]
2022-07-22 19:14:45,862 INFO: Epoch: 48 | PSNR: 29.8936 | Loss: 5.6873 | lr: 1.00e-03 | Best_PSNR: 29.8936 | max_value: 255.0 in Epoch [48]
2022-07-22 19:15:20,599 INFO: Epoch: 49 | PSNR: 29.8953 | Loss: 5.6638 | lr: 1.00e-03 | Best_PSNR: 29.8953 | max_value: 255.0 in Epoch [49]
2022-07-22 19:15:54,954 INFO: Epoch: 50 | PSNR: 29.8949 | Loss: 5.6661 | lr: 1.00e-03 | Best_PSNR: 29.8953 | max_value: 255.0 in Epoch [49]
2022-07-22 19:16:29,260 INFO: Epoch: 51 | PSNR: 29.8927 | Loss: 5.6426 | lr: 1.00e-03 | Best_PSNR: 29.8953 | max_value: 255.0 in Epoch [49]
2022-07-22 19:17:02,948 INFO: Epoch: 52 | PSNR: 29.8966 | Loss: 5.6343 | lr: 1.00e-03 | Best_PSNR: 29.8966 | max_value: 255.0 in Epoch [52]
2022-07-22 19:17:37,236 INFO: Epoch: 53 | PSNR: 29.9006 | Loss: 5.7110 | lr: 1.00e-03 | Best_PSNR: 29.9006 | max_value: 255.0 in Epoch [53]
2022-07-22 19:18:11,867 INFO: Epoch: 54 | PSNR: 29.9007 | Loss: 5.6626 | lr: 1.00e-03 | Best_PSNR: 29.9007 | max_value: 255.0 in Epoch [54]
2022-07-22 19:18:47,063 INFO: Epoch: 55 | PSNR: 29.9030 | Loss: 5.6812 | lr: 1.00e-03 | Best_PSNR: 29.9030 | max_value: 255.0 in Epoch [55]
2022-07-22 19:19:21,667 INFO: Epoch: 56 | PSNR: 29.9040 | Loss: 5.7111 | lr: 1.00e-03 | Best_PSNR: 29.9040 | max_value: 255.0 in Epoch [56]
2022-07-22 19:19:57,640 INFO: Epoch: 57 | PSNR: 29.9062 | Loss: 5.6820 | lr: 1.00e-03 | Best_PSNR: 29.9062 | max_value: 255.0 in Epoch [57]
2022-07-22 19:20:32,321 INFO: Epoch: 58 | PSNR: 29.9052 | Loss: 5.6700 | lr: 1.00e-03 | Best_PSNR: 29.9062 | max_value: 255.0 in Epoch [57]
2022-07-22 19:21:06,786 INFO: Epoch: 59 | PSNR: 29.9087 | Loss: 5.6876 | lr: 1.00e-03 | Best_PSNR: 29.9087 | max_value: 255.0 in Epoch [59]
2022-07-22 19:21:42,036 INFO: Epoch: 60 | PSNR: 29.9101 | Loss: 5.6672 | lr: 1.00e-03 | Best_PSNR: 29.9101 | max_value: 255.0 in Epoch [60]
2022-07-22 19:22:17,307 INFO: Epoch: 61 | PSNR: 29.9099 | Loss: 5.6738 | lr: 1.00e-03 | Best_PSNR: 29.9101 | max_value: 255.0 in Epoch [60]
2022-07-22 19:22:52,525 INFO: Epoch: 62 | PSNR: 29.9122 | Loss: 5.6807 | lr: 1.00e-03 | Best_PSNR: 29.9122 | max_value: 255.0 in Epoch [62]
2022-07-22 19:23:27,857 INFO: Epoch: 63 | PSNR: 29.9109 | Loss: 5.6891 | lr: 1.00e-03 | Best_PSNR: 29.9122 | max_value: 255.0 in Epoch [62]
2022-07-22 19:24:02,880 INFO: Epoch: 64 | PSNR: 29.9125 | Loss: 5.6917 | lr: 1.00e-03 | Best_PSNR: 29.9125 | max_value: 255.0 in Epoch [64]
2022-07-22 19:24:37,384 INFO: Epoch: 65 | PSNR: 29.9148 | Loss: 5.6631 | lr: 1.00e-03 | Best_PSNR: 29.9148 | max_value: 255.0 in Epoch [65]
2022-07-22 19:25:11,304 INFO: Epoch: 66 | PSNR: 29.9130 | Loss: 5.6914 | lr: 1.00e-03 | Best_PSNR: 29.9148 | max_value: 255.0 in Epoch [65]
2022-07-22 19:25:45,583 INFO: Epoch: 67 | PSNR: 29.9173 | Loss: 5.6417 | lr: 1.00e-03 | Best_PSNR: 29.9173 | max_value: 255.0 in Epoch [67]
2022-07-22 19:26:19,846 INFO: Epoch: 68 | PSNR: 29.9146 | Loss: 5.6911 | lr: 1.00e-03 | Best_PSNR: 29.9173 | max_value: 255.0 in Epoch [67]
2022-07-22 19:26:54,143 INFO: Epoch: 69 | PSNR: 29.9093 | Loss: 5.6381 | lr: 1.00e-03 | Best_PSNR: 29.9173 | max_value: 255.0 in Epoch [67]
2022-07-22 19:27:28,698 INFO: Epoch: 70 | PSNR: 29.9119 | Loss: 5.6547 | lr: 1.00e-03 | Best_PSNR: 29.9173 | max_value: 255.0 in Epoch [67]
2022-07-22 19:28:05,785 INFO: Epoch: 71 | PSNR: 29.9157 | Loss: 5.6184 | lr: 1.00e-03 | Best_PSNR: 29.9173 | max_value: 255.0 in Epoch [67]
2022-07-22 19:28:42,967 INFO: Epoch: 72 | PSNR: 29.9187 | Loss: 5.6256 | lr: 1.00e-03 | Best_PSNR: 29.9187 | max_value: 255.0 in Epoch [72]
2022-07-22 19:29:18,107 INFO: Epoch: 73 | PSNR: 29.9150 | Loss: 5.6306 | lr: 1.00e-03 | Best_PSNR: 29.9187 | max_value: 255.0 in Epoch [72]
2022-07-22 19:29:52,894 INFO: Epoch: 74 | PSNR: 29.9195 | Loss: 5.6583 | lr: 1.00e-03 | Best_PSNR: 29.9195 | max_value: 255.0 in Epoch [74]
2022-07-22 19:30:28,063 INFO: Epoch: 75 | PSNR: 29.9215 | Loss: 5.6384 | lr: 1.00e-03 | Best_PSNR: 29.9215 | max_value: 255.0 in Epoch [75]
2022-07-22 19:31:03,086 INFO: Epoch: 76 | PSNR: 29.9197 | Loss: 5.6567 | lr: 1.00e-03 | Best_PSNR: 29.9215 | max_value: 255.0 in Epoch [75]
2022-07-22 19:31:38,398 INFO: Epoch: 77 | PSNR: 29.9223 | Loss: 5.6505 | lr: 1.00e-03 | Best_PSNR: 29.9223 | max_value: 255.0 in Epoch [77]
2022-07-22 19:32:12,823 INFO: Epoch: 78 | PSNR: 29.9238 | Loss: 5.6047 | lr: 1.00e-03 | Best_PSNR: 29.9238 | max_value: 255.0 in Epoch [78]
2022-07-22 19:32:47,942 INFO: Epoch: 79 | PSNR: 29.9244 | Loss: 5.6707 | lr: 1.00e-03 | Best_PSNR: 29.9244 | max_value: 255.0 in Epoch [79]
2022-07-22 19:33:22,377 INFO: Epoch: 80 | PSNR: 29.9224 | Loss: 5.6507 | lr: 1.00e-03 | Best_PSNR: 29.9244 | max_value: 255.0 in Epoch [79]
2022-07-22 19:33:56,358 INFO: Epoch: 81 | PSNR: 29.9213 | Loss: 5.6522 | lr: 1.00e-03 | Best_PSNR: 29.9244 | max_value: 255.0 in Epoch [79]
2022-07-22 19:34:30,795 INFO: Epoch: 82 | PSNR: 29.9229 | Loss: 5.6845 | lr: 1.00e-03 | Best_PSNR: 29.9244 | max_value: 255.0 in Epoch [79]
2022-07-22 19:35:05,218 INFO: Epoch: 83 | PSNR: 29.9211 | Loss: 5.6303 | lr: 1.00e-03 | Best_PSNR: 29.9244 | max_value: 255.0 in Epoch [79]
2022-07-22 19:35:39,733 INFO: Epoch: 84 | PSNR: 29.9236 | Loss: 5.7111 | lr: 1.00e-03 | Best_PSNR: 29.9244 | max_value: 255.0 in Epoch [79]
2022-07-22 19:36:14,472 INFO: Epoch: 85 | PSNR: 29.9264 | Loss: 5.6524 | lr: 1.00e-03 | Best_PSNR: 29.9264 | max_value: 255.0 in Epoch [85]
2022-07-22 19:36:49,194 INFO: Epoch: 86 | PSNR: 29.9281 | Loss: 5.6340 | lr: 1.00e-03 | Best_PSNR: 29.9281 | max_value: 255.0 in Epoch [86]
2022-07-22 19:37:22,840 INFO: Epoch: 87 | PSNR: 29.9256 | Loss: 5.6351 | lr: 1.00e-03 | Best_PSNR: 29.9281 | max_value: 255.0 in Epoch [86]
2022-07-22 19:37:56,657 INFO: Epoch: 88 | PSNR: 29.9280 | Loss: 5.6430 | lr: 1.00e-03 | Best_PSNR: 29.9281 | max_value: 255.0 in Epoch [86]
2022-07-22 19:38:31,264 INFO: Epoch: 89 | PSNR: 29.9220 | Loss: 5.6630 | lr: 1.00e-03 | Best_PSNR: 29.9281 | max_value: 255.0 in Epoch [86]
2022-07-22 19:39:04,856 INFO: Epoch: 90 | PSNR: 29.9248 | Loss: 5.6489 | lr: 1.00e-03 | Best_PSNR: 29.9281 | max_value: 255.0 in Epoch [86]
2022-07-22 19:39:39,020 INFO: Epoch: 91 | PSNR: 29.9291 | Loss: 5.6620 | lr: 1.00e-03 | Best_PSNR: 29.9291 | max_value: 255.0 in Epoch [91]
2022-07-22 19:40:13,448 INFO: Epoch: 92 | PSNR: 29.9279 | Loss: 5.6186 | lr: 1.00e-03 | Best_PSNR: 29.9291 | max_value: 255.0 in Epoch [91]
2022-07-22 19:40:48,439 INFO: Epoch: 93 | PSNR: 29.9297 | Loss: 5.6264 | lr: 1.00e-03 | Best_PSNR: 29.9297 | max_value: 255.0 in Epoch [93]
2022-07-22 19:41:23,436 INFO: Epoch: 94 | PSNR: 29.9321 | Loss: 5.6961 | lr: 1.00e-03 | Best_PSNR: 29.9321 | max_value: 255.0 in Epoch [94]
2022-07-22 19:41:58,120 INFO: Epoch: 95 | PSNR: 29.9333 | Loss: 5.6688 | lr: 1.00e-03 | Best_PSNR: 29.9333 | max_value: 255.0 in Epoch [95]
2022-07-22 19:42:32,676 INFO: Epoch: 96 | PSNR: 29.9331 | Loss: 5.6193 | lr: 1.00e-03 | Best_PSNR: 29.9333 | max_value: 255.0 in Epoch [95]
2022-07-22 19:43:06,593 INFO: Epoch: 97 | PSNR: 29.9334 | Loss: 5.6678 | lr: 1.00e-03 | Best_PSNR: 29.9334 | max_value: 255.0 in Epoch [97]
2022-07-22 19:43:41,718 INFO: Epoch: 98 | PSNR: 29.9341 | Loss: 5.6372 | lr: 1.00e-03 | Best_PSNR: 29.9341 | max_value: 255.0 in Epoch [98]
2022-07-22 19:44:16,187 INFO: Epoch: 99 | PSNR: 29.9285 | Loss: 5.6858 | lr: 1.00e-03 | Best_PSNR: 29.9341 | max_value: 255.0 in Epoch [98]
2022-07-22 19:44:51,539 INFO: Epoch: 100 | PSNR: 29.9325 | Loss: 5.6101 | lr: 1.00e-03 | Best_PSNR: 29.9341 | max_value: 255.0 in Epoch [98]
2022-07-22 19:45:27,493 INFO: Epoch: 101 | PSNR: 29.9342 | Loss: 5.6475 | lr: 1.00e-03 | Best_PSNR: 29.9342 | max_value: 255.0 in Epoch [101]
2022-07-22 19:46:02,994 INFO: Epoch: 102 | PSNR: 29.9362 | Loss: 5.6346 | lr: 1.00e-03 | Best_PSNR: 29.9362 | max_value: 255.0 in Epoch [102]
2022-07-22 19:46:37,688 INFO: Epoch: 103 | PSNR: 29.9367 | Loss: 5.6358 | lr: 1.00e-03 | Best_PSNR: 29.9367 | max_value: 255.0 in Epoch [103]
2022-07-22 19:47:12,431 INFO: Epoch: 104 | PSNR: 29.9372 | Loss: 5.6203 | lr: 1.00e-03 | Best_PSNR: 29.9372 | max_value: 255.0 in Epoch [104]
2022-07-22 19:47:47,197 INFO: Epoch: 105 | PSNR: 29.9384 | Loss: 5.5969 | lr: 1.00e-03 | Best_PSNR: 29.9384 | max_value: 255.0 in Epoch [105]
2022-07-22 19:48:21,461 INFO: Epoch: 106 | PSNR: 29.9394 | Loss: 5.6203 | lr: 1.00e-03 | Best_PSNR: 29.9394 | max_value: 255.0 in Epoch [106]
2022-07-22 19:48:55,741 INFO: Epoch: 107 | PSNR: 29.9397 | Loss: 5.6182 | lr: 1.00e-03 | Best_PSNR: 29.9397 | max_value: 255.0 in Epoch [107]
2022-07-22 19:49:30,182 INFO: Epoch: 108 | PSNR: 29.9332 | Loss: 5.7054 | lr: 1.00e-03 | Best_PSNR: 29.9397 | max_value: 255.0 in Epoch [107]
2022-07-22 19:50:04,008 INFO: Epoch: 109 | PSNR: 29.9379 | Loss: 5.6439 | lr: 1.00e-03 | Best_PSNR: 29.9397 | max_value: 255.0 in Epoch [107]
2022-07-22 19:50:37,813 INFO: Epoch: 110 | PSNR: 29.9368 | Loss: 5.6360 | lr: 1.00e-03 | Best_PSNR: 29.9397 | max_value: 255.0 in Epoch [107]
2022-07-22 19:51:11,783 INFO: Epoch: 111 | PSNR: 29.9394 | Loss: 5.6466 | lr: 1.00e-03 | Best_PSNR: 29.9397 | max_value: 255.0 in Epoch [107]
2022-07-22 19:51:45,801 INFO: Epoch: 112 | PSNR: 29.9387 | Loss: 5.6374 | lr: 1.00e-03 | Best_PSNR: 29.9397 | max_value: 255.0 in Epoch [107]
2022-07-22 19:52:20,466 INFO: Epoch: 113 | PSNR: 29.9390 | Loss: 5.5926 | lr: 1.00e-03 | Best_PSNR: 29.9397 | max_value: 255.0 in Epoch [107]
2022-07-22 19:52:54,953 INFO: Epoch: 114 | PSNR: 29.9397 | Loss: 5.6429 | lr: 1.00e-03 | Best_PSNR: 29.9397 | max_value: 255.0 in Epoch [107]
2022-07-22 19:53:30,329 INFO: Epoch: 115 | PSNR: 29.9400 | Loss: 5.6370 | lr: 1.00e-03 | Best_PSNR: 29.9400 | max_value: 255.0 in Epoch [115]
2022-07-22 19:54:05,087 INFO: Epoch: 116 | PSNR: 29.9419 | Loss: 5.6491 | lr: 1.00e-03 | Best_PSNR: 29.9419 | max_value: 255.0 in Epoch [116]
2022-07-22 19:54:39,545 INFO: Epoch: 117 | PSNR: 29.9417 | Loss: 5.6078 | lr: 1.00e-03 | Best_PSNR: 29.9419 | max_value: 255.0 in Epoch [116]
2022-07-22 19:55:22,435 INFO: Epoch: 118 | PSNR: 29.9422 | Loss: 5.6689 | lr: 1.00e-03 | Best_PSNR: 29.9422 | max_value: 255.0 in Epoch [118]
2022-07-22 19:56:02,863 INFO: Epoch: 119 | PSNR: 29.9419 | Loss: 5.6241 | lr: 1.00e-03 | Best_PSNR: 29.9422 | max_value: 255.0 in Epoch [118]
2022-07-22 19:56:36,759 INFO: Epoch: 120 | PSNR: 29.9410 | Loss: 5.6118 | lr: 1.00e-03 | Best_PSNR: 29.9422 | max_value: 255.0 in Epoch [118]
2022-07-22 19:57:11,634 INFO: Epoch: 121 | PSNR: 29.9473 | Loss: 5.6472 | lr: 5.00e-04 | Best_PSNR: 29.9473 | max_value: 255.0 in Epoch [121]
2022-07-22 19:57:52,823 INFO: Epoch: 122 | PSNR: 29.9505 | Loss: 5.6529 | lr: 5.00e-04 | Best_PSNR: 29.9505 | max_value: 255.0 in Epoch [122]
2022-07-22 19:58:34,414 INFO: Epoch: 123 | PSNR: 29.9521 | Loss: 5.5836 | lr: 5.00e-04 | Best_PSNR: 29.9521 | max_value: 255.0 in Epoch [123]
2022-07-22 19:59:09,909 INFO: Epoch: 124 | PSNR: 29.9526 | Loss: 5.6330 | lr: 5.00e-04 | Best_PSNR: 29.9526 | max_value: 255.0 in Epoch [124]
2022-07-22 19:59:44,066 INFO: Epoch: 125 | PSNR: 29.9522 | Loss: 5.5651 | lr: 5.00e-04 | Best_PSNR: 29.9526 | max_value: 255.0 in Epoch [124]
2022-07-22 20:00:18,292 INFO: Epoch: 126 | PSNR: 29.9535 | Loss: 5.6168 | lr: 5.00e-04 | Best_PSNR: 29.9535 | max_value: 255.0 in Epoch [126]
2022-07-22 20:00:53,404 INFO: Epoch: 127 | PSNR: 29.9538 | Loss: 5.5925 | lr: 5.00e-04 | Best_PSNR: 29.9538 | max_value: 255.0 in Epoch [127]
2022-07-22 20:01:28,793 INFO: Epoch: 128 | PSNR: 29.9539 | Loss: 5.5961 | lr: 5.00e-04 | Best_PSNR: 29.9539 | max_value: 255.0 in Epoch [128]
2022-07-22 20:02:04,049 INFO: Epoch: 129 | PSNR: 29.9549 | Loss: 5.6131 | lr: 5.00e-04 | Best_PSNR: 29.9549 | max_value: 255.0 in Epoch [129]
2022-07-22 20:02:38,650 INFO: Epoch: 130 | PSNR: 29.9555 | Loss: 5.5975 | lr: 5.00e-04 | Best_PSNR: 29.9555 | max_value: 255.0 in Epoch [130]
2022-07-22 20:03:13,201 INFO: Epoch: 131 | PSNR: 29.9550 | Loss: 5.5953 | lr: 5.00e-04 | Best_PSNR: 29.9555 | max_value: 255.0 in Epoch [130]
2022-07-22 20:03:48,595 INFO: Epoch: 132 | PSNR: 29.9556 | Loss: 5.5880 | lr: 5.00e-04 | Best_PSNR: 29.9556 | max_value: 255.0 in Epoch [132]
2022-07-22 20:04:23,027 INFO: Epoch: 133 | PSNR: 29.9555 | Loss: 5.6173 | lr: 5.00e-04 | Best_PSNR: 29.9556 | max_value: 255.0 in Epoch [132]
2022-07-22 20:04:57,976 INFO: Epoch: 134 | PSNR: 29.9559 | Loss: 5.6067 | lr: 5.00e-04 | Best_PSNR: 29.9559 | max_value: 255.0 in Epoch [134]
2022-07-22 20:05:40,740 INFO: Epoch: 135 | PSNR: 29.9569 | Loss: 5.6254 | lr: 5.00e-04 | Best_PSNR: 29.9569 | max_value: 255.0 in Epoch [135]
2022-07-22 20:06:21,911 INFO: Epoch: 136 | PSNR: 29.9568 | Loss: 5.6521 | lr: 5.00e-04 | Best_PSNR: 29.9569 | max_value: 255.0 in Epoch [135]
2022-07-22 20:07:06,697 INFO: Epoch: 137 | PSNR: 29.9561 | Loss: 5.6356 | lr: 5.00e-04 | Best_PSNR: 29.9569 | max_value: 255.0 in Epoch [135]
2022-07-22 20:07:50,205 INFO: Epoch: 138 | PSNR: 29.9566 | Loss: 5.6045 | lr: 5.00e-04 | Best_PSNR: 29.9569 | max_value: 255.0 in Epoch [135]
2022-07-22 20:08:39,083 INFO: Epoch: 139 | PSNR: 29.9558 | Loss: 5.5673 | lr: 5.00e-04 | Best_PSNR: 29.9569 | max_value: 255.0 in Epoch [135]
2022-07-22 20:09:20,981 INFO: Epoch: 140 | PSNR: 29.9566 | Loss: 5.5949 | lr: 5.00e-04 | Best_PSNR: 29.9569 | max_value: 255.0 in Epoch [135]
2022-07-22 20:10:03,842 INFO: Epoch: 141 | PSNR: 29.9580 | Loss: 5.6361 | lr: 5.00e-04 | Best_PSNR: 29.9580 | max_value: 255.0 in Epoch [141]
2022-07-22 20:10:48,699 INFO: Epoch: 142 | PSNR: 29.9578 | Loss: 5.6618 | lr: 5.00e-04 | Best_PSNR: 29.9580 | max_value: 255.0 in Epoch [141]
2022-07-22 20:11:35,508 INFO: Epoch: 143 | PSNR: 29.9577 | Loss: 5.6111 | lr: 5.00e-04 | Best_PSNR: 29.9580 | max_value: 255.0 in Epoch [141]
2022-07-22 20:12:16,424 INFO: Epoch: 144 | PSNR: 29.9580 | Loss: 5.5996 | lr: 5.00e-04 | Best_PSNR: 29.9580 | max_value: 255.0 in Epoch [141]
2022-07-22 20:12:57,629 INFO: Epoch: 145 | PSNR: 29.9584 | Loss: 5.6004 | lr: 5.00e-04 | Best_PSNR: 29.9584 | max_value: 255.0 in Epoch [145]
2022-07-22 20:13:37,967 INFO: Epoch: 146 | PSNR: 29.9581 | Loss: 5.6089 | lr: 5.00e-04 | Best_PSNR: 29.9584 | max_value: 255.0 in Epoch [145]
2022-07-22 20:14:23,395 INFO: Epoch: 147 | PSNR: 29.9584 | Loss: 5.6299 | lr: 5.00e-04 | Best_PSNR: 29.9584 | max_value: 255.0 in Epoch [147]
2022-07-22 20:15:10,654 INFO: Epoch: 148 | PSNR: 29.9588 | Loss: 5.6121 | lr: 5.00e-04 | Best_PSNR: 29.9588 | max_value: 255.0 in Epoch [148]
2022-07-22 20:15:53,946 INFO: Epoch: 149 | PSNR: 29.9603 | Loss: 5.6599 | lr: 5.00e-04 | Best_PSNR: 29.9603 | max_value: 255.0 in Epoch [149]
2022-07-22 20:16:37,123 INFO: Epoch: 150 | PSNR: 29.9598 | Loss: 5.5837 | lr: 5.00e-04 | Best_PSNR: 29.9603 | max_value: 255.0 in Epoch [149]
2022-07-22 20:17:08,694 INFO: Epoch: 151 | PSNR: 29.9601 | Loss: 5.5603 | lr: 5.00e-04 | Best_PSNR: 29.9603 | max_value: 255.0 in Epoch [149]
2022-07-22 20:17:40,768 INFO: Epoch: 152 | PSNR: 29.9596 | Loss: 5.7156 | lr: 5.00e-04 | Best_PSNR: 29.9603 | max_value: 255.0 in Epoch [149]
2022-07-22 20:18:13,612 INFO: Epoch: 153 | PSNR: 29.9597 | Loss: 5.6523 | lr: 5.00e-04 | Best_PSNR: 29.9603 | max_value: 255.0 in Epoch [149]
2022-07-22 20:18:45,947 INFO: Epoch: 154 | PSNR: 29.9591 | Loss: 5.5935 | lr: 5.00e-04 | Best_PSNR: 29.9603 | max_value: 255.0 in Epoch [149]
2022-07-22 20:19:16,848 INFO: Epoch: 155 | PSNR: 29.9594 | Loss: 5.6023 | lr: 5.00e-04 | Best_PSNR: 29.9603 | max_value: 255.0 in Epoch [149]
2022-07-22 20:19:49,055 INFO: Epoch: 156 | PSNR: 29.9597 | Loss: 5.6021 | lr: 5.00e-04 | Best_PSNR: 29.9603 | max_value: 255.0 in Epoch [149]
2022-07-22 20:20:21,299 INFO: Epoch: 157 | PSNR: 29.9606 | Loss: 5.6056 | lr: 5.00e-04 | Best_PSNR: 29.9606 | max_value: 255.0 in Epoch [157]
2022-07-22 20:20:53,930 INFO: Epoch: 158 | PSNR: 29.9605 | Loss: 5.6428 | lr: 5.00e-04 | Best_PSNR: 29.9606 | max_value: 255.0 in Epoch [157]
2022-07-22 20:21:26,038 INFO: Epoch: 159 | PSNR: 29.9614 | Loss: 5.6792 | lr: 5.00e-04 | Best_PSNR: 29.9614 | max_value: 255.0 in Epoch [159]
2022-07-22 20:21:57,554 INFO: Epoch: 160 | PSNR: 29.9611 | Loss: 5.6488 | lr: 5.00e-04 | Best_PSNR: 29.9614 | max_value: 255.0 in Epoch [159]
2022-07-22 20:22:30,963 INFO: Epoch: 161 | PSNR: 29.9615 | Loss: 5.6306 | lr: 5.00e-04 | Best_PSNR: 29.9615 | max_value: 255.0 in Epoch [161]
2022-07-22 20:23:03,267 INFO: Epoch: 162 | PSNR: 29.9593 | Loss: 5.5894 | lr: 5.00e-04 | Best_PSNR: 29.9615 | max_value: 255.0 in Epoch [161]
2022-07-22 20:23:35,137 INFO: Epoch: 163 | PSNR: 29.9614 | Loss: 5.6171 | lr: 5.00e-04 | Best_PSNR: 29.9615 | max_value: 255.0 in Epoch [161]
2022-07-22 20:24:06,782 INFO: Epoch: 164 | PSNR: 29.9618 | Loss: 5.6030 | lr: 5.00e-04 | Best_PSNR: 29.9618 | max_value: 255.0 in Epoch [164]
2022-07-22 20:24:38,427 INFO: Epoch: 165 | PSNR: 29.9610 | Loss: 5.6064 | lr: 5.00e-04 | Best_PSNR: 29.9618 | max_value: 255.0 in Epoch [164]
2022-07-22 20:25:09,943 INFO: Epoch: 166 | PSNR: 29.9616 | Loss: 5.6356 | lr: 5.00e-04 | Best_PSNR: 29.9618 | max_value: 255.0 in Epoch [164]
2022-07-22 20:25:42,672 INFO: Epoch: 167 | PSNR: 29.9619 | Loss: 5.6099 | lr: 5.00e-04 | Best_PSNR: 29.9619 | max_value: 255.0 in Epoch [167]
2022-07-22 20:26:14,780 INFO: Epoch: 168 | PSNR: 29.9617 | Loss: 5.6499 | lr: 5.00e-04 | Best_PSNR: 29.9619 | max_value: 255.0 in Epoch [167]
2022-07-22 20:26:46,078 INFO: Epoch: 169 | PSNR: 29.9608 | Loss: 5.6518 | lr: 5.00e-04 | Best_PSNR: 29.9619 | max_value: 255.0 in Epoch [167]
2022-07-22 20:27:18,610 INFO: Epoch: 170 | PSNR: 29.9623 | Loss: 5.5847 | lr: 5.00e-04 | Best_PSNR: 29.9623 | max_value: 255.0 in Epoch [170]
2022-07-22 20:27:51,348 INFO: Epoch: 171 | PSNR: 29.9625 | Loss: 5.6072 | lr: 5.00e-04 | Best_PSNR: 29.9625 | max_value: 255.0 in Epoch [171]
2022-07-22 20:28:24,216 INFO: Epoch: 172 | PSNR: 29.9629 | Loss: 5.6442 | lr: 5.00e-04 | Best_PSNR: 29.9629 | max_value: 255.0 in Epoch [172]
2022-07-22 20:28:56,498 INFO: Epoch: 173 | PSNR: 29.9622 | Loss: 5.5462 | lr: 5.00e-04 | Best_PSNR: 29.9629 | max_value: 255.0 in Epoch [172]
2022-07-22 20:29:28,180 INFO: Epoch: 174 | PSNR: 29.9618 | Loss: 5.6497 | lr: 5.00e-04 | Best_PSNR: 29.9629 | max_value: 255.0 in Epoch [172]
2022-07-22 20:30:00,100 INFO: Epoch: 175 | PSNR: 29.9621 | Loss: 5.6206 | lr: 5.00e-04 | Best_PSNR: 29.9629 | max_value: 255.0 in Epoch [172]
2022-07-22 20:30:31,991 INFO: Epoch: 176 | PSNR: 29.9629 | Loss: 5.5886 | lr: 5.00e-04 | Best_PSNR: 29.9629 | max_value: 255.0 in Epoch [172]
2022-07-22 20:31:05,007 INFO: Epoch: 177 | PSNR: 29.9630 | Loss: 5.6147 | lr: 5.00e-04 | Best_PSNR: 29.9630 | max_value: 255.0 in Epoch [177]
2022-07-22 20:31:37,508 INFO: Epoch: 178 | PSNR: 29.9634 | Loss: 5.6115 | lr: 5.00e-04 | Best_PSNR: 29.9634 | max_value: 255.0 in Epoch [178]
2022-07-22 20:32:09,636 INFO: Epoch: 179 | PSNR: 29.9632 | Loss: 5.6004 | lr: 5.00e-04 | Best_PSNR: 29.9634 | max_value: 255.0 in Epoch [178]
2022-07-22 20:32:42,208 INFO: Epoch: 180 | PSNR: 29.9637 | Loss: 5.6076 | lr: 5.00e-04 | Best_PSNR: 29.9637 | max_value: 255.0 in Epoch [180]
2022-07-22 20:33:14,765 INFO: Epoch: 181 | PSNR: 29.9639 | Loss: 5.5903 | lr: 5.00e-04 | Best_PSNR: 29.9639 | max_value: 255.0 in Epoch [181]
2022-07-22 20:33:46,787 INFO: Epoch: 182 | PSNR: 29.9631 | Loss: 5.5901 | lr: 5.00e-04 | Best_PSNR: 29.9639 | max_value: 255.0 in Epoch [181]
2022-07-22 20:34:18,959 INFO: Epoch: 183 | PSNR: 29.9639 | Loss: 5.6043 | lr: 5.00e-04 | Best_PSNR: 29.9639 | max_value: 255.0 in Epoch [183]
2022-07-22 20:34:51,495 INFO: Epoch: 184 | PSNR: 29.9647 | Loss: 5.6418 | lr: 5.00e-04 | Best_PSNR: 29.9647 | max_value: 255.0 in Epoch [184]
2022-07-22 20:35:23,336 INFO: Epoch: 185 | PSNR: 29.9645 | Loss: 5.6069 | lr: 5.00e-04 | Best_PSNR: 29.9647 | max_value: 255.0 in Epoch [184]
2022-07-22 20:35:55,343 INFO: Epoch: 186 | PSNR: 29.9637 | Loss: 5.6401 | lr: 5.00e-04 | Best_PSNR: 29.9647 | max_value: 255.0 in Epoch [184]
2022-07-22 20:36:27,098 INFO: Epoch: 187 | PSNR: 29.9640 | Loss: 5.5973 | lr: 5.00e-04 | Best_PSNR: 29.9647 | max_value: 255.0 in Epoch [184]
2022-07-22 20:36:58,170 INFO: Epoch: 188 | PSNR: 29.9643 | Loss: 5.5994 | lr: 5.00e-04 | Best_PSNR: 29.9647 | max_value: 255.0 in Epoch [184]
2022-07-22 20:37:29,836 INFO: Epoch: 189 | PSNR: 29.9641 | Loss: 5.5953 | lr: 5.00e-04 | Best_PSNR: 29.9647 | max_value: 255.0 in Epoch [184]
2022-07-22 20:38:02,163 INFO: Epoch: 190 | PSNR: 29.9641 | Loss: 5.6165 | lr: 5.00e-04 | Best_PSNR: 29.9647 | max_value: 255.0 in Epoch [184]
2022-07-22 20:38:34,019 INFO: Epoch: 191 | PSNR: 29.9644 | Loss: 5.6412 | lr: 5.00e-04 | Best_PSNR: 29.9647 | max_value: 255.0 in Epoch [184]
2022-07-22 20:39:05,461 INFO: Epoch: 192 | PSNR: 29.9641 | Loss: 5.6046 | lr: 5.00e-04 | Best_PSNR: 29.9647 | max_value: 255.0 in Epoch [184]
2022-07-22 20:39:36,574 INFO: Epoch: 193 | PSNR: 29.9640 | Loss: 5.6261 | lr: 5.00e-04 | Best_PSNR: 29.9647 | max_value: 255.0 in Epoch [184]
2022-07-22 20:40:08,231 INFO: Epoch: 194 | PSNR: 29.9640 | Loss: 5.6154 | lr: 5.00e-04 | Best_PSNR: 29.9647 | max_value: 255.0 in Epoch [184]
2022-07-22 20:40:41,085 INFO: Epoch: 195 | PSNR: 29.9651 | Loss: 5.6182 | lr: 5.00e-04 | Best_PSNR: 29.9651 | max_value: 255.0 in Epoch [195]
2022-07-22 20:41:14,385 INFO: Epoch: 196 | PSNR: 29.9652 | Loss: 5.6528 | lr: 5.00e-04 | Best_PSNR: 29.9652 | max_value: 255.0 in Epoch [196]
2022-07-22 20:41:46,719 INFO: Epoch: 197 | PSNR: 29.9654 | Loss: 5.6020 | lr: 5.00e-04 | Best_PSNR: 29.9654 | max_value: 255.0 in Epoch [197]
2022-07-22 20:42:19,188 INFO: Epoch: 198 | PSNR: 29.9656 | Loss: 5.6035 | lr: 5.00e-04 | Best_PSNR: 29.9656 | max_value: 255.0 in Epoch [198]
2022-07-22 20:42:50,617 INFO: Epoch: 199 | PSNR: 29.9654 | Loss: 5.6089 | lr: 5.00e-04 | Best_PSNR: 29.9656 | max_value: 255.0 in Epoch [198]
2022-07-22 20:43:22,907 INFO: Epoch: 200 | PSNR: 29.9653 | Loss: 5.6013 | lr: 5.00e-04 | Best_PSNR: 29.9656 | max_value: 255.0 in Epoch [198]
2022-07-22 20:43:56,311 INFO: Epoch: 201 | PSNR: 29.9659 | Loss: 5.6155 | lr: 5.00e-04 | Best_PSNR: 29.9659 | max_value: 255.0 in Epoch [201]
2022-07-22 20:44:29,008 INFO: Epoch: 202 | PSNR: 29.9662 | Loss: 5.5931 | lr: 5.00e-04 | Best_PSNR: 29.9662 | max_value: 255.0 in Epoch [202]
2022-07-22 20:45:00,934 INFO: Epoch: 203 | PSNR: 29.9662 | Loss: 5.6161 | lr: 5.00e-04 | Best_PSNR: 29.9662 | max_value: 255.0 in Epoch [202]
2022-07-22 20:45:32,542 INFO: Epoch: 204 | PSNR: 29.9666 | Loss: 5.6056 | lr: 5.00e-04 | Best_PSNR: 29.9666 | max_value: 255.0 in Epoch [204]
2022-07-22 20:46:04,466 INFO: Epoch: 205 | PSNR: 29.9647 | Loss: 5.6630 | lr: 5.00e-04 | Best_PSNR: 29.9666 | max_value: 255.0 in Epoch [204]
2022-07-22 20:46:36,808 INFO: Epoch: 206 | PSNR: 29.9656 | Loss: 5.6401 | lr: 5.00e-04 | Best_PSNR: 29.9666 | max_value: 255.0 in Epoch [204]
2022-07-22 20:47:10,135 INFO: Epoch: 207 | PSNR: 29.9659 | Loss: 5.5947 | lr: 5.00e-04 | Best_PSNR: 29.9666 | max_value: 255.0 in Epoch [204]
2022-07-22 20:47:42,970 INFO: Epoch: 208 | PSNR: 29.9664 | Loss: 5.5891 | lr: 5.00e-04 | Best_PSNR: 29.9666 | max_value: 255.0 in Epoch [204]
2022-07-22 20:48:15,161 INFO: Epoch: 209 | PSNR: 29.9653 | Loss: 5.5885 | lr: 5.00e-04 | Best_PSNR: 29.9666 | max_value: 255.0 in Epoch [204]
2022-07-22 20:48:48,196 INFO: Epoch: 210 | PSNR: 29.9665 | Loss: 5.6071 | lr: 5.00e-04 | Best_PSNR: 29.9666 | max_value: 255.0 in Epoch [204]
2022-07-22 20:49:21,148 INFO: Epoch: 211 | PSNR: 29.9660 | Loss: 5.6382 | lr: 5.00e-04 | Best_PSNR: 29.9666 | max_value: 255.0 in Epoch [204]
2022-07-22 20:49:53,810 INFO: Epoch: 212 | PSNR: 29.9655 | Loss: 5.6079 | lr: 5.00e-04 | Best_PSNR: 29.9666 | max_value: 255.0 in Epoch [204]
2022-07-22 20:50:25,550 INFO: Epoch: 213 | PSNR: 29.9662 | Loss: 5.5874 | lr: 5.00e-04 | Best_PSNR: 29.9666 | max_value: 255.0 in Epoch [204]
2022-07-22 20:50:59,478 INFO: Epoch: 214 | PSNR: 29.9665 | Loss: 5.6028 | lr: 5.00e-04 | Best_PSNR: 29.9666 | max_value: 255.0 in Epoch [204]
2022-07-22 20:51:31,284 INFO: Epoch: 215 | PSNR: 29.9661 | Loss: 5.5950 | lr: 5.00e-04 | Best_PSNR: 29.9666 | max_value: 255.0 in Epoch [204]
2022-07-22 20:52:03,970 INFO: Epoch: 216 | PSNR: 29.9664 | Loss: 5.6452 | lr: 5.00e-04 | Best_PSNR: 29.9666 | max_value: 255.0 in Epoch [204]
2022-07-22 20:52:37,193 INFO: Epoch: 217 | PSNR: 29.9671 | Loss: 5.6424 | lr: 5.00e-04 | Best_PSNR: 29.9671 | max_value: 255.0 in Epoch [217]
2022-07-22 20:53:09,718 INFO: Epoch: 218 | PSNR: 29.9666 | Loss: 5.5841 | lr: 5.00e-04 | Best_PSNR: 29.9671 | max_value: 255.0 in Epoch [217]
2022-07-22 20:53:43,767 INFO: Epoch: 219 | PSNR: 29.9677 | Loss: 5.6288 | lr: 5.00e-04 | Best_PSNR: 29.9677 | max_value: 255.0 in Epoch [219]
2022-07-22 20:54:16,668 INFO: Epoch: 220 | PSNR: 29.9679 | Loss: 5.5590 | lr: 5.00e-04 | Best_PSNR: 29.9679 | max_value: 255.0 in Epoch [220]
2022-07-22 20:54:48,626 INFO: Epoch: 221 | PSNR: 29.9672 | Loss: 5.6704 | lr: 5.00e-04 | Best_PSNR: 29.9679 | max_value: 255.0 in Epoch [220]
2022-07-22 20:55:20,440 INFO: Epoch: 222 | PSNR: 29.9675 | Loss: 5.5682 | lr: 5.00e-04 | Best_PSNR: 29.9679 | max_value: 255.0 in Epoch [220]
2022-07-22 20:55:52,480 INFO: Epoch: 223 | PSNR: 29.9671 | Loss: 5.6255 | lr: 5.00e-04 | Best_PSNR: 29.9679 | max_value: 255.0 in Epoch [220]
2022-07-22 20:56:24,443 INFO: Epoch: 224 | PSNR: 29.9677 | Loss: 5.6267 | lr: 5.00e-04 | Best_PSNR: 29.9679 | max_value: 255.0 in Epoch [220]
2022-07-22 20:56:57,572 INFO: Epoch: 225 | PSNR: 29.9679 | Loss: 5.6065 | lr: 5.00e-04 | Best_PSNR: 29.9679 | max_value: 255.0 in Epoch [225]
2022-07-22 20:57:29,177 INFO: Epoch: 226 | PSNR: 29.9679 | Loss: 5.6044 | lr: 5.00e-04 | Best_PSNR: 29.9679 | max_value: 255.0 in Epoch [226]
2022-07-22 20:58:01,288 INFO: Epoch: 227 | PSNR: 29.9683 | Loss: 5.6533 | lr: 5.00e-04 | Best_PSNR: 29.9683 | max_value: 255.0 in Epoch [227]
2022-07-22 20:58:33,272 INFO: Epoch: 228 | PSNR: 29.9684 | Loss: 5.6209 | lr: 5.00e-04 | Best_PSNR: 29.9684 | max_value: 255.0 in Epoch [228]
2022-07-22 20:59:05,608 INFO: Epoch: 229 | PSNR: 29.9682 | Loss: 5.5857 | lr: 5.00e-04 | Best_PSNR: 29.9684 | max_value: 255.0 in Epoch [228]
2022-07-22 20:59:38,437 INFO: Epoch: 230 | PSNR: 29.9691 | Loss: 5.6242 | lr: 5.00e-04 | Best_PSNR: 29.9691 | max_value: 255.0 in Epoch [230]
2022-07-22 21:00:12,305 INFO: Epoch: 231 | PSNR: 29.9690 | Loss: 5.5695 | lr: 5.00e-04 | Best_PSNR: 29.9691 | max_value: 255.0 in Epoch [230]
2022-07-22 21:00:44,177 INFO: Epoch: 232 | PSNR: 29.9681 | Loss: 5.6047 | lr: 5.00e-04 | Best_PSNR: 29.9691 | max_value: 255.0 in Epoch [230]
2022-07-22 21:01:16,291 INFO: Epoch: 233 | PSNR: 29.9691 | Loss: 5.6066 | lr: 5.00e-04 | Best_PSNR: 29.9691 | max_value: 255.0 in Epoch [233]
2022-07-22 21:01:48,125 INFO: Epoch: 234 | PSNR: 29.9684 | Loss: 5.6153 | lr: 5.00e-04 | Best_PSNR: 29.9691 | max_value: 255.0 in Epoch [233]
2022-07-22 21:02:20,126 INFO: Epoch: 235 | PSNR: 29.9682 | Loss: 5.6007 | lr: 5.00e-04 | Best_PSNR: 29.9691 | max_value: 255.0 in Epoch [233]
2022-07-22 21:02:52,250 INFO: Epoch: 236 | PSNR: 29.9675 | Loss: 5.5931 | lr: 5.00e-04 | Best_PSNR: 29.9691 | max_value: 255.0 in Epoch [233]
2022-07-22 21:03:24,358 INFO: Epoch: 237 | PSNR: 29.9674 | Loss: 5.5959 | lr: 5.00e-04 | Best_PSNR: 29.9691 | max_value: 255.0 in Epoch [233]
2022-07-22 21:03:56,743 INFO: Epoch: 238 | PSNR: 29.9686 | Loss: 5.6343 | lr: 5.00e-04 | Best_PSNR: 29.9691 | max_value: 255.0 in Epoch [233]
2022-07-22 21:04:28,338 INFO: Epoch: 239 | PSNR: 29.9692 | Loss: 5.5449 | lr: 5.00e-04 | Best_PSNR: 29.9692 | max_value: 255.0 in Epoch [239]
2022-07-22 21:05:00,651 INFO: Epoch: 240 | PSNR: 29.9692 | Loss: 5.7052 | lr: 5.00e-04 | Best_PSNR: 29.9692 | max_value: 255.0 in Epoch [240]
2022-07-22 21:05:32,593 INFO: Epoch: 241 | PSNR: 29.9710 | Loss: 5.6153 | lr: 2.50e-04 | Best_PSNR: 29.9710 | max_value: 255.0 in Epoch [241]
2022-07-22 21:06:05,673 INFO: Epoch: 242 | PSNR: 29.9720 | Loss: 5.6108 | lr: 2.50e-04 | Best_PSNR: 29.9720 | max_value: 255.0 in Epoch [242]
2022-07-22 21:06:38,178 INFO: Epoch: 243 | PSNR: 29.9725 | Loss: 5.6367 | lr: 2.50e-04 | Best_PSNR: 29.9725 | max_value: 255.0 in Epoch [243]
2022-07-22 21:07:11,105 INFO: Epoch: 244 | PSNR: 29.9729 | Loss: 5.6418 | lr: 2.50e-04 | Best_PSNR: 29.9729 | max_value: 255.0 in Epoch [244]
2022-07-22 21:07:43,669 INFO: Epoch: 245 | PSNR: 29.9730 | Loss: 5.6152 | lr: 2.50e-04 | Best_PSNR: 29.9730 | max_value: 255.0 in Epoch [245]
2022-07-22 21:08:15,879 INFO: Epoch: 246 | PSNR: 29.9733 | Loss: 5.5651 | lr: 2.50e-04 | Best_PSNR: 29.9733 | max_value: 255.0 in Epoch [246]
2022-07-22 21:08:48,946 INFO: Epoch: 247 | PSNR: 29.9732 | Loss: 5.5500 | lr: 2.50e-04 | Best_PSNR: 29.9733 | max_value: 255.0 in Epoch [246]
2022-07-22 21:09:21,045 INFO: Epoch: 248 | PSNR: 29.9740 | Loss: 5.5945 | lr: 2.50e-04 | Best_PSNR: 29.9740 | max_value: 255.0 in Epoch [248]
2022-07-22 21:09:52,835 INFO: Epoch: 249 | PSNR: 29.9736 | Loss: 5.6173 | lr: 2.50e-04 | Best_PSNR: 29.9740 | max_value: 255.0 in Epoch [248]
2022-07-22 21:10:29,830 INFO: Epoch: 250 | PSNR: 29.9736 | Loss: 5.5673 | lr: 2.50e-04 | Best_PSNR: 29.9740 | max_value: 255.0 in Epoch [248]
2022-07-22 21:11:11,971 INFO: Epoch: 251 | PSNR: 29.9739 | Loss: 5.6218 | lr: 2.50e-04 | Best_PSNR: 29.9740 | max_value: 255.0 in Epoch [248]
2022-07-22 21:11:52,333 INFO: Epoch: 252 | PSNR: 29.9741 | Loss: 5.6146 | lr: 2.50e-04 | Best_PSNR: 29.9741 | max_value: 255.0 in Epoch [252]
2022-07-22 21:12:34,357 INFO: Epoch: 253 | PSNR: 29.9739 | Loss: 5.5936 | lr: 2.50e-04 | Best_PSNR: 29.9741 | max_value: 255.0 in Epoch [252]
2022-07-22 21:13:15,765 INFO: Epoch: 254 | PSNR: 29.9739 | Loss: 5.5866 | lr: 2.50e-04 | Best_PSNR: 29.9741 | max_value: 255.0 in Epoch [252]
2022-07-22 21:14:02,665 INFO: Epoch: 255 | PSNR: 29.9747 | Loss: 5.5576 | lr: 2.50e-04 | Best_PSNR: 29.9747 | max_value: 255.0 in Epoch [255]
2022-07-22 21:14:43,899 INFO: Epoch: 256 | PSNR: 29.9746 | Loss: 5.6285 | lr: 2.50e-04 | Best_PSNR: 29.9747 | max_value: 255.0 in Epoch [255]
2022-07-22 21:15:25,238 INFO: Epoch: 257 | PSNR: 29.9748 | Loss: 5.5816 | lr: 2.50e-04 | Best_PSNR: 29.9748 | max_value: 255.0 in Epoch [257]
2022-07-22 21:16:07,106 INFO: Epoch: 258 | PSNR: 29.9749 | Loss: 5.5968 | lr: 2.50e-04 | Best_PSNR: 29.9749 | max_value: 255.0 in Epoch [258]
2022-07-22 21:16:51,054 INFO: Epoch: 259 | PSNR: 29.9754 | Loss: 5.6124 | lr: 2.50e-04 | Best_PSNR: 29.9754 | max_value: 255.0 in Epoch [259]
2022-07-22 21:17:32,031 INFO: Epoch: 260 | PSNR: 29.9752 | Loss: 5.6242 | lr: 2.50e-04 | Best_PSNR: 29.9754 | max_value: 255.0 in Epoch [259]
2022-07-22 21:18:13,717 INFO: Epoch: 261 | PSNR: 29.9747 | Loss: 5.6201 | lr: 2.50e-04 | Best_PSNR: 29.9754 | max_value: 255.0 in Epoch [259]
2022-07-22 21:18:58,921 INFO: Epoch: 262 | PSNR: 29.9747 | Loss: 5.5948 | lr: 2.50e-04 | Best_PSNR: 29.9754 | max_value: 255.0 in Epoch [259]
2022-07-22 21:19:39,486 INFO: Epoch: 263 | PSNR: 29.9751 | Loss: 5.6161 | lr: 2.50e-04 | Best_PSNR: 29.9754 | max_value: 255.0 in Epoch [259]
2022-07-22 21:20:19,051 INFO: Epoch: 264 | PSNR: 29.9757 | Loss: 5.6123 | lr: 2.50e-04 | Best_PSNR: 29.9757 | max_value: 255.0 in Epoch [264]
2022-07-22 21:20:59,552 INFO: Epoch: 265 | PSNR: 29.9760 | Loss: 5.5855 | lr: 2.50e-04 | Best_PSNR: 29.9760 | max_value: 255.0 in Epoch [265]
2022-07-22 21:21:38,769 INFO: Epoch: 266 | PSNR: 29.9758 | Loss: 5.6118 | lr: 2.50e-04 | Best_PSNR: 29.9760 | max_value: 255.0 in Epoch [265]
2022-07-22 21:22:21,516 INFO: Epoch: 267 | PSNR: 29.9758 | Loss: 5.5924 | lr: 2.50e-04 | Best_PSNR: 29.9760 | max_value: 255.0 in Epoch [265]
2022-07-22 21:23:04,172 INFO: Epoch: 268 | PSNR: 29.9756 | Loss: 5.6130 | lr: 2.50e-04 | Best_PSNR: 29.9760 | max_value: 255.0 in Epoch [265]
2022-07-22 21:23:46,769 INFO: Epoch: 269 | PSNR: 29.9756 | Loss: 5.6534 | lr: 2.50e-04 | Best_PSNR: 29.9760 | max_value: 255.0 in Epoch [265]
2022-07-22 21:24:31,417 INFO: Epoch: 270 | PSNR: 29.9755 | Loss: 5.6378 | lr: 2.50e-04 | Best_PSNR: 29.9760 | max_value: 255.0 in Epoch [265]
2022-07-22 21:25:14,578 INFO: Epoch: 271 | PSNR: 29.9756 | Loss: 5.6495 | lr: 2.50e-04 | Best_PSNR: 29.9760 | max_value: 255.0 in Epoch [265]
2022-07-22 21:25:57,104 INFO: Epoch: 272 | PSNR: 29.9759 | Loss: 5.6051 | lr: 2.50e-04 | Best_PSNR: 29.9760 | max_value: 255.0 in Epoch [265]
2022-07-22 21:26:41,791 INFO: Epoch: 273 | PSNR: 29.9762 | Loss: 5.5469 | lr: 2.50e-04 | Best_PSNR: 29.9762 | max_value: 255.0 in Epoch [273]
2022-07-22 21:27:25,728 INFO: Epoch: 274 | PSNR: 29.9757 | Loss: 5.5870 | lr: 2.50e-04 | Best_PSNR: 29.9762 | max_value: 255.0 in Epoch [273]
2022-07-22 21:28:10,835 INFO: Epoch: 275 | PSNR: 29.9758 | Loss: 5.6143 | lr: 2.50e-04 | Best_PSNR: 29.9762 | max_value: 255.0 in Epoch [273]
2022-07-22 21:28:56,977 INFO: Epoch: 276 | PSNR: 29.9758 | Loss: 5.6444 | lr: 2.50e-04 | Best_PSNR: 29.9762 | max_value: 255.0 in Epoch [273]
2022-07-22 21:29:42,985 INFO: Epoch: 277 | PSNR: 29.9758 | Loss: 5.6173 | lr: 2.50e-04 | Best_PSNR: 29.9762 | max_value: 255.0 in Epoch [273]
2022-07-22 21:30:27,108 INFO: Epoch: 278 | PSNR: 29.9762 | Loss: 5.5598 | lr: 2.50e-04 | Best_PSNR: 29.9762 | max_value: 255.0 in Epoch [273]
2022-07-22 21:31:10,959 INFO: Epoch: 279 | PSNR: 29.9761 | Loss: 5.5941 | lr: 2.50e-04 | Best_PSNR: 29.9762 | max_value: 255.0 in Epoch [273]
2022-07-22 21:31:58,201 INFO: Epoch: 280 | PSNR: 29.9763 | Loss: 5.6033 | lr: 2.50e-04 | Best_PSNR: 29.9763 | max_value: 255.0 in Epoch [280]
2022-07-22 21:32:42,790 INFO: Epoch: 281 | PSNR: 29.9765 | Loss: 5.5840 | lr: 2.50e-04 | Best_PSNR: 29.9765 | max_value: 255.0 in Epoch [281]
2022-07-22 21:33:24,119 INFO: Epoch: 282 | PSNR: 29.9762 | Loss: 5.5990 | lr: 2.50e-04 | Best_PSNR: 29.9765 | max_value: 255.0 in Epoch [281]
2022-07-22 21:34:06,942 INFO: Epoch: 283 | PSNR: 29.9772 | Loss: 5.5498 | lr: 2.50e-04 | Best_PSNR: 29.9772 | max_value: 255.0 in Epoch [283]
2022-07-22 21:34:47,378 INFO: Epoch: 284 | PSNR: 29.9764 | Loss: 5.5801 | lr: 2.50e-04 | Best_PSNR: 29.9772 | max_value: 255.0 in Epoch [283]
2022-07-22 21:35:28,938 INFO: Epoch: 285 | PSNR: 29.9761 | Loss: 5.6004 | lr: 2.50e-04 | Best_PSNR: 29.9772 | max_value: 255.0 in Epoch [283]
2022-07-22 21:36:10,926 INFO: Epoch: 286 | PSNR: 29.9765 | Loss: 5.5925 | lr: 2.50e-04 | Best_PSNR: 29.9772 | max_value: 255.0 in Epoch [283]
2022-07-22 21:36:54,873 INFO: Epoch: 287 | PSNR: 29.9765 | Loss: 5.5785 | lr: 2.50e-04 | Best_PSNR: 29.9772 | max_value: 255.0 in Epoch [283]
2022-07-22 21:37:36,257 INFO: Epoch: 288 | PSNR: 29.9764 | Loss: 5.5724 | lr: 2.50e-04 | Best_PSNR: 29.9772 | max_value: 255.0 in Epoch [283]
2022-07-22 21:38:20,968 INFO: Epoch: 289 | PSNR: 29.9766 | Loss: 5.6107 | lr: 2.50e-04 | Best_PSNR: 29.9772 | max_value: 255.0 in Epoch [283]
2022-07-22 21:39:06,283 INFO: Epoch: 290 | PSNR: 29.9772 | Loss: 5.5930 | lr: 2.50e-04 | Best_PSNR: 29.9772 | max_value: 255.0 in Epoch [283]
2022-07-22 21:39:51,301 INFO: Epoch: 291 | PSNR: 29.9773 | Loss: 5.6095 | lr: 2.50e-04 | Best_PSNR: 29.9773 | max_value: 255.0 in Epoch [291]
2022-07-22 21:40:31,824 INFO: Epoch: 292 | PSNR: 29.9776 | Loss: 5.5822 | lr: 2.50e-04 | Best_PSNR: 29.9776 | max_value: 255.0 in Epoch [292]
2022-07-22 21:41:12,661 INFO: Epoch: 293 | PSNR: 29.9780 | Loss: 5.5890 | lr: 2.50e-04 | Best_PSNR: 29.9780 | max_value: 255.0 in Epoch [293]
2022-07-22 21:41:53,728 INFO: Epoch: 294 | PSNR: 29.9778 | Loss: 5.6290 | lr: 2.50e-04 | Best_PSNR: 29.9780 | max_value: 255.0 in Epoch [293]
2022-07-22 21:42:35,822 INFO: Epoch: 295 | PSNR: 29.9778 | Loss: 5.5730 | lr: 2.50e-04 | Best_PSNR: 29.9780 | max_value: 255.0 in Epoch [293]
2022-07-22 21:43:18,104 INFO: Epoch: 296 | PSNR: 29.9777 | Loss: 5.5900 | lr: 2.50e-04 | Best_PSNR: 29.9780 | max_value: 255.0 in Epoch [293]
2022-07-22 21:44:01,386 INFO: Epoch: 297 | PSNR: 29.9778 | Loss: 5.6529 | lr: 2.50e-04 | Best_PSNR: 29.9780 | max_value: 255.0 in Epoch [293]
2022-07-22 21:44:42,011 INFO: Epoch: 298 | PSNR: 29.9776 | Loss: 5.5696 | lr: 2.50e-04 | Best_PSNR: 29.9780 | max_value: 255.0 in Epoch [293]
2022-07-22 21:45:22,210 INFO: Epoch: 299 | PSNR: 29.9777 | Loss: 5.5940 | lr: 2.50e-04 | Best_PSNR: 29.9780 | max_value: 255.0 in Epoch [293]
2022-07-22 21:46:03,534 INFO: Epoch: 300 | PSNR: 29.9772 | Loss: 5.5973 | lr: 2.50e-04 | Best_PSNR: 29.9780 | max_value: 255.0 in Epoch [293]
2022-07-22 21:46:45,701 INFO: Epoch: 301 | PSNR: 29.9778 | Loss: 5.5961 | lr: 2.50e-04 | Best_PSNR: 29.9780 | max_value: 255.0 in Epoch [293]
2022-07-22 21:47:28,422 INFO: Epoch: 302 | PSNR: 29.9780 | Loss: 5.6216 | lr: 2.50e-04 | Best_PSNR: 29.9780 | max_value: 255.0 in Epoch [302]
2022-07-22 21:48:08,637 INFO: Epoch: 303 | PSNR: 29.9779 | Loss: 5.5722 | lr: 2.50e-04 | Best_PSNR: 29.9780 | max_value: 255.0 in Epoch [302]
2022-07-22 21:48:49,771 INFO: Epoch: 304 | PSNR: 29.9783 | Loss: 5.6106 | lr: 2.50e-04 | Best_PSNR: 29.9783 | max_value: 255.0 in Epoch [304]
2022-07-22 21:49:30,821 INFO: Epoch: 305 | PSNR: 29.9788 | Loss: 5.5961 | lr: 2.50e-04 | Best_PSNR: 29.9788 | max_value: 255.0 in Epoch [305]
2022-07-22 21:50:13,615 INFO: Epoch: 306 | PSNR: 29.9781 | Loss: 5.6256 | lr: 2.50e-04 | Best_PSNR: 29.9788 | max_value: 255.0 in Epoch [305]
2022-07-22 21:50:57,486 INFO: Epoch: 307 | PSNR: 29.9782 | Loss: 5.5993 | lr: 2.50e-04 | Best_PSNR: 29.9788 | max_value: 255.0 in Epoch [305]
2022-07-22 21:51:39,565 INFO: Epoch: 308 | PSNR: 29.9785 | Loss: 5.5925 | lr: 2.50e-04 | Best_PSNR: 29.9788 | max_value: 255.0 in Epoch [305]
2022-07-22 21:52:23,060 INFO: Epoch: 309 | PSNR: 29.9783 | Loss: 5.6028 | lr: 2.50e-04 | Best_PSNR: 29.9788 | max_value: 255.0 in Epoch [305]
2022-07-22 21:53:05,481 INFO: Epoch: 310 | PSNR: 29.9781 | Loss: 5.6276 | lr: 2.50e-04 | Best_PSNR: 29.9788 | max_value: 255.0 in Epoch [305]
2022-07-22 21:53:46,894 INFO: Epoch: 311 | PSNR: 29.9781 | Loss: 5.6416 | lr: 2.50e-04 | Best_PSNR: 29.9788 | max_value: 255.0 in Epoch [305]
2022-07-22 21:54:27,920 INFO: Epoch: 312 | PSNR: 29.9783 | Loss: 5.6244 | lr: 2.50e-04 | Best_PSNR: 29.9788 | max_value: 255.0 in Epoch [305]
2022-07-22 21:55:08,941 INFO: Epoch: 313 | PSNR: 29.9783 | Loss: 5.6085 | lr: 2.50e-04 | Best_PSNR: 29.9788 | max_value: 255.0 in Epoch [305]
2022-07-22 21:55:49,348 INFO: Epoch: 314 | PSNR: 29.9783 | Loss: 5.5865 | lr: 2.50e-04 | Best_PSNR: 29.9788 | max_value: 255.0 in Epoch [305]
2022-07-22 21:56:29,698 INFO: Epoch: 315 | PSNR: 29.9785 | Loss: 5.6179 | lr: 2.50e-04 | Best_PSNR: 29.9788 | max_value: 255.0 in Epoch [305]
2022-07-22 21:57:08,596 INFO: Epoch: 316 | PSNR: 29.9783 | Loss: 5.5850 | lr: 2.50e-04 | Best_PSNR: 29.9788 | max_value: 255.0 in Epoch [305]
2022-07-22 21:57:42,799 INFO: Epoch: 317 | PSNR: 29.9785 | Loss: 5.5648 | lr: 2.50e-04 | Best_PSNR: 29.9788 | max_value: 255.0 in Epoch [305]
2022-07-22 21:58:18,898 INFO: Epoch: 318 | PSNR: 29.9788 | Loss: 5.6145 | lr: 2.50e-04 | Best_PSNR: 29.9788 | max_value: 255.0 in Epoch [318]
2022-07-22 21:58:54,853 INFO: Epoch: 319 | PSNR: 29.9783 | Loss: 5.6816 | lr: 2.50e-04 | Best_PSNR: 29.9788 | max_value: 255.0 in Epoch [318]
2022-07-22 21:59:28,916 INFO: Epoch: 320 | PSNR: 29.9783 | Loss: 5.5431 | lr: 2.50e-04 | Best_PSNR: 29.9788 | max_value: 255.0 in Epoch [318]
2022-07-22 22:00:04,320 INFO: Epoch: 321 | PSNR: 29.9784 | Loss: 5.5970 | lr: 2.50e-04 | Best_PSNR: 29.9788 | max_value: 255.0 in Epoch [318]
2022-07-22 22:00:39,658 INFO: Epoch: 322 | PSNR: 29.9790 | Loss: 5.5906 | lr: 2.50e-04 | Best_PSNR: 29.9790 | max_value: 255.0 in Epoch [322]
2022-07-22 22:01:14,708 INFO: Epoch: 323 | PSNR: 29.9780 | Loss: 5.6115 | lr: 2.50e-04 | Best_PSNR: 29.9790 | max_value: 255.0 in Epoch [322]
2022-07-22 22:01:49,379 INFO: Epoch: 324 | PSNR: 29.9783 | Loss: 5.6844 | lr: 2.50e-04 | Best_PSNR: 29.9790 | max_value: 255.0 in Epoch [322]
2022-07-22 22:02:31,094 INFO: Epoch: 325 | PSNR: 29.9791 | Loss: 5.5963 | lr: 2.50e-04 | Best_PSNR: 29.9791 | max_value: 255.0 in Epoch [325]
2022-07-22 22:03:05,932 INFO: Epoch: 326 | PSNR: 29.9794 | Loss: 5.6045 | lr: 2.50e-04 | Best_PSNR: 29.9794 | max_value: 255.0 in Epoch [326]
2022-07-22 22:03:40,699 INFO: Epoch: 327 | PSNR: 29.9796 | Loss: 5.6363 | lr: 2.50e-04 | Best_PSNR: 29.9796 | max_value: 255.0 in Epoch [327]
2022-07-22 22:04:14,654 INFO: Epoch: 328 | PSNR: 29.9794 | Loss: 5.6047 | lr: 2.50e-04 | Best_PSNR: 29.9796 | max_value: 255.0 in Epoch [327]
2022-07-22 22:04:48,900 INFO: Epoch: 329 | PSNR: 29.9795 | Loss: 5.6377 | lr: 2.50e-04 | Best_PSNR: 29.9796 | max_value: 255.0 in Epoch [327]
2022-07-22 22:05:23,741 INFO: Epoch: 330 | PSNR: 29.9794 | Loss: 5.6291 | lr: 2.50e-04 | Best_PSNR: 29.9796 | max_value: 255.0 in Epoch [327]
2022-07-22 22:06:04,418 INFO: Epoch: 331 | PSNR: 29.9797 | Loss: 5.5588 | lr: 2.50e-04 | Best_PSNR: 29.9797 | max_value: 255.0 in Epoch [331]
2022-07-22 22:06:39,536 INFO: Epoch: 332 | PSNR: 29.9795 | Loss: 5.5993 | lr: 2.50e-04 | Best_PSNR: 29.9797 | max_value: 255.0 in Epoch [331]
2022-07-22 22:07:15,582 INFO: Epoch: 333 | PSNR: 29.9796 | Loss: 5.5893 | lr: 2.50e-04 | Best_PSNR: 29.9797 | max_value: 255.0 in Epoch [331]
2022-07-22 22:07:52,834 INFO: Epoch: 334 | PSNR: 29.9800 | Loss: 5.6164 | lr: 2.50e-04 | Best_PSNR: 29.9800 | max_value: 255.0 in Epoch [334]
2022-07-22 22:08:27,782 INFO: Epoch: 335 | PSNR: 29.9796 | Loss: 5.6165 | lr: 2.50e-04 | Best_PSNR: 29.9800 | max_value: 255.0 in Epoch [334]
2022-07-22 22:09:03,579 INFO: Epoch: 336 | PSNR: 29.9793 | Loss: 5.5663 | lr: 2.50e-04 | Best_PSNR: 29.9800 | max_value: 255.0 in Epoch [334]
2022-07-22 22:09:40,457 INFO: Epoch: 337 | PSNR: 29.9796 | Loss: 5.6360 | lr: 2.50e-04 | Best_PSNR: 29.9800 | max_value: 255.0 in Epoch [334]
2022-07-22 22:10:17,216 INFO: Epoch: 338 | PSNR: 29.9790 | Loss: 5.6349 | lr: 2.50e-04 | Best_PSNR: 29.9800 | max_value: 255.0 in Epoch [334]
2022-07-22 22:10:54,081 INFO: Epoch: 339 | PSNR: 29.9790 | Loss: 5.6112 | lr: 2.50e-04 | Best_PSNR: 29.9800 | max_value: 255.0 in Epoch [334]
2022-07-22 22:11:30,136 INFO: Epoch: 340 | PSNR: 29.9794 | Loss: 5.6095 | lr: 2.50e-04 | Best_PSNR: 29.9800 | max_value: 255.0 in Epoch [334]
2022-07-22 22:12:07,962 INFO: Epoch: 341 | PSNR: 29.9800 | Loss: 5.6074 | lr: 2.50e-04 | Best_PSNR: 29.9800 | max_value: 255.0 in Epoch [341]
2022-07-22 22:12:49,010 INFO: Epoch: 342 | PSNR: 29.9799 | Loss: 5.6087 | lr: 2.50e-04 | Best_PSNR: 29.9800 | max_value: 255.0 in Epoch [341]
2022-07-22 22:13:31,836 INFO: Epoch: 343 | PSNR: 29.9798 | Loss: 5.6110 | lr: 2.50e-04 | Best_PSNR: 29.9800 | max_value: 255.0 in Epoch [341]
2022-07-22 22:14:14,295 INFO: Epoch: 344 | PSNR: 29.9794 | Loss: 5.5925 | lr: 2.50e-04 | Best_PSNR: 29.9800 | max_value: 255.0 in Epoch [341]
2022-07-22 22:14:58,249 INFO: Epoch: 345 | PSNR: 29.9802 | Loss: 5.6162 | lr: 2.50e-04 | Best_PSNR: 29.9802 | max_value: 255.0 in Epoch [345]
2022-07-22 22:15:38,299 INFO: Epoch: 346 | PSNR: 29.9797 | Loss: 5.6720 | lr: 2.50e-04 | Best_PSNR: 29.9802 | max_value: 255.0 in Epoch [345]
2022-07-22 22:16:24,303 INFO: Epoch: 347 | PSNR: 29.9800 | Loss: 5.6101 | lr: 2.50e-04 | Best_PSNR: 29.9802 | max_value: 255.0 in Epoch [345]
2022-07-22 22:17:09,615 INFO: Epoch: 348 | PSNR: 29.9800 | Loss: 5.6315 | lr: 2.50e-04 | Best_PSNR: 29.9802 | max_value: 255.0 in Epoch [345]
2022-07-22 22:17:53,548 INFO: Epoch: 349 | PSNR: 29.9802 | Loss: 5.5928 | lr: 2.50e-04 | Best_PSNR: 29.9802 | max_value: 255.0 in Epoch [349]
2022-07-22 22:18:37,590 INFO: Epoch: 350 | PSNR: 29.9802 | Loss: 5.5599 | lr: 2.50e-04 | Best_PSNR: 29.9802 | max_value: 255.0 in Epoch [349]
2022-07-22 22:19:20,289 INFO: Epoch: 351 | PSNR: 29.9804 | Loss: 5.6014 | lr: 2.50e-04 | Best_PSNR: 29.9804 | max_value: 255.0 in Epoch [351]
2022-07-22 22:20:04,106 INFO: Epoch: 352 | PSNR: 29.9805 | Loss: 5.6249 | lr: 2.50e-04 | Best_PSNR: 29.9805 | max_value: 255.0 in Epoch [352]
2022-07-22 22:20:47,904 INFO: Epoch: 353 | PSNR: 29.9807 | Loss: 5.6217 | lr: 2.50e-04 | Best_PSNR: 29.9807 | max_value: 255.0 in Epoch [353]
2022-07-22 22:21:30,574 INFO: Epoch: 354 | PSNR: 29.9806 | Loss: 5.6302 | lr: 2.50e-04 | Best_PSNR: 29.9807 | max_value: 255.0 in Epoch [353]
2022-07-22 22:22:15,965 INFO: Epoch: 355 | PSNR: 29.9803 | Loss: 5.6497 | lr: 2.50e-04 | Best_PSNR: 29.9807 | max_value: 255.0 in Epoch [353]
2022-07-22 22:22:57,473 INFO: Epoch: 356 | PSNR: 29.9806 | Loss: 5.5645 | lr: 2.50e-04 | Best_PSNR: 29.9807 | max_value: 255.0 in Epoch [353]
2022-07-22 22:23:40,045 INFO: Epoch: 357 | PSNR: 29.9810 | Loss: 5.6118 | lr: 2.50e-04 | Best_PSNR: 29.9810 | max_value: 255.0 in Epoch [357]
2022-07-22 22:24:26,756 INFO: Epoch: 358 | PSNR: 29.9808 | Loss: 5.5388 | lr: 2.50e-04 | Best_PSNR: 29.9810 | max_value: 255.0 in Epoch [357]
2022-07-22 22:25:12,407 INFO: Epoch: 359 | PSNR: 29.9808 | Loss: 5.5804 | lr: 2.50e-04 | Best_PSNR: 29.9810 | max_value: 255.0 in Epoch [357]
2022-07-22 22:25:56,960 INFO: Epoch: 360 | PSNR: 29.9807 | Loss: 5.5936 | lr: 2.50e-04 | Best_PSNR: 29.9810 | max_value: 255.0 in Epoch [357]
2022-07-22 22:26:40,657 INFO: Epoch: 361 | PSNR: 29.9808 | Loss: 5.6380 | lr: 1.25e-04 | Best_PSNR: 29.9810 | max_value: 255.0 in Epoch [357]
2022-07-22 22:27:21,454 INFO: Epoch: 362 | PSNR: 29.9815 | Loss: 5.5701 | lr: 1.25e-04 | Best_PSNR: 29.9815 | max_value: 255.0 in Epoch [362]
2022-07-22 22:28:05,016 INFO: Epoch: 363 | PSNR: 29.9817 | Loss: 5.6042 | lr: 1.25e-04 | Best_PSNR: 29.9817 | max_value: 255.0 in Epoch [363]
2022-07-22 22:28:47,082 INFO: Epoch: 364 | PSNR: 29.9818 | Loss: 5.5864 | lr: 1.25e-04 | Best_PSNR: 29.9818 | max_value: 255.0 in Epoch [364]
2022-07-22 22:29:28,202 INFO: Epoch: 365 | PSNR: 29.9824 | Loss: 5.6069 | lr: 1.25e-04 | Best_PSNR: 29.9824 | max_value: 255.0 in Epoch [365]
2022-07-22 22:30:10,143 INFO: Epoch: 366 | PSNR: 29.9826 | Loss: 5.5721 | lr: 1.25e-04 | Best_PSNR: 29.9826 | max_value: 255.0 in Epoch [366]
2022-07-22 22:30:50,294 INFO: Epoch: 367 | PSNR: 29.9830 | Loss: 5.6252 | lr: 1.25e-04 | Best_PSNR: 29.9830 | max_value: 255.0 in Epoch [367]
2022-07-22 22:31:27,682 INFO: Epoch: 368 | PSNR: 29.9829 | Loss: 5.5612 | lr: 1.25e-04 | Best_PSNR: 29.9830 | max_value: 255.0 in Epoch [367]
2022-07-22 22:32:08,126 INFO: Epoch: 369 | PSNR: 29.9827 | Loss: 5.5975 | lr: 1.25e-04 | Best_PSNR: 29.9830 | max_value: 255.0 in Epoch [367]
2022-07-22 22:32:47,303 INFO: Epoch: 370 | PSNR: 29.9827 | Loss: 5.5468 | lr: 1.25e-04 | Best_PSNR: 29.9830 | max_value: 255.0 in Epoch [367]
2022-07-22 22:33:26,960 INFO: Epoch: 371 | PSNR: 29.9828 | Loss: 5.6477 | lr: 1.25e-04 | Best_PSNR: 29.9830 | max_value: 255.0 in Epoch [367]
2022-07-22 22:34:06,117 INFO: Epoch: 372 | PSNR: 29.9825 | Loss: 5.6351 | lr: 1.25e-04 | Best_PSNR: 29.9830 | max_value: 255.0 in Epoch [367]
2022-07-22 22:34:45,512 INFO: Epoch: 373 | PSNR: 29.9825 | Loss: 5.6313 | lr: 1.25e-04 | Best_PSNR: 29.9830 | max_value: 255.0 in Epoch [367]
2022-07-22 22:35:28,475 INFO: Epoch: 374 | PSNR: 29.9825 | Loss: 5.6361 | lr: 1.25e-04 | Best_PSNR: 29.9830 | max_value: 255.0 in Epoch [367]
2022-07-22 22:36:16,462 INFO: Epoch: 375 | PSNR: 29.9827 | Loss: 5.6154 | lr: 1.25e-04 | Best_PSNR: 29.9830 | max_value: 255.0 in Epoch [367]
2022-07-22 22:36:59,467 INFO: Epoch: 376 | PSNR: 29.9826 | Loss: 5.5897 | lr: 1.25e-04 | Best_PSNR: 29.9830 | max_value: 255.0 in Epoch [367]
2022-07-22 22:37:42,307 INFO: Epoch: 377 | PSNR: 29.9824 | Loss: 5.6111 | lr: 1.25e-04 | Best_PSNR: 29.9830 | max_value: 255.0 in Epoch [367]
2022-07-22 22:38:24,153 INFO: Epoch: 378 | PSNR: 29.9823 | Loss: 5.6222 | lr: 1.25e-04 | Best_PSNR: 29.9830 | max_value: 255.0 in Epoch [367]
2022-07-22 22:39:06,594 INFO: Epoch: 379 | PSNR: 29.9830 | Loss: 5.5730 | lr: 1.25e-04 | Best_PSNR: 29.9830 | max_value: 255.0 in Epoch [379]
2022-07-22 22:39:55,053 INFO: Epoch: 380 | PSNR: 29.9828 | Loss: 5.5785 | lr: 1.25e-04 | Best_PSNR: 29.9830 | max_value: 255.0 in Epoch [379]
2022-07-22 22:40:56,988 INFO: Epoch: 381 | PSNR: 29.9827 | Loss: 5.6102 | lr: 1.25e-04 | Best_PSNR: 29.9830 | max_value: 255.0 in Epoch [379]
2022-07-22 22:41:44,178 INFO: Epoch: 382 | PSNR: 29.9827 | Loss: 5.6261 | lr: 1.25e-04 | Best_PSNR: 29.9830 | max_value: 255.0 in Epoch [379]
2022-07-22 22:42:34,759 INFO: Epoch: 383 | PSNR: 29.9836 | Loss: 5.5684 | lr: 1.25e-04 | Best_PSNR: 29.9836 | max_value: 255.0 in Epoch [383]
2022-07-22 22:43:28,859 INFO: Epoch: 384 | PSNR: 29.9836 | Loss: 5.5871 | lr: 1.25e-04 | Best_PSNR: 29.9836 | max_value: 255.0 in Epoch [384]
2022-07-22 22:44:17,594 INFO: Epoch: 385 | PSNR: 29.9832 | Loss: 5.5324 | lr: 1.25e-04 | Best_PSNR: 29.9836 | max_value: 255.0 in Epoch [384]
2022-07-22 22:44:54,637 INFO: Epoch: 386 | PSNR: 29.9834 | Loss: 5.6025 | lr: 1.25e-04 | Best_PSNR: 29.9836 | max_value: 255.0 in Epoch [384]
2022-07-22 22:45:32,138 INFO: Epoch: 387 | PSNR: 29.9829 | Loss: 5.6192 | lr: 1.25e-04 | Best_PSNR: 29.9836 | max_value: 255.0 in Epoch [384]
2022-07-22 22:46:08,997 INFO: Epoch: 388 | PSNR: 29.9836 | Loss: 5.5730 | lr: 1.25e-04 | Best_PSNR: 29.9836 | max_value: 255.0 in Epoch [384]
2022-07-22 22:46:46,619 INFO: Epoch: 389 | PSNR: 29.9830 | Loss: 5.5829 | lr: 1.25e-04 | Best_PSNR: 29.9836 | max_value: 255.0 in Epoch [384]
2022-07-22 22:47:28,664 INFO: Epoch: 390 | PSNR: 29.9836 | Loss: 5.6157 | lr: 1.25e-04 | Best_PSNR: 29.9836 | max_value: 255.0 in Epoch [384]
2022-07-22 22:48:06,316 INFO: Epoch: 391 | PSNR: 29.9834 | Loss: 5.6353 | lr: 1.25e-04 | Best_PSNR: 29.9836 | max_value: 255.0 in Epoch [384]
2022-07-22 22:48:41,742 INFO: Epoch: 392 | PSNR: 29.9829 | Loss: 5.5390 | lr: 1.25e-04 | Best_PSNR: 29.9836 | max_value: 255.0 in Epoch [384]
2022-07-22 22:49:18,119 INFO: Epoch: 393 | PSNR: 29.9833 | Loss: 5.6494 | lr: 1.25e-04 | Best_PSNR: 29.9836 | max_value: 255.0 in Epoch [384]
2022-07-22 22:49:55,664 INFO: Epoch: 394 | PSNR: 29.9839 | Loss: 5.6276 | lr: 1.25e-04 | Best_PSNR: 29.9839 | max_value: 255.0 in Epoch [394]
2022-07-22 22:50:35,317 INFO: Epoch: 395 | PSNR: 29.9836 | Loss: 5.6116 | lr: 1.25e-04 | Best_PSNR: 29.9839 | max_value: 255.0 in Epoch [394]
2022-07-22 22:51:13,794 INFO: Epoch: 396 | PSNR: 29.9836 | Loss: 5.6174 | lr: 1.25e-04 | Best_PSNR: 29.9839 | max_value: 255.0 in Epoch [394]
2022-07-22 22:51:54,493 INFO: Epoch: 397 | PSNR: 29.9835 | Loss: 5.6452 | lr: 1.25e-04 | Best_PSNR: 29.9839 | max_value: 255.0 in Epoch [394]
2022-07-22 22:52:38,247 INFO: Epoch: 398 | PSNR: 29.9832 | Loss: 5.6027 | lr: 1.25e-04 | Best_PSNR: 29.9839 | max_value: 255.0 in Epoch [394]
2022-07-22 22:53:21,244 INFO: Epoch: 399 | PSNR: 29.9832 | Loss: 5.6084 | lr: 1.25e-04 | Best_PSNR: 29.9839 | max_value: 255.0 in Epoch [394]
2022-07-22 22:54:04,055 INFO: Epoch: 400 | PSNR: 29.9839 | Loss: 5.6001 | lr: 1.25e-04 | Best_PSNR: 29.9839 | max_value: 255.0 in Epoch [400]
2022-07-22 22:54:48,835 INFO: Epoch: 401 | PSNR: 29.9837 | Loss: 5.5399 | lr: 1.25e-04 | Best_PSNR: 29.9839 | max_value: 255.0 in Epoch [400]
2022-07-22 22:55:31,396 INFO: Epoch: 402 | PSNR: 29.9839 | Loss: 5.6145 | lr: 1.25e-04 | Best_PSNR: 29.9839 | max_value: 255.0 in Epoch [400]
2022-07-22 22:56:15,984 INFO: Epoch: 403 | PSNR: 29.9844 | Loss: 5.5728 | lr: 1.25e-04 | Best_PSNR: 29.9844 | max_value: 255.0 in Epoch [403]
2022-07-22 22:57:02,357 INFO: Epoch: 404 | PSNR: 29.9842 | Loss: 5.5411 | lr: 1.25e-04 | Best_PSNR: 29.9844 | max_value: 255.0 in Epoch [403]
2022-07-22 22:57:40,931 INFO: Epoch: 405 | PSNR: 29.9839 | Loss: 5.5990 | lr: 1.25e-04 | Best_PSNR: 29.9844 | max_value: 255.0 in Epoch [403]
2022-07-22 22:58:17,008 INFO: Epoch: 406 | PSNR: 29.9835 | Loss: 5.5764 | lr: 1.25e-04 | Best_PSNR: 29.9844 | max_value: 255.0 in Epoch [403]
2022-07-22 22:58:54,606 INFO: Epoch: 407 | PSNR: 29.9839 | Loss: 5.5817 | lr: 1.25e-04 | Best_PSNR: 29.9844 | max_value: 255.0 in Epoch [403]
2022-07-22 22:59:33,308 INFO: Epoch: 408 | PSNR: 29.9838 | Loss: 5.5964 | lr: 1.25e-04 | Best_PSNR: 29.9844 | max_value: 255.0 in Epoch [403]
2022-07-22 23:00:09,935 INFO: Epoch: 409 | PSNR: 29.9837 | Loss: 5.6185 | lr: 1.25e-04 | Best_PSNR: 29.9844 | max_value: 255.0 in Epoch [403]
2022-07-22 23:00:47,179 INFO: Epoch: 410 | PSNR: 29.9836 | Loss: 5.6144 | lr: 1.25e-04 | Best_PSNR: 29.9844 | max_value: 255.0 in Epoch [403]
2022-07-22 23:01:26,138 INFO: Epoch: 411 | PSNR: 29.9836 | Loss: 5.5543 | lr: 1.25e-04 | Best_PSNR: 29.9844 | max_value: 255.0 in Epoch [403]
2022-07-22 23:02:03,121 INFO: Epoch: 412 | PSNR: 29.9838 | Loss: 5.6316 | lr: 1.25e-04 | Best_PSNR: 29.9844 | max_value: 255.0 in Epoch [403]
2022-07-22 23:02:42,641 INFO: Epoch: 413 | PSNR: 29.9839 | Loss: 5.6442 | lr: 1.25e-04 | Best_PSNR: 29.9844 | max_value: 255.0 in Epoch [403]
2022-07-22 23:03:19,990 INFO: Epoch: 414 | PSNR: 29.9839 | Loss: 5.5767 | lr: 1.25e-04 | Best_PSNR: 29.9844 | max_value: 255.0 in Epoch [403]
2022-07-22 23:03:53,998 INFO: Epoch: 415 | PSNR: 29.9838 | Loss: 5.6058 | lr: 1.25e-04 | Best_PSNR: 29.9844 | max_value: 255.0 in Epoch [403]
2022-07-22 23:04:27,505 INFO: Epoch: 416 | PSNR: 29.9833 | Loss: 5.6048 | lr: 1.25e-04 | Best_PSNR: 29.9844 | max_value: 255.0 in Epoch [403]
2022-07-22 23:05:02,191 INFO: Epoch: 417 | PSNR: 29.9835 | Loss: 5.5982 | lr: 1.25e-04 | Best_PSNR: 29.9844 | max_value: 255.0 in Epoch [403]
2022-07-22 23:05:36,725 INFO: Epoch: 418 | PSNR: 29.9838 | Loss: 5.5653 | lr: 1.25e-04 | Best_PSNR: 29.9844 | max_value: 255.0 in Epoch [403]
2022-07-22 23:06:10,189 INFO: Epoch: 419 | PSNR: 29.9835 | Loss: 5.5577 | lr: 1.25e-04 | Best_PSNR: 29.9844 | max_value: 255.0 in Epoch [403]
2022-07-22 23:06:45,557 INFO: Epoch: 420 | PSNR: 29.9842 | Loss: 5.5747 | lr: 1.25e-04 | Best_PSNR: 29.9844 | max_value: 255.0 in Epoch [403]
2022-07-22 23:07:21,305 INFO: Epoch: 421 | PSNR: 29.9840 | Loss: 5.6075 | lr: 1.25e-04 | Best_PSNR: 29.9844 | max_value: 255.0 in Epoch [403]
2022-07-22 23:07:56,301 INFO: Epoch: 422 | PSNR: 29.9844 | Loss: 5.5991 | lr: 1.25e-04 | Best_PSNR: 29.9844 | max_value: 255.0 in Epoch [403]
2022-07-22 23:08:31,249 INFO: Epoch: 423 | PSNR: 29.9845 | Loss: 5.6001 | lr: 1.25e-04 | Best_PSNR: 29.9845 | max_value: 255.0 in Epoch [423]
2022-07-22 23:09:06,573 INFO: Epoch: 424 | PSNR: 29.9847 | Loss: 5.6014 | lr: 1.25e-04 | Best_PSNR: 29.9847 | max_value: 255.0 in Epoch [424]
2022-07-22 23:09:43,829 INFO: Epoch: 425 | PSNR: 29.9847 | Loss: 5.6023 | lr: 1.25e-04 | Best_PSNR: 29.9847 | max_value: 255.0 in Epoch [425]
2022-07-22 23:10:20,030 INFO: Epoch: 426 | PSNR: 29.9844 | Loss: 5.6205 | lr: 1.25e-04 | Best_PSNR: 29.9847 | max_value: 255.0 in Epoch [425]
2022-07-22 23:10:59,110 INFO: Epoch: 427 | PSNR: 29.9849 | Loss: 5.5894 | lr: 1.25e-04 | Best_PSNR: 29.9849 | max_value: 255.0 in Epoch [427]
2022-07-22 23:11:39,750 INFO: Epoch: 428 | PSNR: 29.9847 | Loss: 5.6161 | lr: 1.25e-04 | Best_PSNR: 29.9849 | max_value: 255.0 in Epoch [427]
2022-07-22 23:12:17,205 INFO: Epoch: 429 | PSNR: 29.9845 | Loss: 5.6098 | lr: 1.25e-04 | Best_PSNR: 29.9849 | max_value: 255.0 in Epoch [427]
2022-07-22 23:12:54,115 INFO: Epoch: 430 | PSNR: 29.9845 | Loss: 5.5821 | lr: 1.25e-04 | Best_PSNR: 29.9849 | max_value: 255.0 in Epoch [427]
2022-07-22 23:13:33,352 INFO: Epoch: 431 | PSNR: 29.9849 | Loss: 5.5658 | lr: 1.25e-04 | Best_PSNR: 29.9849 | max_value: 255.0 in Epoch [427]
2022-07-22 23:14:12,838 INFO: Epoch: 432 | PSNR: 29.9852 | Loss: 5.6269 | lr: 1.25e-04 | Best_PSNR: 29.9852 | max_value: 255.0 in Epoch [432]
2022-07-22 23:14:52,752 INFO: Epoch: 433 | PSNR: 29.9851 | Loss: 5.6171 | lr: 1.25e-04 | Best_PSNR: 29.9852 | max_value: 255.0 in Epoch [432]
2022-07-22 23:15:34,307 INFO: Epoch: 434 | PSNR: 29.9851 | Loss: 5.6159 | lr: 1.25e-04 | Best_PSNR: 29.9852 | max_value: 255.0 in Epoch [432]
2022-07-22 23:16:15,946 INFO: Epoch: 435 | PSNR: 29.9846 | Loss: 5.6113 | lr: 1.25e-04 | Best_PSNR: 29.9852 | max_value: 255.0 in Epoch [432]
2022-07-22 23:16:55,869 INFO: Epoch: 436 | PSNR: 29.9848 | Loss: 5.5843 | lr: 1.25e-04 | Best_PSNR: 29.9852 | max_value: 255.0 in Epoch [432]
2022-07-22 23:17:36,413 INFO: Epoch: 437 | PSNR: 29.9847 | Loss: 5.6160 | lr: 1.25e-04 | Best_PSNR: 29.9852 | max_value: 255.0 in Epoch [432]
2022-07-22 23:18:18,356 INFO: Epoch: 438 | PSNR: 29.9849 | Loss: 5.5493 | lr: 1.25e-04 | Best_PSNR: 29.9852 | max_value: 255.0 in Epoch [432]
2022-07-22 23:19:00,379 INFO: Epoch: 439 | PSNR: 29.9848 | Loss: 5.5932 | lr: 1.25e-04 | Best_PSNR: 29.9852 | max_value: 255.0 in Epoch [432]
2022-07-22 23:19:42,044 INFO: Epoch: 440 | PSNR: 29.9852 | Loss: 5.5964 | lr: 1.25e-04 | Best_PSNR: 29.9852 | max_value: 255.0 in Epoch [440]
2022-07-22 23:20:22,982 INFO: Epoch: 441 | PSNR: 29.9849 | Loss: 5.5879 | lr: 1.25e-04 | Best_PSNR: 29.9852 | max_value: 255.0 in Epoch [440]
2022-07-22 23:20:59,769 INFO: Epoch: 442 | PSNR: 29.9845 | Loss: 5.5957 | lr: 1.25e-04 | Best_PSNR: 29.9852 | max_value: 255.0 in Epoch [440]
2022-07-22 23:21:42,397 INFO: Epoch: 443 | PSNR: 29.9849 | Loss: 5.6089 | lr: 1.25e-04 | Best_PSNR: 29.9852 | max_value: 255.0 in Epoch [440]
2022-07-22 23:22:23,315 INFO: Epoch: 444 | PSNR: 29.9846 | Loss: 5.5883 | lr: 1.25e-04 | Best_PSNR: 29.9852 | max_value: 255.0 in Epoch [440]
2022-07-22 23:23:04,486 INFO: Epoch: 445 | PSNR: 29.9850 | Loss: 5.5527 | lr: 1.25e-04 | Best_PSNR: 29.9852 | max_value: 255.0 in Epoch [440]
2022-07-22 23:23:45,768 INFO: Epoch: 446 | PSNR: 29.9849 | Loss: 5.6184 | lr: 1.25e-04 | Best_PSNR: 29.9852 | max_value: 255.0 in Epoch [440]
2022-07-22 23:24:24,852 INFO: Epoch: 447 | PSNR: 29.9846 | Loss: 5.6001 | lr: 1.25e-04 | Best_PSNR: 29.9852 | max_value: 255.0 in Epoch [440]
2022-07-22 23:25:02,903 INFO: Epoch: 448 | PSNR: 29.9850 | Loss: 5.6038 | lr: 1.25e-04 | Best_PSNR: 29.9852 | max_value: 255.0 in Epoch [440]
2022-07-22 23:25:42,181 INFO: Epoch: 449 | PSNR: 29.9848 | Loss: 5.6012 | lr: 1.25e-04 | Best_PSNR: 29.9852 | max_value: 255.0 in Epoch [440]
2022-07-22 23:26:21,919 INFO: Epoch: 450 | PSNR: 29.9851 | Loss: 5.6089 | lr: 1.25e-04 | Best_PSNR: 29.9852 | max_value: 255.0 in Epoch [440]
2022-07-22 23:26:56,915 INFO: Epoch: 451 | PSNR: 29.9848 | Loss: 5.5698 | lr: 1.25e-04 | Best_PSNR: 29.9852 | max_value: 255.0 in Epoch [440]
2022-07-22 23:27:31,034 INFO: Epoch: 452 | PSNR: 29.9851 | Loss: 5.5433 | lr: 1.25e-04 | Best_PSNR: 29.9852 | max_value: 255.0 in Epoch [440]
2022-07-22 23:28:04,964 INFO: Epoch: 453 | PSNR: 29.9847 | Loss: 5.5885 | lr: 1.25e-04 | Best_PSNR: 29.9852 | max_value: 255.0 in Epoch [440]
2022-07-22 23:28:37,600 INFO: Epoch: 454 | PSNR: 29.9846 | Loss: 5.5526 | lr: 1.25e-04 | Best_PSNR: 29.9852 | max_value: 255.0 in Epoch [440]
2022-07-22 23:29:10,885 INFO: Epoch: 455 | PSNR: 29.9848 | Loss: 5.5734 | lr: 1.25e-04 | Best_PSNR: 29.9852 | max_value: 255.0 in Epoch [440]
2022-07-22 23:29:44,882 INFO: Epoch: 456 | PSNR: 29.9847 | Loss: 5.6297 | lr: 1.25e-04 | Best_PSNR: 29.9852 | max_value: 255.0 in Epoch [440]
2022-07-22 23:30:18,756 INFO: Epoch: 457 | PSNR: 29.9850 | Loss: 5.5809 | lr: 1.25e-04 | Best_PSNR: 29.9852 | max_value: 255.0 in Epoch [440]
2022-07-22 23:30:51,811 INFO: Epoch: 458 | PSNR: 29.9853 | Loss: 5.5829 | lr: 1.25e-04 | Best_PSNR: 29.9853 | max_value: 255.0 in Epoch [458]
2022-07-22 23:31:25,596 INFO: Epoch: 459 | PSNR: 29.9852 | Loss: 5.6187 | lr: 1.25e-04 | Best_PSNR: 29.9853 | max_value: 255.0 in Epoch [458]
2022-07-22 23:32:00,627 INFO: Epoch: 460 | PSNR: 29.9850 | Loss: 5.6148 | lr: 1.25e-04 | Best_PSNR: 29.9853 | max_value: 255.0 in Epoch [458]
2022-07-22 23:32:35,235 INFO: Epoch: 461 | PSNR: 29.9852 | Loss: 5.5823 | lr: 1.25e-04 | Best_PSNR: 29.9853 | max_value: 255.0 in Epoch [458]
2022-07-22 23:33:09,636 INFO: Epoch: 462 | PSNR: 29.9852 | Loss: 5.5423 | lr: 1.25e-04 | Best_PSNR: 29.9853 | max_value: 255.0 in Epoch [458]
2022-07-22 23:33:45,762 INFO: Epoch: 463 | PSNR: 29.9856 | Loss: 5.5789 | lr: 1.25e-04 | Best_PSNR: 29.9856 | max_value: 255.0 in Epoch [463]
2022-07-22 23:34:21,163 INFO: Epoch: 464 | PSNR: 29.9854 | Loss: 5.5959 | lr: 1.25e-04 | Best_PSNR: 29.9856 | max_value: 255.0 in Epoch [463]
2022-07-22 23:34:55,743 INFO: Epoch: 465 | PSNR: 29.9855 | Loss: 5.5725 | lr: 1.25e-04 | Best_PSNR: 29.9856 | max_value: 255.0 in Epoch [463]
2022-07-22 23:35:32,580 INFO: Epoch: 466 | PSNR: 29.9851 | Loss: 5.5751 | lr: 1.25e-04 | Best_PSNR: 29.9856 | max_value: 255.0 in Epoch [463]
2022-07-22 23:36:08,074 INFO: Epoch: 467 | PSNR: 29.9851 | Loss: 5.6229 | lr: 1.25e-04 | Best_PSNR: 29.9856 | max_value: 255.0 in Epoch [463]
2022-07-22 23:36:43,373 INFO: Epoch: 468 | PSNR: 29.9850 | Loss: 5.6333 | lr: 1.25e-04 | Best_PSNR: 29.9856 | max_value: 255.0 in Epoch [463]
2022-07-22 23:37:20,557 INFO: Epoch: 469 | PSNR: 29.9854 | Loss: 5.5666 | lr: 1.25e-04 | Best_PSNR: 29.9856 | max_value: 255.0 in Epoch [463]
2022-07-22 23:37:59,796 INFO: Epoch: 470 | PSNR: 29.9854 | Loss: 5.6088 | lr: 1.25e-04 | Best_PSNR: 29.9856 | max_value: 255.0 in Epoch [463]
2022-07-22 23:38:40,593 INFO: Epoch: 471 | PSNR: 29.9852 | Loss: 5.6063 | lr: 1.25e-04 | Best_PSNR: 29.9856 | max_value: 255.0 in Epoch [463]
2022-07-22 23:39:16,143 INFO: Epoch: 472 | PSNR: 29.9854 | Loss: 5.5505 | lr: 1.25e-04 | Best_PSNR: 29.9856 | max_value: 255.0 in Epoch [463]
2022-07-22 23:39:55,385 INFO: Epoch: 473 | PSNR: 29.9861 | Loss: 5.5578 | lr: 1.25e-04 | Best_PSNR: 29.9861 | max_value: 255.0 in Epoch [473]
2022-07-22 23:40:35,803 INFO: Epoch: 474 | PSNR: 29.9855 | Loss: 5.5861 | lr: 1.25e-04 | Best_PSNR: 29.9861 | max_value: 255.0 in Epoch [473]
2022-07-22 23:41:19,823 INFO: Epoch: 475 | PSNR: 29.9854 | Loss: 5.5895 | lr: 1.25e-04 | Best_PSNR: 29.9861 | max_value: 255.0 in Epoch [473]
2022-07-22 23:42:03,920 INFO: Epoch: 476 | PSNR: 29.9856 | Loss: 5.5676 | lr: 1.25e-04 | Best_PSNR: 29.9861 | max_value: 255.0 in Epoch [473]
2022-07-22 23:42:48,820 INFO: Epoch: 477 | PSNR: 29.9856 | Loss: 5.5702 | lr: 1.25e-04 | Best_PSNR: 29.9861 | max_value: 255.0 in Epoch [473]
2022-07-22 23:43:32,739 INFO: Epoch: 478 | PSNR: 29.9857 | Loss: 5.5961 | lr: 1.25e-04 | Best_PSNR: 29.9861 | max_value: 255.0 in Epoch [473]
2022-07-22 23:44:15,453 INFO: Epoch: 479 | PSNR: 29.9856 | Loss: 5.6124 | lr: 1.25e-04 | Best_PSNR: 29.9861 | max_value: 255.0 in Epoch [473]
2022-07-22 23:44:57,176 INFO: Epoch: 480 | PSNR: 29.9860 | Loss: 5.6056 | lr: 1.25e-04 | Best_PSNR: 29.9861 | max_value: 255.0 in Epoch [473]
2022-07-22 23:45:40,029 INFO: Epoch: 481 | PSNR: 29.9862 | Loss: 5.5837 | lr: 6.25e-05 | Best_PSNR: 29.9862 | max_value: 255.0 in Epoch [481]
2022-07-22 23:46:18,979 INFO: Epoch: 482 | PSNR: 29.9865 | Loss: 5.5604 | lr: 6.25e-05 | Best_PSNR: 29.9865 | max_value: 255.0 in Epoch [482]
2022-07-22 23:46:58,675 INFO: Epoch: 483 | PSNR: 29.9865 | Loss: 5.5557 | lr: 6.25e-05 | Best_PSNR: 29.9865 | max_value: 255.0 in Epoch [483]
2022-07-22 23:47:34,038 INFO: Epoch: 484 | PSNR: 29.9867 | Loss: 5.5978 | lr: 6.25e-05 | Best_PSNR: 29.9867 | max_value: 255.0 in Epoch [484]
2022-07-22 23:48:08,830 INFO: Epoch: 485 | PSNR: 29.9863 | Loss: 5.6488 | lr: 6.25e-05 | Best_PSNR: 29.9867 | max_value: 255.0 in Epoch [484]
2022-07-22 23:48:43,043 INFO: Epoch: 486 | PSNR: 29.9862 | Loss: 5.5464 | lr: 6.25e-05 | Best_PSNR: 29.9867 | max_value: 255.0 in Epoch [484]
2022-07-22 23:49:22,134 INFO: Epoch: 487 | PSNR: 29.9864 | Loss: 5.5897 | lr: 6.25e-05 | Best_PSNR: 29.9867 | max_value: 255.0 in Epoch [484]
2022-07-22 23:49:57,074 INFO: Epoch: 488 | PSNR: 29.9866 | Loss: 5.6172 | lr: 6.25e-05 | Best_PSNR: 29.9867 | max_value: 255.0 in Epoch [484]
2022-07-22 23:50:31,351 INFO: Epoch: 489 | PSNR: 29.9863 | Loss: 5.6105 | lr: 6.25e-05 | Best_PSNR: 29.9867 | max_value: 255.0 in Epoch [484]
2022-07-22 23:51:11,048 INFO: Epoch: 490 | PSNR: 29.9866 | Loss: 5.5552 | lr: 6.25e-05 | Best_PSNR: 29.9867 | max_value: 255.0 in Epoch [484]
2022-07-22 23:51:50,382 INFO: Epoch: 491 | PSNR: 29.9868 | Loss: 5.5714 | lr: 6.25e-05 | Best_PSNR: 29.9868 | max_value: 255.0 in Epoch [491]
2022-07-22 23:52:34,481 INFO: Epoch: 492 | PSNR: 29.9865 | Loss: 5.5941 | lr: 6.25e-05 | Best_PSNR: 29.9868 | max_value: 255.0 in Epoch [491]
2022-07-22 23:53:16,257 INFO: Epoch: 493 | PSNR: 29.9866 | Loss: 5.5963 | lr: 6.25e-05 | Best_PSNR: 29.9868 | max_value: 255.0 in Epoch [491]
2022-07-22 23:53:59,829 INFO: Epoch: 494 | PSNR: 29.9866 | Loss: 5.5639 | lr: 6.25e-05 | Best_PSNR: 29.9868 | max_value: 255.0 in Epoch [491]
2022-07-22 23:54:39,381 INFO: Epoch: 495 | PSNR: 29.9862 | Loss: 5.6129 | lr: 6.25e-05 | Best_PSNR: 29.9868 | max_value: 255.0 in Epoch [491]
2022-07-22 23:55:19,622 INFO: Epoch: 496 | PSNR: 29.9862 | Loss: 5.5240 | lr: 6.25e-05 | Best_PSNR: 29.9868 | max_value: 255.0 in Epoch [491]
2022-07-22 23:55:57,445 INFO: Epoch: 497 | PSNR: 29.9861 | Loss: 5.6323 | lr: 6.25e-05 | Best_PSNR: 29.9868 | max_value: 255.0 in Epoch [491]
2022-07-22 23:56:34,158 INFO: Epoch: 498 | PSNR: 29.9864 | Loss: 5.5901 | lr: 6.25e-05 | Best_PSNR: 29.9868 | max_value: 255.0 in Epoch [491]
2022-07-22 23:57:08,954 INFO: Epoch: 499 | PSNR: 29.9864 | Loss: 5.6293 | lr: 6.25e-05 | Best_PSNR: 29.9868 | max_value: 255.0 in Epoch [491]
2022-07-22 23:57:45,393 INFO: Epoch: 500 | PSNR: 29.9867 | Loss: 5.6155 | lr: 6.25e-05 | Best_PSNR: 29.9868 | max_value: 255.0 in Epoch [491]
2022-07-22 23:58:26,408 INFO: Epoch: 501 | PSNR: 29.9866 | Loss: 5.5406 | lr: 6.25e-05 | Best_PSNR: 29.9868 | max_value: 255.0 in Epoch [491]
2022-07-22 23:59:06,715 INFO: Epoch: 502 | PSNR: 29.9866 | Loss: 5.6029 | lr: 6.25e-05 | Best_PSNR: 29.9868 | max_value: 255.0 in Epoch [491]
2022-07-22 23:59:47,518 INFO: Epoch: 503 | PSNR: 29.9871 | Loss: 5.6258 | lr: 6.25e-05 | Best_PSNR: 29.9871 | max_value: 255.0 in Epoch [503]
2022-07-23 00:00:29,243 INFO: Epoch: 504 | PSNR: 29.9867 | Loss: 5.6211 | lr: 6.25e-05 | Best_PSNR: 29.9871 | max_value: 255.0 in Epoch [503]
2022-07-23 00:01:09,999 INFO: Epoch: 505 | PSNR: 29.9863 | Loss: 5.6018 | lr: 6.25e-05 | Best_PSNR: 29.9871 | max_value: 255.0 in Epoch [503]
2022-07-23 00:01:53,467 INFO: Epoch: 506 | PSNR: 29.9864 | Loss: 5.5856 | lr: 6.25e-05 | Best_PSNR: 29.9871 | max_value: 255.0 in Epoch [503]
2022-07-23 00:02:31,463 INFO: Epoch: 507 | PSNR: 29.9865 | Loss: 5.5612 | lr: 6.25e-05 | Best_PSNR: 29.9871 | max_value: 255.0 in Epoch [503]
2022-07-23 00:03:09,718 INFO: Epoch: 508 | PSNR: 29.9868 | Loss: 5.6110 | lr: 6.25e-05 | Best_PSNR: 29.9871 | max_value: 255.0 in Epoch [503]
2022-07-23 00:03:45,914 INFO: Epoch: 509 | PSNR: 29.9866 | Loss: 5.6017 | lr: 6.25e-05 | Best_PSNR: 29.9871 | max_value: 255.0 in Epoch [503]
2022-07-23 00:04:21,658 INFO: Epoch: 510 | PSNR: 29.9867 | Loss: 5.5633 | lr: 6.25e-05 | Best_PSNR: 29.9871 | max_value: 255.0 in Epoch [503]
2022-07-23 00:04:58,466 INFO: Epoch: 511 | PSNR: 29.9869 | Loss: 5.5959 | lr: 6.25e-05 | Best_PSNR: 29.9871 | max_value: 255.0 in Epoch [503]
2022-07-23 00:05:34,041 INFO: Epoch: 512 | PSNR: 29.9868 | Loss: 5.5738 | lr: 6.25e-05 | Best_PSNR: 29.9871 | max_value: 255.0 in Epoch [503]
2022-07-23 00:06:10,284 INFO: Epoch: 513 | PSNR: 29.9870 | Loss: 5.5960 | lr: 6.25e-05 | Best_PSNR: 29.9871 | max_value: 255.0 in Epoch [503]
2022-07-23 00:06:47,303 INFO: Epoch: 514 | PSNR: 29.9865 | Loss: 5.6269 | lr: 6.25e-05 | Best_PSNR: 29.9871 | max_value: 255.0 in Epoch [503]
2022-07-23 00:07:25,456 INFO: Epoch: 515 | PSNR: 29.9863 | Loss: 5.5633 | lr: 6.25e-05 | Best_PSNR: 29.9871 | max_value: 255.0 in Epoch [503]
2022-07-23 00:08:05,274 INFO: Epoch: 516 | PSNR: 29.9866 | Loss: 5.5924 | lr: 6.25e-05 | Best_PSNR: 29.9871 | max_value: 255.0 in Epoch [503]
2022-07-23 00:08:45,325 INFO: Epoch: 517 | PSNR: 29.9865 | Loss: 5.6137 | lr: 6.25e-05 | Best_PSNR: 29.9871 | max_value: 255.0 in Epoch [503]
2022-07-23 00:09:31,675 INFO: Epoch: 518 | PSNR: 29.9863 | Loss: 5.5973 | lr: 6.25e-05 | Best_PSNR: 29.9871 | max_value: 255.0 in Epoch [503]
2022-07-23 00:10:13,948 INFO: Epoch: 519 | PSNR: 29.9867 | Loss: 5.5933 | lr: 6.25e-05 | Best_PSNR: 29.9871 | max_value: 255.0 in Epoch [503]
2022-07-23 00:10:56,843 INFO: Epoch: 520 | PSNR: 29.9867 | Loss: 5.5685 | lr: 6.25e-05 | Best_PSNR: 29.9871 | max_value: 255.0 in Epoch [503]
2022-07-23 00:11:41,032 INFO: Epoch: 521 | PSNR: 29.9863 | Loss: 5.6595 | lr: 6.25e-05 | Best_PSNR: 29.9871 | max_value: 255.0 in Epoch [503]
2022-07-23 00:12:27,642 INFO: Epoch: 522 | PSNR: 29.9869 | Loss: 5.6157 | lr: 6.25e-05 | Best_PSNR: 29.9871 | max_value: 255.0 in Epoch [503]
2022-07-23 00:13:09,950 INFO: Epoch: 523 | PSNR: 29.9872 | Loss: 5.6134 | lr: 6.25e-05 | Best_PSNR: 29.9872 | max_value: 255.0 in Epoch [523]
2022-07-23 00:13:58,064 INFO: Epoch: 524 | PSNR: 29.9870 | Loss: 5.6068 | lr: 6.25e-05 | Best_PSNR: 29.9872 | max_value: 255.0 in Epoch [523]
2022-07-23 00:14:43,751 INFO: Epoch: 525 | PSNR: 29.9867 | Loss: 5.5761 | lr: 6.25e-05 | Best_PSNR: 29.9872 | max_value: 255.0 in Epoch [523]
2022-07-23 00:15:26,016 INFO: Epoch: 526 | PSNR: 29.9867 | Loss: 5.5435 | lr: 6.25e-05 | Best_PSNR: 29.9872 | max_value: 255.0 in Epoch [523]
2022-07-23 00:16:06,454 INFO: Epoch: 527 | PSNR: 29.9865 | Loss: 5.5884 | lr: 6.25e-05 | Best_PSNR: 29.9872 | max_value: 255.0 in Epoch [523]
2022-07-23 00:16:46,238 INFO: Epoch: 528 | PSNR: 29.9866 | Loss: 5.5793 | lr: 6.25e-05 | Best_PSNR: 29.9872 | max_value: 255.0 in Epoch [523]
2022-07-23 00:17:28,167 INFO: Epoch: 529 | PSNR: 29.9862 | Loss: 5.5699 | lr: 6.25e-05 | Best_PSNR: 29.9872 | max_value: 255.0 in Epoch [523]
2022-07-23 00:18:13,299 INFO: Epoch: 530 | PSNR: 29.9866 | Loss: 5.5640 | lr: 6.25e-05 | Best_PSNR: 29.9872 | max_value: 255.0 in Epoch [523]
2022-07-23 00:18:57,724 INFO: Epoch: 531 | PSNR: 29.9870 | Loss: 5.5903 | lr: 6.25e-05 | Best_PSNR: 29.9872 | max_value: 255.0 in Epoch [523]
2022-07-23 00:19:43,031 INFO: Epoch: 532 | PSNR: 29.9869 | Loss: 5.5878 | lr: 6.25e-05 | Best_PSNR: 29.9872 | max_value: 255.0 in Epoch [523]
2022-07-23 00:20:26,258 INFO: Epoch: 533 | PSNR: 29.9870 | Loss: 5.6287 | lr: 6.25e-05 | Best_PSNR: 29.9872 | max_value: 255.0 in Epoch [523]
2022-07-23 00:21:08,996 INFO: Epoch: 534 | PSNR: 29.9870 | Loss: 5.5979 | lr: 6.25e-05 | Best_PSNR: 29.9872 | max_value: 255.0 in Epoch [523]
2022-07-23 00:21:55,329 INFO: Epoch: 535 | PSNR: 29.9870 | Loss: 5.5896 | lr: 6.25e-05 | Best_PSNR: 29.9872 | max_value: 255.0 in Epoch [523]
2022-07-23 00:22:42,329 INFO: Epoch: 536 | PSNR: 29.9870 | Loss: 5.5872 | lr: 6.25e-05 | Best_PSNR: 29.9872 | max_value: 255.0 in Epoch [523]
2022-07-23 00:23:31,625 INFO: Epoch: 537 | PSNR: 29.9873 | Loss: 5.5618 | lr: 6.25e-05 | Best_PSNR: 29.9873 | max_value: 255.0 in Epoch [537]
2022-07-23 00:24:14,623 INFO: Epoch: 538 | PSNR: 29.9872 | Loss: 5.5524 | lr: 6.25e-05 | Best_PSNR: 29.9873 | max_value: 255.0 in Epoch [537]
2022-07-23 00:24:58,318 INFO: Epoch: 539 | PSNR: 29.9872 | Loss: 5.5675 | lr: 6.25e-05 | Best_PSNR: 29.9873 | max_value: 255.0 in Epoch [537]
2022-07-23 00:25:47,002 INFO: Epoch: 540 | PSNR: 29.9869 | Loss: 5.6026 | lr: 6.25e-05 | Best_PSNR: 29.9873 | max_value: 255.0 in Epoch [537]
2022-07-23 00:26:34,903 INFO: Epoch: 541 | PSNR: 29.9873 | Loss: 5.5576 | lr: 6.25e-05 | Best_PSNR: 29.9873 | max_value: 255.0 in Epoch [537]
2022-07-23 00:27:17,233 INFO: Epoch: 542 | PSNR: 29.9873 | Loss: 5.6391 | lr: 6.25e-05 | Best_PSNR: 29.9873 | max_value: 255.0 in Epoch [537]
2022-07-23 00:28:00,912 INFO: Epoch: 543 | PSNR: 29.9875 | Loss: 5.5552 | lr: 6.25e-05 | Best_PSNR: 29.9875 | max_value: 255.0 in Epoch [543]
2022-07-23 00:28:43,899 INFO: Epoch: 544 | PSNR: 29.9870 | Loss: 5.6489 | lr: 6.25e-05 | Best_PSNR: 29.9875 | max_value: 255.0 in Epoch [543]
2022-07-23 00:29:24,636 INFO: Epoch: 545 | PSNR: 29.9873 | Loss: 5.5788 | lr: 6.25e-05 | Best_PSNR: 29.9875 | max_value: 255.0 in Epoch [543]
2022-07-23 00:30:08,317 INFO: Epoch: 546 | PSNR: 29.9874 | Loss: 5.5910 | lr: 6.25e-05 | Best_PSNR: 29.9875 | max_value: 255.0 in Epoch [543]
2022-07-23 00:30:49,612 INFO: Epoch: 547 | PSNR: 29.9872 | Loss: 5.6091 | lr: 6.25e-05 | Best_PSNR: 29.9875 | max_value: 255.0 in Epoch [543]
2022-07-23 00:31:28,526 INFO: Epoch: 548 | PSNR: 29.9871 | Loss: 5.5563 | lr: 6.25e-05 | Best_PSNR: 29.9875 | max_value: 255.0 in Epoch [543]
2022-07-23 00:32:05,912 INFO: Epoch: 549 | PSNR: 29.9872 | Loss: 5.6355 | lr: 6.25e-05 | Best_PSNR: 29.9875 | max_value: 255.0 in Epoch [543]
2022-07-23 00:32:42,660 INFO: Epoch: 550 | PSNR: 29.9877 | Loss: 5.5770 | lr: 6.25e-05 | Best_PSNR: 29.9877 | max_value: 255.0 in Epoch [550]
2022-07-23 00:33:18,287 INFO: Epoch: 551 | PSNR: 29.9877 | Loss: 5.5910 | lr: 6.25e-05 | Best_PSNR: 29.9877 | max_value: 255.0 in Epoch [551]
2022-07-23 00:33:53,980 INFO: Epoch: 552 | PSNR: 29.9871 | Loss: 5.5974 | lr: 6.25e-05 | Best_PSNR: 29.9877 | max_value: 255.0 in Epoch [551]
2022-07-23 00:34:31,532 INFO: Epoch: 553 | PSNR: 29.9875 | Loss: 5.5927 | lr: 6.25e-05 | Best_PSNR: 29.9877 | max_value: 255.0 in Epoch [551]
2022-07-23 00:35:06,669 INFO: Epoch: 554 | PSNR: 29.9876 | Loss: 5.5907 | lr: 6.25e-05 | Best_PSNR: 29.9877 | max_value: 255.0 in Epoch [551]
2022-07-23 00:35:42,708 INFO: Epoch: 555 | PSNR: 29.9874 | Loss: 5.6470 | lr: 6.25e-05 | Best_PSNR: 29.9877 | max_value: 255.0 in Epoch [551]
2022-07-23 00:36:19,090 INFO: Epoch: 556 | PSNR: 29.9872 | Loss: 5.6275 | lr: 6.25e-05 | Best_PSNR: 29.9877 | max_value: 255.0 in Epoch [551]
2022-07-23 00:36:57,642 INFO: Epoch: 557 | PSNR: 29.9872 | Loss: 5.5777 | lr: 6.25e-05 | Best_PSNR: 29.9877 | max_value: 255.0 in Epoch [551]
2022-07-23 00:37:31,812 INFO: Epoch: 558 | PSNR: 29.9870 | Loss: 5.5757 | lr: 6.25e-05 | Best_PSNR: 29.9877 | max_value: 255.0 in Epoch [551]
2022-07-23 00:38:07,685 INFO: Epoch: 559 | PSNR: 29.9874 | Loss: 5.6283 | lr: 6.25e-05 | Best_PSNR: 29.9877 | max_value: 255.0 in Epoch [551]
2022-07-23 00:38:44,768 INFO: Epoch: 560 | PSNR: 29.9873 | Loss: 5.5884 | lr: 6.25e-05 | Best_PSNR: 29.9877 | max_value: 255.0 in Epoch [551]
2022-07-23 00:39:22,553 INFO: Epoch: 561 | PSNR: 29.9870 | Loss: 5.5715 | lr: 6.25e-05 | Best_PSNR: 29.9877 | max_value: 255.0 in Epoch [551]
2022-07-23 00:39:58,685 INFO: Epoch: 562 | PSNR: 29.9874 | Loss: 5.5820 | lr: 6.25e-05 | Best_PSNR: 29.9877 | max_value: 255.0 in Epoch [551]
2022-07-23 00:40:35,087 INFO: Epoch: 563 | PSNR: 29.9870 | Loss: 5.6315 | lr: 6.25e-05 | Best_PSNR: 29.9877 | max_value: 255.0 in Epoch [551]
2022-07-23 00:41:11,799 INFO: Epoch: 564 | PSNR: 29.9868 | Loss: 5.5792 | lr: 6.25e-05 | Best_PSNR: 29.9877 | max_value: 255.0 in Epoch [551]
2022-07-23 00:41:48,585 INFO: Epoch: 565 | PSNR: 29.9871 | Loss: 5.5940 | lr: 6.25e-05 | Best_PSNR: 29.9877 | max_value: 255.0 in Epoch [551]
2022-07-23 00:42:25,831 INFO: Epoch: 566 | PSNR: 29.9873 | Loss: 5.5873 | lr: 6.25e-05 | Best_PSNR: 29.9877 | max_value: 255.0 in Epoch [551]
2022-07-23 00:43:01,620 INFO: Epoch: 567 | PSNR: 29.9873 | Loss: 5.6075 | lr: 6.25e-05 | Best_PSNR: 29.9877 | max_value: 255.0 in Epoch [551]
2022-07-23 00:43:36,922 INFO: Epoch: 568 | PSNR: 29.9876 | Loss: 5.6034 | lr: 6.25e-05 | Best_PSNR: 29.9877 | max_value: 255.0 in Epoch [551]
2022-07-23 00:44:10,803 INFO: Epoch: 569 | PSNR: 29.9874 | Loss: 5.5464 | lr: 6.25e-05 | Best_PSNR: 29.9877 | max_value: 255.0 in Epoch [551]
2022-07-23 00:44:45,298 INFO: Epoch: 570 | PSNR: 29.9876 | Loss: 5.5714 | lr: 6.25e-05 | Best_PSNR: 29.9877 | max_value: 255.0 in Epoch [551]
2022-07-23 00:45:19,613 INFO: Epoch: 571 | PSNR: 29.9873 | Loss: 5.5950 | lr: 6.25e-05 | Best_PSNR: 29.9877 | max_value: 255.0 in Epoch [551]
2022-07-23 00:45:54,616 INFO: Epoch: 572 | PSNR: 29.9880 | Loss: 5.6061 | lr: 6.25e-05 | Best_PSNR: 29.9880 | max_value: 255.0 in Epoch [572]
2022-07-23 00:46:30,155 INFO: Epoch: 573 | PSNR: 29.9875 | Loss: 5.6014 | lr: 6.25e-05 | Best_PSNR: 29.9880 | max_value: 255.0 in Epoch [572]
2022-07-23 00:47:04,465 INFO: Epoch: 574 | PSNR: 29.9869 | Loss: 5.5853 | lr: 6.25e-05 | Best_PSNR: 29.9880 | max_value: 255.0 in Epoch [572]
2022-07-23 00:47:40,378 INFO: Epoch: 575 | PSNR: 29.9869 | Loss: 5.5874 | lr: 6.25e-05 | Best_PSNR: 29.9880 | max_value: 255.0 in Epoch [572]
2022-07-23 00:48:15,798 INFO: Epoch: 576 | PSNR: 29.9871 | Loss: 5.6305 | lr: 6.25e-05 | Best_PSNR: 29.9880 | max_value: 255.0 in Epoch [572]
2022-07-23 00:48:50,791 INFO: Epoch: 577 | PSNR: 29.9875 | Loss: 5.5797 | lr: 6.25e-05 | Best_PSNR: 29.9880 | max_value: 255.0 in Epoch [572]
2022-07-23 00:49:27,882 INFO: Epoch: 578 | PSNR: 29.9876 | Loss: 5.6372 | lr: 6.25e-05 | Best_PSNR: 29.9880 | max_value: 255.0 in Epoch [572]
2022-07-23 00:50:05,241 INFO: Epoch: 579 | PSNR: 29.9874 | Loss: 5.5952 | lr: 6.25e-05 | Best_PSNR: 29.9880 | max_value: 255.0 in Epoch [572]
2022-07-23 00:50:39,924 INFO: Epoch: 580 | PSNR: 29.9873 | Loss: 5.5901 | lr: 6.25e-05 | Best_PSNR: 29.9880 | max_value: 255.0 in Epoch [572]
2022-07-23 00:51:15,676 INFO: Epoch: 581 | PSNR: 29.9872 | Loss: 5.5885 | lr: 6.25e-05 | Best_PSNR: 29.9880 | max_value: 255.0 in Epoch [572]
2022-07-23 00:51:53,371 INFO: Epoch: 582 | PSNR: 29.9870 | Loss: 5.5812 | lr: 6.25e-05 | Best_PSNR: 29.9880 | max_value: 255.0 in Epoch [572]
2022-07-23 00:52:29,768 INFO: Epoch: 583 | PSNR: 29.9868 | Loss: 5.6125 | lr: 6.25e-05 | Best_PSNR: 29.9880 | max_value: 255.0 in Epoch [572]
2022-07-23 00:53:05,958 INFO: Epoch: 584 | PSNR: 29.9870 | Loss: 5.5834 | lr: 6.25e-05 | Best_PSNR: 29.9880 | max_value: 255.0 in Epoch [572]
2022-07-23 00:53:45,448 INFO: Epoch: 585 | PSNR: 29.9877 | Loss: 5.5947 | lr: 6.25e-05 | Best_PSNR: 29.9880 | max_value: 255.0 in Epoch [572]
2022-07-23 00:54:24,763 INFO: Epoch: 586 | PSNR: 29.9875 | Loss: 5.5943 | lr: 6.25e-05 | Best_PSNR: 29.9880 | max_value: 255.0 in Epoch [572]
2022-07-23 00:55:03,577 INFO: Epoch: 587 | PSNR: 29.9872 | Loss: 5.6129 | lr: 6.25e-05 | Best_PSNR: 29.9880 | max_value: 255.0 in Epoch [572]
2022-07-23 00:55:46,837 INFO: Epoch: 588 | PSNR: 29.9869 | Loss: 5.5564 | lr: 6.25e-05 | Best_PSNR: 29.9880 | max_value: 255.0 in Epoch [572]
2022-07-23 00:56:32,727 INFO: Epoch: 589 | PSNR: 29.9872 | Loss: 5.5240 | lr: 6.25e-05 | Best_PSNR: 29.9880 | max_value: 255.0 in Epoch [572]
2022-07-23 00:57:13,449 INFO: Epoch: 590 | PSNR: 29.9872 | Loss: 5.5886 | lr: 6.25e-05 | Best_PSNR: 29.9880 | max_value: 255.0 in Epoch [572]
2022-07-23 00:57:57,182 INFO: Epoch: 591 | PSNR: 29.9873 | Loss: 5.6181 | lr: 6.25e-05 | Best_PSNR: 29.9880 | max_value: 255.0 in Epoch [572]
2022-07-23 00:58:36,424 INFO: Epoch: 592 | PSNR: 29.9876 | Loss: 5.5771 | lr: 6.25e-05 | Best_PSNR: 29.9880 | max_value: 255.0 in Epoch [572]
2022-07-23 00:59:16,452 INFO: Epoch: 593 | PSNR: 29.9878 | Loss: 5.5720 | lr: 6.25e-05 | Best_PSNR: 29.9880 | max_value: 255.0 in Epoch [572]
2022-07-23 00:59:50,485 INFO: Epoch: 594 | PSNR: 29.9879 | Loss: 5.5820 | lr: 6.25e-05 | Best_PSNR: 29.9880 | max_value: 255.0 in Epoch [572]
2022-07-23 01:00:26,890 INFO: Epoch: 595 | PSNR: 29.9875 | Loss: 5.6137 | lr: 6.25e-05 | Best_PSNR: 29.9880 | max_value: 255.0 in Epoch [572]
2022-07-23 01:01:04,171 INFO: Epoch: 596 | PSNR: 29.9874 | Loss: 5.5880 | lr: 6.25e-05 | Best_PSNR: 29.9880 | max_value: 255.0 in Epoch [572]
2022-07-23 01:01:38,123 INFO: Epoch: 597 | PSNR: 29.9878 | Loss: 5.5975 | lr: 6.25e-05 | Best_PSNR: 29.9880 | max_value: 255.0 in Epoch [572]
2022-07-23 01:02:12,533 INFO: Epoch: 598 | PSNR: 29.9878 | Loss: 5.5569 | lr: 6.25e-05 | Best_PSNR: 29.9880 | max_value: 255.0 in Epoch [572]
2022-07-23 01:02:47,882 INFO: Epoch: 599 | PSNR: 29.9876 | Loss: 5.6411 | lr: 6.25e-05 | Best_PSNR: 29.9880 | max_value: 255.0 in Epoch [572]
2022-07-23 01:03:21,944 INFO: Epoch: 600 | PSNR: 29.9875 | Loss: 5.5682 | lr: 6.25e-05 | Best_PSNR: 29.9880 | max_value: 255.0 in Epoch [572]
