2022-07-18 12:45:31,742 INFO: Create train dataset successfully!
2022-07-18 12:45:31,742 INFO: Training: [1000] iterations for each epoch
2022-07-18 12:45:31,742 INFO: Create val dataset successfully!
2022-07-18 12:45:31,742 INFO: Validating: [100] iterations for each epoch
2022-07-18 12:45:31,742 INFO: Preparing for experiment: [trial11]
2022-07-18 12:45:32,812 INFO: Create model successfully! Params: [0.76]K
2022-07-18 12:45:32,812 INFO: Model: "model"
2022-07-18 12:45:32,812 INFO: _________________________________________________________________
2022-07-18 12:45:32,812 INFO: Layer (type)                 Output Shape              Param #   
2022-07-18 12:45:32,812 INFO: =================================================================
2022-07-18 12:45:32,812 INFO: input_1 (InputLayer)         [(None, None, None, 3)]   0         
2022-07-18 12:45:32,812 INFO: _________________________________________________________________
2022-07-18 12:45:32,812 INFO: conv2d (Conv2D)              (None, None, None, 27)    756       
2022-07-18 12:45:32,812 INFO: _________________________________________________________________
2022-07-18 12:45:32,813 INFO: lambda (Lambda)              (None, None, None, 3)     0         
2022-07-18 12:45:32,813 INFO: =================================================================
2022-07-18 12:45:32,813 INFO: Total params: 756
2022-07-18 12:45:32,813 INFO: Trainable params: 756
2022-07-18 12:45:32,813 INFO: Non-trainable params: 0
2022-07-18 12:45:32,813 INFO: _________________________________________________________________
2022-07-18 12:45:32,814 INFO: Start training...
2022-07-18 12:46:47,557 INFO: Epoch: 1 | PSNR: 14.3162 | Loss: 13.5853 | lr: 1.00e-03 | Best_PSNR: 14.3162 in Epoch [1]
2022-07-18 12:48:03,452 INFO: Epoch: 2 | PSNR: 21.3092 | Loss: 7.8389 | lr: 1.00e-03 | Best_PSNR: 21.3092 in Epoch [2]
2022-07-18 12:49:06,447 INFO: Epoch: 3 | PSNR: 25.6175 | Loss: 7.4132 | lr: 1.00e-03 | Best_PSNR: 25.6175 in Epoch [3]
2022-07-18 12:50:18,770 INFO: Epoch: 4 | PSNR: 27.2621 | Loss: 7.2950 | lr: 1.00e-03 | Best_PSNR: 27.2621 in Epoch [4]
2022-07-18 12:51:32,300 INFO: Epoch: 5 | PSNR: 27.7197 | Loss: 7.1140 | lr: 1.00e-03 | Best_PSNR: 27.7197 in Epoch [5]
2022-07-18 12:52:46,414 INFO: Epoch: 6 | PSNR: 27.8721 | Loss: 7.0813 | lr: 1.00e-03 | Best_PSNR: 27.8721 in Epoch [6]
2022-07-18 12:53:56,939 INFO: Epoch: 7 | PSNR: 27.9488 | Loss: 7.0582 | lr: 1.00e-03 | Best_PSNR: 27.9488 in Epoch [7]
2022-07-18 12:55:04,594 INFO: Epoch: 8 | PSNR: 27.9954 | Loss: 7.0156 | lr: 1.00e-03 | Best_PSNR: 27.9954 in Epoch [8]
2022-07-18 12:56:10,460 INFO: Epoch: 9 | PSNR: 28.0271 | Loss: 6.9397 | lr: 1.00e-03 | Best_PSNR: 28.0271 in Epoch [9]
2022-07-18 12:57:15,341 INFO: Epoch: 10 | PSNR: 28.0453 | Loss: 6.9293 | lr: 1.00e-03 | Best_PSNR: 28.0453 in Epoch [10]
2022-07-18 12:58:12,477 INFO: Epoch: 11 | PSNR: 28.0594 | Loss: 6.9754 | lr: 1.00e-03 | Best_PSNR: 28.0594 in Epoch [11]
2022-07-18 12:59:07,101 INFO: Epoch: 12 | PSNR: 28.0699 | Loss: 6.9179 | lr: 1.00e-03 | Best_PSNR: 28.0699 in Epoch [12]
2022-07-18 13:00:03,132 INFO: Epoch: 13 | PSNR: 28.0763 | Loss: 6.9149 | lr: 1.00e-03 | Best_PSNR: 28.0763 in Epoch [13]
2022-07-18 13:01:11,122 INFO: Epoch: 14 | PSNR: 28.0825 | Loss: 6.8743 | lr: 1.00e-03 | Best_PSNR: 28.0825 in Epoch [14]
2022-07-18 13:02:22,470 INFO: Epoch: 15 | PSNR: 28.0892 | Loss: 6.8977 | lr: 1.00e-03 | Best_PSNR: 28.0892 in Epoch [15]
2022-07-18 13:03:30,626 INFO: Epoch: 16 | PSNR: 28.0949 | Loss: 6.8826 | lr: 1.00e-03 | Best_PSNR: 28.0949 in Epoch [16]
2022-07-18 13:04:38,481 INFO: Epoch: 17 | PSNR: 28.1006 | Loss: 6.8901 | lr: 1.00e-03 | Best_PSNR: 28.1006 in Epoch [17]
2022-07-18 13:05:48,990 INFO: Epoch: 18 | PSNR: 28.1042 | Loss: 6.8818 | lr: 1.00e-03 | Best_PSNR: 28.1042 in Epoch [18]
2022-07-18 13:06:55,602 INFO: Epoch: 19 | PSNR: 28.1104 | Loss: 6.9366 | lr: 1.00e-03 | Best_PSNR: 28.1104 in Epoch [19]
2022-07-18 13:07:52,966 INFO: Epoch: 20 | PSNR: 28.1129 | Loss: 6.8898 | lr: 1.00e-03 | Best_PSNR: 28.1129 in Epoch [20]
2022-07-18 13:08:54,207 INFO: Epoch: 21 | PSNR: 28.1138 | Loss: 6.9050 | lr: 1.00e-03 | Best_PSNR: 28.1138 in Epoch [21]
2022-07-18 13:09:55,120 INFO: Epoch: 22 | PSNR: 28.1127 | Loss: 6.8677 | lr: 1.00e-03 | Best_PSNR: 28.1138 in Epoch [21]
2022-07-18 13:10:57,614 INFO: Epoch: 23 | PSNR: 28.1155 | Loss: 6.8784 | lr: 1.00e-03 | Best_PSNR: 28.1155 in Epoch [23]
2022-07-18 13:12:00,076 INFO: Epoch: 24 | PSNR: 28.1211 | Loss: 6.9021 | lr: 1.00e-03 | Best_PSNR: 28.1211 in Epoch [24]
2022-07-18 13:13:02,100 INFO: Epoch: 25 | PSNR: 28.1215 | Loss: 6.8541 | lr: 1.00e-03 | Best_PSNR: 28.1215 in Epoch [25]
2022-07-18 13:14:05,859 INFO: Epoch: 26 | PSNR: 28.1254 | Loss: 6.8563 | lr: 1.00e-03 | Best_PSNR: 28.1254 in Epoch [26]
2022-07-18 13:15:05,831 INFO: Epoch: 27 | PSNR: 28.1224 | Loss: 6.8292 | lr: 1.00e-03 | Best_PSNR: 28.1254 in Epoch [26]
2022-07-18 13:16:07,420 INFO: Epoch: 28 | PSNR: 28.1277 | Loss: 6.9041 | lr: 1.00e-03 | Best_PSNR: 28.1277 in Epoch [28]
2022-07-18 13:17:18,095 INFO: Epoch: 29 | PSNR: 28.1308 | Loss: 6.9211 | lr: 1.00e-03 | Best_PSNR: 28.1308 in Epoch [29]
2022-07-18 13:18:19,448 INFO: Epoch: 30 | PSNR: 28.1294 | Loss: 6.9023 | lr: 1.00e-03 | Best_PSNR: 28.1308 in Epoch [29]
2022-07-18 13:19:21,881 INFO: Epoch: 31 | PSNR: 28.1306 | Loss: 6.8435 | lr: 1.00e-03 | Best_PSNR: 28.1308 in Epoch [29]
2022-07-18 13:20:24,061 INFO: Epoch: 32 | PSNR: 28.1312 | Loss: 6.8650 | lr: 1.00e-03 | Best_PSNR: 28.1312 in Epoch [32]
2022-07-18 13:21:19,457 INFO: Epoch: 33 | PSNR: 28.1312 | Loss: 6.8575 | lr: 1.00e-03 | Best_PSNR: 28.1312 in Epoch [33]
2022-07-18 13:22:19,892 INFO: Epoch: 34 | PSNR: 28.1323 | Loss: 6.8561 | lr: 1.00e-03 | Best_PSNR: 28.1323 in Epoch [34]
2022-07-18 13:23:23,888 INFO: Epoch: 35 | PSNR: 28.1340 | Loss: 6.8556 | lr: 1.00e-03 | Best_PSNR: 28.1340 in Epoch [35]
2022-07-18 13:24:27,609 INFO: Epoch: 36 | PSNR: 28.1357 | Loss: 6.8579 | lr: 1.00e-03 | Best_PSNR: 28.1357 in Epoch [36]
2022-07-18 13:25:30,837 INFO: Epoch: 37 | PSNR: 28.1382 | Loss: 6.8849 | lr: 1.00e-03 | Best_PSNR: 28.1382 in Epoch [37]
2022-07-18 13:26:33,015 INFO: Epoch: 38 | PSNR: 28.1397 | Loss: 6.8535 | lr: 1.00e-03 | Best_PSNR: 28.1397 in Epoch [38]
2022-07-18 13:27:35,145 INFO: Epoch: 39 | PSNR: 28.1390 | Loss: 6.8377 | lr: 1.00e-03 | Best_PSNR: 28.1397 in Epoch [38]
2022-07-18 13:28:27,359 INFO: Epoch: 40 | PSNR: 28.1362 | Loss: 6.8368 | lr: 1.00e-03 | Best_PSNR: 28.1397 in Epoch [38]
2022-07-18 13:29:25,087 INFO: Epoch: 41 | PSNR: 28.1419 | Loss: 6.9247 | lr: 1.00e-03 | Best_PSNR: 28.1419 in Epoch [41]
2022-07-18 13:30:33,682 INFO: Epoch: 42 | PSNR: 28.1397 | Loss: 6.8241 | lr: 1.00e-03 | Best_PSNR: 28.1419 in Epoch [41]
2022-07-18 13:31:30,461 INFO: Epoch: 43 | PSNR: 28.1411 | Loss: 6.8284 | lr: 1.00e-03 | Best_PSNR: 28.1419 in Epoch [41]
2022-07-18 13:32:34,530 INFO: Epoch: 44 | PSNR: 28.1418 | Loss: 6.8713 | lr: 1.00e-03 | Best_PSNR: 28.1419 in Epoch [41]
2022-07-18 13:33:36,706 INFO: Epoch: 45 | PSNR: 28.1401 | Loss: 6.8504 | lr: 1.00e-03 | Best_PSNR: 28.1419 in Epoch [41]
2022-07-18 13:34:58,165 INFO: Epoch: 46 | PSNR: 28.1408 | Loss: 6.8997 | lr: 1.00e-03 | Best_PSNR: 28.1419 in Epoch [41]
2022-07-18 13:36:25,460 INFO: Epoch: 47 | PSNR: 28.1400 | Loss: 6.8435 | lr: 1.00e-03 | Best_PSNR: 28.1419 in Epoch [41]
2022-07-18 13:37:22,119 INFO: Epoch: 48 | PSNR: 28.1402 | Loss: 6.8650 | lr: 1.00e-03 | Best_PSNR: 28.1419 in Epoch [41]
2022-07-18 13:38:25,305 INFO: Epoch: 49 | PSNR: 28.1430 | Loss: 6.8175 | lr: 1.00e-03 | Best_PSNR: 28.1430 in Epoch [49]
2022-07-18 13:39:42,258 INFO: Epoch: 50 | PSNR: 28.1418 | Loss: 6.8415 | lr: 1.00e-03 | Best_PSNR: 28.1430 in Epoch [49]
2022-07-18 13:40:45,589 INFO: Epoch: 51 | PSNR: 28.1430 | Loss: 6.8594 | lr: 1.00e-03 | Best_PSNR: 28.1430 in Epoch [51]
2022-07-18 13:41:50,208 INFO: Epoch: 52 | PSNR: 28.1419 | Loss: 6.8048 | lr: 1.00e-03 | Best_PSNR: 28.1430 in Epoch [51]
2022-07-18 13:42:56,256 INFO: Epoch: 53 | PSNR: 28.1437 | Loss: 6.9206 | lr: 1.00e-03 | Best_PSNR: 28.1437 in Epoch [53]
2022-07-18 13:44:03,772 INFO: Epoch: 54 | PSNR: 28.1438 | Loss: 6.8347 | lr: 1.00e-03 | Best_PSNR: 28.1438 in Epoch [54]
2022-07-18 13:45:06,501 INFO: Epoch: 55 | PSNR: 28.1445 | Loss: 6.8362 | lr: 1.00e-03 | Best_PSNR: 28.1445 in Epoch [55]
2022-07-18 13:46:10,748 INFO: Epoch: 56 | PSNR: 28.1445 | Loss: 6.8476 | lr: 1.00e-03 | Best_PSNR: 28.1445 in Epoch [56]
2022-07-18 13:47:14,537 INFO: Epoch: 57 | PSNR: 28.1472 | Loss: 6.8449 | lr: 1.00e-03 | Best_PSNR: 28.1472 in Epoch [57]
2022-07-18 13:48:19,163 INFO: Epoch: 58 | PSNR: 28.1429 | Loss: 6.7848 | lr: 1.00e-03 | Best_PSNR: 28.1472 in Epoch [57]
2022-07-18 13:49:23,668 INFO: Epoch: 59 | PSNR: 28.1458 | Loss: 6.8669 | lr: 1.00e-03 | Best_PSNR: 28.1472 in Epoch [57]
2022-07-18 13:50:30,976 INFO: Epoch: 60 | PSNR: 28.1461 | Loss: 6.8655 | lr: 1.00e-03 | Best_PSNR: 28.1472 in Epoch [57]
2022-07-18 13:51:39,676 INFO: Epoch: 61 | PSNR: 28.1480 | Loss: 6.8187 | lr: 1.00e-03 | Best_PSNR: 28.1480 in Epoch [61]
2022-07-18 13:52:47,318 INFO: Epoch: 62 | PSNR: 28.1463 | Loss: 6.8505 | lr: 1.00e-03 | Best_PSNR: 28.1480 in Epoch [61]
2022-07-18 13:53:53,216 INFO: Epoch: 63 | PSNR: 28.1423 | Loss: 6.7958 | lr: 1.00e-03 | Best_PSNR: 28.1480 in Epoch [61]
2022-07-18 13:55:04,029 INFO: Epoch: 64 | PSNR: 28.1461 | Loss: 6.8671 | lr: 1.00e-03 | Best_PSNR: 28.1480 in Epoch [61]
2022-07-18 13:56:16,110 INFO: Epoch: 65 | PSNR: 28.1447 | Loss: 6.8498 | lr: 1.00e-03 | Best_PSNR: 28.1480 in Epoch [61]
2022-07-18 13:57:23,189 INFO: Epoch: 66 | PSNR: 28.1477 | Loss: 6.8242 | lr: 1.00e-03 | Best_PSNR: 28.1480 in Epoch [61]
2022-07-18 13:58:30,320 INFO: Epoch: 67 | PSNR: 28.1484 | Loss: 6.8104 | lr: 1.00e-03 | Best_PSNR: 28.1484 in Epoch [67]
2022-07-18 13:59:35,860 INFO: Epoch: 68 | PSNR: 28.1497 | Loss: 6.8714 | lr: 1.00e-03 | Best_PSNR: 28.1497 in Epoch [68]
2022-07-18 14:00:46,362 INFO: Epoch: 69 | PSNR: 28.1473 | Loss: 6.8115 | lr: 1.00e-03 | Best_PSNR: 28.1497 in Epoch [68]
2022-07-18 14:01:57,559 INFO: Epoch: 70 | PSNR: 28.1477 | Loss: 6.8118 | lr: 1.00e-03 | Best_PSNR: 28.1497 in Epoch [68]
2022-07-18 14:03:01,186 INFO: Epoch: 71 | PSNR: 28.1479 | Loss: 6.8272 | lr: 1.00e-03 | Best_PSNR: 28.1497 in Epoch [68]
2022-07-18 14:04:12,675 INFO: Epoch: 72 | PSNR: 28.1462 | Loss: 6.8106 | lr: 1.00e-03 | Best_PSNR: 28.1497 in Epoch [68]
2022-07-18 14:05:19,491 INFO: Epoch: 73 | PSNR: 28.1483 | Loss: 6.8653 | lr: 1.00e-03 | Best_PSNR: 28.1497 in Epoch [68]
2022-07-18 14:06:23,270 INFO: Epoch: 74 | PSNR: 28.1507 | Loss: 6.8502 | lr: 1.00e-03 | Best_PSNR: 28.1507 in Epoch [74]
2022-07-18 14:07:33,978 INFO: Epoch: 75 | PSNR: 28.1514 | Loss: 6.8159 | lr: 1.00e-03 | Best_PSNR: 28.1514 in Epoch [75]
2022-07-18 14:08:44,257 INFO: Epoch: 76 | PSNR: 28.1507 | Loss: 6.8664 | lr: 1.00e-03 | Best_PSNR: 28.1514 in Epoch [75]
2022-07-18 14:09:56,074 INFO: Epoch: 77 | PSNR: 28.1503 | Loss: 6.8174 | lr: 1.00e-03 | Best_PSNR: 28.1514 in Epoch [75]
2022-07-18 14:11:01,446 INFO: Epoch: 78 | PSNR: 28.1508 | Loss: 6.8064 | lr: 1.00e-03 | Best_PSNR: 28.1514 in Epoch [75]
2022-07-18 14:12:09,828 INFO: Epoch: 79 | PSNR: 28.1494 | Loss: 6.7996 | lr: 1.00e-03 | Best_PSNR: 28.1514 in Epoch [75]
2022-07-18 14:13:21,451 INFO: Epoch: 80 | PSNR: 28.1515 | Loss: 6.9003 | lr: 1.00e-03 | Best_PSNR: 28.1515 in Epoch [80]
2022-07-18 14:14:28,883 INFO: Epoch: 81 | PSNR: 28.1505 | Loss: 6.7864 | lr: 1.00e-03 | Best_PSNR: 28.1515 in Epoch [80]
2022-07-18 14:15:27,092 INFO: Epoch: 82 | PSNR: 28.1510 | Loss: 6.8884 | lr: 1.00e-03 | Best_PSNR: 28.1515 in Epoch [80]
2022-07-18 14:16:30,799 INFO: Epoch: 83 | PSNR: 28.1529 | Loss: 6.8902 | lr: 1.00e-03 | Best_PSNR: 28.1529 in Epoch [83]
2022-07-18 14:17:37,097 INFO: Epoch: 84 | PSNR: 28.1530 | Loss: 6.7923 | lr: 1.00e-03 | Best_PSNR: 28.1530 in Epoch [84]
2022-07-18 14:18:41,321 INFO: Epoch: 85 | PSNR: 28.1506 | Loss: 6.8499 | lr: 1.00e-03 | Best_PSNR: 28.1530 in Epoch [84]
2022-07-18 14:19:47,490 INFO: Epoch: 86 | PSNR: 28.1542 | Loss: 6.8663 | lr: 1.00e-03 | Best_PSNR: 28.1542 in Epoch [86]
2022-07-18 14:20:47,275 INFO: Epoch: 87 | PSNR: 28.1536 | Loss: 6.8736 | lr: 1.00e-03 | Best_PSNR: 28.1542 in Epoch [86]
2022-07-18 14:21:55,750 INFO: Epoch: 88 | PSNR: 28.1541 | Loss: 6.9029 | lr: 1.00e-03 | Best_PSNR: 28.1542 in Epoch [86]
2022-07-18 14:22:56,780 INFO: Epoch: 89 | PSNR: 28.1545 | Loss: 6.8140 | lr: 1.00e-03 | Best_PSNR: 28.1545 in Epoch [89]
2022-07-18 14:23:59,003 INFO: Epoch: 90 | PSNR: 28.1517 | Loss: 6.8488 | lr: 1.00e-03 | Best_PSNR: 28.1545 in Epoch [89]
2022-07-18 14:25:02,691 INFO: Epoch: 91 | PSNR: 28.1534 | Loss: 6.8807 | lr: 1.00e-03 | Best_PSNR: 28.1545 in Epoch [89]
2022-07-18 14:26:08,196 INFO: Epoch: 92 | PSNR: 28.1518 | Loss: 6.8003 | lr: 1.00e-03 | Best_PSNR: 28.1545 in Epoch [89]
2022-07-18 14:27:10,866 INFO: Epoch: 93 | PSNR: 28.1495 | Loss: 6.8411 | lr: 1.00e-03 | Best_PSNR: 28.1545 in Epoch [89]
2022-07-18 14:28:08,615 INFO: Epoch: 94 | PSNR: 28.1517 | Loss: 6.8878 | lr: 1.00e-03 | Best_PSNR: 28.1545 in Epoch [89]
2022-07-18 14:29:01,462 INFO: Epoch: 95 | PSNR: 28.1499 | Loss: 6.8376 | lr: 1.00e-03 | Best_PSNR: 28.1545 in Epoch [89]
2022-07-18 14:30:01,914 INFO: Epoch: 96 | PSNR: 28.1498 | Loss: 6.8348 | lr: 1.00e-03 | Best_PSNR: 28.1545 in Epoch [89]
2022-07-18 14:31:03,548 INFO: Epoch: 97 | PSNR: 28.1533 | Loss: 6.8380 | lr: 1.00e-03 | Best_PSNR: 28.1545 in Epoch [89]
2022-07-18 14:32:09,160 INFO: Epoch: 98 | PSNR: 28.1504 | Loss: 6.8011 | lr: 1.00e-03 | Best_PSNR: 28.1545 in Epoch [89]
2022-07-18 14:33:12,798 INFO: Epoch: 99 | PSNR: 28.1514 | Loss: 6.7903 | lr: 1.00e-03 | Best_PSNR: 28.1545 in Epoch [89]
2022-07-18 14:34:27,333 INFO: Epoch: 100 | PSNR: 28.1485 | Loss: 6.7994 | lr: 1.00e-03 | Best_PSNR: 28.1545 in Epoch [89]
2022-07-18 14:35:33,606 INFO: Epoch: 101 | PSNR: 28.1498 | Loss: 6.8136 | lr: 1.00e-03 | Best_PSNR: 28.1545 in Epoch [89]
2022-07-18 14:36:34,629 INFO: Epoch: 102 | PSNR: 28.1526 | Loss: 6.8775 | lr: 1.00e-03 | Best_PSNR: 28.1545 in Epoch [89]
2022-07-18 14:37:46,445 INFO: Epoch: 103 | PSNR: 28.1538 | Loss: 6.8651 | lr: 1.00e-03 | Best_PSNR: 28.1545 in Epoch [89]
2022-07-18 14:38:57,637 INFO: Epoch: 104 | PSNR: 28.1513 | Loss: 6.8312 | lr: 1.00e-03 | Best_PSNR: 28.1545 in Epoch [89]
2022-07-18 14:39:55,786 INFO: Epoch: 105 | PSNR: 28.1505 | Loss: 6.8635 | lr: 1.00e-03 | Best_PSNR: 28.1545 in Epoch [89]
2022-07-18 14:40:53,415 INFO: Epoch: 106 | PSNR: 28.1525 | Loss: 6.8205 | lr: 1.00e-03 | Best_PSNR: 28.1545 in Epoch [89]
2022-07-18 14:41:49,815 INFO: Epoch: 107 | PSNR: 28.1520 | Loss: 6.8362 | lr: 1.00e-03 | Best_PSNR: 28.1545 in Epoch [89]
2022-07-18 14:42:58,879 INFO: Epoch: 108 | PSNR: 28.1538 | Loss: 6.8548 | lr: 1.00e-03 | Best_PSNR: 28.1545 in Epoch [89]
2022-07-18 14:44:07,559 INFO: Epoch: 109 | PSNR: 28.1534 | Loss: 6.8351 | lr: 1.00e-03 | Best_PSNR: 28.1545 in Epoch [89]
2022-07-18 14:45:07,666 INFO: Epoch: 110 | PSNR: 28.1540 | Loss: 6.8410 | lr: 1.00e-03 | Best_PSNR: 28.1545 in Epoch [89]
2022-07-18 14:46:02,200 INFO: Epoch: 111 | PSNR: 28.1526 | Loss: 6.8199 | lr: 1.00e-03 | Best_PSNR: 28.1545 in Epoch [89]
2022-07-18 14:46:59,533 INFO: Epoch: 112 | PSNR: 28.1517 | Loss: 6.8373 | lr: 1.00e-03 | Best_PSNR: 28.1545 in Epoch [89]
2022-07-18 14:47:56,884 INFO: Epoch: 113 | PSNR: 28.1535 | Loss: 6.8098 | lr: 1.00e-03 | Best_PSNR: 28.1545 in Epoch [89]
2022-07-18 14:49:03,688 INFO: Epoch: 114 | PSNR: 28.1518 | Loss: 6.8524 | lr: 1.00e-03 | Best_PSNR: 28.1545 in Epoch [89]
2022-07-18 14:50:07,755 INFO: Epoch: 115 | PSNR: 28.1509 | Loss: 6.8457 | lr: 1.00e-03 | Best_PSNR: 28.1545 in Epoch [89]
2022-07-18 14:51:08,651 INFO: Epoch: 116 | PSNR: 28.1490 | Loss: 6.8056 | lr: 1.00e-03 | Best_PSNR: 28.1545 in Epoch [89]
2022-07-18 14:52:06,470 INFO: Epoch: 117 | PSNR: 28.1491 | Loss: 6.7913 | lr: 1.00e-03 | Best_PSNR: 28.1545 in Epoch [89]
2022-07-18 14:53:03,418 INFO: Epoch: 118 | PSNR: 28.1498 | Loss: 6.8305 | lr: 1.00e-03 | Best_PSNR: 28.1545 in Epoch [89]
2022-07-18 14:54:01,613 INFO: Epoch: 119 | PSNR: 28.1520 | Loss: 6.8191 | lr: 1.00e-03 | Best_PSNR: 28.1545 in Epoch [89]
2022-07-18 14:55:02,227 INFO: Epoch: 120 | PSNR: 28.1512 | Loss: 6.7843 | lr: 1.00e-03 | Best_PSNR: 28.1545 in Epoch [89]
2022-07-18 14:56:05,088 INFO: Epoch: 121 | PSNR: 28.1529 | Loss: 6.7922 | lr: 5.00e-04 | Best_PSNR: 28.1545 in Epoch [89]
2022-07-18 14:56:58,862 INFO: Epoch: 122 | PSNR: 28.1513 | Loss: 6.8046 | lr: 5.00e-04 | Best_PSNR: 28.1545 in Epoch [89]
2022-07-18 14:57:57,372 INFO: Epoch: 123 | PSNR: 28.1529 | Loss: 6.8200 | lr: 5.00e-04 | Best_PSNR: 28.1545 in Epoch [89]
2022-07-18 14:58:57,763 INFO: Epoch: 124 | PSNR: 28.1540 | Loss: 6.8203 | lr: 5.00e-04 | Best_PSNR: 28.1545 in Epoch [89]
2022-07-18 15:00:12,888 INFO: Epoch: 125 | PSNR: 28.1521 | Loss: 6.8468 | lr: 5.00e-04 | Best_PSNR: 28.1545 in Epoch [89]
2022-07-18 15:01:15,203 INFO: Epoch: 126 | PSNR: 28.1540 | Loss: 6.8197 | lr: 5.00e-04 | Best_PSNR: 28.1545 in Epoch [89]
2022-07-18 15:02:10,407 INFO: Epoch: 127 | PSNR: 28.1529 | Loss: 6.8300 | lr: 5.00e-04 | Best_PSNR: 28.1545 in Epoch [89]
2022-07-18 15:03:02,694 INFO: Epoch: 128 | PSNR: 28.1529 | Loss: 6.8175 | lr: 5.00e-04 | Best_PSNR: 28.1545 in Epoch [89]
2022-07-18 15:04:05,868 INFO: Epoch: 129 | PSNR: 28.1509 | Loss: 6.7794 | lr: 5.00e-04 | Best_PSNR: 28.1545 in Epoch [89]
2022-07-18 15:05:09,830 INFO: Epoch: 130 | PSNR: 28.1497 | Loss: 6.7633 | lr: 5.00e-04 | Best_PSNR: 28.1545 in Epoch [89]
2022-07-18 15:06:20,741 INFO: Epoch: 131 | PSNR: 28.1513 | Loss: 6.8396 | lr: 5.00e-04 | Best_PSNR: 28.1545 in Epoch [89]
2022-07-18 15:07:29,662 INFO: Epoch: 132 | PSNR: 28.1542 | Loss: 6.8370 | lr: 5.00e-04 | Best_PSNR: 28.1545 in Epoch [89]
2022-07-18 15:08:24,885 INFO: Epoch: 133 | PSNR: 28.1538 | Loss: 6.7925 | lr: 5.00e-04 | Best_PSNR: 28.1545 in Epoch [89]
2022-07-18 15:09:20,258 INFO: Epoch: 134 | PSNR: 28.1553 | Loss: 6.8522 | lr: 5.00e-04 | Best_PSNR: 28.1553 in Epoch [134]
2022-07-18 15:10:18,851 INFO: Epoch: 135 | PSNR: 28.1524 | Loss: 6.8378 | lr: 5.00e-04 | Best_PSNR: 28.1553 in Epoch [134]
2022-07-18 15:11:15,871 INFO: Epoch: 136 | PSNR: 28.1517 | Loss: 6.8262 | lr: 5.00e-04 | Best_PSNR: 28.1553 in Epoch [134]
2022-07-18 15:12:12,555 INFO: Epoch: 137 | PSNR: 28.1489 | Loss: 6.8119 | lr: 5.00e-04 | Best_PSNR: 28.1553 in Epoch [134]
2022-07-18 15:13:19,364 INFO: Epoch: 138 | PSNR: 28.1527 | Loss: 6.7982 | lr: 5.00e-04 | Best_PSNR: 28.1553 in Epoch [134]
2022-07-18 15:14:33,709 INFO: Epoch: 139 | PSNR: 28.1537 | Loss: 6.7979 | lr: 5.00e-04 | Best_PSNR: 28.1553 in Epoch [134]
2022-07-18 15:15:35,945 INFO: Epoch: 140 | PSNR: 28.1543 | Loss: 6.8483 | lr: 5.00e-04 | Best_PSNR: 28.1553 in Epoch [134]
2022-07-18 15:16:35,290 INFO: Epoch: 141 | PSNR: 28.1536 | Loss: 6.8291 | lr: 5.00e-04 | Best_PSNR: 28.1553 in Epoch [134]
2022-07-18 15:17:42,510 INFO: Epoch: 142 | PSNR: 28.1574 | Loss: 6.8193 | lr: 5.00e-04 | Best_PSNR: 28.1574 in Epoch [142]
2022-07-18 15:18:39,613 INFO: Epoch: 143 | PSNR: 28.1537 | Loss: 6.7974 | lr: 5.00e-04 | Best_PSNR: 28.1574 in Epoch [142]
2022-07-18 15:19:34,665 INFO: Epoch: 144 | PSNR: 28.1543 | Loss: 6.8027 | lr: 5.00e-04 | Best_PSNR: 28.1574 in Epoch [142]
2022-07-18 15:20:44,499 INFO: Epoch: 145 | PSNR: 28.1545 | Loss: 6.8496 | lr: 5.00e-04 | Best_PSNR: 28.1574 in Epoch [142]
2022-07-18 15:21:44,806 INFO: Epoch: 146 | PSNR: 28.1534 | Loss: 6.8463 | lr: 5.00e-04 | Best_PSNR: 28.1574 in Epoch [142]
2022-07-18 15:22:40,422 INFO: Epoch: 147 | PSNR: 28.1559 | Loss: 6.8504 | lr: 5.00e-04 | Best_PSNR: 28.1574 in Epoch [142]
2022-07-18 15:23:53,529 INFO: Epoch: 148 | PSNR: 28.1553 | Loss: 6.8251 | lr: 5.00e-04 | Best_PSNR: 28.1574 in Epoch [142]
2022-07-18 15:24:52,858 INFO: Epoch: 149 | PSNR: 28.1557 | Loss: 6.8212 | lr: 5.00e-04 | Best_PSNR: 28.1574 in Epoch [142]
2022-07-18 15:25:48,686 INFO: Epoch: 150 | PSNR: 28.1540 | Loss: 6.8151 | lr: 5.00e-04 | Best_PSNR: 28.1574 in Epoch [142]
2022-07-18 15:26:43,798 INFO: Epoch: 151 | PSNR: 28.1523 | Loss: 6.7649 | lr: 5.00e-04 | Best_PSNR: 28.1574 in Epoch [142]
2022-07-18 15:27:43,739 INFO: Epoch: 152 | PSNR: 28.1515 | Loss: 6.8053 | lr: 5.00e-04 | Best_PSNR: 28.1574 in Epoch [142]
2022-07-18 15:28:45,416 INFO: Epoch: 153 | PSNR: 28.1543 | Loss: 6.8119 | lr: 5.00e-04 | Best_PSNR: 28.1574 in Epoch [142]
2022-07-18 15:29:43,013 INFO: Epoch: 154 | PSNR: 28.1552 | Loss: 6.8542 | lr: 5.00e-04 | Best_PSNR: 28.1574 in Epoch [142]
2022-07-18 15:30:42,139 INFO: Epoch: 155 | PSNR: 28.1540 | Loss: 6.8096 | lr: 5.00e-04 | Best_PSNR: 28.1574 in Epoch [142]
2022-07-18 15:31:52,006 INFO: Epoch: 156 | PSNR: 28.1549 | Loss: 6.8030 | lr: 5.00e-04 | Best_PSNR: 28.1574 in Epoch [142]
2022-07-18 15:32:58,486 INFO: Epoch: 157 | PSNR: 28.1561 | Loss: 6.8285 | lr: 5.00e-04 | Best_PSNR: 28.1574 in Epoch [142]
2022-07-18 15:34:06,674 INFO: Epoch: 158 | PSNR: 28.1541 | Loss: 6.8498 | lr: 5.00e-04 | Best_PSNR: 28.1574 in Epoch [142]
2022-07-18 15:35:06,122 INFO: Epoch: 159 | PSNR: 28.1556 | Loss: 6.8450 | lr: 5.00e-04 | Best_PSNR: 28.1574 in Epoch [142]
2022-07-18 15:36:11,404 INFO: Epoch: 160 | PSNR: 28.1564 | Loss: 6.8072 | lr: 5.00e-04 | Best_PSNR: 28.1574 in Epoch [142]
2022-07-18 15:37:13,357 INFO: Epoch: 161 | PSNR: 28.1574 | Loss: 6.8444 | lr: 5.00e-04 | Best_PSNR: 28.1574 in Epoch [142]
2022-07-18 15:38:11,684 INFO: Epoch: 162 | PSNR: 28.1545 | Loss: 6.8417 | lr: 5.00e-04 | Best_PSNR: 28.1574 in Epoch [142]
2022-07-18 15:39:11,142 INFO: Epoch: 163 | PSNR: 28.1580 | Loss: 6.8731 | lr: 5.00e-04 | Best_PSNR: 28.1580 in Epoch [163]
2022-07-18 15:40:10,658 INFO: Epoch: 164 | PSNR: 28.1572 | Loss: 6.8397 | lr: 5.00e-04 | Best_PSNR: 28.1580 in Epoch [163]
2022-07-18 15:41:08,268 INFO: Epoch: 165 | PSNR: 28.1560 | Loss: 6.8230 | lr: 5.00e-04 | Best_PSNR: 28.1580 in Epoch [163]
2022-07-18 15:42:00,135 INFO: Epoch: 166 | PSNR: 28.1536 | Loss: 6.8189 | lr: 5.00e-04 | Best_PSNR: 28.1580 in Epoch [163]
2022-07-18 15:43:03,187 INFO: Epoch: 167 | PSNR: 28.1531 | Loss: 6.8140 | lr: 5.00e-04 | Best_PSNR: 28.1580 in Epoch [163]
2022-07-18 15:44:04,465 INFO: Epoch: 168 | PSNR: 28.1561 | Loss: 6.8507 | lr: 5.00e-04 | Best_PSNR: 28.1580 in Epoch [163]
2022-07-18 15:44:58,110 INFO: Epoch: 169 | PSNR: 28.1534 | Loss: 6.7845 | lr: 5.00e-04 | Best_PSNR: 28.1580 in Epoch [163]
2022-07-18 15:45:52,019 INFO: Epoch: 170 | PSNR: 28.1508 | Loss: 6.7846 | lr: 5.00e-04 | Best_PSNR: 28.1580 in Epoch [163]
2022-07-18 15:46:59,901 INFO: Epoch: 171 | PSNR: 28.1519 | Loss: 6.7861 | lr: 5.00e-04 | Best_PSNR: 28.1580 in Epoch [163]
2022-07-18 15:48:05,818 INFO: Epoch: 172 | PSNR: 28.1526 | Loss: 6.7763 | lr: 5.00e-04 | Best_PSNR: 28.1580 in Epoch [163]
2022-07-18 15:49:01,234 INFO: Epoch: 173 | PSNR: 28.1527 | Loss: 6.8121 | lr: 5.00e-04 | Best_PSNR: 28.1580 in Epoch [163]
2022-07-18 15:49:57,082 INFO: Epoch: 174 | PSNR: 28.1548 | Loss: 6.8547 | lr: 5.00e-04 | Best_PSNR: 28.1580 in Epoch [163]
2022-07-18 15:50:44,758 INFO: Epoch: 175 | PSNR: 28.1557 | Loss: 6.8057 | lr: 5.00e-04 | Best_PSNR: 28.1580 in Epoch [163]
2022-07-18 15:51:46,411 INFO: Epoch: 176 | PSNR: 28.1543 | Loss: 6.8134 | lr: 5.00e-04 | Best_PSNR: 28.1580 in Epoch [163]
2022-07-18 15:52:50,144 INFO: Epoch: 177 | PSNR: 28.1529 | Loss: 6.8067 | lr: 5.00e-04 | Best_PSNR: 28.1580 in Epoch [163]
2022-07-18 15:53:46,083 INFO: Epoch: 178 | PSNR: 28.1525 | Loss: 6.7969 | lr: 5.00e-04 | Best_PSNR: 28.1580 in Epoch [163]
2022-07-18 15:54:46,632 INFO: Epoch: 179 | PSNR: 28.1513 | Loss: 6.8092 | lr: 5.00e-04 | Best_PSNR: 28.1580 in Epoch [163]
2022-07-18 15:55:49,396 INFO: Epoch: 180 | PSNR: 28.1495 | Loss: 6.7925 | lr: 5.00e-04 | Best_PSNR: 28.1580 in Epoch [163]
2022-07-18 15:56:48,281 INFO: Epoch: 181 | PSNR: 28.1529 | Loss: 6.7752 | lr: 5.00e-04 | Best_PSNR: 28.1580 in Epoch [163]
2022-07-18 15:57:42,472 INFO: Epoch: 182 | PSNR: 28.1559 | Loss: 6.8351 | lr: 5.00e-04 | Best_PSNR: 28.1580 in Epoch [163]
2022-07-18 15:58:41,379 INFO: Epoch: 183 | PSNR: 28.1579 | Loss: 6.8596 | lr: 5.00e-04 | Best_PSNR: 28.1580 in Epoch [163]
2022-07-18 15:59:42,751 INFO: Epoch: 184 | PSNR: 28.1549 | Loss: 6.7331 | lr: 5.00e-04 | Best_PSNR: 28.1580 in Epoch [163]
2022-07-18 16:00:48,605 INFO: Epoch: 185 | PSNR: 28.1527 | Loss: 6.8137 | lr: 5.00e-04 | Best_PSNR: 28.1580 in Epoch [163]
2022-07-18 16:01:47,791 INFO: Epoch: 186 | PSNR: 28.1542 | Loss: 6.8349 | lr: 5.00e-04 | Best_PSNR: 28.1580 in Epoch [163]
2022-07-18 16:02:42,884 INFO: Epoch: 187 | PSNR: 28.1526 | Loss: 6.7677 | lr: 5.00e-04 | Best_PSNR: 28.1580 in Epoch [163]
2022-07-18 16:03:41,534 INFO: Epoch: 188 | PSNR: 28.1539 | Loss: 6.7963 | lr: 5.00e-04 | Best_PSNR: 28.1580 in Epoch [163]
2022-07-18 16:04:45,840 INFO: Epoch: 189 | PSNR: 28.1543 | Loss: 6.8138 | lr: 5.00e-04 | Best_PSNR: 28.1580 in Epoch [163]
2022-07-18 16:05:56,895 INFO: Epoch: 190 | PSNR: 28.1558 | Loss: 6.8150 | lr: 5.00e-04 | Best_PSNR: 28.1580 in Epoch [163]
2022-07-18 16:06:56,893 INFO: Epoch: 191 | PSNR: 28.1505 | Loss: 6.7855 | lr: 5.00e-04 | Best_PSNR: 28.1580 in Epoch [163]
2022-07-18 16:08:00,087 INFO: Epoch: 192 | PSNR: 28.1539 | Loss: 6.7833 | lr: 5.00e-04 | Best_PSNR: 28.1580 in Epoch [163]
2022-07-18 16:09:02,917 INFO: Epoch: 193 | PSNR: 28.1544 | Loss: 6.8029 | lr: 5.00e-04 | Best_PSNR: 28.1580 in Epoch [163]
2022-07-18 16:10:12,704 INFO: Epoch: 194 | PSNR: 28.1532 | Loss: 6.8093 | lr: 5.00e-04 | Best_PSNR: 28.1580 in Epoch [163]
2022-07-18 16:11:06,139 INFO: Epoch: 195 | PSNR: 28.1521 | Loss: 6.8015 | lr: 5.00e-04 | Best_PSNR: 28.1580 in Epoch [163]
2022-07-18 16:12:00,566 INFO: Epoch: 196 | PSNR: 28.1548 | Loss: 6.8379 | lr: 5.00e-04 | Best_PSNR: 28.1580 in Epoch [163]
2022-07-18 16:12:59,145 INFO: Epoch: 197 | PSNR: 28.1559 | Loss: 6.8370 | lr: 5.00e-04 | Best_PSNR: 28.1580 in Epoch [163]
2022-07-18 16:14:01,888 INFO: Epoch: 198 | PSNR: 28.1579 | Loss: 6.8007 | lr: 5.00e-04 | Best_PSNR: 28.1580 in Epoch [163]
2022-07-18 16:14:58,469 INFO: Epoch: 199 | PSNR: 28.1558 | Loss: 6.8400 | lr: 5.00e-04 | Best_PSNR: 28.1580 in Epoch [163]
2022-07-18 16:16:00,647 INFO: Epoch: 200 | PSNR: 28.1537 | Loss: 6.8090 | lr: 5.00e-04 | Best_PSNR: 28.1580 in Epoch [163]
2022-07-18 16:16:59,018 INFO: Epoch: 201 | PSNR: 28.1530 | Loss: 6.8540 | lr: 5.00e-04 | Best_PSNR: 28.1580 in Epoch [163]
2022-07-18 16:18:00,568 INFO: Epoch: 202 | PSNR: 28.1564 | Loss: 6.8302 | lr: 5.00e-04 | Best_PSNR: 28.1580 in Epoch [163]
2022-07-18 16:18:51,061 INFO: Epoch: 203 | PSNR: 28.1554 | Loss: 6.7528 | lr: 5.00e-04 | Best_PSNR: 28.1580 in Epoch [163]
2022-07-18 16:19:52,014 INFO: Epoch: 204 | PSNR: 28.1550 | Loss: 6.7560 | lr: 5.00e-04 | Best_PSNR: 28.1580 in Epoch [163]
2022-07-18 16:21:00,137 INFO: Epoch: 205 | PSNR: 28.1546 | Loss: 6.8272 | lr: 5.00e-04 | Best_PSNR: 28.1580 in Epoch [163]
2022-07-18 16:22:12,233 INFO: Epoch: 206 | PSNR: 28.1556 | Loss: 6.8056 | lr: 5.00e-04 | Best_PSNR: 28.1580 in Epoch [163]
2022-07-18 16:23:18,896 INFO: Epoch: 207 | PSNR: 28.1581 | Loss: 6.8892 | lr: 5.00e-04 | Best_PSNR: 28.1581 in Epoch [207]
2022-07-18 16:24:11,544 INFO: Epoch: 208 | PSNR: 28.1570 | Loss: 6.8359 | lr: 5.00e-04 | Best_PSNR: 28.1581 in Epoch [207]
2022-07-18 16:25:15,980 INFO: Epoch: 209 | PSNR: 28.1539 | Loss: 6.8025 | lr: 5.00e-04 | Best_PSNR: 28.1581 in Epoch [207]
2022-07-18 16:26:14,891 INFO: Epoch: 210 | PSNR: 28.1542 | Loss: 6.7953 | lr: 5.00e-04 | Best_PSNR: 28.1581 in Epoch [207]
2022-07-18 16:27:20,984 INFO: Epoch: 211 | PSNR: 28.1553 | Loss: 6.8455 | lr: 5.00e-04 | Best_PSNR: 28.1581 in Epoch [207]
2022-07-18 16:28:17,224 INFO: Epoch: 212 | PSNR: 28.1546 | Loss: 6.8225 | lr: 5.00e-04 | Best_PSNR: 28.1581 in Epoch [207]
2022-07-18 16:29:18,630 INFO: Epoch: 213 | PSNR: 28.1572 | Loss: 6.7984 | lr: 5.00e-04 | Best_PSNR: 28.1581 in Epoch [207]
2022-07-18 16:30:29,334 INFO: Epoch: 214 | PSNR: 28.1557 | Loss: 6.8472 | lr: 5.00e-04 | Best_PSNR: 28.1581 in Epoch [207]
2022-07-18 16:31:32,507 INFO: Epoch: 215 | PSNR: 28.1554 | Loss: 6.8117 | lr: 5.00e-04 | Best_PSNR: 28.1581 in Epoch [207]
2022-07-18 16:32:22,833 INFO: Epoch: 216 | PSNR: 28.1558 | Loss: 6.8336 | lr: 5.00e-04 | Best_PSNR: 28.1581 in Epoch [207]
2022-07-18 16:33:15,233 INFO: Epoch: 217 | PSNR: 28.1562 | Loss: 6.8358 | lr: 5.00e-04 | Best_PSNR: 28.1581 in Epoch [207]
2022-07-18 16:34:14,529 INFO: Epoch: 218 | PSNR: 28.1545 | Loss: 6.8366 | lr: 5.00e-04 | Best_PSNR: 28.1581 in Epoch [207]
2022-07-18 16:35:15,325 INFO: Epoch: 219 | PSNR: 28.1545 | Loss: 6.8102 | lr: 5.00e-04 | Best_PSNR: 28.1581 in Epoch [207]
2022-07-18 16:36:16,754 INFO: Epoch: 220 | PSNR: 28.1552 | Loss: 6.8401 | lr: 5.00e-04 | Best_PSNR: 28.1581 in Epoch [207]
2022-07-18 16:37:17,229 INFO: Epoch: 221 | PSNR: 28.1543 | Loss: 6.8328 | lr: 5.00e-04 | Best_PSNR: 28.1581 in Epoch [207]
2022-07-18 16:38:21,662 INFO: Epoch: 222 | PSNR: 28.1533 | Loss: 6.7981 | lr: 5.00e-04 | Best_PSNR: 28.1581 in Epoch [207]
2022-07-18 16:39:30,597 INFO: Epoch: 223 | PSNR: 28.1521 | Loss: 6.8081 | lr: 5.00e-04 | Best_PSNR: 28.1581 in Epoch [207]
2022-07-18 16:40:28,365 INFO: Epoch: 224 | PSNR: 28.1535 | Loss: 6.8495 | lr: 5.00e-04 | Best_PSNR: 28.1581 in Epoch [207]
2022-07-18 16:41:28,140 INFO: Epoch: 225 | PSNR: 28.1530 | Loss: 6.8005 | lr: 5.00e-04 | Best_PSNR: 28.1581 in Epoch [207]
2022-07-18 16:42:32,019 INFO: Epoch: 226 | PSNR: 28.1514 | Loss: 6.8047 | lr: 5.00e-04 | Best_PSNR: 28.1581 in Epoch [207]
2022-07-18 16:43:34,004 INFO: Epoch: 227 | PSNR: 28.1541 | Loss: 6.8296 | lr: 5.00e-04 | Best_PSNR: 28.1581 in Epoch [207]
2022-07-18 16:44:38,438 INFO: Epoch: 228 | PSNR: 28.1563 | Loss: 6.7980 | lr: 5.00e-04 | Best_PSNR: 28.1581 in Epoch [207]
2022-07-18 16:45:33,619 INFO: Epoch: 229 | PSNR: 28.1549 | Loss: 6.8388 | lr: 5.00e-04 | Best_PSNR: 28.1581 in Epoch [207]
2022-07-18 16:46:29,244 INFO: Epoch: 230 | PSNR: 28.1533 | Loss: 6.8015 | lr: 5.00e-04 | Best_PSNR: 28.1581 in Epoch [207]
2022-07-18 16:47:30,329 INFO: Epoch: 231 | PSNR: 28.1556 | Loss: 6.8132 | lr: 5.00e-04 | Best_PSNR: 28.1581 in Epoch [207]
2022-07-18 16:48:35,402 INFO: Epoch: 232 | PSNR: 28.1572 | Loss: 6.8228 | lr: 5.00e-04 | Best_PSNR: 28.1581 in Epoch [207]
2022-07-18 16:49:41,679 INFO: Epoch: 233 | PSNR: 28.1541 | Loss: 6.8188 | lr: 5.00e-04 | Best_PSNR: 28.1581 in Epoch [207]
2022-07-18 16:50:40,991 INFO: Epoch: 234 | PSNR: 28.1538 | Loss: 6.8222 | lr: 5.00e-04 | Best_PSNR: 28.1581 in Epoch [207]
2022-07-18 16:51:46,291 INFO: Epoch: 235 | PSNR: 28.1553 | Loss: 6.8232 | lr: 5.00e-04 | Best_PSNR: 28.1581 in Epoch [207]
2022-07-18 16:52:36,555 INFO: Epoch: 236 | PSNR: 28.1543 | Loss: 6.8211 | lr: 5.00e-04 | Best_PSNR: 28.1581 in Epoch [207]
2022-07-18 16:53:32,992 INFO: Epoch: 237 | PSNR: 28.1553 | Loss: 6.7839 | lr: 5.00e-04 | Best_PSNR: 28.1581 in Epoch [207]
2022-07-18 16:54:42,988 INFO: Epoch: 238 | PSNR: 28.1554 | Loss: 6.8231 | lr: 5.00e-04 | Best_PSNR: 28.1581 in Epoch [207]
2022-07-18 16:55:43,882 INFO: Epoch: 239 | PSNR: 28.1558 | Loss: 6.8135 | lr: 5.00e-04 | Best_PSNR: 28.1581 in Epoch [207]
2022-07-18 16:56:34,211 INFO: Epoch: 240 | PSNR: 28.1547 | Loss: 6.8081 | lr: 5.00e-04 | Best_PSNR: 28.1581 in Epoch [207]
2022-07-18 16:57:37,405 INFO: Epoch: 241 | PSNR: 28.1552 | Loss: 6.8270 | lr: 2.50e-04 | Best_PSNR: 28.1581 in Epoch [207]
2022-07-18 16:58:37,928 INFO: Epoch: 242 | PSNR: 28.1555 | Loss: 6.7954 | lr: 2.50e-04 | Best_PSNR: 28.1581 in Epoch [207]
2022-07-18 16:59:29,822 INFO: Epoch: 243 | PSNR: 28.1545 | Loss: 6.7971 | lr: 2.50e-04 | Best_PSNR: 28.1581 in Epoch [207]
2022-07-18 17:00:20,996 INFO: Epoch: 244 | PSNR: 28.1547 | Loss: 6.8138 | lr: 2.50e-04 | Best_PSNR: 28.1581 in Epoch [207]
2022-07-18 17:01:16,155 INFO: Epoch: 245 | PSNR: 28.1549 | Loss: 6.7756 | lr: 2.50e-04 | Best_PSNR: 28.1581 in Epoch [207]
2022-07-18 17:02:15,423 INFO: Epoch: 246 | PSNR: 28.1554 | Loss: 6.7928 | lr: 2.50e-04 | Best_PSNR: 28.1581 in Epoch [207]
2022-07-18 17:03:15,857 INFO: Epoch: 247 | PSNR: 28.1530 | Loss: 6.8090 | lr: 2.50e-04 | Best_PSNR: 28.1581 in Epoch [207]
2022-07-18 17:04:17,480 INFO: Epoch: 248 | PSNR: 28.1534 | Loss: 6.7965 | lr: 2.50e-04 | Best_PSNR: 28.1581 in Epoch [207]
2022-07-18 17:05:18,601 INFO: Epoch: 249 | PSNR: 28.1552 | Loss: 6.7737 | lr: 2.50e-04 | Best_PSNR: 28.1581 in Epoch [207]
2022-07-18 17:06:01,684 INFO: Epoch: 250 | PSNR: 28.1560 | Loss: 6.8173 | lr: 2.50e-04 | Best_PSNR: 28.1581 in Epoch [207]
2022-07-18 17:07:05,934 INFO: Epoch: 251 | PSNR: 28.1555 | Loss: 6.8206 | lr: 2.50e-04 | Best_PSNR: 28.1581 in Epoch [207]
2022-07-18 17:08:12,513 INFO: Epoch: 252 | PSNR: 28.1557 | Loss: 6.8358 | lr: 2.50e-04 | Best_PSNR: 28.1581 in Epoch [207]
2022-07-18 17:09:10,628 INFO: Epoch: 253 | PSNR: 28.1597 | Loss: 6.8489 | lr: 2.50e-04 | Best_PSNR: 28.1597 in Epoch [253]
2022-07-18 17:10:04,220 INFO: Epoch: 254 | PSNR: 28.1585 | Loss: 6.8615 | lr: 2.50e-04 | Best_PSNR: 28.1597 in Epoch [253]
2022-07-18 17:11:05,513 INFO: Epoch: 255 | PSNR: 28.1572 | Loss: 6.8443 | lr: 2.50e-04 | Best_PSNR: 28.1597 in Epoch [253]
2022-07-18 17:12:02,250 INFO: Epoch: 256 | PSNR: 28.1581 | Loss: 6.7989 | lr: 2.50e-04 | Best_PSNR: 28.1597 in Epoch [253]
2022-07-18 17:13:00,059 INFO: Epoch: 257 | PSNR: 28.1585 | Loss: 6.8235 | lr: 2.50e-04 | Best_PSNR: 28.1597 in Epoch [253]
2022-07-18 17:14:07,107 INFO: Epoch: 258 | PSNR: 28.1560 | Loss: 6.8469 | lr: 2.50e-04 | Best_PSNR: 28.1597 in Epoch [253]
2022-07-18 17:14:57,409 INFO: Epoch: 259 | PSNR: 28.1542 | Loss: 6.7726 | lr: 2.50e-04 | Best_PSNR: 28.1597 in Epoch [253]
2022-07-18 17:15:50,434 INFO: Epoch: 260 | PSNR: 28.1514 | Loss: 6.7347 | lr: 2.50e-04 | Best_PSNR: 28.1597 in Epoch [253]
2022-07-18 17:16:58,850 INFO: Epoch: 261 | PSNR: 28.1524 | Loss: 6.7979 | lr: 2.50e-04 | Best_PSNR: 28.1597 in Epoch [253]
2022-07-18 17:17:56,198 INFO: Epoch: 262 | PSNR: 28.1536 | Loss: 6.8151 | lr: 2.50e-04 | Best_PSNR: 28.1597 in Epoch [253]
2022-07-18 17:18:51,168 INFO: Epoch: 263 | PSNR: 28.1561 | Loss: 6.7896 | lr: 2.50e-04 | Best_PSNR: 28.1597 in Epoch [253]
2022-07-18 17:20:03,919 INFO: Epoch: 264 | PSNR: 28.1572 | Loss: 6.8735 | lr: 2.50e-04 | Best_PSNR: 28.1597 in Epoch [253]
2022-07-18 17:21:01,154 INFO: Epoch: 265 | PSNR: 28.1552 | Loss: 6.7618 | lr: 2.50e-04 | Best_PSNR: 28.1597 in Epoch [253]
2022-07-18 17:21:56,745 INFO: Epoch: 266 | PSNR: 28.1545 | Loss: 6.7857 | lr: 2.50e-04 | Best_PSNR: 28.1597 in Epoch [253]
2022-07-18 17:23:05,667 INFO: Epoch: 267 | PSNR: 28.1555 | Loss: 6.8433 | lr: 2.50e-04 | Best_PSNR: 28.1597 in Epoch [253]
2022-07-18 17:24:08,520 INFO: Epoch: 268 | PSNR: 28.1561 | Loss: 6.8148 | lr: 2.50e-04 | Best_PSNR: 28.1597 in Epoch [253]
2022-07-18 17:25:06,736 INFO: Epoch: 269 | PSNR: 28.1543 | Loss: 6.8181 | lr: 2.50e-04 | Best_PSNR: 28.1597 in Epoch [253]
2022-07-18 17:26:08,402 INFO: Epoch: 270 | PSNR: 28.1543 | Loss: 6.7692 | lr: 2.50e-04 | Best_PSNR: 28.1597 in Epoch [253]
2022-07-18 17:27:13,506 INFO: Epoch: 271 | PSNR: 28.1540 | Loss: 6.8940 | lr: 2.50e-04 | Best_PSNR: 28.1597 in Epoch [253]
2022-07-18 17:28:01,708 INFO: Epoch: 272 | PSNR: 28.1550 | Loss: 6.7688 | lr: 2.50e-04 | Best_PSNR: 28.1597 in Epoch [253]
2022-07-18 17:29:03,793 INFO: Epoch: 273 | PSNR: 28.1544 | Loss: 6.7276 | lr: 2.50e-04 | Best_PSNR: 28.1597 in Epoch [253]
2022-07-18 17:30:05,746 INFO: Epoch: 274 | PSNR: 28.1557 | Loss: 6.8309 | lr: 2.50e-04 | Best_PSNR: 28.1597 in Epoch [253]
2022-07-18 17:30:57,505 INFO: Epoch: 275 | PSNR: 28.1543 | Loss: 6.7877 | lr: 2.50e-04 | Best_PSNR: 28.1597 in Epoch [253]
2022-07-18 17:31:56,988 INFO: Epoch: 276 | PSNR: 28.1548 | Loss: 6.8322 | lr: 2.50e-04 | Best_PSNR: 28.1597 in Epoch [253]
2022-07-18 17:32:56,634 INFO: Epoch: 277 | PSNR: 28.1546 | Loss: 6.8510 | lr: 2.50e-04 | Best_PSNR: 28.1597 in Epoch [253]
2022-07-18 17:33:52,486 INFO: Epoch: 278 | PSNR: 28.1569 | Loss: 6.8064 | lr: 2.50e-04 | Best_PSNR: 28.1597 in Epoch [253]
2022-07-18 17:34:52,969 INFO: Epoch: 279 | PSNR: 28.1545 | Loss: 6.8354 | lr: 2.50e-04 | Best_PSNR: 28.1597 in Epoch [253]
2022-07-18 17:35:52,879 INFO: Epoch: 280 | PSNR: 28.1522 | Loss: 6.8039 | lr: 2.50e-04 | Best_PSNR: 28.1597 in Epoch [253]
2022-07-18 17:36:48,310 INFO: Epoch: 281 | PSNR: 28.1552 | Loss: 6.8364 | lr: 2.50e-04 | Best_PSNR: 28.1597 in Epoch [253]
2022-07-18 17:37:51,372 INFO: Epoch: 282 | PSNR: 28.1546 | Loss: 6.8096 | lr: 2.50e-04 | Best_PSNR: 28.1597 in Epoch [253]
2022-07-18 17:39:03,241 INFO: Epoch: 283 | PSNR: 28.1572 | Loss: 6.8607 | lr: 2.50e-04 | Best_PSNR: 28.1597 in Epoch [253]
2022-07-18 17:40:03,132 INFO: Epoch: 284 | PSNR: 28.1545 | Loss: 6.7913 | lr: 2.50e-04 | Best_PSNR: 28.1597 in Epoch [253]
2022-07-18 17:40:58,439 INFO: Epoch: 285 | PSNR: 28.1543 | Loss: 6.7985 | lr: 2.50e-04 | Best_PSNR: 28.1597 in Epoch [253]
2022-07-18 17:41:57,297 INFO: Epoch: 286 | PSNR: 28.1542 | Loss: 6.7871 | lr: 2.50e-04 | Best_PSNR: 28.1597 in Epoch [253]
2022-07-18 17:42:55,552 INFO: Epoch: 287 | PSNR: 28.1520 | Loss: 6.7884 | lr: 2.50e-04 | Best_PSNR: 28.1597 in Epoch [253]
2022-07-18 17:43:44,636 INFO: Epoch: 288 | PSNR: 28.1529 | Loss: 6.7949 | lr: 2.50e-04 | Best_PSNR: 28.1597 in Epoch [253]
2022-07-18 17:44:45,481 INFO: Epoch: 289 | PSNR: 28.1538 | Loss: 6.8027 | lr: 2.50e-04 | Best_PSNR: 28.1597 in Epoch [253]
2022-07-18 17:45:34,541 INFO: Epoch: 290 | PSNR: 28.1546 | Loss: 6.8338 | lr: 2.50e-04 | Best_PSNR: 28.1597 in Epoch [253]
2022-07-18 17:46:27,679 INFO: Epoch: 291 | PSNR: 28.1521 | Loss: 6.7638 | lr: 2.50e-04 | Best_PSNR: 28.1597 in Epoch [253]
2022-07-18 17:47:37,871 INFO: Epoch: 292 | PSNR: 28.1535 | Loss: 6.8083 | lr: 2.50e-04 | Best_PSNR: 28.1597 in Epoch [253]
2022-07-18 17:48:40,725 INFO: Epoch: 293 | PSNR: 28.1533 | Loss: 6.8116 | lr: 2.50e-04 | Best_PSNR: 28.1597 in Epoch [253]
2022-07-18 17:49:35,545 INFO: Epoch: 294 | PSNR: 28.1531 | Loss: 6.8358 | lr: 2.50e-04 | Best_PSNR: 28.1597 in Epoch [253]
2022-07-18 17:50:39,135 INFO: Epoch: 295 | PSNR: 28.1544 | Loss: 6.8148 | lr: 2.50e-04 | Best_PSNR: 28.1597 in Epoch [253]
2022-07-18 17:51:31,840 INFO: Epoch: 296 | PSNR: 28.1556 | Loss: 6.7737 | lr: 2.50e-04 | Best_PSNR: 28.1597 in Epoch [253]
2022-07-18 17:52:33,089 INFO: Epoch: 297 | PSNR: 28.1566 | Loss: 6.8961 | lr: 2.50e-04 | Best_PSNR: 28.1597 in Epoch [253]
2022-07-18 17:53:45,932 INFO: Epoch: 298 | PSNR: 28.1544 | Loss: 6.7849 | lr: 2.50e-04 | Best_PSNR: 28.1597 in Epoch [253]
2022-07-18 17:54:50,732 INFO: Epoch: 299 | PSNR: 28.1584 | Loss: 6.8539 | lr: 2.50e-04 | Best_PSNR: 28.1597 in Epoch [253]
2022-07-18 17:55:45,626 INFO: Epoch: 300 | PSNR: 28.1574 | Loss: 6.8198 | lr: 2.50e-04 | Best_PSNR: 28.1597 in Epoch [253]
2022-07-18 17:56:48,542 INFO: Epoch: 301 | PSNR: 28.1553 | Loss: 6.7633 | lr: 2.50e-04 | Best_PSNR: 28.1597 in Epoch [253]
2022-07-18 17:57:49,540 INFO: Epoch: 302 | PSNR: 28.1521 | Loss: 6.7621 | lr: 2.50e-04 | Best_PSNR: 28.1597 in Epoch [253]
2022-07-18 17:58:42,496 INFO: Epoch: 303 | PSNR: 28.1537 | Loss: 6.7867 | lr: 2.50e-04 | Best_PSNR: 28.1597 in Epoch [253]
2022-07-18 17:59:45,323 INFO: Epoch: 304 | PSNR: 28.1552 | Loss: 6.8346 | lr: 2.50e-04 | Best_PSNR: 28.1597 in Epoch [253]
2022-07-18 18:00:50,618 INFO: Epoch: 305 | PSNR: 28.1560 | Loss: 6.8360 | lr: 2.50e-04 | Best_PSNR: 28.1597 in Epoch [253]
2022-07-18 18:01:40,793 INFO: Epoch: 306 | PSNR: 28.1559 | Loss: 6.8168 | lr: 2.50e-04 | Best_PSNR: 28.1597 in Epoch [253]
2022-07-18 18:02:44,832 INFO: Epoch: 307 | PSNR: 28.1568 | Loss: 6.8593 | lr: 2.50e-04 | Best_PSNR: 28.1597 in Epoch [253]
2022-07-18 18:03:41,760 INFO: Epoch: 308 | PSNR: 28.1557 | Loss: 6.7737 | lr: 2.50e-04 | Best_PSNR: 28.1597 in Epoch [253]
2022-07-18 18:04:31,804 INFO: Epoch: 309 | PSNR: 28.1543 | Loss: 6.8081 | lr: 2.50e-04 | Best_PSNR: 28.1597 in Epoch [253]
2022-07-18 18:05:33,478 INFO: Epoch: 310 | PSNR: 28.1544 | Loss: 6.7880 | lr: 2.50e-04 | Best_PSNR: 28.1597 in Epoch [253]
2022-07-18 18:06:25,065 INFO: Epoch: 311 | PSNR: 28.1543 | Loss: 6.8082 | lr: 2.50e-04 | Best_PSNR: 28.1597 in Epoch [253]
2022-07-18 18:07:18,178 INFO: Epoch: 312 | PSNR: 28.1590 | Loss: 6.8195 | lr: 2.50e-04 | Best_PSNR: 28.1597 in Epoch [253]
2022-07-18 18:08:25,359 INFO: Epoch: 313 | PSNR: 28.1585 | Loss: 6.8557 | lr: 2.50e-04 | Best_PSNR: 28.1597 in Epoch [253]
2022-07-18 18:09:26,408 INFO: Epoch: 314 | PSNR: 28.1556 | Loss: 6.7936 | lr: 2.50e-04 | Best_PSNR: 28.1597 in Epoch [253]
2022-07-18 18:10:18,743 INFO: Epoch: 315 | PSNR: 28.1569 | Loss: 6.8136 | lr: 2.50e-04 | Best_PSNR: 28.1597 in Epoch [253]
2022-07-18 18:11:16,283 INFO: Epoch: 316 | PSNR: 28.1561 | Loss: 6.8409 | lr: 2.50e-04 | Best_PSNR: 28.1597 in Epoch [253]
2022-07-18 18:12:14,427 INFO: Epoch: 317 | PSNR: 28.1572 | Loss: 6.8057 | lr: 2.50e-04 | Best_PSNR: 28.1597 in Epoch [253]
2022-07-18 18:13:10,652 INFO: Epoch: 318 | PSNR: 28.1562 | Loss: 6.8146 | lr: 2.50e-04 | Best_PSNR: 28.1597 in Epoch [253]
2022-07-18 18:14:11,658 INFO: Epoch: 319 | PSNR: 28.1569 | Loss: 6.7703 | lr: 2.50e-04 | Best_PSNR: 28.1597 in Epoch [253]
2022-07-18 18:15:20,468 INFO: Epoch: 320 | PSNR: 28.1551 | Loss: 6.7812 | lr: 2.50e-04 | Best_PSNR: 28.1597 in Epoch [253]
2022-07-18 18:16:18,303 INFO: Epoch: 321 | PSNR: 28.1540 | Loss: 6.8055 | lr: 2.50e-04 | Best_PSNR: 28.1597 in Epoch [253]
2022-07-18 18:17:12,085 INFO: Epoch: 322 | PSNR: 28.1564 | Loss: 6.8152 | lr: 2.50e-04 | Best_PSNR: 28.1597 in Epoch [253]
2022-07-18 18:18:11,801 INFO: Epoch: 323 | PSNR: 28.1578 | Loss: 6.8380 | lr: 2.50e-04 | Best_PSNR: 28.1597 in Epoch [253]
2022-07-18 18:19:19,231 INFO: Epoch: 324 | PSNR: 28.1564 | Loss: 6.7615 | lr: 2.50e-04 | Best_PSNR: 28.1597 in Epoch [253]
2022-07-18 18:20:15,204 INFO: Epoch: 325 | PSNR: 28.1554 | Loss: 6.8600 | lr: 2.50e-04 | Best_PSNR: 28.1597 in Epoch [253]
2022-07-18 18:21:03,216 INFO: Epoch: 326 | PSNR: 28.1556 | Loss: 6.8028 | lr: 2.50e-04 | Best_PSNR: 28.1597 in Epoch [253]
2022-07-18 18:22:07,058 INFO: Epoch: 327 | PSNR: 28.1540 | Loss: 6.8153 | lr: 2.50e-04 | Best_PSNR: 28.1597 in Epoch [253]
2022-07-18 18:23:11,955 INFO: Epoch: 328 | PSNR: 28.1534 | Loss: 6.7944 | lr: 2.50e-04 | Best_PSNR: 28.1597 in Epoch [253]
2022-07-18 18:24:08,940 INFO: Epoch: 329 | PSNR: 28.1542 | Loss: 6.8368 | lr: 2.50e-04 | Best_PSNR: 28.1597 in Epoch [253]
2022-07-18 18:25:08,944 INFO: Epoch: 330 | PSNR: 28.1546 | Loss: 6.8146 | lr: 2.50e-04 | Best_PSNR: 28.1597 in Epoch [253]
2022-07-18 18:26:21,031 INFO: Epoch: 331 | PSNR: 28.1552 | Loss: 6.8296 | lr: 2.50e-04 | Best_PSNR: 28.1597 in Epoch [253]
2022-07-18 18:27:19,683 INFO: Epoch: 332 | PSNR: 28.1540 | Loss: 6.8459 | lr: 2.50e-04 | Best_PSNR: 28.1597 in Epoch [253]
2022-07-18 18:28:07,290 INFO: Epoch: 333 | PSNR: 28.1560 | Loss: 6.8679 | lr: 2.50e-04 | Best_PSNR: 28.1597 in Epoch [253]
2022-07-18 18:29:08,236 INFO: Epoch: 334 | PSNR: 28.1572 | Loss: 6.8211 | lr: 2.50e-04 | Best_PSNR: 28.1597 in Epoch [253]
2022-07-18 18:29:52,390 INFO: Epoch: 335 | PSNR: 28.1523 | Loss: 6.7926 | lr: 2.50e-04 | Best_PSNR: 28.1597 in Epoch [253]
2022-07-18 18:30:41,575 INFO: Epoch: 336 | PSNR: 28.1528 | Loss: 6.7790 | lr: 2.50e-04 | Best_PSNR: 28.1597 in Epoch [253]
2022-07-18 18:31:31,506 INFO: Epoch: 337 | PSNR: 28.1507 | Loss: 6.7649 | lr: 2.50e-04 | Best_PSNR: 28.1597 in Epoch [253]
