2022-07-27 12:19:00,142 INFO: Create train dataset successfully!
2022-07-27 12:19:00,143 INFO: Training: [1000] iterations for each epoch
2022-07-27 12:19:00,143 INFO: Create val dataset successfully!
2022-07-27 12:19:00,143 INFO: Validating: [100] iterations for each epoch
2022-07-27 12:19:00,143 INFO: Preparing for experiment: [trial24_qat]
2022-07-27 12:19:00,143 INFO: Loading pretrained model ...
2022-07-27 12:19:10,543 INFO: Start copying weights and annotate Lambda layer...
2022-07-27 12:19:10,637 INFO: Start annotating other parts of model...
2022-07-27 12:19:10,664 INFO: Creating quantize-aware model...
2022-07-27 12:19:12,212 INFO: Create model successfully! Params: [36.77]K
2022-07-27 12:19:12,213 INFO: Model: "model"
2022-07-27 12:19:12,213 INFO: _________________________________________________________________
2022-07-27 12:19:12,213 INFO: Layer (type)                 Output Shape              Param #   
2022-07-27 12:19:12,213 INFO: =================================================================
2022-07-27 12:19:12,213 INFO: input_1 (InputLayer)         [(None, None, None, 3)]   0         
2022-07-27 12:19:12,213 INFO: _________________________________________________________________
2022-07-27 12:19:12,213 INFO: quantize_layer (QuantizeLaye (None, None, None, 3)     3         
2022-07-27 12:19:12,213 INFO: _________________________________________________________________
2022-07-27 12:19:12,214 INFO: quant_conv2d (QuantizeWrappe (None, None, None, 32)    963       
2022-07-27 12:19:12,214 INFO: _________________________________________________________________
2022-07-27 12:19:12,214 INFO: quant_conv2d_1 (QuantizeWrap (None, None, None, 32)    9315      
2022-07-27 12:19:12,214 INFO: _________________________________________________________________
2022-07-27 12:19:12,214 INFO: quant_conv2d_2 (QuantizeWrap (None, None, None, 32)    9315      
2022-07-27 12:19:12,214 INFO: _________________________________________________________________
2022-07-27 12:19:12,214 INFO: quant_conv2d_3 (QuantizeWrap (None, None, None, 32)    9315      
2022-07-27 12:19:12,214 INFO: _________________________________________________________________
2022-07-27 12:19:12,214 INFO: quant_conv2d_4 (QuantizeWrap (None, None, None, 27)    7860      
2022-07-27 12:19:12,214 INFO: _________________________________________________________________
2022-07-27 12:19:12,214 INFO: quant_lambda (QuantizeWrappe (None, None, None, 3)     1         
2022-07-27 12:19:12,214 INFO: =================================================================
2022-07-27 12:19:12,215 INFO: Total params: 36,772
2022-07-27 12:19:12,215 INFO: Trainable params: 36,443
2022-07-27 12:19:12,215 INFO: Non-trainable params: 329
2022-07-27 12:19:12,215 INFO: _________________________________________________________________
2022-07-27 12:19:12,218 INFO: Start training...
2022-07-27 12:22:08,562 INFO: Epoch: 1 | PSNR: 8.9256 | Loss: 97.5304 | lr: 1.00e-04 | Best_PSNR: 8.9256 | max_value: 34.89773178100586 in Epoch [1]
2022-07-27 12:23:16,727 INFO: Epoch: 2 | PSNR: 18.4524 | Loss: 47.4097 | lr: 1.00e-04 | Best_PSNR: 18.4524 | max_value: 141.7679443359375 in Epoch [2]
2022-07-27 12:24:26,983 INFO: Epoch: 3 | PSNR: 27.7346 | Loss: 11.6909 | lr: 1.00e-04 | Best_PSNR: 27.7346 | max_value: 231.20819091796875 in Epoch [3]
2022-07-27 12:25:34,093 INFO: Epoch: 4 | PSNR: 28.4395 | Loss: 6.1202 | lr: 1.00e-04 | Best_PSNR: 28.4395 | max_value: 255.0 in Epoch [4]
2022-07-27 12:26:44,903 INFO: Epoch: 5 | PSNR: 29.3142 | Loss: 5.7690 | lr: 1.00e-04 | Best_PSNR: 29.3142 | max_value: 255.0 in Epoch [5]
2022-07-27 12:27:47,981 INFO: Epoch: 6 | PSNR: 29.8729 | Loss: 5.7182 | lr: 1.00e-04 | Best_PSNR: 29.8729 | max_value: 255.0 in Epoch [6]
2022-07-27 12:28:55,628 INFO: Epoch: 7 | PSNR: 29.9406 | Loss: 5.6861 | lr: 1.00e-04 | Best_PSNR: 29.9406 | max_value: 255.0 in Epoch [7]
2022-07-27 12:30:03,732 INFO: Epoch: 8 | PSNR: 29.9498 | Loss: 5.6721 | lr: 1.00e-04 | Best_PSNR: 29.9498 | max_value: 255.0 in Epoch [8]
2022-07-27 12:31:04,530 INFO: Epoch: 9 | PSNR: 29.9607 | Loss: 5.7223 | lr: 1.00e-04 | Best_PSNR: 29.9607 | max_value: 255.0 in Epoch [9]
2022-07-27 12:32:24,369 INFO: Epoch: 10 | PSNR: 29.9930 | Loss: 5.6569 | lr: 1.00e-04 | Best_PSNR: 29.9930 | max_value: 255.0 in Epoch [10]
2022-07-27 12:34:18,388 INFO: Epoch: 11 | PSNR: 29.9928 | Loss: 5.6910 | lr: 1.00e-04 | Best_PSNR: 29.9930 | max_value: 255.0 in Epoch [10]
2022-07-27 12:35:17,681 INFO: Epoch: 12 | PSNR: 29.9943 | Loss: 5.7436 | lr: 1.00e-04 | Best_PSNR: 29.9943 | max_value: 255.0 in Epoch [12]
2022-07-27 12:36:27,767 INFO: Epoch: 13 | PSNR: 29.9955 | Loss: 5.6398 | lr: 1.00e-04 | Best_PSNR: 29.9955 | max_value: 255.0 in Epoch [13]
2022-07-27 12:37:36,747 INFO: Epoch: 14 | PSNR: 30.0090 | Loss: 5.6572 | lr: 1.00e-04 | Best_PSNR: 30.0090 | max_value: 255.0 in Epoch [14]
2022-07-27 12:39:28,374 INFO: Epoch: 15 | PSNR: 29.9970 | Loss: 5.6523 | lr: 1.00e-04 | Best_PSNR: 30.0090 | max_value: 255.0 in Epoch [14]
2022-07-27 12:40:38,002 INFO: Epoch: 16 | PSNR: 29.9996 | Loss: 5.6659 | lr: 1.00e-04 | Best_PSNR: 30.0090 | max_value: 255.0 in Epoch [14]
2022-07-27 12:41:45,485 INFO: Epoch: 17 | PSNR: 29.9922 | Loss: 5.6735 | lr: 1.00e-04 | Best_PSNR: 30.0090 | max_value: 255.0 in Epoch [14]
2022-07-27 12:42:54,347 INFO: Epoch: 18 | PSNR: 29.9935 | Loss: 5.6582 | lr: 1.00e-04 | Best_PSNR: 30.0090 | max_value: 255.0 in Epoch [14]
2022-07-27 12:44:01,478 INFO: Epoch: 19 | PSNR: 29.9737 | Loss: 5.6909 | lr: 1.00e-04 | Best_PSNR: 30.0090 | max_value: 255.0 in Epoch [14]
2022-07-27 12:45:08,449 INFO: Epoch: 20 | PSNR: 29.9996 | Loss: 5.6806 | lr: 1.00e-04 | Best_PSNR: 30.0090 | max_value: 255.0 in Epoch [14]
2022-07-27 12:46:20,779 INFO: Epoch: 21 | PSNR: 29.9885 | Loss: 5.6871 | lr: 1.00e-04 | Best_PSNR: 30.0090 | max_value: 255.0 in Epoch [14]
2022-07-27 12:48:04,165 INFO: Epoch: 22 | PSNR: 30.0141 | Loss: 5.7119 | lr: 1.00e-04 | Best_PSNR: 30.0141 | max_value: 255.0 in Epoch [22]
2022-07-27 12:49:07,480 INFO: Epoch: 23 | PSNR: 30.0203 | Loss: 5.6737 | lr: 1.00e-04 | Best_PSNR: 30.0203 | max_value: 255.0 in Epoch [23]
2022-07-27 12:50:38,584 INFO: Epoch: 24 | PSNR: 30.0299 | Loss: 5.6813 | lr: 1.00e-04 | Best_PSNR: 30.0299 | max_value: 255.0 in Epoch [24]
2022-07-27 12:52:44,723 INFO: Epoch: 25 | PSNR: 30.0141 | Loss: 5.6784 | lr: 1.00e-04 | Best_PSNR: 30.0299 | max_value: 255.0 in Epoch [24]
2022-07-27 12:53:53,755 INFO: Epoch: 26 | PSNR: 30.0135 | Loss: 5.6976 | lr: 1.00e-04 | Best_PSNR: 30.0299 | max_value: 255.0 in Epoch [24]
2022-07-27 12:55:03,139 INFO: Epoch: 27 | PSNR: 30.0140 | Loss: 5.6825 | lr: 1.00e-04 | Best_PSNR: 30.0299 | max_value: 255.0 in Epoch [24]
2022-07-27 12:56:17,114 INFO: Epoch: 28 | PSNR: 30.0054 | Loss: 5.6572 | lr: 1.00e-04 | Best_PSNR: 30.0299 | max_value: 255.0 in Epoch [24]
2022-07-27 12:57:18,799 INFO: Epoch: 29 | PSNR: 29.9916 | Loss: 5.6967 | lr: 1.00e-04 | Best_PSNR: 30.0299 | max_value: 255.0 in Epoch [24]
2022-07-27 12:58:23,933 INFO: Epoch: 30 | PSNR: 30.0114 | Loss: 5.6800 | lr: 1.00e-04 | Best_PSNR: 30.0299 | max_value: 255.0 in Epoch [24]
2022-07-27 12:59:27,826 INFO: Epoch: 31 | PSNR: 30.0057 | Loss: 5.6949 | lr: 1.00e-04 | Best_PSNR: 30.0299 | max_value: 255.0 in Epoch [24]
2022-07-27 13:00:33,176 INFO: Epoch: 32 | PSNR: 29.9976 | Loss: 5.6632 | lr: 1.00e-04 | Best_PSNR: 30.0299 | max_value: 255.0 in Epoch [24]
2022-07-27 13:01:39,182 INFO: Epoch: 33 | PSNR: 30.0049 | Loss: 5.6404 | lr: 1.00e-04 | Best_PSNR: 30.0299 | max_value: 255.0 in Epoch [24]
2022-07-27 13:02:47,254 INFO: Epoch: 34 | PSNR: 30.0116 | Loss: 5.6299 | lr: 1.00e-04 | Best_PSNR: 30.0299 | max_value: 255.0 in Epoch [24]
2022-07-27 13:03:57,701 INFO: Epoch: 35 | PSNR: 30.0320 | Loss: 5.6731 | lr: 1.00e-04 | Best_PSNR: 30.0320 | max_value: 255.0 in Epoch [35]
2022-07-27 13:05:16,213 INFO: Epoch: 36 | PSNR: 30.0374 | Loss: 5.6846 | lr: 1.00e-04 | Best_PSNR: 30.0374 | max_value: 255.0 in Epoch [36]
2022-07-27 13:06:33,820 INFO: Epoch: 37 | PSNR: 30.0318 | Loss: 5.6448 | lr: 1.00e-04 | Best_PSNR: 30.0374 | max_value: 255.0 in Epoch [36]
2022-07-27 13:07:52,265 INFO: Epoch: 38 | PSNR: 30.0241 | Loss: 5.6736 | lr: 1.00e-04 | Best_PSNR: 30.0374 | max_value: 255.0 in Epoch [36]
2022-07-27 13:09:13,619 INFO: Epoch: 39 | PSNR: 30.0220 | Loss: 5.6746 | lr: 1.00e-04 | Best_PSNR: 30.0374 | max_value: 255.0 in Epoch [36]
2022-07-27 13:10:25,107 INFO: Epoch: 40 | PSNR: 30.0126 | Loss: 5.6939 | lr: 1.00e-04 | Best_PSNR: 30.0374 | max_value: 255.0 in Epoch [36]
2022-07-27 13:11:35,530 INFO: Epoch: 41 | PSNR: 30.0081 | Loss: 5.6809 | lr: 1.00e-04 | Best_PSNR: 30.0374 | max_value: 255.0 in Epoch [36]
2022-07-27 13:12:48,925 INFO: Epoch: 42 | PSNR: 30.0187 | Loss: 5.6921 | lr: 1.00e-04 | Best_PSNR: 30.0374 | max_value: 255.0 in Epoch [36]
2022-07-27 13:13:53,943 INFO: Epoch: 43 | PSNR: 30.0136 | Loss: 5.6279 | lr: 1.00e-04 | Best_PSNR: 30.0374 | max_value: 255.0 in Epoch [36]
2022-07-27 13:15:06,789 INFO: Epoch: 44 | PSNR: 30.0319 | Loss: 5.6559 | lr: 1.00e-04 | Best_PSNR: 30.0374 | max_value: 255.0 in Epoch [36]
2022-07-27 13:16:08,229 INFO: Epoch: 45 | PSNR: 30.0205 | Loss: 5.6508 | lr: 1.00e-04 | Best_PSNR: 30.0374 | max_value: 255.0 in Epoch [36]
2022-07-27 13:17:14,253 INFO: Epoch: 46 | PSNR: 30.0176 | Loss: 5.7036 | lr: 1.00e-04 | Best_PSNR: 30.0374 | max_value: 255.0 in Epoch [36]
2022-07-27 13:18:27,258 INFO: Epoch: 47 | PSNR: 30.0189 | Loss: 5.6980 | lr: 1.00e-04 | Best_PSNR: 30.0374 | max_value: 255.0 in Epoch [36]
2022-07-27 13:19:36,569 INFO: Epoch: 48 | PSNR: 30.0135 | Loss: 5.6575 | lr: 1.00e-04 | Best_PSNR: 30.0374 | max_value: 255.0 in Epoch [36]
2022-07-27 13:20:59,583 INFO: Epoch: 49 | PSNR: 30.0357 | Loss: 5.6621 | lr: 1.00e-04 | Best_PSNR: 30.0374 | max_value: 255.0 in Epoch [36]
2022-07-27 13:22:05,484 INFO: Epoch: 50 | PSNR: 30.0340 | Loss: 5.6113 | lr: 1.00e-04 | Best_PSNR: 30.0374 | max_value: 255.0 in Epoch [36]
2022-07-27 13:23:14,492 INFO: Epoch: 51 | PSNR: 30.0220 | Loss: 5.7039 | lr: 5.00e-05 | Best_PSNR: 30.0374 | max_value: 255.0 in Epoch [36]
2022-07-27 13:25:13,482 INFO: Epoch: 52 | PSNR: 30.0228 | Loss: 5.6618 | lr: 5.00e-05 | Best_PSNR: 30.0374 | max_value: 255.0 in Epoch [36]
2022-07-27 13:26:57,509 INFO: Epoch: 53 | PSNR: 30.0332 | Loss: 5.6527 | lr: 5.00e-05 | Best_PSNR: 30.0374 | max_value: 255.0 in Epoch [36]
2022-07-27 13:28:18,984 INFO: Epoch: 54 | PSNR: 30.0352 | Loss: 5.6844 | lr: 5.00e-05 | Best_PSNR: 30.0374 | max_value: 255.0 in Epoch [36]
2022-07-27 13:29:44,802 INFO: Epoch: 55 | PSNR: 30.0352 | Loss: 5.6402 | lr: 5.00e-05 | Best_PSNR: 30.0374 | max_value: 255.0 in Epoch [36]
2022-07-27 13:30:47,776 INFO: Epoch: 56 | PSNR: 30.0116 | Loss: 5.6373 | lr: 5.00e-05 | Best_PSNR: 30.0374 | max_value: 255.0 in Epoch [36]
2022-07-27 13:31:53,573 INFO: Epoch: 57 | PSNR: 30.0127 | Loss: 5.6979 | lr: 5.00e-05 | Best_PSNR: 30.0374 | max_value: 255.0 in Epoch [36]
2022-07-27 13:33:32,949 INFO: Epoch: 58 | PSNR: 30.0274 | Loss: 5.6509 | lr: 5.00e-05 | Best_PSNR: 30.0374 | max_value: 255.0 in Epoch [36]
2022-07-27 13:34:34,006 INFO: Epoch: 59 | PSNR: 30.0185 | Loss: 5.6574 | lr: 5.00e-05 | Best_PSNR: 30.0374 | max_value: 255.0 in Epoch [36]
2022-07-27 13:35:49,292 INFO: Epoch: 60 | PSNR: 30.0243 | Loss: 5.6356 | lr: 5.00e-05 | Best_PSNR: 30.0374 | max_value: 255.0 in Epoch [36]
2022-07-27 13:36:59,225 INFO: Epoch: 61 | PSNR: 30.0319 | Loss: 5.6326 | lr: 5.00e-05 | Best_PSNR: 30.0374 | max_value: 255.0 in Epoch [36]
2022-07-27 13:38:15,305 INFO: Epoch: 62 | PSNR: 30.0272 | Loss: 5.6124 | lr: 5.00e-05 | Best_PSNR: 30.0374 | max_value: 255.0 in Epoch [36]
2022-07-27 13:39:19,131 INFO: Epoch: 63 | PSNR: 30.0343 | Loss: 5.6734 | lr: 5.00e-05 | Best_PSNR: 30.0374 | max_value: 255.0 in Epoch [36]
2022-07-27 13:40:24,700 INFO: Epoch: 64 | PSNR: 30.0159 | Loss: 5.6466 | lr: 5.00e-05 | Best_PSNR: 30.0374 | max_value: 255.0 in Epoch [36]
2022-07-27 13:42:13,547 INFO: Epoch: 65 | PSNR: 30.0304 | Loss: 5.6635 | lr: 5.00e-05 | Best_PSNR: 30.0374 | max_value: 255.0 in Epoch [36]
2022-07-27 13:43:17,240 INFO: Epoch: 66 | PSNR: 30.0340 | Loss: 5.6730 | lr: 5.00e-05 | Best_PSNR: 30.0374 | max_value: 255.0 in Epoch [36]
2022-07-27 13:44:22,071 INFO: Epoch: 67 | PSNR: 30.0299 | Loss: 5.6623 | lr: 5.00e-05 | Best_PSNR: 30.0374 | max_value: 255.0 in Epoch [36]
2022-07-27 13:45:30,251 INFO: Epoch: 68 | PSNR: 30.0336 | Loss: 5.6540 | lr: 5.00e-05 | Best_PSNR: 30.0374 | max_value: 255.0 in Epoch [36]
2022-07-27 13:46:41,135 INFO: Epoch: 69 | PSNR: 30.0222 | Loss: 5.6434 | lr: 5.00e-05 | Best_PSNR: 30.0374 | max_value: 255.0 in Epoch [36]
2022-07-27 13:47:41,454 INFO: Epoch: 70 | PSNR: 30.0370 | Loss: 5.6705 | lr: 5.00e-05 | Best_PSNR: 30.0374 | max_value: 255.0 in Epoch [36]
2022-07-27 13:48:47,364 INFO: Epoch: 71 | PSNR: 30.0342 | Loss: 5.6334 | lr: 5.00e-05 | Best_PSNR: 30.0374 | max_value: 255.0 in Epoch [36]
2022-07-27 13:51:03,343 INFO: Epoch: 72 | PSNR: 30.0408 | Loss: 5.6250 | lr: 5.00e-05 | Best_PSNR: 30.0408 | max_value: 255.0 in Epoch [72]
2022-07-27 13:52:34,031 INFO: Epoch: 73 | PSNR: 30.0329 | Loss: 5.6523 | lr: 5.00e-05 | Best_PSNR: 30.0408 | max_value: 255.0 in Epoch [72]
2022-07-27 13:53:52,400 INFO: Epoch: 74 | PSNR: 30.0307 | Loss: 5.6148 | lr: 5.00e-05 | Best_PSNR: 30.0408 | max_value: 255.0 in Epoch [72]
2022-07-27 13:55:10,093 INFO: Epoch: 75 | PSNR: 30.0388 | Loss: 5.6477 | lr: 5.00e-05 | Best_PSNR: 30.0408 | max_value: 255.0 in Epoch [72]
2022-07-27 13:56:20,974 INFO: Epoch: 76 | PSNR: 30.0298 | Loss: 5.6520 | lr: 5.00e-05 | Best_PSNR: 30.0408 | max_value: 255.0 in Epoch [72]
2022-07-27 13:57:28,161 INFO: Epoch: 77 | PSNR: 30.0243 | Loss: 5.6460 | lr: 5.00e-05 | Best_PSNR: 30.0408 | max_value: 255.0 in Epoch [72]
2022-07-27 13:58:50,787 INFO: Epoch: 78 | PSNR: 30.0233 | Loss: 5.6582 | lr: 5.00e-05 | Best_PSNR: 30.0408 | max_value: 255.0 in Epoch [72]
2022-07-27 13:59:45,945 INFO: Epoch: 79 | PSNR: 30.0281 | Loss: 5.6677 | lr: 5.00e-05 | Best_PSNR: 30.0408 | max_value: 255.0 in Epoch [72]
2022-07-27 14:00:53,490 INFO: Epoch: 80 | PSNR: 30.0151 | Loss: 5.6235 | lr: 5.00e-05 | Best_PSNR: 30.0408 | max_value: 255.0 in Epoch [72]
2022-07-27 14:02:04,268 INFO: Epoch: 81 | PSNR: 30.0140 | Loss: 5.7041 | lr: 5.00e-05 | Best_PSNR: 30.0408 | max_value: 255.0 in Epoch [72]
2022-07-27 14:03:11,096 INFO: Epoch: 82 | PSNR: 30.0336 | Loss: 5.6724 | lr: 5.00e-05 | Best_PSNR: 30.0408 | max_value: 255.0 in Epoch [72]
2022-07-27 14:05:29,726 INFO: Epoch: 83 | PSNR: 30.0262 | Loss: 5.6065 | lr: 5.00e-05 | Best_PSNR: 30.0408 | max_value: 255.0 in Epoch [72]
2022-07-27 14:07:18,020 INFO: Epoch: 84 | PSNR: 30.0225 | Loss: 5.6451 | lr: 5.00e-05 | Best_PSNR: 30.0408 | max_value: 255.0 in Epoch [72]
2022-07-27 14:08:17,745 INFO: Epoch: 85 | PSNR: 30.0267 | Loss: 5.7015 | lr: 5.00e-05 | Best_PSNR: 30.0408 | max_value: 255.0 in Epoch [72]
2022-07-27 14:09:19,552 INFO: Epoch: 86 | PSNR: 30.0316 | Loss: 5.6475 | lr: 5.00e-05 | Best_PSNR: 30.0408 | max_value: 255.0 in Epoch [72]
2022-07-27 14:10:32,021 INFO: Epoch: 87 | PSNR: 30.0372 | Loss: 5.6616 | lr: 5.00e-05 | Best_PSNR: 30.0408 | max_value: 255.0 in Epoch [72]
2022-07-27 14:11:46,160 INFO: Epoch: 88 | PSNR: 30.0261 | Loss: 5.6974 | lr: 5.00e-05 | Best_PSNR: 30.0408 | max_value: 255.0 in Epoch [72]
2022-07-27 14:13:02,442 INFO: Epoch: 89 | PSNR: 30.0215 | Loss: 5.6227 | lr: 5.00e-05 | Best_PSNR: 30.0408 | max_value: 255.0 in Epoch [72]
2022-07-27 14:14:07,022 INFO: Epoch: 90 | PSNR: 30.0015 | Loss: 5.6578 | lr: 5.00e-05 | Best_PSNR: 30.0408 | max_value: 255.0 in Epoch [72]
2022-07-27 14:15:52,410 INFO: Epoch: 91 | PSNR: 30.0224 | Loss: 5.6693 | lr: 5.00e-05 | Best_PSNR: 30.0408 | max_value: 255.0 in Epoch [72]
2022-07-27 14:17:18,076 INFO: Epoch: 92 | PSNR: 30.0154 | Loss: 5.7004 | lr: 5.00e-05 | Best_PSNR: 30.0408 | max_value: 255.0 in Epoch [72]
2022-07-27 14:18:21,488 INFO: Epoch: 93 | PSNR: 30.0176 | Loss: 5.7011 | lr: 5.00e-05 | Best_PSNR: 30.0408 | max_value: 255.0 in Epoch [72]
2022-07-27 14:19:28,423 INFO: Epoch: 94 | PSNR: 30.0201 | Loss: 5.6585 | lr: 5.00e-05 | Best_PSNR: 30.0408 | max_value: 255.0 in Epoch [72]
2022-07-27 14:20:33,840 INFO: Epoch: 95 | PSNR: 30.0253 | Loss: 5.6989 | lr: 5.00e-05 | Best_PSNR: 30.0408 | max_value: 255.0 in Epoch [72]
2022-07-27 14:23:03,662 INFO: Epoch: 96 | PSNR: 30.0150 | Loss: 5.7045 | lr: 5.00e-05 | Best_PSNR: 30.0408 | max_value: 255.0 in Epoch [72]
2022-07-27 14:24:36,300 INFO: Epoch: 97 | PSNR: 30.0209 | Loss: 5.7186 | lr: 5.00e-05 | Best_PSNR: 30.0408 | max_value: 255.0 in Epoch [72]
2022-07-27 14:25:55,660 INFO: Epoch: 98 | PSNR: 30.0262 | Loss: 5.6913 | lr: 5.00e-05 | Best_PSNR: 30.0408 | max_value: 255.0 in Epoch [72]
2022-07-27 14:27:04,485 INFO: Epoch: 99 | PSNR: 30.0196 | Loss: 5.6614 | lr: 5.00e-05 | Best_PSNR: 30.0408 | max_value: 255.0 in Epoch [72]
2022-07-27 14:28:28,091 INFO: Epoch: 100 | PSNR: 30.0079 | Loss: 5.7422 | lr: 5.00e-05 | Best_PSNR: 30.0408 | max_value: 255.0 in Epoch [72]
2022-07-27 14:29:44,911 INFO: Epoch: 101 | PSNR: 30.0268 | Loss: 5.6541 | lr: 2.50e-05 | Best_PSNR: 30.0408 | max_value: 255.0 in Epoch [72]
2022-07-27 14:30:50,229 INFO: Epoch: 102 | PSNR: 30.0195 | Loss: 5.6939 | lr: 2.50e-05 | Best_PSNR: 30.0408 | max_value: 255.0 in Epoch [72]
2022-07-27 14:31:58,981 INFO: Epoch: 103 | PSNR: 30.0282 | Loss: 5.6749 | lr: 2.50e-05 | Best_PSNR: 30.0408 | max_value: 255.0 in Epoch [72]
2022-07-27 14:33:07,037 INFO: Epoch: 104 | PSNR: 30.0255 | Loss: 5.6314 | lr: 2.50e-05 | Best_PSNR: 30.0408 | max_value: 255.0 in Epoch [72]
2022-07-27 14:36:05,981 INFO: Epoch: 105 | PSNR: 30.0255 | Loss: 5.6735 | lr: 2.50e-05 | Best_PSNR: 30.0408 | max_value: 255.0 in Epoch [72]
2022-07-27 14:37:09,366 INFO: Epoch: 106 | PSNR: 30.0334 | Loss: 5.6086 | lr: 2.50e-05 | Best_PSNR: 30.0408 | max_value: 255.0 in Epoch [72]
2022-07-27 14:38:16,228 INFO: Epoch: 107 | PSNR: 30.0185 | Loss: 5.6545 | lr: 2.50e-05 | Best_PSNR: 30.0408 | max_value: 255.0 in Epoch [72]
2022-07-27 14:39:36,360 INFO: Epoch: 108 | PSNR: 30.0065 | Loss: 5.6340 | lr: 2.50e-05 | Best_PSNR: 30.0408 | max_value: 255.0 in Epoch [72]
2022-07-27 14:40:50,131 INFO: Epoch: 109 | PSNR: 29.9843 | Loss: 5.6872 | lr: 2.50e-05 | Best_PSNR: 30.0408 | max_value: 255.0 in Epoch [72]
2022-07-27 14:41:59,623 INFO: Epoch: 110 | PSNR: 30.0213 | Loss: 5.6722 | lr: 2.50e-05 | Best_PSNR: 30.0408 | max_value: 255.0 in Epoch [72]
2022-07-27 14:43:04,752 INFO: Epoch: 111 | PSNR: 30.0236 | Loss: 5.6683 | lr: 2.50e-05 | Best_PSNR: 30.0408 | max_value: 255.0 in Epoch [72]
2022-07-27 14:44:19,388 INFO: Epoch: 112 | PSNR: 30.0202 | Loss: 5.6619 | lr: 2.50e-05 | Best_PSNR: 30.0408 | max_value: 255.0 in Epoch [72]
2022-07-27 14:45:24,870 INFO: Epoch: 113 | PSNR: 30.0283 | Loss: 5.6767 | lr: 2.50e-05 | Best_PSNR: 30.0408 | max_value: 255.0 in Epoch [72]
2022-07-27 14:46:43,356 INFO: Epoch: 114 | PSNR: 30.0221 | Loss: 5.6500 | lr: 2.50e-05 | Best_PSNR: 30.0408 | max_value: 255.0 in Epoch [72]
2022-07-27 14:48:43,652 INFO: Epoch: 115 | PSNR: 30.0293 | Loss: 5.6268 | lr: 2.50e-05 | Best_PSNR: 30.0408 | max_value: 255.0 in Epoch [72]
2022-07-27 14:49:37,321 INFO: Epoch: 116 | PSNR: 30.0191 | Loss: 5.6668 | lr: 2.50e-05 | Best_PSNR: 30.0408 | max_value: 255.0 in Epoch [72]
2022-07-27 14:50:40,678 INFO: Epoch: 117 | PSNR: 30.0182 | Loss: 5.6197 | lr: 2.50e-05 | Best_PSNR: 30.0408 | max_value: 255.0 in Epoch [72]
2022-07-27 14:51:59,990 INFO: Epoch: 118 | PSNR: 30.0289 | Loss: 5.6829 | lr: 2.50e-05 | Best_PSNR: 30.0408 | max_value: 255.0 in Epoch [72]
2022-07-27 14:53:13,650 INFO: Epoch: 119 | PSNR: 30.0253 | Loss: 5.6853 | lr: 2.50e-05 | Best_PSNR: 30.0408 | max_value: 255.0 in Epoch [72]
2022-07-27 14:55:58,527 INFO: Epoch: 120 | PSNR: 30.0240 | Loss: 5.6498 | lr: 2.50e-05 | Best_PSNR: 30.0408 | max_value: 255.0 in Epoch [72]
2022-07-27 14:57:21,975 INFO: Epoch: 121 | PSNR: 30.0280 | Loss: 5.6641 | lr: 2.50e-05 | Best_PSNR: 30.0408 | max_value: 255.0 in Epoch [72]
2022-07-27 14:58:31,294 INFO: Epoch: 122 | PSNR: 29.9859 | Loss: 5.6599 | lr: 2.50e-05 | Best_PSNR: 30.0408 | max_value: 255.0 in Epoch [72]
2022-07-27 14:59:46,707 INFO: Epoch: 123 | PSNR: 30.0144 | Loss: 5.6479 | lr: 2.50e-05 | Best_PSNR: 30.0408 | max_value: 255.0 in Epoch [72]
2022-07-27 15:01:10,052 INFO: Epoch: 124 | PSNR: 30.0044 | Loss: 5.6636 | lr: 2.50e-05 | Best_PSNR: 30.0408 | max_value: 255.0 in Epoch [72]
2022-07-27 15:03:40,066 INFO: Epoch: 125 | PSNR: 29.9986 | Loss: 5.6489 | lr: 2.50e-05 | Best_PSNR: 30.0408 | max_value: 255.0 in Epoch [72]
2022-07-27 15:05:38,550 INFO: Epoch: 126 | PSNR: 29.9952 | Loss: 5.6468 | lr: 2.50e-05 | Best_PSNR: 30.0408 | max_value: 255.0 in Epoch [72]
2022-07-27 15:06:46,663 INFO: Epoch: 127 | PSNR: 30.0174 | Loss: 5.6598 | lr: 2.50e-05 | Best_PSNR: 30.0408 | max_value: 255.0 in Epoch [72]
2022-07-27 15:08:04,430 INFO: Epoch: 128 | PSNR: 29.9974 | Loss: 5.6573 | lr: 2.50e-05 | Best_PSNR: 30.0408 | max_value: 255.0 in Epoch [72]
2022-07-27 15:09:25,284 INFO: Epoch: 129 | PSNR: 30.0119 | Loss: 5.6220 | lr: 2.50e-05 | Best_PSNR: 30.0408 | max_value: 255.0 in Epoch [72]
2022-07-27 15:10:25,026 INFO: Epoch: 130 | PSNR: 30.0086 | Loss: 5.6499 | lr: 2.50e-05 | Best_PSNR: 30.0408 | max_value: 255.0 in Epoch [72]
2022-07-27 15:11:46,480 INFO: Epoch: 131 | PSNR: 30.0018 | Loss: 5.6740 | lr: 2.50e-05 | Best_PSNR: 30.0408 | max_value: 255.0 in Epoch [72]
2022-07-27 15:13:58,246 INFO: Epoch: 132 | PSNR: 30.0005 | Loss: 5.6508 | lr: 2.50e-05 | Best_PSNR: 30.0408 | max_value: 255.0 in Epoch [72]
2022-07-27 15:14:55,637 INFO: Epoch: 133 | PSNR: 29.9984 | Loss: 5.6569 | lr: 2.50e-05 | Best_PSNR: 30.0408 | max_value: 255.0 in Epoch [72]
2022-07-27 15:15:53,313 INFO: Epoch: 134 | PSNR: 30.0092 | Loss: 5.6624 | lr: 2.50e-05 | Best_PSNR: 30.0408 | max_value: 255.0 in Epoch [72]
2022-07-27 15:16:55,695 INFO: Epoch: 135 | PSNR: 30.0142 | Loss: 5.6997 | lr: 2.50e-05 | Best_PSNR: 30.0408 | max_value: 255.0 in Epoch [72]
2022-07-27 15:18:05,447 INFO: Epoch: 136 | PSNR: 30.0241 | Loss: 5.6888 | lr: 2.50e-05 | Best_PSNR: 30.0408 | max_value: 255.0 in Epoch [72]
2022-07-27 15:19:20,112 INFO: Epoch: 137 | PSNR: 30.0210 | Loss: 5.6657 | lr: 2.50e-05 | Best_PSNR: 30.0408 | max_value: 255.0 in Epoch [72]
2022-07-27 15:20:54,961 INFO: Epoch: 138 | PSNR: 30.0172 | Loss: 5.7028 | lr: 2.50e-05 | Best_PSNR: 30.0408 | max_value: 255.0 in Epoch [72]
2022-07-27 15:22:02,645 INFO: Epoch: 139 | PSNR: 30.0054 | Loss: 5.6536 | lr: 2.50e-05 | Best_PSNR: 30.0408 | max_value: 255.0 in Epoch [72]
2022-07-27 15:23:19,037 INFO: Epoch: 140 | PSNR: 30.0181 | Loss: 5.6402 | lr: 2.50e-05 | Best_PSNR: 30.0408 | max_value: 255.0 in Epoch [72]
2022-07-27 15:25:13,763 INFO: Epoch: 141 | PSNR: 30.0206 | Loss: 5.6645 | lr: 2.50e-05 | Best_PSNR: 30.0408 | max_value: 255.0 in Epoch [72]
2022-07-27 15:26:11,049 INFO: Epoch: 142 | PSNR: 30.0194 | Loss: 5.6965 | lr: 2.50e-05 | Best_PSNR: 30.0408 | max_value: 255.0 in Epoch [72]
2022-07-27 15:27:17,884 INFO: Epoch: 143 | PSNR: 30.0116 | Loss: 5.6761 | lr: 2.50e-05 | Best_PSNR: 30.0408 | max_value: 255.0 in Epoch [72]
2022-07-27 15:28:34,848 INFO: Epoch: 144 | PSNR: 30.0108 | Loss: 5.6474 | lr: 2.50e-05 | Best_PSNR: 30.0408 | max_value: 255.0 in Epoch [72]
2022-07-27 15:29:47,761 INFO: Epoch: 145 | PSNR: 29.9844 | Loss: 5.6618 | lr: 2.50e-05 | Best_PSNR: 30.0408 | max_value: 255.0 in Epoch [72]
2022-07-27 15:31:00,452 INFO: Epoch: 146 | PSNR: 30.0159 | Loss: 5.7127 | lr: 2.50e-05 | Best_PSNR: 30.0408 | max_value: 255.0 in Epoch [72]
2022-07-27 15:32:11,549 INFO: Epoch: 147 | PSNR: 29.9941 | Loss: 5.6693 | lr: 2.50e-05 | Best_PSNR: 30.0408 | max_value: 255.0 in Epoch [72]
2022-07-27 15:33:53,213 INFO: Epoch: 148 | PSNR: 29.9792 | Loss: 5.6697 | lr: 2.50e-05 | Best_PSNR: 30.0408 | max_value: 255.0 in Epoch [72]
2022-07-27 15:35:22,920 INFO: Epoch: 149 | PSNR: 29.9964 | Loss: 5.6564 | lr: 2.50e-05 | Best_PSNR: 30.0408 | max_value: 255.0 in Epoch [72]
2022-07-27 15:37:17,152 INFO: Epoch: 150 | PSNR: 30.0041 | Loss: 5.6510 | lr: 2.50e-05 | Best_PSNR: 30.0408 | max_value: 255.0 in Epoch [72]
2022-07-27 15:38:59,613 INFO: Epoch: 151 | PSNR: 30.0003 | Loss: 5.6655 | lr: 1.25e-05 | Best_PSNR: 30.0408 | max_value: 255.0 in Epoch [72]
2022-07-27 15:41:14,278 INFO: Epoch: 152 | PSNR: 30.0266 | Loss: 5.6562 | lr: 1.25e-05 | Best_PSNR: 30.0408 | max_value: 255.0 in Epoch [72]
2022-07-27 15:42:28,684 INFO: Epoch: 153 | PSNR: 30.0205 | Loss: 5.6404 | lr: 1.25e-05 | Best_PSNR: 30.0408 | max_value: 255.0 in Epoch [72]
2022-07-27 15:43:44,339 INFO: Epoch: 154 | PSNR: 30.0208 | Loss: 5.6712 | lr: 1.25e-05 | Best_PSNR: 30.0408 | max_value: 255.0 in Epoch [72]
2022-07-27 15:44:59,892 INFO: Epoch: 155 | PSNR: 29.9978 | Loss: 5.6058 | lr: 1.25e-05 | Best_PSNR: 30.0408 | max_value: 255.0 in Epoch [72]
2022-07-27 15:46:13,636 INFO: Epoch: 156 | PSNR: 30.0207 | Loss: 5.7183 | lr: 1.25e-05 | Best_PSNR: 30.0408 | max_value: 255.0 in Epoch [72]
2022-07-27 15:47:56,815 INFO: Epoch: 157 | PSNR: 30.0107 | Loss: 5.6725 | lr: 1.25e-05 | Best_PSNR: 30.0408 | max_value: 255.0 in Epoch [72]
2022-07-27 15:49:09,907 INFO: Epoch: 158 | PSNR: 30.0103 | Loss: 5.6651 | lr: 1.25e-05 | Best_PSNR: 30.0408 | max_value: 255.0 in Epoch [72]
2022-07-27 15:50:15,146 INFO: Epoch: 159 | PSNR: 30.0170 | Loss: 5.6293 | lr: 1.25e-05 | Best_PSNR: 30.0408 | max_value: 255.0 in Epoch [72]
2022-07-27 15:52:09,945 INFO: Epoch: 160 | PSNR: 30.0056 | Loss: 5.6834 | lr: 1.25e-05 | Best_PSNR: 30.0408 | max_value: 255.0 in Epoch [72]
2022-07-27 15:53:29,661 INFO: Epoch: 161 | PSNR: 30.0030 | Loss: 5.7082 | lr: 1.25e-05 | Best_PSNR: 30.0408 | max_value: 255.0 in Epoch [72]
2022-07-27 15:54:41,735 INFO: Epoch: 162 | PSNR: 30.0269 | Loss: 5.6754 | lr: 1.25e-05 | Best_PSNR: 30.0408 | max_value: 255.0 in Epoch [72]
2022-07-27 15:55:57,424 INFO: Epoch: 163 | PSNR: 30.0074 | Loss: 5.6857 | lr: 1.25e-05 | Best_PSNR: 30.0408 | max_value: 255.0 in Epoch [72]
2022-07-27 15:57:12,385 INFO: Epoch: 164 | PSNR: 30.0403 | Loss: 5.6831 | lr: 1.25e-05 | Best_PSNR: 30.0408 | max_value: 255.0 in Epoch [72]
2022-07-27 15:59:45,876 INFO: Epoch: 165 | PSNR: 30.0282 | Loss: 5.6443 | lr: 1.25e-05 | Best_PSNR: 30.0408 | max_value: 255.0 in Epoch [72]
2022-07-27 16:00:59,792 INFO: Epoch: 166 | PSNR: 30.0336 | Loss: 5.7122 | lr: 1.25e-05 | Best_PSNR: 30.0408 | max_value: 255.0 in Epoch [72]
2022-07-27 16:03:52,381 INFO: Epoch: 167 | PSNR: 30.0100 | Loss: 5.6497 | lr: 1.25e-05 | Best_PSNR: 30.0408 | max_value: 255.0 in Epoch [72]
2022-07-27 16:05:12,135 INFO: Epoch: 168 | PSNR: 30.0200 | Loss: 5.6552 | lr: 1.25e-05 | Best_PSNR: 30.0408 | max_value: 255.0 in Epoch [72]
2022-07-27 16:06:21,650 INFO: Epoch: 169 | PSNR: 30.0056 | Loss: 5.6969 | lr: 1.25e-05 | Best_PSNR: 30.0408 | max_value: 255.0 in Epoch [72]
2022-07-27 16:07:31,976 INFO: Epoch: 170 | PSNR: 30.0377 | Loss: 5.6348 | lr: 1.25e-05 | Best_PSNR: 30.0408 | max_value: 255.0 in Epoch [72]
2022-07-27 16:08:45,612 INFO: Epoch: 171 | PSNR: 30.0028 | Loss: 5.6134 | lr: 1.25e-05 | Best_PSNR: 30.0408 | max_value: 255.0 in Epoch [72]
2022-07-27 16:09:50,216 INFO: Epoch: 172 | PSNR: 30.0142 | Loss: 5.7076 | lr: 1.25e-05 | Best_PSNR: 30.0408 | max_value: 255.0 in Epoch [72]
2022-07-27 16:11:16,230 INFO: Epoch: 173 | PSNR: 30.0079 | Loss: 5.6492 | lr: 1.25e-05 | Best_PSNR: 30.0408 | max_value: 255.0 in Epoch [72]
2022-07-27 16:13:29,582 INFO: Epoch: 174 | PSNR: 30.0186 | Loss: 5.7130 | lr: 1.25e-05 | Best_PSNR: 30.0408 | max_value: 255.0 in Epoch [72]
2022-07-27 16:14:37,983 INFO: Epoch: 175 | PSNR: 30.0155 | Loss: 5.6320 | lr: 1.25e-05 | Best_PSNR: 30.0408 | max_value: 255.0 in Epoch [72]
2022-07-27 16:15:55,198 INFO: Epoch: 176 | PSNR: 30.0032 | Loss: 5.6811 | lr: 1.25e-05 | Best_PSNR: 30.0408 | max_value: 255.0 in Epoch [72]
2022-07-27 16:17:06,227 INFO: Epoch: 177 | PSNR: 30.0162 | Loss: 5.5944 | lr: 1.25e-05 | Best_PSNR: 30.0408 | max_value: 255.0 in Epoch [72]
2022-07-27 16:18:10,667 INFO: Epoch: 178 | PSNR: 30.0122 | Loss: 5.6759 | lr: 1.25e-05 | Best_PSNR: 30.0408 | max_value: 255.0 in Epoch [72]
2022-07-27 16:19:17,819 INFO: Epoch: 179 | PSNR: 30.0212 | Loss: 5.6509 | lr: 1.25e-05 | Best_PSNR: 30.0408 | max_value: 255.0 in Epoch [72]
2022-07-27 16:20:24,064 INFO: Epoch: 180 | PSNR: 30.0265 | Loss: 5.6875 | lr: 1.25e-05 | Best_PSNR: 30.0408 | max_value: 255.0 in Epoch [72]
2022-07-27 16:21:30,868 INFO: Epoch: 181 | PSNR: 29.9991 | Loss: 5.6320 | lr: 1.25e-05 | Best_PSNR: 30.0408 | max_value: 255.0 in Epoch [72]
2022-07-27 16:22:28,777 INFO: Epoch: 182 | PSNR: 30.0034 | Loss: 5.6587 | lr: 1.25e-05 | Best_PSNR: 30.0408 | max_value: 255.0 in Epoch [72]
2022-07-27 16:23:46,198 INFO: Epoch: 183 | PSNR: 30.0299 | Loss: 5.6098 | lr: 1.25e-05 | Best_PSNR: 30.0408 | max_value: 255.0 in Epoch [72]
2022-07-27 16:24:55,689 INFO: Epoch: 184 | PSNR: 30.0298 | Loss: 5.6152 | lr: 1.25e-05 | Best_PSNR: 30.0408 | max_value: 255.0 in Epoch [72]
2022-07-27 16:25:58,844 INFO: Epoch: 185 | PSNR: 30.0229 | Loss: 5.6188 | lr: 1.25e-05 | Best_PSNR: 30.0408 | max_value: 255.0 in Epoch [72]
2022-07-27 16:26:57,043 INFO: Epoch: 186 | PSNR: 30.0073 | Loss: 5.6866 | lr: 1.25e-05 | Best_PSNR: 30.0408 | max_value: 255.0 in Epoch [72]
2022-07-27 16:27:57,975 INFO: Epoch: 187 | PSNR: 30.0226 | Loss: 5.6475 | lr: 1.25e-05 | Best_PSNR: 30.0408 | max_value: 255.0 in Epoch [72]
2022-07-27 16:29:02,584 INFO: Epoch: 188 | PSNR: 30.0290 | Loss: 5.6052 | lr: 1.25e-05 | Best_PSNR: 30.0408 | max_value: 255.0 in Epoch [72]
2022-07-27 16:30:03,561 INFO: Epoch: 189 | PSNR: 30.0376 | Loss: 5.6861 | lr: 1.25e-05 | Best_PSNR: 30.0408 | max_value: 255.0 in Epoch [72]
2022-07-27 16:31:13,914 INFO: Epoch: 190 | PSNR: 30.0270 | Loss: 5.5871 | lr: 1.25e-05 | Best_PSNR: 30.0408 | max_value: 255.0 in Epoch [72]
2022-07-27 16:32:30,689 INFO: Epoch: 191 | PSNR: 30.0418 | Loss: 5.6794 | lr: 1.25e-05 | Best_PSNR: 30.0418 | max_value: 255.0 in Epoch [191]
2022-07-27 16:33:36,047 INFO: Epoch: 192 | PSNR: 30.0275 | Loss: 5.6634 | lr: 1.25e-05 | Best_PSNR: 30.0418 | max_value: 255.0 in Epoch [191]
2022-07-27 16:34:41,408 INFO: Epoch: 193 | PSNR: 30.0259 | Loss: 5.6278 | lr: 1.25e-05 | Best_PSNR: 30.0418 | max_value: 255.0 in Epoch [191]
2022-07-27 16:35:51,643 INFO: Epoch: 194 | PSNR: 30.0236 | Loss: 5.6771 | lr: 1.25e-05 | Best_PSNR: 30.0418 | max_value: 255.0 in Epoch [191]
2022-07-27 16:36:59,708 INFO: Epoch: 195 | PSNR: 30.0164 | Loss: 5.6595 | lr: 1.25e-05 | Best_PSNR: 30.0418 | max_value: 255.0 in Epoch [191]
2022-07-27 16:38:14,690 INFO: Epoch: 196 | PSNR: 30.0193 | Loss: 5.7224 | lr: 1.25e-05 | Best_PSNR: 30.0418 | max_value: 255.0 in Epoch [191]
2022-07-27 16:39:26,071 INFO: Epoch: 197 | PSNR: 30.0246 | Loss: 5.6438 | lr: 1.25e-05 | Best_PSNR: 30.0418 | max_value: 255.0 in Epoch [191]
2022-07-27 16:40:36,894 INFO: Epoch: 198 | PSNR: 30.0273 | Loss: 5.6663 | lr: 1.25e-05 | Best_PSNR: 30.0418 | max_value: 255.0 in Epoch [191]
2022-07-27 16:41:46,813 INFO: Epoch: 199 | PSNR: 30.0409 | Loss: 5.6309 | lr: 1.25e-05 | Best_PSNR: 30.0418 | max_value: 255.0 in Epoch [191]
2022-07-27 16:43:07,593 INFO: Epoch: 200 | PSNR: 30.0202 | Loss: 5.6616 | lr: 1.25e-05 | Best_PSNR: 30.0418 | max_value: 255.0 in Epoch [191]
2022-07-27 16:44:37,877 INFO: Epoch: 201 | PSNR: 30.0429 | Loss: 5.6396 | lr: 6.25e-06 | Best_PSNR: 30.0429 | max_value: 255.0 in Epoch [201]
2022-07-27 16:46:45,816 INFO: Epoch: 202 | PSNR: 30.0211 | Loss: 5.6732 | lr: 6.25e-06 | Best_PSNR: 30.0429 | max_value: 255.0 in Epoch [201]
2022-07-27 16:48:15,653 INFO: Epoch: 203 | PSNR: 30.0235 | Loss: 5.6628 | lr: 6.25e-06 | Best_PSNR: 30.0429 | max_value: 255.0 in Epoch [201]
2022-07-27 16:49:35,596 INFO: Epoch: 204 | PSNR: 30.0238 | Loss: 5.6858 | lr: 6.25e-06 | Best_PSNR: 30.0429 | max_value: 255.0 in Epoch [201]
2022-07-27 16:51:12,636 INFO: Epoch: 205 | PSNR: 30.0208 | Loss: 5.6674 | lr: 6.25e-06 | Best_PSNR: 30.0429 | max_value: 255.0 in Epoch [201]
2022-07-27 16:52:23,102 INFO: Epoch: 206 | PSNR: 30.0331 | Loss: 5.6456 | lr: 6.25e-06 | Best_PSNR: 30.0429 | max_value: 255.0 in Epoch [201]
2022-07-27 16:53:38,516 INFO: Epoch: 207 | PSNR: 30.0227 | Loss: 5.6367 | lr: 6.25e-06 | Best_PSNR: 30.0429 | max_value: 255.0 in Epoch [201]
2022-07-27 16:54:42,911 INFO: Epoch: 208 | PSNR: 30.0295 | Loss: 5.6678 | lr: 6.25e-06 | Best_PSNR: 30.0429 | max_value: 255.0 in Epoch [201]
2022-07-27 16:56:04,791 INFO: Epoch: 209 | PSNR: 30.0301 | Loss: 5.6736 | lr: 6.25e-06 | Best_PSNR: 30.0429 | max_value: 255.0 in Epoch [201]
2022-07-27 16:57:25,359 INFO: Epoch: 210 | PSNR: 30.0403 | Loss: 5.6170 | lr: 6.25e-06 | Best_PSNR: 30.0429 | max_value: 255.0 in Epoch [201]
2022-07-27 16:58:39,914 INFO: Epoch: 211 | PSNR: 30.0329 | Loss: 5.6525 | lr: 6.25e-06 | Best_PSNR: 30.0429 | max_value: 255.0 in Epoch [201]
2022-07-27 16:59:51,848 INFO: Epoch: 212 | PSNR: 30.0359 | Loss: 5.6521 | lr: 6.25e-06 | Best_PSNR: 30.0429 | max_value: 255.0 in Epoch [201]
2022-07-27 17:01:04,697 INFO: Epoch: 213 | PSNR: 30.0383 | Loss: 5.6712 | lr: 6.25e-06 | Best_PSNR: 30.0429 | max_value: 255.0 in Epoch [201]
2022-07-27 17:02:18,229 INFO: Epoch: 214 | PSNR: 30.0192 | Loss: 5.5958 | lr: 6.25e-06 | Best_PSNR: 30.0429 | max_value: 255.0 in Epoch [201]
2022-07-27 17:03:22,629 INFO: Epoch: 215 | PSNR: 30.0154 | Loss: 5.6955 | lr: 6.25e-06 | Best_PSNR: 30.0429 | max_value: 255.0 in Epoch [201]
2022-07-27 17:04:55,448 INFO: Epoch: 216 | PSNR: 30.0294 | Loss: 5.6734 | lr: 6.25e-06 | Best_PSNR: 30.0429 | max_value: 255.0 in Epoch [201]
2022-07-27 17:06:23,047 INFO: Epoch: 217 | PSNR: 30.0289 | Loss: 5.6603 | lr: 6.25e-06 | Best_PSNR: 30.0429 | max_value: 255.0 in Epoch [201]
2022-07-27 17:07:33,107 INFO: Epoch: 218 | PSNR: 30.0263 | Loss: 5.6926 | lr: 6.25e-06 | Best_PSNR: 30.0429 | max_value: 255.0 in Epoch [201]
2022-07-27 17:08:49,552 INFO: Epoch: 219 | PSNR: 30.0213 | Loss: 5.6217 | lr: 6.25e-06 | Best_PSNR: 30.0429 | max_value: 255.0 in Epoch [201]
2022-07-27 17:10:03,806 INFO: Epoch: 220 | PSNR: 30.0251 | Loss: 5.6576 | lr: 6.25e-06 | Best_PSNR: 30.0429 | max_value: 255.0 in Epoch [201]
