2022-07-09 09:43:44,822 INFO: Create train dataset successfully!
2022-07-09 09:43:44,822 INFO: Training: [1000] iterations for each epoch
2022-07-09 09:43:44,822 INFO: Create val dataset successfully!
2022-07-09 09:43:44,823 INFO: Validating: [100] iterations for each epoch
2022-07-09 09:43:44,823 INFO: Preparing for experiment: [trial3_qat]
2022-07-09 09:43:44,823 INFO: Loading pretrained model ...
2022-07-09 09:43:47,318 INFO: Start copying weights and annotate Lambda layer...
2022-07-09 09:43:47,364 INFO: Start annotating other parts of model...
2022-07-09 09:43:47,385 INFO: Creating quantize-aware model...
2022-07-09 09:43:48,339 INFO: Create model successfully! Params: [30.44]K
2022-07-09 09:43:48,339 INFO: Start training...
2022-07-09 09:44:14,033 INFO: Epoch: 1 | PSNR: 14.1923 | Loss: 77.4116 | lr: 1.00e-03 | Best_PSNR: 14.1923 in Epoch [1]
2022-07-09 09:44:39,573 INFO: Epoch: 2 | PSNR: 28.1895 | Loss: 16.6457 | lr: 1.00e-03 | Best_PSNR: 28.1895 in Epoch [2]
2022-07-09 09:45:02,541 INFO: Epoch: 3 | PSNR: 29.6944 | Loss: 6.2435 | lr: 1.00e-03 | Best_PSNR: 29.6944 in Epoch [3]
2022-07-09 09:45:26,103 INFO: Epoch: 4 | PSNR: 29.8878 | Loss: 5.7934 | lr: 1.00e-03 | Best_PSNR: 29.8878 in Epoch [4]
2022-07-09 09:45:48,442 INFO: Epoch: 5 | PSNR: 29.8852 | Loss: 5.7422 | lr: 1.00e-03 | Best_PSNR: 29.8878 in Epoch [4]
2022-07-09 09:46:10,356 INFO: Epoch: 6 | PSNR: 29.8603 | Loss: 5.7087 | lr: 1.00e-03 | Best_PSNR: 29.8878 in Epoch [4]
2022-07-09 09:46:34,082 INFO: Epoch: 7 | PSNR: 29.9340 | Loss: 5.6789 | lr: 1.00e-03 | Best_PSNR: 29.9340 in Epoch [7]
2022-07-09 09:46:56,527 INFO: Epoch: 8 | PSNR: 29.8782 | Loss: 5.6895 | lr: 1.00e-03 | Best_PSNR: 29.9340 in Epoch [7]
2022-07-09 09:47:18,914 INFO: Epoch: 9 | PSNR: 29.9059 | Loss: 5.6692 | lr: 1.00e-03 | Best_PSNR: 29.9340 in Epoch [7]
2022-07-09 09:47:42,326 INFO: Epoch: 10 | PSNR: 29.9344 | Loss: 5.6881 | lr: 1.00e-03 | Best_PSNR: 29.9344 in Epoch [10]
2022-07-09 09:48:04,822 INFO: Epoch: 11 | PSNR: 29.9336 | Loss: 5.6786 | lr: 1.00e-03 | Best_PSNR: 29.9344 in Epoch [10]
2022-07-09 09:48:26,992 INFO: Epoch: 12 | PSNR: 29.9310 | Loss: 5.6188 | lr: 1.00e-03 | Best_PSNR: 29.9344 in Epoch [10]
2022-07-09 09:48:50,412 INFO: Epoch: 13 | PSNR: 29.9429 | Loss: 5.6064 | lr: 1.00e-03 | Best_PSNR: 29.9429 in Epoch [13]
2022-07-09 09:49:12,374 INFO: Epoch: 14 | PSNR: 29.9343 | Loss: 5.7037 | lr: 1.00e-03 | Best_PSNR: 29.9429 in Epoch [13]
2022-07-09 09:49:34,231 INFO: Epoch: 15 | PSNR: 29.8996 | Loss: 5.6334 | lr: 1.00e-03 | Best_PSNR: 29.9429 in Epoch [13]
2022-07-09 09:49:56,554 INFO: Epoch: 16 | PSNR: 29.8996 | Loss: 5.6875 | lr: 1.00e-03 | Best_PSNR: 29.9429 in Epoch [13]
2022-07-09 09:50:18,647 INFO: Epoch: 17 | PSNR: 29.9080 | Loss: 5.6369 | lr: 1.00e-03 | Best_PSNR: 29.9429 in Epoch [13]
2022-07-09 09:50:40,599 INFO: Epoch: 18 | PSNR: 29.9287 | Loss: 5.6597 | lr: 1.00e-03 | Best_PSNR: 29.9429 in Epoch [13]
2022-07-09 09:51:03,423 INFO: Epoch: 19 | PSNR: 29.9267 | Loss: 5.6524 | lr: 1.00e-03 | Best_PSNR: 29.9429 in Epoch [13]
2022-07-09 09:51:25,352 INFO: Epoch: 20 | PSNR: 29.8957 | Loss: 5.6534 | lr: 1.00e-03 | Best_PSNR: 29.9429 in Epoch [13]
2022-07-09 09:51:47,193 INFO: Epoch: 21 | PSNR: 29.9200 | Loss: 5.6722 | lr: 1.00e-03 | Best_PSNR: 29.9429 in Epoch [13]
2022-07-09 09:52:08,896 INFO: Epoch: 22 | PSNR: 29.9088 | Loss: 5.6619 | lr: 1.00e-03 | Best_PSNR: 29.9429 in Epoch [13]
2022-07-09 09:52:30,504 INFO: Epoch: 23 | PSNR: 29.8780 | Loss: 5.6468 | lr: 1.00e-03 | Best_PSNR: 29.9429 in Epoch [13]
2022-07-09 09:52:52,066 INFO: Epoch: 24 | PSNR: 29.9376 | Loss: 5.7014 | lr: 1.00e-03 | Best_PSNR: 29.9429 in Epoch [13]
2022-07-09 09:53:13,725 INFO: Epoch: 25 | PSNR: 29.9190 | Loss: 5.6736 | lr: 1.00e-03 | Best_PSNR: 29.9429 in Epoch [13]
2022-07-09 09:53:36,861 INFO: Epoch: 26 | PSNR: 29.9523 | Loss: 5.6501 | lr: 1.00e-03 | Best_PSNR: 29.9523 in Epoch [26]
2022-07-09 09:53:58,676 INFO: Epoch: 27 | PSNR: 29.8685 | Loss: 5.6518 | lr: 1.00e-03 | Best_PSNR: 29.9523 in Epoch [26]
2022-07-09 09:54:20,278 INFO: Epoch: 28 | PSNR: 29.9179 | Loss: 5.6783 | lr: 1.00e-03 | Best_PSNR: 29.9523 in Epoch [26]
2022-07-09 09:54:41,872 INFO: Epoch: 29 | PSNR: 29.8913 | Loss: 5.6753 | lr: 1.00e-03 | Best_PSNR: 29.9523 in Epoch [26]
2022-07-09 09:55:03,512 INFO: Epoch: 30 | PSNR: 29.9395 | Loss: 5.6566 | lr: 1.00e-03 | Best_PSNR: 29.9523 in Epoch [26]
2022-07-09 09:55:24,916 INFO: Epoch: 31 | PSNR: 29.9515 | Loss: 5.6261 | lr: 1.00e-03 | Best_PSNR: 29.9523 in Epoch [26]
2022-07-09 09:55:46,407 INFO: Epoch: 32 | PSNR: 29.9325 | Loss: 5.6730 | lr: 1.00e-03 | Best_PSNR: 29.9523 in Epoch [26]
2022-07-09 09:56:07,882 INFO: Epoch: 33 | PSNR: 29.9189 | Loss: 5.7067 | lr: 1.00e-03 | Best_PSNR: 29.9523 in Epoch [26]
2022-07-09 09:56:29,646 INFO: Epoch: 34 | PSNR: 29.9368 | Loss: 5.6657 | lr: 1.00e-03 | Best_PSNR: 29.9523 in Epoch [26]
2022-07-09 09:56:51,045 INFO: Epoch: 35 | PSNR: 29.9443 | Loss: 5.6471 | lr: 1.00e-03 | Best_PSNR: 29.9523 in Epoch [26]
2022-07-09 09:57:12,704 INFO: Epoch: 36 | PSNR: 29.9434 | Loss: 5.6792 | lr: 1.00e-03 | Best_PSNR: 29.9523 in Epoch [26]
2022-07-09 09:57:34,359 INFO: Epoch: 37 | PSNR: 29.9398 | Loss: 5.6637 | lr: 1.00e-03 | Best_PSNR: 29.9523 in Epoch [26]
2022-07-09 09:57:56,278 INFO: Epoch: 38 | PSNR: 29.9237 | Loss: 5.6498 | lr: 1.00e-03 | Best_PSNR: 29.9523 in Epoch [26]
2022-07-09 09:58:17,989 INFO: Epoch: 39 | PSNR: 29.9485 | Loss: 5.6828 | lr: 1.00e-03 | Best_PSNR: 29.9523 in Epoch [26]
2022-07-09 09:58:39,847 INFO: Epoch: 40 | PSNR: 29.9351 | Loss: 5.6891 | lr: 1.00e-03 | Best_PSNR: 29.9523 in Epoch [26]
2022-07-09 09:59:01,675 INFO: Epoch: 41 | PSNR: 29.8995 | Loss: 5.6255 | lr: 1.00e-03 | Best_PSNR: 29.9523 in Epoch [26]
2022-07-09 09:59:25,401 INFO: Epoch: 42 | PSNR: 29.9184 | Loss: 5.6398 | lr: 1.00e-03 | Best_PSNR: 29.9523 in Epoch [26]
2022-07-09 10:00:08,744 INFO: Epoch: 43 | PSNR: 29.9249 | Loss: 5.6242 | lr: 1.00e-03 | Best_PSNR: 29.9523 in Epoch [26]
2022-07-09 10:00:49,821 INFO: Epoch: 44 | PSNR: 29.9242 | Loss: 5.6355 | lr: 1.00e-03 | Best_PSNR: 29.9523 in Epoch [26]
2022-07-09 10:01:32,812 INFO: Epoch: 45 | PSNR: 29.9416 | Loss: 5.6638 | lr: 1.00e-03 | Best_PSNR: 29.9523 in Epoch [26]
2022-07-09 10:02:16,765 INFO: Epoch: 46 | PSNR: 29.9400 | Loss: 5.6488 | lr: 1.00e-03 | Best_PSNR: 29.9523 in Epoch [26]
2022-07-09 10:03:00,442 INFO: Epoch: 47 | PSNR: 29.8996 | Loss: 5.6744 | lr: 1.00e-03 | Best_PSNR: 29.9523 in Epoch [26]
2022-07-09 10:03:44,299 INFO: Epoch: 48 | PSNR: 29.9073 | Loss: 5.6309 | lr: 1.00e-03 | Best_PSNR: 29.9523 in Epoch [26]
2022-07-09 10:04:28,065 INFO: Epoch: 49 | PSNR: 29.9178 | Loss: 5.6115 | lr: 1.00e-03 | Best_PSNR: 29.9523 in Epoch [26]
2022-07-09 10:05:11,616 INFO: Epoch: 50 | PSNR: 29.9205 | Loss: 5.7488 | lr: 1.00e-03 | Best_PSNR: 29.9523 in Epoch [26]
2022-07-09 10:05:55,136 INFO: Epoch: 51 | PSNR: 29.9455 | Loss: 5.6416 | lr: 5.00e-04 | Best_PSNR: 29.9523 in Epoch [26]
2022-07-09 10:06:38,374 INFO: Epoch: 52 | PSNR: 29.9439 | Loss: 5.6798 | lr: 5.00e-04 | Best_PSNR: 29.9523 in Epoch [26]
2022-07-09 10:07:22,544 INFO: Epoch: 53 | PSNR: 29.9520 | Loss: 5.6106 | lr: 5.00e-04 | Best_PSNR: 29.9523 in Epoch [26]
2022-07-09 10:08:08,102 INFO: Epoch: 54 | PSNR: 29.9601 | Loss: 5.6161 | lr: 5.00e-04 | Best_PSNR: 29.9601 in Epoch [54]
2022-07-09 10:08:53,599 INFO: Epoch: 55 | PSNR: 29.9773 | Loss: 5.6551 | lr: 5.00e-04 | Best_PSNR: 29.9773 in Epoch [55]
2022-07-09 10:09:37,597 INFO: Epoch: 56 | PSNR: 29.9478 | Loss: 5.6339 | lr: 5.00e-04 | Best_PSNR: 29.9773 in Epoch [55]
2022-07-09 10:10:22,051 INFO: Epoch: 57 | PSNR: 29.9475 | Loss: 5.6697 | lr: 5.00e-04 | Best_PSNR: 29.9773 in Epoch [55]
2022-07-09 10:11:06,162 INFO: Epoch: 58 | PSNR: 29.9570 | Loss: 5.7056 | lr: 5.00e-04 | Best_PSNR: 29.9773 in Epoch [55]
2022-07-09 10:11:50,298 INFO: Epoch: 59 | PSNR: 29.9528 | Loss: 5.6680 | lr: 5.00e-04 | Best_PSNR: 29.9773 in Epoch [55]
2022-07-09 10:12:34,379 INFO: Epoch: 60 | PSNR: 29.9622 | Loss: 5.6227 | lr: 5.00e-04 | Best_PSNR: 29.9773 in Epoch [55]
2022-07-09 10:13:18,337 INFO: Epoch: 61 | PSNR: 29.9277 | Loss: 5.6282 | lr: 5.00e-04 | Best_PSNR: 29.9773 in Epoch [55]
2022-07-09 10:14:02,515 INFO: Epoch: 62 | PSNR: 29.9763 | Loss: 5.6500 | lr: 5.00e-04 | Best_PSNR: 29.9773 in Epoch [55]
2022-07-09 10:14:46,309 INFO: Epoch: 63 | PSNR: 29.9637 | Loss: 5.6465 | lr: 5.00e-04 | Best_PSNR: 29.9773 in Epoch [55]
2022-07-09 10:15:31,489 INFO: Epoch: 64 | PSNR: 29.9635 | Loss: 5.6535 | lr: 5.00e-04 | Best_PSNR: 29.9773 in Epoch [55]
2022-07-09 10:16:16,789 INFO: Epoch: 65 | PSNR: 29.9567 | Loss: 5.6983 | lr: 5.00e-04 | Best_PSNR: 29.9773 in Epoch [55]
2022-07-09 10:17:02,673 INFO: Epoch: 66 | PSNR: 29.9752 | Loss: 5.6515 | lr: 5.00e-04 | Best_PSNR: 29.9773 in Epoch [55]
2022-07-09 10:17:48,389 INFO: Epoch: 67 | PSNR: 29.9612 | Loss: 5.6519 | lr: 5.00e-04 | Best_PSNR: 29.9773 in Epoch [55]
2022-07-09 10:18:33,651 INFO: Epoch: 68 | PSNR: 29.9381 | Loss: 5.6213 | lr: 5.00e-04 | Best_PSNR: 29.9773 in Epoch [55]
2022-07-09 10:19:18,445 INFO: Epoch: 69 | PSNR: 29.9593 | Loss: 5.6009 | lr: 5.00e-04 | Best_PSNR: 29.9773 in Epoch [55]
2022-07-09 10:20:02,955 INFO: Epoch: 70 | PSNR: 29.9629 | Loss: 5.6595 | lr: 5.00e-04 | Best_PSNR: 29.9773 in Epoch [55]
2022-07-09 10:20:47,265 INFO: Epoch: 71 | PSNR: 29.9299 | Loss: 5.6790 | lr: 5.00e-04 | Best_PSNR: 29.9773 in Epoch [55]
2022-07-09 10:21:31,852 INFO: Epoch: 72 | PSNR: 29.9410 | Loss: 5.6404 | lr: 5.00e-04 | Best_PSNR: 29.9773 in Epoch [55]
2022-07-09 10:22:16,002 INFO: Epoch: 73 | PSNR: 29.9580 | Loss: 5.6520 | lr: 5.00e-04 | Best_PSNR: 29.9773 in Epoch [55]
2022-07-09 10:23:00,320 INFO: Epoch: 74 | PSNR: 29.9646 | Loss: 5.6412 | lr: 5.00e-04 | Best_PSNR: 29.9773 in Epoch [55]
2022-07-09 10:23:44,826 INFO: Epoch: 75 | PSNR: 29.9601 | Loss: 5.6500 | lr: 5.00e-04 | Best_PSNR: 29.9773 in Epoch [55]
2022-07-09 10:24:29,640 INFO: Epoch: 76 | PSNR: 29.9737 | Loss: 5.6202 | lr: 5.00e-04 | Best_PSNR: 29.9773 in Epoch [55]
2022-07-09 10:25:14,152 INFO: Epoch: 77 | PSNR: 29.9530 | Loss: 5.6788 | lr: 5.00e-04 | Best_PSNR: 29.9773 in Epoch [55]
2022-07-09 10:25:59,161 INFO: Epoch: 78 | PSNR: 29.9707 | Loss: 5.6316 | lr: 5.00e-04 | Best_PSNR: 29.9773 in Epoch [55]
2022-07-09 10:26:44,161 INFO: Epoch: 79 | PSNR: 29.9548 | Loss: 5.6638 | lr: 5.00e-04 | Best_PSNR: 29.9773 in Epoch [55]
2022-07-09 10:27:28,876 INFO: Epoch: 80 | PSNR: 29.9603 | Loss: 5.6404 | lr: 5.00e-04 | Best_PSNR: 29.9773 in Epoch [55]
2022-07-09 10:28:13,813 INFO: Epoch: 81 | PSNR: 29.9525 | Loss: 5.6695 | lr: 5.00e-04 | Best_PSNR: 29.9773 in Epoch [55]
2022-07-09 10:28:58,559 INFO: Epoch: 82 | PSNR: 29.9619 | Loss: 5.6548 | lr: 5.00e-04 | Best_PSNR: 29.9773 in Epoch [55]
2022-07-09 10:29:43,715 INFO: Epoch: 83 | PSNR: 29.9636 | Loss: 5.6068 | lr: 5.00e-04 | Best_PSNR: 29.9773 in Epoch [55]
2022-07-09 10:30:28,645 INFO: Epoch: 84 | PSNR: 29.9282 | Loss: 5.6514 | lr: 5.00e-04 | Best_PSNR: 29.9773 in Epoch [55]
2022-07-09 10:31:13,244 INFO: Epoch: 85 | PSNR: 29.9544 | Loss: 5.6276 | lr: 5.00e-04 | Best_PSNR: 29.9773 in Epoch [55]
2022-07-09 10:31:57,985 INFO: Epoch: 86 | PSNR: 29.9694 | Loss: 5.6027 | lr: 5.00e-04 | Best_PSNR: 29.9773 in Epoch [55]
2022-07-09 10:32:43,055 INFO: Epoch: 87 | PSNR: 29.9637 | Loss: 5.6241 | lr: 5.00e-04 | Best_PSNR: 29.9773 in Epoch [55]
2022-07-09 10:33:27,414 INFO: Epoch: 88 | PSNR: 29.9691 | Loss: 5.6956 | lr: 5.00e-04 | Best_PSNR: 29.9773 in Epoch [55]
2022-07-09 10:34:12,515 INFO: Epoch: 89 | PSNR: 29.9663 | Loss: 5.6555 | lr: 5.00e-04 | Best_PSNR: 29.9773 in Epoch [55]
2022-07-09 10:34:56,784 INFO: Epoch: 90 | PSNR: 29.9438 | Loss: 5.6253 | lr: 5.00e-04 | Best_PSNR: 29.9773 in Epoch [55]
2022-07-09 10:35:41,192 INFO: Epoch: 91 | PSNR: 29.9462 | Loss: 5.6194 | lr: 5.00e-04 | Best_PSNR: 29.9773 in Epoch [55]
2022-07-09 10:36:25,486 INFO: Epoch: 92 | PSNR: 29.9416 | Loss: 5.6430 | lr: 5.00e-04 | Best_PSNR: 29.9773 in Epoch [55]
2022-07-09 10:37:10,172 INFO: Epoch: 93 | PSNR: 29.9735 | Loss: 5.6577 | lr: 5.00e-04 | Best_PSNR: 29.9773 in Epoch [55]
2022-07-09 10:37:54,163 INFO: Epoch: 94 | PSNR: 29.9598 | Loss: 5.6194 | lr: 5.00e-04 | Best_PSNR: 29.9773 in Epoch [55]
2022-07-09 10:38:38,942 INFO: Epoch: 95 | PSNR: 29.9732 | Loss: 5.6042 | lr: 5.00e-04 | Best_PSNR: 29.9773 in Epoch [55]
2022-07-09 10:39:23,398 INFO: Epoch: 96 | PSNR: 29.9470 | Loss: 5.6573 | lr: 5.00e-04 | Best_PSNR: 29.9773 in Epoch [55]
2022-07-09 10:40:08,403 INFO: Epoch: 97 | PSNR: 29.9554 | Loss: 5.6328 | lr: 5.00e-04 | Best_PSNR: 29.9773 in Epoch [55]
2022-07-09 10:40:52,954 INFO: Epoch: 98 | PSNR: 29.9661 | Loss: 5.6361 | lr: 5.00e-04 | Best_PSNR: 29.9773 in Epoch [55]
2022-07-09 10:41:37,620 INFO: Epoch: 99 | PSNR: 29.9505 | Loss: 5.6650 | lr: 5.00e-04 | Best_PSNR: 29.9773 in Epoch [55]
2022-07-09 10:42:22,883 INFO: Epoch: 100 | PSNR: 29.9243 | Loss: 5.6500 | lr: 5.00e-04 | Best_PSNR: 29.9773 in Epoch [55]
2022-07-09 10:43:09,092 INFO: Epoch: 101 | PSNR: 29.9838 | Loss: 5.6657 | lr: 2.50e-04 | Best_PSNR: 29.9838 in Epoch [101]
2022-07-09 10:43:46,575 INFO: Epoch: 102 | PSNR: 29.9776 | Loss: 5.6406 | lr: 2.50e-04 | Best_PSNR: 29.9838 in Epoch [101]
2022-07-09 10:44:31,850 INFO: Epoch: 103 | PSNR: 29.9783 | Loss: 5.6123 | lr: 2.50e-04 | Best_PSNR: 29.9838 in Epoch [101]
2022-07-09 10:45:16,618 INFO: Epoch: 104 | PSNR: 29.9529 | Loss: 5.6632 | lr: 2.50e-04 | Best_PSNR: 29.9838 in Epoch [101]
2022-07-09 10:46:00,716 INFO: Epoch: 105 | PSNR: 29.9735 | Loss: 5.6768 | lr: 2.50e-04 | Best_PSNR: 29.9838 in Epoch [101]
2022-07-09 10:46:45,597 INFO: Epoch: 106 | PSNR: 29.9722 | Loss: 5.6055 | lr: 2.50e-04 | Best_PSNR: 29.9838 in Epoch [101]
2022-07-09 10:47:30,290 INFO: Epoch: 107 | PSNR: 29.9632 | Loss: 5.6443 | lr: 2.50e-04 | Best_PSNR: 29.9838 in Epoch [101]
2022-07-09 10:48:15,130 INFO: Epoch: 108 | PSNR: 29.9715 | Loss: 5.6116 | lr: 2.50e-04 | Best_PSNR: 29.9838 in Epoch [101]
2022-07-09 10:48:59,589 INFO: Epoch: 109 | PSNR: 29.9797 | Loss: 5.6352 | lr: 2.50e-04 | Best_PSNR: 29.9838 in Epoch [101]
2022-07-09 10:49:43,943 INFO: Epoch: 110 | PSNR: 29.9723 | Loss: 5.5960 | lr: 2.50e-04 | Best_PSNR: 29.9838 in Epoch [101]
2022-07-09 10:50:29,357 INFO: Epoch: 111 | PSNR: 29.9768 | Loss: 5.6344 | lr: 2.50e-04 | Best_PSNR: 29.9838 in Epoch [101]
2022-07-09 10:51:14,351 INFO: Epoch: 112 | PSNR: 29.9522 | Loss: 5.6066 | lr: 2.50e-04 | Best_PSNR: 29.9838 in Epoch [101]
2022-07-09 10:51:59,478 INFO: Epoch: 113 | PSNR: 29.9807 | Loss: 5.6618 | lr: 2.50e-04 | Best_PSNR: 29.9838 in Epoch [101]
2022-07-09 10:52:44,752 INFO: Epoch: 114 | PSNR: 29.9492 | Loss: 5.5963 | lr: 2.50e-04 | Best_PSNR: 29.9838 in Epoch [101]
2022-07-09 10:53:29,817 INFO: Epoch: 115 | PSNR: 29.9414 | Loss: 5.6644 | lr: 2.50e-04 | Best_PSNR: 29.9838 in Epoch [101]
2022-07-09 10:54:14,533 INFO: Epoch: 116 | PSNR: 29.9694 | Loss: 5.6227 | lr: 2.50e-04 | Best_PSNR: 29.9838 in Epoch [101]
2022-07-09 10:54:59,204 INFO: Epoch: 117 | PSNR: 29.9626 | Loss: 5.6100 | lr: 2.50e-04 | Best_PSNR: 29.9838 in Epoch [101]
2022-07-09 10:55:43,661 INFO: Epoch: 118 | PSNR: 29.9680 | Loss: 5.6404 | lr: 2.50e-04 | Best_PSNR: 29.9838 in Epoch [101]
2022-07-09 10:56:28,363 INFO: Epoch: 119 | PSNR: 29.9709 | Loss: 5.5917 | lr: 2.50e-04 | Best_PSNR: 29.9838 in Epoch [101]
2022-07-09 10:57:12,791 INFO: Epoch: 120 | PSNR: 29.9817 | Loss: 5.6279 | lr: 2.50e-04 | Best_PSNR: 29.9838 in Epoch [101]
2022-07-09 10:57:57,188 INFO: Epoch: 121 | PSNR: 29.9769 | Loss: 5.6734 | lr: 2.50e-04 | Best_PSNR: 29.9838 in Epoch [101]
2022-07-09 10:58:41,597 INFO: Epoch: 122 | PSNR: 29.9730 | Loss: 5.6278 | lr: 2.50e-04 | Best_PSNR: 29.9838 in Epoch [101]
2022-07-09 10:59:26,426 INFO: Epoch: 123 | PSNR: 29.9729 | Loss: 5.6521 | lr: 2.50e-04 | Best_PSNR: 29.9838 in Epoch [101]
2022-07-09 11:00:10,494 INFO: Epoch: 124 | PSNR: 29.9817 | Loss: 5.6410 | lr: 2.50e-04 | Best_PSNR: 29.9838 in Epoch [101]
2022-07-09 11:00:54,573 INFO: Epoch: 125 | PSNR: 29.9718 | Loss: 5.6349 | lr: 2.50e-04 | Best_PSNR: 29.9838 in Epoch [101]
2022-07-09 11:01:38,636 INFO: Epoch: 126 | PSNR: 29.9762 | Loss: 5.5735 | lr: 2.50e-04 | Best_PSNR: 29.9838 in Epoch [101]
2022-07-09 11:02:23,150 INFO: Epoch: 127 | PSNR: 29.9752 | Loss: 5.6021 | lr: 2.50e-04 | Best_PSNR: 29.9838 in Epoch [101]
2022-07-09 11:03:06,792 INFO: Epoch: 128 | PSNR: 29.9718 | Loss: 5.6157 | lr: 2.50e-04 | Best_PSNR: 29.9838 in Epoch [101]
2022-07-09 11:03:52,974 INFO: Epoch: 129 | PSNR: 29.9872 | Loss: 5.6341 | lr: 2.50e-04 | Best_PSNR: 29.9872 in Epoch [129]
2022-07-09 11:04:37,312 INFO: Epoch: 130 | PSNR: 29.9869 | Loss: 5.6525 | lr: 2.50e-04 | Best_PSNR: 29.9872 in Epoch [129]
2022-07-09 11:05:21,853 INFO: Epoch: 131 | PSNR: 29.9870 | Loss: 5.6355 | lr: 2.50e-04 | Best_PSNR: 29.9872 in Epoch [129]
2022-07-09 11:06:05,771 INFO: Epoch: 132 | PSNR: 29.9835 | Loss: 5.6130 | lr: 2.50e-04 | Best_PSNR: 29.9872 in Epoch [129]
2022-07-09 11:06:50,092 INFO: Epoch: 133 | PSNR: 29.9657 | Loss: 5.6621 | lr: 2.50e-04 | Best_PSNR: 29.9872 in Epoch [129]
2022-07-09 11:07:34,404 INFO: Epoch: 134 | PSNR: 29.9787 | Loss: 5.6091 | lr: 2.50e-04 | Best_PSNR: 29.9872 in Epoch [129]
2022-07-09 11:08:17,927 INFO: Epoch: 135 | PSNR: 29.9733 | Loss: 5.5748 | lr: 2.50e-04 | Best_PSNR: 29.9872 in Epoch [129]
2022-07-09 11:09:02,061 INFO: Epoch: 136 | PSNR: 29.9756 | Loss: 5.6402 | lr: 2.50e-04 | Best_PSNR: 29.9872 in Epoch [129]
2022-07-09 11:09:46,529 INFO: Epoch: 137 | PSNR: 29.9751 | Loss: 5.7063 | lr: 2.50e-04 | Best_PSNR: 29.9872 in Epoch [129]
2022-07-09 11:10:31,350 INFO: Epoch: 138 | PSNR: 29.9765 | Loss: 5.5842 | lr: 2.50e-04 | Best_PSNR: 29.9872 in Epoch [129]
2022-07-09 11:11:15,675 INFO: Epoch: 139 | PSNR: 29.9721 | Loss: 5.6128 | lr: 2.50e-04 | Best_PSNR: 29.9872 in Epoch [129]
2022-07-09 11:12:00,426 INFO: Epoch: 140 | PSNR: 29.9661 | Loss: 5.6381 | lr: 2.50e-04 | Best_PSNR: 29.9872 in Epoch [129]
2022-07-09 11:12:44,775 INFO: Epoch: 141 | PSNR: 29.9716 | Loss: 5.6290 | lr: 2.50e-04 | Best_PSNR: 29.9872 in Epoch [129]
2022-07-09 11:13:29,905 INFO: Epoch: 142 | PSNR: 29.9808 | Loss: 5.6096 | lr: 2.50e-04 | Best_PSNR: 29.9872 in Epoch [129]
2022-07-09 11:14:16,458 INFO: Epoch: 143 | PSNR: 29.9714 | Loss: 5.6510 | lr: 2.50e-04 | Best_PSNR: 29.9872 in Epoch [129]
2022-07-09 11:15:02,580 INFO: Epoch: 144 | PSNR: 29.9671 | Loss: 5.6645 | lr: 2.50e-04 | Best_PSNR: 29.9872 in Epoch [129]
2022-07-09 11:15:46,066 INFO: Epoch: 145 | PSNR: 29.9799 | Loss: 5.6457 | lr: 2.50e-04 | Best_PSNR: 29.9872 in Epoch [129]
2022-07-09 11:16:30,972 INFO: Epoch: 146 | PSNR: 29.9605 | Loss: 5.6275 | lr: 2.50e-04 | Best_PSNR: 29.9872 in Epoch [129]
2022-07-09 11:17:15,517 INFO: Epoch: 147 | PSNR: 29.9741 | Loss: 5.6287 | lr: 2.50e-04 | Best_PSNR: 29.9872 in Epoch [129]
2022-07-09 11:18:00,022 INFO: Epoch: 148 | PSNR: 29.9746 | Loss: 5.6358 | lr: 2.50e-04 | Best_PSNR: 29.9872 in Epoch [129]
2022-07-09 11:18:44,109 INFO: Epoch: 149 | PSNR: 29.9685 | Loss: 5.5783 | lr: 2.50e-04 | Best_PSNR: 29.9872 in Epoch [129]
2022-07-09 11:19:28,513 INFO: Epoch: 150 | PSNR: 29.9550 | Loss: 5.6111 | lr: 2.50e-04 | Best_PSNR: 29.9872 in Epoch [129]
2022-07-09 11:20:12,933 INFO: Epoch: 151 | PSNR: 29.9783 | Loss: 5.6234 | lr: 1.25e-04 | Best_PSNR: 29.9872 in Epoch [129]
2022-07-09 11:20:57,793 INFO: Epoch: 152 | PSNR: 29.9803 | Loss: 5.6056 | lr: 1.25e-04 | Best_PSNR: 29.9872 in Epoch [129]
2022-07-09 11:21:42,209 INFO: Epoch: 153 | PSNR: 29.9802 | Loss: 5.6661 | lr: 1.25e-04 | Best_PSNR: 29.9872 in Epoch [129]
2022-07-09 11:22:27,000 INFO: Epoch: 154 | PSNR: 29.9832 | Loss: 5.6301 | lr: 1.25e-04 | Best_PSNR: 29.9872 in Epoch [129]
2022-07-09 11:23:11,396 INFO: Epoch: 155 | PSNR: 29.9871 | Loss: 5.6799 | lr: 1.25e-04 | Best_PSNR: 29.9872 in Epoch [129]
2022-07-09 11:23:55,271 INFO: Epoch: 156 | PSNR: 29.9867 | Loss: 5.5989 | lr: 1.25e-04 | Best_PSNR: 29.9872 in Epoch [129]
2022-07-09 11:24:39,459 INFO: Epoch: 157 | PSNR: 29.9826 | Loss: 5.6435 | lr: 1.25e-04 | Best_PSNR: 29.9872 in Epoch [129]
2022-07-09 11:25:23,625 INFO: Epoch: 158 | PSNR: 29.9613 | Loss: 5.6582 | lr: 1.25e-04 | Best_PSNR: 29.9872 in Epoch [129]
2022-07-09 11:26:08,099 INFO: Epoch: 159 | PSNR: 29.9842 | Loss: 5.6526 | lr: 1.25e-04 | Best_PSNR: 29.9872 in Epoch [129]
2022-07-09 11:26:47,448 INFO: Epoch: 160 | PSNR: 29.9910 | Loss: 5.6430 | lr: 1.25e-04 | Best_PSNR: 29.9910 in Epoch [160]
2022-07-09 11:27:32,653 INFO: Epoch: 161 | PSNR: 29.9786 | Loss: 5.6168 | lr: 1.25e-04 | Best_PSNR: 29.9910 in Epoch [160]
2022-07-09 11:28:17,535 INFO: Epoch: 162 | PSNR: 29.9846 | Loss: 5.6737 | lr: 1.25e-04 | Best_PSNR: 29.9910 in Epoch [160]
2022-07-09 11:29:02,753 INFO: Epoch: 163 | PSNR: 29.9807 | Loss: 5.6467 | lr: 1.25e-04 | Best_PSNR: 29.9910 in Epoch [160]
2022-07-09 11:29:47,626 INFO: Epoch: 164 | PSNR: 29.9761 | Loss: 5.6237 | lr: 1.25e-04 | Best_PSNR: 29.9910 in Epoch [160]
2022-07-09 11:30:32,691 INFO: Epoch: 165 | PSNR: 29.9910 | Loss: 5.6110 | lr: 1.25e-04 | Best_PSNR: 29.9910 in Epoch [160]
2022-07-09 11:31:17,845 INFO: Epoch: 166 | PSNR: 29.9837 | Loss: 5.6115 | lr: 1.25e-04 | Best_PSNR: 29.9910 in Epoch [160]
2022-07-09 11:32:02,515 INFO: Epoch: 167 | PSNR: 29.9884 | Loss: 5.6321 | lr: 1.25e-04 | Best_PSNR: 29.9910 in Epoch [160]
2022-07-09 11:32:47,659 INFO: Epoch: 168 | PSNR: 29.9768 | Loss: 5.6215 | lr: 1.25e-04 | Best_PSNR: 29.9910 in Epoch [160]
2022-07-09 11:33:32,422 INFO: Epoch: 169 | PSNR: 29.9841 | Loss: 5.6289 | lr: 1.25e-04 | Best_PSNR: 29.9910 in Epoch [160]
2022-07-09 11:34:17,274 INFO: Epoch: 170 | PSNR: 29.9733 | Loss: 5.5963 | lr: 1.25e-04 | Best_PSNR: 29.9910 in Epoch [160]
2022-07-09 11:35:01,985 INFO: Epoch: 171 | PSNR: 29.9856 | Loss: 5.6615 | lr: 1.25e-04 | Best_PSNR: 29.9910 in Epoch [160]
2022-07-09 11:35:48,744 INFO: Epoch: 172 | PSNR: 29.9938 | Loss: 5.6551 | lr: 1.25e-04 | Best_PSNR: 29.9938 in Epoch [172]
2022-07-09 11:36:33,995 INFO: Epoch: 173 | PSNR: 29.9760 | Loss: 5.6081 | lr: 1.25e-04 | Best_PSNR: 29.9938 in Epoch [172]
2022-07-09 11:37:19,095 INFO: Epoch: 174 | PSNR: 29.9712 | Loss: 5.6006 | lr: 1.25e-04 | Best_PSNR: 29.9938 in Epoch [172]
2022-07-09 11:38:04,044 INFO: Epoch: 175 | PSNR: 29.9661 | Loss: 5.6330 | lr: 1.25e-04 | Best_PSNR: 29.9938 in Epoch [172]
2022-07-09 11:38:49,317 INFO: Epoch: 176 | PSNR: 29.9843 | Loss: 5.6206 | lr: 1.25e-04 | Best_PSNR: 29.9938 in Epoch [172]
2022-07-09 11:39:34,993 INFO: Epoch: 177 | PSNR: 29.9819 | Loss: 5.6452 | lr: 1.25e-04 | Best_PSNR: 29.9938 in Epoch [172]
2022-07-09 11:40:20,441 INFO: Epoch: 178 | PSNR: 29.9791 | Loss: 5.6465 | lr: 1.25e-04 | Best_PSNR: 29.9938 in Epoch [172]
2022-07-09 11:41:06,189 INFO: Epoch: 179 | PSNR: 29.9738 | Loss: 5.6027 | lr: 1.25e-04 | Best_PSNR: 29.9938 in Epoch [172]
2022-07-09 11:41:51,495 INFO: Epoch: 180 | PSNR: 29.9824 | Loss: 5.6110 | lr: 1.25e-04 | Best_PSNR: 29.9938 in Epoch [172]
2022-07-09 11:42:37,051 INFO: Epoch: 181 | PSNR: 29.9782 | Loss: 5.6572 | lr: 1.25e-04 | Best_PSNR: 29.9938 in Epoch [172]
2022-07-09 11:43:22,142 INFO: Epoch: 182 | PSNR: 29.9692 | Loss: 5.6064 | lr: 1.25e-04 | Best_PSNR: 29.9938 in Epoch [172]
2022-07-09 11:44:07,220 INFO: Epoch: 183 | PSNR: 29.9801 | Loss: 5.6032 | lr: 1.25e-04 | Best_PSNR: 29.9938 in Epoch [172]
2022-07-09 11:44:52,677 INFO: Epoch: 184 | PSNR: 29.9853 | Loss: 5.6093 | lr: 1.25e-04 | Best_PSNR: 29.9938 in Epoch [172]
2022-07-09 11:45:37,803 INFO: Epoch: 185 | PSNR: 29.9877 | Loss: 5.5823 | lr: 1.25e-04 | Best_PSNR: 29.9938 in Epoch [172]
2022-07-09 11:46:22,976 INFO: Epoch: 186 | PSNR: 29.9773 | Loss: 5.6334 | lr: 1.25e-04 | Best_PSNR: 29.9938 in Epoch [172]
2022-07-09 11:47:08,417 INFO: Epoch: 187 | PSNR: 29.9826 | Loss: 5.6293 | lr: 1.25e-04 | Best_PSNR: 29.9938 in Epoch [172]
2022-07-09 11:47:53,921 INFO: Epoch: 188 | PSNR: 29.9760 | Loss: 5.6813 | lr: 1.25e-04 | Best_PSNR: 29.9938 in Epoch [172]
2022-07-09 11:48:39,020 INFO: Epoch: 189 | PSNR: 29.9724 | Loss: 5.6071 | lr: 1.25e-04 | Best_PSNR: 29.9938 in Epoch [172]
2022-07-09 11:49:24,187 INFO: Epoch: 190 | PSNR: 29.9797 | Loss: 5.6429 | lr: 1.25e-04 | Best_PSNR: 29.9938 in Epoch [172]
2022-07-09 11:50:09,960 INFO: Epoch: 191 | PSNR: 29.9811 | Loss: 5.6647 | lr: 1.25e-04 | Best_PSNR: 29.9938 in Epoch [172]
2022-07-09 11:50:55,214 INFO: Epoch: 192 | PSNR: 29.9869 | Loss: 5.6128 | lr: 1.25e-04 | Best_PSNR: 29.9938 in Epoch [172]
2022-07-09 11:51:40,215 INFO: Epoch: 193 | PSNR: 29.9635 | Loss: 5.6878 | lr: 1.25e-04 | Best_PSNR: 29.9938 in Epoch [172]
2022-07-09 11:52:25,550 INFO: Epoch: 194 | PSNR: 29.9807 | Loss: 5.6313 | lr: 1.25e-04 | Best_PSNR: 29.9938 in Epoch [172]
2022-07-09 11:53:10,899 INFO: Epoch: 195 | PSNR: 29.9774 | Loss: 5.5981 | lr: 1.25e-04 | Best_PSNR: 29.9938 in Epoch [172]
2022-07-09 11:53:56,297 INFO: Epoch: 196 | PSNR: 29.9746 | Loss: 5.6551 | lr: 1.25e-04 | Best_PSNR: 29.9938 in Epoch [172]
2022-07-09 11:54:42,072 INFO: Epoch: 197 | PSNR: 29.9804 | Loss: 5.6748 | lr: 1.25e-04 | Best_PSNR: 29.9938 in Epoch [172]
2022-07-09 11:55:27,191 INFO: Epoch: 198 | PSNR: 29.9762 | Loss: 5.5901 | lr: 1.25e-04 | Best_PSNR: 29.9938 in Epoch [172]
2022-07-09 11:56:12,381 INFO: Epoch: 199 | PSNR: 29.9866 | Loss: 5.6572 | lr: 1.25e-04 | Best_PSNR: 29.9938 in Epoch [172]
2022-07-09 11:56:58,243 INFO: Epoch: 200 | PSNR: 29.9765 | Loss: 5.6384 | lr: 1.25e-04 | Best_PSNR: 29.9938 in Epoch [172]
2022-07-09 11:57:43,155 INFO: Epoch: 201 | PSNR: 29.9900 | Loss: 5.6018 | lr: 6.25e-05 | Best_PSNR: 29.9938 in Epoch [172]
2022-07-09 11:58:28,689 INFO: Epoch: 202 | PSNR: 29.9799 | Loss: 5.6346 | lr: 6.25e-05 | Best_PSNR: 29.9938 in Epoch [172]
2022-07-09 11:59:13,948 INFO: Epoch: 203 | PSNR: 29.9852 | Loss: 5.6650 | lr: 6.25e-05 | Best_PSNR: 29.9938 in Epoch [172]
2022-07-09 11:59:59,081 INFO: Epoch: 204 | PSNR: 29.9924 | Loss: 5.6426 | lr: 6.25e-05 | Best_PSNR: 29.9938 in Epoch [172]
2022-07-09 12:00:45,038 INFO: Epoch: 205 | PSNR: 29.9865 | Loss: 5.5811 | lr: 6.25e-05 | Best_PSNR: 29.9938 in Epoch [172]
2022-07-09 12:01:29,741 INFO: Epoch: 206 | PSNR: 29.9764 | Loss: 5.5850 | lr: 6.25e-05 | Best_PSNR: 29.9938 in Epoch [172]
2022-07-09 12:02:15,192 INFO: Epoch: 207 | PSNR: 29.9884 | Loss: 5.5737 | lr: 6.25e-05 | Best_PSNR: 29.9938 in Epoch [172]
2022-07-09 12:03:00,752 INFO: Epoch: 208 | PSNR: 29.9858 | Loss: 5.6427 | lr: 6.25e-05 | Best_PSNR: 29.9938 in Epoch [172]
2022-07-09 12:03:46,215 INFO: Epoch: 209 | PSNR: 29.9936 | Loss: 5.6235 | lr: 6.25e-05 | Best_PSNR: 29.9938 in Epoch [172]
2022-07-09 12:04:32,151 INFO: Epoch: 210 | PSNR: 29.9845 | Loss: 5.6277 | lr: 6.25e-05 | Best_PSNR: 29.9938 in Epoch [172]
2022-07-09 12:05:16,973 INFO: Epoch: 211 | PSNR: 29.9739 | Loss: 5.5610 | lr: 6.25e-05 | Best_PSNR: 29.9938 in Epoch [172]
2022-07-09 12:06:02,630 INFO: Epoch: 212 | PSNR: 29.9899 | Loss: 5.6125 | lr: 6.25e-05 | Best_PSNR: 29.9938 in Epoch [172]
2022-07-09 12:06:48,148 INFO: Epoch: 213 | PSNR: 29.9799 | Loss: 5.6404 | lr: 6.25e-05 | Best_PSNR: 29.9938 in Epoch [172]
2022-07-09 12:07:33,673 INFO: Epoch: 214 | PSNR: 29.9795 | Loss: 5.6337 | lr: 6.25e-05 | Best_PSNR: 29.9938 in Epoch [172]
2022-07-09 12:08:12,777 INFO: Epoch: 215 | PSNR: 29.9784 | Loss: 5.5871 | lr: 6.25e-05 | Best_PSNR: 29.9938 in Epoch [172]
2022-07-09 12:08:58,117 INFO: Epoch: 216 | PSNR: 29.9873 | Loss: 5.6087 | lr: 6.25e-05 | Best_PSNR: 29.9938 in Epoch [172]
2022-07-09 12:09:43,989 INFO: Epoch: 217 | PSNR: 29.9912 | Loss: 5.6652 | lr: 6.25e-05 | Best_PSNR: 29.9938 in Epoch [172]
2022-07-09 12:10:29,346 INFO: Epoch: 218 | PSNR: 29.9767 | Loss: 5.6429 | lr: 6.25e-05 | Best_PSNR: 29.9938 in Epoch [172]
2022-07-09 12:11:14,761 INFO: Epoch: 219 | PSNR: 29.9799 | Loss: 5.6312 | lr: 6.25e-05 | Best_PSNR: 29.9938 in Epoch [172]
2022-07-09 12:12:00,650 INFO: Epoch: 220 | PSNR: 29.9877 | Loss: 5.6134 | lr: 6.25e-05 | Best_PSNR: 29.9938 in Epoch [172]
