2022-07-23 14:47:43,639 INFO: Create train dataset successfully!
2022-07-23 14:47:43,639 INFO: Training: [1000] iterations for each epoch
2022-07-23 14:47:43,640 INFO: Create val dataset successfully!
2022-07-23 14:47:43,640 INFO: Validating: [100] iterations for each epoch
2022-07-23 14:47:43,640 INFO: Preparing for experiment: [trial16_qat]
2022-07-23 14:47:43,640 INFO: Loading pretrained model ...
2022-07-23 14:47:50,120 INFO: Start copying weights and annotate Lambda layer...
2022-07-23 14:47:50,171 INFO: Start annotating other parts of model...
2022-07-23 14:47:50,194 INFO: Creating quantize-aware model...
2022-07-23 14:47:51,464 INFO: Create model successfully! Params: [40.69]K
2022-07-23 14:47:51,464 INFO: Model: "model"
2022-07-23 14:47:51,464 INFO: _________________________________________________________________
2022-07-23 14:47:51,464 INFO: Layer (type)                 Output Shape              Param #   
2022-07-23 14:47:51,464 INFO: =================================================================
2022-07-23 14:47:51,464 INFO: input_1 (InputLayer)         [(None, None, None, 3)]   0         
2022-07-23 14:47:51,464 INFO: _________________________________________________________________
2022-07-23 14:47:51,465 INFO: quantize_layer (QuantizeLaye (None, None, None, 3)     3         
2022-07-23 14:47:51,465 INFO: _________________________________________________________________
2022-07-23 14:47:51,465 INFO: quant_conv2d (QuantizeWrappe (None, None, None, 27)    813       
2022-07-23 14:47:51,465 INFO: _________________________________________________________________
2022-07-23 14:47:51,465 INFO: quant_conv2d_1 (QuantizeWrap (None, None, None, 27)    6645      
2022-07-23 14:47:51,465 INFO: _________________________________________________________________
2022-07-23 14:47:51,465 INFO: quant_conv2d_2 (QuantizeWrap (None, None, None, 27)    6645      
2022-07-23 14:47:51,465 INFO: _________________________________________________________________
2022-07-23 14:47:51,465 INFO: quant_conv2d_3 (QuantizeWrap (None, None, None, 27)    6645      
2022-07-23 14:47:51,465 INFO: _________________________________________________________________
2022-07-23 14:47:51,466 INFO: quant_conv2d_4 (QuantizeWrap (None, None, None, 27)    6645      
2022-07-23 14:47:51,466 INFO: _________________________________________________________________
2022-07-23 14:47:51,466 INFO: quant_conv2d_5 (QuantizeWrap (None, None, None, 27)    6645      
2022-07-23 14:47:51,466 INFO: _________________________________________________________________
2022-07-23 14:47:51,466 INFO: quant_conv2d_6 (QuantizeWrap (None, None, None, 27)    6645      
2022-07-23 14:47:51,466 INFO: _________________________________________________________________
2022-07-23 14:47:51,466 INFO: quant_lambda (QuantizeWrappe (None, None, None, 3)     1         
2022-07-23 14:47:51,466 INFO: =================================================================
2022-07-23 14:47:51,466 INFO: Total params: 40,687
2022-07-23 14:47:51,467 INFO: Trainable params: 40,284
2022-07-23 14:47:51,467 INFO: Non-trainable params: 403
2022-07-23 14:47:51,467 INFO: _________________________________________________________________
2022-07-23 14:47:51,467 INFO: Start training...
2022-07-23 14:49:36,594 INFO: Epoch: 1 | PSNR: 8.4343 | Loss: 98.3129 | lr: 1.00e-04 | Best_PSNR: 8.4343 | max_value: 28.329723358154297 in Epoch [1]
2022-07-23 14:51:07,071 INFO: Epoch: 2 | PSNR: 17.6685 | Loss: 52.9694 | lr: 1.00e-04 | Best_PSNR: 17.6685 | max_value: 133.54505920410156 in Epoch [2]
2022-07-23 14:52:36,196 INFO: Epoch: 3 | PSNR: 27.6333 | Loss: 12.5600 | lr: 1.00e-04 | Best_PSNR: 27.6333 | max_value: 225.97694396972656 in Epoch [3]
2022-07-23 14:54:05,613 INFO: Epoch: 4 | PSNR: 29.4982 | Loss: 6.2072 | lr: 1.00e-04 | Best_PSNR: 29.4982 | max_value: 255.0 in Epoch [4]
2022-07-23 14:55:34,054 INFO: Epoch: 5 | PSNR: 29.6739 | Loss: 5.8191 | lr: 1.00e-04 | Best_PSNR: 29.6739 | max_value: 255.0 in Epoch [5]
2022-07-23 14:57:00,458 INFO: Epoch: 6 | PSNR: 29.8346 | Loss: 5.7449 | lr: 1.00e-04 | Best_PSNR: 29.8346 | max_value: 255.0 in Epoch [6]
2022-07-23 14:58:25,364 INFO: Epoch: 7 | PSNR: 29.9675 | Loss: 5.6913 | lr: 1.00e-04 | Best_PSNR: 29.9675 | max_value: 255.0 in Epoch [7]
2022-07-23 14:59:49,923 INFO: Epoch: 8 | PSNR: 29.9810 | Loss: 5.6526 | lr: 1.00e-04 | Best_PSNR: 29.9810 | max_value: 255.0 in Epoch [8]
2022-07-23 15:01:15,168 INFO: Epoch: 9 | PSNR: 29.9826 | Loss: 5.6604 | lr: 1.00e-04 | Best_PSNR: 29.9826 | max_value: 255.0 in Epoch [9]
2022-07-23 15:02:39,355 INFO: Epoch: 10 | PSNR: 29.9775 | Loss: 5.6901 | lr: 1.00e-04 | Best_PSNR: 29.9826 | max_value: 255.0 in Epoch [9]
2022-07-23 15:04:04,003 INFO: Epoch: 11 | PSNR: 29.9814 | Loss: 5.6597 | lr: 1.00e-04 | Best_PSNR: 29.9826 | max_value: 255.0 in Epoch [9]
2022-07-23 15:05:28,403 INFO: Epoch: 12 | PSNR: 29.9749 | Loss: 5.7028 | lr: 1.00e-04 | Best_PSNR: 29.9826 | max_value: 255.0 in Epoch [9]
2022-07-23 15:06:52,239 INFO: Epoch: 13 | PSNR: 29.9872 | Loss: 5.7097 | lr: 1.00e-04 | Best_PSNR: 29.9872 | max_value: 255.0 in Epoch [13]
2022-07-23 15:08:16,942 INFO: Epoch: 14 | PSNR: 29.9750 | Loss: 5.6468 | lr: 1.00e-04 | Best_PSNR: 29.9872 | max_value: 255.0 in Epoch [13]
2022-07-23 15:09:41,341 INFO: Epoch: 15 | PSNR: 29.9772 | Loss: 5.6539 | lr: 1.00e-04 | Best_PSNR: 29.9872 | max_value: 255.0 in Epoch [13]
2022-07-23 15:11:05,718 INFO: Epoch: 16 | PSNR: 29.9789 | Loss: 5.6960 | lr: 1.00e-04 | Best_PSNR: 29.9872 | max_value: 255.0 in Epoch [13]
2022-07-23 15:12:30,037 INFO: Epoch: 17 | PSNR: 29.9757 | Loss: 5.7085 | lr: 1.00e-04 | Best_PSNR: 29.9872 | max_value: 255.0 in Epoch [13]
2022-07-23 15:13:54,944 INFO: Epoch: 18 | PSNR: 29.9776 | Loss: 5.6651 | lr: 1.00e-04 | Best_PSNR: 29.9872 | max_value: 255.0 in Epoch [13]
2022-07-23 15:15:20,684 INFO: Epoch: 19 | PSNR: 29.9812 | Loss: 5.7084 | lr: 1.00e-04 | Best_PSNR: 29.9872 | max_value: 255.0 in Epoch [13]
2022-07-23 15:16:46,332 INFO: Epoch: 20 | PSNR: 29.9552 | Loss: 5.7267 | lr: 1.00e-04 | Best_PSNR: 29.9872 | max_value: 255.0 in Epoch [13]
2022-07-23 15:18:23,586 INFO: Epoch: 21 | PSNR: 29.9772 | Loss: 5.7124 | lr: 1.00e-04 | Best_PSNR: 29.9872 | max_value: 255.0 in Epoch [13]
2022-07-23 15:20:26,370 INFO: Epoch: 22 | PSNR: 29.9863 | Loss: 5.6711 | lr: 1.00e-04 | Best_PSNR: 29.9872 | max_value: 255.0 in Epoch [13]
2022-07-23 15:22:19,265 INFO: Epoch: 23 | PSNR: 29.9852 | Loss: 5.6970 | lr: 1.00e-04 | Best_PSNR: 29.9872 | max_value: 255.0 in Epoch [13]
2022-07-23 15:25:01,447 INFO: Epoch: 24 | PSNR: 29.9894 | Loss: 5.6702 | lr: 1.00e-04 | Best_PSNR: 29.9894 | max_value: 255.0 in Epoch [24]
2022-07-23 15:27:09,360 INFO: Epoch: 25 | PSNR: 29.9899 | Loss: 5.6770 | lr: 1.00e-04 | Best_PSNR: 29.9899 | max_value: 255.0 in Epoch [25]
2022-07-23 15:29:14,516 INFO: Epoch: 26 | PSNR: 29.9869 | Loss: 5.6725 | lr: 1.00e-04 | Best_PSNR: 29.9899 | max_value: 255.0 in Epoch [25]
2022-07-23 15:31:54,342 INFO: Epoch: 27 | PSNR: 29.9886 | Loss: 5.6851 | lr: 1.00e-04 | Best_PSNR: 29.9899 | max_value: 255.0 in Epoch [25]
2022-07-23 15:33:58,423 INFO: Epoch: 28 | PSNR: 29.9753 | Loss: 5.6866 | lr: 1.00e-04 | Best_PSNR: 29.9899 | max_value: 255.0 in Epoch [25]
2022-07-23 15:36:10,533 INFO: Epoch: 29 | PSNR: 29.9761 | Loss: 5.6310 | lr: 1.00e-04 | Best_PSNR: 29.9899 | max_value: 255.0 in Epoch [25]
2022-07-23 15:38:22,058 INFO: Epoch: 30 | PSNR: 29.9810 | Loss: 5.6597 | lr: 1.00e-04 | Best_PSNR: 29.9899 | max_value: 255.0 in Epoch [25]
2022-07-23 15:40:38,840 INFO: Epoch: 31 | PSNR: 29.9556 | Loss: 5.6335 | lr: 1.00e-04 | Best_PSNR: 29.9899 | max_value: 255.0 in Epoch [25]
2022-07-23 15:42:47,727 INFO: Epoch: 32 | PSNR: 29.9801 | Loss: 5.6766 | lr: 1.00e-04 | Best_PSNR: 29.9899 | max_value: 255.0 in Epoch [25]
2022-07-23 15:45:22,171 INFO: Epoch: 33 | PSNR: 29.9713 | Loss: 5.6589 | lr: 1.00e-04 | Best_PSNR: 29.9899 | max_value: 255.0 in Epoch [25]
2022-07-23 15:47:22,472 INFO: Epoch: 34 | PSNR: 29.9806 | Loss: 5.7005 | lr: 1.00e-04 | Best_PSNR: 29.9899 | max_value: 255.0 in Epoch [25]
2022-07-23 15:49:10,738 INFO: Epoch: 35 | PSNR: 29.9728 | Loss: 5.6745 | lr: 1.00e-04 | Best_PSNR: 29.9899 | max_value: 255.0 in Epoch [25]
2022-07-23 15:50:35,160 INFO: Epoch: 36 | PSNR: 29.9845 | Loss: 5.6499 | lr: 1.00e-04 | Best_PSNR: 29.9899 | max_value: 255.0 in Epoch [25]
2022-07-23 15:51:59,543 INFO: Epoch: 37 | PSNR: 29.9722 | Loss: 5.6206 | lr: 1.00e-04 | Best_PSNR: 29.9899 | max_value: 255.0 in Epoch [25]
2022-07-23 15:53:23,986 INFO: Epoch: 38 | PSNR: 29.9919 | Loss: 5.6643 | lr: 1.00e-04 | Best_PSNR: 29.9919 | max_value: 255.0 in Epoch [38]
2022-07-23 15:54:49,135 INFO: Epoch: 39 | PSNR: 29.9964 | Loss: 5.6687 | lr: 1.00e-04 | Best_PSNR: 29.9964 | max_value: 255.0 in Epoch [39]
2022-07-23 15:56:13,350 INFO: Epoch: 40 | PSNR: 29.9845 | Loss: 5.6256 | lr: 1.00e-04 | Best_PSNR: 29.9964 | max_value: 255.0 in Epoch [39]
2022-07-23 15:57:37,615 INFO: Epoch: 41 | PSNR: 29.9760 | Loss: 5.6822 | lr: 1.00e-04 | Best_PSNR: 29.9964 | max_value: 255.0 in Epoch [39]
2022-07-23 15:59:01,897 INFO: Epoch: 42 | PSNR: 29.9753 | Loss: 5.7036 | lr: 1.00e-04 | Best_PSNR: 29.9964 | max_value: 255.0 in Epoch [39]
2022-07-23 16:00:26,173 INFO: Epoch: 43 | PSNR: 29.9825 | Loss: 5.7292 | lr: 1.00e-04 | Best_PSNR: 29.9964 | max_value: 255.0 in Epoch [39]
2022-07-23 16:01:51,199 INFO: Epoch: 44 | PSNR: 29.9747 | Loss: 5.6777 | lr: 1.00e-04 | Best_PSNR: 29.9964 | max_value: 255.0 in Epoch [39]
2022-07-23 16:03:15,543 INFO: Epoch: 45 | PSNR: 29.9828 | Loss: 5.6465 | lr: 1.00e-04 | Best_PSNR: 29.9964 | max_value: 255.0 in Epoch [39]
2022-07-23 16:04:39,534 INFO: Epoch: 46 | PSNR: 29.9818 | Loss: 5.6471 | lr: 1.00e-04 | Best_PSNR: 29.9964 | max_value: 255.0 in Epoch [39]
2022-07-23 16:06:03,751 INFO: Epoch: 47 | PSNR: 29.9659 | Loss: 5.6642 | lr: 1.00e-04 | Best_PSNR: 29.9964 | max_value: 255.0 in Epoch [39]
2022-07-23 16:07:28,000 INFO: Epoch: 48 | PSNR: 29.9753 | Loss: 5.6794 | lr: 1.00e-04 | Best_PSNR: 29.9964 | max_value: 255.0 in Epoch [39]
2022-07-23 16:08:51,873 INFO: Epoch: 49 | PSNR: 29.9708 | Loss: 5.6876 | lr: 1.00e-04 | Best_PSNR: 29.9964 | max_value: 255.0 in Epoch [39]
2022-07-23 16:10:16,482 INFO: Epoch: 50 | PSNR: 29.9798 | Loss: 5.6667 | lr: 1.00e-04 | Best_PSNR: 29.9964 | max_value: 255.0 in Epoch [39]
2022-07-23 16:11:32,844 INFO: Epoch: 51 | PSNR: 29.9856 | Loss: 5.6770 | lr: 5.00e-05 | Best_PSNR: 29.9964 | max_value: 255.0 in Epoch [39]
2022-07-23 16:12:57,017 INFO: Epoch: 52 | PSNR: 29.9851 | Loss: 5.6820 | lr: 5.00e-05 | Best_PSNR: 29.9964 | max_value: 255.0 in Epoch [39]
2022-07-23 16:14:21,217 INFO: Epoch: 53 | PSNR: 29.9896 | Loss: 5.6503 | lr: 5.00e-05 | Best_PSNR: 29.9964 | max_value: 255.0 in Epoch [39]
2022-07-23 16:15:45,491 INFO: Epoch: 54 | PSNR: 29.9761 | Loss: 5.6949 | lr: 5.00e-05 | Best_PSNR: 29.9964 | max_value: 255.0 in Epoch [39]
2022-07-23 16:17:09,601 INFO: Epoch: 55 | PSNR: 29.9749 | Loss: 5.7005 | lr: 5.00e-05 | Best_PSNR: 29.9964 | max_value: 255.0 in Epoch [39]
2022-07-23 16:18:33,949 INFO: Epoch: 56 | PSNR: 29.9778 | Loss: 5.7218 | lr: 5.00e-05 | Best_PSNR: 29.9964 | max_value: 255.0 in Epoch [39]
2022-07-23 16:19:58,558 INFO: Epoch: 57 | PSNR: 29.9898 | Loss: 5.6892 | lr: 5.00e-05 | Best_PSNR: 29.9964 | max_value: 255.0 in Epoch [39]
2022-07-23 16:21:22,523 INFO: Epoch: 58 | PSNR: 29.9598 | Loss: 5.6698 | lr: 5.00e-05 | Best_PSNR: 29.9964 | max_value: 255.0 in Epoch [39]
2022-07-23 16:22:46,556 INFO: Epoch: 59 | PSNR: 29.9827 | Loss: 5.6413 | lr: 5.00e-05 | Best_PSNR: 29.9964 | max_value: 255.0 in Epoch [39]
2022-07-23 16:24:10,588 INFO: Epoch: 60 | PSNR: 29.9644 | Loss: 5.7605 | lr: 5.00e-05 | Best_PSNR: 29.9964 | max_value: 255.0 in Epoch [39]
2022-07-23 16:25:34,082 INFO: Epoch: 61 | PSNR: 29.9815 | Loss: 5.6888 | lr: 5.00e-05 | Best_PSNR: 29.9964 | max_value: 255.0 in Epoch [39]
2022-07-23 16:26:58,088 INFO: Epoch: 62 | PSNR: 29.9798 | Loss: 5.6942 | lr: 5.00e-05 | Best_PSNR: 29.9964 | max_value: 255.0 in Epoch [39]
2022-07-23 16:28:22,230 INFO: Epoch: 63 | PSNR: 29.9721 | Loss: 5.6513 | lr: 5.00e-05 | Best_PSNR: 29.9964 | max_value: 255.0 in Epoch [39]
2022-07-23 16:29:46,177 INFO: Epoch: 64 | PSNR: 29.9805 | Loss: 5.7119 | lr: 5.00e-05 | Best_PSNR: 29.9964 | max_value: 255.0 in Epoch [39]
2022-07-23 16:31:10,211 INFO: Epoch: 65 | PSNR: 29.9611 | Loss: 5.6844 | lr: 5.00e-05 | Best_PSNR: 29.9964 | max_value: 255.0 in Epoch [39]
2022-07-23 16:32:34,403 INFO: Epoch: 66 | PSNR: 29.9835 | Loss: 5.6885 | lr: 5.00e-05 | Best_PSNR: 29.9964 | max_value: 255.0 in Epoch [39]
2022-07-23 16:33:58,486 INFO: Epoch: 67 | PSNR: 29.9806 | Loss: 5.6987 | lr: 5.00e-05 | Best_PSNR: 29.9964 | max_value: 255.0 in Epoch [39]
2022-07-23 16:35:22,475 INFO: Epoch: 68 | PSNR: 29.9758 | Loss: 5.6714 | lr: 5.00e-05 | Best_PSNR: 29.9964 | max_value: 255.0 in Epoch [39]
2022-07-23 16:36:48,614 INFO: Epoch: 69 | PSNR: 29.9831 | Loss: 5.6549 | lr: 5.00e-05 | Best_PSNR: 29.9964 | max_value: 255.0 in Epoch [39]
2022-07-23 16:38:15,476 INFO: Epoch: 70 | PSNR: 29.9837 | Loss: 5.6670 | lr: 5.00e-05 | Best_PSNR: 29.9964 | max_value: 255.0 in Epoch [39]
2022-07-23 16:39:39,214 INFO: Epoch: 71 | PSNR: 29.9854 | Loss: 5.6749 | lr: 5.00e-05 | Best_PSNR: 29.9964 | max_value: 255.0 in Epoch [39]
2022-07-23 16:41:03,817 INFO: Epoch: 72 | PSNR: 29.9824 | Loss: 5.6688 | lr: 5.00e-05 | Best_PSNR: 29.9964 | max_value: 255.0 in Epoch [39]
2022-07-23 16:42:27,765 INFO: Epoch: 73 | PSNR: 29.9862 | Loss: 5.6731 | lr: 5.00e-05 | Best_PSNR: 29.9964 | max_value: 255.0 in Epoch [39]
2022-07-23 16:43:51,951 INFO: Epoch: 74 | PSNR: 29.9836 | Loss: 5.6672 | lr: 5.00e-05 | Best_PSNR: 29.9964 | max_value: 255.0 in Epoch [39]
2022-07-23 16:45:06,763 INFO: Epoch: 75 | PSNR: 29.9842 | Loss: 5.6985 | lr: 5.00e-05 | Best_PSNR: 29.9964 | max_value: 255.0 in Epoch [39]
2022-07-23 16:46:30,985 INFO: Epoch: 76 | PSNR: 29.9757 | Loss: 5.6888 | lr: 5.00e-05 | Best_PSNR: 29.9964 | max_value: 255.0 in Epoch [39]
2022-07-23 16:47:55,105 INFO: Epoch: 77 | PSNR: 29.9760 | Loss: 5.6417 | lr: 5.00e-05 | Best_PSNR: 29.9964 | max_value: 255.0 in Epoch [39]
2022-07-23 16:49:19,080 INFO: Epoch: 78 | PSNR: 29.9831 | Loss: 5.6528 | lr: 5.00e-05 | Best_PSNR: 29.9964 | max_value: 255.0 in Epoch [39]
2022-07-23 16:50:43,595 INFO: Epoch: 79 | PSNR: 29.9869 | Loss: 5.6632 | lr: 5.00e-05 | Best_PSNR: 29.9964 | max_value: 255.0 in Epoch [39]
2022-07-23 16:52:07,692 INFO: Epoch: 80 | PSNR: 29.9831 | Loss: 5.6300 | lr: 5.00e-05 | Best_PSNR: 29.9964 | max_value: 255.0 in Epoch [39]
2022-07-23 16:53:31,643 INFO: Epoch: 81 | PSNR: 29.9816 | Loss: 5.6833 | lr: 5.00e-05 | Best_PSNR: 29.9964 | max_value: 255.0 in Epoch [39]
2022-07-23 16:54:55,743 INFO: Epoch: 82 | PSNR: 29.9847 | Loss: 5.6627 | lr: 5.00e-05 | Best_PSNR: 29.9964 | max_value: 255.0 in Epoch [39]
2022-07-23 16:56:19,606 INFO: Epoch: 83 | PSNR: 29.9813 | Loss: 5.7486 | lr: 5.00e-05 | Best_PSNR: 29.9964 | max_value: 255.0 in Epoch [39]
2022-07-23 16:57:43,870 INFO: Epoch: 84 | PSNR: 29.9823 | Loss: 5.6670 | lr: 5.00e-05 | Best_PSNR: 29.9964 | max_value: 255.0 in Epoch [39]
2022-07-23 16:59:08,188 INFO: Epoch: 85 | PSNR: 29.9876 | Loss: 5.6694 | lr: 5.00e-05 | Best_PSNR: 29.9964 | max_value: 255.0 in Epoch [39]
2022-07-23 17:00:32,530 INFO: Epoch: 86 | PSNR: 29.9800 | Loss: 5.6265 | lr: 5.00e-05 | Best_PSNR: 29.9964 | max_value: 255.0 in Epoch [39]
2022-07-23 17:01:56,804 INFO: Epoch: 87 | PSNR: 29.9850 | Loss: 5.6902 | lr: 5.00e-05 | Best_PSNR: 29.9964 | max_value: 255.0 in Epoch [39]
2022-07-23 17:03:20,272 INFO: Epoch: 88 | PSNR: 29.9961 | Loss: 5.6642 | lr: 5.00e-05 | Best_PSNR: 29.9964 | max_value: 255.0 in Epoch [39]
2022-07-23 17:04:44,512 INFO: Epoch: 89 | PSNR: 29.9714 | Loss: 5.6673 | lr: 5.00e-05 | Best_PSNR: 29.9964 | max_value: 255.0 in Epoch [39]
2022-07-23 17:06:08,442 INFO: Epoch: 90 | PSNR: 29.9849 | Loss: 5.6988 | lr: 5.00e-05 | Best_PSNR: 29.9964 | max_value: 255.0 in Epoch [39]
2022-07-23 17:07:32,198 INFO: Epoch: 91 | PSNR: 29.9711 | Loss: 5.6556 | lr: 5.00e-05 | Best_PSNR: 29.9964 | max_value: 255.0 in Epoch [39]
2022-07-23 17:08:56,107 INFO: Epoch: 92 | PSNR: 29.9796 | Loss: 5.6668 | lr: 5.00e-05 | Best_PSNR: 29.9964 | max_value: 255.0 in Epoch [39]
2022-07-23 17:10:20,440 INFO: Epoch: 93 | PSNR: 29.9838 | Loss: 5.7066 | lr: 5.00e-05 | Best_PSNR: 29.9964 | max_value: 255.0 in Epoch [39]
2022-07-23 17:11:44,247 INFO: Epoch: 94 | PSNR: 29.9700 | Loss: 5.7112 | lr: 5.00e-05 | Best_PSNR: 29.9964 | max_value: 255.0 in Epoch [39]
2022-07-23 17:13:08,408 INFO: Epoch: 95 | PSNR: 29.9854 | Loss: 5.7181 | lr: 5.00e-05 | Best_PSNR: 29.9964 | max_value: 255.0 in Epoch [39]
2022-07-23 17:14:32,156 INFO: Epoch: 96 | PSNR: 29.9905 | Loss: 5.6777 | lr: 5.00e-05 | Best_PSNR: 29.9964 | max_value: 255.0 in Epoch [39]
2022-07-23 17:15:55,617 INFO: Epoch: 97 | PSNR: 29.9877 | Loss: 5.6788 | lr: 5.00e-05 | Best_PSNR: 29.9964 | max_value: 255.0 in Epoch [39]
2022-07-23 17:17:19,251 INFO: Epoch: 98 | PSNR: 29.9880 | Loss: 5.7204 | lr: 5.00e-05 | Best_PSNR: 29.9964 | max_value: 255.0 in Epoch [39]
2022-07-23 17:18:33,728 INFO: Epoch: 99 | PSNR: 29.9849 | Loss: 5.7154 | lr: 5.00e-05 | Best_PSNR: 29.9964 | max_value: 255.0 in Epoch [39]
2022-07-23 17:19:57,602 INFO: Epoch: 100 | PSNR: 29.9841 | Loss: 5.6720 | lr: 5.00e-05 | Best_PSNR: 29.9964 | max_value: 255.0 in Epoch [39]
2022-07-23 17:21:21,768 INFO: Epoch: 101 | PSNR: 29.9763 | Loss: 5.6934 | lr: 2.50e-05 | Best_PSNR: 29.9964 | max_value: 255.0 in Epoch [39]
2022-07-23 17:22:45,905 INFO: Epoch: 102 | PSNR: 29.9857 | Loss: 5.6633 | lr: 2.50e-05 | Best_PSNR: 29.9964 | max_value: 255.0 in Epoch [39]
2022-07-23 17:24:10,884 INFO: Epoch: 103 | PSNR: 29.9793 | Loss: 5.6623 | lr: 2.50e-05 | Best_PSNR: 29.9964 | max_value: 255.0 in Epoch [39]
2022-07-23 17:25:34,762 INFO: Epoch: 104 | PSNR: 29.9760 | Loss: 5.6949 | lr: 2.50e-05 | Best_PSNR: 29.9964 | max_value: 255.0 in Epoch [39]
2022-07-23 17:26:58,926 INFO: Epoch: 105 | PSNR: 29.9801 | Loss: 5.6869 | lr: 2.50e-05 | Best_PSNR: 29.9964 | max_value: 255.0 in Epoch [39]
2022-07-23 17:28:23,030 INFO: Epoch: 106 | PSNR: 29.9867 | Loss: 5.6936 | lr: 2.50e-05 | Best_PSNR: 29.9964 | max_value: 255.0 in Epoch [39]
2022-07-23 17:29:47,152 INFO: Epoch: 107 | PSNR: 29.9849 | Loss: 5.6936 | lr: 2.50e-05 | Best_PSNR: 29.9964 | max_value: 255.0 in Epoch [39]
2022-07-23 17:31:11,137 INFO: Epoch: 108 | PSNR: 29.9819 | Loss: 5.6537 | lr: 2.50e-05 | Best_PSNR: 29.9964 | max_value: 255.0 in Epoch [39]
2022-07-23 17:32:35,327 INFO: Epoch: 109 | PSNR: 29.9729 | Loss: 5.6476 | lr: 2.50e-05 | Best_PSNR: 29.9964 | max_value: 255.0 in Epoch [39]
2022-07-23 17:33:59,473 INFO: Epoch: 110 | PSNR: 29.9882 | Loss: 5.6417 | lr: 2.50e-05 | Best_PSNR: 29.9964 | max_value: 255.0 in Epoch [39]
2022-07-23 17:35:24,202 INFO: Epoch: 111 | PSNR: 29.9743 | Loss: 5.6655 | lr: 2.50e-05 | Best_PSNR: 29.9964 | max_value: 255.0 in Epoch [39]
2022-07-23 17:36:48,585 INFO: Epoch: 112 | PSNR: 29.9807 | Loss: 5.6211 | lr: 2.50e-05 | Best_PSNR: 29.9964 | max_value: 255.0 in Epoch [39]
2022-07-23 17:38:12,694 INFO: Epoch: 113 | PSNR: 29.9866 | Loss: 5.6792 | lr: 2.50e-05 | Best_PSNR: 29.9964 | max_value: 255.0 in Epoch [39]
2022-07-23 17:39:36,455 INFO: Epoch: 114 | PSNR: 29.9773 | Loss: 5.6802 | lr: 2.50e-05 | Best_PSNR: 29.9964 | max_value: 255.0 in Epoch [39]
2022-07-23 17:41:00,323 INFO: Epoch: 115 | PSNR: 29.9804 | Loss: 5.7125 | lr: 2.50e-05 | Best_PSNR: 29.9964 | max_value: 255.0 in Epoch [39]
2022-07-23 17:42:24,609 INFO: Epoch: 116 | PSNR: 29.9875 | Loss: 5.6318 | lr: 2.50e-05 | Best_PSNR: 29.9964 | max_value: 255.0 in Epoch [39]
2022-07-23 17:43:48,621 INFO: Epoch: 117 | PSNR: 29.9759 | Loss: 5.6428 | lr: 2.50e-05 | Best_PSNR: 29.9964 | max_value: 255.0 in Epoch [39]
2022-07-23 17:45:12,653 INFO: Epoch: 118 | PSNR: 29.9737 | Loss: 5.6832 | lr: 2.50e-05 | Best_PSNR: 29.9964 | max_value: 255.0 in Epoch [39]
2022-07-23 17:46:36,999 INFO: Epoch: 119 | PSNR: 29.9861 | Loss: 5.6475 | lr: 2.50e-05 | Best_PSNR: 29.9964 | max_value: 255.0 in Epoch [39]
2022-07-23 17:48:00,701 INFO: Epoch: 120 | PSNR: 29.9772 | Loss: 5.6435 | lr: 2.50e-05 | Best_PSNR: 29.9964 | max_value: 255.0 in Epoch [39]
2022-07-23 17:49:25,054 INFO: Epoch: 121 | PSNR: 29.9734 | Loss: 5.6527 | lr: 2.50e-05 | Best_PSNR: 29.9964 | max_value: 255.0 in Epoch [39]
2022-07-23 17:50:48,973 INFO: Epoch: 122 | PSNR: 29.9746 | Loss: 5.6949 | lr: 2.50e-05 | Best_PSNR: 29.9964 | max_value: 255.0 in Epoch [39]
2022-07-23 17:52:04,341 INFO: Epoch: 123 | PSNR: 29.9822 | Loss: 5.6664 | lr: 2.50e-05 | Best_PSNR: 29.9964 | max_value: 255.0 in Epoch [39]
2022-07-23 17:53:28,502 INFO: Epoch: 124 | PSNR: 29.9809 | Loss: 5.7110 | lr: 2.50e-05 | Best_PSNR: 29.9964 | max_value: 255.0 in Epoch [39]
2022-07-23 17:54:52,401 INFO: Epoch: 125 | PSNR: 29.9784 | Loss: 5.6826 | lr: 2.50e-05 | Best_PSNR: 29.9964 | max_value: 255.0 in Epoch [39]
2022-07-23 17:56:16,860 INFO: Epoch: 126 | PSNR: 29.9824 | Loss: 5.6506 | lr: 2.50e-05 | Best_PSNR: 29.9964 | max_value: 255.0 in Epoch [39]
2022-07-23 17:57:40,887 INFO: Epoch: 127 | PSNR: 29.9845 | Loss: 5.6425 | lr: 2.50e-05 | Best_PSNR: 29.9964 | max_value: 255.0 in Epoch [39]
2022-07-23 17:59:05,151 INFO: Epoch: 128 | PSNR: 29.9801 | Loss: 5.6866 | lr: 2.50e-05 | Best_PSNR: 29.9964 | max_value: 255.0 in Epoch [39]
2022-07-23 18:00:29,220 INFO: Epoch: 129 | PSNR: 29.9682 | Loss: 5.6757 | lr: 2.50e-05 | Best_PSNR: 29.9964 | max_value: 255.0 in Epoch [39]
2022-07-23 18:01:53,238 INFO: Epoch: 130 | PSNR: 29.9803 | Loss: 5.7019 | lr: 2.50e-05 | Best_PSNR: 29.9964 | max_value: 255.0 in Epoch [39]
2022-07-23 18:03:17,397 INFO: Epoch: 131 | PSNR: 29.9774 | Loss: 5.6341 | lr: 2.50e-05 | Best_PSNR: 29.9964 | max_value: 255.0 in Epoch [39]
2022-07-23 18:04:41,846 INFO: Epoch: 132 | PSNR: 29.9774 | Loss: 5.6835 | lr: 2.50e-05 | Best_PSNR: 29.9964 | max_value: 255.0 in Epoch [39]
2022-07-23 18:06:05,595 INFO: Epoch: 133 | PSNR: 29.9772 | Loss: 5.7285 | lr: 2.50e-05 | Best_PSNR: 29.9964 | max_value: 255.0 in Epoch [39]
2022-07-23 18:07:29,936 INFO: Epoch: 134 | PSNR: 29.9801 | Loss: 5.6764 | lr: 2.50e-05 | Best_PSNR: 29.9964 | max_value: 255.0 in Epoch [39]
2022-07-23 18:08:53,935 INFO: Epoch: 135 | PSNR: 29.9753 | Loss: 5.6992 | lr: 2.50e-05 | Best_PSNR: 29.9964 | max_value: 255.0 in Epoch [39]
2022-07-23 18:10:17,400 INFO: Epoch: 136 | PSNR: 29.9842 | Loss: 5.7221 | lr: 2.50e-05 | Best_PSNR: 29.9964 | max_value: 255.0 in Epoch [39]
2022-07-23 18:11:41,332 INFO: Epoch: 137 | PSNR: 29.9852 | Loss: 5.6374 | lr: 2.50e-05 | Best_PSNR: 29.9964 | max_value: 255.0 in Epoch [39]
2022-07-23 18:13:05,118 INFO: Epoch: 138 | PSNR: 29.9692 | Loss: 5.6772 | lr: 2.50e-05 | Best_PSNR: 29.9964 | max_value: 255.0 in Epoch [39]
2022-07-23 18:14:29,191 INFO: Epoch: 139 | PSNR: 29.9674 | Loss: 5.6999 | lr: 2.50e-05 | Best_PSNR: 29.9964 | max_value: 255.0 in Epoch [39]
2022-07-23 18:15:53,009 INFO: Epoch: 140 | PSNR: 29.9700 | Loss: 5.6561 | lr: 2.50e-05 | Best_PSNR: 29.9964 | max_value: 255.0 in Epoch [39]
2022-07-23 18:17:17,297 INFO: Epoch: 141 | PSNR: 29.9810 | Loss: 5.7109 | lr: 2.50e-05 | Best_PSNR: 29.9964 | max_value: 255.0 in Epoch [39]
2022-07-23 18:18:41,528 INFO: Epoch: 142 | PSNR: 29.9816 | Loss: 5.6625 | lr: 2.50e-05 | Best_PSNR: 29.9964 | max_value: 255.0 in Epoch [39]
2022-07-23 18:20:05,616 INFO: Epoch: 143 | PSNR: 29.9717 | Loss: 5.6771 | lr: 2.50e-05 | Best_PSNR: 29.9964 | max_value: 255.0 in Epoch [39]
2022-07-23 18:21:30,013 INFO: Epoch: 144 | PSNR: 29.9731 | Loss: 5.7248 | lr: 2.50e-05 | Best_PSNR: 29.9964 | max_value: 255.0 in Epoch [39]
2022-07-23 18:22:54,122 INFO: Epoch: 145 | PSNR: 29.9774 | Loss: 5.7276 | lr: 2.50e-05 | Best_PSNR: 29.9964 | max_value: 255.0 in Epoch [39]
2022-07-23 18:24:18,299 INFO: Epoch: 146 | PSNR: 29.9793 | Loss: 5.6899 | lr: 2.50e-05 | Best_PSNR: 29.9964 | max_value: 255.0 in Epoch [39]
2022-07-23 18:25:40,123 INFO: Epoch: 147 | PSNR: 29.9832 | Loss: 5.6910 | lr: 2.50e-05 | Best_PSNR: 29.9964 | max_value: 255.0 in Epoch [39]
2022-07-23 18:27:04,390 INFO: Epoch: 148 | PSNR: 29.9808 | Loss: 5.6748 | lr: 2.50e-05 | Best_PSNR: 29.9964 | max_value: 255.0 in Epoch [39]
2022-07-23 18:28:28,404 INFO: Epoch: 149 | PSNR: 29.9747 | Loss: 5.7005 | lr: 2.50e-05 | Best_PSNR: 29.9964 | max_value: 255.0 in Epoch [39]
2022-07-23 18:29:52,127 INFO: Epoch: 150 | PSNR: 29.9786 | Loss: 5.6548 | lr: 2.50e-05 | Best_PSNR: 29.9964 | max_value: 255.0 in Epoch [39]
2022-07-23 18:31:16,739 INFO: Epoch: 151 | PSNR: 29.9792 | Loss: 5.6832 | lr: 1.25e-05 | Best_PSNR: 29.9964 | max_value: 255.0 in Epoch [39]
2022-07-23 18:32:40,127 INFO: Epoch: 152 | PSNR: 29.9808 | Loss: 5.7107 | lr: 1.25e-05 | Best_PSNR: 29.9964 | max_value: 255.0 in Epoch [39]
2022-07-23 18:34:04,175 INFO: Epoch: 153 | PSNR: 29.9754 | Loss: 5.6684 | lr: 1.25e-05 | Best_PSNR: 29.9964 | max_value: 255.0 in Epoch [39]
2022-07-23 18:35:28,268 INFO: Epoch: 154 | PSNR: 29.9725 | Loss: 5.6835 | lr: 1.25e-05 | Best_PSNR: 29.9964 | max_value: 255.0 in Epoch [39]
2022-07-23 18:36:52,109 INFO: Epoch: 155 | PSNR: 29.9641 | Loss: 5.7299 | lr: 1.25e-05 | Best_PSNR: 29.9964 | max_value: 255.0 in Epoch [39]
2022-07-23 18:38:16,116 INFO: Epoch: 156 | PSNR: 29.9718 | Loss: 5.6344 | lr: 1.25e-05 | Best_PSNR: 29.9964 | max_value: 255.0 in Epoch [39]
2022-07-23 18:39:40,286 INFO: Epoch: 157 | PSNR: 29.9787 | Loss: 5.6104 | lr: 1.25e-05 | Best_PSNR: 29.9964 | max_value: 255.0 in Epoch [39]
2022-07-23 18:41:04,206 INFO: Epoch: 158 | PSNR: 29.9754 | Loss: 5.6436 | lr: 1.25e-05 | Best_PSNR: 29.9964 | max_value: 255.0 in Epoch [39]
2022-07-23 18:42:28,762 INFO: Epoch: 159 | PSNR: 29.9756 | Loss: 5.7091 | lr: 1.25e-05 | Best_PSNR: 29.9964 | max_value: 255.0 in Epoch [39]
2022-07-23 18:43:52,850 INFO: Epoch: 160 | PSNR: 29.9765 | Loss: 5.7106 | lr: 1.25e-05 | Best_PSNR: 29.9964 | max_value: 255.0 in Epoch [39]
2022-07-23 18:45:17,079 INFO: Epoch: 161 | PSNR: 29.9786 | Loss: 5.6577 | lr: 1.25e-05 | Best_PSNR: 29.9964 | max_value: 255.0 in Epoch [39]
2022-07-23 18:46:41,290 INFO: Epoch: 162 | PSNR: 29.9837 | Loss: 5.6096 | lr: 1.25e-05 | Best_PSNR: 29.9964 | max_value: 255.0 in Epoch [39]
2022-07-23 18:48:04,845 INFO: Epoch: 163 | PSNR: 29.9877 | Loss: 5.7041 | lr: 1.25e-05 | Best_PSNR: 29.9964 | max_value: 255.0 in Epoch [39]
2022-07-23 18:49:29,121 INFO: Epoch: 164 | PSNR: 29.9782 | Loss: 5.6568 | lr: 1.25e-05 | Best_PSNR: 29.9964 | max_value: 255.0 in Epoch [39]
2022-07-23 18:50:53,117 INFO: Epoch: 165 | PSNR: 29.9747 | Loss: 5.6340 | lr: 1.25e-05 | Best_PSNR: 29.9964 | max_value: 255.0 in Epoch [39]
2022-07-23 18:52:16,883 INFO: Epoch: 166 | PSNR: 29.9771 | Loss: 5.6732 | lr: 1.25e-05 | Best_PSNR: 29.9964 | max_value: 255.0 in Epoch [39]
2022-07-23 18:53:41,136 INFO: Epoch: 167 | PSNR: 29.9786 | Loss: 5.6617 | lr: 1.25e-05 | Best_PSNR: 29.9964 | max_value: 255.0 in Epoch [39]
2022-07-23 18:55:05,313 INFO: Epoch: 168 | PSNR: 29.9836 | Loss: 5.6639 | lr: 1.25e-05 | Best_PSNR: 29.9964 | max_value: 255.0 in Epoch [39]
2022-07-23 18:56:29,258 INFO: Epoch: 169 | PSNR: 29.9842 | Loss: 5.6588 | lr: 1.25e-05 | Best_PSNR: 29.9964 | max_value: 255.0 in Epoch [39]
2022-07-23 18:57:53,538 INFO: Epoch: 170 | PSNR: 29.9737 | Loss: 5.6869 | lr: 1.25e-05 | Best_PSNR: 29.9964 | max_value: 255.0 in Epoch [39]
2022-07-23 18:59:17,251 INFO: Epoch: 171 | PSNR: 29.9819 | Loss: 5.6657 | lr: 1.25e-05 | Best_PSNR: 29.9964 | max_value: 255.0 in Epoch [39]
2022-07-23 19:00:41,183 INFO: Epoch: 172 | PSNR: 29.9820 | Loss: 5.6828 | lr: 1.25e-05 | Best_PSNR: 29.9964 | max_value: 255.0 in Epoch [39]
2022-07-23 19:02:05,063 INFO: Epoch: 173 | PSNR: 29.9780 | Loss: 5.6453 | lr: 1.25e-05 | Best_PSNR: 29.9964 | max_value: 255.0 in Epoch [39]
2022-07-23 19:03:29,605 INFO: Epoch: 174 | PSNR: 29.9719 | Loss: 5.6479 | lr: 1.25e-05 | Best_PSNR: 29.9964 | max_value: 255.0 in Epoch [39]
2022-07-23 19:04:53,434 INFO: Epoch: 175 | PSNR: 29.9710 | Loss: 5.6582 | lr: 1.25e-05 | Best_PSNR: 29.9964 | max_value: 255.0 in Epoch [39]
2022-07-23 19:06:17,249 INFO: Epoch: 176 | PSNR: 29.9801 | Loss: 5.6453 | lr: 1.25e-05 | Best_PSNR: 29.9964 | max_value: 255.0 in Epoch [39]
2022-07-23 19:07:41,472 INFO: Epoch: 177 | PSNR: 29.9877 | Loss: 5.6940 | lr: 1.25e-05 | Best_PSNR: 29.9964 | max_value: 255.0 in Epoch [39]
2022-07-23 19:09:05,739 INFO: Epoch: 178 | PSNR: 29.9729 | Loss: 5.6835 | lr: 1.25e-05 | Best_PSNR: 29.9964 | max_value: 255.0 in Epoch [39]
2022-07-23 19:10:29,384 INFO: Epoch: 179 | PSNR: 29.9795 | Loss: 5.6573 | lr: 1.25e-05 | Best_PSNR: 29.9964 | max_value: 255.0 in Epoch [39]
2022-07-23 19:11:53,496 INFO: Epoch: 180 | PSNR: 29.9740 | Loss: 5.6579 | lr: 1.25e-05 | Best_PSNR: 29.9964 | max_value: 255.0 in Epoch [39]
2022-07-23 19:13:17,656 INFO: Epoch: 181 | PSNR: 29.9753 | Loss: 5.6633 | lr: 1.25e-05 | Best_PSNR: 29.9964 | max_value: 255.0 in Epoch [39]
2022-07-23 19:14:41,736 INFO: Epoch: 182 | PSNR: 29.9845 | Loss: 5.6570 | lr: 1.25e-05 | Best_PSNR: 29.9964 | max_value: 255.0 in Epoch [39]
2022-07-23 19:16:05,734 INFO: Epoch: 183 | PSNR: 29.9801 | Loss: 5.6181 | lr: 1.25e-05 | Best_PSNR: 29.9964 | max_value: 255.0 in Epoch [39]
2022-07-23 19:17:29,699 INFO: Epoch: 184 | PSNR: 29.9671 | Loss: 5.6286 | lr: 1.25e-05 | Best_PSNR: 29.9964 | max_value: 255.0 in Epoch [39]
2022-07-23 19:18:53,644 INFO: Epoch: 185 | PSNR: 29.9809 | Loss: 5.7133 | lr: 1.25e-05 | Best_PSNR: 29.9964 | max_value: 255.0 in Epoch [39]
2022-07-23 19:20:17,450 INFO: Epoch: 186 | PSNR: 29.9820 | Loss: 5.7009 | lr: 1.25e-05 | Best_PSNR: 29.9964 | max_value: 255.0 in Epoch [39]
2022-07-23 19:21:41,641 INFO: Epoch: 187 | PSNR: 29.9762 | Loss: 5.6676 | lr: 1.25e-05 | Best_PSNR: 29.9964 | max_value: 255.0 in Epoch [39]
2022-07-23 19:23:05,764 INFO: Epoch: 188 | PSNR: 29.9788 | Loss: 5.6660 | lr: 1.25e-05 | Best_PSNR: 29.9964 | max_value: 255.0 in Epoch [39]
2022-07-23 19:24:26,410 INFO: Epoch: 189 | PSNR: 29.9712 | Loss: 5.6669 | lr: 1.25e-05 | Best_PSNR: 29.9964 | max_value: 255.0 in Epoch [39]
2022-07-23 19:25:50,440 INFO: Epoch: 190 | PSNR: 29.9853 | Loss: 5.6932 | lr: 1.25e-05 | Best_PSNR: 29.9964 | max_value: 255.0 in Epoch [39]
2022-07-23 19:27:14,280 INFO: Epoch: 191 | PSNR: 29.9833 | Loss: 5.6870 | lr: 1.25e-05 | Best_PSNR: 29.9964 | max_value: 255.0 in Epoch [39]
2022-07-23 19:28:37,992 INFO: Epoch: 192 | PSNR: 29.9764 | Loss: 5.6866 | lr: 1.25e-05 | Best_PSNR: 29.9964 | max_value: 255.0 in Epoch [39]
2022-07-23 19:30:02,218 INFO: Epoch: 193 | PSNR: 29.9810 | Loss: 5.6146 | lr: 1.25e-05 | Best_PSNR: 29.9964 | max_value: 255.0 in Epoch [39]
2022-07-23 19:31:26,260 INFO: Epoch: 194 | PSNR: 29.9737 | Loss: 5.6757 | lr: 1.25e-05 | Best_PSNR: 29.9964 | max_value: 255.0 in Epoch [39]
2022-07-23 19:32:49,325 INFO: Epoch: 195 | PSNR: 29.9808 | Loss: 5.6424 | lr: 1.25e-05 | Best_PSNR: 29.9964 | max_value: 255.0 in Epoch [39]
2022-07-23 19:34:13,564 INFO: Epoch: 196 | PSNR: 29.9603 | Loss: 5.6507 | lr: 1.25e-05 | Best_PSNR: 29.9964 | max_value: 255.0 in Epoch [39]
2022-07-23 19:35:37,905 INFO: Epoch: 197 | PSNR: 29.9685 | Loss: 5.6826 | lr: 1.25e-05 | Best_PSNR: 29.9964 | max_value: 255.0 in Epoch [39]
2022-07-23 19:37:02,491 INFO: Epoch: 198 | PSNR: 29.9975 | Loss: 5.6410 | lr: 1.25e-05 | Best_PSNR: 29.9975 | max_value: 255.0 in Epoch [198]
2022-07-23 19:38:26,429 INFO: Epoch: 199 | PSNR: 29.9824 | Loss: 5.6847 | lr: 1.25e-05 | Best_PSNR: 29.9975 | max_value: 255.0 in Epoch [198]
2022-07-23 19:39:50,796 INFO: Epoch: 200 | PSNR: 29.9810 | Loss: 5.6923 | lr: 1.25e-05 | Best_PSNR: 29.9975 | max_value: 255.0 in Epoch [198]
2022-07-23 19:41:14,852 INFO: Epoch: 201 | PSNR: 29.9738 | Loss: 5.6652 | lr: 6.25e-06 | Best_PSNR: 29.9975 | max_value: 255.0 in Epoch [198]
2022-07-23 19:42:38,666 INFO: Epoch: 202 | PSNR: 29.9801 | Loss: 5.6384 | lr: 6.25e-06 | Best_PSNR: 29.9975 | max_value: 255.0 in Epoch [198]
2022-07-23 19:44:02,435 INFO: Epoch: 203 | PSNR: 29.9786 | Loss: 5.6776 | lr: 6.25e-06 | Best_PSNR: 29.9975 | max_value: 255.0 in Epoch [198]
2022-07-23 19:45:26,462 INFO: Epoch: 204 | PSNR: 29.9785 | Loss: 5.6738 | lr: 6.25e-06 | Best_PSNR: 29.9975 | max_value: 255.0 in Epoch [198]
2022-07-23 19:46:50,362 INFO: Epoch: 205 | PSNR: 29.9833 | Loss: 5.6755 | lr: 6.25e-06 | Best_PSNR: 29.9975 | max_value: 255.0 in Epoch [198]
2022-07-23 19:48:14,174 INFO: Epoch: 206 | PSNR: 29.9824 | Loss: 5.6391 | lr: 6.25e-06 | Best_PSNR: 29.9975 | max_value: 255.0 in Epoch [198]
2022-07-23 19:49:38,467 INFO: Epoch: 207 | PSNR: 29.9848 | Loss: 5.6722 | lr: 6.25e-06 | Best_PSNR: 29.9975 | max_value: 255.0 in Epoch [198]
2022-07-23 19:51:02,893 INFO: Epoch: 208 | PSNR: 29.9744 | Loss: 5.6503 | lr: 6.25e-06 | Best_PSNR: 29.9975 | max_value: 255.0 in Epoch [198]
2022-07-23 19:52:26,760 INFO: Epoch: 209 | PSNR: 29.9804 | Loss: 5.6824 | lr: 6.25e-06 | Best_PSNR: 29.9975 | max_value: 255.0 in Epoch [198]
2022-07-23 19:53:50,913 INFO: Epoch: 210 | PSNR: 29.9773 | Loss: 5.6751 | lr: 6.25e-06 | Best_PSNR: 29.9975 | max_value: 255.0 in Epoch [198]
2022-07-23 19:55:14,551 INFO: Epoch: 211 | PSNR: 29.9747 | Loss: 5.7087 | lr: 6.25e-06 | Best_PSNR: 29.9975 | max_value: 255.0 in Epoch [198]
2022-07-23 19:56:38,448 INFO: Epoch: 212 | PSNR: 29.9767 | Loss: 5.6649 | lr: 6.25e-06 | Best_PSNR: 29.9975 | max_value: 255.0 in Epoch [198]
2022-07-23 19:58:02,316 INFO: Epoch: 213 | PSNR: 29.9746 | Loss: 5.6939 | lr: 6.25e-06 | Best_PSNR: 29.9975 | max_value: 255.0 in Epoch [198]
2022-07-23 19:59:26,242 INFO: Epoch: 214 | PSNR: 29.9825 | Loss: 5.6320 | lr: 6.25e-06 | Best_PSNR: 29.9975 | max_value: 255.0 in Epoch [198]
2022-07-23 20:00:49,904 INFO: Epoch: 215 | PSNR: 29.9774 | Loss: 5.6295 | lr: 6.25e-06 | Best_PSNR: 29.9975 | max_value: 255.0 in Epoch [198]
2022-07-23 20:02:13,952 INFO: Epoch: 216 | PSNR: 29.9692 | Loss: 5.6832 | lr: 6.25e-06 | Best_PSNR: 29.9975 | max_value: 255.0 in Epoch [198]
2022-07-23 20:03:38,466 INFO: Epoch: 217 | PSNR: 29.9800 | Loss: 5.7206 | lr: 6.25e-06 | Best_PSNR: 29.9975 | max_value: 255.0 in Epoch [198]
2022-07-23 20:05:02,107 INFO: Epoch: 218 | PSNR: 29.9801 | Loss: 5.6407 | lr: 6.25e-06 | Best_PSNR: 29.9975 | max_value: 255.0 in Epoch [198]
2022-07-23 20:06:24,735 INFO: Epoch: 219 | PSNR: 29.9694 | Loss: 5.6491 | lr: 6.25e-06 | Best_PSNR: 29.9975 | max_value: 255.0 in Epoch [198]
2022-07-23 20:07:49,177 INFO: Epoch: 220 | PSNR: 29.9846 | Loss: 5.6738 | lr: 6.25e-06 | Best_PSNR: 29.9975 | max_value: 255.0 in Epoch [198]
