2022-07-24 01:36:35,670 INFO: Create train dataset successfully!
2022-07-24 01:36:35,671 INFO: Training: [1000] iterations for each epoch
2022-07-24 01:36:35,671 INFO: Create val dataset successfully!
2022-07-24 01:36:35,671 INFO: Validating: [100] iterations for each epoch
2022-07-24 01:36:35,671 INFO: Preparing for experiment: [trial21_qat]
2022-07-24 01:36:35,671 INFO: Loading pretrained model ...
2022-07-24 01:36:42,045 INFO: Start copying weights and annotate Lambda layer...
2022-07-24 01:36:42,205 INFO: Start annotating other parts of model...
2022-07-24 01:36:42,225 INFO: Creating quantize-aware model...
2022-07-24 01:36:43,038 INFO: Create model successfully! Params: [108.27]K
2022-07-24 01:36:43,039 INFO: Model: "model"
2022-07-24 01:36:43,039 INFO: _________________________________________________________________
2022-07-24 01:36:43,039 INFO: Layer (type)                 Output Shape              Param #   
2022-07-24 01:36:43,039 INFO: =================================================================
2022-07-24 01:36:43,039 INFO: input_1 (InputLayer)         [(None, None, None, 3)]   0         
2022-07-24 01:36:43,039 INFO: _________________________________________________________________
2022-07-24 01:36:43,039 INFO: quantize_layer (QuantizeLaye (None, None, None, 3)     3         
2022-07-24 01:36:43,039 INFO: _________________________________________________________________
2022-07-24 01:36:43,039 INFO: quant_conv2d (QuantizeWrappe (None, None, None, 51)    1533      
2022-07-24 01:36:43,039 INFO: _________________________________________________________________
2022-07-24 01:36:43,040 INFO: quant_conv2d_1 (QuantizeWrap (None, None, None, 51)    23565     
2022-07-24 01:36:43,040 INFO: _________________________________________________________________
2022-07-24 01:36:43,040 INFO: quant_conv2d_2 (QuantizeWrap (None, None, None, 51)    23565     
2022-07-24 01:36:43,040 INFO: _________________________________________________________________
2022-07-24 01:36:43,040 INFO: quant_conv2d_3 (QuantizeWrap (None, None, None, 51)    23565     
2022-07-24 01:36:43,040 INFO: _________________________________________________________________
2022-07-24 01:36:43,040 INFO: quant_conv2d_4 (QuantizeWrap (None, None, None, 51)    23565     
2022-07-24 01:36:43,040 INFO: _________________________________________________________________
2022-07-24 01:36:43,040 INFO: quant_conv2d_5 (QuantizeWrap (None, None, None, 27)    12477     
2022-07-24 01:36:43,040 INFO: _________________________________________________________________
2022-07-24 01:36:43,040 INFO: quant_lambda (QuantizeWrappe (None, None, None, 3)     1         
2022-07-24 01:36:43,040 INFO: =================================================================
2022-07-24 01:36:43,041 INFO: Total params: 108,274
2022-07-24 01:36:43,041 INFO: Trainable params: 107,688
2022-07-24 01:36:43,041 INFO: Non-trainable params: 586
2022-07-24 01:36:43,041 INFO: _________________________________________________________________
2022-07-24 01:36:43,041 INFO: Start training...
2022-07-24 01:38:14,171 INFO: Epoch: 1 | PSNR: 10.1743 | Loss: 93.2691 | lr: 1.00e-04 | Best_PSNR: 10.1743 | max_value: 51.66977310180664 in Epoch [1]
2022-07-24 01:39:31,714 INFO: Epoch: 2 | PSNR: 23.5694 | Loss: 33.8187 | lr: 1.00e-04 | Best_PSNR: 23.5694 | max_value: 180.55650329589844 in Epoch [2]
2022-07-24 01:40:45,882 INFO: Epoch: 3 | PSNR: 30.0027 | Loss: 7.1934 | lr: 1.00e-04 | Best_PSNR: 30.0027 | max_value: 250.4248046875 in Epoch [3]
2022-07-24 01:42:00,492 INFO: Epoch: 4 | PSNR: 30.1071 | Loss: 5.6116 | lr: 1.00e-04 | Best_PSNR: 30.1071 | max_value: 255.0 in Epoch [4]
2022-07-24 01:43:14,899 INFO: Epoch: 5 | PSNR: 30.1520 | Loss: 5.5871 | lr: 1.00e-04 | Best_PSNR: 30.1520 | max_value: 255.0 in Epoch [5]
2022-07-24 01:44:22,942 INFO: Epoch: 6 | PSNR: 30.1671 | Loss: 5.6005 | lr: 1.00e-04 | Best_PSNR: 30.1671 | max_value: 255.0 in Epoch [6]
2022-07-24 01:45:36,507 INFO: Epoch: 7 | PSNR: 30.1588 | Loss: 5.5663 | lr: 1.00e-04 | Best_PSNR: 30.1671 | max_value: 255.0 in Epoch [6]
2022-07-24 01:46:50,992 INFO: Epoch: 8 | PSNR: 30.1752 | Loss: 5.5513 | lr: 1.00e-04 | Best_PSNR: 30.1752 | max_value: 255.0 in Epoch [8]
2022-07-24 01:48:04,900 INFO: Epoch: 9 | PSNR: 30.1587 | Loss: 5.5417 | lr: 1.00e-04 | Best_PSNR: 30.1752 | max_value: 255.0 in Epoch [8]
2022-07-24 01:49:18,228 INFO: Epoch: 10 | PSNR: 30.1642 | Loss: 5.6081 | lr: 1.00e-04 | Best_PSNR: 30.1752 | max_value: 255.0 in Epoch [8]
2022-07-24 01:50:31,966 INFO: Epoch: 11 | PSNR: 30.1682 | Loss: 5.5869 | lr: 1.00e-04 | Best_PSNR: 30.1752 | max_value: 255.0 in Epoch [8]
2022-07-24 01:51:45,629 INFO: Epoch: 12 | PSNR: 30.1662 | Loss: 5.6319 | lr: 1.00e-04 | Best_PSNR: 30.1752 | max_value: 255.0 in Epoch [8]
2022-07-24 01:52:59,294 INFO: Epoch: 13 | PSNR: 30.1803 | Loss: 5.5806 | lr: 1.00e-04 | Best_PSNR: 30.1803 | max_value: 255.0 in Epoch [13]
2022-07-24 01:54:12,724 INFO: Epoch: 14 | PSNR: 30.1778 | Loss: 5.5943 | lr: 1.00e-04 | Best_PSNR: 30.1803 | max_value: 255.0 in Epoch [13]
2022-07-24 01:55:26,113 INFO: Epoch: 15 | PSNR: 30.1759 | Loss: 5.6115 | lr: 1.00e-04 | Best_PSNR: 30.1803 | max_value: 255.0 in Epoch [13]
2022-07-24 01:56:39,960 INFO: Epoch: 16 | PSNR: 30.1758 | Loss: 5.5942 | lr: 1.00e-04 | Best_PSNR: 30.1803 | max_value: 255.0 in Epoch [13]
2022-07-24 01:57:53,456 INFO: Epoch: 17 | PSNR: 30.1779 | Loss: 5.5995 | lr: 1.00e-04 | Best_PSNR: 30.1803 | max_value: 255.0 in Epoch [13]
2022-07-24 01:59:06,795 INFO: Epoch: 18 | PSNR: 30.1768 | Loss: 5.5484 | lr: 1.00e-04 | Best_PSNR: 30.1803 | max_value: 255.0 in Epoch [13]
2022-07-24 02:00:20,807 INFO: Epoch: 19 | PSNR: 30.1804 | Loss: 5.5759 | lr: 1.00e-04 | Best_PSNR: 30.1804 | max_value: 255.0 in Epoch [19]
2022-07-24 02:01:34,812 INFO: Epoch: 20 | PSNR: 30.1865 | Loss: 5.6052 | lr: 1.00e-04 | Best_PSNR: 30.1865 | max_value: 255.0 in Epoch [20]
2022-07-24 02:02:48,416 INFO: Epoch: 21 | PSNR: 30.1809 | Loss: 5.5671 | lr: 1.00e-04 | Best_PSNR: 30.1865 | max_value: 255.0 in Epoch [20]
2022-07-24 02:04:01,783 INFO: Epoch: 22 | PSNR: 30.1724 | Loss: 5.5564 | lr: 1.00e-04 | Best_PSNR: 30.1865 | max_value: 255.0 in Epoch [20]
2022-07-24 02:05:14,839 INFO: Epoch: 23 | PSNR: 30.1811 | Loss: 5.6310 | lr: 1.00e-04 | Best_PSNR: 30.1865 | max_value: 255.0 in Epoch [20]
2022-07-24 02:06:28,315 INFO: Epoch: 24 | PSNR: 30.1738 | Loss: 5.5883 | lr: 1.00e-04 | Best_PSNR: 30.1865 | max_value: 255.0 in Epoch [20]
2022-07-24 02:07:41,758 INFO: Epoch: 25 | PSNR: 30.1743 | Loss: 5.5492 | lr: 1.00e-04 | Best_PSNR: 30.1865 | max_value: 255.0 in Epoch [20]
2022-07-24 02:08:55,242 INFO: Epoch: 26 | PSNR: 30.1779 | Loss: 5.5908 | lr: 1.00e-04 | Best_PSNR: 30.1865 | max_value: 255.0 in Epoch [20]
2022-07-24 02:10:08,576 INFO: Epoch: 27 | PSNR: 30.1674 | Loss: 5.5492 | lr: 1.00e-04 | Best_PSNR: 30.1865 | max_value: 255.0 in Epoch [20]
2022-07-24 02:11:21,747 INFO: Epoch: 28 | PSNR: 30.1828 | Loss: 5.5950 | lr: 1.00e-04 | Best_PSNR: 30.1865 | max_value: 255.0 in Epoch [20]
2022-07-24 02:12:35,305 INFO: Epoch: 29 | PSNR: 30.1809 | Loss: 5.5612 | lr: 1.00e-04 | Best_PSNR: 30.1865 | max_value: 255.0 in Epoch [20]
2022-07-24 02:13:48,949 INFO: Epoch: 30 | PSNR: 30.1769 | Loss: 5.6043 | lr: 1.00e-04 | Best_PSNR: 30.1865 | max_value: 255.0 in Epoch [20]
2022-07-24 02:15:02,395 INFO: Epoch: 31 | PSNR: 30.1599 | Loss: 5.6229 | lr: 1.00e-04 | Best_PSNR: 30.1865 | max_value: 255.0 in Epoch [20]
2022-07-24 02:16:15,539 INFO: Epoch: 32 | PSNR: 30.1713 | Loss: 5.5856 | lr: 1.00e-04 | Best_PSNR: 30.1865 | max_value: 255.0 in Epoch [20]
2022-07-24 02:17:28,700 INFO: Epoch: 33 | PSNR: 30.1728 | Loss: 5.5665 | lr: 1.00e-04 | Best_PSNR: 30.1865 | max_value: 255.0 in Epoch [20]
2022-07-24 02:18:41,387 INFO: Epoch: 34 | PSNR: 30.1718 | Loss: 5.5402 | lr: 1.00e-04 | Best_PSNR: 30.1865 | max_value: 255.0 in Epoch [20]
2022-07-24 02:19:54,721 INFO: Epoch: 35 | PSNR: 30.1602 | Loss: 5.5996 | lr: 1.00e-04 | Best_PSNR: 30.1865 | max_value: 255.0 in Epoch [20]
2022-07-24 02:21:08,154 INFO: Epoch: 36 | PSNR: 30.1712 | Loss: 5.6169 | lr: 1.00e-04 | Best_PSNR: 30.1865 | max_value: 255.0 in Epoch [20]
2022-07-24 02:22:21,422 INFO: Epoch: 37 | PSNR: 30.1748 | Loss: 5.5547 | lr: 1.00e-04 | Best_PSNR: 30.1865 | max_value: 255.0 in Epoch [20]
2022-07-24 02:23:35,127 INFO: Epoch: 38 | PSNR: 30.1749 | Loss: 5.5822 | lr: 1.00e-04 | Best_PSNR: 30.1865 | max_value: 255.0 in Epoch [20]
2022-07-24 02:24:48,490 INFO: Epoch: 39 | PSNR: 30.1839 | Loss: 5.5489 | lr: 1.00e-04 | Best_PSNR: 30.1865 | max_value: 255.0 in Epoch [20]
2022-07-24 02:26:01,702 INFO: Epoch: 40 | PSNR: 30.1784 | Loss: 5.5859 | lr: 1.00e-04 | Best_PSNR: 30.1865 | max_value: 255.0 in Epoch [20]
2022-07-24 02:27:14,908 INFO: Epoch: 41 | PSNR: 30.1720 | Loss: 5.5912 | lr: 1.00e-04 | Best_PSNR: 30.1865 | max_value: 255.0 in Epoch [20]
2022-07-24 02:28:27,981 INFO: Epoch: 42 | PSNR: 30.1807 | Loss: 5.5921 | lr: 1.00e-04 | Best_PSNR: 30.1865 | max_value: 255.0 in Epoch [20]
2022-07-24 02:29:40,844 INFO: Epoch: 43 | PSNR: 30.1743 | Loss: 5.5544 | lr: 1.00e-04 | Best_PSNR: 30.1865 | max_value: 255.0 in Epoch [20]
2022-07-24 02:30:53,737 INFO: Epoch: 44 | PSNR: 30.1784 | Loss: 5.6016 | lr: 1.00e-04 | Best_PSNR: 30.1865 | max_value: 255.0 in Epoch [20]
2022-07-24 02:32:06,483 INFO: Epoch: 45 | PSNR: 30.1806 | Loss: 5.5885 | lr: 1.00e-04 | Best_PSNR: 30.1865 | max_value: 255.0 in Epoch [20]
2022-07-24 02:33:19,715 INFO: Epoch: 46 | PSNR: 30.1723 | Loss: 5.5524 | lr: 1.00e-04 | Best_PSNR: 30.1865 | max_value: 255.0 in Epoch [20]
2022-07-24 02:34:32,414 INFO: Epoch: 47 | PSNR: 30.1703 | Loss: 5.6126 | lr: 1.00e-04 | Best_PSNR: 30.1865 | max_value: 255.0 in Epoch [20]
2022-07-24 02:35:45,527 INFO: Epoch: 48 | PSNR: 30.1776 | Loss: 5.5817 | lr: 1.00e-04 | Best_PSNR: 30.1865 | max_value: 255.0 in Epoch [20]
2022-07-24 02:36:58,600 INFO: Epoch: 49 | PSNR: 30.1537 | Loss: 5.5648 | lr: 1.00e-04 | Best_PSNR: 30.1865 | max_value: 255.0 in Epoch [20]
2022-07-24 02:38:11,558 INFO: Epoch: 50 | PSNR: 30.1730 | Loss: 5.5885 | lr: 1.00e-04 | Best_PSNR: 30.1865 | max_value: 255.0 in Epoch [20]
2022-07-24 02:39:24,310 INFO: Epoch: 51 | PSNR: 30.1856 | Loss: 5.5741 | lr: 5.00e-05 | Best_PSNR: 30.1865 | max_value: 255.0 in Epoch [20]
2022-07-24 02:40:37,156 INFO: Epoch: 52 | PSNR: 30.1615 | Loss: 5.5939 | lr: 5.00e-05 | Best_PSNR: 30.1865 | max_value: 255.0 in Epoch [20]
2022-07-24 02:41:50,127 INFO: Epoch: 53 | PSNR: 30.1759 | Loss: 5.5567 | lr: 5.00e-05 | Best_PSNR: 30.1865 | max_value: 255.0 in Epoch [20]
2022-07-24 02:43:03,215 INFO: Epoch: 54 | PSNR: 30.1753 | Loss: 5.5802 | lr: 5.00e-05 | Best_PSNR: 30.1865 | max_value: 255.0 in Epoch [20]
2022-07-24 02:44:16,197 INFO: Epoch: 55 | PSNR: 30.1837 | Loss: 5.5905 | lr: 5.00e-05 | Best_PSNR: 30.1865 | max_value: 255.0 in Epoch [20]
2022-07-24 02:45:29,637 INFO: Epoch: 56 | PSNR: 30.1927 | Loss: 5.6090 | lr: 5.00e-05 | Best_PSNR: 30.1927 | max_value: 255.0 in Epoch [56]
2022-07-24 02:46:42,886 INFO: Epoch: 57 | PSNR: 30.1695 | Loss: 5.5758 | lr: 5.00e-05 | Best_PSNR: 30.1927 | max_value: 255.0 in Epoch [56]
2022-07-24 02:47:55,914 INFO: Epoch: 58 | PSNR: 30.1926 | Loss: 5.5911 | lr: 5.00e-05 | Best_PSNR: 30.1927 | max_value: 255.0 in Epoch [56]
2022-07-24 02:49:08,993 INFO: Epoch: 59 | PSNR: 30.1830 | Loss: 5.6053 | lr: 5.00e-05 | Best_PSNR: 30.1927 | max_value: 255.0 in Epoch [56]
2022-07-24 02:50:22,026 INFO: Epoch: 60 | PSNR: 30.1869 | Loss: 5.5681 | lr: 5.00e-05 | Best_PSNR: 30.1927 | max_value: 255.0 in Epoch [56]
2022-07-24 02:51:34,834 INFO: Epoch: 61 | PSNR: 30.1799 | Loss: 5.5428 | lr: 5.00e-05 | Best_PSNR: 30.1927 | max_value: 255.0 in Epoch [56]
2022-07-24 02:52:48,204 INFO: Epoch: 62 | PSNR: 30.1849 | Loss: 5.5636 | lr: 5.00e-05 | Best_PSNR: 30.1927 | max_value: 255.0 in Epoch [56]
2022-07-24 02:54:00,478 INFO: Epoch: 63 | PSNR: 30.1560 | Loss: 5.5852 | lr: 5.00e-05 | Best_PSNR: 30.1927 | max_value: 255.0 in Epoch [56]
2022-07-24 02:55:13,342 INFO: Epoch: 64 | PSNR: 30.1825 | Loss: 5.5344 | lr: 5.00e-05 | Best_PSNR: 30.1927 | max_value: 255.0 in Epoch [56]
2022-07-24 02:56:26,456 INFO: Epoch: 65 | PSNR: 30.1879 | Loss: 5.5159 | lr: 5.00e-05 | Best_PSNR: 30.1927 | max_value: 255.0 in Epoch [56]
2022-07-24 02:57:38,831 INFO: Epoch: 66 | PSNR: 30.1905 | Loss: 5.6073 | lr: 5.00e-05 | Best_PSNR: 30.1927 | max_value: 255.0 in Epoch [56]
2022-07-24 02:58:51,865 INFO: Epoch: 67 | PSNR: 30.1713 | Loss: 5.5844 | lr: 5.00e-05 | Best_PSNR: 30.1927 | max_value: 255.0 in Epoch [56]
2022-07-24 03:00:04,551 INFO: Epoch: 68 | PSNR: 30.1716 | Loss: 5.5646 | lr: 5.00e-05 | Best_PSNR: 30.1927 | max_value: 255.0 in Epoch [56]
2022-07-24 03:01:17,597 INFO: Epoch: 69 | PSNR: 30.1535 | Loss: 5.5750 | lr: 5.00e-05 | Best_PSNR: 30.1927 | max_value: 255.0 in Epoch [56]
2022-07-24 03:02:31,595 INFO: Epoch: 70 | PSNR: 30.1975 | Loss: 5.5471 | lr: 5.00e-05 | Best_PSNR: 30.1975 | max_value: 255.0 in Epoch [70]
2022-07-24 03:03:44,436 INFO: Epoch: 71 | PSNR: 30.1810 | Loss: 5.5750 | lr: 5.00e-05 | Best_PSNR: 30.1975 | max_value: 255.0 in Epoch [70]
2022-07-24 03:04:57,786 INFO: Epoch: 72 | PSNR: 30.1897 | Loss: 5.5644 | lr: 5.00e-05 | Best_PSNR: 30.1975 | max_value: 255.0 in Epoch [70]
2022-07-24 03:06:10,535 INFO: Epoch: 73 | PSNR: 30.1769 | Loss: 5.5772 | lr: 5.00e-05 | Best_PSNR: 30.1975 | max_value: 255.0 in Epoch [70]
2022-07-24 03:07:23,875 INFO: Epoch: 74 | PSNR: 30.1671 | Loss: 5.6167 | lr: 5.00e-05 | Best_PSNR: 30.1975 | max_value: 255.0 in Epoch [70]
2022-07-24 03:08:37,115 INFO: Epoch: 75 | PSNR: 30.1850 | Loss: 5.5757 | lr: 5.00e-05 | Best_PSNR: 30.1975 | max_value: 255.0 in Epoch [70]
2022-07-24 03:09:49,961 INFO: Epoch: 76 | PSNR: 30.1914 | Loss: 5.5766 | lr: 5.00e-05 | Best_PSNR: 30.1975 | max_value: 255.0 in Epoch [70]
2022-07-24 03:11:03,273 INFO: Epoch: 77 | PSNR: 30.1918 | Loss: 5.5556 | lr: 5.00e-05 | Best_PSNR: 30.1975 | max_value: 255.0 in Epoch [70]
2022-07-24 03:12:16,255 INFO: Epoch: 78 | PSNR: 30.1929 | Loss: 5.5824 | lr: 5.00e-05 | Best_PSNR: 30.1975 | max_value: 255.0 in Epoch [70]
2022-07-24 03:13:29,954 INFO: Epoch: 79 | PSNR: 30.1963 | Loss: 5.5755 | lr: 5.00e-05 | Best_PSNR: 30.1975 | max_value: 255.0 in Epoch [70]
2022-07-24 03:14:43,271 INFO: Epoch: 80 | PSNR: 30.1716 | Loss: 5.6036 | lr: 5.00e-05 | Best_PSNR: 30.1975 | max_value: 255.0 in Epoch [70]
2022-07-24 03:15:56,058 INFO: Epoch: 81 | PSNR: 30.1714 | Loss: 5.6015 | lr: 5.00e-05 | Best_PSNR: 30.1975 | max_value: 255.0 in Epoch [70]
2022-07-24 03:17:09,300 INFO: Epoch: 82 | PSNR: 30.1881 | Loss: 5.5724 | lr: 5.00e-05 | Best_PSNR: 30.1975 | max_value: 255.0 in Epoch [70]
2022-07-24 03:18:22,714 INFO: Epoch: 83 | PSNR: 30.1931 | Loss: 5.5776 | lr: 5.00e-05 | Best_PSNR: 30.1975 | max_value: 255.0 in Epoch [70]
2022-07-24 03:19:35,500 INFO: Epoch: 84 | PSNR: 30.1749 | Loss: 5.5714 | lr: 5.00e-05 | Best_PSNR: 30.1975 | max_value: 255.0 in Epoch [70]
2022-07-24 03:20:48,781 INFO: Epoch: 85 | PSNR: 30.1876 | Loss: 5.5943 | lr: 5.00e-05 | Best_PSNR: 30.1975 | max_value: 255.0 in Epoch [70]
2022-07-24 03:22:01,634 INFO: Epoch: 86 | PSNR: 30.1771 | Loss: 5.5501 | lr: 5.00e-05 | Best_PSNR: 30.1975 | max_value: 255.0 in Epoch [70]
2022-07-24 03:23:14,795 INFO: Epoch: 87 | PSNR: 30.1958 | Loss: 5.5809 | lr: 5.00e-05 | Best_PSNR: 30.1975 | max_value: 255.0 in Epoch [70]
2022-07-24 03:24:27,898 INFO: Epoch: 88 | PSNR: 30.1854 | Loss: 5.5597 | lr: 5.00e-05 | Best_PSNR: 30.1975 | max_value: 255.0 in Epoch [70]
2022-07-24 03:25:41,064 INFO: Epoch: 89 | PSNR: 30.1849 | Loss: 5.5423 | lr: 5.00e-05 | Best_PSNR: 30.1975 | max_value: 255.0 in Epoch [70]
2022-07-24 03:26:54,094 INFO: Epoch: 90 | PSNR: 30.1712 | Loss: 5.5515 | lr: 5.00e-05 | Best_PSNR: 30.1975 | max_value: 255.0 in Epoch [70]
2022-07-24 03:28:06,722 INFO: Epoch: 91 | PSNR: 30.1787 | Loss: 5.5344 | lr: 5.00e-05 | Best_PSNR: 30.1975 | max_value: 255.0 in Epoch [70]
2022-07-24 03:29:15,719 INFO: Epoch: 92 | PSNR: 30.1933 | Loss: 5.5416 | lr: 5.00e-05 | Best_PSNR: 30.1975 | max_value: 255.0 in Epoch [70]
2022-07-24 03:30:28,666 INFO: Epoch: 93 | PSNR: 30.1838 | Loss: 5.5788 | lr: 5.00e-05 | Best_PSNR: 30.1975 | max_value: 255.0 in Epoch [70]
2022-07-24 03:31:41,578 INFO: Epoch: 94 | PSNR: 30.1859 | Loss: 5.5589 | lr: 5.00e-05 | Best_PSNR: 30.1975 | max_value: 255.0 in Epoch [70]
2022-07-24 03:32:54,671 INFO: Epoch: 95 | PSNR: 30.1859 | Loss: 5.5845 | lr: 5.00e-05 | Best_PSNR: 30.1975 | max_value: 255.0 in Epoch [70]
2022-07-24 03:34:07,555 INFO: Epoch: 96 | PSNR: 30.1860 | Loss: 5.5601 | lr: 5.00e-05 | Best_PSNR: 30.1975 | max_value: 255.0 in Epoch [70]
2022-07-24 03:35:21,366 INFO: Epoch: 97 | PSNR: 30.1840 | Loss: 5.5567 | lr: 5.00e-05 | Best_PSNR: 30.1975 | max_value: 255.0 in Epoch [70]
2022-07-24 03:36:34,470 INFO: Epoch: 98 | PSNR: 30.1576 | Loss: 5.5875 | lr: 5.00e-05 | Best_PSNR: 30.1975 | max_value: 255.0 in Epoch [70]
2022-07-24 03:37:47,070 INFO: Epoch: 99 | PSNR: 30.1772 | Loss: 5.5966 | lr: 5.00e-05 | Best_PSNR: 30.1975 | max_value: 255.0 in Epoch [70]
2022-07-24 03:38:59,949 INFO: Epoch: 100 | PSNR: 30.1496 | Loss: 5.5781 | lr: 5.00e-05 | Best_PSNR: 30.1975 | max_value: 255.0 in Epoch [70]
2022-07-24 03:40:13,142 INFO: Epoch: 101 | PSNR: 30.1410 | Loss: 5.5930 | lr: 2.50e-05 | Best_PSNR: 30.1975 | max_value: 255.0 in Epoch [70]
2022-07-24 03:41:26,153 INFO: Epoch: 102 | PSNR: 30.1533 | Loss: 5.6119 | lr: 2.50e-05 | Best_PSNR: 30.1975 | max_value: 255.0 in Epoch [70]
2022-07-24 03:42:39,344 INFO: Epoch: 103 | PSNR: 30.1564 | Loss: 5.6158 | lr: 2.50e-05 | Best_PSNR: 30.1975 | max_value: 255.0 in Epoch [70]
2022-07-24 03:43:52,424 INFO: Epoch: 104 | PSNR: 30.1741 | Loss: 5.5629 | lr: 2.50e-05 | Best_PSNR: 30.1975 | max_value: 255.0 in Epoch [70]
2022-07-24 03:45:05,911 INFO: Epoch: 105 | PSNR: 30.1810 | Loss: 5.6278 | lr: 2.50e-05 | Best_PSNR: 30.1975 | max_value: 255.0 in Epoch [70]
2022-07-24 03:46:19,231 INFO: Epoch: 106 | PSNR: 30.1170 | Loss: 5.6058 | lr: 2.50e-05 | Best_PSNR: 30.1975 | max_value: 255.0 in Epoch [70]
2022-07-24 03:47:32,667 INFO: Epoch: 107 | PSNR: 30.1904 | Loss: 5.6193 | lr: 2.50e-05 | Best_PSNR: 30.1975 | max_value: 255.0 in Epoch [70]
2022-07-24 03:48:45,965 INFO: Epoch: 108 | PSNR: 30.1590 | Loss: 5.5732 | lr: 2.50e-05 | Best_PSNR: 30.1975 | max_value: 255.0 in Epoch [70]
2022-07-24 03:49:58,817 INFO: Epoch: 109 | PSNR: 30.1859 | Loss: 5.5840 | lr: 2.50e-05 | Best_PSNR: 30.1975 | max_value: 255.0 in Epoch [70]
2022-07-24 03:51:11,867 INFO: Epoch: 110 | PSNR: 30.1682 | Loss: 5.6237 | lr: 2.50e-05 | Best_PSNR: 30.1975 | max_value: 255.0 in Epoch [70]
2022-07-24 03:52:24,717 INFO: Epoch: 111 | PSNR: 30.1875 | Loss: 5.6069 | lr: 2.50e-05 | Best_PSNR: 30.1975 | max_value: 255.0 in Epoch [70]
2022-07-24 03:53:37,967 INFO: Epoch: 112 | PSNR: 30.1299 | Loss: 5.6123 | lr: 2.50e-05 | Best_PSNR: 30.1975 | max_value: 255.0 in Epoch [70]
2022-07-24 03:54:51,539 INFO: Epoch: 113 | PSNR: 30.1948 | Loss: 5.6069 | lr: 2.50e-05 | Best_PSNR: 30.1975 | max_value: 255.0 in Epoch [70]
2022-07-24 03:56:05,104 INFO: Epoch: 114 | PSNR: 30.1912 | Loss: 5.5701 | lr: 2.50e-05 | Best_PSNR: 30.1975 | max_value: 255.0 in Epoch [70]
2022-07-24 03:57:18,901 INFO: Epoch: 115 | PSNR: 30.1861 | Loss: 5.5855 | lr: 2.50e-05 | Best_PSNR: 30.1975 | max_value: 255.0 in Epoch [70]
2022-07-24 03:58:32,218 INFO: Epoch: 116 | PSNR: 30.1854 | Loss: 5.5692 | lr: 2.50e-05 | Best_PSNR: 30.1975 | max_value: 255.0 in Epoch [70]
2022-07-24 03:59:45,793 INFO: Epoch: 117 | PSNR: 30.1839 | Loss: 5.6182 | lr: 2.50e-05 | Best_PSNR: 30.1975 | max_value: 255.0 in Epoch [70]
2022-07-24 04:00:59,537 INFO: Epoch: 118 | PSNR: 30.1723 | Loss: 5.5537 | lr: 2.50e-05 | Best_PSNR: 30.1975 | max_value: 255.0 in Epoch [70]
2022-07-24 04:02:13,038 INFO: Epoch: 119 | PSNR: 30.1702 | Loss: 5.5651 | lr: 2.50e-05 | Best_PSNR: 30.1975 | max_value: 255.0 in Epoch [70]
2022-07-24 04:03:26,362 INFO: Epoch: 120 | PSNR: 30.1546 | Loss: 5.5539 | lr: 2.50e-05 | Best_PSNR: 30.1975 | max_value: 255.0 in Epoch [70]
2022-07-24 04:04:33,104 INFO: Epoch: 121 | PSNR: 30.1862 | Loss: 5.5914 | lr: 2.50e-05 | Best_PSNR: 30.1975 | max_value: 255.0 in Epoch [70]
2022-07-24 04:05:46,455 INFO: Epoch: 122 | PSNR: 30.1742 | Loss: 5.5499 | lr: 2.50e-05 | Best_PSNR: 30.1975 | max_value: 255.0 in Epoch [70]
2022-07-24 04:07:00,038 INFO: Epoch: 123 | PSNR: 30.1760 | Loss: 5.5782 | lr: 2.50e-05 | Best_PSNR: 30.1975 | max_value: 255.0 in Epoch [70]
2022-07-24 04:08:13,407 INFO: Epoch: 124 | PSNR: 30.1312 | Loss: 5.5711 | lr: 2.50e-05 | Best_PSNR: 30.1975 | max_value: 255.0 in Epoch [70]
2022-07-24 04:09:27,338 INFO: Epoch: 125 | PSNR: 30.1949 | Loss: 5.5824 | lr: 2.50e-05 | Best_PSNR: 30.1975 | max_value: 255.0 in Epoch [70]
2022-07-24 04:10:41,770 INFO: Epoch: 126 | PSNR: 30.1812 | Loss: 5.5855 | lr: 2.50e-05 | Best_PSNR: 30.1975 | max_value: 255.0 in Epoch [70]
2022-07-24 04:11:55,222 INFO: Epoch: 127 | PSNR: 30.1732 | Loss: 5.6345 | lr: 2.50e-05 | Best_PSNR: 30.1975 | max_value: 255.0 in Epoch [70]
2022-07-24 04:13:08,966 INFO: Epoch: 128 | PSNR: 30.1848 | Loss: 5.5910 | lr: 2.50e-05 | Best_PSNR: 30.1975 | max_value: 255.0 in Epoch [70]
2022-07-24 04:14:22,654 INFO: Epoch: 129 | PSNR: 30.1751 | Loss: 5.6005 | lr: 2.50e-05 | Best_PSNR: 30.1975 | max_value: 255.0 in Epoch [70]
2022-07-24 04:15:36,093 INFO: Epoch: 130 | PSNR: 30.1973 | Loss: 5.5765 | lr: 2.50e-05 | Best_PSNR: 30.1975 | max_value: 255.0 in Epoch [70]
2022-07-24 04:16:49,473 INFO: Epoch: 131 | PSNR: 30.1745 | Loss: 5.5706 | lr: 2.50e-05 | Best_PSNR: 30.1975 | max_value: 255.0 in Epoch [70]
2022-07-24 04:18:02,860 INFO: Epoch: 132 | PSNR: 30.1886 | Loss: 5.5521 | lr: 2.50e-05 | Best_PSNR: 30.1975 | max_value: 255.0 in Epoch [70]
2022-07-24 04:19:16,381 INFO: Epoch: 133 | PSNR: 30.1701 | Loss: 5.5489 | lr: 2.50e-05 | Best_PSNR: 30.1975 | max_value: 255.0 in Epoch [70]
2022-07-24 04:20:29,642 INFO: Epoch: 134 | PSNR: 30.1875 | Loss: 5.5553 | lr: 2.50e-05 | Best_PSNR: 30.1975 | max_value: 255.0 in Epoch [70]
2022-07-24 04:21:43,250 INFO: Epoch: 135 | PSNR: 30.1557 | Loss: 5.5807 | lr: 2.50e-05 | Best_PSNR: 30.1975 | max_value: 255.0 in Epoch [70]
2022-07-24 04:22:56,802 INFO: Epoch: 136 | PSNR: 30.1585 | Loss: 5.5613 | lr: 2.50e-05 | Best_PSNR: 30.1975 | max_value: 255.0 in Epoch [70]
2022-07-24 04:24:10,583 INFO: Epoch: 137 | PSNR: 30.1984 | Loss: 5.5229 | lr: 2.50e-05 | Best_PSNR: 30.1984 | max_value: 255.0 in Epoch [137]
2022-07-24 04:25:23,939 INFO: Epoch: 138 | PSNR: 30.1869 | Loss: 5.5930 | lr: 2.50e-05 | Best_PSNR: 30.1984 | max_value: 255.0 in Epoch [137]
2022-07-24 04:26:37,086 INFO: Epoch: 139 | PSNR: 30.1835 | Loss: 5.6258 | lr: 2.50e-05 | Best_PSNR: 30.1984 | max_value: 255.0 in Epoch [137]
2022-07-24 04:27:50,905 INFO: Epoch: 140 | PSNR: 30.1907 | Loss: 5.5740 | lr: 2.50e-05 | Best_PSNR: 30.1984 | max_value: 255.0 in Epoch [137]
2022-07-24 04:29:04,662 INFO: Epoch: 141 | PSNR: 30.1691 | Loss: 5.5519 | lr: 2.50e-05 | Best_PSNR: 30.1984 | max_value: 255.0 in Epoch [137]
2022-07-24 04:30:17,945 INFO: Epoch: 142 | PSNR: 30.1901 | Loss: 5.5967 | lr: 2.50e-05 | Best_PSNR: 30.1984 | max_value: 255.0 in Epoch [137]
2022-07-24 04:31:31,561 INFO: Epoch: 143 | PSNR: 30.1785 | Loss: 5.5270 | lr: 2.50e-05 | Best_PSNR: 30.1984 | max_value: 255.0 in Epoch [137]
2022-07-24 04:32:45,305 INFO: Epoch: 144 | PSNR: 30.1930 | Loss: 5.6036 | lr: 2.50e-05 | Best_PSNR: 30.1984 | max_value: 255.0 in Epoch [137]
2022-07-24 04:33:59,151 INFO: Epoch: 145 | PSNR: 30.1810 | Loss: 5.5550 | lr: 2.50e-05 | Best_PSNR: 30.1984 | max_value: 255.0 in Epoch [137]
2022-07-24 04:35:12,963 INFO: Epoch: 146 | PSNR: 30.1643 | Loss: 5.5689 | lr: 2.50e-05 | Best_PSNR: 30.1984 | max_value: 255.0 in Epoch [137]
2022-07-24 04:36:26,019 INFO: Epoch: 147 | PSNR: 30.1822 | Loss: 5.5872 | lr: 2.50e-05 | Best_PSNR: 30.1984 | max_value: 255.0 in Epoch [137]
2022-07-24 04:37:40,229 INFO: Epoch: 148 | PSNR: 30.1925 | Loss: 5.6119 | lr: 2.50e-05 | Best_PSNR: 30.1984 | max_value: 255.0 in Epoch [137]
2022-07-24 04:38:53,553 INFO: Epoch: 149 | PSNR: 30.1841 | Loss: 5.5615 | lr: 2.50e-05 | Best_PSNR: 30.1984 | max_value: 255.0 in Epoch [137]
2022-07-24 04:40:01,015 INFO: Epoch: 150 | PSNR: 30.1714 | Loss: 5.5682 | lr: 2.50e-05 | Best_PSNR: 30.1984 | max_value: 255.0 in Epoch [137]
2022-07-24 04:41:14,812 INFO: Epoch: 151 | PSNR: 30.1761 | Loss: 5.5912 | lr: 1.25e-05 | Best_PSNR: 30.1984 | max_value: 255.0 in Epoch [137]
2022-07-24 04:42:28,796 INFO: Epoch: 152 | PSNR: 30.1767 | Loss: 5.6083 | lr: 1.25e-05 | Best_PSNR: 30.1984 | max_value: 255.0 in Epoch [137]
2022-07-24 04:43:42,984 INFO: Epoch: 153 | PSNR: 30.1833 | Loss: 5.5696 | lr: 1.25e-05 | Best_PSNR: 30.1984 | max_value: 255.0 in Epoch [137]
2022-07-24 04:44:56,299 INFO: Epoch: 154 | PSNR: 30.1856 | Loss: 5.5693 | lr: 1.25e-05 | Best_PSNR: 30.1984 | max_value: 255.0 in Epoch [137]
2022-07-24 04:46:09,006 INFO: Epoch: 155 | PSNR: 30.1871 | Loss: 5.5432 | lr: 1.25e-05 | Best_PSNR: 30.1984 | max_value: 255.0 in Epoch [137]
2022-07-24 04:47:22,842 INFO: Epoch: 156 | PSNR: 30.1815 | Loss: 5.5446 | lr: 1.25e-05 | Best_PSNR: 30.1984 | max_value: 255.0 in Epoch [137]
2022-07-24 04:48:36,216 INFO: Epoch: 157 | PSNR: 30.1825 | Loss: 5.5646 | lr: 1.25e-05 | Best_PSNR: 30.1984 | max_value: 255.0 in Epoch [137]
2022-07-24 04:49:50,060 INFO: Epoch: 158 | PSNR: 30.1922 | Loss: 5.5665 | lr: 1.25e-05 | Best_PSNR: 30.1984 | max_value: 255.0 in Epoch [137]
2022-07-24 04:51:03,552 INFO: Epoch: 159 | PSNR: 30.1836 | Loss: 5.5651 | lr: 1.25e-05 | Best_PSNR: 30.1984 | max_value: 255.0 in Epoch [137]
2022-07-24 04:52:16,910 INFO: Epoch: 160 | PSNR: 30.1950 | Loss: 5.5811 | lr: 1.25e-05 | Best_PSNR: 30.1984 | max_value: 255.0 in Epoch [137]
2022-07-24 04:53:30,484 INFO: Epoch: 161 | PSNR: 30.1887 | Loss: 5.5418 | lr: 1.25e-05 | Best_PSNR: 30.1984 | max_value: 255.0 in Epoch [137]
2022-07-24 04:54:43,951 INFO: Epoch: 162 | PSNR: 30.1793 | Loss: 5.5676 | lr: 1.25e-05 | Best_PSNR: 30.1984 | max_value: 255.0 in Epoch [137]
2022-07-24 04:55:57,774 INFO: Epoch: 163 | PSNR: 30.1811 | Loss: 5.5970 | lr: 1.25e-05 | Best_PSNR: 30.1984 | max_value: 255.0 in Epoch [137]
2022-07-24 04:57:11,323 INFO: Epoch: 164 | PSNR: 30.1762 | Loss: 5.5852 | lr: 1.25e-05 | Best_PSNR: 30.1984 | max_value: 255.0 in Epoch [137]
2022-07-24 04:58:24,955 INFO: Epoch: 165 | PSNR: 30.1888 | Loss: 5.5912 | lr: 1.25e-05 | Best_PSNR: 30.1984 | max_value: 255.0 in Epoch [137]
2022-07-24 04:59:39,226 INFO: Epoch: 166 | PSNR: 30.1864 | Loss: 5.5235 | lr: 1.25e-05 | Best_PSNR: 30.1984 | max_value: 255.0 in Epoch [137]
2022-07-24 05:00:54,105 INFO: Epoch: 167 | PSNR: 30.1792 | Loss: 5.5955 | lr: 1.25e-05 | Best_PSNR: 30.1984 | max_value: 255.0 in Epoch [137]
2022-07-24 05:02:08,264 INFO: Epoch: 168 | PSNR: 30.1912 | Loss: 5.5930 | lr: 1.25e-05 | Best_PSNR: 30.1984 | max_value: 255.0 in Epoch [137]
2022-07-24 05:03:22,719 INFO: Epoch: 169 | PSNR: 30.1850 | Loss: 5.5346 | lr: 1.25e-05 | Best_PSNR: 30.1984 | max_value: 255.0 in Epoch [137]
2022-07-24 05:04:36,668 INFO: Epoch: 170 | PSNR: 30.1926 | Loss: 5.6034 | lr: 1.25e-05 | Best_PSNR: 30.1984 | max_value: 255.0 in Epoch [137]
2022-07-24 05:05:51,083 INFO: Epoch: 171 | PSNR: 30.1814 | Loss: 5.5497 | lr: 1.25e-05 | Best_PSNR: 30.1984 | max_value: 255.0 in Epoch [137]
2022-07-24 05:07:05,043 INFO: Epoch: 172 | PSNR: 30.1857 | Loss: 5.5738 | lr: 1.25e-05 | Best_PSNR: 30.1984 | max_value: 255.0 in Epoch [137]
2022-07-24 05:08:19,537 INFO: Epoch: 173 | PSNR: 30.1767 | Loss: 5.5606 | lr: 1.25e-05 | Best_PSNR: 30.1984 | max_value: 255.0 in Epoch [137]
2022-07-24 05:09:34,337 INFO: Epoch: 174 | PSNR: 30.1836 | Loss: 5.6037 | lr: 1.25e-05 | Best_PSNR: 30.1984 | max_value: 255.0 in Epoch [137]
2022-07-24 05:10:48,793 INFO: Epoch: 175 | PSNR: 30.1889 | Loss: 5.5294 | lr: 1.25e-05 | Best_PSNR: 30.1984 | max_value: 255.0 in Epoch [137]
2022-07-24 05:12:03,840 INFO: Epoch: 176 | PSNR: 30.1963 | Loss: 5.5793 | lr: 1.25e-05 | Best_PSNR: 30.1984 | max_value: 255.0 in Epoch [137]
2022-07-24 05:13:18,743 INFO: Epoch: 177 | PSNR: 30.1859 | Loss: 5.5379 | lr: 1.25e-05 | Best_PSNR: 30.1984 | max_value: 255.0 in Epoch [137]
2022-07-24 05:14:32,964 INFO: Epoch: 178 | PSNR: 30.1884 | Loss: 5.5656 | lr: 1.25e-05 | Best_PSNR: 30.1984 | max_value: 255.0 in Epoch [137]
2022-07-24 05:15:47,876 INFO: Epoch: 179 | PSNR: 30.1773 | Loss: 5.5563 | lr: 1.25e-05 | Best_PSNR: 30.1984 | max_value: 255.0 in Epoch [137]
2022-07-24 05:17:02,020 INFO: Epoch: 180 | PSNR: 30.1611 | Loss: 5.5877 | lr: 1.25e-05 | Best_PSNR: 30.1984 | max_value: 255.0 in Epoch [137]
2022-07-24 05:18:16,802 INFO: Epoch: 181 | PSNR: 30.1764 | Loss: 5.5404 | lr: 1.25e-05 | Best_PSNR: 30.1984 | max_value: 255.0 in Epoch [137]
2022-07-24 05:19:31,422 INFO: Epoch: 182 | PSNR: 30.1930 | Loss: 5.5526 | lr: 1.25e-05 | Best_PSNR: 30.1984 | max_value: 255.0 in Epoch [137]
2022-07-24 05:20:45,890 INFO: Epoch: 183 | PSNR: 30.1851 | Loss: 5.5612 | lr: 1.25e-05 | Best_PSNR: 30.1984 | max_value: 255.0 in Epoch [137]
2022-07-24 05:22:00,675 INFO: Epoch: 184 | PSNR: 30.1814 | Loss: 5.6105 | lr: 1.25e-05 | Best_PSNR: 30.1984 | max_value: 255.0 in Epoch [137]
2022-07-24 05:23:15,427 INFO: Epoch: 185 | PSNR: 30.1879 | Loss: 5.5265 | lr: 1.25e-05 | Best_PSNR: 30.1984 | max_value: 255.0 in Epoch [137]
2022-07-24 05:24:30,193 INFO: Epoch: 186 | PSNR: 30.1920 | Loss: 5.5409 | lr: 1.25e-05 | Best_PSNR: 30.1984 | max_value: 255.0 in Epoch [137]
2022-07-24 05:25:44,844 INFO: Epoch: 187 | PSNR: 30.1866 | Loss: 5.6279 | lr: 1.25e-05 | Best_PSNR: 30.1984 | max_value: 255.0 in Epoch [137]
2022-07-24 05:26:59,850 INFO: Epoch: 188 | PSNR: 30.1752 | Loss: 5.5292 | lr: 1.25e-05 | Best_PSNR: 30.1984 | max_value: 255.0 in Epoch [137]
2022-07-24 05:28:14,639 INFO: Epoch: 189 | PSNR: 30.1934 | Loss: 5.5591 | lr: 1.25e-05 | Best_PSNR: 30.1984 | max_value: 255.0 in Epoch [137]
2022-07-24 05:29:30,028 INFO: Epoch: 190 | PSNR: 30.1785 | Loss: 5.5515 | lr: 1.25e-05 | Best_PSNR: 30.1984 | max_value: 255.0 in Epoch [137]
2022-07-24 05:30:44,887 INFO: Epoch: 191 | PSNR: 30.1783 | Loss: 5.5796 | lr: 1.25e-05 | Best_PSNR: 30.1984 | max_value: 255.0 in Epoch [137]
2022-07-24 05:31:59,992 INFO: Epoch: 192 | PSNR: 30.1808 | Loss: 5.5303 | lr: 1.25e-05 | Best_PSNR: 30.1984 | max_value: 255.0 in Epoch [137]
2022-07-24 05:33:15,198 INFO: Epoch: 193 | PSNR: 30.1945 | Loss: 5.5948 | lr: 1.25e-05 | Best_PSNR: 30.1984 | max_value: 255.0 in Epoch [137]
2022-07-24 05:34:29,738 INFO: Epoch: 194 | PSNR: 30.1738 | Loss: 5.5634 | lr: 1.25e-05 | Best_PSNR: 30.1984 | max_value: 255.0 in Epoch [137]
2022-07-24 05:35:44,860 INFO: Epoch: 195 | PSNR: 30.1768 | Loss: 5.5177 | lr: 1.25e-05 | Best_PSNR: 30.1984 | max_value: 255.0 in Epoch [137]
2022-07-24 05:36:58,149 INFO: Epoch: 196 | PSNR: 30.1822 | Loss: 5.5646 | lr: 1.25e-05 | Best_PSNR: 30.1984 | max_value: 255.0 in Epoch [137]
2022-07-24 05:38:11,552 INFO: Epoch: 197 | PSNR: 30.1855 | Loss: 5.5474 | lr: 1.25e-05 | Best_PSNR: 30.1984 | max_value: 255.0 in Epoch [137]
2022-07-24 05:39:24,728 INFO: Epoch: 198 | PSNR: 30.1758 | Loss: 5.5662 | lr: 1.25e-05 | Best_PSNR: 30.1984 | max_value: 255.0 in Epoch [137]
2022-07-24 05:40:37,970 INFO: Epoch: 199 | PSNR: 30.1817 | Loss: 5.5817 | lr: 1.25e-05 | Best_PSNR: 30.1984 | max_value: 255.0 in Epoch [137]
2022-07-24 05:41:51,517 INFO: Epoch: 200 | PSNR: 30.1826 | Loss: 5.5399 | lr: 1.25e-05 | Best_PSNR: 30.1984 | max_value: 255.0 in Epoch [137]
2022-07-24 05:43:04,558 INFO: Epoch: 201 | PSNR: 30.1781 | Loss: 5.5703 | lr: 6.25e-06 | Best_PSNR: 30.1984 | max_value: 255.0 in Epoch [137]
2022-07-24 05:44:18,015 INFO: Epoch: 202 | PSNR: 30.1781 | Loss: 5.5362 | lr: 6.25e-06 | Best_PSNR: 30.1984 | max_value: 255.0 in Epoch [137]
2022-07-24 05:45:31,356 INFO: Epoch: 203 | PSNR: 30.1847 | Loss: 5.5333 | lr: 6.25e-06 | Best_PSNR: 30.1984 | max_value: 255.0 in Epoch [137]
2022-07-24 05:46:44,465 INFO: Epoch: 204 | PSNR: 30.1863 | Loss: 5.5399 | lr: 6.25e-06 | Best_PSNR: 30.1984 | max_value: 255.0 in Epoch [137]
2022-07-24 05:47:57,748 INFO: Epoch: 205 | PSNR: 30.1764 | Loss: 5.5817 | lr: 6.25e-06 | Best_PSNR: 30.1984 | max_value: 255.0 in Epoch [137]
2022-07-24 05:49:11,020 INFO: Epoch: 206 | PSNR: 30.1712 | Loss: 5.5780 | lr: 6.25e-06 | Best_PSNR: 30.1984 | max_value: 255.0 in Epoch [137]
2022-07-24 05:49:49,388 INFO: Epoch: 207 | PSNR: 30.1766 | Loss: 5.5672 | lr: 6.25e-06 | Best_PSNR: 30.1984 | max_value: 255.0 in Epoch [137]
2022-07-24 05:50:18,113 INFO: Epoch: 208 | PSNR: 30.1740 | Loss: 5.5404 | lr: 6.25e-06 | Best_PSNR: 30.1984 | max_value: 255.0 in Epoch [137]
2022-07-24 05:50:46,809 INFO: Epoch: 209 | PSNR: 30.1855 | Loss: 5.5691 | lr: 6.25e-06 | Best_PSNR: 30.1984 | max_value: 255.0 in Epoch [137]
2022-07-24 05:51:15,871 INFO: Epoch: 210 | PSNR: 30.1781 | Loss: 5.5416 | lr: 6.25e-06 | Best_PSNR: 30.1984 | max_value: 255.0 in Epoch [137]
2022-07-24 05:51:44,836 INFO: Epoch: 211 | PSNR: 30.1946 | Loss: 5.5937 | lr: 6.25e-06 | Best_PSNR: 30.1984 | max_value: 255.0 in Epoch [137]
2022-07-24 05:52:13,592 INFO: Epoch: 212 | PSNR: 30.1836 | Loss: 5.5552 | lr: 6.25e-06 | Best_PSNR: 30.1984 | max_value: 255.0 in Epoch [137]
2022-07-24 05:52:42,409 INFO: Epoch: 213 | PSNR: 30.1835 | Loss: 5.5985 | lr: 6.25e-06 | Best_PSNR: 30.1984 | max_value: 255.0 in Epoch [137]
2022-07-24 05:53:10,756 INFO: Epoch: 214 | PSNR: 30.1901 | Loss: 5.5449 | lr: 6.25e-06 | Best_PSNR: 30.1984 | max_value: 255.0 in Epoch [137]
2022-07-24 05:53:40,227 INFO: Epoch: 215 | PSNR: 30.2016 | Loss: 5.6099 | lr: 6.25e-06 | Best_PSNR: 30.2016 | max_value: 255.0 in Epoch [215]
2022-07-24 05:54:09,022 INFO: Epoch: 216 | PSNR: 30.1870 | Loss: 5.5711 | lr: 6.25e-06 | Best_PSNR: 30.2016 | max_value: 255.0 in Epoch [215]
2022-07-24 05:54:37,773 INFO: Epoch: 217 | PSNR: 30.1839 | Loss: 5.5680 | lr: 6.25e-06 | Best_PSNR: 30.2016 | max_value: 255.0 in Epoch [215]
2022-07-24 05:55:06,223 INFO: Epoch: 218 | PSNR: 30.1500 | Loss: 5.5584 | lr: 6.25e-06 | Best_PSNR: 30.2016 | max_value: 255.0 in Epoch [215]
2022-07-24 05:55:35,144 INFO: Epoch: 219 | PSNR: 30.1821 | Loss: 5.6065 | lr: 6.25e-06 | Best_PSNR: 30.2016 | max_value: 255.0 in Epoch [215]
2022-07-24 05:56:03,714 INFO: Epoch: 220 | PSNR: 30.1784 | Loss: 5.5995 | lr: 6.25e-06 | Best_PSNR: 30.2016 | max_value: 255.0 in Epoch [215]
