2022-07-09 21:22:09,575 INFO: Create train dataset successfully!
2022-07-09 21:22:09,575 INFO: Training: [1000] iterations for each epoch
2022-07-09 21:22:09,576 INFO: Create val dataset successfully!
2022-07-09 21:22:09,576 INFO: Validating: [100] iterations for each epoch
2022-07-09 21:22:09,576 INFO: Preparing for experiment: [trial5]
2022-07-09 21:22:10,039 INFO: Create model successfully! Params: [29.31]K
2022-07-09 21:22:10,039 INFO: Start training...
2022-07-09 21:22:43,318 INFO: Epoch: 1 | PSNR: 27.0632 | Loss: 6.3868 | lr: 1.00e-03 | Best_PSNR: 27.0632 in Epoch [1]
2022-07-09 21:23:12,167 INFO: Epoch: 2 | PSNR: 28.1613 | Loss: 5.9894 | lr: 1.00e-03 | Best_PSNR: 28.1613 in Epoch [2]
2022-07-09 21:23:41,569 INFO: Epoch: 3 | PSNR: 29.0876 | Loss: 5.8795 | lr: 1.00e-03 | Best_PSNR: 29.0876 in Epoch [3]
2022-07-09 21:24:20,767 INFO: Epoch: 4 | PSNR: 29.4661 | Loss: 5.8355 | lr: 1.00e-03 | Best_PSNR: 29.4661 in Epoch [4]
2022-07-09 21:24:49,765 INFO: Epoch: 5 | PSNR: 29.5928 | Loss: 5.8017 | lr: 1.00e-03 | Best_PSNR: 29.5928 in Epoch [5]
2022-07-09 21:25:15,991 INFO: Epoch: 6 | PSNR: 29.6585 | Loss: 5.7946 | lr: 1.00e-03 | Best_PSNR: 29.6585 in Epoch [6]
2022-07-09 21:25:40,555 INFO: Epoch: 7 | PSNR: 29.6842 | Loss: 5.7857 | lr: 1.00e-03 | Best_PSNR: 29.6842 in Epoch [7]
2022-07-09 21:26:04,979 INFO: Epoch: 8 | PSNR: 29.7167 | Loss: 5.7442 | lr: 1.00e-03 | Best_PSNR: 29.7167 in Epoch [8]
2022-07-09 21:26:46,825 INFO: Epoch: 9 | PSNR: 29.7403 | Loss: 5.7278 | lr: 1.00e-03 | Best_PSNR: 29.7403 in Epoch [9]
2022-07-09 21:27:11,424 INFO: Epoch: 10 | PSNR: 29.7604 | Loss: 5.7248 | lr: 1.00e-03 | Best_PSNR: 29.7604 in Epoch [10]
2022-07-09 21:27:35,733 INFO: Epoch: 11 | PSNR: 29.7768 | Loss: 5.7674 | lr: 1.00e-03 | Best_PSNR: 29.7768 in Epoch [11]
2022-07-09 21:28:03,698 INFO: Epoch: 12 | PSNR: 29.7850 | Loss: 5.7425 | lr: 1.00e-03 | Best_PSNR: 29.7850 in Epoch [12]
2022-07-09 21:28:31,613 INFO: Epoch: 13 | PSNR: 29.7960 | Loss: 5.7096 | lr: 1.00e-03 | Best_PSNR: 29.7960 in Epoch [13]
2022-07-09 21:28:59,522 INFO: Epoch: 14 | PSNR: 29.8073 | Loss: 5.7167 | lr: 1.00e-03 | Best_PSNR: 29.8073 in Epoch [14]
2022-07-09 21:29:26,466 INFO: Epoch: 15 | PSNR: 29.8202 | Loss: 5.6745 | lr: 1.00e-03 | Best_PSNR: 29.8202 in Epoch [15]
2022-07-09 21:29:54,980 INFO: Epoch: 16 | PSNR: 29.8336 | Loss: 5.6823 | lr: 1.00e-03 | Best_PSNR: 29.8336 in Epoch [16]
2022-07-09 21:30:20,986 INFO: Epoch: 17 | PSNR: 29.8463 | Loss: 5.6544 | lr: 1.00e-03 | Best_PSNR: 29.8463 in Epoch [17]
2022-07-09 21:30:49,300 INFO: Epoch: 18 | PSNR: 29.8628 | Loss: 5.6855 | lr: 1.00e-03 | Best_PSNR: 29.8628 in Epoch [18]
2022-07-09 21:31:17,330 INFO: Epoch: 19 | PSNR: 29.8782 | Loss: 5.7028 | lr: 1.00e-03 | Best_PSNR: 29.8782 in Epoch [19]
2022-07-09 21:31:58,258 INFO: Epoch: 20 | PSNR: 29.8893 | Loss: 5.6081 | lr: 1.00e-03 | Best_PSNR: 29.8893 in Epoch [20]
2022-07-09 21:32:24,462 INFO: Epoch: 21 | PSNR: 29.8977 | Loss: 5.6860 | lr: 1.00e-03 | Best_PSNR: 29.8977 in Epoch [21]
2022-07-09 21:32:51,553 INFO: Epoch: 22 | PSNR: 29.8974 | Loss: 5.6983 | lr: 1.00e-03 | Best_PSNR: 29.8977 in Epoch [21]
2022-07-09 21:33:18,089 INFO: Epoch: 23 | PSNR: 29.9069 | Loss: 5.6474 | lr: 1.00e-03 | Best_PSNR: 29.9069 in Epoch [23]
2022-07-09 21:33:44,509 INFO: Epoch: 24 | PSNR: 29.9116 | Loss: 5.6517 | lr: 1.00e-03 | Best_PSNR: 29.9116 in Epoch [24]
2022-07-09 21:34:13,884 INFO: Epoch: 25 | PSNR: 29.9008 | Loss: 5.6728 | lr: 1.00e-03 | Best_PSNR: 29.9116 in Epoch [24]
2022-07-09 21:34:39,597 INFO: Epoch: 26 | PSNR: 29.9174 | Loss: 5.6657 | lr: 1.00e-03 | Best_PSNR: 29.9174 in Epoch [26]
2022-07-09 21:35:06,303 INFO: Epoch: 27 | PSNR: 29.9240 | Loss: 5.6169 | lr: 1.00e-03 | Best_PSNR: 29.9240 in Epoch [27]
2022-07-09 21:35:33,445 INFO: Epoch: 28 | PSNR: 29.9286 | Loss: 5.6713 | lr: 1.00e-03 | Best_PSNR: 29.9286 in Epoch [28]
2022-07-09 21:36:00,466 INFO: Epoch: 29 | PSNR: 29.9331 | Loss: 5.6558 | lr: 1.00e-03 | Best_PSNR: 29.9331 in Epoch [29]
2022-07-09 21:36:27,829 INFO: Epoch: 30 | PSNR: 29.9386 | Loss: 5.6374 | lr: 1.00e-03 | Best_PSNR: 29.9386 in Epoch [30]
2022-07-09 21:36:56,421 INFO: Epoch: 31 | PSNR: 29.9437 | Loss: 5.6294 | lr: 1.00e-03 | Best_PSNR: 29.9437 in Epoch [31]
2022-07-09 21:37:22,693 INFO: Epoch: 32 | PSNR: 29.9483 | Loss: 5.6336 | lr: 1.00e-03 | Best_PSNR: 29.9483 in Epoch [32]
2022-07-09 21:37:49,945 INFO: Epoch: 33 | PSNR: 29.9472 | Loss: 5.6518 | lr: 1.00e-03 | Best_PSNR: 29.9483 in Epoch [32]
2022-07-09 21:38:19,289 INFO: Epoch: 34 | PSNR: 29.9530 | Loss: 5.6536 | lr: 1.00e-03 | Best_PSNR: 29.9530 in Epoch [34]
2022-07-09 21:38:46,772 INFO: Epoch: 35 | PSNR: 29.9559 | Loss: 5.6033 | lr: 1.00e-03 | Best_PSNR: 29.9559 in Epoch [35]
2022-07-09 21:39:13,810 INFO: Epoch: 36 | PSNR: 29.9586 | Loss: 5.6018 | lr: 1.00e-03 | Best_PSNR: 29.9586 in Epoch [36]
2022-07-09 21:39:44,304 INFO: Epoch: 37 | PSNR: 29.9602 | Loss: 5.6587 | lr: 1.00e-03 | Best_PSNR: 29.9602 in Epoch [37]
2022-07-09 21:40:11,436 INFO: Epoch: 38 | PSNR: 29.9626 | Loss: 5.6119 | lr: 1.00e-03 | Best_PSNR: 29.9626 in Epoch [38]
2022-07-09 21:40:40,196 INFO: Epoch: 39 | PSNR: 29.9638 | Loss: 5.5770 | lr: 1.00e-03 | Best_PSNR: 29.9638 in Epoch [39]
2022-07-09 21:41:06,775 INFO: Epoch: 40 | PSNR: 29.9612 | Loss: 5.6513 | lr: 1.00e-03 | Best_PSNR: 29.9638 in Epoch [39]
2022-07-09 21:41:35,329 INFO: Epoch: 41 | PSNR: 29.9685 | Loss: 5.6217 | lr: 1.00e-03 | Best_PSNR: 29.9685 in Epoch [41]
2022-07-09 21:42:05,600 INFO: Epoch: 42 | PSNR: 29.9724 | Loss: 5.6404 | lr: 1.00e-03 | Best_PSNR: 29.9724 in Epoch [42]
2022-07-09 21:42:33,565 INFO: Epoch: 43 | PSNR: 29.9746 | Loss: 5.6558 | lr: 1.00e-03 | Best_PSNR: 29.9746 in Epoch [43]
2022-07-09 21:43:02,817 INFO: Epoch: 44 | PSNR: 29.9691 | Loss: 5.6061 | lr: 1.00e-03 | Best_PSNR: 29.9746 in Epoch [43]
2022-07-09 21:43:31,482 INFO: Epoch: 45 | PSNR: 29.9776 | Loss: 5.6020 | lr: 1.00e-03 | Best_PSNR: 29.9776 in Epoch [45]
2022-07-09 21:44:13,504 INFO: Epoch: 46 | PSNR: 29.9808 | Loss: 5.5672 | lr: 1.00e-03 | Best_PSNR: 29.9808 in Epoch [46]
2022-07-09 21:44:41,505 INFO: Epoch: 47 | PSNR: 29.9789 | Loss: 5.5993 | lr: 1.00e-03 | Best_PSNR: 29.9808 in Epoch [46]
2022-07-09 21:45:20,658 INFO: Epoch: 48 | PSNR: 29.9840 | Loss: 5.5890 | lr: 1.00e-03 | Best_PSNR: 29.9840 in Epoch [48]
2022-07-09 21:45:47,267 INFO: Epoch: 49 | PSNR: 29.9862 | Loss: 5.6463 | lr: 1.00e-03 | Best_PSNR: 29.9862 in Epoch [49]
2022-07-09 21:46:15,519 INFO: Epoch: 50 | PSNR: 29.9865 | Loss: 5.6185 | lr: 1.00e-03 | Best_PSNR: 29.9865 in Epoch [50]
2022-07-09 21:46:42,233 INFO: Epoch: 51 | PSNR: 29.9885 | Loss: 5.6122 | lr: 1.00e-03 | Best_PSNR: 29.9885 in Epoch [51]
2022-07-09 21:47:09,859 INFO: Epoch: 52 | PSNR: 29.9869 | Loss: 5.5988 | lr: 1.00e-03 | Best_PSNR: 29.9885 in Epoch [51]
2022-07-09 21:47:39,757 INFO: Epoch: 53 | PSNR: 29.9905 | Loss: 5.6159 | lr: 1.00e-03 | Best_PSNR: 29.9905 in Epoch [53]
2022-07-09 21:48:08,766 INFO: Epoch: 54 | PSNR: 29.9922 | Loss: 5.5624 | lr: 1.00e-03 | Best_PSNR: 29.9922 in Epoch [54]
2022-07-09 21:48:37,508 INFO: Epoch: 55 | PSNR: 29.9897 | Loss: 5.5765 | lr: 1.00e-03 | Best_PSNR: 29.9922 in Epoch [54]
2022-07-09 21:49:06,841 INFO: Epoch: 56 | PSNR: 29.9934 | Loss: 5.6029 | lr: 1.00e-03 | Best_PSNR: 29.9934 in Epoch [56]
2022-07-09 21:49:46,200 INFO: Epoch: 57 | PSNR: 29.9966 | Loss: 5.6395 | lr: 1.00e-03 | Best_PSNR: 29.9966 in Epoch [57]
2022-07-09 21:50:13,589 INFO: Epoch: 58 | PSNR: 29.9980 | Loss: 5.6079 | lr: 1.00e-03 | Best_PSNR: 29.9980 in Epoch [58]
2022-07-09 21:50:53,512 INFO: Epoch: 59 | PSNR: 29.9996 | Loss: 5.5828 | lr: 1.00e-03 | Best_PSNR: 29.9996 in Epoch [59]
2022-07-09 21:51:19,225 INFO: Epoch: 60 | PSNR: 29.9995 | Loss: 5.6303 | lr: 1.00e-03 | Best_PSNR: 29.9996 in Epoch [59]
2022-07-09 21:51:44,979 INFO: Epoch: 61 | PSNR: 29.9997 | Loss: 5.5643 | lr: 1.00e-03 | Best_PSNR: 29.9997 in Epoch [61]
2022-07-09 21:52:11,371 INFO: Epoch: 62 | PSNR: 30.0020 | Loss: 5.5634 | lr: 1.00e-03 | Best_PSNR: 30.0020 in Epoch [62]
2022-07-09 21:52:38,661 INFO: Epoch: 63 | PSNR: 30.0030 | Loss: 5.6098 | lr: 1.00e-03 | Best_PSNR: 30.0030 in Epoch [63]
2022-07-09 21:53:17,336 INFO: Epoch: 64 | PSNR: 30.0026 | Loss: 5.6511 | lr: 1.00e-03 | Best_PSNR: 30.0030 in Epoch [63]
2022-07-09 21:53:59,133 INFO: Epoch: 65 | PSNR: 30.0032 | Loss: 5.5759 | lr: 1.00e-03 | Best_PSNR: 30.0032 in Epoch [65]
2022-07-09 21:54:24,882 INFO: Epoch: 66 | PSNR: 30.0054 | Loss: 5.6243 | lr: 1.00e-03 | Best_PSNR: 30.0054 in Epoch [66]
2022-07-09 21:55:06,603 INFO: Epoch: 67 | PSNR: 30.0068 | Loss: 5.5633 | lr: 1.00e-03 | Best_PSNR: 30.0068 in Epoch [67]
2022-07-09 21:55:33,647 INFO: Epoch: 68 | PSNR: 30.0090 | Loss: 5.6011 | lr: 1.00e-03 | Best_PSNR: 30.0090 in Epoch [68]
2022-07-09 21:56:00,492 INFO: Epoch: 69 | PSNR: 30.0095 | Loss: 5.6724 | lr: 1.00e-03 | Best_PSNR: 30.0095 in Epoch [69]
2022-07-09 21:56:30,054 INFO: Epoch: 70 | PSNR: 30.0104 | Loss: 5.6154 | lr: 1.00e-03 | Best_PSNR: 30.0104 in Epoch [70]
2022-07-09 21:56:56,763 INFO: Epoch: 71 | PSNR: 30.0104 | Loss: 5.6394 | lr: 1.00e-03 | Best_PSNR: 30.0104 in Epoch [70]
2022-07-09 21:57:23,974 INFO: Epoch: 72 | PSNR: 30.0105 | Loss: 5.5943 | lr: 1.00e-03 | Best_PSNR: 30.0105 in Epoch [72]
2022-07-09 21:57:51,835 INFO: Epoch: 73 | PSNR: 30.0125 | Loss: 5.6437 | lr: 1.00e-03 | Best_PSNR: 30.0125 in Epoch [73]
2022-07-09 21:58:30,095 INFO: Epoch: 74 | PSNR: 30.0144 | Loss: 5.5743 | lr: 1.00e-03 | Best_PSNR: 30.0144 in Epoch [74]
2022-07-09 21:59:11,850 INFO: Epoch: 75 | PSNR: 30.0135 | Loss: 5.5735 | lr: 1.00e-03 | Best_PSNR: 30.0144 in Epoch [74]
2022-07-09 21:59:38,593 INFO: Epoch: 76 | PSNR: 30.0099 | Loss: 5.5784 | lr: 1.00e-03 | Best_PSNR: 30.0144 in Epoch [74]
2022-07-09 22:00:04,312 INFO: Epoch: 77 | PSNR: 30.0130 | Loss: 5.5869 | lr: 1.00e-03 | Best_PSNR: 30.0144 in Epoch [74]
2022-07-09 22:00:30,851 INFO: Epoch: 78 | PSNR: 30.0147 | Loss: 5.5884 | lr: 1.00e-03 | Best_PSNR: 30.0147 in Epoch [78]
2022-07-09 22:00:59,112 INFO: Epoch: 79 | PSNR: 30.0182 | Loss: 5.5341 | lr: 1.00e-03 | Best_PSNR: 30.0182 in Epoch [79]
2022-07-09 22:01:27,772 INFO: Epoch: 80 | PSNR: 30.0172 | Loss: 5.6382 | lr: 1.00e-03 | Best_PSNR: 30.0182 in Epoch [79]
2022-07-09 22:01:55,890 INFO: Epoch: 81 | PSNR: 30.0194 | Loss: 5.5344 | lr: 1.00e-03 | Best_PSNR: 30.0194 in Epoch [81]
2022-07-09 22:02:24,548 INFO: Epoch: 82 | PSNR: 30.0192 | Loss: 5.6605 | lr: 1.00e-03 | Best_PSNR: 30.0194 in Epoch [81]
2022-07-09 22:03:05,038 INFO: Epoch: 83 | PSNR: 30.0195 | Loss: 5.6095 | lr: 1.00e-03 | Best_PSNR: 30.0195 in Epoch [83]
2022-07-09 22:03:32,632 INFO: Epoch: 84 | PSNR: 30.0205 | Loss: 5.6297 | lr: 1.00e-03 | Best_PSNR: 30.0205 in Epoch [84]
2022-07-09 22:03:59,782 INFO: Epoch: 85 | PSNR: 30.0195 | Loss: 5.5861 | lr: 1.00e-03 | Best_PSNR: 30.0205 in Epoch [84]
2022-07-09 22:04:27,650 INFO: Epoch: 86 | PSNR: 30.0227 | Loss: 5.5710 | lr: 1.00e-03 | Best_PSNR: 30.0227 in Epoch [86]
2022-07-09 22:04:54,928 INFO: Epoch: 87 | PSNR: 30.0241 | Loss: 5.5564 | lr: 1.00e-03 | Best_PSNR: 30.0241 in Epoch [87]
2022-07-09 22:05:23,614 INFO: Epoch: 88 | PSNR: 30.0259 | Loss: 5.5857 | lr: 1.00e-03 | Best_PSNR: 30.0259 in Epoch [88]
2022-07-09 22:05:50,978 INFO: Epoch: 89 | PSNR: 30.0275 | Loss: 5.6033 | lr: 1.00e-03 | Best_PSNR: 30.0275 in Epoch [89]
2022-07-09 22:06:18,686 INFO: Epoch: 90 | PSNR: 30.0273 | Loss: 5.5647 | lr: 1.00e-03 | Best_PSNR: 30.0275 in Epoch [89]
2022-07-09 22:06:46,141 INFO: Epoch: 91 | PSNR: 30.0249 | Loss: 5.5808 | lr: 1.00e-03 | Best_PSNR: 30.0275 in Epoch [89]
2022-07-09 22:07:14,640 INFO: Epoch: 92 | PSNR: 30.0255 | Loss: 5.5779 | lr: 1.00e-03 | Best_PSNR: 30.0275 in Epoch [89]
2022-07-09 22:07:41,868 INFO: Epoch: 93 | PSNR: 30.0267 | Loss: 5.5702 | lr: 1.00e-03 | Best_PSNR: 30.0275 in Epoch [89]
2022-07-09 22:08:21,320 INFO: Epoch: 94 | PSNR: 30.0293 | Loss: 5.5736 | lr: 1.00e-03 | Best_PSNR: 30.0293 in Epoch [94]
2022-07-09 22:08:49,046 INFO: Epoch: 95 | PSNR: 30.0291 | Loss: 5.6010 | lr: 1.00e-03 | Best_PSNR: 30.0293 in Epoch [94]
2022-07-09 22:09:17,498 INFO: Epoch: 96 | PSNR: 30.0308 | Loss: 5.6233 | lr: 1.00e-03 | Best_PSNR: 30.0308 in Epoch [96]
2022-07-09 22:09:46,038 INFO: Epoch: 97 | PSNR: 30.0314 | Loss: 5.6585 | lr: 1.00e-03 | Best_PSNR: 30.0314 in Epoch [97]
2022-07-09 22:10:15,597 INFO: Epoch: 98 | PSNR: 30.0319 | Loss: 5.5806 | lr: 1.00e-03 | Best_PSNR: 30.0319 in Epoch [98]
2022-07-09 22:10:44,209 INFO: Epoch: 99 | PSNR: 30.0312 | Loss: 5.5675 | lr: 1.00e-03 | Best_PSNR: 30.0319 in Epoch [98]
2022-07-09 22:11:13,350 INFO: Epoch: 100 | PSNR: 30.0331 | Loss: 5.5224 | lr: 1.00e-03 | Best_PSNR: 30.0331 in Epoch [100]
2022-07-09 22:11:43,258 INFO: Epoch: 101 | PSNR: 30.0338 | Loss: 5.6044 | lr: 1.00e-03 | Best_PSNR: 30.0338 in Epoch [101]
2022-07-09 22:12:11,651 INFO: Epoch: 102 | PSNR: 30.0339 | Loss: 5.6396 | lr: 1.00e-03 | Best_PSNR: 30.0339 in Epoch [102]
2022-07-09 22:12:41,177 INFO: Epoch: 103 | PSNR: 30.0335 | Loss: 5.6008 | lr: 1.00e-03 | Best_PSNR: 30.0339 in Epoch [102]
2022-07-09 22:13:24,295 INFO: Epoch: 104 | PSNR: 30.0341 | Loss: 5.5677 | lr: 1.00e-03 | Best_PSNR: 30.0341 in Epoch [104]
2022-07-09 22:13:55,046 INFO: Epoch: 105 | PSNR: 30.0338 | Loss: 5.5539 | lr: 1.00e-03 | Best_PSNR: 30.0341 in Epoch [104]
2022-07-09 22:14:23,936 INFO: Epoch: 106 | PSNR: 30.0350 | Loss: 5.6270 | lr: 1.00e-03 | Best_PSNR: 30.0350 in Epoch [106]
2022-07-09 22:14:52,606 INFO: Epoch: 107 | PSNR: 30.0349 | Loss: 5.5948 | lr: 1.00e-03 | Best_PSNR: 30.0350 in Epoch [106]
2022-07-09 22:15:35,134 INFO: Epoch: 108 | PSNR: 30.0356 | Loss: 5.5672 | lr: 1.00e-03 | Best_PSNR: 30.0356 in Epoch [108]
2022-07-09 22:16:07,809 INFO: Epoch: 109 | PSNR: 30.0373 | Loss: 5.6175 | lr: 1.00e-03 | Best_PSNR: 30.0373 in Epoch [109]
2022-07-09 22:16:38,672 INFO: Epoch: 110 | PSNR: 30.0371 | Loss: 5.6175 | lr: 1.00e-03 | Best_PSNR: 30.0373 in Epoch [109]
2022-07-09 22:17:12,728 INFO: Epoch: 111 | PSNR: 30.0381 | Loss: 5.5890 | lr: 1.00e-03 | Best_PSNR: 30.0381 in Epoch [111]
2022-07-09 22:17:45,155 INFO: Epoch: 112 | PSNR: 30.0385 | Loss: 5.5941 | lr: 1.00e-03 | Best_PSNR: 30.0385 in Epoch [112]
2022-07-09 22:18:26,547 INFO: Epoch: 113 | PSNR: 30.0387 | Loss: 5.5861 | lr: 1.00e-03 | Best_PSNR: 30.0387 in Epoch [113]
2022-07-09 22:18:58,394 INFO: Epoch: 114 | PSNR: 30.0388 | Loss: 5.5030 | lr: 1.00e-03 | Best_PSNR: 30.0388 in Epoch [114]
2022-07-09 22:19:31,172 INFO: Epoch: 115 | PSNR: 30.0361 | Loss: 5.6206 | lr: 1.00e-03 | Best_PSNR: 30.0388 in Epoch [114]
2022-07-09 22:20:02,984 INFO: Epoch: 116 | PSNR: 30.0398 | Loss: 5.5312 | lr: 1.00e-03 | Best_PSNR: 30.0398 in Epoch [116]
2022-07-09 22:20:33,538 INFO: Epoch: 117 | PSNR: 30.0412 | Loss: 5.5539 | lr: 1.00e-03 | Best_PSNR: 30.0412 in Epoch [117]
2022-07-09 22:21:06,809 INFO: Epoch: 118 | PSNR: 30.0382 | Loss: 5.5798 | lr: 1.00e-03 | Best_PSNR: 30.0412 in Epoch [117]
2022-07-09 22:21:39,491 INFO: Epoch: 119 | PSNR: 30.0390 | Loss: 5.5828 | lr: 1.00e-03 | Best_PSNR: 30.0412 in Epoch [117]
2022-07-09 22:22:12,304 INFO: Epoch: 120 | PSNR: 30.0420 | Loss: 5.5693 | lr: 1.00e-03 | Best_PSNR: 30.0420 in Epoch [120]
2022-07-09 22:22:50,243 INFO: Epoch: 121 | PSNR: 30.0460 | Loss: 5.5364 | lr: 5.00e-04 | Best_PSNR: 30.0460 in Epoch [121]
2022-07-09 22:23:27,014 INFO: Epoch: 122 | PSNR: 30.0478 | Loss: 5.5340 | lr: 5.00e-04 | Best_PSNR: 30.0478 in Epoch [122]
2022-07-09 22:24:00,058 INFO: Epoch: 123 | PSNR: 30.0486 | Loss: 5.5638 | lr: 5.00e-04 | Best_PSNR: 30.0486 in Epoch [123]
2022-07-09 22:24:29,776 INFO: Epoch: 124 | PSNR: 30.0502 | Loss: 5.5547 | lr: 5.00e-04 | Best_PSNR: 30.0502 in Epoch [124]
2022-07-09 22:25:15,147 INFO: Epoch: 125 | PSNR: 30.0504 | Loss: 5.5602 | lr: 5.00e-04 | Best_PSNR: 30.0504 in Epoch [125]
2022-07-09 22:25:43,796 INFO: Epoch: 126 | PSNR: 30.0514 | Loss: 5.5577 | lr: 5.00e-04 | Best_PSNR: 30.0514 in Epoch [126]
2022-07-09 22:26:16,549 INFO: Epoch: 127 | PSNR: 30.0515 | Loss: 5.5869 | lr: 5.00e-04 | Best_PSNR: 30.0515 in Epoch [127]
2022-07-09 22:26:44,859 INFO: Epoch: 128 | PSNR: 30.0519 | Loss: 5.5211 | lr: 5.00e-04 | Best_PSNR: 30.0519 in Epoch [128]
2022-07-09 22:27:10,722 INFO: Epoch: 129 | PSNR: 30.0522 | Loss: 5.5222 | lr: 5.00e-04 | Best_PSNR: 30.0522 in Epoch [129]
2022-07-09 22:27:37,312 INFO: Epoch: 130 | PSNR: 30.0535 | Loss: 5.5121 | lr: 5.00e-04 | Best_PSNR: 30.0535 in Epoch [130]
2022-07-09 22:28:02,691 INFO: Epoch: 131 | PSNR: 30.0527 | Loss: 5.5806 | lr: 5.00e-04 | Best_PSNR: 30.0535 in Epoch [130]
2022-07-09 22:28:28,790 INFO: Epoch: 132 | PSNR: 30.0531 | Loss: 5.5353 | lr: 5.00e-04 | Best_PSNR: 30.0535 in Epoch [130]
2022-07-09 22:28:54,886 INFO: Epoch: 133 | PSNR: 30.0531 | Loss: 5.5795 | lr: 5.00e-04 | Best_PSNR: 30.0535 in Epoch [130]
2022-07-09 22:29:20,914 INFO: Epoch: 134 | PSNR: 30.0539 | Loss: 5.6052 | lr: 5.00e-04 | Best_PSNR: 30.0539 in Epoch [134]
2022-07-09 22:30:01,701 INFO: Epoch: 135 | PSNR: 30.0543 | Loss: 5.5728 | lr: 5.00e-04 | Best_PSNR: 30.0543 in Epoch [135]
2022-07-09 22:30:27,929 INFO: Epoch: 136 | PSNR: 30.0544 | Loss: 5.5983 | lr: 5.00e-04 | Best_PSNR: 30.0544 in Epoch [136]
2022-07-09 22:30:55,897 INFO: Epoch: 137 | PSNR: 30.0543 | Loss: 5.5484 | lr: 5.00e-04 | Best_PSNR: 30.0544 in Epoch [136]
2022-07-09 22:31:24,099 INFO: Epoch: 138 | PSNR: 30.0556 | Loss: 5.5485 | lr: 5.00e-04 | Best_PSNR: 30.0556 in Epoch [138]
2022-07-09 22:32:04,231 INFO: Epoch: 139 | PSNR: 30.0552 | Loss: 5.5526 | lr: 5.00e-04 | Best_PSNR: 30.0556 in Epoch [138]
2022-07-09 22:32:44,487 INFO: Epoch: 140 | PSNR: 30.0559 | Loss: 5.5580 | lr: 5.00e-04 | Best_PSNR: 30.0559 in Epoch [140]
2022-07-09 22:33:11,206 INFO: Epoch: 141 | PSNR: 30.0562 | Loss: 5.5525 | lr: 5.00e-04 | Best_PSNR: 30.0562 in Epoch [141]
2022-07-09 22:33:37,382 INFO: Epoch: 142 | PSNR: 30.0552 | Loss: 5.5034 | lr: 5.00e-04 | Best_PSNR: 30.0562 in Epoch [141]
2022-07-09 22:34:02,550 INFO: Epoch: 143 | PSNR: 30.0551 | Loss: 5.5668 | lr: 5.00e-04 | Best_PSNR: 30.0562 in Epoch [141]
2022-07-09 22:34:43,244 INFO: Epoch: 144 | PSNR: 30.0557 | Loss: 5.5361 | lr: 5.00e-04 | Best_PSNR: 30.0562 in Epoch [141]
2022-07-09 22:35:09,322 INFO: Epoch: 145 | PSNR: 30.0575 | Loss: 5.5270 | lr: 5.00e-04 | Best_PSNR: 30.0575 in Epoch [145]
2022-07-09 22:35:33,534 INFO: Epoch: 146 | PSNR: 30.0573 | Loss: 5.5240 | lr: 5.00e-04 | Best_PSNR: 30.0575 in Epoch [145]
2022-07-09 22:35:59,406 INFO: Epoch: 147 | PSNR: 30.0568 | Loss: 5.5527 | lr: 5.00e-04 | Best_PSNR: 30.0575 in Epoch [145]
2022-07-09 22:36:25,944 INFO: Epoch: 148 | PSNR: 30.0577 | Loss: 5.5406 | lr: 5.00e-04 | Best_PSNR: 30.0577 in Epoch [148]
2022-07-09 22:36:53,717 INFO: Epoch: 149 | PSNR: 30.0580 | Loss: 5.5120 | lr: 5.00e-04 | Best_PSNR: 30.0580 in Epoch [149]
2022-07-09 22:37:20,644 INFO: Epoch: 150 | PSNR: 30.0581 | Loss: 5.5613 | lr: 5.00e-04 | Best_PSNR: 30.0581 in Epoch [150]
2022-07-09 22:37:51,116 INFO: Epoch: 151 | PSNR: 30.0586 | Loss: 5.5718 | lr: 5.00e-04 | Best_PSNR: 30.0586 in Epoch [151]
2022-07-09 22:38:22,561 INFO: Epoch: 152 | PSNR: 30.0590 | Loss: 5.5608 | lr: 5.00e-04 | Best_PSNR: 30.0590 in Epoch [152]
2022-07-09 22:38:55,694 INFO: Epoch: 153 | PSNR: 30.0576 | Loss: 5.5175 | lr: 5.00e-04 | Best_PSNR: 30.0590 in Epoch [152]
2022-07-09 22:39:27,823 INFO: Epoch: 154 | PSNR: 30.0593 | Loss: 5.5892 | lr: 5.00e-04 | Best_PSNR: 30.0593 in Epoch [154]
2022-07-09 22:39:56,495 INFO: Epoch: 155 | PSNR: 30.0596 | Loss: 5.5446 | lr: 5.00e-04 | Best_PSNR: 30.0596 in Epoch [155]
2022-07-09 22:40:25,350 INFO: Epoch: 156 | PSNR: 30.0603 | Loss: 5.5422 | lr: 5.00e-04 | Best_PSNR: 30.0603 in Epoch [156]
2022-07-09 22:40:56,594 INFO: Epoch: 157 | PSNR: 30.0606 | Loss: 5.5738 | lr: 5.00e-04 | Best_PSNR: 30.0606 in Epoch [157]
2022-07-09 22:41:25,433 INFO: Epoch: 158 | PSNR: 30.0605 | Loss: 5.5362 | lr: 5.00e-04 | Best_PSNR: 30.0606 in Epoch [157]
2022-07-09 22:41:58,416 INFO: Epoch: 159 | PSNR: 30.0612 | Loss: 5.5615 | lr: 5.00e-04 | Best_PSNR: 30.0612 in Epoch [159]
2022-07-09 22:42:32,848 INFO: Epoch: 160 | PSNR: 30.0610 | Loss: 5.4912 | lr: 5.00e-04 | Best_PSNR: 30.0612 in Epoch [159]
2022-07-09 22:43:08,041 INFO: Epoch: 161 | PSNR: 30.0611 | Loss: 5.5624 | lr: 5.00e-04 | Best_PSNR: 30.0612 in Epoch [159]
2022-07-09 22:43:39,236 INFO: Epoch: 162 | PSNR: 30.0612 | Loss: 5.5148 | lr: 5.00e-04 | Best_PSNR: 30.0612 in Epoch [162]
2022-07-09 22:44:08,214 INFO: Epoch: 163 | PSNR: 30.0619 | Loss: 5.5045 | lr: 5.00e-04 | Best_PSNR: 30.0619 in Epoch [163]
2022-07-09 22:44:37,286 INFO: Epoch: 164 | PSNR: 30.0618 | Loss: 5.5322 | lr: 5.00e-04 | Best_PSNR: 30.0619 in Epoch [163]
2022-07-09 22:45:07,847 INFO: Epoch: 165 | PSNR: 30.0621 | Loss: 5.5436 | lr: 5.00e-04 | Best_PSNR: 30.0621 in Epoch [165]
2022-07-09 22:45:36,942 INFO: Epoch: 166 | PSNR: 30.0622 | Loss: 5.5688 | lr: 5.00e-04 | Best_PSNR: 30.0622 in Epoch [166]
2022-07-09 22:46:08,723 INFO: Epoch: 167 | PSNR: 30.0622 | Loss: 5.5667 | lr: 5.00e-04 | Best_PSNR: 30.0622 in Epoch [166]
2022-07-09 22:46:40,369 INFO: Epoch: 168 | PSNR: 30.0619 | Loss: 5.5771 | lr: 5.00e-04 | Best_PSNR: 30.0622 in Epoch [166]
2022-07-09 22:47:13,419 INFO: Epoch: 169 | PSNR: 30.0627 | Loss: 5.5482 | lr: 5.00e-04 | Best_PSNR: 30.0627 in Epoch [169]
2022-07-09 22:47:46,010 INFO: Epoch: 170 | PSNR: 30.0621 | Loss: 5.5691 | lr: 5.00e-04 | Best_PSNR: 30.0627 in Epoch [169]
2022-07-09 22:48:16,334 INFO: Epoch: 171 | PSNR: 30.0625 | Loss: 5.5338 | lr: 5.00e-04 | Best_PSNR: 30.0627 in Epoch [169]
2022-07-09 22:48:45,807 INFO: Epoch: 172 | PSNR: 30.0633 | Loss: 5.5404 | lr: 5.00e-04 | Best_PSNR: 30.0633 in Epoch [172]
2022-07-09 22:49:16,202 INFO: Epoch: 173 | PSNR: 30.0636 | Loss: 5.5728 | lr: 5.00e-04 | Best_PSNR: 30.0636 in Epoch [173]
2022-07-09 22:49:54,485 INFO: Epoch: 174 | PSNR: 30.0635 | Loss: 5.5828 | lr: 5.00e-04 | Best_PSNR: 30.0636 in Epoch [173]
2022-07-09 22:50:24,052 INFO: Epoch: 175 | PSNR: 30.0634 | Loss: 5.5506 | lr: 5.00e-04 | Best_PSNR: 30.0636 in Epoch [173]
2022-07-09 22:50:55,532 INFO: Epoch: 176 | PSNR: 30.0635 | Loss: 5.4986 | lr: 5.00e-04 | Best_PSNR: 30.0636 in Epoch [173]
2022-07-09 22:51:25,334 INFO: Epoch: 177 | PSNR: 30.0636 | Loss: 5.5387 | lr: 5.00e-04 | Best_PSNR: 30.0636 in Epoch [173]
2022-07-09 22:52:06,542 INFO: Epoch: 178 | PSNR: 30.0640 | Loss: 5.6131 | lr: 5.00e-04 | Best_PSNR: 30.0640 in Epoch [178]
2022-07-09 22:52:32,972 INFO: Epoch: 179 | PSNR: 30.0644 | Loss: 5.5221 | lr: 5.00e-04 | Best_PSNR: 30.0644 in Epoch [179]
2022-07-09 22:53:01,020 INFO: Epoch: 180 | PSNR: 30.0650 | Loss: 5.5263 | lr: 5.00e-04 | Best_PSNR: 30.0650 in Epoch [180]
2022-07-09 22:53:29,325 INFO: Epoch: 181 | PSNR: 30.0650 | Loss: 5.5729 | lr: 5.00e-04 | Best_PSNR: 30.0650 in Epoch [181]
2022-07-09 22:53:56,625 INFO: Epoch: 182 | PSNR: 30.0647 | Loss: 5.5221 | lr: 5.00e-04 | Best_PSNR: 30.0650 in Epoch [181]
2022-07-09 22:54:24,283 INFO: Epoch: 183 | PSNR: 30.0655 | Loss: 5.5891 | lr: 5.00e-04 | Best_PSNR: 30.0655 in Epoch [183]
2022-07-09 22:54:51,420 INFO: Epoch: 184 | PSNR: 30.0653 | Loss: 5.6259 | lr: 5.00e-04 | Best_PSNR: 30.0655 in Epoch [183]
2022-07-09 22:55:19,110 INFO: Epoch: 185 | PSNR: 30.0657 | Loss: 5.5651 | lr: 5.00e-04 | Best_PSNR: 30.0657 in Epoch [185]
2022-07-09 22:55:45,776 INFO: Epoch: 186 | PSNR: 30.0654 | Loss: 5.5914 | lr: 5.00e-04 | Best_PSNR: 30.0657 in Epoch [185]
2022-07-09 22:56:13,364 INFO: Epoch: 187 | PSNR: 30.0662 | Loss: 5.5189 | lr: 5.00e-04 | Best_PSNR: 30.0662 in Epoch [187]
2022-07-09 22:56:40,106 INFO: Epoch: 188 | PSNR: 30.0664 | Loss: 5.5764 | lr: 5.00e-04 | Best_PSNR: 30.0664 in Epoch [188]
2022-07-09 22:57:06,701 INFO: Epoch: 189 | PSNR: 30.0660 | Loss: 5.5315 | lr: 5.00e-04 | Best_PSNR: 30.0664 in Epoch [188]
2022-07-09 22:57:32,340 INFO: Epoch: 190 | PSNR: 30.0659 | Loss: 5.5427 | lr: 5.00e-04 | Best_PSNR: 30.0664 in Epoch [188]
2022-07-09 22:57:59,021 INFO: Epoch: 191 | PSNR: 30.0668 | Loss: 5.5902 | lr: 5.00e-04 | Best_PSNR: 30.0668 in Epoch [191]
2022-07-09 22:58:25,734 INFO: Epoch: 192 | PSNR: 30.0670 | Loss: 5.5948 | lr: 5.00e-04 | Best_PSNR: 30.0670 in Epoch [192]
2022-07-09 22:58:51,372 INFO: Epoch: 193 | PSNR: 30.0658 | Loss: 5.5864 | lr: 5.00e-04 | Best_PSNR: 30.0670 in Epoch [192]
2022-07-09 22:59:20,022 INFO: Epoch: 194 | PSNR: 30.0654 | Loss: 5.5097 | lr: 5.00e-04 | Best_PSNR: 30.0670 in Epoch [192]
2022-07-09 22:59:46,018 INFO: Epoch: 195 | PSNR: 30.0657 | Loss: 5.5374 | lr: 5.00e-04 | Best_PSNR: 30.0670 in Epoch [192]
2022-07-09 23:00:11,787 INFO: Epoch: 196 | PSNR: 30.0653 | Loss: 5.6211 | lr: 5.00e-04 | Best_PSNR: 30.0670 in Epoch [192]
2022-07-09 23:00:37,964 INFO: Epoch: 197 | PSNR: 30.0657 | Loss: 5.5305 | lr: 5.00e-04 | Best_PSNR: 30.0670 in Epoch [192]
2022-07-09 23:01:04,581 INFO: Epoch: 198 | PSNR: 30.0667 | Loss: 5.5459 | lr: 5.00e-04 | Best_PSNR: 30.0670 in Epoch [192]
2022-07-09 23:01:29,193 INFO: Epoch: 199 | PSNR: 30.0669 | Loss: 5.5723 | lr: 5.00e-04 | Best_PSNR: 30.0670 in Epoch [192]
2022-07-09 23:01:54,567 INFO: Epoch: 200 | PSNR: 30.0673 | Loss: 5.5392 | lr: 5.00e-04 | Best_PSNR: 30.0673 in Epoch [200]
2022-07-09 23:02:20,615 INFO: Epoch: 201 | PSNR: 30.0668 | Loss: 5.5548 | lr: 5.00e-04 | Best_PSNR: 30.0673 in Epoch [200]
2022-07-09 23:02:45,029 INFO: Epoch: 202 | PSNR: 30.0675 | Loss: 5.5378 | lr: 5.00e-04 | Best_PSNR: 30.0675 in Epoch [202]
2022-07-09 23:03:12,019 INFO: Epoch: 203 | PSNR: 30.0675 | Loss: 5.5867 | lr: 5.00e-04 | Best_PSNR: 30.0675 in Epoch [202]
2022-07-09 23:03:36,459 INFO: Epoch: 204 | PSNR: 30.0676 | Loss: 5.5328 | lr: 5.00e-04 | Best_PSNR: 30.0676 in Epoch [204]
2022-07-09 23:04:00,599 INFO: Epoch: 205 | PSNR: 30.0689 | Loss: 5.6060 | lr: 5.00e-04 | Best_PSNR: 30.0689 in Epoch [205]
2022-07-09 23:04:24,681 INFO: Epoch: 206 | PSNR: 30.0681 | Loss: 5.6072 | lr: 5.00e-04 | Best_PSNR: 30.0689 in Epoch [205]
2022-07-09 23:04:48,090 INFO: Epoch: 207 | PSNR: 30.0684 | Loss: 5.5365 | lr: 5.00e-04 | Best_PSNR: 30.0689 in Epoch [205]
2022-07-09 23:05:11,486 INFO: Epoch: 208 | PSNR: 30.0682 | Loss: 5.6230 | lr: 5.00e-04 | Best_PSNR: 30.0689 in Epoch [205]
2022-07-09 23:05:35,471 INFO: Epoch: 209 | PSNR: 30.0685 | Loss: 5.5302 | lr: 5.00e-04 | Best_PSNR: 30.0689 in Epoch [205]
2022-07-09 23:05:58,898 INFO: Epoch: 210 | PSNR: 30.0686 | Loss: 5.5812 | lr: 5.00e-04 | Best_PSNR: 30.0689 in Epoch [205]
2022-07-09 23:06:23,126 INFO: Epoch: 211 | PSNR: 30.0691 | Loss: 5.5653 | lr: 5.00e-04 | Best_PSNR: 30.0691 in Epoch [211]
2022-07-09 23:06:47,024 INFO: Epoch: 212 | PSNR: 30.0693 | Loss: 5.5481 | lr: 5.00e-04 | Best_PSNR: 30.0693 in Epoch [212]
2022-07-09 23:07:10,411 INFO: Epoch: 213 | PSNR: 30.0691 | Loss: 5.5509 | lr: 5.00e-04 | Best_PSNR: 30.0693 in Epoch [212]
2022-07-09 23:07:33,926 INFO: Epoch: 214 | PSNR: 30.0689 | Loss: 5.5667 | lr: 5.00e-04 | Best_PSNR: 30.0693 in Epoch [212]
2022-07-09 23:07:57,835 INFO: Epoch: 215 | PSNR: 30.0686 | Loss: 5.5328 | lr: 5.00e-04 | Best_PSNR: 30.0693 in Epoch [212]
2022-07-09 23:08:21,577 INFO: Epoch: 216 | PSNR: 30.0686 | Loss: 5.5824 | lr: 5.00e-04 | Best_PSNR: 30.0693 in Epoch [212]
2022-07-09 23:09:02,829 INFO: Epoch: 217 | PSNR: 30.0692 | Loss: 5.5434 | lr: 5.00e-04 | Best_PSNR: 30.0693 in Epoch [212]
2022-07-09 23:09:27,770 INFO: Epoch: 218 | PSNR: 30.0697 | Loss: 5.5263 | lr: 5.00e-04 | Best_PSNR: 30.0697 in Epoch [218]
2022-07-09 23:09:52,193 INFO: Epoch: 219 | PSNR: 30.0698 | Loss: 5.5085 | lr: 5.00e-04 | Best_PSNR: 30.0698 in Epoch [219]
2022-07-09 23:10:16,199 INFO: Epoch: 220 | PSNR: 30.0698 | Loss: 5.5724 | lr: 5.00e-04 | Best_PSNR: 30.0698 in Epoch [219]
2022-07-09 23:10:39,465 INFO: Epoch: 221 | PSNR: 30.0698 | Loss: 5.5768 | lr: 5.00e-04 | Best_PSNR: 30.0698 in Epoch [219]
2022-07-09 23:11:03,393 INFO: Epoch: 222 | PSNR: 30.0701 | Loss: 5.5516 | lr: 5.00e-04 | Best_PSNR: 30.0701 in Epoch [222]
2022-07-09 23:11:28,160 INFO: Epoch: 223 | PSNR: 30.0710 | Loss: 5.5209 | lr: 5.00e-04 | Best_PSNR: 30.0710 in Epoch [223]
2022-07-09 23:11:50,904 INFO: Epoch: 224 | PSNR: 30.0702 | Loss: 5.5154 | lr: 5.00e-04 | Best_PSNR: 30.0710 in Epoch [223]
2022-07-09 23:12:17,077 INFO: Epoch: 225 | PSNR: 30.0697 | Loss: 5.5901 | lr: 5.00e-04 | Best_PSNR: 30.0710 in Epoch [223]
2022-07-09 23:12:43,693 INFO: Epoch: 226 | PSNR: 30.0697 | Loss: 5.5649 | lr: 5.00e-04 | Best_PSNR: 30.0710 in Epoch [223]
2022-07-09 23:13:11,237 INFO: Epoch: 227 | PSNR: 30.0704 | Loss: 5.5905 | lr: 5.00e-04 | Best_PSNR: 30.0710 in Epoch [223]
2022-07-09 23:13:37,918 INFO: Epoch: 228 | PSNR: 30.0702 | Loss: 5.5424 | lr: 5.00e-04 | Best_PSNR: 30.0710 in Epoch [223]
2022-07-09 23:14:05,528 INFO: Epoch: 229 | PSNR: 30.0714 | Loss: 5.5386 | lr: 5.00e-04 | Best_PSNR: 30.0714 in Epoch [229]
2022-07-09 23:14:31,843 INFO: Epoch: 230 | PSNR: 30.0714 | Loss: 5.5841 | lr: 5.00e-04 | Best_PSNR: 30.0714 in Epoch [229]
2022-07-09 23:14:56,658 INFO: Epoch: 231 | PSNR: 30.0712 | Loss: 5.5425 | lr: 5.00e-04 | Best_PSNR: 30.0714 in Epoch [229]
2022-07-09 23:15:20,756 INFO: Epoch: 232 | PSNR: 30.0707 | Loss: 5.5446 | lr: 5.00e-04 | Best_PSNR: 30.0714 in Epoch [229]
2022-07-09 23:16:01,584 INFO: Epoch: 233 | PSNR: 30.0709 | Loss: 5.5428 | lr: 5.00e-04 | Best_PSNR: 30.0714 in Epoch [229]
2022-07-09 23:16:25,793 INFO: Epoch: 234 | PSNR: 30.0706 | Loss: 5.5475 | lr: 5.00e-04 | Best_PSNR: 30.0714 in Epoch [229]
2022-07-09 23:17:06,471 INFO: Epoch: 235 | PSNR: 30.0714 | Loss: 5.5728 | lr: 5.00e-04 | Best_PSNR: 30.0714 in Epoch [229]
2022-07-09 23:17:31,537 INFO: Epoch: 236 | PSNR: 30.0719 | Loss: 5.5423 | lr: 5.00e-04 | Best_PSNR: 30.0719 in Epoch [236]
2022-07-09 23:17:55,254 INFO: Epoch: 237 | PSNR: 30.0718 | Loss: 5.5249 | lr: 5.00e-04 | Best_PSNR: 30.0719 in Epoch [236]
2022-07-09 23:18:17,037 INFO: Epoch: 238 | PSNR: 30.0718 | Loss: 5.5410 | lr: 5.00e-04 | Best_PSNR: 30.0719 in Epoch [236]
2022-07-09 23:18:41,078 INFO: Epoch: 239 | PSNR: 30.0726 | Loss: 5.5193 | lr: 5.00e-04 | Best_PSNR: 30.0726 in Epoch [239]
2022-07-09 23:19:05,235 INFO: Epoch: 240 | PSNR: 30.0724 | Loss: 5.5553 | lr: 5.00e-04 | Best_PSNR: 30.0726 in Epoch [239]
2022-07-09 23:19:29,715 INFO: Epoch: 241 | PSNR: 30.0724 | Loss: 5.5635 | lr: 2.50e-04 | Best_PSNR: 30.0726 in Epoch [239]
2022-07-09 23:19:52,857 INFO: Epoch: 242 | PSNR: 30.0720 | Loss: 5.5836 | lr: 2.50e-04 | Best_PSNR: 30.0726 in Epoch [239]
2022-07-09 23:20:17,539 INFO: Epoch: 243 | PSNR: 30.0732 | Loss: 5.5301 | lr: 2.50e-04 | Best_PSNR: 30.0732 in Epoch [243]
2022-07-09 23:20:41,738 INFO: Epoch: 244 | PSNR: 30.0735 | Loss: 5.4912 | lr: 2.50e-04 | Best_PSNR: 30.0735 in Epoch [244]
2022-07-09 23:21:06,487 INFO: Epoch: 245 | PSNR: 30.0739 | Loss: 5.5535 | lr: 2.50e-04 | Best_PSNR: 30.0739 in Epoch [245]
2022-07-09 23:21:31,098 INFO: Epoch: 246 | PSNR: 30.0739 | Loss: 5.5340 | lr: 2.50e-04 | Best_PSNR: 30.0739 in Epoch [246]
2022-07-09 23:21:54,759 INFO: Epoch: 247 | PSNR: 30.0740 | Loss: 5.5360 | lr: 2.50e-04 | Best_PSNR: 30.0740 in Epoch [247]
2022-07-09 23:22:18,885 INFO: Epoch: 248 | PSNR: 30.0738 | Loss: 5.5714 | lr: 2.50e-04 | Best_PSNR: 30.0740 in Epoch [247]
2022-07-09 23:22:43,673 INFO: Epoch: 249 | PSNR: 30.0744 | Loss: 5.5476 | lr: 2.50e-04 | Best_PSNR: 30.0744 in Epoch [249]
2022-07-09 23:23:08,158 INFO: Epoch: 250 | PSNR: 30.0753 | Loss: 5.5163 | lr: 2.50e-04 | Best_PSNR: 30.0753 in Epoch [250]
2022-07-09 23:23:32,727 INFO: Epoch: 251 | PSNR: 30.0752 | Loss: 5.5625 | lr: 2.50e-04 | Best_PSNR: 30.0753 in Epoch [250]
2022-07-09 23:24:13,304 INFO: Epoch: 252 | PSNR: 30.0752 | Loss: 5.5598 | lr: 2.50e-04 | Best_PSNR: 30.0753 in Epoch [250]
2022-07-09 23:24:36,813 INFO: Epoch: 253 | PSNR: 30.0754 | Loss: 5.5094 | lr: 2.50e-04 | Best_PSNR: 30.0754 in Epoch [253]
2022-07-09 23:25:01,426 INFO: Epoch: 254 | PSNR: 30.0756 | Loss: 5.5409 | lr: 2.50e-04 | Best_PSNR: 30.0756 in Epoch [254]
2022-07-09 23:25:26,380 INFO: Epoch: 255 | PSNR: 30.0758 | Loss: 5.5190 | lr: 2.50e-04 | Best_PSNR: 30.0758 in Epoch [255]
2022-07-09 23:25:50,665 INFO: Epoch: 256 | PSNR: 30.0758 | Loss: 5.5326 | lr: 2.50e-04 | Best_PSNR: 30.0758 in Epoch [256]
2022-07-09 23:26:31,690 INFO: Epoch: 257 | PSNR: 30.0754 | Loss: 5.5304 | lr: 2.50e-04 | Best_PSNR: 30.0758 in Epoch [256]
2022-07-09 23:26:56,102 INFO: Epoch: 258 | PSNR: 30.0753 | Loss: 5.5471 | lr: 2.50e-04 | Best_PSNR: 30.0758 in Epoch [256]
2022-07-09 23:27:20,073 INFO: Epoch: 259 | PSNR: 30.0758 | Loss: 5.5390 | lr: 2.50e-04 | Best_PSNR: 30.0758 in Epoch [256]
2022-07-09 23:27:43,873 INFO: Epoch: 260 | PSNR: 30.0755 | Loss: 5.4972 | lr: 2.50e-04 | Best_PSNR: 30.0758 in Epoch [256]
2022-07-09 23:28:25,480 INFO: Epoch: 261 | PSNR: 30.0755 | Loss: 5.5385 | lr: 2.50e-04 | Best_PSNR: 30.0758 in Epoch [256]
2022-07-09 23:28:50,639 INFO: Epoch: 262 | PSNR: 30.0762 | Loss: 5.4996 | lr: 2.50e-04 | Best_PSNR: 30.0762 in Epoch [262]
2022-07-09 23:29:15,713 INFO: Epoch: 263 | PSNR: 30.0759 | Loss: 5.5393 | lr: 2.50e-04 | Best_PSNR: 30.0762 in Epoch [262]
2022-07-09 23:29:42,630 INFO: Epoch: 264 | PSNR: 30.0762 | Loss: 5.5733 | lr: 2.50e-04 | Best_PSNR: 30.0762 in Epoch [264]
2022-07-09 23:30:09,445 INFO: Epoch: 265 | PSNR: 30.0768 | Loss: 5.5303 | lr: 2.50e-04 | Best_PSNR: 30.0768 in Epoch [265]
2022-07-09 23:30:33,704 INFO: Epoch: 266 | PSNR: 30.0766 | Loss: 5.5301 | lr: 2.50e-04 | Best_PSNR: 30.0768 in Epoch [265]
2022-07-09 23:31:00,348 INFO: Epoch: 267 | PSNR: 30.0768 | Loss: 5.5057 | lr: 2.50e-04 | Best_PSNR: 30.0768 in Epoch [267]
2022-07-09 23:31:25,747 INFO: Epoch: 268 | PSNR: 30.0767 | Loss: 5.5461 | lr: 2.50e-04 | Best_PSNR: 30.0768 in Epoch [267]
2022-07-09 23:31:51,255 INFO: Epoch: 269 | PSNR: 30.0762 | Loss: 5.5473 | lr: 2.50e-04 | Best_PSNR: 30.0768 in Epoch [267]
2022-07-09 23:32:16,460 INFO: Epoch: 270 | PSNR: 30.0768 | Loss: 5.5552 | lr: 2.50e-04 | Best_PSNR: 30.0768 in Epoch [267]
2022-07-09 23:32:42,477 INFO: Epoch: 271 | PSNR: 30.0769 | Loss: 5.5014 | lr: 2.50e-04 | Best_PSNR: 30.0769 in Epoch [271]
2022-07-09 23:33:21,943 INFO: Epoch: 272 | PSNR: 30.0764 | Loss: 5.5451 | lr: 2.50e-04 | Best_PSNR: 30.0769 in Epoch [271]
2022-07-09 23:33:46,736 INFO: Epoch: 273 | PSNR: 30.0764 | Loss: 5.5691 | lr: 2.50e-04 | Best_PSNR: 30.0769 in Epoch [271]
2022-07-09 23:34:12,122 INFO: Epoch: 274 | PSNR: 30.0771 | Loss: 5.5519 | lr: 2.50e-04 | Best_PSNR: 30.0771 in Epoch [274]
2022-07-09 23:34:37,420 INFO: Epoch: 275 | PSNR: 30.0772 | Loss: 5.5528 | lr: 2.50e-04 | Best_PSNR: 30.0772 in Epoch [275]
2022-07-09 23:35:02,331 INFO: Epoch: 276 | PSNR: 30.0773 | Loss: 5.5504 | lr: 2.50e-04 | Best_PSNR: 30.0773 in Epoch [276]
2022-07-09 23:35:27,939 INFO: Epoch: 277 | PSNR: 30.0775 | Loss: 5.5294 | lr: 2.50e-04 | Best_PSNR: 30.0775 in Epoch [277]
2022-07-09 23:35:53,293 INFO: Epoch: 278 | PSNR: 30.0768 | Loss: 5.5066 | lr: 2.50e-04 | Best_PSNR: 30.0775 in Epoch [277]
2022-07-09 23:36:18,382 INFO: Epoch: 279 | PSNR: 30.0767 | Loss: 5.5705 | lr: 2.50e-04 | Best_PSNR: 30.0775 in Epoch [277]
2022-07-09 23:36:43,911 INFO: Epoch: 280 | PSNR: 30.0776 | Loss: 5.5007 | lr: 2.50e-04 | Best_PSNR: 30.0776 in Epoch [280]
2022-07-09 23:37:09,919 INFO: Epoch: 281 | PSNR: 30.0776 | Loss: 5.5329 | lr: 2.50e-04 | Best_PSNR: 30.0776 in Epoch [280]
2022-07-09 23:37:39,027 INFO: Epoch: 282 | PSNR: 30.0780 | Loss: 5.4897 | lr: 2.50e-04 | Best_PSNR: 30.0780 in Epoch [282]
2022-07-09 23:38:08,985 INFO: Epoch: 283 | PSNR: 30.0784 | Loss: 5.5284 | lr: 2.50e-04 | Best_PSNR: 30.0784 in Epoch [283]
2022-07-09 23:38:36,821 INFO: Epoch: 284 | PSNR: 30.0776 | Loss: 5.5332 | lr: 2.50e-04 | Best_PSNR: 30.0784 in Epoch [283]
2022-07-09 23:39:17,241 INFO: Epoch: 285 | PSNR: 30.0780 | Loss: 5.5541 | lr: 2.50e-04 | Best_PSNR: 30.0784 in Epoch [283]
2022-07-09 23:39:56,253 INFO: Epoch: 286 | PSNR: 30.0779 | Loss: 5.5517 | lr: 2.50e-04 | Best_PSNR: 30.0784 in Epoch [283]
2022-07-09 23:40:22,086 INFO: Epoch: 287 | PSNR: 30.0777 | Loss: 5.5625 | lr: 2.50e-04 | Best_PSNR: 30.0784 in Epoch [283]
2022-07-09 23:40:48,090 INFO: Epoch: 288 | PSNR: 30.0781 | Loss: 5.5289 | lr: 2.50e-04 | Best_PSNR: 30.0784 in Epoch [283]
2022-07-09 23:41:13,861 INFO: Epoch: 289 | PSNR: 30.0775 | Loss: 5.5400 | lr: 2.50e-04 | Best_PSNR: 30.0784 in Epoch [283]
2022-07-09 23:41:40,725 INFO: Epoch: 290 | PSNR: 30.0778 | Loss: 5.4899 | lr: 2.50e-04 | Best_PSNR: 30.0784 in Epoch [283]
2022-07-09 23:42:21,431 INFO: Epoch: 291 | PSNR: 30.0778 | Loss: 5.6018 | lr: 2.50e-04 | Best_PSNR: 30.0784 in Epoch [283]
2022-07-09 23:42:49,122 INFO: Epoch: 292 | PSNR: 30.0775 | Loss: 5.4988 | lr: 2.50e-04 | Best_PSNR: 30.0784 in Epoch [283]
2022-07-09 23:43:18,197 INFO: Epoch: 293 | PSNR: 30.0780 | Loss: 5.5241 | lr: 2.50e-04 | Best_PSNR: 30.0784 in Epoch [283]
2022-07-09 23:43:46,499 INFO: Epoch: 294 | PSNR: 30.0780 | Loss: 5.5252 | lr: 2.50e-04 | Best_PSNR: 30.0784 in Epoch [283]
2022-07-09 23:44:15,747 INFO: Epoch: 295 | PSNR: 30.0788 | Loss: 5.5738 | lr: 2.50e-04 | Best_PSNR: 30.0788 in Epoch [295]
2022-07-09 23:44:54,370 INFO: Epoch: 296 | PSNR: 30.0787 | Loss: 5.5048 | lr: 2.50e-04 | Best_PSNR: 30.0788 in Epoch [295]
2022-07-09 23:45:20,044 INFO: Epoch: 297 | PSNR: 30.0783 | Loss: 5.5339 | lr: 2.50e-04 | Best_PSNR: 30.0788 in Epoch [295]
2022-07-09 23:45:46,106 INFO: Epoch: 298 | PSNR: 30.0782 | Loss: 5.5383 | lr: 2.50e-04 | Best_PSNR: 30.0788 in Epoch [295]
2022-07-09 23:46:16,137 INFO: Epoch: 299 | PSNR: 30.0792 | Loss: 5.5750 | lr: 2.50e-04 | Best_PSNR: 30.0792 in Epoch [299]
2022-07-09 23:46:44,046 INFO: Epoch: 300 | PSNR: 30.0794 | Loss: 5.5117 | lr: 2.50e-04 | Best_PSNR: 30.0794 in Epoch [300]
2022-07-09 23:47:11,790 INFO: Epoch: 301 | PSNR: 30.0797 | Loss: 5.5360 | lr: 2.50e-04 | Best_PSNR: 30.0797 in Epoch [301]
2022-07-09 23:47:39,676 INFO: Epoch: 302 | PSNR: 30.0791 | Loss: 5.5192 | lr: 2.50e-04 | Best_PSNR: 30.0797 in Epoch [301]
2022-07-09 23:48:10,204 INFO: Epoch: 303 | PSNR: 30.0793 | Loss: 5.5748 | lr: 2.50e-04 | Best_PSNR: 30.0797 in Epoch [301]
2022-07-09 23:48:40,942 INFO: Epoch: 304 | PSNR: 30.0794 | Loss: 5.5658 | lr: 2.50e-04 | Best_PSNR: 30.0797 in Epoch [301]
2022-07-09 23:49:10,450 INFO: Epoch: 305 | PSNR: 30.0794 | Loss: 5.5266 | lr: 2.50e-04 | Best_PSNR: 30.0797 in Epoch [301]
2022-07-09 23:49:38,435 INFO: Epoch: 306 | PSNR: 30.0787 | Loss: 5.5807 | lr: 2.50e-04 | Best_PSNR: 30.0797 in Epoch [301]
2022-07-09 23:50:05,344 INFO: Epoch: 307 | PSNR: 30.0796 | Loss: 5.5455 | lr: 2.50e-04 | Best_PSNR: 30.0797 in Epoch [301]
2022-07-09 23:50:34,366 INFO: Epoch: 308 | PSNR: 30.0804 | Loss: 5.5347 | lr: 2.50e-04 | Best_PSNR: 30.0804 in Epoch [308]
2022-07-09 23:51:02,825 INFO: Epoch: 309 | PSNR: 30.0801 | Loss: 5.5900 | lr: 2.50e-04 | Best_PSNR: 30.0804 in Epoch [308]
2022-07-09 23:51:28,673 INFO: Epoch: 310 | PSNR: 30.0804 | Loss: 5.5696 | lr: 2.50e-04 | Best_PSNR: 30.0804 in Epoch [308]
2022-07-09 23:51:54,276 INFO: Epoch: 311 | PSNR: 30.0804 | Loss: 5.5261 | lr: 2.50e-04 | Best_PSNR: 30.0804 in Epoch [308]
2022-07-09 23:52:19,623 INFO: Epoch: 312 | PSNR: 30.0801 | Loss: 5.5376 | lr: 2.50e-04 | Best_PSNR: 30.0804 in Epoch [308]
2022-07-09 23:52:44,906 INFO: Epoch: 313 | PSNR: 30.0801 | Loss: 5.5174 | lr: 2.50e-04 | Best_PSNR: 30.0804 in Epoch [308]
2022-07-09 23:53:09,927 INFO: Epoch: 314 | PSNR: 30.0804 | Loss: 5.5453 | lr: 2.50e-04 | Best_PSNR: 30.0804 in Epoch [308]
2022-07-09 23:53:51,832 INFO: Epoch: 315 | PSNR: 30.0802 | Loss: 5.5321 | lr: 2.50e-04 | Best_PSNR: 30.0804 in Epoch [308]
2022-07-09 23:54:17,549 INFO: Epoch: 316 | PSNR: 30.0801 | Loss: 5.4857 | lr: 2.50e-04 | Best_PSNR: 30.0804 in Epoch [308]
2022-07-09 23:54:42,187 INFO: Epoch: 317 | PSNR: 30.0804 | Loss: 5.4922 | lr: 2.50e-04 | Best_PSNR: 30.0804 in Epoch [308]
2022-07-09 23:55:07,369 INFO: Epoch: 318 | PSNR: 30.0802 | Loss: 5.5069 | lr: 2.50e-04 | Best_PSNR: 30.0804 in Epoch [308]
2022-07-09 23:55:33,625 INFO: Epoch: 319 | PSNR: 30.0806 | Loss: 5.5201 | lr: 2.50e-04 | Best_PSNR: 30.0806 in Epoch [319]
2022-07-09 23:55:58,412 INFO: Epoch: 320 | PSNR: 30.0801 | Loss: 5.5769 | lr: 2.50e-04 | Best_PSNR: 30.0806 in Epoch [319]
2022-07-09 23:56:24,149 INFO: Epoch: 321 | PSNR: 30.0806 | Loss: 5.5378 | lr: 2.50e-04 | Best_PSNR: 30.0806 in Epoch [321]
2022-07-09 23:56:49,536 INFO: Epoch: 322 | PSNR: 30.0809 | Loss: 5.5362 | lr: 2.50e-04 | Best_PSNR: 30.0809 in Epoch [322]
2022-07-09 23:57:15,859 INFO: Epoch: 323 | PSNR: 30.0807 | Loss: 5.5421 | lr: 2.50e-04 | Best_PSNR: 30.0809 in Epoch [322]
2022-07-09 23:57:42,327 INFO: Epoch: 324 | PSNR: 30.0811 | Loss: 5.4954 | lr: 2.50e-04 | Best_PSNR: 30.0811 in Epoch [324]
2022-07-09 23:58:08,722 INFO: Epoch: 325 | PSNR: 30.0814 | Loss: 5.5329 | lr: 2.50e-04 | Best_PSNR: 30.0814 in Epoch [325]
2022-07-09 23:58:34,545 INFO: Epoch: 326 | PSNR: 30.0814 | Loss: 5.5327 | lr: 2.50e-04 | Best_PSNR: 30.0814 in Epoch [326]
2022-07-09 23:59:00,398 INFO: Epoch: 327 | PSNR: 30.0814 | Loss: 5.5094 | lr: 2.50e-04 | Best_PSNR: 30.0814 in Epoch [327]
2022-07-09 23:59:40,046 INFO: Epoch: 328 | PSNR: 30.0807 | Loss: 5.5181 | lr: 2.50e-04 | Best_PSNR: 30.0814 in Epoch [327]
2022-07-10 00:00:05,451 INFO: Epoch: 329 | PSNR: 30.0808 | Loss: 5.5323 | lr: 2.50e-04 | Best_PSNR: 30.0814 in Epoch [327]
2022-07-10 00:00:28,623 INFO: Epoch: 330 | PSNR: 30.0807 | Loss: 5.5116 | lr: 2.50e-04 | Best_PSNR: 30.0814 in Epoch [327]
2022-07-10 00:00:53,191 INFO: Epoch: 331 | PSNR: 30.0809 | Loss: 5.5480 | lr: 2.50e-04 | Best_PSNR: 30.0814 in Epoch [327]
2022-07-10 00:01:18,616 INFO: Epoch: 332 | PSNR: 30.0812 | Loss: 5.5470 | lr: 2.50e-04 | Best_PSNR: 30.0814 in Epoch [327]
2022-07-10 00:01:43,944 INFO: Epoch: 333 | PSNR: 30.0807 | Loss: 5.5384 | lr: 2.50e-04 | Best_PSNR: 30.0814 in Epoch [327]
2022-07-10 00:02:10,413 INFO: Epoch: 334 | PSNR: 30.0806 | Loss: 5.5623 | lr: 2.50e-04 | Best_PSNR: 30.0814 in Epoch [327]
2022-07-10 00:02:36,192 INFO: Epoch: 335 | PSNR: 30.0807 | Loss: 5.5807 | lr: 2.50e-04 | Best_PSNR: 30.0814 in Epoch [327]
2022-07-10 00:03:01,733 INFO: Epoch: 336 | PSNR: 30.0807 | Loss: 5.5609 | lr: 2.50e-04 | Best_PSNR: 30.0814 in Epoch [327]
2022-07-10 00:03:41,996 INFO: Epoch: 337 | PSNR: 30.0809 | Loss: 5.5326 | lr: 2.50e-04 | Best_PSNR: 30.0814 in Epoch [327]
2022-07-10 00:04:06,748 INFO: Epoch: 338 | PSNR: 30.0810 | Loss: 5.5313 | lr: 2.50e-04 | Best_PSNR: 30.0814 in Epoch [327]
2022-07-10 00:04:33,017 INFO: Epoch: 339 | PSNR: 30.0809 | Loss: 5.5794 | lr: 2.50e-04 | Best_PSNR: 30.0814 in Epoch [327]
2022-07-10 00:04:58,711 INFO: Epoch: 340 | PSNR: 30.0810 | Loss: 5.5336 | lr: 2.50e-04 | Best_PSNR: 30.0814 in Epoch [327]
2022-07-10 00:05:25,737 INFO: Epoch: 341 | PSNR: 30.0812 | Loss: 5.5906 | lr: 2.50e-04 | Best_PSNR: 30.0814 in Epoch [327]
2022-07-10 00:05:51,440 INFO: Epoch: 342 | PSNR: 30.0815 | Loss: 5.5051 | lr: 2.50e-04 | Best_PSNR: 30.0815 in Epoch [342]
2022-07-10 00:06:20,416 INFO: Epoch: 343 | PSNR: 30.0820 | Loss: 5.5117 | lr: 2.50e-04 | Best_PSNR: 30.0820 in Epoch [343]
2022-07-10 00:06:49,755 INFO: Epoch: 344 | PSNR: 30.0824 | Loss: 5.4880 | lr: 2.50e-04 | Best_PSNR: 30.0824 in Epoch [344]
2022-07-10 00:07:17,637 INFO: Epoch: 345 | PSNR: 30.0820 | Loss: 5.5343 | lr: 2.50e-04 | Best_PSNR: 30.0824 in Epoch [344]
2022-07-10 00:07:46,350 INFO: Epoch: 346 | PSNR: 30.0817 | Loss: 5.5262 | lr: 2.50e-04 | Best_PSNR: 30.0824 in Epoch [344]
2022-07-10 00:08:15,233 INFO: Epoch: 347 | PSNR: 30.0821 | Loss: 5.5356 | lr: 2.50e-04 | Best_PSNR: 30.0824 in Epoch [344]
2022-07-10 00:08:43,853 INFO: Epoch: 348 | PSNR: 30.0820 | Loss: 5.5654 | lr: 2.50e-04 | Best_PSNR: 30.0824 in Epoch [344]
2022-07-10 00:09:14,244 INFO: Epoch: 349 | PSNR: 30.0823 | Loss: 5.5127 | lr: 2.50e-04 | Best_PSNR: 30.0824 in Epoch [344]
2022-07-10 00:09:45,525 INFO: Epoch: 350 | PSNR: 30.0818 | Loss: 5.5177 | lr: 2.50e-04 | Best_PSNR: 30.0824 in Epoch [344]
2022-07-10 00:10:14,115 INFO: Epoch: 351 | PSNR: 30.0819 | Loss: 5.5398 | lr: 2.50e-04 | Best_PSNR: 30.0824 in Epoch [344]
2022-07-10 00:10:43,580 INFO: Epoch: 352 | PSNR: 30.0812 | Loss: 5.4972 | lr: 2.50e-04 | Best_PSNR: 30.0824 in Epoch [344]
2022-07-10 00:11:14,724 INFO: Epoch: 353 | PSNR: 30.0814 | Loss: 5.4937 | lr: 2.50e-04 | Best_PSNR: 30.0824 in Epoch [344]
2022-07-10 00:11:43,376 INFO: Epoch: 354 | PSNR: 30.0814 | Loss: 5.5915 | lr: 2.50e-04 | Best_PSNR: 30.0824 in Epoch [344]
2022-07-10 00:12:14,022 INFO: Epoch: 355 | PSNR: 30.0816 | Loss: 5.4701 | lr: 2.50e-04 | Best_PSNR: 30.0824 in Epoch [344]
2022-07-10 00:12:42,397 INFO: Epoch: 356 | PSNR: 30.0811 | Loss: 5.5347 | lr: 2.50e-04 | Best_PSNR: 30.0824 in Epoch [344]
2022-07-10 00:13:11,533 INFO: Epoch: 357 | PSNR: 30.0811 | Loss: 5.5613 | lr: 2.50e-04 | Best_PSNR: 30.0824 in Epoch [344]
2022-07-10 00:13:44,989 INFO: Epoch: 358 | PSNR: 30.0809 | Loss: 5.5420 | lr: 2.50e-04 | Best_PSNR: 30.0824 in Epoch [344]
2022-07-10 00:14:15,852 INFO: Epoch: 359 | PSNR: 30.0817 | Loss: 5.5203 | lr: 2.50e-04 | Best_PSNR: 30.0824 in Epoch [344]
2022-07-10 00:14:45,532 INFO: Epoch: 360 | PSNR: 30.0823 | Loss: 5.5246 | lr: 2.50e-04 | Best_PSNR: 30.0824 in Epoch [344]
2022-07-10 00:15:19,566 INFO: Epoch: 361 | PSNR: 30.0827 | Loss: 5.5261 | lr: 1.25e-04 | Best_PSNR: 30.0827 in Epoch [361]
2022-07-10 00:15:56,310 INFO: Epoch: 362 | PSNR: 30.0829 | Loss: 5.5233 | lr: 1.25e-04 | Best_PSNR: 30.0829 in Epoch [362]
2022-07-10 00:16:30,729 INFO: Epoch: 363 | PSNR: 30.0825 | Loss: 5.5073 | lr: 1.25e-04 | Best_PSNR: 30.0829 in Epoch [362]
2022-07-10 00:17:03,417 INFO: Epoch: 364 | PSNR: 30.0823 | Loss: 5.5416 | lr: 1.25e-04 | Best_PSNR: 30.0829 in Epoch [362]
2022-07-10 00:17:37,148 INFO: Epoch: 365 | PSNR: 30.0825 | Loss: 5.5220 | lr: 1.25e-04 | Best_PSNR: 30.0829 in Epoch [362]
2022-07-10 00:18:07,119 INFO: Epoch: 366 | PSNR: 30.0833 | Loss: 5.5365 | lr: 1.25e-04 | Best_PSNR: 30.0833 in Epoch [366]
2022-07-10 00:18:37,741 INFO: Epoch: 367 | PSNR: 30.0836 | Loss: 5.4936 | lr: 1.25e-04 | Best_PSNR: 30.0836 in Epoch [367]
2022-07-10 00:19:13,398 INFO: Epoch: 368 | PSNR: 30.0836 | Loss: 5.5541 | lr: 1.25e-04 | Best_PSNR: 30.0836 in Epoch [367]
2022-07-10 00:19:49,177 INFO: Epoch: 369 | PSNR: 30.0833 | Loss: 5.5015 | lr: 1.25e-04 | Best_PSNR: 30.0836 in Epoch [367]
2022-07-10 00:20:19,596 INFO: Epoch: 370 | PSNR: 30.0834 | Loss: 5.5592 | lr: 1.25e-04 | Best_PSNR: 30.0836 in Epoch [367]
2022-07-10 00:20:59,550 INFO: Epoch: 371 | PSNR: 30.0834 | Loss: 5.5014 | lr: 1.25e-04 | Best_PSNR: 30.0836 in Epoch [367]
2022-07-10 00:21:30,994 INFO: Epoch: 372 | PSNR: 30.0839 | Loss: 5.5524 | lr: 1.25e-04 | Best_PSNR: 30.0839 in Epoch [372]
2022-07-10 00:22:01,486 INFO: Epoch: 373 | PSNR: 30.0837 | Loss: 5.5343 | lr: 1.25e-04 | Best_PSNR: 30.0839 in Epoch [372]
2022-07-10 00:22:32,713 INFO: Epoch: 374 | PSNR: 30.0843 | Loss: 5.5279 | lr: 1.25e-04 | Best_PSNR: 30.0843 in Epoch [374]
2022-07-10 00:23:05,147 INFO: Epoch: 375 | PSNR: 30.0838 | Loss: 5.5379 | lr: 1.25e-04 | Best_PSNR: 30.0843 in Epoch [374]
2022-07-10 00:23:35,794 INFO: Epoch: 376 | PSNR: 30.0835 | Loss: 5.5256 | lr: 1.25e-04 | Best_PSNR: 30.0843 in Epoch [374]
2022-07-10 00:24:08,795 INFO: Epoch: 377 | PSNR: 30.0833 | Loss: 5.5177 | lr: 1.25e-04 | Best_PSNR: 30.0843 in Epoch [374]
2022-07-10 00:24:39,094 INFO: Epoch: 378 | PSNR: 30.0843 | Loss: 5.5412 | lr: 1.25e-04 | Best_PSNR: 30.0843 in Epoch [374]
2022-07-10 00:25:10,668 INFO: Epoch: 379 | PSNR: 30.0837 | Loss: 5.5070 | lr: 1.25e-04 | Best_PSNR: 30.0843 in Epoch [374]
2022-07-10 00:25:42,764 INFO: Epoch: 380 | PSNR: 30.0843 | Loss: 5.5270 | lr: 1.25e-04 | Best_PSNR: 30.0843 in Epoch [380]
2022-07-10 00:26:15,808 INFO: Epoch: 381 | PSNR: 30.0846 | Loss: 5.5132 | lr: 1.25e-04 | Best_PSNR: 30.0846 in Epoch [381]
2022-07-10 00:26:45,800 INFO: Epoch: 382 | PSNR: 30.0842 | Loss: 5.5326 | lr: 1.25e-04 | Best_PSNR: 30.0846 in Epoch [381]
2022-07-10 00:27:31,487 INFO: Epoch: 383 | PSNR: 30.0843 | Loss: 5.4922 | lr: 1.25e-04 | Best_PSNR: 30.0846 in Epoch [381]
2022-07-10 00:27:59,518 INFO: Epoch: 384 | PSNR: 30.0838 | Loss: 5.5042 | lr: 1.25e-04 | Best_PSNR: 30.0846 in Epoch [381]
2022-07-10 00:28:29,863 INFO: Epoch: 385 | PSNR: 30.0833 | Loss: 5.5198 | lr: 1.25e-04 | Best_PSNR: 30.0846 in Epoch [381]
2022-07-10 00:28:57,772 INFO: Epoch: 386 | PSNR: 30.0839 | Loss: 5.5368 | lr: 1.25e-04 | Best_PSNR: 30.0846 in Epoch [381]
2022-07-10 00:29:28,950 INFO: Epoch: 387 | PSNR: 30.0844 | Loss: 5.5369 | lr: 1.25e-04 | Best_PSNR: 30.0846 in Epoch [381]
2022-07-10 00:30:04,568 INFO: Epoch: 388 | PSNR: 30.0843 | Loss: 5.5227 | lr: 1.25e-04 | Best_PSNR: 30.0846 in Epoch [381]
2022-07-10 00:30:34,455 INFO: Epoch: 389 | PSNR: 30.0843 | Loss: 5.5207 | lr: 1.25e-04 | Best_PSNR: 30.0846 in Epoch [381]
2022-07-10 00:31:03,947 INFO: Epoch: 390 | PSNR: 30.0840 | Loss: 5.5519 | lr: 1.25e-04 | Best_PSNR: 30.0846 in Epoch [381]
2022-07-10 00:31:38,972 INFO: Epoch: 391 | PSNR: 30.0847 | Loss: 5.5472 | lr: 1.25e-04 | Best_PSNR: 30.0847 in Epoch [391]
2022-07-10 00:32:11,605 INFO: Epoch: 392 | PSNR: 30.0846 | Loss: 5.5030 | lr: 1.25e-04 | Best_PSNR: 30.0847 in Epoch [391]
2022-07-10 00:32:50,893 INFO: Epoch: 393 | PSNR: 30.0837 | Loss: 5.5219 | lr: 1.25e-04 | Best_PSNR: 30.0847 in Epoch [391]
2022-07-10 00:33:27,251 INFO: Epoch: 394 | PSNR: 30.0847 | Loss: 5.5488 | lr: 1.25e-04 | Best_PSNR: 30.0847 in Epoch [394]
2022-07-10 00:34:09,522 INFO: Epoch: 395 | PSNR: 30.0842 | Loss: 5.5455 | lr: 1.25e-04 | Best_PSNR: 30.0847 in Epoch [394]
2022-07-10 00:34:46,462 INFO: Epoch: 396 | PSNR: 30.0849 | Loss: 5.5337 | lr: 1.25e-04 | Best_PSNR: 30.0849 in Epoch [396]
2022-07-10 00:35:19,780 INFO: Epoch: 397 | PSNR: 30.0848 | Loss: 5.4813 | lr: 1.25e-04 | Best_PSNR: 30.0849 in Epoch [396]
2022-07-10 00:35:51,346 INFO: Epoch: 398 | PSNR: 30.0845 | Loss: 5.5740 | lr: 1.25e-04 | Best_PSNR: 30.0849 in Epoch [396]
2022-07-10 00:36:23,467 INFO: Epoch: 399 | PSNR: 30.0851 | Loss: 5.5420 | lr: 1.25e-04 | Best_PSNR: 30.0851 in Epoch [399]
2022-07-10 00:36:54,667 INFO: Epoch: 400 | PSNR: 30.0844 | Loss: 5.5277 | lr: 1.25e-04 | Best_PSNR: 30.0851 in Epoch [399]
2022-07-10 00:37:24,379 INFO: Epoch: 401 | PSNR: 30.0846 | Loss: 5.5126 | lr: 1.25e-04 | Best_PSNR: 30.0851 in Epoch [399]
2022-07-10 00:37:53,679 INFO: Epoch: 402 | PSNR: 30.0842 | Loss: 5.5103 | lr: 1.25e-04 | Best_PSNR: 30.0851 in Epoch [399]
2022-07-10 00:38:23,983 INFO: Epoch: 403 | PSNR: 30.0841 | Loss: 5.4770 | lr: 1.25e-04 | Best_PSNR: 30.0851 in Epoch [399]
2022-07-10 00:39:04,769 INFO: Epoch: 404 | PSNR: 30.0849 | Loss: 5.5533 | lr: 1.25e-04 | Best_PSNR: 30.0851 in Epoch [399]
2022-07-10 00:39:35,085 INFO: Epoch: 405 | PSNR: 30.0851 | Loss: 5.5680 | lr: 1.25e-04 | Best_PSNR: 30.0851 in Epoch [399]
2022-07-10 00:40:02,149 INFO: Epoch: 406 | PSNR: 30.0851 | Loss: 5.5441 | lr: 1.25e-04 | Best_PSNR: 30.0851 in Epoch [406]
2022-07-10 00:40:45,141 INFO: Epoch: 407 | PSNR: 30.0853 | Loss: 5.5361 | lr: 1.25e-04 | Best_PSNR: 30.0853 in Epoch [407]
2022-07-10 00:41:12,403 INFO: Epoch: 408 | PSNR: 30.0860 | Loss: 5.5119 | lr: 1.25e-04 | Best_PSNR: 30.0860 in Epoch [408]
2022-07-10 00:41:38,948 INFO: Epoch: 409 | PSNR: 30.0857 | Loss: 5.5085 | lr: 1.25e-04 | Best_PSNR: 30.0860 in Epoch [408]
2022-07-10 00:42:05,126 INFO: Epoch: 410 | PSNR: 30.0851 | Loss: 5.5303 | lr: 1.25e-04 | Best_PSNR: 30.0860 in Epoch [408]
2022-07-10 00:42:31,441 INFO: Epoch: 411 | PSNR: 30.0853 | Loss: 5.4543 | lr: 1.25e-04 | Best_PSNR: 30.0860 in Epoch [408]
2022-07-10 00:42:57,763 INFO: Epoch: 412 | PSNR: 30.0845 | Loss: 5.5129 | lr: 1.25e-04 | Best_PSNR: 30.0860 in Epoch [408]
2022-07-10 00:43:23,626 INFO: Epoch: 413 | PSNR: 30.0852 | Loss: 5.4716 | lr: 1.25e-04 | Best_PSNR: 30.0860 in Epoch [408]
2022-07-10 00:43:49,355 INFO: Epoch: 414 | PSNR: 30.0848 | Loss: 5.5273 | lr: 1.25e-04 | Best_PSNR: 30.0860 in Epoch [408]
2022-07-10 00:44:14,906 INFO: Epoch: 415 | PSNR: 30.0846 | Loss: 5.5011 | lr: 1.25e-04 | Best_PSNR: 30.0860 in Epoch [408]
2022-07-10 00:44:41,320 INFO: Epoch: 416 | PSNR: 30.0852 | Loss: 5.5232 | lr: 1.25e-04 | Best_PSNR: 30.0860 in Epoch [408]
2022-07-10 00:45:22,131 INFO: Epoch: 417 | PSNR: 30.0850 | Loss: 5.5452 | lr: 1.25e-04 | Best_PSNR: 30.0860 in Epoch [408]
2022-07-10 00:45:47,855 INFO: Epoch: 418 | PSNR: 30.0849 | Loss: 5.5521 | lr: 1.25e-04 | Best_PSNR: 30.0860 in Epoch [408]
2022-07-10 00:46:14,991 INFO: Epoch: 419 | PSNR: 30.0852 | Loss: 5.5123 | lr: 1.25e-04 | Best_PSNR: 30.0860 in Epoch [408]
2022-07-10 00:46:41,823 INFO: Epoch: 420 | PSNR: 30.0852 | Loss: 5.5871 | lr: 1.25e-04 | Best_PSNR: 30.0860 in Epoch [408]
2022-07-10 00:47:09,328 INFO: Epoch: 421 | PSNR: 30.0850 | Loss: 5.4899 | lr: 1.25e-04 | Best_PSNR: 30.0860 in Epoch [408]
2022-07-10 00:47:36,451 INFO: Epoch: 422 | PSNR: 30.0853 | Loss: 5.5548 | lr: 1.25e-04 | Best_PSNR: 30.0860 in Epoch [408]
2022-07-10 00:48:01,081 INFO: Epoch: 423 | PSNR: 30.0853 | Loss: 5.5218 | lr: 1.25e-04 | Best_PSNR: 30.0860 in Epoch [408]
2022-07-10 00:48:28,240 INFO: Epoch: 424 | PSNR: 30.0849 | Loss: 5.5169 | lr: 1.25e-04 | Best_PSNR: 30.0860 in Epoch [408]
2022-07-10 00:48:56,192 INFO: Epoch: 425 | PSNR: 30.0858 | Loss: 5.5180 | lr: 1.25e-04 | Best_PSNR: 30.0860 in Epoch [408]
2022-07-10 00:49:22,948 INFO: Epoch: 426 | PSNR: 30.0858 | Loss: 5.5166 | lr: 1.25e-04 | Best_PSNR: 30.0860 in Epoch [408]
2022-07-10 00:49:51,318 INFO: Epoch: 427 | PSNR: 30.0853 | Loss: 5.5346 | lr: 1.25e-04 | Best_PSNR: 30.0860 in Epoch [408]
2022-07-10 00:50:22,653 INFO: Epoch: 428 | PSNR: 30.0858 | Loss: 5.5424 | lr: 1.25e-04 | Best_PSNR: 30.0860 in Epoch [408]
2022-07-10 00:50:53,188 INFO: Epoch: 429 | PSNR: 30.0855 | Loss: 5.5655 | lr: 1.25e-04 | Best_PSNR: 30.0860 in Epoch [408]
2022-07-10 00:51:27,807 INFO: Epoch: 430 | PSNR: 30.0854 | Loss: 5.4926 | lr: 1.25e-04 | Best_PSNR: 30.0860 in Epoch [408]
2022-07-10 00:52:02,778 INFO: Epoch: 431 | PSNR: 30.0856 | Loss: 5.5119 | lr: 1.25e-04 | Best_PSNR: 30.0860 in Epoch [408]
2022-07-10 00:52:32,318 INFO: Epoch: 432 | PSNR: 30.0851 | Loss: 5.5423 | lr: 1.25e-04 | Best_PSNR: 30.0860 in Epoch [408]
2022-07-10 00:53:11,899 INFO: Epoch: 433 | PSNR: 30.0856 | Loss: 5.4982 | lr: 1.25e-04 | Best_PSNR: 30.0860 in Epoch [408]
2022-07-10 00:53:45,922 INFO: Epoch: 434 | PSNR: 30.0851 | Loss: 5.5429 | lr: 1.25e-04 | Best_PSNR: 30.0860 in Epoch [408]
2022-07-10 00:54:17,753 INFO: Epoch: 435 | PSNR: 30.0850 | Loss: 5.5633 | lr: 1.25e-04 | Best_PSNR: 30.0860 in Epoch [408]
2022-07-10 00:54:47,477 INFO: Epoch: 436 | PSNR: 30.0857 | Loss: 5.5172 | lr: 1.25e-04 | Best_PSNR: 30.0860 in Epoch [408]
2022-07-10 00:55:18,427 INFO: Epoch: 437 | PSNR: 30.0853 | Loss: 5.5200 | lr: 1.25e-04 | Best_PSNR: 30.0860 in Epoch [408]
2022-07-10 00:55:45,526 INFO: Epoch: 438 | PSNR: 30.0853 | Loss: 5.5897 | lr: 1.25e-04 | Best_PSNR: 30.0860 in Epoch [408]
2022-07-10 00:56:16,034 INFO: Epoch: 439 | PSNR: 30.0856 | Loss: 5.4800 | lr: 1.25e-04 | Best_PSNR: 30.0860 in Epoch [408]
2022-07-10 00:56:49,276 INFO: Epoch: 440 | PSNR: 30.0857 | Loss: 5.5243 | lr: 1.25e-04 | Best_PSNR: 30.0860 in Epoch [408]
2022-07-10 00:57:21,648 INFO: Epoch: 441 | PSNR: 30.0854 | Loss: 5.5076 | lr: 1.25e-04 | Best_PSNR: 30.0860 in Epoch [408]
2022-07-10 00:57:57,417 INFO: Epoch: 442 | PSNR: 30.0855 | Loss: 5.5575 | lr: 1.25e-04 | Best_PSNR: 30.0860 in Epoch [408]
2022-07-10 00:58:38,342 INFO: Epoch: 443 | PSNR: 30.0858 | Loss: 5.5080 | lr: 1.25e-04 | Best_PSNR: 30.0860 in Epoch [408]
2022-07-10 00:59:16,785 INFO: Epoch: 444 | PSNR: 30.0858 | Loss: 5.4967 | lr: 1.25e-04 | Best_PSNR: 30.0860 in Epoch [408]
2022-07-10 00:59:51,721 INFO: Epoch: 445 | PSNR: 30.0859 | Loss: 5.5057 | lr: 1.25e-04 | Best_PSNR: 30.0860 in Epoch [408]
2022-07-10 01:00:32,637 INFO: Epoch: 446 | PSNR: 30.0860 | Loss: 5.5522 | lr: 1.25e-04 | Best_PSNR: 30.0860 in Epoch [446]
2022-07-10 01:01:10,510 INFO: Epoch: 447 | PSNR: 30.0861 | Loss: 5.5539 | lr: 1.25e-04 | Best_PSNR: 30.0861 in Epoch [447]
2022-07-10 01:01:45,272 INFO: Epoch: 448 | PSNR: 30.0857 | Loss: 5.5347 | lr: 1.25e-04 | Best_PSNR: 30.0861 in Epoch [447]
2022-07-10 01:02:22,385 INFO: Epoch: 449 | PSNR: 30.0853 | Loss: 5.5107 | lr: 1.25e-04 | Best_PSNR: 30.0861 in Epoch [447]
2022-07-10 01:03:00,324 INFO: Epoch: 450 | PSNR: 30.0857 | Loss: 5.5308 | lr: 1.25e-04 | Best_PSNR: 30.0861 in Epoch [447]
2022-07-10 01:03:41,032 INFO: Epoch: 451 | PSNR: 30.0860 | Loss: 5.5345 | lr: 1.25e-04 | Best_PSNR: 30.0861 in Epoch [447]
2022-07-10 01:04:13,007 INFO: Epoch: 452 | PSNR: 30.0860 | Loss: 5.4949 | lr: 1.25e-04 | Best_PSNR: 30.0861 in Epoch [447]
2022-07-10 01:04:44,481 INFO: Epoch: 453 | PSNR: 30.0858 | Loss: 5.5135 | lr: 1.25e-04 | Best_PSNR: 30.0861 in Epoch [447]
2022-07-10 01:05:26,786 INFO: Epoch: 454 | PSNR: 30.0862 | Loss: 5.5072 | lr: 1.25e-04 | Best_PSNR: 30.0862 in Epoch [454]
2022-07-10 01:05:55,650 INFO: Epoch: 455 | PSNR: 30.0859 | Loss: 5.5171 | lr: 1.25e-04 | Best_PSNR: 30.0862 in Epoch [454]
2022-07-10 01:06:25,372 INFO: Epoch: 456 | PSNR: 30.0859 | Loss: 5.4995 | lr: 1.25e-04 | Best_PSNR: 30.0862 in Epoch [454]
2022-07-10 01:06:57,611 INFO: Epoch: 457 | PSNR: 30.0862 | Loss: 5.5340 | lr: 1.25e-04 | Best_PSNR: 30.0862 in Epoch [454]
2022-07-10 01:07:26,159 INFO: Epoch: 458 | PSNR: 30.0862 | Loss: 5.5240 | lr: 1.25e-04 | Best_PSNR: 30.0862 in Epoch [458]
2022-07-10 01:07:59,375 INFO: Epoch: 459 | PSNR: 30.0861 | Loss: 5.5090 | lr: 1.25e-04 | Best_PSNR: 30.0862 in Epoch [458]
2022-07-10 01:08:31,202 INFO: Epoch: 460 | PSNR: 30.0859 | Loss: 5.5225 | lr: 1.25e-04 | Best_PSNR: 30.0862 in Epoch [458]
2022-07-10 01:09:07,051 INFO: Epoch: 461 | PSNR: 30.0858 | Loss: 5.5459 | lr: 1.25e-04 | Best_PSNR: 30.0862 in Epoch [458]
2022-07-10 01:09:39,503 INFO: Epoch: 462 | PSNR: 30.0859 | Loss: 5.4487 | lr: 1.25e-04 | Best_PSNR: 30.0862 in Epoch [458]
2022-07-10 01:10:16,398 INFO: Epoch: 463 | PSNR: 30.0858 | Loss: 5.5099 | lr: 1.25e-04 | Best_PSNR: 30.0862 in Epoch [458]
2022-07-10 01:10:57,420 INFO: Epoch: 464 | PSNR: 30.0857 | Loss: 5.5081 | lr: 1.25e-04 | Best_PSNR: 30.0862 in Epoch [458]
2022-07-10 01:11:57,025 INFO: Epoch: 465 | PSNR: 30.0864 | Loss: 5.4995 | lr: 1.25e-04 | Best_PSNR: 30.0864 in Epoch [465]
2022-07-10 01:12:30,442 INFO: Epoch: 466 | PSNR: 30.0861 | Loss: 5.5223 | lr: 1.25e-04 | Best_PSNR: 30.0864 in Epoch [465]
2022-07-10 01:13:33,396 INFO: Epoch: 467 | PSNR: 30.0856 | Loss: 5.5366 | lr: 1.25e-04 | Best_PSNR: 30.0864 in Epoch [465]
2022-07-10 01:14:02,392 INFO: Epoch: 468 | PSNR: 30.0861 | Loss: 5.5267 | lr: 1.25e-04 | Best_PSNR: 30.0864 in Epoch [465]
2022-07-10 01:14:41,867 INFO: Epoch: 469 | PSNR: 30.0864 | Loss: 5.5125 | lr: 1.25e-04 | Best_PSNR: 30.0864 in Epoch [469]
2022-07-10 01:15:05,031 INFO: Epoch: 470 | PSNR: 30.0861 | Loss: 5.5058 | lr: 1.25e-04 | Best_PSNR: 30.0864 in Epoch [469]
2022-07-10 01:15:27,934 INFO: Epoch: 471 | PSNR: 30.0863 | Loss: 5.4991 | lr: 1.25e-04 | Best_PSNR: 30.0864 in Epoch [469]
2022-07-10 01:15:51,938 INFO: Epoch: 472 | PSNR: 30.0869 | Loss: 5.5404 | lr: 1.25e-04 | Best_PSNR: 30.0869 in Epoch [472]
2022-07-10 01:16:16,303 INFO: Epoch: 473 | PSNR: 30.0872 | Loss: 5.5015 | lr: 1.25e-04 | Best_PSNR: 30.0872 in Epoch [473]
2022-07-10 01:16:39,712 INFO: Epoch: 474 | PSNR: 30.0868 | Loss: 5.4913 | lr: 1.25e-04 | Best_PSNR: 30.0872 in Epoch [473]
2022-07-10 01:17:03,452 INFO: Epoch: 475 | PSNR: 30.0864 | Loss: 5.5482 | lr: 1.25e-04 | Best_PSNR: 30.0872 in Epoch [473]
2022-07-10 01:17:26,949 INFO: Epoch: 476 | PSNR: 30.0867 | Loss: 5.5030 | lr: 1.25e-04 | Best_PSNR: 30.0872 in Epoch [473]
2022-07-10 01:17:49,715 INFO: Epoch: 477 | PSNR: 30.0870 | Loss: 5.5357 | lr: 1.25e-04 | Best_PSNR: 30.0872 in Epoch [473]
2022-07-10 01:18:13,241 INFO: Epoch: 478 | PSNR: 30.0871 | Loss: 5.5213 | lr: 1.25e-04 | Best_PSNR: 30.0872 in Epoch [473]
2022-07-10 01:18:37,605 INFO: Epoch: 479 | PSNR: 30.0870 | Loss: 5.4982 | lr: 1.25e-04 | Best_PSNR: 30.0872 in Epoch [473]
2022-07-10 01:19:17,860 INFO: Epoch: 480 | PSNR: 30.0868 | Loss: 5.5529 | lr: 1.25e-04 | Best_PSNR: 30.0872 in Epoch [473]
2022-07-10 01:19:41,986 INFO: Epoch: 481 | PSNR: 30.0868 | Loss: 5.5641 | lr: 6.25e-05 | Best_PSNR: 30.0872 in Epoch [473]
2022-07-10 01:20:05,349 INFO: Epoch: 482 | PSNR: 30.0870 | Loss: 5.5304 | lr: 6.25e-05 | Best_PSNR: 30.0872 in Epoch [473]
2022-07-10 01:20:29,170 INFO: Epoch: 483 | PSNR: 30.0872 | Loss: 5.5256 | lr: 6.25e-05 | Best_PSNR: 30.0872 in Epoch [473]
2022-07-10 01:20:53,060 INFO: Epoch: 484 | PSNR: 30.0873 | Loss: 5.5562 | lr: 6.25e-05 | Best_PSNR: 30.0873 in Epoch [484]
2022-07-10 01:21:16,866 INFO: Epoch: 485 | PSNR: 30.0872 | Loss: 5.5056 | lr: 6.25e-05 | Best_PSNR: 30.0873 in Epoch [484]
2022-07-10 01:21:40,463 INFO: Epoch: 486 | PSNR: 30.0868 | Loss: 5.5397 | lr: 6.25e-05 | Best_PSNR: 30.0873 in Epoch [484]
2022-07-10 01:22:07,949 INFO: Epoch: 487 | PSNR: 30.0871 | Loss: 5.4943 | lr: 6.25e-05 | Best_PSNR: 30.0873 in Epoch [484]
2022-07-10 01:22:37,980 INFO: Epoch: 488 | PSNR: 30.0868 | Loss: 5.5153 | lr: 6.25e-05 | Best_PSNR: 30.0873 in Epoch [484]
2022-07-10 01:23:03,624 INFO: Epoch: 489 | PSNR: 30.0867 | Loss: 5.5113 | lr: 6.25e-05 | Best_PSNR: 30.0873 in Epoch [484]
2022-07-10 01:23:31,212 INFO: Epoch: 490 | PSNR: 30.0869 | Loss: 5.4642 | lr: 6.25e-05 | Best_PSNR: 30.0873 in Epoch [484]
2022-07-10 01:24:07,725 INFO: Epoch: 491 | PSNR: 30.0874 | Loss: 5.4822 | lr: 6.25e-05 | Best_PSNR: 30.0874 in Epoch [491]
2022-07-10 01:24:38,048 INFO: Epoch: 492 | PSNR: 30.0872 | Loss: 5.5131 | lr: 6.25e-05 | Best_PSNR: 30.0874 in Epoch [491]
2022-07-10 01:25:07,709 INFO: Epoch: 493 | PSNR: 30.0874 | Loss: 5.5217 | lr: 6.25e-05 | Best_PSNR: 30.0874 in Epoch [493]
2022-07-10 01:25:31,601 INFO: Epoch: 494 | PSNR: 30.0874 | Loss: 5.5216 | lr: 6.25e-05 | Best_PSNR: 30.0874 in Epoch [493]
2022-07-10 01:25:55,445 INFO: Epoch: 495 | PSNR: 30.0879 | Loss: 5.5174 | lr: 6.25e-05 | Best_PSNR: 30.0879 in Epoch [495]
2022-07-10 01:26:19,530 INFO: Epoch: 496 | PSNR: 30.0874 | Loss: 5.5350 | lr: 6.25e-05 | Best_PSNR: 30.0879 in Epoch [495]
2022-07-10 01:26:43,214 INFO: Epoch: 497 | PSNR: 30.0876 | Loss: 5.5041 | lr: 6.25e-05 | Best_PSNR: 30.0879 in Epoch [495]
2022-07-10 01:27:06,664 INFO: Epoch: 498 | PSNR: 30.0879 | Loss: 5.5212 | lr: 6.25e-05 | Best_PSNR: 30.0879 in Epoch [495]
2022-07-10 01:27:30,908 INFO: Epoch: 499 | PSNR: 30.0879 | Loss: 5.5083 | lr: 6.25e-05 | Best_PSNR: 30.0879 in Epoch [495]
2022-07-10 01:27:54,735 INFO: Epoch: 500 | PSNR: 30.0879 | Loss: 5.5301 | lr: 6.25e-05 | Best_PSNR: 30.0879 in Epoch [495]
2022-07-10 01:28:19,059 INFO: Epoch: 501 | PSNR: 30.0880 | Loss: 5.5316 | lr: 6.25e-05 | Best_PSNR: 30.0880 in Epoch [501]
2022-07-10 01:28:43,689 INFO: Epoch: 502 | PSNR: 30.0881 | Loss: 5.5426 | lr: 6.25e-05 | Best_PSNR: 30.0881 in Epoch [502]
2022-07-10 01:29:07,592 INFO: Epoch: 503 | PSNR: 30.0879 | Loss: 5.5573 | lr: 6.25e-05 | Best_PSNR: 30.0881 in Epoch [502]
2022-07-10 01:29:31,463 INFO: Epoch: 504 | PSNR: 30.0880 | Loss: 5.5404 | lr: 6.25e-05 | Best_PSNR: 30.0881 in Epoch [502]
2022-07-10 01:29:54,999 INFO: Epoch: 505 | PSNR: 30.0879 | Loss: 5.5243 | lr: 6.25e-05 | Best_PSNR: 30.0881 in Epoch [502]
2022-07-10 01:30:18,520 INFO: Epoch: 506 | PSNR: 30.0876 | Loss: 5.4915 | lr: 6.25e-05 | Best_PSNR: 30.0881 in Epoch [502]
2022-07-10 01:30:59,375 INFO: Epoch: 507 | PSNR: 30.0882 | Loss: 5.4567 | lr: 6.25e-05 | Best_PSNR: 30.0882 in Epoch [507]
2022-07-10 01:31:40,781 INFO: Epoch: 508 | PSNR: 30.0879 | Loss: 5.4788 | lr: 6.25e-05 | Best_PSNR: 30.0882 in Epoch [507]
2022-07-10 01:32:04,110 INFO: Epoch: 509 | PSNR: 30.0877 | Loss: 5.4802 | lr: 6.25e-05 | Best_PSNR: 30.0882 in Epoch [507]
2022-07-10 01:32:27,863 INFO: Epoch: 510 | PSNR: 30.0878 | Loss: 5.5249 | lr: 6.25e-05 | Best_PSNR: 30.0882 in Epoch [507]
2022-07-10 01:32:52,255 INFO: Epoch: 511 | PSNR: 30.0873 | Loss: 5.5591 | lr: 6.25e-05 | Best_PSNR: 30.0882 in Epoch [507]
2022-07-10 01:33:16,169 INFO: Epoch: 512 | PSNR: 30.0871 | Loss: 5.5305 | lr: 6.25e-05 | Best_PSNR: 30.0882 in Epoch [507]
2022-07-10 01:33:39,912 INFO: Epoch: 513 | PSNR: 30.0874 | Loss: 5.5730 | lr: 6.25e-05 | Best_PSNR: 30.0882 in Epoch [507]
2022-07-10 01:34:03,816 INFO: Epoch: 514 | PSNR: 30.0874 | Loss: 5.5284 | lr: 6.25e-05 | Best_PSNR: 30.0882 in Epoch [507]
2022-07-10 01:34:28,038 INFO: Epoch: 515 | PSNR: 30.0876 | Loss: 5.5442 | lr: 6.25e-05 | Best_PSNR: 30.0882 in Epoch [507]
2022-07-10 01:34:52,106 INFO: Epoch: 516 | PSNR: 30.0874 | Loss: 5.5012 | lr: 6.25e-05 | Best_PSNR: 30.0882 in Epoch [507]
2022-07-10 01:35:15,560 INFO: Epoch: 517 | PSNR: 30.0876 | Loss: 5.5181 | lr: 6.25e-05 | Best_PSNR: 30.0882 in Epoch [507]
2022-07-10 01:35:39,421 INFO: Epoch: 518 | PSNR: 30.0880 | Loss: 5.5032 | lr: 6.25e-05 | Best_PSNR: 30.0882 in Epoch [507]
2022-07-10 01:36:03,112 INFO: Epoch: 519 | PSNR: 30.0873 | Loss: 5.4906 | lr: 6.25e-05 | Best_PSNR: 30.0882 in Epoch [507]
2022-07-10 01:36:27,027 INFO: Epoch: 520 | PSNR: 30.0876 | Loss: 5.5627 | lr: 6.25e-05 | Best_PSNR: 30.0882 in Epoch [507]
2022-07-10 01:37:07,639 INFO: Epoch: 521 | PSNR: 30.0878 | Loss: 5.5697 | lr: 6.25e-05 | Best_PSNR: 30.0882 in Epoch [507]
2022-07-10 01:37:31,763 INFO: Epoch: 522 | PSNR: 30.0878 | Loss: 5.5038 | lr: 6.25e-05 | Best_PSNR: 30.0882 in Epoch [507]
2022-07-10 01:38:11,808 INFO: Epoch: 523 | PSNR: 30.0879 | Loss: 5.5074 | lr: 6.25e-05 | Best_PSNR: 30.0882 in Epoch [507]
2022-07-10 01:38:36,083 INFO: Epoch: 524 | PSNR: 30.0876 | Loss: 5.5519 | lr: 6.25e-05 | Best_PSNR: 30.0882 in Epoch [507]
2022-07-10 01:38:59,427 INFO: Epoch: 525 | PSNR: 30.0876 | Loss: 5.5646 | lr: 6.25e-05 | Best_PSNR: 30.0882 in Epoch [507]
2022-07-10 01:39:23,508 INFO: Epoch: 526 | PSNR: 30.0877 | Loss: 5.5216 | lr: 6.25e-05 | Best_PSNR: 30.0882 in Epoch [507]
2022-07-10 01:39:47,681 INFO: Epoch: 527 | PSNR: 30.0877 | Loss: 5.5021 | lr: 6.25e-05 | Best_PSNR: 30.0882 in Epoch [507]
2022-07-10 01:40:10,965 INFO: Epoch: 528 | PSNR: 30.0878 | Loss: 5.5741 | lr: 6.25e-05 | Best_PSNR: 30.0882 in Epoch [507]
2022-07-10 01:40:35,374 INFO: Epoch: 529 | PSNR: 30.0880 | Loss: 5.4965 | lr: 6.25e-05 | Best_PSNR: 30.0882 in Epoch [507]
2022-07-10 01:40:59,362 INFO: Epoch: 530 | PSNR: 30.0875 | Loss: 5.5429 | lr: 6.25e-05 | Best_PSNR: 30.0882 in Epoch [507]
2022-07-10 01:41:23,526 INFO: Epoch: 531 | PSNR: 30.0876 | Loss: 5.5408 | lr: 6.25e-05 | Best_PSNR: 30.0882 in Epoch [507]
2022-07-10 01:41:47,771 INFO: Epoch: 532 | PSNR: 30.0880 | Loss: 5.5385 | lr: 6.25e-05 | Best_PSNR: 30.0882 in Epoch [507]
2022-07-10 01:42:14,817 INFO: Epoch: 533 | PSNR: 30.0883 | Loss: 5.5158 | lr: 6.25e-05 | Best_PSNR: 30.0883 in Epoch [533]
2022-07-10 01:42:42,131 INFO: Epoch: 534 | PSNR: 30.0881 | Loss: 5.5091 | lr: 6.25e-05 | Best_PSNR: 30.0883 in Epoch [533]
2022-07-10 01:43:06,777 INFO: Epoch: 535 | PSNR: 30.0881 | Loss: 5.5154 | lr: 6.25e-05 | Best_PSNR: 30.0883 in Epoch [533]
2022-07-10 01:43:31,262 INFO: Epoch: 536 | PSNR: 30.0878 | Loss: 5.4867 | lr: 6.25e-05 | Best_PSNR: 30.0883 in Epoch [533]
2022-07-10 01:44:12,422 INFO: Epoch: 537 | PSNR: 30.0876 | Loss: 5.5182 | lr: 6.25e-05 | Best_PSNR: 30.0883 in Epoch [533]
2022-07-10 01:44:37,350 INFO: Epoch: 538 | PSNR: 30.0880 | Loss: 5.4977 | lr: 6.25e-05 | Best_PSNR: 30.0883 in Epoch [533]
2022-07-10 01:45:17,938 INFO: Epoch: 539 | PSNR: 30.0882 | Loss: 5.5347 | lr: 6.25e-05 | Best_PSNR: 30.0883 in Epoch [533]
2022-07-10 01:45:43,715 INFO: Epoch: 540 | PSNR: 30.0882 | Loss: 5.5038 | lr: 6.25e-05 | Best_PSNR: 30.0883 in Epoch [533]
2022-07-10 01:46:08,619 INFO: Epoch: 541 | PSNR: 30.0884 | Loss: 5.4855 | lr: 6.25e-05 | Best_PSNR: 30.0884 in Epoch [541]
2022-07-10 01:46:33,253 INFO: Epoch: 542 | PSNR: 30.0883 | Loss: 5.5761 | lr: 6.25e-05 | Best_PSNR: 30.0884 in Epoch [541]
2022-07-10 01:46:58,944 INFO: Epoch: 543 | PSNR: 30.0889 | Loss: 5.4950 | lr: 6.25e-05 | Best_PSNR: 30.0889 in Epoch [543]
2022-07-10 01:47:24,334 INFO: Epoch: 544 | PSNR: 30.0883 | Loss: 5.5337 | lr: 6.25e-05 | Best_PSNR: 30.0889 in Epoch [543]
2022-07-10 01:47:49,747 INFO: Epoch: 545 | PSNR: 30.0881 | Loss: 5.5384 | lr: 6.25e-05 | Best_PSNR: 30.0889 in Epoch [543]
2022-07-10 01:48:14,619 INFO: Epoch: 546 | PSNR: 30.0879 | Loss: 5.5106 | lr: 6.25e-05 | Best_PSNR: 30.0889 in Epoch [543]
2022-07-10 01:48:41,239 INFO: Epoch: 547 | PSNR: 30.0879 | Loss: 5.5153 | lr: 6.25e-05 | Best_PSNR: 30.0889 in Epoch [543]
2022-07-10 01:49:07,064 INFO: Epoch: 548 | PSNR: 30.0879 | Loss: 5.5099 | lr: 6.25e-05 | Best_PSNR: 30.0889 in Epoch [543]
2022-07-10 01:49:32,693 INFO: Epoch: 549 | PSNR: 30.0885 | Loss: 5.5268 | lr: 6.25e-05 | Best_PSNR: 30.0889 in Epoch [543]
2022-07-10 01:49:57,709 INFO: Epoch: 550 | PSNR: 30.0885 | Loss: 5.5485 | lr: 6.25e-05 | Best_PSNR: 30.0889 in Epoch [543]
2022-07-10 01:50:23,612 INFO: Epoch: 551 | PSNR: 30.0885 | Loss: 5.4735 | lr: 6.25e-05 | Best_PSNR: 30.0889 in Epoch [543]
2022-07-10 01:50:49,263 INFO: Epoch: 552 | PSNR: 30.0881 | Loss: 5.5745 | lr: 6.25e-05 | Best_PSNR: 30.0889 in Epoch [543]
2022-07-10 01:51:13,966 INFO: Epoch: 553 | PSNR: 30.0883 | Loss: 5.5405 | lr: 6.25e-05 | Best_PSNR: 30.0889 in Epoch [543]
2022-07-10 01:51:39,438 INFO: Epoch: 554 | PSNR: 30.0887 | Loss: 5.5250 | lr: 6.25e-05 | Best_PSNR: 30.0889 in Epoch [543]
2022-07-10 01:52:05,719 INFO: Epoch: 555 | PSNR: 30.0888 | Loss: 5.5014 | lr: 6.25e-05 | Best_PSNR: 30.0889 in Epoch [543]
2022-07-10 01:52:32,379 INFO: Epoch: 556 | PSNR: 30.0883 | Loss: 5.5504 | lr: 6.25e-05 | Best_PSNR: 30.0889 in Epoch [543]
2022-07-10 01:53:13,201 INFO: Epoch: 557 | PSNR: 30.0883 | Loss: 5.5619 | lr: 6.25e-05 | Best_PSNR: 30.0889 in Epoch [543]
2022-07-10 01:53:42,321 INFO: Epoch: 558 | PSNR: 30.0883 | Loss: 5.5448 | lr: 6.25e-05 | Best_PSNR: 30.0889 in Epoch [543]
2022-07-10 01:54:15,305 INFO: Epoch: 559 | PSNR: 30.0883 | Loss: 5.4863 | lr: 6.25e-05 | Best_PSNR: 30.0889 in Epoch [543]
2022-07-10 01:54:43,890 INFO: Epoch: 560 | PSNR: 30.0885 | Loss: 5.5120 | lr: 6.25e-05 | Best_PSNR: 30.0889 in Epoch [543]
2022-07-10 01:55:16,760 INFO: Epoch: 561 | PSNR: 30.0885 | Loss: 5.5290 | lr: 6.25e-05 | Best_PSNR: 30.0889 in Epoch [543]
2022-07-10 01:55:44,824 INFO: Epoch: 562 | PSNR: 30.0887 | Loss: 5.5002 | lr: 6.25e-05 | Best_PSNR: 30.0889 in Epoch [543]
2022-07-10 01:56:11,881 INFO: Epoch: 563 | PSNR: 30.0880 | Loss: 5.5151 | lr: 6.25e-05 | Best_PSNR: 30.0889 in Epoch [543]
2022-07-10 01:56:41,452 INFO: Epoch: 564 | PSNR: 30.0883 | Loss: 5.4754 | lr: 6.25e-05 | Best_PSNR: 30.0889 in Epoch [543]
2022-07-10 01:57:07,802 INFO: Epoch: 565 | PSNR: 30.0880 | Loss: 5.4929 | lr: 6.25e-05 | Best_PSNR: 30.0889 in Epoch [543]
2022-07-10 01:57:32,863 INFO: Epoch: 566 | PSNR: 30.0883 | Loss: 5.5297 | lr: 6.25e-05 | Best_PSNR: 30.0889 in Epoch [543]
2022-07-10 01:57:58,986 INFO: Epoch: 567 | PSNR: 30.0882 | Loss: 5.5251 | lr: 6.25e-05 | Best_PSNR: 30.0889 in Epoch [543]
2022-07-10 01:58:25,991 INFO: Epoch: 568 | PSNR: 30.0881 | Loss: 5.5344 | lr: 6.25e-05 | Best_PSNR: 30.0889 in Epoch [543]
2022-07-10 01:58:51,546 INFO: Epoch: 569 | PSNR: 30.0883 | Loss: 5.5277 | lr: 6.25e-05 | Best_PSNR: 30.0889 in Epoch [543]
2022-07-10 01:59:19,116 INFO: Epoch: 570 | PSNR: 30.0883 | Loss: 5.4823 | lr: 6.25e-05 | Best_PSNR: 30.0889 in Epoch [543]
2022-07-10 02:00:03,158 INFO: Epoch: 571 | PSNR: 30.0883 | Loss: 5.5458 | lr: 6.25e-05 | Best_PSNR: 30.0889 in Epoch [543]
2022-07-10 02:00:33,080 INFO: Epoch: 572 | PSNR: 30.0887 | Loss: 5.5498 | lr: 6.25e-05 | Best_PSNR: 30.0889 in Epoch [543]
2022-07-10 02:00:59,759 INFO: Epoch: 573 | PSNR: 30.0883 | Loss: 5.5290 | lr: 6.25e-05 | Best_PSNR: 30.0889 in Epoch [543]
2022-07-10 02:01:27,469 INFO: Epoch: 574 | PSNR: 30.0886 | Loss: 5.5334 | lr: 6.25e-05 | Best_PSNR: 30.0889 in Epoch [543]
2022-07-10 02:02:09,726 INFO: Epoch: 575 | PSNR: 30.0885 | Loss: 5.4945 | lr: 6.25e-05 | Best_PSNR: 30.0889 in Epoch [543]
2022-07-10 02:02:36,055 INFO: Epoch: 576 | PSNR: 30.0884 | Loss: 5.5654 | lr: 6.25e-05 | Best_PSNR: 30.0889 in Epoch [543]
2022-07-10 02:03:19,495 INFO: Epoch: 577 | PSNR: 30.0887 | Loss: 5.5442 | lr: 6.25e-05 | Best_PSNR: 30.0889 in Epoch [543]
2022-07-10 02:03:45,223 INFO: Epoch: 578 | PSNR: 30.0882 | Loss: 5.5578 | lr: 6.25e-05 | Best_PSNR: 30.0889 in Epoch [543]
2022-07-10 02:04:14,743 INFO: Epoch: 579 | PSNR: 30.0886 | Loss: 5.5181 | lr: 6.25e-05 | Best_PSNR: 30.0889 in Epoch [543]
2022-07-10 02:04:43,812 INFO: Epoch: 580 | PSNR: 30.0889 | Loss: 5.4803 | lr: 6.25e-05 | Best_PSNR: 30.0889 in Epoch [543]
2022-07-10 02:05:10,512 INFO: Epoch: 581 | PSNR: 30.0892 | Loss: 5.5243 | lr: 6.25e-05 | Best_PSNR: 30.0892 in Epoch [581]
2022-07-10 02:05:37,013 INFO: Epoch: 582 | PSNR: 30.0891 | Loss: 5.4516 | lr: 6.25e-05 | Best_PSNR: 30.0892 in Epoch [581]
2022-07-10 02:06:03,880 INFO: Epoch: 583 | PSNR: 30.0894 | Loss: 5.5177 | lr: 6.25e-05 | Best_PSNR: 30.0894 in Epoch [583]
2022-07-10 02:06:29,350 INFO: Epoch: 584 | PSNR: 30.0894 | Loss: 5.5509 | lr: 6.25e-05 | Best_PSNR: 30.0894 in Epoch [583]
2022-07-10 02:06:55,379 INFO: Epoch: 585 | PSNR: 30.0891 | Loss: 5.5176 | lr: 6.25e-05 | Best_PSNR: 30.0894 in Epoch [583]
2022-07-10 02:07:21,390 INFO: Epoch: 586 | PSNR: 30.0891 | Loss: 5.4749 | lr: 6.25e-05 | Best_PSNR: 30.0894 in Epoch [583]
2022-07-10 02:08:16,279 INFO: Epoch: 587 | PSNR: 30.0889 | Loss: 5.5540 | lr: 6.25e-05 | Best_PSNR: 30.0894 in Epoch [583]
2022-07-10 02:08:41,528 INFO: Epoch: 588 | PSNR: 30.0885 | Loss: 5.5240 | lr: 6.25e-05 | Best_PSNR: 30.0894 in Epoch [583]
2022-07-10 02:09:07,466 INFO: Epoch: 589 | PSNR: 30.0884 | Loss: 5.5035 | lr: 6.25e-05 | Best_PSNR: 30.0894 in Epoch [583]
2022-07-10 02:09:32,898 INFO: Epoch: 590 | PSNR: 30.0880 | Loss: 5.5470 | lr: 6.25e-05 | Best_PSNR: 30.0894 in Epoch [583]
2022-07-10 02:09:58,155 INFO: Epoch: 591 | PSNR: 30.0886 | Loss: 5.5057 | lr: 6.25e-05 | Best_PSNR: 30.0894 in Epoch [583]
2022-07-10 02:10:25,039 INFO: Epoch: 592 | PSNR: 30.0890 | Loss: 5.5334 | lr: 6.25e-05 | Best_PSNR: 30.0894 in Epoch [583]
2022-07-10 02:10:51,107 INFO: Epoch: 593 | PSNR: 30.0889 | Loss: 5.5667 | lr: 6.25e-05 | Best_PSNR: 30.0894 in Epoch [583]
2022-07-10 02:11:18,173 INFO: Epoch: 594 | PSNR: 30.0892 | Loss: 5.4596 | lr: 6.25e-05 | Best_PSNR: 30.0894 in Epoch [583]
2022-07-10 02:11:56,532 INFO: Epoch: 595 | PSNR: 30.0888 | Loss: 5.5532 | lr: 6.25e-05 | Best_PSNR: 30.0894 in Epoch [583]
2022-07-10 02:12:30,063 INFO: Epoch: 596 | PSNR: 30.0892 | Loss: 5.5113 | lr: 6.25e-05 | Best_PSNR: 30.0894 in Epoch [583]
2022-07-10 02:12:57,554 INFO: Epoch: 597 | PSNR: 30.0890 | Loss: 5.5151 | lr: 6.25e-05 | Best_PSNR: 30.0894 in Epoch [583]
2022-07-10 02:13:22,421 INFO: Epoch: 598 | PSNR: 30.0885 | Loss: 5.5375 | lr: 6.25e-05 | Best_PSNR: 30.0894 in Epoch [583]
2022-07-10 02:13:51,239 INFO: Epoch: 599 | PSNR: 30.0887 | Loss: 5.5034 | lr: 6.25e-05 | Best_PSNR: 30.0894 in Epoch [583]
2022-07-10 02:14:16,652 INFO: Epoch: 600 | PSNR: 30.0888 | Loss: 5.5507 | lr: 6.25e-05 | Best_PSNR: 30.0894 in Epoch [583]
