2022-07-06 02:36:31,286 INFO: Create train dataset successfully!
2022-07-06 02:36:31,286 INFO: Training: [1000] iterations for each epoch
2022-07-06 02:36:31,286 INFO: Create val dataset successfully!
2022-07-06 02:36:31,286 INFO: Validating: [100] iterations for each epoch
2022-07-06 02:36:31,286 INFO: Preparing for experiment: [baseline]
2022-07-06 02:36:32,282 INFO: Create model successfully! Params: [42.54]K
2022-07-06 02:36:32,282 INFO: Start training...
2022-07-06 02:37:17,769 INFO: Epoch: 0 | PSNR: 27.0462 | Loss: 7.3744 | lr: 1.00e-03 | Best_PSNR: 27.0462 in Epoch [0]
2022-07-06 02:37:45,729 INFO: Epoch: 1 | PSNR: 29.2772 | Loss: 6.2430 | lr: 1.00e-03 | Best_PSNR: 29.2772 in Epoch [1]
2022-07-06 02:38:10,988 INFO: Epoch: 2 | PSNR: 29.3779 | Loss: 5.9946 | lr: 1.00e-03 | Best_PSNR: 29.3779 in Epoch [2]
2022-07-06 02:38:36,402 INFO: Epoch: 3 | PSNR: 29.4585 | Loss: 5.9086 | lr: 1.00e-03 | Best_PSNR: 29.4585 in Epoch [3]
2022-07-06 02:39:03,321 INFO: Epoch: 4 | PSNR: 29.4849 | Loss: 5.9447 | lr: 1.00e-03 | Best_PSNR: 29.4849 in Epoch [4]
2022-07-06 02:39:29,842 INFO: Epoch: 5 | PSNR: 29.5115 | Loss: 5.8134 | lr: 1.00e-03 | Best_PSNR: 29.5115 in Epoch [5]
2022-07-06 02:39:56,973 INFO: Epoch: 6 | PSNR: 29.5498 | Loss: 5.8740 | lr: 1.00e-03 | Best_PSNR: 29.5498 in Epoch [6]
2022-07-06 02:40:23,305 INFO: Epoch: 7 | PSNR: 29.5619 | Loss: 5.8486 | lr: 1.00e-03 | Best_PSNR: 29.5619 in Epoch [7]
2022-07-06 02:40:46,753 INFO: Epoch: 8 | PSNR: 29.5938 | Loss: 5.8446 | lr: 1.00e-03 | Best_PSNR: 29.5938 in Epoch [8]
2022-07-06 02:41:09,415 INFO: Epoch: 9 | PSNR: 29.5873 | Loss: 5.8132 | lr: 1.00e-03 | Best_PSNR: 29.5938 in Epoch [8]
2022-07-06 02:41:33,066 INFO: Epoch: 10 | PSNR: 29.6206 | Loss: 5.7973 | lr: 1.00e-03 | Best_PSNR: 29.6206 in Epoch [10]
2022-07-06 02:41:57,582 INFO: Epoch: 11 | PSNR: 29.6331 | Loss: 5.8486 | lr: 1.00e-03 | Best_PSNR: 29.6331 in Epoch [11]
2022-07-06 02:42:21,661 INFO: Epoch: 12 | PSNR: 29.6351 | Loss: 5.8766 | lr: 1.00e-03 | Best_PSNR: 29.6351 in Epoch [12]
2022-07-06 02:42:45,852 INFO: Epoch: 13 | PSNR: 29.6313 | Loss: 5.7630 | lr: 1.00e-03 | Best_PSNR: 29.6351 in Epoch [12]
2022-07-06 02:43:10,903 INFO: Epoch: 14 | PSNR: 29.6418 | Loss: 5.7723 | lr: 1.00e-03 | Best_PSNR: 29.6418 in Epoch [14]
2022-07-06 02:43:34,738 INFO: Epoch: 15 | PSNR: 29.6265 | Loss: 5.7975 | lr: 1.00e-03 | Best_PSNR: 29.6418 in Epoch [14]
2022-07-06 02:43:59,512 INFO: Epoch: 16 | PSNR: 29.6647 | Loss: 5.7633 | lr: 1.00e-03 | Best_PSNR: 29.6647 in Epoch [16]
2022-07-06 02:44:23,484 INFO: Epoch: 17 | PSNR: 29.6187 | Loss: 5.8440 | lr: 1.00e-03 | Best_PSNR: 29.6647 in Epoch [16]
2022-07-06 02:44:48,447 INFO: Epoch: 18 | PSNR: 29.6720 | Loss: 5.7993 | lr: 1.00e-03 | Best_PSNR: 29.6720 in Epoch [18]
2022-07-06 02:45:13,483 INFO: Epoch: 19 | PSNR: 29.4854 | Loss: 5.7689 | lr: 1.00e-03 | Best_PSNR: 29.6720 in Epoch [18]
2022-07-06 02:45:37,745 INFO: Epoch: 20 | PSNR: 29.6339 | Loss: 5.7693 | lr: 1.00e-03 | Best_PSNR: 29.6720 in Epoch [18]
2022-07-06 02:46:00,657 INFO: Epoch: 21 | PSNR: 29.6653 | Loss: 5.7968 | lr: 1.00e-03 | Best_PSNR: 29.6720 in Epoch [18]
2022-07-06 02:46:23,820 INFO: Epoch: 22 | PSNR: 29.5896 | Loss: 5.7901 | lr: 1.00e-03 | Best_PSNR: 29.6720 in Epoch [18]
2022-07-06 02:46:47,079 INFO: Epoch: 23 | PSNR: 29.6432 | Loss: 5.7522 | lr: 1.00e-03 | Best_PSNR: 29.6720 in Epoch [18]
2022-07-06 02:47:10,538 INFO: Epoch: 24 | PSNR: 29.6869 | Loss: 5.8201 | lr: 1.00e-03 | Best_PSNR: 29.6869 in Epoch [24]
2022-07-06 02:47:33,497 INFO: Epoch: 25 | PSNR: 29.6653 | Loss: 5.7370 | lr: 1.00e-03 | Best_PSNR: 29.6869 in Epoch [24]
2022-07-06 02:47:56,307 INFO: Epoch: 26 | PSNR: 29.6827 | Loss: 5.7540 | lr: 1.00e-03 | Best_PSNR: 29.6869 in Epoch [24]
2022-07-06 02:48:19,980 INFO: Epoch: 27 | PSNR: 29.7007 | Loss: 5.7699 | lr: 1.00e-03 | Best_PSNR: 29.7007 in Epoch [27]
2022-07-06 02:48:43,011 INFO: Epoch: 28 | PSNR: 29.6996 | Loss: 5.7943 | lr: 1.00e-03 | Best_PSNR: 29.7007 in Epoch [27]
2022-07-06 02:49:06,665 INFO: Epoch: 29 | PSNR: 29.6972 | Loss: 5.7774 | lr: 1.00e-03 | Best_PSNR: 29.7007 in Epoch [27]
2022-07-06 02:49:30,253 INFO: Epoch: 30 | PSNR: 29.7041 | Loss: 5.7403 | lr: 1.00e-03 | Best_PSNR: 29.7041 in Epoch [30]
2022-07-06 02:49:53,606 INFO: Epoch: 31 | PSNR: 29.7233 | Loss: 5.7651 | lr: 1.00e-03 | Best_PSNR: 29.7233 in Epoch [31]
2022-07-06 02:50:16,677 INFO: Epoch: 32 | PSNR: 29.6757 | Loss: 5.7940 | lr: 1.00e-03 | Best_PSNR: 29.7233 in Epoch [31]
2022-07-06 02:50:39,417 INFO: Epoch: 33 | PSNR: 29.7064 | Loss: 5.7456 | lr: 1.00e-03 | Best_PSNR: 29.7233 in Epoch [31]
2022-07-06 02:51:02,472 INFO: Epoch: 34 | PSNR: 29.7199 | Loss: 5.7135 | lr: 1.00e-03 | Best_PSNR: 29.7233 in Epoch [31]
2022-07-06 02:51:25,268 INFO: Epoch: 35 | PSNR: 29.6861 | Loss: 5.7642 | lr: 1.00e-03 | Best_PSNR: 29.7233 in Epoch [31]
2022-07-06 02:51:47,796 INFO: Epoch: 36 | PSNR: 29.7039 | Loss: 5.7606 | lr: 1.00e-03 | Best_PSNR: 29.7233 in Epoch [31]
2022-07-06 02:52:10,484 INFO: Epoch: 37 | PSNR: 29.6737 | Loss: 5.7389 | lr: 1.00e-03 | Best_PSNR: 29.7233 in Epoch [31]
2022-07-06 02:52:33,917 INFO: Epoch: 38 | PSNR: 29.7341 | Loss: 5.6659 | lr: 1.00e-03 | Best_PSNR: 29.7341 in Epoch [38]
2022-07-06 02:52:56,498 INFO: Epoch: 39 | PSNR: 29.7264 | Loss: 5.7246 | lr: 1.00e-03 | Best_PSNR: 29.7341 in Epoch [38]
2022-07-06 02:53:18,895 INFO: Epoch: 40 | PSNR: 29.7132 | Loss: 5.7293 | lr: 1.00e-03 | Best_PSNR: 29.7341 in Epoch [38]
2022-07-06 02:53:42,421 INFO: Epoch: 41 | PSNR: 29.7379 | Loss: 5.7548 | lr: 1.00e-03 | Best_PSNR: 29.7379 in Epoch [41]
2022-07-06 02:54:04,927 INFO: Epoch: 42 | PSNR: 29.7368 | Loss: 5.7295 | lr: 1.00e-03 | Best_PSNR: 29.7379 in Epoch [41]
2022-07-06 02:54:27,498 INFO: Epoch: 43 | PSNR: 29.7259 | Loss: 5.7226 | lr: 1.00e-03 | Best_PSNR: 29.7379 in Epoch [41]
2022-07-06 02:54:50,066 INFO: Epoch: 44 | PSNR: 29.7265 | Loss: 5.7854 | lr: 1.00e-03 | Best_PSNR: 29.7379 in Epoch [41]
2022-07-06 02:55:13,285 INFO: Epoch: 45 | PSNR: 29.7467 | Loss: 5.7410 | lr: 1.00e-03 | Best_PSNR: 29.7467 in Epoch [45]
2022-07-06 02:55:35,912 INFO: Epoch: 46 | PSNR: 29.7431 | Loss: 5.7957 | lr: 1.00e-03 | Best_PSNR: 29.7467 in Epoch [45]
2022-07-06 02:55:58,972 INFO: Epoch: 47 | PSNR: 29.7485 | Loss: 5.6826 | lr: 1.00e-03 | Best_PSNR: 29.7485 in Epoch [47]
2022-07-06 02:56:21,641 INFO: Epoch: 48 | PSNR: 29.7414 | Loss: 5.7635 | lr: 1.00e-03 | Best_PSNR: 29.7485 in Epoch [47]
2022-07-06 02:56:45,128 INFO: Epoch: 49 | PSNR: 29.7566 | Loss: 5.6913 | lr: 1.00e-03 | Best_PSNR: 29.7566 in Epoch [49]
2022-07-06 02:57:07,697 INFO: Epoch: 50 | PSNR: 29.7552 | Loss: 5.7463 | lr: 1.00e-03 | Best_PSNR: 29.7566 in Epoch [49]
2022-07-06 02:57:30,728 INFO: Epoch: 51 | PSNR: 29.7594 | Loss: 5.6633 | lr: 1.00e-03 | Best_PSNR: 29.7594 in Epoch [51]
2022-07-06 02:57:53,241 INFO: Epoch: 52 | PSNR: 29.7414 | Loss: 5.7463 | lr: 1.00e-03 | Best_PSNR: 29.7594 in Epoch [51]
2022-07-06 02:58:15,830 INFO: Epoch: 53 | PSNR: 29.7462 | Loss: 5.7288 | lr: 1.00e-03 | Best_PSNR: 29.7594 in Epoch [51]
2022-07-06 02:58:38,345 INFO: Epoch: 54 | PSNR: 29.7492 | Loss: 5.7598 | lr: 1.00e-03 | Best_PSNR: 29.7594 in Epoch [51]
2022-07-06 02:59:01,201 INFO: Epoch: 55 | PSNR: 29.7485 | Loss: 5.6717 | lr: 1.00e-03 | Best_PSNR: 29.7594 in Epoch [51]
2022-07-06 02:59:24,438 INFO: Epoch: 56 | PSNR: 29.7597 | Loss: 5.7356 | lr: 1.00e-03 | Best_PSNR: 29.7597 in Epoch [56]
2022-07-06 02:59:46,851 INFO: Epoch: 57 | PSNR: 29.6070 | Loss: 5.7832 | lr: 1.00e-03 | Best_PSNR: 29.7597 in Epoch [56]
2022-07-06 03:00:09,827 INFO: Epoch: 58 | PSNR: 29.7629 | Loss: 5.7205 | lr: 1.00e-03 | Best_PSNR: 29.7629 in Epoch [58]
2022-07-06 03:00:32,387 INFO: Epoch: 59 | PSNR: 29.7058 | Loss: 5.7519 | lr: 1.00e-03 | Best_PSNR: 29.7629 in Epoch [58]
2022-07-06 03:00:55,190 INFO: Epoch: 60 | PSNR: 29.6583 | Loss: 5.6681 | lr: 1.00e-03 | Best_PSNR: 29.7629 in Epoch [58]
2022-07-06 03:01:17,755 INFO: Epoch: 61 | PSNR: 29.7519 | Loss: 5.7297 | lr: 1.00e-03 | Best_PSNR: 29.7629 in Epoch [58]
2022-07-06 03:01:40,280 INFO: Epoch: 62 | PSNR: 29.7574 | Loss: 5.7053 | lr: 1.00e-03 | Best_PSNR: 29.7629 in Epoch [58]
2022-07-06 03:02:03,381 INFO: Epoch: 63 | PSNR: 29.7685 | Loss: 5.7242 | lr: 1.00e-03 | Best_PSNR: 29.7685 in Epoch [63]
2022-07-06 03:02:26,132 INFO: Epoch: 64 | PSNR: 29.7250 | Loss: 5.7450 | lr: 1.00e-03 | Best_PSNR: 29.7685 in Epoch [63]
2022-07-06 03:02:48,891 INFO: Epoch: 65 | PSNR: 29.7637 | Loss: 5.6827 | lr: 1.00e-03 | Best_PSNR: 29.7685 in Epoch [63]
2022-07-06 03:03:11,991 INFO: Epoch: 66 | PSNR: 29.7187 | Loss: 5.6857 | lr: 1.00e-03 | Best_PSNR: 29.7685 in Epoch [63]
2022-07-06 03:03:34,725 INFO: Epoch: 67 | PSNR: 29.7378 | Loss: 5.7425 | lr: 1.00e-03 | Best_PSNR: 29.7685 in Epoch [63]
2022-07-06 03:03:57,570 INFO: Epoch: 68 | PSNR: 29.7328 | Loss: 5.6864 | lr: 1.00e-03 | Best_PSNR: 29.7685 in Epoch [63]
2022-07-06 03:04:20,968 INFO: Epoch: 69 | PSNR: 29.7765 | Loss: 5.7065 | lr: 1.00e-03 | Best_PSNR: 29.7765 in Epoch [69]
2022-07-06 03:04:43,674 INFO: Epoch: 70 | PSNR: 29.7372 | Loss: 5.7040 | lr: 1.00e-03 | Best_PSNR: 29.7765 in Epoch [69]
2022-07-06 03:05:06,665 INFO: Epoch: 71 | PSNR: 29.7693 | Loss: 5.7062 | lr: 1.00e-03 | Best_PSNR: 29.7765 in Epoch [69]
2022-07-06 03:05:29,449 INFO: Epoch: 72 | PSNR: 29.7416 | Loss: 5.7561 | lr: 1.00e-03 | Best_PSNR: 29.7765 in Epoch [69]
2022-07-06 03:05:52,291 INFO: Epoch: 73 | PSNR: 29.7673 | Loss: 5.6788 | lr: 1.00e-03 | Best_PSNR: 29.7765 in Epoch [69]
2022-07-06 03:06:14,506 INFO: Epoch: 74 | PSNR: 29.6989 | Loss: 5.6513 | lr: 1.00e-03 | Best_PSNR: 29.7765 in Epoch [69]
2022-07-06 03:06:37,186 INFO: Epoch: 75 | PSNR: 29.7775 | Loss: 5.7460 | lr: 1.00e-03 | Best_PSNR: 29.7775 in Epoch [75]
2022-07-06 03:07:00,082 INFO: Epoch: 76 | PSNR: 29.7567 | Loss: 5.7204 | lr: 1.00e-03 | Best_PSNR: 29.7775 in Epoch [75]
2022-07-06 03:07:23,306 INFO: Epoch: 77 | PSNR: 29.7901 | Loss: 5.7109 | lr: 1.00e-03 | Best_PSNR: 29.7901 in Epoch [77]
2022-07-06 03:07:46,722 INFO: Epoch: 78 | PSNR: 29.8691 | Loss: 5.6788 | lr: 1.00e-03 | Best_PSNR: 29.8691 in Epoch [78]
2022-07-06 03:08:10,432 INFO: Epoch: 79 | PSNR: 29.8778 | Loss: 5.6876 | lr: 1.00e-03 | Best_PSNR: 29.8778 in Epoch [79]
2022-07-06 03:08:34,054 INFO: Epoch: 80 | PSNR: 29.9116 | Loss: 5.6318 | lr: 1.00e-03 | Best_PSNR: 29.9116 in Epoch [80]
2022-07-06 03:08:57,342 INFO: Epoch: 81 | PSNR: 29.9352 | Loss: 5.6408 | lr: 1.00e-03 | Best_PSNR: 29.9352 in Epoch [81]
2022-07-06 03:09:19,938 INFO: Epoch: 82 | PSNR: 29.9292 | Loss: 5.6461 | lr: 1.00e-03 | Best_PSNR: 29.9352 in Epoch [81]
2022-07-06 03:09:43,164 INFO: Epoch: 83 | PSNR: 29.9648 | Loss: 5.5884 | lr: 1.00e-03 | Best_PSNR: 29.9648 in Epoch [83]
2022-07-06 03:10:05,867 INFO: Epoch: 84 | PSNR: 29.9080 | Loss: 5.6020 | lr: 1.00e-03 | Best_PSNR: 29.9648 in Epoch [83]
2022-07-06 03:10:28,552 INFO: Epoch: 85 | PSNR: 29.9519 | Loss: 5.6097 | lr: 1.00e-03 | Best_PSNR: 29.9648 in Epoch [83]
2022-07-06 03:10:51,225 INFO: Epoch: 86 | PSNR: 29.9500 | Loss: 5.6386 | lr: 1.00e-03 | Best_PSNR: 29.9648 in Epoch [83]
2022-07-06 03:11:15,094 INFO: Epoch: 87 | PSNR: 29.9705 | Loss: 5.6220 | lr: 1.00e-03 | Best_PSNR: 29.9705 in Epoch [87]
2022-07-06 03:11:38,501 INFO: Epoch: 88 | PSNR: 29.9864 | Loss: 5.6112 | lr: 1.00e-03 | Best_PSNR: 29.9864 in Epoch [88]
2022-07-06 03:12:01,884 INFO: Epoch: 89 | PSNR: 29.9997 | Loss: 5.6233 | lr: 1.00e-03 | Best_PSNR: 29.9997 in Epoch [89]
2022-07-06 03:12:24,864 INFO: Epoch: 90 | PSNR: 29.9660 | Loss: 5.6112 | lr: 1.00e-03 | Best_PSNR: 29.9997 in Epoch [89]
2022-07-06 03:12:47,587 INFO: Epoch: 91 | PSNR: 29.9549 | Loss: 5.5703 | lr: 1.00e-03 | Best_PSNR: 29.9997 in Epoch [89]
2022-07-06 03:13:10,568 INFO: Epoch: 92 | PSNR: 29.9749 | Loss: 5.6025 | lr: 1.00e-03 | Best_PSNR: 29.9997 in Epoch [89]
2022-07-06 03:13:33,545 INFO: Epoch: 93 | PSNR: 29.9813 | Loss: 5.5866 | lr: 1.00e-03 | Best_PSNR: 29.9997 in Epoch [89]
2022-07-06 03:13:56,410 INFO: Epoch: 94 | PSNR: 29.9854 | Loss: 5.5727 | lr: 1.00e-03 | Best_PSNR: 29.9997 in Epoch [89]
2022-07-06 03:14:19,200 INFO: Epoch: 95 | PSNR: 29.9640 | Loss: 5.5885 | lr: 1.00e-03 | Best_PSNR: 29.9997 in Epoch [89]
2022-07-06 03:14:41,948 INFO: Epoch: 96 | PSNR: 29.9912 | Loss: 5.6355 | lr: 1.00e-03 | Best_PSNR: 29.9997 in Epoch [89]
2022-07-06 03:15:04,983 INFO: Epoch: 97 | PSNR: 29.9804 | Loss: 5.5333 | lr: 1.00e-03 | Best_PSNR: 29.9997 in Epoch [89]
2022-07-06 03:15:27,771 INFO: Epoch: 98 | PSNR: 29.9805 | Loss: 5.6236 | lr: 1.00e-03 | Best_PSNR: 29.9997 in Epoch [89]
2022-07-06 03:15:50,808 INFO: Epoch: 99 | PSNR: 29.9468 | Loss: 5.5527 | lr: 1.00e-03 | Best_PSNR: 29.9997 in Epoch [89]
2022-07-06 03:16:13,656 INFO: Epoch: 100 | PSNR: 29.9971 | Loss: 5.5649 | lr: 1.00e-03 | Best_PSNR: 29.9997 in Epoch [89]
2022-07-06 03:16:37,083 INFO: Epoch: 101 | PSNR: 30.0023 | Loss: 5.5757 | lr: 1.00e-03 | Best_PSNR: 30.0023 in Epoch [101]
2022-07-06 03:17:00,099 INFO: Epoch: 102 | PSNR: 29.9886 | Loss: 5.5433 | lr: 1.00e-03 | Best_PSNR: 30.0023 in Epoch [101]
2022-07-06 03:17:22,968 INFO: Epoch: 103 | PSNR: 29.9808 | Loss: 5.5383 | lr: 1.00e-03 | Best_PSNR: 30.0023 in Epoch [101]
2022-07-06 03:17:45,695 INFO: Epoch: 104 | PSNR: 30.0012 | Loss: 5.6001 | lr: 1.00e-03 | Best_PSNR: 30.0023 in Epoch [101]
2022-07-06 03:18:08,790 INFO: Epoch: 105 | PSNR: 29.9637 | Loss: 5.6033 | lr: 1.00e-03 | Best_PSNR: 30.0023 in Epoch [101]
2022-07-06 03:18:31,869 INFO: Epoch: 106 | PSNR: 29.9605 | Loss: 5.6078 | lr: 1.00e-03 | Best_PSNR: 30.0023 in Epoch [101]
2022-07-06 03:18:54,867 INFO: Epoch: 107 | PSNR: 29.9873 | Loss: 5.5898 | lr: 1.00e-03 | Best_PSNR: 30.0023 in Epoch [101]
2022-07-06 03:19:18,353 INFO: Epoch: 108 | PSNR: 30.0065 | Loss: 5.5699 | lr: 1.00e-03 | Best_PSNR: 30.0065 in Epoch [108]
2022-07-06 03:19:41,882 INFO: Epoch: 109 | PSNR: 30.0053 | Loss: 5.6924 | lr: 1.00e-03 | Best_PSNR: 30.0065 in Epoch [108]
2022-07-06 03:20:05,185 INFO: Epoch: 110 | PSNR: 29.9574 | Loss: 5.6285 | lr: 1.00e-03 | Best_PSNR: 30.0065 in Epoch [108]
2022-07-06 03:20:28,822 INFO: Epoch: 111 | PSNR: 30.0166 | Loss: 5.6270 | lr: 1.00e-03 | Best_PSNR: 30.0166 in Epoch [111]
2022-07-06 03:20:51,660 INFO: Epoch: 112 | PSNR: 29.9763 | Loss: 5.5944 | lr: 1.00e-03 | Best_PSNR: 30.0166 in Epoch [111]
2022-07-06 03:21:15,059 INFO: Epoch: 113 | PSNR: 29.9916 | Loss: 5.5773 | lr: 1.00e-03 | Best_PSNR: 30.0166 in Epoch [111]
2022-07-06 03:21:38,036 INFO: Epoch: 114 | PSNR: 29.9979 | Loss: 5.6392 | lr: 1.00e-03 | Best_PSNR: 30.0166 in Epoch [111]
2022-07-06 03:22:00,781 INFO: Epoch: 115 | PSNR: 30.0028 | Loss: 5.5502 | lr: 1.00e-03 | Best_PSNR: 30.0166 in Epoch [111]
2022-07-06 03:22:23,565 INFO: Epoch: 116 | PSNR: 29.9998 | Loss: 5.5679 | lr: 1.00e-03 | Best_PSNR: 30.0166 in Epoch [111]
2022-07-06 03:22:46,436 INFO: Epoch: 117 | PSNR: 29.9759 | Loss: 5.6054 | lr: 1.00e-03 | Best_PSNR: 30.0166 in Epoch [111]
2022-07-06 03:23:09,285 INFO: Epoch: 118 | PSNR: 30.0127 | Loss: 5.5440 | lr: 1.00e-03 | Best_PSNR: 30.0166 in Epoch [111]
2022-07-06 03:23:32,068 INFO: Epoch: 119 | PSNR: 29.9934 | Loss: 5.5886 | lr: 1.00e-03 | Best_PSNR: 30.0166 in Epoch [111]
2022-07-06 03:23:55,585 INFO: Epoch: 120 | PSNR: 30.0183 | Loss: 5.4902 | lr: 5.00e-04 | Best_PSNR: 30.0183 in Epoch [120]
2022-07-06 03:24:19,261 INFO: Epoch: 121 | PSNR: 30.0225 | Loss: 5.5676 | lr: 5.00e-04 | Best_PSNR: 30.0225 in Epoch [121]
2022-07-06 03:24:42,953 INFO: Epoch: 122 | PSNR: 30.0361 | Loss: 5.5969 | lr: 5.00e-04 | Best_PSNR: 30.0361 in Epoch [122]
2022-07-06 03:25:05,946 INFO: Epoch: 123 | PSNR: 30.0215 | Loss: 5.5685 | lr: 5.00e-04 | Best_PSNR: 30.0361 in Epoch [122]
2022-07-06 03:25:28,705 INFO: Epoch: 124 | PSNR: 30.0318 | Loss: 5.5572 | lr: 5.00e-04 | Best_PSNR: 30.0361 in Epoch [122]
2022-07-06 03:25:52,264 INFO: Epoch: 125 | PSNR: 30.0391 | Loss: 5.5621 | lr: 5.00e-04 | Best_PSNR: 30.0391 in Epoch [125]
2022-07-06 03:26:14,991 INFO: Epoch: 126 | PSNR: 30.0277 | Loss: 5.5682 | lr: 5.00e-04 | Best_PSNR: 30.0391 in Epoch [125]
2022-07-06 03:26:38,000 INFO: Epoch: 127 | PSNR: 30.0371 | Loss: 5.5570 | lr: 5.00e-04 | Best_PSNR: 30.0391 in Epoch [125]
2022-07-06 03:27:01,014 INFO: Epoch: 128 | PSNR: 30.0354 | Loss: 5.5743 | lr: 5.00e-04 | Best_PSNR: 30.0391 in Epoch [125]
2022-07-06 03:27:24,008 INFO: Epoch: 129 | PSNR: 30.0311 | Loss: 5.5455 | lr: 5.00e-04 | Best_PSNR: 30.0391 in Epoch [125]
2022-07-06 03:27:46,752 INFO: Epoch: 130 | PSNR: 30.0323 | Loss: 5.5933 | lr: 5.00e-04 | Best_PSNR: 30.0391 in Epoch [125]
2022-07-06 03:28:09,811 INFO: Epoch: 131 | PSNR: 30.0269 | Loss: 5.5381 | lr: 5.00e-04 | Best_PSNR: 30.0391 in Epoch [125]
2022-07-06 03:28:32,364 INFO: Epoch: 132 | PSNR: 30.0364 | Loss: 5.5918 | lr: 5.00e-04 | Best_PSNR: 30.0391 in Epoch [125]
2022-07-06 03:28:54,841 INFO: Epoch: 133 | PSNR: 30.0365 | Loss: 5.5751 | lr: 5.00e-04 | Best_PSNR: 30.0391 in Epoch [125]
2022-07-06 03:29:18,335 INFO: Epoch: 134 | PSNR: 30.0416 | Loss: 5.5600 | lr: 5.00e-04 | Best_PSNR: 30.0416 in Epoch [134]
2022-07-06 03:29:41,011 INFO: Epoch: 135 | PSNR: 30.0348 | Loss: 5.5161 | lr: 5.00e-04 | Best_PSNR: 30.0416 in Epoch [134]
2022-07-06 03:30:04,352 INFO: Epoch: 136 | PSNR: 30.0327 | Loss: 5.5662 | lr: 5.00e-04 | Best_PSNR: 30.0416 in Epoch [134]
2022-07-06 03:30:27,447 INFO: Epoch: 137 | PSNR: 30.0295 | Loss: 5.5587 | lr: 5.00e-04 | Best_PSNR: 30.0416 in Epoch [134]
2022-07-06 03:30:50,953 INFO: Epoch: 138 | PSNR: 30.0425 | Loss: 5.5394 | lr: 5.00e-04 | Best_PSNR: 30.0425 in Epoch [138]
2022-07-06 03:31:14,180 INFO: Epoch: 139 | PSNR: 30.0230 | Loss: 5.4916 | lr: 5.00e-04 | Best_PSNR: 30.0425 in Epoch [138]
2022-07-06 03:31:37,317 INFO: Epoch: 140 | PSNR: 30.0339 | Loss: 5.5426 | lr: 5.00e-04 | Best_PSNR: 30.0425 in Epoch [138]
2022-07-06 03:32:00,445 INFO: Epoch: 141 | PSNR: 30.0239 | Loss: 5.5757 | lr: 5.00e-04 | Best_PSNR: 30.0425 in Epoch [138]
2022-07-06 03:32:23,612 INFO: Epoch: 142 | PSNR: 30.0157 | Loss: 5.5347 | lr: 5.00e-04 | Best_PSNR: 30.0425 in Epoch [138]
2022-07-06 03:32:46,871 INFO: Epoch: 143 | PSNR: 30.0335 | Loss: 5.5718 | lr: 5.00e-04 | Best_PSNR: 30.0425 in Epoch [138]
2022-07-06 03:33:10,522 INFO: Epoch: 144 | PSNR: 30.0474 | Loss: 5.5226 | lr: 5.00e-04 | Best_PSNR: 30.0474 in Epoch [144]
2022-07-06 03:33:33,476 INFO: Epoch: 145 | PSNR: 30.0262 | Loss: 5.5114 | lr: 5.00e-04 | Best_PSNR: 30.0474 in Epoch [144]
2022-07-06 03:33:56,335 INFO: Epoch: 146 | PSNR: 30.0357 | Loss: 5.5931 | lr: 5.00e-04 | Best_PSNR: 30.0474 in Epoch [144]
2022-07-06 03:34:19,138 INFO: Epoch: 147 | PSNR: 29.9900 | Loss: 5.6492 | lr: 5.00e-04 | Best_PSNR: 30.0474 in Epoch [144]
2022-07-06 03:34:41,755 INFO: Epoch: 148 | PSNR: 30.0223 | Loss: 5.5210 | lr: 5.00e-04 | Best_PSNR: 30.0474 in Epoch [144]
2022-07-06 03:35:04,508 INFO: Epoch: 149 | PSNR: 30.0391 | Loss: 5.5554 | lr: 5.00e-04 | Best_PSNR: 30.0474 in Epoch [144]
2022-07-06 03:35:27,374 INFO: Epoch: 150 | PSNR: 30.0212 | Loss: 5.5394 | lr: 5.00e-04 | Best_PSNR: 30.0474 in Epoch [144]
2022-07-06 03:35:50,212 INFO: Epoch: 151 | PSNR: 30.0332 | Loss: 5.5585 | lr: 5.00e-04 | Best_PSNR: 30.0474 in Epoch [144]
2022-07-06 03:36:13,362 INFO: Epoch: 152 | PSNR: 30.0413 | Loss: 5.5565 | lr: 5.00e-04 | Best_PSNR: 30.0474 in Epoch [144]
2022-07-06 03:36:36,696 INFO: Epoch: 153 | PSNR: 30.0521 | Loss: 5.5407 | lr: 5.00e-04 | Best_PSNR: 30.0521 in Epoch [153]
2022-07-06 03:36:58,738 INFO: Epoch: 154 | PSNR: 30.0252 | Loss: 5.5356 | lr: 5.00e-04 | Best_PSNR: 30.0521 in Epoch [153]
2022-07-06 03:37:21,551 INFO: Epoch: 155 | PSNR: 30.0312 | Loss: 5.5740 | lr: 5.00e-04 | Best_PSNR: 30.0521 in Epoch [153]
2022-07-06 03:37:44,166 INFO: Epoch: 156 | PSNR: 30.0344 | Loss: 5.5777 | lr: 5.00e-04 | Best_PSNR: 30.0521 in Epoch [153]
2022-07-06 03:38:07,057 INFO: Epoch: 157 | PSNR: 30.0277 | Loss: 5.5660 | lr: 5.00e-04 | Best_PSNR: 30.0521 in Epoch [153]
2022-07-06 03:38:29,942 INFO: Epoch: 158 | PSNR: 30.0404 | Loss: 5.5790 | lr: 5.00e-04 | Best_PSNR: 30.0521 in Epoch [153]
2022-07-06 03:38:52,867 INFO: Epoch: 159 | PSNR: 30.0430 | Loss: 5.5472 | lr: 5.00e-04 | Best_PSNR: 30.0521 in Epoch [153]
2022-07-06 03:39:15,812 INFO: Epoch: 160 | PSNR: 30.0351 | Loss: 5.5200 | lr: 5.00e-04 | Best_PSNR: 30.0521 in Epoch [153]
2022-07-06 03:39:38,959 INFO: Epoch: 161 | PSNR: 30.0373 | Loss: 5.5983 | lr: 5.00e-04 | Best_PSNR: 30.0521 in Epoch [153]
2022-07-06 03:40:01,555 INFO: Epoch: 162 | PSNR: 30.0425 | Loss: 5.5643 | lr: 5.00e-04 | Best_PSNR: 30.0521 in Epoch [153]
2022-07-06 03:40:24,610 INFO: Epoch: 163 | PSNR: 30.0396 | Loss: 5.5369 | lr: 5.00e-04 | Best_PSNR: 30.0521 in Epoch [153]
2022-07-06 03:40:47,404 INFO: Epoch: 164 | PSNR: 30.0424 | Loss: 5.5801 | lr: 5.00e-04 | Best_PSNR: 30.0521 in Epoch [153]
2022-07-06 03:41:10,096 INFO: Epoch: 165 | PSNR: 30.0494 | Loss: 5.5556 | lr: 5.00e-04 | Best_PSNR: 30.0521 in Epoch [153]
2022-07-06 03:41:32,804 INFO: Epoch: 166 | PSNR: 30.0408 | Loss: 5.4737 | lr: 5.00e-04 | Best_PSNR: 30.0521 in Epoch [153]
2022-07-06 03:41:55,559 INFO: Epoch: 167 | PSNR: 30.0401 | Loss: 5.6024 | lr: 5.00e-04 | Best_PSNR: 30.0521 in Epoch [153]
2022-07-06 03:42:18,075 INFO: Epoch: 168 | PSNR: 30.0136 | Loss: 5.5433 | lr: 5.00e-04 | Best_PSNR: 30.0521 in Epoch [153]
2022-07-06 03:42:40,768 INFO: Epoch: 169 | PSNR: 30.0351 | Loss: 5.5716 | lr: 5.00e-04 | Best_PSNR: 30.0521 in Epoch [153]
2022-07-06 03:43:03,714 INFO: Epoch: 170 | PSNR: 30.0474 | Loss: 5.5368 | lr: 5.00e-04 | Best_PSNR: 30.0521 in Epoch [153]
2022-07-06 03:43:26,828 INFO: Epoch: 171 | PSNR: 30.0450 | Loss: 5.5518 | lr: 5.00e-04 | Best_PSNR: 30.0521 in Epoch [153]
2022-07-06 03:43:49,464 INFO: Epoch: 172 | PSNR: 30.0386 | Loss: 5.5185 | lr: 5.00e-04 | Best_PSNR: 30.0521 in Epoch [153]
2022-07-06 03:44:12,216 INFO: Epoch: 173 | PSNR: 30.0255 | Loss: 5.5308 | lr: 5.00e-04 | Best_PSNR: 30.0521 in Epoch [153]
2022-07-06 03:44:35,084 INFO: Epoch: 174 | PSNR: 30.0428 | Loss: 5.5132 | lr: 5.00e-04 | Best_PSNR: 30.0521 in Epoch [153]
2022-07-06 03:44:58,263 INFO: Epoch: 175 | PSNR: 30.0385 | Loss: 5.4889 | lr: 5.00e-04 | Best_PSNR: 30.0521 in Epoch [153]
2022-07-06 03:45:21,116 INFO: Epoch: 176 | PSNR: 30.0350 | Loss: 5.5923 | lr: 5.00e-04 | Best_PSNR: 30.0521 in Epoch [153]
2022-07-06 03:45:43,975 INFO: Epoch: 177 | PSNR: 30.0518 | Loss: 5.5174 | lr: 5.00e-04 | Best_PSNR: 30.0521 in Epoch [153]
2022-07-06 03:46:06,646 INFO: Epoch: 178 | PSNR: 30.0516 | Loss: 5.5426 | lr: 5.00e-04 | Best_PSNR: 30.0521 in Epoch [153]
2022-07-06 03:46:29,051 INFO: Epoch: 179 | PSNR: 30.0242 | Loss: 5.5079 | lr: 5.00e-04 | Best_PSNR: 30.0521 in Epoch [153]
2022-07-06 03:46:51,927 INFO: Epoch: 180 | PSNR: 29.9709 | Loss: 5.5348 | lr: 5.00e-04 | Best_PSNR: 30.0521 in Epoch [153]
2022-07-06 03:47:14,733 INFO: Epoch: 181 | PSNR: 30.0328 | Loss: 5.5752 | lr: 5.00e-04 | Best_PSNR: 30.0521 in Epoch [153]
2022-07-06 03:47:37,824 INFO: Epoch: 182 | PSNR: 30.0364 | Loss: 5.5544 | lr: 5.00e-04 | Best_PSNR: 30.0521 in Epoch [153]
2022-07-06 03:48:00,610 INFO: Epoch: 183 | PSNR: 30.0371 | Loss: 5.6079 | lr: 5.00e-04 | Best_PSNR: 30.0521 in Epoch [153]
2022-07-06 03:48:23,799 INFO: Epoch: 184 | PSNR: 30.0467 | Loss: 5.5965 | lr: 5.00e-04 | Best_PSNR: 30.0521 in Epoch [153]
2022-07-06 03:48:46,641 INFO: Epoch: 185 | PSNR: 30.0457 | Loss: 5.5172 | lr: 5.00e-04 | Best_PSNR: 30.0521 in Epoch [153]
2022-07-06 03:49:09,913 INFO: Epoch: 186 | PSNR: 30.0489 | Loss: 5.5440 | lr: 5.00e-04 | Best_PSNR: 30.0521 in Epoch [153]
2022-07-06 03:49:32,680 INFO: Epoch: 187 | PSNR: 30.0275 | Loss: 5.5157 | lr: 5.00e-04 | Best_PSNR: 30.0521 in Epoch [153]
2022-07-06 03:49:56,148 INFO: Epoch: 188 | PSNR: 30.0532 | Loss: 5.5485 | lr: 5.00e-04 | Best_PSNR: 30.0532 in Epoch [188]
2022-07-06 03:50:18,730 INFO: Epoch: 189 | PSNR: 30.0508 | Loss: 5.5920 | lr: 5.00e-04 | Best_PSNR: 30.0532 in Epoch [188]
2022-07-06 03:50:41,495 INFO: Epoch: 190 | PSNR: 30.0240 | Loss: 5.5992 | lr: 5.00e-04 | Best_PSNR: 30.0532 in Epoch [188]
2022-07-06 03:51:04,629 INFO: Epoch: 191 | PSNR: 30.0403 | Loss: 5.5896 | lr: 5.00e-04 | Best_PSNR: 30.0532 in Epoch [188]
2022-07-06 03:51:27,743 INFO: Epoch: 192 | PSNR: 30.0453 | Loss: 5.5716 | lr: 5.00e-04 | Best_PSNR: 30.0532 in Epoch [188]
2022-07-06 03:51:50,994 INFO: Epoch: 193 | PSNR: 30.0525 | Loss: 5.5604 | lr: 5.00e-04 | Best_PSNR: 30.0532 in Epoch [188]
2022-07-06 03:52:13,841 INFO: Epoch: 194 | PSNR: 30.0365 | Loss: 5.5526 | lr: 5.00e-04 | Best_PSNR: 30.0532 in Epoch [188]
2022-07-06 03:52:36,611 INFO: Epoch: 195 | PSNR: 29.9568 | Loss: 5.5277 | lr: 5.00e-04 | Best_PSNR: 30.0532 in Epoch [188]
2022-07-06 03:52:59,252 INFO: Epoch: 196 | PSNR: 30.0453 | Loss: 5.5163 | lr: 5.00e-04 | Best_PSNR: 30.0532 in Epoch [188]
2022-07-06 03:53:22,815 INFO: Epoch: 197 | PSNR: 30.0534 | Loss: 5.5741 | lr: 5.00e-04 | Best_PSNR: 30.0534 in Epoch [197]
2022-07-06 03:53:45,991 INFO: Epoch: 198 | PSNR: 30.0299 | Loss: 5.5775 | lr: 5.00e-04 | Best_PSNR: 30.0534 in Epoch [197]
2022-07-06 03:54:09,190 INFO: Epoch: 199 | PSNR: 30.0356 | Loss: 5.5429 | lr: 5.00e-04 | Best_PSNR: 30.0534 in Epoch [197]
2022-07-06 03:54:32,102 INFO: Epoch: 200 | PSNR: 30.0481 | Loss: 5.4961 | lr: 5.00e-04 | Best_PSNR: 30.0534 in Epoch [197]
2022-07-06 03:54:55,067 INFO: Epoch: 201 | PSNR: 30.0398 | Loss: 5.5350 | lr: 5.00e-04 | Best_PSNR: 30.0534 in Epoch [197]
2022-07-06 03:55:18,600 INFO: Epoch: 202 | PSNR: 30.0430 | Loss: 5.5741 | lr: 5.00e-04 | Best_PSNR: 30.0534 in Epoch [197]
2022-07-06 03:55:41,825 INFO: Epoch: 203 | PSNR: 30.0425 | Loss: 5.5439 | lr: 5.00e-04 | Best_PSNR: 30.0534 in Epoch [197]
2022-07-06 03:56:05,526 INFO: Epoch: 204 | PSNR: 30.0538 | Loss: 5.5127 | lr: 5.00e-04 | Best_PSNR: 30.0538 in Epoch [204]
2022-07-06 03:56:28,712 INFO: Epoch: 205 | PSNR: 30.0442 | Loss: 5.5348 | lr: 5.00e-04 | Best_PSNR: 30.0538 in Epoch [204]
2022-07-06 03:56:52,448 INFO: Epoch: 206 | PSNR: 30.0548 | Loss: 5.5453 | lr: 5.00e-04 | Best_PSNR: 30.0548 in Epoch [206]
2022-07-06 03:57:15,464 INFO: Epoch: 207 | PSNR: 30.0457 | Loss: 5.5615 | lr: 5.00e-04 | Best_PSNR: 30.0548 in Epoch [206]
2022-07-06 03:57:38,969 INFO: Epoch: 208 | PSNR: 30.0601 | Loss: 5.5327 | lr: 5.00e-04 | Best_PSNR: 30.0601 in Epoch [208]
2022-07-06 03:58:01,885 INFO: Epoch: 209 | PSNR: 30.0425 | Loss: 5.5748 | lr: 5.00e-04 | Best_PSNR: 30.0601 in Epoch [208]
2022-07-06 03:58:24,826 INFO: Epoch: 210 | PSNR: 30.0420 | Loss: 5.5629 | lr: 5.00e-04 | Best_PSNR: 30.0601 in Epoch [208]
2022-07-06 03:58:47,842 INFO: Epoch: 211 | PSNR: 30.0309 | Loss: 5.5322 | lr: 5.00e-04 | Best_PSNR: 30.0601 in Epoch [208]
2022-07-06 03:59:11,619 INFO: Epoch: 212 | PSNR: 30.0488 | Loss: 5.5233 | lr: 5.00e-04 | Best_PSNR: 30.0601 in Epoch [208]
2022-07-06 03:59:34,425 INFO: Epoch: 213 | PSNR: 30.0343 | Loss: 5.5605 | lr: 5.00e-04 | Best_PSNR: 30.0601 in Epoch [208]
2022-07-06 03:59:57,179 INFO: Epoch: 214 | PSNR: 30.0544 | Loss: 5.5558 | lr: 5.00e-04 | Best_PSNR: 30.0601 in Epoch [208]
2022-07-06 04:00:19,999 INFO: Epoch: 215 | PSNR: 30.0574 | Loss: 5.5243 | lr: 5.00e-04 | Best_PSNR: 30.0601 in Epoch [208]
2022-07-06 04:00:42,904 INFO: Epoch: 216 | PSNR: 30.0567 | Loss: 5.5310 | lr: 5.00e-04 | Best_PSNR: 30.0601 in Epoch [208]
2022-07-06 04:01:05,622 INFO: Epoch: 217 | PSNR: 30.0514 | Loss: 5.5192 | lr: 5.00e-04 | Best_PSNR: 30.0601 in Epoch [208]
2022-07-06 04:01:28,414 INFO: Epoch: 218 | PSNR: 30.0509 | Loss: 5.5291 | lr: 5.00e-04 | Best_PSNR: 30.0601 in Epoch [208]
2022-07-06 04:01:51,376 INFO: Epoch: 219 | PSNR: 30.0566 | Loss: 5.5613 | lr: 5.00e-04 | Best_PSNR: 30.0601 in Epoch [208]
2022-07-06 04:02:14,036 INFO: Epoch: 220 | PSNR: 30.0458 | Loss: 5.5659 | lr: 5.00e-04 | Best_PSNR: 30.0601 in Epoch [208]
2022-07-06 04:02:36,945 INFO: Epoch: 221 | PSNR: 30.0373 | Loss: 5.5949 | lr: 5.00e-04 | Best_PSNR: 30.0601 in Epoch [208]
2022-07-06 04:02:59,829 INFO: Epoch: 222 | PSNR: 30.0465 | Loss: 5.5946 | lr: 5.00e-04 | Best_PSNR: 30.0601 in Epoch [208]
2022-07-06 04:03:23,013 INFO: Epoch: 223 | PSNR: 30.0484 | Loss: 5.5791 | lr: 5.00e-04 | Best_PSNR: 30.0601 in Epoch [208]
2022-07-06 04:03:46,190 INFO: Epoch: 224 | PSNR: 30.0526 | Loss: 5.5682 | lr: 5.00e-04 | Best_PSNR: 30.0601 in Epoch [208]
2022-07-06 04:04:09,084 INFO: Epoch: 225 | PSNR: 30.0472 | Loss: 5.5267 | lr: 5.00e-04 | Best_PSNR: 30.0601 in Epoch [208]
2022-07-06 04:04:32,200 INFO: Epoch: 226 | PSNR: 30.0499 | Loss: 5.5681 | lr: 5.00e-04 | Best_PSNR: 30.0601 in Epoch [208]
2022-07-06 04:04:55,194 INFO: Epoch: 227 | PSNR: 30.0466 | Loss: 5.6199 | lr: 5.00e-04 | Best_PSNR: 30.0601 in Epoch [208]
2022-07-06 04:05:18,542 INFO: Epoch: 228 | PSNR: 30.0577 | Loss: 5.5413 | lr: 5.00e-04 | Best_PSNR: 30.0601 in Epoch [208]
2022-07-06 04:05:41,451 INFO: Epoch: 229 | PSNR: 30.0545 | Loss: 5.5168 | lr: 5.00e-04 | Best_PSNR: 30.0601 in Epoch [208]
2022-07-06 04:06:04,332 INFO: Epoch: 230 | PSNR: 30.0498 | Loss: 5.5773 | lr: 5.00e-04 | Best_PSNR: 30.0601 in Epoch [208]
2022-07-06 04:06:27,860 INFO: Epoch: 231 | PSNR: 30.0603 | Loss: 5.5371 | lr: 5.00e-04 | Best_PSNR: 30.0603 in Epoch [231]
2022-07-06 04:06:50,026 INFO: Epoch: 232 | PSNR: 30.0359 | Loss: 5.5562 | lr: 5.00e-04 | Best_PSNR: 30.0603 in Epoch [231]
2022-07-06 04:07:13,052 INFO: Epoch: 233 | PSNR: 30.0546 | Loss: 5.5735 | lr: 5.00e-04 | Best_PSNR: 30.0603 in Epoch [231]
2022-07-06 04:07:36,097 INFO: Epoch: 234 | PSNR: 30.0338 | Loss: 5.5152 | lr: 5.00e-04 | Best_PSNR: 30.0603 in Epoch [231]
2022-07-06 04:07:59,306 INFO: Epoch: 235 | PSNR: 30.0514 | Loss: 5.5553 | lr: 5.00e-04 | Best_PSNR: 30.0603 in Epoch [231]
2022-07-06 04:08:22,298 INFO: Epoch: 236 | PSNR: 30.0580 | Loss: 5.5476 | lr: 5.00e-04 | Best_PSNR: 30.0603 in Epoch [231]
2022-07-06 04:08:45,350 INFO: Epoch: 237 | PSNR: 30.0297 | Loss: 5.5570 | lr: 5.00e-04 | Best_PSNR: 30.0603 in Epoch [231]
2022-07-06 04:09:08,479 INFO: Epoch: 238 | PSNR: 30.0554 | Loss: 5.5576 | lr: 5.00e-04 | Best_PSNR: 30.0603 in Epoch [231]
2022-07-06 04:09:32,306 INFO: Epoch: 239 | PSNR: 30.0624 | Loss: 5.5115 | lr: 5.00e-04 | Best_PSNR: 30.0624 in Epoch [239]
2022-07-06 04:09:55,988 INFO: Epoch: 240 | PSNR: 30.0703 | Loss: 5.5542 | lr: 2.50e-04 | Best_PSNR: 30.0703 in Epoch [240]
2022-07-06 04:10:18,937 INFO: Epoch: 241 | PSNR: 30.0661 | Loss: 5.5657 | lr: 2.50e-04 | Best_PSNR: 30.0703 in Epoch [240]
2022-07-06 04:10:41,934 INFO: Epoch: 242 | PSNR: 30.0698 | Loss: 5.4952 | lr: 2.50e-04 | Best_PSNR: 30.0703 in Epoch [240]
2022-07-06 04:11:05,002 INFO: Epoch: 243 | PSNR: 30.0635 | Loss: 5.4938 | lr: 2.50e-04 | Best_PSNR: 30.0703 in Epoch [240]
2022-07-06 04:11:28,405 INFO: Epoch: 244 | PSNR: 30.0678 | Loss: 5.4986 | lr: 2.50e-04 | Best_PSNR: 30.0703 in Epoch [240]
2022-07-06 04:11:51,383 INFO: Epoch: 245 | PSNR: 30.0690 | Loss: 5.5047 | lr: 2.50e-04 | Best_PSNR: 30.0703 in Epoch [240]
2022-07-06 04:12:14,431 INFO: Epoch: 246 | PSNR: 30.0616 | Loss: 5.5342 | lr: 2.50e-04 | Best_PSNR: 30.0703 in Epoch [240]
2022-07-06 04:12:38,055 INFO: Epoch: 247 | PSNR: 30.0712 | Loss: 5.5712 | lr: 2.50e-04 | Best_PSNR: 30.0712 in Epoch [247]
2022-07-06 04:13:01,791 INFO: Epoch: 248 | PSNR: 30.0740 | Loss: 5.5752 | lr: 2.50e-04 | Best_PSNR: 30.0740 in Epoch [248]
2022-07-06 04:13:25,193 INFO: Epoch: 249 | PSNR: 30.0679 | Loss: 5.5404 | lr: 2.50e-04 | Best_PSNR: 30.0740 in Epoch [248]
2022-07-06 04:13:48,147 INFO: Epoch: 250 | PSNR: 30.0532 | Loss: 5.5936 | lr: 2.50e-04 | Best_PSNR: 30.0740 in Epoch [248]
2022-07-06 04:14:11,000 INFO: Epoch: 251 | PSNR: 30.0330 | Loss: 5.5052 | lr: 2.50e-04 | Best_PSNR: 30.0740 in Epoch [248]
2022-07-06 04:14:33,935 INFO: Epoch: 252 | PSNR: 30.0602 | Loss: 5.5454 | lr: 2.50e-04 | Best_PSNR: 30.0740 in Epoch [248]
2022-07-06 04:14:56,753 INFO: Epoch: 253 | PSNR: 30.0592 | Loss: 5.5037 | lr: 2.50e-04 | Best_PSNR: 30.0740 in Epoch [248]
2022-07-06 04:15:19,592 INFO: Epoch: 254 | PSNR: 30.0696 | Loss: 5.5809 | lr: 2.50e-04 | Best_PSNR: 30.0740 in Epoch [248]
2022-07-06 04:15:42,577 INFO: Epoch: 255 | PSNR: 30.0623 | Loss: 5.5342 | lr: 2.50e-04 | Best_PSNR: 30.0740 in Epoch [248]
2022-07-06 04:16:05,406 INFO: Epoch: 256 | PSNR: 30.0720 | Loss: 5.5520 | lr: 2.50e-04 | Best_PSNR: 30.0740 in Epoch [248]
2022-07-06 04:16:28,917 INFO: Epoch: 257 | PSNR: 30.0741 | Loss: 5.5102 | lr: 2.50e-04 | Best_PSNR: 30.0741 in Epoch [257]
2022-07-06 04:16:51,721 INFO: Epoch: 258 | PSNR: 30.0693 | Loss: 5.5641 | lr: 2.50e-04 | Best_PSNR: 30.0741 in Epoch [257]
2022-07-06 04:17:14,713 INFO: Epoch: 259 | PSNR: 30.0670 | Loss: 5.5317 | lr: 2.50e-04 | Best_PSNR: 30.0741 in Epoch [257]
2022-07-06 04:17:37,796 INFO: Epoch: 260 | PSNR: 30.0714 | Loss: 5.5470 | lr: 2.50e-04 | Best_PSNR: 30.0741 in Epoch [257]
2022-07-06 04:18:00,769 INFO: Epoch: 261 | PSNR: 30.0646 | Loss: 5.5339 | lr: 2.50e-04 | Best_PSNR: 30.0741 in Epoch [257]
2022-07-06 04:18:23,527 INFO: Epoch: 262 | PSNR: 30.0721 | Loss: 5.5328 | lr: 2.50e-04 | Best_PSNR: 30.0741 in Epoch [257]
2022-07-06 04:18:46,156 INFO: Epoch: 263 | PSNR: 30.0654 | Loss: 5.5457 | lr: 2.50e-04 | Best_PSNR: 30.0741 in Epoch [257]
2022-07-06 04:19:09,005 INFO: Epoch: 264 | PSNR: 30.0716 | Loss: 5.5344 | lr: 2.50e-04 | Best_PSNR: 30.0741 in Epoch [257]
2022-07-06 04:19:31,852 INFO: Epoch: 265 | PSNR: 30.0701 | Loss: 5.5016 | lr: 2.50e-04 | Best_PSNR: 30.0741 in Epoch [257]
2022-07-06 04:19:54,532 INFO: Epoch: 266 | PSNR: 30.0716 | Loss: 5.5141 | lr: 2.50e-04 | Best_PSNR: 30.0741 in Epoch [257]
2022-07-06 04:20:17,451 INFO: Epoch: 267 | PSNR: 30.0372 | Loss: 5.5725 | lr: 2.50e-04 | Best_PSNR: 30.0741 in Epoch [257]
2022-07-06 04:20:40,392 INFO: Epoch: 268 | PSNR: 30.0667 | Loss: 5.5487 | lr: 2.50e-04 | Best_PSNR: 30.0741 in Epoch [257]
2022-07-06 04:21:03,258 INFO: Epoch: 269 | PSNR: 30.0627 | Loss: 5.4559 | lr: 2.50e-04 | Best_PSNR: 30.0741 in Epoch [257]
2022-07-06 04:21:26,285 INFO: Epoch: 270 | PSNR: 30.0712 | Loss: 5.5598 | lr: 2.50e-04 | Best_PSNR: 30.0741 in Epoch [257]
2022-07-06 04:21:49,149 INFO: Epoch: 271 | PSNR: 30.0718 | Loss: 5.5203 | lr: 2.50e-04 | Best_PSNR: 30.0741 in Epoch [257]
2022-07-06 04:22:12,741 INFO: Epoch: 272 | PSNR: 30.0746 | Loss: 5.5483 | lr: 2.50e-04 | Best_PSNR: 30.0746 in Epoch [272]
2022-07-06 04:22:35,586 INFO: Epoch: 273 | PSNR: 30.0678 | Loss: 5.5230 | lr: 2.50e-04 | Best_PSNR: 30.0746 in Epoch [272]
2022-07-06 04:22:58,601 INFO: Epoch: 274 | PSNR: 30.0668 | Loss: 5.5213 | lr: 2.50e-04 | Best_PSNR: 30.0746 in Epoch [272]
2022-07-06 04:23:21,384 INFO: Epoch: 275 | PSNR: 30.0650 | Loss: 5.5578 | lr: 2.50e-04 | Best_PSNR: 30.0746 in Epoch [272]
2022-07-06 04:23:44,463 INFO: Epoch: 276 | PSNR: 30.0682 | Loss: 5.5649 | lr: 2.50e-04 | Best_PSNR: 30.0746 in Epoch [272]
2022-07-06 04:24:07,573 INFO: Epoch: 277 | PSNR: 30.0807 | Loss: 5.4980 | lr: 2.50e-04 | Best_PSNR: 30.0807 in Epoch [277]
2022-07-06 04:24:30,423 INFO: Epoch: 278 | PSNR: 30.0656 | Loss: 5.5211 | lr: 2.50e-04 | Best_PSNR: 30.0807 in Epoch [277]
2022-07-06 04:24:53,231 INFO: Epoch: 279 | PSNR: 30.0716 | Loss: 5.5608 | lr: 2.50e-04 | Best_PSNR: 30.0807 in Epoch [277]
2022-07-06 04:25:16,017 INFO: Epoch: 280 | PSNR: 30.0767 | Loss: 5.4999 | lr: 2.50e-04 | Best_PSNR: 30.0807 in Epoch [277]
2022-07-06 04:25:38,890 INFO: Epoch: 281 | PSNR: 30.0628 | Loss: 5.5254 | lr: 2.50e-04 | Best_PSNR: 30.0807 in Epoch [277]
2022-07-06 04:26:01,521 INFO: Epoch: 282 | PSNR: 30.0711 | Loss: 5.5505 | lr: 2.50e-04 | Best_PSNR: 30.0807 in Epoch [277]
2022-07-06 04:26:24,394 INFO: Epoch: 283 | PSNR: 30.0786 | Loss: 5.4923 | lr: 2.50e-04 | Best_PSNR: 30.0807 in Epoch [277]
2022-07-06 04:26:47,500 INFO: Epoch: 284 | PSNR: 30.0685 | Loss: 5.5737 | lr: 2.50e-04 | Best_PSNR: 30.0807 in Epoch [277]
2022-07-06 04:27:10,887 INFO: Epoch: 285 | PSNR: 30.0833 | Loss: 5.5282 | lr: 2.50e-04 | Best_PSNR: 30.0833 in Epoch [285]
2022-07-06 04:27:33,658 INFO: Epoch: 286 | PSNR: 30.0746 | Loss: 5.5561 | lr: 2.50e-04 | Best_PSNR: 30.0833 in Epoch [285]
2022-07-06 04:27:56,388 INFO: Epoch: 287 | PSNR: 30.0654 | Loss: 5.5874 | lr: 2.50e-04 | Best_PSNR: 30.0833 in Epoch [285]
2022-07-06 04:28:19,161 INFO: Epoch: 288 | PSNR: 30.0784 | Loss: 5.5313 | lr: 2.50e-04 | Best_PSNR: 30.0833 in Epoch [285]
2022-07-06 04:28:41,827 INFO: Epoch: 289 | PSNR: 30.0742 | Loss: 5.5092 | lr: 2.50e-04 | Best_PSNR: 30.0833 in Epoch [285]
2022-07-06 04:29:04,625 INFO: Epoch: 290 | PSNR: 30.0588 | Loss: 5.5509 | lr: 2.50e-04 | Best_PSNR: 30.0833 in Epoch [285]
2022-07-06 04:29:27,391 INFO: Epoch: 291 | PSNR: 30.0718 | Loss: 5.5369 | lr: 2.50e-04 | Best_PSNR: 30.0833 in Epoch [285]
2022-07-06 04:29:49,870 INFO: Epoch: 292 | PSNR: 30.0634 | Loss: 5.5517 | lr: 2.50e-04 | Best_PSNR: 30.0833 in Epoch [285]
2022-07-06 04:30:12,472 INFO: Epoch: 293 | PSNR: 30.0702 | Loss: 5.5442 | lr: 2.50e-04 | Best_PSNR: 30.0833 in Epoch [285]
2022-07-06 04:30:34,983 INFO: Epoch: 294 | PSNR: 30.0714 | Loss: 5.5782 | lr: 2.50e-04 | Best_PSNR: 30.0833 in Epoch [285]
2022-07-06 04:30:57,635 INFO: Epoch: 295 | PSNR: 30.0790 | Loss: 5.5177 | lr: 2.50e-04 | Best_PSNR: 30.0833 in Epoch [285]
2022-07-06 04:31:20,522 INFO: Epoch: 296 | PSNR: 30.0747 | Loss: 5.5380 | lr: 2.50e-04 | Best_PSNR: 30.0833 in Epoch [285]
2022-07-06 04:31:43,513 INFO: Epoch: 297 | PSNR: 30.0451 | Loss: 5.5472 | lr: 2.50e-04 | Best_PSNR: 30.0833 in Epoch [285]
2022-07-06 04:32:06,368 INFO: Epoch: 298 | PSNR: 30.0786 | Loss: 5.5591 | lr: 2.50e-04 | Best_PSNR: 30.0833 in Epoch [285]
2022-07-06 04:32:29,495 INFO: Epoch: 299 | PSNR: 30.0711 | Loss: 5.5629 | lr: 2.50e-04 | Best_PSNR: 30.0833 in Epoch [285]
2022-07-06 04:32:52,323 INFO: Epoch: 300 | PSNR: 30.0565 | Loss: 5.5308 | lr: 2.50e-04 | Best_PSNR: 30.0833 in Epoch [285]
2022-07-06 04:33:15,271 INFO: Epoch: 301 | PSNR: 30.0374 | Loss: 5.5464 | lr: 2.50e-04 | Best_PSNR: 30.0833 in Epoch [285]
2022-07-06 04:33:38,386 INFO: Epoch: 302 | PSNR: 30.0707 | Loss: 5.5642 | lr: 2.50e-04 | Best_PSNR: 30.0833 in Epoch [285]
2022-07-06 04:34:01,107 INFO: Epoch: 303 | PSNR: 30.0655 | Loss: 5.5027 | lr: 2.50e-04 | Best_PSNR: 30.0833 in Epoch [285]
2022-07-06 04:34:23,980 INFO: Epoch: 304 | PSNR: 30.0683 | Loss: 5.4929 | lr: 2.50e-04 | Best_PSNR: 30.0833 in Epoch [285]
2022-07-06 04:34:46,688 INFO: Epoch: 305 | PSNR: 30.0618 | Loss: 5.5522 | lr: 2.50e-04 | Best_PSNR: 30.0833 in Epoch [285]
2022-07-06 04:35:09,482 INFO: Epoch: 306 | PSNR: 30.0718 | Loss: 5.5483 | lr: 2.50e-04 | Best_PSNR: 30.0833 in Epoch [285]
2022-07-06 04:35:32,502 INFO: Epoch: 307 | PSNR: 30.0669 | Loss: 5.5233 | lr: 2.50e-04 | Best_PSNR: 30.0833 in Epoch [285]
2022-07-06 04:35:55,189 INFO: Epoch: 308 | PSNR: 30.0790 | Loss: 5.6136 | lr: 2.50e-04 | Best_PSNR: 30.0833 in Epoch [285]
2022-07-06 04:36:18,092 INFO: Epoch: 309 | PSNR: 30.0740 | Loss: 5.4940 | lr: 2.50e-04 | Best_PSNR: 30.0833 in Epoch [285]
2022-07-06 04:36:41,249 INFO: Epoch: 310 | PSNR: 30.0756 | Loss: 5.5323 | lr: 2.50e-04 | Best_PSNR: 30.0833 in Epoch [285]
2022-07-06 04:37:04,365 INFO: Epoch: 311 | PSNR: 30.0696 | Loss: 5.5462 | lr: 2.50e-04 | Best_PSNR: 30.0833 in Epoch [285]
2022-07-06 04:37:27,422 INFO: Epoch: 312 | PSNR: 30.0736 | Loss: 5.5394 | lr: 2.50e-04 | Best_PSNR: 30.0833 in Epoch [285]
2022-07-06 04:37:50,655 INFO: Epoch: 313 | PSNR: 30.0737 | Loss: 5.5843 | lr: 2.50e-04 | Best_PSNR: 30.0833 in Epoch [285]
2022-07-06 04:38:13,334 INFO: Epoch: 314 | PSNR: 30.0704 | Loss: 5.4624 | lr: 2.50e-04 | Best_PSNR: 30.0833 in Epoch [285]
2022-07-06 04:38:36,206 INFO: Epoch: 315 | PSNR: 30.0727 | Loss: 5.5122 | lr: 2.50e-04 | Best_PSNR: 30.0833 in Epoch [285]
2022-07-06 04:38:59,216 INFO: Epoch: 316 | PSNR: 30.0677 | Loss: 5.4936 | lr: 2.50e-04 | Best_PSNR: 30.0833 in Epoch [285]
2022-07-06 04:39:22,157 INFO: Epoch: 317 | PSNR: 30.0737 | Loss: 5.5264 | lr: 2.50e-04 | Best_PSNR: 30.0833 in Epoch [285]
2022-07-06 04:39:45,393 INFO: Epoch: 318 | PSNR: 30.0740 | Loss: 5.4819 | lr: 2.50e-04 | Best_PSNR: 30.0833 in Epoch [285]
2022-07-06 04:40:08,304 INFO: Epoch: 319 | PSNR: 30.0748 | Loss: 5.5549 | lr: 2.50e-04 | Best_PSNR: 30.0833 in Epoch [285]
2022-07-06 04:40:31,002 INFO: Epoch: 320 | PSNR: 30.0715 | Loss: 5.5134 | lr: 2.50e-04 | Best_PSNR: 30.0833 in Epoch [285]
2022-07-06 04:40:53,978 INFO: Epoch: 321 | PSNR: 30.0730 | Loss: 5.5227 | lr: 2.50e-04 | Best_PSNR: 30.0833 in Epoch [285]
2022-07-06 04:41:16,931 INFO: Epoch: 322 | PSNR: 30.0735 | Loss: 5.5406 | lr: 2.50e-04 | Best_PSNR: 30.0833 in Epoch [285]
2022-07-06 04:41:40,102 INFO: Epoch: 323 | PSNR: 30.0775 | Loss: 5.5241 | lr: 2.50e-04 | Best_PSNR: 30.0833 in Epoch [285]
2022-07-06 04:42:03,293 INFO: Epoch: 324 | PSNR: 30.0710 | Loss: 5.5695 | lr: 2.50e-04 | Best_PSNR: 30.0833 in Epoch [285]
2022-07-06 04:42:26,399 INFO: Epoch: 325 | PSNR: 30.0641 | Loss: 5.5228 | lr: 2.50e-04 | Best_PSNR: 30.0833 in Epoch [285]
2022-07-06 04:42:49,329 INFO: Epoch: 326 | PSNR: 30.0756 | Loss: 5.5333 | lr: 2.50e-04 | Best_PSNR: 30.0833 in Epoch [285]
2022-07-06 04:43:12,037 INFO: Epoch: 327 | PSNR: 30.0724 | Loss: 5.5705 | lr: 2.50e-04 | Best_PSNR: 30.0833 in Epoch [285]
2022-07-06 04:43:35,083 INFO: Epoch: 328 | PSNR: 30.0769 | Loss: 5.5538 | lr: 2.50e-04 | Best_PSNR: 30.0833 in Epoch [285]
2022-07-06 04:43:58,038 INFO: Epoch: 329 | PSNR: 30.0736 | Loss: 5.5409 | lr: 2.50e-04 | Best_PSNR: 30.0833 in Epoch [285]
2022-07-06 04:44:21,170 INFO: Epoch: 330 | PSNR: 30.0527 | Loss: 5.4989 | lr: 2.50e-04 | Best_PSNR: 30.0833 in Epoch [285]
2022-07-06 04:44:44,134 INFO: Epoch: 331 | PSNR: 30.0803 | Loss: 5.5336 | lr: 2.50e-04 | Best_PSNR: 30.0833 in Epoch [285]
2022-07-06 04:45:06,969 INFO: Epoch: 332 | PSNR: 30.0655 | Loss: 5.5286 | lr: 2.50e-04 | Best_PSNR: 30.0833 in Epoch [285]
2022-07-06 04:45:29,838 INFO: Epoch: 333 | PSNR: 30.0690 | Loss: 5.5679 | lr: 2.50e-04 | Best_PSNR: 30.0833 in Epoch [285]
2022-07-06 04:45:52,671 INFO: Epoch: 334 | PSNR: 30.0641 | Loss: 5.5240 | lr: 2.50e-04 | Best_PSNR: 30.0833 in Epoch [285]
2022-07-06 04:46:15,513 INFO: Epoch: 335 | PSNR: 30.0812 | Loss: 5.5129 | lr: 2.50e-04 | Best_PSNR: 30.0833 in Epoch [285]
2022-07-06 04:46:39,206 INFO: Epoch: 336 | PSNR: 30.0838 | Loss: 5.5383 | lr: 2.50e-04 | Best_PSNR: 30.0838 in Epoch [336]
2022-07-06 04:47:02,114 INFO: Epoch: 337 | PSNR: 30.0791 | Loss: 5.4810 | lr: 2.50e-04 | Best_PSNR: 30.0838 in Epoch [336]
2022-07-06 04:47:25,019 INFO: Epoch: 338 | PSNR: 30.0688 | Loss: 5.5487 | lr: 2.50e-04 | Best_PSNR: 30.0838 in Epoch [336]
2022-07-06 04:47:48,218 INFO: Epoch: 339 | PSNR: 30.0794 | Loss: 5.5454 | lr: 2.50e-04 | Best_PSNR: 30.0838 in Epoch [336]
2022-07-06 04:48:10,991 INFO: Epoch: 340 | PSNR: 30.0654 | Loss: 5.5345 | lr: 2.50e-04 | Best_PSNR: 30.0838 in Epoch [336]
2022-07-06 04:48:33,905 INFO: Epoch: 341 | PSNR: 30.0725 | Loss: 5.5185 | lr: 2.50e-04 | Best_PSNR: 30.0838 in Epoch [336]
2022-07-06 04:48:56,427 INFO: Epoch: 342 | PSNR: 30.0771 | Loss: 5.5457 | lr: 2.50e-04 | Best_PSNR: 30.0838 in Epoch [336]
2022-07-06 04:49:19,217 INFO: Epoch: 343 | PSNR: 30.0602 | Loss: 5.5859 | lr: 2.50e-04 | Best_PSNR: 30.0838 in Epoch [336]
2022-07-06 04:49:42,318 INFO: Epoch: 344 | PSNR: 30.0684 | Loss: 5.5510 | lr: 2.50e-04 | Best_PSNR: 30.0838 in Epoch [336]
2022-07-06 04:50:05,084 INFO: Epoch: 345 | PSNR: 30.0784 | Loss: 5.5341 | lr: 2.50e-04 | Best_PSNR: 30.0838 in Epoch [336]
2022-07-06 04:50:27,871 INFO: Epoch: 346 | PSNR: 30.0721 | Loss: 5.5027 | lr: 2.50e-04 | Best_PSNR: 30.0838 in Epoch [336]
2022-07-06 04:50:50,741 INFO: Epoch: 347 | PSNR: 30.0744 | Loss: 5.5669 | lr: 2.50e-04 | Best_PSNR: 30.0838 in Epoch [336]
2022-07-06 04:51:13,639 INFO: Epoch: 348 | PSNR: 30.0791 | Loss: 5.5509 | lr: 2.50e-04 | Best_PSNR: 30.0838 in Epoch [336]
2022-07-06 04:51:37,129 INFO: Epoch: 349 | PSNR: 30.0841 | Loss: 5.5365 | lr: 2.50e-04 | Best_PSNR: 30.0841 in Epoch [349]
2022-07-06 04:52:00,177 INFO: Epoch: 350 | PSNR: 30.0773 | Loss: 5.5160 | lr: 2.50e-04 | Best_PSNR: 30.0841 in Epoch [349]
2022-07-06 04:52:23,291 INFO: Epoch: 351 | PSNR: 30.0722 | Loss: 5.5272 | lr: 2.50e-04 | Best_PSNR: 30.0841 in Epoch [349]
2022-07-06 04:52:46,278 INFO: Epoch: 352 | PSNR: 30.0725 | Loss: 5.5518 | lr: 2.50e-04 | Best_PSNR: 30.0841 in Epoch [349]
2022-07-06 04:53:09,368 INFO: Epoch: 353 | PSNR: 30.0717 | Loss: 5.5206 | lr: 2.50e-04 | Best_PSNR: 30.0841 in Epoch [349]
2022-07-06 04:53:32,654 INFO: Epoch: 354 | PSNR: 30.0775 | Loss: 5.5105 | lr: 2.50e-04 | Best_PSNR: 30.0841 in Epoch [349]
2022-07-06 04:53:56,379 INFO: Epoch: 355 | PSNR: 30.0805 | Loss: 5.5549 | lr: 2.50e-04 | Best_PSNR: 30.0841 in Epoch [349]
2022-07-06 04:54:19,919 INFO: Epoch: 356 | PSNR: 30.0570 | Loss: 5.5239 | lr: 2.50e-04 | Best_PSNR: 30.0841 in Epoch [349]
2022-07-06 04:54:43,012 INFO: Epoch: 357 | PSNR: 30.0761 | Loss: 5.6061 | lr: 2.50e-04 | Best_PSNR: 30.0841 in Epoch [349]
2022-07-06 04:55:06,080 INFO: Epoch: 358 | PSNR: 30.0750 | Loss: 5.4891 | lr: 2.50e-04 | Best_PSNR: 30.0841 in Epoch [349]
2022-07-06 04:55:29,181 INFO: Epoch: 359 | PSNR: 30.0785 | Loss: 5.5332 | lr: 2.50e-04 | Best_PSNR: 30.0841 in Epoch [349]
2022-07-06 04:55:53,236 INFO: Epoch: 360 | PSNR: 30.0842 | Loss: 5.5379 | lr: 1.25e-04 | Best_PSNR: 30.0842 in Epoch [360]
2022-07-06 04:56:17,758 INFO: Epoch: 361 | PSNR: 30.0897 | Loss: 5.5125 | lr: 1.25e-04 | Best_PSNR: 30.0897 in Epoch [361]
2022-07-06 04:56:41,153 INFO: Epoch: 362 | PSNR: 30.0696 | Loss: 5.5188 | lr: 1.25e-04 | Best_PSNR: 30.0897 in Epoch [361]
2022-07-06 04:57:04,813 INFO: Epoch: 363 | PSNR: 30.0855 | Loss: 5.5108 | lr: 1.25e-04 | Best_PSNR: 30.0897 in Epoch [361]
2022-07-06 04:57:28,500 INFO: Epoch: 364 | PSNR: 30.0861 | Loss: 5.5343 | lr: 1.25e-04 | Best_PSNR: 30.0897 in Epoch [361]
2022-07-06 04:57:52,602 INFO: Epoch: 365 | PSNR: 30.0872 | Loss: 5.5497 | lr: 1.25e-04 | Best_PSNR: 30.0897 in Epoch [361]
2022-07-06 04:58:16,317 INFO: Epoch: 366 | PSNR: 30.0826 | Loss: 5.5424 | lr: 1.25e-04 | Best_PSNR: 30.0897 in Epoch [361]
2022-07-06 04:58:39,920 INFO: Epoch: 367 | PSNR: 30.0826 | Loss: 5.5323 | lr: 1.25e-04 | Best_PSNR: 30.0897 in Epoch [361]
2022-07-06 04:59:03,502 INFO: Epoch: 368 | PSNR: 30.0821 | Loss: 5.5037 | lr: 1.25e-04 | Best_PSNR: 30.0897 in Epoch [361]
2022-07-06 04:59:27,307 INFO: Epoch: 369 | PSNR: 30.0703 | Loss: 5.5304 | lr: 1.25e-04 | Best_PSNR: 30.0897 in Epoch [361]
2022-07-06 04:59:51,607 INFO: Epoch: 370 | PSNR: 30.0797 | Loss: 5.5531 | lr: 1.25e-04 | Best_PSNR: 30.0897 in Epoch [361]
2022-07-06 05:00:16,027 INFO: Epoch: 371 | PSNR: 30.0902 | Loss: 5.5222 | lr: 1.25e-04 | Best_PSNR: 30.0902 in Epoch [371]
2022-07-06 05:00:39,676 INFO: Epoch: 372 | PSNR: 30.0858 | Loss: 5.4753 | lr: 1.25e-04 | Best_PSNR: 30.0902 in Epoch [371]
2022-07-06 05:01:03,270 INFO: Epoch: 373 | PSNR: 30.0861 | Loss: 5.4979 | lr: 1.25e-04 | Best_PSNR: 30.0902 in Epoch [371]
2022-07-06 05:01:26,761 INFO: Epoch: 374 | PSNR: 30.0844 | Loss: 5.5200 | lr: 1.25e-04 | Best_PSNR: 30.0902 in Epoch [371]
2022-07-06 05:01:50,540 INFO: Epoch: 375 | PSNR: 30.0872 | Loss: 5.5258 | lr: 1.25e-04 | Best_PSNR: 30.0902 in Epoch [371]
2022-07-06 05:02:14,093 INFO: Epoch: 376 | PSNR: 30.0900 | Loss: 5.4944 | lr: 1.25e-04 | Best_PSNR: 30.0902 in Epoch [371]
2022-07-06 05:02:37,619 INFO: Epoch: 377 | PSNR: 30.0864 | Loss: 5.5165 | lr: 1.25e-04 | Best_PSNR: 30.0902 in Epoch [371]
2022-07-06 05:03:01,318 INFO: Epoch: 378 | PSNR: 30.0856 | Loss: 5.5245 | lr: 1.25e-04 | Best_PSNR: 30.0902 in Epoch [371]
2022-07-06 05:03:24,071 INFO: Epoch: 379 | PSNR: 30.0844 | Loss: 5.4963 | lr: 1.25e-04 | Best_PSNR: 30.0902 in Epoch [371]
2022-07-06 05:03:47,651 INFO: Epoch: 380 | PSNR: 30.0876 | Loss: 5.5610 | lr: 1.25e-04 | Best_PSNR: 30.0902 in Epoch [371]
2022-07-06 05:04:11,097 INFO: Epoch: 381 | PSNR: 30.0853 | Loss: 5.4986 | lr: 1.25e-04 | Best_PSNR: 30.0902 in Epoch [371]
2022-07-06 05:04:34,811 INFO: Epoch: 382 | PSNR: 30.0837 | Loss: 5.5504 | lr: 1.25e-04 | Best_PSNR: 30.0902 in Epoch [371]
2022-07-06 05:04:58,644 INFO: Epoch: 383 | PSNR: 30.0882 | Loss: 5.5128 | lr: 1.25e-04 | Best_PSNR: 30.0902 in Epoch [371]
2022-07-06 05:05:22,267 INFO: Epoch: 384 | PSNR: 30.0797 | Loss: 5.5079 | lr: 1.25e-04 | Best_PSNR: 30.0902 in Epoch [371]
2022-07-06 05:05:46,181 INFO: Epoch: 385 | PSNR: 30.0888 | Loss: 5.5113 | lr: 1.25e-04 | Best_PSNR: 30.0902 in Epoch [371]
2022-07-06 05:06:10,965 INFO: Epoch: 386 | PSNR: 30.0904 | Loss: 5.5461 | lr: 1.25e-04 | Best_PSNR: 30.0904 in Epoch [386]
2022-07-06 05:06:34,995 INFO: Epoch: 387 | PSNR: 30.0833 | Loss: 5.5026 | lr: 1.25e-04 | Best_PSNR: 30.0904 in Epoch [386]
2022-07-06 05:06:59,051 INFO: Epoch: 388 | PSNR: 30.0902 | Loss: 5.5411 | lr: 1.25e-04 | Best_PSNR: 30.0904 in Epoch [386]
2022-07-06 05:07:22,953 INFO: Epoch: 389 | PSNR: 30.0859 | Loss: 5.5069 | lr: 1.25e-04 | Best_PSNR: 30.0904 in Epoch [386]
2022-07-06 05:07:46,795 INFO: Epoch: 390 | PSNR: 30.0847 | Loss: 5.5175 | lr: 1.25e-04 | Best_PSNR: 30.0904 in Epoch [386]
2022-07-06 05:08:09,836 INFO: Epoch: 391 | PSNR: 30.0881 | Loss: 5.5424 | lr: 1.25e-04 | Best_PSNR: 30.0904 in Epoch [386]
2022-07-06 05:08:32,833 INFO: Epoch: 392 | PSNR: 30.0855 | Loss: 5.4920 | lr: 1.25e-04 | Best_PSNR: 30.0904 in Epoch [386]
2022-07-06 05:08:55,800 INFO: Epoch: 393 | PSNR: 30.0857 | Loss: 5.5468 | lr: 1.25e-04 | Best_PSNR: 30.0904 in Epoch [386]
2022-07-06 05:09:18,756 INFO: Epoch: 394 | PSNR: 30.0865 | Loss: 5.5310 | lr: 1.25e-04 | Best_PSNR: 30.0904 in Epoch [386]
2022-07-06 05:09:42,194 INFO: Epoch: 395 | PSNR: 30.0889 | Loss: 5.5825 | lr: 1.25e-04 | Best_PSNR: 30.0904 in Epoch [386]
2022-07-06 05:10:05,488 INFO: Epoch: 396 | PSNR: 30.0892 | Loss: 5.5238 | lr: 1.25e-04 | Best_PSNR: 30.0904 in Epoch [386]
2022-07-06 05:10:28,398 INFO: Epoch: 397 | PSNR: 30.0896 | Loss: 5.5269 | lr: 1.25e-04 | Best_PSNR: 30.0904 in Epoch [386]
2022-07-06 05:10:51,371 INFO: Epoch: 398 | PSNR: 30.0897 | Loss: 5.5214 | lr: 1.25e-04 | Best_PSNR: 30.0904 in Epoch [386]
2022-07-06 05:11:14,514 INFO: Epoch: 399 | PSNR: 30.0851 | Loss: 5.5414 | lr: 1.25e-04 | Best_PSNR: 30.0904 in Epoch [386]
2022-07-06 05:11:37,481 INFO: Epoch: 400 | PSNR: 30.0870 | Loss: 5.5451 | lr: 1.25e-04 | Best_PSNR: 30.0904 in Epoch [386]
2022-07-06 05:12:00,572 INFO: Epoch: 401 | PSNR: 30.0842 | Loss: 5.5907 | lr: 1.25e-04 | Best_PSNR: 30.0904 in Epoch [386]
2022-07-06 05:12:23,557 INFO: Epoch: 402 | PSNR: 30.0843 | Loss: 5.5100 | lr: 1.25e-04 | Best_PSNR: 30.0904 in Epoch [386]
2022-07-06 05:12:46,441 INFO: Epoch: 403 | PSNR: 30.0845 | Loss: 5.5428 | lr: 1.25e-04 | Best_PSNR: 30.0904 in Epoch [386]
2022-07-06 05:13:09,537 INFO: Epoch: 404 | PSNR: 30.0859 | Loss: 5.5107 | lr: 1.25e-04 | Best_PSNR: 30.0904 in Epoch [386]
2022-07-06 05:13:32,380 INFO: Epoch: 405 | PSNR: 30.0863 | Loss: 5.5431 | lr: 1.25e-04 | Best_PSNR: 30.0904 in Epoch [386]
2022-07-06 05:13:55,508 INFO: Epoch: 406 | PSNR: 30.0858 | Loss: 5.5631 | lr: 1.25e-04 | Best_PSNR: 30.0904 in Epoch [386]
2022-07-06 05:14:19,138 INFO: Epoch: 407 | PSNR: 30.0913 | Loss: 5.4993 | lr: 1.25e-04 | Best_PSNR: 30.0913 in Epoch [407]
2022-07-06 05:14:41,991 INFO: Epoch: 408 | PSNR: 30.0893 | Loss: 5.4911 | lr: 1.25e-04 | Best_PSNR: 30.0913 in Epoch [407]
2022-07-06 05:15:04,859 INFO: Epoch: 409 | PSNR: 30.0881 | Loss: 5.4813 | lr: 1.25e-04 | Best_PSNR: 30.0913 in Epoch [407]
2022-07-06 05:15:27,761 INFO: Epoch: 410 | PSNR: 30.0867 | Loss: 5.5319 | lr: 1.25e-04 | Best_PSNR: 30.0913 in Epoch [407]
2022-07-06 05:15:50,849 INFO: Epoch: 411 | PSNR: 30.0834 | Loss: 5.5406 | lr: 1.25e-04 | Best_PSNR: 30.0913 in Epoch [407]
2022-07-06 05:16:13,734 INFO: Epoch: 412 | PSNR: 30.0873 | Loss: 5.4588 | lr: 1.25e-04 | Best_PSNR: 30.0913 in Epoch [407]
2022-07-06 05:16:36,794 INFO: Epoch: 413 | PSNR: 30.0900 | Loss: 5.5476 | lr: 1.25e-04 | Best_PSNR: 30.0913 in Epoch [407]
2022-07-06 05:16:59,796 INFO: Epoch: 414 | PSNR: 30.0831 | Loss: 5.5357 | lr: 1.25e-04 | Best_PSNR: 30.0913 in Epoch [407]
2022-07-06 05:17:22,738 INFO: Epoch: 415 | PSNR: 30.0758 | Loss: 5.5363 | lr: 1.25e-04 | Best_PSNR: 30.0913 in Epoch [407]
2022-07-06 05:17:45,872 INFO: Epoch: 416 | PSNR: 30.0885 | Loss: 5.5413 | lr: 1.25e-04 | Best_PSNR: 30.0913 in Epoch [407]
2022-07-06 05:18:08,825 INFO: Epoch: 417 | PSNR: 30.0633 | Loss: 5.4783 | lr: 1.25e-04 | Best_PSNR: 30.0913 in Epoch [407]
2022-07-06 05:18:32,098 INFO: Epoch: 418 | PSNR: 30.0858 | Loss: 5.5219 | lr: 1.25e-04 | Best_PSNR: 30.0913 in Epoch [407]
2022-07-06 05:18:55,006 INFO: Epoch: 419 | PSNR: 30.0840 | Loss: 5.5011 | lr: 1.25e-04 | Best_PSNR: 30.0913 in Epoch [407]
2022-07-06 05:19:18,147 INFO: Epoch: 420 | PSNR: 30.0855 | Loss: 5.5125 | lr: 1.25e-04 | Best_PSNR: 30.0913 in Epoch [407]
2022-07-06 05:19:41,487 INFO: Epoch: 421 | PSNR: 30.0849 | Loss: 5.5230 | lr: 1.25e-04 | Best_PSNR: 30.0913 in Epoch [407]
2022-07-06 05:20:05,696 INFO: Epoch: 422 | PSNR: 30.0887 | Loss: 5.5318 | lr: 1.25e-04 | Best_PSNR: 30.0913 in Epoch [407]
2022-07-06 05:20:30,056 INFO: Epoch: 423 | PSNR: 30.0905 | Loss: 5.5746 | lr: 1.25e-04 | Best_PSNR: 30.0913 in Epoch [407]
2022-07-06 05:20:54,633 INFO: Epoch: 424 | PSNR: 30.0897 | Loss: 5.4983 | lr: 1.25e-04 | Best_PSNR: 30.0913 in Epoch [407]
2022-07-06 05:21:19,114 INFO: Epoch: 425 | PSNR: 30.0871 | Loss: 5.5147 | lr: 1.25e-04 | Best_PSNR: 30.0913 in Epoch [407]
2022-07-06 05:21:44,348 INFO: Epoch: 426 | PSNR: 30.0926 | Loss: 5.5159 | lr: 1.25e-04 | Best_PSNR: 30.0926 in Epoch [426]
2022-07-06 05:22:08,797 INFO: Epoch: 427 | PSNR: 30.0900 | Loss: 5.5575 | lr: 1.25e-04 | Best_PSNR: 30.0926 in Epoch [426]
2022-07-06 05:22:33,353 INFO: Epoch: 428 | PSNR: 30.0897 | Loss: 5.5358 | lr: 1.25e-04 | Best_PSNR: 30.0926 in Epoch [426]
2022-07-06 05:22:57,917 INFO: Epoch: 429 | PSNR: 30.0844 | Loss: 5.4891 | lr: 1.25e-04 | Best_PSNR: 30.0926 in Epoch [426]
2022-07-06 05:23:22,363 INFO: Epoch: 430 | PSNR: 30.0867 | Loss: 5.5011 | lr: 1.25e-04 | Best_PSNR: 30.0926 in Epoch [426]
2022-07-06 05:23:46,588 INFO: Epoch: 431 | PSNR: 30.0908 | Loss: 5.5593 | lr: 1.25e-04 | Best_PSNR: 30.0926 in Epoch [426]
2022-07-06 05:24:11,184 INFO: Epoch: 432 | PSNR: 30.0877 | Loss: 5.4886 | lr: 1.25e-04 | Best_PSNR: 30.0926 in Epoch [426]
2022-07-06 05:24:35,709 INFO: Epoch: 433 | PSNR: 30.0840 | Loss: 5.5235 | lr: 1.25e-04 | Best_PSNR: 30.0926 in Epoch [426]
2022-07-06 05:24:59,733 INFO: Epoch: 434 | PSNR: 30.0890 | Loss: 5.5150 | lr: 1.25e-04 | Best_PSNR: 30.0926 in Epoch [426]
2022-07-06 05:25:22,758 INFO: Epoch: 435 | PSNR: 30.0836 | Loss: 5.4588 | lr: 1.25e-04 | Best_PSNR: 30.0926 in Epoch [426]
2022-07-06 05:25:45,391 INFO: Epoch: 436 | PSNR: 30.0892 | Loss: 5.5224 | lr: 1.25e-04 | Best_PSNR: 30.0926 in Epoch [426]
2022-07-06 05:26:08,387 INFO: Epoch: 437 | PSNR: 30.0860 | Loss: 5.5284 | lr: 1.25e-04 | Best_PSNR: 30.0926 in Epoch [426]
2022-07-06 05:26:31,245 INFO: Epoch: 438 | PSNR: 30.0845 | Loss: 5.5127 | lr: 1.25e-04 | Best_PSNR: 30.0926 in Epoch [426]
2022-07-06 05:26:54,106 INFO: Epoch: 439 | PSNR: 30.0909 | Loss: 5.5211 | lr: 1.25e-04 | Best_PSNR: 30.0926 in Epoch [426]
2022-07-06 05:27:16,995 INFO: Epoch: 440 | PSNR: 30.0902 | Loss: 5.5339 | lr: 1.25e-04 | Best_PSNR: 30.0926 in Epoch [426]
2022-07-06 05:27:39,895 INFO: Epoch: 441 | PSNR: 30.0869 | Loss: 5.5537 | lr: 1.25e-04 | Best_PSNR: 30.0926 in Epoch [426]
2022-07-06 05:28:03,030 INFO: Epoch: 442 | PSNR: 30.0856 | Loss: 5.5112 | lr: 1.25e-04 | Best_PSNR: 30.0926 in Epoch [426]
2022-07-06 05:28:25,783 INFO: Epoch: 443 | PSNR: 30.0869 | Loss: 5.5289 | lr: 1.25e-04 | Best_PSNR: 30.0926 in Epoch [426]
2022-07-06 05:28:48,494 INFO: Epoch: 444 | PSNR: 30.0837 | Loss: 5.5329 | lr: 1.25e-04 | Best_PSNR: 30.0926 in Epoch [426]
2022-07-06 05:29:11,193 INFO: Epoch: 445 | PSNR: 30.0822 | Loss: 5.4939 | lr: 1.25e-04 | Best_PSNR: 30.0926 in Epoch [426]
2022-07-06 05:29:34,021 INFO: Epoch: 446 | PSNR: 30.0853 | Loss: 5.5468 | lr: 1.25e-04 | Best_PSNR: 30.0926 in Epoch [426]
2022-07-06 05:29:56,876 INFO: Epoch: 447 | PSNR: 30.0913 | Loss: 5.5349 | lr: 1.25e-04 | Best_PSNR: 30.0926 in Epoch [426]
2022-07-06 05:30:19,754 INFO: Epoch: 448 | PSNR: 30.0877 | Loss: 5.5171 | lr: 1.25e-04 | Best_PSNR: 30.0926 in Epoch [426]
2022-07-06 05:30:43,006 INFO: Epoch: 449 | PSNR: 30.0942 | Loss: 5.5402 | lr: 1.25e-04 | Best_PSNR: 30.0942 in Epoch [449]
2022-07-06 05:31:05,277 INFO: Epoch: 450 | PSNR: 30.0854 | Loss: 5.4646 | lr: 1.25e-04 | Best_PSNR: 30.0942 in Epoch [449]
2022-07-06 05:31:28,143 INFO: Epoch: 451 | PSNR: 30.0821 | Loss: 5.5297 | lr: 1.25e-04 | Best_PSNR: 30.0942 in Epoch [449]
2022-07-06 05:31:50,982 INFO: Epoch: 452 | PSNR: 30.0868 | Loss: 5.5512 | lr: 1.25e-04 | Best_PSNR: 30.0942 in Epoch [449]
2022-07-06 05:32:13,835 INFO: Epoch: 453 | PSNR: 30.0885 | Loss: 5.4657 | lr: 1.25e-04 | Best_PSNR: 30.0942 in Epoch [449]
2022-07-06 05:32:36,726 INFO: Epoch: 454 | PSNR: 30.0928 | Loss: 5.5122 | lr: 1.25e-04 | Best_PSNR: 30.0942 in Epoch [449]
2022-07-06 05:32:59,786 INFO: Epoch: 455 | PSNR: 30.0792 | Loss: 5.5544 | lr: 1.25e-04 | Best_PSNR: 30.0942 in Epoch [449]
2022-07-06 05:33:22,691 INFO: Epoch: 456 | PSNR: 30.0892 | Loss: 5.5552 | lr: 1.25e-04 | Best_PSNR: 30.0942 in Epoch [449]
2022-07-06 05:33:45,746 INFO: Epoch: 457 | PSNR: 30.0909 | Loss: 5.5039 | lr: 1.25e-04 | Best_PSNR: 30.0942 in Epoch [449]
2022-07-06 05:34:08,812 INFO: Epoch: 458 | PSNR: 30.0833 | Loss: 5.4659 | lr: 1.25e-04 | Best_PSNR: 30.0942 in Epoch [449]
2022-07-06 05:34:31,570 INFO: Epoch: 459 | PSNR: 30.0909 | Loss: 5.5513 | lr: 1.25e-04 | Best_PSNR: 30.0942 in Epoch [449]
2022-07-06 05:34:54,279 INFO: Epoch: 460 | PSNR: 30.0848 | Loss: 5.5259 | lr: 1.25e-04 | Best_PSNR: 30.0942 in Epoch [449]
2022-07-06 05:35:17,221 INFO: Epoch: 461 | PSNR: 30.0851 | Loss: 5.5009 | lr: 1.25e-04 | Best_PSNR: 30.0942 in Epoch [449]
2022-07-06 05:35:39,799 INFO: Epoch: 462 | PSNR: 30.0916 | Loss: 5.5775 | lr: 1.25e-04 | Best_PSNR: 30.0942 in Epoch [449]
2022-07-06 05:36:02,675 INFO: Epoch: 463 | PSNR: 30.0875 | Loss: 5.5263 | lr: 1.25e-04 | Best_PSNR: 30.0942 in Epoch [449]
2022-07-06 05:36:25,511 INFO: Epoch: 464 | PSNR: 30.0873 | Loss: 5.5740 | lr: 1.25e-04 | Best_PSNR: 30.0942 in Epoch [449]
2022-07-06 05:36:48,305 INFO: Epoch: 465 | PSNR: 30.0901 | Loss: 5.5307 | lr: 1.25e-04 | Best_PSNR: 30.0942 in Epoch [449]
2022-07-06 05:37:10,965 INFO: Epoch: 466 | PSNR: 30.0839 | Loss: 5.5506 | lr: 1.25e-04 | Best_PSNR: 30.0942 in Epoch [449]
2022-07-06 05:37:33,790 INFO: Epoch: 467 | PSNR: 30.0865 | Loss: 5.5322 | lr: 1.25e-04 | Best_PSNR: 30.0942 in Epoch [449]
2022-07-06 05:37:56,707 INFO: Epoch: 468 | PSNR: 30.0898 | Loss: 5.5485 | lr: 1.25e-04 | Best_PSNR: 30.0942 in Epoch [449]
2022-07-06 05:38:19,728 INFO: Epoch: 469 | PSNR: 30.0856 | Loss: 5.4801 | lr: 1.25e-04 | Best_PSNR: 30.0942 in Epoch [449]
2022-07-06 05:38:42,571 INFO: Epoch: 470 | PSNR: 30.0890 | Loss: 5.5160 | lr: 1.25e-04 | Best_PSNR: 30.0942 in Epoch [449]
2022-07-06 05:39:05,546 INFO: Epoch: 471 | PSNR: 30.0912 | Loss: 5.5199 | lr: 1.25e-04 | Best_PSNR: 30.0942 in Epoch [449]
2022-07-06 05:39:28,504 INFO: Epoch: 472 | PSNR: 30.0842 | Loss: 5.4925 | lr: 1.25e-04 | Best_PSNR: 30.0942 in Epoch [449]
2022-07-06 05:39:51,457 INFO: Epoch: 473 | PSNR: 30.0769 | Loss: 5.5229 | lr: 1.25e-04 | Best_PSNR: 30.0942 in Epoch [449]
2022-07-06 05:40:14,551 INFO: Epoch: 474 | PSNR: 30.0897 | Loss: 5.5571 | lr: 1.25e-04 | Best_PSNR: 30.0942 in Epoch [449]
2022-07-06 05:40:37,513 INFO: Epoch: 475 | PSNR: 30.0912 | Loss: 5.4894 | lr: 1.25e-04 | Best_PSNR: 30.0942 in Epoch [449]
2022-07-06 05:41:00,749 INFO: Epoch: 476 | PSNR: 30.0917 | Loss: 5.5452 | lr: 1.25e-04 | Best_PSNR: 30.0942 in Epoch [449]
2022-07-06 05:41:23,505 INFO: Epoch: 477 | PSNR: 30.0878 | Loss: 5.5433 | lr: 1.25e-04 | Best_PSNR: 30.0942 in Epoch [449]
2022-07-06 05:41:46,454 INFO: Epoch: 478 | PSNR: 30.0796 | Loss: 5.5496 | lr: 1.25e-04 | Best_PSNR: 30.0942 in Epoch [449]
2022-07-06 05:42:09,573 INFO: Epoch: 479 | PSNR: 30.0916 | Loss: 5.4958 | lr: 1.25e-04 | Best_PSNR: 30.0942 in Epoch [449]
2022-07-06 05:42:32,723 INFO: Epoch: 480 | PSNR: 30.0938 | Loss: 5.5648 | lr: 6.25e-05 | Best_PSNR: 30.0942 in Epoch [449]
2022-07-06 05:42:56,186 INFO: Epoch: 481 | PSNR: 30.0966 | Loss: 5.4967 | lr: 6.25e-05 | Best_PSNR: 30.0966 in Epoch [481]
2022-07-06 05:43:19,267 INFO: Epoch: 482 | PSNR: 30.0912 | Loss: 5.5596 | lr: 6.25e-05 | Best_PSNR: 30.0966 in Epoch [481]
2022-07-06 05:43:42,311 INFO: Epoch: 483 | PSNR: 30.0930 | Loss: 5.5338 | lr: 6.25e-05 | Best_PSNR: 30.0966 in Epoch [481]
2022-07-06 05:44:05,414 INFO: Epoch: 484 | PSNR: 30.0964 | Loss: 5.4923 | lr: 6.25e-05 | Best_PSNR: 30.0966 in Epoch [481]
2022-07-06 05:44:28,482 INFO: Epoch: 485 | PSNR: 30.0848 | Loss: 5.5054 | lr: 6.25e-05 | Best_PSNR: 30.0966 in Epoch [481]
2022-07-06 05:44:51,308 INFO: Epoch: 486 | PSNR: 30.0964 | Loss: 5.5366 | lr: 6.25e-05 | Best_PSNR: 30.0966 in Epoch [481]
2022-07-06 05:45:14,153 INFO: Epoch: 487 | PSNR: 30.0939 | Loss: 5.5258 | lr: 6.25e-05 | Best_PSNR: 30.0966 in Epoch [481]
2022-07-06 05:45:39,065 INFO: Epoch: 488 | PSNR: 30.0935 | Loss: 5.5548 | lr: 6.25e-05 | Best_PSNR: 30.0966 in Epoch [481]
2022-07-06 05:46:02,554 INFO: Epoch: 489 | PSNR: 30.0939 | Loss: 5.5459 | lr: 6.25e-05 | Best_PSNR: 30.0966 in Epoch [481]
2022-07-06 05:46:26,100 INFO: Epoch: 490 | PSNR: 30.0967 | Loss: 5.4966 | lr: 6.25e-05 | Best_PSNR: 30.0967 in Epoch [490]
2022-07-06 05:46:48,904 INFO: Epoch: 491 | PSNR: 30.0873 | Loss: 5.4912 | lr: 6.25e-05 | Best_PSNR: 30.0967 in Epoch [490]
2022-07-06 05:47:11,961 INFO: Epoch: 492 | PSNR: 30.0891 | Loss: 5.5224 | lr: 6.25e-05 | Best_PSNR: 30.0967 in Epoch [490]
2022-07-06 05:47:35,440 INFO: Epoch: 493 | PSNR: 30.0974 | Loss: 5.5087 | lr: 6.25e-05 | Best_PSNR: 30.0974 in Epoch [493]
2022-07-06 05:47:58,581 INFO: Epoch: 494 | PSNR: 30.0942 | Loss: 5.5018 | lr: 6.25e-05 | Best_PSNR: 30.0974 in Epoch [493]
2022-07-06 05:48:21,424 INFO: Epoch: 495 | PSNR: 30.0943 | Loss: 5.4703 | lr: 6.25e-05 | Best_PSNR: 30.0974 in Epoch [493]
2022-07-06 05:48:44,470 INFO: Epoch: 496 | PSNR: 30.0957 | Loss: 5.5222 | lr: 6.25e-05 | Best_PSNR: 30.0974 in Epoch [493]
2022-07-06 05:49:07,689 INFO: Epoch: 497 | PSNR: 30.0916 | Loss: 5.4412 | lr: 6.25e-05 | Best_PSNR: 30.0974 in Epoch [493]
2022-07-06 05:49:30,638 INFO: Epoch: 498 | PSNR: 30.0911 | Loss: 5.4944 | lr: 6.25e-05 | Best_PSNR: 30.0974 in Epoch [493]
2022-07-06 05:49:53,716 INFO: Epoch: 499 | PSNR: 30.0931 | Loss: 5.5072 | lr: 6.25e-05 | Best_PSNR: 30.0974 in Epoch [493]
2022-07-06 05:50:17,034 INFO: Epoch: 500 | PSNR: 30.0933 | Loss: 5.5255 | lr: 6.25e-05 | Best_PSNR: 30.0974 in Epoch [493]
2022-07-06 05:50:40,358 INFO: Epoch: 501 | PSNR: 30.0947 | Loss: 5.4879 | lr: 6.25e-05 | Best_PSNR: 30.0974 in Epoch [493]
2022-07-06 05:51:03,374 INFO: Epoch: 502 | PSNR: 30.0954 | Loss: 5.5229 | lr: 6.25e-05 | Best_PSNR: 30.0974 in Epoch [493]
2022-07-06 05:51:27,048 INFO: Epoch: 503 | PSNR: 30.0976 | Loss: 5.5106 | lr: 6.25e-05 | Best_PSNR: 30.0976 in Epoch [503]
2022-07-06 05:51:50,083 INFO: Epoch: 504 | PSNR: 30.0902 | Loss: 5.5569 | lr: 6.25e-05 | Best_PSNR: 30.0976 in Epoch [503]
2022-07-06 05:52:13,235 INFO: Epoch: 505 | PSNR: 30.0909 | Loss: 5.5117 | lr: 6.25e-05 | Best_PSNR: 30.0976 in Epoch [503]
2022-07-06 05:52:35,955 INFO: Epoch: 506 | PSNR: 30.0912 | Loss: 5.5193 | lr: 6.25e-05 | Best_PSNR: 30.0976 in Epoch [503]
2022-07-06 05:52:58,702 INFO: Epoch: 507 | PSNR: 30.0935 | Loss: 5.5097 | lr: 6.25e-05 | Best_PSNR: 30.0976 in Epoch [503]
2022-07-06 05:53:21,513 INFO: Epoch: 508 | PSNR: 30.0941 | Loss: 5.5069 | lr: 6.25e-05 | Best_PSNR: 30.0976 in Epoch [503]
2022-07-06 05:53:44,485 INFO: Epoch: 509 | PSNR: 30.0926 | Loss: 5.5002 | lr: 6.25e-05 | Best_PSNR: 30.0976 in Epoch [503]
2022-07-06 05:54:07,354 INFO: Epoch: 510 | PSNR: 30.0964 | Loss: 5.5617 | lr: 6.25e-05 | Best_PSNR: 30.0976 in Epoch [503]
2022-07-06 05:54:30,153 INFO: Epoch: 511 | PSNR: 30.0956 | Loss: 5.5407 | lr: 6.25e-05 | Best_PSNR: 30.0976 in Epoch [503]
2022-07-06 05:54:53,074 INFO: Epoch: 512 | PSNR: 30.0962 | Loss: 5.5230 | lr: 6.25e-05 | Best_PSNR: 30.0976 in Epoch [503]
2022-07-06 05:55:15,813 INFO: Epoch: 513 | PSNR: 30.0951 | Loss: 5.5037 | lr: 6.25e-05 | Best_PSNR: 30.0976 in Epoch [503]
2022-07-06 05:55:38,541 INFO: Epoch: 514 | PSNR: 30.0925 | Loss: 5.5353 | lr: 6.25e-05 | Best_PSNR: 30.0976 in Epoch [503]
2022-07-06 05:56:01,339 INFO: Epoch: 515 | PSNR: 30.0955 | Loss: 5.5288 | lr: 6.25e-05 | Best_PSNR: 30.0976 in Epoch [503]
2022-07-06 05:56:24,354 INFO: Epoch: 516 | PSNR: 30.0910 | Loss: 5.5670 | lr: 6.25e-05 | Best_PSNR: 30.0976 in Epoch [503]
2022-07-06 05:56:47,422 INFO: Epoch: 517 | PSNR: 30.0920 | Loss: 5.5699 | lr: 6.25e-05 | Best_PSNR: 30.0976 in Epoch [503]
2022-07-06 05:57:10,565 INFO: Epoch: 518 | PSNR: 30.0955 | Loss: 5.5102 | lr: 6.25e-05 | Best_PSNR: 30.0976 in Epoch [503]
2022-07-06 05:57:33,595 INFO: Epoch: 519 | PSNR: 30.0892 | Loss: 5.5454 | lr: 6.25e-05 | Best_PSNR: 30.0976 in Epoch [503]
2022-07-06 05:57:56,414 INFO: Epoch: 520 | PSNR: 30.0968 | Loss: 5.5214 | lr: 6.25e-05 | Best_PSNR: 30.0976 in Epoch [503]
2022-07-06 05:58:18,656 INFO: Epoch: 521 | PSNR: 30.0901 | Loss: 5.4905 | lr: 6.25e-05 | Best_PSNR: 30.0976 in Epoch [503]
2022-07-06 05:58:41,644 INFO: Epoch: 522 | PSNR: 30.0948 | Loss: 5.4889 | lr: 6.25e-05 | Best_PSNR: 30.0976 in Epoch [503]
2022-07-06 05:59:04,752 INFO: Epoch: 523 | PSNR: 30.0967 | Loss: 5.5186 | lr: 6.25e-05 | Best_PSNR: 30.0976 in Epoch [503]
2022-07-06 05:59:27,725 INFO: Epoch: 524 | PSNR: 30.0949 | Loss: 5.5030 | lr: 6.25e-05 | Best_PSNR: 30.0976 in Epoch [503]
2022-07-06 05:59:50,904 INFO: Epoch: 525 | PSNR: 30.0918 | Loss: 5.5217 | lr: 6.25e-05 | Best_PSNR: 30.0976 in Epoch [503]
2022-07-06 06:00:14,253 INFO: Epoch: 526 | PSNR: 30.0895 | Loss: 5.4942 | lr: 6.25e-05 | Best_PSNR: 30.0976 in Epoch [503]
2022-07-06 06:00:37,382 INFO: Epoch: 527 | PSNR: 30.0951 | Loss: 5.4887 | lr: 6.25e-05 | Best_PSNR: 30.0976 in Epoch [503]
2022-07-06 06:01:00,346 INFO: Epoch: 528 | PSNR: 30.0956 | Loss: 5.4851 | lr: 6.25e-05 | Best_PSNR: 30.0976 in Epoch [503]
2022-07-06 06:01:23,174 INFO: Epoch: 529 | PSNR: 30.0957 | Loss: 5.5208 | lr: 6.25e-05 | Best_PSNR: 30.0976 in Epoch [503]
2022-07-06 06:01:45,979 INFO: Epoch: 530 | PSNR: 30.0882 | Loss: 5.5394 | lr: 6.25e-05 | Best_PSNR: 30.0976 in Epoch [503]
2022-07-06 06:02:08,744 INFO: Epoch: 531 | PSNR: 30.0931 | Loss: 5.5535 | lr: 6.25e-05 | Best_PSNR: 30.0976 in Epoch [503]
2022-07-06 06:02:32,121 INFO: Epoch: 532 | PSNR: 30.0960 | Loss: 5.5424 | lr: 6.25e-05 | Best_PSNR: 30.0976 in Epoch [503]
2022-07-06 06:02:55,249 INFO: Epoch: 533 | PSNR: 30.0968 | Loss: 5.5033 | lr: 6.25e-05 | Best_PSNR: 30.0976 in Epoch [503]
2022-07-06 06:03:18,075 INFO: Epoch: 534 | PSNR: 30.0941 | Loss: 5.5262 | lr: 6.25e-05 | Best_PSNR: 30.0976 in Epoch [503]
2022-07-06 06:03:40,896 INFO: Epoch: 535 | PSNR: 30.0971 | Loss: 5.5393 | lr: 6.25e-05 | Best_PSNR: 30.0976 in Epoch [503]
2022-07-06 06:04:03,644 INFO: Epoch: 536 | PSNR: 30.0967 | Loss: 5.5062 | lr: 6.25e-05 | Best_PSNR: 30.0976 in Epoch [503]
2022-07-06 06:04:26,320 INFO: Epoch: 537 | PSNR: 30.0937 | Loss: 5.4847 | lr: 6.25e-05 | Best_PSNR: 30.0976 in Epoch [503]
2022-07-06 06:04:49,088 INFO: Epoch: 538 | PSNR: 30.0958 | Loss: 5.4915 | lr: 6.25e-05 | Best_PSNR: 30.0976 in Epoch [503]
2022-07-06 06:05:11,993 INFO: Epoch: 539 | PSNR: 30.0949 | Loss: 5.5258 | lr: 6.25e-05 | Best_PSNR: 30.0976 in Epoch [503]
2022-07-06 06:05:34,822 INFO: Epoch: 540 | PSNR: 30.0958 | Loss: 5.5220 | lr: 6.25e-05 | Best_PSNR: 30.0976 in Epoch [503]
2022-07-06 06:05:57,432 INFO: Epoch: 541 | PSNR: 30.0969 | Loss: 5.5206 | lr: 6.25e-05 | Best_PSNR: 30.0976 in Epoch [503]
2022-07-06 06:06:20,530 INFO: Epoch: 542 | PSNR: 30.0894 | Loss: 5.4517 | lr: 6.25e-05 | Best_PSNR: 30.0976 in Epoch [503]
2022-07-06 06:06:43,123 INFO: Epoch: 543 | PSNR: 30.0926 | Loss: 5.4932 | lr: 6.25e-05 | Best_PSNR: 30.0976 in Epoch [503]
2022-07-06 06:07:05,949 INFO: Epoch: 544 | PSNR: 30.0944 | Loss: 5.5198 | lr: 6.25e-05 | Best_PSNR: 30.0976 in Epoch [503]
2022-07-06 06:07:28,999 INFO: Epoch: 545 | PSNR: 30.0926 | Loss: 5.4928 | lr: 6.25e-05 | Best_PSNR: 30.0976 in Epoch [503]
2022-07-06 06:07:51,895 INFO: Epoch: 546 | PSNR: 30.0937 | Loss: 5.5188 | lr: 6.25e-05 | Best_PSNR: 30.0976 in Epoch [503]
2022-07-06 06:08:14,828 INFO: Epoch: 547 | PSNR: 30.0949 | Loss: 5.4627 | lr: 6.25e-05 | Best_PSNR: 30.0976 in Epoch [503]
2022-07-06 06:08:37,318 INFO: Epoch: 548 | PSNR: 30.0960 | Loss: 5.5638 | lr: 6.25e-05 | Best_PSNR: 30.0976 in Epoch [503]
2022-07-06 06:09:00,163 INFO: Epoch: 549 | PSNR: 30.0933 | Loss: 5.5041 | lr: 6.25e-05 | Best_PSNR: 30.0976 in Epoch [503]
2022-07-06 06:09:22,950 INFO: Epoch: 550 | PSNR: 30.0965 | Loss: 5.5282 | lr: 6.25e-05 | Best_PSNR: 30.0976 in Epoch [503]
2022-07-06 06:09:45,892 INFO: Epoch: 551 | PSNR: 30.0936 | Loss: 5.5007 | lr: 6.25e-05 | Best_PSNR: 30.0976 in Epoch [503]
2022-07-06 06:10:09,654 INFO: Epoch: 552 | PSNR: 30.0978 | Loss: 5.5082 | lr: 6.25e-05 | Best_PSNR: 30.0978 in Epoch [552]
2022-07-06 06:10:33,010 INFO: Epoch: 553 | PSNR: 30.0979 | Loss: 5.5350 | lr: 6.25e-05 | Best_PSNR: 30.0979 in Epoch [553]
2022-07-06 06:10:56,349 INFO: Epoch: 554 | PSNR: 30.0937 | Loss: 5.5138 | lr: 6.25e-05 | Best_PSNR: 30.0979 in Epoch [553]
2022-07-06 06:11:19,583 INFO: Epoch: 555 | PSNR: 30.0927 | Loss: 5.5228 | lr: 6.25e-05 | Best_PSNR: 30.0979 in Epoch [553]
2022-07-06 06:11:42,600 INFO: Epoch: 556 | PSNR: 30.0927 | Loss: 5.4665 | lr: 6.25e-05 | Best_PSNR: 30.0979 in Epoch [553]
2022-07-06 06:12:05,478 INFO: Epoch: 557 | PSNR: 30.0948 | Loss: 5.5660 | lr: 6.25e-05 | Best_PSNR: 30.0979 in Epoch [553]
2022-07-06 06:12:28,424 INFO: Epoch: 558 | PSNR: 30.0967 | Loss: 5.4718 | lr: 6.25e-05 | Best_PSNR: 30.0979 in Epoch [553]
2022-07-06 06:12:51,445 INFO: Epoch: 559 | PSNR: 30.0953 | Loss: 5.5400 | lr: 6.25e-05 | Best_PSNR: 30.0979 in Epoch [553]
2022-07-06 06:13:14,320 INFO: Epoch: 560 | PSNR: 30.0977 | Loss: 5.5513 | lr: 6.25e-05 | Best_PSNR: 30.0979 in Epoch [553]
2022-07-06 06:13:37,656 INFO: Epoch: 561 | PSNR: 30.0980 | Loss: 5.5355 | lr: 6.25e-05 | Best_PSNR: 30.0980 in Epoch [561]
2022-07-06 06:14:00,252 INFO: Epoch: 562 | PSNR: 30.0957 | Loss: 5.5312 | lr: 6.25e-05 | Best_PSNR: 30.0980 in Epoch [561]
2022-07-06 06:14:23,128 INFO: Epoch: 563 | PSNR: 30.0937 | Loss: 5.6087 | lr: 6.25e-05 | Best_PSNR: 30.0980 in Epoch [561]
2022-07-06 06:14:46,025 INFO: Epoch: 564 | PSNR: 30.0967 | Loss: 5.5397 | lr: 6.25e-05 | Best_PSNR: 30.0980 in Epoch [561]
2022-07-06 06:15:08,861 INFO: Epoch: 565 | PSNR: 30.0970 | Loss: 5.5366 | lr: 6.25e-05 | Best_PSNR: 30.0980 in Epoch [561]
2022-07-06 06:15:31,768 INFO: Epoch: 566 | PSNR: 30.0896 | Loss: 5.4976 | lr: 6.25e-05 | Best_PSNR: 30.0980 in Epoch [561]
2022-07-06 06:15:54,606 INFO: Epoch: 567 | PSNR: 30.0960 | Loss: 5.4969 | lr: 6.25e-05 | Best_PSNR: 30.0980 in Epoch [561]
2022-07-06 06:16:17,650 INFO: Epoch: 568 | PSNR: 30.0967 | Loss: 5.5238 | lr: 6.25e-05 | Best_PSNR: 30.0980 in Epoch [561]
2022-07-06 06:16:40,503 INFO: Epoch: 569 | PSNR: 30.0953 | Loss: 5.5291 | lr: 6.25e-05 | Best_PSNR: 30.0980 in Epoch [561]
2022-07-06 06:17:03,510 INFO: Epoch: 570 | PSNR: 30.0967 | Loss: 5.4924 | lr: 6.25e-05 | Best_PSNR: 30.0980 in Epoch [561]
2022-07-06 06:17:26,431 INFO: Epoch: 571 | PSNR: 30.0926 | Loss: 5.5261 | lr: 6.25e-05 | Best_PSNR: 30.0980 in Epoch [561]
2022-07-06 06:17:49,277 INFO: Epoch: 572 | PSNR: 30.0971 | Loss: 5.5371 | lr: 6.25e-05 | Best_PSNR: 30.0980 in Epoch [561]
2022-07-06 06:18:12,246 INFO: Epoch: 573 | PSNR: 30.0952 | Loss: 5.5178 | lr: 6.25e-05 | Best_PSNR: 30.0980 in Epoch [561]
2022-07-06 06:18:35,154 INFO: Epoch: 574 | PSNR: 30.0949 | Loss: 5.5588 | lr: 6.25e-05 | Best_PSNR: 30.0980 in Epoch [561]
2022-07-06 06:18:58,007 INFO: Epoch: 575 | PSNR: 30.0944 | Loss: 5.4932 | lr: 6.25e-05 | Best_PSNR: 30.0980 in Epoch [561]
2022-07-06 06:19:20,951 INFO: Epoch: 576 | PSNR: 30.0963 | Loss: 5.5438 | lr: 6.25e-05 | Best_PSNR: 30.0980 in Epoch [561]
2022-07-06 06:19:43,858 INFO: Epoch: 577 | PSNR: 30.0961 | Loss: 5.5265 | lr: 6.25e-05 | Best_PSNR: 30.0980 in Epoch [561]
2022-07-06 06:20:06,745 INFO: Epoch: 578 | PSNR: 30.0959 | Loss: 5.4909 | lr: 6.25e-05 | Best_PSNR: 30.0980 in Epoch [561]
2022-07-06 06:20:29,848 INFO: Epoch: 579 | PSNR: 30.0961 | Loss: 5.5261 | lr: 6.25e-05 | Best_PSNR: 30.0980 in Epoch [561]
2022-07-06 06:20:52,530 INFO: Epoch: 580 | PSNR: 30.0954 | Loss: 5.5272 | lr: 6.25e-05 | Best_PSNR: 30.0980 in Epoch [561]
2022-07-06 06:21:15,532 INFO: Epoch: 581 | PSNR: 30.0876 | Loss: 5.5383 | lr: 6.25e-05 | Best_PSNR: 30.0980 in Epoch [561]
2022-07-06 06:21:38,451 INFO: Epoch: 582 | PSNR: 30.0951 | Loss: 5.4843 | lr: 6.25e-05 | Best_PSNR: 30.0980 in Epoch [561]
2022-07-06 06:22:01,254 INFO: Epoch: 583 | PSNR: 30.0950 | Loss: 5.4812 | lr: 6.25e-05 | Best_PSNR: 30.0980 in Epoch [561]
2022-07-06 06:22:24,497 INFO: Epoch: 584 | PSNR: 30.0882 | Loss: 5.4953 | lr: 6.25e-05 | Best_PSNR: 30.0980 in Epoch [561]
2022-07-06 06:22:47,541 INFO: Epoch: 585 | PSNR: 30.0939 | Loss: 5.5338 | lr: 6.25e-05 | Best_PSNR: 30.0980 in Epoch [561]
2022-07-06 06:23:10,356 INFO: Epoch: 586 | PSNR: 30.0963 | Loss: 5.5239 | lr: 6.25e-05 | Best_PSNR: 30.0980 in Epoch [561]
2022-07-06 06:23:33,287 INFO: Epoch: 587 | PSNR: 30.0943 | Loss: 5.5452 | lr: 6.25e-05 | Best_PSNR: 30.0980 in Epoch [561]
2022-07-06 06:23:55,972 INFO: Epoch: 588 | PSNR: 30.0942 | Loss: 5.5241 | lr: 6.25e-05 | Best_PSNR: 30.0980 in Epoch [561]
2022-07-06 06:24:18,933 INFO: Epoch: 589 | PSNR: 30.0948 | Loss: 5.5128 | lr: 6.25e-05 | Best_PSNR: 30.0980 in Epoch [561]
2022-07-06 06:24:41,770 INFO: Epoch: 590 | PSNR: 30.0942 | Loss: 5.4839 | lr: 6.25e-05 | Best_PSNR: 30.0980 in Epoch [561]
2022-07-06 06:25:03,934 INFO: Epoch: 591 | PSNR: 30.0904 | Loss: 5.5121 | lr: 6.25e-05 | Best_PSNR: 30.0980 in Epoch [561]
2022-07-06 06:25:26,829 INFO: Epoch: 592 | PSNR: 30.0940 | Loss: 5.5275 | lr: 6.25e-05 | Best_PSNR: 30.0980 in Epoch [561]
2022-07-06 06:25:49,794 INFO: Epoch: 593 | PSNR: 30.0930 | Loss: 5.5034 | lr: 6.25e-05 | Best_PSNR: 30.0980 in Epoch [561]
2022-07-06 06:26:12,949 INFO: Epoch: 594 | PSNR: 30.0973 | Loss: 5.5165 | lr: 6.25e-05 | Best_PSNR: 30.0980 in Epoch [561]
2022-07-06 06:26:35,985 INFO: Epoch: 595 | PSNR: 30.0927 | Loss: 5.5118 | lr: 6.25e-05 | Best_PSNR: 30.0980 in Epoch [561]
2022-07-06 06:26:59,498 INFO: Epoch: 596 | PSNR: 30.0991 | Loss: 5.5121 | lr: 6.25e-05 | Best_PSNR: 30.0991 in Epoch [596]
2022-07-06 06:27:22,640 INFO: Epoch: 597 | PSNR: 30.0979 | Loss: 5.5340 | lr: 6.25e-05 | Best_PSNR: 30.0991 in Epoch [596]
2022-07-06 06:27:45,844 INFO: Epoch: 598 | PSNR: 30.0934 | Loss: 5.4984 | lr: 6.25e-05 | Best_PSNR: 30.0991 in Epoch [596]
2022-07-06 06:28:08,575 INFO: Epoch: 599 | PSNR: 30.0951 | Loss: 5.5419 | lr: 6.25e-05 | Best_PSNR: 30.0991 in Epoch [596]
