2022-07-23 16:51:54,659 INFO: Create train dataset successfully!
2022-07-23 16:51:54,659 INFO: Training: [1000] iterations for each epoch
2022-07-23 16:51:54,659 INFO: Create val dataset successfully!
2022-07-23 16:51:54,659 INFO: Validating: [100] iterations for each epoch
2022-07-23 16:51:54,659 INFO: Preparing for experiment: [trial18_qat]
2022-07-23 16:51:54,659 INFO: Loading pretrained model ...
2022-07-23 16:51:57,670 INFO: Start copying weights and annotate Lambda layer...
2022-07-23 16:51:57,742 INFO: Start annotating other parts of model...
2022-07-23 16:51:57,774 INFO: Creating quantize-aware model...
2022-07-23 16:51:58,965 INFO: Create model successfully! Params: [47.33]K
2022-07-23 16:51:58,966 INFO: Model: "model"
2022-07-23 16:51:58,966 INFO: _________________________________________________________________
2022-07-23 16:51:58,966 INFO: Layer (type)                 Output Shape              Param #   
2022-07-23 16:51:58,966 INFO: =================================================================
2022-07-23 16:51:58,966 INFO: input_1 (InputLayer)         [(None, None, None, 3)]   0         
2022-07-23 16:51:58,966 INFO: _________________________________________________________________
2022-07-23 16:51:58,966 INFO: quantize_layer (QuantizeLaye (None, None, None, 3)     3         
2022-07-23 16:51:58,966 INFO: _________________________________________________________________
2022-07-23 16:51:58,966 INFO: quant_conv2d (QuantizeWrappe (None, None, None, 27)    813       
2022-07-23 16:51:58,966 INFO: _________________________________________________________________
2022-07-23 16:51:58,967 INFO: quant_conv2d_1 (QuantizeWrap (None, None, None, 27)    6645      
2022-07-23 16:51:58,967 INFO: _________________________________________________________________
2022-07-23 16:51:58,967 INFO: quant_conv2d_2 (QuantizeWrap (None, None, None, 27)    6645      
2022-07-23 16:51:58,967 INFO: _________________________________________________________________
2022-07-23 16:51:58,967 INFO: quant_conv2d_3 (QuantizeWrap (None, None, None, 27)    6645      
2022-07-23 16:51:58,967 INFO: _________________________________________________________________
2022-07-23 16:51:58,967 INFO: quant_conv2d_4 (QuantizeWrap (None, None, None, 27)    6645      
2022-07-23 16:51:58,967 INFO: _________________________________________________________________
2022-07-23 16:51:58,967 INFO: quant_conv2d_5 (QuantizeWrap (None, None, None, 27)    6645      
2022-07-23 16:51:58,967 INFO: _________________________________________________________________
2022-07-23 16:51:58,967 INFO: quant_conv2d_6 (QuantizeWrap (None, None, None, 27)    6645      
2022-07-23 16:51:58,967 INFO: _________________________________________________________________
2022-07-23 16:51:58,967 INFO: quant_conv2d_7 (QuantizeWrap (None, None, None, 27)    6645      
2022-07-23 16:51:58,968 INFO: _________________________________________________________________
2022-07-23 16:51:58,968 INFO: quant_lambda (QuantizeWrappe (None, None, None, 3)     1         
2022-07-23 16:51:58,968 INFO: =================================================================
2022-07-23 16:51:58,968 INFO: Total params: 47,332
2022-07-23 16:51:58,968 INFO: Trainable params: 46,872
2022-07-23 16:51:58,968 INFO: Non-trainable params: 460
2022-07-23 16:51:58,968 INFO: _________________________________________________________________
2022-07-23 16:51:58,969 INFO: Start training...
2022-07-23 16:53:20,651 INFO: Epoch: 1 | PSNR: 7.4189 | Loss: 102.5771 | lr: 1.00e-04 | Best_PSNR: 7.4189 | max_value: 12.563023567199707 in Epoch [1]
2022-07-23 16:54:42,472 INFO: Epoch: 2 | PSNR: 11.5840 | Loss: 80.1692 | lr: 1.00e-04 | Best_PSNR: 11.5840 | max_value: 69.62355041503906 in Epoch [2]
2022-07-23 16:55:55,876 INFO: Epoch: 3 | PSNR: 22.7977 | Loss: 30.4531 | lr: 1.00e-04 | Best_PSNR: 22.7977 | max_value: 176.07896423339844 in Epoch [3]
2022-07-23 16:57:10,988 INFO: Epoch: 4 | PSNR: 27.8435 | Loss: 8.2301 | lr: 1.00e-04 | Best_PSNR: 27.8435 | max_value: 248.94866943359375 in Epoch [4]
2022-07-23 16:58:26,576 INFO: Epoch: 5 | PSNR: 29.3574 | Loss: 6.3468 | lr: 1.00e-04 | Best_PSNR: 29.3574 | max_value: 255.0 in Epoch [5]
2022-07-23 16:59:44,252 INFO: Epoch: 6 | PSNR: 29.6913 | Loss: 5.9618 | lr: 1.00e-04 | Best_PSNR: 29.6913 | max_value: 255.0 in Epoch [6]
2022-07-23 17:00:57,757 INFO: Epoch: 7 | PSNR: 29.8981 | Loss: 5.8127 | lr: 1.00e-04 | Best_PSNR: 29.8981 | max_value: 255.0 in Epoch [7]
2022-07-23 17:02:07,006 INFO: Epoch: 8 | PSNR: 29.9298 | Loss: 5.7569 | lr: 1.00e-04 | Best_PSNR: 29.9298 | max_value: 255.0 in Epoch [8]
2022-07-23 17:03:18,244 INFO: Epoch: 9 | PSNR: 29.9498 | Loss: 5.6947 | lr: 1.00e-04 | Best_PSNR: 29.9498 | max_value: 255.0 in Epoch [9]
2022-07-23 17:04:27,314 INFO: Epoch: 10 | PSNR: 29.9582 | Loss: 5.7177 | lr: 1.00e-04 | Best_PSNR: 29.9582 | max_value: 255.0 in Epoch [10]
2022-07-23 17:05:30,272 INFO: Epoch: 11 | PSNR: 29.9581 | Loss: 5.6735 | lr: 1.00e-04 | Best_PSNR: 29.9582 | max_value: 255.0 in Epoch [10]
2022-07-23 17:06:37,190 INFO: Epoch: 12 | PSNR: 29.9683 | Loss: 5.7049 | lr: 1.00e-04 | Best_PSNR: 29.9683 | max_value: 255.0 in Epoch [12]
2022-07-23 17:07:43,059 INFO: Epoch: 13 | PSNR: 29.9690 | Loss: 5.6821 | lr: 1.00e-04 | Best_PSNR: 29.9690 | max_value: 255.0 in Epoch [13]
2022-07-23 17:08:49,503 INFO: Epoch: 14 | PSNR: 29.9716 | Loss: 5.6826 | lr: 1.00e-04 | Best_PSNR: 29.9716 | max_value: 255.0 in Epoch [14]
2022-07-23 17:09:57,128 INFO: Epoch: 15 | PSNR: 29.9870 | Loss: 5.6518 | lr: 1.00e-04 | Best_PSNR: 29.9870 | max_value: 255.0 in Epoch [15]
2022-07-23 17:11:02,642 INFO: Epoch: 16 | PSNR: 29.9645 | Loss: 5.6492 | lr: 1.00e-04 | Best_PSNR: 29.9870 | max_value: 255.0 in Epoch [15]
2022-07-23 17:12:10,211 INFO: Epoch: 17 | PSNR: 29.9660 | Loss: 5.6591 | lr: 1.00e-04 | Best_PSNR: 29.9870 | max_value: 255.0 in Epoch [15]
2022-07-23 17:13:21,302 INFO: Epoch: 18 | PSNR: 29.9776 | Loss: 5.7094 | lr: 1.00e-04 | Best_PSNR: 29.9870 | max_value: 255.0 in Epoch [15]
2022-07-23 17:14:33,119 INFO: Epoch: 19 | PSNR: 29.9670 | Loss: 5.6363 | lr: 1.00e-04 | Best_PSNR: 29.9870 | max_value: 255.0 in Epoch [15]
2022-07-23 17:15:43,108 INFO: Epoch: 20 | PSNR: 29.9730 | Loss: 5.6882 | lr: 1.00e-04 | Best_PSNR: 29.9870 | max_value: 255.0 in Epoch [15]
2022-07-23 17:16:53,618 INFO: Epoch: 21 | PSNR: 29.9917 | Loss: 5.6641 | lr: 1.00e-04 | Best_PSNR: 29.9917 | max_value: 255.0 in Epoch [21]
2022-07-23 17:18:04,080 INFO: Epoch: 22 | PSNR: 29.9652 | Loss: 5.6821 | lr: 1.00e-04 | Best_PSNR: 29.9917 | max_value: 255.0 in Epoch [21]
2022-07-23 17:19:13,457 INFO: Epoch: 23 | PSNR: 29.9612 | Loss: 5.6925 | lr: 1.00e-04 | Best_PSNR: 29.9917 | max_value: 255.0 in Epoch [21]
2022-07-23 17:20:22,413 INFO: Epoch: 24 | PSNR: 29.9629 | Loss: 5.7149 | lr: 1.00e-04 | Best_PSNR: 29.9917 | max_value: 255.0 in Epoch [21]
2022-07-23 17:21:33,988 INFO: Epoch: 25 | PSNR: 29.9682 | Loss: 5.7108 | lr: 1.00e-04 | Best_PSNR: 29.9917 | max_value: 255.0 in Epoch [21]
2022-07-23 17:22:45,808 INFO: Epoch: 26 | PSNR: 29.9717 | Loss: 5.7017 | lr: 1.00e-04 | Best_PSNR: 29.9917 | max_value: 255.0 in Epoch [21]
2022-07-23 17:23:56,936 INFO: Epoch: 27 | PSNR: 29.9638 | Loss: 5.6644 | lr: 1.00e-04 | Best_PSNR: 29.9917 | max_value: 255.0 in Epoch [21]
2022-07-23 17:25:05,670 INFO: Epoch: 28 | PSNR: 29.9736 | Loss: 5.6927 | lr: 1.00e-04 | Best_PSNR: 29.9917 | max_value: 255.0 in Epoch [21]
2022-07-23 17:26:14,320 INFO: Epoch: 29 | PSNR: 29.9723 | Loss: 5.7171 | lr: 1.00e-04 | Best_PSNR: 29.9917 | max_value: 255.0 in Epoch [21]
2022-07-23 17:27:16,377 INFO: Epoch: 30 | PSNR: 29.9743 | Loss: 5.6880 | lr: 1.00e-04 | Best_PSNR: 29.9917 | max_value: 255.0 in Epoch [21]
2022-07-23 17:28:17,039 INFO: Epoch: 31 | PSNR: 29.9559 | Loss: 5.7020 | lr: 1.00e-04 | Best_PSNR: 29.9917 | max_value: 255.0 in Epoch [21]
2022-07-23 17:29:18,224 INFO: Epoch: 32 | PSNR: 29.9736 | Loss: 5.7000 | lr: 1.00e-04 | Best_PSNR: 29.9917 | max_value: 255.0 in Epoch [21]
2022-07-23 17:30:21,348 INFO: Epoch: 33 | PSNR: 29.9483 | Loss: 5.6883 | lr: 1.00e-04 | Best_PSNR: 29.9917 | max_value: 255.0 in Epoch [21]
2022-07-23 17:31:24,891 INFO: Epoch: 34 | PSNR: 29.9439 | Loss: 5.7162 | lr: 1.00e-04 | Best_PSNR: 29.9917 | max_value: 255.0 in Epoch [21]
2022-07-23 17:32:27,274 INFO: Epoch: 35 | PSNR: 29.9493 | Loss: 5.7324 | lr: 1.00e-04 | Best_PSNR: 29.9917 | max_value: 255.0 in Epoch [21]
2022-07-23 17:33:29,968 INFO: Epoch: 36 | PSNR: 29.9730 | Loss: 5.6716 | lr: 1.00e-04 | Best_PSNR: 29.9917 | max_value: 255.0 in Epoch [21]
2022-07-23 17:34:35,927 INFO: Epoch: 37 | PSNR: 29.9655 | Loss: 5.7403 | lr: 1.00e-04 | Best_PSNR: 29.9917 | max_value: 255.0 in Epoch [21]
2022-07-23 17:35:44,488 INFO: Epoch: 38 | PSNR: 29.9606 | Loss: 5.6798 | lr: 1.00e-04 | Best_PSNR: 29.9917 | max_value: 255.0 in Epoch [21]
2022-07-23 17:36:52,358 INFO: Epoch: 39 | PSNR: 29.9820 | Loss: 5.6407 | lr: 1.00e-04 | Best_PSNR: 29.9917 | max_value: 255.0 in Epoch [21]
2022-07-23 17:37:59,423 INFO: Epoch: 40 | PSNR: 29.9796 | Loss: 5.6566 | lr: 1.00e-04 | Best_PSNR: 29.9917 | max_value: 255.0 in Epoch [21]
2022-07-23 17:39:07,910 INFO: Epoch: 41 | PSNR: 29.9851 | Loss: 5.7275 | lr: 1.00e-04 | Best_PSNR: 29.9917 | max_value: 255.0 in Epoch [21]
2022-07-23 17:40:15,227 INFO: Epoch: 42 | PSNR: 29.9897 | Loss: 5.7527 | lr: 1.00e-04 | Best_PSNR: 29.9917 | max_value: 255.0 in Epoch [21]
2022-07-23 17:41:24,982 INFO: Epoch: 43 | PSNR: 29.9805 | Loss: 5.7678 | lr: 1.00e-04 | Best_PSNR: 29.9917 | max_value: 255.0 in Epoch [21]
2022-07-23 17:42:32,900 INFO: Epoch: 44 | PSNR: 29.9780 | Loss: 5.7030 | lr: 1.00e-04 | Best_PSNR: 29.9917 | max_value: 255.0 in Epoch [21]
2022-07-23 17:43:39,124 INFO: Epoch: 45 | PSNR: 29.9746 | Loss: 5.6769 | lr: 1.00e-04 | Best_PSNR: 29.9917 | max_value: 255.0 in Epoch [21]
2022-07-23 17:44:47,774 INFO: Epoch: 46 | PSNR: 29.9718 | Loss: 5.7029 | lr: 1.00e-04 | Best_PSNR: 29.9917 | max_value: 255.0 in Epoch [21]
2022-07-23 17:45:56,787 INFO: Epoch: 47 | PSNR: 29.9728 | Loss: 5.6972 | lr: 1.00e-04 | Best_PSNR: 29.9917 | max_value: 255.0 in Epoch [21]
2022-07-23 17:47:03,639 INFO: Epoch: 48 | PSNR: 29.9731 | Loss: 5.7013 | lr: 1.00e-04 | Best_PSNR: 29.9917 | max_value: 255.0 in Epoch [21]
2022-07-23 17:48:10,235 INFO: Epoch: 49 | PSNR: 29.9737 | Loss: 5.6709 | lr: 1.00e-04 | Best_PSNR: 29.9917 | max_value: 255.0 in Epoch [21]
2022-07-23 17:49:16,351 INFO: Epoch: 50 | PSNR: 29.9629 | Loss: 5.6914 | lr: 1.00e-04 | Best_PSNR: 29.9917 | max_value: 255.0 in Epoch [21]
2022-07-23 17:50:25,324 INFO: Epoch: 51 | PSNR: 29.9799 | Loss: 5.6417 | lr: 5.00e-05 | Best_PSNR: 29.9917 | max_value: 255.0 in Epoch [21]
2022-07-23 17:51:32,035 INFO: Epoch: 52 | PSNR: 29.9615 | Loss: 5.7269 | lr: 5.00e-05 | Best_PSNR: 29.9917 | max_value: 255.0 in Epoch [21]
2022-07-23 17:52:39,411 INFO: Epoch: 53 | PSNR: 29.9677 | Loss: 5.7172 | lr: 5.00e-05 | Best_PSNR: 29.9917 | max_value: 255.0 in Epoch [21]
2022-07-23 17:53:46,760 INFO: Epoch: 54 | PSNR: 29.9769 | Loss: 5.6815 | lr: 5.00e-05 | Best_PSNR: 29.9917 | max_value: 255.0 in Epoch [21]
2022-07-23 17:54:51,134 INFO: Epoch: 55 | PSNR: 29.9832 | Loss: 5.7099 | lr: 5.00e-05 | Best_PSNR: 29.9917 | max_value: 255.0 in Epoch [21]
2022-07-23 17:55:55,805 INFO: Epoch: 56 | PSNR: 29.9735 | Loss: 5.6616 | lr: 5.00e-05 | Best_PSNR: 29.9917 | max_value: 255.0 in Epoch [21]
2022-07-23 17:57:01,011 INFO: Epoch: 57 | PSNR: 29.9487 | Loss: 5.6953 | lr: 5.00e-05 | Best_PSNR: 29.9917 | max_value: 255.0 in Epoch [21]
2022-07-23 17:58:06,352 INFO: Epoch: 58 | PSNR: 29.9520 | Loss: 5.7056 | lr: 5.00e-05 | Best_PSNR: 29.9917 | max_value: 255.0 in Epoch [21]
2022-07-23 17:59:13,046 INFO: Epoch: 59 | PSNR: 29.9699 | Loss: 5.7454 | lr: 5.00e-05 | Best_PSNR: 29.9917 | max_value: 255.0 in Epoch [21]
2022-07-23 18:00:18,413 INFO: Epoch: 60 | PSNR: 29.9442 | Loss: 5.7213 | lr: 5.00e-05 | Best_PSNR: 29.9917 | max_value: 255.0 in Epoch [21]
2022-07-23 18:01:20,280 INFO: Epoch: 61 | PSNR: 29.9544 | Loss: 5.7195 | lr: 5.00e-05 | Best_PSNR: 29.9917 | max_value: 255.0 in Epoch [21]
2022-07-23 18:02:22,666 INFO: Epoch: 62 | PSNR: 29.9639 | Loss: 5.7367 | lr: 5.00e-05 | Best_PSNR: 29.9917 | max_value: 255.0 in Epoch [21]
2022-07-23 18:03:26,731 INFO: Epoch: 63 | PSNR: 29.9795 | Loss: 5.6710 | lr: 5.00e-05 | Best_PSNR: 29.9917 | max_value: 255.0 in Epoch [21]
2022-07-23 18:04:31,395 INFO: Epoch: 64 | PSNR: 29.9658 | Loss: 5.7446 | lr: 5.00e-05 | Best_PSNR: 29.9917 | max_value: 255.0 in Epoch [21]
2022-07-23 18:05:38,659 INFO: Epoch: 65 | PSNR: 29.9702 | Loss: 5.7441 | lr: 5.00e-05 | Best_PSNR: 29.9917 | max_value: 255.0 in Epoch [21]
2022-07-23 18:06:43,399 INFO: Epoch: 66 | PSNR: 29.9680 | Loss: 5.6773 | lr: 5.00e-05 | Best_PSNR: 29.9917 | max_value: 255.0 in Epoch [21]
2022-07-23 18:07:49,120 INFO: Epoch: 67 | PSNR: 29.9607 | Loss: 5.6347 | lr: 5.00e-05 | Best_PSNR: 29.9917 | max_value: 255.0 in Epoch [21]
2022-07-23 18:08:55,227 INFO: Epoch: 68 | PSNR: 29.9608 | Loss: 5.6845 | lr: 5.00e-05 | Best_PSNR: 29.9917 | max_value: 255.0 in Epoch [21]
2022-07-23 18:10:00,751 INFO: Epoch: 69 | PSNR: 29.9668 | Loss: 5.6789 | lr: 5.00e-05 | Best_PSNR: 29.9917 | max_value: 255.0 in Epoch [21]
2022-07-23 18:11:05,650 INFO: Epoch: 70 | PSNR: 29.9706 | Loss: 5.7875 | lr: 5.00e-05 | Best_PSNR: 29.9917 | max_value: 255.0 in Epoch [21]
2022-07-23 18:12:10,713 INFO: Epoch: 71 | PSNR: 29.9612 | Loss: 5.7151 | lr: 5.00e-05 | Best_PSNR: 29.9917 | max_value: 255.0 in Epoch [21]
2022-07-23 18:13:15,903 INFO: Epoch: 72 | PSNR: 29.9620 | Loss: 5.6721 | lr: 5.00e-05 | Best_PSNR: 29.9917 | max_value: 255.0 in Epoch [21]
2022-07-23 18:14:23,192 INFO: Epoch: 73 | PSNR: 29.9567 | Loss: 5.7043 | lr: 5.00e-05 | Best_PSNR: 29.9917 | max_value: 255.0 in Epoch [21]
2022-07-23 18:15:28,143 INFO: Epoch: 74 | PSNR: 29.9473 | Loss: 5.7629 | lr: 5.00e-05 | Best_PSNR: 29.9917 | max_value: 255.0 in Epoch [21]
2022-07-23 18:16:31,979 INFO: Epoch: 75 | PSNR: 29.9524 | Loss: 5.7604 | lr: 5.00e-05 | Best_PSNR: 29.9917 | max_value: 255.0 in Epoch [21]
2022-07-23 18:17:36,070 INFO: Epoch: 76 | PSNR: 29.9688 | Loss: 5.7082 | lr: 5.00e-05 | Best_PSNR: 29.9917 | max_value: 255.0 in Epoch [21]
2022-07-23 18:18:38,120 INFO: Epoch: 77 | PSNR: 29.9716 | Loss: 5.7120 | lr: 5.00e-05 | Best_PSNR: 29.9917 | max_value: 255.0 in Epoch [21]
2022-07-23 18:19:40,623 INFO: Epoch: 78 | PSNR: 29.9590 | Loss: 5.7425 | lr: 5.00e-05 | Best_PSNR: 29.9917 | max_value: 255.0 in Epoch [21]
2022-07-23 18:20:40,011 INFO: Epoch: 79 | PSNR: 29.9628 | Loss: 5.7288 | lr: 5.00e-05 | Best_PSNR: 29.9917 | max_value: 255.0 in Epoch [21]
2022-07-23 18:21:40,385 INFO: Epoch: 80 | PSNR: 29.9703 | Loss: 5.7215 | lr: 5.00e-05 | Best_PSNR: 29.9917 | max_value: 255.0 in Epoch [21]
2022-07-23 18:22:41,885 INFO: Epoch: 81 | PSNR: 29.9670 | Loss: 5.7360 | lr: 5.00e-05 | Best_PSNR: 29.9917 | max_value: 255.0 in Epoch [21]
2022-07-23 18:23:42,961 INFO: Epoch: 82 | PSNR: 29.9440 | Loss: 5.6843 | lr: 5.00e-05 | Best_PSNR: 29.9917 | max_value: 255.0 in Epoch [21]
2022-07-23 18:24:40,520 INFO: Epoch: 83 | PSNR: 29.9448 | Loss: 5.7006 | lr: 5.00e-05 | Best_PSNR: 29.9917 | max_value: 255.0 in Epoch [21]
2022-07-23 18:25:39,032 INFO: Epoch: 84 | PSNR: 29.9698 | Loss: 5.7125 | lr: 5.00e-05 | Best_PSNR: 29.9917 | max_value: 255.0 in Epoch [21]
2022-07-23 18:26:38,257 INFO: Epoch: 85 | PSNR: 29.9752 | Loss: 5.7572 | lr: 5.00e-05 | Best_PSNR: 29.9917 | max_value: 255.0 in Epoch [21]
2022-07-23 18:27:38,095 INFO: Epoch: 86 | PSNR: 29.9420 | Loss: 5.7331 | lr: 5.00e-05 | Best_PSNR: 29.9917 | max_value: 255.0 in Epoch [21]
2022-07-23 18:28:37,477 INFO: Epoch: 87 | PSNR: 29.9640 | Loss: 5.7539 | lr: 5.00e-05 | Best_PSNR: 29.9917 | max_value: 255.0 in Epoch [21]
2022-07-23 18:29:35,809 INFO: Epoch: 88 | PSNR: 29.9420 | Loss: 5.7022 | lr: 5.00e-05 | Best_PSNR: 29.9917 | max_value: 255.0 in Epoch [21]
2022-07-23 18:30:35,652 INFO: Epoch: 89 | PSNR: 29.9541 | Loss: 5.6914 | lr: 5.00e-05 | Best_PSNR: 29.9917 | max_value: 255.0 in Epoch [21]
2022-07-23 18:31:34,827 INFO: Epoch: 90 | PSNR: 29.9634 | Loss: 5.6657 | lr: 5.00e-05 | Best_PSNR: 29.9917 | max_value: 255.0 in Epoch [21]
2022-07-23 18:32:34,019 INFO: Epoch: 91 | PSNR: 29.9602 | Loss: 5.6817 | lr: 5.00e-05 | Best_PSNR: 29.9917 | max_value: 255.0 in Epoch [21]
2022-07-23 18:33:33,772 INFO: Epoch: 92 | PSNR: 29.9620 | Loss: 5.6951 | lr: 5.00e-05 | Best_PSNR: 29.9917 | max_value: 255.0 in Epoch [21]
2022-07-23 18:34:33,314 INFO: Epoch: 93 | PSNR: 29.9615 | Loss: 5.6945 | lr: 5.00e-05 | Best_PSNR: 29.9917 | max_value: 255.0 in Epoch [21]
2022-07-23 18:35:32,835 INFO: Epoch: 94 | PSNR: 29.9607 | Loss: 5.7397 | lr: 5.00e-05 | Best_PSNR: 29.9917 | max_value: 255.0 in Epoch [21]
2022-07-23 18:36:31,321 INFO: Epoch: 95 | PSNR: 29.9701 | Loss: 5.7051 | lr: 5.00e-05 | Best_PSNR: 29.9917 | max_value: 255.0 in Epoch [21]
2022-07-23 18:37:30,993 INFO: Epoch: 96 | PSNR: 29.9698 | Loss: 5.7077 | lr: 5.00e-05 | Best_PSNR: 29.9917 | max_value: 255.0 in Epoch [21]
2022-07-23 18:38:30,182 INFO: Epoch: 97 | PSNR: 29.9621 | Loss: 5.7035 | lr: 5.00e-05 | Best_PSNR: 29.9917 | max_value: 255.0 in Epoch [21]
2022-07-23 18:39:29,622 INFO: Epoch: 98 | PSNR: 29.9646 | Loss: 5.7124 | lr: 5.00e-05 | Best_PSNR: 29.9917 | max_value: 255.0 in Epoch [21]
2022-07-23 18:40:29,304 INFO: Epoch: 99 | PSNR: 29.9624 | Loss: 5.7816 | lr: 5.00e-05 | Best_PSNR: 29.9917 | max_value: 255.0 in Epoch [21]
2022-07-23 18:41:28,403 INFO: Epoch: 100 | PSNR: 29.9690 | Loss: 5.7403 | lr: 5.00e-05 | Best_PSNR: 29.9917 | max_value: 255.0 in Epoch [21]
2022-07-23 18:42:27,906 INFO: Epoch: 101 | PSNR: 29.9626 | Loss: 5.7131 | lr: 2.50e-05 | Best_PSNR: 29.9917 | max_value: 255.0 in Epoch [21]
2022-07-23 18:43:27,845 INFO: Epoch: 102 | PSNR: 29.9659 | Loss: 5.7289 | lr: 2.50e-05 | Best_PSNR: 29.9917 | max_value: 255.0 in Epoch [21]
2022-07-23 18:44:26,915 INFO: Epoch: 103 | PSNR: 29.9687 | Loss: 5.7064 | lr: 2.50e-05 | Best_PSNR: 29.9917 | max_value: 255.0 in Epoch [21]
2022-07-23 18:45:27,139 INFO: Epoch: 104 | PSNR: 29.9705 | Loss: 5.7025 | lr: 2.50e-05 | Best_PSNR: 29.9917 | max_value: 255.0 in Epoch [21]
2022-07-23 18:46:26,503 INFO: Epoch: 105 | PSNR: 29.9677 | Loss: 5.7605 | lr: 2.50e-05 | Best_PSNR: 29.9917 | max_value: 255.0 in Epoch [21]
2022-07-23 18:47:25,013 INFO: Epoch: 106 | PSNR: 29.9669 | Loss: 5.7010 | lr: 2.50e-05 | Best_PSNR: 29.9917 | max_value: 255.0 in Epoch [21]
2022-07-23 18:48:24,580 INFO: Epoch: 107 | PSNR: 29.9762 | Loss: 5.6958 | lr: 2.50e-05 | Best_PSNR: 29.9917 | max_value: 255.0 in Epoch [21]
2022-07-23 18:49:25,928 INFO: Epoch: 108 | PSNR: 29.9614 | Loss: 5.7555 | lr: 2.50e-05 | Best_PSNR: 29.9917 | max_value: 255.0 in Epoch [21]
2022-07-23 18:50:31,837 INFO: Epoch: 109 | PSNR: 29.9656 | Loss: 5.7465 | lr: 2.50e-05 | Best_PSNR: 29.9917 | max_value: 255.0 in Epoch [21]
2022-07-23 18:51:39,180 INFO: Epoch: 110 | PSNR: 29.9462 | Loss: 5.7881 | lr: 2.50e-05 | Best_PSNR: 29.9917 | max_value: 255.0 in Epoch [21]
2022-07-23 18:52:43,731 INFO: Epoch: 111 | PSNR: 29.9422 | Loss: 5.6927 | lr: 2.50e-05 | Best_PSNR: 29.9917 | max_value: 255.0 in Epoch [21]
2022-07-23 18:53:45,386 INFO: Epoch: 112 | PSNR: 29.9638 | Loss: 5.7164 | lr: 2.50e-05 | Best_PSNR: 29.9917 | max_value: 255.0 in Epoch [21]
2022-07-23 18:54:46,820 INFO: Epoch: 113 | PSNR: 29.9491 | Loss: 5.6852 | lr: 2.50e-05 | Best_PSNR: 29.9917 | max_value: 255.0 in Epoch [21]
2022-07-23 18:55:48,091 INFO: Epoch: 114 | PSNR: 29.9627 | Loss: 5.7311 | lr: 2.50e-05 | Best_PSNR: 29.9917 | max_value: 255.0 in Epoch [21]
2022-07-23 18:56:49,939 INFO: Epoch: 115 | PSNR: 29.9451 | Loss: 5.7344 | lr: 2.50e-05 | Best_PSNR: 29.9917 | max_value: 255.0 in Epoch [21]
2022-07-23 18:57:55,109 INFO: Epoch: 116 | PSNR: 29.9550 | Loss: 5.7147 | lr: 2.50e-05 | Best_PSNR: 29.9917 | max_value: 255.0 in Epoch [21]
2022-07-23 18:59:02,260 INFO: Epoch: 117 | PSNR: 29.9344 | Loss: 5.7257 | lr: 2.50e-05 | Best_PSNR: 29.9917 | max_value: 255.0 in Epoch [21]
2022-07-23 19:00:06,357 INFO: Epoch: 118 | PSNR: 29.9573 | Loss: 5.7380 | lr: 2.50e-05 | Best_PSNR: 29.9917 | max_value: 255.0 in Epoch [21]
2022-07-23 19:01:12,101 INFO: Epoch: 119 | PSNR: 29.9537 | Loss: 5.6615 | lr: 2.50e-05 | Best_PSNR: 29.9917 | max_value: 255.0 in Epoch [21]
2022-07-23 19:02:20,197 INFO: Epoch: 120 | PSNR: 29.9671 | Loss: 5.7340 | lr: 2.50e-05 | Best_PSNR: 29.9917 | max_value: 255.0 in Epoch [21]
2022-07-23 19:03:25,931 INFO: Epoch: 121 | PSNR: 29.9595 | Loss: 5.7094 | lr: 2.50e-05 | Best_PSNR: 29.9917 | max_value: 255.0 in Epoch [21]
2022-07-23 19:04:35,490 INFO: Epoch: 122 | PSNR: 29.9643 | Loss: 5.7089 | lr: 2.50e-05 | Best_PSNR: 29.9917 | max_value: 255.0 in Epoch [21]
2022-07-23 19:05:41,965 INFO: Epoch: 123 | PSNR: 29.9509 | Loss: 5.7164 | lr: 2.50e-05 | Best_PSNR: 29.9917 | max_value: 255.0 in Epoch [21]
2022-07-23 19:06:45,876 INFO: Epoch: 124 | PSNR: 29.9468 | Loss: 5.6925 | lr: 2.50e-05 | Best_PSNR: 29.9917 | max_value: 255.0 in Epoch [21]
2022-07-23 19:07:45,395 INFO: Epoch: 125 | PSNR: 29.9445 | Loss: 5.6665 | lr: 2.50e-05 | Best_PSNR: 29.9917 | max_value: 255.0 in Epoch [21]
2022-07-23 19:08:44,440 INFO: Epoch: 126 | PSNR: 29.9482 | Loss: 5.7313 | lr: 2.50e-05 | Best_PSNR: 29.9917 | max_value: 255.0 in Epoch [21]
2022-07-23 19:09:43,442 INFO: Epoch: 127 | PSNR: 29.9537 | Loss: 5.7176 | lr: 2.50e-05 | Best_PSNR: 29.9917 | max_value: 255.0 in Epoch [21]
2022-07-23 19:10:40,992 INFO: Epoch: 128 | PSNR: 29.9516 | Loss: 5.7269 | lr: 2.50e-05 | Best_PSNR: 29.9917 | max_value: 255.0 in Epoch [21]
2022-07-23 19:11:39,088 INFO: Epoch: 129 | PSNR: 29.9485 | Loss: 5.7208 | lr: 2.50e-05 | Best_PSNR: 29.9917 | max_value: 255.0 in Epoch [21]
2022-07-23 19:12:37,249 INFO: Epoch: 130 | PSNR: 29.9508 | Loss: 5.6688 | lr: 2.50e-05 | Best_PSNR: 29.9917 | max_value: 255.0 in Epoch [21]
2022-07-23 19:13:36,513 INFO: Epoch: 131 | PSNR: 29.9397 | Loss: 5.7109 | lr: 2.50e-05 | Best_PSNR: 29.9917 | max_value: 255.0 in Epoch [21]
2022-07-23 19:14:35,260 INFO: Epoch: 132 | PSNR: 29.9480 | Loss: 5.7301 | lr: 2.50e-05 | Best_PSNR: 29.9917 | max_value: 255.0 in Epoch [21]
2022-07-23 19:15:34,367 INFO: Epoch: 133 | PSNR: 29.9582 | Loss: 5.6943 | lr: 2.50e-05 | Best_PSNR: 29.9917 | max_value: 255.0 in Epoch [21]
2022-07-23 19:16:32,930 INFO: Epoch: 134 | PSNR: 29.9123 | Loss: 5.7561 | lr: 2.50e-05 | Best_PSNR: 29.9917 | max_value: 255.0 in Epoch [21]
2022-07-23 19:17:32,358 INFO: Epoch: 135 | PSNR: 29.9004 | Loss: 5.7447 | lr: 2.50e-05 | Best_PSNR: 29.9917 | max_value: 255.0 in Epoch [21]
2022-07-23 19:18:30,691 INFO: Epoch: 136 | PSNR: 29.9410 | Loss: 5.7245 | lr: 2.50e-05 | Best_PSNR: 29.9917 | max_value: 255.0 in Epoch [21]
2022-07-23 19:19:28,870 INFO: Epoch: 137 | PSNR: 29.9302 | Loss: 5.6849 | lr: 2.50e-05 | Best_PSNR: 29.9917 | max_value: 255.0 in Epoch [21]
2022-07-23 19:20:27,848 INFO: Epoch: 138 | PSNR: 29.9199 | Loss: 5.7098 | lr: 2.50e-05 | Best_PSNR: 29.9917 | max_value: 255.0 in Epoch [21]
2022-07-23 19:21:25,526 INFO: Epoch: 139 | PSNR: 29.9436 | Loss: 5.7141 | lr: 2.50e-05 | Best_PSNR: 29.9917 | max_value: 255.0 in Epoch [21]
2022-07-23 19:22:24,483 INFO: Epoch: 140 | PSNR: 29.9287 | Loss: 5.6964 | lr: 2.50e-05 | Best_PSNR: 29.9917 | max_value: 255.0 in Epoch [21]
2022-07-23 19:23:22,622 INFO: Epoch: 141 | PSNR: 29.9138 | Loss: 5.7430 | lr: 2.50e-05 | Best_PSNR: 29.9917 | max_value: 255.0 in Epoch [21]
2022-07-23 19:24:21,269 INFO: Epoch: 142 | PSNR: 29.9401 | Loss: 5.7476 | lr: 2.50e-05 | Best_PSNR: 29.9917 | max_value: 255.0 in Epoch [21]
2022-07-23 19:25:19,103 INFO: Epoch: 143 | PSNR: 29.9415 | Loss: 5.7684 | lr: 2.50e-05 | Best_PSNR: 29.9917 | max_value: 255.0 in Epoch [21]
2022-07-23 19:26:17,489 INFO: Epoch: 144 | PSNR: 29.9480 | Loss: 5.7291 | lr: 2.50e-05 | Best_PSNR: 29.9917 | max_value: 255.0 in Epoch [21]
2022-07-23 19:27:15,710 INFO: Epoch: 145 | PSNR: 29.9172 | Loss: 5.6859 | lr: 2.50e-05 | Best_PSNR: 29.9917 | max_value: 255.0 in Epoch [21]
2022-07-23 19:28:14,124 INFO: Epoch: 146 | PSNR: 29.9331 | Loss: 5.7377 | lr: 2.50e-05 | Best_PSNR: 29.9917 | max_value: 255.0 in Epoch [21]
2022-07-23 19:29:13,681 INFO: Epoch: 147 | PSNR: 29.9641 | Loss: 5.6423 | lr: 2.50e-05 | Best_PSNR: 29.9917 | max_value: 255.0 in Epoch [21]
2022-07-23 19:30:13,205 INFO: Epoch: 148 | PSNR: 29.9235 | Loss: 5.7213 | lr: 2.50e-05 | Best_PSNR: 29.9917 | max_value: 255.0 in Epoch [21]
2022-07-23 19:31:11,887 INFO: Epoch: 149 | PSNR: 29.9310 | Loss: 5.7477 | lr: 2.50e-05 | Best_PSNR: 29.9917 | max_value: 255.0 in Epoch [21]
2022-07-23 19:32:10,523 INFO: Epoch: 150 | PSNR: 29.9407 | Loss: 5.7208 | lr: 2.50e-05 | Best_PSNR: 29.9917 | max_value: 255.0 in Epoch [21]
2022-07-23 19:33:08,730 INFO: Epoch: 151 | PSNR: 29.9271 | Loss: 5.7318 | lr: 1.25e-05 | Best_PSNR: 29.9917 | max_value: 255.0 in Epoch [21]
2022-07-23 19:34:07,064 INFO: Epoch: 152 | PSNR: 29.9548 | Loss: 5.7012 | lr: 1.25e-05 | Best_PSNR: 29.9917 | max_value: 255.0 in Epoch [21]
2022-07-23 19:35:05,590 INFO: Epoch: 153 | PSNR: 29.9672 | Loss: 5.6920 | lr: 1.25e-05 | Best_PSNR: 29.9917 | max_value: 255.0 in Epoch [21]
2022-07-23 19:36:04,271 INFO: Epoch: 154 | PSNR: 29.9416 | Loss: 5.7314 | lr: 1.25e-05 | Best_PSNR: 29.9917 | max_value: 255.0 in Epoch [21]
2022-07-23 19:37:03,375 INFO: Epoch: 155 | PSNR: 29.9206 | Loss: 5.7255 | lr: 1.25e-05 | Best_PSNR: 29.9917 | max_value: 255.0 in Epoch [21]
2022-07-23 19:38:02,703 INFO: Epoch: 156 | PSNR: 29.9368 | Loss: 5.7701 | lr: 1.25e-05 | Best_PSNR: 29.9917 | max_value: 255.0 in Epoch [21]
2022-07-23 19:39:01,211 INFO: Epoch: 157 | PSNR: 29.9412 | Loss: 5.6590 | lr: 1.25e-05 | Best_PSNR: 29.9917 | max_value: 255.0 in Epoch [21]
2022-07-23 19:40:00,023 INFO: Epoch: 158 | PSNR: 29.9526 | Loss: 5.7151 | lr: 1.25e-05 | Best_PSNR: 29.9917 | max_value: 255.0 in Epoch [21]
2022-07-23 19:40:59,023 INFO: Epoch: 159 | PSNR: 29.9508 | Loss: 5.7040 | lr: 1.25e-05 | Best_PSNR: 29.9917 | max_value: 255.0 in Epoch [21]
2022-07-23 19:41:57,710 INFO: Epoch: 160 | PSNR: 29.9402 | Loss: 5.7290 | lr: 1.25e-05 | Best_PSNR: 29.9917 | max_value: 255.0 in Epoch [21]
2022-07-23 19:42:56,193 INFO: Epoch: 161 | PSNR: 29.9504 | Loss: 5.7207 | lr: 1.25e-05 | Best_PSNR: 29.9917 | max_value: 255.0 in Epoch [21]
2022-07-23 19:43:54,863 INFO: Epoch: 162 | PSNR: 29.9436 | Loss: 5.7537 | lr: 1.25e-05 | Best_PSNR: 29.9917 | max_value: 255.0 in Epoch [21]
2022-07-23 19:44:53,118 INFO: Epoch: 163 | PSNR: 29.9416 | Loss: 5.7095 | lr: 1.25e-05 | Best_PSNR: 29.9917 | max_value: 255.0 in Epoch [21]
2022-07-23 19:45:52,535 INFO: Epoch: 164 | PSNR: 29.9424 | Loss: 5.7377 | lr: 1.25e-05 | Best_PSNR: 29.9917 | max_value: 255.0 in Epoch [21]
2022-07-23 19:46:51,017 INFO: Epoch: 165 | PSNR: 29.9139 | Loss: 5.6713 | lr: 1.25e-05 | Best_PSNR: 29.9917 | max_value: 255.0 in Epoch [21]
2022-07-23 19:47:49,369 INFO: Epoch: 166 | PSNR: 29.9286 | Loss: 5.7101 | lr: 1.25e-05 | Best_PSNR: 29.9917 | max_value: 255.0 in Epoch [21]
2022-07-23 19:48:48,526 INFO: Epoch: 167 | PSNR: 29.9383 | Loss: 5.7683 | lr: 1.25e-05 | Best_PSNR: 29.9917 | max_value: 255.0 in Epoch [21]
2022-07-23 19:49:47,280 INFO: Epoch: 168 | PSNR: 29.9158 | Loss: 5.7365 | lr: 1.25e-05 | Best_PSNR: 29.9917 | max_value: 255.0 in Epoch [21]
2022-07-23 19:50:46,650 INFO: Epoch: 169 | PSNR: 29.9488 | Loss: 5.7345 | lr: 1.25e-05 | Best_PSNR: 29.9917 | max_value: 255.0 in Epoch [21]
2022-07-23 19:51:44,866 INFO: Epoch: 170 | PSNR: 29.9495 | Loss: 5.7542 | lr: 1.25e-05 | Best_PSNR: 29.9917 | max_value: 255.0 in Epoch [21]
2022-07-23 19:52:43,629 INFO: Epoch: 171 | PSNR: 29.9248 | Loss: 5.7002 | lr: 1.25e-05 | Best_PSNR: 29.9917 | max_value: 255.0 in Epoch [21]
2022-07-23 19:53:42,566 INFO: Epoch: 172 | PSNR: 29.9323 | Loss: 5.7291 | lr: 1.25e-05 | Best_PSNR: 29.9917 | max_value: 255.0 in Epoch [21]
2022-07-23 19:54:41,690 INFO: Epoch: 173 | PSNR: 29.9433 | Loss: 5.7813 | lr: 1.25e-05 | Best_PSNR: 29.9917 | max_value: 255.0 in Epoch [21]
2022-07-23 19:55:39,861 INFO: Epoch: 174 | PSNR: 29.9396 | Loss: 5.7119 | lr: 1.25e-05 | Best_PSNR: 29.9917 | max_value: 255.0 in Epoch [21]
2022-07-23 19:56:39,412 INFO: Epoch: 175 | PSNR: 29.9441 | Loss: 5.6680 | lr: 1.25e-05 | Best_PSNR: 29.9917 | max_value: 255.0 in Epoch [21]
2022-07-23 19:57:37,817 INFO: Epoch: 176 | PSNR: 29.9395 | Loss: 5.7424 | lr: 1.25e-05 | Best_PSNR: 29.9917 | max_value: 255.0 in Epoch [21]
2022-07-23 19:58:36,496 INFO: Epoch: 177 | PSNR: 29.9350 | Loss: 5.7465 | lr: 1.25e-05 | Best_PSNR: 29.9917 | max_value: 255.0 in Epoch [21]
2022-07-23 19:59:35,528 INFO: Epoch: 178 | PSNR: 29.9376 | Loss: 5.7320 | lr: 1.25e-05 | Best_PSNR: 29.9917 | max_value: 255.0 in Epoch [21]
2022-07-23 20:00:34,294 INFO: Epoch: 179 | PSNR: 29.9551 | Loss: 5.7459 | lr: 1.25e-05 | Best_PSNR: 29.9917 | max_value: 255.0 in Epoch [21]
2022-07-23 20:01:33,780 INFO: Epoch: 180 | PSNR: 29.9374 | Loss: 5.7430 | lr: 1.25e-05 | Best_PSNR: 29.9917 | max_value: 255.0 in Epoch [21]
2022-07-23 20:02:32,143 INFO: Epoch: 181 | PSNR: 29.9595 | Loss: 5.7534 | lr: 1.25e-05 | Best_PSNR: 29.9917 | max_value: 255.0 in Epoch [21]
2022-07-23 20:03:30,395 INFO: Epoch: 182 | PSNR: 29.9599 | Loss: 5.7353 | lr: 1.25e-05 | Best_PSNR: 29.9917 | max_value: 255.0 in Epoch [21]
2022-07-23 20:04:29,650 INFO: Epoch: 183 | PSNR: 29.9569 | Loss: 5.7582 | lr: 1.25e-05 | Best_PSNR: 29.9917 | max_value: 255.0 in Epoch [21]
2022-07-23 20:05:27,949 INFO: Epoch: 184 | PSNR: 29.9459 | Loss: 5.7765 | lr: 1.25e-05 | Best_PSNR: 29.9917 | max_value: 255.0 in Epoch [21]
2022-07-23 20:06:26,428 INFO: Epoch: 185 | PSNR: 29.9619 | Loss: 5.7077 | lr: 1.25e-05 | Best_PSNR: 29.9917 | max_value: 255.0 in Epoch [21]
2022-07-23 20:07:25,525 INFO: Epoch: 186 | PSNR: 29.9451 | Loss: 5.7780 | lr: 1.25e-05 | Best_PSNR: 29.9917 | max_value: 255.0 in Epoch [21]
2022-07-23 20:08:24,069 INFO: Epoch: 187 | PSNR: 29.9442 | Loss: 5.6965 | lr: 1.25e-05 | Best_PSNR: 29.9917 | max_value: 255.0 in Epoch [21]
2022-07-23 20:09:22,700 INFO: Epoch: 188 | PSNR: 29.9538 | Loss: 5.7012 | lr: 1.25e-05 | Best_PSNR: 29.9917 | max_value: 255.0 in Epoch [21]
2022-07-23 20:10:20,694 INFO: Epoch: 189 | PSNR: 29.9675 | Loss: 5.7469 | lr: 1.25e-05 | Best_PSNR: 29.9917 | max_value: 255.0 in Epoch [21]
2022-07-23 20:11:19,838 INFO: Epoch: 190 | PSNR: 29.9349 | Loss: 5.7016 | lr: 1.25e-05 | Best_PSNR: 29.9917 | max_value: 255.0 in Epoch [21]
2022-07-23 20:12:18,450 INFO: Epoch: 191 | PSNR: 29.9302 | Loss: 5.7033 | lr: 1.25e-05 | Best_PSNR: 29.9917 | max_value: 255.0 in Epoch [21]
2022-07-23 20:13:17,737 INFO: Epoch: 192 | PSNR: 29.9510 | Loss: 5.7098 | lr: 1.25e-05 | Best_PSNR: 29.9917 | max_value: 255.0 in Epoch [21]
2022-07-23 20:14:17,766 INFO: Epoch: 193 | PSNR: 29.9678 | Loss: 5.7340 | lr: 1.25e-05 | Best_PSNR: 29.9917 | max_value: 255.0 in Epoch [21]
2022-07-23 20:15:16,270 INFO: Epoch: 194 | PSNR: 29.9613 | Loss: 5.7183 | lr: 1.25e-05 | Best_PSNR: 29.9917 | max_value: 255.0 in Epoch [21]
2022-07-23 20:16:15,994 INFO: Epoch: 195 | PSNR: 29.9419 | Loss: 5.6825 | lr: 1.25e-05 | Best_PSNR: 29.9917 | max_value: 255.0 in Epoch [21]
2022-07-23 20:17:14,157 INFO: Epoch: 196 | PSNR: 29.9630 | Loss: 5.7550 | lr: 1.25e-05 | Best_PSNR: 29.9917 | max_value: 255.0 in Epoch [21]
2022-07-23 20:18:12,376 INFO: Epoch: 197 | PSNR: 29.9581 | Loss: 5.7272 | lr: 1.25e-05 | Best_PSNR: 29.9917 | max_value: 255.0 in Epoch [21]
2022-07-23 20:19:11,223 INFO: Epoch: 198 | PSNR: 29.9658 | Loss: 5.7105 | lr: 1.25e-05 | Best_PSNR: 29.9917 | max_value: 255.0 in Epoch [21]
2022-07-23 20:20:10,005 INFO: Epoch: 199 | PSNR: 29.9699 | Loss: 5.7125 | lr: 1.25e-05 | Best_PSNR: 29.9917 | max_value: 255.0 in Epoch [21]
2022-07-23 20:21:07,847 INFO: Epoch: 200 | PSNR: 29.9732 | Loss: 5.7008 | lr: 1.25e-05 | Best_PSNR: 29.9917 | max_value: 255.0 in Epoch [21]
2022-07-23 20:22:07,614 INFO: Epoch: 201 | PSNR: 29.9666 | Loss: 5.7453 | lr: 6.25e-06 | Best_PSNR: 29.9917 | max_value: 255.0 in Epoch [21]
2022-07-23 20:23:07,653 INFO: Epoch: 202 | PSNR: 29.9593 | Loss: 5.6684 | lr: 6.25e-06 | Best_PSNR: 29.9917 | max_value: 255.0 in Epoch [21]
2022-07-23 20:24:07,420 INFO: Epoch: 203 | PSNR: 29.9620 | Loss: 5.6928 | lr: 6.25e-06 | Best_PSNR: 29.9917 | max_value: 255.0 in Epoch [21]
2022-07-23 20:25:06,539 INFO: Epoch: 204 | PSNR: 29.9554 | Loss: 5.7692 | lr: 6.25e-06 | Best_PSNR: 29.9917 | max_value: 255.0 in Epoch [21]
2022-07-23 20:26:06,898 INFO: Epoch: 205 | PSNR: 29.9719 | Loss: 5.6811 | lr: 6.25e-06 | Best_PSNR: 29.9917 | max_value: 255.0 in Epoch [21]
2022-07-23 20:27:06,589 INFO: Epoch: 206 | PSNR: 29.9552 | Loss: 5.6972 | lr: 6.25e-06 | Best_PSNR: 29.9917 | max_value: 255.0 in Epoch [21]
2022-07-23 20:28:05,455 INFO: Epoch: 207 | PSNR: 29.9562 | Loss: 5.7528 | lr: 6.25e-06 | Best_PSNR: 29.9917 | max_value: 255.0 in Epoch [21]
2022-07-23 20:29:04,757 INFO: Epoch: 208 | PSNR: 29.9323 | Loss: 5.7069 | lr: 6.25e-06 | Best_PSNR: 29.9917 | max_value: 255.0 in Epoch [21]
2022-07-23 20:30:04,163 INFO: Epoch: 209 | PSNR: 29.9304 | Loss: 5.6978 | lr: 6.25e-06 | Best_PSNR: 29.9917 | max_value: 255.0 in Epoch [21]
2022-07-23 20:31:03,476 INFO: Epoch: 210 | PSNR: 29.9315 | Loss: 5.7010 | lr: 6.25e-06 | Best_PSNR: 29.9917 | max_value: 255.0 in Epoch [21]
2022-07-23 20:32:02,432 INFO: Epoch: 211 | PSNR: 29.9499 | Loss: 5.7712 | lr: 6.25e-06 | Best_PSNR: 29.9917 | max_value: 255.0 in Epoch [21]
2022-07-23 20:33:01,991 INFO: Epoch: 212 | PSNR: 29.9349 | Loss: 5.7318 | lr: 6.25e-06 | Best_PSNR: 29.9917 | max_value: 255.0 in Epoch [21]
2022-07-23 20:34:00,876 INFO: Epoch: 213 | PSNR: 29.9330 | Loss: 5.7414 | lr: 6.25e-06 | Best_PSNR: 29.9917 | max_value: 255.0 in Epoch [21]
2022-07-23 20:35:00,169 INFO: Epoch: 214 | PSNR: 29.9516 | Loss: 5.7525 | lr: 6.25e-06 | Best_PSNR: 29.9917 | max_value: 255.0 in Epoch [21]
2022-07-23 20:35:59,983 INFO: Epoch: 215 | PSNR: 29.9579 | Loss: 5.7147 | lr: 6.25e-06 | Best_PSNR: 29.9917 | max_value: 255.0 in Epoch [21]
2022-07-23 20:36:59,150 INFO: Epoch: 216 | PSNR: 29.9545 | Loss: 5.7542 | lr: 6.25e-06 | Best_PSNR: 29.9917 | max_value: 255.0 in Epoch [21]
2022-07-23 20:37:58,839 INFO: Epoch: 217 | PSNR: 29.9597 | Loss: 5.7492 | lr: 6.25e-06 | Best_PSNR: 29.9917 | max_value: 255.0 in Epoch [21]
2022-07-23 20:38:59,271 INFO: Epoch: 218 | PSNR: 29.9628 | Loss: 5.6597 | lr: 6.25e-06 | Best_PSNR: 29.9917 | max_value: 255.0 in Epoch [21]
2022-07-23 20:39:58,616 INFO: Epoch: 219 | PSNR: 29.9514 | Loss: 5.7300 | lr: 6.25e-06 | Best_PSNR: 29.9917 | max_value: 255.0 in Epoch [21]
2022-07-23 20:40:58,276 INFO: Epoch: 220 | PSNR: 29.9384 | Loss: 5.6957 | lr: 6.25e-06 | Best_PSNR: 29.9917 | max_value: 255.0 in Epoch [21]
