2022-07-10 10:30:27,359 INFO: Create train dataset successfully!
2022-07-10 10:30:27,359 INFO: Training: [1000] iterations for each epoch
2022-07-10 10:30:27,359 INFO: Create val dataset successfully!
2022-07-10 10:30:27,359 INFO: Validating: [100] iterations for each epoch
2022-07-10 10:30:27,359 INFO: Preparing for experiment: [trial5_qat]
2022-07-10 10:30:27,359 INFO: Loading pretrained model ...
2022-07-10 10:30:37,406 INFO: Start copying weights and annotate Lambda layer...
2022-07-10 10:30:37,725 INFO: Start annotating other parts of model...
2022-07-10 10:30:37,748 INFO: Creating quantize-aware model...
2022-07-10 10:30:40,275 INFO: Create model successfully! Params: [30.43]K
2022-07-10 10:30:40,312 INFO: Start training...
2022-07-10 10:31:25,174 INFO: Epoch: 1 | PSNR: 14.7611 | Loss: 74.8736 | lr: 1.00e-03 | Best_PSNR: 14.7611 in Epoch [1]
2022-07-10 10:31:55,544 INFO: Epoch: 2 | PSNR: 28.3267 | Loss: 15.5176 | lr: 1.00e-03 | Best_PSNR: 28.3267 in Epoch [2]
2022-07-10 10:32:23,489 INFO: Epoch: 3 | PSNR: 29.7847 | Loss: 6.1675 | lr: 1.00e-03 | Best_PSNR: 29.7847 in Epoch [3]
2022-07-10 10:32:53,692 INFO: Epoch: 4 | PSNR: 29.9586 | Loss: 5.7464 | lr: 1.00e-03 | Best_PSNR: 29.9586 in Epoch [4]
2022-07-10 10:33:44,214 INFO: Epoch: 5 | PSNR: 29.9722 | Loss: 5.6592 | lr: 1.00e-03 | Best_PSNR: 29.9722 in Epoch [5]
2022-07-10 10:34:33,798 INFO: Epoch: 6 | PSNR: 29.9753 | Loss: 5.6508 | lr: 1.00e-03 | Best_PSNR: 29.9753 in Epoch [6]
2022-07-10 10:35:22,032 INFO: Epoch: 7 | PSNR: 29.9987 | Loss: 5.6710 | lr: 1.00e-03 | Best_PSNR: 29.9987 in Epoch [7]
2022-07-10 10:36:10,875 INFO: Epoch: 8 | PSNR: 29.9936 | Loss: 5.6307 | lr: 1.00e-03 | Best_PSNR: 29.9987 in Epoch [7]
2022-07-10 10:37:01,834 INFO: Epoch: 9 | PSNR: 30.0004 | Loss: 5.6364 | lr: 1.00e-03 | Best_PSNR: 30.0004 in Epoch [9]
2022-07-10 10:37:50,388 INFO: Epoch: 10 | PSNR: 29.9992 | Loss: 5.6474 | lr: 1.00e-03 | Best_PSNR: 30.0004 in Epoch [9]
2022-07-10 10:38:39,563 INFO: Epoch: 11 | PSNR: 30.0008 | Loss: 5.6233 | lr: 1.00e-03 | Best_PSNR: 30.0008 in Epoch [11]
2022-07-10 10:39:30,043 INFO: Epoch: 12 | PSNR: 29.9980 | Loss: 5.6187 | lr: 1.00e-03 | Best_PSNR: 30.0008 in Epoch [11]
2022-07-10 10:40:19,972 INFO: Epoch: 13 | PSNR: 30.0017 | Loss: 5.6136 | lr: 1.00e-03 | Best_PSNR: 30.0017 in Epoch [13]
2022-07-10 10:41:09,643 INFO: Epoch: 14 | PSNR: 29.9957 | Loss: 5.6554 | lr: 1.00e-03 | Best_PSNR: 30.0017 in Epoch [13]
2022-07-10 10:41:59,152 INFO: Epoch: 15 | PSNR: 29.9894 | Loss: 5.6307 | lr: 1.00e-03 | Best_PSNR: 30.0017 in Epoch [13]
2022-07-10 10:42:53,725 INFO: Epoch: 16 | PSNR: 29.9985 | Loss: 5.6390 | lr: 1.00e-03 | Best_PSNR: 30.0017 in Epoch [13]
2022-07-10 10:43:47,961 INFO: Epoch: 17 | PSNR: 30.0017 | Loss: 5.6116 | lr: 1.00e-03 | Best_PSNR: 30.0017 in Epoch [13]
2022-07-10 10:44:43,548 INFO: Epoch: 18 | PSNR: 29.9985 | Loss: 5.6254 | lr: 1.00e-03 | Best_PSNR: 30.0017 in Epoch [13]
2022-07-10 10:45:39,185 INFO: Epoch: 19 | PSNR: 30.0003 | Loss: 5.5835 | lr: 1.00e-03 | Best_PSNR: 30.0017 in Epoch [13]
2022-07-10 10:46:36,043 INFO: Epoch: 20 | PSNR: 30.0051 | Loss: 5.6119 | lr: 1.00e-03 | Best_PSNR: 30.0051 in Epoch [20]
2022-07-10 10:47:31,087 INFO: Epoch: 21 | PSNR: 30.0040 | Loss: 5.6648 | lr: 1.00e-03 | Best_PSNR: 30.0051 in Epoch [20]
2022-07-10 10:48:25,606 INFO: Epoch: 22 | PSNR: 30.0014 | Loss: 5.6445 | lr: 1.00e-03 | Best_PSNR: 30.0051 in Epoch [20]
2022-07-10 10:49:19,560 INFO: Epoch: 23 | PSNR: 30.0009 | Loss: 5.6292 | lr: 1.00e-03 | Best_PSNR: 30.0051 in Epoch [20]
2022-07-10 10:50:11,790 INFO: Epoch: 24 | PSNR: 29.9963 | Loss: 5.5634 | lr: 1.00e-03 | Best_PSNR: 30.0051 in Epoch [20]
2022-07-10 10:51:04,895 INFO: Epoch: 25 | PSNR: 30.0063 | Loss: 5.6342 | lr: 1.00e-03 | Best_PSNR: 30.0063 in Epoch [25]
2022-07-10 10:52:03,068 INFO: Epoch: 26 | PSNR: 30.0002 | Loss: 5.5998 | lr: 1.00e-03 | Best_PSNR: 30.0063 in Epoch [25]
2022-07-10 10:53:02,557 INFO: Epoch: 27 | PSNR: 30.0008 | Loss: 5.6527 | lr: 1.00e-03 | Best_PSNR: 30.0063 in Epoch [25]
2022-07-10 10:54:00,811 INFO: Epoch: 28 | PSNR: 29.9986 | Loss: 5.6727 | lr: 1.00e-03 | Best_PSNR: 30.0063 in Epoch [25]
2022-07-10 10:54:57,201 INFO: Epoch: 29 | PSNR: 29.9962 | Loss: 5.6429 | lr: 1.00e-03 | Best_PSNR: 30.0063 in Epoch [25]
2022-07-10 10:55:56,969 INFO: Epoch: 30 | PSNR: 29.9941 | Loss: 5.5816 | lr: 1.00e-03 | Best_PSNR: 30.0063 in Epoch [25]
2022-07-10 10:56:54,890 INFO: Epoch: 31 | PSNR: 30.0017 | Loss: 5.6060 | lr: 1.00e-03 | Best_PSNR: 30.0063 in Epoch [25]
2022-07-10 10:57:53,442 INFO: Epoch: 32 | PSNR: 30.0014 | Loss: 5.6304 | lr: 1.00e-03 | Best_PSNR: 30.0063 in Epoch [25]
2022-07-10 10:58:46,534 INFO: Epoch: 33 | PSNR: 29.9995 | Loss: 5.6617 | lr: 1.00e-03 | Best_PSNR: 30.0063 in Epoch [25]
2022-07-10 10:59:40,639 INFO: Epoch: 34 | PSNR: 29.9990 | Loss: 5.6273 | lr: 1.00e-03 | Best_PSNR: 30.0063 in Epoch [25]
2022-07-10 11:00:35,195 INFO: Epoch: 35 | PSNR: 30.0041 | Loss: 5.6110 | lr: 1.00e-03 | Best_PSNR: 30.0063 in Epoch [25]
2022-07-10 11:01:32,013 INFO: Epoch: 36 | PSNR: 30.0055 | Loss: 5.6226 | lr: 1.00e-03 | Best_PSNR: 30.0063 in Epoch [25]
2022-07-10 11:02:27,332 INFO: Epoch: 37 | PSNR: 30.0051 | Loss: 5.6137 | lr: 1.00e-03 | Best_PSNR: 30.0063 in Epoch [25]
2022-07-10 11:03:22,514 INFO: Epoch: 38 | PSNR: 30.0063 | Loss: 5.6584 | lr: 1.00e-03 | Best_PSNR: 30.0063 in Epoch [25]
2022-07-10 11:04:17,516 INFO: Epoch: 39 | PSNR: 30.0080 | Loss: 5.6064 | lr: 1.00e-03 | Best_PSNR: 30.0080 in Epoch [39]
2022-07-10 11:05:10,870 INFO: Epoch: 40 | PSNR: 30.0046 | Loss: 5.6638 | lr: 1.00e-03 | Best_PSNR: 30.0080 in Epoch [39]
2022-07-10 11:06:05,811 INFO: Epoch: 41 | PSNR: 30.0049 | Loss: 5.6328 | lr: 1.00e-03 | Best_PSNR: 30.0080 in Epoch [39]
2022-07-10 11:07:00,652 INFO: Epoch: 42 | PSNR: 30.0082 | Loss: 5.5884 | lr: 1.00e-03 | Best_PSNR: 30.0082 in Epoch [42]
2022-07-10 11:07:56,935 INFO: Epoch: 43 | PSNR: 30.0052 | Loss: 5.6353 | lr: 1.00e-03 | Best_PSNR: 30.0082 in Epoch [42]
2022-07-10 11:08:51,497 INFO: Epoch: 44 | PSNR: 30.0072 | Loss: 5.6370 | lr: 1.00e-03 | Best_PSNR: 30.0082 in Epoch [42]
2022-07-10 11:09:47,993 INFO: Epoch: 45 | PSNR: 30.0056 | Loss: 5.6373 | lr: 1.00e-03 | Best_PSNR: 30.0082 in Epoch [42]
2022-07-10 11:10:46,074 INFO: Epoch: 46 | PSNR: 30.0070 | Loss: 5.6397 | lr: 1.00e-03 | Best_PSNR: 30.0082 in Epoch [42]
2022-07-10 11:11:42,769 INFO: Epoch: 47 | PSNR: 30.0081 | Loss: 5.6335 | lr: 1.00e-03 | Best_PSNR: 30.0082 in Epoch [42]
2022-07-10 11:12:36,865 INFO: Epoch: 48 | PSNR: 29.9999 | Loss: 5.6796 | lr: 1.00e-03 | Best_PSNR: 30.0082 in Epoch [42]
2022-07-10 11:13:33,968 INFO: Epoch: 49 | PSNR: 30.0042 | Loss: 5.6357 | lr: 1.00e-03 | Best_PSNR: 30.0082 in Epoch [42]
2022-07-10 11:14:30,668 INFO: Epoch: 50 | PSNR: 30.0050 | Loss: 5.6534 | lr: 1.00e-03 | Best_PSNR: 30.0082 in Epoch [42]
2022-07-10 11:15:29,932 INFO: Epoch: 51 | PSNR: 30.0088 | Loss: 5.6419 | lr: 5.00e-04 | Best_PSNR: 30.0088 in Epoch [51]
2022-07-10 11:16:29,027 INFO: Epoch: 52 | PSNR: 30.0201 | Loss: 5.6119 | lr: 5.00e-04 | Best_PSNR: 30.0201 in Epoch [52]
2022-07-10 11:17:25,854 INFO: Epoch: 53 | PSNR: 30.0212 | Loss: 5.6151 | lr: 5.00e-04 | Best_PSNR: 30.0212 in Epoch [53]
2022-07-10 11:18:18,524 INFO: Epoch: 54 | PSNR: 30.0194 | Loss: 5.6270 | lr: 5.00e-04 | Best_PSNR: 30.0212 in Epoch [53]
2022-07-10 11:19:11,766 INFO: Epoch: 55 | PSNR: 30.0215 | Loss: 5.6662 | lr: 5.00e-04 | Best_PSNR: 30.0215 in Epoch [55]
2022-07-10 11:20:04,241 INFO: Epoch: 56 | PSNR: 30.0127 | Loss: 5.6340 | lr: 5.00e-04 | Best_PSNR: 30.0215 in Epoch [55]
2022-07-10 11:20:48,164 INFO: Epoch: 57 | PSNR: 30.0128 | Loss: 5.6095 | lr: 5.00e-04 | Best_PSNR: 30.0215 in Epoch [55]
2022-07-10 11:21:43,503 INFO: Epoch: 58 | PSNR: 30.0119 | Loss: 5.6666 | lr: 5.00e-04 | Best_PSNR: 30.0215 in Epoch [55]
2022-07-10 11:22:36,226 INFO: Epoch: 59 | PSNR: 30.0201 | Loss: 5.5719 | lr: 5.00e-04 | Best_PSNR: 30.0215 in Epoch [55]
2022-07-10 11:23:30,053 INFO: Epoch: 60 | PSNR: 30.0195 | Loss: 5.6041 | lr: 5.00e-04 | Best_PSNR: 30.0215 in Epoch [55]
2022-07-10 11:24:25,317 INFO: Epoch: 61 | PSNR: 30.0236 | Loss: 5.6187 | lr: 5.00e-04 | Best_PSNR: 30.0236 in Epoch [61]
2022-07-10 11:25:20,082 INFO: Epoch: 62 | PSNR: 30.0172 | Loss: 5.6383 | lr: 5.00e-04 | Best_PSNR: 30.0236 in Epoch [61]
2022-07-10 11:26:15,590 INFO: Epoch: 63 | PSNR: 30.0115 | Loss: 5.6673 | lr: 5.00e-04 | Best_PSNR: 30.0236 in Epoch [61]
2022-07-10 11:27:09,590 INFO: Epoch: 64 | PSNR: 30.0125 | Loss: 5.6364 | lr: 5.00e-04 | Best_PSNR: 30.0236 in Epoch [61]
2022-07-10 11:28:05,691 INFO: Epoch: 65 | PSNR: 30.0145 | Loss: 5.6698 | lr: 5.00e-04 | Best_PSNR: 30.0236 in Epoch [61]
2022-07-10 11:29:03,153 INFO: Epoch: 66 | PSNR: 30.0168 | Loss: 5.6064 | lr: 5.00e-04 | Best_PSNR: 30.0236 in Epoch [61]
2022-07-10 11:30:03,405 INFO: Epoch: 67 | PSNR: 30.0207 | Loss: 5.5962 | lr: 5.00e-04 | Best_PSNR: 30.0236 in Epoch [61]
2022-07-10 11:31:05,088 INFO: Epoch: 68 | PSNR: 30.0181 | Loss: 5.6188 | lr: 5.00e-04 | Best_PSNR: 30.0236 in Epoch [61]
2022-07-10 11:32:01,107 INFO: Epoch: 69 | PSNR: 30.0211 | Loss: 5.5777 | lr: 5.00e-04 | Best_PSNR: 30.0236 in Epoch [61]
2022-07-10 11:33:03,364 INFO: Epoch: 70 | PSNR: 30.0229 | Loss: 5.6318 | lr: 5.00e-04 | Best_PSNR: 30.0236 in Epoch [61]
2022-07-10 11:34:01,237 INFO: Epoch: 71 | PSNR: 30.0242 | Loss: 5.6284 | lr: 5.00e-04 | Best_PSNR: 30.0242 in Epoch [71]
2022-07-10 11:35:01,264 INFO: Epoch: 72 | PSNR: 30.0221 | Loss: 5.6383 | lr: 5.00e-04 | Best_PSNR: 30.0242 in Epoch [71]
2022-07-10 11:36:03,589 INFO: Epoch: 73 | PSNR: 30.0228 | Loss: 5.5827 | lr: 5.00e-04 | Best_PSNR: 30.0242 in Epoch [71]
2022-07-10 11:37:05,710 INFO: Epoch: 74 | PSNR: 30.0189 | Loss: 5.6718 | lr: 5.00e-04 | Best_PSNR: 30.0242 in Epoch [71]
2022-07-10 11:38:05,778 INFO: Epoch: 75 | PSNR: 30.0233 | Loss: 5.6261 | lr: 5.00e-04 | Best_PSNR: 30.0242 in Epoch [71]
2022-07-10 11:39:07,277 INFO: Epoch: 76 | PSNR: 30.0257 | Loss: 5.6028 | lr: 5.00e-04 | Best_PSNR: 30.0257 in Epoch [76]
2022-07-10 11:40:06,110 INFO: Epoch: 77 | PSNR: 30.0187 | Loss: 5.5976 | lr: 5.00e-04 | Best_PSNR: 30.0257 in Epoch [76]
2022-07-10 11:41:07,770 INFO: Epoch: 78 | PSNR: 30.0252 | Loss: 5.6357 | lr: 5.00e-04 | Best_PSNR: 30.0257 in Epoch [76]
2022-07-10 11:42:06,335 INFO: Epoch: 79 | PSNR: 30.0255 | Loss: 5.6301 | lr: 5.00e-04 | Best_PSNR: 30.0257 in Epoch [76]
2022-07-10 11:43:04,809 INFO: Epoch: 80 | PSNR: 30.0185 | Loss: 5.6206 | lr: 5.00e-04 | Best_PSNR: 30.0257 in Epoch [76]
2022-07-10 11:44:02,342 INFO: Epoch: 81 | PSNR: 30.0196 | Loss: 5.6105 | lr: 5.00e-04 | Best_PSNR: 30.0257 in Epoch [76]
2022-07-10 11:45:01,150 INFO: Epoch: 82 | PSNR: 30.0244 | Loss: 5.6079 | lr: 5.00e-04 | Best_PSNR: 30.0257 in Epoch [76]
2022-07-10 11:45:56,333 INFO: Epoch: 83 | PSNR: 30.0154 | Loss: 5.6111 | lr: 5.00e-04 | Best_PSNR: 30.0257 in Epoch [76]
2022-07-10 11:46:53,682 INFO: Epoch: 84 | PSNR: 30.0174 | Loss: 5.5976 | lr: 5.00e-04 | Best_PSNR: 30.0257 in Epoch [76]
2022-07-10 11:47:47,561 INFO: Epoch: 85 | PSNR: 30.0213 | Loss: 5.6378 | lr: 5.00e-04 | Best_PSNR: 30.0257 in Epoch [76]
2022-07-10 11:48:43,177 INFO: Epoch: 86 | PSNR: 30.0235 | Loss: 5.6488 | lr: 5.00e-04 | Best_PSNR: 30.0257 in Epoch [76]
2022-07-10 11:49:35,964 INFO: Epoch: 87 | PSNR: 30.0175 | Loss: 5.6847 | lr: 5.00e-04 | Best_PSNR: 30.0257 in Epoch [76]
2022-07-10 11:50:31,195 INFO: Epoch: 88 | PSNR: 30.0191 | Loss: 5.6304 | lr: 5.00e-04 | Best_PSNR: 30.0257 in Epoch [76]
2022-07-10 11:51:24,183 INFO: Epoch: 89 | PSNR: 30.0221 | Loss: 5.5579 | lr: 5.00e-04 | Best_PSNR: 30.0257 in Epoch [76]
2022-07-10 11:52:16,206 INFO: Epoch: 90 | PSNR: 30.0129 | Loss: 5.5801 | lr: 5.00e-04 | Best_PSNR: 30.0257 in Epoch [76]
2022-07-10 11:53:09,173 INFO: Epoch: 91 | PSNR: 30.0157 | Loss: 5.6340 | lr: 5.00e-04 | Best_PSNR: 30.0257 in Epoch [76]
2022-07-10 11:54:02,907 INFO: Epoch: 92 | PSNR: 30.0112 | Loss: 5.5745 | lr: 5.00e-04 | Best_PSNR: 30.0257 in Epoch [76]
2022-07-10 11:54:47,639 INFO: Epoch: 93 | PSNR: 30.0180 | Loss: 5.6597 | lr: 5.00e-04 | Best_PSNR: 30.0257 in Epoch [76]
2022-07-10 11:55:15,517 INFO: Epoch: 94 | PSNR: 30.0281 | Loss: 5.6276 | lr: 5.00e-04 | Best_PSNR: 30.0281 in Epoch [94]
2022-07-10 11:55:43,191 INFO: Epoch: 95 | PSNR: 30.0197 | Loss: 5.5959 | lr: 5.00e-04 | Best_PSNR: 30.0281 in Epoch [94]
2022-07-10 11:56:09,845 INFO: Epoch: 96 | PSNR: 30.0235 | Loss: 5.6116 | lr: 5.00e-04 | Best_PSNR: 30.0281 in Epoch [94]
2022-07-10 11:56:36,449 INFO: Epoch: 97 | PSNR: 30.0217 | Loss: 5.5763 | lr: 5.00e-04 | Best_PSNR: 30.0281 in Epoch [94]
2022-07-10 11:57:03,750 INFO: Epoch: 98 | PSNR: 30.0163 | Loss: 5.5731 | lr: 5.00e-04 | Best_PSNR: 30.0281 in Epoch [94]
2022-07-10 11:57:29,676 INFO: Epoch: 99 | PSNR: 30.0134 | Loss: 5.6712 | lr: 5.00e-04 | Best_PSNR: 30.0281 in Epoch [94]
2022-07-10 11:57:56,263 INFO: Epoch: 100 | PSNR: 30.0154 | Loss: 5.6867 | lr: 5.00e-04 | Best_PSNR: 30.0281 in Epoch [94]
2022-07-10 11:58:22,777 INFO: Epoch: 101 | PSNR: 30.0253 | Loss: 5.6007 | lr: 2.50e-04 | Best_PSNR: 30.0281 in Epoch [94]
2022-07-10 11:58:50,636 INFO: Epoch: 102 | PSNR: 30.0285 | Loss: 5.6014 | lr: 2.50e-04 | Best_PSNR: 30.0285 in Epoch [102]
2022-07-10 11:59:16,557 INFO: Epoch: 103 | PSNR: 30.0269 | Loss: 5.6231 | lr: 2.50e-04 | Best_PSNR: 30.0285 in Epoch [102]
2022-07-10 11:59:44,503 INFO: Epoch: 104 | PSNR: 30.0297 | Loss: 5.5707 | lr: 2.50e-04 | Best_PSNR: 30.0297 in Epoch [104]
2022-07-10 12:00:11,388 INFO: Epoch: 105 | PSNR: 30.0271 | Loss: 5.6566 | lr: 2.50e-04 | Best_PSNR: 30.0297 in Epoch [104]
2022-07-10 12:00:38,735 INFO: Epoch: 106 | PSNR: 30.0242 | Loss: 5.6061 | lr: 2.50e-04 | Best_PSNR: 30.0297 in Epoch [104]
2022-07-10 12:01:06,469 INFO: Epoch: 107 | PSNR: 30.0260 | Loss: 5.6570 | lr: 2.50e-04 | Best_PSNR: 30.0297 in Epoch [104]
2022-07-10 12:01:33,067 INFO: Epoch: 108 | PSNR: 30.0298 | Loss: 5.5874 | lr: 2.50e-04 | Best_PSNR: 30.0298 in Epoch [108]
2022-07-10 12:02:00,655 INFO: Epoch: 109 | PSNR: 30.0288 | Loss: 5.5653 | lr: 2.50e-04 | Best_PSNR: 30.0298 in Epoch [108]
2022-07-10 12:02:26,941 INFO: Epoch: 110 | PSNR: 30.0250 | Loss: 5.6059 | lr: 2.50e-04 | Best_PSNR: 30.0298 in Epoch [108]
2022-07-10 12:02:53,805 INFO: Epoch: 111 | PSNR: 30.0241 | Loss: 5.5978 | lr: 2.50e-04 | Best_PSNR: 30.0298 in Epoch [108]
2022-07-10 12:03:21,311 INFO: Epoch: 112 | PSNR: 30.0275 | Loss: 5.5899 | lr: 2.50e-04 | Best_PSNR: 30.0298 in Epoch [108]
2022-07-10 12:03:47,565 INFO: Epoch: 113 | PSNR: 30.0185 | Loss: 5.5919 | lr: 2.50e-04 | Best_PSNR: 30.0298 in Epoch [108]
2022-07-10 12:04:14,908 INFO: Epoch: 114 | PSNR: 30.0257 | Loss: 5.5597 | lr: 2.50e-04 | Best_PSNR: 30.0298 in Epoch [108]
2022-07-10 12:04:41,532 INFO: Epoch: 115 | PSNR: 30.0271 | Loss: 5.5885 | lr: 2.50e-04 | Best_PSNR: 30.0298 in Epoch [108]
2022-07-10 12:05:08,589 INFO: Epoch: 116 | PSNR: 30.0270 | Loss: 5.6339 | lr: 2.50e-04 | Best_PSNR: 30.0298 in Epoch [108]
2022-07-10 12:05:36,560 INFO: Epoch: 117 | PSNR: 30.0301 | Loss: 5.6009 | lr: 2.50e-04 | Best_PSNR: 30.0301 in Epoch [117]
2022-07-10 12:06:02,811 INFO: Epoch: 118 | PSNR: 30.0284 | Loss: 5.6371 | lr: 2.50e-04 | Best_PSNR: 30.0301 in Epoch [117]
2022-07-10 12:06:29,928 INFO: Epoch: 119 | PSNR: 30.0293 | Loss: 5.6093 | lr: 2.50e-04 | Best_PSNR: 30.0301 in Epoch [117]
2022-07-10 12:06:57,441 INFO: Epoch: 120 | PSNR: 30.0307 | Loss: 5.6026 | lr: 2.50e-04 | Best_PSNR: 30.0307 in Epoch [120]
2022-07-10 12:07:24,299 INFO: Epoch: 121 | PSNR: 30.0231 | Loss: 5.5742 | lr: 2.50e-04 | Best_PSNR: 30.0307 in Epoch [120]
2022-07-10 12:07:51,377 INFO: Epoch: 122 | PSNR: 30.0288 | Loss: 5.6031 | lr: 2.50e-04 | Best_PSNR: 30.0307 in Epoch [120]
2022-07-10 12:08:18,790 INFO: Epoch: 123 | PSNR: 30.0241 | Loss: 5.5539 | lr: 2.50e-04 | Best_PSNR: 30.0307 in Epoch [120]
2022-07-10 12:08:45,050 INFO: Epoch: 124 | PSNR: 30.0249 | Loss: 5.6029 | lr: 2.50e-04 | Best_PSNR: 30.0307 in Epoch [120]
2022-07-10 12:09:12,612 INFO: Epoch: 125 | PSNR: 30.0232 | Loss: 5.6614 | lr: 2.50e-04 | Best_PSNR: 30.0307 in Epoch [120]
2022-07-10 12:09:39,362 INFO: Epoch: 126 | PSNR: 30.0258 | Loss: 5.6450 | lr: 2.50e-04 | Best_PSNR: 30.0307 in Epoch [120]
2022-07-10 12:10:06,072 INFO: Epoch: 127 | PSNR: 30.0263 | Loss: 5.6094 | lr: 2.50e-04 | Best_PSNR: 30.0307 in Epoch [120]
2022-07-10 12:10:33,145 INFO: Epoch: 128 | PSNR: 30.0263 | Loss: 5.5959 | lr: 2.50e-04 | Best_PSNR: 30.0307 in Epoch [120]
2022-07-10 12:10:59,779 INFO: Epoch: 129 | PSNR: 30.0215 | Loss: 5.6515 | lr: 2.50e-04 | Best_PSNR: 30.0307 in Epoch [120]
2022-07-10 12:11:25,946 INFO: Epoch: 130 | PSNR: 30.0272 | Loss: 5.6176 | lr: 2.50e-04 | Best_PSNR: 30.0307 in Epoch [120]
2022-07-10 12:11:52,930 INFO: Epoch: 131 | PSNR: 30.0244 | Loss: 5.6553 | lr: 2.50e-04 | Best_PSNR: 30.0307 in Epoch [120]
2022-07-10 12:12:19,580 INFO: Epoch: 132 | PSNR: 30.0265 | Loss: 5.6308 | lr: 2.50e-04 | Best_PSNR: 30.0307 in Epoch [120]
2022-07-10 12:12:46,066 INFO: Epoch: 133 | PSNR: 30.0290 | Loss: 5.5865 | lr: 2.50e-04 | Best_PSNR: 30.0307 in Epoch [120]
2022-07-10 12:13:13,633 INFO: Epoch: 134 | PSNR: 30.0249 | Loss: 5.5964 | lr: 2.50e-04 | Best_PSNR: 30.0307 in Epoch [120]
2022-07-10 12:13:41,143 INFO: Epoch: 135 | PSNR: 30.0316 | Loss: 5.6414 | lr: 2.50e-04 | Best_PSNR: 30.0316 in Epoch [135]
2022-07-10 12:14:07,201 INFO: Epoch: 136 | PSNR: 30.0236 | Loss: 5.5890 | lr: 2.50e-04 | Best_PSNR: 30.0316 in Epoch [135]
2022-07-10 12:14:34,292 INFO: Epoch: 137 | PSNR: 30.0269 | Loss: 5.5893 | lr: 2.50e-04 | Best_PSNR: 30.0316 in Epoch [135]
2022-07-10 12:15:01,833 INFO: Epoch: 138 | PSNR: 30.0283 | Loss: 5.6039 | lr: 2.50e-04 | Best_PSNR: 30.0316 in Epoch [135]
2022-07-10 12:15:28,722 INFO: Epoch: 139 | PSNR: 30.0279 | Loss: 5.6050 | lr: 2.50e-04 | Best_PSNR: 30.0316 in Epoch [135]
2022-07-10 12:15:55,577 INFO: Epoch: 140 | PSNR: 30.0221 | Loss: 5.5725 | lr: 2.50e-04 | Best_PSNR: 30.0316 in Epoch [135]
2022-07-10 12:16:22,470 INFO: Epoch: 141 | PSNR: 30.0248 | Loss: 5.6036 | lr: 2.50e-04 | Best_PSNR: 30.0316 in Epoch [135]
2022-07-10 12:16:49,312 INFO: Epoch: 142 | PSNR: 30.0265 | Loss: 5.6330 | lr: 2.50e-04 | Best_PSNR: 30.0316 in Epoch [135]
2022-07-10 12:17:16,357 INFO: Epoch: 143 | PSNR: 30.0274 | Loss: 5.5736 | lr: 2.50e-04 | Best_PSNR: 30.0316 in Epoch [135]
2022-07-10 12:17:44,295 INFO: Epoch: 144 | PSNR: 30.0289 | Loss: 5.6116 | lr: 2.50e-04 | Best_PSNR: 30.0316 in Epoch [135]
2022-07-10 12:18:12,265 INFO: Epoch: 145 | PSNR: 30.0277 | Loss: 5.6116 | lr: 2.50e-04 | Best_PSNR: 30.0316 in Epoch [135]
2022-07-10 12:18:40,128 INFO: Epoch: 146 | PSNR: 30.0247 | Loss: 5.5633 | lr: 2.50e-04 | Best_PSNR: 30.0316 in Epoch [135]
2022-07-10 12:19:08,769 INFO: Epoch: 147 | PSNR: 30.0303 | Loss: 5.6056 | lr: 2.50e-04 | Best_PSNR: 30.0316 in Epoch [135]
2022-07-10 12:19:36,746 INFO: Epoch: 148 | PSNR: 30.0240 | Loss: 5.5967 | lr: 2.50e-04 | Best_PSNR: 30.0316 in Epoch [135]
2022-07-10 12:20:04,727 INFO: Epoch: 149 | PSNR: 30.0255 | Loss: 5.6137 | lr: 2.50e-04 | Best_PSNR: 30.0316 in Epoch [135]
2022-07-10 12:20:33,676 INFO: Epoch: 150 | PSNR: 30.0241 | Loss: 5.5679 | lr: 2.50e-04 | Best_PSNR: 30.0316 in Epoch [135]
2022-07-10 12:21:02,664 INFO: Epoch: 151 | PSNR: 30.0295 | Loss: 5.5797 | lr: 1.25e-04 | Best_PSNR: 30.0316 in Epoch [135]
2022-07-10 12:21:31,074 INFO: Epoch: 152 | PSNR: 30.0302 | Loss: 5.5742 | lr: 1.25e-04 | Best_PSNR: 30.0316 in Epoch [135]
2022-07-10 12:21:59,816 INFO: Epoch: 153 | PSNR: 30.0297 | Loss: 5.6033 | lr: 1.25e-04 | Best_PSNR: 30.0316 in Epoch [135]
2022-07-10 12:22:28,981 INFO: Epoch: 154 | PSNR: 30.0330 | Loss: 5.6347 | lr: 1.25e-04 | Best_PSNR: 30.0330 in Epoch [154]
2022-07-10 12:22:57,773 INFO: Epoch: 155 | PSNR: 30.0291 | Loss: 5.6317 | lr: 1.25e-04 | Best_PSNR: 30.0330 in Epoch [154]
2022-07-10 12:23:26,527 INFO: Epoch: 156 | PSNR: 30.0296 | Loss: 5.6488 | lr: 1.25e-04 | Best_PSNR: 30.0330 in Epoch [154]
2022-07-10 12:23:54,975 INFO: Epoch: 157 | PSNR: 30.0280 | Loss: 5.5548 | lr: 1.25e-04 | Best_PSNR: 30.0330 in Epoch [154]
2022-07-10 12:24:23,684 INFO: Epoch: 158 | PSNR: 30.0260 | Loss: 5.6066 | lr: 1.25e-04 | Best_PSNR: 30.0330 in Epoch [154]
2022-07-10 12:24:52,015 INFO: Epoch: 159 | PSNR: 30.0269 | Loss: 5.6436 | lr: 1.25e-04 | Best_PSNR: 30.0330 in Epoch [154]
2022-07-10 12:25:20,725 INFO: Epoch: 160 | PSNR: 30.0281 | Loss: 5.5734 | lr: 1.25e-04 | Best_PSNR: 30.0330 in Epoch [154]
2022-07-10 12:25:50,765 INFO: Epoch: 161 | PSNR: 30.0318 | Loss: 5.6226 | lr: 1.25e-04 | Best_PSNR: 30.0330 in Epoch [154]
2022-07-10 12:26:22,307 INFO: Epoch: 162 | PSNR: 30.0337 | Loss: 5.6036 | lr: 1.25e-04 | Best_PSNR: 30.0337 in Epoch [162]
2022-07-10 12:26:54,184 INFO: Epoch: 163 | PSNR: 30.0339 | Loss: 5.5383 | lr: 1.25e-04 | Best_PSNR: 30.0339 in Epoch [163]
2022-07-10 12:27:25,576 INFO: Epoch: 164 | PSNR: 30.0317 | Loss: 5.6059 | lr: 1.25e-04 | Best_PSNR: 30.0339 in Epoch [163]
2022-07-10 12:27:57,612 INFO: Epoch: 165 | PSNR: 30.0220 | Loss: 5.5835 | lr: 1.25e-04 | Best_PSNR: 30.0339 in Epoch [163]
2022-07-10 12:28:29,148 INFO: Epoch: 166 | PSNR: 30.0315 | Loss: 5.5480 | lr: 1.25e-04 | Best_PSNR: 30.0339 in Epoch [163]
2022-07-10 12:29:00,528 INFO: Epoch: 167 | PSNR: 30.0304 | Loss: 5.6223 | lr: 1.25e-04 | Best_PSNR: 30.0339 in Epoch [163]
2022-07-10 12:29:32,275 INFO: Epoch: 168 | PSNR: 30.0300 | Loss: 5.6267 | lr: 1.25e-04 | Best_PSNR: 30.0339 in Epoch [163]
2022-07-10 12:30:05,698 INFO: Epoch: 169 | PSNR: 30.0316 | Loss: 5.5863 | lr: 1.25e-04 | Best_PSNR: 30.0339 in Epoch [163]
2022-07-10 12:30:38,270 INFO: Epoch: 170 | PSNR: 30.0311 | Loss: 5.6081 | lr: 1.25e-04 | Best_PSNR: 30.0339 in Epoch [163]
2022-07-10 12:31:11,198 INFO: Epoch: 171 | PSNR: 30.0308 | Loss: 5.6231 | lr: 1.25e-04 | Best_PSNR: 30.0339 in Epoch [163]
2022-07-10 12:31:44,014 INFO: Epoch: 172 | PSNR: 30.0330 | Loss: 5.5724 | lr: 1.25e-04 | Best_PSNR: 30.0339 in Epoch [163]
2022-07-10 12:32:17,232 INFO: Epoch: 173 | PSNR: 30.0312 | Loss: 5.5947 | lr: 1.25e-04 | Best_PSNR: 30.0339 in Epoch [163]
2022-07-10 12:32:51,793 INFO: Epoch: 174 | PSNR: 30.0278 | Loss: 5.5593 | lr: 1.25e-04 | Best_PSNR: 30.0339 in Epoch [163]
2022-07-10 12:33:27,395 INFO: Epoch: 175 | PSNR: 30.0320 | Loss: 5.6239 | lr: 1.25e-04 | Best_PSNR: 30.0339 in Epoch [163]
2022-07-10 12:33:59,541 INFO: Epoch: 176 | PSNR: 30.0328 | Loss: 5.6083 | lr: 1.25e-04 | Best_PSNR: 30.0339 in Epoch [163]
2022-07-10 12:34:32,312 INFO: Epoch: 177 | PSNR: 30.0306 | Loss: 5.6043 | lr: 1.25e-04 | Best_PSNR: 30.0339 in Epoch [163]
2022-07-10 12:35:02,487 INFO: Epoch: 178 | PSNR: 30.0332 | Loss: 5.6177 | lr: 1.25e-04 | Best_PSNR: 30.0339 in Epoch [163]
2022-07-10 12:35:35,329 INFO: Epoch: 179 | PSNR: 30.0335 | Loss: 5.6163 | lr: 1.25e-04 | Best_PSNR: 30.0339 in Epoch [163]
2022-07-10 12:36:14,442 INFO: Epoch: 180 | PSNR: 30.0300 | Loss: 5.6112 | lr: 1.25e-04 | Best_PSNR: 30.0339 in Epoch [163]
2022-07-10 12:36:50,869 INFO: Epoch: 181 | PSNR: 30.0316 | Loss: 5.6069 | lr: 1.25e-04 | Best_PSNR: 30.0339 in Epoch [163]
2022-07-10 12:37:28,032 INFO: Epoch: 182 | PSNR: 30.0314 | Loss: 5.6500 | lr: 1.25e-04 | Best_PSNR: 30.0339 in Epoch [163]
2022-07-10 12:38:11,380 INFO: Epoch: 183 | PSNR: 30.0336 | Loss: 5.5910 | lr: 1.25e-04 | Best_PSNR: 30.0339 in Epoch [163]
2022-07-10 12:38:56,098 INFO: Epoch: 184 | PSNR: 30.0303 | Loss: 5.5930 | lr: 1.25e-04 | Best_PSNR: 30.0339 in Epoch [163]
2022-07-10 12:39:40,774 INFO: Epoch: 185 | PSNR: 30.0319 | Loss: 5.5785 | lr: 1.25e-04 | Best_PSNR: 30.0339 in Epoch [163]
2022-07-10 12:40:21,568 INFO: Epoch: 186 | PSNR: 30.0300 | Loss: 5.6428 | lr: 1.25e-04 | Best_PSNR: 30.0339 in Epoch [163]
2022-07-10 12:41:04,795 INFO: Epoch: 187 | PSNR: 30.0310 | Loss: 5.6443 | lr: 1.25e-04 | Best_PSNR: 30.0339 in Epoch [163]
2022-07-10 12:41:48,360 INFO: Epoch: 188 | PSNR: 30.0336 | Loss: 5.6085 | lr: 1.25e-04 | Best_PSNR: 30.0339 in Epoch [163]
2022-07-10 12:42:22,032 INFO: Epoch: 189 | PSNR: 30.0322 | Loss: 5.5555 | lr: 1.25e-04 | Best_PSNR: 30.0339 in Epoch [163]
2022-07-10 12:42:52,244 INFO: Epoch: 190 | PSNR: 30.0329 | Loss: 5.5711 | lr: 1.25e-04 | Best_PSNR: 30.0339 in Epoch [163]
2022-07-10 12:43:23,003 INFO: Epoch: 191 | PSNR: 30.0332 | Loss: 5.6190 | lr: 1.25e-04 | Best_PSNR: 30.0339 in Epoch [163]
2022-07-10 12:43:52,959 INFO: Epoch: 192 | PSNR: 30.0240 | Loss: 5.6171 | lr: 1.25e-04 | Best_PSNR: 30.0339 in Epoch [163]
2022-07-10 12:44:25,062 INFO: Epoch: 193 | PSNR: 30.0275 | Loss: 5.5609 | lr: 1.25e-04 | Best_PSNR: 30.0339 in Epoch [163]
2022-07-10 12:45:00,214 INFO: Epoch: 194 | PSNR: 30.0357 | Loss: 5.6146 | lr: 1.25e-04 | Best_PSNR: 30.0357 in Epoch [194]
2022-07-10 12:45:34,270 INFO: Epoch: 195 | PSNR: 30.0309 | Loss: 5.5916 | lr: 1.25e-04 | Best_PSNR: 30.0357 in Epoch [194]
2022-07-10 12:46:09,738 INFO: Epoch: 196 | PSNR: 30.0286 | Loss: 5.6499 | lr: 1.25e-04 | Best_PSNR: 30.0357 in Epoch [194]
2022-07-10 12:46:43,696 INFO: Epoch: 197 | PSNR: 30.0322 | Loss: 5.5663 | lr: 1.25e-04 | Best_PSNR: 30.0357 in Epoch [194]
2022-07-10 12:47:18,773 INFO: Epoch: 198 | PSNR: 30.0342 | Loss: 5.6023 | lr: 1.25e-04 | Best_PSNR: 30.0357 in Epoch [194]
2022-07-10 12:47:52,621 INFO: Epoch: 199 | PSNR: 30.0307 | Loss: 5.6190 | lr: 1.25e-04 | Best_PSNR: 30.0357 in Epoch [194]
2022-07-10 12:48:23,264 INFO: Epoch: 200 | PSNR: 30.0307 | Loss: 5.5890 | lr: 1.25e-04 | Best_PSNR: 30.0357 in Epoch [194]
2022-07-10 12:48:58,410 INFO: Epoch: 201 | PSNR: 30.0311 | Loss: 5.6054 | lr: 6.25e-05 | Best_PSNR: 30.0357 in Epoch [194]
2022-07-10 12:49:32,881 INFO: Epoch: 202 | PSNR: 30.0322 | Loss: 5.6242 | lr: 6.25e-05 | Best_PSNR: 30.0357 in Epoch [194]
2022-07-10 12:50:06,571 INFO: Epoch: 203 | PSNR: 30.0355 | Loss: 5.5904 | lr: 6.25e-05 | Best_PSNR: 30.0357 in Epoch [194]
2022-07-10 12:50:44,089 INFO: Epoch: 204 | PSNR: 30.0356 | Loss: 5.5923 | lr: 6.25e-05 | Best_PSNR: 30.0357 in Epoch [194]
2022-07-10 12:51:23,631 INFO: Epoch: 205 | PSNR: 30.0332 | Loss: 5.6476 | lr: 6.25e-05 | Best_PSNR: 30.0357 in Epoch [194]
2022-07-10 12:51:59,952 INFO: Epoch: 206 | PSNR: 30.0367 | Loss: 5.6377 | lr: 6.25e-05 | Best_PSNR: 30.0367 in Epoch [206]
2022-07-10 12:52:37,490 INFO: Epoch: 207 | PSNR: 30.0333 | Loss: 5.5555 | lr: 6.25e-05 | Best_PSNR: 30.0367 in Epoch [206]
2022-07-10 12:53:16,786 INFO: Epoch: 208 | PSNR: 30.0351 | Loss: 5.6135 | lr: 6.25e-05 | Best_PSNR: 30.0367 in Epoch [206]
2022-07-10 12:53:56,474 INFO: Epoch: 209 | PSNR: 30.0321 | Loss: 5.5748 | lr: 6.25e-05 | Best_PSNR: 30.0367 in Epoch [206]
2022-07-10 12:54:34,786 INFO: Epoch: 210 | PSNR: 30.0339 | Loss: 5.6074 | lr: 6.25e-05 | Best_PSNR: 30.0367 in Epoch [206]
2022-07-10 12:55:16,073 INFO: Epoch: 211 | PSNR: 30.0303 | Loss: 5.6511 | lr: 6.25e-05 | Best_PSNR: 30.0367 in Epoch [206]
2022-07-10 12:55:52,790 INFO: Epoch: 212 | PSNR: 30.0350 | Loss: 5.6095 | lr: 6.25e-05 | Best_PSNR: 30.0367 in Epoch [206]
2022-07-10 12:56:28,910 INFO: Epoch: 213 | PSNR: 30.0285 | Loss: 5.5863 | lr: 6.25e-05 | Best_PSNR: 30.0367 in Epoch [206]
2022-07-10 12:56:56,803 INFO: Epoch: 214 | PSNR: 30.0311 | Loss: 5.6074 | lr: 6.25e-05 | Best_PSNR: 30.0367 in Epoch [206]
2022-07-10 12:57:24,994 INFO: Epoch: 215 | PSNR: 30.0288 | Loss: 5.6509 | lr: 6.25e-05 | Best_PSNR: 30.0367 in Epoch [206]
2022-07-10 12:57:51,923 INFO: Epoch: 216 | PSNR: 30.0312 | Loss: 5.6275 | lr: 6.25e-05 | Best_PSNR: 30.0367 in Epoch [206]
2022-07-10 12:58:19,051 INFO: Epoch: 217 | PSNR: 30.0340 | Loss: 5.6026 | lr: 6.25e-05 | Best_PSNR: 30.0367 in Epoch [206]
2022-07-10 12:58:48,569 INFO: Epoch: 218 | PSNR: 30.0269 | Loss: 5.5787 | lr: 6.25e-05 | Best_PSNR: 30.0367 in Epoch [206]
2022-07-10 12:59:21,048 INFO: Epoch: 219 | PSNR: 30.0303 | Loss: 5.5738 | lr: 6.25e-05 | Best_PSNR: 30.0367 in Epoch [206]
2022-07-10 12:59:51,902 INFO: Epoch: 220 | PSNR: 30.0319 | Loss: 5.5754 | lr: 6.25e-05 | Best_PSNR: 30.0367 in Epoch [206]
