2022-07-24 11:33:04,897 INFO: Create train dataset successfully!
2022-07-24 11:33:04,898 INFO: Training: [1000] iterations for each epoch
2022-07-24 11:33:04,898 INFO: Create val dataset successfully!
2022-07-24 11:33:04,898 INFO: Validating: [100] iterations for each epoch
2022-07-24 11:33:04,898 INFO: Preparing for experiment: [trial17_qat]
2022-07-24 11:33:04,898 INFO: Loading pretrained model ...
2022-07-24 11:33:09,002 INFO: Start copying weights and annotate Lambda layer...
2022-07-24 11:33:09,084 INFO: Start annotating other parts of model...
2022-07-24 11:33:09,113 INFO: Creating quantize-aware model...
2022-07-24 11:33:10,455 INFO: Create model successfully! Params: [75.84]K
2022-07-24 11:33:10,455 INFO: Model: "model"
2022-07-24 11:33:10,455 INFO: _________________________________________________________________
2022-07-24 11:33:10,455 INFO: Layer (type)                 Output Shape              Param #   
2022-07-24 11:33:10,455 INFO: =================================================================
2022-07-24 11:33:10,456 INFO: input_1 (InputLayer)         [(None, None, None, 3)]   0         
2022-07-24 11:33:10,456 INFO: _________________________________________________________________
2022-07-24 11:33:10,456 INFO: quantize_layer (QuantizeLaye (None, None, None, 3)     3         
2022-07-24 11:33:10,456 INFO: _________________________________________________________________
2022-07-24 11:33:10,456 INFO: quant_conv2d (QuantizeWrappe (None, None, None, 48)    1443      
2022-07-24 11:33:10,456 INFO: _________________________________________________________________
2022-07-24 11:33:10,456 INFO: quant_conv2d_1 (QuantizeWrap (None, None, None, 48)    20883     
2022-07-24 11:33:10,456 INFO: _________________________________________________________________
2022-07-24 11:33:10,456 INFO: quant_conv2d_2 (QuantizeWrap (None, None, None, 48)    20883     
2022-07-24 11:33:10,456 INFO: _________________________________________________________________
2022-07-24 11:33:10,457 INFO: quant_conv2d_3 (QuantizeWrap (None, None, None, 48)    20883     
2022-07-24 11:33:10,457 INFO: _________________________________________________________________
2022-07-24 11:33:10,457 INFO: quant_conv2d_4 (QuantizeWrap (None, None, None, 27)    11748     
2022-07-24 11:33:10,457 INFO: _________________________________________________________________
2022-07-24 11:33:10,457 INFO: quant_lambda (QuantizeWrappe (None, None, None, 3)     1         
2022-07-24 11:33:10,457 INFO: =================================================================
2022-07-24 11:33:10,457 INFO: Total params: 75,844
2022-07-24 11:33:10,457 INFO: Trainable params: 75,387
2022-07-24 11:33:10,457 INFO: Non-trainable params: 457
2022-07-24 11:33:10,457 INFO: _________________________________________________________________
2022-07-24 11:33:10,459 INFO: Start training...
2022-07-24 11:34:21,226 INFO: Epoch: 1 | PSNR: 11.0266 | Loss: 90.3289 | lr: 1.00e-04 | Best_PSNR: 11.0266 | max_value: 63.268524169921875 in Epoch [1]
2022-07-24 11:35:26,521 INFO: Epoch: 2 | PSNR: 25.0120 | Loss: 27.9503 | lr: 1.00e-04 | Best_PSNR: 25.0120 | max_value: 191.87144470214844 in Epoch [2]
2022-07-24 11:36:31,214 INFO: Epoch: 3 | PSNR: 29.9345 | Loss: 6.6122 | lr: 1.00e-04 | Best_PSNR: 29.9345 | max_value: 255.0 in Epoch [3]
2022-07-24 11:37:36,077 INFO: Epoch: 4 | PSNR: 30.1172 | Loss: 5.6371 | lr: 1.00e-04 | Best_PSNR: 30.1172 | max_value: 255.0 in Epoch [4]
2022-07-24 11:38:41,849 INFO: Epoch: 5 | PSNR: 30.1188 | Loss: 5.6170 | lr: 1.00e-04 | Best_PSNR: 30.1188 | max_value: 255.0 in Epoch [5]
2022-07-24 11:39:47,512 INFO: Epoch: 6 | PSNR: 30.1218 | Loss: 5.5555 | lr: 1.00e-04 | Best_PSNR: 30.1218 | max_value: 255.0 in Epoch [6]
2022-07-24 11:40:51,944 INFO: Epoch: 7 | PSNR: 30.1443 | Loss: 5.5748 | lr: 1.00e-04 | Best_PSNR: 30.1443 | max_value: 255.0 in Epoch [7]
2022-07-24 11:42:01,564 INFO: Epoch: 8 | PSNR: 30.1562 | Loss: 5.5833 | lr: 1.00e-04 | Best_PSNR: 30.1562 | max_value: 255.0 in Epoch [8]
2022-07-24 11:43:06,496 INFO: Epoch: 9 | PSNR: 30.1364 | Loss: 5.5724 | lr: 1.00e-04 | Best_PSNR: 30.1562 | max_value: 255.0 in Epoch [8]
2022-07-24 11:44:14,061 INFO: Epoch: 10 | PSNR: 30.1458 | Loss: 5.5901 | lr: 1.00e-04 | Best_PSNR: 30.1562 | max_value: 255.0 in Epoch [8]
2022-07-24 11:45:18,458 INFO: Epoch: 11 | PSNR: 30.1434 | Loss: 5.6034 | lr: 1.00e-04 | Best_PSNR: 30.1562 | max_value: 255.0 in Epoch [8]
2022-07-24 11:46:22,807 INFO: Epoch: 12 | PSNR: 30.1448 | Loss: 5.5549 | lr: 1.00e-04 | Best_PSNR: 30.1562 | max_value: 255.0 in Epoch [8]
2022-07-24 11:47:23,446 INFO: Epoch: 13 | PSNR: 30.1404 | Loss: 5.5611 | lr: 1.00e-04 | Best_PSNR: 30.1562 | max_value: 255.0 in Epoch [8]
2022-07-24 11:48:28,584 INFO: Epoch: 14 | PSNR: 30.1507 | Loss: 5.5848 | lr: 1.00e-04 | Best_PSNR: 30.1562 | max_value: 255.0 in Epoch [8]
2022-07-24 11:49:35,505 INFO: Epoch: 15 | PSNR: 30.1529 | Loss: 5.5571 | lr: 1.00e-04 | Best_PSNR: 30.1562 | max_value: 255.0 in Epoch [8]
2022-07-24 11:50:36,970 INFO: Epoch: 16 | PSNR: 30.1426 | Loss: 5.5288 | lr: 1.00e-04 | Best_PSNR: 30.1562 | max_value: 255.0 in Epoch [8]
2022-07-24 11:51:44,403 INFO: Epoch: 17 | PSNR: 30.1595 | Loss: 5.5717 | lr: 1.00e-04 | Best_PSNR: 30.1595 | max_value: 255.0 in Epoch [17]
2022-07-24 11:52:46,505 INFO: Epoch: 18 | PSNR: 30.1441 | Loss: 5.5720 | lr: 1.00e-04 | Best_PSNR: 30.1595 | max_value: 255.0 in Epoch [17]
2022-07-24 11:53:50,094 INFO: Epoch: 19 | PSNR: 30.1484 | Loss: 5.5631 | lr: 1.00e-04 | Best_PSNR: 30.1595 | max_value: 255.0 in Epoch [17]
2022-07-24 11:54:55,673 INFO: Epoch: 20 | PSNR: 30.1440 | Loss: 5.5637 | lr: 1.00e-04 | Best_PSNR: 30.1595 | max_value: 255.0 in Epoch [17]
2022-07-24 11:56:02,684 INFO: Epoch: 21 | PSNR: 30.1451 | Loss: 5.5861 | lr: 1.00e-04 | Best_PSNR: 30.1595 | max_value: 255.0 in Epoch [17]
2022-07-24 11:57:04,875 INFO: Epoch: 22 | PSNR: 30.1432 | Loss: 5.5707 | lr: 1.00e-04 | Best_PSNR: 30.1595 | max_value: 255.0 in Epoch [17]
2022-07-24 11:58:07,497 INFO: Epoch: 23 | PSNR: 30.1509 | Loss: 5.5316 | lr: 1.00e-04 | Best_PSNR: 30.1595 | max_value: 255.0 in Epoch [17]
2022-07-24 11:59:11,130 INFO: Epoch: 24 | PSNR: 30.1461 | Loss: 5.6021 | lr: 1.00e-04 | Best_PSNR: 30.1595 | max_value: 255.0 in Epoch [17]
2022-07-24 12:00:17,192 INFO: Epoch: 25 | PSNR: 30.1173 | Loss: 5.5256 | lr: 1.00e-04 | Best_PSNR: 30.1595 | max_value: 255.0 in Epoch [17]
2022-07-24 12:01:19,103 INFO: Epoch: 26 | PSNR: 30.1225 | Loss: 5.5937 | lr: 1.00e-04 | Best_PSNR: 30.1595 | max_value: 255.0 in Epoch [17]
2022-07-24 12:02:24,359 INFO: Epoch: 27 | PSNR: 30.1214 | Loss: 5.5609 | lr: 1.00e-04 | Best_PSNR: 30.1595 | max_value: 255.0 in Epoch [17]
2022-07-24 12:03:32,222 INFO: Epoch: 28 | PSNR: 30.1466 | Loss: 5.6184 | lr: 1.00e-04 | Best_PSNR: 30.1595 | max_value: 255.0 in Epoch [17]
2022-07-24 12:04:35,719 INFO: Epoch: 29 | PSNR: 30.1305 | Loss: 5.5328 | lr: 1.00e-04 | Best_PSNR: 30.1595 | max_value: 255.0 in Epoch [17]
2022-07-24 12:05:41,734 INFO: Epoch: 30 | PSNR: 30.1310 | Loss: 5.5250 | lr: 1.00e-04 | Best_PSNR: 30.1595 | max_value: 255.0 in Epoch [17]
2022-07-24 12:06:47,050 INFO: Epoch: 31 | PSNR: 30.1286 | Loss: 5.5647 | lr: 1.00e-04 | Best_PSNR: 30.1595 | max_value: 255.0 in Epoch [17]
2022-07-24 12:07:49,201 INFO: Epoch: 32 | PSNR: 30.1248 | Loss: 5.5901 | lr: 1.00e-04 | Best_PSNR: 30.1595 | max_value: 255.0 in Epoch [17]
2022-07-24 12:08:50,776 INFO: Epoch: 33 | PSNR: 30.1275 | Loss: 5.5833 | lr: 1.00e-04 | Best_PSNR: 30.1595 | max_value: 255.0 in Epoch [17]
2022-07-24 12:09:53,192 INFO: Epoch: 34 | PSNR: 30.1317 | Loss: 5.5557 | lr: 1.00e-04 | Best_PSNR: 30.1595 | max_value: 255.0 in Epoch [17]
2022-07-24 12:11:01,379 INFO: Epoch: 35 | PSNR: 30.1485 | Loss: 5.5745 | lr: 1.00e-04 | Best_PSNR: 30.1595 | max_value: 255.0 in Epoch [17]
2022-07-24 12:12:02,456 INFO: Epoch: 36 | PSNR: 30.1398 | Loss: 5.5758 | lr: 1.00e-04 | Best_PSNR: 30.1595 | max_value: 255.0 in Epoch [17]
2022-07-24 12:13:00,132 INFO: Epoch: 37 | PSNR: 30.1431 | Loss: 5.5773 | lr: 1.00e-04 | Best_PSNR: 30.1595 | max_value: 255.0 in Epoch [17]
2022-07-24 12:14:00,748 INFO: Epoch: 38 | PSNR: 30.1500 | Loss: 5.5530 | lr: 1.00e-04 | Best_PSNR: 30.1595 | max_value: 255.0 in Epoch [17]
2022-07-24 12:14:59,310 INFO: Epoch: 39 | PSNR: 30.1456 | Loss: 5.5678 | lr: 1.00e-04 | Best_PSNR: 30.1595 | max_value: 255.0 in Epoch [17]
2022-07-24 12:15:57,077 INFO: Epoch: 40 | PSNR: 30.1429 | Loss: 5.5792 | lr: 1.00e-04 | Best_PSNR: 30.1595 | max_value: 255.0 in Epoch [17]
2022-07-24 12:16:55,600 INFO: Epoch: 41 | PSNR: 30.1481 | Loss: 5.5510 | lr: 1.00e-04 | Best_PSNR: 30.1595 | max_value: 255.0 in Epoch [17]
2022-07-24 12:17:52,372 INFO: Epoch: 42 | PSNR: 30.1389 | Loss: 5.5279 | lr: 1.00e-04 | Best_PSNR: 30.1595 | max_value: 255.0 in Epoch [17]
2022-07-24 12:18:54,205 INFO: Epoch: 43 | PSNR: 30.1355 | Loss: 5.5524 | lr: 1.00e-04 | Best_PSNR: 30.1595 | max_value: 255.0 in Epoch [17]
2022-07-24 12:19:57,894 INFO: Epoch: 44 | PSNR: 30.1511 | Loss: 5.5380 | lr: 1.00e-04 | Best_PSNR: 30.1595 | max_value: 255.0 in Epoch [17]
2022-07-24 12:21:04,538 INFO: Epoch: 45 | PSNR: 30.1366 | Loss: 5.6145 | lr: 1.00e-04 | Best_PSNR: 30.1595 | max_value: 255.0 in Epoch [17]
2022-07-24 12:22:15,913 INFO: Epoch: 46 | PSNR: 30.1455 | Loss: 5.5227 | lr: 1.00e-04 | Best_PSNR: 30.1595 | max_value: 255.0 in Epoch [17]
2022-07-24 12:23:20,924 INFO: Epoch: 47 | PSNR: 30.1617 | Loss: 5.5847 | lr: 1.00e-04 | Best_PSNR: 30.1617 | max_value: 255.0 in Epoch [47]
2022-07-24 12:24:26,185 INFO: Epoch: 48 | PSNR: 30.1588 | Loss: 5.5391 | lr: 1.00e-04 | Best_PSNR: 30.1617 | max_value: 255.0 in Epoch [47]
2022-07-24 12:25:33,236 INFO: Epoch: 49 | PSNR: 30.1560 | Loss: 5.5510 | lr: 1.00e-04 | Best_PSNR: 30.1617 | max_value: 255.0 in Epoch [47]
2022-07-24 12:26:34,694 INFO: Epoch: 50 | PSNR: 30.1559 | Loss: 5.5785 | lr: 1.00e-04 | Best_PSNR: 30.1617 | max_value: 255.0 in Epoch [47]
2022-07-24 12:27:32,296 INFO: Epoch: 51 | PSNR: 30.1627 | Loss: 5.5198 | lr: 5.00e-05 | Best_PSNR: 30.1627 | max_value: 255.0 in Epoch [51]
2022-07-24 12:28:31,290 INFO: Epoch: 52 | PSNR: 30.1554 | Loss: 5.5391 | lr: 5.00e-05 | Best_PSNR: 30.1627 | max_value: 255.0 in Epoch [51]
2022-07-24 12:29:31,198 INFO: Epoch: 53 | PSNR: 30.1549 | Loss: 5.5541 | lr: 5.00e-05 | Best_PSNR: 30.1627 | max_value: 255.0 in Epoch [51]
2022-07-24 12:30:32,796 INFO: Epoch: 54 | PSNR: 30.1581 | Loss: 5.5991 | lr: 5.00e-05 | Best_PSNR: 30.1627 | max_value: 255.0 in Epoch [51]
2022-07-24 12:31:32,307 INFO: Epoch: 55 | PSNR: 30.1517 | Loss: 5.5779 | lr: 5.00e-05 | Best_PSNR: 30.1627 | max_value: 255.0 in Epoch [51]
2022-07-24 12:32:31,668 INFO: Epoch: 56 | PSNR: 30.1562 | Loss: 5.5817 | lr: 5.00e-05 | Best_PSNR: 30.1627 | max_value: 255.0 in Epoch [51]
2022-07-24 12:33:28,468 INFO: Epoch: 57 | PSNR: 30.1538 | Loss: 5.5741 | lr: 5.00e-05 | Best_PSNR: 30.1627 | max_value: 255.0 in Epoch [51]
2022-07-24 12:34:25,620 INFO: Epoch: 58 | PSNR: 30.1633 | Loss: 5.5449 | lr: 5.00e-05 | Best_PSNR: 30.1633 | max_value: 255.0 in Epoch [58]
2022-07-24 12:35:24,540 INFO: Epoch: 59 | PSNR: 30.1528 | Loss: 5.5862 | lr: 5.00e-05 | Best_PSNR: 30.1633 | max_value: 255.0 in Epoch [58]
2022-07-24 12:36:24,062 INFO: Epoch: 60 | PSNR: 30.1556 | Loss: 5.5538 | lr: 5.00e-05 | Best_PSNR: 30.1633 | max_value: 255.0 in Epoch [58]
2022-07-24 12:37:24,657 INFO: Epoch: 61 | PSNR: 30.1542 | Loss: 5.5661 | lr: 5.00e-05 | Best_PSNR: 30.1633 | max_value: 255.0 in Epoch [58]
2022-07-24 12:38:28,502 INFO: Epoch: 62 | PSNR: 30.1477 | Loss: 5.5505 | lr: 5.00e-05 | Best_PSNR: 30.1633 | max_value: 255.0 in Epoch [58]
2022-07-24 12:39:29,886 INFO: Epoch: 63 | PSNR: 30.1492 | Loss: 5.5521 | lr: 5.00e-05 | Best_PSNR: 30.1633 | max_value: 255.0 in Epoch [58]
2022-07-24 12:40:28,778 INFO: Epoch: 64 | PSNR: 30.1501 | Loss: 5.5217 | lr: 5.00e-05 | Best_PSNR: 30.1633 | max_value: 255.0 in Epoch [58]
2022-07-24 12:41:31,448 INFO: Epoch: 65 | PSNR: 30.1444 | Loss: 5.5810 | lr: 5.00e-05 | Best_PSNR: 30.1633 | max_value: 255.0 in Epoch [58]
2022-07-24 12:42:31,240 INFO: Epoch: 66 | PSNR: 30.1480 | Loss: 5.5777 | lr: 5.00e-05 | Best_PSNR: 30.1633 | max_value: 255.0 in Epoch [58]
2022-07-24 12:43:31,231 INFO: Epoch: 67 | PSNR: 30.1517 | Loss: 5.4925 | lr: 5.00e-05 | Best_PSNR: 30.1633 | max_value: 255.0 in Epoch [58]
2022-07-24 12:44:33,255 INFO: Epoch: 68 | PSNR: 30.1526 | Loss: 5.5801 | lr: 5.00e-05 | Best_PSNR: 30.1633 | max_value: 255.0 in Epoch [58]
2022-07-24 12:45:34,333 INFO: Epoch: 69 | PSNR: 30.1484 | Loss: 5.5599 | lr: 5.00e-05 | Best_PSNR: 30.1633 | max_value: 255.0 in Epoch [58]
2022-07-24 12:46:36,198 INFO: Epoch: 70 | PSNR: 30.1449 | Loss: 5.5802 | lr: 5.00e-05 | Best_PSNR: 30.1633 | max_value: 255.0 in Epoch [58]
2022-07-24 12:47:37,906 INFO: Epoch: 71 | PSNR: 30.1498 | Loss: 5.5686 | lr: 5.00e-05 | Best_PSNR: 30.1633 | max_value: 255.0 in Epoch [58]
2022-07-24 12:48:39,995 INFO: Epoch: 72 | PSNR: 30.1506 | Loss: 5.6168 | lr: 5.00e-05 | Best_PSNR: 30.1633 | max_value: 255.0 in Epoch [58]
2022-07-24 12:49:40,207 INFO: Epoch: 73 | PSNR: 30.1512 | Loss: 5.5594 | lr: 5.00e-05 | Best_PSNR: 30.1633 | max_value: 255.0 in Epoch [58]
2022-07-24 12:50:41,345 INFO: Epoch: 74 | PSNR: 30.1490 | Loss: 5.5097 | lr: 5.00e-05 | Best_PSNR: 30.1633 | max_value: 255.0 in Epoch [58]
2022-07-24 12:51:43,392 INFO: Epoch: 75 | PSNR: 30.1434 | Loss: 5.5572 | lr: 5.00e-05 | Best_PSNR: 30.1633 | max_value: 255.0 in Epoch [58]
2022-07-24 12:52:45,646 INFO: Epoch: 76 | PSNR: 30.1505 | Loss: 5.5240 | lr: 5.00e-05 | Best_PSNR: 30.1633 | max_value: 255.0 in Epoch [58]
2022-07-24 12:53:52,061 INFO: Epoch: 77 | PSNR: 30.1488 | Loss: 5.5842 | lr: 5.00e-05 | Best_PSNR: 30.1633 | max_value: 255.0 in Epoch [58]
2022-07-24 12:54:56,115 INFO: Epoch: 78 | PSNR: 30.1525 | Loss: 5.5968 | lr: 5.00e-05 | Best_PSNR: 30.1633 | max_value: 255.0 in Epoch [58]
2022-07-24 12:55:58,586 INFO: Epoch: 79 | PSNR: 30.1555 | Loss: 5.5742 | lr: 5.00e-05 | Best_PSNR: 30.1633 | max_value: 255.0 in Epoch [58]
2022-07-24 12:57:02,726 INFO: Epoch: 80 | PSNR: 30.1483 | Loss: 5.5522 | lr: 5.00e-05 | Best_PSNR: 30.1633 | max_value: 255.0 in Epoch [58]
2022-07-24 12:58:03,986 INFO: Epoch: 81 | PSNR: 30.1508 | Loss: 5.5741 | lr: 5.00e-05 | Best_PSNR: 30.1633 | max_value: 255.0 in Epoch [58]
2022-07-24 12:59:05,993 INFO: Epoch: 82 | PSNR: 30.1544 | Loss: 5.5352 | lr: 5.00e-05 | Best_PSNR: 30.1633 | max_value: 255.0 in Epoch [58]
2022-07-24 13:00:22,569 INFO: Epoch: 83 | PSNR: 30.1496 | Loss: 5.5621 | lr: 5.00e-05 | Best_PSNR: 30.1633 | max_value: 255.0 in Epoch [58]
2022-07-24 13:01:22,828 INFO: Epoch: 84 | PSNR: 30.1464 | Loss: 5.6137 | lr: 5.00e-05 | Best_PSNR: 30.1633 | max_value: 255.0 in Epoch [58]
2022-07-24 13:02:25,434 INFO: Epoch: 85 | PSNR: 30.1437 | Loss: 5.5557 | lr: 5.00e-05 | Best_PSNR: 30.1633 | max_value: 255.0 in Epoch [58]
2022-07-24 13:03:27,880 INFO: Epoch: 86 | PSNR: 30.1509 | Loss: 5.5716 | lr: 5.00e-05 | Best_PSNR: 30.1633 | max_value: 255.0 in Epoch [58]
2022-07-24 13:04:30,535 INFO: Epoch: 87 | PSNR: 30.1542 | Loss: 5.5603 | lr: 5.00e-05 | Best_PSNR: 30.1633 | max_value: 255.0 in Epoch [58]
2022-07-24 13:05:33,365 INFO: Epoch: 88 | PSNR: 30.1534 | Loss: 5.5196 | lr: 5.00e-05 | Best_PSNR: 30.1633 | max_value: 255.0 in Epoch [58]
2022-07-24 13:06:40,457 INFO: Epoch: 89 | PSNR: 30.1482 | Loss: 5.5462 | lr: 5.00e-05 | Best_PSNR: 30.1633 | max_value: 255.0 in Epoch [58]
2022-07-24 13:07:45,287 INFO: Epoch: 90 | PSNR: 30.1495 | Loss: 5.5755 | lr: 5.00e-05 | Best_PSNR: 30.1633 | max_value: 255.0 in Epoch [58]
2022-07-24 13:08:46,432 INFO: Epoch: 91 | PSNR: 30.1540 | Loss: 5.5428 | lr: 5.00e-05 | Best_PSNR: 30.1633 | max_value: 255.0 in Epoch [58]
2022-07-24 13:09:46,732 INFO: Epoch: 92 | PSNR: 30.1471 | Loss: 5.6137 | lr: 5.00e-05 | Best_PSNR: 30.1633 | max_value: 255.0 in Epoch [58]
2022-07-24 13:10:49,772 INFO: Epoch: 93 | PSNR: 30.1475 | Loss: 5.5335 | lr: 5.00e-05 | Best_PSNR: 30.1633 | max_value: 255.0 in Epoch [58]
2022-07-24 13:11:51,394 INFO: Epoch: 94 | PSNR: 30.1435 | Loss: 5.5779 | lr: 5.00e-05 | Best_PSNR: 30.1633 | max_value: 255.0 in Epoch [58]
2022-07-24 13:12:52,294 INFO: Epoch: 95 | PSNR: 30.1439 | Loss: 5.5637 | lr: 5.00e-05 | Best_PSNR: 30.1633 | max_value: 255.0 in Epoch [58]
2022-07-24 13:13:53,650 INFO: Epoch: 96 | PSNR: 30.1489 | Loss: 5.5615 | lr: 5.00e-05 | Best_PSNR: 30.1633 | max_value: 255.0 in Epoch [58]
2022-07-24 13:14:58,415 INFO: Epoch: 97 | PSNR: 30.1439 | Loss: 5.5237 | lr: 5.00e-05 | Best_PSNR: 30.1633 | max_value: 255.0 in Epoch [58]
2022-07-24 13:16:04,255 INFO: Epoch: 98 | PSNR: 30.1565 | Loss: 5.5877 | lr: 5.00e-05 | Best_PSNR: 30.1633 | max_value: 255.0 in Epoch [58]
2022-07-24 13:17:12,508 INFO: Epoch: 99 | PSNR: 30.1460 | Loss: 5.5490 | lr: 5.00e-05 | Best_PSNR: 30.1633 | max_value: 255.0 in Epoch [58]
2022-07-24 13:18:17,288 INFO: Epoch: 100 | PSNR: 30.1526 | Loss: 5.5673 | lr: 5.00e-05 | Best_PSNR: 30.1633 | max_value: 255.0 in Epoch [58]
2022-07-24 13:19:18,449 INFO: Epoch: 101 | PSNR: 30.1447 | Loss: 5.5594 | lr: 2.50e-05 | Best_PSNR: 30.1633 | max_value: 255.0 in Epoch [58]
2022-07-24 13:20:19,540 INFO: Epoch: 102 | PSNR: 30.1499 | Loss: 5.5369 | lr: 2.50e-05 | Best_PSNR: 30.1633 | max_value: 255.0 in Epoch [58]
2022-07-24 13:21:22,465 INFO: Epoch: 103 | PSNR: 30.1522 | Loss: 5.5023 | lr: 2.50e-05 | Best_PSNR: 30.1633 | max_value: 255.0 in Epoch [58]
2022-07-24 13:22:29,998 INFO: Epoch: 104 | PSNR: 30.1485 | Loss: 5.5808 | lr: 2.50e-05 | Best_PSNR: 30.1633 | max_value: 255.0 in Epoch [58]
2022-07-24 13:23:32,134 INFO: Epoch: 105 | PSNR: 30.1486 | Loss: 5.5520 | lr: 2.50e-05 | Best_PSNR: 30.1633 | max_value: 255.0 in Epoch [58]
2022-07-24 13:24:34,669 INFO: Epoch: 106 | PSNR: 30.1627 | Loss: 5.6008 | lr: 2.50e-05 | Best_PSNR: 30.1633 | max_value: 255.0 in Epoch [58]
2022-07-24 13:25:37,546 INFO: Epoch: 107 | PSNR: 30.1522 | Loss: 5.5578 | lr: 2.50e-05 | Best_PSNR: 30.1633 | max_value: 255.0 in Epoch [58]
2022-07-24 13:26:40,818 INFO: Epoch: 108 | PSNR: 30.1590 | Loss: 5.5875 | lr: 2.50e-05 | Best_PSNR: 30.1633 | max_value: 255.0 in Epoch [58]
2022-07-24 13:27:54,173 INFO: Epoch: 109 | PSNR: 30.1643 | Loss: 5.5270 | lr: 2.50e-05 | Best_PSNR: 30.1643 | max_value: 255.0 in Epoch [109]
2022-07-24 13:28:59,955 INFO: Epoch: 110 | PSNR: 30.1618 | Loss: 5.6274 | lr: 2.50e-05 | Best_PSNR: 30.1643 | max_value: 255.0 in Epoch [109]
2022-07-24 13:30:02,175 INFO: Epoch: 111 | PSNR: 30.1542 | Loss: 5.5056 | lr: 2.50e-05 | Best_PSNR: 30.1643 | max_value: 255.0 in Epoch [109]
2022-07-24 13:31:04,899 INFO: Epoch: 112 | PSNR: 30.1505 | Loss: 5.5613 | lr: 2.50e-05 | Best_PSNR: 30.1643 | max_value: 255.0 in Epoch [109]
2022-07-24 13:32:10,513 INFO: Epoch: 113 | PSNR: 30.1522 | Loss: 5.5514 | lr: 2.50e-05 | Best_PSNR: 30.1643 | max_value: 255.0 in Epoch [109]
2022-07-24 13:33:14,313 INFO: Epoch: 114 | PSNR: 30.1540 | Loss: 5.5574 | lr: 2.50e-05 | Best_PSNR: 30.1643 | max_value: 255.0 in Epoch [109]
2022-07-24 13:34:16,353 INFO: Epoch: 115 | PSNR: 30.1581 | Loss: 5.5413 | lr: 2.50e-05 | Best_PSNR: 30.1643 | max_value: 255.0 in Epoch [109]
2022-07-24 13:35:18,970 INFO: Epoch: 116 | PSNR: 30.1507 | Loss: 5.5272 | lr: 2.50e-05 | Best_PSNR: 30.1643 | max_value: 255.0 in Epoch [109]
2022-07-24 13:36:24,448 INFO: Epoch: 117 | PSNR: 30.1580 | Loss: 5.5254 | lr: 2.50e-05 | Best_PSNR: 30.1643 | max_value: 255.0 in Epoch [109]
2022-07-24 13:37:26,958 INFO: Epoch: 118 | PSNR: 30.1483 | Loss: 5.5721 | lr: 2.50e-05 | Best_PSNR: 30.1643 | max_value: 255.0 in Epoch [109]
2022-07-24 13:38:29,355 INFO: Epoch: 119 | PSNR: 30.1482 | Loss: 5.5742 | lr: 2.50e-05 | Best_PSNR: 30.1643 | max_value: 255.0 in Epoch [109]
2022-07-24 13:39:35,898 INFO: Epoch: 120 | PSNR: 30.1488 | Loss: 5.5789 | lr: 2.50e-05 | Best_PSNR: 30.1643 | max_value: 255.0 in Epoch [109]
2022-07-24 13:40:36,231 INFO: Epoch: 121 | PSNR: 30.1573 | Loss: 5.5673 | lr: 2.50e-05 | Best_PSNR: 30.1643 | max_value: 255.0 in Epoch [109]
2022-07-24 13:41:38,996 INFO: Epoch: 122 | PSNR: 30.1633 | Loss: 5.5306 | lr: 2.50e-05 | Best_PSNR: 30.1643 | max_value: 255.0 in Epoch [109]
2022-07-24 13:42:40,190 INFO: Epoch: 123 | PSNR: 30.1593 | Loss: 5.5597 | lr: 2.50e-05 | Best_PSNR: 30.1643 | max_value: 255.0 in Epoch [109]
2022-07-24 13:43:41,938 INFO: Epoch: 124 | PSNR: 30.1606 | Loss: 5.5445 | lr: 2.50e-05 | Best_PSNR: 30.1643 | max_value: 255.0 in Epoch [109]
2022-07-24 13:44:50,517 INFO: Epoch: 125 | PSNR: 30.1478 | Loss: 5.5813 | lr: 2.50e-05 | Best_PSNR: 30.1643 | max_value: 255.0 in Epoch [109]
2022-07-24 13:45:57,153 INFO: Epoch: 126 | PSNR: 30.1503 | Loss: 5.5908 | lr: 2.50e-05 | Best_PSNR: 30.1643 | max_value: 255.0 in Epoch [109]
2022-07-24 13:47:00,079 INFO: Epoch: 127 | PSNR: 30.1656 | Loss: 5.5193 | lr: 2.50e-05 | Best_PSNR: 30.1656 | max_value: 255.0 in Epoch [127]
2022-07-24 13:48:06,733 INFO: Epoch: 128 | PSNR: 30.1614 | Loss: 5.5808 | lr: 2.50e-05 | Best_PSNR: 30.1656 | max_value: 255.0 in Epoch [127]
2022-07-24 13:49:08,406 INFO: Epoch: 129 | PSNR: 30.1525 | Loss: 5.5849 | lr: 2.50e-05 | Best_PSNR: 30.1656 | max_value: 255.0 in Epoch [127]
2022-07-24 13:50:10,616 INFO: Epoch: 130 | PSNR: 30.1633 | Loss: 5.5642 | lr: 2.50e-05 | Best_PSNR: 30.1656 | max_value: 255.0 in Epoch [127]
2022-07-24 13:51:14,729 INFO: Epoch: 131 | PSNR: 30.1587 | Loss: 5.5575 | lr: 2.50e-05 | Best_PSNR: 30.1656 | max_value: 255.0 in Epoch [127]
2022-07-24 13:52:17,014 INFO: Epoch: 132 | PSNR: 30.1500 | Loss: 5.5600 | lr: 2.50e-05 | Best_PSNR: 30.1656 | max_value: 255.0 in Epoch [127]
2022-07-24 13:53:25,241 INFO: Epoch: 133 | PSNR: 30.1477 | Loss: 5.6183 | lr: 2.50e-05 | Best_PSNR: 30.1656 | max_value: 255.0 in Epoch [127]
2022-07-24 13:54:28,210 INFO: Epoch: 134 | PSNR: 30.1475 | Loss: 5.5372 | lr: 2.50e-05 | Best_PSNR: 30.1656 | max_value: 255.0 in Epoch [127]
2022-07-24 13:55:28,584 INFO: Epoch: 135 | PSNR: 30.1574 | Loss: 5.5376 | lr: 2.50e-05 | Best_PSNR: 30.1656 | max_value: 255.0 in Epoch [127]
2022-07-24 13:56:31,917 INFO: Epoch: 136 | PSNR: 30.1540 | Loss: 5.5874 | lr: 2.50e-05 | Best_PSNR: 30.1656 | max_value: 255.0 in Epoch [127]
2022-07-24 13:57:35,266 INFO: Epoch: 137 | PSNR: 30.1473 | Loss: 5.5946 | lr: 2.50e-05 | Best_PSNR: 30.1656 | max_value: 255.0 in Epoch [127]
2022-07-24 13:58:39,415 INFO: Epoch: 138 | PSNR: 30.1465 | Loss: 5.5676 | lr: 2.50e-05 | Best_PSNR: 30.1656 | max_value: 255.0 in Epoch [127]
2022-07-24 13:59:39,223 INFO: Epoch: 139 | PSNR: 30.1608 | Loss: 5.5340 | lr: 2.50e-05 | Best_PSNR: 30.1656 | max_value: 255.0 in Epoch [127]
2022-07-24 14:00:41,416 INFO: Epoch: 140 | PSNR: 30.1477 | Loss: 5.5480 | lr: 2.50e-05 | Best_PSNR: 30.1656 | max_value: 255.0 in Epoch [127]
2022-07-24 14:01:44,699 INFO: Epoch: 141 | PSNR: 30.1600 | Loss: 5.5855 | lr: 2.50e-05 | Best_PSNR: 30.1656 | max_value: 255.0 in Epoch [127]
2022-07-24 14:02:44,046 INFO: Epoch: 142 | PSNR: 30.1441 | Loss: 5.5776 | lr: 2.50e-05 | Best_PSNR: 30.1656 | max_value: 255.0 in Epoch [127]
2022-07-24 14:04:12,804 INFO: Epoch: 143 | PSNR: 30.1473 | Loss: 5.5307 | lr: 2.50e-05 | Best_PSNR: 30.1656 | max_value: 255.0 in Epoch [127]
2022-07-24 14:05:18,623 INFO: Epoch: 144 | PSNR: 30.1455 | Loss: 5.6288 | lr: 2.50e-05 | Best_PSNR: 30.1656 | max_value: 255.0 in Epoch [127]
2022-07-24 14:06:18,175 INFO: Epoch: 145 | PSNR: 30.1612 | Loss: 5.5666 | lr: 2.50e-05 | Best_PSNR: 30.1656 | max_value: 255.0 in Epoch [127]
2022-07-24 14:07:20,961 INFO: Epoch: 146 | PSNR: 30.1483 | Loss: 5.5945 | lr: 2.50e-05 | Best_PSNR: 30.1656 | max_value: 255.0 in Epoch [127]
2022-07-24 14:09:19,755 INFO: Epoch: 147 | PSNR: 30.1635 | Loss: 5.5367 | lr: 2.50e-05 | Best_PSNR: 30.1656 | max_value: 255.0 in Epoch [127]
2022-07-24 14:11:34,648 INFO: Epoch: 148 | PSNR: 30.1492 | Loss: 5.5617 | lr: 2.50e-05 | Best_PSNR: 30.1656 | max_value: 255.0 in Epoch [127]
2022-07-24 14:14:27,743 INFO: Epoch: 149 | PSNR: 30.1478 | Loss: 5.5824 | lr: 2.50e-05 | Best_PSNR: 30.1656 | max_value: 255.0 in Epoch [127]
2022-07-24 14:15:51,124 INFO: Epoch: 150 | PSNR: 30.1519 | Loss: 5.5871 | lr: 2.50e-05 | Best_PSNR: 30.1656 | max_value: 255.0 in Epoch [127]
2022-07-24 14:16:58,288 INFO: Epoch: 151 | PSNR: 30.1570 | Loss: 5.5396 | lr: 1.25e-05 | Best_PSNR: 30.1656 | max_value: 255.0 in Epoch [127]
2022-07-24 14:18:01,855 INFO: Epoch: 152 | PSNR: 30.1521 | Loss: 5.5188 | lr: 1.25e-05 | Best_PSNR: 30.1656 | max_value: 255.0 in Epoch [127]
2022-07-24 14:19:04,318 INFO: Epoch: 153 | PSNR: 30.1520 | Loss: 5.4971 | lr: 1.25e-05 | Best_PSNR: 30.1656 | max_value: 255.0 in Epoch [127]
2022-07-24 14:20:08,846 INFO: Epoch: 154 | PSNR: 30.1502 | Loss: 5.5856 | lr: 1.25e-05 | Best_PSNR: 30.1656 | max_value: 255.0 in Epoch [127]
2022-07-24 14:21:12,807 INFO: Epoch: 155 | PSNR: 30.1637 | Loss: 5.5887 | lr: 1.25e-05 | Best_PSNR: 30.1656 | max_value: 255.0 in Epoch [127]
2022-07-24 14:22:18,471 INFO: Epoch: 156 | PSNR: 30.1665 | Loss: 5.5501 | lr: 1.25e-05 | Best_PSNR: 30.1665 | max_value: 255.0 in Epoch [156]
2022-07-24 14:23:19,128 INFO: Epoch: 157 | PSNR: 30.1600 | Loss: 5.5605 | lr: 1.25e-05 | Best_PSNR: 30.1665 | max_value: 255.0 in Epoch [156]
2022-07-24 14:24:22,860 INFO: Epoch: 158 | PSNR: 30.1613 | Loss: 5.5571 | lr: 1.25e-05 | Best_PSNR: 30.1665 | max_value: 255.0 in Epoch [156]
2022-07-24 14:25:25,645 INFO: Epoch: 159 | PSNR: 30.1565 | Loss: 5.6090 | lr: 1.25e-05 | Best_PSNR: 30.1665 | max_value: 255.0 in Epoch [156]
2022-07-24 14:26:27,131 INFO: Epoch: 160 | PSNR: 30.1625 | Loss: 5.5578 | lr: 1.25e-05 | Best_PSNR: 30.1665 | max_value: 255.0 in Epoch [156]
2022-07-24 14:27:30,033 INFO: Epoch: 161 | PSNR: 30.1490 | Loss: 5.5779 | lr: 1.25e-05 | Best_PSNR: 30.1665 | max_value: 255.0 in Epoch [156]
2022-07-24 14:29:53,307 INFO: Epoch: 162 | PSNR: 30.1517 | Loss: 5.5035 | lr: 1.25e-05 | Best_PSNR: 30.1665 | max_value: 255.0 in Epoch [156]
2022-07-24 14:31:40,998 INFO: Epoch: 163 | PSNR: 30.1603 | Loss: 5.6285 | lr: 1.25e-05 | Best_PSNR: 30.1665 | max_value: 255.0 in Epoch [156]
2022-07-24 14:32:40,235 INFO: Epoch: 164 | PSNR: 30.1605 | Loss: 5.5346 | lr: 1.25e-05 | Best_PSNR: 30.1665 | max_value: 255.0 in Epoch [156]
2022-07-24 14:33:41,341 INFO: Epoch: 165 | PSNR: 30.1580 | Loss: 5.6289 | lr: 1.25e-05 | Best_PSNR: 30.1665 | max_value: 255.0 in Epoch [156]
2022-07-24 14:34:41,107 INFO: Epoch: 166 | PSNR: 30.1588 | Loss: 5.6070 | lr: 1.25e-05 | Best_PSNR: 30.1665 | max_value: 255.0 in Epoch [156]
2022-07-24 14:35:42,191 INFO: Epoch: 167 | PSNR: 30.1540 | Loss: 5.5872 | lr: 1.25e-05 | Best_PSNR: 30.1665 | max_value: 255.0 in Epoch [156]
2022-07-24 14:36:38,456 INFO: Epoch: 168 | PSNR: 30.1622 | Loss: 5.5357 | lr: 1.25e-05 | Best_PSNR: 30.1665 | max_value: 255.0 in Epoch [156]
2022-07-24 14:37:31,665 INFO: Epoch: 169 | PSNR: 30.1481 | Loss: 5.5499 | lr: 1.25e-05 | Best_PSNR: 30.1665 | max_value: 255.0 in Epoch [156]
2022-07-24 14:38:24,538 INFO: Epoch: 170 | PSNR: 30.1470 | Loss: 5.5602 | lr: 1.25e-05 | Best_PSNR: 30.1665 | max_value: 255.0 in Epoch [156]
2022-07-24 14:39:16,665 INFO: Epoch: 171 | PSNR: 30.1457 | Loss: 5.5816 | lr: 1.25e-05 | Best_PSNR: 30.1665 | max_value: 255.0 in Epoch [156]
2022-07-24 14:40:09,399 INFO: Epoch: 172 | PSNR: 30.1478 | Loss: 5.5933 | lr: 1.25e-05 | Best_PSNR: 30.1665 | max_value: 255.0 in Epoch [156]
2022-07-24 14:41:01,954 INFO: Epoch: 173 | PSNR: 30.1589 | Loss: 5.5845 | lr: 1.25e-05 | Best_PSNR: 30.1665 | max_value: 255.0 in Epoch [156]
2022-07-24 14:41:54,799 INFO: Epoch: 174 | PSNR: 30.1569 | Loss: 5.5903 | lr: 1.25e-05 | Best_PSNR: 30.1665 | max_value: 255.0 in Epoch [156]
2022-07-24 14:42:47,838 INFO: Epoch: 175 | PSNR: 30.1453 | Loss: 5.5757 | lr: 1.25e-05 | Best_PSNR: 30.1665 | max_value: 255.0 in Epoch [156]
2022-07-24 14:43:39,814 INFO: Epoch: 176 | PSNR: 30.1638 | Loss: 5.5539 | lr: 1.25e-05 | Best_PSNR: 30.1665 | max_value: 255.0 in Epoch [156]
2022-07-24 14:44:31,500 INFO: Epoch: 177 | PSNR: 30.1461 | Loss: 5.6045 | lr: 1.25e-05 | Best_PSNR: 30.1665 | max_value: 255.0 in Epoch [156]
2022-07-24 14:45:23,469 INFO: Epoch: 178 | PSNR: 30.1610 | Loss: 5.5336 | lr: 1.25e-05 | Best_PSNR: 30.1665 | max_value: 255.0 in Epoch [156]
2022-07-24 14:46:15,060 INFO: Epoch: 179 | PSNR: 30.1645 | Loss: 5.5507 | lr: 1.25e-05 | Best_PSNR: 30.1665 | max_value: 255.0 in Epoch [156]
2022-07-24 14:47:06,880 INFO: Epoch: 180 | PSNR: 30.1571 | Loss: 5.5652 | lr: 1.25e-05 | Best_PSNR: 30.1665 | max_value: 255.0 in Epoch [156]
2022-07-24 14:47:59,705 INFO: Epoch: 181 | PSNR: 30.1621 | Loss: 5.5382 | lr: 1.25e-05 | Best_PSNR: 30.1665 | max_value: 255.0 in Epoch [156]
2022-07-24 14:48:52,536 INFO: Epoch: 182 | PSNR: 30.1653 | Loss: 5.5685 | lr: 1.25e-05 | Best_PSNR: 30.1665 | max_value: 255.0 in Epoch [156]
2022-07-24 14:49:45,185 INFO: Epoch: 183 | PSNR: 30.1593 | Loss: 5.6000 | lr: 1.25e-05 | Best_PSNR: 30.1665 | max_value: 255.0 in Epoch [156]
2022-07-24 14:50:36,743 INFO: Epoch: 184 | PSNR: 30.1592 | Loss: 5.5955 | lr: 1.25e-05 | Best_PSNR: 30.1665 | max_value: 255.0 in Epoch [156]
2022-07-24 14:51:28,486 INFO: Epoch: 185 | PSNR: 30.1596 | Loss: 5.5528 | lr: 1.25e-05 | Best_PSNR: 30.1665 | max_value: 255.0 in Epoch [156]
2022-07-24 14:52:21,326 INFO: Epoch: 186 | PSNR: 30.1567 | Loss: 5.5481 | lr: 1.25e-05 | Best_PSNR: 30.1665 | max_value: 255.0 in Epoch [156]
2022-07-24 14:53:13,427 INFO: Epoch: 187 | PSNR: 30.1532 | Loss: 5.5813 | lr: 1.25e-05 | Best_PSNR: 30.1665 | max_value: 255.0 in Epoch [156]
2022-07-24 14:54:06,297 INFO: Epoch: 188 | PSNR: 30.1580 | Loss: 5.5704 | lr: 1.25e-05 | Best_PSNR: 30.1665 | max_value: 255.0 in Epoch [156]
2022-07-24 14:54:59,234 INFO: Epoch: 189 | PSNR: 30.1557 | Loss: 5.5548 | lr: 1.25e-05 | Best_PSNR: 30.1665 | max_value: 255.0 in Epoch [156]
2022-07-24 14:55:51,184 INFO: Epoch: 190 | PSNR: 30.1603 | Loss: 5.5505 | lr: 1.25e-05 | Best_PSNR: 30.1665 | max_value: 255.0 in Epoch [156]
2022-07-24 14:56:43,974 INFO: Epoch: 191 | PSNR: 30.1572 | Loss: 5.5771 | lr: 1.25e-05 | Best_PSNR: 30.1665 | max_value: 255.0 in Epoch [156]
2022-07-24 14:57:36,067 INFO: Epoch: 192 | PSNR: 30.1580 | Loss: 5.5518 | lr: 1.25e-05 | Best_PSNR: 30.1665 | max_value: 255.0 in Epoch [156]
2022-07-24 14:58:28,175 INFO: Epoch: 193 | PSNR: 30.1586 | Loss: 5.5122 | lr: 1.25e-05 | Best_PSNR: 30.1665 | max_value: 255.0 in Epoch [156]
2022-07-24 14:59:20,704 INFO: Epoch: 194 | PSNR: 30.1576 | Loss: 5.5525 | lr: 1.25e-05 | Best_PSNR: 30.1665 | max_value: 255.0 in Epoch [156]
2022-07-24 15:00:12,729 INFO: Epoch: 195 | PSNR: 30.1459 | Loss: 5.5544 | lr: 1.25e-05 | Best_PSNR: 30.1665 | max_value: 255.0 in Epoch [156]
2022-07-24 15:01:04,749 INFO: Epoch: 196 | PSNR: 30.1606 | Loss: 5.5575 | lr: 1.25e-05 | Best_PSNR: 30.1665 | max_value: 255.0 in Epoch [156]
2022-07-24 15:01:56,157 INFO: Epoch: 197 | PSNR: 30.1571 | Loss: 5.5730 | lr: 1.25e-05 | Best_PSNR: 30.1665 | max_value: 255.0 in Epoch [156]
2022-07-24 15:02:48,187 INFO: Epoch: 198 | PSNR: 30.1582 | Loss: 5.5948 | lr: 1.25e-05 | Best_PSNR: 30.1665 | max_value: 255.0 in Epoch [156]
2022-07-24 15:03:40,323 INFO: Epoch: 199 | PSNR: 30.1638 | Loss: 5.5753 | lr: 1.25e-05 | Best_PSNR: 30.1665 | max_value: 255.0 in Epoch [156]
2022-07-24 15:04:32,415 INFO: Epoch: 200 | PSNR: 30.1473 | Loss: 5.6025 | lr: 1.25e-05 | Best_PSNR: 30.1665 | max_value: 255.0 in Epoch [156]
2022-07-24 15:05:24,552 INFO: Epoch: 201 | PSNR: 30.1506 | Loss: 5.5689 | lr: 6.25e-06 | Best_PSNR: 30.1665 | max_value: 255.0 in Epoch [156]
2022-07-24 15:06:16,803 INFO: Epoch: 202 | PSNR: 30.1611 | Loss: 5.5568 | lr: 6.25e-06 | Best_PSNR: 30.1665 | max_value: 255.0 in Epoch [156]
2022-07-24 15:07:08,119 INFO: Epoch: 203 | PSNR: 30.1644 | Loss: 5.5642 | lr: 6.25e-06 | Best_PSNR: 30.1665 | max_value: 255.0 in Epoch [156]
2022-07-24 15:08:00,729 INFO: Epoch: 204 | PSNR: 30.1605 | Loss: 5.5644 | lr: 6.25e-06 | Best_PSNR: 30.1665 | max_value: 255.0 in Epoch [156]
2022-07-24 15:08:52,302 INFO: Epoch: 205 | PSNR: 30.1568 | Loss: 5.5598 | lr: 6.25e-06 | Best_PSNR: 30.1665 | max_value: 255.0 in Epoch [156]
2022-07-24 15:09:47,041 INFO: Epoch: 206 | PSNR: 30.1625 | Loss: 5.5481 | lr: 6.25e-06 | Best_PSNR: 30.1665 | max_value: 255.0 in Epoch [156]
2022-07-24 15:10:44,087 INFO: Epoch: 207 | PSNR: 30.1651 | Loss: 5.5321 | lr: 6.25e-06 | Best_PSNR: 30.1665 | max_value: 255.0 in Epoch [156]
2022-07-24 15:11:40,976 INFO: Epoch: 208 | PSNR: 30.1545 | Loss: 5.5317 | lr: 6.25e-06 | Best_PSNR: 30.1665 | max_value: 255.0 in Epoch [156]
2022-07-24 15:12:38,008 INFO: Epoch: 209 | PSNR: 30.1589 | Loss: 5.5912 | lr: 6.25e-06 | Best_PSNR: 30.1665 | max_value: 255.0 in Epoch [156]
2022-07-24 15:13:38,629 INFO: Epoch: 210 | PSNR: 30.1590 | Loss: 5.5242 | lr: 6.25e-06 | Best_PSNR: 30.1665 | max_value: 255.0 in Epoch [156]
2022-07-24 15:14:42,210 INFO: Epoch: 211 | PSNR: 30.1566 | Loss: 5.5368 | lr: 6.25e-06 | Best_PSNR: 30.1665 | max_value: 255.0 in Epoch [156]
2022-07-24 15:15:45,462 INFO: Epoch: 212 | PSNR: 30.1502 | Loss: 5.5517 | lr: 6.25e-06 | Best_PSNR: 30.1665 | max_value: 255.0 in Epoch [156]
2022-07-24 15:16:40,889 INFO: Epoch: 213 | PSNR: 30.1500 | Loss: 5.5643 | lr: 6.25e-06 | Best_PSNR: 30.1665 | max_value: 255.0 in Epoch [156]
2022-07-24 15:17:35,858 INFO: Epoch: 214 | PSNR: 30.1613 | Loss: 5.5142 | lr: 6.25e-06 | Best_PSNR: 30.1665 | max_value: 255.0 in Epoch [156]
2022-07-24 15:18:31,527 INFO: Epoch: 215 | PSNR: 30.1608 | Loss: 5.5890 | lr: 6.25e-06 | Best_PSNR: 30.1665 | max_value: 255.0 in Epoch [156]
2022-07-24 15:19:31,276 INFO: Epoch: 216 | PSNR: 30.1583 | Loss: 5.5089 | lr: 6.25e-06 | Best_PSNR: 30.1665 | max_value: 255.0 in Epoch [156]
2022-07-24 15:20:30,960 INFO: Epoch: 217 | PSNR: 30.1604 | Loss: 5.5862 | lr: 6.25e-06 | Best_PSNR: 30.1665 | max_value: 255.0 in Epoch [156]
2022-07-24 15:21:29,409 INFO: Epoch: 218 | PSNR: 30.1527 | Loss: 5.5619 | lr: 6.25e-06 | Best_PSNR: 30.1665 | max_value: 255.0 in Epoch [156]
2022-07-24 15:22:29,065 INFO: Epoch: 219 | PSNR: 30.1597 | Loss: 5.5633 | lr: 6.25e-06 | Best_PSNR: 30.1665 | max_value: 255.0 in Epoch [156]
2022-07-24 15:23:31,450 INFO: Epoch: 220 | PSNR: 30.1541 | Loss: 5.5713 | lr: 6.25e-06 | Best_PSNR: 30.1665 | max_value: 255.0 in Epoch [156]
