2022-07-23 22:17:41,901 INFO: Create train dataset successfully!
2022-07-23 22:17:41,901 INFO: Training: [1000] iterations for each epoch
2022-07-23 22:17:41,901 INFO: Create val dataset successfully!
2022-07-23 22:17:41,901 INFO: Validating: [100] iterations for each epoch
2022-07-23 22:17:41,901 INFO: Preparing for experiment: [trial17]
2022-07-23 22:17:42,452 INFO: Create model successfully! Params: [67.03]K
2022-07-23 22:17:42,452 INFO: Model: "model"
2022-07-23 22:17:42,452 INFO: __________________________________________________________________________________________________
2022-07-23 22:17:42,452 INFO: Layer (type)                    Output Shape         Param #     Connected to                     
2022-07-23 22:17:42,452 INFO: ==================================================================================================
2022-07-23 22:17:42,452 INFO: input_1 (InputLayer)            [(None, None, None,  0                                            
2022-07-23 22:17:42,452 INFO: __________________________________________________________________________________________________
2022-07-23 22:17:42,452 INFO: conv2d (Conv2D)                 (None, None, None, 4 1260        input_1[0][0]                    
2022-07-23 22:17:42,452 INFO: __________________________________________________________________________________________________
2022-07-23 22:17:42,452 INFO: conv2d_1 (Conv2D)               (None, None, None, 4 18270       conv2d[0][0]                     
2022-07-23 22:17:42,453 INFO: __________________________________________________________________________________________________
2022-07-23 22:17:42,453 INFO: conv2d_2 (Conv2D)               (None, None, None, 4 18270       conv2d_1[0][0]                   
2022-07-23 22:17:42,453 INFO: __________________________________________________________________________________________________
2022-07-23 22:17:42,453 INFO: conv2d_3 (Conv2D)               (None, None, None, 4 18270       conv2d_2[0][0]                   
2022-07-23 22:17:42,453 INFO: __________________________________________________________________________________________________
2022-07-23 22:17:42,453 INFO: lambda (Lambda)                 (None, None, None, 2 0           input_1[0][0]                    
2022-07-23 22:17:42,453 INFO:                                                                  input_1[0][0]                    
2022-07-23 22:17:42,453 INFO:                                                                  input_1[0][0]                    
2022-07-23 22:17:42,453 INFO:                                                                  input_1[0][0]                    
2022-07-23 22:17:42,453 INFO:                                                                  input_1[0][0]                    
2022-07-23 22:17:42,453 INFO:                                                                  input_1[0][0]                    
2022-07-23 22:17:42,453 INFO:                                                                  input_1[0][0]                    
2022-07-23 22:17:42,453 INFO:                                                                  input_1[0][0]                    
2022-07-23 22:17:42,453 INFO:                                                                  input_1[0][0]                    
2022-07-23 22:17:42,453 INFO: __________________________________________________________________________________________________
2022-07-23 22:17:42,453 INFO: conv2d_4 (Conv2D)               (None, None, None, 2 10962       conv2d_3[0][0]                   
2022-07-23 22:17:42,453 INFO: __________________________________________________________________________________________________
2022-07-23 22:17:42,453 INFO: add (Add)                       (None, None, None, 2 0           lambda[0][0]                     
2022-07-23 22:17:42,453 INFO:                                                                  conv2d_4[0][0]                   
2022-07-23 22:17:42,453 INFO: __________________________________________________________________________________________________
2022-07-23 22:17:42,453 INFO: lambda_1 (Lambda)               (None, None, None, 3 0           add[0][0]                        
2022-07-23 22:17:42,453 INFO: ==================================================================================================
2022-07-23 22:17:42,454 INFO: Total params: 67,032
2022-07-23 22:17:42,454 INFO: Trainable params: 67,032
2022-07-23 22:17:42,454 INFO: Non-trainable params: 0
2022-07-23 22:17:42,454 INFO: __________________________________________________________________________________________________
2022-07-23 22:17:42,454 INFO: Start training...
2022-07-23 22:18:24,586 INFO: Epoch: 1 | PSNR: 27.1050 | Loss: 6.2371 | lr: 1.00e-03 | Best_PSNR: 27.1050 | max_value: 255.0 in Epoch [1]
2022-07-23 22:19:01,223 INFO: Epoch: 2 | PSNR: 28.4702 | Loss: 5.9052 | lr: 1.00e-03 | Best_PSNR: 28.4702 | max_value: 255.0 in Epoch [2]
2022-07-23 22:19:33,987 INFO: Epoch: 3 | PSNR: 29.3516 | Loss: 5.7817 | lr: 1.00e-03 | Best_PSNR: 29.3516 | max_value: 255.0 in Epoch [3]
2022-07-23 22:20:08,439 INFO: Epoch: 4 | PSNR: 29.6608 | Loss: 5.7463 | lr: 1.00e-03 | Best_PSNR: 29.6608 | max_value: 255.0 in Epoch [4]
2022-07-23 22:20:41,653 INFO: Epoch: 5 | PSNR: 29.8027 | Loss: 5.6714 | lr: 1.00e-03 | Best_PSNR: 29.8027 | max_value: 255.0 in Epoch [5]
2022-07-23 22:21:16,526 INFO: Epoch: 6 | PSNR: 29.8765 | Loss: 5.6438 | lr: 1.00e-03 | Best_PSNR: 29.8765 | max_value: 255.0 in Epoch [6]
2022-07-23 22:21:50,522 INFO: Epoch: 7 | PSNR: 29.9132 | Loss: 5.7302 | lr: 1.00e-03 | Best_PSNR: 29.9132 | max_value: 255.0 in Epoch [7]
2022-07-23 22:22:24,561 INFO: Epoch: 8 | PSNR: 29.9484 | Loss: 5.6695 | lr: 1.00e-03 | Best_PSNR: 29.9484 | max_value: 255.0 in Epoch [8]
2022-07-23 22:22:58,283 INFO: Epoch: 9 | PSNR: 29.9551 | Loss: 5.6208 | lr: 1.00e-03 | Best_PSNR: 29.9551 | max_value: 255.0 in Epoch [9]
2022-07-23 22:23:31,779 INFO: Epoch: 10 | PSNR: 29.9719 | Loss: 5.6979 | lr: 1.00e-03 | Best_PSNR: 29.9719 | max_value: 255.0 in Epoch [10]
2022-07-23 22:24:05,822 INFO: Epoch: 11 | PSNR: 29.9950 | Loss: 5.6143 | lr: 1.00e-03 | Best_PSNR: 29.9950 | max_value: 255.0 in Epoch [11]
2022-07-23 22:24:39,767 INFO: Epoch: 12 | PSNR: 30.0068 | Loss: 5.5915 | lr: 1.00e-03 | Best_PSNR: 30.0068 | max_value: 255.0 in Epoch [12]
2022-07-23 22:25:13,407 INFO: Epoch: 13 | PSNR: 30.0100 | Loss: 5.6094 | lr: 1.00e-03 | Best_PSNR: 30.0100 | max_value: 255.0 in Epoch [13]
2022-07-23 22:25:47,475 INFO: Epoch: 14 | PSNR: 30.0168 | Loss: 5.5940 | lr: 1.00e-03 | Best_PSNR: 30.0168 | max_value: 255.0 in Epoch [14]
2022-07-23 22:26:21,339 INFO: Epoch: 15 | PSNR: 30.0199 | Loss: 5.6952 | lr: 1.00e-03 | Best_PSNR: 30.0199 | max_value: 255.0 in Epoch [15]
2022-07-23 22:26:54,696 INFO: Epoch: 16 | PSNR: 30.0242 | Loss: 5.6204 | lr: 1.00e-03 | Best_PSNR: 30.0242 | max_value: 255.0 in Epoch [16]
2022-07-23 22:27:28,048 INFO: Epoch: 17 | PSNR: 30.0357 | Loss: 5.6176 | lr: 1.00e-03 | Best_PSNR: 30.0357 | max_value: 255.0 in Epoch [17]
2022-07-23 22:28:00,790 INFO: Epoch: 18 | PSNR: 30.0428 | Loss: 5.6027 | lr: 1.00e-03 | Best_PSNR: 30.0428 | max_value: 255.0 in Epoch [18]
2022-07-23 22:28:34,055 INFO: Epoch: 19 | PSNR: 30.0480 | Loss: 5.5948 | lr: 1.00e-03 | Best_PSNR: 30.0480 | max_value: 255.0 in Epoch [19]
2022-07-23 22:29:06,868 INFO: Epoch: 20 | PSNR: 30.0554 | Loss: 5.5643 | lr: 1.00e-03 | Best_PSNR: 30.0554 | max_value: 255.0 in Epoch [20]
2022-07-23 22:29:39,738 INFO: Epoch: 21 | PSNR: 30.0625 | Loss: 5.5793 | lr: 1.00e-03 | Best_PSNR: 30.0625 | max_value: 255.0 in Epoch [21]
2022-07-23 22:30:12,717 INFO: Epoch: 22 | PSNR: 30.0682 | Loss: 5.5105 | lr: 1.00e-03 | Best_PSNR: 30.0682 | max_value: 255.0 in Epoch [22]
2022-07-23 22:30:46,147 INFO: Epoch: 23 | PSNR: 30.0733 | Loss: 5.5325 | lr: 1.00e-03 | Best_PSNR: 30.0733 | max_value: 255.0 in Epoch [23]
2022-07-23 22:31:19,603 INFO: Epoch: 24 | PSNR: 30.0709 | Loss: 5.5700 | lr: 1.00e-03 | Best_PSNR: 30.0733 | max_value: 255.0 in Epoch [23]
2022-07-23 22:31:52,678 INFO: Epoch: 25 | PSNR: 30.0847 | Loss: 5.5103 | lr: 1.00e-03 | Best_PSNR: 30.0847 | max_value: 255.0 in Epoch [25]
2022-07-23 22:32:25,924 INFO: Epoch: 26 | PSNR: 30.0909 | Loss: 5.5614 | lr: 1.00e-03 | Best_PSNR: 30.0909 | max_value: 255.0 in Epoch [26]
2022-07-23 22:32:58,638 INFO: Epoch: 27 | PSNR: 30.0902 | Loss: 5.5591 | lr: 1.00e-03 | Best_PSNR: 30.0909 | max_value: 255.0 in Epoch [26]
2022-07-23 22:33:32,020 INFO: Epoch: 28 | PSNR: 30.0933 | Loss: 5.5611 | lr: 1.00e-03 | Best_PSNR: 30.0933 | max_value: 255.0 in Epoch [28]
2022-07-23 22:34:05,802 INFO: Epoch: 29 | PSNR: 30.0815 | Loss: 5.5960 | lr: 1.00e-03 | Best_PSNR: 30.0933 | max_value: 255.0 in Epoch [28]
2022-07-23 22:34:39,682 INFO: Epoch: 30 | PSNR: 30.0917 | Loss: 5.5890 | lr: 1.00e-03 | Best_PSNR: 30.0933 | max_value: 255.0 in Epoch [28]
2022-07-23 22:35:13,977 INFO: Epoch: 31 | PSNR: 30.0994 | Loss: 5.5316 | lr: 1.00e-03 | Best_PSNR: 30.0994 | max_value: 255.0 in Epoch [31]
2022-07-23 22:35:47,448 INFO: Epoch: 32 | PSNR: 30.0962 | Loss: 5.5963 | lr: 1.00e-03 | Best_PSNR: 30.0994 | max_value: 255.0 in Epoch [31]
2022-07-23 22:36:21,161 INFO: Epoch: 33 | PSNR: 30.0969 | Loss: 5.4991 | lr: 1.00e-03 | Best_PSNR: 30.0994 | max_value: 255.0 in Epoch [31]
2022-07-23 22:36:55,659 INFO: Epoch: 34 | PSNR: 30.1007 | Loss: 5.5460 | lr: 1.00e-03 | Best_PSNR: 30.1007 | max_value: 255.0 in Epoch [34]
2022-07-23 22:37:29,633 INFO: Epoch: 35 | PSNR: 30.1136 | Loss: 5.5208 | lr: 1.00e-03 | Best_PSNR: 30.1136 | max_value: 255.0 in Epoch [35]
2022-07-23 22:38:02,880 INFO: Epoch: 36 | PSNR: 30.1130 | Loss: 5.5250 | lr: 1.00e-03 | Best_PSNR: 30.1136 | max_value: 255.0 in Epoch [35]
2022-07-23 22:38:35,815 INFO: Epoch: 37 | PSNR: 30.1156 | Loss: 5.5990 | lr: 1.00e-03 | Best_PSNR: 30.1156 | max_value: 255.0 in Epoch [37]
2022-07-23 22:39:09,847 INFO: Epoch: 38 | PSNR: 30.1183 | Loss: 5.5226 | lr: 1.00e-03 | Best_PSNR: 30.1183 | max_value: 255.0 in Epoch [38]
2022-07-23 22:39:42,712 INFO: Epoch: 39 | PSNR: 30.1169 | Loss: 5.6130 | lr: 1.00e-03 | Best_PSNR: 30.1183 | max_value: 255.0 in Epoch [38]
2022-07-23 22:40:16,144 INFO: Epoch: 40 | PSNR: 30.1230 | Loss: 5.5524 | lr: 1.00e-03 | Best_PSNR: 30.1230 | max_value: 255.0 in Epoch [40]
2022-07-23 22:40:49,631 INFO: Epoch: 41 | PSNR: 30.1241 | Loss: 5.5453 | lr: 1.00e-03 | Best_PSNR: 30.1241 | max_value: 255.0 in Epoch [41]
2022-07-23 22:41:23,905 INFO: Epoch: 42 | PSNR: 30.1306 | Loss: 5.5422 | lr: 1.00e-03 | Best_PSNR: 30.1306 | max_value: 255.0 in Epoch [42]
2022-07-23 22:41:58,066 INFO: Epoch: 43 | PSNR: 30.1339 | Loss: 5.5277 | lr: 1.00e-03 | Best_PSNR: 30.1339 | max_value: 255.0 in Epoch [43]
2022-07-23 22:42:31,378 INFO: Epoch: 44 | PSNR: 30.1300 | Loss: 5.5761 | lr: 1.00e-03 | Best_PSNR: 30.1339 | max_value: 255.0 in Epoch [43]
2022-07-23 22:43:04,735 INFO: Epoch: 45 | PSNR: 30.1324 | Loss: 5.4872 | lr: 1.00e-03 | Best_PSNR: 30.1339 | max_value: 255.0 in Epoch [43]
2022-07-23 22:43:38,482 INFO: Epoch: 46 | PSNR: 30.1369 | Loss: 5.5533 | lr: 1.00e-03 | Best_PSNR: 30.1369 | max_value: 255.0 in Epoch [46]
2022-07-23 22:44:12,292 INFO: Epoch: 47 | PSNR: 30.1382 | Loss: 5.5403 | lr: 1.00e-03 | Best_PSNR: 30.1382 | max_value: 255.0 in Epoch [47]
2022-07-23 22:44:45,529 INFO: Epoch: 48 | PSNR: 30.1348 | Loss: 5.5606 | lr: 1.00e-03 | Best_PSNR: 30.1382 | max_value: 255.0 in Epoch [47]
2022-07-23 22:45:19,146 INFO: Epoch: 49 | PSNR: 30.1393 | Loss: 5.5617 | lr: 1.00e-03 | Best_PSNR: 30.1393 | max_value: 255.0 in Epoch [49]
2022-07-23 22:45:52,605 INFO: Epoch: 50 | PSNR: 30.1426 | Loss: 5.4807 | lr: 1.00e-03 | Best_PSNR: 30.1426 | max_value: 255.0 in Epoch [50]
2022-07-23 22:46:26,756 INFO: Epoch: 51 | PSNR: 30.1434 | Loss: 5.5087 | lr: 1.00e-03 | Best_PSNR: 30.1434 | max_value: 255.0 in Epoch [51]
2022-07-23 22:47:02,219 INFO: Epoch: 52 | PSNR: 30.1465 | Loss: 5.5375 | lr: 1.00e-03 | Best_PSNR: 30.1465 | max_value: 255.0 in Epoch [52]
2022-07-23 22:47:37,298 INFO: Epoch: 53 | PSNR: 30.1469 | Loss: 5.5036 | lr: 1.00e-03 | Best_PSNR: 30.1469 | max_value: 255.0 in Epoch [53]
2022-07-23 22:48:12,256 INFO: Epoch: 54 | PSNR: 30.1352 | Loss: 5.5894 | lr: 1.00e-03 | Best_PSNR: 30.1469 | max_value: 255.0 in Epoch [53]
2022-07-23 22:48:47,425 INFO: Epoch: 55 | PSNR: 30.0898 | Loss: 5.5360 | lr: 1.00e-03 | Best_PSNR: 30.1469 | max_value: 255.0 in Epoch [53]
2022-07-23 22:49:22,798 INFO: Epoch: 56 | PSNR: 30.1292 | Loss: 5.5299 | lr: 1.00e-03 | Best_PSNR: 30.1469 | max_value: 255.0 in Epoch [53]
2022-07-23 22:49:58,070 INFO: Epoch: 57 | PSNR: 30.1455 | Loss: 5.5403 | lr: 1.00e-03 | Best_PSNR: 30.1469 | max_value: 255.0 in Epoch [53]
2022-07-23 22:50:33,562 INFO: Epoch: 58 | PSNR: 30.1480 | Loss: 5.4901 | lr: 1.00e-03 | Best_PSNR: 30.1480 | max_value: 255.0 in Epoch [58]
2022-07-23 22:51:09,353 INFO: Epoch: 59 | PSNR: 30.1531 | Loss: 5.5502 | lr: 1.00e-03 | Best_PSNR: 30.1531 | max_value: 255.0 in Epoch [59]
2022-07-23 22:51:44,939 INFO: Epoch: 60 | PSNR: 30.1564 | Loss: 5.5380 | lr: 1.00e-03 | Best_PSNR: 30.1564 | max_value: 255.0 in Epoch [60]
2022-07-23 22:52:20,026 INFO: Epoch: 61 | PSNR: 30.1396 | Loss: 5.5448 | lr: 1.00e-03 | Best_PSNR: 30.1564 | max_value: 255.0 in Epoch [60]
2022-07-23 22:52:54,757 INFO: Epoch: 62 | PSNR: 30.1509 | Loss: 5.5392 | lr: 1.00e-03 | Best_PSNR: 30.1564 | max_value: 255.0 in Epoch [60]
2022-07-23 22:53:29,511 INFO: Epoch: 63 | PSNR: 30.1514 | Loss: 5.5170 | lr: 1.00e-03 | Best_PSNR: 30.1564 | max_value: 255.0 in Epoch [60]
2022-07-23 22:54:04,128 INFO: Epoch: 64 | PSNR: 30.1561 | Loss: 5.5373 | lr: 1.00e-03 | Best_PSNR: 30.1564 | max_value: 255.0 in Epoch [60]
2022-07-23 22:54:43,752 INFO: Epoch: 65 | PSNR: 30.1581 | Loss: 5.4916 | lr: 1.00e-03 | Best_PSNR: 30.1581 | max_value: 255.0 in Epoch [65]
2022-07-23 22:55:26,699 INFO: Epoch: 66 | PSNR: 30.1618 | Loss: 5.5484 | lr: 1.00e-03 | Best_PSNR: 30.1618 | max_value: 255.0 in Epoch [66]
2022-07-23 22:56:16,980 INFO: Epoch: 67 | PSNR: 30.1644 | Loss: 5.5697 | lr: 1.00e-03 | Best_PSNR: 30.1644 | max_value: 255.0 in Epoch [67]
2022-07-23 22:57:08,803 INFO: Epoch: 68 | PSNR: 30.1665 | Loss: 5.5132 | lr: 1.00e-03 | Best_PSNR: 30.1665 | max_value: 255.0 in Epoch [68]
2022-07-23 22:57:55,440 INFO: Epoch: 69 | PSNR: 30.1623 | Loss: 5.5420 | lr: 1.00e-03 | Best_PSNR: 30.1665 | max_value: 255.0 in Epoch [68]
2022-07-23 22:58:43,889 INFO: Epoch: 70 | PSNR: 30.1660 | Loss: 5.5124 | lr: 1.00e-03 | Best_PSNR: 30.1665 | max_value: 255.0 in Epoch [68]
2022-07-23 22:59:32,016 INFO: Epoch: 71 | PSNR: 30.1605 | Loss: 5.5821 | lr: 1.00e-03 | Best_PSNR: 30.1665 | max_value: 255.0 in Epoch [68]
2022-07-23 23:00:18,009 INFO: Epoch: 72 | PSNR: 30.1653 | Loss: 5.4983 | lr: 1.00e-03 | Best_PSNR: 30.1665 | max_value: 255.0 in Epoch [68]
2022-07-23 23:00:56,508 INFO: Epoch: 73 | PSNR: 30.1689 | Loss: 5.5011 | lr: 1.00e-03 | Best_PSNR: 30.1689 | max_value: 255.0 in Epoch [73]
2022-07-23 23:01:32,493 INFO: Epoch: 74 | PSNR: 30.1688 | Loss: 5.5577 | lr: 1.00e-03 | Best_PSNR: 30.1689 | max_value: 255.0 in Epoch [73]
2022-07-23 23:02:09,980 INFO: Epoch: 75 | PSNR: 30.1654 | Loss: 5.5095 | lr: 1.00e-03 | Best_PSNR: 30.1689 | max_value: 255.0 in Epoch [73]
2022-07-23 23:02:53,967 INFO: Epoch: 76 | PSNR: 30.1715 | Loss: 5.5375 | lr: 1.00e-03 | Best_PSNR: 30.1715 | max_value: 255.0 in Epoch [76]
2022-07-23 23:03:31,794 INFO: Epoch: 77 | PSNR: 30.1715 | Loss: 5.5219 | lr: 1.00e-03 | Best_PSNR: 30.1715 | max_value: 255.0 in Epoch [76]
2022-07-23 23:04:10,914 INFO: Epoch: 78 | PSNR: 30.1738 | Loss: 5.5573 | lr: 1.00e-03 | Best_PSNR: 30.1738 | max_value: 255.0 in Epoch [78]
2022-07-23 23:04:54,200 INFO: Epoch: 79 | PSNR: 30.1756 | Loss: 5.4931 | lr: 1.00e-03 | Best_PSNR: 30.1756 | max_value: 255.0 in Epoch [79]
2022-07-23 23:05:31,851 INFO: Epoch: 80 | PSNR: 30.0381 | Loss: 5.5673 | lr: 1.00e-03 | Best_PSNR: 30.1756 | max_value: 255.0 in Epoch [79]
2022-07-23 23:06:10,701 INFO: Epoch: 81 | PSNR: 30.1099 | Loss: 5.5671 | lr: 1.00e-03 | Best_PSNR: 30.1756 | max_value: 255.0 in Epoch [79]
2022-07-23 23:06:49,952 INFO: Epoch: 82 | PSNR: 30.1489 | Loss: 5.5069 | lr: 1.00e-03 | Best_PSNR: 30.1756 | max_value: 255.0 in Epoch [79]
2022-07-23 23:07:29,444 INFO: Epoch: 83 | PSNR: 30.1655 | Loss: 5.4871 | lr: 1.00e-03 | Best_PSNR: 30.1756 | max_value: 255.0 in Epoch [79]
2022-07-23 23:08:14,981 INFO: Epoch: 84 | PSNR: 30.1718 | Loss: 5.5605 | lr: 1.00e-03 | Best_PSNR: 30.1756 | max_value: 255.0 in Epoch [79]
2022-07-23 23:09:00,705 INFO: Epoch: 85 | PSNR: 30.1649 | Loss: 5.5115 | lr: 1.00e-03 | Best_PSNR: 30.1756 | max_value: 255.0 in Epoch [79]
2022-07-23 23:09:44,556 INFO: Epoch: 86 | PSNR: 30.1675 | Loss: 5.5358 | lr: 1.00e-03 | Best_PSNR: 30.1756 | max_value: 255.0 in Epoch [79]
2022-07-23 23:10:32,445 INFO: Epoch: 87 | PSNR: 30.1613 | Loss: 5.4978 | lr: 1.00e-03 | Best_PSNR: 30.1756 | max_value: 255.0 in Epoch [79]
2022-07-23 23:11:14,924 INFO: Epoch: 88 | PSNR: 30.1713 | Loss: 5.5439 | lr: 1.00e-03 | Best_PSNR: 30.1756 | max_value: 255.0 in Epoch [79]
2022-07-23 23:11:52,118 INFO: Epoch: 89 | PSNR: 30.1771 | Loss: 5.5547 | lr: 1.00e-03 | Best_PSNR: 30.1771 | max_value: 255.0 in Epoch [89]
2022-07-23 23:12:30,179 INFO: Epoch: 90 | PSNR: 30.1794 | Loss: 5.5473 | lr: 1.00e-03 | Best_PSNR: 30.1794 | max_value: 255.0 in Epoch [90]
2022-07-23 23:13:06,895 INFO: Epoch: 91 | PSNR: 30.1737 | Loss: 5.5443 | lr: 1.00e-03 | Best_PSNR: 30.1794 | max_value: 255.0 in Epoch [90]
2022-07-23 23:13:43,992 INFO: Epoch: 92 | PSNR: 30.1811 | Loss: 5.5353 | lr: 1.00e-03 | Best_PSNR: 30.1811 | max_value: 255.0 in Epoch [92]
2022-07-23 23:14:23,702 INFO: Epoch: 93 | PSNR: 30.1802 | Loss: 5.5252 | lr: 1.00e-03 | Best_PSNR: 30.1811 | max_value: 255.0 in Epoch [92]
2022-07-23 23:15:03,843 INFO: Epoch: 94 | PSNR: 30.1808 | Loss: 5.5178 | lr: 1.00e-03 | Best_PSNR: 30.1811 | max_value: 255.0 in Epoch [92]
2022-07-23 23:15:44,765 INFO: Epoch: 95 | PSNR: 30.1828 | Loss: 5.5412 | lr: 1.00e-03 | Best_PSNR: 30.1828 | max_value: 255.0 in Epoch [95]
2022-07-23 23:16:23,194 INFO: Epoch: 96 | PSNR: 30.1610 | Loss: 5.5307 | lr: 1.00e-03 | Best_PSNR: 30.1828 | max_value: 255.0 in Epoch [95]
2022-07-23 23:16:59,099 INFO: Epoch: 97 | PSNR: 30.1800 | Loss: 5.5294 | lr: 1.00e-03 | Best_PSNR: 30.1828 | max_value: 255.0 in Epoch [95]
2022-07-23 23:17:35,420 INFO: Epoch: 98 | PSNR: 30.1860 | Loss: 5.4768 | lr: 1.00e-03 | Best_PSNR: 30.1860 | max_value: 255.0 in Epoch [98]
2022-07-23 23:18:12,275 INFO: Epoch: 99 | PSNR: 30.1869 | Loss: 5.4993 | lr: 1.00e-03 | Best_PSNR: 30.1869 | max_value: 255.0 in Epoch [99]
2022-07-23 23:18:49,158 INFO: Epoch: 100 | PSNR: 30.1883 | Loss: 5.5244 | lr: 1.00e-03 | Best_PSNR: 30.1883 | max_value: 255.0 in Epoch [100]
2022-07-23 23:19:25,868 INFO: Epoch: 101 | PSNR: 30.1876 | Loss: 5.5363 | lr: 1.00e-03 | Best_PSNR: 30.1883 | max_value: 255.0 in Epoch [100]
2022-07-23 23:20:02,560 INFO: Epoch: 102 | PSNR: 30.1894 | Loss: 5.4899 | lr: 1.00e-03 | Best_PSNR: 30.1894 | max_value: 255.0 in Epoch [102]
2022-07-23 23:20:42,007 INFO: Epoch: 103 | PSNR: 30.1894 | Loss: 5.5610 | lr: 1.00e-03 | Best_PSNR: 30.1894 | max_value: 255.0 in Epoch [103]
2022-07-23 23:21:19,703 INFO: Epoch: 104 | PSNR: 30.1910 | Loss: 5.5105 | lr: 1.00e-03 | Best_PSNR: 30.1910 | max_value: 255.0 in Epoch [104]
2022-07-23 23:21:58,071 INFO: Epoch: 105 | PSNR: 30.1885 | Loss: 5.5215 | lr: 1.00e-03 | Best_PSNR: 30.1910 | max_value: 255.0 in Epoch [104]
2022-07-23 23:22:36,629 INFO: Epoch: 106 | PSNR: 30.1740 | Loss: 5.5342 | lr: 1.00e-03 | Best_PSNR: 30.1910 | max_value: 255.0 in Epoch [104]
2022-07-23 23:23:17,444 INFO: Epoch: 107 | PSNR: 30.1837 | Loss: 5.5353 | lr: 1.00e-03 | Best_PSNR: 30.1910 | max_value: 255.0 in Epoch [104]
2022-07-23 23:23:58,011 INFO: Epoch: 108 | PSNR: 30.1901 | Loss: 5.5085 | lr: 1.00e-03 | Best_PSNR: 30.1910 | max_value: 255.0 in Epoch [104]
2022-07-23 23:24:38,751 INFO: Epoch: 109 | PSNR: 30.1905 | Loss: 5.5056 | lr: 1.00e-03 | Best_PSNR: 30.1910 | max_value: 255.0 in Epoch [104]
2022-07-23 23:25:18,082 INFO: Epoch: 110 | PSNR: 30.1905 | Loss: 5.4950 | lr: 1.00e-03 | Best_PSNR: 30.1910 | max_value: 255.0 in Epoch [104]
2022-07-23 23:25:59,894 INFO: Epoch: 111 | PSNR: 30.1918 | Loss: 5.4885 | lr: 1.00e-03 | Best_PSNR: 30.1918 | max_value: 255.0 in Epoch [111]
2022-07-23 23:26:38,157 INFO: Epoch: 112 | PSNR: 30.1909 | Loss: 5.5419 | lr: 1.00e-03 | Best_PSNR: 30.1918 | max_value: 255.0 in Epoch [111]
2022-07-23 23:27:17,368 INFO: Epoch: 113 | PSNR: 30.1939 | Loss: 5.4984 | lr: 1.00e-03 | Best_PSNR: 30.1939 | max_value: 255.0 in Epoch [113]
2022-07-23 23:27:55,984 INFO: Epoch: 114 | PSNR: 30.1954 | Loss: 5.5359 | lr: 1.00e-03 | Best_PSNR: 30.1954 | max_value: 255.0 in Epoch [114]
2022-07-23 23:28:36,382 INFO: Epoch: 115 | PSNR: 30.1957 | Loss: 5.4699 | lr: 1.00e-03 | Best_PSNR: 30.1957 | max_value: 255.0 in Epoch [115]
2022-07-23 23:29:26,545 INFO: Epoch: 116 | PSNR: 30.1957 | Loss: 5.4902 | lr: 1.00e-03 | Best_PSNR: 30.1957 | max_value: 255.0 in Epoch [115]
2022-07-23 23:30:04,697 INFO: Epoch: 117 | PSNR: 30.1938 | Loss: 5.4851 | lr: 1.00e-03 | Best_PSNR: 30.1957 | max_value: 255.0 in Epoch [115]
2022-07-23 23:30:42,933 INFO: Epoch: 118 | PSNR: 30.1942 | Loss: 5.4979 | lr: 1.00e-03 | Best_PSNR: 30.1957 | max_value: 255.0 in Epoch [115]
2022-07-23 23:31:25,311 INFO: Epoch: 119 | PSNR: 30.1915 | Loss: 5.4915 | lr: 1.00e-03 | Best_PSNR: 30.1957 | max_value: 255.0 in Epoch [115]
2022-07-23 23:32:05,496 INFO: Epoch: 120 | PSNR: 30.1876 | Loss: 5.5149 | lr: 1.00e-03 | Best_PSNR: 30.1957 | max_value: 255.0 in Epoch [115]
2022-07-23 23:32:45,415 INFO: Epoch: 121 | PSNR: 30.2007 | Loss: 5.5103 | lr: 5.00e-04 | Best_PSNR: 30.2007 | max_value: 255.0 in Epoch [121]
2022-07-23 23:33:23,453 INFO: Epoch: 122 | PSNR: 30.2058 | Loss: 5.4670 | lr: 5.00e-04 | Best_PSNR: 30.2058 | max_value: 255.0 in Epoch [122]
2022-07-23 23:34:01,717 INFO: Epoch: 123 | PSNR: 30.2092 | Loss: 5.4354 | lr: 5.00e-04 | Best_PSNR: 30.2092 | max_value: 255.0 in Epoch [123]
2022-07-23 23:34:53,522 INFO: Epoch: 124 | PSNR: 30.2106 | Loss: 5.4811 | lr: 5.00e-04 | Best_PSNR: 30.2106 | max_value: 255.0 in Epoch [124]
2022-07-23 23:35:33,197 INFO: Epoch: 125 | PSNR: 30.2117 | Loss: 5.4634 | lr: 5.00e-04 | Best_PSNR: 30.2117 | max_value: 255.0 in Epoch [125]
2022-07-23 23:36:12,642 INFO: Epoch: 126 | PSNR: 30.2117 | Loss: 5.4995 | lr: 5.00e-04 | Best_PSNR: 30.2117 | max_value: 255.0 in Epoch [125]
2022-07-23 23:36:52,015 INFO: Epoch: 127 | PSNR: 30.2125 | Loss: 5.4732 | lr: 5.00e-04 | Best_PSNR: 30.2125 | max_value: 255.0 in Epoch [127]
2022-07-23 23:37:32,199 INFO: Epoch: 128 | PSNR: 30.2129 | Loss: 5.4620 | lr: 5.00e-04 | Best_PSNR: 30.2129 | max_value: 255.0 in Epoch [128]
2022-07-23 23:38:10,781 INFO: Epoch: 129 | PSNR: 30.2144 | Loss: 5.4869 | lr: 5.00e-04 | Best_PSNR: 30.2144 | max_value: 255.0 in Epoch [129]
2022-07-23 23:38:49,125 INFO: Epoch: 130 | PSNR: 30.2149 | Loss: 5.4278 | lr: 5.00e-04 | Best_PSNR: 30.2149 | max_value: 255.0 in Epoch [130]
2022-07-23 23:39:27,840 INFO: Epoch: 131 | PSNR: 30.2141 | Loss: 5.4596 | lr: 5.00e-04 | Best_PSNR: 30.2149 | max_value: 255.0 in Epoch [130]
2022-07-23 23:40:09,059 INFO: Epoch: 132 | PSNR: 30.2152 | Loss: 5.4469 | lr: 5.00e-04 | Best_PSNR: 30.2152 | max_value: 255.0 in Epoch [132]
2022-07-23 23:40:52,957 INFO: Epoch: 133 | PSNR: 30.2162 | Loss: 5.4609 | lr: 5.00e-04 | Best_PSNR: 30.2162 | max_value: 255.0 in Epoch [133]
2022-07-23 23:41:32,528 INFO: Epoch: 134 | PSNR: 30.2163 | Loss: 5.4705 | lr: 5.00e-04 | Best_PSNR: 30.2163 | max_value: 255.0 in Epoch [134]
2022-07-23 23:42:12,786 INFO: Epoch: 135 | PSNR: 30.2162 | Loss: 5.4558 | lr: 5.00e-04 | Best_PSNR: 30.2163 | max_value: 255.0 in Epoch [134]
2022-07-23 23:42:52,236 INFO: Epoch: 136 | PSNR: 30.2157 | Loss: 5.4858 | lr: 5.00e-04 | Best_PSNR: 30.2163 | max_value: 255.0 in Epoch [134]
2022-07-23 23:43:32,901 INFO: Epoch: 137 | PSNR: 30.2170 | Loss: 5.4291 | lr: 5.00e-04 | Best_PSNR: 30.2170 | max_value: 255.0 in Epoch [137]
2022-07-23 23:44:15,822 INFO: Epoch: 138 | PSNR: 30.2170 | Loss: 5.5074 | lr: 5.00e-04 | Best_PSNR: 30.2170 | max_value: 255.0 in Epoch [138]
2022-07-23 23:44:58,991 INFO: Epoch: 139 | PSNR: 30.2187 | Loss: 5.4610 | lr: 5.00e-04 | Best_PSNR: 30.2187 | max_value: 255.0 in Epoch [139]
2022-07-23 23:45:43,744 INFO: Epoch: 140 | PSNR: 30.2192 | Loss: 5.4798 | lr: 5.00e-04 | Best_PSNR: 30.2192 | max_value: 255.0 in Epoch [140]
2022-07-23 23:46:29,955 INFO: Epoch: 141 | PSNR: 30.2189 | Loss: 5.4401 | lr: 5.00e-04 | Best_PSNR: 30.2192 | max_value: 255.0 in Epoch [140]
2022-07-23 23:47:15,335 INFO: Epoch: 142 | PSNR: 30.2189 | Loss: 5.4317 | lr: 5.00e-04 | Best_PSNR: 30.2192 | max_value: 255.0 in Epoch [140]
2022-07-23 23:47:54,923 INFO: Epoch: 143 | PSNR: 30.2192 | Loss: 5.5083 | lr: 5.00e-04 | Best_PSNR: 30.2192 | max_value: 255.0 in Epoch [140]
2022-07-23 23:48:36,074 INFO: Epoch: 144 | PSNR: 30.2200 | Loss: 5.4458 | lr: 5.00e-04 | Best_PSNR: 30.2200 | max_value: 255.0 in Epoch [144]
2022-07-23 23:49:19,384 INFO: Epoch: 145 | PSNR: 30.2204 | Loss: 5.4486 | lr: 5.00e-04 | Best_PSNR: 30.2204 | max_value: 255.0 in Epoch [145]
2022-07-23 23:50:01,011 INFO: Epoch: 146 | PSNR: 30.2203 | Loss: 5.4702 | lr: 5.00e-04 | Best_PSNR: 30.2204 | max_value: 255.0 in Epoch [145]
2022-07-23 23:50:45,671 INFO: Epoch: 147 | PSNR: 30.2197 | Loss: 5.4365 | lr: 5.00e-04 | Best_PSNR: 30.2204 | max_value: 255.0 in Epoch [145]
2022-07-23 23:51:31,035 INFO: Epoch: 148 | PSNR: 30.2204 | Loss: 5.4685 | lr: 5.00e-04 | Best_PSNR: 30.2204 | max_value: 255.0 in Epoch [145]
2022-07-23 23:52:20,606 INFO: Epoch: 149 | PSNR: 30.2213 | Loss: 5.4677 | lr: 5.00e-04 | Best_PSNR: 30.2213 | max_value: 255.0 in Epoch [149]
2022-07-23 23:53:11,549 INFO: Epoch: 150 | PSNR: 30.2216 | Loss: 5.4404 | lr: 5.00e-04 | Best_PSNR: 30.2216 | max_value: 255.0 in Epoch [150]
2022-07-23 23:53:53,421 INFO: Epoch: 151 | PSNR: 30.2216 | Loss: 5.4299 | lr: 5.00e-04 | Best_PSNR: 30.2216 | max_value: 255.0 in Epoch [150]
2022-07-23 23:54:33,374 INFO: Epoch: 152 | PSNR: 30.2212 | Loss: 5.4975 | lr: 5.00e-04 | Best_PSNR: 30.2216 | max_value: 255.0 in Epoch [150]
2022-07-23 23:55:14,392 INFO: Epoch: 153 | PSNR: 30.2220 | Loss: 5.4639 | lr: 5.00e-04 | Best_PSNR: 30.2220 | max_value: 255.0 in Epoch [153]
2022-07-23 23:55:53,445 INFO: Epoch: 154 | PSNR: 30.2223 | Loss: 5.4821 | lr: 5.00e-04 | Best_PSNR: 30.2223 | max_value: 255.0 in Epoch [154]
2022-07-23 23:56:35,769 INFO: Epoch: 155 | PSNR: 30.2228 | Loss: 5.4699 | lr: 5.00e-04 | Best_PSNR: 30.2228 | max_value: 255.0 in Epoch [155]
2022-07-23 23:57:16,295 INFO: Epoch: 156 | PSNR: 30.2224 | Loss: 5.4758 | lr: 5.00e-04 | Best_PSNR: 30.2228 | max_value: 255.0 in Epoch [155]
2022-07-23 23:57:57,567 INFO: Epoch: 157 | PSNR: 30.2236 | Loss: 5.4565 | lr: 5.00e-04 | Best_PSNR: 30.2236 | max_value: 255.0 in Epoch [157]
2022-07-23 23:58:38,727 INFO: Epoch: 158 | PSNR: 30.2241 | Loss: 5.4886 | lr: 5.00e-04 | Best_PSNR: 30.2241 | max_value: 255.0 in Epoch [158]
2022-07-23 23:59:24,016 INFO: Epoch: 159 | PSNR: 30.2244 | Loss: 5.4628 | lr: 5.00e-04 | Best_PSNR: 30.2244 | max_value: 255.0 in Epoch [159]
2022-07-24 00:00:13,654 INFO: Epoch: 160 | PSNR: 30.2240 | Loss: 5.4972 | lr: 5.00e-04 | Best_PSNR: 30.2244 | max_value: 255.0 in Epoch [159]
2022-07-24 00:00:52,627 INFO: Epoch: 161 | PSNR: 30.2245 | Loss: 5.5174 | lr: 5.00e-04 | Best_PSNR: 30.2245 | max_value: 255.0 in Epoch [161]
2022-07-24 00:01:35,489 INFO: Epoch: 162 | PSNR: 30.2234 | Loss: 5.4587 | lr: 5.00e-04 | Best_PSNR: 30.2245 | max_value: 255.0 in Epoch [161]
2022-07-24 00:02:19,833 INFO: Epoch: 163 | PSNR: 30.2243 | Loss: 5.4410 | lr: 5.00e-04 | Best_PSNR: 30.2245 | max_value: 255.0 in Epoch [161]
2022-07-24 00:03:00,949 INFO: Epoch: 164 | PSNR: 30.2243 | Loss: 5.4123 | lr: 5.00e-04 | Best_PSNR: 30.2245 | max_value: 255.0 in Epoch [161]
2022-07-24 00:03:51,308 INFO: Epoch: 165 | PSNR: 30.2246 | Loss: 5.4509 | lr: 5.00e-04 | Best_PSNR: 30.2246 | max_value: 255.0 in Epoch [165]
2022-07-24 00:04:30,852 INFO: Epoch: 166 | PSNR: 30.2256 | Loss: 5.4315 | lr: 5.00e-04 | Best_PSNR: 30.2256 | max_value: 255.0 in Epoch [166]
2022-07-24 00:05:21,901 INFO: Epoch: 167 | PSNR: 30.2251 | Loss: 5.4842 | lr: 5.00e-04 | Best_PSNR: 30.2256 | max_value: 255.0 in Epoch [166]
2022-07-24 00:06:03,699 INFO: Epoch: 168 | PSNR: 30.2261 | Loss: 5.4597 | lr: 5.00e-04 | Best_PSNR: 30.2261 | max_value: 255.0 in Epoch [168]
2022-07-24 00:06:44,646 INFO: Epoch: 169 | PSNR: 30.2260 | Loss: 5.4520 | lr: 5.00e-04 | Best_PSNR: 30.2261 | max_value: 255.0 in Epoch [168]
2022-07-24 00:07:23,381 INFO: Epoch: 170 | PSNR: 30.2256 | Loss: 5.4121 | lr: 5.00e-04 | Best_PSNR: 30.2261 | max_value: 255.0 in Epoch [168]
2022-07-24 00:08:08,370 INFO: Epoch: 171 | PSNR: 30.2255 | Loss: 5.4779 | lr: 5.00e-04 | Best_PSNR: 30.2261 | max_value: 255.0 in Epoch [168]
2022-07-24 00:09:04,497 INFO: Epoch: 172 | PSNR: 30.2256 | Loss: 5.4891 | lr: 5.00e-04 | Best_PSNR: 30.2261 | max_value: 255.0 in Epoch [168]
2022-07-24 00:10:04,477 INFO: Epoch: 173 | PSNR: 30.2262 | Loss: 5.4431 | lr: 5.00e-04 | Best_PSNR: 30.2262 | max_value: 255.0 in Epoch [173]
2022-07-24 00:11:07,844 INFO: Epoch: 174 | PSNR: 30.2272 | Loss: 5.4379 | lr: 5.00e-04 | Best_PSNR: 30.2272 | max_value: 255.0 in Epoch [174]
2022-07-24 00:11:58,295 INFO: Epoch: 175 | PSNR: 30.2274 | Loss: 5.4618 | lr: 5.00e-04 | Best_PSNR: 30.2274 | max_value: 255.0 in Epoch [175]
2022-07-24 00:12:44,635 INFO: Epoch: 176 | PSNR: 30.2277 | Loss: 5.4946 | lr: 5.00e-04 | Best_PSNR: 30.2277 | max_value: 255.0 in Epoch [176]
2022-07-24 00:13:26,415 INFO: Epoch: 177 | PSNR: 30.2272 | Loss: 5.4411 | lr: 5.00e-04 | Best_PSNR: 30.2277 | max_value: 255.0 in Epoch [176]
2022-07-24 00:14:22,427 INFO: Epoch: 178 | PSNR: 30.2267 | Loss: 5.4820 | lr: 5.00e-04 | Best_PSNR: 30.2277 | max_value: 255.0 in Epoch [176]
2022-07-24 00:15:12,707 INFO: Epoch: 179 | PSNR: 30.2267 | Loss: 5.4488 | lr: 5.00e-04 | Best_PSNR: 30.2277 | max_value: 255.0 in Epoch [176]
2022-07-24 00:16:10,098 INFO: Epoch: 180 | PSNR: 30.2269 | Loss: 5.5313 | lr: 5.00e-04 | Best_PSNR: 30.2277 | max_value: 255.0 in Epoch [176]
2022-07-24 00:16:51,597 INFO: Epoch: 181 | PSNR: 30.2274 | Loss: 5.4705 | lr: 5.00e-04 | Best_PSNR: 30.2277 | max_value: 255.0 in Epoch [176]
2022-07-24 00:17:36,978 INFO: Epoch: 182 | PSNR: 30.2279 | Loss: 5.4668 | lr: 5.00e-04 | Best_PSNR: 30.2279 | max_value: 255.0 in Epoch [182]
2022-07-24 00:18:46,139 INFO: Epoch: 183 | PSNR: 30.2275 | Loss: 5.4786 | lr: 5.00e-04 | Best_PSNR: 30.2279 | max_value: 255.0 in Epoch [182]
2022-07-24 00:19:34,893 INFO: Epoch: 184 | PSNR: 30.2284 | Loss: 5.4492 | lr: 5.00e-04 | Best_PSNR: 30.2284 | max_value: 255.0 in Epoch [184]
2022-07-24 00:20:16,947 INFO: Epoch: 185 | PSNR: 30.2281 | Loss: 5.4553 | lr: 5.00e-04 | Best_PSNR: 30.2284 | max_value: 255.0 in Epoch [184]
2022-07-24 00:20:59,154 INFO: Epoch: 186 | PSNR: 30.2280 | Loss: 5.4595 | lr: 5.00e-04 | Best_PSNR: 30.2284 | max_value: 255.0 in Epoch [184]
2022-07-24 00:21:40,527 INFO: Epoch: 187 | PSNR: 30.2283 | Loss: 5.4218 | lr: 5.00e-04 | Best_PSNR: 30.2284 | max_value: 255.0 in Epoch [184]
2022-07-24 00:22:21,840 INFO: Epoch: 188 | PSNR: 30.2283 | Loss: 5.4341 | lr: 5.00e-04 | Best_PSNR: 30.2284 | max_value: 255.0 in Epoch [184]
2022-07-24 00:23:02,597 INFO: Epoch: 189 | PSNR: 30.2286 | Loss: 5.5038 | lr: 5.00e-04 | Best_PSNR: 30.2286 | max_value: 255.0 in Epoch [189]
2022-07-24 00:23:49,072 INFO: Epoch: 190 | PSNR: 30.2289 | Loss: 5.4482 | lr: 5.00e-04 | Best_PSNR: 30.2289 | max_value: 255.0 in Epoch [190]
2022-07-24 00:24:30,575 INFO: Epoch: 191 | PSNR: 30.2284 | Loss: 5.4873 | lr: 5.00e-04 | Best_PSNR: 30.2289 | max_value: 255.0 in Epoch [190]
2022-07-24 00:25:22,059 INFO: Epoch: 192 | PSNR: 30.2283 | Loss: 5.4686 | lr: 5.00e-04 | Best_PSNR: 30.2289 | max_value: 255.0 in Epoch [190]
2022-07-24 00:26:03,277 INFO: Epoch: 193 | PSNR: 30.2289 | Loss: 5.5266 | lr: 5.00e-04 | Best_PSNR: 30.2289 | max_value: 255.0 in Epoch [190]
2022-07-24 00:26:44,894 INFO: Epoch: 194 | PSNR: 30.2306 | Loss: 5.4683 | lr: 5.00e-04 | Best_PSNR: 30.2306 | max_value: 255.0 in Epoch [194]
2022-07-24 00:27:25,988 INFO: Epoch: 195 | PSNR: 30.2305 | Loss: 5.5035 | lr: 5.00e-04 | Best_PSNR: 30.2306 | max_value: 255.0 in Epoch [194]
2022-07-24 00:28:06,606 INFO: Epoch: 196 | PSNR: 30.2303 | Loss: 5.4611 | lr: 5.00e-04 | Best_PSNR: 30.2306 | max_value: 255.0 in Epoch [194]
2022-07-24 00:28:46,445 INFO: Epoch: 197 | PSNR: 30.2307 | Loss: 5.4401 | lr: 5.00e-04 | Best_PSNR: 30.2307 | max_value: 255.0 in Epoch [197]
2022-07-24 00:29:29,281 INFO: Epoch: 198 | PSNR: 30.2307 | Loss: 5.4732 | lr: 5.00e-04 | Best_PSNR: 30.2307 | max_value: 255.0 in Epoch [198]
2022-07-24 00:30:11,456 INFO: Epoch: 199 | PSNR: 30.2308 | Loss: 5.4473 | lr: 5.00e-04 | Best_PSNR: 30.2308 | max_value: 255.0 in Epoch [199]
2022-07-24 00:30:53,811 INFO: Epoch: 200 | PSNR: 30.2314 | Loss: 5.4971 | lr: 5.00e-04 | Best_PSNR: 30.2314 | max_value: 255.0 in Epoch [200]
2022-07-24 00:31:35,728 INFO: Epoch: 201 | PSNR: 30.2317 | Loss: 5.4741 | lr: 5.00e-04 | Best_PSNR: 30.2317 | max_value: 255.0 in Epoch [201]
2022-07-24 00:32:16,408 INFO: Epoch: 202 | PSNR: 30.2319 | Loss: 5.4282 | lr: 5.00e-04 | Best_PSNR: 30.2319 | max_value: 255.0 in Epoch [202]
2022-07-24 00:33:07,104 INFO: Epoch: 203 | PSNR: 30.2318 | Loss: 5.4624 | lr: 5.00e-04 | Best_PSNR: 30.2319 | max_value: 255.0 in Epoch [202]
2022-07-24 00:33:46,605 INFO: Epoch: 204 | PSNR: 30.2317 | Loss: 5.4663 | lr: 5.00e-04 | Best_PSNR: 30.2319 | max_value: 255.0 in Epoch [202]
2022-07-24 00:34:26,329 INFO: Epoch: 205 | PSNR: 30.2315 | Loss: 5.4429 | lr: 5.00e-04 | Best_PSNR: 30.2319 | max_value: 255.0 in Epoch [202]
2022-07-24 00:35:06,556 INFO: Epoch: 206 | PSNR: 30.2316 | Loss: 5.4581 | lr: 5.00e-04 | Best_PSNR: 30.2319 | max_value: 255.0 in Epoch [202]
2022-07-24 00:35:44,588 INFO: Epoch: 207 | PSNR: 30.2309 | Loss: 5.4551 | lr: 5.00e-04 | Best_PSNR: 30.2319 | max_value: 255.0 in Epoch [202]
2022-07-24 00:36:22,208 INFO: Epoch: 208 | PSNR: 30.2312 | Loss: 5.4408 | lr: 5.00e-04 | Best_PSNR: 30.2319 | max_value: 255.0 in Epoch [202]
2022-07-24 00:37:01,333 INFO: Epoch: 209 | PSNR: 30.2312 | Loss: 5.4636 | lr: 5.00e-04 | Best_PSNR: 30.2319 | max_value: 255.0 in Epoch [202]
2022-07-24 00:37:41,792 INFO: Epoch: 210 | PSNR: 30.2320 | Loss: 5.4826 | lr: 5.00e-04 | Best_PSNR: 30.2320 | max_value: 255.0 in Epoch [210]
2022-07-24 00:38:24,078 INFO: Epoch: 211 | PSNR: 30.2317 | Loss: 5.5150 | lr: 5.00e-04 | Best_PSNR: 30.2320 | max_value: 255.0 in Epoch [210]
2022-07-24 00:39:01,672 INFO: Epoch: 212 | PSNR: 30.2305 | Loss: 5.4580 | lr: 5.00e-04 | Best_PSNR: 30.2320 | max_value: 255.0 in Epoch [210]
2022-07-24 00:39:38,929 INFO: Epoch: 213 | PSNR: 30.2313 | Loss: 5.4229 | lr: 5.00e-04 | Best_PSNR: 30.2320 | max_value: 255.0 in Epoch [210]
2022-07-24 00:40:16,607 INFO: Epoch: 214 | PSNR: 30.2320 | Loss: 5.4894 | lr: 5.00e-04 | Best_PSNR: 30.2320 | max_value: 255.0 in Epoch [214]
2022-07-24 00:40:55,395 INFO: Epoch: 215 | PSNR: 30.2333 | Loss: 5.4629 | lr: 5.00e-04 | Best_PSNR: 30.2333 | max_value: 255.0 in Epoch [215]
2022-07-24 00:41:33,503 INFO: Epoch: 216 | PSNR: 30.2329 | Loss: 5.4338 | lr: 5.00e-04 | Best_PSNR: 30.2333 | max_value: 255.0 in Epoch [215]
2022-07-24 00:42:10,630 INFO: Epoch: 217 | PSNR: 30.2320 | Loss: 5.4266 | lr: 5.00e-04 | Best_PSNR: 30.2333 | max_value: 255.0 in Epoch [215]
2022-07-24 00:42:50,164 INFO: Epoch: 218 | PSNR: 30.2334 | Loss: 5.4704 | lr: 5.00e-04 | Best_PSNR: 30.2334 | max_value: 255.0 in Epoch [218]
2022-07-24 00:43:32,579 INFO: Epoch: 219 | PSNR: 30.2334 | Loss: 5.4656 | lr: 5.00e-04 | Best_PSNR: 30.2334 | max_value: 255.0 in Epoch [219]
2022-07-24 00:44:14,083 INFO: Epoch: 220 | PSNR: 30.2335 | Loss: 5.4580 | lr: 5.00e-04 | Best_PSNR: 30.2335 | max_value: 255.0 in Epoch [220]
2022-07-24 00:44:54,828 INFO: Epoch: 221 | PSNR: 30.2336 | Loss: 5.4592 | lr: 5.00e-04 | Best_PSNR: 30.2336 | max_value: 255.0 in Epoch [221]
2022-07-24 00:45:34,324 INFO: Epoch: 222 | PSNR: 30.2334 | Loss: 5.4140 | lr: 5.00e-04 | Best_PSNR: 30.2336 | max_value: 255.0 in Epoch [221]
2022-07-24 00:46:17,131 INFO: Epoch: 223 | PSNR: 30.2336 | Loss: 5.4766 | lr: 5.00e-04 | Best_PSNR: 30.2336 | max_value: 255.0 in Epoch [221]
2022-07-24 00:47:04,506 INFO: Epoch: 224 | PSNR: 30.2343 | Loss: 5.4433 | lr: 5.00e-04 | Best_PSNR: 30.2343 | max_value: 255.0 in Epoch [224]
2022-07-24 00:47:49,475 INFO: Epoch: 225 | PSNR: 30.2342 | Loss: 5.4218 | lr: 5.00e-04 | Best_PSNR: 30.2343 | max_value: 255.0 in Epoch [224]
2022-07-24 00:48:32,609 INFO: Epoch: 226 | PSNR: 30.2346 | Loss: 5.4663 | lr: 5.00e-04 | Best_PSNR: 30.2346 | max_value: 255.0 in Epoch [226]
2022-07-24 00:49:14,830 INFO: Epoch: 227 | PSNR: 30.2347 | Loss: 5.4658 | lr: 5.00e-04 | Best_PSNR: 30.2347 | max_value: 255.0 in Epoch [227]
2022-07-24 00:49:58,015 INFO: Epoch: 228 | PSNR: 30.2348 | Loss: 5.4559 | lr: 5.00e-04 | Best_PSNR: 30.2348 | max_value: 255.0 in Epoch [228]
2022-07-24 00:50:39,419 INFO: Epoch: 229 | PSNR: 30.2347 | Loss: 5.4668 | lr: 5.00e-04 | Best_PSNR: 30.2348 | max_value: 255.0 in Epoch [228]
2022-07-24 00:51:22,153 INFO: Epoch: 230 | PSNR: 30.2341 | Loss: 5.4973 | lr: 5.00e-04 | Best_PSNR: 30.2348 | max_value: 255.0 in Epoch [228]
2022-07-24 00:52:09,731 INFO: Epoch: 231 | PSNR: 30.2339 | Loss: 5.4735 | lr: 5.00e-04 | Best_PSNR: 30.2348 | max_value: 255.0 in Epoch [228]
2022-07-24 00:52:54,258 INFO: Epoch: 232 | PSNR: 30.2355 | Loss: 5.5120 | lr: 5.00e-04 | Best_PSNR: 30.2355 | max_value: 255.0 in Epoch [232]
2022-07-24 00:53:37,747 INFO: Epoch: 233 | PSNR: 30.2351 | Loss: 5.4343 | lr: 5.00e-04 | Best_PSNR: 30.2355 | max_value: 255.0 in Epoch [232]
2022-07-24 00:54:19,351 INFO: Epoch: 234 | PSNR: 30.2355 | Loss: 5.4594 | lr: 5.00e-04 | Best_PSNR: 30.2355 | max_value: 255.0 in Epoch [234]
2022-07-24 00:55:04,043 INFO: Epoch: 235 | PSNR: 30.2355 | Loss: 5.4112 | lr: 5.00e-04 | Best_PSNR: 30.2355 | max_value: 255.0 in Epoch [234]
2022-07-24 00:55:56,578 INFO: Epoch: 236 | PSNR: 30.2351 | Loss: 5.5105 | lr: 5.00e-04 | Best_PSNR: 30.2355 | max_value: 255.0 in Epoch [234]
2022-07-24 00:56:42,068 INFO: Epoch: 237 | PSNR: 30.2353 | Loss: 5.4369 | lr: 5.00e-04 | Best_PSNR: 30.2355 | max_value: 255.0 in Epoch [234]
2022-07-24 00:57:29,324 INFO: Epoch: 238 | PSNR: 30.2349 | Loss: 5.4653 | lr: 5.00e-04 | Best_PSNR: 30.2355 | max_value: 255.0 in Epoch [234]
2022-07-24 00:58:14,869 INFO: Epoch: 239 | PSNR: 30.2347 | Loss: 5.4631 | lr: 5.00e-04 | Best_PSNR: 30.2355 | max_value: 255.0 in Epoch [234]
2022-07-24 00:59:07,806 INFO: Epoch: 240 | PSNR: 30.2348 | Loss: 5.4458 | lr: 5.00e-04 | Best_PSNR: 30.2355 | max_value: 255.0 in Epoch [234]
2022-07-24 00:59:55,311 INFO: Epoch: 241 | PSNR: 30.2378 | Loss: 5.4949 | lr: 2.50e-04 | Best_PSNR: 30.2378 | max_value: 255.0 in Epoch [241]
2022-07-24 01:00:44,210 INFO: Epoch: 242 | PSNR: 30.2390 | Loss: 5.4517 | lr: 2.50e-04 | Best_PSNR: 30.2390 | max_value: 255.0 in Epoch [242]
2022-07-24 01:01:29,186 INFO: Epoch: 243 | PSNR: 30.2402 | Loss: 5.4402 | lr: 2.50e-04 | Best_PSNR: 30.2402 | max_value: 255.0 in Epoch [243]
2022-07-24 01:02:15,947 INFO: Epoch: 244 | PSNR: 30.2411 | Loss: 5.4332 | lr: 2.50e-04 | Best_PSNR: 30.2411 | max_value: 255.0 in Epoch [244]
2022-07-24 01:03:05,407 INFO: Epoch: 245 | PSNR: 30.2410 | Loss: 5.4299 | lr: 2.50e-04 | Best_PSNR: 30.2411 | max_value: 255.0 in Epoch [244]
2022-07-24 01:03:52,926 INFO: Epoch: 246 | PSNR: 30.2406 | Loss: 5.4745 | lr: 2.50e-04 | Best_PSNR: 30.2411 | max_value: 255.0 in Epoch [244]
2022-07-24 01:04:39,628 INFO: Epoch: 247 | PSNR: 30.2412 | Loss: 5.4387 | lr: 2.50e-04 | Best_PSNR: 30.2412 | max_value: 255.0 in Epoch [247]
2022-07-24 01:05:24,968 INFO: Epoch: 248 | PSNR: 30.2416 | Loss: 5.4086 | lr: 2.50e-04 | Best_PSNR: 30.2416 | max_value: 255.0 in Epoch [248]
2022-07-24 01:06:13,109 INFO: Epoch: 249 | PSNR: 30.2420 | Loss: 5.4536 | lr: 2.50e-04 | Best_PSNR: 30.2420 | max_value: 255.0 in Epoch [249]
2022-07-24 01:06:56,378 INFO: Epoch: 250 | PSNR: 30.2419 | Loss: 5.4326 | lr: 2.50e-04 | Best_PSNR: 30.2420 | max_value: 255.0 in Epoch [249]
2022-07-24 01:07:43,812 INFO: Epoch: 251 | PSNR: 30.2418 | Loss: 5.4810 | lr: 2.50e-04 | Best_PSNR: 30.2420 | max_value: 255.0 in Epoch [249]
2022-07-24 01:08:31,720 INFO: Epoch: 252 | PSNR: 30.2417 | Loss: 5.4303 | lr: 2.50e-04 | Best_PSNR: 30.2420 | max_value: 255.0 in Epoch [249]
2022-07-24 01:09:19,200 INFO: Epoch: 253 | PSNR: 30.2416 | Loss: 5.4211 | lr: 2.50e-04 | Best_PSNR: 30.2420 | max_value: 255.0 in Epoch [249]
2022-07-24 01:10:04,555 INFO: Epoch: 254 | PSNR: 30.2423 | Loss: 5.4811 | lr: 2.50e-04 | Best_PSNR: 30.2423 | max_value: 255.0 in Epoch [254]
2022-07-24 01:10:49,575 INFO: Epoch: 255 | PSNR: 30.2426 | Loss: 5.4690 | lr: 2.50e-04 | Best_PSNR: 30.2426 | max_value: 255.0 in Epoch [255]
2022-07-24 01:11:36,113 INFO: Epoch: 256 | PSNR: 30.2423 | Loss: 5.4391 | lr: 2.50e-04 | Best_PSNR: 30.2426 | max_value: 255.0 in Epoch [255]
2022-07-24 01:12:21,413 INFO: Epoch: 257 | PSNR: 30.2425 | Loss: 5.4335 | lr: 2.50e-04 | Best_PSNR: 30.2426 | max_value: 255.0 in Epoch [255]
2022-07-24 01:13:06,811 INFO: Epoch: 258 | PSNR: 30.2429 | Loss: 5.4479 | lr: 2.50e-04 | Best_PSNR: 30.2429 | max_value: 255.0 in Epoch [258]
2022-07-24 01:13:50,528 INFO: Epoch: 259 | PSNR: 30.2428 | Loss: 5.4103 | lr: 2.50e-04 | Best_PSNR: 30.2429 | max_value: 255.0 in Epoch [258]
2022-07-24 01:14:34,717 INFO: Epoch: 260 | PSNR: 30.2423 | Loss: 5.3882 | lr: 2.50e-04 | Best_PSNR: 30.2429 | max_value: 255.0 in Epoch [258]
2022-07-24 01:15:20,588 INFO: Epoch: 261 | PSNR: 30.2427 | Loss: 5.4724 | lr: 2.50e-04 | Best_PSNR: 30.2429 | max_value: 255.0 in Epoch [258]
2022-07-24 01:16:05,793 INFO: Epoch: 262 | PSNR: 30.2430 | Loss: 5.4562 | lr: 2.50e-04 | Best_PSNR: 30.2430 | max_value: 255.0 in Epoch [262]
2022-07-24 01:16:51,061 INFO: Epoch: 263 | PSNR: 30.2431 | Loss: 5.4361 | lr: 2.50e-04 | Best_PSNR: 30.2431 | max_value: 255.0 in Epoch [263]
2022-07-24 01:17:36,767 INFO: Epoch: 264 | PSNR: 30.2432 | Loss: 5.4805 | lr: 2.50e-04 | Best_PSNR: 30.2432 | max_value: 255.0 in Epoch [264]
2022-07-24 01:18:22,759 INFO: Epoch: 265 | PSNR: 30.2436 | Loss: 5.4601 | lr: 2.50e-04 | Best_PSNR: 30.2436 | max_value: 255.0 in Epoch [265]
2022-07-24 01:19:08,204 INFO: Epoch: 266 | PSNR: 30.2435 | Loss: 5.4698 | lr: 2.50e-04 | Best_PSNR: 30.2436 | max_value: 255.0 in Epoch [265]
2022-07-24 01:19:55,357 INFO: Epoch: 267 | PSNR: 30.2439 | Loss: 5.4847 | lr: 2.50e-04 | Best_PSNR: 30.2439 | max_value: 255.0 in Epoch [267]
2022-07-24 01:20:41,253 INFO: Epoch: 268 | PSNR: 30.2440 | Loss: 5.4495 | lr: 2.50e-04 | Best_PSNR: 30.2440 | max_value: 255.0 in Epoch [268]
2022-07-24 01:21:28,257 INFO: Epoch: 269 | PSNR: 30.2440 | Loss: 5.4677 | lr: 2.50e-04 | Best_PSNR: 30.2440 | max_value: 255.0 in Epoch [269]
2022-07-24 01:22:14,606 INFO: Epoch: 270 | PSNR: 30.2446 | Loss: 5.4049 | lr: 2.50e-04 | Best_PSNR: 30.2446 | max_value: 255.0 in Epoch [270]
2022-07-24 01:22:59,608 INFO: Epoch: 271 | PSNR: 30.2448 | Loss: 5.4193 | lr: 2.50e-04 | Best_PSNR: 30.2448 | max_value: 255.0 in Epoch [271]
2022-07-24 01:23:45,557 INFO: Epoch: 272 | PSNR: 30.2449 | Loss: 5.4295 | lr: 2.50e-04 | Best_PSNR: 30.2449 | max_value: 255.0 in Epoch [272]
2022-07-24 01:24:33,724 INFO: Epoch: 273 | PSNR: 30.2447 | Loss: 5.4083 | lr: 2.50e-04 | Best_PSNR: 30.2449 | max_value: 255.0 in Epoch [272]
2022-07-24 01:25:21,153 INFO: Epoch: 274 | PSNR: 30.2452 | Loss: 5.4250 | lr: 2.50e-04 | Best_PSNR: 30.2452 | max_value: 255.0 in Epoch [274]
2022-07-24 01:26:06,797 INFO: Epoch: 275 | PSNR: 30.2459 | Loss: 5.4336 | lr: 2.50e-04 | Best_PSNR: 30.2459 | max_value: 255.0 in Epoch [275]
2022-07-24 01:26:54,243 INFO: Epoch: 276 | PSNR: 30.2452 | Loss: 5.4624 | lr: 2.50e-04 | Best_PSNR: 30.2459 | max_value: 255.0 in Epoch [275]
2022-07-24 01:27:42,915 INFO: Epoch: 277 | PSNR: 30.2454 | Loss: 5.4106 | lr: 2.50e-04 | Best_PSNR: 30.2459 | max_value: 255.0 in Epoch [275]
2022-07-24 01:28:30,088 INFO: Epoch: 278 | PSNR: 30.2456 | Loss: 5.4254 | lr: 2.50e-04 | Best_PSNR: 30.2459 | max_value: 255.0 in Epoch [275]
2022-07-24 01:29:14,337 INFO: Epoch: 279 | PSNR: 30.2451 | Loss: 5.4602 | lr: 2.50e-04 | Best_PSNR: 30.2459 | max_value: 255.0 in Epoch [275]
2022-07-24 01:29:59,049 INFO: Epoch: 280 | PSNR: 30.2459 | Loss: 5.4623 | lr: 2.50e-04 | Best_PSNR: 30.2459 | max_value: 255.0 in Epoch [280]
2022-07-24 01:30:43,705 INFO: Epoch: 281 | PSNR: 30.2450 | Loss: 5.4438 | lr: 2.50e-04 | Best_PSNR: 30.2459 | max_value: 255.0 in Epoch [280]
2022-07-24 01:31:27,436 INFO: Epoch: 282 | PSNR: 30.2452 | Loss: 5.4754 | lr: 2.50e-04 | Best_PSNR: 30.2459 | max_value: 255.0 in Epoch [280]
2022-07-24 01:32:11,497 INFO: Epoch: 283 | PSNR: 30.2460 | Loss: 5.4225 | lr: 2.50e-04 | Best_PSNR: 30.2460 | max_value: 255.0 in Epoch [283]
2022-07-24 01:32:56,054 INFO: Epoch: 284 | PSNR: 30.2453 | Loss: 5.4554 | lr: 2.50e-04 | Best_PSNR: 30.2460 | max_value: 255.0 in Epoch [283]
2022-07-24 01:33:40,599 INFO: Epoch: 285 | PSNR: 30.2457 | Loss: 5.4928 | lr: 2.50e-04 | Best_PSNR: 30.2460 | max_value: 255.0 in Epoch [283]
2022-07-24 01:34:28,819 INFO: Epoch: 286 | PSNR: 30.2456 | Loss: 5.4948 | lr: 2.50e-04 | Best_PSNR: 30.2460 | max_value: 255.0 in Epoch [283]
2022-07-24 01:35:15,320 INFO: Epoch: 287 | PSNR: 30.2451 | Loss: 5.4814 | lr: 2.50e-04 | Best_PSNR: 30.2460 | max_value: 255.0 in Epoch [283]
2022-07-24 01:36:03,271 INFO: Epoch: 288 | PSNR: 30.2456 | Loss: 5.4323 | lr: 2.50e-04 | Best_PSNR: 30.2460 | max_value: 255.0 in Epoch [283]
2022-07-24 01:36:49,782 INFO: Epoch: 289 | PSNR: 30.2456 | Loss: 5.4559 | lr: 2.50e-04 | Best_PSNR: 30.2460 | max_value: 255.0 in Epoch [283]
2022-07-24 01:37:35,192 INFO: Epoch: 290 | PSNR: 30.2463 | Loss: 5.4378 | lr: 2.50e-04 | Best_PSNR: 30.2463 | max_value: 255.0 in Epoch [290]
2022-07-24 01:38:22,639 INFO: Epoch: 291 | PSNR: 30.2464 | Loss: 5.4724 | lr: 2.50e-04 | Best_PSNR: 30.2464 | max_value: 255.0 in Epoch [291]
2022-07-24 01:39:12,402 INFO: Epoch: 292 | PSNR: 30.2462 | Loss: 5.4782 | lr: 2.50e-04 | Best_PSNR: 30.2464 | max_value: 255.0 in Epoch [291]
2022-07-24 01:39:55,321 INFO: Epoch: 293 | PSNR: 30.2459 | Loss: 5.4303 | lr: 2.50e-04 | Best_PSNR: 30.2464 | max_value: 255.0 in Epoch [291]
2022-07-24 01:40:41,177 INFO: Epoch: 294 | PSNR: 30.2467 | Loss: 5.4895 | lr: 2.50e-04 | Best_PSNR: 30.2467 | max_value: 255.0 in Epoch [294]
2022-07-24 01:41:26,891 INFO: Epoch: 295 | PSNR: 30.2465 | Loss: 5.4406 | lr: 2.50e-04 | Best_PSNR: 30.2467 | max_value: 255.0 in Epoch [294]
2022-07-24 01:42:12,795 INFO: Epoch: 296 | PSNR: 30.2464 | Loss: 5.4709 | lr: 2.50e-04 | Best_PSNR: 30.2467 | max_value: 255.0 in Epoch [294]
2022-07-24 01:43:01,528 INFO: Epoch: 297 | PSNR: 30.2468 | Loss: 5.4747 | lr: 2.50e-04 | Best_PSNR: 30.2468 | max_value: 255.0 in Epoch [297]
2022-07-24 01:43:47,783 INFO: Epoch: 298 | PSNR: 30.2474 | Loss: 5.4641 | lr: 2.50e-04 | Best_PSNR: 30.2474 | max_value: 255.0 in Epoch [298]
2022-07-24 01:44:33,683 INFO: Epoch: 299 | PSNR: 30.2479 | Loss: 5.4618 | lr: 2.50e-04 | Best_PSNR: 30.2479 | max_value: 255.0 in Epoch [299]
2022-07-24 01:45:21,082 INFO: Epoch: 300 | PSNR: 30.2476 | Loss: 5.4365 | lr: 2.50e-04 | Best_PSNR: 30.2479 | max_value: 255.0 in Epoch [299]
2022-07-24 01:46:04,268 INFO: Epoch: 301 | PSNR: 30.2477 | Loss: 5.4343 | lr: 2.50e-04 | Best_PSNR: 30.2479 | max_value: 255.0 in Epoch [299]
2022-07-24 01:46:47,164 INFO: Epoch: 302 | PSNR: 30.2473 | Loss: 5.4206 | lr: 2.50e-04 | Best_PSNR: 30.2479 | max_value: 255.0 in Epoch [299]
2022-07-24 01:47:32,325 INFO: Epoch: 303 | PSNR: 30.2472 | Loss: 5.3945 | lr: 2.50e-04 | Best_PSNR: 30.2479 | max_value: 255.0 in Epoch [299]
2022-07-24 01:48:20,722 INFO: Epoch: 304 | PSNR: 30.2471 | Loss: 5.4703 | lr: 2.50e-04 | Best_PSNR: 30.2479 | max_value: 255.0 in Epoch [299]
2022-07-24 01:49:12,328 INFO: Epoch: 305 | PSNR: 30.2471 | Loss: 5.4546 | lr: 2.50e-04 | Best_PSNR: 30.2479 | max_value: 255.0 in Epoch [299]
2022-07-24 01:49:58,678 INFO: Epoch: 306 | PSNR: 30.2477 | Loss: 5.4209 | lr: 2.50e-04 | Best_PSNR: 30.2479 | max_value: 255.0 in Epoch [299]
2022-07-24 01:50:46,544 INFO: Epoch: 307 | PSNR: 30.2471 | Loss: 5.4694 | lr: 2.50e-04 | Best_PSNR: 30.2479 | max_value: 255.0 in Epoch [299]
2022-07-24 01:51:30,917 INFO: Epoch: 308 | PSNR: 30.2477 | Loss: 5.4522 | lr: 2.50e-04 | Best_PSNR: 30.2479 | max_value: 255.0 in Epoch [299]
2022-07-24 01:52:16,385 INFO: Epoch: 309 | PSNR: 30.2479 | Loss: 5.4537 | lr: 2.50e-04 | Best_PSNR: 30.2479 | max_value: 255.0 in Epoch [309]
2022-07-24 01:53:05,198 INFO: Epoch: 310 | PSNR: 30.2478 | Loss: 5.4947 | lr: 2.50e-04 | Best_PSNR: 30.2479 | max_value: 255.0 in Epoch [309]
2022-07-24 01:53:50,389 INFO: Epoch: 311 | PSNR: 30.2470 | Loss: 5.4110 | lr: 2.50e-04 | Best_PSNR: 30.2479 | max_value: 255.0 in Epoch [309]
2022-07-24 01:54:35,857 INFO: Epoch: 312 | PSNR: 30.2469 | Loss: 5.4378 | lr: 2.50e-04 | Best_PSNR: 30.2479 | max_value: 255.0 in Epoch [309]
2022-07-24 01:55:21,093 INFO: Epoch: 313 | PSNR: 30.2475 | Loss: 5.4441 | lr: 2.50e-04 | Best_PSNR: 30.2479 | max_value: 255.0 in Epoch [309]
2022-07-24 01:56:07,781 INFO: Epoch: 314 | PSNR: 30.2477 | Loss: 5.4048 | lr: 2.50e-04 | Best_PSNR: 30.2479 | max_value: 255.0 in Epoch [309]
2022-07-24 01:56:53,158 INFO: Epoch: 315 | PSNR: 30.2483 | Loss: 5.4474 | lr: 2.50e-04 | Best_PSNR: 30.2483 | max_value: 255.0 in Epoch [315]
2022-07-24 01:57:41,738 INFO: Epoch: 316 | PSNR: 30.2485 | Loss: 5.4076 | lr: 2.50e-04 | Best_PSNR: 30.2485 | max_value: 255.0 in Epoch [316]
2022-07-24 01:58:28,835 INFO: Epoch: 317 | PSNR: 30.2484 | Loss: 5.4867 | lr: 2.50e-04 | Best_PSNR: 30.2485 | max_value: 255.0 in Epoch [316]
2022-07-24 01:59:13,511 INFO: Epoch: 318 | PSNR: 30.2482 | Loss: 5.4276 | lr: 2.50e-04 | Best_PSNR: 30.2485 | max_value: 255.0 in Epoch [316]
2022-07-24 01:59:58,448 INFO: Epoch: 319 | PSNR: 30.2484 | Loss: 5.4315 | lr: 2.50e-04 | Best_PSNR: 30.2485 | max_value: 255.0 in Epoch [316]
2022-07-24 02:00:46,692 INFO: Epoch: 320 | PSNR: 30.2484 | Loss: 5.4791 | lr: 2.50e-04 | Best_PSNR: 30.2485 | max_value: 255.0 in Epoch [316]
2022-07-24 02:01:33,470 INFO: Epoch: 321 | PSNR: 30.2485 | Loss: 5.4399 | lr: 2.50e-04 | Best_PSNR: 30.2485 | max_value: 255.0 in Epoch [316]
2022-07-24 02:02:22,156 INFO: Epoch: 322 | PSNR: 30.2484 | Loss: 5.4764 | lr: 2.50e-04 | Best_PSNR: 30.2485 | max_value: 255.0 in Epoch [316]
2022-07-24 02:03:08,119 INFO: Epoch: 323 | PSNR: 30.2481 | Loss: 5.4959 | lr: 2.50e-04 | Best_PSNR: 30.2485 | max_value: 255.0 in Epoch [316]
2022-07-24 02:03:54,138 INFO: Epoch: 324 | PSNR: 30.2473 | Loss: 5.4285 | lr: 2.50e-04 | Best_PSNR: 30.2485 | max_value: 255.0 in Epoch [316]
2022-07-24 02:04:39,887 INFO: Epoch: 325 | PSNR: 30.2485 | Loss: 5.4123 | lr: 2.50e-04 | Best_PSNR: 30.2485 | max_value: 255.0 in Epoch [316]
2022-07-24 02:05:26,687 INFO: Epoch: 326 | PSNR: 30.2481 | Loss: 5.4366 | lr: 2.50e-04 | Best_PSNR: 30.2485 | max_value: 255.0 in Epoch [316]
2022-07-24 02:06:13,445 INFO: Epoch: 327 | PSNR: 30.2489 | Loss: 5.4128 | lr: 2.50e-04 | Best_PSNR: 30.2489 | max_value: 255.0 in Epoch [327]
2022-07-24 02:06:59,807 INFO: Epoch: 328 | PSNR: 30.2491 | Loss: 5.4446 | lr: 2.50e-04 | Best_PSNR: 30.2491 | max_value: 255.0 in Epoch [328]
2022-07-24 02:07:45,353 INFO: Epoch: 329 | PSNR: 30.2491 | Loss: 5.4884 | lr: 2.50e-04 | Best_PSNR: 30.2491 | max_value: 255.0 in Epoch [329]
2022-07-24 02:08:36,791 INFO: Epoch: 330 | PSNR: 30.2498 | Loss: 5.4742 | lr: 2.50e-04 | Best_PSNR: 30.2498 | max_value: 255.0 in Epoch [330]
2022-07-24 02:09:30,598 INFO: Epoch: 331 | PSNR: 30.2495 | Loss: 5.4211 | lr: 2.50e-04 | Best_PSNR: 30.2498 | max_value: 255.0 in Epoch [330]
2022-07-24 02:10:17,273 INFO: Epoch: 332 | PSNR: 30.2501 | Loss: 5.4221 | lr: 2.50e-04 | Best_PSNR: 30.2501 | max_value: 255.0 in Epoch [332]
2022-07-24 02:11:02,497 INFO: Epoch: 333 | PSNR: 30.2496 | Loss: 5.4210 | lr: 2.50e-04 | Best_PSNR: 30.2501 | max_value: 255.0 in Epoch [332]
2022-07-24 02:11:46,326 INFO: Epoch: 334 | PSNR: 30.2496 | Loss: 5.4460 | lr: 2.50e-04 | Best_PSNR: 30.2501 | max_value: 255.0 in Epoch [332]
2022-07-24 02:12:31,113 INFO: Epoch: 335 | PSNR: 30.2489 | Loss: 5.4480 | lr: 2.50e-04 | Best_PSNR: 30.2501 | max_value: 255.0 in Epoch [332]
2022-07-24 02:13:15,214 INFO: Epoch: 336 | PSNR: 30.2493 | Loss: 5.4455 | lr: 2.50e-04 | Best_PSNR: 30.2501 | max_value: 255.0 in Epoch [332]
2022-07-24 02:13:59,567 INFO: Epoch: 337 | PSNR: 30.2500 | Loss: 5.4740 | lr: 2.50e-04 | Best_PSNR: 30.2501 | max_value: 255.0 in Epoch [332]
2022-07-24 02:14:45,442 INFO: Epoch: 338 | PSNR: 30.2495 | Loss: 5.4025 | lr: 2.50e-04 | Best_PSNR: 30.2501 | max_value: 255.0 in Epoch [332]
2022-07-24 02:15:30,076 INFO: Epoch: 339 | PSNR: 30.2491 | Loss: 5.4432 | lr: 2.50e-04 | Best_PSNR: 30.2501 | max_value: 255.0 in Epoch [332]
2022-07-24 02:16:24,747 INFO: Epoch: 340 | PSNR: 30.2500 | Loss: 5.4677 | lr: 2.50e-04 | Best_PSNR: 30.2501 | max_value: 255.0 in Epoch [332]
2022-07-24 02:17:13,366 INFO: Epoch: 341 | PSNR: 30.2494 | Loss: 5.4467 | lr: 2.50e-04 | Best_PSNR: 30.2501 | max_value: 255.0 in Epoch [332]
2022-07-24 02:17:59,580 INFO: Epoch: 342 | PSNR: 30.2485 | Loss: 5.4336 | lr: 2.50e-04 | Best_PSNR: 30.2501 | max_value: 255.0 in Epoch [332]
2022-07-24 02:18:45,689 INFO: Epoch: 343 | PSNR: 30.2492 | Loss: 5.4396 | lr: 2.50e-04 | Best_PSNR: 30.2501 | max_value: 255.0 in Epoch [332]
2022-07-24 02:19:31,879 INFO: Epoch: 344 | PSNR: 30.2498 | Loss: 5.3963 | lr: 2.50e-04 | Best_PSNR: 30.2501 | max_value: 255.0 in Epoch [332]
2022-07-24 02:20:23,010 INFO: Epoch: 345 | PSNR: 30.2503 | Loss: 5.4443 | lr: 2.50e-04 | Best_PSNR: 30.2503 | max_value: 255.0 in Epoch [345]
2022-07-24 02:21:10,346 INFO: Epoch: 346 | PSNR: 30.2502 | Loss: 5.4553 | lr: 2.50e-04 | Best_PSNR: 30.2503 | max_value: 255.0 in Epoch [345]
2022-07-24 02:21:56,131 INFO: Epoch: 347 | PSNR: 30.2504 | Loss: 5.4772 | lr: 2.50e-04 | Best_PSNR: 30.2504 | max_value: 255.0 in Epoch [347]
2022-07-24 02:22:40,862 INFO: Epoch: 348 | PSNR: 30.2498 | Loss: 5.4685 | lr: 2.50e-04 | Best_PSNR: 30.2504 | max_value: 255.0 in Epoch [347]
2022-07-24 02:23:23,577 INFO: Epoch: 349 | PSNR: 30.2504 | Loss: 5.3967 | lr: 2.50e-04 | Best_PSNR: 30.2504 | max_value: 255.0 in Epoch [349]
2022-07-24 02:24:08,615 INFO: Epoch: 350 | PSNR: 30.2504 | Loss: 5.4117 | lr: 2.50e-04 | Best_PSNR: 30.2504 | max_value: 255.0 in Epoch [349]
2022-07-24 02:24:53,247 INFO: Epoch: 351 | PSNR: 30.2499 | Loss: 5.4626 | lr: 2.50e-04 | Best_PSNR: 30.2504 | max_value: 255.0 in Epoch [349]
2022-07-24 02:25:36,256 INFO: Epoch: 352 | PSNR: 30.2500 | Loss: 5.4221 | lr: 2.50e-04 | Best_PSNR: 30.2504 | max_value: 255.0 in Epoch [349]
2022-07-24 02:26:22,475 INFO: Epoch: 353 | PSNR: 30.2499 | Loss: 5.4853 | lr: 2.50e-04 | Best_PSNR: 30.2504 | max_value: 255.0 in Epoch [349]
2022-07-24 02:27:12,129 INFO: Epoch: 354 | PSNR: 30.2501 | Loss: 5.3974 | lr: 2.50e-04 | Best_PSNR: 30.2504 | max_value: 255.0 in Epoch [349]
2022-07-24 02:28:00,632 INFO: Epoch: 355 | PSNR: 30.2496 | Loss: 5.4580 | lr: 2.50e-04 | Best_PSNR: 30.2504 | max_value: 255.0 in Epoch [349]
2022-07-24 02:28:45,660 INFO: Epoch: 356 | PSNR: 30.2504 | Loss: 5.4523 | lr: 2.50e-04 | Best_PSNR: 30.2504 | max_value: 255.0 in Epoch [349]
2022-07-24 02:29:30,573 INFO: Epoch: 357 | PSNR: 30.2505 | Loss: 5.4308 | lr: 2.50e-04 | Best_PSNR: 30.2505 | max_value: 255.0 in Epoch [357]
2022-07-24 02:30:14,966 INFO: Epoch: 358 | PSNR: 30.2508 | Loss: 5.4664 | lr: 2.50e-04 | Best_PSNR: 30.2508 | max_value: 255.0 in Epoch [358]
2022-07-24 02:30:59,469 INFO: Epoch: 359 | PSNR: 30.2498 | Loss: 5.4461 | lr: 2.50e-04 | Best_PSNR: 30.2508 | max_value: 255.0 in Epoch [358]
2022-07-24 02:31:46,384 INFO: Epoch: 360 | PSNR: 30.2503 | Loss: 5.3832 | lr: 2.50e-04 | Best_PSNR: 30.2508 | max_value: 255.0 in Epoch [358]
2022-07-24 02:32:36,398 INFO: Epoch: 361 | PSNR: 30.2512 | Loss: 5.4613 | lr: 1.25e-04 | Best_PSNR: 30.2512 | max_value: 255.0 in Epoch [361]
2022-07-24 02:33:20,135 INFO: Epoch: 362 | PSNR: 30.2512 | Loss: 5.4061 | lr: 1.25e-04 | Best_PSNR: 30.2512 | max_value: 255.0 in Epoch [362]
2022-07-24 02:34:03,475 INFO: Epoch: 363 | PSNR: 30.2519 | Loss: 5.4072 | lr: 1.25e-04 | Best_PSNR: 30.2519 | max_value: 255.0 in Epoch [363]
2022-07-24 02:34:55,145 INFO: Epoch: 364 | PSNR: 30.2519 | Loss: 5.4309 | lr: 1.25e-04 | Best_PSNR: 30.2519 | max_value: 255.0 in Epoch [364]
2022-07-24 02:35:47,424 INFO: Epoch: 365 | PSNR: 30.2523 | Loss: 5.4403 | lr: 1.25e-04 | Best_PSNR: 30.2523 | max_value: 255.0 in Epoch [365]
2022-07-24 02:36:35,051 INFO: Epoch: 366 | PSNR: 30.2525 | Loss: 5.4879 | lr: 1.25e-04 | Best_PSNR: 30.2525 | max_value: 255.0 in Epoch [366]
2022-07-24 02:37:21,360 INFO: Epoch: 367 | PSNR: 30.2532 | Loss: 5.4743 | lr: 1.25e-04 | Best_PSNR: 30.2532 | max_value: 255.0 in Epoch [367]
2022-07-24 02:38:07,179 INFO: Epoch: 368 | PSNR: 30.2533 | Loss: 5.4761 | lr: 1.25e-04 | Best_PSNR: 30.2533 | max_value: 255.0 in Epoch [368]
2022-07-24 02:38:51,891 INFO: Epoch: 369 | PSNR: 30.2534 | Loss: 5.3837 | lr: 1.25e-04 | Best_PSNR: 30.2534 | max_value: 255.0 in Epoch [369]
2022-07-24 02:39:35,805 INFO: Epoch: 370 | PSNR: 30.2531 | Loss: 5.4769 | lr: 1.25e-04 | Best_PSNR: 30.2534 | max_value: 255.0 in Epoch [369]
2022-07-24 02:40:21,394 INFO: Epoch: 371 | PSNR: 30.2529 | Loss: 5.4676 | lr: 1.25e-04 | Best_PSNR: 30.2534 | max_value: 255.0 in Epoch [369]
2022-07-24 02:41:08,242 INFO: Epoch: 372 | PSNR: 30.2530 | Loss: 5.4496 | lr: 1.25e-04 | Best_PSNR: 30.2534 | max_value: 255.0 in Epoch [369]
2022-07-24 02:41:55,060 INFO: Epoch: 373 | PSNR: 30.2539 | Loss: 5.4340 | lr: 1.25e-04 | Best_PSNR: 30.2539 | max_value: 255.0 in Epoch [373]
2022-07-24 02:42:41,003 INFO: Epoch: 374 | PSNR: 30.2543 | Loss: 5.4286 | lr: 1.25e-04 | Best_PSNR: 30.2543 | max_value: 255.0 in Epoch [374]
2022-07-24 02:43:27,565 INFO: Epoch: 375 | PSNR: 30.2539 | Loss: 5.4017 | lr: 1.25e-04 | Best_PSNR: 30.2543 | max_value: 255.0 in Epoch [374]
2022-07-24 02:44:12,525 INFO: Epoch: 376 | PSNR: 30.2535 | Loss: 5.4560 | lr: 1.25e-04 | Best_PSNR: 30.2543 | max_value: 255.0 in Epoch [374]
2022-07-24 02:44:57,490 INFO: Epoch: 377 | PSNR: 30.2540 | Loss: 5.4645 | lr: 1.25e-04 | Best_PSNR: 30.2543 | max_value: 255.0 in Epoch [374]
2022-07-24 02:45:42,194 INFO: Epoch: 378 | PSNR: 30.2537 | Loss: 5.4208 | lr: 1.25e-04 | Best_PSNR: 30.2543 | max_value: 255.0 in Epoch [374]
2022-07-24 02:46:28,601 INFO: Epoch: 379 | PSNR: 30.2538 | Loss: 5.4025 | lr: 1.25e-04 | Best_PSNR: 30.2543 | max_value: 255.0 in Epoch [374]
2022-07-24 02:47:13,600 INFO: Epoch: 380 | PSNR: 30.2543 | Loss: 5.4351 | lr: 1.25e-04 | Best_PSNR: 30.2543 | max_value: 255.0 in Epoch [380]
2022-07-24 02:47:58,379 INFO: Epoch: 381 | PSNR: 30.2538 | Loss: 5.4709 | lr: 1.25e-04 | Best_PSNR: 30.2543 | max_value: 255.0 in Epoch [380]
2022-07-24 02:48:43,703 INFO: Epoch: 382 | PSNR: 30.2539 | Loss: 5.4252 | lr: 1.25e-04 | Best_PSNR: 30.2543 | max_value: 255.0 in Epoch [380]
2022-07-24 02:49:27,772 INFO: Epoch: 383 | PSNR: 30.2537 | Loss: 5.4519 | lr: 1.25e-04 | Best_PSNR: 30.2543 | max_value: 255.0 in Epoch [380]
2022-07-24 02:50:14,925 INFO: Epoch: 384 | PSNR: 30.2534 | Loss: 5.4612 | lr: 1.25e-04 | Best_PSNR: 30.2543 | max_value: 255.0 in Epoch [380]
2022-07-24 02:51:02,108 INFO: Epoch: 385 | PSNR: 30.2536 | Loss: 5.4462 | lr: 1.25e-04 | Best_PSNR: 30.2543 | max_value: 255.0 in Epoch [380]
2022-07-24 02:51:48,902 INFO: Epoch: 386 | PSNR: 30.2537 | Loss: 5.3914 | lr: 1.25e-04 | Best_PSNR: 30.2543 | max_value: 255.0 in Epoch [380]
2022-07-24 02:52:35,369 INFO: Epoch: 387 | PSNR: 30.2540 | Loss: 5.4441 | lr: 1.25e-04 | Best_PSNR: 30.2543 | max_value: 255.0 in Epoch [380]
2022-07-24 02:53:20,338 INFO: Epoch: 388 | PSNR: 30.2549 | Loss: 5.4266 | lr: 1.25e-04 | Best_PSNR: 30.2549 | max_value: 255.0 in Epoch [388]
2022-07-24 02:54:05,524 INFO: Epoch: 389 | PSNR: 30.2547 | Loss: 5.4446 | lr: 1.25e-04 | Best_PSNR: 30.2549 | max_value: 255.0 in Epoch [388]
2022-07-24 02:54:51,706 INFO: Epoch: 390 | PSNR: 30.2544 | Loss: 5.4407 | lr: 1.25e-04 | Best_PSNR: 30.2549 | max_value: 255.0 in Epoch [388]
2022-07-24 02:55:37,449 INFO: Epoch: 391 | PSNR: 30.2543 | Loss: 5.4720 | lr: 1.25e-04 | Best_PSNR: 30.2549 | max_value: 255.0 in Epoch [388]
2022-07-24 02:56:25,947 INFO: Epoch: 392 | PSNR: 30.2549 | Loss: 5.4183 | lr: 1.25e-04 | Best_PSNR: 30.2549 | max_value: 255.0 in Epoch [392]
2022-07-24 02:57:11,804 INFO: Epoch: 393 | PSNR: 30.2545 | Loss: 5.4472 | lr: 1.25e-04 | Best_PSNR: 30.2549 | max_value: 255.0 in Epoch [392]
2022-07-24 02:58:01,861 INFO: Epoch: 394 | PSNR: 30.2548 | Loss: 5.4485 | lr: 1.25e-04 | Best_PSNR: 30.2549 | max_value: 255.0 in Epoch [392]
2022-07-24 02:58:55,183 INFO: Epoch: 395 | PSNR: 30.2552 | Loss: 5.4254 | lr: 1.25e-04 | Best_PSNR: 30.2552 | max_value: 255.0 in Epoch [395]
2022-07-24 02:59:42,159 INFO: Epoch: 396 | PSNR: 30.2548 | Loss: 5.4355 | lr: 1.25e-04 | Best_PSNR: 30.2552 | max_value: 255.0 in Epoch [395]
2022-07-24 03:00:27,626 INFO: Epoch: 397 | PSNR: 30.2544 | Loss: 5.4377 | lr: 1.25e-04 | Best_PSNR: 30.2552 | max_value: 255.0 in Epoch [395]
2022-07-24 03:01:12,837 INFO: Epoch: 398 | PSNR: 30.2548 | Loss: 5.3919 | lr: 1.25e-04 | Best_PSNR: 30.2552 | max_value: 255.0 in Epoch [395]
2022-07-24 03:01:59,371 INFO: Epoch: 399 | PSNR: 30.2551 | Loss: 5.4271 | lr: 1.25e-04 | Best_PSNR: 30.2552 | max_value: 255.0 in Epoch [395]
2022-07-24 03:02:43,847 INFO: Epoch: 400 | PSNR: 30.2548 | Loss: 5.3951 | lr: 1.25e-04 | Best_PSNR: 30.2552 | max_value: 255.0 in Epoch [395]
2022-07-24 03:03:29,437 INFO: Epoch: 401 | PSNR: 30.2551 | Loss: 5.4017 | lr: 1.25e-04 | Best_PSNR: 30.2552 | max_value: 255.0 in Epoch [395]
2022-07-24 03:04:20,027 INFO: Epoch: 402 | PSNR: 30.2553 | Loss: 5.4142 | lr: 1.25e-04 | Best_PSNR: 30.2553 | max_value: 255.0 in Epoch [402]
2022-07-24 03:05:08,313 INFO: Epoch: 403 | PSNR: 30.2547 | Loss: 5.4503 | lr: 1.25e-04 | Best_PSNR: 30.2553 | max_value: 255.0 in Epoch [402]
2022-07-24 03:05:54,127 INFO: Epoch: 404 | PSNR: 30.2556 | Loss: 5.4643 | lr: 1.25e-04 | Best_PSNR: 30.2556 | max_value: 255.0 in Epoch [404]
2022-07-24 03:06:40,420 INFO: Epoch: 405 | PSNR: 30.2555 | Loss: 5.4556 | lr: 1.25e-04 | Best_PSNR: 30.2556 | max_value: 255.0 in Epoch [404]
2022-07-24 03:07:27,565 INFO: Epoch: 406 | PSNR: 30.2553 | Loss: 5.4524 | lr: 1.25e-04 | Best_PSNR: 30.2556 | max_value: 255.0 in Epoch [404]
2022-07-24 03:08:13,506 INFO: Epoch: 407 | PSNR: 30.2546 | Loss: 5.4017 | lr: 1.25e-04 | Best_PSNR: 30.2556 | max_value: 255.0 in Epoch [404]
2022-07-24 03:09:00,093 INFO: Epoch: 408 | PSNR: 30.2551 | Loss: 5.4652 | lr: 1.25e-04 | Best_PSNR: 30.2556 | max_value: 255.0 in Epoch [404]
2022-07-24 03:09:46,382 INFO: Epoch: 409 | PSNR: 30.2550 | Loss: 5.4792 | lr: 1.25e-04 | Best_PSNR: 30.2556 | max_value: 255.0 in Epoch [404]
2022-07-24 03:10:32,986 INFO: Epoch: 410 | PSNR: 30.2551 | Loss: 5.4108 | lr: 1.25e-04 | Best_PSNR: 30.2556 | max_value: 255.0 in Epoch [404]
2022-07-24 03:11:19,372 INFO: Epoch: 411 | PSNR: 30.2549 | Loss: 5.4425 | lr: 1.25e-04 | Best_PSNR: 30.2556 | max_value: 255.0 in Epoch [404]
2022-07-24 03:12:02,639 INFO: Epoch: 412 | PSNR: 30.2550 | Loss: 5.3947 | lr: 1.25e-04 | Best_PSNR: 30.2556 | max_value: 255.0 in Epoch [404]
2022-07-24 03:12:47,667 INFO: Epoch: 413 | PSNR: 30.2556 | Loss: 5.4446 | lr: 1.25e-04 | Best_PSNR: 30.2556 | max_value: 255.0 in Epoch [404]
2022-07-24 03:13:35,714 INFO: Epoch: 414 | PSNR: 30.2552 | Loss: 5.4507 | lr: 1.25e-04 | Best_PSNR: 30.2556 | max_value: 255.0 in Epoch [404]
2022-07-24 03:14:21,386 INFO: Epoch: 415 | PSNR: 30.2541 | Loss: 5.4072 | lr: 1.25e-04 | Best_PSNR: 30.2556 | max_value: 255.0 in Epoch [404]
2022-07-24 03:15:09,542 INFO: Epoch: 416 | PSNR: 30.2544 | Loss: 5.4254 | lr: 1.25e-04 | Best_PSNR: 30.2556 | max_value: 255.0 in Epoch [404]
2022-07-24 03:15:54,406 INFO: Epoch: 417 | PSNR: 30.2545 | Loss: 5.4646 | lr: 1.25e-04 | Best_PSNR: 30.2556 | max_value: 255.0 in Epoch [404]
2022-07-24 03:16:43,938 INFO: Epoch: 418 | PSNR: 30.2552 | Loss: 5.4458 | lr: 1.25e-04 | Best_PSNR: 30.2556 | max_value: 255.0 in Epoch [404]
2022-07-24 03:17:31,593 INFO: Epoch: 419 | PSNR: 30.2549 | Loss: 5.4126 | lr: 1.25e-04 | Best_PSNR: 30.2556 | max_value: 255.0 in Epoch [404]
2022-07-24 03:18:16,745 INFO: Epoch: 420 | PSNR: 30.2544 | Loss: 5.4198 | lr: 1.25e-04 | Best_PSNR: 30.2556 | max_value: 255.0 in Epoch [404]
2022-07-24 03:19:00,624 INFO: Epoch: 421 | PSNR: 30.2553 | Loss: 5.4272 | lr: 1.25e-04 | Best_PSNR: 30.2556 | max_value: 255.0 in Epoch [404]
2022-07-24 03:19:45,434 INFO: Epoch: 422 | PSNR: 30.2555 | Loss: 5.4271 | lr: 1.25e-04 | Best_PSNR: 30.2556 | max_value: 255.0 in Epoch [404]
2022-07-24 03:20:30,817 INFO: Epoch: 423 | PSNR: 30.2552 | Loss: 5.4733 | lr: 1.25e-04 | Best_PSNR: 30.2556 | max_value: 255.0 in Epoch [404]
2022-07-24 03:21:20,297 INFO: Epoch: 424 | PSNR: 30.2553 | Loss: 5.4680 | lr: 1.25e-04 | Best_PSNR: 30.2556 | max_value: 255.0 in Epoch [404]
2022-07-24 03:22:04,625 INFO: Epoch: 425 | PSNR: 30.2558 | Loss: 5.3882 | lr: 1.25e-04 | Best_PSNR: 30.2558 | max_value: 255.0 in Epoch [425]
2022-07-24 03:22:50,182 INFO: Epoch: 426 | PSNR: 30.2562 | Loss: 5.4021 | lr: 1.25e-04 | Best_PSNR: 30.2562 | max_value: 255.0 in Epoch [426]
2022-07-24 03:23:35,471 INFO: Epoch: 427 | PSNR: 30.2556 | Loss: 5.4085 | lr: 1.25e-04 | Best_PSNR: 30.2562 | max_value: 255.0 in Epoch [426]
2022-07-24 03:24:21,985 INFO: Epoch: 428 | PSNR: 30.2558 | Loss: 5.4448 | lr: 1.25e-04 | Best_PSNR: 30.2562 | max_value: 255.0 in Epoch [426]
2022-07-24 03:25:14,417 INFO: Epoch: 429 | PSNR: 30.2563 | Loss: 5.4439 | lr: 1.25e-04 | Best_PSNR: 30.2563 | max_value: 255.0 in Epoch [429]
2022-07-24 03:26:01,597 INFO: Epoch: 430 | PSNR: 30.2557 | Loss: 5.4290 | lr: 1.25e-04 | Best_PSNR: 30.2563 | max_value: 255.0 in Epoch [429]
2022-07-24 03:26:46,303 INFO: Epoch: 431 | PSNR: 30.2556 | Loss: 5.4313 | lr: 1.25e-04 | Best_PSNR: 30.2563 | max_value: 255.0 in Epoch [429]
2022-07-24 03:27:30,146 INFO: Epoch: 432 | PSNR: 30.2559 | Loss: 5.3901 | lr: 1.25e-04 | Best_PSNR: 30.2563 | max_value: 255.0 in Epoch [429]
2022-07-24 03:28:15,910 INFO: Epoch: 433 | PSNR: 30.2561 | Loss: 5.4558 | lr: 1.25e-04 | Best_PSNR: 30.2563 | max_value: 255.0 in Epoch [429]
2022-07-24 03:29:02,635 INFO: Epoch: 434 | PSNR: 30.2566 | Loss: 5.4408 | lr: 1.25e-04 | Best_PSNR: 30.2566 | max_value: 255.0 in Epoch [434]
2022-07-24 03:29:47,908 INFO: Epoch: 435 | PSNR: 30.2563 | Loss: 5.4583 | lr: 1.25e-04 | Best_PSNR: 30.2566 | max_value: 255.0 in Epoch [434]
2022-07-24 03:30:31,374 INFO: Epoch: 436 | PSNR: 30.2562 | Loss: 5.4794 | lr: 1.25e-04 | Best_PSNR: 30.2566 | max_value: 255.0 in Epoch [434]
2022-07-24 03:31:20,939 INFO: Epoch: 437 | PSNR: 30.2563 | Loss: 5.4264 | lr: 1.25e-04 | Best_PSNR: 30.2566 | max_value: 255.0 in Epoch [434]
2022-07-24 03:32:05,684 INFO: Epoch: 438 | PSNR: 30.2561 | Loss: 5.4512 | lr: 1.25e-04 | Best_PSNR: 30.2566 | max_value: 255.0 in Epoch [434]
2022-07-24 03:32:51,511 INFO: Epoch: 439 | PSNR: 30.2562 | Loss: 5.4067 | lr: 1.25e-04 | Best_PSNR: 30.2566 | max_value: 255.0 in Epoch [434]
2022-07-24 03:33:35,613 INFO: Epoch: 440 | PSNR: 30.2564 | Loss: 5.4435 | lr: 1.25e-04 | Best_PSNR: 30.2566 | max_value: 255.0 in Epoch [434]
2022-07-24 03:34:20,137 INFO: Epoch: 441 | PSNR: 30.2568 | Loss: 5.4038 | lr: 1.25e-04 | Best_PSNR: 30.2568 | max_value: 255.0 in Epoch [441]
2022-07-24 03:35:06,396 INFO: Epoch: 442 | PSNR: 30.2568 | Loss: 5.4213 | lr: 1.25e-04 | Best_PSNR: 30.2568 | max_value: 255.0 in Epoch [441]
2022-07-24 03:35:52,522 INFO: Epoch: 443 | PSNR: 30.2566 | Loss: 5.4523 | lr: 1.25e-04 | Best_PSNR: 30.2568 | max_value: 255.0 in Epoch [441]
2022-07-24 03:36:38,651 INFO: Epoch: 444 | PSNR: 30.2569 | Loss: 5.4066 | lr: 1.25e-04 | Best_PSNR: 30.2569 | max_value: 255.0 in Epoch [444]
2022-07-24 03:37:23,236 INFO: Epoch: 445 | PSNR: 30.2566 | Loss: 5.4354 | lr: 1.25e-04 | Best_PSNR: 30.2569 | max_value: 255.0 in Epoch [444]
2022-07-24 03:38:06,130 INFO: Epoch: 446 | PSNR: 30.2563 | Loss: 5.4844 | lr: 1.25e-04 | Best_PSNR: 30.2569 | max_value: 255.0 in Epoch [444]
2022-07-24 03:38:48,838 INFO: Epoch: 447 | PSNR: 30.2563 | Loss: 5.4164 | lr: 1.25e-04 | Best_PSNR: 30.2569 | max_value: 255.0 in Epoch [444]
2022-07-24 03:39:35,687 INFO: Epoch: 448 | PSNR: 30.2562 | Loss: 5.4188 | lr: 1.25e-04 | Best_PSNR: 30.2569 | max_value: 255.0 in Epoch [444]
2022-07-24 03:40:20,651 INFO: Epoch: 449 | PSNR: 30.2560 | Loss: 5.3934 | lr: 1.25e-04 | Best_PSNR: 30.2569 | max_value: 255.0 in Epoch [444]
2022-07-24 03:41:07,333 INFO: Epoch: 450 | PSNR: 30.2567 | Loss: 5.4484 | lr: 1.25e-04 | Best_PSNR: 30.2569 | max_value: 255.0 in Epoch [444]
2022-07-24 03:41:57,197 INFO: Epoch: 451 | PSNR: 30.2570 | Loss: 5.4945 | lr: 1.25e-04 | Best_PSNR: 30.2570 | max_value: 255.0 in Epoch [451]
2022-07-24 03:42:42,952 INFO: Epoch: 452 | PSNR: 30.2566 | Loss: 5.4427 | lr: 1.25e-04 | Best_PSNR: 30.2570 | max_value: 255.0 in Epoch [451]
2022-07-24 03:43:29,171 INFO: Epoch: 453 | PSNR: 30.2570 | Loss: 5.4378 | lr: 1.25e-04 | Best_PSNR: 30.2570 | max_value: 255.0 in Epoch [451]
2022-07-24 03:44:14,380 INFO: Epoch: 454 | PSNR: 30.2566 | Loss: 5.4168 | lr: 1.25e-04 | Best_PSNR: 30.2570 | max_value: 255.0 in Epoch [451]
2022-07-24 03:45:01,918 INFO: Epoch: 455 | PSNR: 30.2568 | Loss: 5.4248 | lr: 1.25e-04 | Best_PSNR: 30.2570 | max_value: 255.0 in Epoch [451]
2022-07-24 03:45:52,494 INFO: Epoch: 456 | PSNR: 30.2571 | Loss: 5.4785 | lr: 1.25e-04 | Best_PSNR: 30.2571 | max_value: 255.0 in Epoch [456]
2022-07-24 03:46:39,709 INFO: Epoch: 457 | PSNR: 30.2571 | Loss: 5.4634 | lr: 1.25e-04 | Best_PSNR: 30.2571 | max_value: 255.0 in Epoch [456]
2022-07-24 03:47:27,245 INFO: Epoch: 458 | PSNR: 30.2573 | Loss: 5.4527 | lr: 1.25e-04 | Best_PSNR: 30.2573 | max_value: 255.0 in Epoch [458]
2022-07-24 03:48:15,882 INFO: Epoch: 459 | PSNR: 30.2573 | Loss: 5.4177 | lr: 1.25e-04 | Best_PSNR: 30.2573 | max_value: 255.0 in Epoch [458]
2022-07-24 03:49:03,218 INFO: Epoch: 460 | PSNR: 30.2573 | Loss: 5.3629 | lr: 1.25e-04 | Best_PSNR: 30.2573 | max_value: 255.0 in Epoch [458]
2022-07-24 03:49:49,637 INFO: Epoch: 461 | PSNR: 30.2564 | Loss: 5.4400 | lr: 1.25e-04 | Best_PSNR: 30.2573 | max_value: 255.0 in Epoch [458]
2022-07-24 03:50:34,456 INFO: Epoch: 462 | PSNR: 30.2566 | Loss: 5.4313 | lr: 1.25e-04 | Best_PSNR: 30.2573 | max_value: 255.0 in Epoch [458]
2022-07-24 03:51:23,579 INFO: Epoch: 463 | PSNR: 30.2570 | Loss: 5.4173 | lr: 1.25e-04 | Best_PSNR: 30.2573 | max_value: 255.0 in Epoch [458]
2022-07-24 03:52:11,803 INFO: Epoch: 464 | PSNR: 30.2570 | Loss: 5.4063 | lr: 1.25e-04 | Best_PSNR: 30.2573 | max_value: 255.0 in Epoch [458]
2022-07-24 03:52:56,360 INFO: Epoch: 465 | PSNR: 30.2570 | Loss: 5.4130 | lr: 1.25e-04 | Best_PSNR: 30.2573 | max_value: 255.0 in Epoch [458]
2022-07-24 03:53:42,779 INFO: Epoch: 466 | PSNR: 30.2567 | Loss: 5.4204 | lr: 1.25e-04 | Best_PSNR: 30.2573 | max_value: 255.0 in Epoch [458]
2022-07-24 03:54:26,118 INFO: Epoch: 467 | PSNR: 30.2569 | Loss: 5.4105 | lr: 1.25e-04 | Best_PSNR: 30.2573 | max_value: 255.0 in Epoch [458]
2022-07-24 03:55:09,174 INFO: Epoch: 468 | PSNR: 30.2567 | Loss: 5.4443 | lr: 1.25e-04 | Best_PSNR: 30.2573 | max_value: 255.0 in Epoch [458]
2022-07-24 03:55:54,272 INFO: Epoch: 469 | PSNR: 30.2559 | Loss: 5.4816 | lr: 1.25e-04 | Best_PSNR: 30.2573 | max_value: 255.0 in Epoch [458]
2022-07-24 03:56:35,496 INFO: Epoch: 470 | PSNR: 30.2560 | Loss: 5.4714 | lr: 1.25e-04 | Best_PSNR: 30.2573 | max_value: 255.0 in Epoch [458]
2022-07-24 03:57:19,254 INFO: Epoch: 471 | PSNR: 30.2563 | Loss: 5.4509 | lr: 1.25e-04 | Best_PSNR: 30.2573 | max_value: 255.0 in Epoch [458]
2022-07-24 03:58:05,786 INFO: Epoch: 472 | PSNR: 30.2563 | Loss: 5.4499 | lr: 1.25e-04 | Best_PSNR: 30.2573 | max_value: 255.0 in Epoch [458]
2022-07-24 03:58:49,053 INFO: Epoch: 473 | PSNR: 30.2569 | Loss: 5.4449 | lr: 1.25e-04 | Best_PSNR: 30.2573 | max_value: 255.0 in Epoch [458]
2022-07-24 03:59:33,622 INFO: Epoch: 474 | PSNR: 30.2566 | Loss: 5.5060 | lr: 1.25e-04 | Best_PSNR: 30.2573 | max_value: 255.0 in Epoch [458]
2022-07-24 04:00:16,777 INFO: Epoch: 475 | PSNR: 30.2564 | Loss: 5.4718 | lr: 1.25e-04 | Best_PSNR: 30.2573 | max_value: 255.0 in Epoch [458]
2022-07-24 04:01:03,286 INFO: Epoch: 476 | PSNR: 30.2564 | Loss: 5.4473 | lr: 1.25e-04 | Best_PSNR: 30.2573 | max_value: 255.0 in Epoch [458]
2022-07-24 04:01:50,763 INFO: Epoch: 477 | PSNR: 30.2566 | Loss: 5.4660 | lr: 1.25e-04 | Best_PSNR: 30.2573 | max_value: 255.0 in Epoch [458]
2022-07-24 04:02:34,989 INFO: Epoch: 478 | PSNR: 30.2564 | Loss: 5.4976 | lr: 1.25e-04 | Best_PSNR: 30.2573 | max_value: 255.0 in Epoch [458]
2022-07-24 04:03:20,373 INFO: Epoch: 479 | PSNR: 30.2560 | Loss: 5.4484 | lr: 1.25e-04 | Best_PSNR: 30.2573 | max_value: 255.0 in Epoch [458]
2022-07-24 04:04:04,276 INFO: Epoch: 480 | PSNR: 30.2561 | Loss: 5.4534 | lr: 1.25e-04 | Best_PSNR: 30.2573 | max_value: 255.0 in Epoch [458]
2022-07-24 04:04:47,920 INFO: Epoch: 481 | PSNR: 30.2567 | Loss: 5.4433 | lr: 6.25e-05 | Best_PSNR: 30.2573 | max_value: 255.0 in Epoch [458]
2022-07-24 04:05:30,837 INFO: Epoch: 482 | PSNR: 30.2573 | Loss: 5.4123 | lr: 6.25e-05 | Best_PSNR: 30.2573 | max_value: 255.0 in Epoch [458]
2022-07-24 04:06:17,983 INFO: Epoch: 483 | PSNR: 30.2579 | Loss: 5.4312 | lr: 6.25e-05 | Best_PSNR: 30.2579 | max_value: 255.0 in Epoch [483]
2022-07-24 04:07:05,971 INFO: Epoch: 484 | PSNR: 30.2582 | Loss: 5.4476 | lr: 6.25e-05 | Best_PSNR: 30.2582 | max_value: 255.0 in Epoch [484]
2022-07-24 04:07:52,317 INFO: Epoch: 485 | PSNR: 30.2581 | Loss: 5.4251 | lr: 6.25e-05 | Best_PSNR: 30.2582 | max_value: 255.0 in Epoch [484]
2022-07-24 04:08:41,349 INFO: Epoch: 486 | PSNR: 30.2578 | Loss: 5.4164 | lr: 6.25e-05 | Best_PSNR: 30.2582 | max_value: 255.0 in Epoch [484]
2022-07-24 04:09:27,270 INFO: Epoch: 487 | PSNR: 30.2578 | Loss: 5.4210 | lr: 6.25e-05 | Best_PSNR: 30.2582 | max_value: 255.0 in Epoch [484]
2022-07-24 04:10:11,106 INFO: Epoch: 488 | PSNR: 30.2578 | Loss: 5.4684 | lr: 6.25e-05 | Best_PSNR: 30.2582 | max_value: 255.0 in Epoch [484]
2022-07-24 04:10:54,879 INFO: Epoch: 489 | PSNR: 30.2577 | Loss: 5.4138 | lr: 6.25e-05 | Best_PSNR: 30.2582 | max_value: 255.0 in Epoch [484]
2022-07-24 04:11:44,281 INFO: Epoch: 490 | PSNR: 30.2581 | Loss: 5.3976 | lr: 6.25e-05 | Best_PSNR: 30.2582 | max_value: 255.0 in Epoch [484]
2022-07-24 04:12:30,642 INFO: Epoch: 491 | PSNR: 30.2582 | Loss: 5.4222 | lr: 6.25e-05 | Best_PSNR: 30.2582 | max_value: 255.0 in Epoch [491]
2022-07-24 04:13:17,174 INFO: Epoch: 492 | PSNR: 30.2583 | Loss: 5.4305 | lr: 6.25e-05 | Best_PSNR: 30.2583 | max_value: 255.0 in Epoch [492]
2022-07-24 04:14:01,390 INFO: Epoch: 493 | PSNR: 30.2582 | Loss: 5.4768 | lr: 6.25e-05 | Best_PSNR: 30.2583 | max_value: 255.0 in Epoch [492]
2022-07-24 04:14:45,694 INFO: Epoch: 494 | PSNR: 30.2585 | Loss: 5.4719 | lr: 6.25e-05 | Best_PSNR: 30.2585 | max_value: 255.0 in Epoch [494]
2022-07-24 04:15:29,392 INFO: Epoch: 495 | PSNR: 30.2584 | Loss: 5.4982 | lr: 6.25e-05 | Best_PSNR: 30.2585 | max_value: 255.0 in Epoch [494]
2022-07-24 04:16:13,017 INFO: Epoch: 496 | PSNR: 30.2581 | Loss: 5.4309 | lr: 6.25e-05 | Best_PSNR: 30.2585 | max_value: 255.0 in Epoch [494]
2022-07-24 04:16:56,657 INFO: Epoch: 497 | PSNR: 30.2585 | Loss: 5.4188 | lr: 6.25e-05 | Best_PSNR: 30.2585 | max_value: 255.0 in Epoch [497]
2022-07-24 04:17:39,349 INFO: Epoch: 498 | PSNR: 30.2585 | Loss: 5.4382 | lr: 6.25e-05 | Best_PSNR: 30.2585 | max_value: 255.0 in Epoch [497]
2022-07-24 04:18:22,520 INFO: Epoch: 499 | PSNR: 30.2590 | Loss: 5.3648 | lr: 6.25e-05 | Best_PSNR: 30.2590 | max_value: 255.0 in Epoch [499]
2022-07-24 04:19:05,054 INFO: Epoch: 500 | PSNR: 30.2589 | Loss: 5.4156 | lr: 6.25e-05 | Best_PSNR: 30.2590 | max_value: 255.0 in Epoch [499]
2022-07-24 04:19:47,430 INFO: Epoch: 501 | PSNR: 30.2584 | Loss: 5.4267 | lr: 6.25e-05 | Best_PSNR: 30.2590 | max_value: 255.0 in Epoch [499]
2022-07-24 04:20:31,987 INFO: Epoch: 502 | PSNR: 30.2584 | Loss: 5.4227 | lr: 6.25e-05 | Best_PSNR: 30.2590 | max_value: 255.0 in Epoch [499]
2022-07-24 04:21:15,690 INFO: Epoch: 503 | PSNR: 30.2585 | Loss: 5.3837 | lr: 6.25e-05 | Best_PSNR: 30.2590 | max_value: 255.0 in Epoch [499]
2022-07-24 04:21:59,470 INFO: Epoch: 504 | PSNR: 30.2584 | Loss: 5.3668 | lr: 6.25e-05 | Best_PSNR: 30.2590 | max_value: 255.0 in Epoch [499]
2022-07-24 04:22:43,746 INFO: Epoch: 505 | PSNR: 30.2586 | Loss: 5.4368 | lr: 6.25e-05 | Best_PSNR: 30.2590 | max_value: 255.0 in Epoch [499]
2022-07-24 04:23:29,309 INFO: Epoch: 506 | PSNR: 30.2585 | Loss: 5.4035 | lr: 6.25e-05 | Best_PSNR: 30.2590 | max_value: 255.0 in Epoch [499]
2022-07-24 04:24:13,164 INFO: Epoch: 507 | PSNR: 30.2585 | Loss: 5.4960 | lr: 6.25e-05 | Best_PSNR: 30.2590 | max_value: 255.0 in Epoch [499]
2022-07-24 04:24:57,084 INFO: Epoch: 508 | PSNR: 30.2583 | Loss: 5.4268 | lr: 6.25e-05 | Best_PSNR: 30.2590 | max_value: 255.0 in Epoch [499]
2022-07-24 04:25:44,797 INFO: Epoch: 509 | PSNR: 30.2585 | Loss: 5.3983 | lr: 6.25e-05 | Best_PSNR: 30.2590 | max_value: 255.0 in Epoch [499]
2022-07-24 04:26:28,240 INFO: Epoch: 510 | PSNR: 30.2587 | Loss: 5.4182 | lr: 6.25e-05 | Best_PSNR: 30.2590 | max_value: 255.0 in Epoch [499]
2022-07-24 04:27:13,038 INFO: Epoch: 511 | PSNR: 30.2584 | Loss: 5.4413 | lr: 6.25e-05 | Best_PSNR: 30.2590 | max_value: 255.0 in Epoch [499]
2022-07-24 04:27:58,961 INFO: Epoch: 512 | PSNR: 30.2582 | Loss: 5.4487 | lr: 6.25e-05 | Best_PSNR: 30.2590 | max_value: 255.0 in Epoch [499]
2022-07-24 04:28:47,222 INFO: Epoch: 513 | PSNR: 30.2586 | Loss: 5.3807 | lr: 6.25e-05 | Best_PSNR: 30.2590 | max_value: 255.0 in Epoch [499]
2022-07-24 04:29:34,990 INFO: Epoch: 514 | PSNR: 30.2587 | Loss: 5.4188 | lr: 6.25e-05 | Best_PSNR: 30.2590 | max_value: 255.0 in Epoch [499]
2022-07-24 04:30:21,215 INFO: Epoch: 515 | PSNR: 30.2586 | Loss: 5.4645 | lr: 6.25e-05 | Best_PSNR: 30.2590 | max_value: 255.0 in Epoch [499]
2022-07-24 04:31:05,217 INFO: Epoch: 516 | PSNR: 30.2584 | Loss: 5.4569 | lr: 6.25e-05 | Best_PSNR: 30.2590 | max_value: 255.0 in Epoch [499]
2022-07-24 04:31:50,562 INFO: Epoch: 517 | PSNR: 30.2588 | Loss: 5.3809 | lr: 6.25e-05 | Best_PSNR: 30.2590 | max_value: 255.0 in Epoch [499]
2022-07-24 04:32:36,692 INFO: Epoch: 518 | PSNR: 30.2590 | Loss: 5.4047 | lr: 6.25e-05 | Best_PSNR: 30.2590 | max_value: 255.0 in Epoch [518]
2022-07-24 04:33:25,349 INFO: Epoch: 519 | PSNR: 30.2584 | Loss: 5.4604 | lr: 6.25e-05 | Best_PSNR: 30.2590 | max_value: 255.0 in Epoch [518]
2022-07-24 04:34:13,021 INFO: Epoch: 520 | PSNR: 30.2585 | Loss: 5.3877 | lr: 6.25e-05 | Best_PSNR: 30.2590 | max_value: 255.0 in Epoch [518]
2022-07-24 04:34:56,546 INFO: Epoch: 521 | PSNR: 30.2588 | Loss: 5.4111 | lr: 6.25e-05 | Best_PSNR: 30.2590 | max_value: 255.0 in Epoch [518]
2022-07-24 04:35:40,417 INFO: Epoch: 522 | PSNR: 30.2582 | Loss: 5.4539 | lr: 6.25e-05 | Best_PSNR: 30.2590 | max_value: 255.0 in Epoch [518]
2022-07-24 04:36:25,911 INFO: Epoch: 523 | PSNR: 30.2590 | Loss: 5.4432 | lr: 6.25e-05 | Best_PSNR: 30.2590 | max_value: 255.0 in Epoch [518]
2022-07-24 04:37:11,360 INFO: Epoch: 524 | PSNR: 30.2590 | Loss: 5.4218 | lr: 6.25e-05 | Best_PSNR: 30.2590 | max_value: 255.0 in Epoch [518]
2022-07-24 04:37:57,218 INFO: Epoch: 525 | PSNR: 30.2588 | Loss: 5.4274 | lr: 6.25e-05 | Best_PSNR: 30.2590 | max_value: 255.0 in Epoch [518]
2022-07-24 04:38:43,933 INFO: Epoch: 526 | PSNR: 30.2590 | Loss: 5.4288 | lr: 6.25e-05 | Best_PSNR: 30.2590 | max_value: 255.0 in Epoch [518]
2022-07-24 04:39:31,106 INFO: Epoch: 527 | PSNR: 30.2585 | Loss: 5.3956 | lr: 6.25e-05 | Best_PSNR: 30.2590 | max_value: 255.0 in Epoch [518]
2022-07-24 04:40:15,316 INFO: Epoch: 528 | PSNR: 30.2585 | Loss: 5.4438 | lr: 6.25e-05 | Best_PSNR: 30.2590 | max_value: 255.0 in Epoch [518]
2022-07-24 04:41:00,614 INFO: Epoch: 529 | PSNR: 30.2588 | Loss: 5.4076 | lr: 6.25e-05 | Best_PSNR: 30.2590 | max_value: 255.0 in Epoch [518]
2022-07-24 04:41:44,014 INFO: Epoch: 530 | PSNR: 30.2588 | Loss: 5.3983 | lr: 6.25e-05 | Best_PSNR: 30.2590 | max_value: 255.0 in Epoch [518]
2022-07-24 04:42:30,282 INFO: Epoch: 531 | PSNR: 30.2594 | Loss: 5.4327 | lr: 6.25e-05 | Best_PSNR: 30.2594 | max_value: 255.0 in Epoch [531]
2022-07-24 04:43:18,863 INFO: Epoch: 532 | PSNR: 30.2595 | Loss: 5.4115 | lr: 6.25e-05 | Best_PSNR: 30.2595 | max_value: 255.0 in Epoch [532]
2022-07-24 04:44:05,834 INFO: Epoch: 533 | PSNR: 30.2596 | Loss: 5.4067 | lr: 6.25e-05 | Best_PSNR: 30.2596 | max_value: 255.0 in Epoch [533]
2022-07-24 04:44:51,583 INFO: Epoch: 534 | PSNR: 30.2599 | Loss: 5.4503 | lr: 6.25e-05 | Best_PSNR: 30.2599 | max_value: 255.0 in Epoch [534]
2022-07-24 04:45:35,938 INFO: Epoch: 535 | PSNR: 30.2600 | Loss: 5.4148 | lr: 6.25e-05 | Best_PSNR: 30.2600 | max_value: 255.0 in Epoch [535]
2022-07-24 04:46:20,915 INFO: Epoch: 536 | PSNR: 30.2601 | Loss: 5.4481 | lr: 6.25e-05 | Best_PSNR: 30.2601 | max_value: 255.0 in Epoch [536]
2022-07-24 04:47:04,352 INFO: Epoch: 537 | PSNR: 30.2599 | Loss: 5.4417 | lr: 6.25e-05 | Best_PSNR: 30.2601 | max_value: 255.0 in Epoch [536]
2022-07-24 04:47:49,218 INFO: Epoch: 538 | PSNR: 30.2602 | Loss: 5.4528 | lr: 6.25e-05 | Best_PSNR: 30.2602 | max_value: 255.0 in Epoch [538]
2022-07-24 04:48:34,450 INFO: Epoch: 539 | PSNR: 30.2601 | Loss: 5.4497 | lr: 6.25e-05 | Best_PSNR: 30.2602 | max_value: 255.0 in Epoch [538]
2022-07-24 04:49:21,040 INFO: Epoch: 540 | PSNR: 30.2595 | Loss: 5.4087 | lr: 6.25e-05 | Best_PSNR: 30.2602 | max_value: 255.0 in Epoch [538]
2022-07-24 04:50:05,451 INFO: Epoch: 541 | PSNR: 30.2601 | Loss: 5.4428 | lr: 6.25e-05 | Best_PSNR: 30.2602 | max_value: 255.0 in Epoch [538]
2022-07-24 04:50:47,723 INFO: Epoch: 542 | PSNR: 30.2598 | Loss: 5.4750 | lr: 6.25e-05 | Best_PSNR: 30.2602 | max_value: 255.0 in Epoch [538]
2022-07-24 04:51:31,083 INFO: Epoch: 543 | PSNR: 30.2598 | Loss: 5.3966 | lr: 6.25e-05 | Best_PSNR: 30.2602 | max_value: 255.0 in Epoch [538]
2022-07-24 04:52:15,834 INFO: Epoch: 544 | PSNR: 30.2600 | Loss: 5.3689 | lr: 6.25e-05 | Best_PSNR: 30.2602 | max_value: 255.0 in Epoch [538]
2022-07-24 04:53:03,053 INFO: Epoch: 545 | PSNR: 30.2595 | Loss: 5.4532 | lr: 6.25e-05 | Best_PSNR: 30.2602 | max_value: 255.0 in Epoch [538]
2022-07-24 04:53:49,877 INFO: Epoch: 546 | PSNR: 30.2591 | Loss: 5.4177 | lr: 6.25e-05 | Best_PSNR: 30.2602 | max_value: 255.0 in Epoch [538]
2022-07-24 04:54:36,824 INFO: Epoch: 547 | PSNR: 30.2594 | Loss: 5.4461 | lr: 6.25e-05 | Best_PSNR: 30.2602 | max_value: 255.0 in Epoch [538]
2022-07-24 04:55:22,922 INFO: Epoch: 548 | PSNR: 30.2597 | Loss: 5.4389 | lr: 6.25e-05 | Best_PSNR: 30.2602 | max_value: 255.0 in Epoch [538]
2022-07-24 04:56:08,605 INFO: Epoch: 549 | PSNR: 30.2601 | Loss: 5.4054 | lr: 6.25e-05 | Best_PSNR: 30.2602 | max_value: 255.0 in Epoch [538]
2022-07-24 04:56:52,387 INFO: Epoch: 550 | PSNR: 30.2600 | Loss: 5.4124 | lr: 6.25e-05 | Best_PSNR: 30.2602 | max_value: 255.0 in Epoch [538]
2022-07-24 04:57:38,364 INFO: Epoch: 551 | PSNR: 30.2600 | Loss: 5.4353 | lr: 6.25e-05 | Best_PSNR: 30.2602 | max_value: 255.0 in Epoch [538]
2022-07-24 04:58:22,776 INFO: Epoch: 552 | PSNR: 30.2599 | Loss: 5.4497 | lr: 6.25e-05 | Best_PSNR: 30.2602 | max_value: 255.0 in Epoch [538]
2022-07-24 04:59:06,676 INFO: Epoch: 553 | PSNR: 30.2595 | Loss: 5.4124 | lr: 6.25e-05 | Best_PSNR: 30.2602 | max_value: 255.0 in Epoch [538]
2022-07-24 04:59:51,996 INFO: Epoch: 554 | PSNR: 30.2597 | Loss: 5.4602 | lr: 6.25e-05 | Best_PSNR: 30.2602 | max_value: 255.0 in Epoch [538]
2022-07-24 05:00:40,050 INFO: Epoch: 555 | PSNR: 30.2593 | Loss: 5.4567 | lr: 6.25e-05 | Best_PSNR: 30.2602 | max_value: 255.0 in Epoch [538]
2022-07-24 05:01:25,388 INFO: Epoch: 556 | PSNR: 30.2596 | Loss: 5.4369 | lr: 6.25e-05 | Best_PSNR: 30.2602 | max_value: 255.0 in Epoch [538]
2022-07-24 05:02:10,635 INFO: Epoch: 557 | PSNR: 30.2592 | Loss: 5.4148 | lr: 6.25e-05 | Best_PSNR: 30.2602 | max_value: 255.0 in Epoch [538]
2022-07-24 05:02:56,209 INFO: Epoch: 558 | PSNR: 30.2596 | Loss: 5.4113 | lr: 6.25e-05 | Best_PSNR: 30.2602 | max_value: 255.0 in Epoch [538]
2022-07-24 05:03:42,483 INFO: Epoch: 559 | PSNR: 30.2603 | Loss: 5.4585 | lr: 6.25e-05 | Best_PSNR: 30.2603 | max_value: 255.0 in Epoch [559]
2022-07-24 05:04:28,070 INFO: Epoch: 560 | PSNR: 30.2601 | Loss: 5.4742 | lr: 6.25e-05 | Best_PSNR: 30.2603 | max_value: 255.0 in Epoch [559]
2022-07-24 05:05:13,756 INFO: Epoch: 561 | PSNR: 30.2604 | Loss: 5.4104 | lr: 6.25e-05 | Best_PSNR: 30.2604 | max_value: 255.0 in Epoch [561]
2022-07-24 05:05:59,162 INFO: Epoch: 562 | PSNR: 30.2603 | Loss: 5.4514 | lr: 6.25e-05 | Best_PSNR: 30.2604 | max_value: 255.0 in Epoch [561]
2022-07-24 05:06:45,127 INFO: Epoch: 563 | PSNR: 30.2601 | Loss: 5.4500 | lr: 6.25e-05 | Best_PSNR: 30.2604 | max_value: 255.0 in Epoch [561]
2022-07-24 05:07:37,574 INFO: Epoch: 564 | PSNR: 30.2605 | Loss: 5.3896 | lr: 6.25e-05 | Best_PSNR: 30.2605 | max_value: 255.0 in Epoch [564]
2022-07-24 05:08:24,029 INFO: Epoch: 565 | PSNR: 30.2599 | Loss: 5.4693 | lr: 6.25e-05 | Best_PSNR: 30.2605 | max_value: 255.0 in Epoch [564]
2022-07-24 05:09:08,491 INFO: Epoch: 566 | PSNR: 30.2599 | Loss: 5.3775 | lr: 6.25e-05 | Best_PSNR: 30.2605 | max_value: 255.0 in Epoch [564]
2022-07-24 05:09:53,478 INFO: Epoch: 567 | PSNR: 30.2601 | Loss: 5.4585 | lr: 6.25e-05 | Best_PSNR: 30.2605 | max_value: 255.0 in Epoch [564]
2022-07-24 05:10:38,128 INFO: Epoch: 568 | PSNR: 30.2599 | Loss: 5.4238 | lr: 6.25e-05 | Best_PSNR: 30.2605 | max_value: 255.0 in Epoch [564]
2022-07-24 05:11:23,041 INFO: Epoch: 569 | PSNR: 30.2599 | Loss: 5.4268 | lr: 6.25e-05 | Best_PSNR: 30.2605 | max_value: 255.0 in Epoch [564]
2022-07-24 05:12:08,643 INFO: Epoch: 570 | PSNR: 30.2597 | Loss: 5.3944 | lr: 6.25e-05 | Best_PSNR: 30.2605 | max_value: 255.0 in Epoch [564]
2022-07-24 05:12:53,613 INFO: Epoch: 571 | PSNR: 30.2600 | Loss: 5.4290 | lr: 6.25e-05 | Best_PSNR: 30.2605 | max_value: 255.0 in Epoch [564]
2022-07-24 05:13:38,102 INFO: Epoch: 572 | PSNR: 30.2602 | Loss: 5.4210 | lr: 6.25e-05 | Best_PSNR: 30.2605 | max_value: 255.0 in Epoch [564]
2022-07-24 05:14:19,771 INFO: Epoch: 573 | PSNR: 30.2602 | Loss: 5.4141 | lr: 6.25e-05 | Best_PSNR: 30.2605 | max_value: 255.0 in Epoch [564]
2022-07-24 05:15:02,117 INFO: Epoch: 574 | PSNR: 30.2602 | Loss: 5.4023 | lr: 6.25e-05 | Best_PSNR: 30.2605 | max_value: 255.0 in Epoch [564]
2022-07-24 05:15:46,732 INFO: Epoch: 575 | PSNR: 30.2595 | Loss: 5.3952 | lr: 6.25e-05 | Best_PSNR: 30.2605 | max_value: 255.0 in Epoch [564]
2022-07-24 05:16:28,652 INFO: Epoch: 576 | PSNR: 30.2598 | Loss: 5.4265 | lr: 6.25e-05 | Best_PSNR: 30.2605 | max_value: 255.0 in Epoch [564]
2022-07-24 05:17:11,725 INFO: Epoch: 577 | PSNR: 30.2598 | Loss: 5.4482 | lr: 6.25e-05 | Best_PSNR: 30.2605 | max_value: 255.0 in Epoch [564]
2022-07-24 05:17:54,060 INFO: Epoch: 578 | PSNR: 30.2599 | Loss: 5.4101 | lr: 6.25e-05 | Best_PSNR: 30.2605 | max_value: 255.0 in Epoch [564]
2022-07-24 05:18:37,246 INFO: Epoch: 579 | PSNR: 30.2598 | Loss: 5.4449 | lr: 6.25e-05 | Best_PSNR: 30.2605 | max_value: 255.0 in Epoch [564]
2022-07-24 05:19:20,819 INFO: Epoch: 580 | PSNR: 30.2595 | Loss: 5.4027 | lr: 6.25e-05 | Best_PSNR: 30.2605 | max_value: 255.0 in Epoch [564]
2022-07-24 05:20:04,477 INFO: Epoch: 581 | PSNR: 30.2596 | Loss: 5.4520 | lr: 6.25e-05 | Best_PSNR: 30.2605 | max_value: 255.0 in Epoch [564]
2022-07-24 05:20:47,031 INFO: Epoch: 582 | PSNR: 30.2595 | Loss: 5.4335 | lr: 6.25e-05 | Best_PSNR: 30.2605 | max_value: 255.0 in Epoch [564]
2022-07-24 05:21:29,269 INFO: Epoch: 583 | PSNR: 30.2600 | Loss: 5.4415 | lr: 6.25e-05 | Best_PSNR: 30.2605 | max_value: 255.0 in Epoch [564]
2022-07-24 05:22:13,634 INFO: Epoch: 584 | PSNR: 30.2601 | Loss: 5.4099 | lr: 6.25e-05 | Best_PSNR: 30.2605 | max_value: 255.0 in Epoch [564]
2022-07-24 05:22:57,879 INFO: Epoch: 585 | PSNR: 30.2602 | Loss: 5.4602 | lr: 6.25e-05 | Best_PSNR: 30.2605 | max_value: 255.0 in Epoch [564]
2022-07-24 05:23:42,372 INFO: Epoch: 586 | PSNR: 30.2604 | Loss: 5.4124 | lr: 6.25e-05 | Best_PSNR: 30.2605 | max_value: 255.0 in Epoch [564]
2022-07-24 05:24:26,552 INFO: Epoch: 587 | PSNR: 30.2608 | Loss: 5.4514 | lr: 6.25e-05 | Best_PSNR: 30.2608 | max_value: 255.0 in Epoch [587]
2022-07-24 05:25:10,707 INFO: Epoch: 588 | PSNR: 30.2606 | Loss: 5.4615 | lr: 6.25e-05 | Best_PSNR: 30.2608 | max_value: 255.0 in Epoch [587]
2022-07-24 05:25:55,027 INFO: Epoch: 589 | PSNR: 30.2604 | Loss: 5.4267 | lr: 6.25e-05 | Best_PSNR: 30.2608 | max_value: 255.0 in Epoch [587]
2022-07-24 05:26:40,194 INFO: Epoch: 590 | PSNR: 30.2602 | Loss: 5.4678 | lr: 6.25e-05 | Best_PSNR: 30.2608 | max_value: 255.0 in Epoch [587]
2022-07-24 05:27:24,294 INFO: Epoch: 591 | PSNR: 30.2603 | Loss: 5.4099 | lr: 6.25e-05 | Best_PSNR: 30.2608 | max_value: 255.0 in Epoch [587]
2022-07-24 05:28:07,717 INFO: Epoch: 592 | PSNR: 30.2603 | Loss: 5.4458 | lr: 6.25e-05 | Best_PSNR: 30.2608 | max_value: 255.0 in Epoch [587]
2022-07-24 05:28:49,258 INFO: Epoch: 593 | PSNR: 30.2599 | Loss: 5.4621 | lr: 6.25e-05 | Best_PSNR: 30.2608 | max_value: 255.0 in Epoch [587]
2022-07-24 05:29:31,051 INFO: Epoch: 594 | PSNR: 30.2601 | Loss: 5.4354 | lr: 6.25e-05 | Best_PSNR: 30.2608 | max_value: 255.0 in Epoch [587]
2022-07-24 05:30:12,697 INFO: Epoch: 595 | PSNR: 30.2600 | Loss: 5.4339 | lr: 6.25e-05 | Best_PSNR: 30.2608 | max_value: 255.0 in Epoch [587]
2022-07-24 05:30:55,313 INFO: Epoch: 596 | PSNR: 30.2602 | Loss: 5.3598 | lr: 6.25e-05 | Best_PSNR: 30.2608 | max_value: 255.0 in Epoch [587]
2022-07-24 05:31:41,266 INFO: Epoch: 597 | PSNR: 30.2601 | Loss: 5.4462 | lr: 6.25e-05 | Best_PSNR: 30.2608 | max_value: 255.0 in Epoch [587]
2022-07-24 05:32:21,265 INFO: Epoch: 598 | PSNR: 30.2599 | Loss: 5.4589 | lr: 6.25e-05 | Best_PSNR: 30.2608 | max_value: 255.0 in Epoch [587]
2022-07-24 05:33:02,602 INFO: Epoch: 599 | PSNR: 30.2596 | Loss: 5.4209 | lr: 6.25e-05 | Best_PSNR: 30.2608 | max_value: 255.0 in Epoch [587]
2022-07-24 05:33:44,122 INFO: Epoch: 600 | PSNR: 30.2603 | Loss: 5.4104 | lr: 6.25e-05 | Best_PSNR: 30.2608 | max_value: 255.0 in Epoch [587]
